3 sequence; length of alignment 108
alifold output
   33    52  0 100.0%   0.000 GC:2    GU:1   
   66    95  0 100.0%   0.000 GC:3   
   67    94  0 100.0%   0.000 CG:3   
   68    93  0 100.0%   0.000 CG:3   
   70    91  0 100.0%   0.000 GC:3   
   71    90  0 100.0%   0.000 CG:3   
   65    96  0 100.0%   0.000 GC:3   
   69    92  0 100.0%   0.000 CG:3   
    5    24  0 100.0%   0.000 GC:3   
   64    97  0 100.0%   0.000 CG:3   
   32    53  0 100.0%   0.001 GC:3   
   72    89  0 100.0%   0.001 GC:3   
   34    51  0 100.0%   0.001 CG:3   
    4    25  0 100.0%   0.001 GC:3   
   63    98  0  99.9%   0.004 AU:3   
    6    23  0  99.8%   0.007 CG:3   
    7    22  0  99.4%   0.019 CG:3   
   62    99  0  99.0%   0.030 GC:3   
   35    50  0  97.7%   0.081 CG:1    AU:2   
   73    88  0  98.3%   0.059 CG:3   
   31    54  0  97.9%   0.143 CG:3   
   30    55  0  95.8%   0.335 CG:3   
   29    56  0  92.8%   0.512 CG:3   
    3    26  0  89.9%   0.404 AU:3   
    9    20  0  51.2%   1.762 CG:3   
   10    19  0  42.9%   1.140 GU:3   
   75    87  0  40.4%   1.387 CG:3    +
    9    18  0  40.0%   1.107 CG:3    +
    8    20  0  38.2%   1.111 CG:3    +
   75    85  0  14.4%   0.837 CG:3    +
   77    85  0  11.7%   1.031 CG:3    +
   78    85  0   7.6%   1.119 CG:3    +
   27    57  0   7.4%   0.764 GU:3    +
   36    48  1   7.6%   0.590 CG:2    +
    1    27  0   6.8%   0.550 CG:3    +
   28    56  0   6.2%   0.519 CG:3    +
   27    58  0   4.5%   0.795 GU:3    +
   11    19  0   4.3%   0.768 AU:3    +
   12    18  0   4.2%   0.838 UG:3    +
   29    55  0   4.2%   0.397 CG:3    +
    2    26  0   3.5%   0.353 AU:3    +
   79    85  0   3.2%   1.057 CG:3    +
   41    48  0   2.3%   0.547 CG:3    +
   30    54  0   2.1%   0.242 CG:3    +
   27    60  0   2.1%   0.755 GC:3    +
   78    87  0   1.8%   0.841 CG:3    +
   39    48  0   1.7%   0.405 UG:2    --:1    +
   77    87  0   1.3%   0.793 CG:3    +
   37    50  0   0.2%   0.103 CG:1    AU:2    +
   80    85  0   1.2%   0.997 CG:3    +
   38    49  0   1.2%   0.202 AU:2    --:1    +
   10    16  0   1.1%   0.152 GC:3    +
   10    21  0   0.1%   0.432 GC:1    GU:2    +
   27    61  0   0.1%   0.611 GC:1    GU:2    +
   27   102  0   0.0%   0.609 GC:1    GU:2    +
   27   107  0   0.0%   0.609 GC:1    GU:2    +
   62   102  0   0.0%   0.056 GC:1    GU:2    +
   54   102  0   0.0%   0.104 GC:1    GU:2    +
   56    61  0   0.0%   0.248 GC:1    GU:2    +
   56   107  0   0.0%   0.246 GC:1    GU:2    +
   56   102  0   0.0%   0.246 GC:1    GU:2    +
    4   102  0   0.0%   0.003 GC:1    GU:2    +
   55   102  0   0.0%   0.176 GC:1    GU:2    +
   62   107  0   0.0%   0.027 GC:1    GU:2    +
   54    61  0   0.0%   0.107 GC:1    GU:2    +
   32    52  0   0.0%   0.000 GC:2    GU:1    +
   26    59  0   1.0%   0.349 UA:3    +
   12    17  1   1.5%   0.186 UA:2    +
   13    19  0   0.9%   0.622 AU:3    +
   77    88  0   0.8%   0.445 CG:3    +
   12    20  0   0.8%   1.023 UG:3    +
   14    18  0   0.8%   0.620 UG:3    +
   79    87  0   0.5%   0.689 CG:3    +
    8    22  0   0.4%   0.452 CG:3    +
   80    87  0   0.3%   0.635 CG:3    +
   42    48  0   0.3%   0.428 CG:3    +
   37    49  1   0.7%   0.119 AU:2    +
   78    88  0   0.2%   0.368 CG:3    +
    7    23  0   0.2%   0.049 CG:3    +
   62   100  0   0.2%   0.052 GC:3    +
   43    48  0   0.2%   0.431 CG:3    +
   11    21  1   0.7%   0.241 AU:2    +
   79    88  0   0.1%   0.237 CG:3    +
   73    87  0   0.1%   0.028 CG:3    +
   81    85  0   0.1%   0.917 CG:3    +
   81    87  0   0.1%   0.580 CG:3    +
   82    87  0   0.1%   0.579 CG:3    +
    8    18  0   0.1%   0.022 CG:3    +
   75    88  0   0.1%   0.675 CG:3    +
   81    88  0   0.1%   0.117 CG:3    +
   80    88  0   0.1%   0.167 CG:3    +
   27   101  0   0.0%   0.610 GC:3    +
   16    20  0   0.0%   0.810 CG:3    +
    2   106  0   0.0%   0.131 AU:3    +
   83    87  0   0.0%   0.570 CG:3    +
   44    48  0   0.0%   0.413 CG:3    +
   14    20  0   0.0%   0.794 UG:3    +
    9    22  0   0.0%   0.745 CG:3    +
   27   100  0   0.0%   0.606 GC:3    +
   15    19  0   0.0%   0.544 AU:3    +
    2   105  0   0.0%   0.127 AU:3    +
   59   102  1   0.5%   0.130 AU:2    +
   62   101  0   0.0%   0.031 GC:3    +
   82    88  0   0.0%   0.103 CG:3    +
   59   105  0   0.0%   0.091 AU:3    +
    8    23  0   0.0%   0.418 CG:3    +
   56   105  0   0.0%   0.248 GU:3    +
    2    58  0   0.0%   0.120 AU:3    +
    3   105  0   0.0%   0.100 AU:3    +
    2   108  0   0.0%   0.129 AU:2    --:1    +
    3   106  0   0.0%   0.101 AU:3    +
   56   100  0   0.0%   0.246 GC:3    +
    7    20  0   0.0%   0.001 CG:3    +
   59   106  0   0.0%   0.090 AU:3    +
    6    27  0   0.0%   0.187 CG:3    +
    5    28  0   0.0%   0.001 GC:3    +
   10    14  0   0.0%   0.001 GU:3    +
    2    57  0   0.0%   0.119 AU:3    +
    1    62  0   0.0%   0.184 CG:3    +
   55   101  0   0.0%   0.177 GC:3    +
    4    29  0   0.0%   0.002 GC:3    +
   38    50  0   0.0%   0.090 AU:2    --:1    +
  104   108  0   0.0%   0.028 AU:2    --:1    +
   27   106  0   0.0%   0.610 GU:3    +
   47    54  0   0.0%   0.102 CG:3    +
   46    55  0   0.0%   0.174 CG:3    +
   45    56  0   0.0%   0.243 CG:3    +
   27   105  0   0.0%   0.609 GU:3    +
   48    53  0   0.0%   0.409 GC:3    +
    4   101  0   0.0%   0.002 GC:3    +
   30    56  0   0.0%   0.364 CG:3    +
   62    98  0   0.0%   0.001 GU:3    +
   56   106  0   0.0%   0.248 GU:3    +
   28    62  0   0.0%   0.174 CG:3    +
    3    57  0   0.0%   0.096 AU:3    +
   73    85  0   0.0%   0.000 CG:3    +
   83    88  0   0.0%   0.095 CG:3    +
    5   100  0   0.0%   0.001 GC:3    +
   56   101  0   0.0%   0.246 GC:3    +
    4    26  0   0.0%   0.214 GU:3    +
   31    55  0   0.0%   0.194 CG:3    +
    6    22  0   0.0%   0.000 CG:3    +
   27    34  0   0.0%   0.184 GC:3    +
   28    33  0   0.0%   0.001 CG:3    +
    5    25  0   0.0%   0.001 GC:3    +
   27   108  0   0.0%   0.608 GU:2    --:1    +
    3    58  0   0.0%   0.097 AU:3    +
    3   108  0   0.0%   0.098 AU:2    --:1    +
    1    56  0   0.0%   0.184 CG:3    +
    9    23  0   0.0%   0.728 CG:3    +
   32    43  0   0.0%   0.000 GC:3    +
   33    42  0   0.0%   0.000 GC:3    +
   14    22  0   0.0%   0.072 UG:3    +
   59   108  0   0.0%   0.087 AU:2    --:1    +
   57    62  0   0.0%   0.194 UG:3    +
   12    22  0   0.0%   0.267 UG:3    +
   55    60  0   0.0%   0.253 GC:3    +
   32    47  0   0.0%   0.000 GC:3    +
    4    60  0   0.0%   0.001 GC:3    +
   31    48  0   0.0%   0.000 CG:3    +
   33    46  0   0.0%   0.000 GC:3    +
   32    42  0   0.0%   0.000 GC:3    +
   33    41  0   0.0%   0.000 GC:3    +
   28    55  0   0.0%   0.001 CG:3    +
    4    24  0   0.0%   0.000 GC:3    +
   16    22  0   0.0%   0.085 CG:3    +
    4   100  0   0.0%   0.001 GC:3    +
   16    27  0   0.0%   0.237 CG:3    +
   18    25  0   0.0%   0.546 GC:3    +
   29    54  0   0.0%   0.000 CG:3    +
   58    62  0   0.0%   0.141 UG:3    +
    4    28  0   0.0%   0.001 GC:3    +
   75    90  0   0.0%   0.650 CG:3    +
   34    48  0   0.0%   0.000 CG:3    +
   73    90  0   0.0%   0.026 CG:3    +
   27    99  0   0.0%   0.601 GC:3    +
   55   106  0   0.0%   0.177 GU:3    +
   32    44  0   0.0%   0.000 GC:3    +
   33    43  0   0.0%   0.000 GC:3    +
   72    91  0   0.0%   0.000 GC:3    +
   40    48  1   0.4%   0.337 CG:2    +
   57   104  1   0.2%   0.234 UA:2    +
   35    49  1   0.2%   0.035 AU:2    +
   59   103  1   0.2%   0.109 AU:2    +
   58   104  1   0.2%   0.186 UA:2    +
   15    21  1   0.0%   0.050 AU:2    +
   61   104  1   0.0%   0.036 UA:2    +
   13    21  1   0.0%   0.087 AU:2    +
   36    51  1   0.0%   0.202 CG:2    +
    2   103  1   0.0%   0.125 AU:2    +
    2   102  1   0.0%   0.123 AU:2    +
    2   107  1   0.0%   0.129 AU:2    +
    2    61  1   0.0%   0.120 AU:2    +
    3   102  1   0.0%   0.098 AU:2    +
   27   103  1   0.0%   0.608 GU:2    +
    3   103  1   0.0%   0.098 AU:2    +
    3   107  1   0.0%   0.099 AU:2    +
    3    61  1   0.0%   0.096 AU:2    +
   56   103  1   0.0%   0.245 GU:2    +
   59   107  1   0.0%   0.088 AU:2    +
   62   103  1   0.0%   0.039 GU:2    +
   17    21  1   0.0%   0.106 AU:2    +
   26   104  1   0.0%   0.259 UA:2    +
   17    26  1   0.0%   0.275 AU:2    +
..(((((.((........)).)))))..(((((((..............))))))).....((((((((((((..............)))))))))))).........
