3 sequence; length of alignment 51
alifold output
   23    40  0  97.4%   0.114 CG:3   
   22    41  0  97.3%   0.188 GC:3   
   27    36  0  97.3%   0.088 CG:3   
   28    35  0  96.7%   0.111 UG:3   
   24    39  0  95.6%   0.200 GC:3   
   29    34  0  95.2%   0.218 CG:3   
   19    45  0  94.1%   0.324 UA:3   
   20    44  0  93.9%   0.419 CG:3   
    2     9  0  93.6%   0.186 CG:3   
    1    10  0  93.5%   0.189 GC:3   
   26    37  0  88.3%   0.410 GU:3   
    3     8  0  87.1%   0.361 AU:3   
   18    46  0  79.8%   0.641 GU:3   
   17    47  0  79.6%   0.574 GC:3   
   16    48  0  79.1%   0.586 GC:3   
   17    48  0  12.6%   1.180 GC:3    +
   16    49  0  12.6%   1.008 GC:3    +
   18    47  0  12.6%   1.245 GC:3    +
   12    50  0   8.8%   0.887 GC:3    +
   11    51  0   7.2%   0.581 AU:3    +
   16    50  0   6.0%   1.186 GC:3    +
   17    49  0   5.8%   1.242 GC:3    +
   18    48  0   5.5%   1.470 GC:3    +
   15    51  0   5.0%   0.678 AU:3    +
    1    13  0   4.2%   0.465 GC:3    +
    2    12  0   4.2%   0.464 CG:3    +
    4    10  0   2.6%   0.350 GC:3    +
   20    43  0   2.3%   0.358 CG:3    +
   20    31  0   1.8%   0.219 CG:3    +
   19    32  0   1.8%   0.220 UA:3    +
   18    33  0   1.8%   0.221 GC:3    +
   21    30  0   1.8%   0.220 AU:3    +
   22    29  0   1.8%   0.215 GC:3    +
   13    38  0   1.7%   0.353 CG:3    +
   12    39  0   1.7%   0.347 GC:3    +
   14    37  0   1.7%   0.211 AU:3    +
   19    44  0   1.6%   0.285 UG:3    +
   43    49  0   1.1%   0.726 GC:3    +
   42    50  0   1.1%   0.629 GC:3    +
   44    48  0   1.0%   0.921 GC:3    +
    9    41  0   0.8%   0.175 GC:3    +
   10    40  0   0.7%   0.297 CG:3    +
   27    38  0   0.7%   0.214 CG:3    +
   26    39  0   0.7%   0.332 GC:3    +
   23    42  0   0.7%   0.171 CG:3    +
   24    41  0   0.7%   0.212 GC:3    +
   29    36  0   0.7%   0.272 CG:3    +
   30    35  0   0.7%   0.248 UG:3    +
    5    47  0   0.5%   0.110 GC:3    +
    5    10  0   0.5%   0.240 GC:3    +
    4    48  0   0.5%   0.181 GC:3    +
    6    46  0   0.5%   0.078 AU:3    +
    8    42  0   0.4%   0.195 UG:3    +
   12    49  0   0.4%   0.287 GC:3    +
   29    35  0   0.3%   0.217 CG:3    +
   14    51  0   0.3%   0.335 AU:3    +
    4    50  0   0.3%   0.181 GC:3    +
    5    49  0   0.3%   0.109 GC:3    +
   30    34  0   0.3%   0.177 UG:3    +
    3    51  0   0.2%   0.163 AU:3    +
   20    42  0   0.2%   0.139 CG:3    +
   19    43  0   0.2%   0.112 UG:3    +
   25    37  0   0.1%   0.099 AU:3    +
   43    50  0   0.1%   0.629 GC:3    +
   44    49  0   0.1%   0.729 GC:3    +
   42    51  0   0.1%   0.525 GU:3    +
   27    35  0   0.1%   0.021 CG:3    +
   28    34  0   0.1%   0.018 UG:3    +
   39    44  0   0.1%   0.294 CG:3    +
   36    47  0   0.1%   0.552 GC:3    +
   35    48  0   0.1%   0.744 GC:3    +
   34    49  0   0.1%   0.553 GC:3    +
   12    51  0   0.1%   0.657 GU:3    +
   10    42  0   0.1%   0.259 CG:3    +
    8    44  0   0.1%   0.160 UG:3    +
   28    36  0   0.1%   0.079 UG:3    +
    4    13  0   0.0%   0.240 GC:3    +
   43    48  0   0.0%   0.752 GC:3    +
   42    49  0   0.0%   0.558 GC:3    +
    1    50  0   0.0%   0.203 GC:3    +
    9    13  0   0.0%   0.204 GC:3    +
    4    49  0   0.0%   0.132 GC:3    +
    5    48  0   0.0%   0.087 GC:3    +
   40    50  0   0.0%   0.469 GC:3    +
    8    14  0   0.0%   0.125 UA:3    +
   17    50  0   0.0%   1.014 GC:3    +
   18    49  0   0.0%   1.144 GC:3    +
   16    51  0   0.0%   0.995 GU:3    +
    8    45  0   0.0%   0.155 UA:3    +
   16    29  0   0.0%   0.003 GC:3    +
   18    27  0   0.0%   0.004 GC:3    +
   17    28  0   0.0%   0.003 GU:3    +
   37    45  0   0.0%   0.251 UA:3    +
   35    47  0   0.0%   0.564 GC:3    +
   36    46  0   0.0%   0.275 GU:3    +
   34    48  0   0.0%   0.707 GC:3    +
   19    26  0   0.0%   0.003 UG:3    +
   15    30  0   0.0%   0.003 AU:3    +
    7    46  0   0.0%   0.029 AU:3    +
    8    43  0   0.0%   0.150 UG:3    +
   24    28  0   0.0%   0.004 GU:3    +
   10    43  0   0.0%   0.230 CG:3    +
   42    48  0   0.0%   0.719 GC:3    +
    4     8  0   0.0%   0.122 GU:3    +
   43    47  0   0.0%   0.579 GC:3    +
   39    43  0   0.0%   0.251 CG:3    +
   13    18  0   0.0%   0.141 CG:3    +
    8    15  0   0.0%   0.124 UA:3    +
   10    38  0   0.0%   0.187 CG:3    +
    9    39  0   0.0%   0.065 GC:3    +
   12    19  0   0.0%   0.135 GU:3    +
   11    37  0   0.0%   0.001 AU:3    +
   12    33  0   0.0%   0.136 GC:3    +
    1    49  0   0.0%   0.199 GC:3    +
   16    47  0   0.0%   0.030 GC:3    +
   40    51  0   0.0%   0.443 GU:3    +
    5    13  0   0.0%   0.166 GC:3    +
   27    34  0   0.0%   0.002 CG:3    +
   17    46  0   0.0%   0.029 GU:3    +
   13    36  0   0.0%   0.142 CG:3    +
   34    50  0   0.0%   0.478 GC:3    +
   12    41  0   0.0%   0.244 GC:3    +
   13    31  0   0.0%   0.141 CG:3    +
   13    40  0   0.0%   0.249 CG:3    +
    1    41  0   0.0%   0.198 GC:3    +
    2    40  0   0.0%   0.197 CG:3    +
   13    35  0   0.0%   0.141 CG:3    +
   35    49  0   0.0%   0.571 GC:3    +
    4    47  0   0.0%   0.100 GC:3    +
    8    40  0   0.0%   0.124 UG:3    +
   36    48  0   0.0%   0.713 GC:3    +
    5    46  0   0.0%   0.029 GU:3    +
   12    37  0   0.0%   0.136 GU:3    +
   34    39  0   0.0%   0.219 GC:3    +
   14    30  0   0.0%   0.002 AU:3    +
   33    40  0   0.0%   0.137 CG:3    +
   31    41  0   0.0%   0.172 GC:3    +
    1    51  0   0.0%   0.200 GU:3    +
   24    29  0   0.0%   0.074 GC:3    +
   30    42  0   0.0%   0.200 UG:3    +
   29    43  0   0.0%   0.273 CG:3    +
   22    27  0   0.0%   0.002 GC:3    +
   20    24  0   0.0%   0.001 CG:3    +
   23    38  0   0.0%   0.072 CG:3    +
   22    39  0   0.0%   0.143 GC:3    +
   40    49  0   0.0%   0.536 GC:3    +
   23    43  0   0.0%   0.161 CG:3    +
   24    47  0   0.0%   0.549 GC:3    +
   15    37  0   0.0%   0.072 AU:3    +
   21    46  0   0.0%   0.280 AU:3    +
   19    25  0   0.0%   0.001 UA:3    +
   25    46  0   0.0%   0.217 AU:3    +
   42    47  0   0.0%   0.552 GC:3    +
   12    48  0   0.0%   0.235 GC:3    +
   13    22  0   0.0%   0.140 CG:3    +
   12    23  0   0.0%   0.135 GC:3    +
    2    31  0   0.0%   0.196 CG:3    +
    3    30  0   0.0%   0.121 AU:3    +
    4    29  0   0.0%   0.100 GC:3    +
    5    50  0   0.0%   0.092 GC:3    +
   29    38  0   0.0%   0.280 CG:3    +
   38    47  0   0.0%   0.584 GC:3    +
   10    26  0   0.0%   0.186 CG:3    +
    9    27  0   0.0%   0.064 GC:3    +
    5    28  0   0.0%   0.028 GU:3    +
    4    51  0   0.0%   0.160 GU:3    +
   44    50  0   0.0%   0.649 GC:3    +
   28    44  0   0.0%   0.172 UG:3    +
   27    40  0   0.0%   0.134 CG:3    +
   26    41  0   0.0%   0.245 GC:3    +
   17    27  0   0.0%   0.000 GC:3    +
   21    28  0   0.0%   0.001 AU:3    +
   38    46  0   0.0%   0.316 GU:3    +
    1    33  0   0.0%   0.197 GC:3    +
   43    51  0   0.0%   0.545 GU:3    +
   16    28  0   0.0%   0.000 GU:3    +
   17    33  0   0.0%   0.002 GC:3    +
    4    46  0   0.0%   0.100 GU:3    +
   12    20  0   0.0%   0.135 GC:3    +
   30    36  0   0.0%   0.189 UG:3    +
   13    26  0   0.0%   0.140 CG:3    +
   12    27  0   0.0%   0.135 GC:3    +
   16    23  0   0.0%   0.000 GC:3    +
    9    49  0   0.0%   0.120 GC:3    +
    9    50  0   0.0%   0.119 GC:3    +
   20    26  0   0.0%   0.001 CG:3    +
   19    42  0   0.0%   0.103 UG:3    +
   11    28  0   0.0%   0.000 AU:3    +
   27    44  0   0.0%   0.199 CG:3    +
   10    16  0   0.0%   0.186 CG:3    +
    1     8  0   0.0%   0.000 GU:3    +
   13    17  0   0.0%   0.139 CG:3    +
    9    23  0   0.0%   0.063 GC:3    +
   10    22  0   0.0%   0.186 CG:3    +
   16    37  0   0.0%   0.072 GU:3    +
    8    18  0   0.0%   0.123 UG:3    +
    2    38  0   0.0%   0.196 CG:3    +
    1    39  0   0.0%   0.197 GC:3    +
    3    46  0   0.0%   0.120 AU:3    +
   23    44  0   0.0%   0.189 CG:3    +
    8    24  0   0.0%   0.123 UG:3    +
   10    34  0   0.0%   0.186 CG:3    +
    3    37  0   0.0%   0.120 AU:3    +
    8    36  0   0.0%   0.123 UG:3    +
    1    48  0   0.0%   0.198 GC:3    +
    5    41  0   0.0%   0.028 GC:3    +
   24    37  0   0.0%   0.072 GU:3    +
    5    27  0   0.0%   0.028 GC:3    +
    8    12  0   0.0%   0.255 UG:3    +
    7    37  0   0.0%   0.000 AU:3    +
    7    19  0   0.0%   0.000 AU:3    +
    5    20  0   0.0%   0.028 GC:3    +
   11    19  0   0.0%   0.000 AU:3    +
   22    28  0   0.0%   0.002 GU:3    +
    5    29  0   0.0%   0.028 GC:3    +
    6    28  0   0.0%   0.000 AU:3    +
   28    43  0   0.0%   0.144 UG:3    +
   29    42  0   0.0%   0.249 CG:3    +
   32    51  0   0.0%   0.450 AU:3    +
   10    31  0   0.0%   0.186 CG:3    +
   11    30  0   0.0%   0.000 AU:3    +
    4    30  0   0.0%   0.100 GU:3    +
   16    20  0   0.0%   0.000 GC:3    +
(((....))).....(((((.(((.((((....)))).)))..)))))...
