3 sequence; length of alignment 99
alifold output
   30    40  0  97.0%   0.119 CG:2    UG:1   
   28    42  0  96.5%   0.146 GC:2    GU:1   
   31    39  0  97.0%   0.124 CG:3   
   29    41  0  96.9%   0.121 UA:3   
   32    38  0  94.7%   0.188 UA:3   
   15    83  0  81.4%   1.215 GC:3   
   14    84  0  81.3%   0.977 AU:3   
   13    85  0  81.0%   1.282 GC:3   
   16    82  0  79.0%   1.179 GC:3   
   17    81  0  78.4%   1.179 GU:3   
   18    80  0  78.2%   1.266 CG:3   
   48    63  0  63.1%   1.504 CG:2    UA:1   
   49    62  0  63.1%   1.847 GC:3   
   27    43  0  62.6%   0.913 CG:3   
   50    61  0  62.2%   1.781 GC:3   
   47    64  0  48.6%   1.888 GU:3   
   33    37  1  37.3%   1.120 UA:2    +
    7    90  0  35.1%   1.588 GC:3   
    8    89  0  35.0%   1.582 AU:3   
   46    65  0  32.7%   1.941 GU:3   
   22    72  0  32.5%   1.537 GC:3   
   23    71  0  32.5%   1.586 UA:3   
   45    66  1  31.8%   1.949 GC:2   
   24    70  1  31.7%   1.696 CG:2   
   21    73  0  29.9%   1.472 UA:3   
    9    88  0  29.4%   1.798 GU:3   
   45    67  0  28.3%   2.653 GU:2    AU:1    +
   25    45  0  28.0%   1.241 UG:2    UA:1    +
   24    46  0  28.7%   1.176 CG:3    +
   44    68  0  28.4%   1.978 AU:3    +
   22    48  0  27.2%   1.124 GC:2    GU:1    +
   46    66  0  28.2%   2.747 GC:3    +
   44    67  0  27.3%   1.440 AU:3   
   23    47  0  27.3%   1.106 UG:3    +
   11    86  0  27.3%   1.206 UA:3   
   43    69  0  27.2%   1.791 GC:3    +
    9    90  0  26.2%   2.299 GC:3    +
    8    91  0  24.9%   1.874 AU:3    +
   12    87  0  24.8%   2.082 CG:3    +
   10    87  0  24.6%   1.431 UG:3   
   21    49  0  24.1%   1.096 UG:3    +
   20    50  0  23.7%   1.119 CG:3    +
   18    53  0  16.1%   0.993 CG:3    +
   17    54  0  16.1%   1.011 GC:3    +
   16    55  0  14.8%   0.988 GC:3    +
   47    65  0  14.0%   2.376 GU:3    +
    8    84  0  11.4%   0.939 AU:3    +
    7    85  0  11.4%   0.966 GC:3    +
    9    83  0  11.4%   1.007 GC:3    +
   12    80  0   9.1%   0.914 CG:3    +
   13    79  0   8.9%   0.915 GC:3    +
    9    93  0   8.3%   2.027 GC:3    +
   10    92  0   7.9%   1.125 UA:3    +
    8    94  0   7.6%   1.767 AU:3    +
   64    71  0   7.5%   1.678 UA:3    +
   65    70  0   6.5%   2.098 UG:2    UA:1    +
   63    72  1   7.5%   1.700 GC:2    +
    5    87  0   6.8%   0.630 CG:3    +
    7    93  0   6.6%   1.392 GC:3    +
   53    59  0   6.5%   1.298 GC:3    +
    4    88  0   6.0%   0.575 AU:3    +
   22    75  0   5.9%   1.410 GC:3    +
    7    95  0   5.8%   1.544 GU:3    +
   23    74  0   5.3%   1.366 UA:3    +
   43    68  0   4.9%   1.147 GU:3    +
   42    63  0   2.8%   0.422 CG:2    UA:1    +
   72    80  0   3.8%   1.531 CG:3    +
   71    81  0   3.8%   1.465 AU:3    +
   48    53  0   2.6%   0.934 CG:2    UG:1    +
   46    60  0   3.5%   0.910 GC:3    +
   22    78  0   3.5%   1.541 GC:3    +
   47    59  0   3.5%   0.883 GC:3    +
   53    60  0   3.4%   1.340 GC:3    +
   50    59  0   3.1%   1.002 GC:3    +
   70    82  1   3.6%   1.652 GC:2    +
   49    60  0   3.0%   1.106 GC:3    +
   23    77  0   3.0%   1.407 UA:3    +
   45    61  1   3.4%   0.841 GC:2    +
   43    62  0   2.8%   0.679 GC:3    +
   41    64  0   2.8%   0.351 AU:3    +
   39    66  0   2.8%   0.465 GC:3    +
   40    65  0   2.8%   0.359 GU:3    +
   49    57  0   2.8%   0.872 GC:3    +
   38    67  0   2.8%   0.510 AU:3    +
   63    69  1   3.1%   1.434 GC:2    +
   47    54  0   2.6%   0.954 GC:3    +
   13    69  0   2.6%   0.483 GC:3    +
   15    57  0   2.6%   0.357 GC:3    +
   46    55  0   2.6%   0.960 GC:3    +
   37    68  0   2.5%   0.838 AU:3    +
   14    68  0   2.4%   0.396 AU:3    +
   62    70  1   2.8%   1.593 CG:2    +
   87    93  0   2.3%   1.739 GC:3    +
   21    77  0   2.2%   1.069 UA:3    +
   25    44  0   2.1%   0.265 UA:3    +
   19    77  0   2.1%   0.373 UA:3    +
   86    94  0   2.0%   0.900 AU:3    +
   15    78  0   2.0%   0.649 GC:3    +
   12    70  1   2.5%   0.433 CG:2    +
    9    75  0   2.0%   0.414 GC:3    +
   47    61  0   2.0%   1.022 GC:3    +
   46    62  0   1.9%   1.053 GC:3    +
   15    67  0   1.9%   0.565 GU:3    +
   88    92  0   1.9%   1.089 UA:3    +
    8    76  0   1.9%   0.343 AU:3    +
   10    74  0   1.8%   0.303 UA:3    +
   11    71  0   1.8%   0.261 UA:3    +
   11    87  0   1.8%   1.257 UG:3    +
   13    62  0   1.7%   0.282 GC:3    +
   53    57  0   1.6%   0.838 GC:3    +
    9    66  0   1.6%   0.292 GC:3    +
   48    80  0   0.6%   1.319 CG:2    UG:1    +
    6    98  0   1.5%   0.363 CG:3    +
    7    96  0   1.5%   1.393 GC:3    +
    7    97  0   1.5%   1.453 GC:3    +
   16    30  0   0.5%   0.106 GC:2    GU:1    +
   64    74  0   1.4%   1.245 UA:3    +
   45    64  0   0.3%   0.773 GU:2    AU:1    +
   24    45  1   1.8%   0.235 CG:2    +
   12    63  1   1.7%   0.252 CG:2    +
   13    82  0   1.2%   0.631 GC:3    +
   14    81  0   1.2%   0.376 AU:3    +
   65    73  0   1.2%   1.567 UA:3    +
   22    76  0   1.2%   1.230 GU:3    +
   17    51  0   1.2%   0.217 GC:3    +
   11    70  0   0.2%   0.098 UG:2    UA:1    +
   17    78  0   1.2%   0.748 GC:3    +
   16    79  0   1.2%   0.918 GC:3    +
   18    50  0   1.2%   0.213 CG:3    +
   63    68  0   0.2%   1.396 GU:2    AU:1    +
   42    87  0   0.2%   1.184 CG:2    UG:1    +
    8    67  0   1.2%   0.190 AU:3    +
   16    52  0   1.1%   0.209 GC:3    +
   49    55  0   1.1%   0.950 GC:3    +
   70    76  0   0.1%   1.182 GU:2    AU:1    +
   50    54  0   1.1%   0.955 GC:3    +
    7    69  0   1.1%   0.264 GC:3    +
   10    63  0   0.1%   0.079 UG:2    UA:1    +
   19    74  0   1.1%   0.297 UA:3    +
   70    89  0   0.0%   1.606 GU:2    AU:1    +
   25    70  0   0.0%   0.983 UG:2    UA:1    +
   22    42  0   0.0%   0.066 GC:2    GU:1    +
   64    70  0   0.0%   1.324 UG:2    UA:1    +
   19    63  0   0.0%   0.160 UG:2    UA:1    +
   63    67  0   0.0%   1.550 GU:2    AU:1    +
   45    68  0   0.0%   2.119 GU:2    AU:1    +
   34    70  0   0.0%   0.578 UG:2    UA:1    +
   63    76  0   0.0%   1.130 GU:2    AU:1    +
   42    80  0   0.0%   0.640 CG:2    UG:1    +
   22    30  0   0.0%   0.084 GC:2    GU:1    +
   23    45  0   0.0%   0.035 UG:2    UA:1    +
   11    63  0   0.0%   0.026 UG:2    UA:1    +
   21    45  0   0.0%   0.016 UG:2    UA:1    +
   45    65  0   0.0%   0.755 GU:2    AU:1    +
   21    70  0   0.0%   0.514 UG:2    UA:1    +
   17    48  0   0.0%   0.059 GC:2    GU:1    +
   23    70  0   0.0%   0.553 UG:2    UA:1    +
   70    95  0   0.0%   1.385 GU:2    AU:1    +
   45    84  0   0.0%   1.807 GU:2    AU:1    +
   32    70  0   0.0%   0.654 UG:2    UA:1    +
   63    89  0   0.0%   1.415 GU:2    AU:1    +
   19    70  0   0.0%   0.225 UG:2    UA:1    +
   45    76  0   0.0%   1.510 GU:2    AU:1    +
   21    63  0   0.0%   0.443 UG:2    UA:1    +
   63    88  0   0.0%   1.577 GU:2    AU:1    +
   17    30  0   0.0%   0.084 GC:2    GU:1    +
   70    91  0   0.0%   1.541 GU:2    AU:1    +
   30    46  0   0.0%   0.429 CG:2    UG:1    +
   28    48  0   0.0%   0.431 GC:2    GU:1    +
   29    70  0   0.0%   0.596 UG:2    UA:1    +
   70    81  0   0.0%   1.352 GU:2    AU:1    +
   48    98  0   0.0%   0.907 CG:2    UG:1    +
   70    84  0   0.0%   1.588 GU:2    AU:1    +
   70    94  0   0.0%   1.377 GU:2    AU:1    +
    9    42  0   0.0%   0.064 GC:2    GU:1    +
   63    91  0   0.0%   1.357 GU:2    AU:1    +
   30    39  0   0.0%   0.030 CG:2    UG:1    +
   63    81  0   0.0%   1.298 GU:2    AU:1    +
   25    63  0   0.0%   0.540 UG:2    UA:1    +
   13    30  0   0.0%   0.024 GC:2    GU:1    +
    7    30  0   0.0%   0.061 GC:2    GU:1    +
    9    30  0   0.0%   0.059 GC:2    GU:1    +
   19    45  0   0.0%   0.024 UG:2    UA:1    +
    8    95  0   1.0%   1.680 AU:3    +
   53    62  0   1.0%   1.469 GC:3    +
   34    71  0   0.9%   0.628 UA:3    +
   63    75  1   1.4%   1.383 GC:2    +
   19    49  0   0.8%   0.136 UG:3    +
   75    87  0   0.7%   1.562 CG:3    +
   15    61  0   0.7%   0.309 GC:3    +
   15    75  0   0.7%   0.521 GC:3    +
   74    88  0   0.7%   1.145 AU:3    +
    5    98  0   0.7%   0.383 CG:3    +
   76    86  0   0.7%   0.704 UA:3    +
   28    72  0   0.7%   0.581 GC:3    +
    8    68  0   0.7%   0.220 AU:3    +
    7    78  0   0.7%   0.267 GC:3    +
   56    64  0   0.7%   0.612 AU:3    +
   49    79  0   0.6%   1.402 GC:3    +
   29    71  0   0.6%   0.614 UA:3    +
   14    76  0   0.6%   0.309 AU:3    +
   50    78  0   0.6%   1.322 GC:3    +
    7    68  0   0.6%   0.180 GU:3    +
   15    60  0   0.6%   0.263 GC:3    +
   16    60  0   0.6%   0.552 GC:3    +
    5    80  0   0.6%   0.133 CG:3    +
   75    80  0   0.6%   1.148 CG:3    +
    3     9  0   0.6%   0.096 CG:3    +
   16    66  0   0.6%   0.647 GC:3    +
   46    82  0   0.6%   1.754 GC:3    +
   47    81  0   0.6%   1.701 GU:3    +
   44    84  0   0.6%   1.339 AU:3    +
   73    89  0   0.6%   1.023 AU:3    +
   74    81  0   0.6%   0.936 AU:3    +
    4    81  0   0.5%   0.117 AU:3    +
   30    70  1   0.5%   0.680 CG:1    UG:1    +
   43    85  0   0.5%   1.434 GC:3    +
    2    10  0   0.5%   0.083 AU:3    +
   93    98  0   0.5%   0.723 CG:3    +
   35    70  1   1.0%   0.720 CG:2    +
   22    27  0   0.5%   0.114 GC:3    +
   17    59  0   0.5%   0.522 GC:3    +
   11    73  0   0.5%   0.181 UA:3    +
    7    12  0   0.5%   0.093 GC:3    +
   15    31  0   0.5%   0.101 GC:3    +
   17    29  0   0.5%   0.109 GU:3    +
   18    28  0   0.5%   0.113 CG:3    +
   50    60  0   0.5%   0.993 GC:3    +
   46    61  0   0.5%   0.831 GC:3    +
   47    60  0   0.5%   0.852 GC:3    +
   14    32  0   0.4%   0.079 AU:3    +
   26    68  0   0.4%   0.246 AU:3    +
    6    70  1   0.9%   0.157 CG:2    +
    3    87  0   0.4%   0.120 CG:3    +
    7    79  0   0.4%   0.268 GC:3    +
    6    80  0   0.4%   0.178 CG:3    +
   50    57  0   0.4%   0.746 GC:3    +
   13    90  0   0.4%   1.479 GC:3    +
   15    90  0   0.4%   1.448 GC:3    +
   14    91  0   0.4%   0.834 AU:3    +
   15    66  0   0.4%   0.380 GC:3    +
    9    72  0   0.4%   0.223 GC:3    +
   44    65  0   0.4%   0.289 AU:3    +
    3    98  0   0.4%   0.149 CG:3    +
    2    88  0   0.4%   0.105 AU:3    +
   14    89  0   0.4%   0.853 AU:3    +
    9    18  0   0.4%   0.099 GC:3    +
    8    19  0   0.4%   0.060 AU:3    +
   17    88  0   0.4%   1.341 GU:3    +
   16    89  0   0.4%   1.227 GU:3    +
    7    20  0   0.4%   0.101 GC:3    +
   18    87  0   0.4%   1.636 CG:3    +
   10    17  0   0.3%   0.092 UG:3    +
   43    66  0   0.3%   0.690 GC:3    +
   64    77  0   0.3%   1.156 UA:3    +
    6    13  0   0.3%   0.058 CG:3    +
   49    61  0   0.3%   0.990 GC:3    +
   16    59  0   0.3%   0.472 GC:3    +
   19    86  0   0.3%   0.632 UA:3    +
   28    75  0   0.3%   0.473 GC:3    +
   29    74  0   0.3%   0.434 UA:3    +
   10    71  0   0.3%   0.115 UA:3    +
   65    71  0   0.3%   1.761 UA:3    +
    8    88  0   0.3%   0.681 AU:3    +
   14    67  0   0.3%   0.142 AU:3    +
   10    86  0   0.3%   0.212 UA:3    +
   57    63  1   0.8%   0.947 CG:2    +
   28    69  0   0.3%   0.268 GC:3    +
   67    74  0   0.3%   1.406 UA:3    +
   20    49  0   0.3%   0.107 CG:3    +
   44    64  0   0.2%   0.245 AU:3    +
   68    73  0   0.2%   1.315 UA:3    +
   52    63  1   0.7%   0.638 CG:2    +
    1    98  0   0.2%   0.057 CG:3    +
    7    89  0   0.2%   0.519 GU:3    +
   49    59  0   0.2%   0.778 GC:3    +
   16    78  0   0.2%   0.660 GC:3    +
   15    79  0   0.2%   0.727 GC:3    +
   21    74  0   0.2%   0.882 UA:3    +
   11    16  0   0.2%   0.042 UG:3    +
    1     7  0   0.2%   0.039 CG:3    +
    9    94  0   0.2%   1.678 GU:3    +
   69    80  0   0.2%   1.199 CG:3    +
   58    64  0   0.2%   0.588 AU:3    +
   15    55  0   0.2%   0.098 GC:3    +
   17    75  0   0.2%   0.596 GC:3    +
    3    80  0   0.2%   0.075 CG:3    +
    5    22  0   0.2%   0.052 CG:3    +
   15    88  0   0.2%   1.235 GU:3    +
    6    87  0   0.2%   0.330 CG:3    +
   53    69  0   0.2%   1.361 GC:3    +
   17    23  0   0.2%   0.070 GU:3    +
   18    22  0   0.2%   0.070 CG:3    +
   16    54  0   0.2%   0.146 GC:3    +
   80    85  0   0.2%   1.190 GC:3    +
   16    76  0   0.2%   0.629 GU:3    +
   16    24  0   0.2%   0.052 GC:3    +
   87    96  0   0.2%   1.279 GC:3    +
    7    66  0   0.2%   0.105 GC:3    +
    8    65  0   0.2%   0.058 AU:3    +
    9    67  0   0.2%   0.234 GU:3    +
    2    81  0   0.2%   0.065 AU:3    +
   13    68  0   0.2%   0.237 GU:3    +
   42    70  1   0.2%   0.792 CG:1    UG:1    +
    4    23  0   0.2%   0.045 AU:3    +
   13    57  0   0.2%   0.075 GC:3    +
   27    80  0   0.2%   0.853 CG:3    +
   41    88  0   0.2%   0.765 AU:3    +
   15    25  0   0.2%   0.042 GU:3    +
   40    89  0   0.2%   0.602 GU:3    +
   39    90  0   0.2%   0.929 GC:3    +
   26    81  0   0.2%   0.356 AU:3    +
   46    59  0   0.1%   0.557 GC:3    +
   13    55  0   0.1%   0.061 GC:3    +
   78    87  0   0.1%   1.463 CG:3    +
   23    46  0   0.1%   0.062 UG:3    +
   50    55  0   0.1%   0.925 GC:3    +
   38    91  0   0.1%   0.561 AU:3    +
    9    64  0   0.1%   0.104 GU:3    +
    4    95  0   0.1%   0.257 AU:3    +
   29    77  0   0.1%   0.413 UA:3    +
   28    79  0   0.1%   0.489 GC:3    +
   77    88  0   0.1%   0.991 AU:3    +
   47    57  0   0.1%   0.592 GC:3    +
   70    79  1   0.6%   1.440 GC:2    +
   53    75  0   0.1%   1.160 GC:3    +
   28    78  0   0.1%   0.471 GC:3    +
   71    84  0   0.1%   1.358 AU:3    +
   22    85  0   0.1%   1.575 GC:3    +
   22    79  0   0.1%   1.445 GC:3    +
   17    65  0   0.1%   0.477 GU:3    +
    9    96  0   0.1%   1.534 GC:3    +
   21    86  0   0.1%   1.227 UA:3    +
   26    76  0   0.1%   0.225 AU:3    +
   71    76  0   0.1%   0.967 AU:3    +
   25    73  0   0.1%   0.873 UA:3    +
   13    59  0   0.1%   0.078 GC:3    +
   20    87  0   0.1%   1.404 CG:3    +
   32    73  0   0.1%   0.509 UA:3    +
    5     9  0   0.1%   0.051 CG:3    +
   47    62  0   0.1%   0.980 GC:3    +
    9    78  0   0.1%   0.310 GC:3    +
   10    77  0   0.1%   0.175 UA:3    +
   53    64  0   0.1%   1.320 GU:3    +
    9    89  0   0.1%   1.278 GU:3    +
   15    54  0   0.1%   0.065 GC:3    +
    9    59  0   0.1%   0.082 GC:3    +
   22    83  0   0.1%   1.561 GC:3    +
   66    87  0   0.1%   2.034 CG:3    +
    4    10  0   0.1%   0.044 AU:3    +
   10    58  0   0.1%   0.071 UA:3    +
   45    83  1   0.6%   1.841 GC:2    +
   32    71  0   0.1%   0.594 UA:3    +
   67    71  0   0.1%   1.742 UA:3    +
   67    86  0   0.1%   1.412 UA:3    +
   33    70  1   0.1%   0.965 UG:1    UA:1    +
   32    74  0   0.1%   0.422 UA:3    +
   14    95  0   0.1%   0.680 AU:3    +
    5    15  0   0.1%   0.022 CG:3    +
   32    37  0   0.1%   0.043 UA:3    +
   13    96  0   0.1%   0.807 GC:3    +
   53    61  0   0.1%   1.345 GC:3    +
   15    62  0   0.1%   0.319 GC:3    +
    3    22  0   0.1%   0.048 CG:3    +
   15    94  0   0.1%   0.902 GU:3    +
   28    35  0   0.1%   0.051 GC:3    +
   16    61  0   0.1%   0.507 GC:3    +
   13    27  0   0.1%   0.033 GC:3    +
    2    89  0   0.1%   0.077 AU:3    +
   72    87  0   0.1%   1.781 CG:3    +
   25    77  0   0.1%   0.758 UA:3    +
    4    94  0   0.1%   0.237 AU:3    +
   71    88  0   0.1%   1.517 AU:3    +
   49    66  0   0.1%   1.964 GC:3    +
    2    23  0   0.1%   0.040 AU:3    +
   87    99  0   0.1%   1.201 GC:3    +
   12    28  0   0.1%   0.039 CG:3    +
   19    58  0   0.1%   0.088 UA:3    +
    4    21  0   0.1%   0.018 AU:3    +
   19    50  0   0.1%   0.125 UG:3    +
   16    93  0   0.1%   1.174 GC:3    +
   21    28  0   0.1%   0.050 UG:3    +
   17    60  0   0.1%   0.515 GC:3    +
   88    98  0   0.1%   0.892 UG:3    +
   50    65  0   0.1%   1.709 GU:3    +
    9    31  0   0.1%   0.070 GC:3    +
   15    59  0   0.0%   0.182 GC:3    +
    8    32  0   0.0%   0.031 AU:3    +
   77    84  0   0.0%   0.778 AU:3    +
   14    65  0   0.0%   0.050 AU:3    +
   13    66  0   0.0%   0.224 GC:3    +
    2    95  0   0.0%   0.084 AU:3    +
   71    91  0   0.0%   1.298 AU:3    +
   43    65  0   0.0%   0.532 GU:3    +
   13    89  0   0.0%   1.096 GU:3    +
   13    60  0   0.0%   0.072 GC:3    +
   15    93  0   0.0%   1.062 GC:3    +
   13    81  0   0.0%   0.513 GU:3    +
    7    62  0   0.0%   0.079 GC:3    +
   13    78  0   0.0%   0.294 GC:3    +
   14    94  0   0.0%   0.662 AU:3    +
   19    71  0   0.0%   0.174 UA:3    +
   19    26  0   0.0%   0.029 UA:3    +
   80    97  0   0.0%   0.784 GC:3    +
    7    91  0   0.0%   0.867 GU:3    +
   79    98  0   0.0%   0.539 CG:3    +
   79    87  0   0.0%   1.471 CG:3    +
   13    61  0   0.0%   0.075 GC:3    +
   58    65  0   0.0%   0.829 AU:3    +
   90    98  0   0.0%   0.938 CG:3    +
   15    64  0   0.0%   0.254 GU:3    +
   13    95  0   0.0%   0.950 GU:3    +
   53    72  0   0.0%   1.252 GC:3    +
   14    88  0   0.0%   0.966 AU:3    +
   67    73  0   0.0%   1.455 UA:3    +
    2    91  0   0.0%   0.077 AU:3    +
   11    92  0   0.0%   0.760 UA:3    +
   65    74  0   0.0%   1.429 UA:3    +
    4    91  0   0.0%   0.230 AU:3    +
   68    77  0   0.0%   1.136 UA:3    +
    3     7  0   0.0%   0.020 CG:3    +
   68    74  0   0.0%   1.216 UA:3    +
   49    54  0   0.0%   0.810 GC:3    +
   53    66  0   0.0%   1.793 GC:3    +
   25    71  0   0.0%   0.924 UA:3    +
   21    26  0   0.0%   0.015 UA:3    +
   25    74  0   0.0%   0.765 UA:3    +
   23    41  0   0.0%   0.035 UA:3    +
   64    73  0   0.0%   1.166 UA:3    +
   80    99  0   0.0%   0.723 GC:3    +
   24    40  0   0.0%   0.021 CG:3    +
   17    90  0   0.0%   1.491 GC:3    +
    7    61  0   0.0%   0.074 GC:3    +
   25    46  0   0.0%   0.831 UG:3    +
   56    65  0   0.0%   0.839 AU:3    +
   25    39  0   0.0%   0.020 UG:3    +
   81    98  0   0.0%   0.634 UG:3    +
   87    97  0   0.0%   1.256 GC:3    +
    6    15  0   0.0%   0.031 CG:3    +
   24    47  0   0.0%   0.810 CG:3    +
   19    53  0   0.0%   0.366 UG:3    +
   22    31  0   0.0%   0.092 GC:3    +
   22    57  0   0.0%   0.528 GC:3    +
   86    95  0   0.0%   0.755 AU:3    +
    9    99  0   0.0%   1.464 GC:3    +
    2    94  0   0.0%   0.078 AU:3    +
   58    67  0   0.0%   1.004 AU:3    +
   10    98  0   0.0%   0.864 UG:3    +
   23    73  0   0.0%   1.160 UA:3    +
   21    58  0   0.0%   0.373 UA:3    +
   23    56  0   0.0%   0.405 UA:3    +
   15    24  0   0.0%   0.014 GC:3    +
   80    93  0   0.0%   1.107 GC:3    +
   91    98  0   0.0%   0.554 UG:3    +
    7    94  0   0.0%   1.046 GU:3    +
    1     9  0   0.0%   0.018 CG:3    +
   14    25  0   0.0%   0.007 AU:3    +
   87    94  0   0.0%   1.476 GU:3    +
   67    77  0   0.0%   1.311 UA:3    +
    4    89  0   0.0%   0.228 AU:3    +
   26    67  0   0.0%   0.166 AU:3    +
   19    56  0   0.0%   0.075 UA:3    +
   53    79  0   0.0%   1.191 GC:3    +
   62    80  0   0.0%   1.255 CG:3    +
   13    93  0   0.0%   1.108 GC:3    +
   81    92  0   0.0%   0.693 UA:3    +
   28    36  0   0.0%   0.047 GC:3    +
   20    80  0   0.0%   0.866 CG:3    +
   12    98  0   0.0%   0.898 CG:3    +
   16    23  0   0.0%   0.035 GU:3    +
   16    91  0   0.0%   1.153 GU:3    +
    9    61  0   0.0%   0.079 GC:3    +
   57    80  0   0.0%   0.877 CG:3    +
   10    73  0   0.0%   0.086 UA:3    +
   59    80  0   0.0%   1.027 CG:3    +
    9    57  0   0.0%   0.068 GC:3    +
   13    97  0   0.0%   0.794 GC:3    +
   17    52  0   0.0%   0.167 GC:3    +
   24    43  0   0.0%   0.021 CG:3    +
   56    81  0   0.0%   0.375 AU:3    +
   10    56  0   0.0%   0.057 UA:3    +
    5    16  0   0.0%   0.016 CG:3    +
    9    60  0   0.0%   0.076 GC:3    +
   58    81  0   0.0%   0.364 AU:3    +
   15    76  0   0.0%   0.481 GU:3    +
   16    65  0   0.0%   0.475 GU:3    +
   46    67  0   0.0%   2.390 GU:3    +
   23    44  0   0.0%   0.035 UA:3    +
    9    62  0   0.0%   0.081 GC:3    +
    7    60  0   0.0%   0.069 GC:3    +
   47    66  0   0.0%   2.288 GC:3    +
   21    44  0   0.0%   0.015 UA:3    +
    7    75  0   0.0%   0.169 GC:3    +
   80    90  0   0.0%   1.486 GC:3    +
   19    73  0   0.0%   0.110 UA:3    +
   82    98  0   0.0%   0.541 CG:3    +
   74    91  0   0.0%   0.854 AU:3    +
   85    98  0   0.0%   0.623 CG:3    +
   20    28  0   0.0%   0.053 CG:3    +
    4    64  0   0.0%   0.023 AU:3    +
   86    91  0   0.0%   0.833 AU:3    +
   53    78  0   0.0%   1.179 GC:3    +
   40    82  0   0.0%   0.380 GC:3    +
   41    81  0   0.0%   0.435 AU:3    +
   39    83  0   0.0%   0.558 GC:3    +
   13    54  0   0.0%   0.035 GC:3    +
   82    87  0   0.0%   1.473 CG:3    +
    2    25  0   0.0%   0.035 AU:3    +
   50    62  0   0.0%   1.488 GC:3    +
   68    86  0   0.0%   1.225 UA:3    +
   38    84  0   0.0%   0.574 AU:3    +
   17    64  0   0.0%   0.455 GU:3    +
   16    75  0   0.0%   0.603 GC:3    +
   94    98  0   0.0%   0.491 UG:3    +
   15    52  0   0.0%   0.048 GC:3    +
    7    35  0   0.0%   0.066 GC:3    +
   83    98  0   0.0%   0.601 CG:3    +
    8    34  0   0.0%   0.026 AU:3    +
   71    89  0   0.0%   1.352 AU:3    +
    9    95  0   0.0%   1.674 GU:3    +
   58    76  0   0.0%   0.213 AU:3    +
    7    82  0   0.0%   0.225 GC:3    +
   87    95  0   0.0%   1.405 GU:3    +
   16    51  0   0.0%   0.057 GC:3    +
   20    47  0   0.0%   0.026 CG:3    +
   83    87  0   0.0%   1.534 CG:3    +
   21    46  0   0.0%   0.016 UG:3    +
    9    97  0   0.0%   1.521 GC:3    +
    8    64  0   0.0%   0.028 AU:3    +
   43    79  0   0.0%   1.244 GC:3    +
    7    99  0   0.0%   1.330 GC:3    +
   46    69  0   0.0%   1.936 GC:3    +
    9    91  0   0.0%   1.586 GU:3    +
   56    67  0   0.0%   1.013 AU:3    +
   69    87  0   0.0%   1.673 CG:3    +
   61    80  0   0.0%   1.121 CG:3    +
   20    46  0   0.0%   0.025 CG:3    +
    8    81  0   0.0%   0.236 AU:3    +
   22    69  0   0.0%   0.564 GC:3    +
   17    55  0   0.0%   0.712 GC:3    +
   58    68  0   0.0%   0.822 AU:3    +
   89    98  0   0.0%   0.634 UG:3    +
   67    87  0   0.0%   2.030 UG:3    +
    7    65  0   0.0%   0.074 GU:3    +
   50    66  0   0.0%   1.891 GC:3    +
   32    39  0   0.0%   0.119 UG:3    +
   50    72  0   0.0%   1.336 GC:3    +
   16    90  0   0.0%   1.533 GC:3    +
   24    28  0   0.0%   0.050 CG:3    +
   65    77  0   0.0%   1.358 UA:3    +
   56    68  0   0.0%   0.834 AU:3    +
   15    91  0   0.0%   1.043 GU:3    +
   19    46  0   0.0%   0.025 UG:3    +
   13    72  0   0.0%   0.267 GC:3    +
   11    58  0   0.0%   0.022 UA:3    +
   17    57  0   0.0%   0.514 GC:3    +
   56    76  0   0.0%   0.225 AU:3    +
   17    89  0   0.0%   1.160 GU:3    +
   43    72  0   0.0%   1.345 GC:3    +
   31    40  0   0.0%   0.096 CG:3    +
   62    87  0   0.0%   1.745 CG:3    +
   46    51  0   0.0%   0.427 GC:3    +
    1    87  0   0.0%   0.017 CG:3    +
   43    57  0   0.0%   0.405 GC:3    +
   35    40  0   0.0%   0.040 CG:3    +
    6    22  0   0.0%   0.039 CG:3    +
   12    16  0   0.0%   0.042 CG:3    +
   17    79  0   0.0%   0.814 GC:3    +
   49    72  0   0.0%   1.406 GC:3    +
    3    15  0   0.0%   0.035 CG:3    +
   28    76  0   0.0%   0.325 GU:3    +
   24    80  0   0.0%   1.294 CG:3    +
   18    47  0   0.0%   0.058 CG:3    +
   49    67  0   0.0%   1.954 GU:3    +
    2    11  0   0.0%   0.029 AU:3    +
   15    85  0   0.0%   1.052 GC:3    +
   29    73  0   0.0%   0.489 UA:3    +
   34    41  0   0.0%   0.036 UA:3    +
    9    82  0   0.0%   0.267 GC:3    +
    3    16  0   0.0%   0.035 CG:3    +
   50    64  0   0.0%   1.409 GU:3    +
   80    96  0   0.0%   0.787 GC:3    +
   46    68  0   0.0%   2.210 GU:3    +
   21    80  0   0.0%   1.297 UG:3    +
   14    64  0   0.0%   0.039 AU:3    +
   22    36  0   0.0%   0.060 GC:3    +
   49    69  0   0.0%   1.500 GC:3    +
   87    91  0   0.0%   1.474 GU:3    +
   46    79  0   0.0%   1.741 GC:3    +
   46    64  0   0.0%   0.845 GU:3    +
   34    73  0   0.0%   0.456 UA:3    +
   46    52  0   0.0%   0.427 GC:3    +
   47    78  0   0.0%   1.626 GC:3    +
   71    95  0   0.0%   1.136 AU:3    +
   47    51  0   0.0%   0.414 GC:3    +
   50    75  0   0.0%   1.226 GC:3    +
    7    72  0   0.0%   0.166 GC:3    +
   65    86  0   0.0%   1.446 UA:3    +
   17    82  0   0.0%   0.944 GC:3    +
   64    92  0   0.0%   1.034 UA:3    +
   16    83  0   0.0%   1.167 GC:3    +
   13    65  0   0.0%   0.149 GU:3    +
   11    80  0   0.0%   0.193 UG:3    +
   52    80  0   0.0%   0.622 CG:3    +
    4    11  0   0.0%   0.007 AU:3    +
   13    64  0   0.0%   0.148 GU:3    +
   49    76  0   0.0%   1.165 GU:3    +
    7    88  0   0.0%   0.660 GU:3    +
   15    96  0   0.0%   0.750 GC:3    +
   17    76  0   0.0%   0.578 GU:3    +
   15    84  0   0.0%   1.049 GU:3    +
   15    69  0   0.0%   0.479 GC:3    +
   71    94  0   0.0%   1.128 AU:3    +
    2    84  0   0.0%   0.045 AU:3    +
   53    65  0   0.0%   1.601 GU:3    +
   11    56  0   0.0%   0.017 UA:3    +
   47    82  0   0.0%   1.618 GC:3    +
   46    83  0   0.0%   1.904 GC:3    +
   46    54  0   0.0%   0.685 GC:3    +
   38    68  0   0.0%   0.437 AU:3    +
   40    66  0   0.0%   0.366 GC:3    +
   50    68  0   0.0%   1.704 GU:3    +
   64    87  0   0.0%   1.847 UG:3    +
    9    85  0   0.0%   0.761 GC:3    +
    9    35  0   0.0%   0.065 GC:3    +
   22    82  0   0.0%   1.371 GC:3    +
   27    87  0   0.0%   1.359 CG:3    +
   39    67  0   0.0%   0.391 GU:3    +
   53    67  0   0.0%   1.781 GU:3    +
   47    68  0   0.0%   2.104 GU:3    +
   54    98  0   0.0%   0.606 CG:3    +
   15    97  0   0.0%   0.739 GC:3    +
   15    20  0   0.0%   0.029 GC:3    +
   80    84  0   0.0%   1.154 GU:3    +
   34    38  0   0.0%   0.056 UA:3    +
   53    99  0   0.0%   0.839 GC:3    +
   11    17  0   0.0%   0.034 UG:3    +
   69    98  0   0.0%   0.788 CG:3    +
   66    80  0   0.0%   1.527 CG:3    +
   21    47  0   0.0%   0.016 UG:3    +
   62    98  0   0.0%   0.866 CG:3    +
   21    37  0   0.0%   0.012 UA:3    +
   14    21  0   0.0%   0.005 AU:3    +
   26    88  0   0.0%   0.648 AU:3    +
    9    36  0   0.0%   0.064 GC:3    +
    7    83  0   0.0%   0.224 GC:3    +
   49    75  0   0.0%   1.296 GC:3    +
   13    35  0   0.0%   0.033 GC:3    +
   53    76  0   0.0%   1.014 GU:3    +
   17    24  0   0.0%   0.045 GC:3    +
   15    82  0   0.0%   0.520 GC:3    +
   80    89  0   0.0%   1.187 GU:3    +
   20    43  0   0.0%   0.022 CG:3    +
   78    98  0   0.0%   0.518 CG:3    +
    7    76  0   0.0%   0.167 GU:3    +
   19    44  0   0.0%   0.024 UA:3    +
   10    80  0   0.0%   0.228 UG:3    +
   18    49  0   0.0%   0.058 CG:3    +
   46    78  0   0.0%   1.732 GC:3    +
    7    59  0   0.0%   0.066 GC:3    +
   22    51  0   0.0%   0.470 GC:3    +
   28    34  0   0.0%   0.038 GU:3    +
   23    50  0   0.0%   0.794 UG:3    +
   73    81  0   0.0%   0.939 AU:3    +
   46    75  0   0.0%   1.732 GC:3    +
    7    36  0   0.0%   0.065 GC:3    +
   16    57  0   0.0%   0.506 GC:3    +
   15    65  0   0.0%   0.253 GU:3    +
   22    62  0   0.0%   0.499 GC:3    +
   60    80  0   0.0%   0.999 CG:3    +
   14    23  0   0.0%   0.015 AU:3    +
   49    65  0   0.0%   1.768 GU:3    +
   16    96  0   0.0%   0.853 GC:3    +
   13    24  0   0.0%   0.020 GC:3    +
    1    80  0   0.0%   0.016 CG:3    +
   76    92  0   0.0%   0.436 UA:3    +
   25    43  0   0.0%   0.017 UG:3    +
   13    91  0   0.0%   1.073 GU:3    +
   22    35  0   0.0%   0.060 GC:3    +
   14    34  0   0.0%   0.028 AU:3    +
   77    91  0   0.0%   0.717 AU:3    +
   43    64  0   0.0%   0.513 GU:3    +
    2    64  0   0.0%   0.034 AU:3    +
   54    80  0   0.0%   0.988 CG:3    +
   13    84  0   0.0%   0.770 GU:3    +
   24    87  0   0.0%   1.820 CG:3    +
   22    59  0   0.0%   0.480 GC:3    +
   59    87  0   0.0%   1.518 CG:3    +
   21    43  0   0.0%   0.012 UG:3    +
   53    68  0   0.0%   1.601 GU:3    +
   84    98  0   0.0%   0.606 UG:3    +
   68    87  0   0.0%   1.846 UG:3    +
   25    86  0   0.0%   0.871 UA:3    +
   41    65  0   0.0%   0.259 AU:3    +
   19    28  0   0.0%   0.054 UG:3    +
    4    65  0   0.0%   0.022 AU:3    +
   44    76  0   0.0%   1.013 AU:3    +
   67    92  0   0.0%   1.210 UA:3    +
   35    87  0   0.0%   1.059 CG:3    +
   21    50  0   0.0%   0.755 UG:3    +
   28    68  0   0.0%   0.268 GU:3    +
   53    81  0   0.0%   1.163 GU:3    +
   23    58  0   0.0%   0.411 UA:3    +
   20    53  0   0.0%   0.678 CG:3    +
   24    49  0   0.0%   0.846 CG:3    +
    5    13  0   0.0%   0.007 CG:3    +
   26    32  0   0.0%   0.034 AU:3    +
   16    31  0   0.0%   0.084 GC:3    +
   58    88  0   0.0%   0.642 AU:3    +
    7    64  0   0.0%   0.074 GU:3    +
   16    25  0   0.0%   0.041 GU:3    +
   50    69  0   0.0%   1.429 GC:3    +
   13    83  0   0.0%   0.769 GC:3    +
    1    13  0   0.0%   0.015 CG:3    +
   16    62  0   0.0%   0.536 GC:3    +
   77    81  0   0.0%   0.796 AU:3    +
   32    44  0   0.0%   0.171 UA:3    +
   77    89  0   0.0%   0.805 AU:3    +
   29    47  0   0.0%   0.415 UG:3    +
   65    87  0   0.0%   2.068 UG:3    +
   17    61  0   0.0%   0.485 GC:3    +
   27    49  0   0.0%   0.721 CG:3    +
   11    98  0   0.0%   0.691 UG:3    +
   15    32  0   0.0%   0.074 GU:3    +
   76    80  0   0.0%   0.891 UG:3    +
   27    98  0   0.0%   0.491 CG:3    +
   15    72  0   0.0%   0.356 GC:3    +
    4    84  0   0.0%   0.051 AU:3    +
    9    65  0   0.0%   0.096 GU:3    +
    3    17  0   0.0%   0.034 CG:3    +
   81    86  0   0.0%   0.921 UA:3    +
   13    88  0   0.0%   1.258 GU:3    +
   43    59  0   0.0%   0.357 GC:3    +
    1    22  0   0.0%   0.015 CG:3    +
   22    93  0   0.0%   1.536 GC:3    +
    2    21  0   0.0%   0.028 AU:3    +
   46    57  0   0.0%   0.581 GC:3    +
   72    98  0   0.0%   0.887 CG:3    +
   55    80  0   0.0%   0.984 CG:3    +
   47    55  0   0.0%   0.853 GC:3    +
    7    11  0   0.0%   0.016 GU:3    +
   57    87  0   0.0%   1.369 CG:3    +
   49    78  0   0.0%   1.296 GC:3    +
    3    13  0   0.0%   0.034 CG:3    +
   37    67  0   0.0%   0.530 AU:3    +
   23    28  0   0.0%   0.063 UG:3    +
   47    69  0   0.0%   1.830 GC:3    +
   22    29  0   0.0%   0.081 GU:3    +
   19    47  0   0.0%   0.025 UG:3    +
   23    92  0   0.0%   1.230 UA:3    +
   61    87  0   0.0%   1.612 CG:3    +
    6    16  0   0.0%   0.023 CG:3    +
    5    17  0   0.0%   0.013 CG:3    +
    3    28  0   0.0%   0.039 CG:3    +
   28    93  0   0.0%   0.556 GC:3    +
   75    98  0   0.0%   0.599 CG:3    +
   16    21  0   0.0%   0.020 GU:3    +
   29    92  0   0.0%   0.319 UA:3    +
   73    91  0   0.0%   0.905 AU:3    +
   11    15  0   0.0%   0.009 UG:3    +
   56    88  0   0.0%   0.654 AU:3    +
   50    82  0   0.0%   1.220 GC:3    +
   49    83  0   0.0%   1.469 GC:3    +
   12    17  0   0.0%   0.047 CG:3    +
   25    38  0   0.0%   0.013 UA:3    +
   16    84  0   0.0%   1.167 GU:3    +
    2    29  0   0.0%   0.033 AU:3    +
   17    83  0   0.0%   1.117 GC:3    +
   22    54  0   0.0%   0.727 GC:3    +
   20    39  0   0.0%   0.022 CG:3    +
   17    95  0   0.0%   0.955 GU:3    +
   40    72  0   0.0%   0.555 GC:3    +
   74    94  0   0.0%   0.685 AU:3    +
   21    38  0   0.0%   0.011 UA:3    +
    6    39  0   0.0%   0.022 CG:3    +
   23    53  0   0.0%   0.693 UG:3    +
   28    32  0   0.0%   0.064 GU:3    +
   40    90  0   0.0%   0.920 GC:3    +
    5    40  0   0.0%   0.024 CG:3    +
    9    69  0   0.0%   0.210 GC:3    +
    1    15  0   0.0%   0.015 CG:3    +
   73    95  0   0.0%   0.745 AU:3    +
   24    39  0   0.0%   0.014 CG:3    +
   73    84  0   0.0%   0.940 AU:3    +
   43    61  0   0.0%   0.344 GC:3    +
   47    67  0   0.0%   2.283 GU:3    +
   74    89  0   0.0%   0.940 AU:3    +
   39    91  0   0.0%   0.533 GU:3    +
   43    75  0   0.0%   1.234 GC:3    +
   13    75  0   0.0%   0.324 GC:3    +
   21    56  0   0.0%   0.361 UA:3    +
   48    70  1   0.0%   1.374 CG:1    UG:1    +
   17    31  0   0.0%   0.087 GC:3    +
   46    72  0   0.0%   1.842 GC:3    +
   81    87  0   0.0%   1.561 UG:3    +
   10    15  0   0.0%   0.041 UG:3    +
   21    71  0   0.0%   0.452 UA:3    +
   16    32  0   0.0%   0.083 GU:3    +
   43    67  0   0.0%   0.677 GU:3    +
   13    34  0   0.0%   0.032 GU:3    +
   13    36  0   0.0%   0.032 GC:3    +
   80    88  0   0.0%   1.364 GU:3    +
   49    97  0   0.0%   1.082 GC:3    +
   16    27  0   0.0%   0.033 GC:3    +
   50    96  0   0.0%   1.022 GC:3    +
   28    97  0   0.0%   0.227 GC:3    +
   22    68  0   0.0%   0.586 GU:3    +
   84    92  0   0.0%   0.665 UA:3    +
   41    89  0   0.0%   0.593 AU:3    +
   47    52  0   0.0%   0.413 GC:3    +
   47    99  0   0.0%   1.347 GC:3    +
   22    55  0   0.0%   0.721 GC:3    +
   17    27  0   0.0%   0.036 GC:3    +
    9    27  0   0.0%   0.059 GC:3    +
   10    26  0   0.0%   0.053 UA:3    +
   20    40  0   0.0%   0.022 CG:3    +
   13    20  0   0.0%   0.040 GC:3    +
   26    34  0   0.0%   0.007 AU:3    +
   18    98  0   0.0%   0.755 CG:3    +
   15    95  0   0.0%   0.904 GU:3    +
   43    60  0   0.0%   0.369 GC:3    +
   21    39  0   0.0%   0.012 UG:3    +
   17    99  0   0.0%   0.727 GC:3    +
   50    79  0   0.0%   1.299 GC:3    +
   73    88  0   0.0%   1.099 AU:3    +
    9    54  0   0.0%   0.064 GC:3    +
   10    53  0   0.0%   0.053 UG:3    +
   10    14  0   0.0%   0.033 UA:3    +
    4    68  0   0.0%   0.022 AU:3    +
   14    19  0   0.0%   0.020 AU:3    +
   19    41  0   0.0%   0.024 UA:3    +
   19    40  0   0.0%   0.024 UG:3    +
   11    37  0   0.0%   0.014 UA:3    +
   68    92  0   0.0%   1.026 UA:3    +
   64    98  0   0.0%   0.969 UG:3    +
   10    16  0   0.0%   0.035 UG:3    +
   13    99  0   0.0%   0.731 GC:3    +
   47    75  0   0.0%   1.625 GC:3    +
   22    84  0   0.0%   1.551 GU:3    +
   17    93  0   0.0%   1.118 GC:3    +
   64    86  0   0.0%   1.226 UA:3    +
   39    75  0   0.0%   0.445 GC:3    +
   22    97  0   0.0%   1.207 GC:3    +
    9    79  0   0.0%   0.287 GC:3    +
   40    69  0   0.0%   0.295 GC:3    +
   15    68  0   0.0%   0.501 GU:3    +
   38    76  0   0.0%   0.334 AU:3    +
   41    68  0   0.0%   0.417 AU:3    +
   16    94  0   0.0%   1.000 GU:3    +
    4    67  0   0.0%   0.022 AU:3    +
   27    39  0   0.0%   0.034 CG:3    +
   50    67  0   0.0%   1.883 GU:3    +
   12    39  0   0.0%   0.031 CG:3    +
   11    40  0   0.0%   0.014 UG:3    +
   46    76  0   0.0%   1.601 GU:3    +
   10    41  0   0.0%   0.053 UA:3    +
   25    80  0   0.0%   0.954 UG:3    +
   22    60  0   0.0%   0.491 GC:3    +
   60    87  0   0.0%   1.491 CG:3    +
   74    84  0   0.0%   0.879 AU:3    +
   19    80  0   0.0%   0.684 UG:3    +
   15    36  0   0.0%   0.046 GC:3    +
    4    76  0   0.0%   0.022 AU:3    +
   16    35  0   0.0%   0.056 GC:3    +
   22    66  0   0.0%   0.549 GC:3    +
   47    72  0   0.0%   1.735 GC:3    +
   49    64  0   0.0%   1.479 GU:3    +
    2    67  0   0.0%   0.033 AU:3    +
   76    87  0   0.0%   1.297 UG:3    +
   39    72  0   0.0%   0.555 GC:3    +
   80    95  0   0.0%   0.940 GU:3    +
   26    64  0   0.0%   0.021 AU:3    +
   22    61  0   0.0%   0.466 GC:3    +
   73    94  0   0.0%   0.738 AU:3    +
   24    98  0   0.0%   0.953 CG:3    +
   26    65  0   0.0%   0.030 AU:3    +
   22    99  0   0.0%   1.145 GC:3    +
   23    40  0   0.0%   0.028 UG:3    +
   11    74  0   0.0%   0.200 UA:3    +
   25    47  0   0.0%   0.815 UG:3    +
   15    27  0   0.0%   0.024 GC:3    +
   16    97  0   0.0%   0.842 GC:3    +
   17    96  0   0.0%   0.801 GC:3    +
    2    65  0   0.0%   0.033 AU:3    +
   57    98  0   0.0%   0.492 CG:3    +
   43    78  0   0.0%   1.234 GC:3    +
   22    32  0   0.0%   0.086 GU:3    +
   61    98  0   0.0%   0.734 CG:3    +
   34    74  0   0.0%   0.360 UA:3    +
   37    91  0   0.0%   0.843 AU:3    +
   39    69  0   0.0%   0.294 GC:3    +
   29    38  0   0.0%   0.026 UA:3    +
   17    91  0   0.0%   1.103 GU:3    +
   53    82  0   0.0%   1.109 GC:3    +
   23    98  0   0.0%   1.165 UG:3    +
   29    37  0   0.0%   0.026 UA:3    +
   14    29  0   0.0%   0.003 AU:3    +
    7    67  0   0.0%   0.084 GU:3    +
    2    76  0   0.0%   0.033 AU:3    +
    2    19  0   0.0%   0.028 AU:3    +
   17    62  0   0.0%   0.518 GC:3    +
   15    89  0   0.0%   1.061 GU:3    +
   40    68  0   0.0%   0.417 GU:3    +
    7    55  0   0.0%   0.065 GC:3    +
   22    90  0   0.0%   1.906 GC:3    +
   21    98  0   0.0%   0.962 UG:3    +
   66    98  0   0.0%   1.144 CG:3    +
   16    20  0   0.0%   0.036 GC:3    +
   68    80  0   0.0%   1.348 UG:3    +
   41    67  0   0.0%   0.391 AU:3    +
    7    81  0   0.0%   0.262 GU:3    +
   51    80  0   0.0%   0.577 CG:3    +
   28    99  0   0.0%   0.164 GC:3    +
   37    95  0   0.0%   0.695 AU:3    +
   36    87  0   0.0%   1.012 CG:3    +
    7    34  0   0.0%   0.064 GU:3    +
   17    34  0   0.0%   0.059 GU:3    +
   67    80  0   0.0%   1.526 UG:3    +
   80    91  0   0.0%   1.100 GU:3    +
   39    97  0   0.0%   0.210 GC:3    +
   40    96  0   0.0%   0.221 GC:3    +
   29    98  0   0.0%   0.254 UG:3    +
   17    72  0   0.0%   0.467 GC:3    +
    2    68  0   0.0%   0.033 AU:3    +
   59    98  0   0.0%   0.640 CG:3    +
   49    68  0   0.0%   1.773 GU:3    +
    7    21  0   0.0%   0.066 GU:3    +
   32    77  0   0.0%   0.391 UA:3    +
    9    84  0   0.0%   0.761 GU:3    +
    9    76  0   0.0%   0.333 GU:3    +
   37    94  0   0.0%   0.688 AU:3    +
   23    43  0   0.0%   0.031 UG:3    +
   27    46  0   0.0%   0.697 CG:3    +
   64    80  0   0.0%   1.356 UG:3    +
   31    98  0   0.0%   0.201 CG:3    +
   41    95  0   0.0%   0.376 AU:3    +
   28    66  0   0.0%   0.207 GC:3    +
   15    21  0   0.0%   0.013 GU:3    +
   21    53  0   0.0%   0.654 UG:3    +
   22    52  0   0.0%   0.469 GC:3    +
   38    94  0   0.0%   0.388 AU:3    +
   22    34  0   0.0%   0.059 GU:3    +
    9    24  0   0.0%   0.059 GC:3    +
    8    29  0   0.0%   0.020 AU:3    +
   35    39  0   0.0%   0.039 CG:3    +
   25    37  0   0.0%   0.013 UA:3    +
   25    92  0   0.0%   0.678 UA:3    +
   26    91  0   0.0%   0.427 AU:3    +
    8    25  0   0.0%   0.021 AU:3    +
   39    62  0   0.0%   0.114 GC:3    +
   40    61  0   0.0%   0.081 GC:3    +
   24    53  0   0.0%   0.747 CG:3    +
   50    81  0   0.0%   1.274 GU:3    +
   43    55  0   0.0%   0.600 GC:3    +
   27    40  0   0.0%   0.034 CG:3    +
   13    76  0   0.0%   0.320 GU:3    +
   58    94  0   0.0%   0.256 AU:3    +
   10    37  0   0.0%   0.053 UA:3    +
    9    68  0   0.0%   0.226 GU:3    +
   12    53  0   0.0%   0.031 CG:3    +
    9    20  0   0.0%   0.079 GC:3    +
   58    95  0   0.0%   0.263 AU:3    +
   53    93  0   0.0%   1.229 GC:3    +
    7    84  0   0.0%   0.224 GU:3    +
   65    80  0   0.0%   1.576 UG:3    +
   13    94  0   0.0%   0.935 GU:3    +
    6    49  0   0.0%   0.022 CG:3    +
   15    99  0   0.0%   0.677 GC:3    +
   39    93  0   0.0%   0.539 GC:3    +
    5    50  0   0.0%   0.024 CG:3    +
   16    95  0   0.0%   1.007 GU:3    +
   22    67  0   0.0%   0.573 GU:3    +
    8    21  0   0.0%   0.024 AU:3    +
    1    28  0   0.0%   0.015 CG:3    +
   45    62  1   0.4%   0.815 GC:2    +
   66    70  1   0.3%   1.982 CG:2    +
   63    78  1   0.3%   1.348 GC:2    +
   27    70  1   0.3%   0.899 CG:2    +
   70    75  1   0.2%   1.382 GC:2    +
   59    63  1   0.2%   1.083 CG:2    +
   61    70  1   0.2%   1.271 CG:2    +
   52    70  1   0.2%   0.757 CG:2    +
   45    60  1   0.2%   0.539 GC:2    +
   54    63  1   0.1%   0.994 CG:2    +
   70    85  1   0.1%   1.618 GC:2    +
   13    33  1   0.1%   0.049 GU:2    +
   70    78  1   0.1%   1.363 GC:2    +
   45    57  1   0.1%   0.555 GC:2    +
   33    73  1   0.1%   0.807 UA:2    +
   36    70  1   0.0%   0.633 CG:2    +
   20    70  1   0.0%   0.540 CG:2    +
   60    70  1   0.0%   1.132 CG:2    +
    6    63  1   0.0%   0.031 CG:2    +
    7    33  1   0.0%   0.069 GU:2    +
    5    70  1   0.0%   0.033 CG:2    +
   33    38  1   0.0%   0.437 UA:2    +
   55    63  1   0.0%   0.986 CG:2    +
   63    79  1   0.0%   1.326 GC:2    +
   63    90  1   0.0%   1.747 GC:2    +
   57    70  1   0.0%   1.003 CG:2    +
   59    70  1   0.0%   1.153 CG:2    +
   55    70  1   0.0%   1.112 CG:2    +
   51    63  1   0.0%   0.533 CG:2    +
   20    45  1   0.0%   0.025 CG:2    +
    5    63  1   0.0%   0.028 CG:2    +
   70    90  1   0.0%   1.931 GC:2    +
   18    63  1   0.0%   0.487 CG:2    +
   31    70  1   0.0%   0.632 CG:2    +
   54    70  1   0.0%   1.114 CG:2    +
   45    69  1   0.0%   1.845 GC:2    +
   70    83  1   0.0%   1.594 GC:2    +
   51    70  1   0.0%   0.692 CG:2    +
   33    71  1   0.0%   0.885 UA:2    +
   45    52  1   0.0%   0.485 GC:2    +
   33    74  1   0.0%   0.707 UA:2    +
   70    96  1   0.0%   1.231 GC:2    +
   63    93  1   0.0%   1.365 GC:2    +
    3    70  1   0.0%   0.040 CG:2    +
   45    55  1   0.0%   0.737 GC:2    +
   70    93  1   0.0%   1.548 GC:2    +
    9    33  1   0.0%   0.066 GU:2    +
   28    33  1   0.0%   0.047 GU:2    +
   70    97  1   0.0%   1.220 GC:2    +
   63    97  1   0.0%   1.036 GC:2    +
   63    85  1   0.0%   1.422 GC:2    +
   45    59  1   0.0%   0.498 GC:2    +
   45    79  1   0.0%   1.649 GC:2    +
    3    63  1   0.0%   0.040 CG:2    +
   45    75  1   0.0%   1.640 GC:2    +
   31    45  1   0.0%   0.493 CG:2    +
   33    43  1   0.0%   0.677 UG:2    +
   20    63  1   0.0%   0.464 CG:2    +
   26    33  1   0.0%   0.017 AU:2    +
   14    33  1   0.0%   0.037 AU:2    +
   63    82  1   0.0%   1.241 GC:2    +
   15    33  1   0.0%   0.057 GU:2    +
   63    83  1   0.0%   1.420 GC:2    +
    1    70  1   0.0%   0.015 CG:2    +
   27    45  1   0.0%   0.755 CG:2    +
   63    99  1   0.0%   0.973 GC:2    +
   63    96  1   0.0%   1.046 GC:2    +
   22    33  1   0.0%   0.069 GU:2    +
   45    72  1   0.0%   1.750 GC:2    +
   18    45  1   0.0%   0.057 CG:2    +
   27    63  1   0.0%   0.408 CG:2    +
   45    54  1   0.0%   0.743 GC:2    +
   24    63  1   0.0%   0.533 CG:2    +
......(((((.((((((..((((..((((((.....))))))(((((((..........)))))))..))))......))))))))))).........
