3 sequence; length of alignment 52
alifold output
   30    37  0  94.6%   0.302 GC:3   
   31    36  0  94.5%   0.356 CG:3   
   29    38  0  94.5%   0.187 AU:3   
   28    39  0  93.9%   0.202 UA:3   
   27    40  0  90.9%   0.388 GC:3   
   42    48  0  16.6%   1.686 UG:1    UA:2    +
   41    49  0  16.7%   1.302 GC:3    +
   25    42  0  13.0%   1.460 GU:3    +
   43    47  0  12.6%   1.200 AU:3    +
   23    46  0  10.5%   1.399 GC:3    +
   15    24  0  10.2%   0.824 GC:3    +
   22    47  0   9.8%   0.844 AU:3    +
   14    25  0   9.4%   0.842 UG:3    +
   13    26  0   8.2%   0.726 UA:3    +
   24    41  0   7.5%   0.988 CG:3    +
   23    42  0   7.2%   0.855 GU:3    +
   24    51  0   6.4%   1.185 CG:3    +
   23    52  0   6.3%   1.486 GC:3    +
   23    44  0   6.1%   0.950 GC:3    +
   42    51  0   4.6%   1.621 UG:3    +
   41    52  0   4.5%   1.204 GC:3    +
   25    44  0   4.2%   1.271 GC:3    +
   43    50  0   3.9%   0.878 AU:3    +
   28    48  0   2.7%   0.449 UG:1    UA:2    +
   20    33  0   2.4%   0.386 UG:1    UA:2    +
   25    40  0   3.2%   0.659 GC:3    +
   25    50  0   2.8%   1.195 GU:3    +
   20    48  0   1.7%   0.445 UG:1    UA:2    +
   27    49  0   2.7%   0.418 GC:3    +
   24    30  0   2.6%   0.546 CG:3    +
   29    47  0   2.6%   0.641 AU:3    +
   23    31  0   2.6%   0.432 GC:3    +
   18    35  0   2.6%   0.345 CG:3    +
   17    36  0   2.6%   0.379 CG:3    +
   19    34  0   2.6%   0.346 UA:3    +
   30    46  0   2.5%   0.672 GC:3    +
   23    45  0   2.2%   0.855 GC:3    +
   26    50  0   2.1%   0.692 AU:3    +
   17    23  0   2.1%   0.302 CG:3    +
   26    42  0   2.0%   0.961 AU:3    +
    2    11  0   1.9%   0.225 GC:3    +
   21    47  0   1.6%   0.294 AU:3    +
   19    48  0   0.4%   0.228 UG:1    UA:2    +
   14    21  0   1.3%   0.254 UA:3    +
    5    12  0   0.1%   0.074 AU:1    UA:2    +
   15    20  0   1.1%   0.251 GU:3    +
   35    40  0   1.1%   0.447 GC:3    +
    5    10  0   0.1%   0.019 AU:1    UA:2    +
   33    42  0   0.1%   0.678 GU:1    AU:2    +
   14    48  0   0.0%   0.388 UG:1    UA:2    +
   13    22  0   1.0%   0.205 UA:3    +
   13    48  0   0.0%   0.322 UG:1    UA:2    +
    1    48  0   0.0%   0.115 UG:1    UA:2    +
   38    48  0   0.0%   0.274 UG:1    UA:2    +
   33    50  0   0.0%   0.320 GU:1    AU:2    +
   33    47  0   0.0%   0.491 GU:1    AU:2    +
   19    33  0   0.0%   0.065 UG:1    UA:2    +
   14    33  0   0.0%   0.364 UG:1    UA:2    +
    1    33  0   0.0%   0.113 UG:1    UA:2    +
   33    38  0   0.0%   0.169 GU:1    AU:2    +
   15    37  0   0.9%   0.463 GC:3    +
   18    51  0   0.9%   0.341 CG:3    +
   35    45  0   0.9%   0.381 GC:3    +
   36    44  0   0.9%   0.614 GC:3    +
   18    25  0   0.8%   0.403 CG:3    +
   17    51  0   0.7%   0.323 CG:3    +
   46    51  0   0.6%   0.913 CG:3    +
    2    24  0   0.6%   0.199 GC:3    +
    1    12  1   1.0%   0.166 UA:2    +
    4    23  0   0.4%   0.092 CG:3    +
   14    22  0   0.4%   0.245 UA:3    +
   15    52  0   0.4%   0.481 GC:3    +
    4    15  0   0.4%   0.067 CG:3    +
    6    14  0   0.4%   0.076 AU:3    +
    6    20  0   0.3%   0.099 AU:3    +
   25    45  0   0.3%   0.971 GC:3    +
   11    41  0   0.3%   0.183 CG:3    +
   11    25  0   0.3%   0.166 CG:3    +
    1    25  0   0.3%   0.147 UG:3    +
   13    23  0   0.3%   0.178 UG:3    +
   15    38  0   0.3%   0.421 GU:3    +
    4    41  0   0.3%   0.093 CG:3    +
   41    46  0   0.3%   0.651 GC:3    +
    3    42  0   0.2%   0.067 AU:3    +
    2    20  0   0.2%   0.139 GU:3    +
   14    39  0   0.2%   0.410 UA:3    +
   23    49  0   0.2%   0.976 GC:3    +
   22    50  0   0.2%   0.382 AU:3    +
   19    26  0   0.2%   0.303 UA:3    +
    3    19  0   0.2%   0.049 AU:3    +
   20    25  0   0.2%   0.452 UG:3    +
   18    23  0   0.2%   0.181 CG:3    +
    1    21  0   0.2%   0.117 UA:3    +
   44    51  0   0.2%   0.828 CG:3    +
   34    42  0   0.2%   0.709 AU:3    +
   36    40  0   0.2%   0.440 GC:3    +
   36    45  0   0.2%   0.393 GC:3    +
   17    25  0   0.2%   0.377 CG:3    +
   35    46  0   0.2%   0.560 GC:3    +
   37    41  0   0.2%   0.376 CG:3    +
   17    41  0   0.1%   0.259 CG:3    +
    8    13  0   0.1%   0.064 AU:3    +
   36    42  0   0.1%   0.787 GU:3    +
   34    47  0   0.1%   0.532 AU:3    +
    1     8  0   0.1%   0.037 UA:3    +
   11    23  0   0.1%   0.135 CG:3    +
   16    42  0   0.1%   0.071 AU:3    +
   15    49  0   0.1%   0.432 GC:3    +
    2    18  0   0.1%   0.114 GC:3    +
   11    51  0   0.1%   0.161 CG:3    +
    8    14  0   0.1%   0.084 AU:3    +
   11    15  0   0.1%   0.140 CG:3    +
   15    40  0   0.1%   0.414 GC:3    +
   29    50  0   0.1%   0.391 AU:3    +
   30    49  0   0.1%   0.389 GC:3    +
   28    51  0   0.1%   0.467 UG:3    +
   27    52  0   0.1%   0.420 GC:3    +
    8    19  0   0.1%   0.079 AU:3    +
    9    14  0   0.1%   0.082 AU:3    +
   21    50  0   0.1%   0.192 AU:3    +
    9    20  0   0.1%   0.090 AU:3    +
    2    14  0   0.1%   0.095 GU:3    +
    1     9  0   0.1%   0.037 UA:3    +
   20    51  0   0.1%   0.400 UG:3    +
    3    13  0   0.1%   0.019 AU:3    +
    9    13  0   0.1%   0.061 AU:3    +
    2    17  0   0.1%   0.100 GC:3    +
   16    38  0   0.1%   0.036 AU:3    +
   35    44  0   0.1%   0.471 GC:3    +
   45    51  0   0.1%   0.624 CG:3    +
    8    20  0   0.1%   0.090 AU:3    +
   26    38  0   0.1%   0.262 AU:3    +
   27    37  0   0.1%   0.065 GC:3    +
    9    19  0   0.1%   0.071 AU:3    +
   14    26  0   0.1%   0.580 UA:3    +
   16    50  0   0.1%   0.046 AU:3    +
   28    36  0   0.1%   0.111 UG:3    +
   40    51  0   0.1%   0.569 CG:3    +
   13    39  0   0.1%   0.328 UA:3    +
   14    41  0   0.1%   0.424 UG:3    +
   18    27  0   0.1%   0.072 CG:3    +
    4    51  0   0.0%   0.074 CG:3    +
    6    13  0   0.0%   0.021 AU:3    +
    1     6  0   0.0%   0.011 UA:3    +
   13    21  0   0.0%   0.082 UA:3    +
   41    45  0   0.0%   0.421 GC:3    +
   38    43  0   0.0%   0.096 UA:3    +
   14    23  0   0.0%   0.194 UG:3    +
   26    47  0   0.0%   0.618 AU:3    +
   25    46  0   0.0%   1.097 GC:3    +
    1    15  0   0.0%   0.083 UG:3    +
   19    51  0   0.0%   0.286 UG:3    +
    2    44  0   0.0%   0.150 GC:3    +
   41    50  0   0.0%   0.809 GU:3    +
   25    49  0   0.0%   0.885 GC:3    +
    3    14  0   0.0%   0.021 AU:3    +
    1    16  0   0.0%   0.085 UA:3    +
   20    43  0   0.0%   0.220 UA:3    +
   39    50  0   0.0%   0.311 AU:3    +
    1    26  0   0.0%   0.117 UA:3    +
   15    44  0   0.0%   0.407 GC:3    +
    4    25  0   0.0%   0.068 CG:3    +
    2    46  0   0.0%   0.151 GC:3    +
   15    50  0   0.0%   0.428 GU:3    +
   38    51  0   0.0%   0.379 UG:3    +
   20    26  0   0.0%   0.349 UA:3    +
   16    20  0   0.0%   0.112 AU:3    +
    2    49  0   0.0%   0.152 GC:3    +
   27    46  0   0.0%   0.346 GC:3    +
   20    34  0   0.0%   0.307 UA:3    +
   25    52  0   0.0%   1.159 GC:3    +
   27    44  0   0.0%   0.410 GC:3    +
   14    51  0   0.0%   0.403 UG:3    +
   15    46  0   0.0%   0.408 GC:3    +
   23    47  0   0.0%   1.225 GU:3    +
   35    42  0   0.0%   0.741 GU:3    +
   22    42  0   0.0%   0.137 AU:3    +
   19    35  0   0.0%   0.257 UG:3    +
   21    42  0   0.0%   0.134 AU:3    +
   18    36  0   0.0%   0.254 CG:3    +
   28    43  0   0.0%   0.074 UA:3    +
    2    52  0   0.0%   0.153 GC:3    +
   32    41  0   0.0%   0.249 CG:3    +
    1    22  0   0.0%   0.096 UA:3    +
    2    45  0   0.0%   0.147 GC:3    +
   15    47  0   0.0%   0.408 GU:3    +
   13    51  0   0.0%   0.337 UG:3    +
   41    47  0   0.0%   0.684 GU:3    +
   23    37  0   0.0%   0.291 GC:3    +
   24    36  0   0.0%   0.455 CG:3    +
   11    27  0   0.0%   0.114 CG:3    +
   19    25  0   0.0%   0.361 UG:3    +
   19    23  0   0.0%   0.200 UG:3    +
   37    51  0   0.0%   0.405 CG:3    +
   19    43  0   0.0%   0.165 UA:3    +
   22    38  0   0.0%   0.113 AU:3    +
    6    47  0   0.0%   0.051 AU:3    +
    6    50  0   0.0%   0.052 AU:3    +
   15    45  0   0.0%   0.404 GC:3    +
   30    45  0   0.0%   0.254 GC:3    +
   18    41  0   0.0%   0.208 CG:3    +
   31    35  0   0.0%   0.192 CG:3    +
   16    47  0   0.0%   0.025 AU:3    +
   15    19  0   0.0%   0.099 GU:3    +
   32    36  0   0.0%   0.157 CG:3    +
   13    41  0   0.0%   0.355 UG:3    +
    6    19  0   0.0%   0.043 AU:3    +
   47    51  0   0.0%   1.157 UG:3    +
    9    42  0   0.0%   0.049 AU:3    +
    3    50  0   0.0%   0.040 AU:3    +
   29    42  0   0.0%   0.631 AU:3    +
   25    47  0   0.0%   1.153 GU:3    +
    1    43  0   0.0%   0.115 UA:3    +
   23    32  0   0.0%   0.245 GC:3    +
    2    50  0   0.0%   0.151 GU:3    +
    3    20  0   0.0%   0.038 AU:3    +
   14    43  0   0.0%   0.384 UA:3    +
    9    50  0   0.0%   0.036 AU:3    +
    8    50  0   0.0%   0.044 AU:3    +
   30    52  0   0.0%   0.458 GC:3    +
   31    51  0   0.0%   0.439 CG:3    +
    2    42  0   0.0%   0.142 GU:3    +
   17    27  0   0.0%   0.099 CG:3    +
   36    52  0   0.0%   0.435 GC:3    +
    2    47  0   0.0%   0.148 GU:3    +
   31    41  0   0.0%   0.393 CG:3    +
    2    19  0   0.0%   0.098 GU:3    +
   16    28  0   0.0%   0.007 AU:3    +
    1    51  0   0.0%   0.115 UG:3    +
   13    43  0   0.0%   0.322 UA:3    +
    6    42  0   0.0%   0.063 AU:3    +
   15    42  0   0.0%   0.431 GU:3    +
   13    25  0   0.0%   0.148 UG:3    +
    2    13  0   0.0%   0.076 GU:3    +
   39    47  0   0.0%   0.486 AU:3    +
    9    47  0   0.0%   0.034 AU:3    +
    8    47  0   0.0%   0.042 AU:3    +
    8    42  0   0.0%   0.056 AU:3    +
    1    23  0   0.0%   0.094 UG:3    +
   23    40  0   0.0%   0.253 GC:3    +
    3    47  0   0.0%   0.038 AU:3    +
   27    42  0   0.0%   0.673 GU:3    +
   32    51  0   0.0%   0.293 CG:3    +
    4    27  0   0.0%   0.047 CG:3    +
   20    41  0   0.0%   0.260 UG:3    +
    2    40  0   0.0%   0.141 GC:3    +
   27    45  0   0.0%   0.203 GC:3    +
   19    41  0   0.0%   0.209 UG:3    +
    3    28  0   0.0%   0.023 AU:3    +
   30    42  0   0.0%   0.724 GU:3    +
    1    41  0   0.0%   0.114 UG:3    +
   15    32  0   0.0%   0.331 GC:3    +
   23    50  0   0.0%   0.975 GU:3    +
   25    32  0   0.0%   0.322 GC:3    +
   25    31  0   0.0%   0.416 GC:3    +
   27    38  0   0.0%   0.037 GU:3    +
    4    30  0   0.0%   0.047 CG:3    +
    6    28  0   0.0%   0.047 AU:3    +
   13    34  0   0.0%   0.315 UA:3    +
    2    32  0   0.0%   0.141 GC:3    +
    6    38  0   0.0%   0.047 AU:3    +
   27    32  0   0.0%   0.007 GC:3    +
   13    27  0   0.0%   0.316 UG:3    +
   30    44  0   0.0%   0.458 GC:3    +
   20    39  0   0.0%   0.229 UA:3    +
   28    35  0   0.0%   0.097 UG:3    +
    2    37  0   0.0%   0.141 GC:3    +
   27    47  0   0.0%   0.404 GU:3    +
   17    30  0   0.0%   0.097 CG:3    +
   21    28  0   0.0%   0.089 AU:3    +
   21    38  0   0.0%   0.109 AU:3    +
   35    49  0   0.0%   0.335 GC:3    +
   19    27  0   0.0%   0.070 UG:3    +
   34    50  0   0.0%   0.342 AU:3    +
    9    38  0   0.0%   0.031 AU:3    +
   20    29  0   0.0%   0.120 UA:3    +
   28    41  0   0.0%   0.308 UG:3    +
   11    35  0   0.0%   0.112 CG:3    +
   19    39  0   0.0%   0.178 UA:3    +
   18    30  0   0.0%   0.062 CG:3    +
   19    29  0   0.0%   0.065 UA:3    +
    8    38  0   0.0%   0.040 AU:3    +
    2    38  0   0.0%   0.141 GU:3    +
   17    35  0   0.0%   0.097 CG:3    +
   14    29  0   0.0%   0.364 UA:3    +
   15    28  0   0.0%   0.331 GU:3    +
   11    36  0   0.0%   0.112 CG:3    +
    5    22  1   0.3%   0.106 UA:2    +
    5    21  1   0.3%   0.093 UA:2    +
    7    13  1   0.3%   0.064 AU:2    +
   10    42  1   0.3%   0.080 AU:2    +
    5    15  1   0.3%   0.084 UG:2    +
    7    19  1   0.3%   0.091 AU:2    +
    7    14  1   0.2%   0.081 AU:2    +
    7    20  1   0.1%   0.102 AU:2    +
   12    50  1   0.1%   0.081 AU:2    +
   10    19  1   0.1%   0.069 AU:2    +
    1     7  1   0.1%   0.018 UA:2    +
    1    10  1   0.0%   0.036 UA:2    +
   12    20  1   0.0%   0.114 AU:2    +
   12    19  1   0.0%   0.105 AU:2    +
   10    14  1   0.0%   0.066 AU:2    +
    5    48  1   0.0%   0.070 UA:2    +
    5     9  1   0.0%   0.009 UA:2    +
    5    16  1   0.0%   0.034 UA:2    +
    5    51  1   0.0%   0.074 UG:2    +
   12    42  1   0.0%   0.091 AU:2    +
   10    28  1   0.0%   0.018 AU:2    +
    5    43  1   0.0%   0.068 UA:2    +
   10    20  1   0.0%   0.069 AU:2    +
    5    26  1   0.0%   0.069 UA:2    +
    7    50  1   0.0%   0.057 AU:2    +
   10    50  1   0.0%   0.036 AU:2    +
    7    47  1   0.0%   0.056 AU:2    +
    5    23  1   0.0%   0.090 UG:2    +
   12    47  1   0.0%   0.060 AU:2    +
    5    29  1   0.0%   0.067 UA:2    +
    5    25  1   0.0%   0.086 UG:2    +
   10    47  1   0.0%   0.035 AU:2    +
   12    38  1   0.0%   0.057 AU:2    +
    5    39  1   0.0%   0.067 UA:2    +
    7    42  1   0.0%   0.069 AU:2    +
    5    41  1   0.0%   0.082 UG:2    +
   12    28  1   0.0%   0.058 AU:2    +
   10    38  1   0.0%   0.017 AU:2    +
..........................(((((....)))))............
