3 sequence; length of alignment 121
alifold output
   76    94  0  99.5%   0.014 CG:1    UG:2   
   66   105  0  99.2%   0.033 UG:2    UA:1   
   70   101  0  99.9%   0.011 CG:3   
   69   102  0  99.7%   0.020 GC:3   
   71   100  0  99.7%   0.019 UG:3   
   65   106  0  99.7%   0.023 UA:3   
   64   107  0  99.6%   0.031 GU:3   
   74    96  0  99.6%   0.022 GC:3   
   75    95  0  99.6%   0.019 AU:3   
   72    99  0  99.4%   0.027 GC:3   
   63   108  0  99.4%   0.056 CG:3   
   77    93  0  99.3%   0.028 CG:3   
   62   109  0  95.7%   0.210 AU:3   
   73    97  0  92.6%   0.221 UG:3   
   78    92  0  88.3%   0.394 GC:1    GU:2   
   37    55  0  87.1%   0.754 GC:3   
   38    54  0  87.1%   0.723 UA:3   
   39    53  0  86.0%   0.824 GC:3   
   36    56  0  83.7%   0.749 UA:3   
   67   104  0  82.2%   0.484 UA:3   
   59   113  0  78.7%   1.396 CG:3   
   41    50  0  78.2%   0.731 GC:3   
   60   112  0  77.9%   1.338 AU:3   
   42    49  0  77.3%   0.790 UA:3   
   35    57  0  73.9%   0.968 AU:3   
   61   111  0  69.3%   1.647 CG:3   
   43    48  0  60.8%   1.135 UA:3   
   58   114  0  59.3%   1.768 UA:3   
   40    52  0  47.3%   1.925 AU:3   
    4    13  0  44.7%   1.939 GC:1    AU:2   
    3    14  1  44.6%   1.929 GC:2   
    2    15  0  43.1%   1.875 GC:2    GU:1   
    5    12  0  41.2%   1.934 GU:2    AU:1   
   40    51  0  39.5%   1.542 AU:3    +
   21    28  0  35.8%   1.253 GC:3   
   22    27  0  35.7%   1.225 CG:3   
   34    58  0  31.0%   1.125 AU:3    +
    3    13  0  29.4%   1.220 GC:1    GU:2    +
    4    12  0  29.2%   1.221 GU:1    AU:2    +
    2    14  1  29.2%   1.206 GC:2    +
    5    11  0  27.5%   1.190 GU:2    AU:1    +
    1    15  0  28.0%   1.136 GC:2    --:1    +
   61   110  1  26.6%   1.210 CG:2    +
   21    33  0  23.9%   1.522 GC:3    +
   22    32  0  23.9%   1.499 CG:3    +
    9   119  0  15.3%   1.094 GC:2    GU:1    +
   13   115  0  15.0%   1.740 CG:1    UG:2    +
   10   118  0  15.4%   1.099 UA:3    +
   12   116  0  15.4%   1.707 UA:3    +
   11   117  1  15.4%   1.448 UA:2    +
   32    59  0  12.0%   1.369 GC:3    +
   82    88  0  11.5%   0.827 AU:3    +
   81    89  0  11.2%   0.850 AU:3    +
   80    91  1  11.6%   0.759 CG:2    +
   28    37  0  10.4%   1.413 CG:3    +
   27    38  0  10.4%   1.419 GU:3    +
   26    39  0  10.4%   0.898 CG:3    +
   29    36  0   9.9%   1.072 AU:3    +
   25    40  0   9.9%   0.950 UA:3    +
   19    29  0   9.5%   0.762 UA:3    +
   18    30  0   9.4%   0.746 AU:3    +
   31    60  0   9.2%   1.029 UA:3    +
   57   115  0   8.8%   1.493 UG:3    +
   30    35  0   8.3%   1.037 UA:3    +
   17    31  0   8.2%   0.723 AU:3    +
   27    33  0   8.1%   1.404 GC:3    +
   28    32  0   8.0%   1.419 CG:3    +
   20    45  0   7.7%   0.895 CG:3    +
   20   113  0   7.5%   1.055 CG:3    +
   19    46  0   7.4%   1.081 UG:3    +
   21   112  0   7.3%   1.525 GU:3    +
   22   111  0   7.3%   1.531 CG:3    +
   18    47  0   7.1%   0.873 AU:3    +
   19   114  0   6.7%   1.175 UA:3    +
   26   113  0   6.2%   1.123 CG:3    +
   27   112  0   6.2%   1.618 GU:3    +
   28   111  0   6.2%   1.596 CG:3    +
   25   114  0   5.5%   1.107 UA:3    +
   45    50  0   4.7%   1.090 GC:3    +
   41    51  0   4.3%   1.120 GU:3    +
   23   110  0   3.2%   0.468 UG:2    UA:1    +
   44    51  0   3.9%   1.059 AU:3    +
    9    50  0   3.4%   0.415 GC:3    +
   10    49  0   3.4%   0.448 UA:3    +
    7    52  0   2.4%   0.376 GU:2    AU:1    +
   20   115  0   3.2%   1.254 CG:3    +
   11    48  0   3.2%   0.785 UA:3    +
    8    51  0   3.1%   0.378 AU:3    +
   19   116  0   2.8%   1.401 UA:3    +
    4    11  0   1.7%   0.211 GU:1    AU:2    +
    2    13  0   1.7%   0.208 GC:1    GU:2    +
   13    46  0   1.5%   0.989 CG:1    UG:2    +
   20    39  0   2.3%   0.388 CG:3    +
   21    38  0   2.3%   1.069 GU:3    +
   22    37  0   2.3%   1.037 CG:3    +
   19    40  0   2.2%   0.571 UA:3    +
    5    10  0   1.2%   0.163 GU:2    AU:1    +
   78    90  0   1.0%   0.157 GC:2    GU:1    +
   54   112  0   1.9%   0.831 AU:3    +
   53   113  0   1.9%   0.874 CG:3    +
   55   111  0   1.9%   0.845 CG:3    +
   82    89  0   1.8%   0.776 AU:3    +
   15   113  0   0.7%   0.937 CG:2    UG:1    +
   52   114  0   1.7%   1.124 UA:3    +
   24    31  0   1.7%   0.579 AU:3    +
    3    12  0   1.7%   0.212 GU:3    +
   24    30  0   1.7%   0.491 AU:3    +
   25    29  0   1.7%   0.493 UA:3    +
    7    15  0   0.6%   0.826 GC:2    AU:1    +
    6    16  0   0.6%   0.102 AU:1    UA:2    +
   15    32  0   0.6%   0.851 CG:2    UG:1    +
    4    19  0   0.5%   0.880 GU:1    AU:2    +
    6   120  0   0.5%   0.216 AU:1    UA:2    +
    5    30  0   0.4%   0.879 GU:2    AU:1    +
    4    31  0   0.4%   0.932 GU:1    AU:2    +
    7   119  0   0.4%   0.309 GC:2    AU:1    +
    4    25  0   0.4%   0.912 GU:1    AU:2    +
   15    45  0   0.4%   0.919 CG:2    UG:1    +
   21   119  0   0.3%   1.509 GC:2    GU:1    +
   23    44  0   1.3%   0.245 UA:3    +
    1    14  0   1.3%   0.182 GC:2    --:1    +
   22    45  0   1.3%   1.335 CG:3    +
    4    23  0   0.3%   0.872 GU:1    AU:2    +
   25    35  0   1.2%   0.296 UA:3    +
  111   119  0   0.2%   1.169 GC:2    GU:1    +
   24    36  0   1.2%   0.319 AU:3    +
   81    88  0   1.2%   0.190 AU:3    +
   24    43  0   1.2%   0.408 AU:3    +
    4    52  0   0.2%   0.922 GU:1    AU:2    +
   24   109  0   1.2%   0.415 AU:3    +
   51   115  0   1.1%   1.411 UG:3    +
   13   113  0   0.1%   0.889 CG:1    UG:2    +
   20    27  0   1.1%   0.229 CG:3    +
   39    52  0   1.1%   0.601 GU:3    +
   31   105  0   0.1%   0.614 UG:2    UA:1    +
    5    57  0   0.1%   0.905 GU:2    AU:1    +
    4    58  0   0.1%   0.919 GU:1    AU:2    +
    5   119  0   0.1%   0.921 GC:2    AU:1    +
   79    89  0   1.1%   0.189 AU:3    +
   46   119  0   0.1%   0.701 GC:2    GU:1    +
   76   101  0   0.1%   0.027 CG:1    UG:2    +
  115   119  0   0.1%   1.199 GC:2    GU:1    +
   31   110  0   0.1%   0.731 UG:2    UA:1    +
    5    51  0   0.1%   0.847 GU:2    AU:1    +
    7    11  0   0.0%   0.438 GU:2    AU:1    +
   15   111  0   0.0%   0.826 CG:2    UG:1    +
    4    10  0   0.0%   0.010 GU:1    AU:2    +
    4    51  0   0.0%   0.891 GU:1    AU:2    +
    5    25  0   0.0%   0.838 GU:2    AU:1    +
   15    21  0   0.0%   0.812 CG:2    UG:1    +
   78    87  0   0.0%   0.010 GC:2    GU:1    +
   58   110  0   0.0%   0.517 UG:2    UA:1    +
   32   119  0   0.0%   1.234 GC:2    GU:1    +
   21    26  0   1.0%   0.246 GC:3    +
    9    13  0   0.0%   0.798 GC:1    GU:2    +
   15   115  0   0.0%   1.162 CG:2    UG:1    +
   13    45  0   0.0%   0.806 CG:1    UG:2    +
   76    97  0   0.0%   0.083 CG:1    UG:2    +
    2   119  0   0.0%   0.893 GC:2    GU:1    +
    7    23  0   0.0%   0.096 GU:2    AU:1    +
    3    15  0   0.0%   1.517 GC:2    GU:1    +
    4    57  0   0.0%   0.905 GU:1    AU:2    +
   15   110  0   0.0%   0.817 CG:2    UA:1    +
    9    15  0   0.0%   0.767 GC:2    GU:1    +
  113   119  0   0.0%   1.113 GC:2    GU:1    +
   67   105  0   0.0%   0.181 UG:2    UA:1    +
    4    30  0   0.0%   0.860 GU:1    AU:2    +
    7    12  0   0.0%   0.802 GU:2    AU:1    +
    5    15  0   0.0%   1.498 GC:2    AU:1    +
   57   110  0   0.0%   0.374 UG:2    UA:1    +
   15    46  0   0.0%   0.899 CG:2    UG:1    +
    3   119  0   0.0%   0.922 GC:2    GU:1    +
   13    21  0   0.0%   0.844 CG:1    UG:2    +
    5    19  0   0.0%   0.812 GU:2    AU:1    +
    5    52  0   0.0%   0.853 GU:2    AU:1    +
   27   119  0   0.0%   1.405 GC:2    GU:1    +
    7    31  0   0.0%   0.120 GU:2    AU:1    +
  110   119  0   0.0%   0.845 GC:2    AU:1    +
   41   119  0   0.0%   0.743 GC:2    GU:1    +
   30   105  0   0.0%   0.561 UG:2    UA:1    +
   87    93  0   0.0%   0.019 CG:2    UG:1    +
    5    23  0   0.0%   0.821 GU:2    AU:1    +
    7    51  0   0.0%   0.101 GU:2    AU:1    +
   87    94  0   0.0%   0.037 CG:2    UG:1    +
   30   110  0   0.0%   0.687 UG:2    UA:1    +
    7    25  0   0.0%   0.104 GU:2    AU:1    +
   45   119  0   0.0%   0.866 GC:2    GU:1    +
   15    27  0   0.0%   0.761 CG:2    UG:1    +
   76    93  0   0.0%   0.000 CG:1    UG:2    +
   65   105  0   0.0%   0.013 UG:2    UA:1    +
   15    41  0   0.0%   0.789 CG:2    UG:1    +
    5    87  0   0.0%   0.887 GC:2    AU:1    +
    4    88  0   0.0%   0.904 GU:1    AU:2    +
    7    85  0   0.0%   0.214 GU:2    AU:1    +
    2    90  0   0.0%   0.870 GC:2    GU:1    +
   13    32  0   0.0%   0.800 CG:1    UG:2    +
   13   111  0   0.0%   0.863 CG:1    UG:2    +
    7    47  0   0.0%   0.093 GU:2    AU:1    +
   37   119  0   0.0%   0.811 GC:2    GU:1    +
    7    57  0   0.0%   0.226 GU:2    AU:1    +
   19   110  0   0.0%   0.619 UG:2    UA:1    +
   13    78  0   0.0%   0.863 CG:1    UG:2    +
   25   110  0   0.0%   0.530 UG:2    UA:1    +
   90   105  0   0.0%   0.064 CG:2    UA:1    +
   15    39  0   0.0%   0.789 CG:2    UG:1    +
   93   119  0   0.0%   0.376 GC:2    GU:1    +
    7    58  0   0.0%   0.222 GU:2    AU:1    +
    7    19  0   0.0%   0.075 GU:2    AU:1    +
    5    31  0   0.0%   0.855 GU:2    AU:1    +
   87   108  0   0.0%   0.045 CG:2    UG:1    +
    7    30  0   0.0%   0.118 GU:2    AU:1    +
   13    27  0   0.0%   0.800 CG:1    UG:2    +
   51   110  0   0.0%   0.880 UG:2    UA:1    +
   85   110  0   0.0%   0.492 UG:2    UA:1    +
   13    41  0   0.0%   0.799 CG:1    UG:2    +
   84    89  0   0.9%   0.519 AU:3    +
   14    45  1   1.4%   0.972 CG:2    +
   26   115  0   0.8%   1.083 CG:3    +
   53   115  0   0.7%   0.927 CG:3    +
   52   116  0   0.7%   1.172 UA:3    +
   25   116  0   0.7%   1.106 UA:3    +
   18    31  0   0.6%   0.605 AU:3    +
   28   113  0   0.5%   1.548 CG:3    +
   79    88  0   0.5%   0.088 AU:3    +
   43    49  0   0.5%   0.805 UA:3    +
   29   112  0   0.5%   1.041 AU:3    +
    3    20  0   0.5%   0.896 GC:3    +
   17    30  0   0.5%   0.134 AU:3    +
   17    42  0   0.5%   0.339 AU:3    +
   30   111  0   0.5%   1.029 UG:3    +
    3    26  0   0.5%   0.920 GC:3    +
    2    33  0   0.4%   0.895 GC:3    +
   79    92  1   0.9%   0.321 AU:2    +
    9    22  0   0.4%   0.141 GC:3    +
    8    19  0   0.4%   0.108 AU:3    +
   10    21  0   0.4%   0.163 UG:3    +
    8    23  0   0.4%   0.115 AU:3    +
    1    28  0   0.4%   0.514 GC:2    --:1    +
    5   121  0   0.4%   0.954 GU:2    --:1    +
   22   115  0   0.3%   1.613 CG:3    +
   78    96  0   0.3%   0.230 GC:3    +
    8    52  0   0.3%   0.313 AU:3    +
   79    95  0   0.3%   0.179 AU:3    +
   80    94  0   0.3%   0.309 CG:3    +
   22    41  0   0.3%   0.927 CG:3    +
    1   119  0   0.3%   0.526 GC:2    --:1    +
   25   108  0   0.3%   0.450 UG:3    +
   21    42  0   0.3%   0.986 GU:3    +
    2    55  0   0.3%   0.900 GC:3    +
   23   116  0   0.3%   0.713 UA:3    +
   77    97  0   0.3%   0.136 CG:3    +
   18    42  0   0.3%   0.365 AU:3    +
   19    35  0   0.3%   0.350 UA:3    +
   17    43  0   0.3%   0.360 AU:3    +
   41    55  0   0.2%   0.594 GC:3    +
  112   118  0   0.2%   1.063 UA:3    +
   42    54  0   0.2%   0.469 UA:3    +
    3    53  0   0.2%   0.915 GC:3    +
    1    22  0   0.2%   0.470 GC:2    --:1    +
    9    26  0   0.2%   0.128 GC:3    +
   78    89  0   0.2%   0.043 GU:3    +
   18    36  0   0.2%   0.317 AU:3    +
   21    47  0   0.2%   1.140 GU:3    +
   55   113  0   0.2%   0.848 CG:3    +
   22    46  0   0.2%   1.265 CG:3    +
   56   112  0   0.2%   0.702 AU:3    +
   23   114  0   0.2%   0.479 UA:3    +
   11    17  0   0.2%   0.477 UA:3    +
   57   111  0   0.2%   0.770 UG:3    +
    7   121  0   0.2%   0.293 GU:2    --:1    +
   10    18  0   0.2%   0.097 UA:3    +
   19    41  0   0.2%   0.436 UG:3    +
   50   115  0   0.2%   0.979 CG:3    +
   75    98  0   0.2%   0.045 AU:3    +
   20    46  0   0.2%   0.726 CG:3    +
    6    54  1   0.7%   0.194 UA:2    +
   11   115  0   0.2%   0.601 UG:3    +
    3    55  0   0.2%   0.932 GC:3    +
   10   116  0   0.2%   0.249 UA:3    +
    5    55  1   0.7%   0.975 GC:2    +
   19    34  0   0.2%   0.325 UA:3    +
   59   111  0   0.2%   0.807 CG:3    +
   74    99  0   0.2%   0.049 GC:3    +
   23    32  0   0.1%   0.459 UG:3    +
   12   114  0   0.1%   0.847 UA:3    +
   28   108  0   0.1%   0.907 CG:3    +
   46    50  0   0.1%   0.785 GC:3    +
   29   107  0   0.1%   0.579 AU:3    +
   45    51  0   0.1%   1.267 GU:3    +
   30   106  0   0.1%   0.586 UA:3    +
   27   109  0   0.1%   0.947 GU:3    +
   84    88  0   0.1%   0.356 AU:3    +
   23    45  0   0.1%   0.494 UG:3    +
   46    55  0   0.1%   0.547 GC:3    +
   42    48  0   0.1%   0.210 UA:3    +
    9    20  0   0.1%   0.108 GC:3    +
    1     6  0   0.1%   0.024 GU:2    --:1    +
   79    98  0   0.1%   0.178 AU:3    +
   78    99  0   0.1%   0.231 GC:3    +
   80    97  0   0.1%   0.381 CG:3    +
   77   100  0   0.1%   0.063 CG:3    +
    2    20  0   0.1%   0.824 GC:3    +
   61    72  0   0.1%   0.038 CG:3    +
   25    34  0   0.1%   0.142 UA:3    +
   60    73  0   0.1%   0.251 AU:3    +
   59    74  0   0.1%   0.292 CG:3    +
   47    54  0   0.1%   0.397 UA:3    +
   62    71  0   0.1%   0.031 AU:3    +
   19    48  0   0.1%   0.745 UA:3    +
    9    19  0   0.1%   0.092 GU:3    +
   23    40  0   0.1%   0.169 UA:3    +
    2    26  0   0.1%   0.835 GC:3    +
   26    32  0   0.1%   0.509 CG:3    +
    3    19  0   0.1%   0.815 GU:3    +
   51   114  0   0.1%   1.144 UA:3    +
   57   116  0   0.1%   0.988 UA:3    +
   82    95  0   0.1%   0.370 AU:3    +
   25   111  0   0.1%   0.636 UG:3    +
   83    94  0   0.1%   0.076 CG:3    +
   24   112  0   0.1%   0.546 AU:3    +
   32    61  0   0.1%   0.874 GC:3    +
    1    20  0   0.1%   0.442 GC:2    --:1    +
   34    57  0   0.1%   0.051 AU:3    +
    3    59  0   0.1%   0.915 GC:3    +
   44    52  0   0.1%   0.732 AU:3    +
   39    59  0   0.1%   0.786 GC:3    +
   40    58  0   0.1%   1.433 AU:3    +
   38    60  0   0.1%   0.685 UA:3    +
   37    61  0   0.1%   0.473 GC:3    +
   41    57  0   0.1%   0.638 GU:3    +
   11    18  0   0.1%   0.475 UA:3    +
    3    25  0   0.1%   0.848 GU:3    +
   10    17  0   0.1%   0.075 UA:3    +
   58    75  0   0.1%   0.395 UA:3    +
   16    43  1   0.6%   0.162 AU:2    +
   24    42  0   0.1%   0.274 AU:3    +
    2    53  0   0.1%   0.862 GC:3    +
   33   111  0   0.1%   1.004 CG:3    +
   42    56  0   0.1%   0.456 UA:3    +
   45    53  0   0.1%   0.707 GC:3    +
   32   112  0   0.1%   1.306 GU:3    +
   33   115  0   0.1%   1.079 CG:3    +
   12    17  0   0.1%   0.836 UA:3    +
   46    52  0   0.1%   0.862 GU:3    +
    2    22  0   0.1%   0.830 GC:3    +
   47   118  0   0.1%   0.528 UA:3    +
   55   115  0   0.1%   0.892 CG:3    +
   23   113  0   0.1%   0.503 UG:3    +
   31   113  0   0.1%   1.064 UG:3    +
   16    31  1   0.6%   0.156 AU:2    +
   83    93  0   0.1%   0.050 CG:3    +
   29    38  0   0.1%   0.880 AU:3    +
   28    39  0   0.1%   1.189 CG:3    +
   30    37  0   0.1%   0.886 UG:3    +
   23   118  0   0.1%   0.595 UA:3    +
   30   114  0   0.1%   0.971 UA:3    +
    3    52  0   0.0%   0.875 GU:3    +
   32   102  0   0.0%   0.871 GC:3    +
   33   101  0   0.0%   0.585 CG:3    +
   31    62  0   0.0%   0.599 UA:3    +
    1    23  0   0.0%   0.455 GU:2    --:1    +
   58   115  0   0.0%   1.512 UG:3    +
   83    91  1   0.5%   0.345 CG:2    +
   57   114  0   0.0%   0.715 UA:3    +
   63    69  0   0.0%   0.012 CG:3    +
   64    70  0   0.0%   0.012 GC:3    +
    7    53  1   0.5%   0.297 GC:2    +
    1    26  0   0.0%   0.457 GC:2    --:1    +
   11    24  0   0.0%   0.467 UA:3    +
    2    28  0   0.0%   0.849 GC:3    +
   36    62  0   0.0%   0.459 UA:3    +
   12    48  0   0.0%   0.934 UA:3    +
   27    31  0   0.0%   0.793 GU:3    +
   20    32  0   0.0%   0.168 CG:3    +
   26    41  0   0.0%   0.383 CG:3    +
   32   109  0   0.0%   0.934 GU:3    +
   65    69  0   0.0%   0.013 UG:3    +
   33   108  0   0.0%   0.614 CG:3    +
    1    55  0   0.0%   0.484 GC:2    --:1    +
   23   115  0   0.0%   0.704 UG:3    +
    9    51  0   0.0%   0.303 GU:3    +
   46    53  0   0.0%   0.521 GC:3    +
    3    11  0   0.0%   0.009 GU:3    +
    2    25  0   0.0%   0.817 GU:3    +
   11    49  0   0.0%   0.691 UA:3    +
   58   113  0   0.0%   0.936 UG:3    +
   73   100  0   0.0%   0.091 UG:3    +
    3    28  0   0.0%   0.892 GC:3    +
   26   111  0   0.0%   0.569 CG:3    +
   12    18  0   0.0%   0.833 UA:3    +
   11   116  0   0.0%   0.597 UA:3    +
   79    85  0   0.0%   0.008 AU:3    +
   12   115  0   0.0%   0.846 UG:3    +
   77    94  0   0.0%   0.027 CG:3    +
   12    46  0   0.0%   0.819 UG:3    +
   18   112  0   0.0%   0.528 AU:3    +
   27    61  0   0.0%   0.870 GC:3    +
   26   108  0   0.0%   0.369 CG:3    +
   19   118  0   0.0%   1.202 UA:3    +
   19   111  0   0.0%   0.630 UG:3    +
   60   109  0   0.0%   0.307 AU:3    +
   61   108  0   0.0%   0.060 CG:3    +
   25    41  0   0.0%   0.436 UG:3    +
    3    57  0   0.0%   0.900 GU:3    +
   22   113  0   0.0%   1.388 CG:3    +
    2    12  0   0.0%   0.007 GU:3    +
   18   121  0   0.0%   0.540 AU:2    --:1    +
   59   115  0   0.0%   1.286 CG:3    +
   23    29  0   0.0%   0.302 UA:3    +
   30    60  0   0.0%   0.563 UA:3    +
    1    33  0   0.0%   0.478 GC:2    --:1    +
   81    85  0   0.0%   0.008 AU:3    +
   58   116  0   0.0%   1.206 UA:3    +
    8    25  0   0.0%   0.087 AU:3    +
    8   121  0   0.0%   0.212 AU:2    --:1    +
   19    44  0   0.0%   0.420 UA:3    +
   17    47  0   0.0%   0.306 AU:3    +
    3    22  0   0.0%   0.851 GC:3    +
    2    23  0   0.0%   0.815 GU:3    +
   19    32  0   0.0%   0.329 UG:3    +
   41    53  0   0.0%   0.557 GC:3    +
   20   111  0   0.0%   0.438 CG:3    +
    3    58  0   0.0%   0.899 GU:3    +
   18    25  0   0.0%   0.065 AU:3    +
   28   115  0   0.0%   1.550 CG:3    +
    9    33  0   0.0%   0.094 GC:3    +
   72    98  0   0.0%   0.013 GU:3    +
   62   107  0   0.0%   0.031 AU:3    +
   27    63  0   0.0%   0.870 GC:3    +
   23    35  0   0.0%   0.081 UA:3    +
   19    24  0   0.0%   0.080 UA:3    +
   10    32  0   0.0%   0.103 UG:3    +
    2    19  0   0.0%   0.798 GU:3    +
    2    59  0   0.0%   0.873 GC:3    +
   17    51  0   0.0%   0.423 AU:3    +
   85    93  0   0.0%   0.025 UG:3    +
   78    83  0   0.0%   0.004 GC:3    +
   51   116  0   0.0%   1.272 UA:3    +
   10    24  0   0.0%   0.103 UA:3    +
    2    57  0   0.0%   0.870 GU:3    +
   45    55  0   0.0%   0.711 GC:3    +
   20    41  0   0.0%   0.230 CG:3    +
   34   107  0   0.0%   0.403 AU:3    +
   30    34  0   0.0%   0.367 UA:3    +
   35    58  0   0.0%   0.878 AU:3    +
   37    53  0   0.0%   0.388 GC:3    +
    9    55  0   0.0%   0.252 GC:3    +
   21    43  0   0.0%   0.960 GU:3    +
   11   118  0   0.0%   1.166 UA:3    +
   10    54  0   0.0%   0.252 UA:3    +
   26    64  0   0.0%   0.348 CG:3    +
   31   116  0   0.0%   1.064 UA:3    +
    3    31  0   0.0%   0.866 GU:3    +
    1    13  0   0.0%   0.012 GU:2    --:1    +
   21    31  0   0.0%   0.762 GU:3    +
   36    54  0   0.0%   0.333 UA:3    +
   52   115  0   0.0%   1.157 UG:3    +
   31    35  0   0.0%   0.646 UA:3    +
   19    49  0   0.0%   0.739 UA:3    +
   17    23  0   0.0%   0.074 AU:3    +
   23    41  0   0.0%   0.102 UG:3    +
   66   106  0   0.0%   0.023 UA:3    +
    1   121  0   0.0%   0.497 GU:2    --:1    +
   18    23  0   0.0%   0.072 AU:3    +
   30   118  0   0.0%   0.904 UA:3    +
   30   116  0   0.0%   1.054 UA:3    +
   31   115  0   0.0%   1.087 UG:3    +
    9    28  0   0.0%   0.115 GC:3    +
   12    24  0   0.0%   0.821 UA:3    +
    9    25  0   0.0%   0.088 GU:3    +
   10    27  0   0.0%   0.101 UG:3    +
   51   118  0   0.0%   1.151 UA:3    +
   61   113  0   0.0%   1.364 CG:3    +
   24    47  0   0.0%   0.462 AU:3    +
    2    58  0   0.0%   0.870 GU:3    +
   80    93  0   0.0%   0.259 CG:3    +
    1    53  0   0.0%   0.476 GC:2    --:1    +
   57   118  0   0.0%   0.796 UA:3    +
   63    72  0   0.0%   0.015 CG:3    +
   62    73  0   0.0%   0.025 AU:3    +
   61    74  0   0.0%   0.032 CG:3    +
   23    48  0   0.0%   0.259 UA:3    +
   25    46  0   0.0%   0.706 UG:3    +
   17   112  0   0.0%   0.330 AU:3    +
   30    62  0   0.0%   0.561 UA:3    +
   17    52  0   0.0%   0.427 AU:3    +
   28    64  0   0.0%   0.862 CG:3    +
   26    45  0   0.0%   0.695 CG:3    +
   18    43  0   0.0%   0.354 AU:3    +
    1    10  0   0.0%   0.010 GU:2    --:1    +
   62   112  0   0.0%   0.772 AU:3    +
   32    58  0   0.0%   0.609 GU:3    +
   74    98  0   0.0%   0.016 GU:3    +
    1    19  0   0.0%   0.425 GU:2    --:1    +
   19   115  0   0.0%   1.106 UG:3    +
    1    59  0   0.0%   0.480 GC:2    --:1    +
   18    51  0   0.0%   0.616 AU:3    +
   27    65  0   0.0%   0.869 GU:3    +
   23    27  0   0.0%   0.471 UG:3    +
   41    52  0   0.0%   0.893 GU:3    +
  114   121  0   0.0%   0.798 AU:2    --:1    +
   21    50  0   0.0%   1.045 GC:3    +
   17   121  0   0.0%   0.341 AU:2    --:1    +
  111   121  0   0.0%   0.817 GU:2    --:1    +
  116   121  0   0.0%   0.540 AU:2    --:1    +
   78    88  0   0.0%   0.006 GU:3    +
   16   121  0   0.0%   0.165 AU:2    --:1    +
   63   111  0   0.0%   0.775 CG:3    +
   27   107  0   0.0%   0.869 GU:3    +
   52   118  0   0.0%   0.955 UA:3    +
   31   104  0   0.0%   0.592 UA:3    +
    8    30  0   0.0%   0.076 AU:3    +
    3    10  0   0.0%   0.002 GU:3    +
   66   104  0   0.0%   0.002 UA:3    +
   33    37  0   0.0%   0.901 CG:3    +
   32    38  0   0.0%   0.924 GU:3    +
   58   111  0   0.0%   0.887 UG:3    +
    8    12  0   0.0%   0.798 AU:3    +
    2    11  0   0.0%   0.002 GU:3    +
   10    45  0   0.0%   0.101 UG:3    +
   64    71  0   0.0%   0.014 GU:3    +
   33   113  0   0.0%   1.040 CG:3    +
    8    47  0   0.0%   0.051 AU:3    +
   52   113  0   0.0%   0.994 UG:3    +
   31    39  0   0.0%   0.693 UG:3    +
   23    37  0   0.0%   0.150 UG:3    +
   30    40  0   0.0%   0.878 UA:3    +
   11    44  0   0.0%   0.457 UA:3    +
   32    57  0   0.0%   0.611 GU:3    +
    3    33  0   0.0%   0.890 GC:3    +
   27    59  0   0.0%   0.872 GC:3    +
   42   118  0   0.0%   0.593 UA:3    +
   47    56  0   0.0%   0.373 UA:3    +
   12    35  0   0.0%   0.813 UA:3    +
   23    34  0   0.0%   0.073 UA:3    +
   25    32  0   0.0%   0.497 UG:3    +
   43    54  0   0.0%   0.600 UA:3    +
   46    57  0   0.0%   0.577 GU:3    +
   11   114  0   0.0%   0.570 UA:3    +
   31   114  0   0.0%   0.976 UA:3    +
  115   121  0   0.0%   0.851 GU:2    --:1    +
   10   115  0   0.0%   0.218 UG:3    +
   12    21  0   0.0%   0.856 UG:3    +
   57   113  0   0.0%   0.801 UG:3    +
   42    46  0   0.0%   0.368 UG:3    +
  117   121  0   0.0%   0.368 AU:2    --:1    +
   12   118  0   0.0%   1.414 UA:3    +
   88    93  0   0.0%   0.353 UG:3    +
    1    12  0   0.0%   0.010 GU:2    --:1    +
   31   118  0   0.0%   0.912 UA:3    +
   31    40  0   0.0%   0.689 UA:3    +
    1    57  0   0.0%   0.478 GU:2    --:1    +
   30    41  0   0.0%   0.593 UG:3    +
   86    95  0   0.0%   0.030 AU:3    +
   12   113  0   0.0%   0.819 UG:3    +
   46    51  0   0.0%   1.070 GU:3    +
   29    42  0   0.0%   0.615 AU:3    +
   17    25  0   0.0%   0.063 AU:3    +
   17    36  0   0.0%   0.259 AU:3    +
   81    95  0   0.0%   0.323 AU:3    +
   34   112  0   0.0%   0.821 AU:3    +
   21    30  0   0.0%   0.743 GU:3    +
   30   115  0   0.0%   1.076 UG:3    +
   25   118  0   0.0%   0.920 UA:3    +
   39    55  0   0.0%   0.693 GC:3    +
   25   115  0   0.0%   1.020 UG:3    +
   26    37  0   0.0%   0.194 CG:3    +
   38    56  0   0.0%   0.602 UA:3    +
    3    30  0   0.0%   0.863 GU:3    +
   19    45  0   0.0%   0.502 UG:3    +
   33    64  0   0.0%   0.576 CG:3    +
   21    25  0   0.0%   0.090 GU:3    +
   25   106  0   0.0%   0.403 UA:3    +
    4   121  0   0.0%   0.906 AU:2    --:1    +
   78    85  0   0.0%   0.002 GU:3    +
   30   104  0   0.0%   0.560 UA:3    +
   51    56  0   0.0%   0.919 UA:3    +
   27    36  0   0.0%   0.694 GU:3    +
    1    11  0   0.0%   0.009 GU:2    --:1    +
   85    94  0   0.0%   0.041 UG:3    +
   84    95  0   0.0%   0.085 AU:3    +
   23    68  0   0.0%   0.138 UA:3    +
   22    69  0   0.0%   0.951 CG:3    +
    2    61  0   0.0%   0.870 GC:3    +
   21    70  0   0.0%   0.926 GC:3    +
   41    61  0   0.0%   0.400 GC:3    +
   32    65  0   0.0%   0.860 GU:3    +
    3   121  0   0.0%   0.904 GU:2    --:1    +
  102   111  0   0.0%   0.770 CG:3    +
   24    67  0   0.0%   0.259 AU:3    +
   37    57  0   0.0%   0.690 GU:3    +
   65   104  0   0.0%   0.005 UA:3    +
   10   114  0   0.0%   0.218 UA:3    +
   42    60  0   0.0%   0.518 UA:3    +
   48    52  0   0.0%   0.972 AU:3    +
    1    31  0   0.0%   0.472 GU:2    --:1    +
   12    49  0   0.0%   0.938 UA:3    +
    1    50  0   0.0%   0.474 GC:2    --:1    +
   41    47  0   0.0%   0.239 GU:3    +
    2    31  0   0.0%   0.822 GU:3    +
    2    52  0   0.0%   0.846 GU:3    +
  104   109  0   0.0%   0.271 AU:3    +
   56   121  0   0.0%   0.212 AU:2    --:1    +
    2    10  0   0.0%   0.001 GU:3    +
   12    34  0   0.0%   0.812 UA:3    +
   11    21  0   0.0%   0.497 UG:3    +
    9    30  0   0.0%   0.090 GU:3    +
   10    29  0   0.0%   0.123 UA:3    +
   28    41  0   0.0%   0.895 CG:3    +
   45    52  0   0.0%   1.036 GU:3    +
   21   121  0   0.0%   1.174 GU:2    --:1    +
    2    30  0   0.0%   0.822 GU:3    +
    9    53  0   0.0%   0.241 GC:3    +
   10    48  0   0.0%   0.101 UA:3    +
   21   109  0   0.0%   0.927 GU:3    +
   27    42  0   0.0%   0.927 GU:3    +
  101   112  0   0.0%   0.722 GU:3    +
   22   108  0   0.0%   0.951 CG:3    +
   11    34  0   0.0%   0.456 UA:3    +
   24   107  0   0.0%   0.259 AU:3    +
   48    57  0   0.0%   0.681 AU:3    +
    8    31  0   0.0%   0.076 AU:3    +
   18    57  0   0.0%   0.509 AU:3    +
   11   113  0   0.0%   0.569 UG:3    +
   59    64  0   0.0%   0.270 CG:3    +
   52    56  0   0.0%   0.701 UA:3    +
    2    50  0   0.0%   0.846 GC:3    +
    1   112  0   0.0%   0.479 GU:2    --:1    +
    1    58  0   0.0%   0.478 GU:2    --:1    +
   32    55  0   0.0%   0.664 GC:3    +
   12    45  0   0.0%   0.813 UG:3    +
   43    56  0   0.0%   0.590 UA:3    +
    9    57  0   0.0%   0.197 GU:3    +
   19    27  0   0.0%   0.071 UG:3    +
   10    56  0   0.0%   0.224 UA:3    +
   18    52  0   0.0%   0.619 AU:3    +
   31    56  0   0.0%   0.374 UA:3    +
   45    57  0   0.0%   0.756 GU:3    +
   32    47  0   0.0%   0.801 GU:3    +
    9    83  0   0.0%   0.185 GC:3    +
   33    46  0   0.0%   0.877 CG:3    +
    2   121  0   0.0%   0.873 GU:2    --:1    +
    3    89  0   0.0%   0.902 GU:3    +
   10    82  0   0.0%   0.217 UA:3    +
   29    58  0   0.0%   0.560 AU:3    +
   12    44  0   0.0%   0.813 UA:3    +
   31    48  0   0.0%   0.489 UA:3    +
   19    56  0   0.0%   0.624 UA:3    +
   58   118  0   0.0%   1.015 UA:3    +
   33    39  0   0.0%   0.900 CG:3    +
   49   121  0   0.0%   0.386 AU:2    --:1    +
   10    35  0   0.0%   0.100 UA:3    +
   21    55  0   0.0%   0.992 GC:3    +
   11    45  0   0.0%   0.457 UG:3    +
   29    57  0   0.0%   0.564 AU:3    +
   11    81  0   0.0%   0.569 UA:3    +
   41    59  0   0.0%   0.653 GC:3    +
   21    53  0   0.0%   0.984 GC:3    +
   44    58  0   0.0%   0.571 AU:3    +
   49    57  0   0.0%   0.596 AU:3    +
   94   102  0   0.0%   0.038 GC:3    +
   27   102  0   0.0%   0.868 GC:3    +
   28   101  0   0.0%   0.860 CG:3    +
   95   101  0   0.0%   0.038 UG:3    +
   29   121  0   0.0%   0.626 AU:2    --:1    +
   34   121  0   0.0%   0.429 AU:2    --:1    +
   32    63  0   0.0%   0.861 GC:3    +
   24   121  0   0.0%   0.354 AU:2    --:1    +
    8    58  0   0.0%   0.183 AU:3    +
   18    73  0   0.0%   0.496 AU:3    +
   19    72  0   0.0%   0.618 UG:3    +
   45    59  0   0.0%   0.777 GC:3    +
   11    35  0   0.0%   0.456 UA:3    +
   96   100  0   0.0%   0.036 CG:3    +
   74   102  0   0.0%   0.031 GC:3    +
    1    30  0   0.0%   0.472 GU:2    --:1    +
    1    61  0   0.0%   0.479 GC:2    --:1    +
   10    46  0   0.0%   0.101 UG:3    +
   99   113  0   0.0%   0.755 CG:3    +
   11    46  0   0.0%   0.457 UG:3    +
   30    49  0   0.0%   0.678 UA:3    +
   46    58  0   0.0%   0.708 GU:3    +
   44    57  0   0.0%   0.439 AU:3    +
   98   114  0   0.0%   0.779 UA:3    +
    1    51  0   0.0%   0.474 GU:2    --:1    +
   17    58  0   0.0%   0.312 AU:3    +
   17    57  0   0.0%   0.316 AU:3    +
   34    38  0   0.0%   0.346 AU:3    +
   54   121  0   0.0%   0.290 AU:2    --:1    +
    9    36  0   0.0%   0.065 GU:3    +
   22    39  0   0.0%   0.951 CG:3    +
   31   111  0   0.0%   1.011 UG:3    +
   70   100  0   0.0%   0.004 CG:3    +
   64   109  0   0.0%   0.119 GU:3    +
   71   104  0   0.0%   0.174 UA:3    +
   32    36  0   0.0%   0.893 GU:3    +
   23   111  0   0.0%   0.447 UG:3    +
    3    50  0   0.0%   0.864 GC:3    +
    8    57  0   0.0%   0.186 AU:3    +
    9   121  0   0.0%   0.507 GU:2    --:1    +
   47   116  0   0.0%   0.665 UA:3    +
   45    58  0   0.0%   0.888 GU:3    +
   40    47  0   0.0%   0.525 AU:3    +
   35    42  0   0.0%   0.343 AU:3    +
    2    51  0   0.0%   0.846 GU:3    +
    1    25  0   0.0%   0.447 GU:2    --:1    +
   36    41  0   0.0%   0.331 UG:3    +
   96   115  0   0.0%   0.828 CG:3    +
   48   121  0   0.0%   0.470 AU:2    --:1    +
   33    41  0   0.0%   0.610 CG:3    +
   29   109  0   0.0%   0.622 AU:3    +
    3    23  0   0.0%   0.835 GU:3    +
   40    57  0   0.0%   1.285 AU:3    +
   32    42  0   0.0%   0.662 GU:3    +
   19   106  0   0.0%   0.618 UA:3    +
   38   118  0   0.0%   0.754 UA:3    +
   95   116  0   0.0%   0.527 UA:3    +
   18   107  0   0.0%   0.496 AU:3    +
   34    43  0   0.0%   0.119 AU:3    +
  112   116  0   0.0%   1.210 UA:3    +
   36   116  0   0.0%   0.902 UA:3    +
   12    79  0   0.0%   0.818 UA:3    +
   32   121  0   0.0%   0.912 GU:2    --:1    +
   30    56  0   0.0%   0.564 UA:3    +
  100   112  0   0.0%   0.726 GU:3    +
   73   104  0   0.0%   0.244 UA:3    +
   28    72  0   0.0%   0.860 CG:3    +
   27    73  0   0.0%   0.868 GU:3    +
   26    74  0   0.0%   0.346 CG:3    +
    3    51  0   0.0%   0.864 GU:3    +
   48    58  0   0.0%   0.812 AU:3    +
   46   121  0   0.0%   0.372 GU:2    --:1    +
   89   106  0   0.0%   0.437 UA:3    +
   11    54  0   0.0%   0.603 UA:3    +
   30    64  0   0.0%   0.561 UG:3    +
   29    71  0   0.0%   0.551 AU:3    +
   50   111  0   0.0%   0.876 CG:3    +
   35   121  0   0.0%   0.541 AU:2    --:1    +
    9    47  0   0.0%   0.065 GU:3    +
   49   112  0   0.0%   0.778 AU:3    +
   59   108  0   0.0%   0.307 CG:3    +
   29    65  0   0.0%   0.552 AU:3    +
   19   113  0   0.0%   0.667 UG:3    +
   24    38  0   0.0%   0.287 AU:3    +
   56   109  0   0.0%   0.226 AU:3    +
   35    65  0   0.0%   0.504 AU:3    +
   37    50  0   0.0%   0.445 GC:3    +
   37    43  0   0.0%   0.425 GU:3    +
   38    49  0   0.0%   0.447 UA:3    +
   61   115  0   0.0%   1.438 CG:3    +
   25    37  0   0.0%   0.257 UG:3    +
   36    44  0   0.0%   0.355 UA:3    +
   33    69  0   0.0%   0.574 CG:3    +
   46    61  0   0.0%   0.344 GC:3    +
   32    70  0   0.0%   0.859 GC:3    +
   47    60  0   0.0%   0.439 UA:3    +
    1    52  0   0.0%   0.474 GU:2    --:1    +
   18    58  0   0.0%   0.505 AU:3    +
   36    64  0   0.0%   0.450 UG:3    +
   36   118  0   0.0%   0.750 UA:3    +
   49    58  0   0.0%   0.728 AU:3    +
   34    66  0   0.0%   0.390 AU:3    +
   67   106  0   0.0%   0.175 UA:3    +
   25   113  0   0.0%   0.672 UG:3    +
   21    59  0   0.0%   0.934 GC:3    +
   99   115  0   0.0%   0.830 CG:3    +
   86   109  0   0.0%   0.111 AU:3    +
   37    63  0   0.0%   0.455 GC:3    +
   25    44  0   0.0%   0.461 UA:3    +
   45    61  0   0.0%   0.523 GC:3    +
   23   108  0   0.0%   0.138 UG:3    +
   19    37  0   0.0%   0.319 UG:3    +
   38    62  0   0.0%   0.460 UA:3    +
   18    38  0   0.0%   0.292 AU:3    +
   44   121  0   0.0%   0.230 AU:2    --:1    +
   60   107  0   0.0%   0.246 AU:3    +
   12    54  0   0.0%   0.853 UA:3    +
   98   116  0   0.0%   0.520 UA:3    +
   25    75  0   0.0%   0.402 UA:3    +
   46    59  0   0.0%   0.597 GC:3    +
   39    61  0   0.0%   0.526 GC:3    +
   23    39  0   0.0%   0.149 UG:3    +
   11    32  0   0.0%   0.458 UG:3    +
   32    53  0   0.0%   0.656 GC:3    +
   12    32  0   0.0%   0.814 UG:3    +
   12    29  0   0.0%   0.836 UA:3    +
    9    23  0   0.0%   0.095 GU:3    +
   39    51  0   0.0%   0.445 GU:3    +
   72   102  0   0.0%   0.023 GC:3    +
   51   117  1   0.5%   1.193 UA:2    +
    7    20  1   0.4%   0.154 GC:2    +
   16   112  1   0.4%   0.177 AU:2    +
    6    29  1   0.4%   0.139 UA:2    +
    6    21  1   0.4%   0.106 UG:2    +
    7    28  1   0.4%   0.165 GC:2    +
    5    22  1   0.4%   0.861 GC:2    +
   14    46  1   0.4%   0.977 CG:2    +
    5    53  1   0.1%   0.885 GC:2    +
   82    92  1   0.1%   0.501 AU:2    +
   77    91  1   0.1%   0.024 CG:2    +
    6    56  1   0.1%   0.147 UA:2    +
   12    16  1   0.1%   0.852 UA:2    +
   26   110  1   0.1%   0.479 CG:2    +
    9    14  1   0.1%   0.799 GC:2    +
   23   117  1   0.1%   0.588 UA:2    +
   85    91  1   0.1%   0.306 UG:2    +
   11    16  1   0.1%   0.476 UA:2    +
    6   118  1   0.1%   0.147 UA:2    +
   84    92  1   0.1%   0.227 AU:2    +
    7    22  1   0.0%   0.115 GC:2    +
   14   115  1   0.0%   1.181 CG:2    +
    6    24  1   0.0%   0.072 UA:2    +
   14    21  1   0.0%   0.839 CG:2    +
   87    91  1   0.0%   0.303 CG:2    +
    5    26  1   0.0%   0.844 GC:2    +
    7    55  1   0.0%   0.281 GC:2    +
    5    50  1   0.0%   0.837 GC:2    +
   19   120  1   0.0%   0.937 UA:2    +
   59   110  1   0.0%   0.409 CG:2    +
   13    18  1   0.0%   0.821 UA:2    +
    7    26  1   0.0%   0.113 GC:2    +
   14   111  1   0.0%   0.876 CG:2    +
    7    14  1   0.0%   0.788 GC:2    +
    6    49  1   0.0%   0.097 UA:2    +
   86    92  1   0.0%   0.172 AU:2    +
    8    13  1   0.0%   0.794 AU:2    +
   13    17  1   0.0%   0.821 UA:2    +
   10   117  1   0.0%   0.233 UA:2    +
   13   116  1   0.0%   1.463 UA:2    +
    6    27  1   0.0%   0.071 UG:2    +
    5    28  1   0.0%   0.835 GC:2    +
   12   117  1   0.0%   1.412 UA:2    +
   31   120  1   0.0%   0.643 UA:2    +
   14   113  1   0.0%   0.884 CG:2    +
   57   117  1   0.0%   0.814 UA:2    +
   13   114  1   0.0%   0.885 UA:2    +
   16    52  1   0.0%   0.228 AU:2    +
    6    17  1   0.0%   0.042 UA:2    +
   81    92  1   0.0%   0.456 AU:2    +
  112   120  1   0.0%   0.760 UA:2    +
   69   103  1   0.0%   0.013 GC:2    +
   20   110  1   0.0%   0.429 CG:2    +
    5    20  1   0.0%   0.819 GC:2    +
   19   117  1   0.0%   1.194 UA:2    +
    6    18  1   0.0%   0.043 UA:2    +
   31   117  1   0.0%   0.909 UA:2    +
   52   120  1   0.0%   0.680 UA:2    +
   30   117  1   0.0%   0.899 UA:2    +
   16    23  1   0.0%   0.091 AU:2    +
   52   117  1   0.0%   0.973 UA:2    +
   13    34  1   0.0%   0.800 UA:2    +
   16    51  1   0.0%   0.222 AU:2    +
   14    32  1   0.0%   0.791 CG:2    +
    5    14  1   0.0%   1.552 GC:2    +
   16   109  1   0.0%   0.106 AU:2    +
    6    32  1   0.0%   0.093 UG:2    +
    5    33  1   0.0%   0.857 GC:2    +
   16    42  1   0.0%   0.074 AU:2    +
   10    16  1   0.0%   0.089 UA:2    +
   16    47  1   0.0%   0.104 AU:2    +
   32   103  1   0.0%   0.864 GC:2    +
   51   120  1   0.0%   0.874 UA:2    +
    7    13  1   0.0%   0.794 GU:2    +
   13    48  1   0.0%   0.976 UA:2    +
  112   117  1   0.0%   1.039 UA:2    +
   43   117  1   0.0%   0.729 UA:2    +
   13   117  1   0.0%   1.451 UA:2    +
   28   105  1   0.0%   0.861 CG:2    +
   26   105  1   0.0%   0.347 CG:2    +
   58   117  1   0.0%   1.033 UA:2    +
   16    25  1   0.0%   0.081 AU:2    +
   16    30  1   0.0%   0.070 AU:2    +
   63   110  1   0.0%   0.493 CG:2    +
   23   120  1   0.0%   0.319 UA:2    +
  103   110  1   0.0%   0.483 CG:2    +
    2     6  1   0.0%   0.009 GU:2    +
   57   120  1   0.0%   0.518 UA:2    +
   25   117  1   0.0%   0.917 UA:2    +
    5    13  1   0.0%   1.562 GU:2    +
    6    86  1   0.0%   0.134 UA:2    +
   30   120  1   0.0%   0.631 UA:2    +
   13    24  1   0.0%   0.806 UA:2    +
   13   120  1   0.0%   1.186 UA:2    +
   14    41  1   0.0%   0.789 CG:2    +
    6   116  1   0.0%   0.134 UA:2    +
   13    44  1   0.0%   0.799 UA:2    +
   93   103  1   0.0%   0.015 GC:2    +
  109   120  1   0.0%   0.140 UA:2    +
    7    59  1   0.0%   0.222 GC:2    +
   25   120  1   0.0%   0.648 UA:2    +
   72   103  1   0.0%   0.017 GC:2    +
    6   117  1   0.0%   0.134 UA:2    +
   47   117  1   0.0%   0.510 UA:2    +
   10   120  1   0.0%   0.544 UA:2    +
   74   103  1   0.0%   0.025 GC:2    +
   16    36  1   0.0%   0.073 AU:2    +
   63   105  1   0.0%   0.014 CG:2    +
   92   104  1   0.0%   0.331 UA:2    +
   13   118  1   0.0%   1.454 UA:2    +
    7    50  1   0.0%   0.096 GC:2    +
   70   105  1   0.0%   0.023 CG:2    +
   47   120  1   0.0%   0.247 UA:2    +
   20   105  1   0.0%   0.425 CG:2    +
    6    48  1   0.0%   0.092 UA:2    +
   36   120  1   0.0%   0.479 UA:2    +
   13    35  1   0.0%   0.799 UA:2    +
   12   120  1   0.0%   1.146 UA:2    +
    6    60  1   0.0%   0.134 UA:2    +
   14    27  1   0.0%   0.790 CG:2    +
   28   110  1   0.0%   0.988 CG:2    +
   13    29  1   0.0%   0.822 UA:2    +
   11   120  1   0.0%   0.897 UA:2    +
    6   115  1   0.0%   0.134 UG:2    +
   16    58  1   0.0%   0.113 AU:2    +
    6   114  1   0.0%   0.134 UA:2    +
   16    38  1   0.0%   0.073 AU:2    +
   14    78  1   0.0%   0.870 CG:2    +
    7    33  1   0.0%   0.120 GC:2    +
   13    79  1   0.0%   0.863 UA:2    +
   16    57  1   0.0%   0.117 AU:2    +
   92   120  1   0.0%   0.200 UA:2    +
   13    49  1   0.0%   0.983 UA:2    +
.((((......)))).....((....))......(((((((((....))).))))))((((((((((.((((((((((.............)))))).)))).)))))).)))).......
