3 sequence; length of alignment 109
alifold output
    6    81  0 100.0%   0.001 CG:3   
    5    82  0 100.0%   0.001 CG:3   
    7    80  0 100.0%   0.001 CG:3   
    8    79  0 100.0%   0.000 GC:3   
   10    77  0 100.0%   0.001 GC:3   
   11    76  0  99.9%   0.003 CG:3   
    4    83  0  99.9%   0.002 UA:3   
    3    84  0  99.9%   0.002 AU:3   
    9    78  0  99.9%   0.003 UG:3   
    2    85  0  99.8%   0.006 GC:3   
    1    86  0  98.6%   0.042 GC:3   
   40    47  0  95.3%   0.158 CG:3   
   39    48  0  95.0%   0.300 GC:3   
   22    63  0  94.1%   0.257 UA:3   
   23    62  0  94.0%   0.263 UG:3   
   24    61  0  93.8%   0.375 GC:3   
   21    64  0  93.6%   0.271 CG:3   
   12    75  0  92.1%   0.296 GU:3   
   41    46  0  88.7%   0.400 AU:3   
   15    71  0  80.4%   0.662 GC:3   
   16    70  0  79.9%   0.679 UA:3   
   17    69  0  77.2%   0.736 UG:3   
   25    60  0  75.7%   1.152 UG:3   
   14    72  0  56.9%   0.973 CG:3   
   32    55  0  51.5%   2.081 CG:3   
   33    54  0  51.4%   1.775 CG:3   
   31    56  0  50.4%   2.141 CG:3   
   14    73  0  39.7%   1.431 CG:3    +
   94   102  0  33.2%   1.215 CG:3   
   93   103  0  31.8%   1.160 AU:3   
   28    57  0  31.2%   1.578 AU:3    +
   29    56  0  28.9%   1.260 CG:3    +
   26    58  0  27.3%   1.229 GC:3    +
   27    57  0  26.0%   1.181 AU:3    +
   88   107  0  24.7%   1.340 CG:3   
   87   108  0  24.3%   1.175 CG:3   
   95   109  0  20.3%   1.183 GC:3    +
   96   108  0  18.4%   1.621 UG:3    +
   97   107  0  18.3%   2.003 CG:3    +
   25    59  0  17.9%   1.134 UA:3    +
   30    55  0  16.3%   1.023 UG:3    +
   31    54  0  15.8%   1.109 CG:3    +
   18    69  0  14.2%   1.166 UG:3    +
   19    68  0  14.0%   1.145 AU:3    +
   17    70  0  13.5%   1.323 UA:3    +
   34    54  0  12.7%   1.782 CG:3    +
   33    55  0  12.7%   2.196 CG:3    +
   31    55  0  12.1%   1.566 CG:3    +
   32    54  0  12.1%   1.332 CG:3    +
   32    56  0  11.7%   2.290 CG:3    +
   98   104  0  10.0%   0.905 UG:1    UA:2    +
   97   105  0   9.9%   0.917 CG:3    +
   37    51  0   9.7%   0.853 GC:3    +
   99   106  0   8.6%   1.453 AU:3    +
   89   107  0   8.6%   1.282 UG:3    +
   88   108  0   8.4%   1.578 CG:3    +
   94   107  0   8.0%   1.763 CG:3    +
   98   107  0   7.8%   2.109 UG:3    +
   97   108  0   7.6%   2.056 CG:3    +
   99   103  0   7.6%   1.144 AU:3    +
   19    66  0   7.5%   0.707 AU:3    +
   95   106  0   7.5%   0.904 GU:3    +
   90   106  1   7.9%   0.763 AU:2    +
   89    99  0   3.9%   0.383 UA:3    +
   88   100  0   3.9%   0.398 CG:3    +
   58    69  0   3.8%   1.308 CG:3    +
   16    28  0   3.8%   0.371 UA:3    +
   59    68  0   3.8%   1.071 AU:3    +
   17    27  0   3.8%   0.371 UA:3    +
   15    29  0   3.8%   0.372 GC:3    +
   18    26  0   3.8%   0.371 UG:3    +
   57    70  0   3.7%   1.610 UA:3    +
   19    25  0   3.7%   0.365 AU:3    +
   60    67  0   3.7%   0.685 GC:3    +
   56    71  0   3.6%   1.702 GC:3    +
   89   104  0   2.4%   0.407 UG:1    UA:2    +
   20    24  0   3.2%   0.328 UG:3    +
   35    54  0   3.0%   1.643 CG:3    +
   34    55  0   3.0%   1.812 CG:3    +
   90    98  1   3.4%   0.343 AU:2    +
   94   105  0   2.8%   0.848 CG:3    +
   93   106  0   2.7%   0.867 AU:3    +
   33    56  0   2.6%   2.009 CG:3    +
   35    50  0   2.5%   0.358 CG:3    +
   88   105  0   2.4%   0.421 CG:3    +
   32    38  0   1.9%   0.329 CG:3    +
   33    37  0   1.9%   0.254 CG:3    +
   94   100  0   1.8%   0.347 CG:3    +
   24    51  0   1.7%   0.332 GC:3    +
   23    52  0   1.7%   0.221 UA:3    +
   22    53  0   1.7%   0.218 UA:3    +
   21    54  0   1.7%   0.219 CG:3    +
   13    31  0   1.6%   0.212 GC:3    +
   37    67  0   1.6%   0.527 GC:3    +
   39    65  0   1.6%   0.385 GC:3    +
   40    64  0   1.6%   0.358 CG:3    +
   38    66  0   1.6%   0.603 GU:3    +
   36    68  0   1.6%   0.480 AU:3    +
   87   107  0   1.5%   0.246 CG:3    +
   35    69  0   1.4%   0.876 CG:3    +
   12    32  0   1.4%   0.188 GC:3    +
   25    50  0   1.3%   0.324 UG:3    +
   96   100  0   1.3%   0.380 UG:3    +
   38    51  0   1.2%   0.617 GC:3    +
   43    61  0   1.2%   0.289 GC:3    +
   29    42  0   1.1%   0.280 CG:3    +
   30    41  0   1.1%   0.162 UA:3    +
   31    39  0   1.0%   0.239 CG:3    +
   96   104  0   0.0%   0.176 UG:1    UA:2    +
   20    55  0   0.9%   0.249 UG:3    +
   40    50  0   0.9%   0.341 CG:3    +
   39    51  0   0.9%   0.620 GC:3    +
   33    73  0   0.7%   1.360 CG:3    +
   34    72  0   0.7%   0.868 CG:3    +
   30    56  0   0.7%   0.847 UG:3    +
  102   109  0   0.7%   0.856 GC:3    +
   34    73  0   0.6%   0.969 CG:3    +
  103   108  0   0.6%   1.829 UG:3    +
   33    74  0   0.6%   1.058 CG:3    +
   87   102  0   0.6%   0.122 CG:3    +
   48    56  0   0.6%   1.371 CG:3    +
   35    72  0   0.6%   0.757 CG:3    +
   26    48  0   0.6%   0.236 GC:3    +
   42    48  0   0.6%   0.289 GC:3    +
   32    74  0   0.6%   1.208 CG:3    +
   31    43  0   0.5%   0.231 CG:3    +
   90   103  1   1.0%   0.254 AU:2    +
   30    44  0   0.5%   0.148 UA:3    +
   32    42  0   0.5%   0.307 CG:3    +
   33    72  0   0.5%   1.237 CG:3    +
   32    73  0   0.5%   1.502 CG:3    +
   47    57  0   0.5%   0.871 GU:3    +
   31    74  0   0.5%   1.152 CG:3    +
   98   105  0   0.4%   0.865 UG:3    +
   33    38  0   0.4%   0.248 CG:3    +
   46    59  0   0.4%   0.542 UA:3    +
   47    58  0   0.4%   0.512 GC:3    +
   86   108  0   0.4%   0.093 CG:3    +
   25    49  0   0.4%   0.201 UA:3    +
   94   108  0   0.4%   1.382 CG:3    +
   48    54  0   0.4%   1.534 CG:3    +
   46    56  0   0.3%   1.278 UG:3    +
   97   102  0   0.3%   0.466 CG:3    +
   34    38  0   0.3%   0.177 CG:3    +
    1    87  0   0.3%   0.068 GC:3    +
   33    39  0   0.3%   0.227 CG:3    +
   45    57  0   0.3%   0.778 AU:3    +
   32    37  0   0.3%   0.119 CG:3    +
   51    56  0   0.3%   1.588 CG:3    +
   31    38  0   0.3%   0.127 CG:3    +
   38    48  0   0.3%   0.230 GC:3    +
   32    39  0   0.3%   0.258 CG:3    +
   14    74  0   0.2%   0.743 CG:3    +
   50    57  0   0.2%   1.015 GU:3    +
   89   105  0   0.2%   0.361 UG:3    +
   88    95  0   0.2%   0.042 CG:3    +
   92   103  0   0.2%   0.099 AU:3    +
   28    46  0   0.2%   0.169 AU:3    +
   88   102  0   0.2%   0.205 CG:3    +
   96   101  0   0.2%   0.109 UA:3    +
   89   101  0   0.2%   0.160 UA:3    +
    2    86  0   0.2%   0.047 GC:3    +
   30    59  0   0.2%   0.758 UA:3    +
   48    60  0   0.1%   0.453 CG:3    +
   47    61  0   0.1%   0.261 GC:3    +
   13    75  0   0.1%   0.185 GU:3    +
   42    61  0   0.1%   0.214 GC:3    +
   56    65  0   0.1%   1.253 GC:3    +
   55    66  0   0.1%   1.614 GU:3    +
   54    67  0   0.1%   1.448 GC:3    +
   29    60  0   0.1%   0.779 CG:3    +
   46    62  0   0.1%   0.264 UG:3    +
   51    60  0   0.1%   0.673 CG:3    +
   50    61  0   0.1%   0.379 GC:3    +
   43    48  0   0.1%   0.209 GC:3    +
   92    96  0   0.1%   0.027 AU:3    +
   57    64  0   0.1%   0.941 UG:3    +
   53    68  0   0.1%   0.440 AU:3    +
   91   103  0   0.1%   0.077 AU:3    +
   34    50  0   0.1%   0.111 CG:3    +
   48    55  0   0.1%   1.494 CG:3    +
   49    57  0   0.1%   0.807 AU:3    +
   22    42  0   0.1%   0.024 UG:3    +
   24    40  0   0.1%   0.134 GC:3    +
   23    41  0   0.1%   0.025 UA:3    +
   21    43  0   0.1%   0.030 CG:3    +
   16    72  0   0.1%   0.660 UG:3    +
   51    55  0   0.1%   1.729 CG:3    +
   65    74  0   0.1%   0.207 CG:3    +
   66    73  0   0.1%   0.761 UG:3    +
   67    72  0   0.1%   0.646 CG:3    +
   14    47  0   0.1%   0.018 CG:3    +
   15    46  0   0.1%   0.142 GU:3    +
   13    48  0   0.1%   0.092 GC:3    +
   16    45  0   0.1%   0.141 UA:3    +
   41    68  0   0.1%   0.521 AU:3    +
   40    69  0   0.1%   0.721 CG:3    +
   42    67  0   0.1%   0.216 GC:3    +
  101   106  0   0.1%   0.748 AU:3    +
   20    44  0   0.1%   0.134 UA:3    +
   13    30  0   0.1%   0.017 GU:3    +
   16    69  0   0.1%   0.151 UG:3    +
   12    31  0   0.1%   0.015 GC:3    +
   91    98  0   0.1%   0.134 AU:3    +
   64    75  0   0.1%   0.248 GU:3    +
   96   105  0   0.1%   0.302 UG:3    +
   32    72  0   0.1%   1.391 CG:3    +
   25    39  0   0.1%   0.139 UG:3    +
   23    36  0   0.1%   0.014 UA:3    +
   22    37  0   0.1%   0.013 UG:3    +
   24    35  0   0.1%   0.123 GC:3    +
   21    38  0   0.1%   0.016 CG:3    +
   48    64  0   0.1%   0.357 CG:3    +
   47    65  0   0.1%   0.200 GC:3    +
   31    73  0   0.1%   1.438 CG:3    +
   91    96  0   0.1%   0.014 AU:3    +
   43    66  0   0.1%   0.387 GU:3    +
   35    42  0   0.1%   0.109 CG:3    +
   34    43  0   0.1%   0.079 CG:3    +
   91   106  0   0.1%   0.230 AU:3    +
   17    44  0   0.0%   0.135 UA:3    +
   33    42  0   0.0%   0.216 CG:3    +
   32    43  0   0.0%   0.248 CG:3    +
   87    95  0   0.0%   0.031 CG:3    +
   33    50  0   0.0%   0.197 CG:3    +
   18    43  0   0.0%   0.134 UG:3    +
   29    43  0   0.0%   0.195 CG:3    +
   24    48  0   0.0%   0.137 GC:3    +
   25    47  0   0.0%   0.145 UG:3    +
   50    71  0   0.0%   0.419 GC:3    +
   43    58  0   0.0%   0.421 GC:3    +
   92    98  0   0.0%   0.135 AU:3    +
   23    49  0   0.0%   0.023 UA:3    +
   26    33  0   0.0%   0.136 GC:3    +
   30    42  0   0.0%   0.121 UG:3    +
   37    71  0   0.0%   0.578 GC:3    +
   26    61  0   0.0%   0.590 GC:3    +
   37    48  0   0.0%   0.147 GC:3    +
   29    55  0   0.0%   0.232 CG:3    +
   92   106  0   0.0%   0.234 AU:3    +
   20    39  0   0.0%   0.118 UG:3    +
   26    46  0   0.0%   0.146 GU:3    +
   87   100  0   0.0%   0.030 CG:3    +
   21    26  0   0.0%   0.131 CG:3    +
   51    69  0   0.0%   0.983 CG:3    +
   30    54  0   0.0%   0.163 UG:3    +
   15    61  0   0.0%   0.141 GC:3    +
   16    60  0   0.0%   0.140 UG:3    +
   51    74  0   0.0%   0.539 CG:3    +
   96   107  0   0.0%   0.913 UG:3    +
   35    39  0   0.0%   0.101 CG:3    +
   50    58  0   0.0%   0.607 GC:3    +
  100   109  0   0.0%   0.589 GC:3    +
   14    62  0   0.0%   0.014 CG:3    +
   30    74  0   0.0%   0.451 UG:3    +
   20    27  0   0.0%   0.239 UA:3    +
   25    62  0   0.0%   0.795 UG:3    +
   15    51  0   0.0%   0.139 GC:3    +
   44    57  0   0.0%   0.757 AU:3    +
   16    50  0   0.0%   0.138 UG:3    +
   50    75  0   0.0%   0.325 GU:3    +
   24    65  0   0.0%   0.258 GC:3    +
   25    64  0   0.0%   0.797 UG:3    +
   17    59  0   0.0%   0.135 UA:3    +
   17    49  0   0.0%   0.133 UA:3    +
   96   102  0   0.0%   0.493 UG:3    +
   20    63  0   0.0%   0.169 UA:3    +
    1    88  0   0.0%   0.037 GC:3    +
   22    50  0   0.0%   0.021 UG:3    +
   21    62  0   0.0%   0.090 CG:3    +
   39    46  0   0.0%   0.121 GU:3    +
   19    46  0   0.0%   0.132 AU:3    +
   18    47  0   0.0%   0.139 UG:3    +
  100   106  0   0.0%   0.972 GU:3    +
   62    66  0   0.0%   0.355 GU:3    +
   89   108  0   0.0%   1.032 UG:3    +
   58    62  0   0.0%   0.461 CG:3    +
   27    46  0   0.0%   0.140 AU:3    +
   52    68  0   0.0%   0.422 AU:3    +
   87   105  0   0.0%   0.061 CG:3    +
   93    98  0   0.0%   0.127 AU:3    +
   26    34  0   0.0%   0.134 GC:3    +
   95   103  0   0.0%   0.450 GU:3    +
   57    63  0   0.0%   0.846 UA:3    +
    2    87  0   0.0%   0.034 GC:3    +
   35    55  0   0.0%   1.519 CG:3    +
   29    47  0   0.0%   0.193 CG:3    +
   15    48  0   0.0%   0.140 GC:3    +
   43    65  0   0.0%   0.183 GC:3    +
   16    47  0   0.0%   0.139 UG:3    +
   13    32  0   0.0%   0.137 GC:3    +
   12    33  0   0.0%   0.070 GC:3    +
   34    39  0   0.0%   0.112 CG:3    +
   29    37  0   0.0%   0.131 CG:3    +
   33    43  0   0.0%   0.172 CG:3    +
   14    50  0   0.0%   0.010 CG:3    +
   13    51  0   0.0%   0.084 GC:3    +
   34    42  0   0.0%   0.112 CG:3    +
   34    56  0   0.0%   1.488 CG:3    +
   30    36  0   0.0%   0.013 UA:3    +
   20    45  0   0.0%   0.128 UA:3    +
   51    64  0   0.0%   0.565 CG:3    +
   50    65  0   0.0%   0.305 GC:3    +
   54    61  0   0.0%   1.494 GC:3    +
   26    57  0   0.0%   0.169 GU:3    +
   38    71  0   0.0%   0.457 GC:3    +
   42    51  0   0.0%   0.520 GC:3    +
   21    55  0   0.0%   0.128 CG:3    +
   30    63  0   0.0%   0.491 UA:3    +
   31    62  0   0.0%   1.123 CG:3    +
   29    64  0   0.0%   0.617 CG:3    +
   98   102  0   0.0%   0.555 UG:3    +
   19    57  0   0.0%   0.126 AU:3    +
   49    66  0   0.0%   0.301 AU:3    +
   86   107  0   0.0%   0.027 CG:3    +
   30    39  0   0.0%   0.017 UG:3    +
   52    75  0   0.0%   0.161 AU:3    +
   26    67  0   0.0%   0.524 GC:3    +
   89    93  0   0.0%   0.002 UA:3    +
   23    63  0   0.0%   0.203 UA:3    +
   27    66  0   0.0%   0.674 AU:3    +
   35    47  0   0.0%   0.027 CG:3    +
   55    65  0   0.0%   1.398 GC:3    +
   20    56  0   0.0%   0.165 UG:3    +
   36    46  0   0.0%   0.030 AU:3    +
   22    64  0   0.0%   0.204 UG:3    +
   47    51  0   0.0%   0.457 GC:3    +
   44    66  0   0.0%   0.304 AU:3    +
   46    55  0   0.0%   1.443 UG:3    +
   29    38  0   0.0%   0.131 CG:3    +
   14    24  0   0.0%   0.002 CG:3    +
   22    54  0   0.0%   0.152 UG:3    +
   42    46  0   0.0%   0.227 GU:3    +
   11    50  0   0.0%   0.002 CG:3    +
   10    51  0   0.0%   0.002 GC:3    +
   39    71  0   0.0%   0.431 GC:3    +
   32    50  0   0.0%   0.263 CG:3    +
   89    95  0   0.0%   0.019 UG:3    +
   14    60  0   0.0%   0.009 CG:3    +
   13    61  0   0.0%   0.083 GC:3    +
   31    37  0   0.0%   0.080 CG:3    +
   43    67  0   0.0%   0.192 GC:3    +
   86   102  0   0.0%   0.027 CG:3    +
   13    25  0   0.0%   0.002 GU:3    +
   51    76  0   0.0%   0.434 CG:3    +
   67   100  0   0.0%   0.211 CG:3    +
   66   101  0   0.0%   0.284 UA:3    +
   65   102  0   0.0%   0.091 CG:3    +
   71    95  0   0.0%   0.305 CG:3    +
   70    96  0   0.0%   0.576 AU:3    +
   26    35  0   0.0%   0.137 GC:3    +
   30    37  0   0.0%   0.013 UG:3    +
   15    23  0   0.0%   0.002 GU:3    +
   69    97  0   0.0%   0.677 GC:3    +
    9    52  0   0.0%   0.002 UA:3    +
   64   103  0   0.0%   0.151 GU:3    +
   46    52  0   0.0%   0.203 UA:3    +
   68    99  0   0.0%   0.482 UA:3    +
   50    77  0   0.0%   0.237 GC:3    +
   54    66  0   0.0%   1.618 GU:3    +
   30    45  0   0.0%   0.095 UA:3    +
   72    94  0   0.0%   0.433 GC:3    +
   29    54  0   0.0%   0.250 CG:3    +
   18    70  0   0.0%   0.858 UA:3    +
  105   109  0   0.0%   0.824 GC:3    +
    2    58  0   0.0%   0.001 GC:3    +
   58    64  0   0.0%   0.530 CG:3    +
    3    57  0   0.0%   0.001 AU:3    +
   34    74  0   0.0%   0.575 CG:3    +
   30    38  0   0.0%   0.014 UG:3    +
   35    73  0   0.0%   0.769 CG:3    +
   30    53  0   0.0%   0.157 UA:3    +
   42    68  0   0.0%   0.487 GU:3    +
   26    40  0   0.0%   0.139 GC:3    +
    7    54  0   0.0%   0.001 CG:3    +
   25    36  0   0.0%   0.128 UA:3    +
    6    55  0   0.0%   0.002 CG:3    +
   46    63  0   0.0%   0.246 UA:3    +
    5    56  0   0.0%   0.002 CG:3    +
   89   100  0   0.0%   0.259 UG:3    +
   25    41  0   0.0%   0.135 UA:3    +
   26    31  0   0.0%   0.199 GC:3    +
   81    87  0   0.0%   0.020 GC:3    +
   80    88  0   0.0%   0.003 GC:3    +
   62    71  0   0.0%   0.380 GC:3    +
   82    86  0   0.0%   0.025 GC:3    +
   32    60  0   0.0%   1.272 CG:3    +
   61    72  0   0.0%   0.570 CG:3    +
   61   108  0   0.0%   0.145 CG:3    +
   60   109  0   0.0%   0.362 GC:3    +
   29    39  0   0.0%   0.133 CG:3    +
  102   106  0   0.0%   1.148 GU:3    +
   55    71  0   0.0%   1.514 GC:3    +
   23    43  0   0.0%   0.023 UG:3    +
   48    62  0   0.0%   0.286 CG:3    +
   18    45  0   0.0%   0.134 UA:3    +
   13    33  0   0.0%   0.076 GC:3    +
   31    42  0   0.0%   0.196 CG:3    +
   12    34  0   0.0%   0.068 GC:3    +
   22    44  0   0.0%   0.021 UA:3    +
   20    64  0   0.0%   0.166 UG:3    +
   30    43  0   0.0%   0.074 UG:3    +
   46    53  0   0.0%   0.203 UA:3    +
   23    38  0   0.0%   0.010 UG:3    +
   60    65  0   0.0%   0.324 GC:3    +
   62    67  0   0.0%   0.280 GC:3    +
   23    53  0   0.0%   0.153 UA:3    +
  103   107  0   0.0%   1.960 UG:3    +
   22    62  0   0.0%   0.087 UG:3    +
   98   108  0   0.0%   1.683 UG:3    +
   48    72  0   0.0%   0.643 CG:3    +
   75    91  0   0.0%   0.094 UA:3    +
   32    47  0   0.0%   0.214 CG:3    +
    1    85  0   0.0%   0.001 GC:3    +
   21    50  0   0.0%   0.018 CG:3    +
   31    72  0   0.0%   1.386 CG:3    +
   11    74  0   0.0%   0.001 CG:3    +
   26    32  0   0.0%   0.189 GC:3    +
   15    21  0   0.0%   0.001 GC:3    +
   24    71  0   0.0%   0.430 GC:3    +
   22    39  0   0.0%   0.008 UG:3    +
   23    72  0   0.0%   0.471 UG:3    +
   25    70  0   0.0%   1.182 UA:3    +
   63   106  0   0.0%   0.063 AU:3    +
   20    69  0   0.0%   0.648 UG:3    +
   22    73  0   0.0%   0.508 UG:3    +
   89   102  0   0.0%   0.183 UG:3    +
   21    74  0   0.0%   0.162 CG:3    +
   46    74  0   0.0%   0.288 UG:3    +
   17    72  0   0.0%   0.930 UG:3    +
   85   108  0   0.0%   0.003 CG:3    +
   45    75  0   0.0%   0.111 AU:3    +
   59    66  0   0.0%   0.619 AU:3    +
   23    60  0   0.0%   0.087 UG:3    +
    4    56  0   0.0%   0.000 UG:3    +
   46    60  0   0.0%   0.399 UG:3    +
   20    70  0   0.0%   0.617 UA:3    +
    5    55  0   0.0%   0.000 CG:3    +
   38    67  0   0.0%   0.343 GC:3    +
   37    68  0   0.0%   0.736 GU:3    +
   37    46  0   0.0%   0.122 GU:3    +
   17    53  0   0.0%   0.130 UA:3    +
   21    69  0   0.0%   0.629 CG:3    +
   20    52  0   0.0%   0.121 UA:3    +
   22    49  0   0.0%   0.014 UA:3    +
   18    52  0   0.0%   0.130 UA:3    +
    6    54  0   0.0%   0.000 CG:3    +
   25    45  0   0.0%   0.135 UA:3    +
   29    74  0   0.0%   0.566 CG:3    +
   43    51  0   0.0%   0.452 GC:3    +
   10    75  0   0.0%   0.001 GU:3    +
   51    72  0   0.0%   0.855 CG:3    +
   16    73  0   0.0%   0.693 UG:3    +
   16    54  0   0.0%   0.134 UG:3    +
   38    46  0   0.0%   0.163 GU:3    +
   28    75  0   0.0%   0.584 AU:3    +
   17    26  0   0.0%   0.000 UG:3    +
   52    57  0   0.0%   0.851 AU:3    +
   55    61  0   0.0%   1.465 GC:3    +
   23    64  0   0.0%   0.206 UG:3    +
   65    72  0   0.0%   0.510 CG:3    +
   20    41  0   0.0%   0.114 UA:3    +
   61   105  0   0.0%   0.144 CG:3    +
   67    73  0   0.0%   0.682 CG:3    +
   30    73  0   0.0%   0.797 UG:3    +
   80    87  0   0.0%   0.019 GC:3    +
   81    86  0   0.0%   0.024 GC:3    +
   34    69  0   0.0%   0.884 CG:3    +
   18    55  0   0.0%   0.130 UG:3    +
   18    72  0   0.0%   0.735 UG:3    +
   14    56  0   0.0%   0.008 CG:3    +
   13    57  0   0.0%   0.082 GU:3    +
   12    58  0   0.0%   0.069 GC:3    +
   60   106  0   0.0%   0.362 GU:3    +
   24    46  0   0.0%   0.128 GU:3    +
   17    55  0   0.0%   0.131 UG:3    +
   27    68  0   0.0%   0.754 AU:3    +
   22    60  0   0.0%   0.085 UG:3    +
   68    72  0   0.0%   0.913 UG:3    +
   62   106  0   0.0%   0.077 GU:3    +
   16    27  0   0.0%   0.000 UA:3    +
   17    54  0   0.0%   0.131 UG:3    +
   61   107  0   0.0%   0.144 CG:3    +
   61    69  0   0.0%   0.819 CG:3    +
   65    73  0   0.0%   0.551 CG:3    +
   45    66  0   0.0%   0.291 AU:3    +
   18    53  0   0.0%   0.129 UA:3    +
   86    95  0   0.0%   0.025 CG:3    +
   63    75  0   0.0%   0.151 AU:3    +
   49    68  0   0.0%   0.382 AU:3    +
   15    31  0   0.0%   0.197 GC:3    +
    2    84  0   0.0%   0.001 GU:3    +
   48    69  0   0.0%   0.766 CG:3    +
   23    59  0   0.0%   0.086 UA:3    +
   78    88  0   0.0%   0.003 GC:3    +
   67    74  0   0.0%   0.321 CG:3    +
   46    54  0   0.0%   1.462 UG:3    +
   68    73  0   0.0%   0.953 UG:3    +
   50    67  0   0.0%   0.303 GC:3    +
   24    58  0   0.0%   0.193 GC:3    +
   16    55  0   0.0%   0.134 UG:3    +
   66    72  0   0.0%   0.703 UG:3    +
   53    75  0   0.0%   0.165 AU:3    +
   15    20  0   0.0%   0.000 GU:3    +
   31    60  0   0.0%   1.279 CG:3    +
   21    39  0   0.0%   0.009 CG:3    +
   48    74  0   0.0%   0.321 CG:3    +
   15    67  0   0.0%   0.136 GC:3    +
   46    64  0   0.0%   0.316 UG:3    +
   21    42  0   0.0%   0.007 CG:3    +
   62    68  0   0.0%   0.557 GU:3    +
   47    75  0   0.0%   0.208 GU:3    +
   12    30  0   0.0%   0.000 GU:3    +
   10    33  0   0.0%   0.000 GC:3    +
   47    67  0   0.0%   0.195 GC:3    +
   10    34  0   0.0%   0.000 GC:3    +
   24    68  0   0.0%   0.530 GU:3    +
    1    94  0   0.0%   0.034 GC:3    +
   22    38  0   0.0%   0.009 UG:3    +
   12    51  0   0.0%   0.068 GC:3    +
   18    54  0   0.0%   0.130 UG:3    +
   12    21  0   0.0%   0.000 GC:3    +
   81    88  0   0.0%   0.003 GC:3    +
   82    87  0   0.0%   0.020 GC:3    +
   18    41  0   0.0%   0.124 UA:3    +
   42    66  0   0.0%   0.393 GU:3    +
   13    29  0   0.0%   0.001 GC:3    +
   33    47  0   0.0%   0.139 CG:3    +
   80    89  0   0.0%   0.001 GU:3    +
   25    63  0   0.0%   0.789 UA:3    +
   62    77  0   0.0%   0.078 GC:3    +
   13    65  0   0.0%   0.082 GC:3    +
   77    82  0   0.0%   0.001 CG:3    +
   47    71  0   0.0%   0.302 GC:3    +
   74    85  0   0.0%   0.114 GC:3    +
   61    78  0   0.0%   0.145 CG:3    +
   73    86  0   0.0%   0.497 GC:3    +
   42    58  0   0.0%   0.479 GC:3    +
   54    58  0   0.0%   1.732 GC:3    +
   40    54  0   0.0%   1.423 CG:3    +
   78    89  0   0.0%   0.001 GU:3    +
   51    73  0   0.0%   0.896 CG:3    +
   60    79  0   0.0%   0.361 GC:3    +
   18    27  0   0.0%   0.248 UA:3    +
   30    60  0   0.0%   0.651 UG:3    +
   66    74  0   0.0%   0.395 UG:3    +
   19    23  0   0.0%   0.001 AU:3    +
    1    89  0   0.0%   0.034 GU:3    +
   14    64  0   0.0%   0.010 CG:3    +
   15    68  0   0.0%   0.136 GU:3    +
   64    71  0   0.0%   0.448 GC:3    +
   24    34  0   0.0%   0.110 GC:3    +
   58    72  0   0.0%   0.934 CG:3    +
   49    75  0   0.0%   0.120 AU:3    +
   13    71  0   0.0%   0.082 GC:3    +
   38    68  0   0.0%   0.618 GU:3    +
   39    67  0   0.0%   0.318 GC:3    +
   22    41  0   0.0%   0.005 UA:3    +
   23    47  0   0.0%   0.021 UG:3    +
   31    47  0   0.0%   0.177 CG:3    +
   42    65  0   0.0%   0.200 GC:3    +
   17    73  0   0.0%   0.969 UG:3    +
   72    87  0   0.0%   0.451 GC:3    +
   17    45  0   0.0%   0.133 UA:3    +
   41    66  0   0.0%   0.423 AU:3    +
   60    66  0   0.0%   0.515 GU:3    +
   13    20  0   0.0%   0.000 GU:3    +
   24    31  0   0.0%   0.182 GC:3    +
   24    29  0   0.0%   0.233 GC:3    +
   17    28  0   0.0%   0.248 UA:3    +
   21    37  0   0.0%   0.003 CG:3    +
   23    37  0   0.0%   0.009 UG:3    +
   12    66  0   0.0%   0.068 GU:3    +
   15    58  0   0.0%   0.134 GC:3    +
   31    50  0   0.0%   0.224 CG:3    +
   56    61  0   0.0%   1.296 GC:3    +
   60    71  0   0.0%   0.664 GC:3    +
   61    74  0   0.0%   0.249 CG:3    +
   14    69  0   0.0%   0.010 CG:3    +
   43    57  0   0.0%   0.773 GU:3    +
   20    43  0   0.0%   0.117 UG:3    +
   65    69  0   0.0%   0.759 CG:3    +
   10    35  0   0.0%   0.000 GC:3    +
   75    92  0   0.0%   0.094 UA:3    +
   16    74  0   0.0%   0.341 UG:3    +
   18    24  0   0.0%   0.001 UG:3    +
   12    35  0   0.0%   0.068 GC:3    +
   60    75  0   0.0%   0.450 GU:3    +
   15    30  0   0.0%   0.130 GU:3    +
   22    36  0   0.0%   0.000 UA:3    +
   48    73  0   0.0%   0.684 CG:3    +
   13    34  0   0.0%   0.075 GC:3    +
   30    47  0   0.0%   0.100 UG:3    +
   18    56  0   0.0%   0.130 UG:3    +
   18    28  0   0.0%   0.248 UA:3    +
   54    71  0   0.0%   1.542 GC:3    +
   15    65  0   0.0%   0.136 GC:3    +
   17    42  0   0.0%   0.124 UG:3    +
    1   109  0   0.0%   0.034 GC:3    +
   30    49  0   0.0%   0.113 UA:3    +
   18    64  0   0.0%   0.129 UG:3    +
   58   107  0   0.0%   0.509 CG:3    +
   16    49  0   0.0%   0.131 UA:3    +
   70    75  0   0.0%   0.668 AU:3    +
   46    72  0   0.0%   0.609 UG:3    +
   80    86  0   0.0%   0.024 GC:3    +
   81    85  0   0.0%   0.002 GC:3    +
   14    26  0   0.0%   0.001 CG:3    +
   18    42  0   0.0%   0.124 UG:3    +
   69    98  0   0.0%   0.676 GU:3    +
   26    51  0   0.0%   0.236 GC:3    +
   17    47  0   0.0%   0.135 UG:3    +
   59   106  0   0.0%   0.467 AU:3    +
   15    32  0   0.0%   0.187 GC:3    +
   21    73  0   0.0%   0.513 CG:3    +
   29    50  0   0.0%   0.240 CG:3    +
   20    38  0   0.0%   0.111 UG:3    +
    2    88  0   0.0%   0.016 GC:3    +
   20    74  0   0.0%   0.181 UG:3    +
   26    65  0   0.0%   0.524 GC:3    +
   23    69  0   0.0%   0.625 UG:3    +
   24    67  0   0.0%   0.254 GC:3    +
   55    67  0   0.0%   1.412 GC:3    +
   14    76  0   0.0%   0.713 CG:3    +
    1    58  0   0.0%   0.000 GC:3    +
   12    29  0   0.0%   0.000 GC:3    +
   25    52  0   0.0%   0.277 UA:3    +
   16    64  0   0.0%   0.135 UG:3    +
   23    28  0   0.0%   0.124 UA:3    +
   16    59  0   0.0%   0.133 UA:3    +
   57   108  0   0.0%   0.913 UG:3    +
   86   105  0   0.0%   0.025 CG:3    +
   13    77  0   0.0%   0.091 GC:3    +
   17    43  0   0.0%   0.124 UG:3    +
   15    25  0   0.0%   0.001 GU:3    +
   86   100  0   0.0%   0.025 CG:3    +
   75    93  0   0.0%   0.094 UA:3    +
   19    75  0   0.0%   0.679 AU:3    +
    9    76  0   0.0%   0.001 UG:3    +
   40    55  0   0.0%   1.403 CG:3    +
   22    72  0   0.0%   0.468 UG:3    +
   17    52  0   0.0%   0.130 UA:3    +
   12    48  0   0.0%   0.068 GC:3    +
   90    96  1   0.0%   0.002 AU:2    +
((((((((((((.((((...(((((.....(((.....(((....))).....)))...)))))....))))..))))))))))))((....((.......))...)).
