3 sequence; length of alignment 34
alifold output
    6    17  0  39.0%   1.204 GC:3   
    5    18  0  39.0%   1.223 GC:3   
    7    16  0  38.8%   1.163 UG:3   
    6    30  0  38.1%   1.535 GC:3    +
    7    29  0  37.8%   1.554 UA:3    +
    4    32  0  37.7%   1.295 GC:3    +
    8    28  0  36.9%   1.513 UA:3    +
    3    33  0  34.8%   1.626 GU:3    +
   13    22  0  34.0%   1.315 CG:3    +
   12    23  0  33.2%   1.207 GU:3    +
    8    15  0  31.4%   1.116 UG:3   
    3    20  0  29.2%   1.122 GC:3   
   10    26  0  21.3%   1.010 UG:3    +
   10    29  0  20.1%   1.696 UA:3    +
    9    30  0  20.1%   1.618 GC:3    +
   11    28  0  19.7%   1.378 UA:3    +
   16    23  0  19.4%   1.775 GU:3    +
   13    26  0  19.4%   1.800 CG:3    +
   17    22  0  19.4%   1.858 CG:3    +
    6    32  0  16.2%   2.094 GC:3    +
    5    33  0  14.6%   1.741 GU:3    +
   15    24  0  14.2%   1.568 GU:3    +
   22    30  0  13.1%   2.300 GC:3    +
   23    29  0  12.8%   2.192 UA:3    +
   15    20  0  12.1%   1.708 GC:3    +
    8    31  0  10.3%   1.665 UG:3    +
    9    14  0   9.9%   0.757 GU:3    +
   24    28  0   8.9%   1.677 UA:3    +
    7    31  0   8.1%   1.427 UG:3    +
    2    34  0   6.6%   0.604 UG:3    +
   19    32  0   5.8%   1.378 GC:3    +
   20    31  0   5.6%   1.836 CG:3    +
   21    31  0   4.5%   1.266 UG:3    +
    4    20  0   3.2%   0.762 GC:3    +
    3    21  0   3.0%   0.716 GU:3    +
   27    32  0   1.4%   1.297 GC:3    +
   13    19  0   1.4%   0.278 CG:3    +
   12    20  0   1.4%   0.701 GC:3    +
   26    33  0   1.3%   1.656 GU:3    +
   16    20  0   1.3%   1.349 GC:3    +
   15    21  0   1.2%   0.930 GU:3    +
   18    26  0   1.1%   1.260 CG:3    +
   17    27  0   1.1%   0.965 CG:3    +
    5    32  0   0.9%   0.950 GC:3    +
    2    22  0   0.9%   0.172 UG:3    +
    4    33  0   0.8%   1.038 GU:3    +
    6    13  0   0.8%   0.132 GC:3    +
    7    12  0   0.8%   0.113 UG:3    +
   12    32  0   0.8%   1.318 GC:3    +
   13    31  0   0.8%   1.388 CG:3    +
   19    25  0   0.7%   0.210 GU:3    +
   22    32  0   0.7%   2.085 GC:3    +
    3    18  0   0.7%   0.111 GC:3    +
    5    14  0   0.7%   0.115 GU:3    +
    4    17  0   0.7%   0.113 GC:3    +
   23    31  0   0.7%   1.851 UG:3    +
    1    22  0   0.6%   0.094 UG:3    +
   26    32  0   0.6%   1.797 GC:3    +
    9    13  0   0.5%   0.127 GC:3    +
    4    18  0   0.5%   0.154 GC:3    +
    5    17  0   0.5%   0.145 GC:3    +
   12    24  0   0.4%   0.539 GU:3    +
    8    27  0   0.4%   0.444 UG:3    +
   14    22  0   0.4%   0.782 UG:3    +
    7    15  0   0.3%   0.100 UG:3    +
   13    27  0   0.3%   0.917 CG:3    +
   14    26  0   0.3%   1.007 UG:3    +
   25    34  0   0.3%   0.296 UG:3    +
    7    28  0   0.2%   0.481 UA:3    +
   15    25  0   0.2%   1.032 GU:3    +
    9    17  0   0.2%   0.715 GC:3    +
   10    16  0   0.2%   0.411 UG:3    +
    6    20  0   0.2%   0.915 GC:3    +
    7    19  0   0.2%   0.466 UG:3    +
   10    27  0   0.2%   0.406 UG:3    +
   11    26  0   0.2%   0.382 UG:3    +
    5    21  0   0.2%   0.565 GU:3    +
    2    19  0   0.2%   0.036 UG:3    +
   15    30  0   0.2%   1.729 GC:3    +
   21    29  0   0.1%   0.911 UA:3    +
   16    32  0   0.1%   1.551 GC:3    +
   16    24  0   0.1%   1.092 GU:3    +
    3    32  0   0.1%   0.542 GC:3    +
   15    33  0   0.1%   1.732 GU:3    +
   21    28  0   0.1%   0.914 UA:3    +
   17    31  0   0.1%   1.308 CG:3    +
    4    13  0   0.1%   0.026 GC:3    +
    5    30  0   0.1%   0.465 GC:3    +
    3    14  0   0.1%   0.024 GU:3    +
   20    27  0   0.1%   0.995 CG:3    +
   21    26  0   0.1%   0.926 UG:3    +
   26    30  0   0.1%   1.741 GC:3    +
   11    15  0   0.1%   0.417 UG:3    +
    3    23  0   0.1%   0.527 GU:3    +
    6    33  0   0.1%   1.794 GU:3    +
   20    26  0   0.1%   1.598 CG:3    +
   11    22  0   0.1%   0.102 UG:3    +
    6    11  0   0.1%   0.016 GU:3    +
   18    27  0   0.1%   0.605 CG:3    +
    2    15  0   0.1%   0.013 UG:3    +
   25    31  0   0.1%   0.892 UG:3    +
   18    22  0   0.0%   1.224 CG:3    +
   19    30  0   0.0%   0.838 GC:3    +
   10    15  0   0.0%   0.398 UG:3    +
    9    25  0   0.0%   0.283 GU:3    +
   15    23  0   0.0%   1.091 GU:3    +
    9    23  0   0.0%   0.283 GU:3    +
    5    13  0   0.0%   0.017 GC:3    +
   21    27  0   0.0%   0.307 UG:3    +
   25    29  0   0.0%   1.031 UA:3    +
    2    27  0   0.0%   0.068 UG:3    +
   23    28  0   0.0%   1.421 UA:3    +
    4    14  0   0.0%   0.024 GU:3    +
    8    16  0   0.0%   0.743 UG:3    +
   11    27  0   0.0%   0.074 UG:3    +
    1    16  0   0.0%   0.007 UG:3    +
    1    28  0   0.0%   0.042 UA:3    +
   24    29  0   0.0%   1.500 UA:3    +
   12    25  0   0.0%   0.500 GU:3    +
   16    21  0   0.0%   0.616 GU:3    +
    1    34  0   0.0%   0.044 UG:3    +
   10    28  0   0.0%   0.748 UA:3    +
    2    16  0   0.0%   0.012 UG:3    +
   18    31  0   0.0%   0.976 CG:3    +
   28    33  0   0.0%   1.703 AU:3    +
   19    33  0   0.0%   0.996 GU:3    +
    2    26  0   0.0%   0.063 UG:3    +
   14    31  0   0.0%   0.792 UG:3    +
   10    22  0   0.0%   0.093 UG:3    +
   14    29  0   0.0%   1.007 UA:3    +
    9    20  0   0.0%   0.752 GC:3    +
   10    19  0   0.0%   0.040 UG:3    +
    1    27  0   0.0%   0.037 UG:3    +
    9    24  0   0.0%   0.275 GU:3    +
   24    34  0   0.0%   0.721 UG:3    +
   10    34  0   0.0%   0.868 UG:3    +
    8    26  0   0.0%   0.372 UG:3    +
    6    18  0   0.0%   0.840 GC:3    +
   24    31  0   0.0%   1.354 UG:3    +
   14    34  0   0.0%   0.500 UG:3    +
   30    34  0   0.0%   1.192 CG:3    +
   17    34  0   0.0%   1.001 CG:3    +
   27    33  0   0.0%   0.951 GU:3    +
    4    25  0   0.0%   0.184 GU:3    +
   20    34  0   0.0%   1.215 CG:3    +
    2    28  0   0.0%   0.066 UA:3    +
    3    17  0   0.0%   0.011 GC:3    +
   18    34  0   0.0%   0.675 CG:3    +
   12    17  0   0.0%   0.477 GC:3    +
   14    19  0   0.0%   0.357 UG:3    +
    8    29  0   0.0%   1.129 UA:3    +
    1    26  0   0.0%   0.035 UG:3    +
   12    18  0   0.0%   0.468 GC:3    +
   23    27  0   0.0%   0.822 UG:3    +
    4    30  0   0.0%   0.184 GC:3    +
    1    29  0   0.0%   0.039 UA:3    +
    9    32  0   0.0%   1.312 GC:3    +
    3    13  0   0.0%   0.002 GC:3    +
    5    24  0   0.0%   0.441 GU:3    +
   29    33  0   0.0%   1.738 AU:3    +
   11    19  0   0.0%   0.036 UG:3    +
    3    30  0   0.0%   0.516 GC:3    +
   23    34  0   0.0%   1.184 UG:3    +
    5    11  0   0.0%   0.002 GU:3    +
    7    27  0   0.0%   0.440 UG:3    +
   10    31  0   0.0%   1.120 UG:3    +
   12    21  0   0.0%   0.215 GU:3    +
    9    18  0   0.0%   0.695 GC:3    +
    8    12  0   0.0%   0.039 UG:3    +
    6    23  0   0.0%   0.431 GU:3    +
    2    31  0   0.0%   0.064 UG:3    +
   16    25  0   0.0%   0.790 GU:3    +
    5    10  0   0.0%   0.001 GU:3    +
   11    16  0   0.0%   0.398 UG:3    +
   12    30  0   0.0%   1.191 GC:3    +
   22    33  0   0.0%   1.796 GU:3    +
    4    11  0   0.0%   0.001 GU:3    +
    4    10  0   0.0%   0.001 GU:3    +
   16    30  0   0.0%   1.480 GC:3    +
    3    25  0   0.0%   0.515 GU:3    +
   21    34  0   0.0%   0.526 UG:3    +
   19    24  0   0.0%   0.396 GU:3    +
    7    34  0   0.0%   1.203 UG:3    +
    3    11  0   0.0%   0.001 GU:3    +
    4    24  0   0.0%   0.182 GU:3    +
    4    21  0   0.0%   0.286 GU:3    +
    6    10  0   0.0%   0.001 GU:3    +
    8    19  0   0.0%   0.388 UG:3    +
   11    31  0   0.0%   0.789 UG:3    +
   11    34  0   0.0%   0.535 UG:3    +
    3    24  0   0.0%   0.514 GU:3    +
    4    23  0   0.0%   0.188 GU:3    +
    2    29  0   0.0%   0.064 UA:3    +
    5    20  0   0.0%   0.900 GC:3    +
    3     8  0   0.0%   0.000 GU:3    +
   15    32  0   0.0%   1.761 GC:3    +
    9    33  0   0.0%   1.293 GU:3    +
   14    27  0   0.0%   0.371 UG:3    +
    8    34  0   0.0%   1.176 UG:3    +
   13    34  0   0.0%   1.060 CG:3    +
   17    26  0   0.0%   1.434 CG:3    +
    3    10  0   0.0%   0.000 GU:3    +
    7    26  0   0.0%   0.437 UG:3    +
    1     6  0   0.0%   0.000 UG:3    +
   11    29  0   0.0%   1.043 UA:3    +
   19    23  0   0.0%   0.780 GU:3    +
   12    33  0   0.0%   1.225 GU:3    +
    7    22  0   0.0%   0.507 UG:3    +
    1    19  0   0.0%   0.003 UG:3    +
    1     5  0   0.0%   0.000 UG:3    +
    6    14  0   0.0%   0.088 GU:3    +
    9    21  0   0.0%   0.383 GU:3    +
   14    28  0   0.0%   1.019 UA:3    +
    2     9  0   0.0%   0.000 UG:3    +
    5    23  0   0.0%   0.446 GU:3    +
    1    31  0   0.0%   0.038 UG:3    +
    2     6  0   0.0%   0.000 UG:3    +
    8    22  0   0.0%   0.439 UG:3    +
    1    15  0   0.0%   0.000 UG:3    +
    3     7  0   0.0%   0.000 GU:3    +
    1     9  0   0.0%   0.000 UG:3    +
    4     8  0   0.0%   0.000 GU:3    +
   16    33  0   0.0%   1.485 GU:3    +
    2    12  0   0.0%   0.000 UG:3    +
    6    24  0   0.0%   0.424 GU:3    +
    6    25  0   0.0%   0.424 GU:3    +
..(.((((......)))).)..............
