3 sequence; length of alignment 39
alifold output
   21    29  0  74.5%   0.865 CG:3   
   20    30  0  74.5%   0.891 AU:3   
   22    28  0  74.4%   0.849 CG:3   
   19    31  0  74.3%   1.053 CG:3   
   16    36  0  72.6%   0.907 AU:3   
   15    37  0  72.6%   0.929 AU:3   
   17    35  0  72.4%   0.899 GC:3   
   14    38  0  72.3%   1.045 GC:3   
   23    27  0  60.4%   0.980 UG:3   
   27    35  0  15.9%   1.430 GC:3    +
   28    34  0  15.9%   1.125 GC:3    +
   26    36  0  15.8%   1.115 AU:3    +
   25    37  0  15.6%   1.128 GU:3    +
   24    38  0  15.3%   1.158 GC:3    +
   25    38  0   9.5%   1.509 GC:3    +
   26    37  0   9.5%   1.504 AU:3    +
   28    35  0   9.5%   1.726 GC:3    +
   27    36  0   9.5%   1.803 GU:3    +
   29    34  0   9.4%   1.201 GC:3    +
    8    14  0   8.9%   0.747 CG:3    +
    7    15  0   8.8%   0.649 UA:3    +
   10    18  0   7.8%   0.671 GC:3    +
    9    19  0   7.8%   0.863 GC:3    +
    6    16  0   7.5%   0.586 UA:3    +
   24    39  0   7.0%   0.907 GU:3    +
    9    13  0   3.4%   0.418 GU:3    +
    9    22  0   3.3%   0.737 GC:3    +
   10    21  0   3.3%   0.638 GC:3    +
   12    17  0   3.1%   0.474 CG:3    +
    2     8  0   2.7%   0.299 GC:3    +
   14    19  0   2.6%   0.787 GC:3    +
    2    12  0   2.5%   0.382 GC:3    +
    3    11  0   2.4%   0.285 UA:3    +
   13    20  0   2.3%   0.520 UA:3    +
    2    21  0   2.0%   0.555 GC:3    +
    3    20  0   1.9%   0.436 UA:3    +
    2    19  0   1.8%   0.467 GC:3    +
    1     9  0   1.5%   0.189 UG:3    +
    1    20  0   1.4%   0.251 UA:3    +
    2    18  0   1.1%   0.346 GC:3    +
    3    17  0   1.1%   0.248 UG:3    +
   10    22  0   0.9%   0.577 GC:3    +
    9    23  0   0.9%   0.638 GU:3    +
    8    24  0   0.8%   0.440 CG:3    +
   17    34  0   0.2%   0.220 GC:3    +
   10    38  0   0.2%   0.417 GC:3    +
   17    22  0   0.2%   0.360 GC:3    +
   16    23  0   0.2%   0.273 AU:3    +
   11    37  0   0.2%   0.135 AU:3    +
    9    39  0   0.1%   0.587 GU:3    +
    9    18  0   0.1%   0.260 GC:3    +
    1    10  0   0.1%   0.084 UG:3    +
   10    19  0   0.1%   0.505 GC:3    +
    7    25  0   0.1%   0.244 UG:3    +
   22    27  0   0.1%   0.193 CG:3    +
    3    10  0   0.1%   0.027 UG:3    +
    2    22  0   0.1%   0.414 GC:3    +
   19    24  0   0.1%   0.432 CG:3    +
    8    17  0   0.1%   0.379 CG:3    +
    7    20  0   0.1%   0.370 UA:3    +
    1    11  0   0.1%   0.084 UA:3    +
   18    25  0   0.1%   0.281 CG:3    +
    3     9  0   0.1%   0.075 UG:3    +
    9    21  0   0.1%   0.481 GC:3    +
   18    29  0   0.1%   0.279 CG:3    +
    4    13  0   0.1%   0.012 AU:3    +
   19    28  0   0.1%   0.394 CG:3    +
    9    38  0   0.0%   0.566 GC:3    +
    2     7  0   0.0%   0.012 GU:3    +
   17    30  0   0.0%   0.190 GU:3    +
   10    37  0   0.0%   0.388 GU:3    +
   21    28  0   0.0%   0.215 CG:3    +
   18    31  0   0.0%   0.283 CG:3    +
   14    35  0   0.0%   0.337 GC:3    +
    6    26  0   0.0%   0.210 UA:3    +
   11    36  0   0.0%   0.108 AU:3    +
   11    39  0   0.0%   0.133 AU:3    +
    9    35  0   0.0%   0.560 GC:3    +
   10    34  0   0.0%   0.384 GC:3    +
   14    18  0   0.0%   0.485 GC:3    +
   14    34  0   0.0%   0.332 GC:3    +
    5    23  0   0.0%   0.010 AU:3    +
   14    21  0   0.0%   0.517 GC:3    +
   14    22  0   0.0%   0.485 GC:3    +
    6    15  0   0.0%   0.009 UA:3    +
   10    39  0   0.0%   0.407 GU:3    +
    5    13  0   0.0%   0.010 AU:3    +
    7    14  0   0.0%   0.011 UG:3    +
    8    31  0   0.0%   0.363 CG:3    +
    7    32  0   0.0%   0.237 UA:3    +
    6    17  0   0.0%   0.252 UG:3    +
    7    16  0   0.0%   0.418 UA:3    +
    6    11  0   0.0%   0.100 UA:3    +
    3    14  0   0.0%   0.104 UG:3    +
   23    28  0   0.0%   0.595 UG:3    +
   12    29  0   0.0%   0.207 CG:3    +
   13    28  0   0.0%   0.213 UG:3    +
    9    30  0   0.0%   0.553 GU:3    +
   11    30  0   0.0%   0.101 AU:3    +
    6    33  0   0.0%   0.207 UA:3    +
   12    27  0   0.0%   0.206 CG:3    +
   13    26  0   0.0%   0.215 UA:3    +
    4    23  0   0.0%   0.007 AU:3    +
    7    24  0   0.0%   0.229 UG:3    +
   22    29  0   0.0%   0.626 CG:3    +
    7    11  0   0.0%   0.102 UA:3    +
   15    36  0   0.0%   0.222 AU:3    +
    1     5  0   0.0%   0.002 UA:3    +
   21    27  0   0.0%   0.201 CG:3    +
   13    17  0   0.0%   0.287 UG:3    +
   17    21  0   0.0%   0.363 GC:3    +
    6    10  0   0.0%   0.015 UG:3    +
   14    37  0   0.0%   0.343 GU:3    +
   12    24  0   0.0%   0.245 CG:3    +
   19    27  0   0.0%   0.383 CG:3    +
   18    28  0   0.0%   0.269 CG:3    +
    2     6  0   0.0%   0.002 GU:3    +
    2    13  0   0.0%   0.197 GU:3    +
    2    34  0   0.0%   0.406 GC:3    +
    3    33  0   0.0%   0.228 UA:3    +
    6    20  0   0.0%   0.336 UA:3    +
   16    30  0   0.0%   0.209 AU:3    +
   10    23  0   0.0%   0.421 GU:3    +
    3    24  0   0.0%   0.227 UG:3    +
   32    37  0   0.0%   0.764 AU:3    +
   13    33  0   0.0%   0.213 UA:3    +
   31    38  0   0.0%   0.988 GC:3    +
   20    39  0   0.0%   0.462 AU:3    +
   14    23  0   0.0%   0.368 GU:3    +
    2    23  0   0.0%   0.405 GU:3    +
   15    23  0   0.0%   0.263 AU:3    +
   18    24  0   0.0%   0.304 CG:3    +
    8    25  0   0.0%   0.365 CG:3    +
   14    39  0   0.0%   0.578 GU:3    +
    1    16  0   0.0%   0.076 UA:3    +
   14    36  0   0.0%   0.331 GU:3    +
    2    38  0   0.0%   0.405 GC:3    +
    6    14  0   0.0%   0.005 UG:3    +
   21    31  0   0.0%   0.648 CG:3    +
    1    15  0   0.0%   0.076 UA:3    +
    5    39  0   0.0%   0.006 AU:3    +
   11    23  0   0.0%   0.144 AU:3    +
    7    26  0   0.0%   0.237 UA:3    +
    1    17  0   0.0%   0.076 UG:3    +
    4    39  0   0.0%   0.006 AU:3    +
    3    16  0   0.0%   0.102 UA:3    +
    6    24  0   0.0%   0.201 UG:3    +
    1    14  0   0.0%   0.075 UG:3    +
   13    32  0   0.0%   0.212 UA:3    +
   21    25  0   0.0%   0.208 CG:3    +
   10    35  0   0.0%   0.381 GC:3    +
   19    29  0   0.0%   0.390 CG:3    +
    2    39  0   0.0%   0.405 GU:3    +
    2    35  0   0.0%   0.405 GC:3    +
   17    23  0   0.0%   0.234 GU:3    +
    9    36  0   0.0%   0.554 GU:3    +
   17    38  0   0.0%   0.674 GC:3    +
   27    38  0   0.0%   1.589 GC:3    +
   16    39  0   0.0%   0.454 AU:3    +
   25    34  0   0.0%   0.028 GC:3    +
   24    35  0   0.0%   0.288 GC:3    +
   28    37  0   0.0%   1.507 GU:3    +
   12    28  0   0.0%   0.204 CG:3    +
   13    24  0   0.0%   0.250 UG:3    +
    1    24  0   0.0%   0.135 UG:3    +
   13    27  0   0.0%   0.211 UG:3    +
   27    34  0   0.0%   0.331 GC:3    +
   12    31  0   0.0%   0.206 CG:3    +
    4    37  0   0.0%   0.005 AU:3    +
   16    37  0   0.0%   0.686 AU:3    +
   26    39  0   0.0%   0.721 AU:3    +
    5    36  0   0.0%   0.005 AU:3    +
    3    15  0   0.0%   0.101 UA:3    +
   28    38  0   0.0%   1.507 GC:3    +
   29    35  0   0.0%   1.204 GC:3    +
   12    25  0   0.0%   0.209 CG:3    +
   24    37  0   0.0%   0.295 GU:3    +
   17    36  0   0.0%   0.662 GU:3    +
   29    36  0   0.0%   1.199 GU:3    +
   29    37  0   0.0%   1.209 GU:3    +
    9    34  0   0.0%   0.552 GC:3    +
   32    39  0   0.0%   0.203 AU:3    +
   27    39  0   0.0%   1.030 GU:3    +
   28    36  0   0.0%   1.498 GU:3    +
    7    17  0   0.0%   0.272 UG:3    +
    5    30  0   0.0%   0.005 AU:3    +
    6    29  0   0.0%   0.204 UG:3    +
    6    27  0   0.0%   0.204 UG:3    +
    7    28  0   0.0%   0.233 UG:3    +
    8    27  0   0.0%   0.359 CG:3    +
   29    38  0   0.0%   1.208 GC:3    +
   27    37  0   0.0%   1.589 GU:3    +
   22    31  0   0.0%   0.626 CG:3    +
   28    39  0   0.0%   0.948 GU:3    +
   25    39  0   0.0%   0.726 GU:3    +
   19    25  0   0.0%   0.391 CG:3    +
   25    36  0   0.0%   0.247 GU:3    +
   15    30  0   0.0%   0.218 AU:3    +
    6    25  0   0.0%   0.200 UG:3    +
   13    31  0   0.0%   0.212 UG:3    +
   17    39  0   0.0%   0.440 GU:3    +
   15    39  0   0.0%   0.465 AU:3    +
    3    29  0   0.0%   0.226 UG:3    +
   32    36  0   0.0%   0.753 AU:3    +
    1    32  0   0.0%   0.134 UA:3    +
   33    37  0   0.0%   0.763 AU:3    +
   33    39  0   0.0%   0.203 AU:3    +
    2    30  0   0.0%   0.404 GU:3    +
    4    36  0   0.0%   0.005 AU:3    +
    2    37  0   0.0%   0.405 GU:3    +
    5    37  0   0.0%   0.005 AU:3    +
   31    35  0   0.0%   0.983 GC:3    +
   25    35  0   0.0%   0.251 GC:3    +
   14    30  0   0.0%   0.323 GU:3    +
    3    32  0   0.0%   0.227 UA:3    +
    1    31  0   0.0%   0.134 UG:3    +
.............((((.(((((...)))))...)))).
