3 sequence; length of alignment 34
alifold output
   10    17  0  83.9%   0.451 CG:3   
    9    18  0  83.7%   0.463 GC:3   
   23    31  0  81.3%   0.930 CG:3   
   24    30  0  80.8%   0.938 GC:3   
   22    32  0  79.5%   0.943 CG:3   
   11    16  0  73.4%   0.693 GC:3   
   25    32  0   8.3%   1.197 UG:3    +
   24    33  0   8.3%   1.087 GC:3    +
   26    31  0   8.2%   1.171 CG:3    +
   11    18  0   7.8%   0.978 GC:3    +
   12    17  0   7.8%   0.755 CG:3    +
    8    31  0   4.7%   0.449 CG:3    +
    9    30  0   4.7%   0.613 GC:3    +
    7    32  0   4.7%   0.438 CG:3    +
   11    28  0   3.5%   0.825 GC:3    +
   16    24  0   3.2%   0.647 CG:3    +
   17    23  0   3.1%   0.723 GC:3    +
   21    32  0   2.6%   0.503 CG:3    +
   13    26  0   2.5%   0.347 GC:3    +
   22    31  0   2.3%   0.465 CG:3    +
   18    24  0   0.9%   0.666 CG:3    +
   17    25  0   0.8%   0.643 GU:3    +
    9    33  0   0.8%   0.441 GC:3    +
   10    32  0   0.8%   0.422 CG:3    +
   14    24  0   0.6%   0.139 CG:3    +
   12    31  0   0.6%   0.465 CG:3    +
   13    30  0   0.6%   0.397 GC:3    +
   12    24  0   0.5%   0.299 CG:3    +
   13    23  0   0.5%   0.101 GC:3    +
   13    25  0   0.3%   0.131 GU:3    +
   11    25  0   0.3%   0.514 GU:3    +
   13    33  0   0.2%   0.272 GC:3    +
   14    32  0   0.2%   0.260 CG:3    +
   10    24  0   0.2%   0.189 CG:3    +
   11    23  0   0.2%   0.463 GC:3    +
   16    31  0   0.1%   0.558 CG:3    +
    3    24  0   0.1%   0.033 CG:3    +
    8    17  0   0.1%   0.027 CG:3    +
    9    16  0   0.1%   0.033 GC:3    +
   17    30  0   0.1%   0.718 GC:3    +
   11    26  0   0.1%   0.485 GC:3    +
    2    25  0   0.1%   0.023 AU:3    +
    9    25  0   0.1%   0.203 GU:3    +
    9    21  0   0.1%   0.185 GC:3    +
    3     9  0   0.1%   0.018 CG:3    +
   13    22  0   0.1%   0.027 GC:3    +
   13    27  0   0.1%   0.170 GU:3    +
   11    33  0   0.1%   0.647 GC:3    +
    5    20  0   0.1%   0.018 UA:3    +
   17    22  0   0.1%   0.382 GC:3    +
   15    31  0   0.1%   0.203 UG:3    +
   12    32  0   0.1%   0.456 CG:3    +
   13    21  0   0.1%   0.026 GC:3    +
   17    26  0   0.1%   0.627 GC:3    +
   13    28  0   0.1%   0.289 GC:3    +
    6    32  0   0.1%   0.014 CG:3    +
   17    21  0   0.0%   0.379 GC:3    +
   11    30  0   0.0%   0.744 GC:3    +
    7    31  0   0.0%   0.012 CG:3    +
   15    24  0   0.0%   0.090 UG:3    +
   10    31  0   0.0%   0.316 CG:3    +
   23    32  0   0.0%   0.803 CG:3    +
   20    27  0   0.0%   0.022 AU:3    +
   17    33  0   0.0%   0.589 GC:3    +
   24    29  0   0.0%   0.247 GU:3    +
   26    32  0   0.0%   1.010 CG:3    +
    5    19  0   0.0%   0.008 UA:3    +
   27    31  0   0.0%   0.672 UG:3    +
   18    32  0   0.0%   0.601 CG:3    +
   11    34  0   0.0%   0.605 GC:3    +
   11    29  0   0.0%   0.593 GU:3    +
   13    18  0   0.0%   0.356 GC:3    +
   24    28  0   0.0%   0.360 GC:3    +
    3    11  0   0.0%   0.010 CG:3    +
    9    14  0   0.0%   0.011 GC:3    +
    9    23  0   0.0%   0.177 GC:3    +
    8    24  0   0.0%   0.022 CG:3    +
    9    22  0   0.0%   0.175 GC:3    +
   19    29  0   0.0%   0.011 AU:3    +
    1     9  0   0.0%   0.004 CG:3    +
   15    20  0   0.0%   0.010 UA:3    +
   11    27  0   0.0%   0.472 GU:3    +
    9    34  0   0.0%   0.368 GC:3    +
   13    29  0   0.0%   0.167 GU:3    +
    1    11  0   0.0%   0.004 CG:3    +
    9    26  0   0.0%   0.184 GC:3    +
   11    15  0   0.0%   0.006 GU:3    +
    8    13  0   0.0%   0.005 CG:3    +
   24    34  0   0.0%   0.621 GC:3    +
    9    28  0   0.0%   0.185 GC:3    +
    1    13  0   0.0%   0.004 CG:3    +
    8    32  0   0.0%   0.304 CG:3    +
   21    31  0   0.0%   0.213 CG:3    +
   17    28  0   0.0%   0.641 GC:3    +
   14    31  0   0.0%   0.214 CG:3    +
    6    13  0   0.0%   0.003 CG:3    +
    3    13  0   0.0%   0.009 CG:3    +
    3    32  0   0.0%   0.018 CG:3    +
   19    27  0   0.0%   0.012 AU:3    +
   15    19  0   0.0%   0.005 UA:3    +
    3    31  0   0.0%   0.018 CG:3    +
   15    32  0   0.0%   0.215 UG:3    +
   17    29  0   0.0%   0.521 GU:3    +
    9    27  0   0.0%   0.184 GU:3    +
   11    21  0   0.0%   0.438 GC:3    +
    7    13  0   0.0%   0.003 CG:3    +
    6    11  0   0.0%   0.004 CG:3    +
    5    24  0   0.0%   0.018 UG:3    +
    4    25  0   0.0%   0.009 AU:3    +
    3    17  0   0.0%   0.008 CG:3    +
   19    25  0   0.0%   0.096 AU:3    +
    6    31  0   0.0%   0.003 CG:3    +
   20    29  0   0.0%   0.015 AU:3    +
    9    29  0   0.0%   0.184 GU:3    +
   11    22  0   0.0%   0.433 GC:3    +
   17    34  0   0.0%   0.532 GC:3    +
   20    25  0   0.0%   0.100 AU:3    +
    7    24  0   0.0%   0.010 CG:3    +
    7    17  0   0.0%   0.002 CG:3    +
    5    32  0   0.0%   0.010 UG:3    +
    1    32  0   0.0%   0.004 CG:3    +
    7    11  0   0.0%   0.003 CG:3    +
    5     9  0   0.0%   0.007 UG:3    +
    6    24  0   0.0%   0.010 CG:3    +
    1    31  0   0.0%   0.003 CG:3    +
    6    17  0   0.0%   0.002 CG:3    +
    5    11  0   0.0%   0.003 UG:3    +
   17    27  0   0.0%   0.523 GU:3    +
    1    24  0   0.0%   0.003 CG:3    +
   13    34  0   0.0%   0.207 GC:3    +
    1    17  0   0.0%   0.003 CG:3    +
   28    32  0   0.0%   0.819 CG:3    +
    4    15  0   0.0%   0.000 AU:3    +
   25    31  0   0.0%   0.543 UG:3    +
   27    32  0   0.0%   0.706 UG:3    +
    9    15  0   0.0%   0.008 GU:3    +
   18    31  0   0.0%   0.587 CG:3    +
    5    13  0   0.0%   0.002 UG:3    +
    2    27  0   0.0%   0.008 AU:3    +
    2    15  0   0.0%   0.000 AU:3    +
    4    29  0   0.0%   0.001 AU:3    +
    5    17  0   0.0%   0.001 UG:3    +
    4    27  0   0.0%   0.000 AU:3    +
........(((....)))...(((.....)))..
