3 sequence; length of alignment 50
alifold output
   15    24  0  99.6%   0.023 AU:3   
   16    23  0  99.5%   0.038 GC:3   
   13    26  0  99.5%   0.017 AU:3   
   14    25  0  99.5%   0.019 AU:3   
   12    27  0  99.2%   0.026 GU:3   
   11    28  0  95.8%   0.136 UA:3   
    8    31  0  91.5%   0.268 GC:3   
    7    32  0  91.4%   0.272 GC:3   
   17    22  0  83.1%   0.481 UA:3   
    9    30  0  81.5%   0.557 GU:3   
    2    37  0  66.0%   0.839 UA:3   
    3    36  0  65.8%   0.887 GC:3   
    1    38  0  65.1%   0.842 CG:3   
   38    48  0  30.8%   1.406 GC:3    +
   37    49  0  30.5%   1.365 AU:3    +
   39    47  0  30.0%   1.139 AU:3    +
   36    50  0  28.5%   1.472 CG:3    +
    5    34  0  13.2%   0.862 GU:3    +
   42    48  0   5.2%   1.071 GC:3    +
    8    32  0   5.0%   0.638 GC:3    +
    9    31  0   5.0%   0.756 GC:3    +
   41    49  0   4.8%   0.975 GU:3    +
    7    33  0   4.1%   0.527 GU:3    +
   41    48  0   3.6%   0.770 GC:3    +
    6    35  0   3.5%   0.373 UA:3    +
    5    36  0   3.3%   0.929 GC:3    +
   42    47  0   2.8%   0.701 GU:3    +
    7    34  0   2.6%   0.804 GU:3    +
    8    33  0   2.1%   0.659 GU:3    +
    9    32  0   2.1%   0.853 GC:3    +
   40    50  0   1.0%   0.555 UG:3    +
    4     9  0   0.8%   0.116 CG:3    +
    3    10  0   0.8%   0.116 GC:3    +
   40    45  0   0.8%   0.141 UG:3    +
    5    33  0   0.5%   0.101 GU:3    +
   39    46  0   0.5%   0.113 AU:3    +
   41    46  0   0.3%   0.123 GU:3    +
   11    29  0   0.3%   0.105 UA:3    +
    3    34  0   0.3%   0.093 GU:3    +
    2    35  0   0.2%   0.046 UA:3    +
    4    38  0   0.2%   0.364 CG:3    +
   10    16  0   0.2%   0.076 CG:3    +
    9    17  0   0.2%   0.075 GU:3    +
    8    18  0   0.2%   0.035 GC:3    +
   11    15  0   0.2%   0.031 UA:3    +
    2    41  0   0.2%   0.333 UG:3    +
    1    42  0   0.2%   0.318 CG:3    +
    3    40  0   0.1%   0.363 GU:3    +
   38    44  0   0.1%   0.335 GC:3    +
    7    19  0   0.1%   0.027 GU:3    +
   44    50  0   0.1%   0.448 CG:3    +
   39    49  0   0.1%   0.795 AU:3    +
   39    43  0   0.1%   0.043 AU:3    +
    5    21  0   0.1%   0.023 GC:3    +
    5    23  0   0.1%   0.030 GC:3    +
    6    22  0   0.1%   0.018 UA:3    +
   32    41  0   0.1%   0.356 CG:3    +
   31    42  0   0.1%   0.271 CG:3    +
    2    39  0   0.1%   0.309 UA:3    +
    7    21  0   0.1%   0.033 GC:3    +
    7    31  0   0.1%   0.032 GC:3    +
    8    30  0   0.1%   0.031 GU:3    +
    1    41  0   0.1%   0.298 CG:3    +
   38    47  0   0.1%   0.328 GU:3    +
    4    45  0   0.1%   0.075 CG:3    +
    3    23  0   0.1%   0.052 GC:3    +
    3    46  0   0.1%   0.361 GU:3    +
    5    44  0   0.1%   0.442 GC:3    +
   36    45  0   0.1%   0.416 CG:3    +
   45    49  0   0.1%   0.581 GU:3    +
   35    46  0   0.0%   0.153 AU:3    +
    4    41  0   0.0%   0.079 CG:3    +
    5    40  0   0.0%   0.444 GU:3    +
    5    32  0   0.0%   0.024 GC:3    +
    6    39  0   0.0%   0.139 UA:3    +
   36    42  0   0.0%   0.420 CG:3    +
    4    42  0   0.0%   0.075 CG:3    +
   10    45  0   0.0%   0.066 CG:3    +
    9    46  0   0.0%   0.464 GU:3    +
    8    47  0   0.0%   0.342 GU:3    +
    7    48  0   0.0%   0.339 GC:3    +
   42    46  0   0.0%   0.088 GU:3    +
   35    43  0   0.0%   0.145 AU:3    +
   41    47  0   0.0%   0.422 GU:3    +
    3    43  0   0.0%   0.352 GU:3    +
   31    38  0   0.0%   0.542 CG:3    +
   30    39  0   0.0%   0.188 UA:3    +
   42    49  0   0.0%   0.803 GU:3    +
    2    38  0   0.0%   0.576 UG:3    +
   29    40  0   0.0%   0.038 AU:3    +
   17    39  0   0.0%   0.180 UA:3    +
   18    38  0   0.0%   0.315 CG:3    +
   16    40  0   0.0%   0.036 GU:3    +
   12    44  0   0.0%   0.022 GC:3    +
   13    43  0   0.0%   0.016 AU:3    +
    8    20  0   0.0%   0.018 GU:3    +
   19    37  0   0.0%   0.291 UA:3    +
   12    21  0   0.0%   0.018 GC:3    +
   13    20  0   0.0%   0.007 AU:3    +
   11    22  0   0.0%   0.021 UA:3    +
   36    41  0   0.0%   0.420 CG:3    +
   14    19  0   0.0%   0.013 AU:3    +
    1     5  0   0.0%   0.003 CG:3    +
    1     7  0   0.0%   0.004 CG:3    +
    6    42  0   0.0%   0.143 UG:3    +
    3    33  0   0.0%   0.047 GU:3    +
   13    27  0   0.0%   0.017 AU:3    +
    1    45  0   0.0%   0.301 CG:3    +
   14    26  0   0.0%   0.014 AU:3    +
    3    44  0   0.0%   0.350 GC:3    +
    1    12  0   0.0%   0.005 CG:3    +
    9    18  0   0.0%   0.065 GC:3    +
   10    42  0   0.0%   0.068 CG:3    +
    9    43  0   0.0%   0.456 GU:3    +
   10    38  0   0.0%   0.349 CG:3    +
   11    37  0   0.0%   0.347 UA:3    +
    8    44  0   0.0%   0.341 GC:3    +
   12    36  0   0.0%   0.402 GC:3    +
   16    21  0   0.0%   0.029 GC:3    +
   43    50  0   0.0%   0.423 UG:3    +
   11    45  0   0.0%   0.082 UG:3    +
    6    37  0   0.0%   0.399 UA:3    +
    9    23  0   0.0%   0.064 GC:3    +
   15    25  0   0.0%   0.022 AU:3    +
    8    24  0   0.0%   0.016 GU:3    +
    3    21  0   0.0%   0.040 GC:3    +
    9    19  0   0.0%   0.062 GU:3    +
    4    50  0   0.0%   0.066 CG:3    +
    8    48  0   0.0%   0.341 GC:3    +
   15    33  0   0.0%   0.259 AU:3    +
    2    45  0   0.0%   0.310 UG:3    +
   16    32  0   0.0%   0.338 GC:3    +
    1     8  0   0.0%   0.003 CG:3    +
    7    49  0   0.0%   0.335 GU:3    +
   11    41  0   0.0%   0.091 UG:3    +
   14    34  0   0.0%   0.387 AU:3    +
    2     7  0   0.0%   0.002 UG:3    +
   34    41  0   0.0%   0.406 UG:3    +
    2    22  0   0.0%   0.002 UA:3    +
    9    47  0   0.0%   0.459 GU:3    +
    7    36  0   0.0%   0.721 GC:3    +
    5    49  0   0.0%   0.434 GU:3    +
   29    43  0   0.0%   0.026 AU:3    +
   12    26  0   0.0%   0.004 GU:3    +
    8    19  0   0.0%   0.022 GU:3    +
    7    25  0   0.0%   0.016 GU:3    +
   35    40  0   0.0%   0.150 AU:3    +
   29    46  0   0.0%   0.028 AU:3    +
    2     8  0   0.0%   0.002 UG:3    +
    1     9  0   0.0%   0.003 CG:3    +
   12    18  0   0.0%   0.014 GC:3    +
   13    25  0   0.0%   0.003 AU:3    +
   33    42  0   0.0%   0.265 UG:3    +
   30    45  0   0.0%   0.184 UG:3    +
   46    50  0   0.0%   0.476 UG:3    +
   37    46  0   0.0%   0.289 AU:3    +
   37    43  0   0.0%   0.286 AU:3    +
   33    39  0   0.0%   0.257 UA:3    +
   16    24  0   0.0%   0.023 GU:3    +
   34    38  0   0.0%   0.681 UG:3    +
   13    17  0   0.0%   0.013 AU:3    +
   28    34  0   0.0%   0.421 AU:3    +
   29    34  0   0.0%   0.397 AU:3    +
   34    39  0   0.0%   0.393 UA:3    +
    3    25  0   0.0%   0.044 GU:3    +
   33    41  0   0.0%   0.270 UG:3    +
   27    35  0   0.0%   0.141 UA:3    +
   14    24  0   0.0%   0.002 AU:3    +
   33    45  0   0.0%   0.254 UG:3    +
   33    37  0   0.0%   0.521 UA:3    +
   32    38  0   0.0%   0.620 CG:3    +
   28    47  0   0.0%   0.045 AU:3    +
    8    40  0   0.0%   0.347 GU:3    +
   38    43  0   0.0%   0.309 GU:3    +
   32    42  0   0.0%   0.346 CG:3    +
   31    41  0   0.0%   0.258 CG:3    +
   30    42  0   0.0%   0.189 UG:3    +
    1    50  0   0.0%   0.299 CG:3    +
   29    33  0   0.0%   0.261 AU:3    +
   34    50  0   0.0%   0.381 UG:3    +
    7    44  0   0.0%   0.336 GC:3    +
    3    32  0   0.0%   0.044 GC:3    +
    8    43  0   0.0%   0.337 GU:3    +
   38    46  0   0.0%   0.322 GU:3    +
   19    29  0   0.0%   0.028 UA:3    +
   10    41  0   0.0%   0.071 CG:3    +
    2    42  0   0.0%   0.319 UG:3    +
    3    27  0   0.0%   0.044 GU:3    +
    2    28  0   0.0%   0.001 UA:3    +
   20    28  0   0.0%   0.045 UA:3    +
   37    47  0   0.0%   0.281 AU:3    +
   12    31  0   0.0%   0.247 GC:3    +
    6    50  0   0.0%   0.129 UG:3    +
    9    40  0   0.0%   0.464 GU:3    +
    3    48  0   0.0%   0.353 GC:3    +
   13    30  0   0.0%   0.180 AU:3    +
   35    49  0   0.0%   0.140 AU:3    +
   16    25  0   0.0%   0.025 GU:3    +
    6    41  0   0.0%   0.146 UG:3    +
    6    45  0   0.0%   0.134 UG:3    +
   15    26  0   0.0%   0.021 AU:3    +
    5    48  0   0.0%   0.433 GC:3    +
   23    42  0   0.0%   0.030 CG:3    +
    3    24  0   0.0%   0.044 GU:3    +
   24    41  0   0.0%   0.024 UG:3    +
    5    31  0   0.0%   0.014 GC:3    +
    6    29  0   0.0%   0.006 UA:3    +
   14    27  0   0.0%   0.016 AU:3    +
    5    10  0   0.0%   0.040 GC:3    +
   22    34  0   0.0%   0.540 AU:3    +
    5    30  0   0.0%   0.014 GU:3    +
   22    43  0   0.0%   0.166 AU:3    +
   35    47  0   0.0%   0.142 AU:3    +
    6    38  0   0.0%   0.420 UG:3    +
   11    16  0   0.0%   0.023 UG:3    +
   33    50  0   0.0%   0.245 UG:3    +
    5    27  0   0.0%   0.014 GU:3    +
   12    48  0   0.0%   0.016 GC:3    +
   13    47  0   0.0%   0.013 AU:3    +
   33    38  0   0.0%   0.545 UG:3    +
    7    30  0   0.0%   0.016 GU:3    +
   38    49  0   0.0%   1.041 GU:3    +
    9    24  0   0.0%   0.054 GU:3    +
   34    45  0   0.0%   0.390 UG:3    +
    7    20  0   0.0%   0.010 GU:3    +
   26    35  0   0.0%   0.138 UA:3    +
   23    45  0   0.0%   0.025 CG:3    +
    8    25  0   0.0%   0.016 GU:3    +
   14    46  0   0.0%   0.015 AU:3    +
   16    44  0   0.0%   0.028 GC:3    +
   20    35  0   0.0%   0.136 UA:3    +
   22    46  0   0.0%   0.168 AU:3    +
    2    29  0   0.0%   0.001 UA:3    +
   18    42  0   0.0%   0.029 CG:3    +
   23    50  0   0.0%   0.016 CG:3    +
   19    41  0   0.0%   0.031 UG:3    +
   19    28  0   0.0%   0.052 UA:3    +
    4     8  0   0.0%   0.001 CG:3    +
    7    26  0   0.0%   0.016 GU:3    +
    5    20  0   0.0%   0.001 GU:3    +
   12    40  0   0.0%   0.024 GU:3    +
   34    42  0   0.0%   0.401 UG:3    +
    5    46  0   0.0%   0.437 GU:3    +
   21    38  0   0.0%   0.314 CG:3    +
    7    27  0   0.0%   0.016 GU:3    +
    6    28  0   0.0%   0.006 UA:3    +
   27    41  0   0.0%   0.028 UG:3    +
   20    39  0   0.0%   0.014 UA:3    +
    8    23  0   0.0%   0.025 GC:3    +
   12    30  0   0.0%   0.182 GU:3    +
   23    38  0   0.0%   0.314 CG:3    +
   21    41  0   0.0%   0.034 CG:3    +
    3    47  0   0.0%   0.352 GU:3    +
   30    35  0   0.0%   0.304 UA:3    +
   22    40  0   0.0%   0.176 AU:3    +
   24    37  0   0.0%   0.282 UA:3    +
    7    46  0   0.0%   0.335 GU:3    +
    7    24  0   0.0%   0.015 GU:3    +
    8    34  0   0.0%   0.712 GU:3    +
   32    50  0   0.0%   0.326 CG:3    +
   13    34  0   0.0%   0.386 AU:3    +
    2    50  0   0.0%   0.309 UG:3    +
    3    49  0   0.0%   0.353 GU:3    +
    8    26  0   0.0%   0.015 GU:3    +
   22    33  0   0.0%   0.405 AU:3    +
   28    33  0   0.0%   0.285 AU:3    +
   26    39  0   0.0%   0.017 UA:3    +
   26    42  0   0.0%   0.021 UG:3    +
   20    29  0   0.0%   0.021 UA:3    +
   27    38  0   0.0%   0.308 UG:3    +
    2     9  0   0.0%   0.001 UG:3    +
    2    12  0   0.0%   0.001 UG:3    +
(((...(((.(((((((....))))))).)))...)))............
