3 sequence; length of alignment 34
alifold output
    9    25  0  92.1%   0.246 CG:3   
   10    24  0  91.2%   0.269 UG:3   
   12    22  0  90.5%   0.545 GC:3   
   11    23  0  89.9%   0.385 GU:3   
   13    21  0  85.6%   0.725 AU:3   
    8    26  0  84.3%   0.435 GU:3   
    4    29  0  78.4%   0.740 GC:3   
    3    30  0  69.8%   0.927 AU:3   
    5    28  0  58.8%   1.104 UG:3   
    7    27  0  46.0%   1.586 UG:3    +
    6    27  0  25.1%   1.208 UG:3   
    6    28  0  25.0%   1.862 UG:3    +
    4    15  0   5.7%   0.495 GC:3    +
    5    14  0   5.7%   0.491 UA:3    +
    6    13  0   5.7%   0.489 UA:3    +
    3    16  0   5.6%   0.486 AU:3    +
    7    12  0   5.5%   0.479 UG:3    +
    2    17  0   4.3%   0.411 AU:3    +
   25    31  0   3.4%   0.549 GC:3    +
   24    32  0   3.4%   0.600 GC:3    +
   12    20  0   2.2%   0.420 GC:3    +
   13    19  0   2.1%   0.422 AU:3    +
   11    21  0   1.7%   0.213 GU:3    +
    4    32  0   1.5%   0.596 GC:3    +
    3    33  0   1.4%   0.603 AU:3    +
   14    18  0   1.3%   0.345 AU:3    +
   12    31  0   1.0%   0.515 GC:3    +
   11    32  0   1.0%   0.396 GC:3    +
   13    30  0   0.9%   0.791 AU:3    +
   14    19  0   0.9%   0.440 AU:3    +
    4    31  0   0.7%   0.476 GC:3    +
   15    28  0   0.6%   0.985 CG:3    +
    8    29  0   0.6%   0.433 GC:3    +
    9    28  0   0.6%   0.848 CG:3    +
   16    27  0   0.6%   1.024 UG:3    +
   10    27  0   0.6%   0.891 UG:3    +
   15    25  0   0.5%   0.321 CG:3    +
   16    24  0   0.5%   0.336 UG:3    +
   14    26  0   0.5%   0.507 AU:3    +
   11    22  0   0.4%   0.137 GC:3    +
   14    21  0   0.3%   0.523 AU:3    +
   20    27  0   0.2%   0.914 CG:3    +
    4    30  0   0.2%   0.660 GU:3    +
    9    24  0   0.2%   0.041 CG:3    +
    2    33  0   0.2%   0.185 AU:3    +
   22    27  0   0.2%   0.934 CG:3    +
    2    30  0   0.1%   0.170 AU:3    +
   19    28  0   0.1%   0.893 UG:3    +
   18    25  0   0.1%   0.200 UG:3    +
   21    28  0   0.1%   0.981 UG:3    +
   12    21  0   0.1%   0.335 GU:3    +
   11    20  0   0.1%   0.019 GC:3    +
   12    19  0   0.1%   0.177 GU:3    +
   13    18  0   0.1%   0.183 AU:3    +
   19    24  0   0.1%   0.277 UG:3    +
   11    26  0   0.1%   0.351 GU:3    +
   20    24  0   0.1%   0.239 CG:3    +
   19    25  0   0.1%   0.265 UG:3    +
    4     9  0   0.1%   0.013 GC:3    +
   27    32  0   0.1%   1.043 GC:3    +
    3    10  0   0.1%   0.013 AU:3    +
   25    32  0   0.1%   0.474 GC:3    +
   24    29  0   0.1%   0.376 GC:3    +
   24    33  0   0.0%   0.342 GU:3    +
   18    24  0   0.0%   0.202 UG:3    +
   15    24  0   0.0%   0.270 CG:3    +
   15    27  0   0.0%   0.942 CG:3    +
    5    27  0   0.0%   0.174 UG:3    +
   28    32  0   0.0%   0.983 GC:3    +
   17    25  0   0.0%   0.250 UG:3    +
   27    33  0   0.0%   0.889 GU:3    +
   24    31  0   0.0%   0.231 GC:3    +
   20    25  0   0.0%   0.219 CG:3    +
    1     8  0   0.0%   0.006 CG:3    +
   27    34  0   0.0%   0.819 GC:3    +
    2     7  0   0.0%   0.005 AU:3    +
   20    28  0   0.0%   0.849 CG:3    +
    2    18  0   0.0%   0.144 AU:3    +
    1    27  0   0.0%   0.008 CG:3    +
   17    24  0   0.0%   0.267 UG:3    +
    1    24  0   0.0%   0.006 CG:3    +
   25    30  0   0.0%   0.445 GU:3    +
   28    33  0   0.0%   0.826 GU:3    +
    4    34  0   0.0%   0.474 GC:3    +
    3    17  0   0.0%   0.305 AU:3    +
   21    27  0   0.0%   1.018 UG:3    +
    8    34  0   0.0%   0.183 GC:3    +
    2    23  0   0.0%   0.144 AU:3    +
    7    28  0   0.0%   1.182 UG:3    +
   11    29  0   0.0%   0.422 GC:3    +
    7    25  0   0.0%   0.165 UG:3    +
   22    28  0   0.0%   0.867 CG:3    +
   25    29  0   0.0%   0.352 GC:3    +
    2    26  0   0.0%   0.144 AU:3    +
   24    30  0   0.0%   0.465 GU:3    +
   23    27  0   0.0%   0.902 UG:3    +
   27    31  0   0.0%   1.001 GC:3    +
   18    27  0   0.0%   0.854 UG:3    +
   16    25  0   0.0%   0.291 UG:3    +
   25    34  0   0.0%   0.247 GC:3    +
   24    34  0   0.0%   0.269 GC:3    +
   12    29  0   0.0%   0.570 GC:3    +
   14    23  0   0.0%   0.381 AU:3    +
    4    33  0   0.0%   0.541 GU:3    +
    7    13  0   0.0%   0.325 UA:3    +
    8    32  0   0.0%   0.243 GC:3    +
   17    28  0   0.0%   0.868 UG:3    +
   11    30  0   0.0%   0.472 GU:3    +
   25    33  0   0.0%   0.317 GU:3    +
   17    27  0   0.0%   0.917 UG:3    +
    2    19  0   0.0%   0.141 AU:3    +
    1    11  0   0.0%   0.003 CG:3    +
    1    28  0   0.0%   0.006 CG:3    +
    6    14  0   0.0%   0.327 UA:3    +
    7    11  0   0.0%   0.003 UG:3    +
    8    22  0   0.0%   0.003 GC:3    +
    6    12  0   0.0%   0.001 UG:3    +
    2    10  0   0.0%   0.003 AU:3    +
   13    17  0   0.0%   0.302 AU:3    +
    7    24  0   0.0%   0.164 UG:3    +
    8    23  0   0.0%   0.004 GU:3    +
    2    16  0   0.0%   0.003 AU:3    +
   28    34  0   0.0%   0.753 GC:3    +
   13    26  0   0.0%   0.535 AU:3    +
   23    28  0   0.0%   0.843 UG:3    +
   16    28  0   0.0%   0.943 UG:3    +
    4    22  0   0.0%   0.169 GC:3    +
   12    18  0   0.0%   0.161 GU:3    +
    5    13  0   0.0%   0.000 UA:3    +
    3    23  0   0.0%   0.168 AU:3    +
    6    25  0   0.0%   0.164 UG:3    +
   11    19  0   0.0%   0.001 GU:3    +
    3     7  0   0.0%   0.002 AU:3    +
   11    31  0   0.0%   0.233 GC:3    +
    3    18  0   0.0%   0.168 AU:3    +
    9    27  0   0.0%   0.801 CG:3    +
   18    28  0   0.0%   0.803 UG:3    +
   14    30  0   0.0%   0.626 AU:3    +
    1    25  0   0.0%   0.004 CG:3    +
    1    12  0   0.0%   0.003 CG:3    +
    8    31  0   0.0%   0.213 GC:3    +
   19    27  0   0.0%   0.917 UG:3    +
   13    23  0   0.0%   0.482 AU:3    +
    2     6  0   0.0%   0.000 AU:3    +
    4    20  0   0.0%   0.168 GC:3    +
    8    33  0   0.0%   0.249 GU:3    +
    3    21  0   0.0%   0.166 AU:3    +
   12    30  0   0.0%   0.619 GU:3    +
   10    25  0   0.0%   0.166 UG:3    +
    2    21  0   0.0%   0.141 AU:3    +
   21    25  0   0.0%   0.346 UG:3    +
    4    16  0   0.0%   0.329 GU:3    +
   12    26  0   0.0%   0.494 GU:3    +
    8    15  0   0.0%   0.166 GC:3    +
    6    11  0   0.0%   0.001 UG:3    +
   12    23  0   0.0%   0.442 GU:3    +
    6    24  0   0.0%   0.165 UG:3    +
   11    18  0   0.0%   0.003 GU:3    +
   12    17  0   0.0%   0.297 GU:3    +
    3    26  0   0.0%   0.167 AU:3    +
   11    33  0   0.0%   0.313 GU:3    +
   12    32  0   0.0%   0.499 GC:3    +
    5    25  0   0.0%   0.164 UG:3    +
    7    14  0   0.0%   0.325 UA:3    +
    5    24  0   0.0%   0.165 UG:3    +
    4    10  0   0.0%   0.009 GU:3    +
    8    30  0   0.0%   0.452 GU:3    +
   11    15  0   0.0%   0.164 GC:3    +
    4    17  0   0.0%   0.306 GU:3    +
    5    12  0   0.0%   0.000 UG:3    +
    3    19  0   0.0%   0.166 AU:3    +
   12    34  0   0.0%   0.392 GC:3    +
   13    33  0   0.0%   0.499 AU:3    +
..((((.((((((.......))))))))))....
