3 sequence; length of alignment 85
alifold output
    8    53  0  89.2%   0.425 AU:3   
    9    52  0  89.2%   0.489 UA:3   
    7    54  0  89.1%   0.508 UA:3   
   10    51  0  87.8%   0.592 GC:3   
    6    55  0  86.7%   0.571 GC:3   
   16    45  0  83.5%   0.463 CG:3   
   17    44  0  83.4%   0.463 AU:3   
   13    47  0  83.0%   0.646 GC:3   
   12    48  0  83.0%   0.799 GC:3   
   18    43  0  83.0%   0.500 CG:3   
   70    76  0  73.6%   1.140 GC:3   
   69    77  0  72.9%   1.439 UG:3   
   68    78  0  72.7%   1.541 CG:3   
   11    49  0  67.5%   1.175 GU:3   
   67    80  0  60.5%   1.619 CG:3   
   71    75  0  55.7%   1.458 AU:3   
   66    81  0  55.2%   1.553 AU:3   
   15    46  0  42.8%   1.465 AU:3    +
   14    46  0  41.6%   1.099 AU:3   
   23    38  0  34.9%   1.251 GC:3    +
   24    37  0  31.9%   1.256 AU:3    +
   65    82  0  31.7%   2.036 GU:3   
   57    64  0  31.2%   1.408 AU:3    +
   56    65  0  30.7%   1.202 CG:3    +
   58    63  0  30.3%   1.474 GC:3    +
   65    76  0  15.1%   1.370 GC:3    +
   66    75  0  14.6%   0.959 AU:3    +
   64    77  0  13.3%   1.456 UG:3    +
   63    78  0  13.2%   1.637 CG:3    +
   27    34  0  12.7%   0.938 UA:3    +
   28    33  0  10.3%   0.781 UA:3    +
   25    45  0   9.6%   1.046 CG:3    +
   24    46  0   9.6%   2.035 AU:3    +
   23    47  0   9.5%   1.379 GC:3    +
   26    44  0   9.4%   1.185 AU:3    +
   27    43  0   8.7%   1.570 UG:3    +
   27    36  0   7.0%   1.040 UA:3    +
   65    83  0   6.3%   1.793 GC:3    +
   28    35  0   6.3%   0.939 UA:3    +
   59    80  0   5.9%   0.706 CG:3    +
   58    81  0   5.7%   1.232 GU:3    +
   11    21  0   5.4%   0.483 GC:3    +
   12    20  0   5.4%   0.481 GC:3    +
   10    22  0   5.4%   0.480 GC:3    +
    2    57  0   5.3%   0.470 UA:3    +
    1    58  0   5.2%   0.466 CG:3    +
   26    37  0   4.7%   0.922 AU:3    +
   12    21  0   4.6%   0.750 GC:3    +
   11    22  0   4.6%   0.749 GC:3    +
   13    20  0   4.6%   0.610 GC:3    +
   57    82  0   3.9%   1.076 AU:3    +
    6    25  0   3.9%   0.381 GC:3    +
    7    24  0   3.8%   0.376 UA:3    +
    5    26  0   3.7%   0.367 UA:3    +
   61    80  0   3.7%   0.956 CG:3    +
   66    82  0   3.6%   1.579 AU:3    +
    3    58  0   3.3%   0.501 CG:3    +
    4    27  0   3.2%   0.331 AU:3    +
    2    79  0   3.0%   0.562 UA:3    +
    9    23  0   3.0%   0.322 UG:3    +
    1    80  0   3.0%   0.478 CG:3    +
   58    83  0   2.9%   1.200 GC:3    +
    3    78  0   2.9%   0.521 CG:3    +
   61    78  0   2.8%   0.662 CG:3    +
   62    77  0   2.8%   0.515 CG:3    +
    5    57  0   2.7%   0.640 UA:3    +
   57    84  0   2.6%   1.090 AU:3    +
   13    48  0   2.4%   0.765 GC:3    +
   19    44  0   2.4%   0.430 AU:3    +
   18    45  0   2.3%   0.598 CG:3    +
   20    43  0   2.3%   0.730 CG:3    +
   68    77  0   1.9%   0.821 CG:3    +
   67    78  0   1.9%   0.958 CG:3    +
   65    74  0   1.8%   0.760 GC:3    +
   28    34  0   1.7%   0.749 UA:3    +
    6    56  0   1.7%   0.532 GC:3    +
   27    35  0   1.7%   0.622 UA:3    +
    6    67  0   1.7%   0.605 GC:3    +
   10    63  0   1.7%   0.561 GC:3    +
    7    73  0   1.7%   0.580 UA:3    +
    8    72  0   1.7%   0.375 AU:3    +
    6    74  0   1.7%   0.672 GC:3    +
    7    66  0   1.7%   0.521 UA:3    +
   11    62  0   1.6%   0.902 GC:3    +
    6    51  0   1.6%   0.333 GC:3    +
    9    71  0   1.6%   0.480 UA:3    +
   12    61  0   1.6%   0.847 GC:3    +
    7    50  0   1.6%   0.327 UA:3    +
    3    70  0   1.6%   0.331 CG:3    +
   13    60  0   1.6%   0.728 GC:3    +
    5    52  0   1.6%   0.321 UA:3    +
    4    69  0   1.6%   0.384 AU:3    +
   45    51  0   1.4%   0.852 GC:3    +
    4    53  0   1.4%   0.297 AU:3    +
    2    71  0   1.4%   0.356 UA:3    +
   44    52  0   1.4%   0.832 UA:3    +
   12    49  0   1.4%   0.974 GU:3    +
   13    59  0   1.3%   0.590 GC:3    +
   12    60  0   1.3%   0.705 GC:3    +
   43    53  0   1.3%   0.831 GU:3    +
   11    61  0   1.3%   0.758 GC:3    +
    8    49  0   1.3%   0.169 AU:3    +
   10    62  0   1.3%   0.464 GC:3    +
   62    78  0   1.2%   0.679 CG:3    +
   24    39  0   1.2%   0.695 AU:3    +
   62    80  0   1.2%   0.884 CG:3    +
   63    77  0   1.2%   0.785 CG:3    +
   46    50  0   1.2%   1.243 UA:3    +
   17    46  0   1.1%   1.035 AU:3    +
   12    68  0   1.1%   0.810 GC:3    +
   11    69  0   1.1%   0.929 GU:3    +
   13    67  0   1.1%   0.757 GC:3    +
   44    54  0   1.0%   0.791 UA:3    +
   43    55  0   1.0%   0.816 GC:3    +
   45    53  0   1.0%   0.904 GU:3    +
   46    52  0   1.0%   1.423 UA:3    +
   45    72  0   0.8%   0.778 GU:3    +
   46    71  0   0.8%   1.358 UA:3    +
   44    73  0   0.8%   0.776 UA:3    +
   43    74  0   0.8%   0.783 GC:3    +
   47    70  0   0.8%   0.579 CG:3    +
   27    33  0   0.7%   0.224 UA:3    +
   60    78  0   0.7%   0.394 CG:3    +
   61    77  0   0.7%   0.293 CG:3    +
   57    69  0   0.7%   0.866 AU:3    +
   56    70  0   0.6%   0.655 CG:3    +
   58    68  0   0.6%   0.831 GC:3    +
   28    32  0   0.6%   0.113 UA:3    +
   74    80  0   0.5%   1.091 CG:3    +
   38    78  0   0.5%   0.586 CG:3    +
   73    81  0   0.4%   0.713 AU:3    +
   13    18  0   0.4%   0.073 GC:3    +
   23    31  0   0.4%   0.194 GC:3    +
   39    77  0   0.4%   0.195 UG:3    +
   75    79  0   0.4%   0.865 UA:3    +
   37    79  0   0.4%   0.712 UA:3    +
   24    30  0   0.4%   0.205 AU:3    +
   32    39  0   0.3%   0.166 AU:3    +
   60    80  0   0.3%   0.527 CG:3    +
   30    40  0   0.3%   0.089 UA:3    +
   70    83  0   0.3%   0.732 GC:3    +
   71    82  0   0.3%   1.188 AU:3    +
   23    42  0   0.3%   0.575 GC:3    +
   38    58  0   0.2%   0.693 CG:3    +
   39    57  0   0.2%   0.389 UA:3    +
    3    65  0   0.2%   0.161 CG:3    +
    4    64  0   0.2%   0.216 AU:3    +
   23    29  0   0.2%   0.149 GC:3    +
    8    64  0   0.2%   0.206 AU:3    +
   61    65  0   0.2%   0.576 CG:3    +
   41    75  0   0.2%   0.057 AU:3    +
   10    48  0   0.2%   0.199 GC:3    +
    2    66  0   0.2%   0.198 UA:3    +
   43    51  0   0.2%   0.697 GC:3    +
   63    80  0   0.2%   1.286 CG:3    +
   44    50  0   0.2%   0.574 UA:3    +
   24    28  0   0.2%   0.161 AU:3    +
   68    80  0   0.2%   1.235 CG:3    +
   69    79  0   0.2%   0.581 UA:3    +
   64    79  0   0.2%   0.856 UA:3    +
   31    65  0   0.2%   0.079 CG:3    +
   32    64  0   0.1%   0.117 AU:3    +
   23    39  0   0.1%   0.546 GU:3    +
   52    69  0   0.1%   0.426 AU:3    +
   78    83  0   0.1%   1.254 GC:3    +
   30    66  0   0.1%   0.159 UA:3    +
   77    84  0   0.1%   0.949 GU:3    +
   51    70  0   0.1%   0.405 CG:3    +
   11    48  0   0.1%   0.346 GC:3    +
   22    43  0   0.1%   0.579 CG:3    +
   51    58  0   0.1%   0.580 CG:3    +
   45    49  0   0.1%   0.880 GU:3    +
   12    47  0   0.1%   0.336 GC:3    +
    3    77  0   0.1%   0.224 CG:3    +
   28    36  0   0.1%   0.729 UA:3    +
   48    58  0   0.1%   0.584 CG:3    +
   30    79  0   0.1%   0.196 UA:3    +
   29    80  0   0.1%   0.162 CG:3    +
   49    57  0   0.1%   0.685 UA:3    +
   31    78  0   0.1%   0.175 CG:3    +
    7    65  0   0.1%   0.335 UG:3    +
   60    65  0   0.1%   0.554 CG:3    +
   16    43  0   0.1%   0.024 CG:3    +
   51    65  0   0.1%   0.315 CG:3    +
   15    44  0   0.1%   0.023 AU:3    +
   32    37  0   0.1%   0.568 AU:3    +
   33    37  0   0.1%   0.806 AU:3    +
   27    32  0   0.1%   0.130 UA:3    +
   14    82  0   0.1%   0.385 AU:3    +
   13    83  0   0.1%   0.606 GC:3    +
   28    41  0   0.1%   0.554 UA:3    +
   52    64  0   0.1%   0.327 AU:3    +
   15    81  0   0.1%   0.389 AU:3    +
   16    80  0   0.1%   0.288 CG:3    +
    2    58  0   0.1%   0.331 UG:3    +
   34    82  0   0.1%   0.366 AU:3    +
   30    41  0   0.1%   0.076 UA:3    +
   42    80  0   0.1%   0.170 CG:3    +
   41    81  0   0.1%   0.061 AU:3    +
    5    58  0   0.1%   0.575 UG:3    +
   58    62  0   0.1%   0.451 GC:3    +
   47    78  0   0.1%   0.591 CG:3    +
   48    77  0   0.1%   0.335 CG:3    +
   35    81  0   0.1%   0.271 AU:3    +
   10    49  0   0.1%   0.247 GU:3    +
   11    47  0   0.1%   0.321 GC:3    +
    2    78  0   0.1%   0.254 UG:3    +
   33    39  0   0.1%   0.374 AU:3    +
   63    70  0   0.1%   0.603 CG:3    +
   46    79  0   0.1%   1.304 UA:3    +
   23    76  0   0.1%   0.782 GC:3    +
    3    10  0   0.1%   0.013 CG:3    +
   22    77  0   0.1%   0.335 CG:3    +
   21    78  0   0.1%   0.428 CG:3    +
   70    74  0   0.1%   0.356 GC:3    +
   24    75  0   0.1%   0.816 AU:3    +
   64    73  0   0.1%   0.533 UA:3    +
   42    77  0   0.1%   0.074 CG:3    +
   37    71  0   0.1%   0.668 UA:3    +
   38    70  0   0.1%   0.468 CG:3    +
   40    82  0   0.1%   0.054 AU:3    +
   66    72  0   0.1%   0.221 AU:3    +
   59    65  0   0.1%   0.479 CG:3    +
   43    76  0   0.0%   0.656 GC:3    +
   36    72  0   0.0%   0.277 AU:3    +
   38    80  0   0.0%   0.551 CG:3    +
   29    43  0   0.0%   0.500 CG:3    +
   39    79  0   0.0%   0.280 UA:3    +
   77    83  0   0.0%   1.131 GC:3    +
    2    11  0   0.0%   0.011 UG:3    +
   12    84  0   0.0%   0.719 GU:3    +
   36    81  0   0.0%   0.226 AU:3    +
   28    40  0   0.0%   0.540 UA:3    +
    3    80  0   0.0%   0.424 CG:3    +
    1    12  0   0.0%   0.012 CG:3    +
   65    72  0   0.0%   0.552 GU:3    +
   35    82  0   0.0%   0.275 AU:3    +
   45    74  0   0.0%   0.744 GC:3    +
   30    34  0   0.0%   0.365 UA:3    +
   60    77  0   0.0%   0.193 CG:3    +
   59    78  0   0.0%   0.229 CG:3    +
   70    75  0   0.0%   0.476 GU:3    +
    4     9  0   0.0%   0.009 AU:3    +
   46    73  0   0.0%   1.263 UA:3    +
   30    36  0   0.0%   0.231 UA:3    +
   23    48  0   0.0%   1.036 GC:3    +
   34    39  0   0.0%   0.433 AU:3    +
   29    70  0   0.0%   0.094 CG:3    +
   28    71  0   0.0%   0.677 UA:3    +
    9    50  0   0.0%   0.187 UA:3    +
    4    44  0   0.0%   0.121 AU:3    +
    6    42  0   0.0%   0.137 GC:3    +
    5    43  0   0.0%   0.130 UG:3    +
    3    45  0   0.0%   0.012 CG:3    +
   16    58  0   0.0%   0.443 CG:3    +
    1    78  0   0.0%   0.168 CG:3    +
    7    41  0   0.0%   0.133 UA:3    +
   58    67  0   0.0%   0.809 GC:3    +
   65    81  0   0.0%   0.987 GU:3    +
    6    63  0   0.0%   0.402 GC:3    +
   54    72  0   0.0%   0.276 AU:3    +
   19    39  0   0.0%   0.010 AU:3    +
   23    37  0   0.0%   0.154 GU:3    +
   30    35  0   0.0%   0.277 UA:3    +
   53    73  0   0.0%   0.392 UA:3    +
   13    46  0   0.0%   0.177 GU:3    +
    5    77  0   0.0%   0.312 UG:3    +
   11    85  0   0.0%   0.770 GU:3    +
   17    53  0   0.0%   0.372 AU:3    +
   11    20  0   0.0%   0.010 GC:3    +
    6    53  0   0.0%   0.265 GU:3    +
   10    21  0   0.0%   0.010 GC:3    +
   28    43  0   0.0%   1.017 UG:3    +
    7    52  0   0.0%   0.265 UA:3    +
   13    21  0   0.0%   0.474 GC:3    +
    1     6  0   0.0%   0.005 CG:3    +
   19    53  0   0.0%   0.265 AU:3    +
   12    22  0   0.0%   0.610 GC:3    +
   27    41  0   0.0%   0.678 UA:3    +
   11    60  0   0.0%   0.591 GC:3    +
   58    82  0   0.0%   1.033 GU:3    +
   10    61  0   0.0%   0.302 GC:3    +
   12    59  0   0.0%   0.537 GC:3    +
   37    80  0   0.0%   0.682 UG:3    +
    2    77  0   0.0%   0.242 UG:3    +
   31    43  0   0.0%   0.509 CG:3    +
   78    82  0   0.0%   1.577 GU:3    +
   64    80  0   0.0%   1.201 UG:3    +
    2    54  0   0.0%   0.009 UA:3    +
   58    84  0   0.0%   1.091 GU:3    +
    9    24  0   0.0%   0.240 UA:3    +
    5    54  0   0.0%   0.197 UA:3    +
   29    78  0   0.0%   0.140 CG:3    +
   34    81  0   0.0%   0.353 AU:3    +
   28    79  0   0.0%   0.656 UA:3    +
   46    66  0   0.0%   1.199 UA:3    +
   45    67  0   0.0%   0.714 GC:3    +
   57    85  0   0.0%   0.904 AU:3    +
   33    82  0   0.0%   0.293 AU:3    +
   47    65  0   0.0%   0.428 CG:3    +
   12    46  0   0.0%   0.312 GU:3    +
   11    68  0   0.0%   0.718 GC:3    +
   38    45  0   0.0%   0.842 CG:3    +
   69    78  0   0.0%   1.314 UG:3    +
   69    73  0   0.0%   0.283 UA:3    +
   30    77  0   0.0%   0.085 UG:3    +
   65    75  0   0.0%   0.527 GU:3    +
   10    69  0   0.0%   0.493 GU:3    +
    4    75  0   0.0%   0.258 AU:3    +
   12    67  0   0.0%   0.730 GC:3    +
   45    55  0   0.0%   0.761 GC:3    +
   33    84  0   0.0%   0.291 AU:3    +
   38    43  0   0.0%   0.853 CG:3    +
   50    69  0   0.0%   0.253 AU:3    +
    4    81  0   0.0%   0.259 AU:3    +
   46    54  0   0.0%   1.262 UA:3    +
   67    77  0   0.0%   0.637 CG:3    +
    5    80  0   0.0%   0.411 UG:3    +
   72    80  0   0.0%   0.949 UG:3    +
   53    66  0   0.0%   0.367 UA:3    +
   79    84  0   0.0%   0.306 AU:3    +
   48    70  0   0.0%   0.390 CG:3    +
   71    81  0   0.0%   1.024 AU:3    +
   43    59  0   0.0%   0.662 GC:3    +
    6    76  0   0.0%   0.539 GC:3    +
    6    59  0   0.0%   0.397 GC:3    +
   32    85  0   0.0%   0.080 AU:3    +
   49    66  0   0.0%   0.495 UA:3    +
   27    80  0   0.0%   1.005 UG:3    +
   44    58  0   0.0%   0.889 UG:3    +
   42    58  0   0.0%   0.315 CG:3    +
   50    72  0   0.0%   0.247 AU:3    +
   34    75  0   0.0%   0.347 AU:3    +
   10    56  0   0.0%   0.368 GC:3    +
   57    81  0   0.0%   0.700 AU:3    +
   14    49  0   0.0%   0.753 AU:3    +
   11    63  0   0.0%   0.785 GC:3    +
   12    62  0   0.0%   0.782 GC:3    +
   13    61  0   0.0%   0.665 GC:3    +
   16    23  0   0.0%   0.109 CG:3    +
   64    71  0   0.0%   0.583 UA:3    +
    7    58  0   0.0%   0.577 UG:3    +
   27    40  0   0.0%   0.672 UA:3    +
   49    73  0   0.0%   0.518 UA:3    +
   10    64  0   0.0%   0.450 GU:3    +
    9    57  0   0.0%   0.473 UA:3    +
   19    28  0   0.0%   0.004 AU:3    +
   80    85  0   0.0%   0.862 GU:3    +
   43    56  0   0.0%   0.670 GC:3    +
   31    70  0   0.0%   0.109 CG:3    +
   70    82  0   0.0%   1.031 GU:3    +
   18    23  0   0.0%   0.135 CG:3    +
   65    84  0   0.0%   1.438 GU:3    +
   20    45  0   0.0%   0.634 CG:3    +
   26    81  0   0.0%   0.502 AU:3    +
   11    55  0   0.0%   0.711 GC:3    +
   55    65  0   0.0%   0.217 CG:3    +
   30    71  0   0.0%   0.196 UA:3    +
   19    37  0   0.0%   0.004 AU:3    +
   32    69  0   0.0%   0.190 AU:3    +
   26    39  0   0.0%   0.334 AU:3    +
   79    85  0   0.0%   0.201 AU:3    +
   48    65  0   0.0%   0.309 CG:3    +
   20    80  0   0.0%   0.509 CG:3    +
    4    28  0   0.0%   0.115 AU:3    +
    4    84  0   0.0%   0.260 AU:3    +
   21    43  0   0.0%   0.559 CG:3    +
   43    83  0   0.0%   0.652 GC:3    +
    1    77  0   0.0%   0.162 CG:3    +
   56    77  0   0.0%   0.520 CG:3    +
   54    69  0   0.0%   0.286 AU:3    +
   10    68  0   0.0%   0.425 GC:3    +
   27    71  0   0.0%   1.013 UA:3    +
   34    84  0   0.0%   0.354 AU:3    +
   58    74  0   0.0%   0.825 GC:3    +
   35    39  0   0.0%   0.339 AU:3    +
   45    59  0   0.0%   0.651 GC:3    +
   28    70  0   0.0%   0.609 UG:3    +
   12    18  0   0.0%   0.005 GC:3    +
   57    75  0   0.0%   0.693 AU:3    +
   19    81  0   0.0%   0.105 AU:3    +
   26    72  0   0.0%   0.561 AU:3    +
    5    79  0   0.0%   0.406 UA:3    +
   32    84  0   0.0%   0.080 AU:3    +
    9    26  0   0.0%   0.236 UA:3    +
   46    58  0   0.0%   1.404 UG:3    +
   10    25  0   0.0%   0.293 GC:3    +
   36    82  0   0.0%   0.223 AU:3    +
   78    85  0   0.0%   0.939 GU:3    +
    4    82  0   0.0%   0.259 AU:3    +
    1    65  0   0.0%   0.161 CG:3    +
   80    84  0   0.0%   0.966 GU:3    +
   58    64  0   0.0%   1.086 GU:3    +
   55    78  0   0.0%   0.328 CG:3    +
    8    27  0   0.0%   0.111 AU:3    +
   33    85  0   0.0%   0.289 AU:3    +
   43    48  0   0.0%   0.749 GC:3    +
   45    56  0   0.0%   0.659 GC:3    +
   25    43  0   0.0%   0.389 CG:3    +
   49    54  0   0.0%   0.551 UA:3    +
   41    53  0   0.0%   0.186 AU:3    +
    1    10  0   0.0%   0.003 CG:3    +
   11    67  0   0.0%   0.783 GC:3    +
    6    62  0   0.0%   0.396 GC:3    +
   16    65  0   0.0%   0.184 CG:3    +
   23    30  0   0.0%   0.124 GU:3    +
   65    85  0   0.0%   1.341 GU:3    +
   50    75  0   0.0%   0.154 AU:3    +
   40    49  0   0.0%   0.410 AU:3    +
   19    46  0   0.0%   0.877 AU:3    +
    4    85  0   0.0%   0.260 AU:3    +
   49    71  0   0.0%   0.579 UA:3    +
    9    65  0   0.0%   0.241 UG:3    +
   66    84  0   0.0%   0.930 AU:3    +
   43    68  0   0.0%   0.654 GC:3    +
   42    70  0   0.0%   0.096 CG:3    +
   43    69  0   0.0%   0.719 GU:3    +
   49    58  0   0.0%   0.708 UG:3    +
   39    50  0   0.0%   0.163 UA:3    +
   44    57  0   0.0%   0.859 UA:3    +
    6    68  0   0.0%   0.468 GC:3    +
   37    43  0   0.0%   1.006 UG:3    +
   24    44  0   0.0%   0.827 AU:3    +
   39    78  0   0.0%   0.279 UG:3    +
   71    84  0   0.0%   0.625 AU:3    +
   23    83  0   0.0%   0.780 GC:3    +
   36    44  0   0.0%   0.670 AU:3    +
   20    78  0   0.0%   0.502 CG:3    +
   31    45  0   0.0%   0.496 CG:3    +
   33    75  0   0.0%   0.287 AU:3    +
   17    64  0   0.0%   0.231 AU:3    +
   19    49  0   0.0%   0.481 AU:3    +
   24    82  0   0.0%   0.814 AU:3    +
   74    78  0   0.0%   1.107 CG:3    +
   53    65  0   0.0%   0.315 UG:3    +
   54    64  0   0.0%   0.198 AU:3    +
   53    58  0   0.0%   0.585 UG:3    +
   10    31  0   0.0%   0.166 GC:3    +
    7    26  0   0.0%   0.249 UA:3    +
   32    44  0   0.0%   0.536 AU:3    +
   12    29  0   0.0%   0.308 GC:3    +
   11    30  0   0.0%   0.308 GU:3    +
   39    54  0   0.0%   0.200 UA:3    +
   38    77  0   0.0%   0.408 CG:3    +
   13    28  0   0.0%   0.170 GU:3    +
   39    80  0   0.0%   0.266 UG:3    +
   40    75  0   0.0%   0.032 AU:3    +
    9    70  0   0.0%   0.286 UG:3    +
   29    65  0   0.0%   0.041 CG:3    +
   37    41  0   0.0%   0.540 UA:3    +
   49    70  0   0.0%   0.519 UG:3    +
   32    82  0   0.0%   0.081 AU:3    +
   19    30  0   0.0%   0.003 AU:3    +
   11    51  0   0.0%   0.767 GC:3    +
   33    81  0   0.0%   0.290 AU:3    +
   29    45  0   0.0%   0.487 CG:3    +
   14    27  0   0.0%   0.111 AU:3    +
    6    27  0   0.0%   0.239 GU:3    +
   23    28  0   0.0%   0.111 GU:3    +
    6    83  0   0.0%   0.538 GC:3    +
   19    27  0   0.0%   0.112 AU:3    +
   13    22  0   0.0%   0.471 GC:3    +
   70    85  0   0.0%   0.420 GU:3    +
   43    67  0   0.0%   0.721 GC:3    +
   21    77  0   0.0%   0.319 CG:3    +
    9    32  0   0.0%   0.113 UA:3    +
   44    66  0   0.0%   0.680 UA:3    +
   61    70  0   0.0%   0.293 CG:3    +
   72    77  0   0.0%   0.939 UG:3    +
   31    77  0   0.0%   0.056 CG:3    +
    2    80  0   0.0%   0.455 UG:3    +
    6    64  0   0.0%   0.412 GU:3    +
    6    60  0   0.0%   0.395 GC:3    +
   40    53  0   0.0%   0.192 AU:3    +
   10    47  0   0.0%   0.167 GC:3    +
   21    45  0   0.0%   0.549 CG:3    +
   55    80  0   0.0%   0.311 CG:3    +
   28    66  0   0.0%   0.620 UA:3    +
    5    66  0   0.0%   0.306 UA:3    +
   56    80  0   0.0%   0.605 CG:3    +
   14    28  0   0.0%   0.002 AU:3    +
   58    85  0   0.0%   0.993 GU:3    +
   48    80  0   0.0%   0.416 CG:3    +
   45    61  0   0.0%   0.715 GC:3    +
   13    29  0   0.0%   0.170 GC:3    +
   43    60  0   0.0%   0.725 GC:3    +
   26    30  0   0.0%   0.147 AU:3    +
   45    76  0   0.0%   0.641 GC:3    +
   49    79  0   0.0%   0.553 UA:3    +
   62    70  0   0.0%   0.285 CG:3    +
   36    84  0   0.0%   0.212 AU:3    +
   54    81  0   0.0%   0.184 AU:3    +
    8    39  0   0.0%   0.001 AU:3    +
   52    72  0   0.0%   0.402 AU:3    +
   70    84  0   0.0%   0.517 GU:3    +
   15    27  0   0.0%   0.111 AU:3    +
   43    61  0   0.0%   0.726 GC:3    +
    6    29  0   0.0%   0.129 GC:3    +
   53    71  0   0.0%   0.449 UA:3    +
   35    84  0   0.0%   0.262 AU:3    +
    4    72  0   0.0%   0.255 AU:3    +
    5    71  0   0.0%   0.355 UA:3    +
   55    70  0   0.0%   0.296 CG:3    +
   45    81  0   0.0%   0.656 GU:3    +
   32    75  0   0.0%   0.079 AU:3    +
   12    30  0   0.0%   0.308 GU:3    +
   41    84  0   0.0%   0.040 AU:3    +
   34    85  0   0.0%   0.351 AU:3    +
   72    79  0   0.0%   0.290 UA:3    +
   35    85  0   0.0%   0.259 AU:3    +
   78    84  0   0.0%   1.043 GU:3    +
   53    57  0   0.0%   0.548 UA:3    +
   36    46  0   0.0%   1.205 AU:3    +
   54    85  0   0.0%   0.165 AU:3    +
   25    80  0   0.0%   0.470 CG:3    +
   14    44  0   0.0%   0.004 AU:3    +
   25    70  0   0.0%   0.420 CG:3    +
   11    31  0   0.0%   0.308 GC:3    +
   44    77  0   0.0%   0.677 UG:3    +
   40    69  0   0.0%   0.140 AU:3    +
   36    53  0   0.0%   0.365 AU:3    +
   38    65  0   0.0%   0.418 CG:3    +
   37    52  0   0.0%   0.695 UA:3    +
   45    83  0   0.0%   0.640 GC:3    +
   53    70  0   0.0%   0.397 UG:3    +
   24    81  0   0.0%   0.815 AU:3    +
    6    75  0   0.0%   0.537 GU:3    +
   40    72  0   0.0%   0.097 AU:3    +
   43    63  0   0.0%   0.672 GC:3    +
   26    69  0   0.0%   0.607 AU:3    +
   51    80  0   0.0%   0.412 CG:3    +
   40    85  0   0.0%   0.033 AU:3    +
   30    43  0   0.0%   0.535 UG:3    +
    2    32  0   0.0%   0.004 UA:3    +
   22    58  0   0.0%   0.590 CG:3    +
   39    73  0   0.0%   0.177 UA:3    +
    1    70  0   0.0%   0.160 CG:3    +
   31    80  0   0.0%   0.170 CG:3    +
   77    85  0   0.0%   0.836 GU:3    +
   76    80  0   0.0%   1.371 CG:3    +
   39    58  0   0.0%   0.402 UG:3    +
   10    83  0   0.0%   0.426 GC:3    +
   50    81  0   0.0%   0.159 AU:3    +
   37    45  0   0.0%   0.994 UG:3    +
   47    58  0   0.0%   0.688 CG:3    +
   37    66  0   0.0%   0.613 UA:3    +
   23    82  0   0.0%   0.779 GU:3    +
   43    62  0   0.0%   0.724 GC:3    +
   10    38  0   0.0%   0.166 GC:3    +
    7    40  0   0.0%   0.126 UA:3    +
   42    65  0   0.0%   0.053 CG:3    +
   28    73  0   0.0%   0.613 UA:3    +
   18    58  0   0.0%   0.548 CG:3    +
    7    71  0   0.0%   0.435 UA:3    +
    6    72  0   0.0%   0.468 GU:3    +
    9    40  0   0.0%   0.113 UA:3    +
    6    31  0   0.0%   0.129 GC:3    +
   44    78  0   0.0%   0.779 UG:3    +
   73    82  0   0.0%   0.796 AU:3    +
   48    78  0   0.0%   0.433 CG:3    +
    6    61  0   0.0%   0.395 GC:3    +
   49    77  0   0.0%   0.457 UG:3    +
   37    78  0   0.0%   0.652 UG:3    +
   43    47  0   0.0%   0.873 GC:3    +
   10    39  0   0.0%   0.166 GU:3    +
    3    11  0   0.0%   0.008 CG:3    +
   66    85  0   0.0%   0.832 AU:3    +
    5    73  0   0.0%   0.296 UA:3    +
    9    73  0   0.0%   0.355 UA:3    +
   29    77  0   0.0%   0.038 CG:3    +
    5    32  0   0.0%   0.123 UA:3    +
   39    45  0   0.0%   0.563 UG:3    +
   72    78  0   0.0%   1.041 UG:3    +
   10    67  0   0.0%   0.492 GC:3    +
    1    11  0   0.0%   0.003 CG:3    +
   33    64  0   0.0%   0.316 AU:3    +
    2    12  0   0.0%   0.007 UG:3    +
   11    18  0   0.0%   0.004 GC:3    +
   18    80  0   0.0%   0.385 CG:3    +
   41    69  0   0.0%   0.133 AU:3    +
   22    45  0   0.0%   0.553 CG:3    +
    1    13  0   0.0%   0.006 CG:3    +
   75    80  0   0.0%   1.504 UG:3    +
   77    82  0   0.0%   1.469 GU:3    +
   23    27  0   0.0%   0.220 GU:3    +
   40    44  0   0.0%   0.495 AU:3    +
   11    16  0   0.0%   0.004 GC:3    +
   28    78  0   0.0%   0.658 UG:3    +
   52    75  0   0.0%   0.308 AU:3    +
   50    64  0   0.0%   0.168 AU:3    +
   35    44  0   0.0%   0.719 AU:3    +
   14    53  0   0.0%   0.531 AU:3    +
   27    45  0   0.0%   1.352 UG:3    +
   34    64  0   0.0%   0.374 AU:3    +
   60    70  0   0.0%   0.287 CG:3    +
   42    78  0   0.0%   0.172 CG:3    +
   15    49  0   0.0%   0.756 AU:3    +
   11    38  0   0.0%   0.307 GC:3    +
    4    30  0   0.0%   0.113 AU:3    +
   43    64  0   0.0%   0.636 GU:3    +
   45    60  0   0.0%   0.713 GC:3    +
   26    46  0   0.0%   1.499 AU:3    +
   49    65  0   0.0%   0.438 UG:3    +
   10    16  0   0.0%   0.005 GC:3    +
   17    81  0   0.0%   0.212 AU:3    +
   23    51  0   0.0%   0.950 GC:3    +
   35    46  0   0.0%   1.254 AU:3    +
   64    70  0   0.0%   0.566 UG:3    +
   27    79  0   0.0%   0.992 UA:3    +
   54    84  0   0.0%   0.167 AU:3    +
    9    17  0   0.0%   0.003 UA:3    +
   29    58  0   0.0%   0.297 CG:3    +
   15    53  0   0.0%   0.534 AU:3    +
   45    62  0   0.0%   0.713 GC:3    +
    2    33  0   0.0%   0.004 UA:3    +
   30    57  0   0.0%   0.309 UA:3    +
    5    65  0   0.0%   0.310 UG:3    +
    8    81  0   0.0%   0.240 AU:3    +
   37    58  0   0.0%   0.805 UG:3    +
   30    78  0   0.0%   0.182 UG:3    +
   10    60  0   0.0%   0.297 GC:3    +
    9    80  0   0.0%   0.396 UG:3    +
   43    82  0   0.0%   0.665 GU:3    +
   11    84  0   0.0%   0.765 GU:3    +
   37    57  0   0.0%   0.779 UA:3    +
   56    78  0   0.0%   0.621 CG:3    +
   23    49  0   0.0%   1.154 GU:3    +
   35    64  0   0.0%   0.282 AU:3    +
   18    65  0   0.0%   0.291 CG:3    +
   39    43  0   0.0%   0.575 UG:3    +
   11    59  0   0.0%   0.587 GC:3    +
   13    49  0   0.0%   0.799 GU:3    +
    2    65  0   0.0%   0.167 UG:3    +
   12    37  0   0.0%   0.307 GU:3    +
   69    80  0   0.0%   1.227 UG:3    +
   59    70  0   0.0%   0.221 CG:3    +
   12    83  0   0.0%   0.708 GC:3    +
   59    77  0   0.0%   0.118 CG:3    +
   43    81  0   0.0%   0.667 GU:3    +
   10    72  0   0.0%   0.494 GU:3    +
   45    63  0   0.0%   0.660 GC:3    +
   15    64  0   0.0%   0.396 AU:3    +
   35    75  0   0.0%   0.254 AU:3    +
   39    70  0   0.0%   0.183 UG:3    +
   23    44  0   0.0%   0.790 GU:3    +
   34    49  0   0.0%   0.724 AU:3    +
   71    85  0   0.0%   0.527 AU:3    +
   19    64  0   0.0%   0.122 AU:3    +
   18    78  0   0.0%   0.378 CG:3    +
   10    55  0   0.0%   0.419 GC:3    +
    7    23  0   0.0%   0.000 UG:3    +
   58    76  0   0.0%   0.724 GC:3    +
    2    10  0   0.0%   0.001 UG:3    +
   65    69  0   0.0%   0.589 GU:3    +
   51    77  0   0.0%   0.326 CG:3    +
   55    77  0   0.0%   0.225 CG:3    +
   40    84  0   0.0%   0.035 AU:3    +
    6    20  0   0.0%   0.002 GC:3    +
   13    82  0   0.0%   0.588 GU:3    +
    7    19  0   0.0%   0.000 UA:3    +
   21    58  0   0.0%   0.585 CG:3    +
   10    18  0   0.0%   0.005 GC:3    +
   36    85  0   0.0%   0.210 AU:3    +
   53    80  0   0.0%   0.413 UG:3    +
   41    49  0   0.0%   0.403 AU:3    +
    8    37  0   0.0%   0.001 AU:3    +
   52    81  0   0.0%   0.314 AU:3    +
    8    75  0   0.0%   0.240 AU:3    +
   10    85  0   0.0%   0.426 GU:3    +
   41    82  0   0.0%   0.055 AU:3    +
   13    56  0   0.0%   0.484 GC:3    +
    2     6  0   0.0%   0.002 UG:3    +
   13    55  0   0.0%   0.538 GC:3    +
   37    54  0   0.0%   0.631 UA:3    +
   27    73  0   0.0%   0.954 UA:3    +
   33    49  0   0.0%   0.667 AU:3    +
   41    85  0   0.0%   0.037 AU:3    +
    2     8  0   0.0%   0.000 UA:3    +
   43    49  0   0.0%   0.870 GU:3    +
   20    58  0   0.0%   0.670 CG:3    +
   36    75  0   0.0%   0.208 AU:3    +
    3    43  0   0.0%   0.004 CG:3    +
    6    48  0   0.0%   0.132 GC:3    +
   64    78  0   0.0%   1.291 UG:3    +
   77    81  0   0.0%   1.362 GU:3    +
    9    19  0   0.0%   0.003 UA:3    +
    6    84  0   0.0%   0.538 GU:3    +
   44    80  0   0.0%   0.767 UG:3    +
   10    53  0   0.0%   0.460 GU:3    +
   14    81  0   0.0%   0.368 AU:3    +
   36    64  0   0.0%   0.233 AU:3    +
   18    77  0   0.0%   0.281 CG:3    +
   34    44  0   0.0%   0.810 AU:3    +
    9    36  0   0.0%   0.112 UA:3    +
   41    46  0   0.0%   1.024 AU:3    +
   44    79  0   0.0%   0.773 UA:3    +
    4    37  0   0.0%   0.113 AU:3    +
    9    54  0   0.0%   0.324 UA:3    +
    9    66  0   0.0%   0.298 UA:3    +
   10    74  0   0.0%   0.493 GC:3    +
    5    36  0   0.0%   0.122 UA:3    +
   12    56  0   0.0%   0.601 GC:3    +
   41    64  0   0.0%   0.052 AU:3    +
   13    51  0   0.0%   0.596 GC:3    +
    2    34  0   0.0%   0.004 UA:3    +
    8    82  0   0.0%   0.239 AU:3    +
    3    23  0   0.0%   0.004 CG:3    +
    1    45  0   0.0%   0.006 CG:3    +
   14    30  0   0.0%   0.001 AU:3    +
    2    73  0   0.0%   0.237 UA:3    +
    8    84  0   0.0%   0.239 AU:3    +
   33    44  0   0.0%   0.753 AU:3    +
   40    64  0   0.0%   0.059 AU:3    +
   40    46  0   0.0%   1.031 AU:3    +
   35    49  0   0.0%   0.633 AU:3    +
   47    80  0   0.0%   0.570 CG:3    +
   23    46  0   0.0%   1.324 GU:3    +
   43    75  0   0.0%   0.658 GU:3    +
   34    46  0   0.0%   1.346 AU:3    +
    6    16  0   0.0%   0.002 GC:3    +
   17    49  0   0.0%   0.588 AU:3    +
    2    24  0   0.0%   0.004 UA:3    +
    7    15  0   0.0%   0.000 UA:3    +
    8    28  0   0.0%   0.001 AU:3    +
    9    79  0   0.0%   0.393 UA:3    +
   46    57  0   0.0%   1.374 UA:3    +
   53    79  0   0.0%   0.423 UA:3    +
    2    35  0   0.0%   0.004 UA:3    +
   13    31  0   0.0%   0.169 GC:3    +
   73    85  0   0.0%   0.151 AU:3    +
    5    78  0   0.0%   0.407 UG:3    +
    9    43  0   0.0%   0.115 UG:3    +
   10    42  0   0.0%   0.168 GC:3    +
   35    72  0   0.0%   0.316 AU:3    +
   24    49  0   0.0%   1.189 AU:3    +
   32    81  0   0.0%   0.082 AU:3    +
   36    49  0   0.0%   0.583 AU:3    +
   10    84  0   0.0%   0.426 GU:3    +
    8    85  0   0.0%   0.239 AU:3    +
   54    82  0   0.0%   0.181 AU:3    +
   47    77  0   0.0%   0.475 CG:3    +
   58    75  0   0.0%   0.735 GU:3    +
    7    79  0   0.0%   0.550 UA:3    +
   73    84  0   0.0%   0.249 AU:3    +
   17    37  0   0.0%   0.000 AU:3    +
   43    84  0   0.0%   0.651 GU:3    +
    6    82  0   0.0%   0.537 GU:3    +
   40    81  0   0.0%   0.043 AU:3    +
    2    70  0   0.0%   0.177 UG:3    +
    6    18  0   0.0%   0.002 GC:3    +
    8    44  0   0.0%   0.003 AU:3    +
   32    49  0   0.0%   0.449 AU:3    +
   11    46  0   0.0%   0.307 GU:3    +
    7    57  0   0.0%   0.552 UA:3    +
    5    17  0   0.0%   0.000 UA:3    +
   11    83  0   0.0%   0.764 GC:3    +
   39    52  0   0.0%   0.263 UA:3    +
   33    46  0   0.0%   1.288 AU:3    +
   30    80  0   0.0%   0.198 UG:3    +
   17    39  0   0.0%   0.000 AU:3    +
.....(((((((((.(((........................))))))).))))).........(((((((...)))).)))...
