3 sequence; length of alignment 34
alifold output
   14    23  0  43.2%   1.537 UA:3    +
   13    24  0  43.1%   1.412 AU:3    +
   12    25  0  40.1%   1.726 UA:3    +
    5    29  0  37.8%   1.206 GC:3    +
    4    30  0  37.1%   1.537 GC:3    +
    6    28  0  36.2%   1.227 AU:3    +
    4    31  0  32.0%   2.154 GC:3    +
    5    30  0  31.3%   1.863 GC:3    +
    3    32  0  30.8%   1.716 AU:3    +
    3    20  0  25.8%   1.050 AU:3   
    4    19  0  25.8%   1.049 GC:3   
    2    21  0  25.7%   1.050 GU:3   
    1    22  0  24.9%   1.041 CG:3   
   16    21  0  15.0%   1.710 AU:3    +
   10    26  0  14.7%   1.034 UA:3    +
    9    27  0  14.4%   1.306 AU:3    +
    2    31  0  12.9%   1.206 GC:3    +
    7    22  0  12.1%   1.359 CG:3    +
    8    21  0  12.0%   1.344 AU:3    +
   11    19  0  11.7%   1.118 GC:3    +
   12    18  0  11.2%   0.763 UA:3    +
    9    20  0  10.8%   1.107 AU:3    +
    7    15  0  10.7%   0.725 CG:3    +
    1    33  0   9.9%   1.035 CG:3    +
    8    28  0   9.7%   1.677 AU:3    +
    8    14  0   9.4%   0.668 AU:3    +
    2    32  0   8.8%   1.317 GU:3    +
    9    28  0   4.5%   1.684 AU:3    +
   11    24  0   4.2%   0.719 GU:3    +
   12    23  0   4.1%   0.804 UA:3    +
   13    21  0   3.7%   1.004 AU:3    +
   10    25  0   3.7%   0.431 UA:3    +
   12    22  0   3.4%   1.207 UG:3    +
    8    27  0   1.9%   0.785 AU:3    +
    2    34  0   1.7%   1.098 GC:3    +
   15    21  0   1.3%   1.227 GU:3    +
    2    29  0   1.1%   0.510 GC:3    +
    3    28  0   1.1%   0.521 AU:3    +
    4    27  0   1.1%   0.511 GU:3    +
   16    20  0   1.0%   0.784 AU:3    +
   11    27  0   0.8%   0.939 GU:3    +
   15    19  0   0.8%   0.961 GC:3    +
   10    23  0   0.8%   0.142 UA:3    +
   23    28  0   0.7%   1.463 AU:3    +
   22    29  0   0.7%   1.311 GC:3    +
   15    20  0   0.7%   0.990 GU:3    +
    9    24  0   0.7%   0.409 AU:3    +
   14    22  0   0.6%   1.061 UG:3    +
    9    14  0   0.5%   0.304 AU:3    +
   12    26  0   0.4%   1.224 UA:3    +
    6    27  0   0.4%   0.149 AU:3    +
    4    29  0   0.3%   0.519 GC:3    +
    5    28  0   0.3%   0.127 GU:3    +
    6    24  0   0.3%   0.065 AU:3    +
   15    29  0   0.3%   0.864 GC:3    +
   16    28  0   0.3%   1.199 AU:3    +
   17    27  0   0.2%   0.537 AU:3    +
    9    21  0   0.2%   0.921 AU:3    +
    5    31  0   0.2%   1.429 GC:3    +
   10    18  0   0.2%   0.052 UA:3    +
    4    32  0   0.2%   1.768 GU:3    +
   13    20  0   0.1%   0.628 AU:3    +
    5    19  0   0.1%   0.376 GC:3    +
   12    17  0   0.1%   0.040 UA:3    +
   10    17  0   0.1%   0.033 UA:3    +
    4    20  0   0.1%   0.723 GU:3    +
    3    21  0   0.1%   0.720 AU:3    +
   10    16  0   0.1%   0.023 UA:3    +
    7    11  0   0.1%   0.020 CG:3    +
   12    33  0   0.1%   1.146 UG:3    +
   11    34  0   0.1%   0.525 GC:3    +
   13    32  0   0.1%   1.107 AU:3    +
    6    12  0   0.1%   0.019 AU:3    +
   14    26  0   0.1%   0.967 UA:3    +
   25    32  0   0.1%   1.105 AU:3    +
    2    30  0   0.1%   0.423 GC:3    +
   13    27  0   0.1%   0.979 AU:3    +
    3    27  0   0.1%   0.373 AU:3    +
   24    33  0   0.1%   0.812 UG:3    +
    2    28  0   0.1%   0.365 GU:3    +
   11    29  0   0.0%   0.881 GC:3    +
    8    24  0   0.0%   0.509 AU:3    +
    7    33  0   0.0%   0.741 CG:3    +
    8    32  0   0.0%   1.379 AU:3    +
   17    21  0   0.0%   1.113 AU:3    +
   11    21  0   0.0%   0.891 GU:3    +
   22    31  0   0.0%   1.433 GC:3    +
    5    24  0   0.0%   0.018 GU:3    +
   15    30  0   0.0%   1.130 GC:3    +
   10    15  0   0.0%   0.247 UG:3    +
   10    22  0   0.0%   0.636 UG:3    +
   18    27  0   0.0%   0.752 AU:3    +
   11    20  0   0.0%   0.861 GU:3    +
   15    24  0   0.0%   0.927 GU:3    +
   23    32  0   0.0%   1.167 AU:3    +
   14    25  0   0.0%   1.137 UA:3    +
   21    26  0   0.0%   1.409 UA:3    +
    2     7  0   0.0%   0.004 GC:3    +
   19    33  0   0.0%   0.889 CG:3    +
   17    28  0   0.0%   0.865 AU:3    +
   20    25  0   0.0%   1.181 UA:3    +
   27    33  0   0.0%   0.741 UG:3    +
    4    34  0   0.0%   1.244 GC:3    +
    4    24  0   0.0%   0.362 GU:3    +
   26    32  0   0.0%   0.919 AU:3    +
   29    33  0   0.0%   0.743 CG:3    +
    1    15  0   0.0%   0.003 CG:3    +
   20    26  0   0.0%   1.002 UA:3    +
    6    32  0   0.0%   1.005 AU:3    +
   22    30  0   0.0%   1.524 GC:3    +
   21    25  0   0.0%   1.585 UA:3    +
    3    10  0   0.0%   0.002 AU:3    +
    2    14  0   0.0%   0.004 GU:3    +
   14    18  0   0.0%   0.509 UA:3    +
   15    31  0   0.0%   1.033 GC:3    +
   12    16  0   0.0%   0.016 UA:3    +
    3    12  0   0.0%   0.003 AU:3    +
   23    27  0   0.0%   1.023 AU:3    +
    5    14  0   0.0%   0.003 GU:3    +
   11    31  0   0.0%   1.079 GC:3    +
    5    34  0   0.0%   0.847 GC:3    +
    4    12  0   0.0%   0.002 GU:3    +
   28    33  0   0.0%   1.111 UG:3    +
   11    28  0   0.0%   1.242 GU:3    +
   16    24  0   0.0%   0.894 AU:3    +
    1    11  0   0.0%   0.002 CG:3    +
    8    12  0   0.0%   0.008 AU:3    +
   17    24  0   0.0%   0.576 AU:3    +
    6    10  0   0.0%   0.002 AU:3    +
    5    12  0   0.0%   0.003 GU:3    +
   22    28  0   0.0%   1.578 GU:3    +
   11    30  0   0.0%   1.173 GC:3    +
    1     5  0   0.0%   0.001 CG:3    +
   16    27  0   0.0%   0.812 AU:3    +
    3    24  0   0.0%   0.359 AU:3    +
    8    20  0   0.0%   0.580 AU:3    +
   18    24  0   0.0%   0.815 AU:3    +
    5    10  0   0.0%   0.002 GU:3    +
    2    10  0   0.0%   0.002 GU:3    +
    2    19  0   0.0%   0.003 GC:3    +
   15    28  0   0.0%   1.180 GU:3    +
    6    14  0   0.0%   0.008 AU:3    +
    6    20  0   0.0%   0.364 AU:3    +
    5    32  0   0.0%   1.362 GU:3    +
    3    14  0   0.0%   0.003 AU:3    +
   20    33  0   0.0%   0.930 UG:3    +
    5    27  0   0.0%   0.067 GU:3    +
    5    21  0   0.0%   0.366 GU:3    +
    4    10  0   0.0%   0.001 GU:3    +
   13    28  0   0.0%   1.310 AU:3    +
    2    27  0   0.0%   0.352 GU:3    +
    4    28  0   0.0%   0.464 GU:3    +
   22    34  0   0.0%   0.863 GC:3    +
   22    27  0   0.0%   1.240 GU:3    +
   18    32  0   0.0%   0.856 AU:3    +
    4    14  0   0.0%   0.002 GU:3    +
   15    34  0   0.0%   0.466 GC:3    +
    6    21  0   0.0%   0.363 AU:3    +
   18    28  0   0.0%   1.088 AU:3    +
    9    32  0   0.0%   1.326 AU:3    +
   21    33  0   0.0%   1.334 UG:3    +
    2    24  0   0.0%   0.352 GU:3    +
   17    32  0   0.0%   0.631 AU:3    +
   15    27  0   0.0%   0.844 GU:3    +
   22    32  0   0.0%   1.383 GU:3    +
   11    32  0   0.0%   1.027 GU:3    +
    2    20  0   0.0%   0.003 GU:3    +
    5    20  0   0.0%   0.367 GU:3    +
    4    21  0   0.0%   0.714 GU:3    +
   16    32  0   0.0%   0.951 AU:3    +
    2    12  0   0.0%   0.002 GU:3    +
   10    33  0   0.0%   0.703 UG:3    +
   14    33  0   0.0%   0.890 UG:3    +
   15    32  0   0.0%   0.986 GU:3    +
((((..............))))............
