3 sequence; length of alignment 34
alifold output
    9    28  0  99.6%   0.036 GC:3   
    8    29  0  99.4%   0.048 UA:3   
   10    27  0  98.7%   0.109 CG:3   
    7    30  0  97.1%   0.101 GU:3   
   11    26  0  95.9%   0.277 UG:3   
    3    33  0  94.8%   0.158 UA:3   
    4    32  0  93.8%   0.193 CG:3   
    2    34  0  92.7%   0.224 GC:3   
   12    25  0  80.6%   0.731 UA:3   
   14    22  0  13.1%   0.992 GC:3    +
   14    21  0   6.7%   0.583 GU:3    +
   15    20  0   6.3%   0.543 UA:3    +
   15    24  0   4.3%   0.702 UA:3    +
   16    23  0   4.2%   0.483 UA:3    +
    5    32  0   4.2%   0.473 CG:3    +
   12    24  0   2.3%   0.302 UA:3    +
   11    25  0   2.0%   0.265 UA:3    +
   10    26  0   1.1%   0.159 CG:3    +
   16    20  0   0.7%   0.295 UA:3    +
   13    21  0   0.7%   0.110 AU:3    +
   16    24  0   0.3%   0.459 UA:3    +
   15    23  0   0.3%   0.266 UA:3    +
   12    23  0   0.3%   0.079 UA:3    +
   15    25  0   0.2%   0.644 UA:3    +
    5    26  0   0.2%   0.038 CG:3    +
    4    27  0   0.2%   0.037 CG:3    +
    6    25  0   0.2%   0.036 UA:3    +
   12    19  0   0.2%   0.034 UA:3    +
    9    22  0   0.1%   0.030 GC:3    +
    8    23  0   0.1%   0.027 UA:3    +
   11    20  0   0.1%   0.027 UA:3    +
    7    28  0   0.1%   0.032 GC:3    +
    6    29  0   0.1%   0.041 UA:3    +
    8    27  0   0.1%   0.044 UG:3    +
   15    19  0   0.1%   0.032 UA:3    +
    2    28  0   0.1%   0.020 GC:3    +
   11    24  0   0.1%   0.029 UA:3    +
    3    29  0   0.1%   0.017 UA:3    +
    2    30  0   0.1%   0.023 GU:3    +
   16    25  0   0.1%   0.483 UA:3    +
   12    26  0   0.1%   0.408 UG:3    +
    1    31  0   0.1%   0.012 AU:3    +
    7    31  0   0.0%   0.053 GU:3    +
   17    26  0   0.0%   0.114 CG:3    +
   12    20  0   0.0%   0.027 UA:3    +
   12    18  0   0.0%   0.006 UA:3    +
   22    32  0   0.0%   0.476 CG:3    +
   23    31  0   0.0%   0.192 AU:3    +
    6    13  0   0.0%   0.004 UA:3    +
    5    14  0   0.0%   0.004 CG:3    +
    7    12  0   0.0%   0.004 GU:3    +
   21    33  0   0.0%   0.273 UA:3    +
   24    30  0   0.0%   0.288 AU:3    +
   15    26  0   0.0%   0.460 UG:3    +
    6    32  0   0.0%   0.217 UG:3    +
    3    27  0   0.0%   0.002 UG:3    +
   11    19  0   0.0%   0.002 UA:3    +
   17    32  0   0.0%   0.200 CG:3    +
    2    17  0   0.0%   0.002 GC:3    +
   18    31  0   0.0%   0.012 AU:3    +
    4    26  0   0.0%   0.002 CG:3    +
    3    32  0   0.0%   0.008 UG:3    +
   19    30  0   0.0%   0.054 AU:3    +
   16    33  0   0.0%   0.248 UA:3    +
    6    33  0   0.0%   0.073 UA:3    +
   10    14  0   0.0%   0.003 CG:3    +
   22    27  0   0.0%   0.311 CG:3    +
    9    15  0   0.0%   0.001 GU:3    +
    7    17  0   0.0%   0.003 GC:3    +
   21    25  0   0.0%   0.502 UA:3    +
   16    27  0   0.0%   0.229 UG:3    +
    6    18  0   0.0%   0.002 UA:3    +
   13    31  0   0.0%   0.046 AU:3    +
   14    30  0   0.0%   0.484 GU:3    +
   11    23  0   0.0%   0.020 UA:3    +
   15    29  0   0.0%   0.372 UA:3    +
   12    32  0   0.0%   0.494 UG:3    +
    7    22  0   0.0%   0.002 GC:3    +
   11    33  0   0.0%   0.187 UA:3    +
    2    10  0   0.0%   0.001 GC:3    +
    6    23  0   0.0%   0.002 UA:3    +
    3     9  0   0.0%   0.001 UG:3    +
   11    18  0   0.0%   0.001 UA:3    +
    1    11  0   0.0%   0.001 AU:3    +
   22    26  0   0.0%   0.385 CG:3    +
   11    27  0   0.0%   0.169 UG:3    +
    8    20  0   0.0%   0.000 UA:3    +
    1    30  0   0.0%   0.001 AU:3    +
    6    24  0   0.0%   0.002 UA:3    +
    7    21  0   0.0%   0.002 GU:3    +
    2    31  0   0.0%   0.017 GU:3    +
   16    26  0   0.0%   0.302 UG:3    +
   14    34  0   0.0%   0.521 GC:3    +
   14    28  0   0.0%   0.468 GC:3    +
    8    24  0   0.0%   0.010 UA:3    +
   21    29  0   0.0%   0.237 UA:3    +
    1     6  0   0.0%   0.000 AU:3    +
   15    27  0   0.0%   0.386 UG:3    +
   21    26  0   0.0%   0.327 UG:3    +
    7    34  0   0.0%   0.112 GC:3    +
   20    30  0   0.0%   0.257 AU:3    +
    5    27  0   0.0%   0.026 CG:3    +
   15    33  0   0.0%   0.404 UA:3    +
    6    26  0   0.0%   0.026 UG:3    +
   21    27  0   0.0%   0.252 UG:3    +
   25    30  0   0.0%   0.320 AU:3    +
    9    21  0   0.0%   0.001 GU:3    +
   17    27  0   0.0%   0.037 CG:3    +
   19    31  0   0.0%   0.027 AU:3    +
    9    17  0   0.0%   0.002 GC:3    +
    8    33  0   0.0%   0.073 UA:3    +
    8    18  0   0.0%   0.000 UA:3    +
   24    31  0   0.0%   0.260 AU:3    +
    2    22  0   0.0%   0.001 GC:3    +
    9    34  0   0.0%   0.085 GC:3    +
    2     6  0   0.0%   0.000 GU:3    +
.(((..((((((............)))))).)))
