3 sequence; length of alignment 77
alifold output
   61    72  0  98.1%   0.131 CG:3   
   59    74  0  98.1%   0.182 UG:3   
   58    75  0  98.1%   0.182 GC:3   
   60    73  0  98.1%   0.178 AU:3   
   62    71  0  95.2%   0.225 UA:3   
   32    53  0  91.5%   0.412 UA:3   
   33    52  0  91.5%   0.510 CG:3   
   30    55  0  91.4%   0.511 UG:3   
   31    54  0  91.4%   0.534 AU:3   
   29    56  0  91.3%   0.516 GC:3   
   34    51  0  88.0%   0.733 GU:3   
   57    76  0  85.7%   0.411 AU:3   
   35    50  0  83.1%   0.750 UA:3   
    3    11  0  26.4%   1.093 GC:3    +
    4    10  0  24.0%   1.030 AU:3    +
    2    12  0  21.4%   0.997 UA:3    +
   21    55  0   5.4%   0.530 CG:3    +
   20    56  0   5.4%   0.746 GC:3    +
   11    20  0   5.1%   0.850 CG:3    +
    9    23  0   5.0%   0.516 CG:3    +
   10    22  0   4.9%   0.821 UA:3    +
   22    54  0   4.6%   0.621 AU:3    +
    3    27  0   4.3%   0.895 GC:3    +
    4    26  0   4.0%   0.753 AU:3    +
   39    48  0   4.0%   0.554 UA:3    +
   34    43  0   3.9%   0.526 GU:3    +
   33    44  0   3.9%   0.483 CG:3    +
   35    42  0   3.7%   0.440 UA:3    +
    2    28  0   3.5%   0.767 UA:3    +
   38    49  0   3.4%   0.570 UA:3    +
   38    44  0   2.9%   0.585 UG:3    +
   40    44  0   2.9%   0.717 CG:3    +
   37    45  0   2.8%   0.425 AU:3    +
   27    52  0   2.7%   0.485 CG:3    +
   26    53  0   2.6%   0.578 UA:3    +
   28    51  0   2.6%   0.583 AU:3    +
   15    23  0   2.2%   0.549 CG:3    +
   14    24  0   2.0%   0.349 UA:3    +
   11    23  0   1.9%   0.912 CG:3    +
   25    51  0   1.9%   0.305 AU:3    +
   16    23  0   1.8%   0.595 CG:3    +
   10    24  0   1.7%   0.713 UA:3    +
   26    50  0   1.7%   0.409 UA:3    +
   43    50  0   1.6%   0.682 UA:3    +
   42    51  0   1.6%   0.678 AU:3    +
   29    46  0   1.4%   0.224 GC:3    +
   28    47  0   1.3%   0.321 AU:3    +
   41    52  0   1.3%   0.402 CG:3    +
   36    47  0   1.1%   0.287 AU:3    +
   34    56  0   1.1%   0.728 GC:3    +
   35    55  0   1.1%   0.776 UG:3    +
   30    60  0   1.1%   0.329 UA:3    +
   31    59  0   1.1%   0.321 AU:3    +
   29    61  0   1.1%   0.325 GC:3    +
   25    54  0   1.1%   0.430 AU:3    +
   32    58  0   1.1%   0.297 UG:3    +
   21    74  0   1.0%   0.380 CG:3    +
   20    75  0   1.0%   0.584 GC:3    +
   28    62  0   1.0%   0.463 AU:3    +
   22    73  0   0.9%   0.511 AU:3    +
   36    54  0   0.9%   0.491 AU:3    +
   24    39  0   0.9%   0.277 AU:3    +
   23    40  0   0.8%   0.556 GC:3    +
   25    38  0   0.8%   0.141 AU:3    +
   38    48  0   0.8%   0.344 UA:3    +
    3    16  0   0.8%   0.527 GC:3    +
   26    37  0   0.8%   0.271 UA:3    +
   31    43  0   0.8%   0.152 AU:3    +
   27    67  0   0.8%   0.409 CG:3    +
   63    69  0   0.7%   0.178 UA:3    +
   26    68  0   0.7%   0.480 UA:3    +
   30    44  0   0.7%   0.171 UG:3    +
   32    42  0   0.7%   0.119 UA:3    +
   23    64  0   0.7%   0.598 GC:3    +
   24    63  0   0.7%   0.300 AU:3    +
   31    47  0   0.7%   0.221 AU:3    +
   30    48  0   0.7%   0.156 UA:3    +
    2    17  0   0.6%   0.447 UA:3    +
   35    48  0   0.6%   0.297 UA:3    +
   22    65  0   0.6%   0.422 AU:3    +
   37    47  0   0.6%   0.390 AU:3    +
   34    40  0   0.6%   0.155 GC:3    +
    3    21  0   0.5%   0.542 GC:3    +
    3     9  0   0.5%   0.088 GC:3    +
    3    15  0   0.5%   0.463 GC:3    +
   25    62  0   0.4%   0.257 AU:3    +
    2    22  0   0.4%   0.457 UA:3    +
    4    14  0   0.4%   0.424 AU:3    +
   39    53  0   0.4%   0.479 UA:3    +
   46    52  0   0.4%   0.424 CG:3    +
   45    53  0   0.4%   0.470 UA:3    +
   28    35  0   0.4%   0.198 AU:3    +
    8    23  0   0.4%   0.090 CG:3    +
    5    20  0   0.3%   0.060 CG:3    +
   19    44  0   0.3%   0.099 CG:3    +
   36    45  0   0.3%   0.128 AU:3    +
   20    27  0   0.3%   0.402 GC:3    +
   44    54  0   0.3%   0.829 GU:3    +
   43    49  0   0.3%   0.440 UA:3    +
   11    52  0   0.3%   0.633 CG:3    +
   27    58  0   0.3%   0.324 CG:3    +
   18    45  0   0.3%   0.088 AU:3    +
   39    44  0   0.3%   0.420 UG:3    +
   35    49  0   0.3%   0.262 UA:3    +
   63    68  0   0.3%   0.131 UA:3    +
   10    53  0   0.3%   0.625 UA:3    +
   12    51  0   0.3%   0.387 AU:3    +
   20    43  0   0.3%   0.308 GU:3    +
   39    49  0   0.2%   0.379 UA:3    +
   31    45  0   0.2%   0.125 AU:3    +
   13    26  0   0.2%   0.193 AU:3    +
    4    45  0   0.2%   0.540 AU:3    +
    5    44  0   0.2%   0.073 CG:3    +
   36    43  0   0.2%   0.248 AU:3    +
   14    25  0   0.2%   0.169 UA:3    +
    3    46  0   0.2%   0.669 GC:3    +
   23    56  0   0.2%   0.680 GC:3    +
   40    52  0   0.2%   0.418 CG:3    +
   20    73  0   0.2%   0.476 GU:3    +
   21    72  0   0.2%   0.254 CG:3    +
    1    14  0   0.2%   0.042 AU:3    +
   19    74  0   0.2%   0.098 CG:3    +
   15    20  0   0.2%   0.261 CG:3    +
    6    43  0   0.2%   0.045 AU:3    +
   34    41  0   0.2%   0.093 GC:3    +
    2    13  0   0.2%   0.374 UA:3    +
    3     8  0   0.2%   0.032 GC:3    +
    5    23  0   0.2%   0.051 CG:3    +
    9    20  0   0.2%   0.085 CG:3    +
   38    50  0   0.2%   0.568 UA:3    +
   35    44  0   0.2%   0.398 UG:3    +
   37    43  0   0.1%   0.289 AU:3    +
   23    27  0   0.1%   0.602 GC:3    +
   19    34  0   0.1%   0.053 CG:3    +
   20    33  0   0.1%   0.263 GC:3    +
   18    35  0   0.1%   0.042 AU:3    +
   34    46  0   0.1%   0.298 GC:3    +
   38    42  0   0.1%   0.229 UA:3    +
   21    44  0   0.1%   0.092 CG:3    +
   65    69  0   0.1%   0.107 UA:3    +
   38    53  0   0.1%   0.545 UA:3    +
   57    77  0   0.1%   0.172 AU:3    +
   19    29  0   0.1%   0.038 CG:3    +
   20    45  0   0.1%   0.315 GU:3    +
    3    19  0   0.1%   0.473 GC:3    +
   22    43  0   0.1%   0.230 AU:3    +
    8    20  0   0.1%   0.054 CG:3    +
   27    34  0   0.1%   0.202 CG:3    +
    2     7  0   0.1%   0.021 UA:3    +
   18    30  0   0.1%   0.028 AU:3    +
   63    71  0   0.1%   0.162 UA:3    +
   21    67  0   0.1%   0.225 CG:3    +
   37    51  0   0.1%   0.504 AU:3    +
   62    69  0   0.1%   0.101 UA:3    +
   21    29  0   0.1%   0.057 CG:3    +
   37    54  0   0.1%   0.527 AU:3    +
   26    49  0   0.1%   0.214 UA:3    +
   63    67  0   0.1%   0.105 UG:3    +
    8    55  0   0.1%   0.060 CG:3    +
   20    30  0   0.1%   0.255 GU:3    +
   29    47  0   0.1%   0.162 GU:3    +
   19    23  0   0.1%   0.437 CG:3    +
   43    55  0   0.1%   0.638 UG:3    +
   12    26  0   0.1%   0.476 AU:3    +
    2    20  0   0.1%   0.395 UG:3    +
    5    55  0   0.0%   0.056 CG:3    +
   23    33  0   0.0%   0.454 GC:3    +
    6    54  0   0.0%   0.029 AU:3    +
   29    33  0   0.0%   0.043 GC:3    +
   30    49  0   0.0%   0.108 UA:3    +
   26    60  0   0.0%   0.378 UA:3    +
   24    32  0   0.0%   0.166 AU:3    +
   61    67  0   0.0%   0.112 CG:3    +
   32    44  0   0.0%   0.136 UG:3    +
   58    70  0   0.0%   0.086 GC:3    +
   59    69  0   0.0%   0.066 UA:3    +
   42    47  0   0.0%   0.357 AU:3    +
   19    67  0   0.0%   0.059 CG:3    +
   18    76  0   0.0%   0.054 AU:3    +
   14    53  0   0.0%   0.172 UA:3    +
   15    52  0   0.0%   0.151 CG:3    +
    3    33  0   0.0%   0.632 GC:3    +
   14    20  0   0.0%   0.243 UG:3    +
   13    38  0   0.0%   0.036 AU:3    +
   62    66  0   0.0%   0.083 UA:3    +
   62    68  0   0.0%   0.121 UA:3    +
   14    37  0   0.0%   0.148 UA:3    +
   13    54  0   0.0%   0.044 AU:3    +
    4    32  0   0.0%   0.503 AU:3    +
    2    34  0   0.0%   0.540 UG:3    +
   41    55  0   0.0%   0.383 CG:3    +
   58    64  0   0.0%   0.116 GC:3    +
   42    54  0   0.0%   0.573 AU:3    +
    3    56  0   0.0%   0.648 GC:3    +
   17    77  0   0.0%   0.052 AU:3    +
   35    60  0   0.0%   0.483 UA:3    +
   34    61  0   0.0%   0.427 GC:3    +
    1    35  0   0.0%   0.024 AU:3    +
   12    39  0   0.0%   0.342 AU:3    +
   22    32  0   0.0%   0.187 AU:3    +
   57    65  0   0.0%   0.046 AU:3    +
   10    28  0   0.0%   0.697 UA:3    +
   10    17  0   0.0%   0.386 UA:3    +
   28    65  0   0.0%   0.383 AU:3    +
   43    53  0   0.0%   0.548 UA:3    +
   19    72  0   0.0%   0.060 CG:3    +
    6    26  0   0.0%   0.139 AU:3    +
   36    59  0   0.0%   0.185 AU:3    +
   14    49  0   0.0%   0.149 UA:3    +
   23    30  0   0.0%   0.450 GU:3    +
   29    64  0   0.0%   0.266 GC:3    +
   18    73  0   0.0%   0.050 AU:3    +
   16    74  0   0.0%   0.120 CG:3    +
   14    22  0   0.0%   0.222 UA:3    +
   23    70  0   0.0%   0.535 GC:3    +
   15    34  0   0.0%   0.132 CG:3    +
   17    73  0   0.0%   0.046 AU:3    +
   27    44  0   0.0%   0.217 CG:3    +
   39    52  0   0.0%   0.414 UG:3    +
    7    14  0   0.0%   0.050 AU:3    +
    2    25  0   0.0%   0.417 UA:3    +
    3    10  0   0.0%   0.043 GU:3    +
   28    43  0   0.0%   0.186 AU:3    +
   10    18  0   0.0%   0.355 UA:3    +
   29    38  0   0.0%   0.070 GU:3    +
   30    37  0   0.0%   0.064 UA:3    +
   65    71  0   0.0%   0.104 UA:3    +
   17    26  0   0.0%   0.192 AU:3    +
   69    76  0   0.0%   0.199 AU:3    +
   14    18  0   0.0%   0.047 UA:3    +
    9    55  0   0.0%   0.201 CG:3    +
   23    46  0   0.0%   0.495 GC:3    +
   21    34  0   0.0%   0.054 CG:3    +
   24    45  0   0.0%   0.236 AU:3    +
   20    35  0   0.0%   0.260 GU:3    +
   56    74  0   0.0%   0.379 CG:3    +
    1    26  0   0.0%   0.019 AU:3    +
   55    75  0   0.0%   0.365 GC:3    +
    9    29  0   0.0%   0.192 CG:3    +
    8    29  0   0.0%   0.043 CG:3    +
    7    30  0   0.0%   0.015 AU:3    +
   26    66  0   0.0%   0.376 UA:3    +
   57    73  0   0.0%   0.074 AU:3    +
   34    45  0   0.0%   0.255 GU:3    +
   22    47  0   0.0%   0.191 AU:3    +
   45    49  0   0.0%   0.355 UA:3    +
   68    77  0   0.0%   0.078 AU:3    +
   23    61  0   0.0%   0.495 GC:3    +
   28    39  0   0.0%   0.189 AU:3    +
   24    51  0   0.0%   0.217 AU:3    +
   10    20  0   0.0%   0.394 UG:3    +
   32    48  0   0.0%   0.088 UA:3    +
   22    26  0   0.0%   0.333 AU:3    +
   45    50  0   0.0%   0.482 UA:3    +
   64    72  0   0.0%   0.081 CG:3    +
   18    77  0   0.0%   0.054 AU:3    +
    2    18  0   0.0%   0.385 UA:3    +
   22    62  0   0.0%   0.333 AU:3    +
   25    59  0   0.0%   0.186 AU:3    +
   33    58  0   0.0%   0.299 CG:3    +
    1    10  0   0.0%   0.003 AU:3    +
   34    54  0   0.0%   0.602 GU:3    +
   30    50  0   0.0%   0.166 UA:3    +
   43    48  0   0.0%   0.465 UA:3    +
   38    58  0   0.0%   0.403 UG:3    +
    2    57  0   0.0%   0.538 UA:3    +
   35    53  0   0.0%   0.571 UA:3    +
   33    55  0   0.0%   0.483 CG:3    +
   44    51  0   0.0%   0.822 GU:3    +
   39    57  0   0.0%   0.235 UA:3    +
   55    77  0   0.0%   0.327 GU:3    +
   14    23  0   0.0%   0.306 UG:3    +
   17    51  0   0.0%   0.058 AU:3    +
   26    58  0   0.0%   0.371 UG:3    +
   20    26  0   0.0%   0.367 GU:3    +
    6    14  0   0.0%   0.041 AU:3    +
   16    52  0   0.0%   0.135 CG:3    +
   18    47  0   0.0%   0.042 AU:3    +
   10    25  0   0.0%   0.576 UA:3    +
   16    34  0   0.0%   0.119 CG:3    +
   14    50  0   0.0%   0.147 UA:3    +
   28    59  0   0.0%   0.302 AU:3    +
   30    36  0   0.0%   0.021 UA:3    +
    6    10  0   0.0%   0.349 AU:3    +
   44    56  0   0.0%   0.772 GC:3    +
   34    39  0   0.0%   0.072 GU:3    +
   31    38  0   0.0%   0.049 AU:3    +
   59    71  0   0.0%   0.061 UA:3    +
   26    57  0   0.0%   0.370 UA:3    +
    2    24  0   0.0%   0.413 UA:3    +
   29    45  0   0.0%   0.067 GU:3    +
   38    52  0   0.0%   0.525 UG:3    +
   32    37  0   0.0%   0.055 UA:3    +
    7    26  0   0.0%   0.143 AU:3    +
   31    35  0   0.0%   0.038 AU:3    +
    2     6  0   0.0%   0.002 UA:3    +
   18    26  0   0.0%   0.160 AU:3    +
   13    35  0   0.0%   0.032 AU:3    +
   14    34  0   0.0%   0.144 UG:3    +
   36    51  0   0.0%   0.391 AU:3    +
   17    76  0   0.0%   0.044 AU:3    +
   20    70  0   0.0%   0.431 GC:3    +
   11    74  0   0.0%   0.601 CG:3    +
   12    73  0   0.0%   0.357 AU:3    +
   26    48  0   0.0%   0.197 UA:3    +
   39    50  0   0.0%   0.443 UA:3    +
   16    20  0   0.0%   0.249 CG:3    +
   16    72  0   0.0%   0.115 CG:3    +
   29    40  0   0.0%   0.065 GC:3    +
   37    59  0   0.0%   0.249 AU:3    +
   26    69  0   0.0%   0.410 UA:3    +
   13    51  0   0.0%   0.049 AU:3    +
    5    29  0   0.0%   0.031 CG:3    +
   29    51  0   0.0%   0.283 GU:3    +
   20    46  0   0.0%   0.285 GC:3    +
   18    32  0   0.0%   0.017 AU:3    +
   67    75  0   0.0%   0.127 GC:3    +
   23    77  0   0.0%   0.539 GU:3    +
   20    64  0   0.0%   0.430 GC:3    +
   17    32  0   0.0%   0.041 AU:3    +
   10    23  0   0.0%   0.683 UG:3    +
   23    41  0   0.0%   0.477 GC:3    +
    3    77  0   0.0%   0.645 GU:3    +
   66    76  0   0.0%   0.146 AU:3    +
   26    36  0   0.0%   0.159 UA:3    +
   24    77  0   0.0%   0.240 AU:3    +
    6    77  0   0.0%   0.025 AU:3    +
   12    77  0   0.0%   0.358 AU:3    +
   46    67  0   0.0%   0.157 CG:3    +
    4    30  0   0.0%   0.495 AU:3    +
   47    66  0   0.0%   0.187 UA:3    +
   45    55  0   0.0%   0.512 UG:3    +
   46    55  0   0.0%   0.421 CG:3    +
   11    55  0   0.0%   0.610 CG:3    +
   13    77  0   0.0%   0.038 AU:3    +
   48    65  0   0.0%   0.271 AU:3    +
   62    67  0   0.0%   0.128 UG:3    +
    2    23  0   0.0%   0.411 UG:3    +
    1    77  0   0.0%   0.021 AU:3    +
   19    58  0   0.0%   0.049 CG:3    +
   28    76  0   0.0%   0.355 AU:3    +
   22    30  0   0.0%   0.191 AU:3    +
   43    57  0   0.0%   0.325 UA:3    +
   17    47  0   0.0%   0.039 AU:3    +
   29    75  0   0.0%   0.275 GC:3    +
   30    74  0   0.0%   0.291 UG:3    +
   31    73  0   0.0%   0.285 AU:3    +
   25    65  0   0.0%   0.240 AU:3    +
   13    73  0   0.0%   0.036 AU:3    +
   22    77  0   0.0%   0.413 AU:3    +
   24    30  0   0.0%   0.167 AU:3    +
   29    41  0   0.0%   0.025 GC:3    +
   26    31  0   0.0%   0.158 UA:3    +
   18    59  0   0.0%   0.041 AU:3    +
   24    76  0   0.0%   0.237 AU:3    +
   14    72  0   0.0%   0.151 UG:3    +
    6    30  0   0.0%   0.006 AU:3    +
   40    55  0   0.0%   0.492 CG:3    +
   24    54  0   0.0%   0.347 AU:3    +
   32    72  0   0.0%   0.201 UG:3    +
   25    32  0   0.0%   0.029 AU:3    +
   28    63  0   0.0%   0.381 AU:3    +
   21    52  0   0.0%   0.066 CG:3    +
    2    48  0   0.0%   0.535 UA:3    +
   22    51  0   0.0%   0.206 AU:3    +
   31    63  0   0.0%   0.256 AU:3    +
   16    55  0   0.0%   0.124 CG:3    +
   28    77  0   0.0%   0.357 AU:3    +
   15    72  0   0.0%   0.129 CG:3    +
   45    68  0   0.0%   0.236 UA:3    +
   29    35  0   0.0%   0.057 GU:3    +
   17    54  0   0.0%   0.047 AU:3    +
    5    34  0   0.0%   0.033 CG:3    +
   44    70  0   0.0%   0.466 GC:3    +
    9    67  0   0.0%   0.190 CG:3    +
   62    72  0   0.0%   0.169 UG:3    +
   12    54  0   0.0%   0.358 AU:3    +
    5    74  0   0.0%   0.049 CG:3    +
    1    47  0   0.0%   0.020 AU:3    +
   14    28  0   0.0%   0.259 UA:3    +
   31    39  0   0.0%   0.048 AU:3    +
   10    66  0   0.0%   0.592 UA:3    +
   13    76  0   0.0%   0.036 AU:3    +
   34    47  0   0.0%   0.305 GU:3    +
    4    35  0   0.0%   0.500 AU:3    +
   19    55  0   0.0%   0.060 CG:3    +
    4    76  0   0.0%   0.513 AU:3    +
   15    67  0   0.0%   0.128 CG:3    +
    4    77  0   0.0%   0.514 AU:3    +
   43    71  0   0.0%   0.322 UA:3    +
   19    52  0   0.0%   0.070 CG:3    +
    6    73  0   0.0%   0.023 AU:3    +
   20    41  0   0.0%   0.246 GC:3    +
   23    54  0   0.0%   0.628 GU:3    +
   34    70  0   0.0%   0.375 GC:3    +
   14    68  0   0.0%   0.150 UA:3    +
   25    77  0   0.0%   0.217 AU:3    +
   35    69  0   0.0%   0.426 UA:3    +
    8    34  0   0.0%   0.043 CG:3    +
    7    35  0   0.0%   0.015 AU:3    +
    7    77  0   0.0%   0.014 AU:3    +
   11    67  0   0.0%   0.599 CG:3    +
   15    74  0   0.0%   0.130 CG:3    +
   20    51  0   0.0%   0.288 GU:3    +
   20    54  0   0.0%   0.278 GU:3    +
   10    68  0   0.0%   0.592 UA:3    +
   25    76  0   0.0%   0.214 AU:3    +
   38    55  0   0.0%   0.635 UG:3    +
   30    42  0   0.0%   0.022 UA:3    +
    7    76  0   0.0%   0.013 AU:3    +
    5    72  0   0.0%   0.049 CG:3    +
   30    34  0   0.0%   0.043 UG:3    +
   14    36  0   0.0%   0.140 UA:3    +
   24    62  0   0.0%   0.198 AU:3    +
    4    73  0   0.0%   0.512 AU:3    +
   20    77  0   0.0%   0.497 GU:3    +
   25    35  0   0.0%   0.032 AU:3    +
   29    43  0   0.0%   0.064 GU:3    +
    3    75  0   0.0%   0.644 GC:3    +
   23    63  0   0.0%   0.494 GU:3    +
    8    72  0   0.0%   0.046 CG:3    +
   23    76  0   0.0%   0.536 GU:3    +
   52    64  0   0.0%   0.334 GC:3    +
   26    34  0   0.0%   0.175 UG:3    +
   66    73  0   0.0%   0.090 AU:3    +
   53    63  0   0.0%   0.287 AU:3    +
   25    30  0   0.0%   0.035 AU:3    +
   45    69  0   0.0%   0.201 UA:3    +
   52    61  0   0.0%   0.350 GC:3    +
    7    73  0   0.0%   0.012 AU:3    +
   59    66  0   0.0%   0.058 UA:3    +
   25    63  0   0.0%   0.243 AU:3    +
   60    65  0   0.0%   0.093 AU:3    +
   22    76  0   0.0%   0.410 AU:3    +
   32    49  0   0.0%   0.064 UA:3    +
    3    41  0   0.0%   0.626 GC:3    +
   52    56  0   0.0%   0.606 GC:3    +
   32    57  0   0.0%   0.136 UA:3    +
    2    42  0   0.0%   0.534 UA:3    +
    3    14  0   0.0%   0.404 GU:3    +
   21    58  0   0.0%   0.202 CG:3    +
   25    43  0   0.0%   0.095 AU:3    +
   23    32  0   0.0%   0.438 GU:3    +
    9    72  0   0.0%   0.190 CG:3    +
   26    42  0   0.0%   0.195 UA:3    +
   26    67  0   0.0%   0.384 UG:3    +
   20    59  0   0.0%   0.429 GU:3    +
   47    53  0   0.0%   0.435 UA:3    +
   10    42  0   0.0%   0.575 UA:3    +
   26    52  0   0.0%   0.293 UG:3    +
   10    71  0   0.0%   0.592 UA:3    +
    1    43  0   0.0%   0.019 AU:3    +
   38    57  0   0.0%   0.334 UA:3    +
   16    44  0   0.0%   0.125 CG:3    +
   30    66  0   0.0%   0.228 UA:3    +
   17    43  0   0.0%   0.051 AU:3    +
   32    50  0   0.0%   0.123 UA:3    +
   27    55  0   0.0%   0.440 CG:3    +
   31    62  0   0.0%   0.292 AU:3    +
   34    38  0   0.0%   0.071 GU:3    +
   31    65  0   0.0%   0.254 AU:3    +
   23    62  0   0.0%   0.494 GU:3    +
   13    39  0   0.0%   0.033 AU:3    +
    2    50  0   0.0%   0.535 UA:3    +
   16    67  0   0.0%   0.113 CG:3    +
   16    29  0   0.0%   0.114 CG:3    +
   40    58  0   0.0%   0.257 CG:3    +
   65    74  0   0.0%   0.132 UG:3    +
   27    72  0   0.0%   0.342 CG:3    +
    7    54  0   0.0%   0.015 AU:3    +
   12    38  0   0.0%   0.335 AU:3    +
   12    76  0   0.0%   0.356 AU:3    +
    1    51  0   0.0%   0.020 AU:3    +
   55    61  0   0.0%   0.367 GC:3    +
   53    77  0   0.0%   0.260 AU:3    +
   14    48  0   0.0%   0.143 UA:3    +
   28    54  0   0.0%   0.497 AU:3    +
    7    43  0   0.0%   0.025 AU:3    +
    6    76  0   0.0%   0.023 AU:3    +
   23    75  0   0.0%   0.577 GC:3    +
   24    38  0   0.0%   0.156 AU:3    +
    3    26  0   0.0%   0.488 GU:3    +
   23    39  0   0.0%   0.438 GU:3    +
   22    63  0   0.0%   0.331 AU:3    +
    1    76  0   0.0%   0.020 AU:3    +
   28    45  0   0.0%   0.186 AU:3    +
   14    31  0   0.0%   0.139 UA:3    +
   41    74  0   0.0%   0.138 CG:3    +
   43    52  0   0.0%   0.588 UG:3    +
    3    76  0   0.0%   0.644 GU:3    +
   13    32  0   0.0%   0.030 AU:3    +
   42    73  0   0.0%   0.302 AU:3    +
   23    51  0   0.0%   0.496 GU:3    +
   24    59  0   0.0%   0.197 AU:3    +
   25    39  0   0.0%   0.102 AU:3    +
    9    52  0   0.0%   0.187 CG:3    +
   17    39  0   0.0%   0.040 AU:3    +
   31    51  0   0.0%   0.279 AU:3    +
   48    54  0   0.0%   0.585 AU:3    +
   50    63  0   0.0%   0.340 AU:3    +
   68    73  0   0.0%   0.141 AU:3    +
   18    38  0   0.0%   0.025 AU:3    +
   33    67  0   0.0%   0.278 CG:3    +
   28    32  0   0.0%   0.131 AU:3    +
   56    72  0   0.0%   0.328 CG:3    +
   11    34  0   0.0%   0.583 CG:3    +
    1    30  0   0.0%   0.016 AU:3    +
   32    68  0   0.0%   0.218 UA:3    +
   28    38  0   0.0%   0.185 AU:3    +
   70    74  0   0.0%   0.092 CG:3    +
    8    52  0   0.0%   0.040 CG:3    +
    2    31  0   0.0%   0.531 UA:3    +
   47    55  0   0.0%   0.497 UG:3    +
   35    52  0   0.0%   0.572 UG:3    +
   11    29  0   0.0%   0.583 CG:3    +
   55    73  0   0.0%   0.377 GU:3    +
    5    58  0   0.0%   0.048 CG:3    +
   51    57  0   0.0%   0.381 UA:3    +
   17    45  0   0.0%   0.052 AU:3    +
   10    57  0   0.0%   0.593 UA:3    +
    4    59  0   0.0%   0.512 AU:3    +
   14    74  0   0.0%   0.151 UG:3    +
   29    39  0   0.0%   0.068 GU:3    +
   20    76  0   0.0%   0.495 GU:3    +
    3    30  0   0.0%   0.623 GU:3    +
   53    76  0   0.0%   0.258 AU:3    +
    8    74  0   0.0%   0.046 CG:3    +
    2    29  0   0.0%   0.531 UG:3    +
   29    70  0   0.0%   0.229 GC:3    +
   46    58  0   0.0%   0.177 CG:3    +
   58    63  0   0.0%   0.106 GU:3    +
   52    77  0   0.0%   0.305 GU:3    +
   24    65  0   0.0%   0.262 AU:3    +
   22    35  0   0.0%   0.192 AU:3    +
   30    69  0   0.0%   0.227 UA:3    +
   17    35  0   0.0%   0.041 AU:3    +
   47    57  0   0.0%   0.188 UA:3    +
   68    76  0   0.0%   0.196 AU:3    +
   61    74  0   0.0%   0.161 CG:3    +
   25    45  0   0.0%   0.099 AU:3    +
   14    42  0   0.0%   0.143 UA:3    +
    1    32  0   0.0%   0.016 AU:3    +
   44    61  0   0.0%   0.516 GC:3    +
   65    72  0   0.0%   0.085 UG:3    +
   32    36  0   0.0%   0.012 UA:3    +
   45    60  0   0.0%   0.255 UA:3    +
    3    40  0   0.0%   0.626 GC:3    +
   63    72  0   0.0%   0.139 UG:3    +
    4    39  0   0.0%   0.497 AU:3    +
   59    68  0   0.0%   0.092 UA:3    +
   67    77  0   0.0%   0.076 GU:3    +
   35    57  0   0.0%   0.424 UA:3    +
   39    55  0   0.0%   0.534 UG:3    +
    6    32  0   0.0%   0.008 AU:3    +
   43    72  0   0.0%   0.340 UG:3    +
   30    52  0   0.0%   0.214 UG:3    +
   11    44  0   0.0%   0.594 CG:3    +
    3    64  0   0.0%   0.643 GC:3    +
   12    43  0   0.0%   0.350 AU:3    +
   26    44  0   0.0%   0.236 UG:3    +
    8    44  0   0.0%   0.054 CG:3    +
    2    53  0   0.0%   0.535 UA:3    +
   14    71  0   0.0%   0.149 UA:3    +
    1    54  0   0.0%   0.020 AU:3    +
   12    35  0   0.0%   0.338 AU:3    +
   67    76  0   0.0%   0.197 GU:3    +
   17    38  0   0.0%   0.040 AU:3    +
   41    72  0   0.0%   0.092 CG:3    +
   58    65  0   0.0%   0.109 GU:3    +
   15    29  0   0.0%   0.126 CG:3    +
   13    43  0   0.0%   0.044 AU:3    +
    4    63  0   0.0%   0.512 AU:3    +
    3    70  0   0.0%   0.643 GC:3    +
   41    58  0   0.0%   0.143 CG:3    +
   23    38  0   0.0%   0.438 GU:3    +
   47    52  0   0.0%   0.480 UG:3    +
    2    37  0   0.0%   0.534 UA:3    +
    7    45  0   0.0%   0.026 AU:3    +
   40    67  0   0.0%   0.235 CG:3    +
   39    68  0   0.0%   0.267 UA:3    +
   22    39  0   0.0%   0.181 AU:3    +
    2    49  0   0.0%   0.535 UA:3    +
   45    52  0   0.0%   0.452 UG:3    +
   49    54  0   0.0%   0.527 AU:3    +
   53    59  0   0.0%   0.306 AU:3    +
    9    74  0   0.0%   0.190 CG:3    +
   57    63  0   0.0%   0.040 AU:3    +
   18    65  0   0.0%   0.040 AU:3    +
    1    38  0   0.0%   0.019 AU:3    +
   23    73  0   0.0%   0.593 GU:3    +
   20    40  0   0.0%   0.245 GC:3    +
   69    73  0   0.0%   0.139 AU:3    +
   13    30  0   0.0%   0.029 AU:3    +
    2    71  0   0.0%   0.536 UA:3    +
    3    35  0   0.0%   0.629 GU:3    +
    2    36  0   0.0%   0.534 UA:3    +
   38    66  0   0.0%   0.334 UA:3    +
   14    57  0   0.0%   0.150 UA:3    +
   54    58  0   0.0%   0.419 UG:3    +
   14    29  0   0.0%   0.142 UG:3    +
   24    47  0   0.0%   0.197 AU:3    +
    9    58  0   0.0%   0.189 CG:3    +
   64    74  0   0.0%   0.126 CG:3    +
   23    65  0   0.0%   0.559 GU:3    +
   26    72  0   0.0%   0.427 UG:3    +
   49    63  0   0.0%   0.213 AU:3    +
   11    72  0   0.0%   0.599 CG:3    +
   17    30  0   0.0%   0.039 AU:3    +
   26    71  0   0.0%   0.409 UA:3    +
   22    38  0   0.0%   0.181 AU:3    +
   50    62  0   0.0%   0.376 AU:3    +
   72    77  0   0.0%   0.057 GU:3    +
   66    77  0   0.0%   0.024 AU:3    +
   53    62  0   0.0%   0.323 AU:3    +
   52    63  0   0.0%   0.332 GU:3    +
   18    43  0   0.0%   0.035 AU:3    +
    5    52  0   0.0%   0.044 CG:3    +
   17    65  0   0.0%   0.039 AU:3    +
   56    67  0   0.0%   0.358 CG:3    +
   55    76  0   0.0%   0.321 GU:3    +
   58    62  0   0.0%   0.142 GU:3    +
    7    32  0   0.0%   0.014 AU:3    +
   57    62  0   0.0%   0.076 AU:3    +
    9    44  0   0.0%   0.201 CG:3    +
    4    54  0   0.0%   0.512 AU:3    +
    6    51  0   0.0%   0.018 AU:3    +
   62    74  0   0.0%   0.216 UG:3    +
   25    73  0   0.0%   0.271 AU:3    +
   18    51  0   0.0%   0.058 AU:3    +
    8    58  0   0.0%   0.045 CG:3    +
   34    75  0   0.0%   0.419 GC:3    +
   35    74  0   0.0%   0.490 UG:3    +
   27    74  0   0.0%   0.388 CG:3    +
    7    39  0   0.0%   0.011 AU:3    +
   14    66  0   0.0%   0.149 UA:3    +
   10    37  0   0.0%   0.575 UA:3    +
    7    59  0   0.0%   0.011 AU:3    +
   15    55  0   0.0%   0.139 CG:3    +
   71    76  0   0.0%   0.197 AU:3    +
   20    63  0   0.0%   0.428 GU:3    +
   71    77  0   0.0%   0.075 AU:3    +
    7    38  0   0.0%   0.011 AU:3    +
    3    47  0   0.0%   0.641 GU:3    +
   20    65  0   0.0%   0.429 GU:3    +
   36    73  0   0.0%   0.192 AU:3    +
   50    54  0   0.0%   0.654 AU:3    +
   13    63  0   0.0%   0.034 AU:3    +
   13    47  0   0.0%   0.031 AU:3    +
   29    65  0   0.0%   0.260 GU:3    +
   58    76  0   0.0%   0.234 GU:3    +
   28    73  0   0.0%   0.411 AU:3    +
    9    34  0   0.0%   0.190 CG:3    +
   29    62  0   0.0%   0.296 GU:3    +
   25    47  0   0.0%   0.061 AU:3    +
   30    57  0   0.0%   0.178 UA:3    +
   54    74  0   0.0%   0.414 UG:3    +
   22    45  0   0.0%   0.224 AU:3    +
   30    53  0   0.0%   0.210 UA:3    +
   72    76  0   0.0%   0.179 GU:3    +
............................(((((((..............)))))))((((((........)))))).
