3 sequence; length of alignment 36
alifold output
   14    26  0  87.2%   0.587 CG:3   
   13    27  0  87.1%   0.434 GU:3   
   15    25  0  87.0%   0.580 CG:3   
   12    28  0  87.0%   0.461 GC:3   
   11    29  0  78.4%   0.637 UA:3   
    3    31  0  55.7%   1.386 CG:3   
    2    32  0  55.6%   1.385 CG:3   
    4    30  0  55.0%   1.086 GC:3   
    1    33  0  45.2%   1.457 UA:3   
    3     8  0  36.5%   1.161 CG:3    +
    2     9  0  36.5%   1.150 CG:3    +
    1    10  0  30.5%   1.104 UA:3    +
   16    23  0  19.3%   1.158 UA:3    +
   17    22  0  15.9%   0.891 AU:3    +
   25    30  0  11.4%   1.261 GC:3    +
   21    34  0  11.4%   0.818 GC:3    +
   24    31  0  11.4%   1.104 CG:3    +
   20    35  0  11.0%   0.771 AU:3    +
   19    36  0   7.3%   0.613 AU:3    +
   22    33  0   6.7%   1.209 UA:3    +
    7    15  0   4.9%   0.471 GC:3    +
    8    14  0   4.9%   0.843 GC:3    +
    6    16  0   4.5%   0.425 AU:3    +
    4    18  0   2.3%   0.274 GC:3    +
    8    15  0   1.0%   0.827 GC:3    +
    9    14  0   1.0%   0.677 GC:3    +
    7    16  0   0.9%   0.445 GU:3    +
   12    18  0   0.9%   0.222 GC:3    +
    9    30  0   0.8%   0.912 GC:3    +
    2     8  0   0.5%   0.087 CG:3    +
    3     7  0   0.5%   0.086 CG:3    +
   11    19  0   0.5%   0.092 UA:3    +
   27    33  0   0.4%   0.760 UA:3    +
   26    34  0   0.4%   0.494 GC:3    +
   28    32  0   0.4%   0.560 CG:3    +
   25    35  0   0.3%   0.718 GU:3    +
   10    27  0   0.3%   0.431 AU:3    +
    9    28  0   0.3%   0.513 GC:3    +
   11    26  0   0.3%   0.102 UG:3    +
    1     9  0   0.3%   0.050 UG:3    +
    8    34  0   0.3%   0.677 GC:3    +
    7    35  0   0.3%   0.306 GU:3    +
   13    24  0   0.3%   0.086 GC:3    +
    7    34  0   0.2%   0.277 GC:3    +
    6    35  0   0.2%   0.183 AU:3    +
   15    21  0   0.2%   0.244 CG:3    +
   14    21  0   0.2%   0.235 CG:3    +
   12    24  0   0.2%   0.090 GC:3    +
   16    20  0   0.2%   0.218 UA:3    +
   13    22  0   0.2%   0.050 GU:3    +
   11    25  0   0.2%   0.070 UG:3    +
    6    36  0   0.2%   0.188 AU:3    +
   16    21  0   0.2%   0.251 UG:3    +
    8    28  0   0.1%   0.632 GC:3    +
    3    12  0   0.1%   0.420 CG:3    +
    2    13  0   0.1%   0.419 CG:3    +
    9    27  0   0.1%   0.465 GU:3    +
    7    28  0   0.1%   0.242 GC:3    +
    8    27  0   0.1%   0.610 GU:3    +
    8    30  0   0.1%   0.957 GC:3    +
   24    32  0   0.1%   0.625 CG:3    +
    7    30  0   0.1%   0.571 GC:3    +
    4    14  0   0.1%   0.019 GC:3    +
    6    11  0   0.1%   0.018 AU:3    +
    4    11  0   0.1%   0.013 GU:3    +
    5    13  0   0.1%   0.028 CG:3    +
    5    12  0   0.0%   0.022 CG:3    +
    5     9  0   0.0%   0.397 CG:3    +
   13    18  0   0.0%   0.150 GC:3    +
   11    31  0   0.0%   0.590 UG:3    +
   16    25  0   0.0%   0.663 UG:3    +
   18    26  0   0.0%   0.283 CG:3    +
   18    25  0   0.0%   0.275 CG:3    +
   17    27  0   0.0%   0.452 AU:3    +
   15    31  0   0.0%   0.664 CG:3    +
   14    32  0   0.0%   0.664 CG:3    +
   12    30  0   0.0%   0.568 GC:3    +
    4    34  0   0.0%   0.435 GC:3    +
    3     9  0   0.0%   0.787 CG:3    +
   26    30  0   0.0%   0.776 GC:3    +
    5    32  0   0.0%   0.347 CG:3    +
   13    28  0   0.0%   0.322 GC:3    +
   21    28  0   0.0%   0.198 GC:3    +
    9    34  0   0.0%   0.535 GC:3    +
   13    34  0   0.0%   0.202 GC:3    +
   15    26  0   0.0%   0.469 CG:3    +
    8    35  0   0.0%   0.661 GU:3    +
    3    25  0   0.0%   0.410 CG:3    +
   12    35  0   0.0%   0.222 GU:3    +
    2    26  0   0.0%   0.409 CG:3    +
    4    24  0   0.0%   0.102 GC:3    +
    5    21  0   0.0%   0.016 CG:3    +
    2     7  0   0.0%   0.003 CG:3    +
    4    22  0   0.0%   0.100 GU:3    +
    7    36  0   0.0%   0.275 GU:3    +
   21    30  0   0.0%   0.419 GC:3    +
   22    29  0   0.0%   0.499 UA:3    +
    5    26  0   0.0%   0.017 CG:3    +
    1     8  0   0.0%   0.002 UG:3    +
    9    15  0   0.0%   0.630 GC:3    +
    7    24  0   0.0%   0.223 GC:3    +
    8    16  0   0.0%   0.774 GU:3    +
    8    24  0   0.0%   0.594 GC:3    +
   19    35  0   0.0%   0.061 AU:3    +
   31    36  0   0.0%   0.785 GU:3    +
    7    27  0   0.0%   0.223 GU:3    +
    3    21  0   0.0%   0.408 CG:3    +
   20    36  0   0.0%   0.458 AU:3    +
   22    32  0   0.0%   0.639 UG:3    +
    9    24  0   0.0%   0.440 GC:3    +
    5    31  0   0.0%   0.342 CG:3    +
    7    18  0   0.0%   0.309 GC:3    +
   12    34  0   0.0%   0.222 GC:3    +
   11    20  0   0.0%   0.038 UA:3    +
   11    17  0   0.0%   0.010 UA:3    +
    3    32  0   0.0%   1.061 CG:3    +
    4    27  0   0.0%   0.100 GU:3    +
   25    34  0   0.0%   0.670 GC:3    +
   12    16  0   0.0%   0.196 GU:3    +
    4    36  0   0.0%   0.432 GU:3    +
   10    22  0   0.0%   0.364 AU:3    +
   17    36  0   0.0%   0.307 AU:3    +
   31    35  0   0.0%   0.874 GU:3    +
   11    23  0   0.0%   0.038 UA:3    +
    3    13  0   0.0%   0.414 CG:3    +
   11    21  0   0.0%   0.040 UG:3    +
   10    35  0   0.0%   0.411 AU:3    +
   12    22  0   0.0%   0.054 GU:3    +
   16    29  0   0.0%   0.716 UA:3    +
    6    22  0   0.0%   0.146 AU:3    +
    7    14  0   0.0%   0.035 GC:3    +
    5    25  0   0.0%   0.015 CG:3    +
   32    36  0   0.0%   0.563 GU:3    +
    8    18  0   0.0%   0.679 GC:3    +
    2    21  0   0.0%   0.405 CG:3    +
    1    17  0   0.0%   0.380 UA:3    +
    2    31  0   0.0%   0.407 CG:3    +
    7    11  0   0.0%   0.039 GU:3    +
   11    32  0   0.0%   0.587 UG:3    +
   14    25  0   0.0%   0.221 CG:3    +
    1    32  0   0.0%   0.380 UG:3    +
    8    22  0   0.0%   0.592 GU:3    +
   20    27  0   0.0%   0.167 AU:3    +
   21    35  0   0.0%   0.561 GU:3    +
   29    36  0   0.0%   0.396 AU:3    +
   29    35  0   0.0%   0.486 AU:3    +
    1    19  0   0.0%   0.380 UA:3    +
   11    33  0   0.0%   0.618 UA:3    +
    4    35  0   0.0%   0.431 GU:3    +
   23    36  0   0.0%   0.521 AU:3    +
    6    27  0   0.0%   0.146 AU:3    +
    9    18  0   0.0%   0.525 GC:3    +
   15    32  0   0.0%   0.661 CG:3    +
    9    36  0   0.0%   0.511 GU:3    +
   16    31  0   0.0%   0.857 UG:3    +
    1    12  0   0.0%   0.380 UG:3    +
   10    36  0   0.0%   0.392 AU:3    +
    4    15  0   0.0%   0.009 GC:3    +
   25    36  0   0.0%   0.609 GU:3    +
   10    16  0   0.0%   0.546 AU:3    +
    1    20  0   0.0%   0.380 UA:3    +
    1     6  0   0.0%   0.000 UA:3    +
    4    16  0   0.0%   0.009 GU:3    +
   21    36  0   0.0%   0.490 GU:3    +
    1    21  0   0.0%   0.380 UG:3    +
   12    27  0   0.0%   0.096 GU:3    +
    1    13  0   0.0%   0.380 UG:3    +
    2    12  0   0.0%   0.398 CG:3    +
    9    22  0   0.0%   0.437 GU:3    +
   18    32  0   0.0%   0.469 CG:3    +
   13    30  0   0.0%   0.542 GC:3    +
    1    31  0   0.0%   0.380 UG:3    +
    1    23  0   0.0%   0.380 UA:3    +
    4    28  0   0.0%   0.100 GC:3    +
   19    27  0   0.0%   0.182 AU:3    +
    1     7  0   0.0%   0.000 UG:3    +
   17    35  0   0.0%   0.327 AU:3    +
   23    27  0   0.0%   0.473 AU:3    +
   22    26  0   0.0%   0.448 UG:3    +
   13    36  0   0.0%   0.176 GU:3    +
   18    31  0   0.0%   0.469 CG:3    +
    9    16  0   0.0%   0.619 GU:3    +
   21    27  0   0.0%   0.191 GU:3    +
   12    36  0   0.0%   0.200 GU:3    +
    2    25  0   0.0%   0.405 CG:3    +
((((......(((((.........)))))))))...
