3 sequence; length of alignment 34
alifold output
   19    27  0  99.6%   0.030 GC:3   
   18    28  0  99.6%   0.027 CG:3   
   20    26  0  99.5%   0.027 CG:3   
   17    29  0  99.4%   0.030 CG:3   
   15    32  0  91.4%   0.305 GC:3   
   16    31  0  89.5%   0.331 UA:3   
    3    10  0   4.3%   0.463 GC:3    +
    2    11  0   3.6%   0.420 GU:3    +
    2    10  0   1.3%   0.174 GC:3    +
    3    12  0   0.8%   0.290 GU:3    +
    4    11  0   0.8%   0.251 AU:3    +
   13    34  0   0.7%   0.134 AU:3    +
   15    30  0   0.6%   0.119 GU:3    +
    1    13  0   0.4%   0.104 UA:3    +
    2    12  0   0.4%   0.246 GU:3    +
   14    34  0   0.4%   0.110 AU:3    +
   10    15  0   0.3%   0.248 CG:3    +
    5    12  0   0.3%   0.146 AU:3    +
    9    16  0   0.3%   0.065 GU:3    +
    3    11  0   0.3%   0.306 GU:3    +
    1     8  0   0.3%   0.065 UA:3    +
    4    12  0   0.3%   0.146 AU:3    +
    6    11  0   0.3%   0.250 AU:3    +
    5    11  0   0.3%   0.223 AU:3    +
    1     6  0   0.2%   0.037 UA:3    +
   20    29  0   0.2%   0.057 CG:3    +
   21    28  0   0.2%   0.054 UG:3    +
   22    27  0   0.2%   0.045 GC:3    +
    9    20  0   0.2%   0.051 GC:3    +
   10    19  0   0.2%   0.244 CG:3    +
   19    30  0   0.2%   0.086 GU:3    +
    8    21  0   0.2%   0.051 AU:3    +
    3    17  0   0.2%   0.221 GC:3    +
    2    18  0   0.2%   0.232 GC:3    +
    4    16  0   0.1%   0.082 AU:3    +
   12    33  0   0.1%   0.141 UA:3    +
    2    27  0   0.1%   0.231 GC:3    +
    6    12  0   0.1%   0.140 AU:3    +
    2    32  0   0.1%   0.236 GC:3    +
    1    14  0   0.1%   0.075 UA:3    +
   13    30  0   0.1%   0.040 AU:3    +
   12    31  0   0.1%   0.122 UA:3    +
    1    33  0   0.1%   0.084 UA:3    +
    1     7  0   0.1%   0.027 UG:3    +
    3    25  0   0.1%   0.215 GC:3    +
    7    12  0   0.1%   0.121 GU:3    +
    1    28  0   0.1%   0.077 UG:3    +
    4    24  0   0.1%   0.075 AU:3    +
    7    11  0   0.0%   0.222 GU:3    +
   16    33  0   0.0%   0.154 UA:3    +
   11    33  0   0.0%   0.225 UA:3    +
   15    34  0   0.0%   0.199 GU:3    +
    5    24  0   0.0%   0.047 AU:3    +
    8    12  0   0.0%   0.127 AU:3    +
   14    30  0   0.0%   0.019 AU:3    +
    1     9  0   0.0%   0.039 UG:3    +
    8    16  0   0.0%   0.033 AU:3    +
    9    32  0   0.0%   0.042 GC:3    +
    7    17  0   0.0%   0.027 GC:3    +
    3    27  0   0.0%   0.215 GC:3    +
    7    32  0   0.0%   0.024 GC:3    +
    1    19  0   0.0%   0.067 UG:3    +
    1     5  0   0.0%   0.003 UA:3    +
   21    26  0   0.0%   0.019 UG:3    +
    9    30  0   0.0%   0.033 GU:3    +
    2    25  0   0.0%   0.213 GC:3    +
   10    29  0   0.0%   0.224 CG:3    +
    3    24  0   0.0%   0.202 GU:3    +
    1    29  0   0.0%   0.071 UG:3    +
   16    23  0   0.0%   0.030 UA:3    +
   17    22  0   0.0%   0.013 CG:3    +
    3    32  0   0.0%   0.214 GC:3    +
    1    15  0   0.0%   0.065 UG:3    +
   15    24  0   0.0%   0.028 GU:3    +
   11    28  0   0.0%   0.215 UG:3    +
    1    26  0   0.0%   0.066 UG:3    +
    9    34  0   0.0%   0.034 GU:3    +
    8    34  0   0.0%   0.031 AU:3    +
    4    30  0   0.0%   0.068 AU:3    +
    9    27  0   0.0%   0.038 GC:3    +
   10    26  0   0.0%   0.223 CG:3    +
    7    21  0   0.0%   0.015 GU:3    +
    6    24  0   0.0%   0.042 AU:3    +
   11    31  0   0.0%   0.211 UA:3    +
    7    16  0   0.0%   0.023 GU:3    +
    8    30  0   0.0%   0.031 AU:3    +
   15    20  0   0.0%   0.030 GC:3    +
    6    16  0   0.0%   0.044 AU:3    +
   14    21  0   0.0%   0.017 AU:3    +
    5    30  0   0.0%   0.038 AU:3    +
   18    29  0   0.0%   0.022 CG:3    +
    7    18  0   0.0%   0.024 GC:3    +
    2    30  0   0.0%   0.219 GU:3    +
    1    31  0   0.0%   0.070 UA:3    +
    6    30  0   0.0%   0.035 AU:3    +
    7    25  0   0.0%   0.020 GC:3    +
    7    30  0   0.0%   0.016 GU:3    +
    6    34  0   0.0%   0.035 AU:3    +
   16    29  0   0.0%   0.031 UG:3    +
   17    28  0   0.0%   0.017 CG:3    +
   11    15  0   0.0%   0.229 UG:3    +
    7    34  0   0.0%   0.016 GU:3    +
    3    30  0   0.0%   0.207 GU:3    +
    2    16  0   0.0%   0.201 GU:3    +
    6    21  0   0.0%   0.034 AU:3    +
    5    16  0   0.0%   0.044 AU:3    +
    8    24  0   0.0%   0.038 AU:3    +
    7    20  0   0.0%   0.014 GC:3    +
    3    16  0   0.0%   0.191 GU:3    +
    9    18  0   0.0%   0.030 GC:3    +
   26    32  0   0.0%   0.098 GC:3    +
    2    34  0   0.0%   0.224 GU:3    +
    5    34  0   0.0%   0.037 AU:3    +
   22    32  0   0.0%   0.103 GC:3    +
    7    27  0   0.0%   0.022 GC:3    +
    4    34  0   0.0%   0.067 AU:3    +
    9    17  0   0.0%   0.031 GC:3    +
   15    25  0   0.0%   0.025 GC:3    +
   23    30  0   0.0%   0.050 AU:3    +
    2    17  0   0.0%   0.201 GC:3    +
   12    22  0   0.0%   0.107 UG:3    +
    3    34  0   0.0%   0.207 GU:3    +
   24    29  0   0.0%   0.026 UG:3    +
   11    23  0   0.0%   0.210 UA:3    +
   28    32  0   0.0%   0.111 GC:3    +
   13    21  0   0.0%   0.034 AU:3    +
   19    25  0   0.0%   0.017 GC:3    +
   21    33  0   0.0%   0.042 UA:3    +
   18    26  0   0.0%   0.011 CG:3    +
   19    32  0   0.0%   0.117 GC:3    +
    9    25  0   0.0%   0.035 GC:3    +
   12    23  0   0.0%   0.107 UA:3    +
    3    18  0   0.0%   0.211 GC:3    +
..............((((((.....)))).))..
