3 sequence; length of alignment 34
alifold output
   16    29  0  92.5%   0.594 UA:3   
   15    30  0  92.4%   0.441 CG:3   
   17    28  0  90.6%   0.657 CG:3   
   20    25  0  90.0%   0.486 CG:3   
   14    31  0  87.1%   0.575 UG:3   
   19    26  0  80.7%   0.734 UA:3   
   13    32  0  75.6%   0.826 UA:3   
   11    33  0  15.5%   1.155 GC:3    +
   11    34  0   8.2%   1.176 GC:3    +
   16    26  0   6.7%   0.567 UA:3    +
   17    25  0   6.7%   0.560 CG:3    +
   15    27  0   6.7%   0.569 CG:3    +
   14    28  0   6.3%   0.546 UG:3    +
   13    29  0   5.5%   0.504 UA:3    +
    3    33  0   3.6%   0.375 GC:3    +
    2    34  0   3.5%   0.372 GC:3    +
    1     7  0   2.2%   0.248 CG:3    +
    4    33  0   2.1%   0.391 GC:3    +
    3    34  0   2.1%   0.492 GC:3    +
    5    11  0   0.7%   0.132 CG:3    +
    1    11  0   0.5%   0.164 CG:3    +
   19    23  0   0.3%   0.073 UG:3    +
    7    15  0   0.3%   0.136 GC:3    +
    8    14  0   0.3%   0.052 AU:3    +
    6    16  0   0.2%   0.050 AU:3    +
    7    33  0   0.2%   0.349 GC:3    +
   14    32  0   0.2%   0.576 UA:3    +
   20    27  0   0.2%   0.349 CG:3    +
   15    31  0   0.2%   0.445 CG:3    +
    9    13  0   0.1%   0.038 AU:3    +
   17    27  0   0.1%   0.410 CG:3    +
   14    29  0   0.1%   0.382 UA:3    +
    5    23  0   0.1%   0.060 CG:3    +
    4    24  0   0.1%   0.038 GC:3    +
    5    31  0   0.1%   0.073 CG:3    +
   15    28  0   0.1%   0.401 CG:3    +
   13    30  0   0.1%   0.208 UG:3    +
    7    34  0   0.1%   0.334 GC:3    +
    2    20  0   0.1%   0.022 GC:3    +
   16    30  0   0.1%   0.381 UG:3    +
    2    33  0   0.1%   0.028 GC:3    +
    5    30  0   0.1%   0.059 CG:3    +
    3    19  0   0.1%   0.021 GU:3    +
    4    17  0   0.1%   0.024 GC:3    +
   19    27  0   0.1%   0.417 UG:3    +
   28    33  0   0.1%   0.803 GC:3    +
   16    27  0   0.1%   0.401 UG:3    +
   27    34  0   0.1%   0.640 GC:3    +
    6    13  0   0.1%   0.015 AU:3    +
    2    17  0   0.0%   0.013 GC:3    +
   19    25  0   0.0%   0.224 UG:3    +
    3    16  0   0.0%   0.013 GU:3    +
    4    15  0   0.0%   0.014 GC:3    +
   11    20  0   0.0%   0.084 GC:3    +
   12    19  0   0.0%   0.020 AU:3    +
    1    27  0   0.0%   0.121 CG:3    +
   19    28  0   0.0%   0.493 UG:3    +
   13    18  0   0.0%   0.027 UA:3    +
   20    28  0   0.0%   0.405 CG:3    +
   19    29  0   0.0%   0.461 UA:3    +
   17    30  0   0.0%   0.390 CG:3    +
   11    17  0   0.0%   0.079 GC:3    +
    7    20  0   0.0%   0.115 GC:3    +
    8    19  0   0.0%   0.030 AU:3    +
   16    28  0   0.0%   0.396 UG:3    +
   12    16  0   0.0%   0.025 AU:3    +
    8    13  0   0.0%   0.013 AU:3    +
    4    13  0   0.0%   0.006 GU:3    +
   15    25  0   0.0%   0.027 CG:3    +
   14    26  0   0.0%   0.025 UA:3    +
   17    31  0   0.0%   0.441 CG:3    +
    7    14  0   0.0%   0.091 GU:3    +
   17    23  0   0.0%   0.025 CG:3    +
   24    31  0   0.0%   0.159 CG:3    +
    2    24  0   0.0%   0.015 GC:3    +
    1    25  0   0.0%   0.115 CG:3    +
   16    32  0   0.0%   0.516 UA:3    +
    3    14  0   0.0%   0.005 GU:3    +
   13    27  0   0.0%   0.029 UG:3    +
    3    20  0   0.0%   0.020 GC:3    +
   13    31  0   0.0%   0.201 UG:3    +
    4    19  0   0.0%   0.018 GU:3    +
   27    33  0   0.0%   0.728 GC:3    +
   16    31  0   0.0%   0.429 UG:3    +
    3    13  0   0.0%   0.003 GU:3    +
    2    15  0   0.0%   0.003 GC:3    +
   24    30  0   0.0%   0.105 CG:3    +
    6    14  0   0.0%   0.008 AU:3    +
    7    17  0   0.0%   0.111 GC:3    +
    8    16  0   0.0%   0.037 AU:3    +
    7    13  0   0.0%   0.092 GU:3    +
    4    34  0   0.0%   0.303 GC:3    +
    1    30  0   0.0%   0.117 CG:3    +
    4    20  0   0.0%   0.020 GC:3    +
   11    15  0   0.0%   0.084 GC:3    +
   10    16  0   0.0%   0.020 AU:3    +
    2    14  0   0.0%   0.002 GU:3    +
    7    24  0   0.0%   0.114 GC:3    +
    1    28  0   0.0%   0.116 CG:3    +
   23    33  0   0.0%   0.537 GC:3    +
    2    13  0   0.0%   0.001 GU:3    +
    3    17  0   0.0%   0.010 GC:3    +
    3    15  0   0.0%   0.004 GC:3    +
    9    14  0   0.0%   0.030 AU:3    +
    1    31  0   0.0%   0.117 CG:3    +
    1    23  0   0.0%   0.111 CG:3    +
    4    14  0   0.0%   0.004 GU:3    +
   20    31  0   0.0%   0.267 CG:3    +
    2    16  0   0.0%   0.002 GU:3    +
    9    19  0   0.0%   0.019 AU:3    +
   19    32  0   0.0%   0.442 UA:3    +
   25    34  0   0.0%   0.694 GC:3    +
   14    30  0   0.0%   0.217 UG:3    +
   30    34  0   0.0%   0.508 GC:3    +
    3    24  0   0.0%   0.014 GC:3    +
   10    19  0   0.0%   0.009 AU:3    +
   15    23  0   0.0%   0.029 CG:3    +
   11    24  0   0.0%   0.079 GC:3    +
   16    22  0   0.0%   0.021 UA:3    +
    4    16  0   0.0%   0.010 GU:3    +
   20    30  0   0.0%   0.216 CG:3    +
    5    27  0   0.0%   0.047 CG:3    +
    2    19  0   0.0%   0.006 GU:3    +
   11    16  0   0.0%   0.082 GU:3    +
   14    21  0   0.0%   0.020 UA:3    +
   10    14  0   0.0%   0.020 AU:3    +
   13    22  0   0.0%   0.022 UA:3    +
   28    34  0   0.0%   0.699 GC:3    +
   13    28  0   0.0%   0.024 UG:3    +
   25    33  0   0.0%   0.792 GC:3    +
    6    19  0   0.0%   0.025 AU:3    +
    5    25  0   0.0%   0.045 CG:3    +
    9    16  0   0.0%   0.029 AU:3    +
   19    31  0   0.0%   0.358 UG:3    +
    5    28  0   0.0%   0.044 CG:3    +
   24    28  0   0.0%   0.290 CG:3    +
   16    23  0   0.0%   0.030 UG:3    +
   13    26  0   0.0%   0.022 UA:3    +
   14    25  0   0.0%   0.022 UG:3    +
    7    19  0   0.0%   0.107 GU:3    +
   14    22  0   0.0%   0.020 UA:3    +
   13    23  0   0.0%   0.030 UG:3    +
   16    25  0   0.0%   0.024 UG:3    +
   23    34  0   0.0%   0.438 GC:3    +
............(((((.((....)).)))))..
