3 sequence; length of alignment 45
alifold output
   23    35  0  98.4%   0.055 UA:3   
   24    34  0  98.2%   0.059 CG:3   
   22    36  0  97.9%   0.079 AU:3   
   18    40  0  96.3%   0.153 GC:3   
   19    39  0  96.1%   0.157 CG:3   
   21    37  0  91.3%   0.279 AU:3   
   15    42  0  77.3%   0.961 CG:3   
   14    43  0  77.2%   0.964 GC:3   
   17    41  0  56.3%   1.348 AU:3    +
   16    41  0  38.5%   1.414 AU:3   
    8    15  0  20.5%   1.050 GC:3    +
    9    14  0  20.4%   0.974 CG:3    +
    7    16  0  17.5%   0.956 UA:3    +
   18    43  0   2.8%   0.606 GC:3    +
   19    42  0   2.8%   0.607 CG:3    +
   20    41  0   2.7%   1.033 AU:3    +
   17    44  0   2.5%   0.607 AU:3    +
   28    33  0   2.1%   0.304 GC:3    +
    1     8  0   1.1%   0.147 CG:3    +
   28    32  0   1.0%   0.147 GC:3    +
   28    38  0   0.9%   0.271 GC:3    +
   29    37  0   0.9%   0.226 AU:3    +
   30    36  0   0.9%   0.152 AU:3    +
    2     7  0   0.8%   0.121 AU:3    +
   31    35  0   0.7%   0.130 UA:3    +
   27    39  0   0.6%   0.162 UG:3    +
    9    18  0   0.5%   0.415 CG:3    +
    8    19  0   0.5%   0.484 GC:3    +
   10    43  0   0.5%   0.117 GC:3    +
   11    42  0   0.5%   0.089 CG:3    +
    7    20  0   0.5%   0.431 UA:3    +
   25    41  0   0.4%   0.864 AU:3    +
   24    42  0   0.4%   0.417 CG:3    +
    8    13  0   0.3%   0.112 GC:3    +
   10    45  0   0.3%   0.116 GC:3    +
    1    10  0   0.3%   0.094 CG:3    +
   20    37  0   0.2%   0.072 AU:3    +
   27    34  0   0.2%   0.064 UG:3    +
    9    42  0   0.2%   0.391 CG:3    +
    8    43  0   0.2%   0.465 GC:3    +
   25    31  0   0.1%   0.031 AU:3    +
    4    21  0   0.1%   0.027 UA:3    +
    3    22  0   0.1%   0.031 UA:3    +
    6    18  0   0.1%   0.024 CG:3    +
    5    20  0   0.1%   0.025 UA:3    +
   21    36  0   0.1%   0.031 AU:3    +
    2    23  0   0.1%   0.060 AU:3    +
    3     8  0   0.1%   0.065 UG:3    +
    9    39  0   0.1%   0.368 CG:3    +
    8    40  0   0.1%   0.445 GC:3    +
   19    28  0   0.1%   0.045 CG:3    +
   10    38  0   0.1%   0.039 GC:3    +
   14    33  0   0.1%   0.340 GC:3    +
   13    34  0   0.1%   0.032 CG:3    +
   20    27  0   0.1%   0.047 AU:3    +
    7    17  0   0.1%   0.360 UA:3    +
    8    45  0   0.1%   0.457 GC:3    +
    8    12  0   0.0%   0.065 GC:3    +
   10    41  0   0.0%   0.039 GU:3    +
   26    34  0   0.0%   0.032 CG:3    +
   24    39  0   0.0%   0.071 CG:3    +
   26    39  0   0.0%   0.058 CG:3    +
    6    10  0   0.0%   0.026 CG:3    +
   22    44  0   0.0%   0.133 AU:3    +
   10    44  0   0.0%   0.064 GU:3    +
   16    31  0   0.0%   0.311 AU:3    +
    6    42  0   0.0%   0.016 CG:3    +
    3    10  0   0.0%   0.025 UG:3    +
    5    21  0   0.0%   0.022 UA:3    +
    5    10  0   0.0%   0.021 UG:3    +
   10    19  0   0.0%   0.053 GC:3    +
   11    18  0   0.0%   0.039 CG:3    +
    5    17  0   0.0%   0.006 UA:3    +
   14    45  0   0.0%   0.556 GC:3    +
    5    22  0   0.0%   0.023 UA:3    +
    1    42  0   0.0%   0.068 CG:3    +
    4    10  0   0.0%   0.021 UG:3    +
    4    22  0   0.0%   0.022 UA:3    +
   10    15  0   0.0%   0.348 GC:3    +
   25    36  0   0.0%   0.040 AU:3    +
   14    44  0   0.0%   0.536 GU:3    +
    4    20  0   0.0%   0.005 UA:3    +
    8    44  0   0.0%   0.447 GU:3    +
   22    37  0   0.0%   0.128 AU:3    +
    4     8  0   0.0%   0.057 UG:3    +
   11    39  0   0.0%   0.009 CG:3    +
   10    40  0   0.0%   0.036 GC:3    +
    3    21  0   0.0%   0.009 UA:3    +
   18    38  0   0.0%   0.044 GC:3    +
   14    40  0   0.0%   0.338 GC:3    +
   15    39  0   0.0%   0.334 CG:3    +
    7    14  0   0.0%   0.042 UG:3    +
   24    28  0   0.0%   0.007 CG:3    +
   26    42  0   0.0%   0.363 CG:3    +
    4    17  0   0.0%   0.003 UA:3    +
    5    16  0   0.0%   0.003 UA:3    +
   33    39  0   0.0%   0.170 CG:3    +
   34    38  0   0.0%   0.087 GC:3    +
   16    44  0   0.0%   0.680 AU:3    +
   23    29  0   0.0%   0.008 UA:3    +
    5    18  0   0.0%   0.004 UG:3    +
    2    41  0   0.0%   0.048 AU:3    +
   27    35  0   0.0%   0.033 UA:3    +
   18    26  0   0.0%   0.038 GC:3    +
    6    28  0   0.0%   0.011 CG:3    +
   12    42  0   0.0%   0.043 CG:3    +
    5    29  0   0.0%   0.014 UA:3    +
   17    27  0   0.0%   0.007 AU:3    +
   13    42  0   0.0%   0.062 CG:3    +
   23    39  0   0.0%   0.069 UG:3    +
    4    30  0   0.0%   0.013 UA:3    +
   29    36  0   0.0%   0.030 AU:3    +
   28    37  0   0.0%   0.232 GU:3    +
    2    44  0   0.0%   0.048 AU:3    +
   21    41  0   0.0%   0.892 AU:3    +
    1    28  0   0.0%   0.065 CG:3    +
    4    16  0   0.0%   0.003 UA:3    +
    2    27  0   0.0%   0.048 AU:3    +
    6    14  0   0.0%   0.003 CG:3    +
   14    38  0   0.0%   0.336 GC:3    +
   34    45  0   0.0%   0.061 GC:3    +
   35    44  0   0.0%   0.148 AU:3    +
   13    39  0   0.0%   0.029 CG:3    +
    4    18  0   0.0%   0.003 UG:3    +
   33    42  0   0.0%   0.445 CG:3    +
   23    34  0   0.0%   0.013 UG:3    +
   22    31  0   0.0%   0.012 AU:3    +
    3    17  0   0.0%   0.007 UA:3    +
   16    37  0   0.0%   0.308 AU:3    +
   21    44  0   0.0%   0.196 AU:3    +
   23    30  0   0.0%   0.008 UA:3    +
   34    40  0   0.0%   0.081 GC:3    +
   12    34  0   0.0%   0.004 CG:3    +
   30    37  0   0.0%   0.181 AU:3    +
   34    41  0   0.0%   0.850 GU:3    +
   17    36  0   0.0%   0.007 AU:3    +
   34    43  0   0.0%   0.372 GC:3    +
   14    41  0   0.0%   0.335 GU:3    +
   15    34  0   0.0%   0.331 CG:3    +
   25    37  0   0.0%   0.107 AU:3    +
   19    34  0   0.0%   0.040 CG:3    +
    5    42  0   0.0%   0.015 UG:3    +
   21    27  0   0.0%   0.015 AU:3    +
    7    21  0   0.0%   0.384 UA:3    +
   14    32  0   0.0%   0.325 GC:3    +
    4    42  0   0.0%   0.014 UG:3    +
   22    27  0   0.0%   0.015 AU:3    +
   15    28  0   0.0%   0.326 CG:3    +
    3    16  0   0.0%   0.007 UA:3    +
    3    18  0   0.0%   0.007 UG:3    +
    3    20  0   0.0%   0.007 UA:3    +
   17    37  0   0.0%   0.007 AU:3    +
   28    45  0   0.0%   0.202 GC:3    +
   29    44  0   0.0%   0.142 AU:3    +
   12    39  0   0.0%   0.010 CG:3    +
   32    39  0   0.0%   0.129 CG:3    +
    3    42  0   0.0%   0.017 UG:3    +
   22    41  0   0.0%   0.823 AU:3    +
   28    40  0   0.0%   0.222 GC:3    +
   16    27  0   0.0%   0.306 AU:3    +
   20    36  0   0.0%   0.037 AU:3    +
   28    43  0   0.0%   0.512 GC:3    +
    1    14  0   0.0%   0.064 CG:3    +
    7    42  0   0.0%   0.377 UG:3    +
   39    43  0   0.0%   0.416 GC:3    +
   20    44  0   0.0%   0.240 AU:3    +
   17    31  0   0.0%   0.008 AU:3    +
   18    36  0   0.0%   0.037 GU:3    +
   23    42  0   0.0%   0.360 UG:3    +
   21    31  0   0.0%   0.012 AU:3    +
    6    34  0   0.0%   0.010 CG:3    +
   13    18  0   0.0%   0.055 CG:3    +
    3    25  0   0.0%   0.016 UA:3    +
    3    30  0   0.0%   0.016 UA:3    +
    5    35  0   0.0%   0.013 UA:3    +
   18    33  0   0.0%   0.042 GC:3    +
    4    29  0   0.0%   0.012 UA:3    +
    2    31  0   0.0%   0.047 AU:3    +
    5    14  0   0.0%   0.001 UG:3    +
    4    25  0   0.0%   0.012 UA:3    +
    7    22  0   0.0%   0.384 UA:3    +
    5    28  0   0.0%   0.013 UG:3    +
   18    24  0   0.0%   0.037 GC:3    +
   18    41  0   0.0%   0.769 GU:3    +
   36    42  0   0.0%   0.427 UG:3    +
   32    42  0   0.0%   0.404 CG:3    +
   14    19  0   0.0%   0.354 GC:3    +
   17    23  0   0.0%   0.013 AU:3    +
   18    32  0   0.0%   0.037 GC:3    +
   10    33  0   0.0%   0.023 GC:3    +
    9    34  0   0.0%   0.352 CG:3    +
   25    44  0   0.0%   0.128 AU:3    +
   18    45  0   0.0%   0.196 GC:3    +
.............(((.((.((((.........)))).)))))..
