3 sequence; length of alignment 34
alifold output
    6    27  0  59.6%   1.011 UA:3   
    5    28  0  59.6%   1.036 GC:3   
    7    26  0  59.5%   0.957 CG:3   
    8    25  0  52.9%   1.035 UG:3   
    4    29  0  47.8%   1.140 UA:3   
    7    31  0  32.9%   1.436 CG:3    +
    6    32  0  32.8%   1.492 UG:3    +
    5    33  0  32.6%   1.566 GC:3    +
    8    30  0  30.9%   1.480 UA:3    +
   12    26  0  16.7%   1.360 CG:3    +
   13    25  0  16.4%   1.366 CG:3    +
   14    19  0  13.6%   1.148 CG:3    +
   13    26  0  12.1%   1.796 CG:3    +
   14    25  0  12.1%   1.711 CG:3    +
   17    24  0   7.3%   0.759 GC:3    +
   16    25  0   6.1%   1.442 CG:3    +
   19    24  0   3.0%   1.100 GC:3    +
   13    19  0   2.9%   0.535 CG:3    +
   18    25  0   2.8%   1.431 CG:3    +
   12    19  0   2.3%   0.438 CG:3    +
   10    19  0   1.8%   0.306 CG:3    +
   13    31  0   1.7%   1.254 CG:3    +
   12    32  0   1.7%   1.029 CG:3    +
   14    26  0   1.2%   1.575 CG:3    +
    1    33  0   1.2%   0.237 GC:3    +
   12    17  0   1.0%   0.218 CG:3    +
    1    22  0   1.0%   0.169 GC:3    +
    2    21  0   1.0%   0.144 AU:3    +
   18    32  0   0.9%   0.768 CG:3    +
   17    33  0   0.9%   0.926 GC:3    +
    5    18  0   0.9%   0.187 GC:3    +
    4    19  0   0.8%   0.154 UG:3    +
   17    22  0   0.8%   0.312 GC:3    +
    6    17  0   0.8%   0.158 UG:3    +
   26    33  0   0.8%   1.543 GC:3    +
   25    34  0   0.8%   1.305 GC:3    +
    4    30  0   0.6%   0.527 UA:3    +
   11    21  0   0.6%   0.189 AU:3    +
    9    21  0   0.5%   0.135 AU:3    +
   14    31  0   0.4%   1.116 CG:3    +
   13    32  0   0.4%   1.252 CG:3    +
   18    26  0   0.4%   1.150 CG:3    +
   10    17  0   0.3%   0.127 CG:3    +
    5    16  0   0.3%   0.086 GC:3    +
    6    15  0   0.3%   0.076 UA:3    +
   13    17  0   0.2%   0.165 CG:3    +
   16    26  0   0.2%   1.157 CG:3    +
    8    15  0   0.2%   0.073 UA:3    +
    5    10  0   0.2%   0.045 GC:3    +
    5    14  0   0.2%   0.063 GC:3    +
    7    19  0   0.2%   0.092 CG:3    +
    6    20  0   0.2%   0.107 UA:3    +
    4    15  0   0.2%   0.047 UA:3    +
    4    11  0   0.2%   0.034 UA:3    +
    4    17  0   0.2%   0.056 UG:3    +
    1     7  0   0.2%   0.031 GC:3    +
   24    31  0   0.2%   0.809 CG:3    +
   12    25  0   0.1%   0.515 CG:3    +
    1    18  0   0.1%   0.050 GC:3    +
   15    21  0   0.1%   0.182 AU:3    +
    5    21  0   0.1%   0.164 GU:3    +
    2     6  0   0.1%   0.025 AU:3    +
   17    21  0   0.1%   0.278 GU:3    +
   10    25  0   0.1%   0.472 CG:3    +
    1    34  0   0.1%   0.154 GC:3    +
   17    28  0   0.1%   0.705 GC:3    +
   22    26  0   0.1%   1.070 CG:3    +
   21    27  0   0.1%   0.458 UA:3    +
   10    26  0   0.1%   0.445 CG:3    +
    5    12  0   0.1%   0.031 GC:3    +
    7    32  0   0.1%   1.085 CG:3    +
    1    14  0   0.1%   0.031 GC:3    +
    6    11  0   0.1%   0.035 UA:3    +
    8    31  0   0.1%   1.104 UG:3    +
    1    10  0   0.1%   0.025 GC:3    +
    7    17  0   0.1%   0.073 CG:3    +
    5    22  0   0.1%   0.160 GC:3    +
   22    31  0   0.1%   0.583 CG:3    +
    5    24  0   0.0%   0.118 GC:3    +
   28    32  0   0.0%   0.847 CG:3    +
    4    23  0   0.0%   0.086 UA:3    +
    6    23  0   0.0%   0.096 UA:3    +
   10    31  0   0.0%   0.503 CG:3    +
   12    31  0   0.0%   0.831 CG:3    +
   10    32  0   0.0%   0.506 CG:3    +
   19    28  0   0.0%   1.018 GC:3    +
   21    32  0   0.0%   0.657 UG:3    +
   21    29  0   0.0%   0.498 UA:3    +
    8    29  0   0.0%   0.718 UA:3    +
    4    25  0   0.0%   0.086 UG:3    +
   24    32  0   0.0%   0.832 CG:3    +
    5    34  0   0.0%   0.797 GC:3    +
    7    25  0   0.0%   0.036 CG:3    +
   25    33  0   0.0%   1.648 GC:3    +
    8    23  0   0.0%   0.031 UA:3    +
    8    20  0   0.0%   0.036 UA:3    +
    1    28  0   0.0%   0.083 GC:3    +
    8    17  0   0.0%   0.073 UG:3    +
    1    16  0   0.0%   0.025 GC:3    +
    1    24  0   0.0%   0.081 GC:3    +
    4    20  0   0.0%   0.078 UA:3    +
   19    33  0   0.0%   1.159 GC:3    +
   16    31  0   0.0%   0.678 CG:3    +
   18    31  0   0.0%   0.646 CG:3    +
    3    21  0   0.0%   0.048 AU:3    +
    8    19  0   0.0%   0.072 UG:3    +
   21    30  0   0.0%   0.535 UA:3    +
    6    26  0   0.0%   0.087 UG:3    +
   22    32  0   0.0%   0.616 CG:3    +
    4    31  0   0.0%   0.467 UG:3    +
   16    32  0   0.0%   0.674 CG:3    +
    2     8  0   0.0%   0.010 AU:3    +
   19    34  0   0.0%   0.707 GC:3    +
    3     8  0   0.0%   0.002 AU:3    +
    1    13  0   0.0%   0.017 GC:3    +
    5    13  0   0.0%   0.021 GC:3    +
    1    12  0   0.0%   0.017 GC:3    +
    4    32  0   0.0%   0.467 UG:3    +
   14    32  0   0.0%   1.089 CG:3    +
    1     8  0   0.0%   0.011 GU:3    +
    8    32  0   0.0%   1.100 UG:3    +
   17    34  0   0.0%   0.433 GC:3    +
   26    34  0   0.0%   1.052 GC:3    +
   21    25  0   0.0%   1.309 UG:3    +
    8    26  0   0.0%   0.668 UG:3    +
    4     9  0   0.0%   0.000 UA:3    +
    8    27  0   0.0%   0.667 UA:3    +
   21    26  0   0.0%   1.087 UG:3    +
    1     6  0   0.0%   0.000 GU:3    +
    6    30  0   0.0%   0.425 UA:3    +
   21    31  0   0.0%   0.611 UG:3    +
    6    19  0   0.0%   0.109 UG:3    +
    4    27  0   0.0%   0.081 UA:3    +
    6    31  0   0.0%   0.395 UG:3    +
    4    26  0   0.0%   0.081 UG:3    +
...(((((................))))).....
