3 sequence; length of alignment 34
alifold output
   20    29  0  87.1%   0.396 CG:3   
   21    28  0  87.0%   0.387 CG:3   
   19    30  0  86.8%   0.401 GU:3   
   16    33  0  85.2%   0.644 CG:3   
   15    34  0  83.8%   0.671 GC:3   
   22    30  0  12.4%   0.919 AU:3    +
   21    31  0  12.4%   0.913 CG:3    +
   23    29  0  12.4%   0.917 CG:3    +
   20    33  0  11.4%   1.025 CG:3    +
   19    34  0  11.2%   1.027 GC:3    +
    8    16  0   8.0%   0.625 GC:3    +
    9    15  0   7.8%   0.633 CG:3    +
    3    10  0   2.1%   0.274 GC:3    +
    3     9  0   0.7%   0.101 GC:3    +
    1    11  0   0.6%   0.115 CG:3    +
    1    12  0   0.6%   0.144 CG:3    +
   11    16  0   0.3%   0.291 GC:3    +
    1     8  0   0.3%   0.052 CG:3    +
   10    15  0   0.3%   0.329 CG:3    +
   10    28  0   0.3%   0.143 CG:3    +
    9    29  0   0.3%   0.290 CG:3    +
    8    30  0   0.2%   0.275 GU:3    +
    8    20  0   0.2%   0.256 GC:3    +
    9    19  0   0.2%   0.267 CG:3    +
    6    18  0   0.2%   0.047 UA:3    +
   12    20  0   0.1%   0.070 GC:3    +
   11    21  0   0.1%   0.072 GC:3    +
    9    33  0   0.1%   0.277 CG:3    +
    8    34  0   0.1%   0.264 GC:3    +
    6    17  0   0.1%   0.027 UA:3    +
   12    16  0   0.1%   0.267 GC:3    +
    6    13  0   0.1%   0.017 UA:3    +
   23    28  0   0.0%   0.150 CG:3    +
   16    31  0   0.0%   0.240 CG:3    +
   10    31  0   0.0%   0.122 CG:3    +
    3    34  0   0.0%   0.123 GC:3    +
   18    30  0   0.0%   0.033 AU:3    +
   15    23  0   0.0%   0.223 GC:3    +
    6    11  0   0.0%   0.038 UG:3    +
    6    14  0   0.0%   0.013 UA:3    +
    3    16  0   0.0%   0.119 GC:3    +
    3    20  0   0.0%   0.120 GC:3    +
    6    32  0   0.0%   0.031 UA:3    +
    6    12  0   0.0%   0.038 UG:3    +
   10    19  0   0.0%   0.112 CG:3    +
   17    30  0   0.0%   0.025 AU:3    +
   11    20  0   0.0%   0.068 GC:3    +
    2     6  0   0.0%   0.003 AU:3    +
    1    31  0   0.0%   0.085 CG:3    +
    2    30  0   0.0%   0.004 AU:3    +
   23    31  0   0.0%   0.533 CG:3    +
   24    30  0   0.0%   0.403 AU:3    +
   11    30  0   0.0%   0.076 GU:3    +
   12    34  0   0.0%   0.053 GC:3    +
   11    34  0   0.0%   0.069 GC:3    +
    3    21  0   0.0%   0.118 GC:3    +
    6    33  0   0.0%   0.029 UG:3    +
   11    23  0   0.0%   0.060 GC:3    +
   20    31  0   0.0%   0.149 CG:3    +
    8    23  0   0.0%   0.232 GC:3    +
   10    33  0   0.0%   0.122 CG:3    +
   15    20  0   0.0%   0.237 GC:3    +
   20    28  0   0.0%   0.037 CG:3    +
    1    15  0   0.0%   0.082 CG:3    +
    6    15  0   0.0%   0.011 UG:3    +
   12    21  0   0.0%   0.051 GC:3    +
   21    29  0   0.0%   0.264 CG:3    +
   15    21  0   0.0%   0.224 GC:3    +
    7    30  0   0.0%   0.001 AU:3    +
    6    31  0   0.0%   0.028 UG:3    +
    1    33  0   0.0%   0.083 CG:3    +
    9    31  0   0.0%   0.261 CG:3    +
    8    21  0   0.0%   0.232 GC:3    +
   16    29  0   0.0%   0.241 CG:3    +
   15    30  0   0.0%   0.235 GU:3    +
   16    28  0   0.0%   0.241 CG:3    +
    6    19  0   0.0%   0.026 UG:3    +
   28    34  0   0.0%   0.542 GC:3    +
    6    22  0   0.0%   0.026 UA:3    +
   14    30  0   0.0%   0.018 AU:3    +
   21    33  0   0.0%   0.778 CG:3    +
   12    30  0   0.0%   0.060 GU:3    +
    3    23  0   0.0%   0.117 GC:3    +
   12    23  0   0.0%   0.044 GC:3    +
   19    23  0   0.0%   0.015 GC:3    +
   23    33  0   0.0%   0.655 CG:3    +
    1    19  0   0.0%   0.082 CG:3    +
    9    28  0   0.0%   0.245 CG:3    +
    5    30  0   0.0%   0.001 AU:3    +
   10    29  0   0.0%   0.128 CG:3    +
    1    28  0   0.0%   0.082 CG:3    +
    6    29  0   0.0%   0.026 UG:3    +
    6    26  0   0.0%   0.026 UA:3    +
   25    30  0   0.0%   0.402 AU:3    +
    6    25  0   0.0%   0.026 UA:3    +
    1    29  0   0.0%   0.082 CG:3    +
..............((..(((......)))..))
