3 sequence; length of alignment 34
alifold output
    6    19  0  95.0%   0.147 UA:3   
    7    18  0  95.0%   0.148 CG:3   
    5    20  0  94.6%   0.162 GC:3   
    9    16  0  86.0%   0.407 CG:3   
    8    17  0  86.0%   0.407 UG:3   
   10    15  0  85.2%   0.427 CG:3   
   25    32  0  45.4%   1.757 GC:3   
   26    31  0  45.1%   1.855 GC:3   
    3    22  0  18.0%   1.034 CG:3    +
    2    25  0  17.0%   0.993 CG:3    +
    1    26  0  17.0%   0.969 CG:3    +
   10    16  0   9.1%   0.940 CG:3    +
   11    15  0   9.1%   0.807 CG:3    +
    9    17  0   9.1%   0.930 CG:3    +
    3    25  0   9.0%   1.290 CG:3    +
    2    26  0   9.0%   1.324 CG:3    +
    7    29  0   2.8%   0.431 CG:3    +
    6    30  0   2.8%   0.438 UG:3    +
    5    31  0   2.8%   0.358 GC:3    +
   15    20  0   2.7%   0.718 GC:3    +
   14    21  0   2.7%   0.342 UA:3    +
    9    26  0   2.1%   1.188 CG:3    +
   10    25  0   2.1%   1.209 CG:3    +
    8    28  0   1.7%   0.474 UA:3    +
   10    17  0   1.6%   0.919 CG:3    +
    9    18  0   1.6%   0.604 CG:3    +
   11    16  0   1.6%   0.781 CG:3    +
    2    22  0   1.3%   0.221 CG:3    +
    8    19  0   1.2%   0.351 UA:3    +
    8    27  0   1.1%   0.362 UA:3    +
    7    22  0   0.8%   0.566 CG:3    +
    6    23  0   0.8%   0.177 UA:3    +
    1    22  0   0.7%   0.119 CG:3    +
   11    25  0   0.7%   1.014 CG:3    +
   10    26  0   0.7%   1.224 CG:3    +
    3    33  0   0.6%   0.667 CG:3    +
   25    31  0   0.4%   0.831 GC:3    +
    8    21  0   0.4%   0.270 UA:3    +
   26    32  0   0.4%   1.432 GC:3    +
   22    34  0   0.4%   0.518 GC:3    +
    1    30  0   0.3%   0.425 CG:3    +
    2    29  0   0.3%   0.649 CG:3    +
   29    34  0   0.3%   0.219 GC:3    +
    3    15  0   0.3%   0.048 CG:3    +
    2    16  0   0.3%   0.047 CG:3    +
    1    17  0   0.3%   0.047 CG:3    +
    4    14  0   0.3%   0.046 AU:3    +
    1    25  0   0.2%   0.096 CG:3    +
    3    29  0   0.2%   0.616 CG:3    +
    2    30  0   0.2%   0.667 CG:3    +
    6    21  0   0.2%   0.087 UA:3    +
   25    34  0   0.2%   1.086 GC:3    +
    3    26  0   0.2%   1.088 CG:3    +
   11    17  0   0.1%   0.742 CG:3    +
   12    16  0   0.1%   0.462 CG:3    +
   10    18  0   0.1%   0.573 CG:3    +
    8    18  0   0.1%   0.205 UG:3    +
   22    31  0   0.1%   0.567 GC:3    +
    1    29  0   0.1%   0.383 CG:3    +
   22    32  0   0.1%   0.469 GC:3    +
   12    22  0   0.1%   0.472 CG:3    +
   11    18  0   0.1%   0.438 CG:3    +
   12    17  0   0.1%   0.465 CG:3    +
    2    33  0   0.1%   0.637 CG:3    +
    5    12  0   0.0%   0.012 GC:3    +
    1    33  0   0.0%   0.398 CG:3    +
    7    25  0   0.0%   0.626 CG:3    +
    6    26  0   0.0%   0.633 UG:3    +
    7    26  0   0.0%   0.622 CG:3    +
   12    25  0   0.0%   0.675 CG:3    +
    6    27  0   0.0%   0.107 UA:3    +
    1    18  0   0.0%   0.019 CG:3    +
   11    26  0   0.0%   0.979 CG:3    +
    2    17  0   0.0%   0.035 CG:3    +
    3    16  0   0.0%   0.035 CG:3    +
    6    22  0   0.0%   0.465 UG:3    +
   26    34  0   0.0%   1.060 GC:3    +
    6    13  0   0.0%   0.003 UA:3    +
    8    24  0   0.0%   0.218 UA:3    +
    5    32  0   0.0%   0.160 GC:3    +
   30    34  0   0.0%   0.183 GC:3    +
    5    14  0   0.0%   0.022 GU:3    +
   20    29  0   0.0%   0.291 CG:3    +
   20    25  0   0.0%   0.803 CG:3    +
    8    25  0   0.0%   0.752 UG:3    +
    9    22  0   0.0%   0.855 CG:3    +
   14    23  0   0.0%   0.153 UA:3    +
    8    23  0   0.0%   0.253 UA:3    +
    9    15  0   0.0%   0.017 CG:3    +
    3    30  0   0.0%   0.597 CG:3    +
    5    11  0   0.0%   0.001 GC:3    +
   16    20  0   0.0%   0.592 GC:3    +
   18    31  0   0.0%   0.238 GC:3    +
    8    16  0   0.0%   0.018 UG:3    +
   11    22  0   0.0%   0.738 CG:3    +
   17    32  0   0.0%   0.446 GC:3    +
    7    17  0   0.0%   0.018 CG:3    +
   20    26  0   0.0%   0.798 CG:3    +
   20    33  0   0.0%   0.191 CG:3    +
    6    24  0   0.0%   0.102 UA:3    +
    5    10  0   0.0%   0.001 GC:3    +
   14    22  0   0.0%   0.559 UG:3    +
   20    30  0   0.0%   0.285 CG:3    +
    6    18  0   0.0%   0.002 UG:3    +
    5    34  0   0.0%   0.159 GC:3    +
    7    30  0   0.0%   0.324 CG:3    +
   18    32  0   0.0%   0.139 GC:3    +
    6    33  0   0.0%   0.244 UG:3    +
   14    24  0   0.0%   0.115 UA:3    +
   14    19  0   0.0%   0.119 UA:3    +
    6    29  0   0.0%   0.141 UG:3    +
    8    29  0   0.0%   0.472 UG:3    +
    9    25  0   0.0%   0.950 CG:3    +
    6    25  0   0.0%   0.634 UG:3    +
    7    15  0   0.0%   0.016 CG:3    +
    6    28  0   0.0%   0.104 UA:3    +
    1     5  0   0.0%   0.000 CG:3    +
   15    34  0   0.0%   0.469 GC:3    +
    5     9  0   0.0%   0.000 GC:3    +
    9    30  0   0.0%   0.628 CG:3    +
   10    29  0   0.0%   0.683 CG:3    +
    8    13  0   0.0%   0.001 UA:3    +
   12    18  0   0.0%   0.154 CG:3    +
   10    22  0   0.0%   0.871 CG:3    +
    2    18  0   0.0%   0.018 CG:3    +
    3    17  0   0.0%   0.034 CG:3    +
    7    33  0   0.0%   0.231 CG:3    +
    8    26  0   0.0%   0.746 UG:3    +
....((((((....))))))....((....))..
