3 sequence; length of alignment 34
alifold output
   11    18  0  94.5%   0.197 CG:3   
   10    19  0  94.4%   0.184 GU:3   
    9    20  0  91.8%   0.256 UA:3   
    4    26  0  91.2%   0.252 GC:3   
    5    25  0  91.2%   0.253 AU:3   
    6    24  0  90.8%   0.262 GC:3   
    3    27  0  90.7%   0.266 GC:3   
   12    17  0  88.0%   0.358 GC:3   
    8    21  0  73.2%   0.688 UG:3   
    6    27  0   8.6%   0.826 GC:3    +
    7    26  0   8.6%   0.886 GC:3    +
    5    28  0   8.5%   0.727 AU:3    +
    4    29  0   8.0%   0.754 GC:3    +
    7    22  0   4.8%   0.440 GU:3    +
   11    21  0   4.3%   0.720 CG:3    +
   10    22  0   4.3%   0.628 GU:3    +
    9    23  0   4.0%   0.514 UA:3    +
    2    30  0   2.8%   0.357 CG:3    +
   13    18  0   2.6%   0.358 CG:3    +
   12    19  0   2.3%   0.430 GU:3    +
    1    32  0   1.8%   0.272 CG:3    +
    1    30  0   1.3%   0.173 CG:3    +
    3    29  0   1.1%   0.237 GC:3    +
   13    21  0   0.6%   0.557 CG:3    +
   12    22  0   0.5%   0.566 GU:3    +
    8    23  0   0.3%   0.289 UA:3    +
   10    17  0   0.3%   0.059 GC:3    +
   10    24  0   0.3%   0.368 GC:3    +
    9    18  0   0.3%   0.054 UG:3    +
    2    32  0   0.3%   0.224 CG:3    +
    7    24  0   0.3%   0.281 GC:3    +
    4    28  0   0.2%   0.125 GU:3    +
    9    21  0   0.2%   0.358 UG:3    +
    6    25  0   0.1%   0.190 GU:3    +
    4    27  0   0.1%   0.188 GC:3    +
    6    26  0   0.0%   0.187 GC:3    +
    3    33  0   0.0%   0.146 GC:3    +
    7    25  0   0.0%   0.259 GU:3    +
    8    20  0   0.0%   0.005 UA:3    +
    3    28  0   0.0%   0.093 GU:3    +
   14    19  0   0.0%   0.145 GU:3    +
   28    32  0   0.0%   0.315 UG:3    +
   28    34  0   0.0%   0.225 UA:3    +
   10    33  0   0.0%   0.232 GC:3    +
   11    32  0   0.0%   0.299 CG:3    +
   13    30  0   0.0%   0.283 CG:3    +
   14    29  0   0.0%   0.252 GC:3    +
    9    34  0   0.0%   0.237 UA:3    +
   25    31  0   0.0%   0.093 UA:3    +
   26    30  0   0.0%   0.457 CG:3    +
   24    32  0   0.0%   0.212 CG:3    +
   18    24  0   0.0%   0.289 GC:3    +
   18    29  0   0.0%   0.418 GC:3    +
   17    30  0   0.0%   0.291 CG:3    +
    6    22  0   0.0%   0.000 GU:3    +
   19    23  0   0.0%   0.292 UA:3    +
    3    26  0   0.0%   0.000 GC:3    +
   14    33  0   0.0%   0.004 GC:3    +
   21    26  0   0.0%   0.703 GC:3    +
   15    32  1   0.0%   0.090 CG:1    UG:1    +
   21    27  0   0.0%   0.710 GC:3    +
   20    28  0   0.0%   0.304 AU:3    +
    2     6  0   0.0%   0.000 CG:3    +
    1     7  0   0.0%   0.000 CG:3    +
   18    26  0   0.0%   0.466 GC:3    +
   13    32  0   0.0%   0.214 CG:3    +
   12    33  0   0.0%   0.231 GC:3    +
   27    32  0   0.0%   0.396 CG:3    +
    4    25  0   0.0%   0.000 GU:3    +
    3    11  0   0.0%   0.000 GC:3    +
    4    24  0   0.0%   0.000 GC:3    +
   18    27  0   0.0%   0.473 GC:3    +
   10    25  0   0.0%   0.321 GU:3    +
    2    12  0   0.0%   0.000 CG:3    +
    3    25  0   0.0%   0.000 GU:3    +
    7    27  0   0.0%   0.681 GC:3    +
    7    13  0   0.0%   0.000 GC:3    +
    2     7  0   0.0%   0.000 CG:3    +
    8    12  0   0.0%   0.000 UG:3    +
   15    21  1   0.0%   0.404 CG:1    UG:1    +
   17    21  0   0.0%   0.537 CG:3    +
    7    17  0   0.0%   0.000 GC:3    +
   18    25  0   0.0%   0.260 GU:3    +
    6    28  0   0.0%   0.531 GU:3    +
   14    22  0   0.0%   0.311 GU:3    +
    4    33  0   0.0%   0.305 GC:3    +
    6    11  0   0.0%   0.000 GC:3    +
    7    33  0   0.0%   0.378 GC:3    +
    8    32  0   0.0%   0.339 UG:3    +
   11    16  1   0.3%   0.059 CG:2    +
   16    27  1   0.0%   0.325 GC:2    +
   16    26  1   0.0%   0.318 GC:2    +
    8    16  1   0.0%   0.000 UG:2    +
   16    22  1   0.0%   0.330 GU:2    +
   16    29  1   0.0%   0.270 GC:2    +
..((((.(((((....)))))..)))).......
