3 sequence; length of alignment 36
alifold output
   17    31  0  66.8%   0.977 AU:3   
   18    30  0  66.7%   1.128 CG:3   
   13    34  0  56.2%   1.489 GC:3   
   14    33  0  56.1%   1.510 UG:3   
   15    32  0  55.8%   1.464 GC:3   
   12    35  0  52.5%   1.444 UA:3   
   11    36  0  41.3%   1.102 AU:3   
   21    27  0  28.8%   1.403 AU:3    +
   16    33  0  25.3%   1.557 CG:3    +
   15    34  0  25.2%   2.178 GC:3    +
   22    26  0  24.8%   1.306 UG:3    +
   14    35  0  23.4%   2.190 UA:3    +
   20    28  0  21.8%   1.381 GU:3    +
   13    36  0  19.4%   2.163 GU:3    +
    5    13  0  11.9%   0.854 CG:3    +
    4    14  0  11.8%   0.928 AU:3    +
    3    15  0  11.4%   0.917 CG:3    +
    6    12  0   9.9%   0.772 AU:3    +
   20    32  0   9.9%   1.526 GC:3    +
   21    31  0   9.9%   1.569 AU:3    +
   22    30  0   9.4%   1.647 UG:3    +
   19    28  0   7.0%   0.599 AU:3    +
   21    28  0   5.8%   1.399 AU:3    +
   20    27  0   5.0%   0.653 GU:3    +
   16    30  0   4.5%   0.524 CG:3    +
   13    24  0   3.2%   0.738 GC:3    +
   14    23  0   3.2%   0.730 UA:3    +
   12    25  0   3.1%   0.642 UA:3    +
   15    22  0   2.7%   0.673 GU:3    +
    3    13  0   2.5%   0.279 CG:3    +
   18    26  0   2.4%   0.350 CG:3    +
    2    14  0   2.4%   0.272 AU:3    +
    1    15  0   2.2%   0.252 CG:3    +
    4    12  0   2.1%   0.249 AU:3    +
   17    27  0   2.1%   0.316 AU:3    +
   10    26  0   1.5%   0.199 CG:3    +
    9    27  0   1.4%   0.183 AU:3    +
   24    30  0   1.3%   1.015 CG:3    +
   23    31  0   1.2%   0.899 AU:3    +
    7    30  0   1.2%   0.232 CG:3    +
    6    31  0   1.1%   0.449 AU:3    +
    6    14  0   1.0%   0.713 AU:3    +
    7    13  0   1.0%   0.489 CG:3    +
    5    15  0   1.0%   0.722 CG:3    +
   23    28  0   0.7%   0.932 AU:3    +
   22    29  0   0.7%   0.557 UA:3    +
   20    34  0   0.7%   1.516 GC:3    +
   26    34  0   0.6%   1.322 GC:3    +
   27    33  0   0.6%   1.505 UG:3    +
   19    27  0   0.4%   0.216 AU:3    +
   18    33  0   0.3%   1.121 CG:3    +
    5    30  0   0.3%   0.359 CG:3    +
    5    33  0   0.3%   0.378 CG:3    +
    4    31  0   0.3%   0.389 AU:3    +
   16    20  0   0.3%   0.050 CG:3    +
    9    28  0   0.2%   0.093 AU:3    +
   20    24  0   0.2%   0.164 GC:3    +
    3    33  0   0.1%   0.373 CG:3    +
   26    32  0   0.1%   1.091 GC:3    +
   24    33  0   0.1%   0.922 CG:3    +
   17    28  0   0.1%   0.114 AU:3    +
   15    31  0   0.1%   0.571 GU:3    +
    3    30  0   0.1%   0.356 CG:3    +
    7    26  0   0.1%   0.064 CG:3    +
    2    31  0   0.1%   0.106 AU:3    +
    6    27  0   0.1%   0.292 AU:3    +
    8    30  0   0.1%   0.094 CG:3    +
   14    21  0   0.1%   0.405 UA:3    +
   13    22  0   0.1%   0.415 GU:3    +
   16    26  0   0.1%   0.100 CG:3    +
   23    27  0   0.1%   0.808 AU:3    +
   12    23  0   0.0%   0.328 UA:3    +
    8    13  0   0.0%   0.405 CG:3    +
   10    30  0   0.0%   0.155 CG:3    +
    9    31  0   0.0%   0.150 AU:3    +
   15    24  0   0.0%   0.594 GC:3    +
   15    27  0   0.0%   0.551 GU:3    +
   19    31  0   0.0%   0.565 AU:3    +
   14    25  0   0.0%   0.620 UA:3    +
   13    18  0   0.0%   0.405 GC:3    +
   12    19  0   0.0%   0.320 UA:3    +
    1    20  0   0.0%   0.091 CG:3    +
    7    33  0   0.0%   0.137 CG:3    +
    1    13  0   0.0%   0.005 CG:3    +
    2    12  0   0.0%   0.005 AU:3    +
    9    36  0   0.0%   0.079 AU:3    +
   22    35  0   0.0%   1.391 UA:3    +
   30    34  0   0.0%   1.517 GC:3    +
   20    31  0   0.0%   0.868 GU:3    +
   21    36  0   0.0%   1.450 AU:3    +
    5    26  0   0.0%   0.304 CG:3    +
   11    27  0   0.0%   0.070 AU:3    +
    1    33  0   0.0%   0.091 CG:3    +
    4    27  0   0.0%   0.338 AU:3    +
   12    21  0   0.0%   0.319 UA:3    +
    6    28  0   0.0%   0.285 AU:3    +
   11    28  0   0.0%   0.018 AU:3    +
   11    22  0   0.0%   0.003 AU:3    +
   17    36  0   0.0%   1.047 AU:3    +
   25    31  0   0.0%   0.748 AU:3    +
   22    33  0   0.0%   1.430 UG:3    +
   12    30  0   0.0%   0.514 UG:3    +
    8    15  0   0.0%   0.383 CG:3    +
   11    31  0   0.0%   0.078 AU:3    +
    8    26  0   0.0%   0.013 CG:3    +
   29    36  0   0.0%   0.728 AU:3    +
   12    26  0   0.0%   0.500 UG:3    +
   13    32  0   0.0%   0.518 GC:3    +
    9    14  0   0.0%   0.391 AU:3    +
    8    33  0   0.0%   0.040 CG:3    +
   19    36  0   0.0%   0.900 AU:3    +
   31    35  0   0.0%   1.319 UA:3    +
   30    36  0   0.0%   1.468 GU:3    +
    3    26  0   0.0%   0.341 CG:3    +
   27    35  0   0.0%   1.397 UA:3    +
    2    27  0   0.0%   0.093 AU:3    +
   28    33  0   0.0%   1.499 UG:3    +
    2    36  0   0.0%   0.098 AU:3    +
   26    36  0   0.0%   1.243 GU:3    +
   17    22  0   0.0%   0.103 AU:3    +
   28    35  0   0.0%   1.422 UA:3    +
   14    19  0   0.0%   0.393 UA:3    +
   25    36  0   0.0%   0.800 AU:3    +
   10    15  0   0.0%   0.379 CG:3    +
   12    33  0   0.0%   0.459 UG:3    +
    4    28  0   0.0%   0.336 AU:3    +
   10    20  0   0.0%   0.003 CG:3    +
   26    31  0   0.0%   1.150 GU:3    +
   10    33  0   0.0%   0.097 CG:3    +
   12    29  0   0.0%   0.429 UA:3    +
   15    28  0   0.0%   0.494 GU:3    +
    6    36  0   0.0%   0.332 AU:3    +
   13    28  0   0.0%   0.530 GU:3    +
    9    22  0   0.0%   0.001 AU:3    +
    7    15  0   0.0%   0.425 CG:3    +
    1    30  0   0.0%   0.088 CG:3    +
    3    20  0   0.0%   0.342 CG:3    +
   14    29  0   0.0%   0.509 UA:3    +
    4    36  0   0.0%   0.353 AU:3    +
   14    30  0   0.0%   0.593 UG:3    +
    8    20  0   0.0%   0.007 CG:3    +
    2    22  0   0.0%   0.092 AU:3    +
    2    28  0   0.0%   0.092 AU:3    +
   23    36  0   0.0%   0.898 AU:3    +
    1    26  0   0.0%   0.087 CG:3    +
   14    20  0   0.0%   0.393 UG:3    +
    5    20  0   0.0%   0.301 CG:3    +
   20    36  0   0.0%   1.464 GU:3    +
   13    27  0   0.0%   0.582 GU:3    +
   15    36  0   0.0%   1.845 GU:3    +
    7    20  0   0.0%   0.050 CG:3    +
   12    17  0   0.0%   0.313 UA:3    +
..........(((((.((...........)))))))
