3 sequence; length of alignment 113
alifold output
   29    46  0  96.6%   0.190 AU:3   
   30    45  0  96.6%   0.283 GC:3   
   28    47  0  96.0%   0.260 UA:3   
   32    43  0  79.8%   0.902 GC:3   
   25    49  0  73.1%   0.854 GC:3    +
   24    50  0  69.7%   0.860 UA:3    +
    5   109  0  66.6%   0.923 GC:3   
    4   110  0  66.6%   0.933 AU:3   
    3   111  0  66.2%   1.262 GU:3   
    6   108  0  65.0%   0.883 CG:3   
   84    93  0  64.7%   1.022 GC:3   
   83    94  0  63.5%   1.034 AU:3   
    2   112  0  62.9%   1.229 CG:3   
   68   107  0  61.8%   1.660 GC:3   
   69   106  0  61.6%   1.575 UA:3   
   27    48  0  59.6%   1.439 CG:3   
   70   105  0  59.3%   1.630 UA:3   
   73   103  0  58.7%   1.385 UA:3   
   74   102  0  58.5%   1.809 GC:3   
   23    51  0  58.4%   1.122 CG:3    +
   82    95  0  54.4%   1.281 AU:3   
   78   100  0  53.1%   1.786 CG:3   
   77   101  0  52.3%   1.876 GC:3   
   79    99  0  51.6%   2.098 GC:3   
   22    53  0  44.5%   1.461 GC:3   
   72   104  0  44.2%   1.641 UG:3   
   26    48  0  37.0%   1.235 CG:3    +
   23    52  0  35.7%   1.743 CG:3   
   67   108  0  33.4%   1.905 CG:3    +
   24    51  0  26.2%   1.799 UG:3   
    2    13  0  24.3%   1.032 CG:3    +
   77    99  0  24.2%   1.508 GC:3    +
   76   100  0  24.2%   1.495 CG:3    +
    3    12  0  23.3%   1.103 GC:3    +
   65   109  0  20.8%   2.174 GC:3    +
    1    14  0  19.3%   0.955 UA:3    +
   62   112  0  18.1%   1.557 CG:3    +
   79    98  0  18.0%   1.313 GC:3    +
   63   111  0  17.7%   1.454 AU:3    +
   68    76  0  16.5%   1.137 GC:3    +
   69    75  0  16.2%   1.046 UA:3    +
   34    39  0  15.1%   0.937 CG:3    +
   70    74  0  13.2%   1.223 UG:3    +
   67    77  0  12.2%   0.947 CG:3    +
   54    65  0  12.2%   0.919 CG:3    +
   55    64  0  11.7%   0.808 AU:3    +
   85    96  0  11.6%   1.410 AU:3    +
   84    97  0  11.6%   1.584 GC:3    +
   86    95  0  10.8%   1.601 AU:3    +
   31    43  0  10.4%   0.747 GC:3    +
   13    21  0   9.8%   1.094 GC:3    +
   12    22  0   8.4%   0.984 CG:3    +
   13    61  0   7.5%   1.243 GC:3    +
   14    60  0   7.2%   0.910 AU:3    +
   65    78  0   5.7%   1.058 GC:3    +
   97   104  0   5.4%   1.514 CG:3    +
   96   105  0   5.2%   1.569 UA:3    +
   74    81  0   5.2%   1.131 GC:3    +
   73    82  0   5.2%   0.796 UA:3    +
   69    86  0   5.0%   1.026 UA:3    +
   68    87  0   5.0%   1.055 GC:3    +
   82    96  0   4.5%   1.064 AU:3    +
   79   101  0   4.5%   1.870 GC:3    +
   11   104  0   4.5%   0.655 CG:3    +
   80   100  0   4.5%   1.278 CG:3    +
   72    83  0   4.4%   0.619 UA:3    +
   10   105  0   4.3%   0.639 UA:3    +
   21    52  0   4.1%   0.801 CG:3    +
   83    95  0   3.9%   1.175 AU:3    +
   95   106  0   3.7%   1.596 UA:3    +
   85    94  0   3.3%   0.936 AU:3    +
   84    95  0   3.3%   1.370 GU:3    +
   66   110  0   3.3%   0.901 AU:3    +
   79    97  0   3.3%   0.609 GC:3    +
   65    81  0   3.2%   1.086 GC:3    +
   68    78  0   3.2%   1.017 GC:3    +
   65   111  0   3.2%   2.287 GU:3    +
   67    79  0   3.2%   0.843 CG:3    +
    4    10  0   3.1%   0.325 AU:3    +
   32    41  0   3.1%   0.380 GC:3    +
   70    85  0   3.1%   0.845 UA:3    +
   69    77  0   3.0%   1.025 UG:3    +
   64    82  0   2.8%   0.774 UA:3    +
   84    94  0   2.6%   1.044 GU:3    +
   83    96  0   2.5%   1.033 AU:3    +
   54    74  0   2.5%   0.594 CG:3    +
   55    73  0   2.5%   0.558 AU:3    +
   64   112  0   2.5%   1.644 UG:3    +
   56    72  0   2.2%   0.284 AU:3    +
    3    11  0   2.2%   0.253 GC:3    +
   61    65  0   2.2%   0.885 CG:3    +
   64    79  0   2.1%   0.674 UG:3    +
   63   113  0   2.1%   0.784 AU:3    +
   61    84  0   2.0%   0.647 CG:3    +
   60    85  0   2.0%   0.615 UA:3    +
   60    66  0   2.0%   0.548 UA:3    +
   52    67  0   1.9%   0.933 GC:3    +
   28    38  0   1.9%   0.228 UA:3    +
   27    39  0   1.9%   0.233 CG:3    +
   29    37  0   1.9%   0.231 AU:3    +
   20    52  0   1.9%   0.309 CG:3    +
   13   102  0   1.9%   1.179 GC:3    +
   58    69  0   1.8%   0.268 AU:3    +
   59    68  0   1.8%   0.331 UG:3    +
   30    36  0   1.7%   0.225 GU:3    +
   21    51  0   1.7%   0.462 CG:3    +
   57    70  0   1.7%   0.244 AU:3    +
   11    65  0   1.6%   0.363 CG:3    +
   23    48  0   1.6%   0.235 CG:3    +
   22    49  0   1.6%   0.498 GC:3    +
   15   112  0   1.5%   0.628 CG:3    +
   24    47  0   1.5%   0.230 UA:3    +
   16   111  0   1.5%   0.557 AU:3    +
   26    44  0   1.5%   0.221 CG:3    +
   59    86  0   1.4%   0.375 UA:3    +
   25    45  0   1.4%   0.244 GC:3    +
   10    66  0   1.4%   0.336 UA:3    +
   65    90  0   1.3%   1.017 GC:3    +
    5    11  0   1.3%   0.272 GC:3    +
   64    71  0   1.3%   0.535 UA:3    +
   99   104  0   1.3%   1.737 CG:3    +
   17   110  0   1.2%   0.513 AU:3    +
   13    20  0   1.2%   0.516 GC:3    +
   63    72  0   1.2%   0.328 AU:3    +
   64    91  0   1.1%   0.723 UA:3    +
   65    70  0   1.1%   0.729 GU:3    +
   52    61  0   1.1%   0.981 GC:3    +
   61    74  0   1.1%   0.613 CG:3    +
   15    22  0   1.1%   0.374 CG:3    +
   62    74  0   1.0%   0.411 CG:3    +
   51    62  0   1.0%   0.942 GC:3    +
   52   101  0   1.0%   1.014 GC:3    +
   14   113  0   1.0%   0.703 AU:3    +
   53   100  0   1.0%   0.694 CG:3    +
   60    75  0   0.9%   0.459 UA:3    +
   63    73  0   0.9%   0.360 AU:3    +
   74   101  0   0.9%   0.871 GC:3    +
    6   112  0   0.9%   0.741 CG:3    +
   67    74  0   0.9%   0.427 CG:3    +
    7   111  0   0.9%   0.402 AU:3    +
   51   102  0   0.8%   1.081 GC:3    +
    5   113  0   0.8%   0.497 GU:3    +
   12   100  0   0.8%   0.701 CG:3    +
   13    99  0   0.8%   1.022 GC:3    +
   85    95  0   0.8%   1.014 AU:3    +
   59    71  0   0.8%   0.264 UA:3    +
   58    72  0   0.8%   0.316 AU:3    +
   62    84  0   0.7%   0.350 CG:3    +
    8   110  0   0.7%   0.382 AU:3    +
   84    96  0   0.7%   1.049 GU:3    +
   52    80  0   0.7%   0.930 GC:3    +
   57    73  0   0.7%   0.299 AU:3    +
   53    79  0   0.7%   0.564 CG:3    +
   68    73  0   0.7%   0.461 GU:3    +
   86    94  0   0.7%   0.830 AU:3    +
   51    81  0   0.6%   0.923 GC:3    +
   62    68  0   0.6%   0.301 CG:3    +
   73   104  0   0.6%   1.349 UG:3    +
   25    41  0   0.6%   0.095 GC:3    +
   24    42  0   0.6%   0.101 UA:3    +
   31    98  0   0.5%   0.360 GC:3    +
   32    97  0   0.5%   0.383 GC:3    +
   30    99  0   0.5%   0.255 GC:3    +
   52    78  0   0.5%   0.878 GC:3    +
   23    44  0   0.5%   0.098 CG:3    +
   53    77  0   0.5%   0.510 CG:3    +
   22    45  0   0.5%   0.358 GC:3    +
   52    76  0   0.5%   0.854 GC:3    +
   24   103  0   0.5%   0.790 UA:3    +
   23   104  0   0.5%   1.018 CG:3    +
   13    62  0   0.5%   0.927 GC:3    +
   72   105  0   0.4%   1.254 UA:3    +
   72   103  0   0.4%   0.446 UA:3    +
   33    96  0   0.4%   0.089 AU:3    +
   22    54  0   0.4%   0.808 GC:3    +
   25   102  0   0.4%   0.501 GC:3    +
   93   104  0   0.4%   0.978 CG:3    +
   94   103  0   0.4%   0.994 UA:3    +
   45    52  0   0.4%   0.821 CG:3    +
   44    53  0   0.4%   0.556 GC:3    +
   46    51  0   0.3%   0.888 UG:3    +
   26    52  0   0.3%   1.080 CG:3    +
   61    68  0   0.3%   0.501 CG:3    +
   25    53  0   0.3%   0.761 GC:3    +
   65    80  0   0.3%   0.796 GC:3    +
   84    90  0   0.3%   0.272 GC:3    +
   27    51  0   0.3%   1.183 CG:3    +
   77   102  0   0.3%   1.603 GC:3    +
   38    46  0   0.3%   0.180 AU:3    +
   39    45  0   0.3%   0.548 GC:3    +
   15   100  0   0.3%   0.176 CG:3    +
   73   105  0   0.3%   1.262 UA:3    +
   37    47  0   0.3%   0.239 UA:3    +
  100   107  0   0.3%   1.323 GC:3    +
   65    76  0   0.3%   0.603 GC:3    +
    5    10  0   0.3%   0.155 GU:3    +
   52   109  0   0.3%   1.228 GC:3    +
   51   110  0   0.2%   1.311 GU:3    +
   50   111  0   0.2%   0.706 AU:3    +
   49   112  0   0.2%   0.766 CG:3    +
   53   108  0   0.2%   0.866 CG:3    +
   58    64  0   0.2%   0.353 AU:3    +
   31    41  0   0.2%   0.094 GC:3    +
   65   110  0   0.2%   1.663 GU:3    +
   28    50  0   0.2%   0.411 UA:3    +
   12    65  0   0.2%   0.669 CG:3    +
  100   109  0   0.2%   1.643 GC:3    +
  101   108  0   0.2%   1.303 CG:3    +
   95   104  0   0.2%   1.548 UG:3    +
   48   113  0   0.2%   0.888 GU:3    +
   78    84  0   0.2%   0.467 CG:3    +
    6    13  0   0.2%   0.383 CG:3    +
   59    63  0   0.2%   0.101 UA:3    +
   59    66  0   0.2%   0.164 UA:3    +
   58    70  0   0.2%   0.219 AU:3    +
   60    65  0   0.2%   0.643 UG:3    +
   19    69  0   0.2%   0.053 AU:3    +
   15    74  0   0.2%   0.112 CG:3    +
   16    73  0   0.2%   0.075 AU:3    +
   20    68  0   0.2%   0.191 CG:3    +
   94   105  0   0.2%   1.110 UA:3    +
    9    64  0   0.2%   0.039 AU:3    +
   72   106  0   0.2%   1.098 UA:3    +
   50    64  0   0.2%   0.335 AU:3    +
   93   100  0   0.2%   1.276 CG:3    +
   49    65  0   0.2%   0.428 CG:3    +
   17    59  0   0.2%   0.064 AU:3    +
   10    63  0   0.2%   0.179 UA:3    +
    6    52  0   0.2%   0.056 CG:3    +
   18    70  0   0.2%   0.054 AU:3    +
    5    53  0   0.2%   0.125 GC:3    +
   17    72  0   0.2%   0.063 AU:3    +
   81   100  0   0.2%   1.269 CG:3    +
   84    89  0   0.2%   0.182 GC:3    +
   54    77  0   0.2%   0.449 CG:3    +
   36    48  0   0.2%   0.865 UG:3    +
   96   103  0   0.2%   1.000 UA:3    +
   16    59  0   0.2%   0.049 AU:3    +
   16    60  0   0.2%   0.247 AU:3    +
   36    40  0   0.2%   0.106 UA:3    +
   14    59  0   0.2%   0.354 AU:3    +
   13    64  0   0.1%   0.919 GU:3    +
   98   104  0   0.1%   1.183 CG:3    +
   13    60  0   0.1%   0.679 GU:3    +
   76   104  0   0.1%   1.304 CG:3    +
   21    30  0   0.1%   0.256 CG:3    +
   36    42  0   0.1%   0.140 UA:3    +
   20    31  0   0.1%   0.082 CG:3    +
   61   104  0   0.1%   0.689 CG:3    +
   57    64  0   0.1%   0.326 AU:3    +
   25    46  0   0.1%   0.123 GU:3    +
   60   105  0   0.1%   0.619 UA:3    +
   70   106  0   0.1%   1.194 UA:3    +
   17    95  0   0.1%   0.060 AU:3    +
   79   102  0   0.1%   1.644 GC:3    +
   16    96  0   0.1%   0.070 AU:3    +
   11    22  0   0.1%   0.173 CG:3    +
   15    65  0   0.1%   0.164 CG:3    +
   13   101  0   0.1%   0.973 GC:3    +
   37    42  0   0.1%   0.141 UA:3    +
   84    98  0   0.1%   1.304 GC:3    +
   53    68  0   0.1%   0.468 CG:3    +
   16    64  0   0.1%   0.071 AU:3    +
   31    45  0   0.1%   0.409 GC:3    +
   95   105  0   0.1%   1.423 UA:3    +
   52    69  0   0.1%   0.807 GU:3    +
   18    59  0   0.1%   0.057 AU:3    +
   18    94  0   0.1%   0.045 AU:3    +
   54   112  0   0.1%   0.840 CG:3    +
   55   111  0   0.1%   0.774 AU:3    +
    3    54  0   0.1%   0.448 GC:3    +
   12   104  0   0.1%   0.788 CG:3    +
   17    60  0   0.1%   0.248 AU:3    +
   13    67  0   0.1%   0.904 GC:3    +
   13    76  0   0.1%   0.918 GC:3    +
   96   104  0   0.1%   1.245 UG:3    +
   30    43  0   0.1%   0.111 GC:3    +
   58    95  0   0.1%   0.181 AU:3    +
   66    70  0   0.1%   0.327 AU:3    +
   53    65  0   0.1%   0.540 CG:3    +
   10   103  0   0.1%   0.238 UA:3    +
   59   106  0   0.1%   0.278 UA:3    +
   30    46  0   0.1%   0.189 GU:3    +
   56   110  0   0.1%   0.500 AU:3    +
   26   100  0   0.1%   0.531 CG:3    +
    6    22  0   0.1%   0.032 CG:3    +
   94   106  0   0.1%   0.934 UA:3    +
   70    75  0   0.1%   0.793 UA:3    +
   57    96  0   0.1%   0.183 AU:3    +
    5    23  0   0.1%   0.098 GC:3    +
   61   112  0   0.1%   0.934 CG:3    +
   52    62  0   0.1%   0.771 GC:3    +
   65   102  0   0.1%   1.053 GC:3    +
    4    24  0   0.1%   0.124 AU:3    +
   12    68  0   0.1%   0.587 CG:3    +
   10    17  0   0.1%   0.143 UA:3    +
   55    60  0   0.1%   0.244 AU:3    +
   15    68  0   0.1%   0.086 CG:3    +
   14    69  0   0.1%   0.537 AU:3    +
   63   110  0   0.1%   0.525 AU:3    +
   30    41  0   0.1%   0.127 GC:3    +
   64   103  0   0.1%   0.668 UA:3    +
   57    95  0   0.1%   0.149 AU:3    +
   65    89  0   0.1%   0.851 GC:3    +
   10   106  0   0.1%   0.379 UA:3    +
   13    23  0   0.1%   0.656 GC:3    +
    5    15  0   0.1%   0.090 GC:3    +
   10   104  0   0.1%   0.243 UG:3    +
    5   101  0   0.1%   0.120 GC:3    +
    6   100  0   0.1%   0.050 CG:3    +
   22    43  0   0.1%   0.286 GC:3    +
   13    70  0   0.1%   0.907 GU:3    +
   27   100  0   0.1%   0.486 CG:3    +
   58    94  0   0.1%   0.166 AU:3    +
   78   104  0   0.1%   1.262 CG:3    +
   21   108  0   0.1%   0.751 CG:3    +
   20    51  0   0.1%   0.079 CG:3    +
   93   108  0   0.1%   1.009 CG:3    +
   22   107  0   0.1%   0.777 GC:3    +
   56    64  0   0.1%   0.313 AU:3    +
   69    74  0   0.1%   0.372 UG:3    +
    2   104  0   0.1%   0.362 CG:3    +
   56    96  0   0.1%   0.150 AU:3    +
   22    67  0   0.1%   0.773 GC:3    +
   19    59  0   0.1%   0.057 AU:3    +
   18    60  0   0.0%   0.238 AU:3    +
   21    44  0   0.0%   0.256 CG:3    +
    1   105  0   0.0%   0.335 UA:3    +
   21    68  0   0.0%   0.484 CG:3    +
   91   111  0   0.0%   0.892 AU:3    +
   90   112  0   0.0%   0.937 CG:3    +
   25   101  0   0.0%   0.374 GC:3    +
   92   110  0   0.0%   0.536 AU:3    +
   12    74  0   0.0%   0.589 CG:3    +
   34    44  0   0.0%   0.393 CG:3    +
   13    73  0   0.0%   0.909 GU:3    +
   48    67  0   0.0%   0.775 GC:3    +
   10    19  0   0.0%   0.145 UA:3    +
   59    65  0   0.0%   0.444 UG:3    +
   65    88  0   0.0%   0.843 GC:3    +
   57    69  0   0.0%   0.048 AU:3    +
   14    72  0   0.0%   0.536 AU:3    +
   82    94  0   0.0%   0.287 AU:3    +
   63    70  0   0.0%   0.142 AU:3    +
   45    84  0   0.0%   0.181 CG:3    +
   13    54  0   0.0%   0.661 GC:3    +
   60    84  0   0.0%   0.387 UG:3    +
    5    45  0   0.0%   0.096 GC:3    +
    6    44  0   0.0%   0.028 CG:3    +
   10    16  0   0.0%   0.134 UA:3    +
   12    77  0   0.0%   0.588 CG:3    +
   46    83  0   0.0%   0.099 UA:3    +
   59    85  0   0.0%   0.201 UA:3    +
    5    12  0   0.0%   0.421 GC:3    +
    3    21  0   0.0%   0.433 GC:3    +
   23    30  0   0.0%   0.028 CG:3    +
    4    46  0   0.0%   0.121 AU:3    +
   56    95  0   0.0%   0.118 AU:3    +
   56    70  0   0.0%   0.038 AU:3    +
   70   104  0   0.0%   0.752 UG:3    +
   11    32  0   0.0%   0.158 CG:3    +
   12   112  0   0.0%   0.971 CG:3    +
   12    31  0   0.0%   0.561 CG:3    +
   90   104  0   0.0%   0.698 CG:3    +
   55    96  0   0.0%   0.398 AU:3    +
   83   110  0   0.0%   1.179 AU:3    +
   82   111  0   0.0%   1.563 AU:3    +
   84   109  0   0.0%   1.581 GC:3    +
   21    65  0   0.0%   0.547 CG:3    +
   11    39  0   0.0%   0.160 CG:3    +
   81   112  0   0.0%   1.154 CG:3    +
   20   112  0   0.0%   0.565 CG:3    +
    3    61  0   0.0%   0.442 GC:3    +
   13   111  0   0.0%   1.355 GU:3    +
   21    31  0   0.0%   0.258 CG:3    +
   24    29  0   0.0%   0.017 UA:3    +
   20    32  0   0.0%   0.072 CG:3    +
    4    60  0   0.0%   0.123 AU:3    +
   13   107  0   0.0%   1.037 GC:3    +
   10    40  0   0.0%   0.149 UA:3    +
   57    94  0   0.0%   0.137 AU:3    +
   79    88  0   0.0%   0.251 GC:3    +
   69   105  0   0.0%   0.821 UA:3    +
   32    45  0   0.0%   0.432 GC:3    +
    2    22  0   0.0%   0.350 CG:3    +
   49    79  0   0.0%   0.321 CG:3    +
   10    33  0   0.0%   0.146 UA:3    +
   30    49  0   0.0%   0.433 GC:3    +
   66    72  0   0.0%   0.357 AU:3    +
   68   109  0   0.0%   1.680 GC:3    +
   48    80  0   0.0%   0.767 GC:3    +
   65    73  0   0.0%   0.718 GU:3    +
   60    68  0   0.0%   0.436 UG:3    +
   27    44  0   0.0%   0.178 CG:3    +
   10    18  0   0.0%   0.140 UA:3    +
   69   108  0   0.0%   1.644 UG:3    +
   31    46  0   0.0%   0.330 GU:3    +
   14   110  0   0.0%   0.841 AU:3    +
   19   113  0   0.0%   0.115 AU:3    +
   28    42  0   0.0%   0.112 UA:3    +
   56    60  0   0.0%   0.237 AU:3    +
   15    25  0   0.0%   0.061 CG:3    +
   52    59  0   0.0%   0.683 GU:3    +
   70    77  0   0.0%   0.850 UG:3    +
   63    69  0   0.0%   0.137 AU:3    +
   33    37  0   0.0%   0.087 AU:3    +
   99   108  0   0.0%   1.493 CG:3    +
   80    84  0   0.0%   0.203 CG:3    +
   18    95  0   0.0%   0.046 AU:3    +
   79    87  0   0.0%   0.392 GC:3    +
   16    24  0   0.0%   0.016 AU:3    +
   64    68  0   0.0%   0.490 UG:3    +
   55    59  0   0.0%   0.057 AU:3    +
   56    73  0   0.0%   0.212 AU:3    +
   64    77  0   0.0%   0.430 UG:3    +
   79    96  0   0.0%   0.298 GU:3    +
   77    98  0   0.0%   0.444 GC:3    +
   58   113  0   0.0%   0.256 AU:3    +
   60    82  0   0.0%   0.374 UA:3    +
   89   104  0   0.0%   0.630 CG:3    +
   17    96  0   0.0%   0.058 AU:3    +
   35    94  0   0.0%   0.017 AU:3    +
   57    72  0   0.0%   0.190 AU:3    +
   12   108  0   0.0%   0.913 CG:3    +
   49   104  0   0.0%   0.501 CG:3    +
   53    74  0   0.0%   0.451 CG:3    +
   22   109  0   0.0%   1.042 GC:3    +
   59    83  0   0.0%   0.197 UA:3    +
   90   100  0   0.0%   1.039 CG:3    +
   21   112  0   0.0%   0.868 CG:3    +
   60    83  0   0.0%   0.380 UA:3    +
   15    52  0   0.0%   0.074 CG:3    +
   84    99  0   0.0%   1.706 GC:3    +
   66    73  0   0.0%   0.356 AU:3    +
   68    93  0   0.0%   0.765 GC:3    +
   84    88  0   0.0%   0.154 GC:3    +
   67   100  0   0.0%   0.622 CG:3    +
   69    92  0   0.0%   0.674 UA:3    +
   24    55  0   0.0%   0.712 UA:3    +
    1    13  0   0.0%   0.005 UG:3    +
   62   104  0   0.0%   0.389 CG:3    +
    2    74  0   0.0%   0.352 CG:3    +
   22    64  0   0.0%   0.789 GU:3    +
    5    59  0   0.0%   0.107 GU:3    +
    3    73  0   0.0%   0.443 GU:3    +
   59   112  0   0.0%   0.694 UG:3    +
   73   106  0   0.0%   1.079 UA:3    +
   52    93  0   0.0%   0.866 GC:3    +
   19    94  0   0.0%   0.033 AU:3    +
   54    68  0   0.0%   0.332 CG:3    +
  104   109  0   0.0%   1.513 GC:3    +
   51    67  0   0.0%   0.843 GC:3    +
   62    79  0   0.0%   0.201 CG:3    +
   10    14  0   0.0%   0.446 UA:3    +
    7    64  0   0.0%   0.007 AU:3    +
   74   107  0   0.0%   1.347 GC:3    +
    6    65  0   0.0%   0.039 CG:3    +
    4    72  0   0.0%   0.123 AU:3    +
   68    99  0   0.0%   0.827 GC:3    +
   23   108  0   0.0%   1.104 CG:3    +
   52    60  0   0.0%   0.860 GU:3    +
   74    90  0   0.0%   0.745 GC:3    +
   11    52  0   0.0%   0.171 CG:3    +
   49   100  0   0.0%   0.387 CG:3    +
   48   101  0   0.0%   0.781 GC:3    +
   68    88  0   0.0%   0.764 GC:3    +
   55    72  0   0.0%   0.282 AU:3    +
   88   104  0   0.0%   0.619 CG:3    +
   73    91  0   0.0%   0.442 UA:3    +
   13    37  0   0.0%   0.647 GU:3    +
   14    36  0   0.0%   0.323 AU:3    +
    1    75  0   0.0%   0.326 UA:3    +
    2    65  0   0.0%   0.350 CG:3    +
  103   110  0   0.0%   0.934 AU:3    +
   70    91  0   0.0%   0.604 UA:3    +
   12    51  0   0.0%   0.560 CG:3    +
   66   111  0   0.0%   1.098 AU:3    +
   11    74  0   0.0%   0.230 CG:3    +
   35    64  0   0.0%   0.038 AU:3    +
   34    65  0   0.0%   0.389 CG:3    +
   26    32  0   0.0%   0.013 CG:3    +
   27    31  0   0.0%   0.019 CG:3    +
   60    86  0   0.0%   0.517 UA:3    +
   21    32  0   0.0%   0.250 CG:3    +
  102   112  0   0.0%   1.332 CG:3    +
    9    59  0   0.0%   0.006 AU:3    +
    3    15  0   0.0%   0.427 GC:3    +
   79   107  0   0.0%   1.464 GC:3    +
   64    75  0   0.0%   0.433 UA:3    +
   64    92  0   0.0%   0.627 UA:3    +
   13    78  0   0.0%   0.909 GC:3    +
  103   111  0   0.0%   1.242 AU:3    +
   39    90  0   0.0%   0.390 GC:3    +
   10    58  0   0.0%   0.148 UA:3    +
   36    63  0   0.0%   0.118 UA:3    +
   18   110  0   0.0%   0.398 AU:3    +
   10    75  0   0.0%   0.223 UA:3    +
    9    69  0   0.0%   0.018 AU:3    +
   58    96  0   0.0%   0.200 AU:3    +
   59    92  0   0.0%   0.259 UA:3    +
    6    79  0   0.0%   0.039 CG:3    +
    5    80  0   0.0%   0.109 GC:3    +
   78   108  0   0.0%   1.332 CG:3    +
   79    93  0   0.0%   0.250 GC:3    +
    1    66  0   0.0%   0.324 UA:3    +
   19    70  0   0.0%   0.042 AU:3    +
   77   109  0   0.0%   1.732 GC:3    +
   56    69  0   0.0%   0.039 AU:3    +
    8    70  0   0.0%   0.007 AU:3    +
    6    25  0   0.0%   0.021 CG:3    +
   12    79  0   0.0%   0.587 CG:3    +
   69    85  0   0.0%   0.600 UA:3    +
    5    26  0   0.0%   0.090 GC:3    +
   52    89  0   0.0%   0.863 GC:3    +
    8    60  0   0.0%   0.007 AU:3    +
   25    54  0   0.0%   0.387 GC:3    +
   17   111  0   0.0%   0.481 AU:3    +
   70    84  0   0.0%   0.566 UG:3    +
   39    93  0   0.0%   0.390 GC:3    +
   72    92  0   0.0%   0.345 UA:3    +
   55    70  0   0.0%   0.284 AU:3    +
   64    83  0   0.0%   0.578 UA:3    +
   12    30  0   0.0%   0.554 CG:3    +
    7    24  0   0.0%   0.008 AU:3    +
    5    20  0   0.0%   0.083 GC:3    +
   11    31  0   0.0%   0.152 CG:3    +
   52    97  0   0.0%   0.892 GC:3    +
   58    73  0   0.0%   0.288 AU:3    +
   51    98  0   0.0%   0.892 GC:3    +
    9    72  0   0.0%   0.019 AU:3    +
   13    97  0   0.0%   0.911 GC:3    +
   51    90  0   0.0%   0.865 GC:3    +
   18   111  0   0.0%   0.418 AU:3    +
   38    94  0   0.0%   0.107 AU:3    +
   19   110  0   0.0%   0.389 AU:3    +
   25    34  0   0.0%   0.007 GC:3    +
   74    80  0   0.0%   0.583 GC:3    +
   31    36  0   0.0%   0.091 GU:3    +
   48    69  0   0.0%   0.782 GU:3    +
   79    90  0   0.0%   0.306 GC:3    +
   49    68  0   0.0%   0.338 CG:3    +
  104   110  0   0.0%   1.401 GU:3    +
   47    70  0   0.0%   0.141 AU:3    +
   12    39  0   0.0%   0.560 CG:3    +
   13    53  0   0.0%   0.658 GC:3    +
   95   103  0   0.0%   1.276 UA:3    +
   14    96  0   0.0%   0.531 AU:3    +
   91    96  0   0.0%   0.628 AU:3    +
    8    73  0   0.0%   0.009 AU:3    +
   84   102  0   0.0%   1.438 GC:3    +
   10    71  0   0.0%   0.220 UA:3    +
   76    84  0   0.0%   0.473 CG:3    +
  107   112  0   0.0%   1.172 CG:3    +
   59    84  0   0.0%   0.198 UG:3    +
   22    78  0   0.0%   0.763 GC:3    +
   46    71  0   0.0%   0.093 UA:3    +
    3    64  0   0.0%   0.440 GU:3    +
   51    61  0   0.0%   0.981 GC:3    +
   43    48  0   0.0%   1.182 CG:3    +
   60    92  0   0.0%   0.460 UA:3    +
   10    68  0   0.0%   0.219 UG:3    +
   67   112  0   0.0%   1.706 CG:3    +
   89   100  0   0.0%   0.972 CG:3    +
  101   112  0   0.0%   1.443 CG:3    +
   21    79  0   0.0%   0.459 CG:3    +
   17    69  0   0.0%   0.033 AU:3    +
    8    64  0   0.0%   0.006 AU:3    +
   87   100  0   0.0%   1.104 CG:3    +
   24    35  0   0.0%   0.015 UA:3    +
   16    70  0   0.0%   0.041 AU:3    +
   66   113  0   0.0%   0.460 AU:3    +
   54   104  0   0.0%   0.584 CG:3    +
   94   104  0   0.0%   1.209 UG:3    +
   81   104  0   0.0%   0.913 CG:3    +
    7    69  0   0.0%   0.006 AU:3    +
    3   102  0   0.0%   0.443 GC:3    +
   31    89  0   0.0%   0.280 GC:3    +
   59    75  0   0.0%   0.193 UA:3    +
    6    68  0   0.0%   0.037 CG:3    +
   30    90  0   0.0%   0.139 GC:3    +
   32    88  0   0.0%   0.303 GC:3    +
    5    62  0   0.0%   0.106 GC:3    +
   46   103  0   0.0%   0.127 UA:3    +
   11    84  0   0.0%   0.228 CG:3    +
  100   113  0   0.0%   1.182 GU:3    +
    5    69  0   0.0%   0.107 GU:3    +
   45   104  0   0.0%   0.356 CG:3    +
  106   113  0   0.0%   0.645 AU:3    +
   73    83  0   0.0%   0.531 UA:3    +
   60    91  0   0.0%   0.457 UA:3    +
   65   107  0   0.0%   0.913 GC:3    +
   88   100  0   0.0%   0.963 CG:3    +
   27   104  0   0.0%   0.593 CG:3    +
   52   113  0   0.0%   1.025 GU:3    +
   44   109  0   0.0%   0.398 GC:3    +
   45   108  0   0.0%   0.465 CG:3    +
   53   112  0   0.0%   0.970 CG:3    +
   22    62  0   0.0%   0.780 GC:3    +
   13    98  0   0.0%   0.911 GC:3    +
   31    53  0   0.0%   0.669 GC:3    +
   30    54  0   0.0%   0.171 GC:3    +
   36    92  0   0.0%   0.106 UA:3    +
   72    84  0   0.0%   0.462 UG:3    +
   37    91  0   0.0%   0.107 UA:3    +
   41   112  0   0.0%   0.564 CG:3    +
   79    89  0   0.0%   0.249 GC:3    +
   32    61  0   0.0%   0.499 GC:3    +
   42   111  0   0.0%   0.431 AU:3    +
   22    61  0   0.0%   0.950 GC:3    +
   13    26  0   0.0%   0.645 GC:3    +
   10    85  0   0.0%   0.221 UA:3    +
   22   111  0   0.0%   1.151 GU:3    +
   39    61  0   0.0%   0.584 GC:3    +
   28   103  0   0.0%   0.165 UA:3    +
   33    60  0   0.0%   0.229 AU:3    +
   10    65  0   0.0%   0.161 UG:3    +
   31    62  0   0.0%   0.305 GC:3    +
   31    97  0   0.0%   0.281 GC:3    +
   30    98  0   0.0%   0.140 GC:3    +
   18    96  0   0.0%   0.046 AU:3    +
   54   100  0   0.0%   0.516 CG:3    +
   40    60  0   0.0%   0.238 AU:3    +
   22   101  0   0.0%   0.774 GC:3    +
   23   100  0   0.0%   0.849 CG:3    +
   65    97  0   0.0%   0.929 GC:3    +
   96   106  0   0.0%   1.201 UA:3    +
   15    48  0   0.0%   0.057 CG:3    +
   33    95  0   0.0%   0.018 AU:3    +
   32    96  0   0.0%   0.315 GU:3    +
   68    80  0   0.0%   0.663 GC:3    +
   39    89  0   0.0%   0.387 GC:3    +
   65    93  0   0.0%   0.902 GC:3    +
   66    96  0   0.0%   0.210 AU:3    +
   60    74  0   0.0%   0.440 UG:3    +
    8    69  0   0.0%   0.005 AU:3    +
   11   100  0   0.0%   0.233 CG:3    +
   64    74  0   0.0%   0.593 UG:3    +
   40   113  0   0.0%   0.101 AU:3    +
   13    59  0   0.0%   0.653 GU:3    +
   69    79  0   0.0%   0.749 UG:3    +
   23    77  0   0.0%   0.791 CG:3    +
   52    87  0   0.0%   0.859 GC:3    +
    2    84  0   0.0%   0.351 CG:3    +
   20    65  0   0.0%   0.237 CG:3    +
   86    96  0   0.0%   1.056 AU:3    +
   68   111  0   0.0%   1.884 GU:3    +
    7    70  0   0.0%   0.005 AU:3    +
   19    95  0   0.0%   0.035 AU:3    +
   51    70  0   0.0%   0.849 GU:3    +
   19    46  0   0.0%   0.008 AU:3    +
   52    90  0   0.0%   0.864 GC:3    +
   35    95  0   0.0%   0.017 AU:3    +
   65    72  0   0.0%   0.715 GU:3    +
   41    48  0   0.0%   0.911 CG:3    +
   39    54  0   0.0%   0.419 GC:3    +
   51    94  0   0.0%   0.874 GU:3    +
   13    24  0   0.0%   0.649 GU:3    +
    1    85  0   0.0%   0.325 UA:3    +
   95   100  0   0.0%   1.843 UG:3    +
   87   104  0   0.0%   0.758 CG:3    +
   31    61  0   0.0%   0.475 GC:3    +
   30    62  0   0.0%   0.163 GC:3    +
   80   104  0   0.0%   0.803 CG:3    +
   84   107  0   0.0%   1.263 GC:3    +
   77    90  0   0.0%   0.473 GC:3    +
   84   101  0   0.0%   1.537 GC:3    +
    1   112  0   0.0%   0.329 UG:3    +
   12    25  0   0.0%   0.553 CG:3    +
   32    53  0   0.0%   0.692 GC:3    +
   32    60  0   0.0%   0.523 GU:3    +
   52    98  0   0.0%   0.892 GC:3    +
   13   109  0   0.0%   1.304 GC:3    +
   10    32  0   0.0%   0.140 UG:3    +
   30    37  0   0.0%   0.161 GU:3    +
   20    48  0   0.0%   0.067 CG:3    +
   31    54  0   0.0%   0.312 GC:3    +
   52   107  0   0.0%   0.916 GC:3    +
   29    36  0   0.0%   0.005 AU:3    +
   51    88  0   0.0%   0.862 GC:3    +
   67   104  0   0.0%   0.697 CG:3    +
   51    76  0   0.0%   0.835 GC:3    +
   51    99  0   0.0%   0.928 GC:3    +
   25    43  0   0.0%   0.040 GC:3    +
   79    95  0   0.0%   0.269 GU:3    +
   11    79  0   0.0%   0.228 CG:3    +
   33    59  0   0.0%   0.051 AU:3    +
   22    80  0   0.0%   0.762 GC:3    +
   44    78  0   0.0%   0.125 GC:3    +
   32    37  0   0.0%   0.088 GU:3    +
    1    16  0   0.0%   0.321 UA:3    +
   45    77  0   0.0%   0.175 CG:3    +
   57   113  0   0.0%   0.232 AU:3    +
   43    79  0   0.0%   0.433 CG:3    +
    4    70  0   0.0%   0.120 AU:3    +
   16    95  0   0.0%   0.047 AU:3    +
   36    58  0   0.0%   0.105 UA:3    +
   37    92  0   0.0%   0.108 UA:3    +
    3    81  0   0.0%   0.441 GC:3    +
   23    79  0   0.0%   0.792 CG:3    +
   17    94  0   0.0%   0.037 AU:3    +
    3   109  0   0.0%   0.443 GC:3    +
   44    67  0   0.0%   0.133 GC:3    +
    9   110  0   0.0%   0.323 AU:3    +
   10    22  0   0.0%   0.148 UG:3    +
   43    68  0   0.0%   0.455 CG:3    +
   22    93  0   0.0%   0.762 GC:3    +
   32    49  0   0.0%   0.596 GC:3    +
   52   102  0   0.0%   1.047 GC:3    +
   15   104  0   0.0%   0.255 CG:3    +
   35    59  0   0.0%   0.048 AU:3    +
   13    27  0   0.0%   0.644 GC:3    +
   13    90  0   0.0%   0.909 GC:3    +
   52    88  0   0.0%   0.860 GC:3    +
   20   108  0   0.0%   0.440 CG:3    +
   65    69  0   0.0%   0.579 GU:3    +
   91    95  0   0.0%   0.932 AU:3    +
   94   100  0   0.0%   1.517 UG:3    +
   37    57  0   0.0%   0.106 UA:3    +
   14    64  0   0.0%   0.544 AU:3    +
   60   112  0   0.0%   0.895 UG:3    +
   31    49  0   0.0%   0.572 GC:3    +
   34    48  0   0.0%   1.033 CG:3    +
   68   102  0   0.0%   0.905 GC:3    +
   13    81  0   0.0%   0.908 GC:3    +
   74    78  0   0.0%   0.827 GC:3    +
   23    65  0   0.0%   0.882 CG:3    +
   21   100  0   0.0%   0.516 CG:3    +
   60    71  0   0.0%   0.364 UA:3    +
   31    37  0   0.0%   0.096 GU:3    +
   92    96  0   0.0%   0.578 AU:3    +
   42    69  0   0.0%   0.069 AU:3    +
   77    87  0   0.0%   0.560 GC:3    +
   52    64  0   0.0%   0.735 GU:3    +
   74    93  0   0.0%   0.687 GC:3    +
    8    95  0   0.0%   0.006 AU:3    +
    4   111  0   0.0%   0.666 AU:3    +
   39    43  0   0.0%   0.792 GC:3    +
   50    95  0   0.0%   0.291 AU:3    +
    7    96  0   0.0%   0.006 AU:3    +
    8   111  0   0.0%   0.356 AU:3    +
   77    81  0   0.0%   0.706 GC:3    +
   22    99  0   0.0%   0.799 GC:3    +
    8    59  0   0.0%   0.003 AU:3    +
    7    60  0   0.0%   0.005 AU:3    +
   65    99  0   0.0%   0.964 GC:3    +
    3   107  0   0.0%   0.442 GC:3    +
   39    49  0   0.0%   0.680 GC:3    +
   19    60  0   0.0%   0.230 AU:3    +
   96   100  0   0.0%   1.538 UG:3    +
   38    59  0   0.0%   0.140 AU:3    +
   43    51  0   0.0%   1.187 CG:3    +
   23    32  0   0.0%   0.020 CG:3    +
   12    52  0   0.0%   0.571 CG:3    +
   97   112  0   0.0%   1.392 CG:3    +
    2   108  0   0.0%   0.355 CG:3    +
    7    73  0   0.0%   0.006 AU:3    +
   24    31  0   0.0%   0.027 UG:3    +
   71    96  0   0.0%   0.146 AU:3    +
   51    89  0   0.0%   0.862 GC:3    +
    3    27  0   0.0%   0.429 GC:3    +
   58   110  0   0.0%   0.535 AU:3    +
   17    24  0   0.0%   0.015 AU:3    +
   61    79  0   0.0%   0.443 CG:3    +
   34    51  0   0.0%   1.050 CG:3    +
    3    26  0   0.0%   0.429 GC:3    +
   51    93  0   0.0%   0.863 GC:3    +
   57   111  0   0.0%   0.535 AU:3    +
   39    60  0   0.0%   0.607 GU:3    +
   40    59  0   0.0%   0.060 AU:3    +
    8    72  0   0.0%   0.006 AU:3    +
   49    84  0   0.0%   0.318 CG:3    +
   57   110  0   0.0%   0.515 AU:3    +
    1    17  0   0.0%   0.321 UA:3    +
    9    94  0   0.0%   0.016 AU:3    +
  102   108  0   0.0%   1.178 CG:3    +
   26    39  0   0.0%   0.008 CG:3    +
   77    89  0   0.0%   0.417 GC:3    +
    1    56  0   0.0%   0.322 UA:3    +
   63    94  0   0.0%   0.145 AU:3    +
   15    79  0   0.0%   0.085 CG:3    +
   48    81  0   0.0%   0.763 GC:3    +
   24   105  0   0.0%   0.874 UA:3    +
    1     8  0   0.0%   0.001 UA:3    +
   70    86  0   0.0%   0.760 UA:3    +
   68    89  0   0.0%   0.764 GC:3    +
   79   109  0   0.0%   1.775 GC:3    +
   44    49  0   0.0%   0.398 GC:3    +
   80   108  0   0.0%   0.875 CG:3    +
   56   111  0   0.0%   0.515 AU:3    +
   65   101  0   0.0%   0.961 GC:3    +
   18    24  0   0.0%   0.012 AU:3    +
   28   100  0   0.0%   0.203 UG:3    +
   15   108  0   0.0%   0.383 CG:3    +
   68    72  0   0.0%   0.360 GU:3    +
    3    20  0   0.0%   0.426 GC:3    +
   48   109  0   0.0%   1.037 GC:3    +
   50    94  0   0.0%   0.290 AU:3    +
    5    21  0   0.0%   0.084 GC:3    +
   21    74  0   0.0%   0.473 CG:3    +
   74    88  0   0.0%   0.686 GC:3    +
   56   113  0   0.0%   0.211 AU:3    +
   49   108  0   0.0%   0.605 CG:3    +
   49    74  0   0.0%   0.329 CG:3    +
    5    54  0   0.0%   0.109 GC:3    +
   21   104  0   0.0%   0.611 CG:3    +
   50    73  0   0.0%   0.297 AU:3    +
   53   104  0   0.0%   0.717 CG:3    +
   31    88  0   0.0%   0.278 GC:3    +
   32    87  0   0.0%   0.301 GC:3    +
   30    89  0   0.0%   0.137 GC:3    +
   47    64  0   0.0%   0.154 AU:3    +
   13    89  0   0.0%   0.908 GC:3    +
   19    64  0   0.0%   0.040 AU:3    +
   32    36  0   0.0%   0.082 GU:3    +
   51    78  0   0.0%   0.831 GC:3    +
   13    88  0   0.0%   0.908 GC:3    +
   19    24  0   0.0%   0.013 AU:3    +
   23   112  0   0.0%   1.220 CG:3    +
   46    50  0   0.0%   0.336 UA:3    +
   13   113  0   0.0%   1.074 GU:3    +
   22   113  0   0.0%   0.855 GU:3    +
   68    90  0   0.0%   0.819 GC:3    +
   54    79  0   0.0%   0.439 CG:3    +
   36    57  0   0.0%   0.103 UA:3    +
   64   100  0   0.0%   0.740 UG:3    +
   46    65  0   0.0%   0.187 UG:3    +
   47   110  0   0.0%   0.484 AU:3    +
   14    37  0   0.0%   0.323 AU:3    +
   28    44  0   0.0%   0.175 UG:3    +
   13    93  0   0.0%   0.909 GC:3    +
   45    51  0   0.0%   0.908 CG:3    +
   37    56  0   0.0%   0.106 UA:3    +
   34    52  0   0.0%   0.899 CG:3    +
    6   104  0   0.0%   0.046 CG:3    +
    6    74  0   0.0%   0.038 CG:3    +
   17    46  0   0.0%   0.009 AU:3    +
   59    82  0   0.0%   0.189 UA:3    +
   36    56  0   0.0%   0.103 UA:3    +
   37    55  0   0.0%   0.107 UA:3    +
    5    78  0   0.0%   0.106 GC:3    +
   77    88  0   0.0%   0.416 GC:3    +
   43    52  0   0.0%   1.036 CG:3    +
    6    77  0   0.0%   0.036 CG:3    +
   18    69  0   0.0%   0.022 AU:3    +
   59   105  0   0.0%   0.395 UA:3    +
    4   113  0   0.0%   0.392 AU:3    +
   17    70  0   0.0%   0.032 AU:3    +
    9    24  0   0.0%   0.007 AU:3    +
   50    69  0   0.0%   0.300 AU:3    +
   24   106  0   0.0%   0.740 UA:3    +
   51    59  0   0.0%   0.827 GU:3    +
   22    90  0   0.0%   0.761 GC:3    +
   60   104  0   0.0%   0.641 UG:3    +
   13    80  0   0.0%   0.908 GC:3    +
   22    76  0   0.0%   0.765 GC:3    +
   73    79  0   0.0%   0.464 UG:3    +
   32    67  0   0.0%   0.311 GC:3    +
    3    97  0   0.0%   0.441 GC:3    +
   41    52  0   0.0%   0.766 CG:3    +
   44    54  0   0.0%   0.157 GC:3    +
    1    18  0   0.0%   0.321 UA:3    +
   12    84  0   0.0%   0.585 CG:3    +
   30    34  0   0.0%   0.014 GC:3    +
   20    25  0   0.0%   0.058 CG:3    +
   24    30  0   0.0%   0.025 UG:3    +
   66    95  0   0.0%   0.186 AU:3    +
   23    31  0   0.0%   0.028 CG:3    +
    5    93  0   0.0%   0.107 GC:3    +
    4    94  0   0.0%   0.121 AU:3    +
    4    96  0   0.0%   0.121 AU:3    +
   37    44  0   0.0%   0.188 UG:3    +
   51    60  0   0.0%   1.004 GU:3    +
   16    72  0   0.0%   0.039 AU:3    +
    1    55  0   0.0%   0.321 UA:3    +
   26    51  0   0.0%   1.174 CG:3    +
   51    72  0   0.0%   0.845 GU:3    +
   26   104  0   0.0%   0.639 CG:3    +
   52    70  0   0.0%   0.793 GU:3    +
    8    24  0   0.0%   0.007 AU:3    +
   11   108  0   0.0%   0.648 CG:3    +
    9    70  0   0.0%   0.017 AU:3    +
   77   107  0   0.0%   1.418 GC:3    +
    3    62  0   0.0%   0.438 GC:3    +
   21    84  0   0.0%   0.457 CG:3    +
   16   110  0   0.0%   0.362 AU:3    +
   19    96  0   0.0%   0.035 AU:3    +
    4    59  0   0.0%   0.116 AU:3    +
   62   100  0   0.0%   0.310 CG:3    +
   46    82  0   0.0%   0.091 UA:3    +
   94   108  0   0.0%   1.271 UG:3    +
    3    95  0   0.0%   0.441 GU:3    +
   74    89  0   0.0%   0.687 GC:3    +
   25   109  0   0.0%   0.652 GC:3    +
    1     7  0   0.0%   0.000 UA:3    +
   93   112  0   0.0%   1.170 CG:3    +
   72    82  0   0.0%   0.301 UA:3    +
   26   108  0   0.0%   0.747 CG:3    +
   98   112  0   0.0%   1.199 CG:3    +
   55   113  0   0.0%   0.464 AU:3    +
   65    96  0   0.0%   0.947 GU:3    +
   39    88  0   0.0%   0.386 GC:3    +
   74    97  0   0.0%   0.711 GC:3    +
   74    87  0   0.0%   0.830 GC:3    +
   48    78  0   0.0%   0.762 GC:3    +
   22    34  0   0.0%   0.273 GC:3    +
   18    64  0   0.0%   0.044 AU:3    +
    2    48  0   0.0%   0.346 CG:3    +
   49    77  0   0.0%   0.314 CG:3    +
   69   104  0   0.0%   0.862 UG:3    +
   75    96  0   0.0%   0.399 AU:3    +
   17    64  0   0.0%   0.055 AU:3    +
   21    48  0   0.0%   0.247 CG:3    +
   16   113  0   0.0%   0.199 AU:3    +
   66    94  0   0.0%   0.179 AU:3    +
   67    84  0   0.0%   0.623 CG:3    +
    3    60  0   0.0%   0.435 GU:3    +
   10   108  0   0.0%   0.651 UG:3    +
    3    99  0   0.0%   0.441 GC:3    +
   59    74  0   0.0%   0.302 UG:3    +
   77    97  0   0.0%   0.440 GC:3    +
   37    74  0   0.0%   0.124 UG:3    +
    3    10  0   0.0%   0.000 GU:3    +
   13    49  0   0.0%   0.645 GC:3    +
   55    69  0   0.0%   0.289 AU:3    +
   38    73  0   0.0%   0.112 AU:3    +
   19   111  0   0.0%   0.406 AU:3    +
   14    24  0   0.0%   0.326 AU:3    +
   50    60  0   0.0%   0.490 AU:3    +
   10    57  0   0.0%   0.145 UA:3    +
   28    40  0   0.0%   0.079 UA:3    +
   63    95  0   0.0%   0.152 AU:3    +
   15    77  0   0.0%   0.085 CG:3    +
   45    65  0   0.0%   0.267 CG:3    +
   92   113  0   0.0%   0.196 AU:3    +
   51    80  0   0.0%   0.832 GC:3    +
   22    59  0   0.0%   0.798 GU:3    +
   56    94  0   0.0%   0.110 AU:3    +
   70   103  0   0.0%   0.587 UA:3    +
   18   113  0   0.0%   0.120 AU:3    +
   52    81  0   0.0%   0.890 GC:3    +
   55    95  0   0.0%   0.368 AU:3    +
   74    99  0   0.0%   0.748 GC:3    +
   52    99  0   0.0%   0.927 GC:3    +
   54    84  0   0.0%   0.403 CG:3    +
   69    84  0   0.0%   0.638 UG:3    +
   76   112  0   0.0%   1.535 CG:3    +
   62    77  0   0.0%   0.196 CG:3    +
    3   110  0   0.0%   0.442 GU:3    +
   17   113  0   0.0%   0.183 AU:3    +
   36    75  0   0.0%   0.107 UA:3    +
   15    51  0   0.0%   0.058 CG:3    +
   65    87  0   0.0%   0.833 GC:3    +
   32    46  0   0.0%   0.351 GU:3    +
    5    76  0   0.0%   0.106 GC:3    +
   39    53  0   0.0%   0.775 GC:3    +
   27    65  0   0.0%   0.502 CG:3    +
   11    68  0   0.0%   0.226 CG:3    +
   23    39  0   0.0%   0.017 CG:3    +
   11    25  0   0.0%   0.151 CG:3    +
   65    95  0   0.0%   0.924 GU:3    +
   50    59  0   0.0%   0.313 AU:3    +
   15    84  0   0.0%   0.084 CG:3    +
    5   110  0   0.0%   0.653 GU:3    +
   20   104  0   0.0%   0.312 CG:3    +
   22    73  0   0.0%   0.777 GU:3    +
    3    78  0   0.0%   0.440 GC:3    +
    2   100  0   0.0%   0.350 CG:3    +
    2    25  0   0.0%   0.346 CG:3    +
   29    64  0   0.0%   0.145 AU:3    +
    1    57  0   0.0%   0.321 UA:3    +
   16    94  0   0.0%   0.046 AU:3    +
   24    38  0   0.0%   0.013 UA:3    +
   99   112  0   0.0%   1.654 CG:3    +
    5    95  0   0.0%   0.107 GU:3    +
   21    77  0   0.0%   0.457 CG:3    +
    7    95  0   0.0%   0.005 AU:3    +
    9    60  0   0.0%   0.006 AU:3    +
   37    65  0   0.0%   0.202 UG:3    +
   48    53  0   0.0%   1.168 GC:3    +
    8    94  0   0.0%   0.006 AU:3    +
   26    31  0   0.0%   0.017 CG:3    +
   48    93  0   0.0%   0.763 GC:3    +
   28    65  0   0.0%   0.227 UG:3    +
   38    95  0   0.0%   0.107 AU:3    +
   39    59  0   0.0%   0.430 GU:3    +
   11   112  0   0.0%   0.702 CG:3    +
    2    79  0   0.0%   0.349 CG:3    +
   20    79  0   0.0%   0.159 CG:3    +
   24    56  0   0.0%   0.710 UA:3    +
    3   113  0   0.0%   0.716 GU:3    +
    5    61  0   0.0%   0.106 GC:3    +
   10    56  0   0.0%   0.145 UA:3    +
   44    88  0   0.0%   0.124 GC:3    +
   39    72  0   0.0%   0.401 GU:3    +
   22   110  0   0.0%   1.131 GU:3    +
   75   113  0   0.0%   0.534 AU:3    +
   59    77  0   0.0%   0.230 UG:3    +
   79   113  0   0.0%   1.340 GU:3    +
   10    55  0   0.0%   0.144 UA:3    +
   17    36  0   0.0%   0.007 AU:3    +
   36    66  0   0.0%   0.164 UA:3    +
   24    44  0   0.0%   0.075 UG:3    +
   36    44  0   0.0%   0.192 UG:3    +
   54   108  0   0.0%   0.703 CG:3    +
   17    73  0   0.0%   0.054 AU:3    +
   77    93  0   0.0%   0.415 GC:3    +
   73   100  0   0.0%   0.506 UG:3    +
   13    87  0   0.0%   0.908 GC:3    +
   16    37  0   0.0%   0.007 AU:3    +
   22    60  0   0.0%   0.974 GU:3    +
   38    60  0   0.0%   0.317 AU:3    +
   38    64  0   0.0%   0.128 AU:3    +
   33    46  0   0.0%   0.057 AU:3    +
   44    76  0   0.0%   0.128 GC:3    +
   43    74  0   0.0%   0.447 CG:3    +
   73    84  0   0.0%   0.509 UG:3    +
   43    77  0   0.0%   0.432 CG:3    +
   10    79  0   0.0%   0.220 UG:3    +
   21    39  0   0.0%   0.246 CG:3    +
    2    52  0   0.0%   0.346 CG:3    +
   25    37  0   0.0%   0.007 GU:3    +
   68   101  0   0.0%   0.822 GC:3    +
   34    68  0   0.0%   0.319 CG:3    +
   18    46  0   0.0%   0.006 AU:3    +
   41    79  0   0.0%   0.161 CG:3    +
   44    73  0   0.0%   0.140 GU:3    +
    9   113  0   0.0%   0.055 AU:3    +
   33    69  0   0.0%   0.026 AU:3    +
   39    95  0   0.0%   0.400 GU:3    +
   15    39  0   0.0%   0.059 CG:3    +
   48    54  0   0.0%   0.790 GC:3    +
   71    94  0   0.0%   0.116 AU:3    +
    9    36  0   0.0%   0.001 AU:3    +
   68    97  0   0.0%   0.788 GC:3    +
   18    72  0   0.0%   0.042 AU:3    +
   72    85  0   0.0%   0.527 UA:3    +
   60   106  0   0.0%   0.475 UA:3    +
    1     9  0   0.0%   0.001 UA:3    +
   48    76  0   0.0%   0.765 GC:3    +
   22    27  0   0.0%   0.273 GC:3    +
    8    37  0   0.0%   0.001 AU:3    +
   45   100  0   0.0%   0.245 CG:3    +
   47    94  0   0.0%   0.132 AU:3    +
   73    85  0   0.0%   0.575 UA:3    +
   79    94  0   0.0%   0.262 GU:3    +
   44   101  0   0.0%   0.138 GC:3    +
   41    51  0   0.0%   0.916 CG:3    +
   22    89  0   0.0%   0.761 GC:3    +
   77   111  0   0.0%   1.935 GU:3    +
   39    81  0   0.0%   0.385 GC:3    +
   43    84  0   0.0%   0.430 CG:3    +
   44    87  0   0.0%   0.123 GC:3    +
   45    79  0   0.0%   0.175 CG:3    +
   27    32  0   0.0%   0.010 CG:3    +
   32    70  0   0.0%   0.320 GU:3    +
   69   100  0   0.0%   0.786 UG:3    +
   44    80  0   0.0%   0.124 GC:3    +
   18    36  0   0.0%   0.004 AU:3    +
   17    37  0   0.0%   0.007 AU:3    +
   68    81  0   0.0%   0.749 GC:3    +
    3    80  0   0.0%   0.440 GC:3    +
   10   112  0   0.0%   0.705 UG:3    +
   70   108  0   0.0%   1.542 UG:3    +
   45   112  0   0.0%   0.581 CG:3    +
   39    94  0   0.0%   0.399 GU:3    +
   52    94  0   0.0%   0.874 GU:3    +
   40    94  0   0.0%   0.025 AU:3    +
   46    68  0   0.0%   0.117 UG:3    +
   36    83  0   0.0%   0.104 UA:3    +
   70    83  0   0.0%   0.448 UA:3    +
    9   111  0   0.0%   0.331 AU:3    +
    7   110  0   0.0%   0.276 AU:3    +
   89   112  0   0.0%   0.861 CG:3    +
   65   113  0   0.0%   1.540 GU:3    +
   75   110  0   0.0%   0.865 AU:3    +
   48   107  0   0.0%   0.770 GC:3    +
   55   110  0   0.0%   0.736 AU:3    +
   59    91  0   0.0%   0.255 UA:3    +
    8    96  0   0.0%   0.006 AU:3    +
    1    19  0   0.0%   0.321 UA:3    +
   10    52  0   0.0%   0.155 UG:3    +
   37    82  0   0.0%   0.105 UA:3    +
   24    63  0   0.0%   0.721 UA:3    +
   58   111  0   0.0%   0.555 AU:3    +
    3    53  0   0.0%   0.429 GC:3    +
   72    86  0   0.0%   0.548 UA:3    +
   22    26  0   0.0%   0.275 GC:3    +
   72    77  0   0.0%   0.605 UG:3    +
   25   107  0   0.0%   0.386 GC:3    +
   45    74  0   0.0%   0.189 CG:3    +
   80   112  0   0.0%   1.037 CG:3    +
   46    66  0   0.0%   0.150 UA:3    +
  105   110  0   0.0%   1.197 AU:3    +
   74   111  0   0.0%   1.862 GU:3    +
    1     5  0   0.0%   0.000 UG:3    +
   65    98  0   0.0%   0.928 GC:3    +
    5    67  0   0.0%   0.105 GC:3    +
   24    33  0   0.0%   0.015 UA:3    +
   34    74  0   0.0%   0.311 CG:3    +
   61   100  0   0.0%   0.598 CG:3    +
   18    73  0   0.0%   0.043 AU:3    +
   48    62  0   0.0%   0.782 GC:3    +
  105   111  0   0.0%   1.504 AU:3    +
   25    62  0   0.0%   0.378 GC:3    +
   44   113  0   0.0%   0.210 GU:3    +
   35    73  0   0.0%   0.021 AU:3    +
    9    95  0   0.0%   0.016 AU:3    +
   23    68  0   0.0%   0.813 CG:3    +
   22   102  0   0.0%   0.837 GC:3    +
   28    48  0   0.0%   0.860 UG:3    +
   14    95  0   0.0%   0.529 AU:3    +
    8    36  0   0.0%   0.001 AU:3    +
   20    44  0   0.0%   0.067 CG:3    +
   22    69  0   0.0%   0.779 GU:3    +
   25    67  0   0.0%   0.362 GC:3    +
   64   105  0   0.0%   0.774 UA:3    +
   19    72  0   0.0%   0.039 AU:3    +
   20   100  0   0.0%   0.216 CG:3    +
   20    84  0   0.0%   0.158 CG:3    +
    1    58  0   0.0%   0.321 UA:3    +
   64    84  0   0.0%   0.693 UG:3    +
   48    97  0   0.0%   0.790 GC:3    +
  104   111  0   0.0%   1.706 GU:3    +
   14   111  0   0.0%   0.849 AU:3    +
   36    47  0   0.0%   0.194 UA:3    +
    7    36  0   0.0%   0.001 AU:3    +
   39    80  0   0.0%   0.386 GC:3    +
    7    37  0   0.0%   0.001 AU:3    +
   14    94  0   0.0%   0.528 AU:3    +
   24    57  0   0.0%   0.709 UA:3    +
   41    74  0   0.0%   0.176 CG:3    +
   46    85  0   0.0%   0.095 UA:3    +
   25    78  0   0.0%   0.354 GC:3    +
   11    51  0   0.0%   0.155 CG:3    +
   91   110  0   0.0%   0.575 AU:3    +
   64    85  0   0.0%   0.653 UA:3    +
   22    81  0   0.0%   0.761 GC:3    +
   34    77  0   0.0%   0.296 CG:3    +
   63    96  0   0.0%   0.175 AU:3    +
   55    94  0   0.0%   0.367 AU:3    +
   37    71  0   0.0%   0.106 UA:3    +
   26    77  0   0.0%   0.456 CG:3    +
   42    73  0   0.0%   0.066 AU:3    +
   59   103  0   0.0%   0.288 UA:3    +
   38    70  0   0.0%   0.113 AU:3    +
   47    73  0   0.0%   0.138 AU:3    +
   22    88  0   0.0%   0.760 GC:3    +
   22    87  0   0.0%   0.760 GC:3    +
   30    81  0   0.0%   0.137 GC:3    +
   34    84  0   0.0%   0.294 CG:3    +
   31    80  0   0.0%   0.279 GC:3    +
    2    30  0   0.0%   0.346 CG:3    +
    5    49  0   0.0%   0.091 GC:3    +
    6    48  0   0.0%   0.022 CG:3    +
    1    63  0   0.0%   0.321 UA:3    +
   13    41  0   0.0%   0.644 GC:3    +
   61    77  0   0.0%   0.442 CG:3    +
   76   108  0   0.0%   1.371 CG:3    +
   22    41  0   0.0%   0.273 GC:3    +
   16    46  0   0.0%   0.008 AU:3    +
   70    79  0   0.0%   0.675 UG:3    +
    9    73  0   0.0%   0.018 AU:3    +
   60   103  0   0.0%   0.489 UA:3    +
   60    79  0   0.0%   0.410 UG:3    +
   30    69  0   0.0%   0.157 GU:3    +
    7    59  0   0.0%   0.003 AU:3    +
   29    70  0   0.0%   0.131 AU:3    +
   41    68  0   0.0%   0.184 CG:3    +
   13    95  0   0.0%   0.909 GU:3    +
   46    74  0   0.0%   0.110 UG:3    +
   20    74  0   0.0%   0.175 CG:3    +
   19    36  0   0.0%   0.005 AU:3    +
   40    69  0   0.0%   0.034 AU:3    +
   34   112  0   0.0%   0.697 CG:3    +
   13    43  0   0.0%   0.644 GC:3    +
   64   106  0   0.0%   0.637 UA:3    +
   51   107  0   0.0%   0.910 GC:3    +
   53    84  0   0.0%   0.493 CG:3    +
   28    71  0   0.0%   0.133 UA:3    +
  106   110  0   0.0%   0.982 AU:3    +
   16    36  0   0.0%   0.007 AU:3    +
   14    28  0   0.0%   0.319 AU:3    +
   48    72  0   0.0%   0.776 GU:3    +
   32    98  0   0.0%   0.357 GC:3    +
   31    99  0   0.0%   0.370 GC:3    +
    3    24  0   0.0%   0.428 GU:3    +
   45    68  0   0.0%   0.197 CG:3    +
   21    25  0   0.0%   0.234 CG:3    +
   18    37  0   0.0%   0.004 AU:3    +
   73   108  0   0.0%   1.420 UG:3    +
   13    96  0   0.0%   0.909 GU:3    +
   69    83  0   0.0%   0.521 UA:3    +
   89   108  0   0.0%   0.696 CG:3    +
   37    63  0   0.0%   0.118 UA:3    +
    5   107  0   0.0%   0.112 GC:3    +
   39    70  0   0.0%   0.404 GU:3    +
   24    52  0   0.0%   1.297 UG:3    +
   37    85  0   0.0%   0.106 UA:3    +
   27    84  0   0.0%   0.408 CG:3    +
    4    28  0   0.0%   0.113 AU:3    +
   70    82  0   0.0%   0.544 UA:3    +
   36    86  0   0.0%   0.104 UA:3    +
   44    69  0   0.0%   0.143 GU:3    +
   71    95  0   0.0%   0.122 AU:3    +
   28    83  0   0.0%   0.132 UA:3    +
   59   104  0   0.0%   0.440 UG:3    +
   25    90  0   0.0%   0.352 GC:3    +
   35   111  0   0.0%   0.387 AU:3    +
   33   113  0   0.0%   0.116 AU:3    +
   24   104  0   0.0%   0.915 UG:3    +
   41    65  0   0.0%   0.253 CG:3    +
    2    39  0   0.0%   0.346 CG:3    +
   48    61  0   0.0%   0.953 GC:3    +
   47   113  0   0.0%   0.207 AU:3    +
   24    91  0   0.0%   0.709 UA:3    +
   39    46  0   0.0%   0.452 GU:3    +
   75   111  0   0.0%   1.172 AU:3    +
  100   111  0   0.0%   1.824 GU:3    +
    5    97  0   0.0%   0.107 GC:3    +
   22    37  0   0.0%   0.275 GU:3    +
   28    56  0   0.0%   0.132 UA:3    +
   12    44  0   0.0%   0.559 CG:3    +
   90   108  0   0.0%   0.761 CG:3    +
   87   108  0   0.0%   0.828 CG:3    +
    2    51  0   0.0%   0.346 CG:3    +
   39    62  0   0.0%   0.412 GC:3    +
   42    64  0   0.0%   0.081 AU:3    +
   22    98  0   0.0%   0.762 GC:3    +
   20    39  0   0.0%   0.068 CG:3    +
   23    84  0   0.0%   0.789 CG:3    +
    4    64  0   0.0%   0.119 AU:3    +
   52    73  0   0.0%   0.790 GU:3    +
   87   112  0   0.0%   0.993 CG:3    +
    5    98  0   0.0%   0.107 GC:3    +
   64   108  0   0.0%   0.931 UG:3    +
   13   110  0   0.0%   1.339 GU:3    +
   28    91  0   0.0%   0.132 UA:3    +
   26    65  0   0.0%   0.548 CG:3    +
    7   113  0   0.0%   0.085 AU:3    +
   10    35  0   0.0%   0.142 UA:3    +
   36    50  0   0.0%   0.368 UA:3    +
    8   113  0   0.0%   0.079 AU:3    +
    1    52  0   0.0%   0.321 UG:3    +
   36    91  0   0.0%   0.104 UA:3    +
   73    77  0   0.0%   0.637 UG:3    +
   64    86  0   0.0%   0.632 UA:3    +
   88   108  0   0.0%   0.687 CG:3    +
   13    34  0   0.0%   0.643 GC:3    +
   44    89  0   0.0%   0.124 GC:3    +
    7    94  0   0.0%   0.005 AU:3    +
   13    72  0   0.0%   0.899 GU:3    +
    1    40  0   0.0%   0.321 UA:3    +
   46    86  0   0.0%   0.094 UA:3    +
   68    98  0   0.0%   0.788 GC:3    +
   39    87  0   0.0%   0.385 GC:3    +
   26    79  0   0.0%   0.457 CG:3    +
   14    73  0   0.0%   0.534 AU:3    +
   86   113  0   0.0%   0.671 AU:3    +
   59    79  0   0.0%   0.230 UG:3    +
   40    46  0   0.0%   0.082 AU:3    +
   28    39  0   0.0%   0.156 UG:3    +
   25    80  0   0.0%   0.354 GC:3    +
   44   107  0   0.0%   0.130 GC:3    +
   28    92  0   0.0%   0.132 UA:3    +
   24    83  0   0.0%   0.709 UA:3    +
   75    94  0   0.0%   0.369 AU:3    +
    7    72  0   0.0%   0.006 AU:3    +
   74    95  0   0.0%   0.707 GU:3    +
   51    64  0   0.0%   0.871 GU:3    +
   62   108  0   0.0%   0.498 CG:3    +
   28    57  0   0.0%   0.132 UA:3    +
   98   108  0   0.0%   1.034 CG:3    +
   52    72  0   0.0%   0.789 GU:3    +
   73    86  0   0.0%   0.596 UA:3    +
  103   113  0   0.0%   0.596 AU:3    +
   51    69  0   0.0%   0.849 GU:3    +
    5    81  0   0.0%   0.107 GC:3    +
   15    32  0   0.0%   0.059 CG:3    +
   16    69  0   0.0%   0.040 AU:3    +
   24    58  0   0.0%   0.710 UA:3    +
   37    58  0   0.0%   0.107 UA:3    +
   15    30  0   0.0%   0.057 CG:3    +
   10    92  0   0.0%   0.220 UA:3    +
   10   100  0   0.0%   0.224 UG:3    +
    3    67  0   0.0%   0.438 GC:3    +
   46    75  0   0.0%   0.093 UA:3    +
    1    31  0   0.0%   0.321 UG:3    +
    5    27  0   0.0%   0.088 GC:3    +
   73   112  0   0.0%   1.584 UG:3    +
    3    90  0   0.0%   0.440 GC:3    +
   50    70  0   0.0%   0.298 AU:3    +
   46   105  0   0.0%   0.233 UA:3    +
    5   102  0   0.0%   0.112 GC:3    +
   77    96  0   0.0%   0.459 GU:3    +
   10    25  0   0.0%   0.140 UG:3    +
   69   103  0   0.0%   0.704 UA:3    +
   52    95  0   0.0%   0.874 GU:3    +
   88   112  0   0.0%   0.852 CG:3    +
   33    94  0   0.0%   0.014 AU:3    +
   68    94  0   0.0%   0.778 GU:3    +
    3    28  0   0.0%   0.429 GU:3    +
   30   102  0   0.0%   0.263 GC:3    +
   39    76  0   0.0%   0.391 GC:3    +
   97   108  0   0.0%   1.227 CG:3    +
   26    74  0   0.0%   0.471 CG:3    +
   37    48  0   0.0%   0.857 UG:3    +
   72    79  0   0.0%   0.432 UG:3    +
   31   101  0   0.0%   0.321 GC:3    +
   42    46  0   0.0%   0.117 AU:3    +
   10    83  0   0.0%   0.219 UA:3    +
   26    30  0   0.0%   0.014 CG:3    +
   30    97  0   0.0%   0.138 GC:3    +
   43   112  0   0.0%   0.834 CG:3    +
    3    98  0   0.0%   0.441 GC:3    +
   11    77  0   0.0%   0.226 CG:3    +
   39   109  0   0.0%   0.661 GC:3    +
   24    66  0   0.0%   0.770 UA:3    +
   48    64  0   0.0%   0.789 GU:3    +
   32    54  0   0.0%   0.335 GC:3    +
   39    69  0   0.0%   0.405 GU:3    +
    3    49  0   0.0%   0.429 GC:3    +
   22    97  0   0.0%   0.762 GC:3    +
   48   102  0   0.0%   0.862 GC:3    +
   22    94  0   0.0%   0.770 GU:3    +
   37    83  0   0.0%   0.105 UA:3    +
   22    28  0   0.0%   0.273 GU:3    +
   95   112  0   0.0%   1.861 UG:3    +
    2    68  0   0.0%   0.348 CG:3    +
.(((((...............(((..((((.(..........).))))..)))..............(((.(((..(((..(((........)))...)))))))))))))).
