3 sequence; length of alignment 35
alifold output
    5    16  0  93.2%   0.196 CG:3   
    7    14  0  93.2%   0.203 GC:3   
    6    15  0  93.1%   0.202 GU:3   
    4    17  0  92.6%   0.214 CG:3   
    8    13  0  81.5%   0.508 AU:3   
   25    30  0  32.4%   1.424 CG:3    +
   24    31  0  32.2%   1.373 GC:3    +
   26    33  0  25.0%   1.675 CG:3    +
   27    32  0  24.8%   1.475 GC:3    +
   20    33  0  11.7%   1.106 CG:3    +
   19    34  0  10.2%   1.031 UA:3    +
    6    32  0   3.2%   0.526 GC:3    +
    7    31  0   3.2%   0.584 GC:3    +
    5    33  0   3.1%   0.469 CG:3    +
   16    26  0   2.3%   0.463 GC:3    +
   17    25  0   2.3%   0.560 GC:3    +
   10    19  0   2.2%   0.424 AU:3    +
   11    18  0   2.2%   0.277 UA:3    +
    9    20  0   2.1%   0.327 GC:3    +
   20    27  0   2.0%   0.585 CG:3    +
   14    27  0   1.9%   0.397 CG:3    +
   13    28  0   1.9%   0.420 UA:3    +
   12    17  0   1.9%   0.303 UG:3    +
    6    26  0   1.8%   0.341 GC:3    +
    7    25  0   1.8%   0.412 GC:3    +
    5    27  0   1.7%   0.284 CG:3    +
    9    29  0   1.7%   0.318 GC:3    +
   19    28  0   1.7%   0.560 UA:3    +
   21    33  0   1.6%   0.731 CG:3    +
    3    19  0   1.6%   0.254 GU:3    +
    2    19  0   1.3%   0.174 AU:3    +
   25    35  0   1.3%   0.832 CG:3    +
    3    25  0   1.2%   0.286 GC:3    +
    4    24  0   1.2%   0.235 CG:3    +
    7    20  0   1.1%   0.239 GC:3    +
    6    21  0   1.1%   0.243 GC:3    +
    8    19  0   1.0%   0.439 AU:3    +
    3    31  0   0.9%   0.322 GC:3    +
    4    30  0   0.9%   0.251 CG:3    +
   24    29  0   0.9%   0.293 GC:3    +
   23    30  0   0.6%   0.200 UG:3    +
    3    21  0   0.6%   0.182 GC:3    +
   15    27  0   0.5%   0.334 UG:3    +
    3    20  0   0.5%   0.146 GC:3    +
   24    32  0   0.5%   0.679 GC:3    +
    7    21  0   0.5%   0.270 GC:3    +
   21    27  0   0.4%   0.465 CG:3    +
   23    33  0   0.4%   0.575 UG:3    +
   16    25  0   0.4%   0.296 GC:3    +
   11    16  0   0.3%   0.124 UG:3    +
   21    35  0   0.3%   0.319 CG:3    +
    8    23  0   0.3%   0.285 AU:3    +
   29    35  0   0.3%   0.315 CG:3    +
   20    35  0   0.3%   0.558 CG:3    +
   16    21  0   0.3%   0.246 GC:3    +
   26    35  0   0.3%   0.680 CG:3    +
   15    22  0   0.3%   0.129 UA:3    +
    3    29  0   0.3%   0.227 GC:3    +
   11    28  0   0.2%   0.149 UA:3    +
   21    30  0   0.2%   0.239 CG:3    +
   18    23  0   0.2%   0.153 AU:3    +
   14    24  0   0.2%   0.167 CG:3    +
   12    27  0   0.2%   0.189 UG:3    +
    4    35  0   0.2%   0.199 CG:3    +
   25    33  0   0.1%   1.084 CG:3    +
    1    22  0   0.1%   0.024 UA:3    +
   26    30  0   0.1%   0.641 CG:3    +
   23    35  0   0.1%   0.173 UG:3    +
   23    34  0   0.1%   0.353 UA:3    +
   23    28  0   0.1%   0.221 UA:3    +
   19    24  0   0.1%   0.343 UG:3    +
    8    12  0   0.1%   0.015 AU:3    +
   12    28  0   0.1%   0.121 UA:3    +
    1    18  0   0.1%   0.013 UA:3    +
    9    21  0   0.1%   0.203 GC:3    +
   27    31  0   0.1%   0.826 GC:3    +
    6    23  0   0.1%   0.132 GU:3    +
    9    14  0   0.1%   0.081 GC:3    +
   11    30  0   0.0%   0.175 UG:3    +
    5    24  0   0.0%   0.132 CG:3    +
   17    31  0   0.0%   0.405 GC:3    +
   16    32  0   0.0%   0.337 GC:3    +
    1    33  0   0.0%   0.027 UG:3    +
    8    15  0   0.0%   0.248 AU:3    +
    2    23  0   0.0%   0.067 AU:3    +
   13    27  0   0.0%   0.268 UG:3    +
   29    33  0   0.0%   0.949 CG:3    +
    3    26  0   0.0%   0.185 GC:3    +
    1    27  0   0.0%   0.021 UG:3    +
    1    24  0   0.0%   0.019 UG:3    +
   19    35  0   0.0%   0.581 UG:3    +
    3    32  0   0.0%   0.245 GC:3    +
   17    21  0   0.0%   0.281 GC:3    +
    6    14  0   0.0%   0.007 GC:3    +
   20    24  0   0.0%   0.242 CG:3    +
    7    13  0   0.0%   0.007 GU:3    +
   14    33  0   0.0%   0.277 CG:3    +
   13    34  0   0.0%   0.260 UA:3    +
   12    18  0   0.0%   0.175 UA:3    +
   13    17  0   0.0%   0.323 UG:3    +
   11    27  0   0.0%   0.185 UG:3    +
    1    34  0   0.0%   0.026 UA:3    +
   17    26  0   0.0%   0.406 GC:3    +
   11    17  0   0.0%   0.095 UG:3    +
   15    33  0   0.0%   0.235 UG:3    +
   10    23  0   0.0%   0.116 AU:3    +
   13    24  0   0.0%   0.237 UG:3    +
    6    29  0   0.0%   0.213 GC:3    +
   20    30  0   0.0%   0.290 CG:3    +
   16    31  0   0.0%   0.369 GC:3    +
   12    16  0   0.0%   0.093 UG:3    +
   17    29  0   0.0%   0.330 GC:3    +
   11    22  0   0.0%   0.115 UA:3    +
   15    28  0   0.0%   0.212 UA:3    +
    5    30  0   0.0%   0.185 CG:3    +
    9    13  0   0.0%   0.172 GU:3    +
    9    26  0   0.0%   0.171 GC:3    +
   12    35  0   0.0%   0.112 UG:3    +
   16    23  0   0.0%   0.135 GU:3    +
    9    23  0   0.0%   0.120 GU:3    +
    1    28  0   0.0%   0.019 UA:3    +
   12    30  0   0.0%   0.147 UG:3    +
   31    35  0   0.0%   0.675 CG:3    +
    3    23  0   0.0%   0.127 GU:3    +
    4    33  0   0.0%   0.172 CG:3    +
   15    24  0   0.0%   0.161 UG:3    +
   13    18  0   0.0%   0.264 UA:3    +
   14    30  0   0.0%   0.207 CG:3    +
   19    33  0   0.0%   0.445 UG:3    +
    6    25  0   0.0%   0.176 GC:3    +
    4    27  0   0.0%   0.129 CG:3    +
   17    32  0   0.0%   0.361 GC:3    +
    1    35  0   0.0%   0.023 UG:3    +
   14    35  0   0.0%   0.174 CG:3    +
   15    34  0   0.0%   0.123 UA:3    +
    5    17  0   0.0%   0.137 CG:3    +
   16    29  0   0.0%   0.300 GC:3    +
   11    24  0   0.0%   0.166 UG:3    +
   10    15  0   0.0%   0.071 AU:3    +
   19    30  0   0.0%   0.377 UG:3    +
   12    24  0   0.0%   0.143 UG:3    +
   15    30  0   0.0%   0.165 UG:3    +
   13    22  0   0.0%   0.181 UA:3    +
   23    27  0   0.0%   0.333 UG:3    +
    4    16  0   0.0%   0.001 CG:3    +
   19    27  0   0.0%   0.452 UG:3    +
   13    30  0   0.0%   0.300 UG:3    +
    1    30  0   0.0%   0.018 UG:3    +
    9    31  0   0.0%   0.315 GC:3    +
   16    20  0   0.0%   0.244 GC:3    +
   12    22  0   0.0%   0.091 UA:3    +
   17    23  0   0.0%   0.181 GU:3    +
    9    15  0   0.0%   0.075 GU:3    +
    9    32  0   0.0%   0.275 GC:3    +
    7    32  0   0.0%   0.435 GC:3    +
    3    14  0   0.0%   0.000 GC:3    +
    7    15  0   0.0%   0.135 GU:3    +
    2    15  0   0.0%   0.000 AU:3    +
    4     9  0   0.0%   0.000 CG:3    +
    7    23  0   0.0%   0.149 GU:3    +
    9    25  0   0.0%   0.220 GC:3    +
    5    35  0   0.0%   0.260 CG:3    +
   12    34  0   0.0%   0.101 UA:3    +
    7    12  0   0.0%   0.000 GU:3    +
    1    16  0   0.0%   0.000 UG:3    +
    6    20  0   0.0%   0.096 GC:3    +
    7    26  0   0.0%   0.289 GC:3    +
    7    19  0   0.0%   0.192 GU:3    +
   13    33  0   0.0%   0.364 UG:3    +
    1    17  0   0.0%   0.000 UG:3    +
    9    19  0   0.0%   0.175 GU:3    +
    6    11  0   0.0%   0.000 GU:3    +
   11    35  0   0.0%   0.136 UG:3    +
    6    13  0   0.0%   0.000 GU:3    +
   13    35  0   0.0%   0.266 UG:3    +
    5     9  0   0.0%   0.000 CG:3    +
    7    29  0   0.0%   0.231 GC:3    +
    6    31  0   0.0%   0.237 GC:3    +
   11    34  0   0.0%   0.127 UA:3    +
   12    33  0   0.0%   0.210 UG:3    +
...(((((....)))))..................
