3 sequence; length of alignment 34
alifold output
   17    28  0  85.7%   0.847 GC:3   
   19    26  0  85.7%   0.600 CG:3   
   18    27  0  85.7%   0.827 UG:3   
   16    29  0  85.7%   0.662 CG:3   
   20    25  0  85.0%   1.137 GC:3   
    2    10  0  82.6%   0.473 GC:3   
   15    30  0  82.6%   0.592 UA:3   
    3     9  0  82.6%   0.480 CG:3   
    4     8  0  67.0%   0.809 UG:3   
   13    31  0  63.0%   1.297 CG:3   
    1    11  0  62.5%   0.882 UA:3   
   12    32  0  55.3%   1.276 UA:3   
   11    22  0  11.0%   1.162 AU:3    +
   12    21  0  11.0%   0.776 UG:3    +
   10    23  0  11.0%   1.043 CG:3    +
   13    20  0  10.9%   0.862 CG:3    +
    8    25  0   9.1%   1.214 GC:3    +
    5    28  0   9.0%   0.969 GC:3    +
    6    27  0   8.9%   0.960 UG:3    +
    3    27  0   4.8%   0.620 CG:3    +
    2    28  0   4.8%   0.621 GC:3    +
    4    26  0   4.8%   0.752 UG:3    +
    5    25  0   4.6%   0.480 GC:3    +
    6    24  0   4.5%   0.467 UG:3    +
    4    29  0   4.4%   0.972 UG:3    +
    3    31  0   3.4%   0.686 CG:3    +
    1    29  0   2.8%   0.610 UG:3    +
    4    30  0   2.6%   0.872 UA:3    +
    8    22  0   2.4%   0.590 GU:3    +
   10    20  0   2.3%   0.464 CG:3    +
   12    33  0   2.2%   0.863 UA:3    +
   10    17  0   0.6%   0.266 CG:3    +
    9    18  0   0.6%   0.255 GU:3    +
   13    17  0   0.6%   0.161 CG:3    +
    8    19  0   0.6%   0.365 GC:3    +
    3    24  0   0.4%   0.226 CG:3    +
    2    25  0   0.4%   0.227 GC:3    +
    6    21  0   0.4%   0.070 UG:3    +
    4    23  0   0.4%   0.345 UG:3    +
   11    18  0   0.4%   0.399 AU:3    +
   12    17  0   0.3%   0.091 UG:3    +
    1    32  0   0.3%   0.470 UA:3    +
    5    22  0   0.2%   0.062 GU:3    +
    1    26  0   0.2%   0.340 UG:3    +
    5    10  0   0.2%   0.195 GC:3    +
    4    11  0   0.2%   0.597 UA:3    +
    3    29  0   0.1%   0.456 CG:3    +
    7    13  0   0.1%   0.031 GC:3    +
   17    25  0   0.1%   0.485 GC:3    +
   16    26  0   0.1%   0.184 CG:3    +
   18    24  0   0.1%   0.238 UG:3    +
   13    29  0   0.1%   0.561 CG:3    +
   15    27  0   0.1%   0.389 UG:3    +
    2    13  0   0.1%   0.177 GC:3    +
   19    23  0   0.1%   0.317 CG:3    +
    6    14  0   0.1%   0.027 UA:3    +
   12    30  0   0.1%   0.383 UA:3    +
    1    33  0   0.1%   0.452 UA:3    +
    1    14  0   0.1%   0.310 UA:3    +
    3     8  0   0.1%   0.013 CG:3    +
    1    31  0   0.0%   0.426 UG:3    +
   14    22  0   0.0%   0.377 AU:3    +
   13    23  0   0.0%   0.566 CG:3    +
   15    21  0   0.0%   0.283 UG:3    +
   10    21  0   0.0%   0.321 CG:3    +
    5    15  0   0.0%   0.026 GU:3    +
   16    20  0   0.0%   0.340 CG:3    +
    8    12  0   0.0%   0.283 GU:3    +
    9    22  0   0.0%   0.305 GU:3    +
    5    13  0   0.0%   0.027 GC:3    +
   14    18  0   0.0%   0.073 AU:3    +
    1    30  0   0.0%   0.419 UA:3    +
    4    14  0   0.0%   0.293 UA:3    +
   12    24  0   0.0%   0.432 UG:3    +
   12    31  0   0.0%   0.398 UG:3    +
    6    33  0   0.0%   0.395 UA:3    +
   10    31  0   0.0%   0.661 CG:3    +
    5    34  0   0.0%   0.397 GC:3    +
   10    26  0   0.0%   0.698 CG:3    +
    7    34  0   0.0%   0.015 GC:3    +
    8    28  0   0.0%   0.980 GC:3    +
    8    34  0   0.0%   0.623 GC:3    +
    4     9  0   0.0%   0.430 UG:3    +
    6    30  0   0.0%   0.483 UA:3    +
    9    34  0   0.0%   0.203 GC:3    +
    4    32  0   0.0%   0.702 UA:3    +
    9    19  0   0.0%   0.224 GC:3    +
    3     7  0   0.0%   0.003 CG:3    +
    8    13  0   0.0%   0.295 GC:3    +
   21    25  0   0.0%   0.802 GC:3    +
   15    32  0   0.0%   0.521 UA:3    +
    2    34  0   0.0%   0.332 GC:3    +
   16    31  0   0.0%   0.559 CG:3    +
    1     9  0   0.0%   0.002 UG:3    +
   29    34  0   0.0%   0.394 GC:3    +
    9    25  0   0.0%   0.578 GC:3    +
    1     8  0   0.0%   0.001 UG:3    +
   15    31  0   0.0%   0.587 UG:3    +
   19    24  0   0.0%   0.207 CG:3    +
    6    23  0   0.0%   0.050 UG:3    +
   10    24  0   0.0%   0.697 CG:3    +
   15    29  0   0.0%   0.269 UG:3    +
    6    11  0   0.0%   0.306 UA:3    +
   13    21  0   0.0%   0.559 CG:3    +
   16    21  0   0.0%   0.276 CG:3    +
   19    29  0   0.0%   0.556 CG:3    +
    7    22  0   0.0%   0.024 GU:3    +
    5    12  0   0.0%   0.013 GU:3    +
   20    28  0   0.0%   0.967 GC:3    +
   11    15  0   0.0%   0.310 AU:3    +
   18    30  0   0.0%   0.456 UA:3    +
    7    25  0   0.0%   0.172 GC:3    +
    4    31  0   0.0%   0.800 UG:3    +
    7    19  0   0.0%   0.009 GC:3    +
   19    27  0   0.0%   0.670 CG:3    +
    9    28  0   0.0%   0.559 GC:3    +
   10    27  0   0.0%   0.899 CG:3    +
    7    16  0   0.0%   0.009 GC:3    +
    8    15  0   0.0%   0.281 GU:3    +
    8    18  0   0.0%   0.277 GU:3    +
    7    12  0   0.0%   0.002 GU:3    +
    9    13  0   0.0%   0.177 GC:3    +
   12    20  0   0.0%   0.110 UG:3    +
    1     7  0   0.0%   0.000 UG:3    +
   26    34  0   0.0%   0.305 GC:3    +
    4    20  0   0.0%   0.283 UG:3    +
    3    21  0   0.0%   0.163 CG:3    +
    5    19  0   0.0%   0.019 GC:3    +
    2    22  0   0.0%   0.165 GU:3    +
    6    17  0   0.0%   0.007 UG:3    +
   15    33  0   0.0%   0.265 UA:3    +
    6    26  0   0.0%   0.326 UG:3    +
    4    33  0   0.0%   0.688 UA:3    +
    6    20  0   0.0%   0.007 UG:3    +
    7    28  0   0.0%   0.370 GC:3    +
    2     6  0   0.0%   0.000 GU:3    +
   22    26  0   0.0%   0.653 UG:3    +
    2    12  0   0.0%   0.158 GU:3    +
    6    29  0   0.0%   0.630 UG:3    +
    9    16  0   0.0%   0.160 GC:3    +
   27    34  0   0.0%   0.506 GC:3    +
    1    23  0   0.0%   0.300 UG:3    +
    1    27  0   0.0%   0.313 UG:3    +
   15    20  0   0.0%   0.334 UG:3    +
    1     5  0   0.0%   0.000 UG:3    +
   22    27  0   0.0%   0.855 UG:3    +
    6    31  0   0.0%   0.503 UG:3    +
    7    18  0   0.0%   0.008 GU:3    +
   21    28  0   0.0%   0.768 GC:3    +
    2    16  0   0.0%   0.164 GC:3    +
   16    23  0   0.0%   0.272 CG:3    +
    5    16  0   0.0%   0.019 GC:3    +
((((...))))((.((((((....))))))))..
