3 sequence; length of alignment 49
alifold output
    3    14  0  77.4%   0.769 GC:3   
    4    13  0  76.3%   0.690 GU:3   
    2    15  0  73.1%   0.849 UA:3   
    5    12  0  71.8%   0.860 UA:3   
   18    43  0  70.9%   1.114 CG:3   
   19    42  0  70.9%   1.138 UA:3   
   20    41  0  70.9%   1.199 GU:3   
   21    40  0  70.7%   0.843 UA:3   
   17    44  0  70.6%   1.101 CG:3   
   22    39  0  65.9%   0.885 AU:3   
    1    16  0  48.0%   1.121 UA:3   
   23    38  0  38.3%   1.173 UG:3   
   27    36  0  33.3%   2.054 GU:3    +
   26    37  0  32.9%   1.971 AU:3    +
   25    38  0  28.7%   1.966 CG:3    +
   18    27  0  25.5%   1.103 CG:3    +
   19    26  0  25.4%   1.140 UA:3    +
   17    28  0  25.2%   1.084 CG:3    +
   20    25  0  25.1%   1.171 GC:3    +
   28    35  0  20.8%   1.905 GU:3    +
   27    34  0  19.0%   1.376 GU:3   
   26    35  0  18.9%   1.385 AU:3   
   33    41  0  13.1%   1.569 AU:3    +
   34    40  0  12.8%   1.968 UA:3    +
   30    43  0  12.4%   1.133 CG:3    +
   29    44  0  12.4%   1.178 CG:3    +
   32    42  0  11.8%   1.317 UA:3    +
   29    45  0  10.1%   1.169 CG:3    +
   30    44  0  10.0%   1.627 CG:3    +
   32    40  0   8.4%   1.005 UA:3    +
   33    39  0   8.4%   0.957 AU:3    +
   31    41  0   8.2%   1.039 AU:3    +
   34    38  0   7.2%   1.913 UG:3    +
   27    35  0   3.3%   1.374 GU:3    +
   26    36  0   3.0%   1.089 AU:3    +
    3    11  0   2.7%   0.369 GC:3    +
   28    34  0   2.4%   1.015 GU:3    +
   24    38  0   2.3%   0.737 CG:3    +
    2    12  0   2.2%   0.327 UA:3    +
    3     8  0   1.9%   0.228 GC:3    +
    2     9  0   1.8%   0.213 UG:3    +
    4    11  0   1.6%   0.298 GC:3    +
   22    41  0   1.5%   0.777 AU:3    +
    5    10  0   1.5%   0.249 UA:3    +
   23    40  0   1.4%   0.856 UA:3    +
   21    42  0   1.4%   0.754 UA:3    +
    1    10  0   1.4%   0.178 UA:3    +
   36    45  0   1.2%   1.083 UG:3    +
   35    46  0   1.2%   1.016 UA:3    +
   19    44  0   1.1%   1.097 UG:3    +
   18    45  0   1.1%   0.894 CG:3    +
   34    47  0   1.1%   1.081 UA:3    +
   37    44  0   1.1%   1.446 UG:3    +
   14    45  0   1.1%   0.391 CG:3    +
   11    20  0   1.0%   0.332 CG:3    +
    3    25  0   1.0%   0.518 GC:3    +
   13    46  0   1.0%   0.376 UA:3    +
   10    21  0   1.0%   0.281 AU:3    +
    4    24  0   1.0%   0.430 GC:3    +
   33    48  0   0.9%   0.661 AU:3    +
    2    26  0   0.9%   0.519 UA:3    +
    3    30  0   0.9%   0.554 GC:3    +
    4    29  0   0.9%   0.462 GC:3    +
   12    19  0   0.9%   0.454 AU:3    +
    2    31  0   0.7%   0.539 UA:3    +
    5    28  0   0.7%   0.431 UG:3    +
   31    37  0   0.7%   0.554 AU:3    +
   30    38  0   0.6%   1.005 CG:3    +
    1    27  0   0.6%   0.509 UG:3    +
   17    45  0   0.6%   0.757 CG:3    +
   18    44  0   0.5%   0.955 CG:3    +
   26    34  0   0.5%   0.494 AU:3    +
    5    40  0   0.5%   0.443 UA:3    +
    6    39  0   0.5%   0.115 AU:3    +
    4    41  0   0.5%   0.455 GU:3    +
    6    21  0   0.4%   0.070 AU:3    +
   19    43  0   0.4%   0.958 UG:3    +
    5    22  0   0.4%   0.371 UA:3    +
    9    18  0   0.4%   0.154 GC:3    +
    7    20  0   0.4%   0.066 UG:3    +
    7    38  0   0.3%   0.095 UG:3    +
    8    38  0   0.3%   0.156 CG:3    +
    9    37  0   0.3%   0.188 GU:3    +
   10    36  0   0.3%   0.248 AU:3    +
   13    47  0   0.2%   0.328 UA:3    +
   12    48  0   0.2%   0.452 AU:3    +
    9    14  0   0.2%   0.317 GC:3    +
   27    37  0   0.2%   1.616 GU:3    +
    9    24  0   0.2%   0.201 GC:3    +
    9    49  0   0.2%   0.199 GC:3    +
   10    48  0   0.2%   0.255 AU:3    +
   28    32  0   0.2%   0.440 GU:3    +
   28    36  0   0.2%   1.346 GU:3    +
   27    32  0   0.2%   0.424 GU:3    +
   10    23  0   0.2%   0.217 AU:3    +
   29    38  0   0.2%   0.931 CG:3    +
    8    45  0   0.2%   0.144 CG:3    +
    9    36  0   0.2%   0.157 GU:3    +
   28    39  0   0.1%   1.162 GU:3    +
   10    35  0   0.1%   0.212 AU:3    +
    7    46  0   0.1%   0.099 UA:3    +
   24    45  0   0.1%   0.330 CG:3    +
    6    23  0   0.1%   0.058 AU:3    +
   25    44  0   0.1%   1.115 CG:3    +
   12    34  0   0.1%   0.404 AU:3    +
   13    33  0   0.1%   0.246 UA:3    +
    4    48  0   0.1%   0.429 GU:3    +
    7    22  0   0.1%   0.072 UA:3    +
    5    47  0   0.1%   0.423 UA:3    +
   23    46  0   0.1%   0.540 UA:3    +
    3    49  0   0.1%   0.496 GC:3    +
    6    41  0   0.1%   0.110 AU:3    +
    7    40  0   0.1%   0.104 UA:3    +
   26    32  0   0.1%   0.419 AU:3    +
   35    40  0   0.1%   1.599 UA:3    +
   29    43  0   0.1%   0.348 CG:3    +
    8    20  0   0.1%   0.120 CG:3    +
    5    42  0   0.1%   0.411 UA:3    +
   12    21  0   0.1%   0.453 AU:3    +
   37    45  0   0.1%   0.974 UG:3    +
   36    46  0   0.1%   0.723 UA:3    +
    4    17  0   0.1%   0.299 GC:3    +
   28    37  0   0.1%   1.244 GU:3    +
    3    18  0   0.1%   0.391 GC:3    +
    5    16  0   0.1%   0.674 UA:3    +
   32    38  0   0.1%   0.949 UG:3    +
   36    44  0   0.1%   1.372 UG:3    +
   37    43  0   0.1%   1.013 UG:3    +
   35    45  0   0.1%   1.187 UG:3    +
   31    39  0   0.1%   0.408 AU:3    +
   13    20  0   0.1%   0.301 UG:3    +
    4    14  0   0.1%   0.489 GC:3    +
   35    47  0   0.1%   0.930 UA:3    +
   34    46  0   0.1%   0.979 UA:3    +
   14    38  0   0.1%   0.273 CG:3    +
   15    37  0   0.1%   0.271 AU:3    +
    4    23  0   0.1%   0.300 GU:3    +
   33    37  0   0.1%   0.468 AU:3    +
    4     8  0   0.1%   0.089 GC:3    +
   16    36  0   0.1%   0.401 AU:3    +
    9    19  0   0.1%   0.120 GU:3    +
    2    43  0   0.1%   0.485 UG:3    +
   31    36  0   0.1%   0.564 AU:3    +
   14    20  0   0.1%   0.309 CG:3    +
    3    24  0   0.1%   0.391 GC:3    +
    7    12  0   0.0%   0.333 UA:3    +
    1    15  0   0.0%   0.071 UA:3    +
    7    26  0   0.0%   0.087 UA:3    +
   37    46  0   0.0%   0.652 UA:3    +
   11    38  0   0.0%   0.256 CG:3    +
    2    10  0   0.0%   0.140 UA:3    +
    6    13  0   0.0%   0.218 AU:3    +
   12    37  0   0.0%   0.411 AU:3    +
   10    39  0   0.0%   0.243 AU:3    +
    2    16  0   0.0%   0.748 UA:3    +
    1    44  0   0.0%   0.459 UG:3    +
   15    19  0   0.0%   0.288 AU:3    +
   39    43  0   0.0%   1.088 UG:3    +
   36    47  0   0.0%   0.676 UA:3    +
    1    46  0   0.0%   0.462 UA:3    +
    2    45  0   0.0%   0.486 UG:3    +
    2    42  0   0.0%   0.476 UA:3    +
    8    44  0   0.0%   0.117 CG:3    +
   25    43  0   0.0%   1.030 CG:3    +
   24    44  0   0.0%   0.490 CG:3    +
    7    45  0   0.0%   0.075 UG:3    +
    1    43  0   0.0%   0.454 UG:3    +
   35    42  0   0.0%   1.346 UA:3    +
   30    45  0   0.0%   0.958 CG:3    +
   24    28  0   0.0%   0.451 CG:3    +
   12    32  0   0.0%   0.379 AU:3    +
    3    41  0   0.0%   0.476 GU:3    +
    2    44  0   0.0%   0.483 UG:3    +
   26    48  0   0.0%   1.259 AU:3    +
   13    31  0   0.0%   0.258 UA:3    +
   36    43  0   0.0%   1.069 UG:3    +
   32    43  0   0.0%   1.045 UG:3    +
   39    44  0   0.0%   1.426 UG:3    +
   36    42  0   0.0%   1.090 UA:3    +
   34    43  0   0.0%   1.442 UG:3    +
   35    44  0   0.0%   1.615 UG:3    +
   35    43  0   0.0%   1.325 UG:3    +
    1    45  0   0.0%   0.457 UG:3    +
   37    42  0   0.0%   1.022 UA:3    +
   20    24  0   0.0%   0.150 GC:3    +
   45    49  0   0.0%   0.483 GC:3    +
    2    46  0   0.0%   0.486 UA:3    +
   23    45  0   0.0%   0.606 UG:3    +
    5     9  0   0.0%   0.075 UG:3    +
   15    48  0   0.0%   0.281 AU:3    +
    1    47  0   0.0%   0.460 UA:3    +
   13    40  0   0.0%   0.263 UA:3    +
    8    43  0   0.0%   0.113 CG:3    +
   21    47  0   0.0%   0.408 UA:3    +
    9    23  0   0.0%   0.129 GU:3    +
   12    41  0   0.0%   0.424 AU:3    +
    3    13  0   0.0%   0.177 GU:3    +
   20    48  0   0.0%   0.717 GU:3    +
   11    45  0   0.0%   0.233 CG:3    +
   16    48  0   0.0%   0.406 AU:3    +
   15    32  0   0.0%   0.241 AU:3    +
    7    44  0   0.0%   0.071 UG:3    +
   10    19  0   0.0%   0.131 AU:3    +
   34    42  0   0.0%   1.462 UA:3    +
   10    34  0   0.0%   0.184 AU:3    +
    6    32  0   0.0%   0.038 AU:3    +
   34    45  0   0.0%   1.290 UG:3    +
    5    33  0   0.0%   0.365 UA:3    +
    4    34  0   0.0%   0.380 GU:3    +
    9    35  0   0.0%   0.130 GU:3    +
    7    31  0   0.0%   0.075 UA:3    +
    1     6  0   0.0%   0.002 UA:3    +
   43    49  0   0.0%   0.579 GC:3    +
   34    44  0   0.0%   1.731 UG:3    +
    9    25  0   0.0%   0.173 GC:3    +
   32    47  0   0.0%   0.530 UA:3    +
   31    48  0   0.0%   0.329 AU:3    +
    9    17  0   0.0%   0.094 GC:3    +
    7    16  0   0.0%   0.367 UA:3    +
   31    35  0   0.0%   0.807 AU:3    +
    1    12  0   0.0%   0.062 UA:3    +
    9    29  0   0.0%   0.170 GC:3    +
    7    15  0   0.0%   0.238 UA:3    +
    3    35  0   0.0%   0.471 GU:3    +
    4    49  0   0.0%   0.422 GC:3    +
   20    49  0   0.0%   0.699 GC:3    +
   27    41  0   0.0%   1.544 GU:3    +
   26    41  0   0.0%   1.559 AU:3    +
   44    49  0   0.0%   0.916 GC:3    +
   26    39  0   0.0%   1.520 AU:3    +
   16    34  0   0.0%   0.374 AU:3    +
    6    48  0   0.0%   0.079 AU:3    +
   22    37  0   0.0%   0.056 AU:3    +
   15    35  0   0.0%   0.250 AU:3    +
   41    47  0   0.0%   0.901 UA:3    +
    1    33  0   0.0%   0.449 UA:3    +
    7    47  0   0.0%   0.087 UA:3    +
   36    40  0   0.0%   1.336 UA:3    +
   27    49  0   0.0%   1.222 GC:3    +
   44    48  0   0.0%   0.980 GU:3    +
    2    47  0   0.0%   0.483 UA:3    +
   28    48  0   0.0%   0.879 GU:3    +
   40    48  0   0.0%   0.905 AU:3    +
   13    45  0   0.0%   0.246 UG:3    +
   11    43  0   0.0%   0.222 CG:3    +
   13    22  0   0.0%   0.247 UA:3    +
    9    21  0   0.0%   0.134 GU:3    +
    1    26  0   0.0%   0.417 UA:3    +
   39    47  0   0.0%   0.618 UA:3    +
   16    32  0   0.0%   0.366 AU:3    +
   12    35  0   0.0%   0.396 AU:3    +
    8    27  0   0.0%   0.118 CG:3    +
   23    31  0   0.0%   0.065 UA:3    +
   38    48  0   0.0%   1.179 GU:3    +
   15    34  0   0.0%   0.249 AU:3    +
   22    32  0   0.0%   0.035 AU:3    +
   43    48  0   0.0%   0.642 GU:3    +
    1     9  0   0.0%   0.001 UG:3    +
   28    41  0   0.0%   1.182 GU:3    +
   22    48  0   0.0%   0.409 AU:3    +
   12    23  0   0.0%   0.400 AU:3    +
    1    20  0   0.0%   0.417 UG:3    +
   21    33  0   0.0%   0.084 UA:3    +
   42    48  0   0.0%   0.658 AU:3    +
   21    28  0   0.0%   0.456 UG:3    +
   20    29  0   0.0%   0.475 GC:3    +
   27    48  0   0.0%   1.241 GU:3    +
    9    48  0   0.0%   0.164 GU:3    +
    5    15  0   0.0%   0.534 UA:3    +
    2     6  0   0.0%   0.001 UA:3    +
    9    13  0   0.0%   0.283 GU:3    +
   16    35  0   0.0%   0.374 AU:3    +
   21    38  0   0.0%   0.118 UG:3    +
   20    34  0   0.0%   0.444 GU:3    +
   14    44  0   0.0%   0.234 CG:3    +
   22    36  0   0.0%   0.061 AU:3    +
   23    33  0   0.0%   0.037 UA:3    +
   39    46  0   0.0%   0.667 UA:3    +
   23    47  0   0.0%   0.491 UA:3    +
    1    28  0   0.0%   0.448 UG:3    +
   37    47  0   0.0%   0.600 UA:3    +
   18    28  0   0.0%   0.757 CG:3    +
   15    36  0   0.0%   0.264 AU:3    +
    1    31  0   0.0%   0.448 UA:3    +
   32    46  0   0.0%   0.568 UA:3    +
   12    39  0   0.0%   0.418 AU:3    +
   38    49  0   0.0%   1.115 GC:3    +
    3    48  0   0.0%   0.473 GU:3    +
   39    45  0   0.0%   0.989 UG:3    +
    7    27  0   0.0%   0.068 UG:3    +
   19    27  0   0.0%   0.777 UG:3    +
    3     7  0   0.0%   0.000 GU:3    +
    5    46  0   0.0%   0.401 UA:3    +
   41    46  0   0.0%   0.949 UA:3    +
   27    39  0   0.0%   1.505 GU:3    +
   17    43  0   0.0%   0.362 CG:3    +
   23    28  0   0.0%   0.409 UG:3    +
    3    17  0   0.0%   0.373 GC:3    +
    9    30  0   0.0%   0.169 GC:3    +
    5    27  0   0.0%   0.359 UG:3    +
    7    42  0   0.0%   0.073 UA:3    +
   10    37  0   0.0%   0.224 AU:3    +
   11    44  0   0.0%   0.222 CG:3    +
   14    43  0   0.0%   0.233 CG:3    +
    5    44  0   0.0%   0.401 UG:3    +
   17    27  0   0.0%   0.038 CG:3    +
   22    35  0   0.0%   0.043 AU:3    +
    1    42  0   0.0%   0.448 UA:3    +
    2    27  0   0.0%   0.464 UG:3    +
    9    41  0   0.0%   0.188 GU:3    +
    5    45  0   0.0%   0.401 UG:3    +
   22    34  0   0.0%   0.042 AU:3    +
   28    49  0   0.0%   0.860 GC:3    +
   13    44  0   0.0%   0.236 UG:3    +
    7    28  0   0.0%   0.072 UG:3    +
    6    37  0   0.0%   0.036 AU:3    +
    5    38  0   0.0%   0.363 UG:3    +
   25    45  0   0.0%   0.920 CG:3    +
   13    38  0   0.0%   0.266 UG:3    +
   21    46  0   0.0%   0.438 UA:3    +
   32    44  0   0.0%   1.334 UG:3    +
   23    27  0   0.0%   0.406 UG:3    +
   12    36  0   0.0%   0.410 AU:3    +
    2    20  0   0.0%   0.391 UG:3    +
    5    43  0   0.0%   0.402 UG:3    +
   24    43  0   0.0%   0.425 CG:3    +
    3    39  0   0.0%   0.470 GU:3    +
   32    45  0   0.0%   0.892 UG:3    +
   10    41  0   0.0%   0.244 AU:3    +
    2    40  0   0.0%   0.469 UA:3    +
   16    37  0   0.0%   0.391 AU:3    +
   41    45  0   0.0%   1.271 UG:3    +
   19    47  0   0.0%   0.739 UA:3    +
    9    34  0   0.0%   0.128 GU:3    +
    9    39  0   0.0%   0.181 GU:3    +
   20    32  0   0.0%   0.436 GU:3    +
   21    31  0   0.0%   0.111 UA:3    +
    4    18  0   0.0%   0.293 GC:3    +
   23    44  0   0.0%   0.787 UG:3    +
   19    33  0   0.0%   0.408 UA:3    +
    3    19  0   0.0%   0.379 GU:3    +
    4    39  0   0.0%   0.379 GU:3    +
    4    25  0   0.0%   0.381 GC:3    +
    5    20  0   0.0%   0.307 UG:3    +
    3    29  0   0.0%   0.428 GC:3    +
   20    39  0   0.0%   0.462 GU:3    +
    6    19  0   0.0%   0.004 AU:3    +
    2    33  0   0.0%   0.469 UA:3    +
   20    30  0   0.0%   0.474 GC:3    +
   19    31  0   0.0%   0.435 UA:3    +
   21    26  0   0.0%   0.468 UA:3    +
    5    26  0   0.0%   0.371 UA:3    +
   16    39  0   0.0%   0.397 AU:3    +
    1    38  0   0.0%   0.448 UG:3    +
   19    28  0   0.0%   0.780 UG:3    +
    7    43  0   0.0%   0.070 UG:3    +
(((((......)))))(((((((..((......))..))))))).....
