3 sequence; length of alignment 35
alifold output
    7    29  0  86.2%   0.539 CG:3   
    9    27  0  86.1%   0.633 GC:3   
    8    28  0  86.0%   0.562 UG:3   
    6    30  0  86.0%   0.547 GC:3   
   10    26  0  85.6%   0.634 AU:3   
   13    23  0  78.1%   0.942 UA:3   
   14    22  0  77.1%   0.817 UG:3   
   15    21  0  64.7%   0.925 GU:3   
   16    20  0  55.9%   1.099 UA:3   
    4    31  0  13.1%   1.001 UA:3    +
    3    32  0  12.7%   1.000 GU:3    +
   15    30  0  11.7%   1.267 GC:3    +
   16    29  0  11.7%   1.318 UG:3    +
   18    27  0  11.7%   1.009 GC:3    +
   17    28  0  11.7%   0.988 UG:3    +
   19    26  0  11.5%   0.989 GU:3    +
   20    25  0  10.9%   1.223 AU:3    +
   14    31  0   9.8%   1.235 UA:3    +
    1    34  0   6.4%   0.656 AU:3    +
    4    10  0   3.2%   0.328 UA:3    +
    5     9  0   3.1%   0.325 CG:3    +
    3    11  0   3.1%   0.328 GU:3    +
    2    12  0   2.5%   0.340 GU:3    +
   13    22  0   1.7%   0.410 UG:3    +
   12    23  0   1.7%   0.497 UA:3    +
   10    34  0   1.7%   0.799 AU:3    +
   11    33  0   1.6%   0.451 UG:3    +
    5    28  0   1.6%   0.331 CG:3    +
    4    29  0   1.6%   0.332 UG:3    +
    3    30  0   1.6%   0.336 GC:3    +
    6    27  0   1.6%   0.222 GC:3    +
    2     7  0   1.3%   0.173 GC:3    +
    9    35  0   1.3%   0.522 GU:3    +
    1    13  0   1.3%   0.219 AU:3    +
   11    23  0   1.2%   0.387 UA:3    +
    1     8  0   1.2%   0.159 AU:3    +
   12    22  0   1.1%   0.316 UG:3    +
    2    34  0   1.1%   0.508 GU:3    +
   10    24  0   1.0%   0.334 AU:3    +
    9    25  0   0.9%   0.290 GU:3    +
   11    20  0   0.7%   0.242 UA:3    +
   12    19  0   0.7%   0.232 UG:3    +
   14    20  0   0.6%   0.193 UA:3    +
   13    18  0   0.6%   0.179 UG:3    +
   10    21  0   0.6%   0.253 AU:3    +
   14    19  0   0.6%   0.156 UG:3    +
    1    35  0   0.5%   0.387 AU:3    +
   13    20  0   0.5%   0.212 UA:3    +
    7    19  0   0.5%   0.143 CG:3    +
    8    18  0   0.5%   0.137 UG:3    +
    9    17  0   0.5%   0.189 GU:3    +
    5    22  0   0.5%   0.188 CG:3    +
    4    23  0   0.5%   0.189 UA:3    +
   10    16  0   0.5%   0.189 AU:3    +
    6    21  0   0.5%   0.079 GU:3    +
    3    24  0   0.5%   0.192 GU:3    +
    8    23  0   0.4%   0.183 UA:3    +
   11    15  0   0.4%   0.179 UG:3    +
    2    25  0   0.4%   0.222 GU:3    +
   12    33  0   0.4%   0.405 UG:3    +
   14    23  0   0.3%   0.680 UA:3    +
    5    33  0   0.3%   0.252 CG:3    +
   16    23  0   0.2%   0.780 UA:3    +
    1    26  0   0.2%   0.147 AU:3    +
   17    22  0   0.2%   0.421 UG:3    +
   15    24  0   0.2%   0.413 GU:3    +
    3    34  0   0.1%   0.720 GU:3    +
   10    35  0   0.1%   0.541 AU:3    +
    2    35  0   0.1%   0.283 GU:3    +
   10    25  0   0.1%   0.300 AU:3    +
   16    22  0   0.1%   0.720 UG:3    +
    4    33  0   0.1%   0.484 UG:3    +
    2    32  0   0.1%   0.197 GU:3    +
   13    31  0   0.1%   0.660 UA:3    +
    3     7  0   0.0%   0.067 GC:3    +
    1    32  0   0.0%   0.132 AU:3    +
   20    26  0   0.0%   1.069 AU:3    +
    2     8  0   0.0%   0.119 GU:3    +
   13    33  0   0.0%   0.504 UG:3    +
    3    35  0   0.0%   0.519 GU:3    +
   11    22  0   0.0%   0.204 UG:3    +
   19    27  0   0.0%   0.797 GC:3    +
    3    12  0   0.0%   0.211 GU:3    +
    2    13  0   0.0%   0.216 GU:3    +
    7    33  0   0.0%   0.243 CG:3    +
   13    19  0   0.0%   0.159 UG:3    +
    6    34  0   0.0%   0.463 GU:3    +
   17    23  0   0.0%   0.441 UA:3    +
    9    34  0   0.0%   0.552 GU:3    +
   10    32  0   0.0%   0.630 AU:3    +
   12    20  0   0.0%   0.173 UA:3    +
    6    32  0   0.0%   0.496 GU:3    +
   14    18  0   0.0%   0.064 UG:3    +
    2    11  0   0.0%   0.064 GU:3    +
    9    26  0   0.0%   0.196 GU:3    +
    1    14  0   0.0%   0.112 AU:3    +
   15    25  0   0.0%   0.392 GU:3    +
   10    17  0   0.0%   0.165 AU:3    +
    1    12  0   0.0%   0.055 AU:3    +
   12    18  0   0.0%   0.125 UG:3    +
   11    19  0   0.0%   0.163 UG:3    +
    9    32  0   0.0%   0.583 GU:3    +
   20    24  0   0.0%   0.510 AU:3    +
   19    25  0   0.0%   0.171 GU:3    +
   11    31  0   0.0%   0.495 UA:3    +
    2    30  0   0.0%   0.181 GC:3    +
   17    29  0   0.0%   0.739 UG:3    +
    8    19  0   0.0%   0.112 UG:3    +
    2    27  0   0.0%   0.180 GC:3    +
    9    24  0   0.0%   0.163 GU:3    +
   31    35  0   0.0%   0.603 AU:3    +
   11    18  0   0.0%   0.161 UG:3    +
   27    33  0   0.0%   0.562 CG:3    +
   18    25  0   0.0%   0.135 GU:3    +
    3     8  0   0.0%   0.060 GU:3    +
    8    33  0   0.0%   0.261 UG:3    +
    7    15  0   0.0%   0.061 CG:3    +
    3    26  0   0.0%   0.153 GU:3    +
    3    13  0   0.0%   0.171 GU:3    +
    6    16  0   0.0%   0.001 GU:3    +
    5    19  0   0.0%   0.109 CG:3    +
    4    20  0   0.0%   0.110 UA:3    +
    3    21  0   0.0%   0.114 GU:3    +
   22    30  0   0.0%   0.817 GC:3    +
    6    13  0   0.0%   0.058 GU:3    +
   21    31  0   0.0%   0.837 UA:3    +
   20    32  0   0.0%   0.942 AU:3    +
    4     9  0   0.0%   0.000 UG:3    +
   12    31  0   0.0%   0.521 UA:3    +
   28    32  0   0.0%   0.720 GU:3    +
   19    24  0   0.0%   0.181 GU:3    +
   14    33  0   0.0%   0.622 UG:3    +
    6    11  0   0.0%   0.109 GU:3    +
    2    26  0   0.0%   0.191 GU:3    +
    7    22  0   0.0%   0.115 CG:3    +
    6    12  0   0.0%   0.096 GU:3    +
    1    11  0   0.0%   0.053 AU:3    +
    7    18  0   0.0%   0.061 CG:3    +
    3    25  0   0.0%   0.162 GU:3    +
    2    14  0   0.0%   0.158 GU:3    +
    8    31  0   0.0%   0.504 UA:3    +
    9    14  0   0.0%   0.110 GU:3    +
    7    28  0   0.0%   0.154 CG:3    +
   18    26  0   0.0%   0.208 GU:3    +
   18    24  0   0.0%   0.146 GU:3    +
    6    35  0   0.0%   0.263 GU:3    +
   18    34  0   0.0%   0.619 GU:3    +
    9    13  0   0.0%   0.166 GU:3    +
    2    24  0   0.0%   0.157 GU:3    +
    9    30  0   0.0%   0.505 GC:3    +
    1    25  0   0.0%   0.110 AU:3    +
   22    27  0   0.0%   0.817 GC:3    +
    5    29  0   0.0%   0.266 CG:3    +
   15    32  0   0.0%   0.843 GU:3    +
   28    34  0   0.0%   0.753 GU:3    +
    6    25  0   0.0%   0.049 GU:3    +
   16    31  0   0.0%   1.121 UA:3    +
   10    14  0   0.0%   0.111 AU:3    +
    3    27  0   0.0%   0.141 GC:3    +
   28    35  0   0.0%   0.549 GU:3    +
    3    14  0   0.0%   0.115 GU:3    +
    8    20  0   0.0%   0.084 UA:3    +
    5    18  0   0.0%   0.108 CG:3    +
   29    34  0   0.0%   0.753 GU:3    +
   18    30  0   0.0%   0.759 GC:3    +
    8    22  0   0.0%   0.110 UG:3    +
   21    28  0   0.0%   0.784 UG:3    +
   24    33  0   0.0%   0.199 UG:3    +
   23    34  0   0.0%   0.705 AU:3    +
    6    26  0   0.0%   0.040 GU:3    +
   17    31  0   0.0%   0.791 UA:3    +
    6    14  0   0.0%   0.001 GU:3    +
    9    16  0   0.0%   0.109 GU:3    +
   22    35  0   0.0%   0.472 GU:3    +
    6    17  0   0.0%   0.001 GU:3    +
    4    19  0   0.0%   0.110 UG:3    +
    4    28  0   0.0%   0.136 UG:3    +
    9    21  0   0.0%   0.162 GU:3    +
.....(((((..((((...))))..))))).....
