3 sequence; length of alignment 86
alifold output
    2    81  0  80.0%   0.672 GC:3   
    3    80  0  79.6%   0.705 UA:3   
   32    52  0  74.4%   0.716 AU:3   
   31    53  0  73.6%   0.911 CG:3   
    4    79  0  72.6%   0.748 AU:3   
   27    58  0  71.7%   0.743 AU:3   
   28    57  0  70.4%   0.768 AU:3   
   18    67  0  69.1%   0.909 GC:3   
   19    66  0  69.0%   0.804 CG:3   
   14    69  0  67.9%   1.232 GC:3   
   13    70  0  67.9%   1.232 GC:3   
   25    61  0  67.8%   1.279 CG:3   
   24    62  0  67.8%   1.298 CG:3   
   11    71  0  65.5%   1.049 GC:3   
    1    82  0  64.9%   0.940 UA:3   
   10    72  0  64.2%   1.034 CG:3   
   15    68  0  62.8%   1.254 UG:3   
   33    51  0  61.8%   1.478 UA:3   
   29    56  0  60.4%   1.155 UA:3   
    8    76  0  47.5%   1.470 GC:3   
   34    50  0  46.2%   1.775 AU:3   
    9    75  0  42.6%   1.880 AU:3   
   26    59  0  40.9%   1.251 GC:3    +
   35    45  0  40.6%   1.873 GC:3    +
   36    44  0  40.5%   1.874 GC:3    +
   26    60  0  36.8%   1.758 GC:3   
   34    46  0  31.5%   1.714 AU:3    +
   35    48  0  19.2%   2.119 GC:3   
   14    44  0  18.5%   1.064 GC:3    +
   15    43  0  18.5%   0.996 UA:3    +
   13    45  0  18.5%   1.062 GC:3    +
   16    42  0  18.4%   0.990 AU:3    +
   17    41  0  17.9%   0.926 AU:3    +
   12    46  0  16.9%   0.985 AU:3    +
   37    46  0  16.6%   1.875 AU:3   
   33    47  0  16.0%   1.269 UG:3    +
   23    64  0  14.7%   1.333 GC:3    +
   21    35  0  14.5%   0.892 CG:3    +
   20    36  0  14.5%   0.912 CG:3    +
   22    34  0  14.3%   0.943 UA:3    +
    9    74  0  14.1%   1.087 AU:3    +
    8    75  0  12.2%   1.089 GU:3    +
   23    33  0  12.0%   0.851 GU:3    +
   61    71  0   9.0%   1.935 GC:3    +
   62    70  0   9.0%   1.903 GC:3    +
   13    71  0   7.9%   1.582 GC:3    +
   22    63  0   7.8%   1.157 UA:3    +
   14    70  0   7.8%   1.565 GC:3    +
   60    72  0   7.5%   1.740 CG:3    +
   53    76  0   6.0%   1.493 GC:3    +
   62    69  0   5.9%   1.343 GC:3    +
   61    70  0   5.8%   1.599 GC:3    +
   61    76  0   5.8%   2.225 GC:3    +
   62    75  0   5.7%   2.545 GU:3    +
   54    75  0   5.7%   1.627 AU:3    +
   65    72  0   5.6%   1.388 CG:3    +
   63    74  0   5.6%   1.538 AU:3    +
   60    77  0   5.5%   1.573 CG:3    +
   66    71  0   5.1%   1.577 GC:3    +
   59    72  0   5.0%   1.314 CG:3    +
   58    73  0   4.9%   1.018 UA:3    +
   24    61  0   4.8%   0.798 CG:3    +
   21    62  0   4.7%   0.797 CG:3    +
   22    61  0   4.6%   0.858 UG:3    +
   36    45  0   4.6%   1.906 GC:3    +
   35    46  0   4.4%   1.949 GU:3    +
   23    60  0   4.4%   0.757 GC:3    +
   55    74  0   4.4%   1.139 AU:3    +
   18    65  0   4.0%   0.398 GC:3    +
   25    35  0   3.8%   0.719 CG:3    +
   24    36  0   3.8%   0.735 CG:3    +
   36    48  0   3.5%   1.817 GC:3    +
   11    76  0   3.5%   1.207 GC:3    +
   11    48  0   3.4%   0.526 GC:3    +
   10    77  0   3.4%   0.810 CG:3    +
   19    68  0   3.3%   0.929 CG:3    +
   18    69  0   3.3%   0.998 GC:3    +
   12    75  0   3.3%   1.469 AU:3    +
   29    55  0   2.9%   0.445 UA:3    +
   26    31  0   2.9%   0.352 GC:3    +
    7    74  0   2.8%   0.346 AU:3    +
   37    42  0   2.8%   0.648 AU:3    +
    6    75  0   2.7%   0.333 AU:3    +
   51    79  0   2.6%   0.968 AU:3    +
   10    47  0   2.6%   0.388 CG:3    +
   52    77  0   2.5%   0.778 UG:3    +
   29    54  0   2.5%   0.322 UA:3    +
   30    53  0   2.4%   0.361 CG:3    +
   52    78  0   2.3%   0.731 UA:3    +
   50    80  0   2.3%   0.937 UA:3    +
   13    74  0   2.2%   1.608 GU:3    +
   56    74  0   2.1%   1.312 AU:3    +
   26    76  0   1.9%   1.596 GC:3    +
   27    75  0   1.9%   1.383 AU:3    +
   28    74  0   1.9%   1.068 AU:3    +
   29    73  0   1.8%   0.788 UA:3    +
   57    73  0   1.8%   0.624 UA:3    +
   55    75  0   1.8%   1.603 AU:3    +
   30    72  0   1.8%   0.698 CG:3    +
   10    83  0   1.7%   0.792 CG:3    +
    9    84  0   1.7%   0.949 AU:3    +
   25    77  0   1.7%   0.779 CG:3    +
   21    66  0   1.6%   1.013 CG:3    +
    8    85  0   1.6%   0.979 GU:3    +
    2    10  0   1.6%   0.195 GC:3    +
    3     9  0   1.5%   0.191 UA:3    +
   38    46  0   1.4%   1.384 AU:3    +
   20    66  0   1.4%   0.805 CG:3    +
    8    48  0   1.4%   0.228 GC:3    +
   36    59  0   1.4%   1.609 GC:3    +
   35    60  0   1.3%   1.965 GC:3    +
   37    58  0   1.3%   0.901 AU:3    +
   14    24  0   1.3%   0.253 GC:3    +
   15    23  0   1.3%   0.185 UG:3    +
   13    25  0   1.3%   0.240 GC:3    +
    7    75  0   1.3%   0.409 AU:3    +
    8    74  0   1.3%   0.375 GU:3    +
   39    46  0   1.2%   1.369 AU:3    +
   16    22  0   1.2%   0.210 AU:3    +
   64    68  0   1.2%   0.905 CG:3    +
   38    57  0   1.2%   0.536 AU:3    +
   28    58  0   1.1%   0.649 AU:3    +
   38    42  0   1.0%   0.566 AU:3    +
   42    53  0   1.0%   0.930 UG:3    +
   13    21  0   1.0%   0.162 GC:3    +
   41    54  0   0.9%   0.545 UA:3    +
   14    20  0   0.9%   0.180 GC:3    +
   43    52  0   0.9%   0.706 AU:3    +
    7    86  0   0.9%   0.328 AU:3    +
   12    22  0   0.9%   0.134 AU:3    +
    1    11  0   0.8%   0.125 UG:3    +
   26    30  0   0.8%   0.135 GC:3    +
   50    78  0   0.7%   0.569 UA:3    +
   58    72  0   0.7%   0.860 UG:3    +
    5    79  0   0.7%   0.386 AU:3    +
   49    79  0   0.7%   0.471 AU:3    +
   11    46  0   0.6%   0.167 GU:3    +
   47    81  0   0.6%   0.752 GC:3    +
   23    81  0   0.6%   1.076 GC:3    +
    3    78  0   0.6%   0.195 UA:3    +
   22    82  0   0.6%   1.132 UA:3    +
    2    79  0   0.6%   0.194 GU:3    +
   53    59  0   0.5%   0.916 GC:3    +
   48    83  0   0.5%   0.874 CG:3    +
   21    83  0   0.5%   0.727 CG:3    +
   61    67  0   0.5%   0.965 GC:3    +
   60    68  0   0.5%   1.080 CG:3    +
    2    48  0   0.5%   0.145 GC:3    +
   47    84  0   0.5%   0.629 GU:3    +
    3    47  0   0.5%   0.144 UG:3    +
   35    44  0   0.5%   0.826 GC:3    +
   13    20  0   0.4%   0.071 GC:3    +
   14    19  0   0.4%   0.072 GC:3    +
   30    36  0   0.4%   0.539 CG:3    +
    1    80  0   0.4%   0.144 UA:3    +
   31    35  0   0.4%   0.592 CG:3    +
   54    58  0   0.4%   0.572 AU:3    +
   30    62  0   0.4%   0.659 CG:3    +
   31    61  0   0.4%   0.993 CG:3    +
    1    49  0   0.4%   0.109 UA:3    +
   29    37  0   0.4%   0.088 UA:3    +
   29    63  0   0.3%   0.806 UA:3    +
   48    53  0   0.3%   1.074 CG:3    +
   46    82  0   0.3%   1.641 UA:3    +
    7    50  0   0.3%   0.069 AU:3    +
   58    78  0   0.3%   0.776 UA:3    +
   20    62  0   0.2%   0.401 CG:3    +
   21    61  0   0.2%   0.383 CG:3    +
   32    50  0   0.2%   0.096 AU:3    +
    8    30  0   0.2%   0.052 GC:3    +
   45    83  0   0.2%   0.981 CG:3    +
    9    29  0   0.2%   0.107 AU:3    +
    5    75  0   0.2%   0.046 AU:3    +
   27    57  0   0.2%   0.049 AU:3    +
    6    74  0   0.2%   0.050 AU:3    +
   10    23  0   0.2%   0.105 CG:3    +
   23    67  0   0.2%   1.063 GC:3    +
   59    77  0   0.2%   0.928 CG:3    +
   26    65  0   0.2%   1.060 GC:3    +
   22    37  0   0.2%   0.426 UA:3    +
   33    49  0   0.2%   0.615 UA:3    +
   53    60  0   0.2%   1.027 GC:3    +
   24    66  0   0.2%   1.026 CG:3    +
   56    84  0   0.1%   0.557 AU:3    +
   25    66  0   0.1%   0.871 CG:3    +
   57    83  0   0.1%   0.597 UG:3    +
   40    46  0   0.1%   1.289 AU:3    +
   55    85  0   0.1%   0.440 AU:3    +
   18    84  0   0.1%   0.611 GU:3    +
   48    66  0   0.1%   1.088 CG:3    +
   47    67  0   0.1%   0.724 GC:3    +
   19    83  0   0.1%   0.505 CG:3    +
    4    46  0   0.1%   0.029 AU:3    +
    3    51  0   0.1%   0.121 UA:3    +
    7    52  0   0.1%   0.062 AU:3    +
    8    81  0   0.1%   0.967 GC:3    +
   17    85  0   0.1%   0.407 AU:3    +
    2    52  0   0.1%   0.119 GU:3    +
    4    50  0   0.1%   0.036 AU:3    +
   11    22  0   0.1%   0.068 GU:3    +
   15    72  0   0.1%   0.974 UG:3    +
   24    68  0   0.1%   1.055 CG:3    +
   53    81  0   0.1%   0.887 GC:3    +
   23    69  0   0.1%   1.181 GC:3    +
   11    24  0   0.1%   0.080 GC:3    +
   11    74  0   0.1%   0.962 GU:3    +
   76    83  0   0.1%   1.078 CG:3    +
   23    79  0   0.1%   1.127 GU:3    +
   52    61  0   0.1%   0.921 UG:3    +
    9    50  0   0.1%   0.138 AU:3    +
   23    31  0   0.1%   0.101 GC:3    +
    9    79  0   0.1%   1.058 AU:3    +
   22    80  0   0.1%   0.984 UA:3    +
   58    82  0   0.1%   0.945 UA:3    +
   54    86  0   0.1%   0.408 AU:3    +
   22    38  0   0.1%   0.424 UA:3    +
   52    82  0   0.1%   0.842 UA:3    +
   29    51  0   0.1%   0.069 UA:3    +
    8    50  0   0.1%   0.134 GU:3    +
   21    36  0   0.1%   0.631 CG:3    +
   23    65  0   0.1%   0.912 GC:3    +
   22    35  0   0.1%   0.688 UG:3    +
   50    56  0   0.1%   0.755 UA:3    +
   11    81  0   0.1%   0.823 GC:3    +
   28    52  0   0.1%   0.051 AU:3    +
   57    80  0   0.1%   0.724 UA:3    +
   16    86  0   0.1%   0.431 AU:3    +
   56    75  0   0.1%   1.628 AU:3    +
   49    57  0   0.1%   0.374 AU:3    +
   26    64  0   0.1%   1.189 GC:3    +
   41    56  0   0.1%   0.688 UA:3    +
   26    58  0   0.1%   0.163 GU:3    +
    8    24  0   0.1%   0.020 GC:3    +
   42    55  0   0.1%   0.635 UA:3    +
   27    33  0   0.1%   0.272 AU:3    +
   64    72  0   0.1%   1.111 CG:3    +
    7    79  0   0.1%   0.500 AU:3    +
   44    53  0   0.1%   1.091 CG:3    +
   78    84  0   0.1%   0.320 AU:3    +
   78    85  0   0.1%   0.296 AU:3    +
   56    79  0   0.1%   0.876 AU:3    +
   14    71  0   0.1%   1.394 GC:3    +
   71    77  0   0.1%   1.324 CG:3    +
   49    58  0   0.1%   0.411 AU:3    +
   57    78  0   0.1%   0.569 UA:3    +
   74    83  0   0.1%   1.173 UG:3    +
   19    23  0   0.1%   0.108 CG:3    +
   18    24  0   0.1%   0.084 GC:3    +
   79    83  0   0.1%   0.653 UG:3    +
   11    21  0   0.1%   0.053 GC:3    +
   18    64  0   0.1%   0.023 GC:3    +
   40    57  0   0.1%   0.339 AU:3    +
   22    32  0   0.1%   0.117 UA:3    +
   73    84  0   0.1%   0.440 AU:3    +
   72    76  0   0.1%   1.809 GC:3    +
    6    52  0   0.1%   0.030 AU:3    +
   77    85  0   0.1%   0.574 GU:3    +
   19    62  0   0.1%   0.044 CG:3    +
   20    61  0   0.1%   0.362 CG:3    +
    6    79  0   0.0%   0.430 AU:3    +
   14    64  0   0.0%   0.449 GC:3    +
   13    65  0   0.0%   0.449 GC:3    +
   11    67  0   0.0%   0.224 GC:3    +
   10    68  0   0.0%   0.188 CG:3    +
   15    63  0   0.0%   0.381 UA:3    +
    8    79  0   0.0%   1.076 GU:3    +
   45    53  0   0.0%   1.207 CG:3    +
   77    86  0   0.0%   0.542 GU:3    +
    1    83  0   0.0%   0.389 UG:3    +
   23    30  0   0.0%   0.101 GC:3    +
   75    82  0   0.0%   1.734 UA:3    +
    6    50  0   0.0%   0.023 AU:3    +
   37    41  0   0.0%   0.354 AU:3    +
   47    59  0   0.0%   0.858 GC:3    +
   45    61  0   0.0%   1.424 CG:3    +
   44    62  0   0.0%   1.165 CG:3    +
    1    53  0   0.0%   0.078 UG:3    +
   51    58  0   0.0%   0.688 AU:3    +
    1     6  0   0.0%   0.009 UA:3    +
   15    73  0   0.0%   0.682 UA:3    +
   19    36  0   0.0%   0.038 CG:3    +
   29    49  0   0.0%   0.067 UA:3    +
    5    52  0   0.0%   0.020 AU:3    +
   10    53  0   0.0%   0.187 CG:3    +
   31    47  0   0.0%   0.261 CG:3    +
   20    35  0   0.0%   0.076 CG:3    +
   36    69  0   0.0%   1.516 GC:3    +
   35    70  0   0.0%   1.815 GC:3    +
   57    72  0   0.0%   0.700 UG:3    +
   54    85  0   0.0%   0.422 AU:3    +
   55    84  0   0.0%   0.445 AU:3    +
   11    52  0   0.0%   0.243 GU:3    +
    2    76  0   0.0%   0.112 GC:3    +
   42    51  0   0.0%   0.786 UA:3    +
    1     7  0   0.0%   0.010 UA:3    +
   43    50  0   0.0%   0.741 AU:3    +
   39    58  0   0.0%   0.415 AU:3    +
   28    50  0   0.0%   0.054 AU:3    +
   36    46  0   0.0%   1.796 GU:3    +
   22    68  0   0.0%   1.173 UG:3    +
   58    77  0   0.0%   0.857 UG:3    +
   67    72  0   0.0%   1.229 CG:3    +
   61    69  0   0.0%   1.026 GC:3    +
   47    60  0   0.0%   0.993 GC:3    +
   53    86  0   0.0%   0.680 GU:3    +
   52    83  0   0.0%   0.659 UG:3    +
   35    71  0   0.0%   1.835 GC:3    +
   36    70  0   0.0%   1.598 GC:3    +
   49    85  0   0.0%   0.169 AU:3    +
   72    85  0   0.0%   1.024 GU:3    +
   42    54  0   0.0%   0.655 UA:3    +
    3    43  0   0.0%   0.071 UA:3    +
    2    44  0   0.0%   0.072 GC:3    +
    4    42  0   0.0%   0.006 AU:3    +
   51    84  0   0.0%   0.536 AU:3    +
   41    55  0   0.0%   0.472 UA:3    +
    5    85  0   0.0%   0.062 AU:3    +
   62    67  0   0.0%   0.764 GC:3    +
   28    33  0   0.0%   0.267 AU:3    +
   14    74  0   0.0%   1.450 GU:3    +
   23    59  0   0.0%   0.349 GC:3    +
    4    52  0   0.0%   0.032 AU:3    +
   51    57  0   0.0%   0.649 AU:3    +
    6    84  0   0.0%   0.133 AU:3    +
   73    86  0   0.0%   0.372 AU:3    +
   77    81  0   0.0%   0.727 GC:3    +
   22    66  0   0.0%   1.143 UG:3    +
   41    47  0   0.0%   0.738 UG:3    +
   52    56  0   0.0%   0.625 UA:3    +
    6    85  0   0.0%   0.135 AU:3    +
    8    59  0   0.0%   0.096 GC:3    +
   54    84  0   0.0%   0.446 AU:3    +
   46    61  0   0.0%   1.871 UG:3    +
    3    56  0   0.0%   0.111 UA:3    +
   45    62  0   0.0%   1.281 CG:3    +
   66    70  0   0.0%   1.272 GC:3    +
   24    35  0   0.0%   0.368 CG:3    +
    9    58  0   0.0%   0.092 AU:3    +
    3    53  0   0.0%   0.110 UG:3    +
   35    50  0   0.0%   1.706 GU:3    +
    2    57  0   0.0%   0.108 GU:3    +
   33    53  0   0.0%   1.195 UG:3    +
   10    26  0   0.0%   0.084 CG:3    +
    5    41  0   0.0%   0.005 AU:3    +
    1    77  0   0.0%   0.078 UG:3    +
   50    55  0   0.0%   0.539 UA:3    +
   32    46  0   0.0%   0.350 AU:3    +
   46    68  0   0.0%   1.699 UG:3    +
   11    30  0   0.0%   0.079 GC:3    +
   12    29  0   0.0%   0.060 AU:3    +
    5    84  0   0.0%   0.059 AU:3    +
   53    85  0   0.0%   0.707 GU:3    +
    7    84  0   0.0%   0.198 AU:3    +
   60    66  0   0.0%   0.996 CG:3    +
   11    25  0   0.0%   0.064 GC:3    +
    4    86  0   0.0%   0.260 AU:3    +
   26    33  0   0.0%   0.401 GU:3    +
   61    65  0   0.0%   0.757 GC:3    +
    5    86  0   0.0%   0.062 AU:3    +
    2    50  0   0.0%   0.097 GU:3    +
    1     8  0   0.0%   0.009 UG:3    +
    3    49  0   0.0%   0.117 UA:3    +
   48    68  0   0.0%   1.090 CG:3    +
    4    85  0   0.0%   0.258 AU:3    +
   47    69  0   0.0%   0.825 GC:3    +
   12    74  0   0.0%   0.801 AU:3    +
   34    52  0   0.0%   1.258 AU:3    +
    7    85  0   0.0%   0.200 AU:3    +
    3    54  0   0.0%   0.108 UA:3    +
   62    71  0   0.0%   1.541 GC:3    +
   26    57  0   0.0%   0.149 GU:3    +
   13    19  0   0.0%   0.004 GC:3    +
   53    79  0   0.0%   1.066 GU:3    +
    3     8  0   0.0%   0.005 UG:3    +
   35    41  0   0.0%   0.751 GU:3    +
   20    68  0   0.0%   0.841 CG:3    +
    6    86  0   0.0%   0.135 AU:3    +
    1    51  0   0.0%   0.071 UA:3    +
    1     9  0   0.0%   0.009 UA:3    +
   52    80  0   0.0%   0.793 UA:3    +
    8    25  0   0.0%   0.011 GC:3    +
   46    55  0   0.0%   1.385 UA:3    +
   49    84  0   0.0%   0.194 AU:3    +
   30    47  0   0.0%   0.203 CG:3    +
    9    52  0   0.0%   0.114 AU:3    +
    5    74  0   0.0%   0.008 AU:3    +
   18    41  0   0.0%   0.318 GU:3    +
   10    18  0   0.0%   0.068 CG:3    +
   35    65  0   0.0%   1.494 GC:3    +
   36    64  0   0.0%   1.420 GC:3    +
   29    53  0   0.0%   0.056 UG:3    +
   55    79  0   0.0%   0.780 AU:3    +
   46    51  0   0.0%   1.589 UA:3    +
   36    42  0   0.0%   0.754 GU:3    +
   50    83  0   0.0%   0.709 UG:3    +
   53    58  0   0.0%   0.765 GU:3    +
   73    79  0   0.0%   0.762 AU:3    +
   41    51  0   0.0%   0.634 UA:3    +
    4    75  0   0.0%   0.023 AU:3    +
   40    52  0   0.0%   0.269 AU:3    +
   54    79  0   0.0%   0.783 AU:3    +
    8    84  0   0.0%   0.779 GU:3    +
   34    42  0   0.0%   0.596 AU:3    +
    1    56  0   0.0%   0.075 UA:3    +
   18    70  0   0.0%   0.972 GC:3    +
   10    14  0   0.0%   0.067 CG:3    +
   74    78  0   0.0%   1.167 UA:3    +
    8    70  0   0.0%   0.096 GC:3    +
   23    48  0   0.0%   0.543 GC:3    +
   13    69  0   0.0%   0.444 GC:3    +
   24    47  0   0.0%   0.321 CG:3    +
   62    76  0   0.0%   1.883 GC:3    +
    9    15  0   0.0%   0.066 AU:3    +
   63    75  0   0.0%   1.767 AU:3    +
    8    69  0   0.0%   0.095 GC:3    +
   54    74  0   0.0%   0.778 AU:3    +
    1    55  0   0.0%   0.074 UA:3    +
   59    68  0   0.0%   0.885 CG:3    +
   47    52  0   0.0%   0.722 GU:3    +
   15    80  0   0.0%   0.884 UA:3    +
   31    72  0   0.0%   0.748 CG:3    +
   14    81  0   0.0%   1.105 GC:3    +
    3    55  0   0.0%   0.108 UA:3    +
   11    20  0   0.0%   0.041 GC:3    +
   63    84  0   0.0%   0.515 AU:3    +
   64    83  0   0.0%   0.521 CG:3    +
   50    82  0   0.0%   0.883 UA:3    +
   14    79  0   0.0%   1.227 GU:3    +
   33    43  0   0.0%   0.579 UA:3    +
   15    78  0   0.0%   0.707 UA:3    +
    8    31  0   0.0%   0.026 GC:3    +
   62    85  0   0.0%   1.101 GU:3    +
   22    49  0   0.0%   0.434 UA:3    +
   16    79  0   0.0%   0.683 AU:3    +
   17    42  0   0.0%   0.623 AU:3    +
   46    54  0   0.0%   1.412 UA:3    +
   33    54  0   0.0%   0.962 UA:3    +
   35    42  0   0.0%   0.755 GU:3    +
   43    84  0   0.0%   0.447 AU:3    +
    5    50  0   0.0%   0.013 AU:3    +
   53    75  0   0.0%   1.417 GU:3    +
   31    66  0   0.0%   0.789 CG:3    +
    2    24  0   0.0%   0.067 GC:3    +
   67    77  0   0.0%   0.767 CG:3    +
    3    23  0   0.0%   0.066 UG:3    +
   68    76  0   0.0%   1.386 GC:3    +
   72    81  0   0.0%   1.183 GC:3    +
    2    59  0   0.0%   0.106 GC:3    +
   14    21  0   0.0%   0.118 GC:3    +
   43    85  0   0.0%   0.445 AU:3    +
   53    84  0   0.0%   0.733 GU:3    +
   11    50  0   0.0%   0.256 GU:3    +
   58    80  0   0.0%   0.894 UA:3    +
    8    52  0   0.0%   0.116 GU:3    +
   11    75  0   0.0%   1.291 GU:3    +
    3     7  0   0.0%   0.004 UA:3    +
   78    86  0   0.0%   0.253 AU:3    +
   50    54  0   0.0%   0.564 UA:3    +
   27    52  0   0.0%   0.036 AU:3    +
   39    57  0   0.0%   0.372 AU:3    +
   25    62  0   0.0%   0.872 CG:3    +
    8    86  0   0.0%   0.888 GU:3    +
   28    41  0   0.0%   0.314 AU:3    +
   13    22  0   0.0%   0.120 GU:3    +
   18    71  0   0.0%   0.991 GC:3    +
   48    77  0   0.0%   0.852 CG:3    +
   27    42  0   0.0%   0.321 AU:3    +
   42    47  0   0.0%   0.883 UG:3    +
   21    26  0   0.0%   0.052 CG:3    +
    9    85  0   0.0%   0.878 AU:3    +
   30    77  0   0.0%   0.450 CG:3    +
   29    78  0   0.0%   0.669 UA:3    +
   65    77  0   0.0%   0.768 CG:3    +
   70    77  0   0.0%   1.308 CG:3    +
   25    53  0   0.0%   0.190 CG:3    +
   17    22  0   0.0%   0.105 AU:3    +
   11    59  0   0.0%   0.216 GC:3    +
   66    76  0   0.0%   1.452 GC:3    +
   26    52  0   0.0%   0.172 GU:3    +
   24    83  0   0.0%   0.739 CG:3    +
   42    49  0   0.0%   0.501 UA:3    +
    8    71  0   0.0%   0.095 GC:3    +
   35    59  0   0.0%   1.656 GC:3    +
   42    63  0   0.0%   0.743 UA:3    +
   22    62  0   0.0%   0.717 UG:3    +
   13    75  0   0.0%   1.889 GU:3    +
   28    79  0   0.0%   0.705 AU:3    +
    4    84  0   0.0%   0.256 AU:3    +
   16    41  0   0.0%   0.056 AU:3    +
   36    58  0   0.0%   1.360 GU:3    +
   27    41  0   0.0%   0.317 AU:3    +
    8    21  0   0.0%   0.004 GC:3    +
   41    49  0   0.0%   0.354 UA:3    +
   14    30  0   0.0%   0.142 GC:3    +
   13    31  0   0.0%   0.127 GC:3    +
   23    29  0   0.0%   0.091 GU:3    +
   37    57  0   0.0%   0.697 AU:3    +
   23    84  0   0.0%   0.910 GU:3    +
   26    67  0   0.0%   1.172 GC:3    +
    7    22  0   0.0%   0.004 AU:3    +
    3    82  0   0.0%   0.600 UA:3    +
   44    83  0   0.0%   0.824 CG:3    +
    1    54  0   0.0%   0.073 UA:3    +
    3    34  0   0.0%   0.066 UA:3    +
   31    36  0   0.0%   0.569 CG:3    +
   61    86  0   0.0%   1.246 GU:3    +
    2    85  0   0.0%   0.316 GU:3    +
   53    65  0   0.0%   0.590 GC:3    +
   22    39  0   0.0%   0.412 UA:3    +
   31    68  0   0.0%   0.804 CG:3    +
    4    33  0   0.0%   0.001 AU:3    +
   74    80  0   0.0%   1.300 UA:3    +
    4    22  0   0.0%   0.001 AU:3    +
   38    58  0   0.0%   0.522 AU:3    +
   26    42  0   0.0%   0.458 GU:3    +
   46    53  0   0.0%   1.652 UG:3    +
   66    81  0   0.0%   0.833 GC:3    +
   14    67  0   0.0%   0.446 GC:3    +
   50    63  0   0.0%   0.654 UA:3    +
    7    57  0   0.0%   0.032 AU:3    +
   12    58  0   0.0%   0.347 AU:3    +
    8    19  0   0.0%   0.003 GC:3    +
   73    85  0   0.0%   0.404 AU:3    +
   15    66  0   0.0%   0.375 UG:3    +
   18    60  0   0.0%   0.007 GC:3    +
   53    57  0   0.0%   0.728 GU:3    +
   41    53  0   0.0%   0.646 UG:3    +
    1    36  0   0.0%   0.048 UG:3    +
    3    73  0   0.0%   0.108 UA:3    +
   40    50  0   0.0%   0.431 AU:3    +
    2    19  0   0.0%   0.066 GC:3    +
    8    20  0   0.0%   0.003 GC:3    +
    3    18  0   0.0%   0.065 UG:3    +
   57    82  0   0.0%   0.749 UA:3    +
   42    56  0   0.0%   0.832 UA:3    +
   36    41  0   0.0%   0.749 GU:3    +
   20    72  0   0.0%   0.722 CG:3    +
   49    86  0   0.0%   0.138 AU:3    +
   46    56  0   0.0%   1.586 UA:3    +
    2    74  0   0.0%   0.106 GU:3    +
    3    77  0   0.0%   0.110 UG:3    +
    6    58  0   0.0%   0.011 AU:3    +
   80    85  0   0.0%   0.416 AU:3    +
   32    57  0   0.0%   0.504 AU:3    +
   31    62  0   0.0%   0.828 CG:3    +
   21    68  0   0.0%   0.972 CG:3    +
   52    66  0   0.0%   0.727 UG:3    +
   30    35  0   0.0%   0.471 CG:3    +
    1    78  0   0.0%   0.076 UA:3    +
   33    55  0   0.0%   0.972 UA:3    +
   77    84  0   0.0%   0.595 GU:3    +
   25    36  0   0.0%   0.595 CG:3    +
    3    83  0   0.0%   0.323 UG:3    +
    5    33  0   0.0%   0.001 AU:3    +
   25    68  0   0.0%   0.877 CG:3    +
    2    31  0   0.0%   0.066 GC:3    +
    1     5  0   0.0%   0.001 UA:3    +
   47    85  0   0.0%   0.575 GU:3    +
   19    26  0   0.0%   0.031 CG:3    +
   13    81  0   0.0%   1.181 GC:3    +
   20    26  0   0.0%   0.070 CG:3    +
   24    77  0   0.0%   0.744 CG:3    +
   59    83  0   0.0%   0.788 CG:3    +
    1    12  0   0.0%   0.047 UA:3    +
   22    27  0   0.0%   0.105 UA:3    +
   26    81  0   0.0%   1.198 GC:3    +
   51    85  0   0.0%   0.505 AU:3    +
   18    85  0   0.0%   0.600 GU:3    +
   35    67  0   0.0%   1.616 GC:3    +
   18    25  0   0.0%   0.064 GC:3    +
   82    86  0   0.0%   0.417 AU:3    +
   51    86  0   0.0%   0.476 AU:3    +
    1    32  0   0.0%   0.047 UA:3    +
   22    36  0   0.0%   0.682 UG:3    +
   46    83  0   0.0%   1.419 UG:3    +
   33    56  0   0.0%   1.176 UA:3    +
    2    86  0   0.0%   0.316 GU:3    +
   35    52  0   0.0%   1.542 GU:3    +
   57    77  0   0.0%   0.683 UG:3    +
   67    83  0   0.0%   0.478 CG:3    +
   22    40  0   0.0%   0.411 UA:3    +
   33    62  0   0.0%   1.315 UG:3    +
   22    28  0   0.0%   0.105 UA:3    +
   34    41  0   0.0%   0.590 AU:3    +
    2    84  0   0.0%   0.315 GU:3    +
   29    40  0   0.0%   0.037 UA:3    +
   66    84  0   0.0%   0.700 GU:3    +
   17    86  0   0.0%   0.372 AU:3    +
   26    45  0   0.0%   0.455 GC:3    +
   10    66  0   0.0%   0.178 CG:3    +
   20    83  0   0.0%   0.512 CG:3    +
   18    86  0   0.0%   0.572 GU:3    +
   11    65  0   0.0%   0.213 GC:3    +
   18    48  0   0.0%   0.207 GC:3    +
   47    58  0   0.0%   0.776 GU:3    +
   19    47  0   0.0%   0.152 CG:3    +
   11    85  0   0.0%   0.698 GU:3    +
   13    76  0   0.0%   1.461 GC:3    +
    9    57  0   0.0%   0.089 AU:3    +
   11    60  0   0.0%   0.213 GC:3    +
   80    86  0   0.0%   0.376 AU:3    +
   52    73  0   0.0%   0.388 UA:3    +
   71    83  0   0.0%   1.026 CG:3    +
    3    12  0   0.0%   0.065 UA:3    +
   17    84  0   0.0%   0.385 AU:3    +
    9    22  0   0.0%   0.065 AU:3    +
   40    84  0   0.0%   0.100 AU:3    +
    2    58  0   0.0%   0.105 GU:3    +
    7    29  0   0.0%   0.003 AU:3    +
   39    85  0   0.0%   0.140 AU:3    +
   51    74  0   0.0%   0.936 AU:3    +
   50    66  0   0.0%   0.846 UG:3    +
   11    86  0   0.0%   0.673 GU:3    +
   10    61  0   0.0%   0.177 CG:3    +
   80    84  0   0.0%   0.444 AU:3    +
    9    46  0   0.0%   0.088 AU:3    +
    8    58  0   0.0%   0.092 GU:3    +
    3    11  0   0.0%   0.104 UG:3    +
   11    19  0   0.0%   0.040 GC:3    +
    2    33  0   0.0%   0.066 GU:3    +
    6    57  0   0.0%   0.012 AU:3    +
   29    34  0   0.0%   0.295 UA:3    +
   14    75  0   0.0%   1.811 GU:3    +
   36    50  0   0.0%   1.484 GU:3    +
   47    76  0   0.0%   0.983 GC:3    +
   12    85  0   0.0%   0.531 AU:3    +
    3    32  0   0.0%   0.066 UA:3    +
   11    70  0   0.0%   0.218 GC:3    +
    5    58  0   0.0%   0.006 AU:3    +
   50    73  0   0.0%   0.508 UA:3    +
   16    85  0   0.0%   0.440 AU:3    +
    5    57  0   0.0%   0.007 AU:3    +
   49    74  0   0.0%   0.660 AU:3    +
   18    76  0   0.0%   0.982 GC:3    +
   21    72  0   0.0%   0.854 CG:3    +
    4    74  0   0.0%   0.022 AU:3    +
    1    37  0   0.0%   0.048 UA:3    +
   52    62  0   0.0%   0.762 UG:3    +
   69    77  0   0.0%   1.012 CG:3    +
   29    38  0   0.0%   0.044 UA:3    +
   75    80  0   0.0%   1.687 UA:3    +
   29    36  0   0.0%   0.429 UG:3    +
   17    75  0   0.0%   1.210 AU:3    +
   10    35  0   0.0%   0.081 CG:3    +
   50    77  0   0.0%   0.618 UG:3    +
   18    74  0   0.0%   1.048 GU:3    +
    1    34  0   0.0%   0.047 UA:3    +
   12    84  0   0.0%   0.532 AU:3    +
   53    71  0   0.0%   0.924 GC:3    +
   48    61  0   0.0%   1.251 CG:3    +
   47    57  0   0.0%   0.741 GU:3    +
    4    58  0   0.0%   0.021 AU:3    +
   61    81  0   0.0%   1.443 GC:3    +
   59    66  0   0.0%   0.875 CG:3    +
   72    86  0   0.0%   0.987 GU:3    +
   33    61  0   0.0%   1.460 UG:3    +
   26    44  0   0.0%   0.457 GC:3    +
   37    50  0   0.0%   0.852 AU:3    +
   33    40  0   0.0%   0.264 UA:3    +
   27    50  0   0.0%   0.051 AU:3    +
   53    67  0   0.0%   0.721 GC:3    +
   38    86  0   0.0%   0.223 AU:3    +
   23    57  0   0.0%   0.343 GU:3    +
   12    79  0   0.0%   0.773 AU:3    +
   15    28  0   0.0%   0.058 UA:3    +
    7    46  0   0.0%   0.012 AU:3    +
   13    24  0   0.0%   0.083 GC:3    +
   14    29  0   0.0%   0.141 GU:3    +
   13    30  0   0.0%   0.141 GC:3    +
   56    85  0   0.0%   0.518 AU:3    +
   48    62  0   0.0%   1.106 CG:3    +
   32    41  0   0.0%   0.316 AU:3    +
    3    35  0   0.0%   0.066 UG:3    +
   47    79  0   0.0%   0.760 GU:3    +
   68    74  0   0.0%   1.496 GU:3    +
   47    65  0   0.0%   0.575 GC:3    +
   19    72  0   0.0%   0.698 CG:3    +
   15    51  0   0.0%   0.380 UA:3    +
   16    50  0   0.0%   0.411 AU:3    +
   27    85  0   0.0%   0.415 AU:3    +
   52    63  0   0.0%   0.534 UA:3    +
   74    82  0   0.0%   1.337 UA:3    +
   17    74  0   0.0%   0.848 AU:3    +
   50    62  0   0.0%   0.882 UG:3    +
   28    84  0   0.0%   0.465 AU:3    +
   14    52  0   0.0%   0.466 GU:3    +
   75    83  0   0.0%   1.555 UG:3    +
   47    86  0   0.0%   0.547 GU:3    +
   36    67  0   0.0%   1.396 GC:3    +
   58    68  0   0.0%   0.810 UG:3    +
   26    48  0   0.0%   0.345 GC:3    +
   55    86  0   0.0%   0.398 AU:3    +
   33    63  0   0.0%   1.092 UA:3    +
   22    56  0   0.0%   0.414 UA:3    +
    8    45  0   0.0%   0.025 GC:3    +
   39    52  0   0.0%   0.311 AU:3    +
   26    86  0   0.0%   1.029 GU:3    +
   57    63  0   0.0%   0.552 UA:3    +
   23    58  0   0.0%   0.344 GU:3    +
    1    14  0   0.0%   0.047 UG:3    +
   30    61  0   0.0%   0.742 CG:3    +
   23    70  0   0.0%   1.251 GC:3    +
    2    67  0   0.0%   0.105 GC:3    +
    6    15  0   0.0%   0.003 AU:3    +
   58    62  0   0.0%   0.838 UG:3    +
    8    29  0   0.0%   0.010 GU:3    +
    6    33  0   0.0%   0.004 AU:3    +
    3    66  0   0.0%   0.108 UG:3    +
   69    83  0   0.0%   0.723 CG:3    +
   11    31  0   0.0%   0.063 GC:3    +
    8    67  0   0.0%   0.093 GC:3    +
    2    71  0   0.0%   0.105 GC:3    +
   16    75  0   0.0%   1.267 AU:3    +
   29    83  0   0.0%   0.749 UG:3    +
    8    57  0   0.0%   0.093 GU:3    +
   53    64  0   0.0%   0.735 GC:3    +
   68    79  0   0.0%   0.965 GU:3    +
   38    50  0   0.0%   0.536 AU:3    +
    5    46  0   0.0%   0.011 AU:3    +
    7    33  0   0.0%   0.004 AU:3    +
    7    58  0   0.0%   0.030 AU:3    +
   68    84  0   0.0%   0.632 GU:3    +
    4    57  0   0.0%   0.023 AU:3    +
   29    62  0   0.0%   0.970 UG:3    +
   12    50  0   0.0%   0.389 AU:3    +
    7    15  0   0.0%   0.003 AU:3    +
   13    84  0   0.0%   1.064 GU:3    +
   11    84  0   0.0%   0.699 GU:3    +
   39    50  0   0.0%   0.475 AU:3    +
   14    76  0   0.0%   1.382 GC:3    +
   11    79  0   0.0%   0.934 GU:3    +
    8    46  0   0.0%   0.033 GU:3    +
   52    68  0   0.0%   0.735 UG:3    +
   68    81  0   0.0%   0.766 GC:3    +
   39    84  0   0.0%   0.142 AU:3    +
    9    86  0   0.0%   0.853 AU:3    +
   18    42  0   0.0%   0.321 GU:3    +
   38    85  0   0.0%   0.250 AU:3    +
   56    86  0   0.0%   0.484 AU:3    +
   10    36  0   0.0%   0.081 CG:3    +
   44    61  0   0.0%   1.300 CG:3    +
    2    69  0   0.0%   0.105 GC:3    +
   32    58  0   0.0%   0.536 AU:3    +
   15    27  0   0.0%   0.058 UA:3    +
   28    42  0   0.0%   0.317 AU:3    +
    3    68  0   0.0%   0.108 UG:3    +
   41    63  0   0.0%   0.593 UA:3    +
   36    65  0   0.0%   1.273 GC:3    +
   53    74  0   0.0%   1.054 GU:3    +
    8    15  0   0.0%   0.003 GU:3    +
   33    68  0   0.0%   1.290 UG:3    +
    1    72  0   0.0%   0.074 UG:3    +
    1    73  0   0.0%   0.074 UA:3    +
   62    74  0   0.0%   1.669 GU:3    +
   35    69  0   0.0%   1.729 GC:3    +
   38    52  0   0.0%   0.372 AU:3    +
   68    75  0   0.0%   1.884 GU:3    +
   18    22  0   0.0%   0.105 GU:3    +
   41    66  0   0.0%   0.777 UG:3    +
   65    83  0   0.0%   0.479 CG:3    +
    4    15  0   0.0%   0.000 AU:3    +
    6    46  0   0.0%   0.012 AU:3    +
   11    57  0   0.0%   0.215 GU:3    +
   13    46  0   0.0%   0.779 GU:3    +
   12    86  0   0.0%   0.506 AU:3    +
   40    58  0   0.0%   0.370 AU:3    +
   70    83  0   0.0%   1.018 CG:3    +
   13    85  0   0.0%   1.062 GU:3    +
    1    68  0   0.0%   0.074 UG:3    +
   11    29  0   0.0%   0.075 GU:3    +
    3    16  0   0.0%   0.065 UA:3    +
   43    57  0   0.0%   0.681 AU:3    +
   24    53  0   0.0%   0.207 CG:3    +
   47    64  0   0.0%   0.721 GC:3    +
   45    68  0   0.0%   1.249 CG:3    +
   41    73  0   0.0%   0.447 UA:3    +
   41    83  0   0.0%   0.481 UG:3    +
   37    86  0   0.0%   0.544 AU:3    +
   29    47  0   0.0%   0.157 UG:3    +
   14    84  0   0.0%   0.986 GU:3    +
   60    83  0   0.0%   1.124 CG:3    +
   38    84  0   0.0%   0.253 AU:3    +
   26    41  0   0.0%   0.453 GU:3    +
   37    85  0   0.0%   0.572 AU:3    +
   42    72  0   0.0%   0.884 UG:3    +
   40    74  0   0.0%   0.628 AU:3    +
   33    66  0   0.0%   1.275 UG:3    +
   57    68  0   0.0%   0.752 UG:3    +
   35    57  0   0.0%   1.549 GU:3    +
   11    58  0   0.0%   0.215 GU:3    +
   61    75  0   0.0%   2.232 GU:3    +
   13    44  0   0.0%   0.128 GC:3    +
    3    36  0   0.0%   0.066 UG:3    +
   52    72  0   0.0%   0.675 UG:3    +
   53    69  0   0.0%   0.829 GC:3    +
   34    58  0   0.0%   1.296 AU:3    +
   13    57  0   0.0%   0.440 GU:3    +
   62    81  0   0.0%   1.264 GC:3    +
   66    79  0   0.0%   1.032 GU:3    +
    2    60  0   0.0%   0.105 GC:3    +
   19    35  0   0.0%   0.029 CG:3    +
   11    45  0   0.0%   0.062 GC:3    +
   58    83  0   0.0%   0.761 UG:3    +
   43    86  0   0.0%   0.416 AU:3    +
   13    79  0   0.0%   1.304 GU:3    +
   15    40  0   0.0%   0.058 UA:3    +
   63    79  0   0.0%   0.846 AU:3    +
   46    80  0   0.0%   1.488 UA:3    +
   26    69  0   0.0%   1.285 GC:3    +
   22    78  0   0.0%   0.788 UA:3    +
    1    38  0   0.0%   0.047 UA:3    +
   36    86  0   0.0%   1.182 GU:3    +
   40    85  0   0.0%   0.097 AU:3    +
   11    69  0   0.0%   0.217 GC:3    +
   14    41  0   0.0%   0.127 GU:3    +
   31    77  0   0.0%   0.569 CG:3    +
   16    29  0   0.0%   0.069 AU:3    +
   14    45  0   0.0%   0.750 GC:3    +
   40    86  0   0.0%   0.069 AU:3    +
   33    38  0   0.0%   0.271 UA:3    +
   18    75  0   0.0%   1.410 GU:3    +
   46    63  0   0.0%   1.497 UA:3    +
    2    75  0   0.0%   0.106 GU:3    +
   53    70  0   0.0%   0.908 GC:3    +
   39    86  0   0.0%   0.112 AU:3    +
   19    61  0   0.0%   0.032 CG:3    +
    8    44  0   0.0%   0.026 GC:3    +
    8    42  0   0.0%   0.026 GU:3    +
   42    62  0   0.0%   0.966 UG:3    +
   39    75  0   0.0%   1.033 AU:3    +
    6    41  0   0.0%   0.004 AU:3    +
    2    64  0   0.0%   0.105 GC:3    +
    2    30  0   0.0%   0.066 GC:3    +
    7    41  0   0.0%   0.005 AU:3    +
   14    86  0   0.0%   0.959 GU:3    +
   13    42  0   0.0%   0.128 GU:3    +
    3    63  0   0.0%   0.108 UA:3    +
    6    42  0   0.0%   0.005 AU:3    +
   57    61  0   0.0%   0.931 UG:3    +
    9    41  0   0.0%   0.080 AU:3    +
    1    47  0   0.0%   0.047 UG:3    +
   66    74  0   0.0%   1.563 GU:3    +
   36    52  0   0.0%   1.321 GU:3    +
   33    39  0   0.0%   0.264 UA:3    +
   11    44  0   0.0%   0.064 GC:3    +
   43    58  0   0.0%   0.716 AU:3    +
   36    60  0   0.0%   1.687 GC:3    +
    5    42  0   0.0%   0.004 AU:3    +
    2    15  0   0.0%   0.065 GU:3    +
   12    52  0   0.0%   0.372 AU:3    +
   72    79  0   0.0%   1.381 GU:3    +
   12    57  0   0.0%   0.346 AU:3    +
    1    16  0   0.0%   0.047 UA:3    +
   18    81  0   0.0%   0.702 GC:3    +
   15    77  0   0.0%   0.793 UG:3    +
   46    77  0   0.0%   1.461 UG:3    +
((((...((((.(((..((....((((((.(((((.(........).).))))..))).)))...)))))))..))..))))....
