3 sequence; length of alignment 34
alifold output
   11    22  0  91.8%   0.237 CG:3   
   12    21  0  91.7%   0.292 GC:3   
   10    23  0  91.1%   0.256 CG:3   
   13    20  0  81.8%   0.534 AU:3   
    9    25  0  59.8%   0.926 UA:3   
    8    26  0  55.6%   1.006 AU:3   
    5    32  0  48.8%   1.122 UA:3   
    7    27  0  48.2%   1.081 AU:3   
    6    31  0  47.9%   1.897 CG:3   
    4    33  0  47.7%   1.791 CG:3   
    6    29  0  36.0%   1.223 CG:3    +
    7    28  0  33.3%   1.482 AU:3    +
    4    31  0  31.7%   1.187 CG:3    +
    8    27  0  28.3%   1.752 AU:3    +
    3    33  0  19.0%   1.024 CG:3    +
    2    34  0  15.9%   0.884 AU:3    +
   21    31  0   7.9%   1.485 CG:3    +
   20    32  0   7.9%   1.118 UA:3    +
   19    33  0   7.8%   1.285 CG:3    +
   22    30  0   6.3%   0.618 GC:3    +
   24    29  0   3.7%   0.825 CG:3    +
   23    30  0   2.1%   0.537 GC:3    +
    3    31  0   0.8%   0.160 CG:3    +
    6    12  0   0.7%   0.111 CG:3    +
    4    29  0   0.7%   0.131 CG:3    +
    5    13  0   0.6%   0.094 UA:3    +
    5    29  0   0.5%   0.167 UG:3    +
    7    26  0   0.5%   0.074 AU:3    +
    3    29  0   0.4%   0.072 CG:3    +
    1    31  0   0.3%   0.061 CG:3    +
    8    28  0   0.3%   1.104 AU:3    +
    1    33  0   0.2%   0.070 CG:3    +
    5    31  0   0.2%   0.523 UG:3    +
   12    30  0   0.2%   0.178 GC:3    +
   16    26  0   0.2%   0.395 AU:3    +
   18    23  0   0.2%   0.140 CG:3    +
   15    27  0   0.2%   0.753 AU:3    +
   17    25  0   0.2%   0.361 UA:3    +
   11    31  0   0.2%   0.911 CG:3    +
   12    18  0   0.2%   0.078 GC:3    +
   13    17  0   0.1%   0.062 AU:3    +
    2    28  0   0.1%   0.019 AU:3    +
    1    29  0   0.1%   0.019 CG:3    +
    4    12  0   0.0%   0.014 CG:3    +
    3    12  0   0.0%   0.009 CG:3    +
    9    29  0   0.0%   0.771 UG:3    +
   24    31  0   0.0%   1.134 CG:3    +
   10    33  0   0.0%   0.779 CG:3    +
   24    33  0   0.0%   1.018 CG:3    +
    9    33  0   0.0%   1.004 UG:3    +
    8    34  0   0.0%   0.998 AU:3    +
    9    32  0   0.0%   0.667 UA:3    +
    9    16  0   0.0%   0.005 UA:3    +
    8    17  0   0.0%   0.005 AU:3    +
   10    31  0   0.0%   0.879 CG:3    +
    1    12  0   0.0%   0.003 CG:3    +
   11    29  0   0.0%   0.538 CG:3    +
   12    28  0   0.0%   0.525 GU:3    +
   18    33  0   0.0%   0.717 CG:3    +
   13    27  0   0.0%   0.918 AU:3    +
   26    33  0   0.0%   1.258 UG:3    +
   23    28  0   0.0%   0.492 GU:3    +
    8    14  0   0.0%   0.003 AU:3    +
   15    20  0   0.0%   0.167 AU:3    +
   25    34  0   0.0%   0.620 AU:3    +
    9    13  0   0.0%   0.033 UA:3    +
   27    32  0   0.0%   1.279 UA:3    +
   16    34  0   0.0%   0.312 AU:3    +
   12    19  0   0.0%   0.056 GC:3    +
    5    33  0   0.0%   1.107 UG:3    +
    6    33  0   0.0%   1.440 CG:3    +
   14    29  0   0.0%   0.460 UG:3    +
   15    28  0   0.0%   0.405 AU:3    +
   23    34  0   0.0%   0.480 GU:3    +
   16    27  0   0.0%   0.741 AU:3    +
    2    14  0   0.0%   0.001 AU:3    +
    7    14  0   0.0%   0.001 AU:3    +
   19    23  0   0.0%   0.101 CG:3    +
   28    33  0   0.0%   1.282 UG:3    +
    5    12  0   0.0%   0.008 UG:3    +
   26    32  0   0.0%   0.918 UA:3    +
   27    31  0   0.0%   1.732 UG:3    +
   10    22  0   0.0%   0.001 CG:3    +
   15    34  0   0.0%   0.310 AU:3    +
   13    26  0   0.0%   0.557 AU:3    +
   11    23  0   0.0%   0.165 CG:3    +
   10    29  0   0.0%   0.542 CG:3    +
   14    25  0   0.0%   0.310 UA:3    +
    2     9  0   0.0%   0.001 AU:3    +
   12    27  0   0.0%   0.844 GU:3    +
    5    25  0   0.0%   0.032 UA:3    +
   20    33  0   0.0%   1.254 UG:3    +
   28    32  0   0.0%   0.943 UA:3    +
    9    23  0   0.0%   0.003 UG:3    +
   16    20  0   0.0%   0.167 AU:3    +
    9    15  0   0.0%   0.001 UA:3    +
   18    22  0   0.0%   0.092 CG:3    +
   21    33  0   0.0%   1.168 CG:3    +
   23    27  0   0.0%   0.825 GU:3    +
   17    33  0   0.0%   0.713 UG:3    +
   27    33  0   0.0%   1.616 UG:3    +
    4    22  0   0.0%   0.004 CG:3    +
   13    34  0   0.0%   0.501 AU:3    +
   18    31  0   0.0%   0.830 CG:3    +
    3    23  0   0.0%   0.003 CG:3    +
    2    17  0   0.0%   0.001 AU:3    +
   26    31  0   0.0%   1.373 UG:3    +
   17    23  0   0.0%   0.097 UG:3    +
   17    32  0   0.0%   0.377 UA:3    +
   13    28  0   0.0%   0.595 AU:3    +
   12    17  0   0.0%   0.044 GU:3    +
    7    34  0   0.0%   1.036 AU:3    +
    5    15  0   0.0%   0.032 UA:3    +
    5    16  0   0.0%   0.032 UA:3    +
   19    31  0   0.0%   0.805 CG:3    +
   22    28  0   0.0%   0.468 GU:3    +
   21    29  0   0.0%   0.537 CG:3    +
    7    17  0   0.0%   0.001 AU:3    +
   29    34  0   0.0%   0.876 GU:3    +
   12    20  0   0.0%   0.055 GU:3    +
   12    34  0   0.0%   0.444 GU:3    +
   15    26  0   0.0%   0.352 AU:3    +
    2    27  0   0.0%   0.001 AU:3    +
   19    29  0   0.0%   0.458 CG:3    +
    9    31  0   0.0%   1.102 UG:3    +
   12    24  0   0.0%   0.134 GC:3    +
   14    33  0   0.0%   0.690 UG:3    +
   17    22  0   0.0%   0.090 UG:3    +
   11    33  0   0.0%   0.782 CG:3    +
...((((((((((......)))).)))...))).
