3 sequence; length of alignment 34
alifold output
    9    31  0 100.0%   0.000 GC:3   
    8    32  0 100.0%   0.000 CG:3   
   10    30  0  99.9%   0.004 CG:3   
    7    33  0  99.8%   0.005 CG:3   
   13    27  0  96.3%   0.230 AU:3   
   12    28  0  96.0%   0.242 GC:3   
   14    26  0  95.2%   0.292 GC:3   
   17    23  0  94.0%   0.298 GC:3   
   16    24  0  89.8%   0.555 AU:3   
    6    34  0  80.9%   0.528 AU:3   
   18    22  0  71.2%   0.851 AU:3   
   14    23  0   3.7%   0.366 GC:3    +
   15    22  0   3.7%   0.366 AU:3    +
   13    24  0   3.6%   0.362 AU:3    +
   12    25  0   3.5%   0.352 GC:3    +
   16    21  0   3.3%   0.338 AU:3    +
   17    25  0   0.6%   0.292 GC:3    +
   15    24  0   0.6%   0.332 AU:3    +
   18    24  0   0.6%   0.576 AU:3    +
   14    25  0   0.4%   0.310 GC:3    +
    5    34  0   0.2%   0.034 AU:3    +
   12    26  0   0.1%   0.136 GC:3    +
   11    30  0   0.1%   0.014 CG:3    +
   14    28  0   0.0%   0.237 GC:3    +
   16    22  0   0.0%   0.240 AU:3    +
   17    22  0   0.0%   0.129 GU:3    +
   15    27  0   0.0%   0.193 AU:3    +
   17    24  0   0.0%   0.311 GU:3    +
    4    34  0   0.0%   0.004 AU:3    +
   20    25  0   0.0%   0.174 GC:3    +
   17    21  0   0.0%   0.116 GU:3    +
    3    34  0   0.0%   0.002 AU:3    +
   17    26  0   0.0%   0.145 GC:3    +
    2    34  0   0.0%   0.001 GU:3    +
   19    24  0   0.0%   0.278 AU:3    +
   16    27  0   0.0%   0.250 AU:3    +
   15    21  0   0.0%   0.000 AU:3    +
   12    27  0   0.0%   0.124 GU:3    +
   11    32  0   0.0%   0.005 CG:3    +
   10    33  0   0.0%   0.004 CG:3    +
    2     7  0   0.0%   0.000 GC:3    +
    9    34  0   0.0%   0.185 GU:3    +
   12    31  0   0.0%   0.163 GC:3    +
    7    32  0   0.0%   0.000 CG:3    +
    8    33  0   0.0%   0.002 CG:3    +
   14    22  0   0.0%   0.000 GU:3    +
    9    28  0   0.0%   0.000 GC:3    +
   20    24  0   0.0%   0.277 GU:3    +
.....(((((.(((.(((...))).))).)))))
