3 sequence; length of alignment 34
alifold output
    7    29  0  93.2%   0.430 CG:3   
    5    31  0  93.2%   0.399 GC:3   
    6    30  0  93.2%   0.397 GU:3   
    8    28  0  93.1%   0.265 UA:3   
    9    27  0  89.7%   0.489 CG:3   
    4    32  0  88.9%   0.549 UA:3   
   19    25  0  88.4%   0.532 CG:3   
   18    26  0  88.4%   0.557 GC:3   
   20    24  0  87.1%   0.733 CG:3   
    3    33  0  64.6%   1.087 UA:3   
    6    19  0   6.2%   0.516 GC:3    +
    5    20  0   6.2%   0.515 GC:3    +
    7    18  0   6.2%   0.515 CG:3    +
    9    16  0   4.5%   0.420 CG:3    +
    4    21  0   4.5%   0.417 UG:3    +
   17    27  0   3.4%   0.538 UG:3    +
    3    22  0   3.3%   0.335 UA:3    +
    2    24  0   3.2%   0.328 CG:3    +
    3    23  0   2.3%   0.372 UA:3    +
    4    22  0   1.4%   0.431 UA:3    +
   13    23  0   1.0%   0.265 UA:3    +
   14    22  0   0.9%   0.341 UA:3    +
    2    29  0   0.6%   0.214 CG:3    +
    3    28  0   0.6%   0.299 UA:3    +
    4    27  0   0.6%   0.294 UG:3    +
    5    26  0   0.6%   0.260 GC:3    +
    7    24  0   0.6%   0.375 CG:3    +
   13    24  0   0.5%   0.286 UG:3    +
   14    23  0   0.5%   0.298 UA:3    +
    1    30  0   0.5%   0.076 AU:3    +
   16    20  0   0.4%   0.384 GC:3    +
    8    23  0   0.4%   0.165 UA:3    +
   16    26  0   0.4%   0.256 GC:3    +
   17    25  0   0.3%   0.119 UG:3    +
    9    21  0   0.3%   0.341 CG:3    +
   10    17  0   0.3%   0.055 AU:3    +
   11    17  0   0.2%   0.057 AU:3    +
   14    21  0   0.2%   0.202 UG:3    +
   13    22  0   0.2%   0.221 UA:3    +
   12    17  0   0.2%   0.065 AU:3    +
    8    22  0   0.2%   0.205 UA:3    +
    2    25  0   0.1%   0.135 CG:3    +
   24    31  0   0.1%   0.385 GC:3    +
    3    24  0   0.1%   0.327 UG:3    +
    9    18  0   0.1%   0.328 CG:3    +
   10    14  0   0.1%   0.016 AU:3    +
    3    32  0   0.1%   0.248 UA:3    +
   25    30  0   0.0%   0.248 GU:3    +
   20    25  0   0.0%   0.467 CG:3    +
   17    22  0   0.0%   0.288 UA:3    +
   13    25  0   0.0%   0.105 UG:3    +
    4    33  0   0.0%   0.627 UA:3    +
   14    24  0   0.0%   0.267 UG:3    +
    4    23  0   0.0%   0.293 UA:3    +
   19    24  0   0.0%   0.353 CG:3    +
   17    23  0   0.0%   0.233 UA:3    +
   25    31  0   0.0%   0.225 GC:3    +
   13    18  0   0.0%   0.181 UG:3    +
    8    16  0   0.0%   0.005 UG:3    +
   21    26  0   0.0%   0.334 GC:3    +
   27    31  0   0.0%   0.322 GC:3    +
   27    34  0   0.0%   0.249 GC:3    +
   21    31  0   0.0%   0.241 GC:3    +
    7    25  0   0.0%   0.212 CG:3    +
    8    15  0   0.0%   0.003 UA:3    +
    2    27  0   0.0%   0.120 CG:3    +
   22    30  0   0.0%   0.334 AU:3    +
    7    16  0   0.0%   0.002 CG:3    +
   24    34  0   0.0%   0.306 GC:3    +
    8    24  0   0.0%   0.180 UG:3    +
    6    17  0   0.0%   0.002 GU:3    +
    6    26  0   0.0%   0.204 GC:3    +
   29    34  0   0.0%   0.101 GC:3    +
   17    24  0   0.0%   0.223 UG:3    +
   25    34  0   0.0%   0.151 GC:3    +
   17    21  0   0.0%   0.214 UG:3    +
   14    27  0   0.0%   0.221 UG:3    +
   23    30  0   0.0%   0.278 AU:3    +
   20    27  0   0.0%   0.564 CG:3    +
    6    31  0   0.0%   0.306 GC:3    +
    6    20  0   0.0%   0.345 GC:3    +
   13    27  0   0.0%   0.220 UG:3    +
   13    28  0   0.0%   0.189 UA:3    +
    2    16  0   0.0%   0.001 CG:3    +
   24    30  0   0.0%   0.390 GU:3    +
   14    28  0   0.0%   0.189 UA:3    +
    3    15  0   0.0%   0.001 UA:3    +
    4    28  0   0.0%   0.264 UA:3    +
   13    21  0   0.0%   0.160 UG:3    +
   17    28  0   0.0%   0.279 UA:3    +
    1    17  0   0.0%   0.001 AU:3    +
   14    25  0   0.0%   0.102 UG:3    +
    8    27  0   0.0%   0.066 UG:3    +
    5     9  0   0.0%   0.000 GC:3    +
    4    10  0   0.0%   0.000 UA:3    +
   13    29  0   0.0%   0.188 UG:3    +
   12    30  0   0.0%   0.103 AU:3    +
    3    11  0   0.0%   0.000 UA:3    +
    3    29  0   0.0%   0.269 UG:3    +
    9    24  0   0.0%   0.310 CG:3    +
   14    18  0   0.0%   0.184 UG:3    +
    2    21  0   0.0%   0.001 CG:3    +
    5    14  0   0.0%   0.000 GU:3    +
    3    21  0   0.0%   0.001 UG:3    +
    4    15  0   0.0%   0.001 UA:3    +
    6    13  0   0.0%   0.000 GU:3    +
    9    25  0   0.0%   0.174 CG:3    +
    4    11  0   0.0%   0.000 UA:3    +
    3    25  0   0.0%   0.214 UG:3    +
   14    29  0   0.0%   0.188 UG:3    +
   19    29  0   0.0%   0.380 CG:3    +
   15    30  0   0.0%   0.093 AU:3    +
    3    16  0   0.0%   0.001 UG:3    +
    3    12  0   0.0%   0.000 UA:3    +
   16    31  0   0.0%   0.252 GC:3    +
   18    30  0   0.0%   0.379 GU:3    +
    4    24  0   0.0%   0.317 UG:3    +
    5    13  0   0.0%   0.000 GU:3    +
   19    27  0   0.0%   0.527 CG:3    +
   14    32  0   0.0%   0.199 UA:3    +
    8    12  0   0.0%   0.000 UA:3    +
    3    27  0   0.0%   0.206 UG:3    +
   13    33  0   0.0%   0.376 UA:3    +
    8    25  0   0.0%   0.044 UG:3    +
   21    34  0   0.0%   0.173 GC:3    +
    8    18  0   0.0%   0.173 UG:3    +
   18    31  0   0.0%   0.354 GC:3    +
..(((((((........(((...)))))))))).
