3 sequence; length of alignment 33
alifold output
   10    20  0  98.2%   0.111 CG:3   
    9    21  0  98.2%   0.089 GC:3   
   11    19  0  96.0%   0.145 AU:3   
    8    22  0  94.7%   0.265 CG:3   
    3    27  0  55.7%   1.230 CG:3   
    4    26  0  55.3%   0.982 AU:3   
    6    23  0  43.4%   1.146 GC:3    +
   13    17  0  36.4%   1.104 UA:3    +
    3    25  0   3.3%   0.363 CG:3    +
    7    24  0   3.3%   0.416 UA:3    +
    2    27  0   2.8%   0.359 CG:3    +
    7    22  0   2.1%   0.245 UG:3    +
   26    32  0   1.8%   0.670 UA:3    +
   25    33  0   1.8%   0.430 GC:3    +
    5    26  0   1.5%   0.567 GU:3    +
    5    23  0   0.9%   0.134 GC:3    +
    9    26  0   0.9%   0.592 GU:3    +
   10    25  0   0.9%   0.329 CG:3    +
    8    27  0   0.9%   0.668 CG:3    +
    5    30  0   0.8%   0.236 GC:3    +
    1    27  0   0.8%   0.128 CG:3    +
   12    23  0   0.6%   0.555 GC:3    +
   13    22  0   0.6%   0.664 UG:3    +
   25    30  0   0.6%   0.315 GC:3    +
   12    21  0   0.6%   0.125 GC:3    +
   13    20  0   0.5%   0.529 UG:3    +
   10    18  0   0.5%   0.086 CG:3    +
    9    19  0   0.5%   0.085 GU:3    +
   13    18  0   0.5%   0.481 UG:3    +
    8    20  0   0.5%   0.085 CG:3    +
    6    29  0   0.5%   0.480 GU:3    +
    2    25  0   0.4%   0.067 CG:3    +
    9    23  0   0.3%   0.507 GC:3    +
   10    22  0   0.3%   0.235 CG:3    +
    6    26  0   0.2%   0.811 GU:3    +
    4    28  0   0.2%   0.365 AU:3    +
   12    16  0   0.2%   0.033 GC:3    +
    1     6  0   0.1%   0.028 CG:3    +
   27    33  0   0.1%   0.609 GC:3    +
   28    32  0   0.1%   0.121 UA:3    +
    6    21  0   0.1%   0.029 GC:3    +
    5    28  0   0.1%   0.140 GU:3    +
    4    29  0   0.1%   0.354 AU:3    +
    7    25  0   0.1%   0.342 UG:3    +
    1     5  0   0.0%   0.010 CG:3    +
    6    30  0   0.0%   0.470 GC:3    +
    6    28  0   0.0%   0.418 GU:3    +
    7    32  0   0.0%   0.206 UA:3    +
    6    33  0   0.0%   0.432 GC:3    +
   14    18  0   0.0%   0.064 UG:3    +
   10    27  0   0.0%   0.618 CG:3    +
   11    26  0   0.0%   0.491 AU:3    +
    5    29  0   0.0%   0.128 GU:3    +
    9    28  0   0.0%   0.132 GU:3    +
   12    19  0   0.0%   0.084 GU:3    +
   23    27  0   0.0%   0.968 CG:3    +
    1    25  0   0.0%   0.017 CG:3    +
    8    25  0   0.0%   0.226 CG:3    +
   15    20  0   0.0%   0.081 UG:3    +
   22    28  0   0.0%   0.209 GU:3    +
   21    27  0   0.0%   0.565 CG:3    +
   20    28  0   0.0%   0.104 GU:3    +
   26    31  0   0.0%   0.453 UA:3    +
   13    24  0   0.0%   0.569 UA:3    +
    7    27  0   0.0%   0.664 UG:3    +
   24    29  0   0.0%   0.149 AU:3    +
    2     6  0   0.0%   0.011 CG:3    +
   18    30  0   0.0%   0.104 GC:3    +
   14    20  0   0.0%   0.080 UG:3    +
    5    33  0   0.0%   0.160 GC:3    +
   16    20  0   0.0%   0.090 CG:3    +
   16    22  0   0.0%   0.195 CG:3    +
   22    26  0   0.0%   0.632 GU:3    +
   17    26  0   0.0%   0.817 AU:3    +
   16    27  0   0.0%   0.521 CG:3    +
    5    16  0   0.0%   0.005 GC:3    +
    6    15  0   0.0%   0.010 GU:3    +
   25    29  0   0.0%   0.218 GU:3    +
    7    20  0   0.0%   0.001 UG:3    +
   24    28  0   0.0%   0.139 AU:3    +
   13    32  0   0.0%   0.458 UA:3    +
   12    33  0   0.0%   0.076 GC:3    +
    5    10  0   0.0%   0.004 GC:3    +
   15    22  0   0.0%   0.184 UG:3    +
   14    31  0   0.0%   0.004 UA:3    +
   20    30  0   0.0%   0.123 GC:3    +
   22    30  0   0.0%   0.228 GC:3    +
   19    24  0   0.0%   0.183 UA:3    +
    7    31  0   0.0%   0.199 UA:3    +
   19    31  0   0.0%   0.071 UA:3    +
    5    21  0   0.0%   0.005 GC:3    +
    8    18  0   0.0%   0.000 CG:3    +
   14    22  0   0.0%   0.184 UG:3    +
   14    24  0   0.0%   0.116 UA:3    +
   21    25  0   0.0%   0.237 CG:3    +
   13    25  0   0.0%   0.639 UG:3    +
   20    26  0   0.0%   0.527 GU:3    +
   11    15  0   0.0%   0.001 AU:3    +
   22    33  0   0.0%   0.187 GC:3    +
    3    22  0   0.0%   0.001 CG:3    +
   18    33  0   0.0%   0.064 GC:3    +
   19    32  0   0.0%   0.073 UA:3    +
    3    20  0   0.0%   0.000 CG:3    +
    4    19  0   0.0%   0.000 AU:3    +
   18    23  0   0.0%   0.513 GC:3    +
    2    22  0   0.0%   0.001 CG:3    +
   12    30  0   0.0%   0.114 GC:3    +
    3    12  0   0.0%   0.000 CG:3    +
    3    18  0   0.0%   0.000 CG:3    +
   19    27  0   0.0%   0.578 UG:3    +
   16    25  0   0.0%   0.196 CG:3    +
   22    29  0   0.0%   0.216 GU:3    +
   15    24  0   0.0%   0.115 UA:3    +
    9    16  0   0.0%   0.001 GC:3    +
    1    22  0   0.0%   0.012 CG:3    +
    6    16  0   0.0%   0.010 GC:3    +
   18    28  0   0.0%   0.082 GU:3    +
    3     9  0   0.0%   0.000 CG:3    +
   17    29  0   0.0%   0.401 AU:3    +
   14    25  0   0.0%   0.187 UG:3    +
    2     9  0   0.0%   0.001 CG:3    +
    5    14  0   0.0%   0.004 GU:3    +
    9    30  0   0.0%   0.150 GC:3    +
   15    31  0   0.0%   0.003 UA:3    +
    4    15  0   0.0%   0.000 AU:3    +
   14    32  0   0.0%   0.006 UA:3    +
..((...((((.......))))...))......
