3 sequence; length of alignment 53
alifold output
   44    51  0  78.1%   0.988 CG:3   
   43    52  0  77.9%   1.330 GC:3   
   42    53  0  75.9%   1.270 GC:3   
   10    32  0  55.1%   1.402 GC:3   
   11    31  0  55.0%   1.736 CG:3   
    9    33  0  52.5%   1.464 UA:3   
    3    36  0  44.3%   1.398 GC:3   
    4    35  0  44.2%   1.346 AU:3   
    2    37  0  41.6%   1.366 GU:3   
    5    34  0  38.0%   1.476 UA:3   
   14    29  0  37.3%   1.932 CG:3   
   13    30  0  35.6%   1.996 UA:3   
   16    26  0  32.1%   1.598 GC:3   
   15    27  0  31.7%   1.750 UA:3   
   17    25  0  21.1%   1.335 GU:3   
    1    38  0  20.9%   1.026 AU:3    +
   17    26  0  19.9%   2.043 GC:3    +
   15    40  0  18.9%   1.709 UA:3    +
   16    39  0  18.9%   2.407 GC:3    +
   14    41  0  18.8%   1.645 CG:3    +
   18    25  0  17.9%   1.420 AU:3    +
   17    38  0  17.6%   2.658 GU:3    +
   11    43  0  17.5%   1.742 CG:3    +
   10    44  0  17.4%   1.416 GC:3    +
    6    47  0  15.3%   1.777 GC:3    +
    5    48  0  15.3%   1.609 UA:3    +
    4    49  0  14.6%   1.926 AU:3    +
   13    42  0  14.5%   2.042 UG:3    +
    6    36  0  14.4%   1.868 GC:3    +
   18    37  0  14.2%   1.879 AU:3    +
    3    39  0  12.7%   1.904 GC:3    +
   12    28  0  12.7%   1.254 GC:3    +
   11    29  0  12.3%   1.077 CG:3    +
    4    38  0  12.3%   2.165 AU:3    +
    3    50  0  12.1%   1.910 GU:3    +
   13    27  0  12.1%   1.264 UA:3    +
    6    32  0  11.3%   0.963 GC:3    +
    2    39  0  11.2%   1.335 GC:3    +
    3    38  0  11.2%   1.692 GU:3    +
    7    31  0  10.9%   0.758 UG:3    +
    4    37  0  10.8%   1.706 AU:3    +
   16    24  0   9.8%   0.822 GC:3    +
   17    24  0   9.0%   1.017 GC:3    +
   24    31  0   7.8%   1.862 CG:3    +
    4    13  0   7.5%   0.584 AU:3    +
    5    12  0   7.5%   0.581 UG:3    +
    3    14  0   7.4%   0.580 GC:3    +
    6    11  0   7.2%   0.574 GC:3    +
   25    30  0   6.8%   1.757 UA:3    +
   20    28  0   6.7%   1.248 GC:3    +
   19    29  0   6.6%   1.488 CG:3    +
   13    29  0   6.5%   1.503 UG:3    +
    5    33  0   6.3%   0.721 UA:3    +
    8    46  0   6.0%   0.622 AU:3    +
   21    36  0   5.7%   1.668 GC:3    +
   22    35  0   5.5%   1.376 AU:3    +
    2    15  0   5.4%   0.483 GU:3    +
    7    34  0   5.3%   1.115 UA:3    +
    6    35  0   4.9%   1.322 GU:3    +
   16    28  0   4.3%   1.453 GC:3    +
   14    21  0   4.1%   0.594 CG:3    +
   20    37  0   3.8%   1.906 GU:3    +
   15    20  0   3.6%   0.564 UG:3    +
   20    36  0   3.5%   1.547 GC:3    +
    3    52  0   3.4%   1.801 GC:3    +
    2    53  0   3.4%   1.255 GC:3    +
   12    24  0   3.2%   0.593 GC:3    +
   16    25  0   3.1%   0.577 GU:3    +
   10    26  0   2.8%   0.330 GC:3    +
    9    27  0   2.7%   0.334 UA:3    +
   13    22  0   2.5%   0.538 UA:3    +
   24    43  0   2.4%   1.488 CG:3    +
   25    42  0   2.4%   1.556 UG:3    +
   26    41  0   2.4%   1.595 CG:3    +
   21    35  0   2.3%   1.192 GU:3    +
   16    32  0   2.3%   1.672 GC:3    +
   22    46  0   2.0%   0.768 AU:3    +
   21    47  0   2.0%   1.126 GC:3    +
   23    45  0   2.0%   0.462 AU:3    +
   30    37  0   1.9%   1.984 AU:3    +
   31    36  0   1.9%   2.148 GC:3    +
    8    45  0   1.8%   0.262 AU:3    +
   29    38  0   1.8%   2.593 GU:3    +
   13    23  0   1.7%   0.559 UA:3    +
   17    52  0   1.7%   1.658 GC:3    +
   16    53  0   1.6%   1.595 GC:3    +
   10    28  0   1.6%   0.317 GC:3    +
    9    30  0   1.5%   0.387 UA:3    +
    9    29  0   1.5%   0.321 UG:3    +
   26    31  0   1.5%   1.889 CG:3    +
   20    35  0   1.4%   1.212 GU:3    +
   29    36  0   1.4%   2.320 GC:3    +
   30    35  0   1.3%   1.724 AU:3    +
    2    52  0   1.3%   1.020 GC:3    +
   15    33  0   1.1%   1.376 UA:3    +
    2    36  0   1.1%   0.332 GC:3    +
   21    32  0   1.1%   1.011 GC:3    +
   21    26  0   1.0%   1.148 GC:3    +
    3    35  0   1.0%   0.358 GU:3    +
   20    24  0   1.0%   0.884 GC:3    +
   24    29  0   1.0%   1.849 CG:3    +
    1    37  0   0.9%   0.129 AU:3    +
   12    26  0   0.9%   0.594 GC:3    +
   12    19  0   0.9%   0.317 GC:3    +
   11    20  0   0.8%   0.319 CG:3    +
    6    49  0   0.8%   1.598 GU:3    +
   29    39  0   0.8%   2.249 GC:3    +
   15    29  0   0.8%   1.648 UG:3    +
   30    38  0   0.8%   2.123 AU:3    +
    7    48  0   0.8%   0.838 UA:3    +
   13    18  0   0.7%   0.303 UA:3    +
    8    35  0   0.7%   0.662 AU:3    +
   18    35  0   0.6%   1.031 AU:3    +
   17    36  0   0.6%   1.665 GC:3    +
   31    37  0   0.6%   2.173 GU:3    +
    9    22  0   0.5%   0.089 UA:3    +
   18    38  0   0.5%   1.877 AU:3    +
   41    53  0   0.5%   0.734 GC:3    +
    6    24  0   0.5%   0.271 GC:3    +
    7    23  0   0.5%   0.080 UA:3    +
   21    46  0   0.5%   0.780 GU:3    +
   20    47  0   0.5%   1.121 GC:3    +
   22    45  0   0.5%   0.462 AU:3    +
   17    39  0   0.5%   2.120 GC:3    +
    9    34  0   0.4%   1.196 UA:3    +
    3    26  0   0.4%   0.260 GC:3    +
   12    44  0   0.4%   1.027 GC:3    +
    4    25  0   0.4%   0.260 AU:3    +
    4    50  0   0.4%   1.683 AU:3    +
   24    41  0   0.4%   1.271 CG:3    +
   16    37  0   0.4%   1.635 GU:3    +
   25    40  0   0.4%   1.353 UA:3    +
   13    43  0   0.3%   1.846 UG:3    +
   14    42  0   0.3%   1.347 CG:3    +
   42    52  0   0.3%   0.746 GC:3    +
   19    51  0   0.3%   0.300 CG:3    +
    9    48  0   0.3%   1.005 UA:3    +
   10    47  0   0.3%   1.149 GC:3    +
   31    44  0   0.2%   1.346 GC:3    +
   32    43  0   0.2%   1.189 CG:3    +
   15    41  0   0.2%   1.433 UG:3    +
   30    45  0   0.2%   1.028 AU:3    +
    8    49  0   0.2%   0.641 AU:3    +
   21    44  0   0.2%   0.870 GC:3    +
   18    50  0   0.2%   1.031 AU:3    +
   32    51  0   0.2%   0.810 CG:3    +
   31    52  0   0.2%   1.283 GC:3    +
   33    50  0   0.2%   0.936 AU:3    +
   34    49  0   0.2%   0.934 AU:3    +
    9    31  0   0.2%   0.535 UG:3    +
   20    50  0   0.2%   1.098 GU:3    +
   16    52  0   0.2%   1.486 GC:3    +
   29    46  0   0.2%   1.630 GU:3    +
   20    45  0   0.2%   0.827 GU:3    +
   35    48  0   0.2%   1.377 UA:3    +
   26    42  0   0.2%   1.480 CG:3    +
    2    28  0   0.2%   0.198 GC:3    +
    6    52  0   0.2%   1.441 GC:3    +
    7    51  0   0.2%   0.508 UG:3    +
   15    23  0   0.1%   0.412 UA:3    +
   25    43  0   0.1%   1.521 UG:3    +
    6    39  0   0.1%   1.432 GC:3    +
   27    38  0   0.1%   1.925 AU:3    +
   20    26  0   0.1%   1.090 GC:3    +
    5    40  0   0.1%   0.761 UA:3    +
   17    47  0   0.1%   1.577 GC:3    +
   18    46  0   0.1%   0.884 AU:3    +
   35    40  0   0.1%   1.354 UA:3    +
    8    50  0   0.1%   0.592 AU:3    +
    7    33  0   0.1%   0.468 UA:3    +
   18    49  0   0.1%   1.044 AU:3    +
   21    39  0   0.1%   1.375 GC:3    +
   22    38  0   0.1%   1.474 AU:3    +
   17    50  0   0.1%   1.556 GU:3    +
   21    28  0   0.1%   0.871 GC:3    +
   12    36  0   0.1%   1.358 GC:3    +
   16    47  0   0.1%   1.584 GC:3    +
   23    37  0   0.1%   1.195 AU:3    +
   15    21  0   0.1%   0.428 UG:3    +
   25    33  0   0.1%   1.545 UA:3    +
   19    31  0   0.1%   0.821 CG:3    +
    2    11  0   0.1%   0.015 GC:3    +
   36    41  0   0.1%   1.610 CG:3    +
   28    41  0   0.1%   1.130 CG:3    +
   20    49  0   0.1%   1.104 GU:3    +
   15    22  0   0.1%   0.419 UA:3    +
   20    32  0   0.1%   1.080 GC:3    +
   17    46  0   0.1%   1.425 GU:3    +
   11    51  0   0.1%   1.156 CG:3    +
   13    41  0   0.1%   1.210 UG:3    +
   10    52  0   0.1%   1.019 GC:3    +
   25    31  0   0.1%   1.759 UG:3    +
    2    47  0   0.1%   0.856 GC:3    +
    3    46  0   0.1%   1.146 GU:3    +
   21    25  0   0.1%   0.920 GU:3    +
    4    45  0   0.1%   1.087 AU:3    +
   12    50  0   0.1%   0.977 GU:3    +
    2    38  0   0.0%   0.932 GU:3    +
   17    28  0   0.0%   1.359 GC:3    +
   15    48  0   0.0%   1.437 UA:3    +
   21    52  0   0.0%   0.900 GC:3    +
   20    53  0   0.0%   0.960 GC:3    +
   14    20  0   0.0%   0.246 CG:3    +
   25    34  0   0.0%   1.521 UA:3    +
    6    26  0   0.0%   0.249 GC:3    +
   36    43  0   0.0%   1.599 CG:3    +
    6    28  0   0.0%   0.241 GC:3    +
    5    51  0   0.0%   1.043 UG:3    +
   19    41  0   0.0%   0.568 CG:3    +
    7    27  0   0.0%   0.038 UA:3    +
    1    15  0   0.0%   0.009 AU:3    +
    5    27  0   0.0%   0.202 UA:3    +
   37    42  0   0.0%   1.599 UG:3    +
    7    30  0   0.0%   0.039 UA:3    +
   29    47  0   0.0%   1.749 GC:3    +
   36    42  0   0.0%   1.556 CG:3    +
   12    32  0   0.0%   1.231 GC:3    +
    6    50  0   0.0%   1.522 GU:3    +
   18    45  0   0.0%   0.768 AU:3    +
   15    30  0   0.0%   1.142 UA:3    +
   37    41  0   0.0%   1.650 UG:3    +
    3    47  0   0.0%   1.148 GC:3    +
   20    39  0   0.0%   1.574 GC:3    +
   17    32  0   0.0%   1.542 GC:3    +
   21    38  0   0.0%   1.670 GU:3    +
    4    46  0   0.0%   1.089 AU:3    +
   22    37  0   0.0%   1.363 AU:3    +
   13    21  0   0.0%   0.237 UG:3    +
    2    14  0   0.0%   0.011 GC:3    +
    2    50  0   0.0%   0.854 GU:3    +
    6    44  0   0.0%   0.912 GC:3    +
    7    43  0   0.0%   0.442 UG:3    +
   20    25  0   0.0%   0.984 GU:3    +
   13    31  0   0.0%   1.782 UG:3    +
   10    45  0   0.0%   0.887 GU:3    +
   10    39  0   0.0%   1.020 GC:3    +
   32    41  0   0.0%   1.174 CG:3    +
    3    28  0   0.0%   0.231 GC:3    +
   35    42  0   0.0%   1.401 UG:3    +
    5    29  0   0.0%   0.202 UG:3    +
   40    50  0   0.0%   0.691 AU:3    +
   39    51  0   0.0%   0.961 CG:3    +
    9    40  0   0.0%   0.641 UA:3    +
   30    46  0   0.0%   1.111 AU:3    +
   29    53  0   0.0%   1.510 GC:3    +
   41    49  0   0.0%   0.825 GU:3    +
   11    17  0   0.0%   0.199 CG:3    +
    4     9  0   0.0%   0.004 AU:3    +
   14    31  0   0.0%   1.285 CG:3    +
   26    51  0   0.0%   1.110 CG:3    +
   27    50  0   0.0%   1.059 AU:3    +
   10    46  0   0.0%   0.984 GU:3    +
   41    47  0   0.0%   0.892 GC:3    +
   10    19  0   0.0%   0.004 GC:3    +
   25    29  0   0.0%   1.908 UG:3    +
    6    37  0   0.0%   1.548 GU:3    +
    8    37  0   0.0%   0.687 AU:3    +
   27    37  0   0.0%   1.806 AU:3    +
    9    20  0   0.0%   0.005 UG:3    +
    3    49  0   0.0%   1.143 GU:3    +
    2    32  0   0.0%   0.180 GC:3    +
   21    49  0   0.0%   0.970 GU:3    +
    2    26  0   0.0%   0.168 GC:3    +
   42    47  0   0.0%   0.839 GC:3    +
   24    51  0   0.0%   1.021 CG:3    +
    3    11  0   0.0%   0.007 GC:3    +
   23    35  0   0.0%   1.039 AU:3    +
   35    43  0   0.0%   1.441 UG:3    +
   10    24  0   0.0%   0.031 GC:3    +
   24    42  0   0.0%   1.195 CG:3    +
   20    44  0   0.0%   1.042 GC:3    +
   25    41  0   0.0%   1.348 UG:3    +
   11    42  0   0.0%   0.827 CG:3    +
   13    34  0   0.0%   1.743 UA:3    +
    3    25  0   0.0%   0.196 GU:3    +
    7    29  0   0.0%   0.034 UG:3    +
   12    35  0   0.0%   1.244 GU:3    +
    3    37  0   0.0%   1.034 GU:3    +
    1    50  0   0.0%   0.374 AU:3    +
    9    21  0   0.0%   0.005 UG:3    +
    2     7  0   0.0%   0.002 GU:3    +
   42    46  0   0.0%   0.713 GU:3    +
   22    50  0   0.0%   0.720 AU:3    +
    8    38  0   0.0%   0.871 AU:3    +
   23    49  0   0.0%   0.537 AU:3    +
    8    25  0   0.0%   0.024 AU:3    +
   41    52  0   0.0%   0.747 GC:3    +
   12    25  0   0.0%   0.369 GU:3    +
   20    52  0   0.0%   1.033 GC:3    +
   45    51  0   0.0%   0.457 UG:3    +
   35    41  0   0.0%   1.451 UG:3    +
    2    49  0   0.0%   0.849 GU:3    +
   16    36  0   0.0%   1.621 GC:3    +
   43    50  0   0.0%   0.783 GU:3    +
   39    43  0   0.0%   1.350 CG:3    +
    3    53  0   0.0%   1.629 GC:3    +
   11    16  0   0.0%   0.196 CG:3    +
   31    39  0   0.0%   1.866 GC:3    +
   25    48  0   0.0%   1.433 UA:3    +
    9    23  0   0.0%   0.059 UA:3    +
    6    19  0   0.0%   0.191 GC:3    +
   17    35  0   0.0%   1.467 GU:3    +
    1     7  0   0.0%   0.001 AU:3    +
   12    45  0   0.0%   0.758 GU:3    +
    7    18  0   0.0%   0.002 UA:3    +
   16    50  0   0.0%   1.557 GU:3    +
    1    13  0   0.0%   0.001 AU:3    +
   17    49  0   0.0%   1.585 GU:3    +
   12    52  0   0.0%   0.870 GC:3    +
   11    41  0   0.0%   0.825 CG:3    +
   13    51  0   0.0%   1.518 UG:3    +
   11    21  0   0.0%   0.238 CG:3    +
   28    51  0   0.0%   0.713 CG:3    +
    2    35  0   0.0%   0.179 GU:3    +
   15    34  0   0.0%   1.302 UA:3    +
    5    20  0   0.0%   0.194 UG:3    +
   43    47  0   0.0%   0.875 GC:3    +
   13    40  0   0.0%   1.206 UA:3    +
    3    13  0   0.0%   0.002 GU:3    +
    6    38  0   0.0%   1.732 GU:3    +
   17    37  0   0.0%   1.576 GU:3    +
    2    24  0   0.0%   0.166 GC:3    +
   10    36  0   0.0%   1.190 GC:3    +
    9    18  0   0.0%   0.003 UA:3    +
   33    38  0   0.0%   1.870 AU:3    +
    6    46  0   0.0%   0.915 GU:3    +
    2    19  0   0.0%   0.165 GC:3    +
    3    32  0   0.0%   0.219 GC:3    +
   17    53  0   0.0%   1.507 GC:3    +
   16    49  0   0.0%   1.600 GU:3    +
   16    38  0   0.0%   1.778 GU:3    +
   31    38  0   0.0%   2.254 GU:3    +
    2     9  0   0.0%   0.001 GU:3    +
    5    23  0   0.0%   0.195 UA:3    +
   29    50  0   0.0%   1.642 GU:3    +
    1    25  0   0.0%   0.004 AU:3    +
    6    14  0   0.0%   0.384 GC:3    +
   10    38  0   0.0%   1.332 GU:3    +
   10    25  0   0.0%   0.025 GU:3    +
    3    24  0   0.0%   0.194 GC:3    +
   23    50  0   0.0%   0.511 AU:3    +
   31    45  0   0.0%   1.185 GU:3    +
   13    17  0   0.0%   0.196 UG:3    +
   30    49  0   0.0%   1.154 AU:3    +
    1     9  0   0.0%   0.001 AU:3    +
   31    35  0   0.0%   1.847 GU:3    +
    2    25  0   0.0%   0.166 GU:3    +
    5    31  0   0.0%   0.199 UG:3    +
   28    42  0   0.0%   1.074 CG:3    +
   20    38  0   0.0%   1.877 GU:3    +
   27    49  0   0.0%   1.081 AU:3    +
   12    39  0   0.0%   1.175 GC:3    +
   42    49  0   0.0%   0.770 GU:3    +
   29    37  0   0.0%   2.273 GU:3    +
   40    45  0   0.0%   0.561 AU:3    +
    2    44  0   0.0%   0.844 GC:3    +
   21    37  0   0.0%   1.568 GU:3    +
   26    43  0   0.0%   1.495 CG:3    +
   10    37  0   0.0%   1.148 GU:3    +
   33    37  0   0.0%   1.760 AU:3    +
    6    45  0   0.0%   0.913 GU:3    +
   43    53  0   0.0%   1.065 GC:3    +
    5    10  0   0.0%   0.000 UG:3    +
   34    45  0   0.0%   0.760 AU:3    +
    1    45  0   0.0%   0.373 AU:3    +
    6    25  0   0.0%   0.239 GU:3    +
    3     7  0   0.0%   0.001 GU:3    +
   40    46  0   0.0%   0.656 AU:3    +
   41    50  0   0.0%   0.800 GU:3    +
    7    22  0   0.0%   0.002 UA:3    +
   12    37  0   0.0%   1.306 GU:3    +
    5    41  0   0.0%   0.748 UG:3    +
   19    42  0   0.0%   0.528 CG:3    +
   34    38  0   0.0%   1.844 AU:3    +
   27    35  0   0.0%   1.656 AU:3    +
   17    44  0   0.0%   1.565 GC:3    +
    5    30  0   0.0%   0.199 UA:3    +
    2    45  0   0.0%   0.844 GU:3    +
   33    46  0   0.0%   0.880 AU:3    +
   16    45  0   0.0%   1.339 GU:3    +
   38    43  0   0.0%   1.738 UG:3    +
    3    44  0   0.0%   1.134 GC:3    +
   40    49  0   0.0%   0.711 AU:3    +
    1    49  0   0.0%   0.373 AU:3    +
    9    16  0   0.0%   0.002 UG:3    +
   38    42  0   0.0%   1.701 UG:3    +
   19    43  0   0.0%   0.556 CG:3    +
   47    51  0   0.0%   0.677 CG:3    +
   32    42  0   0.0%   1.119 CG:3    +
   10    14  0   0.0%   0.195 GC:3    +
    1     5  0   0.0%   0.000 AU:3    +
   16    44  0   0.0%   1.587 GC:3    +
    9    43  0   0.0%   0.633 UG:3    +
   41    45  0   0.0%   0.670 GU:3    +
    6    53  0   0.0%   1.365 GC:3    +
   15    42  0   0.0%   1.384 UG:3    +
   14    43  0   0.0%   1.356 CG:3    +
   37    43  0   0.0%   1.634 UG:3    +
   10    15  0   0.0%   0.161 GU:3    +
    8    15  0   0.0%   0.160 AU:3    +
    9    41  0   0.0%   0.631 UG:3    +
    7    12  0   0.0%   0.195 UG:3    +
    7    16  0   0.0%   0.001 UG:3    +
    7    41  0   0.0%   0.437 UG:3    +
   29    35  0   0.0%   2.065 GU:3    +
   13    33  0   0.0%   1.714 UA:3    +
    5    22  0   0.0%   0.194 UA:3    +
   20    46  0   0.0%   0.910 GU:3    +
   16    35  0   0.0%   1.515 GU:3    +
    7    20  0   0.0%   0.002 UG:3    +
   15    51  0   0.0%   1.106 UG:3    +
    1    46  0   0.0%   0.373 AU:3    +
   21    45  0   0.0%   0.609 GU:3    +
    2    13  0   0.0%   0.006 GU:3    +
   12    46  0   0.0%   0.854 GU:3    +
   22    49  0   0.0%   0.744 AU:3    +
   23    46  0   0.0%   0.480 AU:3    +
    3     9  0   0.0%   0.000 GU:3    +
   43    49  0   0.0%   0.806 GU:3    +
    1    35  0   0.0%   0.004 AU:3    +
   13    20  0   0.0%   0.272 UG:3    +
    5    18  0   0.0%   0.194 UA:3    +
    7    42  0   0.0%   0.437 UG:3    +
   41    46  0   0.0%   0.765 GU:3    +
   13    48  0   0.0%   1.841 UA:3    +
   31    47  0   0.0%   1.404 GC:3    +
    6    13  0   0.0%   0.384 GU:3    +
   25    51  0   0.0%   1.124 UG:3    +
   10    53  0   0.0%   0.944 GC:3    +
    7    40  0   0.0%   0.444 UA:3    +
   42    50  0   0.0%   0.745 GU:3    +
   12    38  0   0.0%   1.490 GU:3    +
   46    51  0   0.0%   0.551 UG:3    +
    9    17  0   0.0%   0.002 UG:3    +
   21    50  0   0.0%   0.943 GU:3    +
    8    13  0   0.0%   0.195 AU:3    +
   15    31  0   0.0%   1.290 UG:3    +
   27    46  0   0.0%   1.025 AU:3    +
   12    49  0   0.0%   1.014 GU:3    +
   29    44  0   0.0%   1.646 GC:3    +
    5    43  0   0.0%   0.747 UG:3    +
   12    47  0   0.0%   0.988 GC:3    +
   14    51  0   0.0%   1.048 CG:3    +
    7    21  0   0.0%   0.001 UG:3    +
    3    19  0   0.0%   0.194 GC:3    +
   10    35  0   0.0%   1.089 GU:3    +
    3    45  0   0.0%   1.134 GU:3    +
    3    15  0   0.0%   0.354 GU:3    +
   34    46  0   0.0%   0.854 AU:3    +
   21    53  0   0.0%   0.813 GC:3    +
   31    53  0   0.0%   1.176 GC:3    +
.((((...(((.(((((.......))).)))))))))....(((......)))
