3 sequence; length of alignment 34
alifold output
   12    30  0  95.6%   0.205 AU:3   
   13    29  0  95.3%   0.254 GC:3   
   11    31  0  94.6%   0.316 CG:3   
   14    27  0  79.5%   0.680 GC:3   
   15    26  0  78.8%   0.680 CG:3   
   16    25  0  73.6%   0.753 UA:3   
    3     8  0  46.9%   1.065 CG:3   
    2     9  0  46.9%   1.081 GC:3   
    9    32  0  35.9%   1.614 CG:3    +
    8    33  0  34.7%   1.667 GU:3    +
    1    10  0  25.5%   1.066 GU:3   
   19    24  0  23.4%   1.248 GC:3    +
   10    32  0  21.6%   1.846 UG:3    +
   18    25  0  20.4%   1.272 UA:3    +
    7    34  0  18.7%   1.090 AU:3    +
   17    26  0  17.5%   1.195 CG:3    +
    9    14  0   1.5%   0.566 CG:3    +
    1    24  0   1.4%   0.572 GC:3    +
    2    23  0   1.4%   0.554 GC:3    +
    8    15  0   1.4%   0.546 GC:3    +
    5    20  0   1.3%   0.204 CG:3    +
    6    19  0   1.3%   0.198 UG:3    +
    5    32  0   1.2%   0.254 CG:3    +
    6    31  0   1.2%   0.228 UG:3    +
    7    30  0   1.2%   0.245 AU:3    +
    7    16  0   1.1%   0.160 AU:3    +
   10    31  0   1.1%   0.582 UG:3    +
    4    33  0   1.1%   0.168 AU:3    +
    8    29  0   1.0%   0.604 GC:3    +
   13    24  0   0.9%   0.216 GC:3    +
   14    23  0   0.9%   0.266 GC:3    +
    7    18  0   0.8%   0.171 AU:3    +
   24    31  0   0.7%   0.725 CG:3    +
   23    32  0   0.6%   1.008 CG:3    +
    8    17  0   0.6%   0.508 GC:3    +
   19    23  0   0.6%   0.290 GC:3    +
   25    30  0   0.5%   0.757 AU:3    +
   11    26  0   0.5%   0.123 CG:3    +
   27    32  0   0.3%   1.057 CG:3    +
   26    33  0   0.3%   1.024 GU:3    +
    9    26  0   0.3%   0.483 CG:3    +
    1     9  0   0.3%   0.051 GC:3    +
   12    18  0   0.3%   0.098 AU:3    +
   11    19  0   0.2%   0.131 CG:3    +
   13    17  0   0.2%   0.084 GC:3    +
   14    29  0   0.2%   0.435 GC:3    +
    5    19  0   0.2%   0.062 CG:3    +
    8    27  0   0.2%   0.490 GC:3    +
   10    25  0   0.2%   0.396 UA:3    +
    8    34  0   0.2%   1.230 GU:3    +
   20    24  0   0.2%   0.555 GC:3    +
   25    34  0   0.2%   0.965 AU:3    +
   13    30  0   0.2%   0.239 GU:3    +
    3    14  0   0.1%   0.382 CG:3    +
    2    15  0   0.1%   0.383 GC:3    +
    1    11  0   0.1%   0.396 GC:3    +
    5    13  0   0.1%   0.029 CG:3    +
    3    19  0   0.1%   0.388 CG:3    +
    6    12  0   0.1%   0.026 UA:3    +
    4    18  0   0.1%   0.024 AU:3    +
   10    20  0   0.1%   0.434 UG:3    +
   16    28  0   0.1%   0.314 UA:3    +
    3    20  0   0.1%   0.391 CG:3    +
    1    16  0   0.1%   0.397 GU:3    +
   21    33  0   0.1%   0.455 AU:3    +
    3    32  0   0.1%   0.400 CG:3    +
    2    33  0   0.1%   0.450 GU:3    +
    4    22  0   0.1%   0.026 AU:3    +
   15    32  0   0.1%   1.039 CG:3    +
   20    34  0   0.1%   0.442 GU:3    +
   14    33  0   0.1%   0.753 GU:3    +
   16    31  0   0.1%   0.471 UG:3    +
   16    21  0   0.1%   0.073 UA:3    +
   10    28  0   0.1%   0.384 UA:3    +
    1     5  0   0.1%   0.012 GC:3    +
   20    29  0   0.0%   0.208 GC:3    +
   19    30  0   0.0%   0.582 GU:3    +
   11    32  0   0.0%   0.874 CG:3    +
   18    31  0   0.0%   0.562 UG:3    +
   17    32  0   0.0%   1.130 CG:3    +
   21    34  0   0.0%   0.361 AU:3    +
   13    34  0   0.0%   0.464 GU:3    +
    1    34  0   0.0%   0.460 GU:3    +
    7    33  0   0.0%   0.203 AU:3    +
   15    20  0   0.0%   0.150 CG:3    +
    2    27  0   0.0%   0.437 GC:3    +
    3    26  0   0.0%   0.386 CG:3    +
   19    27  0   0.0%   0.669 GC:3    +
   18    28  0   0.0%   0.403 UA:3    +
    2    22  0   0.0%   0.372 GU:3    +
    9    20  0   0.0%   0.501 CG:3    +
    1    23  0   0.0%   0.391 GC:3    +
    1     6  0   0.0%   0.009 GU:3    +
    2    34  0   0.0%   0.445 GU:3    +
   22    32  0   0.0%   0.784 UG:3    +
    1    17  0   0.0%   0.388 GC:3    +
   23    31  0   0.0%   0.309 CG:3    +
    3    31  0   0.0%   0.384 CG:3    +
    4    30  0   0.0%   0.017 AU:3    +
   13    23  0   0.0%   0.090 GC:3    +
    4    34  0   0.0%   0.071 AU:3    +
   14    22  0   0.0%   0.082 GU:3    +
   16    26  0   0.0%   0.524 UG:3    +
    2     6  0   0.0%   0.004 GU:3    +
    2    17  0   0.0%   0.369 GC:3    +
    1    29  0   0.0%   0.452 GC:3    +
    5    31  0   0.0%   0.087 CG:3    +
    1    18  0   0.0%   0.388 GU:3    +
   11    20  0   0.0%   0.098 CG:3    +
   10    21  0   0.0%   0.358 UA:3    +
    1    33  0   0.0%   0.452 GU:3    +
   20    27  0   0.0%   0.290 GC:3    +
   13    27  0   0.0%   0.086 GC:3    +
    6    28  0   0.0%   0.068 UA:3    +
   15    31  0   0.0%   0.421 CG:3    +
   19    29  0   0.0%   0.575 GC:3    +
   27    31  0   0.0%   0.406 CG:3    +
    2    10  0   0.0%   0.705 GU:3    +
    9    31  0   0.0%   0.506 CG:3    +
    5    26  0   0.0%   0.087 CG:3    +
    6    25  0   0.0%   0.067 UA:3    +
   13    33  0   0.0%   0.550 GU:3    +
   13    22  0   0.0%   0.032 GU:3    +
   15    19  0   0.0%   0.163 CG:3    +
   17    31  0   0.0%   0.517 CG:3    +
   25    33  0   0.0%   1.029 AU:3    +
    2    29  0   0.0%   0.433 GC:3    +
   16    20  0   0.0%   0.134 UG:3    +
    1    30  0   0.0%   0.451 GU:3    +
   12    34  0   0.0%   0.398 AU:3    +
    9    13  0   0.0%   0.380 CG:3    +
    8    23  0   0.0%   0.509 GC:3    +
    8    22  0   0.0%   0.454 GU:3    +
    6    13  0   0.0%   0.019 UG:3    +
    5    14  0   0.0%   0.022 CG:3    +
   10    19  0   0.0%   0.427 UG:3    +
    7    22  0   0.0%   0.096 AU:3    +
    1    22  0   0.0%   0.387 GU:3    +
   20    33  0   0.0%   0.522 GU:3    +
   14    24  0   0.0%   0.220 GC:3    +
    1    15  0   0.0%   0.378 GC:3    +
    3    13  0   0.0%   0.355 CG:3    +
   10    14  0   0.0%   0.420 UG:3    +
    2    16  0   0.0%   0.372 GU:3    +
    6    32  0   0.0%   0.181 UG:3    +
    2    24  0   0.0%   0.491 GC:3    +
    6    20  0   0.0%   0.129 UG:3    +
    4    10  0   0.0%   0.349 AU:3    +
   10    26  0   0.0%   0.388 UG:3    +
   19    34  0   0.0%   0.804 GU:3    +
    1    27  0   0.0%   0.450 GC:3    +
    8    24  0   0.0%   0.508 GC:3    +
   16    32  0   0.0%   1.069 UG:3    +
   22    28  0   0.0%   0.023 UA:3    +
    6    21  0   0.0%   0.066 UA:3    +
   18    26  0   0.0%   0.923 UG:3    +
   12    22  0   0.0%   0.031 AU:3    +
   12    16  0   0.0%   0.066 AU:3    +
   24    32  0   0.0%   1.294 CG:3    +
   28    33  0   0.0%   0.467 AU:3    +
   13    18  0   0.0%   0.084 GU:3    +
   12    33  0   0.0%   0.491 AU:3    +
   26    30  0   0.0%   0.676 GU:3    +
    9    19  0   0.0%   0.510 CG:3    +
   26    34  0   0.0%   0.908 GU:3    +
   14    30  0   0.0%   0.418 GU:3    +
    2    11  0   0.0%   0.365 GC:3    +
    8    16  0   0.0%   0.473 GU:3    +
   22    26  0   0.0%   0.548 UG:3    +
   19    33  0   0.0%   0.900 GU:3    +
   28    34  0   0.0%   0.367 AU:3    +
   14    34  0   0.0%   0.652 GU:3    +
    4    16  0   0.0%   0.007 AU:3    +
(((....)))((((((........))).)))...
