3 sequence; length of alignment 36
alifold output
   16    25  0  96.2%   0.161 CG:3   
   15    26  0  96.1%   0.231 CG:3   
   17    24  0  93.8%   0.243 AU:3   
   14    27  0  90.1%   0.541 GU:3   
   18    23  0  78.4%   0.602 GU:3   
   13    28  0  61.1%   1.654 AU:3   
    9    34  0  49.4%   1.521 CG:3   
    8    35  0  49.1%   2.297 GC:3   
   10    33  0  46.4%   2.148 GU:3   
   11    32  0  41.6%   1.438 UA:3   
    3    35  0  32.7%   1.247 GC:3    +
    2    36  0  32.0%   1.239 GC:3    +
    9    29  0  30.9%   1.202 CG:3    +
    8    30  0  30.8%   1.222 GC:3    +
    5    33  0  24.5%   1.083 AU:3    +
   10    28  0  18.4%   1.010 GU:3    +
   10    30  0  16.0%   1.641 GC:3    +
   11    29  0  15.7%   1.247 UG:3    +
   12    28  0  10.4%   1.071 AU:3    +
    8    31  0   9.2%   1.156 GC:3    +
    4    35  0   8.8%   1.051 GC:3    +
    3    36  0   8.6%   1.507 GC:3    +
   13    27  0   5.2%   0.496 AU:3    +
    9    14  0   1.3%   0.196 CG:3    +
    8    15  0   1.2%   0.202 GC:3    +
    2    31  0   1.2%   0.240 GC:3    +
    3    30  0   1.1%   0.237 GC:3    +
   25    31  0   1.0%   0.573 GC:3    +
   19    30  0   1.0%   0.933 GC:3    +
   18    31  0   1.0%   0.660 GC:3    +
   26    30  0   1.0%   1.009 GC:3    +
   20    29  0   0.9%   0.916 CG:3    +
   19    35  0   0.9%   1.195 GC:3    +
    1    32  0   0.9%   0.195 UA:3    +
   24    32  0   0.9%   0.625 UA:3    +
   18    36  0   0.9%   0.972 GC:3    +
    6    33  0   0.9%   0.505 AU:3    +
    5    28  0   0.9%   0.125 AU:3    +
   20    34  0   0.8%   0.642 CG:3    +
    2    16  0   0.7%   0.128 GC:3    +
    3    15  0   0.7%   0.116 GC:3    +
   20    26  0   0.7%   0.201 CG:3    +
   21    25  0   0.7%   0.206 CG:3    +
   19    27  0   0.6%   0.401 GU:3    +
   14    30  0   0.6%   0.986 GC:3    +
    1    17  0   0.6%   0.117 UA:3    +
   15    29  0   0.6%   0.897 CG:3    +
    2    21  0   0.6%   0.142 GC:3    +
    3    20  0   0.6%   0.133 GC:3    +
   10    31  0   0.5%   0.991 GC:3    +
   26    35  0   0.5%   1.218 GC:3    +
   27    34  0   0.5%   0.830 UG:3    +
   25    36  0   0.5%   0.829 GC:3    +
    7    33  0   0.4%   0.493 AU:3    +
   14    35  0   0.4%   1.228 GC:3    +
   15    34  0   0.4%   0.608 CG:3    +
   18    28  0   0.4%   1.168 GU:3    +
    9    22  0   0.4%   0.161 CG:3    +
    6    27  0   0.3%   0.068 AU:3    +
    8    23  0   0.3%   0.115 GU:3    +
   10    21  0   0.3%   0.100 GC:3    +
   14    20  0   0.3%   0.143 GC:3    +
   15    19  0   0.3%   0.144 CG:3    +
    7    24  0   0.3%   0.055 AU:3    +
    1    22  0   0.2%   0.100 UG:3    +
    2     9  0   0.2%   0.041 GC:3    +
   10    35  0   0.2%   1.991 GC:3    +
   11    34  0   0.2%   1.053 UG:3    +
   12    33  0   0.2%   1.055 AU:3    +
   22    33  0   0.2%   0.877 GU:3    +
    4    20  0   0.1%   0.068 GC:3    +
    3    21  0   0.1%   0.132 GC:3    +
    3     9  0   0.1%   0.039 GC:3    +
    4     9  0   0.1%   0.047 GC:3    +
   14    28  0   0.1%   1.089 GU:3    +
    2    35  0   0.1%   0.161 GC:3    +
   17    28  0   0.1%   1.021 AU:3    +
   17    33  0   0.1%   0.915 AU:3    +
    1     6  0   0.1%   0.024 UA:3    +
   16    34  0   0.1%   0.488 CG:3    +
   21    26  0   0.1%   0.185 CG:3    +
    1     7  0   0.1%   0.029 UA:3    +
   23    32  0   0.1%   0.653 UA:3    +
   16    29  0   0.1%   0.781 CG:3    +
   21    34  0   0.1%   0.546 CG:3    +
    4    33  0   0.1%   0.048 GU:3    +
    3    31  0   0.1%   0.206 GC:3    +
   29    35  0   0.1%   1.801 GC:3    +
    2    11  0   0.1%   0.032 GU:3    +
   30    34  0   0.1%   1.321 CG:3    +
   22    35  0   0.1%   1.090 GC:3    +
   18    27  0   0.1%   0.486 GU:3    +
    4    30  0   0.1%   0.090 GC:3    +
   23    34  0   0.1%   0.683 UG:3    +
    9    25  0   0.1%   0.122 CG:3    +
    4    36  0   0.1%   0.841 GC:3    +
    1    12  0   0.1%   0.035 UA:3    +
   15    22  0   0.1%   0.159 CG:3    +
   14    23  0   0.1%   0.107 GU:3    +
   10    24  0   0.1%   0.056 GU:3    +
   13    24  0   0.1%   0.035 AU:3    +
   17    23  0   0.1%   0.069 AU:3    +
    1    10  0   0.1%   0.028 UG:3    +
    7    27  0   0.1%   0.056 AU:3    +
   22    30  0   0.1%   0.846 GC:3    +
   23    29  0   0.1%   0.970 UG:3    +
    8    36  0   0.0%   1.602 GC:3    +
   14    31  0   0.0%   0.524 GC:3    +
   20    25  0   0.0%   0.110 CG:3    +
    6    28  0   0.0%   0.078 AU:3    +
    3    16  0   0.0%   0.089 GC:3    +
   11    19  0   0.0%   0.017 UG:3    +
    4    15  0   0.0%   0.053 GC:3    +
   22    28  0   0.0%   0.981 GU:3    +
   22    27  0   0.0%   0.362 GU:3    +
    8    33  0   0.0%   1.082 GU:3    +
   12    27  0   0.0%   0.039 AU:3    +
   25    30  0   0.0%   0.881 GC:3    +
   19    23  0   0.0%   0.245 GU:3    +
   21    29  0   0.0%   0.837 CG:3    +
    4    31  0   0.0%   0.090 GC:3    +
   10    20  0   0.0%   0.048 GC:3    +
   15    25  0   0.0%   0.125 CG:3    +
    9    26  0   0.0%   0.116 CG:3    +
    8    27  0   0.0%   0.104 GU:3    +
   18    24  0   0.0%   0.280 GU:3    +
    7    28  0   0.0%   0.075 AU:3    +
    4    28  0   0.0%   0.023 GU:3    +
    9    19  0   0.0%   0.088 CG:3    +
    5    27  0   0.0%   0.003 AU:3    +
    8    20  0   0.0%   0.095 GC:3    +
    1     5  0   0.0%   0.002 UA:3    +
    4    16  0   0.0%   0.052 GC:3    +
   11    17  0   0.0%   0.039 UA:3    +
    7    11  0   0.0%   0.015 AU:3    +
    8    16  0   0.0%   0.096 GC:3    +
   12    24  0   0.0%   0.028 AU:3    +
   11    25  0   0.0%   0.017 UG:3    +
    3    33  0   0.0%   0.143 GU:3    +
    6    11  0   0.0%   0.015 AU:3    +
    2    33  0   0.0%   0.138 GU:3    +
   13    23  0   0.0%   0.021 AU:3    +
   14    36  0   0.0%   0.821 GC:3    +
   14    21  0   0.0%   0.129 GC:3    +
   26    31  0   0.0%   0.524 GC:3    +
    1     8  0   0.0%   0.016 UG:3    +
    1    34  0   0.0%   0.112 UG:3    +
    5    11  0   0.0%   0.008 AU:3    +
   22    31  0   0.0%   0.402 GC:3    +
    4    11  0   0.0%   0.015 GU:3    +
   11    18  0   0.0%   0.008 UG:3    +
   16    22  0   0.0%   0.080 CG:3    +
    8    24  0   0.0%   0.092 GU:3    +
    2    30  0   0.0%   0.085 GC:3    +
   19    24  0   0.0%   0.109 GU:3    +
   10    27  0   0.0%   0.056 GU:3    +
    7    23  0   0.0%   0.008 AU:3    +
    5    23  0   0.0%   0.001 AU:3    +
   10    15  0   0.0%   0.098 GC:3    +
    3    11  0   0.0%   0.015 GU:3    +
    6    24  0   0.0%   0.009 AU:3    +
    4    24  0   0.0%   0.021 GU:3    +
   17    27  0   0.0%   0.373 AU:3    +
   10    36  0   0.0%   1.615 GC:3    +
    4    27  0   0.0%   0.021 GU:3    +
   12    23  0   0.0%   0.025 AU:3    +
   10    16  0   0.0%   0.044 GC:3    +
    2    23  0   0.0%   0.085 GU:3    +
    8    28  0   0.0%   0.123 GU:3    +
   22    36  0   0.0%   0.692 GC:3    +
   13    33  0   0.0%   1.248 AU:3    +
    9    18  0   0.0%   0.086 CG:3    +
    1    13  0   0.0%   0.025 UA:3    +
   14    24  0   0.0%   0.103 GU:3    +
   29    36  0   0.0%   1.397 GC:3    +
   28    34  0   0.0%   1.397 UG:3    +
   11    26  0   0.0%   0.013 UG:3    +
   28    32  0   0.0%   1.387 UA:3    +
   19    36  0   0.0%   0.767 GC:3    +
   26    33  0   0.0%   0.931 GU:3    +
   27    32  0   0.0%   0.772 UA:3    +
   25    35  0   0.0%   1.148 GC:3    +
   19    28  0   0.0%   0.984 GU:3    +
   29    33  0   0.0%   1.546 GU:3    +
    8    21  0   0.0%   0.094 GC:3    +
    2    15  0   0.0%   0.020 GC:3    +
   24    29  0   0.0%   0.828 UG:3    +
    2    20  0   0.0%   0.056 GC:3    +
    4    21  0   0.0%   0.059 GC:3    +
   16    26  0   0.0%   0.117 CG:3    +
   11    22  0   0.0%   0.045 UG:3    +
   10    23  0   0.0%   0.045 GU:3    +
   18    35  0   0.0%   1.234 GC:3    +
    6    23  0   0.0%   0.008 AU:3    +
.......((((.((((((....))))))...)))).
