3 sequence; length of alignment 34
alifold output
    4    24  0  39.1%   1.113 AU:3   
    3    25  0  39.1%   1.109 AU:3   
    2    26  0  38.4%   1.115 CG:3   
    5    23  0  38.4%   1.118 GC:3   
    9    21  0  37.5%   1.123 AU:3   
   10    20  0  37.2%   1.120 AU:3   
   11    19  0  34.1%   1.130 UA:3   
    8    22  0  33.6%   1.263 CG:3   
   13    23  0  29.4%   1.680 GC:3    +
   14    22  0  28.5%   1.651 CG:3    +
   12    24  0  20.9%   1.602 AU:3    +
   17    22  0  18.2%   2.115 CG:3    +
   16    23  0  18.2%   1.788 GC:3    +
    8    26  0  17.0%   1.753 CG:3    +
    9    25  0  16.2%   1.658 AU:3    +
    5    29  0  16.2%   1.378 GC:3    +
   10    27  0  16.1%   1.590 AU:3    +
   11    26  0  16.0%   2.082 UG:3    +
    6    28  0  15.6%   1.100 AU:3    +
    9    28  0  13.0%   1.892 AU:3    +
   12    25  0  12.1%   1.853 AU:3    +
    5    32  0   7.4%   1.412 GC:3    +
    4    33  0   7.0%   0.953 AU:3    +
   13    17  0   6.7%   0.559 GC:3    +
   10    24  0   6.3%   1.286 AU:3    +
   13    24  0   5.6%   1.971 GU:3    +
   17    26  0   4.2%   2.064 CG:3    +
    7    22  0   4.1%   0.416 CG:3    +
   16    27  0   3.9%   1.381 GU:3    +
   18    25  0   3.8%   1.402 GU:3    +
   14    26  0   3.4%   1.781 CG:3    +
   13    27  0   3.3%   1.539 GU:3    +
   19    24  0   3.1%   1.752 AU:3    +
    6    27  0   2.8%   0.343 AU:3    +
    7    26  0   2.5%   0.787 CG:3    +
   15    22  0   2.4%   1.189 CG:3    +
    5    28  0   2.3%   0.678 GU:3    +
   12    28  0   2.2%   1.544 AU:3    +
   16    21  0   1.5%   0.694 GU:3    +
   13    32  0   1.4%   1.280 GC:3    +
   12    33  0   1.4%   1.100 AU:3    +
   18    29  0   1.4%   0.683 GC:3    +
   19    28  0   1.3%   1.428 AU:3    +
   16    20  0   1.2%   0.599 GU:3    +
   11    34  0   1.1%   0.884 UA:3    +
   12    21  0   1.1%   0.533 AU:3    +
   11    22  0   1.1%   1.043 UG:3    +
   13    20  0   0.7%   0.687 GU:3    +
    9    27  0   0.7%   0.891 AU:3    +
   13    30  0   0.5%   0.977 GC:3    +
   16    30  0   0.5%   0.704 GC:3    +
    5    31  0   0.4%   0.879 GC:3    +
    5    30  0   0.4%   0.855 GC:3    +
    6    24  0   0.4%   0.439 AU:3    +
   10    25  0   0.3%   1.289 AU:3    +
   16    31  0   0.3%   0.688 GC:3    +
    5    25  0   0.3%   0.808 GU:3    +
   14    18  0   0.3%   0.098 CG:3    +
   20    26  0   0.3%   1.838 UG:3    +
   19    27  0   0.3%   1.216 AU:3    +
   11    18  0   0.3%   0.082 UG:3    +
   18    28  0   0.3%   0.975 GU:3    +
    8    18  0   0.2%   0.057 CG:3    +
    4    27  0   0.1%   0.405 AU:3    +
    9    20  0   0.1%   0.031 AU:3    +
    3    21  0   0.1%   0.022 AU:3    +
    2    22  0   0.1%   0.027 CG:3    +
    4    20  0   0.1%   0.025 AU:3    +
    8    16  0   0.1%   0.030 CG:3    +
    3    28  0   0.1%   0.397 AU:3    +
    5    15  0   0.1%   0.026 GC:3    +
    3    33  0   0.1%   0.403 AU:3    +
   13    29  0   0.1%   1.183 GC:3    +
    7    13  0   0.1%   0.019 CG:3    +
   15    26  0   0.1%   1.283 CG:3    +
    5    14  0   0.1%   0.018 GC:3    +
    8    13  0   0.1%   0.024 CG:3    +
   16    29  0   0.1%   0.890 GC:3    +
    9    24  0   0.1%   0.780 AU:3    +
    6    25  0   0.1%   0.430 AU:3    +
    6    21  0   0.1%   0.024 AU:3    +
   13    31  0   0.1%   0.939 GC:3    +
   18    23  0   0.1%   1.106 GC:3    +
    2    18  0   0.1%   0.013 CG:3    +
   13    21  0   0.1%   0.672 GU:3    +
    4    11  0   0.1%   0.012 AU:3    +
    7    18  0   0.0%   0.024 CG:3    +
   12    27  0   0.0%   1.086 AU:3    +
   26    32  0   0.0%   1.598 GC:3    +
   16    25  0   0.0%   1.417 GU:3    +
    7    16  0   0.0%   0.016 CG:3    +
   12    20  0   0.0%   0.394 AU:3    +
    1    19  0   0.0%   0.012 UA:3    +
   11    16  0   0.0%   0.025 UG:3    +
   21    26  0   0.0%   1.833 UG:3    +
   10    28  0   0.0%   1.517 AU:3    +
    4    28  0   0.0%   0.402 AU:3    +
   16    32  0   0.0%   0.883 GC:3    +
    5    27  0   0.0%   0.420 GU:3    +
   26    31  0   0.0%   1.383 GC:3    +
    3    27  0   0.0%   0.381 AU:3    +
    5    33  0   0.0%   1.224 GU:3    +
   10    33  0   0.0%   1.062 AU:3    +
   27    34  0   0.0%   0.759 UA:3    +
    6    33  0   0.0%   0.622 AU:3    +
    4    25  0   0.0%   0.751 AU:3    +
   10    21  0   0.0%   0.754 AU:3    +
    5    24  0   0.0%   0.755 GU:3    +
   16    24  0   0.0%   1.503 GU:3    +
    5    17  0   0.0%   0.018 GC:3    +
   19    25  0   0.0%   1.574 AU:3    +
    6    20  0   0.0%   0.012 AU:3    +
   26    33  0   0.0%   1.598 GU:3    +
   13    25  0   0.0%   1.720 GU:3    +
    1    34  0   0.0%   0.009 UA:3    +
   13    28  0   0.0%   1.611 GU:3    +
    2    13  0   0.0%   0.003 CG:3    +
   25    34  0   0.0%   1.147 UA:3    +
   16    28  0   0.0%   1.315 GU:3    +
   18    30  0   0.0%   0.337 GC:3    +
   26    30  0   0.0%   1.405 GC:3    +
    6    11  0   0.0%   0.007 AU:3    +
    9    33  0   0.0%   1.173 AU:3    +
    1    26  0   0.0%   0.007 UG:3    +
    1     6  0   0.0%   0.002 UA:3    +
   18    31  0   0.0%   0.309 GC:3    +
   13    33  0   0.0%   1.226 GU:3    +
    1    10  0   0.0%   0.002 UA:3    +
    1     5  0   0.0%   0.001 UG:3    +
    5    21  0   0.0%   0.023 GU:3    +
   18    32  0   0.0%   0.518 GC:3    +
   28    34  0   0.0%   0.870 UA:3    +
   18    27  0   0.0%   0.869 GU:3    +
    3    11  0   0.0%   0.001 AU:3    +
   22    31  0   0.0%   1.360 GC:3    +
    5    11  0   0.0%   0.006 GU:3    +
   22    29  0   0.0%   1.677 GC:3    +
    1     9  0   0.0%   0.002 UA:3    +
   18    24  0   0.0%   1.119 GU:3    +
   22    30  0   0.0%   1.388 GC:3    +
   22    32  0   0.0%   1.569 GC:3    +
    2    16  0   0.0%   0.002 CG:3    +
   16    33  0   0.0%   0.885 GU:3    +
   24    34  0   0.0%   1.217 UA:3    +
    4    21  0   0.0%   0.018 AU:3    +
   22    27  0   0.0%   2.013 GU:3    +
    5    20  0   0.0%   0.022 GU:3    +
    3    24  0   0.0%   0.008 AU:3    +
    1    12  0   0.0%   0.002 UA:3    +
    1    13  0   0.0%   0.002 UG:3    +
   22    33  0   0.0%   1.572 GU:3    +
   22    28  0   0.0%   2.127 GU:3    +
   21    34  0   0.0%   0.553 UA:3    +
   19    33  0   0.0%   0.814 AU:3    +
    1    18  0   0.0%   0.002 UG:3    +
    3    20  0   0.0%   0.000 AU:3    +
   20    34  0   0.0%   0.546 UA:3    +
   18    33  0   0.0%   0.521 GU:3    +
.((((..((((.......))))))))........
