3 sequence; length of alignment 34
alifold output
   13    24  0  61.6%   1.023 CG:3   
   12    25  0  60.8%   1.043 UA:3   
   14    23  0  56.6%   1.135 GU:2    --:1   
   11    26  0  54.6%   1.204 AU:3   
   15    22  0  49.2%   1.212 GU:1    AU:2   
   21    31  0  21.2%   1.451 CG:3    +
   22    30  0  21.1%   1.878 UG:3    +
   23    29  0  19.9%   1.850 UA:3    +
   20    32  0  18.6%   1.193 UA:3    +
   24    28  0  13.8%   1.651 GU:3    +
    8    28  0   7.6%   0.990 GU:3    +
    7    29  0   7.3%   0.892 UA:3    +
   22    32  0   4.8%   1.841 UA:3    +
   21    33  0   4.7%   1.069 CG:3    +
   23    31  0   4.7%   1.907 UG:3    +
   15    23  0   2.9%   1.115 GU:1    AU:2    +
    5    31  1   4.3%   0.677 UG:2    +
   16    22  0   2.7%   0.793 GU:1    AU:2    +
    3    33  0   3.2%   0.540 CG:3    +
    7    27  0   3.2%   0.546 UA:3    +
    6    28  0   3.1%   0.550 GU:3    +
    9    28  0   2.7%   0.849 GU:3    +
    6    26  0   2.3%   0.330 GU:3    +
    7    25  0   2.3%   0.314 UA:3    +
   21    30  0   2.2%   0.486 CG:3    +
   22    29  0   2.2%   1.106 UA:3    +
   20    34  0   2.2%   0.754 UG:2    --:1    +
    7    30  0   2.1%   0.729 UG:3    +
    4    28  0   1.9%   0.264 AU:3    +
    9    23  0   1.8%   0.344 GU:3    +
   10    22  0   1.7%   0.336 AU:3    +
    3    31  0   1.7%   0.344 CG:3    +
    9    21  0   1.6%   0.245 GC:3    +
    5    27  1   2.1%   0.290 UA:2    +
    8    26  0   1.6%   0.440 GU:3    +
   10    20  0   1.5%   0.197 AU:3    +
   15    20  0   0.4%   0.165 GU:1    AU:2    +
    8    22  0   1.4%   0.271 GU:3    +
    5    29  1   1.8%   0.342 UA:2    +
   16    23  0   0.1%   0.669 GU:1    AU:2    +
   16    20  0   0.1%   0.145 GU:1    AU:2    +
    6    13  0   1.1%   0.157 GC:3    +
    7    15  0   0.1%   0.052 UG:1    UA:2    +
    7    16  0   0.1%   0.057 UG:1    UA:2    +
    5    32  1   1.6%   0.534 UA:2    +
   12    16  0   0.0%   0.025 UG:1    UA:2    +
   16    28  0   0.0%   0.633 GU:1    AU:2    +
   15    28  0   0.0%   0.991 GU:1    AU:2    +
   15    26  0   0.0%   0.988 GU:1    AU:2    +
   16    26  0   0.0%   0.628 GU:1    AU:2    +
    3     8  0   1.0%   0.135 CG:3    +
   20    31  0   0.9%   0.490 UG:3    +
    8    13  0   0.9%   0.229 GC:3    +
    3    30  0   0.9%   0.225 CG:3    +
    3     9  0   0.6%   0.135 CG:3    +
   10    28  0   0.5%   0.706 AU:3    +
   14    21  0   0.4%   0.188 GC:2    --:1    +
    7    14  0   0.4%   0.095 UG:2    --:1    +
    3    24  0   0.4%   0.140 CG:3    +
   12    19  0   0.4%   0.092 UA:3    +
    4    23  0   0.4%   0.074 AU:3    +
   11    20  0   0.3%   0.141 AU:3    +
    5    14  0   0.3%   0.070 UG:2    --:1    +
    3    34  0   0.3%   0.367 CG:2    --:1    +
   13    31  0   0.3%   0.675 CG:3    +
    7    31  0   0.3%   0.769 UG:3    +
   12    32  0   0.2%   0.466 UA:3    +
   10    26  0   0.2%   0.333 AU:3    +
    4    12  0   0.2%   0.031 AU:3    +
   17    22  0   0.1%   0.613 AU:3    +
   12    18  0   0.1%   0.042 UA:3    +
    7    32  0   0.1%   0.624 UA:3    +
   23    32  0   0.1%   1.577 UA:3    +
    2    13  0   0.1%   0.021 GC:3    +
    9    13  0   0.1%   0.147 GC:3    +
   22    33  0   0.1%   1.436 UG:3    +
    4    26  0   0.1%   0.051 AU:3    +
   23    30  0   0.1%   1.423 UG:3    +
    6    21  0   0.1%   0.074 GC:3    +
   11    23  0   0.1%   0.147 AU:3    +
    7    19  0   0.1%   0.064 UA:3    +
   13    33  0   0.1%   0.555 CG:3    +
    1     7  0   0.1%   0.014 AU:3    +
    5    34  0   0.1%   0.438 UG:2    --:1    +
   13    30  0   0.1%   0.544 CG:3    +
   21    34  0   0.1%   0.777 CG:2    --:1    +
    6    20  0   0.1%   0.066 GU:3    +
    7    17  0   0.0%   0.052 UA:3    +
   12    34  0   0.0%   0.393 UG:2    --:1    +
    7    11  0   0.0%   0.024 UA:3    +
    9    26  0   0.0%   0.343 GU:3    +
    6    12  0   0.0%   0.018 GU:3    +
   22    31  0   0.0%   1.619 UG:3    +
   19    26  0   0.0%   0.539 AU:3    +
    8    21  0   0.0%   0.102 GC:3    +
   11    28  0   0.0%   0.881 AU:3    +
   20    25  0   0.0%   0.519 UA:3    +
   12    31  0   0.0%   0.572 UG:3    +
    3    14  0   0.0%   0.081 CG:2    --:1    +
    2    21  0   0.0%   0.014 GC:3    +
   11    22  0   0.0%   0.169 AU:3    +
   10    23  0   0.0%   0.236 AU:3    +
    7    18  0   0.0%   0.051 UA:3    +
   17    23  0   0.0%   0.556 AU:3    +
    7    33  0   0.0%   0.662 UG:3    +
    1    22  0   0.0%   0.010 AU:3    +
    4    20  0   0.0%   0.015 AU:3    +
   19    28  0   0.0%   0.542 AU:3    +
   20    27  0   0.0%   0.316 UA:3    +
    2    28  0   0.0%   0.016 GU:3    +
    8    23  0   0.0%   0.176 GU:3    +
    2    26  0   0.0%   0.015 GU:3    +
   18    22  0   0.0%   0.604 AU:3    +
   28    33  0   0.0%   1.060 UG:3    +
    9    20  0   0.0%   0.046 GU:3    +
   12    17  0   0.0%   0.022 UA:3    +
    1    26  0   0.0%   0.010 AU:3    +
    1    28  0   0.0%   0.011 AU:3    +
    2     7  0   0.0%   0.008 GU:3    +
    6    23  0   0.0%   0.085 GU:3    +
   12    27  0   0.0%   0.539 UA:3    +
   14    20  0   0.0%   0.133 GU:2    --:1    +
   14    22  0   0.0%   0.202 GU:2    --:1    +
    9    22  0   0.0%   0.167 GU:3    +
   18    23  0   0.0%   0.552 AU:3    +
   17    26  0   0.0%   0.522 AU:3    +
   20    33  0   0.0%   0.603 UG:3    +
   28    32  0   0.0%   1.338 UA:3    +
   22    27  0   0.0%   0.785 UA:3    +
   23    27  0   0.0%   0.733 UA:3    +
    7    24  0   0.0%   0.075 UG:3    +
   28    34  0   0.0%   0.897 UG:2    --:1    +
    1    12  0   0.0%   0.006 AU:3    +
   26    32  0   0.0%   1.062 UA:3    +
   26    33  0   0.0%   0.782 UG:3    +
   26    30  0   0.0%   1.059 UG:3    +
   18    26  0   0.0%   0.518 AU:3    +
   26    31  0   0.0%   1.263 UG:3    +
   17    28  0   0.0%   0.525 AU:3    +
    8    12  0   0.0%   0.059 GU:3    +
    8    20  0   0.0%   0.095 GU:3    +
    1    20  0   0.0%   0.006 AU:3    +
   23    33  0   0.0%   1.291 UG:3    +
   19    23  0   0.0%   0.567 AU:3    +
    2    12  0   0.0%   0.002 GU:3    +
   13    34  0   0.0%   0.452 CG:2    --:1    +
    1    23  0   0.0%   0.008 AU:3    +
    2    22  0   0.0%   0.012 GU:3    +
    7    34  0   0.0%   0.566 UG:2    --:1    +
   12    33  0   0.0%   0.481 UG:3    +
    4    22  0   0.0%   0.014 AU:3    +
   20    29  0   0.0%   0.386 UA:3    +
    6    22  0   0.0%   0.063 GU:3    +
   18    28  0   0.0%   0.521 AU:3    +
    2    20  0   0.0%   0.009 GU:3    +
   20    24  0   0.0%   0.441 UG:3    +
   12    24  0   0.0%   0.067 UG:3    +
   26    34  0   0.0%   0.620 UG:2    --:1    +
   14    26  0   0.0%   0.893 GU:2    --:1    +
   22    34  0   0.0%   1.268 UG:2    --:1    +
    2    23  0   0.0%   0.010 GU:3    +
   20    30  0   0.0%   0.255 UG:3    +
   23    34  0   0.0%   1.128 UG:2    --:1    +
   12    29  0   0.0%   0.611 UA:3    +
   14    28  0   0.0%   0.896 GU:2    --:1    +
   12    30  0   0.0%   0.476 UG:3    +
    5    11  1   0.2%   0.038 UA:2    +
    5    10  1   0.1%   0.015 UA:2    +
    5    25  1   0.1%   0.056 UA:2    +
    5    33  1   0.1%   0.527 UG:2    +
    5    30  1   0.1%   0.254 UG:2    +
    5    16  1   0.0%   0.045 UA:2    +
    5    15  1   0.0%   0.040 UA:2    +
    5    19  1   0.0%   0.046 UA:2    +
    5    17  1   0.0%   0.043 UA:2    +
    5    18  1   0.0%   0.042 UA:2    +
    1     5  1   0.0%   0.001 AU:2    +
    5    24  1   0.0%   0.065 UG:2    +
    5     9  1   0.0%   0.031 UG:2    +
..........(((((......)))))........
