3 sequence; length of alignment 47
alifold output
    9    26  0  83.6%   0.538 GC:3   
   10    25  1  83.8%   0.451 CG:2   
   11    24  0  83.1%   0.545 GU:3   
    8    27  0  82.9%   0.556 GC:3   
   12    23  0  80.9%   0.598 UA:3   
   13    22  0  76.2%   0.639 UG:3   
   29    39  0  70.0%   1.569 CG:3   
   28    40  0  69.6%   1.464 CG:3   
   30    38  0  69.3%   1.497 UA:3   
    6    31  0  12.8%   0.976 CG:2    UG:1    +
    7    30  1  12.9%   0.802 AU:2    +
    8    29  0  12.3%   1.032 GC:3    +
   12    25  0  11.1%   1.134 UG:2    UA:1    +
    9    28  0  12.1%   1.030 GC:3    +
   11    26  0  11.4%   1.129 GC:3    +
    3    38  0  10.0%   1.019 UA:3    +
    2    39  0   9.9%   0.918 CG:3    +
    4    37  0   9.9%   0.992 CG:3    +
   14    22  0   9.4%   0.899 CG:3    +
   13    23  0   7.0%   0.943 UA:3    +
    1    40  0   6.1%   0.725 UG:3    +
   15    22  0   4.8%   0.894 CG:3    +
    4    31  0   3.9%   0.400 CG:3    +
    2    34  0   3.7%   0.387 CG:3    +
    3    32  0   3.7%   0.386 UA:3    +
    1    35  0   3.2%   0.347 UA:3    +
    3    41  0   2.1%   0.748 UG:1    UA:2    +
   13    41  0   1.6%   0.711 UG:1    UA:2    +
   30    44  0   2.6%   0.930 UA:3    +
   31    43  0   2.6%   0.843 GC:3    +
    4    40  0   2.6%   0.911 CG:3    +
    5    39  0   2.5%   0.631 CG:3    +
   29    45  0   2.5%   0.975 CG:3    +
    2    37  0   2.4%   0.411 CG:3    +
    6    34  0   1.4%   0.723 CG:2    UG:1    +
    1    38  0   2.1%   0.374 UA:3    +
    4    34  0   2.0%   0.500 CG:3    +
   11    18  0   2.0%   0.239 GC:3    +
    9    20  0   2.0%   0.244 GC:3    +
    8    21  0   2.0%   0.246 GC:3    +
   12    17  0   1.9%   0.228 UA:3    +
   15    39  0   1.8%   0.723 CG:3    +
   14    40  0   1.8%   0.746 CG:3    +
   16    38  0   1.8%   0.545 UA:3    +
   33    41  0   0.7%   0.394 UG:1    UA:2    +
    3    35  0   1.7%   0.449 UA:3    +
    5    34  0   1.5%   0.433 CG:3    +
   29    37  0   1.2%   0.853 CG:3    +
    1    41  0   0.2%   0.420 UG:1    UA:2    +
   12    41  0   0.2%   0.629 UG:1    UA:2    +
    6    37  0   0.2%   0.696 CG:2    UG:1    +
   25    46  0   0.1%   0.487 GU:2    AU:1    +
   25    30  0   0.1%   0.700 GU:2    AU:1    +
    6    22  0   0.1%   0.030 CG:2    UG:1    +
    6    39  0   0.1%   0.698 CG:2    UG:1    +
    6    45  0   0.1%   0.392 CG:2    UG:1    +
   41    46  0   0.0%   0.279 GU:1    AU:2    +
    6    25  0   0.0%   0.018 CG:2    UA:1    +
   19    41  0   0.0%   0.262 UG:1    UA:2    +
   24    41  0   0.0%   0.367 UG:1    UA:2    +
   13    25  0   0.0%   0.793 UG:2    UA:1    +
    3    25  0   0.0%   0.011 UG:2    UA:1    +
   16    25  0   0.0%   0.410 UG:2    UA:1    +
   25    33  0   0.0%   0.505 GU:2    AU:1    +
    1    25  0   0.0%   0.004 UG:2    UA:1    +
   30    41  0   0.0%   0.797 UG:1    UA:2    +
    6    40  0   0.0%   0.637 CG:2    UG:1    +
    6    11  0   0.0%   0.001 CG:2    UG:1    +
   19    25  0   0.0%   0.401 UG:2    UA:1    +
    7    33  1   1.4%   0.450 AU:2    +
   20    34  0   0.8%   0.549 CG:3    +
    5    31  0   0.8%   0.254 CG:3    +
   18    37  0   0.8%   0.554 CG:3    +
   19    35  0   0.8%   0.308 UA:3    +
   10    45  0   0.7%   0.283 CG:3    +
    9    46  0   0.7%   0.647 GU:3    +
   30    36  1   1.2%   0.525 UA:2    +
    8    43  0   0.7%   0.616 GC:3    +
    9    42  0   0.6%   0.604 GC:3    +
   21    34  0   0.5%   0.555 CG:3    +
    3    36  1   1.0%   0.341 UA:2    +
   29    34  0   0.5%   0.761 CG:3    +
   28    39  0   0.5%   0.793 CG:3    +
   34    43  0   0.4%   0.677 GC:3    +
   11    43  0   0.4%   0.615 GC:3    +
   27    40  0   0.4%   0.645 CG:3    +
   24    32  0   0.3%   0.373 UA:3    +
   33    44  0   0.3%   0.323 UA:3    +
   22    33  0   0.3%   0.742 GU:3    +
   27    39  0   0.3%   0.656 CG:3    +
   26    40  0   0.3%   0.822 CG:3    +
   29    40  0   0.3%   1.311 CG:3    +
   30    39  0   0.3%   1.368 UG:3    +
   11    42  0   0.3%   0.577 GC:3    +
   23    33  0   0.3%   0.497 AU:3    +
   22    29  0   0.3%   0.906 GC:3    +
   20    31  0   0.2%   0.565 CG:3    +
    2    45  0   0.2%   0.517 CG:3    +
   19    32  0   0.2%   0.177 UA:3    +
    8    28  0   0.2%   0.287 GC:3    +
    2    40  0   0.2%   0.671 CG:3    +
    3    44  0   0.2%   0.610 UA:3    +
    9    27  0   0.2%   0.432 GC:3    +
   21    31  0   0.2%   0.573 CG:3    +
   24    44  0   0.2%   0.240 UA:3    +
    2    31  0   0.2%   0.041 CG:3    +
   24    31  0   0.2%   0.656 UG:3    +
   18    34  0   0.2%   0.443 CG:3    +
    1    32  0   0.2%   0.033 UA:3    +
   22    30  0   0.1%   0.910 GU:3    +
    3    39  0   0.1%   0.736 UG:3    +
   11    27  0   0.1%   0.679 GC:3    +
    5    37  0   0.1%   0.448 CG:3    +
   30    37  0   0.1%   0.810 UG:3    +
    9    43  0   0.1%   0.594 GC:3    +
   26    45  0   0.1%   0.511 CG:3    +
   37    43  0   0.1%   0.674 GC:3    +
    5    40  0   0.1%   0.503 CG:3    +
   33    40  0   0.1%   0.795 UG:3    +
    4    22  0   0.1%   0.022 CG:3    +
    8    15  0   0.1%   0.023 GC:3    +
   13    40  0   0.1%   0.703 UG:3    +
    9    14  0   0.1%   0.020 GC:3    +
   14    39  0   0.1%   0.593 CG:3    +
    3    23  0   0.1%   0.022 UA:3    +
   15    37  0   0.1%   0.514 CG:3    +
   24    47  0   0.1%   0.222 UA:3    +
   26    31  0   0.1%   0.892 CG:3    +
   30    35  0   0.1%   0.516 UA:3    +
   28    37  0   0.1%   0.675 CG:3    +
   19    36  1   0.6%   0.191 UA:2    +
    5    45  0   0.0%   0.240 CG:3    +
   28    34  0   0.0%   0.689 CG:3    +
    1    34  0   0.0%   0.023 UG:3    +
   37    42  0   0.0%   0.521 GC:3    +
   33    38  0   0.0%   0.747 UA:3    +
   23    30  0   0.0%   0.650 AU:3    +
   13    38  0   0.0%   0.716 UA:3    +
    2     8  0   0.0%   0.009 CG:3    +
   14    37  0   0.0%   0.578 CG:3    +
   23    46  0   0.0%   0.432 AU:3    +
   12    39  0   0.0%   0.842 UG:3    +
   34    42  0   0.0%   0.497 GC:3    +
   16    23  0   0.0%   0.380 UA:3    +
   24    45  0   0.0%   0.273 UG:3    +
    4    45  0   0.0%   0.561 CG:3    +
   16    22  0   0.0%   0.605 UG:3    +
   33    39  0   0.0%   0.838 UG:3    +
   20    40  0   0.0%   0.504 CG:3    +
   21    39  0   0.0%   0.548 CG:3    +
   39    46  0   0.0%   0.793 GU:3    +
   22    27  0   0.0%   0.781 GC:3    +
    2    22  0   0.0%   0.010 CG:3    +
   33    37  0   0.0%   0.554 UG:3    +
    5    22  0   0.0%   0.014 CG:3    +
   39    43  0   0.0%   0.940 GC:3    +
   18    45  0   0.0%   0.198 CG:3    +
   10    22  0   0.0%   0.022 CG:3    +
   11    21  0   0.0%   0.164 GC:3    +
    1    23  0   0.0%   0.007 UA:3    +
   17    46  0   0.0%   0.117 AU:3    +
   22    28  0   0.0%   0.874 GC:3    +
    3    34  0   0.0%   0.262 UG:3    +
   32    46  0   0.0%   0.220 AU:3    +
    1    37  0   0.0%   0.132 UG:3    +
   22    43  0   0.0%   0.712 GC:3    +
   18    22  0   0.0%   0.681 CG:3    +
    4    39  0   0.0%   0.686 CG:3    +
   19    44  0   0.0%   0.103 UA:3    +
   16    35  0   0.0%   0.193 UA:3    +
    6    41  1   0.0%   0.450 CG:1    UA:1    +
   33    45  0   0.0%   0.336 UG:3    +
   31    46  0   0.0%   0.629 GU:3    +
   10    40  0   0.0%   0.440 CG:3    +
   16    47  0   0.0%   0.092 UA:3    +
   30    47  0   0.0%   0.724 UA:3    +
   22    46  0   0.0%   0.687 GU:3    +
   10    34  0   0.0%   0.482 CG:3    +
   11    33  0   0.0%   0.554 GU:3    +
    1    44  0   0.0%   0.398 UA:3    +
   12    32  0   0.0%   0.627 UA:3    +
   40    46  0   0.0%   0.737 GU:3    +
    1     9  0   0.0%   0.003 UG:3    +
   11    20  0   0.0%   0.161 GC:3    +
   13    31  0   0.0%   0.836 UG:3    +
   38    46  0   0.0%   0.697 AU:3    +
   22    42  0   0.0%   0.697 GC:3    +
    1    45  0   0.0%   0.398 UG:3    +
   28    45  0   0.0%   0.633 CG:3    +
   20    37  0   0.0%   0.521 CG:3    +
    8    20  0   0.0%   0.013 GC:3    +
    8    46  0   0.0%   0.552 GU:3    +
    3    40  0   0.0%   0.674 UG:3    +
    9    19  0   0.0%   0.011 GU:3    +
   31    42  0   0.0%   0.538 GC:3    +
   19    38  0   0.0%   0.470 UA:3    +
    2     9  0   0.0%   0.006 CG:3    +
   17    24  0   0.0%   0.234 AU:3    +
   12    38  0   0.0%   0.806 UA:3    +
    3     8  0   0.0%   0.007 UG:3    +
   15    45  0   0.0%   0.295 CG:3    +
   16    44  0   0.0%   0.104 UA:3    +
   13    37  0   0.0%   0.736 UG:3    +
   18    39  0   0.0%   0.552 CG:3    +
    8    18  0   0.0%   0.012 GC:3    +
   17    33  0   0.0%   0.138 AU:3    +
    1    47  0   0.0%   0.398 UA:3    +
    4     8  0   0.0%   0.005 CG:3    +
   21    45  0   0.0%   0.188 CG:3    +
    3    45  0   0.0%   0.600 UG:3    +
   37    46  0   0.0%   0.518 GU:3    +
   27    34  0   0.0%   0.588 CG:3    +
    4     9  0   0.0%   0.003 CG:3    +
   26    34  0   0.0%   0.811 CG:3    +
   27    31  0   0.0%   0.664 CG:3    +
   16    34  0   0.0%   0.341 UG:3    +
    3    31  0   0.0%   0.022 UG:3    +
    9    18  0   0.0%   0.010 GC:3    +
   12    44  0   0.0%   0.523 UA:3    +
    8    19  0   0.0%   0.012 GU:3    +
    3    47  0   0.0%   0.585 UA:3    +
   30    34  0   0.0%   0.721 UG:3    +
    1    39  0   0.0%   0.211 UG:3    +
   13    17  0   0.0%   0.077 UA:3    +
    2    11  0   0.0%   0.004 CG:3    +
   27    45  0   0.0%   0.295 CG:3    +
   22    26  0   0.0%   0.996 GC:3    +
    8    30  0   0.0%   0.781 GU:3    +
   34    46  0   0.0%   0.512 GU:3    +
    8    42  0   0.0%   0.518 GC:3    +
   21    37  0   0.0%   0.508 CG:3    +
    3     9  0   0.0%   0.005 UG:3    +
    9    29  0   0.0%   0.764 GC:3    +
   33    47  0   0.0%   0.174 UA:3    +
    9    15  0   0.0%   0.015 GC:3    +
    8    26  0   0.0%   0.090 GC:3    +
    8    16  0   0.0%   0.016 GU:3    +
    9    21  0   0.0%   0.166 GC:3    +
   18    31  0   0.0%   0.523 CG:3    +
   24    37  0   0.0%   0.575 UG:3    +
   14    31  0   0.0%   0.669 CG:3    +
   15    34  0   0.0%   0.484 CG:3    +
   16    37  0   0.0%   0.366 UG:3    +
    3    37  0   0.0%   0.340 UG:3    +
    8    33  0   0.0%   0.576 GU:3    +
   26    37  0   0.0%   0.792 CG:3    +
   24    35  0   0.0%   0.404 UA:3    +
    5    11  0   0.0%   0.001 CG:3    +
   10    31  0   0.0%   0.589 CG:3    +
    8    14  0   0.0%   0.004 GC:3    +
   11    15  0   0.0%   0.007 GC:3    +
   35    46  0   0.0%   0.273 AU:3    +
    4    11  0   0.0%   0.001 CG:3    +
   30    40  0   0.0%   1.294 UG:3    +
   24    34  0   0.0%   0.594 UG:3    +
   26    39  0   0.0%   0.827 CG:3    +
    1     8  0   0.0%   0.001 UG:3    +
   13    32  0   0.0%   0.528 UA:3    +
   12    22  0   0.0%   0.095 UG:3    +
    3    22  0   0.0%   0.005 UG:3    +
   14    34  0   0.0%   0.559 CG:3    +
   19    34  0   0.0%   0.357 UG:3    +
   13    35  0   0.0%   0.573 UA:3    +
   30    45  0   0.0%   0.883 UG:3    +
   19    37  0   0.0%   0.469 UG:3    +
   11    19  0   0.0%   0.081 GU:3    +
   27    37  0   0.0%   0.568 CG:3    +
   11    30  0   0.0%   0.757 GU:3    +
   11    16  0   0.0%   0.006 GU:3    +
   20    45  0   0.0%   0.200 CG:3    +
    5     9  0   0.0%   0.002 CG:3    +
    9    13  0   0.0%   0.002 GU:3    +
   15    31  0   0.0%   0.594 CG:3    +
   15    40  0   0.0%   0.595 CG:3    +
   19    23  0   0.0%   0.369 UA:3    +
    1    22  0   0.0%   0.002 UG:3    +
   12    45  0   0.0%   0.571 UG:3    +
    1    31  0   0.0%   0.004 UG:3    +
   16    39  0   0.0%   0.509 UG:3    +
   16    32  0   0.0%   0.143 UA:3    +
   19    31  0   0.0%   0.442 UG:3    +
   25    43  1   0.2%   0.516 GC:2    +
   16    36  1   0.1%   0.074 UA:2    +
    7    16  1   0.1%   0.017 AU:2    +
   25    29  1   0.0%   0.680 GC:2    +
    3     7  1   0.0%   0.008 UA:2    +
    7    24  1   0.0%   0.015 AU:2    +
   25    42  1   0.0%   0.465 GC:2    +
    4    25  1   0.0%   0.011 CG:2    +
    1     7  1   0.0%   0.002 UA:2    +
    5    25  1   0.0%   0.006 CG:2    +
    1    36  1   0.0%   0.129 UA:2    +
    7    46  1   0.0%   0.334 AU:2    +
    7    19  1   0.0%   0.009 AU:2    +
    2    25  1   0.0%   0.007 CG:2    +
   15    25  1   0.0%   0.553 CG:2    +
   18    25  1   0.0%   0.482 CG:2    +
   24    36  1   0.0%   0.268 UA:2    +
   36    46  1   0.0%   0.184 AU:2    +
   14    25  1   0.0%   0.627 CG:2    +
   20    25  1   0.0%   0.479 CG:2    +
   12    36  1   0.0%   0.540 UA:2    +
   21    25  1   0.0%   0.480 CG:2    +
.......((((((........))))))(((.......))).......
