3 sequence; length of alignment 52
alifold output
   28    43  0  94.7%   0.292 UA:3   
   29    42  0  94.6%   0.280 GC:3   
   27    44  0  91.5%   0.356 CG:3   
   25    48  0  87.0%   0.642 GC:3   
   26    47  0  86.7%   0.545 CG:3   
   24    50  0  81.4%   0.783 GC:3   
   23    51  0  80.8%   0.972 CG:3   
   13    21  0  40.3%   1.270 GC:3    +
   14    20  0  39.3%   1.256 AU:3    +
   12    22  0  34.1%   1.247 AU:3    +
   15    19  0  30.9%   1.184 UA:3    +
   22    52  0  17.2%   1.628 UG:3    +
   33    38  0   9.8%   0.910 GC:3    +
   30    40  0   6.2%   0.662 GC:3    +
   21    52  0   3.4%   0.979 CG:3    +
   23    49  0   3.3%   0.537 CG:3    +
   24    48  0   3.1%   0.492 GC:3    +
   21    51  0   2.8%   0.781 CG:3    +
   25    45  0   2.6%   0.344 GU:3    +
   24    46  0   2.5%   0.358 GU:3    +
   23    47  0   2.4%   0.332 CG:3    +
    6    14  0   2.2%   0.277 UA:3    +
    7    13  0   2.2%   0.278 UG:3    +
   22    51  0   2.1%   0.814 UG:3    +
   26    49  0   2.1%   0.609 CG:3    +
    3    11  0   2.0%   0.245 UA:3    +
    4    10  0   2.0%   0.249 AU:3    +
   25    50  0   2.0%   0.699 GC:3    +
    5    15  0   1.9%   0.290 GU:3    +
    5    38  0   1.7%   0.451 GC:3    +
    6    37  0   1.7%   0.392 UA:3    +
    7    36  0   1.7%   0.373 UA:3    +
   33    40  0   1.7%   0.753 GC:3    +
    8    35  0   1.7%   0.352 UA:3    +
    9    34  0   1.6%   0.340 UA:3    +
   26    44  0   1.5%   0.204 CG:3    +
   10    33  0   1.4%   0.360 UG:3    +
    2    12  0   1.4%   0.182 UA:3    +
    8    12  0   1.3%   0.244 UA:3    +
   20    52  0   1.2%   0.591 UG:3    +
    5    18  0   1.1%   0.310 GC:3    +
    6    17  0   1.0%   0.248 UA:3    +
    5     9  0   1.0%   0.137 GU:3    +
   23    52  0   0.9%   1.039 CG:3    +
   21    49  0   0.9%   0.556 CG:3    +
   38    44  0   0.8%   0.597 CG:3    +
   37    45  0   0.8%   0.297 AU:3    +
   36    46  0   0.7%   0.309 AU:3    +
   23    30  0   0.7%   0.193 CG:3    +
   13    27  0   0.6%   0.643 GC:3    +
   16    24  0   0.6%   0.151 CG:3    +
   12    28  0   0.6%   0.606 AU:3    +
    5    16  0   0.6%   0.221 GC:3    +
   18    29  0   0.6%   0.204 CG:3    +
   19    28  0   0.5%   0.514 AU:3    +
   15    25  0   0.5%   0.548 UG:3    +
   16    30  0   0.5%   0.189 CG:3    +
    7    14  0   0.4%   0.261 UA:3    +
   15    31  0   0.4%   0.593 UA:3    +
   29    38  0   0.4%   0.211 GC:3    +
    8    13  0   0.4%   0.229 UG:3    +
   13    18  0   0.4%   0.252 GC:3    +
   21    33  0   0.4%   0.555 CG:3    +
   22    31  0   0.4%   0.540 UA:3    +
   28    39  0   0.4%   0.156 UA:3    +
   20    34  0   0.4%   0.541 UA:3    +
   29    40  0   0.3%   0.157 GC:3    +
    9    31  0   0.3%   0.161 UA:3    +
    8    32  0   0.3%   0.178 UA:3    +
   28    41  0   0.3%   0.166 UA:3    +
    7    33  0   0.3%   0.196 UG:3    +
   10    24  0   0.3%   0.159 UG:3    +
   10    30  0   0.3%   0.189 UG:3    +
    6    34  0   0.3%   0.206 UA:3    +
   25    46  0   0.2%   0.297 GU:3    +
   18    52  0   0.2%   0.189 CG:3    +
    5    21  0   0.2%   0.254 GC:3    +
    9    14  0   0.2%   0.230 UA:3    +
   22    32  0   0.2%   0.508 UA:3    +
   27    47  0   0.2%   0.385 CG:3    +
    4    22  0   0.2%   0.121 AU:3    +
    8    14  0   0.2%   0.237 UA:3    +
   30    38  0   0.2%   0.238 GC:3    +
   29    48  0   0.2%   0.433 GC:3    +
    9    13  0   0.2%   0.202 UG:3    +
   13    23  0   0.2%   0.557 GC:3    +
   31    46  0   0.2%   0.240 AU:3    +
   21    30  0   0.2%   0.477 CG:3    +
   16    29  0   0.2%   0.114 CG:3    +
   14    22  0   0.2%   0.926 AU:3    +
    9    30  0   0.2%   0.117 UG:3    +
   18    51  0   0.2%   0.166 CG:3    +
    8    31  0   0.2%   0.134 UA:3    +
   32    45  0   0.2%   0.187 AU:3    +
   18    24  0   0.2%   0.160 CG:3    +
   20    31  0   0.1%   0.466 UA:3    +
   10    29  0   0.1%   0.155 UG:3    +
    2    14  0   0.1%   0.095 UA:3    +
   40    47  0   0.1%   0.536 CG:3    +
    3    13  0   0.1%   0.116 UG:3    +
    7    32  0   0.1%   0.157 UA:3    +
   17    28  0   0.1%   0.136 AU:3    +
   15    30  0   0.1%   0.534 UG:3    +
    5    10  0   0.1%   0.157 GU:3    +
   42    49  0   0.1%   0.374 CG:3    +
   44    50  0   0.1%   0.481 GC:3    +
   40    49  0   0.1%   0.564 CG:3    +
   27    51  0   0.1%   0.534 CG:3    +
   11    28  0   0.1%   0.134 AU:3    +
   29    50  0   0.1%   0.457 GC:3    +
   26    52  0   0.1%   0.833 CG:3    +
   22    29  0   0.1%   0.478 UG:3    +
   28    49  0   0.1%   0.457 UG:3    +
    4    28  0   0.1%   0.120 AU:3    +
    1    10  0   0.1%   0.032 AU:3    +
   28    51  0   0.1%   0.595 UG:3    +
    5    27  0   0.1%   0.256 GC:3    +
   40    51  0   0.1%   0.702 CG:3    +
   45    49  0   0.1%   0.454 UG:3    +
   27    52  0   0.1%   0.705 CG:3    +
    1    15  0   0.1%   0.038 AU:3    +
    3    29  0   0.1%   0.125 UG:3    +
   18    47  0   0.1%   0.146 CG:3    +
   41    46  0   0.1%   0.208 AU:3    +
   19    46  0   0.1%   0.422 AU:3    +
   21    44  0   0.1%   0.435 CG:3    +
   42    47  0   0.1%   0.342 CG:3    +
    3    17  0   0.1%   0.116 UA:3    +
    9    25  0   0.1%   0.104 UG:3    +
   22    43  0   0.1%   0.462 UA:3    +
    2    11  0   0.1%   0.018 UA:3    +
    6    33  0   0.1%   0.173 UG:3    +
   30    42  0   0.1%   0.372 GC:3    +
   18    25  0   0.1%   0.148 CG:3    +
    6    11  0   0.1%   0.103 UA:3    +
   38    51  0   0.1%   0.783 CG:3    +
    6    25  0   0.1%   0.164 UG:3    +
    3    12  0   0.1%   0.154 UA:3    +
   24    42  0   0.1%   0.087 GC:3    +
    5    26  0   0.1%   0.243 GC:3    +
   15    32  0   0.1%   0.562 UA:3    +
    5    50  0   0.1%   0.332 GC:3    +
    9    32  0   0.1%   0.156 UA:3    +
    8    33  0   0.1%   0.170 UG:3    +
    7    34  0   0.1%   0.185 UA:3    +
    6    49  0   0.1%   0.271 UG:3    +
   10    31  0   0.1%   0.188 UA:3    +
   42    51  0   0.1%   0.503 CG:3    +
    7    12  0   0.1%   0.087 UA:3    +
   16    51  0   0.1%   0.120 CG:3    +
    6    13  0   0.1%   0.034 UG:3    +
   11    22  0   0.1%   0.122 AU:3    +
   38    49  0   0.1%   0.644 CG:3    +
   33    42  0   0.1%   0.498 GC:3    +
   23    29  0   0.1%   0.090 CG:3    +
    7    24  0   0.1%   0.132 UG:3    +
    1     8  0   0.1%   0.015 AU:3    +
    6    35  0   0.0%   0.188 UA:3    +
   13    26  0   0.0%   0.551 GC:3    +
    8    24  0   0.0%   0.112 UG:3    +
    7    11  0   0.0%   0.104 UA:3    +
    9    33  0   0.0%   0.156 UG:3    +
    6    12  0   0.0%   0.080 UA:3    +
    2    30  0   0.0%   0.090 UG:3    +
   16    49  0   0.0%   0.118 CG:3    +
   16    25  0   0.0%   0.116 CG:3    +
   33    48  0   0.0%   0.677 GC:3    +
   38    47  0   0.0%   0.618 CG:3    +
    8    34  0   0.0%   0.166 UA:3    +
   10    32  0   0.0%   0.191 UA:3    +
    5    48  0   0.0%   0.322 GC:3    +
   18    49  0   0.0%   0.145 CG:3    +
    7    25  0   0.0%   0.138 UG:3    +
    6    47  0   0.0%   0.262 UG:3    +
    2    13  0   0.0%   0.073 UG:3    +
   18    33  0   0.0%   0.219 CG:3    +
    7    35  0   0.0%   0.172 UA:3    +
   39    46  0   0.0%   0.198 AU:3    +
   12    20  0   0.0%   0.142 AU:3    +
    1     7  0   0.0%   0.008 AU:3    +
   25    42  0   0.0%   0.070 GC:3    +
    4     9  0   0.0%   0.009 AU:3    +
   29    45  0   0.0%   0.269 GU:3    +
   16    33  0   0.0%   0.198 CG:3    +
    2    19  0   0.0%   0.084 UA:3    +
    5    40  0   0.0%   0.317 GC:3    +
    6    19  0   0.0%   0.156 UA:3    +
   15    52  0   0.0%   0.524 UG:3    +
   15    34  0   0.0%   0.611 UA:3    +
    6    39  0   0.0%   0.258 UA:3    +
   10    17  0   0.0%   0.161 UA:3    +
   22    49  0   0.0%   0.507 UG:3    +
   40    44  0   0.0%   0.461 CG:3    +
    5    20  0   0.0%   0.218 GU:3    +
   27    33  0   0.0%   0.166 CG:3    +
    1    20  0   0.0%   0.029 AU:3    +
   23    33  0   0.0%   0.173 CG:3    +
   24    28  0   0.0%   0.159 GU:3    +
    6    36  0   0.0%   0.186 UA:3    +
    9    35  0   0.0%   0.266 UA:3    +
   25    40  0   0.0%   0.063 GC:3    +
    1     9  0   0.0%   0.012 AU:3    +
   30    45  0   0.0%   0.402 GU:3    +
   29    46  0   0.0%   0.287 GU:3    +
    8    17  0   0.0%   0.155 UA:3    +
   10    34  0   0.0%   0.303 UA:3    +
    3    19  0   0.0%   0.109 UA:3    +
   39    45  0   0.0%   0.179 AU:3    +
   28    32  0   0.0%   0.148 UA:3    +
   10    19  0   0.0%   0.112 UA:3    +
   16    52  0   0.0%   0.118 CG:3    +
   30    48  0   0.0%   0.548 GC:3    +
    8    36  0   0.0%   0.284 UA:3    +
   20    49  0   0.0%   0.425 UG:3    +
   22    34  0   0.0%   0.557 UA:3    +
    9    24  0   0.0%   0.086 UG:3    +
   11    20  0   0.0%   0.105 AU:3    +
   17    22  0   0.0%   0.458 AU:3    +
   33    50  0   0.0%   0.693 GC:3    +
    4    15  0   0.0%   0.094 AU:3    +
    7    37  0   0.0%   0.306 UA:3    +
    3    39  0   0.0%   0.118 UA:3    +
   20    51  0   0.0%   0.429 UG:3    +
   13    22  0   0.0%   0.910 GU:3    +
   28    47  0   0.0%   0.422 UG:3    +
    7    19  0   0.0%   0.128 UA:3    +
    4    20  0   0.0%   0.089 AU:3    +
   22    30  0   0.0%   0.482 UG:3    +
    5    23  0   0.0%   0.229 GC:3    +
   30    50  0   0.0%   0.567 GC:3    +
   42    52  0   0.0%   0.642 CG:3    +
    9    36  0   0.0%   0.264 UA:3    +
   10    14  0   0.0%   0.243 UA:3    +
   10    35  0   0.0%   0.292 UA:3    +
    7    31  0   0.0%   0.131 UA:3    +
    8    37  0   0.0%   0.284 UA:3    +
   23    44  0   0.0%   0.061 CG:3    +
    3    14  0   0.0%   0.107 UA:3    +
    8    30  0   0.0%   0.108 UG:3    +
   14    28  0   0.0%   0.573 AU:3    +
   33    46  0   0.0%   0.554 GU:3    +
   35    46  0   0.0%   0.211 AU:3    +
   13    50  0   0.0%   0.580 GC:3    +
    9    17  0   0.0%   0.132 UA:3    +
    6    32  0   0.0%   0.156 UA:3    +
   10    25  0   0.0%   0.135 UG:3    +
   30    46  0   0.0%   0.419 GU:3    +
   36    45  0   0.0%   0.189 AU:3    +
   34    45  0   0.0%   0.227 AU:3    +
   13    28  0   0.0%   0.620 GU:3    +
   21    29  0   0.0%   0.441 CG:3    +
   31    45  0   0.0%   0.193 AU:3    +
   26    51  0   0.0%   0.652 CG:3    +
   13    20  0   0.0%   0.167 GU:3    +
    9    29  0   0.0%   0.092 UG:3    +
   28    44  0   0.0%   0.335 UG:3    +
    3    35  0   0.0%   0.115 UA:3    +
   40    52  0   0.0%   0.841 CG:3    +
   21    25  0   0.0%   0.436 CG:3    +
    5    42  0   0.0%   0.315 GC:3    +
    2    17  0   0.0%   0.079 UA:3    +
    6    41  0   0.0%   0.256 UA:3    +
    3    36  0   0.0%   0.115 UA:3    +
    4     8  0   0.0%   0.006 AU:3    +
   44    48  0   0.0%   0.440 GC:3    +
    2    36  0   0.0%   0.086 UA:3    +
    2    41  0   0.0%   0.087 UA:3    +
    1     6  0   0.0%   0.002 AU:3    +
   26    30  0   0.0%   0.120 CG:3    +
   11    15  0   0.0%   0.181 AU:3    +
    8    25  0   0.0%   0.111 UG:3    +
   20    32  0   0.0%   0.432 UA:3    +
    7    17  0   0.0%   0.175 UA:3    +
   15    24  0   0.0%   0.476 UG:3    +
   20    25  0   0.0%   0.432 UG:3    +
    2    37  0   0.0%   0.087 UA:3    +
   20    30  0   0.0%   0.443 UG:3    +
    8    19  0   0.0%   0.105 UA:3    +
    3    37  0   0.0%   0.115 UA:3    +
   38    52  0   0.0%   0.930 CG:3    +
   13    40  0   0.0%   0.575 GC:3    +
   34    46  0   0.0%   0.245 AU:3    +
   20    24  0   0.0%   0.445 UG:3    +
    9    19  0   0.0%   0.082 UA:3    +
   32    46  0   0.0%   0.195 AU:3    +
   16    47  0   0.0%   0.107 CG:3    +
   20    47  0   0.0%   0.421 UG:3    +
    2    31  0   0.0%   0.084 UA:3    +
   28    35  0   0.0%   0.169 UA:3    +
    3    34  0   0.0%   0.113 UA:3    +
   33    45  0   0.0%   0.535 GU:3    +
   24    40  0   0.0%   0.073 GC:3    +
    2    44  0   0.0%   0.087 UG:3    +
   17    46  0   0.0%   0.072 AU:3    +
    3    30  0   0.0%   0.115 UG:3    +
    2    35  0   0.0%   0.085 UA:3    +
   28    37  0   0.0%   0.164 UA:3    +
   15    29  0   0.0%   0.495 UG:3    +
   20    33  0   0.0%   0.485 UG:3    +
    3    43  0   0.0%   0.116 UA:3    +
    7    30  0   0.0%   0.132 UG:3    +
   13    38  0   0.0%   0.642 GC:3    +
    8    29  0   0.0%   0.109 UG:3    +
    1    45  0   0.0%   0.027 AU:3    +
    6    31  0   0.0%   0.155 UA:3    +
   35    45  0   0.0%   0.191 AU:3    +
   21    47  0   0.0%   0.433 CG:3    +
   11    46  0   0.0%   0.110 AU:3    +
    2    52  0   0.0%   0.087 UG:3    +
    3    52  0   0.0%   0.117 UG:3    +
    3    31  0   0.0%   0.112 UA:3    +
    3    51  0   0.0%   0.116 UG:3    +
   27    49  0   0.0%   0.387 CG:3    +
   10    47  0   0.0%   0.217 UG:3    +
   28    52  0   0.0%   0.745 UG:3    +
   12    45  0   0.0%   0.529 AU:3    +
   13    48  0   0.0%   0.576 GC:3    +
   13    42  0   0.0%   0.573 GC:3    +
    2    32  0   0.0%   0.084 UA:3    +
   26    33  0   0.0%   0.131 CG:3    +
   46    51  0   0.0%   0.582 UG:3    +
   28    34  0   0.0%   0.204 UA:3    +
    2    39  0   0.0%   0.086 UA:3    +
    3    41  0   0.0%   0.116 UA:3    +
   10    52  0   0.0%   0.215 UG:3    +
    8    47  0   0.0%   0.214 UG:3    +
   24    38  0   0.0%   0.140 GC:3    +
    4    46  0   0.0%   0.105 AU:3    +
   37    46  0   0.0%   0.275 AU:3    +
    9    52  0   0.0%   0.190 UG:3    +
    5    22  0   0.0%   0.238 GU:3    +
    3    47  0   0.0%   0.116 UG:3    +
   45    52  0   0.0%   0.708 UG:3    +
    8    52  0   0.0%   0.212 UG:3    +
    7    52  0   0.0%   0.234 UG:3    +
    6    52  0   0.0%   0.262 UG:3    +
   48    52  0   0.0%   0.796 CG:3    +
   46    52  0   0.0%   0.723 UG:3    +
   24    45  0   0.0%   0.077 GU:3    +
   10    43  0   0.0%   0.213 UA:3    +
   10    51  0   0.0%   0.214 UG:3    +
   20    35  0   0.0%   0.487 UA:3    +
    2    34  0   0.0%   0.084 UA:3    +
   18    44  0   0.0%   0.121 CG:3    +
   28    33  0   0.0%   0.212 UG:3    +
    1    22  0   0.0%   0.026 AU:3    +
    2    24  0   0.0%   0.080 UG:3    +
    9    44  0   0.0%   0.189 UG:3    +
   15    39  0   0.0%   0.521 UA:3    +
    3    33  0   0.0%   0.112 UG:3    +
   28    36  0   0.0%   0.165 UA:3    +
    5    45  0   0.0%   0.314 GU:3    +
   15    36  0   0.0%   0.592 UA:3    +
   25    38  0   0.0%   0.125 GC:3    +
   15    51  0   0.0%   0.518 UG:3    +
   17    45  0   0.0%   0.071 AU:3    +
    3    24  0   0.0%   0.104 UG:3    +
    8    51  0   0.0%   0.211 UG:3    +
    9    51  0   0.0%   0.189 UG:3    +
   19    45  0   0.0%   0.402 AU:3    +
    7    51  0   0.0%   0.234 UG:3    +
    2    51  0   0.0%   0.087 UG:3    +
    7    29  0   0.0%   0.134 UG:3    +
    2    43  0   0.0%   0.086 UA:3    +
    7    47  0   0.0%   0.236 UG:3    +
   10    36  0   0.0%   0.287 UA:3    +
   45    51  0   0.0%   0.566 UG:3    +
    9    37  0   0.0%   0.261 UA:3    +
   22    47  0   0.0%   0.460 UG:3    +
   41    45  0   0.0%   0.171 AU:3    +
   20    36  0   0.0%   0.484 UA:3    +
    6    30  0   0.0%   0.157 UG:3    +
    8    44  0   0.0%   0.211 UG:3    +
   10    44  0   0.0%   0.213 UG:3    +
   14    45  0   0.0%   0.524 AU:3    +
    9    43  0   0.0%   0.189 UA:3    +
   22    44  0   0.0%   0.455 UG:3    +
   18    30  0   0.0%   0.182 CG:3    +
    6    24  0   0.0%   0.148 UG:3    +
    3    49  0   0.0%   0.116 UG:3    +
   15    35  0   0.0%   0.595 UA:3    +
   13    46  0   0.0%   0.573 GU:3    +
   15    49  0   0.0%   0.522 UG:3    +
    8    39  0   0.0%   0.214 UA:3    +
    6    29  0   0.0%   0.161 UG:3    +
   20    44  0   0.0%   0.410 UG:3    +
    7    49  0   0.0%   0.238 UG:3    +
    6    51  0   0.0%   0.262 UG:3    +
   15    37  0   0.0%   0.590 UA:3    +
    2    29  0   0.0%   0.080 UG:3    +
   10    49  0   0.0%   0.218 UG:3    +
   15    44  0   0.0%   0.518 UG:3    +
   20    29  0   0.0%   0.435 UG:3    +
    8    49  0   0.0%   0.215 UG:3    +
    8    43  0   0.0%   0.211 UA:3    +
    3    32  0   0.0%   0.112 UA:3    +
   11    45  0   0.0%   0.110 AU:3    +
    7    44  0   0.0%   0.233 UG:3    +
    2    49  0   0.0%   0.087 UG:3    +
    1    46  0   0.0%   0.026 AU:3    +
    9    49  0   0.0%   0.193 UG:3    +
   15    33  0   0.0%   0.606 UG:3    +
    6    44  0   0.0%   0.254 UG:3    +
    7    43  0   0.0%   0.233 UA:3    +
   12    46  0   0.0%   0.529 AU:3    +
    7    39  0   0.0%   0.236 UA:3    +
    2    25  0   0.0%   0.080 UG:3    +
    4    45  0   0.0%   0.105 AU:3    +
   13    45  0   0.0%   0.573 GU:3    +
    2    33  0   0.0%   0.084 UG:3    +
    5    28  0   0.0%   0.248 GU:3    +
    9    47  0   0.0%   0.192 UG:3    +
   10    37  0   0.0%   0.286 UA:3    +
    3    44  0   0.0%   0.116 UG:3    +
......................(((((((............)))..)).)).
