3 sequence; length of alignment 72
alifold output
   25    36  0  97.2%   0.222 GC:3   
   24    37  0  97.2%   0.130 CG:3   
   26    35  0  97.1%   0.227 UA:3   
   22    40  0  96.8%   0.148 CG:3   
   21    41  0  96.8%   0.220 CG:3   
   23    38  0  96.2%   0.158 AU:3   
   27    34  0  95.6%   0.225 GC:3   
   15    48  0  91.2%   0.259 GC:3   
   16    47  0  91.2%   0.344 UG:3   
   19    44  0  90.3%   0.564 CG:3   
   17    46  0  90.3%   0.418 GC:3   
   20    43  0  90.0%   0.386 AU:3   
   14    49  0  87.2%   0.360 AU:3   
    2    63  0  86.9%   0.517 AU:3   
    3    62  0  86.5%   0.489 GU:3   
    1    64  0  86.5%   0.390 CG:3   
    4    61  0  84.9%   0.884 AU:3   
   12    55  0  84.7%   0.555 UA:3   
   11    56  0  84.5%   1.036 GU:3   
   10    57  0  83.7%   1.047 CG:3   
   13    54  0  83.6%   0.675 CG:3   
    8    58  0  83.5%   0.812 CG:3   
    7    59  0  83.3%   0.938 AU:3   
    5    60  0  43.5%   1.434 CG:3   
    6    60  0  42.5%   1.739 CG:3    +
    6    57  0  11.2%   0.757 CG:3    +
    7    56  0  11.2%   0.740 AU:3    +
   10    53  0  11.1%   0.790 CG:3    +
    5    58  0  11.0%   0.831 CG:3    +
    4    59  0  10.0%   0.787 AU:3    +
   11    52  0   9.4%   0.781 GU:3    +
   17    48  0   5.9%   0.778 GC:3    +
   18    47  0   5.8%   0.828 CG:3    +
   15    50  0   4.9%   0.538 GC:3    +
   18    44  0   4.8%   0.581 CG:3    +
    2    61  0   4.3%   0.412 AU:3    +
   14    51  0   4.1%   0.513 AU:3    +
   29    33  0   2.9%   0.436 CG:3    +
   19    27  0   2.6%   0.282 CG:3    +
   18    28  0   2.6%   0.282 CG:3    +
   17    29  0   2.6%   0.283 GC:3    +
   20    26  0   2.6%   0.281 AU:3    +
   21    25  0   2.5%   0.277 CG:3    +
   16    30  0   2.2%   0.257 UA:3    +
   58    66  0   1.7%   0.718 GC:3    +
   57    67  0   1.7%   0.692 GC:3    +
   59    65  0   1.7%   0.690 UA:3    +
   13    53  0   1.5%   0.536 CG:3    +
   28    34  0   1.5%   0.329 GC:3    +
   14    52  0   1.4%   0.659 AU:3    +
   54    69  0   1.3%   0.457 GC:3    +
   55    68  0   1.3%   0.359 AU:3    +
    4    12  0   1.2%   0.160 AU:3    +
    3    13  0   1.2%   0.160 GC:3    +
    5    11  0   1.2%   0.159 CG:3    +
   11    36  0   1.0%   0.195 GC:3    +
   10    37  0   1.0%   0.142 CG:3    +
   12    35  0   1.0%   0.192 UA:3    +
    9    38  0   1.0%   0.137 AU:3    +
    4    45  0   0.8%   0.170 AU:3    +
    3    46  0   0.8%   0.170 GC:3    +
   53    71  0   0.8%   0.494 GC:3    +
    5    44  0   0.8%   0.180 CG:3    +
   33    48  0   0.7%   0.513 GC:3    +
   34    47  0   0.7%   0.490 CG:3    +
    8    57  0   0.7%   0.417 CG:3    +
   36    44  0   0.7%   0.486 CG:3    +
   35    45  0   0.7%   0.253 AU:3    +
   13    33  0   0.7%   0.158 CG:3    +
    9    56  0   0.7%   0.399 AU:3    +
   37    43  0   0.7%   0.291 GU:3    +
   32    49  0   0.7%   0.223 AU:3    +
   38    42  0   0.6%   0.174 UA:3    +
    8    40  0   0.6%   0.103 CG:3    +
   12    54  0   0.5%   0.232 UG:3    +
   52    72  0   0.5%   0.406 UA:3    +
   39    64  0   0.4%   0.240 CG:3    +
   38    65  0   0.4%   0.216 UA:3    +
   41    62  0   0.4%   0.328 GU:3    +
   42    61  0   0.4%   0.425 AU:3    +
   40    63  0   0.4%   0.324 GU:3    +
   10    54  0   0.4%   0.386 CG:3    +
   60    71  0   0.4%   0.941 GC:3    +
   37    66  0   0.4%   0.217 GC:3    +
   61    70  0   0.4%   0.442 UG:3    +
   43    60  0   0.4%   0.971 UG:3    +
    8    54  0   0.4%   0.107 CG:3    +
   64    71  0   0.4%   0.349 GC:3    +
   33    71  0   0.4%   0.262 GC:3    +
   34    70  0   0.4%   0.235 CG:3    +
   15    51  0   0.4%   0.431 GU:3    +
    6    58  0   0.3%   0.564 CG:3    +
   64    69  0   0.3%   0.301 GC:3    +
   39    54  0   0.3%   0.294 CG:3    +
   38    55  0   0.3%   0.306 UA:3    +
   46    57  0   0.3%   0.662 CG:3    +
   13    64  0   0.3%   0.481 CG:3    +
   12    65  0   0.3%   0.323 UA:3    +
   34    60  0   0.3%   0.942 CG:3    +
   11    66  0   0.3%   0.522 GC:3    +
   33    61  0   0.3%   0.522 GU:3    +
   35    59  0   0.3%   0.569 AU:3    +
   47    56  0   0.3%   0.812 GU:3    +
   37    56  0   0.3%   0.596 GU:3    +
   45    58  0   0.3%   0.601 UG:3    +
   41    52  0   0.3%   0.424 GU:3    +
    4    62  0   0.3%   0.642 AU:3    +
   42    51  0   0.3%   0.241 AU:3    +
   32    62  0   0.2%   0.243 AU:3    +
   14    63  0   0.2%   0.489 AU:3    +
   63    72  0   0.2%   0.268 UA:3    +
   44    59  0   0.2%   0.815 GU:3    +
   31    63  0   0.2%   0.194 AU:3    +
   19    57  0   0.2%   0.658 CG:3    +
   18    58  0   0.2%   0.864 CG:3    +
    3    63  0   0.2%   0.389 GU:3    +
   22    53  0   0.2%   0.394 CG:3    +
   21    54  0   0.2%   0.397 CG:3    +
   20    56  0   0.2%   0.656 AU:3    +
   17    59  0   0.2%   0.792 GU:3    +
   23    52  0   0.2%   0.365 AU:3    +
   27    46  0   0.2%   0.303 GC:3    +
   29    44  0   0.2%   0.518 CG:3    +
   28    45  0   0.2%   0.248 GU:3    +
   26    47  0   0.2%   0.410 UG:3    +
   25    48  0   0.2%   0.405 GC:3    +
   15    62  0   0.2%   0.444 GU:3    +
    9    59  0   0.2%   0.501 AU:3    +
   60    69  0   0.2%   0.884 GC:3    +
   63    70  0   0.2%   0.280 UG:3    +
   30    43  0   0.2%   0.217 AU:3    +
    8    60  0   0.2%   1.007 CG:3    +
   36    58  0   0.2%   0.588 CG:3    +
   21    40  0   0.1%   0.165 CG:3    +
   36    57  0   0.1%   0.590 CG:3    +
   35    68  0   0.1%   0.162 AU:3    +
   20    45  0   0.1%   0.263 AU:3    +
   48    54  0   0.1%   0.592 CG:3    +
    3    61  0   0.1%   0.256 GU:3    +
    6    40  0   0.1%   0.028 CG:3    +
    5    41  0   0.1%   0.079 CG:3    +
    7    61  0   0.1%   0.707 AU:3    +
   47    71  0   0.1%   0.374 GC:3    +
   48    70  0   0.1%   0.367 CG:3    +
   66    70  0   0.1%   0.214 CG:3    +
    2    62  0   0.1%   0.166 AU:3    +
   49    53  0   0.1%   0.521 UG:3    +
   46    54  0   0.1%   0.423 CG:3    +
   45    55  0   0.1%   0.285 UA:3    +
    6    41  0   0.1%   0.039 CG:3    +
   44    56  0   0.1%   0.817 GU:3    +
   10    58  0   0.1%   0.898 CG:3    +
   59    70  0   0.1%   0.562 UG:3    +
   17    45  0   0.1%   0.155 GU:3    +
   58    71  0   0.1%   0.621 GC:3    +
   49    55  0   0.1%   0.351 UA:3    +
   50    54  0   0.1%   0.454 CG:3    +
   22    41  0   0.1%   0.103 CG:3    +
   12    53  0   0.1%   0.368 UG:3    +
   44    50  0   0.1%   0.518 GC:3    +
   37    46  0   0.1%   0.266 GC:3    +
   48    53  0   0.1%   0.649 CG:3    +
   36    47  0   0.1%   0.429 CG:3    +
   21    44  0   0.1%   0.430 CG:3    +
   33    50  0   0.1%   0.344 GC:3    +
   32    51  0   0.1%   0.201 AU:3    +
   31    52  0   0.1%   0.319 AU:3    +
    2    43  0   0.1%   0.012 AU:3    +
    8    41  0   0.1%   0.059 CG:3    +
    1    44  0   0.1%   0.014 CG:3    +
   34    40  0   0.0%   0.203 CG:3    +
   39    44  0   0.0%   0.349 CG:3    +
   11    50  0   0.0%   0.114 GC:3    +
   60    66  0   0.0%   0.906 GC:3    +
   41    50  0   0.0%   0.233 GC:3    +
   15    52  0   0.0%   0.556 GU:3    +
    8    53  0   0.0%   0.050 CG:3    +
    9    52  0   0.0%   0.060 AU:3    +
   42    49  0   0.0%   0.196 AU:3    +
   53    69  0   0.0%   0.360 GC:3    +
   59    72  0   0.0%   0.550 UA:3    +
   61    65  0   0.0%   0.452 UA:3    +
   40    51  0   0.0%   0.257 GU:3    +
   19    40  0   0.0%   0.142 CG:3    +
   18    41  0   0.0%   0.121 CG:3    +
   34    41  0   0.0%   0.179 CG:3    +
   48    58  0   0.0%   0.781 CG:3    +
   47    59  0   0.0%   0.767 GU:3    +
    3    67  0   0.0%   0.250 GC:3    +
    1    15  0   0.0%   0.007 CG:3    +
    1    60  0   0.0%   0.017 CG:3    +
   45    65  0   0.0%   0.175 UA:3    +
   44    66  0   0.0%   0.414 GC:3    +
   46    64  0   0.0%   0.353 CG:3    +
    2    68  0   0.0%   0.280 AU:3    +
   46    58  0   0.0%   0.636 CG:3    +
    3    50  0   0.0%   0.099 GC:3    +
   50    57  0   0.0%   0.652 CG:3    +
   16    60  0   0.0%   0.916 UG:3    +
    4    49  0   0.0%   0.098 AU:3    +
   41    69  0   0.0%   0.116 GC:3    +
   42    68  0   0.0%   0.092 AU:3    +
   54    68  0   0.0%   0.297 GU:3    +
   10    15  0   0.0%   0.009 CG:3    +
   48    60  0   0.0%   1.103 CG:3    +
    6    53  0   0.0%   0.025 CG:3    +
   46    60  0   0.0%   0.959 CG:3    +
    5    40  0   0.0%   0.058 CG:3    +
    5    54  0   0.0%   0.107 CG:3    +
   60    67  0   0.0%   0.866 GC:3    +
    7    52  0   0.0%   0.009 AU:3    +
    9    16  0   0.0%   0.005 AU:3    +
    3    69  0   0.0%   0.250 GC:3    +
   50    58  0   0.0%   0.641 CG:3    +
   51    57  0   0.0%   0.657 UG:3    +
    2    51  0   0.0%   0.009 AU:3    +
    1    53  0   0.0%   0.012 CG:3    +
   47    61  0   0.0%   0.661 GU:3    +
   52    70  0   0.0%   0.363 UG:3    +
   36    41  0   0.0%   0.142 CG:3    +
    4    68  0   0.0%   0.485 AU:3    +
   28    66  0   0.0%   0.191 GC:3    +
   27    67  0   0.0%   0.157 GC:3    +
    6    64  0   0.0%   0.779 CG:3    +
    8    17  0   0.0%   0.005 CG:3    +
   33    39  0   0.0%   0.143 GC:3    +
   25    69  0   0.0%   0.138 GC:3    +
   34    44  0   0.0%   0.416 CG:3    +
    7    43  0   0.0%   0.009 AU:3    +
    1    47  0   0.0%   0.010 CG:3    +
   35    43  0   0.0%   0.192 AU:3    +
    2    52  0   0.0%   0.010 AU:3    +
   24    70  0   0.0%   0.035 CG:3    +
   49    57  0   0.0%   0.650 UG:3    +
   33    45  0   0.0%   0.210 GU:3    +
   31    51  0   0.0%   0.158 AU:3    +
    2    59  0   0.0%   0.011 AU:3    +
    8    44  0   0.0%   0.082 CG:3    +
    7    45  0   0.0%   0.044 AU:3    +
    5    64  0   0.0%   0.837 CG:3    +
   51    72  0   0.0%   0.182 UA:3    +
   40    46  0   0.0%   0.239 GC:3    +
   15    61  0   0.0%   0.554 GU:3    +
    9    68  0   0.0%   0.102 AU:3    +
   11    51  0   0.0%   0.110 GU:3    +
   39    47  0   0.0%   0.315 CG:3    +
   29    47  0   0.0%   0.474 CG:3    +
   28    48  0   0.0%   0.434 GC:3    +
   47    63  0   0.0%   0.516 GU:3    +
    6    44  0   0.0%   0.061 CG:3    +
   48    57  0   0.0%   0.788 CG:3    +
   30    52  0   0.0%   0.402 AU:3    +
   27    49  0   0.0%   0.273 GU:3    +
    5    47  0   0.0%   0.104 CG:3    +
   43    57  0   0.0%   0.604 UG:3    +
    7    63  0   0.0%   0.547 AU:3    +
    3    71  0   0.0%   0.249 GC:3    +
   44    49  0   0.0%   0.502 GU:3    +
   29    64  0   0.0%   0.356 CG:3    +
    3    66  0   0.0%   0.244 GC:3    +
    1    70  0   0.0%   0.140 CG:3    +
   11    34  0   0.0%   0.056 GC:3    +
    6    11  0   0.0%   0.055 CG:3    +
    6    47  0   0.0%   0.021 CG:3    +
   25    50  0   0.0%   0.286 GC:3    +
    8    70  0   0.0%   0.262 CG:3    +
   10    40  0   0.0%   0.091 CG:3    +
   11    39  0   0.0%   0.103 GC:3    +
    9    43  0   0.0%   0.054 AU:3    +
    4    43  0   0.0%   0.059 AU:3    +
   14    62  0   0.0%   0.460 AU:3    +
   30    63  0   0.0%   0.248 AU:3    +
   15    34  0   0.0%   0.007 GC:3    +
   19    41  0   0.0%   0.120 CG:3    +
   46    53  0   0.0%   0.483 CG:3    +
   12    42  0   0.0%   0.102 UA:3    +
   44    48  0   0.0%   0.642 GC:3    +
   11    43  0   0.0%   0.110 GU:3    +
   10    44  0   0.0%   0.095 CG:3    +
    3    59  0   0.0%   0.098 GU:3    +
   13    41  0   0.0%   0.109 CG:3    +
    9    45  0   0.0%   0.089 AU:3    +
    2    56  0   0.0%   0.009 AU:3    +
   49    58  0   0.0%   0.638 UG:3    +
    1    57  0   0.0%   0.011 CG:3    +
    8    15  0   0.0%   0.004 CG:3    +
   31    62  0   0.0%   0.168 AU:3    +
   37    48  0   0.0%   0.415 GC:3    +
   30    51  0   0.0%   0.249 AU:3    +
   41    45  0   0.0%   0.170 GU:3    +
   16    31  0   0.0%   0.089 UA:3    +
   53    67  0   0.0%   0.352 GC:3    +
   54    66  0   0.0%   0.320 GC:3    +
    4    63  0   0.0%   0.614 AU:3    +
    7    16  0   0.0%   0.001 AU:3    +
   34    58  0   0.0%   0.584 CG:3    +
   54    71  0   0.0%   0.404 GC:3    +
   40    71  0   0.0%   0.139 GC:3    +
    5    70  0   0.0%   0.711 CG:3    +
    3     8  0   0.0%   0.001 GC:3    +
   12    33  0   0.0%   0.055 UG:3    +
   13    37  0   0.0%   0.136 CG:3    +
   16    33  0   0.0%   0.124 UG:3    +
   39    53  0   0.0%   0.341 CG:3    +
   33    59  0   0.0%   0.590 GU:3    +
   68    72  0   0.0%   0.120 UA:3    +
   17    50  0   0.0%   0.515 GC:3    +
    3    10  0   0.0%   0.001 GC:3    +
   50    60  0   0.0%   0.959 CG:3    +
   27    36  0   0.0%   0.213 GC:3    +
   24    40  0   0.0%   0.113 CG:3    +
   25    39  0   0.0%   0.122 GC:3    +
    2    45  0   0.0%   0.005 AU:3    +
   32    61  0   0.0%   0.330 AU:3    +
   49    54  0   0.0%   0.437 UG:3    +
   29    53  0   0.0%   0.542 CG:3    +
   10    70  0   0.0%   0.476 CG:3    +
   57    66  0   0.0%   0.522 GC:3    +
    6    17  0   0.0%   0.002 CG:3    +
   26    37  0   0.0%   0.198 UG:3    +
   11    71  0   0.0%   0.490 GC:3    +
   35    49  0   0.0%   0.269 AU:3    +
   47    52  0   0.0%   0.633 GU:3    +
   15    67  0   0.0%   0.277 GC:3    +
   15    36  0   0.0%   0.053 GC:3    +
   31    43  0   0.0%   0.114 AU:3    +
   56    65  0   0.0%   0.516 UA:3    +
   14    68  0   0.0%   0.330 AU:3    +
   12    70  0   0.0%   0.293 UG:3    +
   36    40  0   0.0%   0.164 CG:3    +
   21    58  0   0.0%   0.582 CG:3    +
   20    59  0   0.0%   0.618 AU:3    +
   22    57  0   0.0%   0.494 CG:3    +
   34    53  0   0.0%   0.485 CG:3    +
   37    67  0   0.0%   0.158 GC:3    +
   35    52  0   0.0%   0.422 AU:3    +
   40    52  0   0.0%   0.402 GU:3    +
   19    60  0   0.0%   0.942 CG:3    +
   16    35  0   0.0%   0.135 UA:3    +
    6    70  0   0.0%   0.651 CG:3    +
   29    37  0   0.0%   0.272 CG:3    +
   28    38  0   0.0%   0.241 GU:3    +
   27    39  0   0.0%   0.139 GC:3    +
   16    23  0   0.0%   0.003 UA:3    +
   17    22  0   0.0%   0.002 GC:3    +
   15    24  0   0.0%   0.005 GC:3    +
   41    48  0   0.0%   0.365 GC:3    +
   39    70  0   0.0%   0.073 CG:3    +
   40    69  0   0.0%   0.120 GC:3    +
   15    71  0   0.0%   0.275 GC:3    +
   62    72  0   0.0%   0.229 UA:3    +
    2    49  0   0.0%   0.005 AU:3    +
   33    46  0   0.0%   0.283 GC:3    +
   26    40  0   0.0%   0.208 UG:3    +
   15    49  0   0.0%   0.212 GU:3    +
   61    72  0   0.0%   0.388 UA:3    +
   62    70  0   0.0%   0.262 UG:3    +
    3    48  0   0.0%   0.093 GC:3    +
   33    69  0   0.0%   0.202 GC:3    +
   17    34  0   0.0%   0.097 GC:3    +
   40    49  0   0.0%   0.246 GU:3    +
   11    69  0   0.0%   0.490 GC:3    +
   58    63  0   0.0%   0.651 GU:3    +
   23    56  0   0.0%   0.484 AU:3    +
   33    67  0   0.0%   0.203 GC:3    +
   45    54  0   0.0%   0.358 UG:3    +
   16    70  0   0.0%   0.178 UG:3    +
   37    50  0   0.0%   0.273 GC:3    +
   31    49  0   0.0%   0.124 AU:3    +
   18    33  0   0.0%   0.130 CG:3    +
   41    68  0   0.0%   0.121 GU:3    +
   32    68  0   0.0%   0.058 AU:3    +
   44    71  0   0.0%   0.391 GC:3    +
   64    68  0   0.0%   0.246 GU:3    +
   22    27  0   0.0%   0.095 CG:3    +
   21    28  0   0.0%   0.187 CG:3    +
    7    38  0   0.0%   0.001 AU:3    +
   23    43  0   0.0%   0.140 AU:3    +
   59    64  0   0.0%   0.610 UG:3    +
   22    44  0   0.0%   0.325 CG:3    +
    7    68  0   0.0%   0.414 AU:3    +
   38    47  0   0.0%   0.420 UG:3    +
    9    51  0   0.0%   0.050 AU:3    +
   41    46  0   0.0%   0.213 GC:3    +
    3    51  0   0.0%   0.097 GU:3    +
    6    54  0   0.0%   0.022 CG:3    +
   15    39  0   0.0%   0.007 GC:3    +
   38    54  0   0.0%   0.348 UG:3    +
    3    39  0   0.0%   0.054 GC:3    +
   45    70  0   0.0%   0.156 UG:3    +
    8    37  0   0.0%   0.003 CG:3    +
   11    67  0   0.0%   0.491 GC:3    +
   40    67  0   0.0%   0.121 GC:3    +
   41    66  0   0.0%   0.148 GC:3    +
   10    60  0   0.0%   1.211 CG:3    +
    9    61  0   0.0%   0.386 AU:3    +
    8    47  0   0.0%   0.040 CG:3    +
   55    61  0   0.0%   0.504 AU:3    +
   54    62  0   0.0%   0.474 GU:3    +
    4    38  0   0.0%   0.054 AU:3    +
   51    55  0   0.0%   0.349 UA:3    +
   43    72  0   0.0%   0.171 UA:3    +
   19    47  0   0.0%   0.442 CG:3    +
   15    46  0   0.0%   0.045 GC:3    +
   53    63  0   0.0%   0.533 GU:3    +
   50    70  0   0.0%   0.210 CG:3    +
   36    53  0   0.0%   0.451 CG:3    +
   56    60  0   0.0%   1.255 UG:3    +
   17    49  0   0.0%   0.483 GU:3    +
   13    57  0   0.0%   0.734 CG:3    +
   17    71  0   0.0%   0.375 GC:3    +
   18    70  0   0.0%   0.424 CG:3    +
   11    59  0   0.0%   0.867 GU:3    +
   52    64  0   0.0%   0.496 UG:3    +
   57    69  0   0.0%   0.613 GC:3    +
   55    62  0   0.0%   0.370 AU:3    +
   13    27  0   0.0%   0.053 CG:3    +
   12    28  0   0.0%   0.054 UG:3    +
   11    29  0   0.0%   0.054 GC:3    +
    5    37  0   0.0%   0.053 CG:3    +
   15    66  0   0.0%   0.290 GC:3    +
    4    56  0   0.0%   0.095 AU:3    +
   54    63  0   0.0%   0.462 GU:3    +
   51    65  0   0.0%   0.221 UA:3    +
   12    58  0   0.0%   0.692 UG:3    +
   40    50  0   0.0%   0.248 GC:3    +
   25    71  0   0.0%   0.135 GC:3    +
   37    52  0   0.0%   0.424 GU:3    +
   14    26  0   0.0%   0.000 AU:3    +
   56    70  0   0.0%   0.508 UG:3    +
   26    70  0   0.0%   0.138 UG:3    +
   58    67  0   0.0%   0.609 GC:3    +
   40    48  0   0.0%   0.390 GC:3    +
    7    62  0   0.0%   0.558 AU:3    +
    3    43  0   0.0%   0.058 GU:3    +
   16    65  0   0.0%   0.191 UA:3    +
   58    68  0   0.0%   0.609 GU:3    +
   28    50  0   0.0%   0.324 GC:3    +
   16    72  0   0.0%   0.175 UA:3    +
   17    61  0   0.0%   0.664 GU:3    +
   27    51  0   0.0%   0.303 GU:3    +
   41    51  0   0.0%   0.230 GU:3    +
   52    58  0   0.0%   0.789 UG:3    +
    3    22  0   0.0%   0.054 GC:3    +
   14    56  0   0.0%   0.732 AU:3    +
    6    15  0   0.0%   0.003 CG:3    +
   25    51  0   0.0%   0.285 GU:3    +
   36    70  0   0.0%   0.162 CG:3    +
   44    61  0   0.0%   0.696 GU:3    +
   42    52  0   0.0%   0.373 AU:3    +
   24    41  0   0.0%   0.088 CG:3    +
   23    51  0   0.0%   0.191 AU:3    +
   57    68  0   0.0%   0.622 GU:3    +
   41    49  0   0.0%   0.221 GU:3    +
   52    65  0   0.0%   0.367 UA:3    +
   51    70  0   0.0%   0.212 UG:3    +
   31    38  0   0.0%   0.084 AU:3    +
   27    69  0   0.0%   0.155 GC:3    +
   11    24  0   0.0%   0.054 GC:3    +
   60    68  0   0.0%   0.862 GU:3    +
   10    25  0   0.0%   0.002 CG:3    +
   32    38  0   0.0%   0.083 AU:3    +
    9    26  0   0.0%   0.002 AU:3    +
   19    53  0   0.0%   0.509 CG:3    +
   12    23  0   0.0%   0.053 UA:3    +
   20    52  0   0.0%   0.490 AU:3    +
   24    54  0   0.0%   0.263 CG:3    +
   56    72  0   0.0%   0.500 UA:3    +
   57    71  0   0.0%   0.616 GC:3    +
    8    27  0   0.0%   0.002 CG:3    +
   27    50  0   0.0%   0.304 GC:3    +
   43    47  0   0.0%   0.455 UG:3    +
   11    46  0   0.0%   0.141 GC:3    +
   18    54  0   0.0%   0.632 CG:3    +
   50    64  0   0.0%   0.348 CG:3    +
   10    47  0   0.0%   0.053 CG:3    +
   17    43  0   0.0%   0.103 GU:3    +
   49    65  0   0.0%   0.218 UA:3    +
   10    33  0   0.0%   0.002 CG:3    +
   16    53  0   0.0%   0.493 UG:3    +
   47    69  0   0.0%   0.334 GC:3    +
   13    44  0   0.0%   0.133 CG:3    +
   37    71  0   0.0%   0.176 GC:3    +
   46    70  0   0.0%   0.204 CG:3    +
   42    59  0   0.0%   0.472 AU:3    +
   18    60  0   0.0%   1.161 CG:3    +
    3    68  0   0.0%   0.248 GU:3    +
   58    69  0   0.0%   0.600 GC:3    +
   57    63  0   0.0%   0.663 GU:3    +
   37    69  0   0.0%   0.157 GC:3    +
   14    43  0   0.0%   0.007 AU:3    +
    5    15  0   0.0%   0.055 CG:3    +
    3    45  0   0.0%   0.055 GU:3    +
   32    43  0   0.0%   0.113 AU:3    +
   43    58  0   0.0%   0.590 UG:3    +
   28    68  0   0.0%   0.176 GU:3    +
   40    45  0   0.0%   0.193 GU:3    +
    3    19  0   0.0%   0.054 GC:3    +
   26    33  0   0.0%   0.129 UG:3    +
   15    21  0   0.0%   0.005 GC:3    +
   31    61  0   0.0%   0.297 AU:3    +
   33    38  0   0.0%   0.221 GU:3    +
   32    63  0   0.0%   0.216 AU:3    +
   45    57  0   0.0%   0.567 UG:3    +
   17    69  0   0.0%   0.375 GC:3    +
   43    55  0   0.0%   0.306 UA:3    +
   51    58  0   0.0%   0.642 UG:3    +
   42    56  0   0.0%   0.499 AU:3    +
   52    57  0   0.0%   0.802 UG:3    +
    2    16  0   0.0%   0.000 AU:3    +
    4    16  0   0.0%   0.053 AU:3    +
   53    68  0   0.0%   0.363 GU:3    +
   32    52  0   0.0%   0.347 AU:3    +
    5    28  0   0.0%   0.053 CG:3    +
   41    67  0   0.0%   0.111 GC:3    +
    6    27  0   0.0%   0.001 CG:3    +
    5    57  0   0.0%   0.104 CG:3    +
    7    26  0   0.0%   0.000 AU:3    +
   38    44  0   0.0%   0.450 UG:3    +
    8    64  0   0.0%   0.387 CG:3    +
   49    72  0   0.0%   0.176 UA:3    +
   47    62  0   0.0%   0.526 GU:3    +
   16    20  0   0.0%   0.002 UA:3    +
   56    64  0   0.0%   0.644 UG:3    +
    8    25  0   0.0%   0.002 CG:3    +
   25    34  0   0.0%   0.094 GC:3    +
   12    37  0   0.0%   0.147 UG:3    +
   16    32  0   0.0%   0.088 UA:3    +
   22    54  0   0.0%   0.284 CG:3    +
   54    67  0   0.0%   0.281 GC:3    +
   15    69  0   0.0%   0.275 GC:3    +
   44    51  0   0.0%   0.523 GU:3    +
   16    42  0   0.0%   0.089 UA:3    +
   38    53  0   0.0%   0.446 UG:3    +
   42    62  0   0.0%   0.270 AU:3    +
   33    62  0   0.0%   0.374 GU:3    +
   13    70  0   0.0%   0.322 CG:3    +
   11    48  0   0.0%   0.103 GC:3    +
    3    21  0   0.0%   0.054 GC:3    +
    1    11  0   0.0%   0.000 CG:3    +
   23    49  0   0.0%   0.160 AU:3    +
   37    49  0   0.0%   0.271 GU:3    +
    1    54  0   0.0%   0.009 CG:3    +
   24    53  0   0.0%   0.360 CG:3    +
    1    17  0   0.0%   0.002 CG:3    +
   38    70  0   0.0%   0.178 UG:3    +
    5    53  0   0.0%   0.103 CG:3    +
    3    56  0   0.0%   0.096 GU:3    +
   10    41  0   0.0%   0.068 CG:3    +
   12    47  0   0.0%   0.103 UG:3    +
   58    62  0   0.0%   0.662 GU:3    +
   12    32  0   0.0%   0.053 UA:3    +
    9    63  0   0.0%   0.231 AU:3    +
   39    57  0   0.0%   0.478 CG:3    +
   43    65  0   0.0%   0.210 UA:3    +
   33    43  0   0.0%   0.252 GU:3    +
(((((.((.((((((((.(((((((((......))))).)).)).))))....)))))))))))........
