3 sequence; length of alignment 34
alifold output
   17    24  0  98.5%   0.053 GC:3   
   16    25  0  98.3%   0.068 GU:3   
   15    26  0  97.5%   0.189 CG:3   
   14    27  0  97.3%   0.198 GC:3   
   18    23  0  94.2%   0.215 AU:3   
   12    30  0  49.2%   1.389 GC:3    +
   13    28  0  43.5%   1.414 UG:3   
   13    29  0  32.3%   1.797 UA:3    +
    9    33  0  12.2%   0.838 UA:3    +
   10    32  0  11.6%   1.024 UG:3    +
   10    33  0   6.9%   1.129 UA:3    +
   11    32  0   6.4%   1.183 UG:3    +
    6    32  0   5.8%   0.623 CG:3    +
    7    31  0   5.5%   0.544 AU:3    +
    3    12  0   5.3%   0.467 CG:3    +
    2    13  0   4.6%   0.440 GU:3    +
    9    34  0   4.0%   0.713 UA:3    +
    4    11  0   3.1%   0.328 GU:3    +
    5    12  0   2.7%   0.449 CG:3    +
    4    13  0   2.6%   0.536 GU:3    +
    3    14  0   1.8%   0.375 CG:3    +
    2    15  0   1.8%   0.370 GC:3    +
    1     6  0   1.7%   0.210 GC:3    +
   12    31  0   1.1%   1.008 GU:3    +
    6    12  0   0.7%   0.433 CG:3    +
    9    29  0   0.7%   0.110 UA:3    +
   11    29  0   0.6%   0.309 UA:3    +
    3    28  0   0.5%   0.326 CG:3    +
    4    27  0   0.5%   0.301 GC:3    +
    5    26  0   0.5%   0.195 CG:3    +
    7    11  0   0.5%   0.188 AU:3    +
   10    28  0   0.4%   0.134 UG:3    +
    9    32  0   0.4%   0.294 UG:3    +
    2    30  0   0.4%   0.302 GC:3    +
   13    18  0   0.4%   0.307 UA:3    +
   12    19  0   0.4%   0.355 GU:3    +
   11    20  0   0.4%   0.209 UG:3    +
   10    21  0   0.4%   0.079 UA:3    +
    1    31  0   0.4%   0.148 GU:3    +
   24    32  0   0.3%   0.699 CG:3    +
   23    33  0   0.3%   0.572 UA:3    +
   10    29  0   0.2%   0.130 UA:3    +
    4    15  0   0.2%   0.310 GC:3    +
    5    14  0   0.2%   0.207 CG:3    +
   11    28  0   0.2%   0.247 UG:3    +
    3    16  0   0.2%   0.261 CG:3    +
    3    32  0   0.2%   0.300 CG:3    +
   22    34  0   0.2%   0.177 UA:3    +
    8    31  0   0.1%   0.234 AU:3    +
    4    31  0   0.1%   0.294 GU:3    +
    8    23  0   0.1%   0.038 AU:3    +
   11    33  0   0.1%   0.844 UA:3    +
    2     6  0   0.1%   0.094 GC:3    +
   10    34  0   0.1%   0.653 UA:3    +
    8    22  0   0.1%   0.017 AU:3    +
    1    30  0   0.1%   0.095 GC:3    +
    9    21  0   0.1%   0.020 UA:3    +
    7    23  0   0.1%   0.041 AU:3    +
    5    32  0   0.1%   0.165 CG:3    +
   10    20  0   0.1%   0.020 UG:3    +
   18    22  0   0.1%   0.042 AU:3    +
   16    24  0   0.1%   0.024 GC:3    +
    1     5  0   0.1%   0.012 GC:3    +
   17    23  0   0.1%   0.027 GU:3    +
   20    27  0   0.0%   0.097 GC:3    +
   12    27  0   0.0%   0.347 GC:3    +
    2     9  0   0.0%   0.017 GU:3    +
   16    27  0   0.0%   0.098 GC:3    +
   19    28  0   0.0%   0.458 UG:3    +
   17    30  0   0.0%   0.406 GC:3    +
    1    10  0   0.0%   0.079 GU:3    +
    2    10  0   0.0%   0.018 GU:3    +
    1    11  0   0.0%   0.081 GU:3    +
   16    31  0   0.0%   0.290 GU:3    +
   13    26  0   0.0%   0.295 UG:3    +
    2    11  0   0.0%   0.019 GU:3    +
   27    32  0   0.0%   0.716 CG:3    +
   18    25  0   0.0%   0.108 AU:3    +
    4    30  0   0.0%   0.277 GC:3    +
   26    30  0   0.0%   0.441 GC:3    +
    4    10  0   0.0%   0.009 GU:3    +
    6    28  0   0.0%   0.146 CG:3    +
    4     9  0   0.0%   0.007 GU:3    +
    1    13  0   0.0%   0.080 GU:3    +
    2    27  0   0.0%   0.230 GC:3    +
    3    26  0   0.0%   0.243 CG:3    +
    1     9  0   0.0%   0.075 GU:3    +
    5    28  0   0.0%   0.170 CG:3    +
   24    28  0   0.0%   0.452 CG:3    +
    7    25  0   0.0%   0.034 AU:3    +
   23    29  0   0.0%   0.519 UA:3    +
   11    34  0   0.0%   0.524 UA:3    +
   16    30  0   0.0%   0.416 GC:3    +
    9    18  0   0.0%   0.007 UA:3    +
   10    17  0   0.0%   0.007 UG:3    +
   15    28  0   0.0%   0.538 CG:3    +
    7    13  0   0.0%   0.265 AU:3    +
    8    19  0   0.0%   0.003 AU:3    +
    8    13  0   0.0%   0.239 AU:3    +
   11    18  0   0.0%   0.140 UA:3    +
   11    16  0   0.0%   0.149 UG:3    +
    6    26  0   0.0%   0.142 CG:3    +
    1    15  0   0.0%   0.080 GC:3    +
    4    25  0   0.0%   0.217 GU:3    +
    1    27  0   0.0%   0.080 GC:3    +
   14    25  0   0.0%   0.087 GU:3    +
   13    32  0   0.0%   1.620 UG:3    +
   15    32  0   0.0%   0.740 CG:3    +
    9    28  0   0.0%   0.042 UG:3    +
    6    14  0   0.0%   0.197 CG:3    +
   17    27  0   0.0%   0.082 GC:3    +
    2    31  0   0.0%   0.273 GU:3    +
   11    17  0   0.0%   0.139 UG:3    +
   21    31  0   0.0%   0.278 AU:3    +
    6    20  0   0.0%   0.113 CG:3    +
   13    21  0   0.0%   0.288 UA:3    +
   12    22  0   0.0%   0.315 GU:3    +
   20    24  0   0.0%   0.046 GC:3    +
   19    33  0   0.0%   0.476 UA:3    +
   22    29  0   0.0%   0.453 UA:3    +
   13    33  0   0.0%   1.440 UA:3    +
   10    18  0   0.0%   0.007 UA:3    +
   23    28  0   0.0%   0.505 UG:3    +
    6    16  0   0.0%   0.123 CG:3    +
   20    30  0   0.0%   0.412 GC:3    +
   25    33  0   0.0%   0.487 UA:3    +
    5    17  0   0.0%   0.112 CG:3    +
   19    29  0   0.0%   0.468 UA:3    +
    7    19  0   0.0%   0.027 AU:3    +
   22    33  0   0.0%   0.460 UA:3    +
   23    32  0   0.0%   0.706 UG:3    +
    1    19  0   0.0%   0.079 GU:3    +
   14    30  0   0.0%   0.491 GC:3    +
   26    31  0   0.0%   0.308 GU:3    +
   11    21  0   0.0%   0.187 UA:3    +
   19    26  0   0.0%   0.079 UG:3    +
   15    20  0   0.0%   0.110 CG:3    +
   25    34  0   0.0%   0.168 UA:3    +
   20    25  0   0.0%   0.047 GU:3    +
   25    32  0   0.0%   0.667 UG:3    +
    3    20  0   0.0%   0.240 CG:3    +
    4    19  0   0.0%   0.216 GU:3    +
    7    22  0   0.0%   0.027 AU:3    +
   16    23  0   0.0%   0.025 GU:3    +
    1    24  0   0.0%   0.079 GC:3    +
   16    22  0   0.0%   0.017 GU:3    +
   13    17  0   0.0%   0.239 UG:3    +
   21    25  0   0.0%   0.047 AU:3    +
    3    17  0   0.0%   0.240 CG:3    +
    2    23  0   0.0%   0.227 GU:3    +
   22    26  0   0.0%   0.066 UG:3    +
    2    24  0   0.0%   0.227 GC:3    +
   13    34  0   0.0%   1.127 UA:3    +
    1    25  0   0.0%   0.079 GU:3    +
   17    22  0   0.0%   0.007 GU:3    +
    4    24  0   0.0%   0.216 GC:3    +
    8    25  0   0.0%   0.017 AU:3    +
   13    20  0   0.0%   0.287 UG:3    +
   17    25  0   0.0%   0.039 GU:3    +
   18    31  0   0.0%   0.337 AU:3    +
   20    31  0   0.0%   0.281 GU:3    +
    9    20  0   0.0%   0.006 UG:3    +
    9    17  0   0.0%   0.005 UG:3    +
   14    19  0   0.0%   0.108 GU:3    +
   19    34  0   0.0%   0.163 UA:3    +
    2    19  0   0.0%   0.227 GU:3    +
   10    16  0   0.0%   0.016 UG:3    +
   25    29  0   0.0%   0.464 UA:3    +
............((((((....))))))......
