3 sequence; length of alignment 34
alifold output
   14    22  0 100.0%   0.000 GC:3   
   13    23  0 100.0%   0.001 CG:3   
    6    28  0  99.9%   0.002 GC:3   
   15    21  0  99.9%   0.002 GC:3   
    7    27  0  99.8%   0.005 CG:3   
   12    24  0  99.1%   0.034 UA:3   
    5    29  0  98.3%   0.053 GU:3   
    8    26  0  97.3%   0.079 CG:3   
    4    30  0  83.0%   0.465 UA:3   
   11    25  0  78.4%   0.573 AU:3   
   16    20  0  75.6%   0.634 AU:3   
    2    31  0   6.9%   0.555 AU:3    +
    1    32  0   6.1%   0.512 UA:3    +
   10    26  0   1.9%   0.268 UG:3    +
    2    33  0   0.1%   0.212 AU:3    +
    9    26  0   0.1%   0.051 UG:3    +
    8    27  0   0.1%   0.051 CG:3    +
   10    24  0   0.1%   0.017 UA:3    +
    4    32  0   0.1%   0.336 UA:3    +
    9    27  0   0.0%   0.026 UG:3    +
    1    30  0   0.0%   0.005 UA:3    +
    5    31  0   0.0%   0.207 GU:3    +
    9    24  0   0.0%   0.003 UA:3    +
    2    29  0   0.0%   0.002 AU:3    +
    5    28  0   0.0%   0.002 GC:3    +
   10    23  0   0.0%   0.001 UG:3    +
    7    26  0   0.0%   0.000 CG:3    +
    6    29  0   0.0%   0.019 GU:3    +
   14    21  0   0.0%   0.000 GC:3    +
    5    34  0   0.0%   0.020 GC:3    +
   15    20  0   0.0%   0.000 GU:3    +
   15    22  0   0.0%   0.001 GC:3    +
    5    33  0   0.0%   0.028 GU:3    +
   12    23  0   0.0%   0.000 UG:3    +
    1     5  0   0.0%   0.000 UG:3    +
   18    23  0   0.0%   0.000 CG:3    +
   17    24  0   0.0%   0.016 UA:3    +
   16    25  0   0.0%   0.402 AU:3    +
...(((((..((((((...)))))))))))....
