3 sequence; length of alignment 34
alifold output
    6    20  0  84.9%   0.591 GC:3   
    4    22  0  84.9%   0.465 GC:3   
    5    21  0  84.8%   0.587 UG:3   
    7    19  0  84.8%   0.729 GC:3   
    8    18  0  83.2%   0.762 UG:3   
    3    23  0  78.4%   0.727 AU:3   
   10    16  0  50.2%   1.182 UG:3   
   11    15  0  49.7%   1.233 GC:3   
    9    17  0  45.1%   1.291 GU:3   
    1    25  0  37.0%   1.515 GC:3   
   26    31  0  23.8%   1.226 GC:3    +
   25    32  0  23.3%   1.653 CG:3    +
    1    24  0  10.4%   0.881 GC:3    +
   12    18  0   9.3%   1.174 CG:3    +
   11    19  0   7.5%   1.399 GC:3    +
   13    17  0   6.1%   1.336 AU:3    +
    9    20  0   5.7%   1.059 GC:3    +
    8    21  0   5.7%   0.940 UG:3    +
    7    22  0   5.7%   0.933 GC:3    +
   12    16  0   5.6%   0.995 CG:3    +
   11    17  0   5.3%   1.333 GU:3    +
    2    18  0   5.0%   0.461 CG:3    +
    6    15  0   5.0%   0.469 GC:3    +
    7    14  0   5.0%   0.468 GC:3    +
    1    19  0   4.9%   0.456 GC:3    +
    3    17  0   4.9%   0.454 AU:3    +
    6    23  0   4.9%   0.944 GU:3    +
    8    13  0   4.3%   0.428 UA:3    +
    6    25  0   3.9%   1.307 GC:3    +
    7    24  0   3.9%   1.108 GC:3    +
    5    16  0   3.9%   0.403 UG:3    +
    9    22  0   3.8%   1.281 GC:3    +
   10    21  0   3.8%   1.056 UG:3    +
    5    26  0   2.5%   0.619 UG:3    +
    4    25  0   2.2%   0.820 GC:3    +
   11    20  0   2.1%   1.254 GC:3    +
    2    26  0   1.1%   0.322 CG:3    +
    9    15  0   0.7%   0.280 GC:3    +
    4    24  0   0.5%   0.481 GC:3    +
    9    14  0   0.4%   0.239 GC:3    +
   24    32  0   0.4%   0.485 CG:3    +
    1    31  0   0.4%   0.862 GC:3    +
    6    12  0   0.3%   0.062 GC:3    +
    5    13  0   0.3%   0.056 UA:3    +
    4    14  0   0.3%   0.055 GC:3    +
   23    33  0   0.3%   0.394 UA:3    +
   20    26  0   0.3%   0.578 CG:3    +
    1    30  0   0.2%   0.825 GC:3    +
   21    25  0   0.2%   1.069 GC:3    +
    6    24  0   0.2%   0.759 GC:3    +
    1    22  0   0.2%   0.204 GC:3    +
    2    21  0   0.2%   0.203 CG:3    +
   10    18  0   0.2%   0.706 UG:3    +
    4    19  0   0.2%   0.204 GC:3    +
   20    32  0   0.2%   0.440 CG:3    +
   21    31  0   0.1%   0.513 GC:3    +
    5    18  0   0.1%   0.323 UG:3    +
   26    30  0   0.1%   0.202 GC:3    +
    9    19  0   0.1%   0.739 GC:3    +
    8    16  0   0.1%   0.289 UG:3    +
    3    29  0   0.1%   0.364 AU:3    +
    2    11  0   0.1%   0.017 CG:3    +
    1    12  0   0.1%   0.017 GC:3    +
    3    10  0   0.1%   0.016 AU:3    +
    2    32  0   0.1%   0.239 CG:3    +
    2    16  0   0.1%   0.020 CG:3    +
    1    17  0   0.1%   0.019 GU:3    +
    1    20  0   0.0%   0.169 GC:3    +
    4    17  0   0.0%   0.179 GU:3    +
    4    30  0   0.0%   0.307 GC:3    +
    6    14  0   0.0%   0.044 GC:3    +
   29    33  0   0.0%   0.034 UA:3    +
   28    34  0   0.0%   0.012 AU:3    +
    4    29  0   0.0%   0.296 GU:3    +
    5    27  0   0.0%   0.393 UA:3    +
   12    21  0   0.0%   0.855 CG:3    +
   11    22  0   0.0%   1.233 GC:3    +
    5    28  0   0.0%   0.394 UA:3    +
    4    31  0   0.0%   0.314 GC:3    +
   27    34  0   0.0%   0.008 AU:3    +
   16    25  0   0.0%   1.232 GC:3    +
   15    26  0   0.0%   0.678 CG:3    +
    7    20  0   0.0%   0.435 GC:3    +
    4    15  0   0.0%   0.021 GC:3    +
    6    31  0   0.0%   0.625 GC:3    +
    7    30  0   0.0%   0.601 GC:3    +
   22    32  0   0.0%   0.463 CG:3    +
   16    31  0   0.0%   0.675 GC:3    +
   15    32  0   0.0%   0.541 CG:3    +
   21    30  0   0.0%   0.479 GC:3    +
    1    29  0   0.0%   0.781 GU:3    +
    2     9  0   0.0%   0.002 CG:3    +
    6    22  0   0.0%   0.464 GC:3    +
    1    10  0   0.0%   0.002 GU:3    +
    3     8  0   0.0%   0.002 AU:3    +
   14    18  0   0.0%   0.741 CG:3    +
    5    32  0   0.0%   0.397 UG:3    +
    7    23  0   0.0%   0.793 GU:3    +
   22    26  0   0.0%   0.604 CG:3    +
    6    17  0   0.0%   0.326 GU:3    +
    7    25  0   0.0%   1.162 GC:3    +
    9    24  0   0.0%   1.115 GC:3    +
   23    28  0   0.0%   0.343 UA:3    +
    4    20  0   0.0%   0.037 GC:3    +
    7    12  0   0.0%   0.025 GC:3    +
   16    22  0   0.0%   1.091 GC:3    +
   17    21  0   0.0%   1.285 UG:3    +
   21    34  0   0.0%   0.470 GU:3    +
   18    30  0   0.0%   0.566 GC:3    +
    1    23  0   0.0%   0.177 GU:3    +
   26    34  0   0.0%   0.509 GU:3    +
    8    28  0   0.0%   0.463 UA:3    +
    5    33  0   0.0%   0.392 UA:3    +
   15    21  0   0.0%   0.977 CG:3    +
   23    32  0   0.0%   0.357 UG:3    +
   16    20  0   0.0%   1.035 GC:3    +
    4    34  0   0.0%   0.289 GU:3    +
   18    24  0   0.0%   0.948 GC:3    +
    6    30  0   0.0%   0.617 GC:3    +
   23    27  0   0.0%   0.342 UA:3    +
    9    25  0   0.0%   1.296 GC:3    +
    7    29  0   0.0%   0.590 GU:3    +
    8    26  0   0.0%   0.601 UG:3    +
   19    26  0   0.0%   0.644 CG:3    +
    9    23  0   0.0%   1.053 GU:3    +
    2     7  0   0.0%   0.000 CG:3    +
    7    15  0   0.0%   0.299 GC:3    +
    1     8  0   0.0%   0.000 GU:3    +
    1    34  0   0.0%   0.817 GU:3    +
   18    25  0   0.0%   1.130 GC:3    +
    2     6  0   0.0%   0.000 CG:3    +
    4    23  0   0.0%   0.364 GU:3    +
   10    27  0   0.0%   0.493 UA:3    +
   17    28  0   0.0%   0.843 UA:3    +
   18    22  0   0.0%   0.991 GC:3    +
   16    24  0   0.0%   1.048 GC:3    +
   17    26  0   0.0%   0.983 UG:3    +
    3    34  0   0.0%   0.351 AU:3    +
   18    23  0   0.0%   0.887 GU:3    +
    1     5  0   0.0%   0.000 GU:3    +
   16    30  0   0.0%   0.666 GC:3    +
   16    29  0   0.0%   0.657 GU:3    +
   10    28  0   0.0%   0.493 UA:3    +
   14    21  0   0.0%   0.637 CG:3    +
    1    15  0   0.0%   0.006 GC:3    +
    4    12  0   0.0%   0.005 GC:3    +
    5    11  0   0.0%   0.005 UG:3    +
    9    29  0   0.0%   0.724 GU:3    +
   18    29  0   0.0%   0.557 GU:3    +
   21    29  0   0.0%   0.468 GU:3    +
   11    25  0   0.0%   1.368 GC:3    +
   19    32  0   0.0%   0.507 CG:3    +
   10    26  0   0.0%   0.631 UG:3    +
   13    23  0   0.0%   0.665 AU:3    +
   14    32  0   0.0%   0.199 CG:3    +
   18    31  0   0.0%   0.573 GC:3    +
   14    26  0   0.0%   0.334 CG:3    +
    7    17  0   0.0%   0.305 GU:3    +
   12    26  0   0.0%   0.550 CG:3    +
    8    27  0   0.0%   0.462 UA:3    +
    5     9  0   0.0%   0.001 UG:3    +
    6    19  0   0.0%   0.330 GC:3    +
(.(((((((((...))))))))).).........
