3 sequence; length of alignment 145
alifold output
   74    86  0 100.0%   0.000 GC:3   
   75    85  0 100.0%   0.000 CG:3   
   72    88  0 100.0%   0.001 CG:3   
   73    87  0  99.9%   0.002 UA:3   
   14   120  0  99.9%   0.008 CG:3   
   15   119  0  99.9%   0.014 GC:3   
   13   121  0  99.9%   0.007 GC:3   
   16   118  0  99.9%   0.016 GC:3   
   25    31  0  99.6%   0.015 CG:3   
   62   100  0  99.6%   0.033 UA:3   
   24    32  0  99.5%   0.015 UA:3   
   64    98  0  99.5%   0.031 CG:3   
   61   101  0  99.5%   0.034 GC:3   
   63    99  0  99.5%   0.036 UG:3   
   22    34  0  99.5%   0.017 AU:3   
   23    33  0  99.4%   0.018 UG:3   
   21    35  0  99.1%   0.030 AU:3   
   76    84  0  98.7%   0.056 AU:3   
   20    36  0  98.6%   0.048 GC:3   
   17   117  0  98.5%   0.061 UA:3   
   71    89  0  98.2%   0.055 GU:3   
   65    97  0  97.0%   0.209 GC:3   
   46   109  0  96.8%   0.171 GC:3   
   45   110  0  96.8%   0.151 GC:3   
   47   108  0  95.7%   0.209 AU:3   
   12   122  0  93.9%   0.182 UA:3   
   77    83  0  89.4%   0.342 GU:3   
    8   128  0  87.7%   0.370 GU:3   
    6   130  0  87.4%   0.442 UA:3   
    7   129  0  87.2%   0.433 GU:3   
   18   116  0  86.9%   0.436 AU:3   
   60   102  0  86.8%   0.396 GU:3   
   48   107  0  84.4%   0.735 GC:3   
    9   127  0  84.0%   0.684 UA:3   
   66    96  0  81.0%   0.937 GU:3   
    5   131  0  80.8%   0.689 GC:3   
   50    57  0  80.5%   0.529 GC:3   
   51    56  0  80.4%   0.533 CG:3   
   44   111  0  79.0%   0.594 UA:3   
   67    95  0  71.2%   1.526 GC:3   
   10   126  0  67.4%   1.181 UG:3   
   11   123  0  65.7%   0.832 UA:3   
   26    30  0  65.4%   0.835 AU:3   
   49    58  0  62.9%   0.882 UA:3   
    4   132  0  62.8%   0.969 UG:3   
  137   143  0  62.0%   1.329 CG:3   
  136   144  0  62.0%   1.306 CG:3   
    2   134  0  58.8%   0.962 GC:3   
    3   133  0  54.1%   1.070 GU:3   
   68    92  0  50.9%   1.032 CG:3    +
  135   145  0  50.3%   1.408 AU:3   
    3   136  0  26.5%   1.599 GC:3    +
    2   137  0  26.4%   1.404 GC:3    +
   10   124  0  25.4%   1.048 UG:3    +
    4   135  0  24.2%   1.395 UA:3    +
   11   125  0  23.3%   1.569 UG:3    +
   67    93  0  22.5%   1.008 GU:3    +
    5   134  0  16.4%   1.588 GC:3    +
   48    59  0  12.9%   0.802 GU:3    +
    9   125  0   9.3%   0.666 UG:3    +
   66    95  0   9.3%   0.939 GC:3    +
   50   105  0   8.8%   0.843 GC:3    +
   66    94  0   6.6%   0.543 GU:3    +
   67    94  0   5.0%   0.967 GU:3    +
    6   132  0   4.9%   0.894 UG:3    +
    7   131  0   4.9%   0.830 GC:3    +
    3   134  0   4.0%   1.101 GC:3    +
   58   104  0   3.3%   0.677 AU:3    +
   12   124  0   3.1%   0.776 UG:3    +
   65    95  0   2.5%   0.282 GC:3    +
    8   131  0   2.0%   0.778 GC:3    +
    9   130  0   1.8%   0.780 UA:3    +
   19    38  0   1.7%   0.222 UA:3    +
    4   130  0   1.7%   0.209 UA:3    +
    3   131  0   1.6%   0.225 GC:3    +
    5   129  0   1.6%   0.218 GU:3    +
   52   103  0   1.2%   0.191 GU:3    +
   41   114  0   1.1%   0.212 AU:3    +
   69    92  0   1.0%   0.486 UG:3    +
   70    92  0   1.0%   0.531 UG:3    +
   42   112  0   0.8%   0.180 AU:3    +
   42   114  0   0.8%   0.242 AU:3    +
   41   115  0   0.7%   0.224 AU:3    +
   18    39  0   0.7%   0.130 AU:3    +
    1   143  0   0.7%   0.120 CG:3    +
    2   142  0   0.6%   0.802 GC:3    +
   52   105  0   0.6%   0.407 GC:3    +
    3   141  0   0.6%   0.977 GU:3    +
   40    46  0   0.5%   0.146 CG:3    +
   10   125  0   0.5%   0.652 UG:3    +
   39    47  0   0.5%   0.157 UA:3    +
   11   124  0   0.5%   0.704 UG:3    +
   77    82  0   0.5%   0.075 GU:3    +
   20   113  0   0.4%   0.105 GC:3    +
   71    90  0   0.4%   0.083 GU:3    +
    8   136  0   0.4%   0.650 GC:3    +
    7   137  0   0.4%   0.704 GC:3    +
   18    37  0   0.4%   0.061 AU:3    +
    1   132  0   0.4%   0.062 CG:3    +
   12   123  0   0.4%   0.399 UA:3    +
    2   131  0   0.3%   0.063 GC:3    +
    9   135  0   0.3%   0.852 UA:3    +
   21   112  0   0.3%   0.075 AU:3    +
   76    83  0   0.3%   0.049 AU:3    +
    6   127  0   0.3%   0.052 UA:3    +
   47   106  0   0.3%   0.102 AU:3    +
   31    40  0   0.3%   0.068 GC:3    +
   42   115  0   0.3%   0.206 AU:3    +
   46   107  0   0.3%   0.108 GC:3    +
   65    96  0   0.3%   0.148 GU:3    +
   32    39  0   0.3%   0.101 AU:3    +
  137   144  0   0.3%   1.036 CG:3    +
  126   134  0   0.3%   1.074 GC:3    +
   48   105  0   0.3%   0.323 GC:3    +
  127   133  0   0.2%   0.567 AU:3    +
    5   128  0   0.2%   0.050 GU:3    +
    8   129  0   0.2%   0.350 GU:3    +
   30    41  0   0.2%   0.330 UA:3    +
  138   143  0   0.2%   0.402 UG:3    +
   56   105  0   0.2%   0.506 GC:3    +
   99   109  0   0.2%   0.094 GC:3    +
   98   110  0   0.2%   0.095 GC:3    +
  128   132  0   0.2%   0.635 UG:3    +
   45   108  0   0.2%   0.079 GU:3    +
   17    38  0   0.2%   0.038 UA:3    +
  100   108  0   0.2%   0.107 AU:3    +
   18   115  0   0.2%   0.095 AU:3    +
   56   106  0   0.2%   0.280 GU:3    +
   10   127  0   0.2%   0.842 UA:3    +
   58   103  0   0.2%   0.405 AU:3    +
   52    59  0   0.2%   0.309 GU:3    +
   51    60  0   0.2%   0.220 CG:3    +
   40    45  0   0.2%   0.078 CG:3    +
    2   136  0   0.2%   0.371 GC:3    +
   60   103  0   0.2%   0.257 GU:3    +
   53    58  0   0.2%   0.326 UA:3    +
   11   126  0   0.1%   0.943 UG:3    +
   37    42  0   0.1%   0.065 UA:3    +
   56   104  0   0.1%   0.230 GU:3    +
   19    41  0   0.1%   0.099 UA:3    +
   41   112  0   0.1%   0.091 AU:3    +
   20    40  0   0.1%   0.058 GC:3    +
  125   136  0   0.1%   1.011 GC:3    +
  124   137  0   0.1%   0.889 GC:3    +
  136   143  0   0.1%   0.467 CG:3    +
   21    39  0   0.1%   0.076 AU:3    +
  123   138  0   0.1%   0.327 AU:3    +
   41   116  0   0.1%   0.284 AU:3    +
   38    44  0   0.1%   0.111 AU:3    +
   45    64  0   0.1%   0.049 GC:3    +
   16    39  0   0.1%   0.021 GU:3    +
   46    63  0   0.1%   0.073 GU:3    +
   43    61  0   0.1%   0.030 CG:3    +
   50   106  0   0.1%   0.436 GU:3    +
   37    45  0   0.1%   0.064 UG:3    +
   44    60  0   0.1%   0.038 UG:3    +
   60   105  0   0.1%   0.457 GC:3    +
   42    62  0   0.1%   0.041 AU:3    +
   47    62  0   0.1%   0.065 AU:3    +
   15    40  0   0.1%   0.019 GC:3    +
   36    46  0   0.1%   0.038 CG:3    +
    7   134  0   0.1%   1.033 GC:3    +
   56   103  0   0.1%   0.263 GU:3    +
    6   135  0   0.1%   0.646 UA:3    +
    5   136  0   0.1%   0.935 GC:3    +
    3   137  0   0.1%   1.252 GC:3    +
   52   101  0   0.1%   0.036 GC:3    +
   53   100  0   0.1%   0.028 UA:3    +
   39    46  0   0.1%   0.092 UG:3    +
   41    63  0   0.1%   0.051 AU:3    +
   44    65  0   0.1%   0.040 UG:3    +
   54    99  0   0.1%   0.020 UG:3    +
   43    66  0   0.1%   0.032 CG:3    +
    8   133  0   0.1%   0.568 GU:3    +
   50   110  0   0.1%   0.454 GC:3    +
   52    57  0   0.1%   0.197 GC:3    +
   55    98  0   0.1%   0.020 UG:3    +
   49   111  0   0.1%   0.504 UA:3    +
    2   138  0   0.1%   0.715 GU:3    +
    9   126  0   0.1%   0.240 UG:3    +
   56    97  0   0.1%   0.195 GC:3    +
   58   106  0   0.1%   0.485 AU:3    +
   35    47  0   0.1%   0.034 UA:3    +
   37    41  0   0.1%   0.067 UA:3    +
   33    43  0   0.1%   0.023 GC:3    +
   34    42  0   0.1%   0.023 UA:3    +
  122   139  0   0.1%   0.079 AU:3    +
   52   109  0   0.1%   0.163 GC:3    +
  119   143  0   0.1%   0.050 CG:3    +
  118   144  0   0.1%   0.018 CG:3    +
  120   142  0   0.1%   0.049 GC:3    +
   20   114  0   0.1%   0.073 GU:3    +
   38   115  0   0.1%   0.120 AU:3    +
   20    37  0   0.1%   0.053 GU:3    +
    7   128  0   0.1%   0.033 GU:3    +
   46   113  0   0.1%   0.144 GC:3    +
   35    41  0   0.1%   0.046 UA:3    +
  125   131  0   0.1%   1.088 GC:3    +
   52   104  0   0.1%   0.098 GU:3    +
  134   143  0   0.1%   0.809 CG:3    +
   32    44  0   0.0%   0.035 AU:3    +
  117   145  0   0.0%   0.030 AU:3    +
   45   114  0   0.0%   0.194 GU:3    +
   47   114  0   0.0%   0.226 AU:3    +
    5   139  0   0.0%   0.572 GU:3    +
   48   113  0   0.0%   0.474 GC:3    +
   47   112  0   0.0%   0.192 AU:3    +
   46   105  0   0.0%   0.068 GC:3    +
   46   115  0   0.0%   0.190 GU:3    +
   50   103  0   0.0%   0.189 GU:3    +
   47   104  0   0.0%   0.059 AU:3    +
   60   101  0   0.0%   0.038 GC:3    +
   71    91  0   0.0%   0.050 GU:3    +
   38   116  0   0.0%   0.229 AU:3    +
   77    84  0   0.0%   0.147 GU:3    +
   49    56  0   0.0%   0.013 UG:3    +
    7   133  0   0.0%   0.620 GU:3    +
   48    57  0   0.0%   0.015 GC:3    +
   20    29  0   0.0%   0.011 GC:3    +
   45   106  0   0.0%   0.044 GU:3    +
   21    28  0   0.0%   0.008 AU:3    +
   19   111  0   0.0%   0.091 UA:3    +
   20    25  0   0.0%   0.007 GC:3    +
   11   127  0   0.0%   0.834 UA:3    +
   50   104  0   0.0%   0.191 GU:3    +
    2   133  0   0.0%   0.030 GU:3    +
  133   144  0   0.0%   0.372 UG:3    +
   19    26  0   0.0%   0.006 UA:3    +
   18   114  0   0.0%   0.063 AU:3    +
  125   137  0   0.0%   0.997 GC:3    +
  126   136  0   0.0%   0.703 GC:3    +
  124   138  0   0.0%   0.512 GU:3    +
  123   139  0   0.0%   0.320 AU:3    +
   12   125  0   0.0%   0.781 UG:3    +
   48   112  0   0.0%   0.513 GU:3    +
   29    46  0   0.0%   0.011 CG:3    +
   10   123  0   0.0%   0.006 UA:3    +
   52   106  0   0.0%   0.145 GU:3    +
   38   112  0   0.0%   0.117 AU:3    +
    7   119  0   0.0%   0.010 GC:3    +
  122   140  0   0.0%   0.072 AU:3    +
    8   118  0   0.0%   0.009 GC:3    +
    6   120  0   0.0%   0.007 UG:3    +
    5   121  0   0.0%   0.009 GC:3    +
   20   115  0   0.0%   0.079 GU:3    +
   11   122  0   0.0%   0.007 UA:3    +
   28    47  0   0.0%   0.011 UA:3    +
   30    45  0   0.0%   0.300 UG:3    +
  124   131  0   0.0%   0.972 GC:3    +
   45    51  0   0.0%   0.028 GC:3    +
    2   113  0   0.0%   0.005 GC:3    +
    3   112  0   0.0%   0.006 GU:3    +
    4   111  0   0.0%   0.006 UA:3    +
   40    56  0   0.0%   0.077 CG:3    +
   43    48  0   0.0%   0.013 CG:3    +
    5   110  0   0.0%   0.006 GC:3    +
    9   117  0   0.0%   0.006 UA:3    +
   21   114  0   0.0%   0.049 AU:3    +
  138   144  0   0.0%   0.353 UG:3    +
   18   112  0   0.0%   0.061 AU:3    +
   41    55  0   0.0%   0.038 AU:3    +
   99   105  0   0.0%   0.301 GC:3    +
   25    45  0   0.0%   0.012 CG:3    +
   37   117  0   0.0%   0.069 UA:3    +
  139   143  0   0.0%   0.375 UG:3    +
   45    57  0   0.0%   0.029 GC:3    +
   16    43  0   0.0%   0.012 GC:3    +
   42    54  0   0.0%   0.024 AU:3    +
   45   105  0   0.0%   0.039 GC:3    +
   24    46  0   0.0%   0.009 UG:3    +
   42    49  0   0.0%   0.022 AU:3    +
   26    44  0   0.0%   0.286 AU:3    +
   17    42  0   0.0%   0.018 UA:3    +
   15    44  0   0.0%   0.011 GU:3    +
   44    52  0   0.0%   0.020 UG:3    +
  111   116  0   0.0%   0.338 AU:3    +
   14    45  0   0.0%   0.006 CG:3    +
   46   104  0   0.0%   0.058 GU:3    +
   47    55  0   0.0%   0.042 AU:3    +
   60   104  0   0.0%   0.296 GU:3    +
   77    81  0   0.0%   0.004 GU:3    +
   46    64  0   0.0%   0.064 GC:3    +
   48    54  0   0.0%   0.009 GU:3    +
   45   116  0   0.0%   0.226 GU:3    +
   47   103  0   0.0%   0.050 AU:3    +
   98   106  0   0.0%   0.062 GU:3    +
   45   109  0   0.0%   0.057 GC:3    +
   47    63  0   0.0%   0.061 AU:3    +
    9   124  0   0.0%   0.006 UG:3    +
  126   131  0   0.0%   0.777 GC:3    +
   20   110  0   0.0%   0.039 GC:3    +
   23    47  0   0.0%   0.011 UA:3    +
  100   104  0   0.0%   0.150 AU:3    +
   44    58  0   0.0%   0.020 UA:3    +
    1   144  0   0.0%   0.058 CG:3    +
  125   134  0   0.0%   1.341 GC:3    +
   47    59  0   0.0%   0.043 AU:3    +
   60    97  0   0.0%   0.029 GC:3    +
   61    96  0   0.0%   0.013 GU:3    +
   12   126  0   0.0%   0.474 UG:3    +
   25    46  0   0.0%   0.013 CG:3    +
   50    55  0   0.0%   0.007 GU:3    +
   24    47  0   0.0%   0.012 UA:3    +
   43    52  0   0.0%   0.012 CG:3    +
   38   114  0   0.0%   0.104 AU:3    +
    4   122  0   0.0%   0.006 UA:3    +
   19    42  0   0.0%   0.085 UA:3    +
   12    47  0   0.0%   0.004 UA:3    +
   58    96  0   0.0%   0.307 AU:3    +
   42    53  0   0.0%   0.022 AU:3    +
   56   102  0   0.0%   0.190 GU:3    +
   52   107  0   0.0%   0.278 GC:3    +
   39    58  0   0.0%   0.098 UA:3    +
   60    96  0   0.0%   0.024 GU:3    +
   38    59  0   0.0%   0.092 AU:3    +
   59    98  0   0.0%   0.287 UG:3    +
   39   111  0   0.0%   0.104 UA:3    +
   36    45  0   0.0%   0.021 CG:3    +
   71    93  0   0.0%   0.381 GU:3    +
  126   133  0   0.0%   0.630 GU:3    +
   52   102  0   0.0%   0.028 GU:3    +
    7   110  0   0.0%   0.006 GC:3    +
   48   103  0   0.0%   0.276 GU:3    +
   56   107  0   0.0%   0.391 GC:3    +
   61    95  0   0.0%   0.010 GC:3    +
    8   109  0   0.0%   0.005 GC:3    +
    6   111  0   0.0%   0.004 UA:3    +
   99   107  0   0.0%   0.179 GC:3    +
    3    14  0   0.0%   0.002 GC:3    +
    4    13  0   0.0%   0.002 UG:3    +
  111   115  0   0.0%   0.273 AU:3    +
   41    54  0   0.0%   0.035 AU:3    +
    3   118  0   0.0%   0.005 GC:3    +
    2   119  0   0.0%   0.004 GC:3    +
    4   117  0   0.0%   0.004 UA:3    +
  100   106  0   0.0%   0.061 AU:3    +
   48   106  0   0.0%   0.309 GU:3    +
  139   144  0   0.0%   0.335 UG:3    +
   23    48  0   0.0%   0.009 UG:3    +
    3   142  0   0.0%   0.953 GC:3    +
   45    59  0   0.0%   0.029 GU:3    +
    5   112  0   0.0%   0.006 GU:3    +
    7   109  0   0.0%   0.004 GC:3    +
    1   120  0   0.0%   0.002 CG:3    +
   16    40  0   0.0%   0.015 GC:3    +
   61   104  0   0.0%   0.151 GU:3    +
   60   106  0   0.0%   0.214 GU:3    +
   37    47  0   0.0%   0.058 UA:3    +
    8   107  0   0.0%   0.003 GC:3    +
  132   142  0   0.0%   0.514 GC:3    +
   22    49  0   0.0%   0.007 AU:3    +
    5   116  0   0.0%   0.005 GU:3    +
   45   107  0   0.0%   0.041 GC:3    +
    7   108  0   0.0%   0.003 GU:3    +
   61   102  0   0.0%   0.141 GU:3    +
   98   108  0   0.0%   0.072 GU:3    +
    9   132  0   0.0%   0.910 UG:3    +
    8    43  0   0.0%   0.002 GC:3    +
    9    42  0   0.0%   0.002 UA:3    +
   72    92  0   0.0%   0.440 CG:3    +
   64    92  0   0.0%   0.010 CG:3    +
   58   102  0   0.0%   0.309 AU:3    +
   65    91  0   0.0%   0.007 GU:3    +
   35    46  0   0.0%   0.020 UG:3    +
   10    41  0   0.0%   0.002 UA:3    +
   37    46  0   0.0%   0.058 UG:3    +
    5   133  0   0.0%   0.594 GU:3    +
   50   107  0   0.0%   0.564 GC:3    +
  124   134  0   0.0%   1.228 GC:3    +
   66    90  0   0.0%   0.007 GU:3    +
    5    12  0   0.0%   0.002 GU:3    +
   64    99  0   0.0%   0.027 CG:3    +
  125   133  0   0.0%   0.939 GU:3    +
  132   137  0   0.0%   0.865 GC:3    +
   60   107  0   0.0%   0.331 GC:3    +
    5    14  0   0.0%   0.003 GC:3    +
   76    81  0   0.0%   0.001 AU:3    +
    6    13  0   0.0%   0.002 UG:3    +
   22   112  0   0.0%   0.029 AU:3    +
   43    60  0   0.0%   0.012 CG:3    +
   76    82  0   0.0%   0.002 AU:3    +
   37    60  0   0.0%   0.048 UG:3    +
   49    60  0   0.0%   0.306 UG:3    +
   30    46  0   0.0%   0.299 UG:3    +
   66    93  0   0.0%   0.007 GU:3    +
   44   117  0   0.0%   0.235 UA:3    +
   21   115  0   0.0%   0.054 AU:3    +
    7    44  0   0.0%   0.002 GU:3    +
   50    59  0   0.0%   0.444 GU:3    +
   66    97  0   0.0%   0.614 GC:3    +
   28    42  0   0.0%   0.007 UA:3    +
    6   126  0   0.0%   0.004 UG:3    +
   40    60  0   0.0%   0.075 CG:3    +
   60   110  0   0.0%   0.209 GC:3    +
    7   114  0   0.0%   0.005 GU:3    +
   98   105  0   0.0%   0.297 GC:3    +
    8   113  0   0.0%   0.006 GC:3    +
   23   111  0   0.0%   0.014 UA:3    +
   33   101  0   0.0%   0.012 GC:3    +
   32   102  0   0.0%   0.025 AU:3    +
   34   100  0   0.0%   0.012 UA:3    +
   35    99  0   0.0%   0.020 UG:3    +
   12   127  0   0.0%   0.369 UA:3    +
   36    98  0   0.0%   0.022 CG:3    +
   31   103  0   0.0%   0.022 GU:3    +
    8   108  0   0.0%   0.004 GU:3    +
   63   100  0   0.0%   0.030 UA:3    +
   61   105  0   0.0%   0.301 GC:3    +
   42   116  0   0.0%   0.255 AU:3    +
  123   133  0   0.0%   0.642 AU:3    +
   33    40  0   0.0%   0.039 GC:3    +
  104   111  0   0.0%   0.335 UA:3    +
   17    41  0   0.0%   0.014 UA:3    +
   34    47  0   0.0%   0.016 UA:3    +
    3   113  0   0.0%   0.005 GC:3    +
  134   144  0   0.0%   0.772 CG:3    +
  140   144  0   0.0%   0.325 UG:3    +
   61    97  0   0.0%   0.016 GC:3    +
   48    62  0   0.0%   0.286 GU:3    +
   61   109  0   0.0%   0.056 GC:3    +
   22   114  0   0.0%   0.017 AU:3    +
   41    59  0   0.0%   0.037 AU:3    +
   34    48  0   0.0%   0.013 UG:3    +
   56   101  0   0.0%   0.192 GC:3    +
    3   138  0   0.0%   0.895 GU:3    +
   13   113  0   0.0%   0.005 GC:3    +
    2   114  0   0.0%   0.003 GU:3    +
   57    99  0   0.0%   0.190 CG:3    +
   20   116  0   0.0%   0.186 GU:3    +
   10   130  0   0.0%   0.916 UA:3    +
   20    35  0   0.0%   0.006 GU:3    +
   50   109  0   0.0%   0.437 GC:3    +
   59   111  0   0.0%   0.478 UA:3    +
    1     8  0   0.0%   0.001 CG:3    +
   99   104  0   0.0%   0.148 GU:3    +
  131   143  0   0.0%   0.530 CG:3    +
  119   124  0   0.0%   0.486 CG:3    +
  106   111  0   0.0%   0.247 UA:3    +
   11    48  0   0.0%   0.001 UG:3    +
   27    44  0   0.0%   0.004 AU:3    +
  118   125  0   0.0%   0.594 CG:3    +
   45   113  0   0.0%   0.111 GC:3    +
   98   107  0   0.0%   0.177 GC:3    +
    8    14  0   0.0%   0.002 GC:3    +
   31    44  0   0.0%   0.024 GU:3    +
   25    50  0   0.0%   0.010 CG:3    +
  124   133  0   0.0%   0.828 GU:3    +
   67    89  0   0.0%   0.001 GU:3    +
   22    53  0   0.0%   0.007 AU:3    +
   23    52  0   0.0%   0.009 UG:3    +
   60    95  0   0.0%   0.021 GC:3    +
    2   110  0   0.0%   0.001 GC:3    +
   21    54  0   0.0%   0.020 AU:3    +
    3   109  0   0.0%   0.001 GC:3    +
   19   117  0   0.0%   0.101 UA:3    +
  135   140  0   0.0%   0.370 AU:3    +
   40    48  0   0.0%   0.074 CG:3    +
   96   111  0   0.0%   0.388 UA:3    +
    5   138  0   0.0%   0.567 GU:3    +
   26    49  0   0.0%   0.282 AU:3    +
   44    66  0   0.0%   0.035 UG:3    +
    9    13  0   0.0%   0.002 UG:3    +
  135   141  0   0.0%   0.398 AU:3    +
   68    88  0   0.0%   0.001 CG:3    +
    2   139  0   0.0%   0.706 GU:3    +
   43    67  0   0.0%   0.022 CG:3    +
    1     7  0   0.0%   0.001 CG:3    +
   20    55  0   0.0%   0.034 GU:3    +
    7    12  0   0.0%   0.001 GU:3    +
   67    96  0   0.0%   0.919 GU:3    +
   31   107  0   0.0%   0.022 GC:3    +
   32   106  0   0.0%   0.025 AU:3    +
   21    34  0   0.0%   0.003 AU:3    +
   33   105  0   0.0%   0.012 GC:3    +
    4   127  0   0.0%   0.005 UA:3    +
   48   110  0   0.0%   0.467 GC:3    +
    3   128  0   0.0%   0.004 GU:3    +
   27    34  0   0.0%   0.006 AU:3    +
   37    48  0   0.0%   0.048 UG:3    +
  128   135  0   0.0%   0.515 UA:3    +
   58   112  0   0.0%   0.513 AU:3    +
    6   125  0   0.0%   0.004 UG:3    +
   38    49  0   0.0%   0.091 AU:3    +
   13    43  0   0.0%   0.003 GC:3    +
  132   145  0   0.0%   0.480 GU:3    +
    7    14  0   0.0%   0.002 GC:3    +
   46   106  0   0.0%   0.063 GU:3    +
   28    33  0   0.0%   0.009 UG:3    +
   39    61  0   0.0%   0.097 UG:3    +
   26    35  0   0.0%   0.290 AU:3    +
   92    97  0   0.0%   0.475 GC:3    +
   61    94  0   0.0%   0.008 GU:3    +
   39    48  0   0.0%   0.097 UG:3    +
    5   107  0   0.0%   0.001 GC:3    +
   53    60  0   0.0%   0.032 UG:3    +
   99   113  0   0.0%   0.062 GC:3    +
   52   110  0   0.0%   0.161 GC:3    +
    7   105  0   0.0%   0.001 GC:3    +
   22    35  0   0.0%   0.015 AU:3    +
   38    62  0   0.0%   0.091 AU:3    +
    3   140  0   0.0%   0.890 GU:3    +
   99   106  0   0.0%   0.061 GU:3    +
    7   107  0   0.0%   0.002 GC:3    +
   40    65  0   0.0%   0.075 CG:3    +
   46   114  0   0.0%   0.213 GU:3    +
   54    60  0   0.0%   0.024 UG:3    +
   39   117  0   0.0%   0.117 UA:3    +
  100   112  0   0.0%   0.103 AU:3    +
   54    58  0   0.0%   0.308 UA:3    +
  103   111  0   0.0%   0.285 UA:3    +
   46   110  0   0.0%   0.141 GC:3    +
   98   114  0   0.0%   0.134 GU:3    +
    5   140  0   0.0%   0.565 GU:3    +
    2   129  0   0.0%   0.003 GU:3    +
  135   139  0   0.0%   0.378 AU:3    +
   52   108  0   0.0%   0.173 GU:3    +
    7   113  0   0.0%   0.005 GC:3    +
   23    32  0   0.0%   0.000 UA:3    +
    3   139  0   0.0%   0.890 GU:3    +
   46   112  0   0.0%   0.179 GU:3    +
   45   115  0   0.0%   0.158 GU:3    +
   46   108  0   0.0%   0.089 GU:3    +
   67    91  0   0.0%   0.001 GU:3    +
   48   104  0   0.0%   0.278 GU:3    +
   24    31  0   0.0%   0.000 UG:3    +
   69    87  0   0.0%   0.000 UA:3    +
   91    98  0   0.0%   0.016 UG:3    +
    7   142  0   0.0%   0.339 GC:3    +
   98   109  0   0.0%   0.053 GC:3    +
   90    99  0   0.0%   0.034 UG:3    +
   39    45  0   0.0%   0.077 UG:3    +
  132   136  0   0.0%   0.875 GC:3    +
   23    27  0   0.0%   0.000 UA:3    +
   71    86  0   0.0%   0.000 GC:3    +
   72    85  0   0.0%   0.000 CG:3    +
   22    28  0   0.0%   0.003 AU:3    +
   46    59  0   0.0%   0.048 GU:3    +
   47    53  0   0.0%   0.038 AU:3    +
   89   100  0   0.0%   0.029 UA:3    +
   43    50  0   0.0%   0.009 CG:3    +
   63    98  0   0.0%   0.020 UG:3    +
   46    54  0   0.0%   0.048 GU:3    +
  132   139  0   0.0%   0.485 GU:3    +
   42   108  0   0.0%   0.029 AU:3    +
   88   101  0   0.0%   0.015 GC:3    +
   46    62  0   0.0%   0.053 GU:3    +
   23    38  0   0.0%   0.088 UA:3    +
   12    41  0   0.0%   0.002 UA:3    +
   45    62  0   0.0%   0.034 GU:3    +
  113   126  0   0.0%   0.316 CG:3    +
  112   117  0   0.0%   0.097 UA:3    +
    8   112  0   0.0%   0.005 GU:3    +
    9    50  0   0.0%   0.001 UG:3    +
    8    51  0   0.0%   0.001 GC:3    +
  114   125  0   0.0%   0.696 UG:3    +
   61   103  0   0.0%   0.103 GU:3    +
    6    45  0   0.0%   0.001 UG:3    +
    2     6  0   0.0%   0.000 GU:3    +
  115   124  0   0.0%   0.555 UG:3    +
   10    46  0   0.0%   0.001 UG:3    +
    8   106  0   0.0%   0.002 GU:3    +
   37   111  0   0.0%   0.053 UA:3    +
   60    64  0   0.0%   0.029 GC:3    +
  112   127  0   0.0%   0.256 UA:3    +
    8   104  0   0.0%   0.001 GU:3    +
   21   108  0   0.0%   0.021 AU:3    +
  122   141  0   0.0%   0.098 AU:3    +
   14   132  0   0.0%   0.465 CG:3    +
  132   141  0   0.0%   0.505 GU:3    +
   48   108  0   0.0%   0.488 GU:3    +
   13    40  0   0.0%   0.002 GC:3    +
   20   112  0   0.0%   0.038 GU:3    +
    9    47  0   0.0%   0.001 UA:3    +
   13   133  0   0.0%   0.347 GU:3    +
   45    55  0   0.0%   0.027 GU:3    +
   11    45  0   0.0%   0.000 UG:3    +
  116   123  0   0.0%   0.434 UA:3    +
   87   102  0   0.0%   0.127 AU:3    +
   32   108  0   0.0%   0.026 AU:3    +
   21    37  0   0.0%   0.036 AU:3    +
    2   140  0   0.0%   0.706 GU:3    +
   33   107  0   0.0%   0.013 GC:3    +
   20    51  0   0.0%   0.033 GC:3    +
   48   102  0   0.0%   0.272 GU:3    +
   59    99  0   0.0%   0.286 UG:3    +
   56    64  0   0.0%   0.189 GC:3    +
   11    42  0   0.0%   0.001 UA:3    +
    8   137  0   0.0%   0.618 GC:3    +
    7   138  0   0.0%   0.311 GU:3    +
   55    60  0   0.0%   0.024 UG:3    +
   46    51  0   0.0%   0.047 GC:3    +
   31   109  0   0.0%   0.023 GC:3    +
   31    36  0   0.0%   0.018 GC:3    +
  124   129  0   0.0%   0.682 GU:3    +
  119   125  0   0.0%   0.593 CG:3    +
  125   129  0   0.0%   0.790 GU:3    +
   19    27  0   0.0%   0.002 UA:3    +
  118   126  0   0.0%   0.286 CG:3    +
   52    68  0   0.0%   0.020 GC:3    +
   53    67  0   0.0%   0.012 UG:3    +
   54    66  0   0.0%   0.010 UG:3    +
   41    70  0   0.0%   0.041 AU:3    +
    9   111  0   0.0%   0.003 UA:3    +
   55    65  0   0.0%   0.010 UG:3    +
  126   142  0   0.0%   0.339 GC:3    +
   51    61  0   0.0%   0.196 CG:3    +
   20    43  0   0.0%   0.035 GC:3    +
    6   143  0   0.0%   0.325 UG:3    +
   45    75  0   0.0%   0.035 GC:3    +
   44    76  0   0.0%   0.029 UA:3    +
   43    77  0   0.0%   0.022 CG:3    +
   48    72  0   0.0%   0.272 GC:3    +
    3   114  0   0.0%   0.003 GU:3    +
   31   105  0   0.0%   0.021 GC:3    +
  127   141  0   0.0%   0.222 AU:3    +
   47    73  0   0.0%   0.046 AU:3    +
   49    71  0   0.0%   0.297 UG:3    +
   20   109  0   0.0%   0.035 GC:3    +
   42    78  0   0.0%   0.028 AU:3    +
   42    69  0   0.0%   0.028 AU:3    +
    8   141  0   0.0%   0.269 GU:3    +
   62    99  0   0.0%   0.020 UG:3    +
   45    63  0   0.0%   0.033 GU:3    +
   22    39  0   0.0%   0.055 AU:3    +
  102   111  0   0.0%   0.324 UA:3    +
   19    56  0   0.0%   0.081 UG:3    +
   15   131  0   0.0%   0.494 GC:3    +
   32   104  0   0.0%   0.025 AU:3    +
   57    61  0   0.0%   0.191 CG:3    +
   19    52  0   0.0%   0.081 UG:3    +
   52    64  0   0.0%   0.028 GC:3    +
   37    50  0   0.0%   0.047 UG:3    +
   32    49  0   0.0%   0.025 AU:3    +
    8   105  0   0.0%   0.002 GC:3    +
   47    54  0   0.0%   0.039 AU:3    +
   70    87  0   0.0%   0.000 UA:3    +
   51    65  0   0.0%   0.195 CG:3    +
   99   108  0   0.0%   0.072 GU:3    +
   71    94  0   0.0%   0.373 GU:3    +
   48    68  0   0.0%   0.272 GC:3    +
   49    67  0   0.0%   0.297 UG:3    +
   26    55  0   0.0%   0.282 AU:3    +
   34    38  0   0.0%   0.088 UA:3    +
   25    56  0   0.0%   0.010 CG:3    +
   47    69  0   0.0%   0.046 AU:3    +
   40    71  0   0.0%   0.074 CG:3    +
   41    79  0   0.0%   0.041 AU:3    +
    3    43  0   0.0%   0.001 GC:3    +
   57    98  0   0.0%   0.189 CG:3    +
  126   141  0   0.0%   0.331 GU:3    +
  125   142  0   0.0%   0.643 GC:3    +
    3   129  0   0.0%   0.004 GU:3    +
    5   142  0   0.0%   0.597 GC:3    +
   11    46  0   0.0%   0.000 UG:3    +
   35    42  0   0.0%   0.022 UA:3    +
   46    55  0   0.0%   0.048 GU:3    +
  127   140  0   0.0%   0.195 AU:3    +
    7   106  0   0.0%   0.001 GU:3    +
   50    62  0   0.0%   0.190 GU:3    +
   27    54  0   0.0%   0.001 AU:3    +
    4    42  0   0.0%   0.001 UA:3    +
    5   137  0   0.0%   0.918 GC:3    +
  123   140  0   0.0%   0.310 AU:3    +
  123   128  0   0.0%   0.433 AU:3    +
   50    54  0   0.0%   0.004 GU:3    +
   50    70  0   0.0%   0.177 GU:3    +
   46    70  0   0.0%   0.054 GU:3    +
   10    47  0   0.0%   0.001 UA:3    +
   24   111  0   0.0%   0.013 UA:3    +
  111   128  0   0.0%   0.335 AU:3    +
   58    63  0   0.0%   0.318 AU:3    +
    2   115  0   0.0%   0.002 GU:3    +
   20   105  0   0.0%   0.033 GC:3    +
    2   141  0   0.0%   0.706 GU:3    +
    9   123  0   0.0%   0.003 UA:3    +
   18    53  0   0.0%   0.055 AU:3    +
    4   143  0   0.0%   0.741 UG:3    +
   21   104  0   0.0%   0.020 AU:3    +
   13    57  0   0.0%   0.002 GC:3    +
   14    56  0   0.0%   0.003 CG:3    +
   36    48  0   0.0%   0.022 CG:3    +
   30    42  0   0.0%   0.295 UA:3    +
    2    44  0   0.0%   0.000 GU:3    +
   50   102  0   0.0%   0.177 GU:3    +
   67    90  0   0.0%   0.001 GU:3    +
   39    66  0   0.0%   0.097 UG:3    +
   65    94  0   0.0%   0.006 GU:3    +
   40    50  0   0.0%   0.073 CG:3    +
   25    33  0   0.0%   0.013 CG:3    +
   12    45  0   0.0%   0.001 UG:3    +
   78    85  0   0.0%   0.000 UG:3    +
    1   125  0   0.0%   0.001 CG:3    +
   20    39  0   0.0%   0.065 GU:3    +
  126   137  0   0.0%   0.690 GC:3    +
   56   110  0   0.0%   0.269 GC:3    +
   77    86  0   0.0%   0.129 GC:3    +
  125   138  0   0.0%   0.621 GU:3    +
   56    62  0   0.0%   0.194 GU:3    +
   10   132  0   0.0%   1.117 UG:3    +
  124   139  0   0.0%   0.505 GU:3    +
   11    47  0   0.0%   0.001 UA:3    +
   61   106  0   0.0%   0.062 GU:3    +
    4    15  0   0.0%   0.001 UG:3    +
   55   100  0   0.0%   0.015 UA:3    +
   46   103  0   0.0%   0.055 GU:3    +
   92   101  0   0.0%   0.453 GC:3    +
  132   140  0   0.0%   0.477 GU:3    +
   41    49  0   0.0%   0.034 AU:3    +
   93   100  0   0.0%   0.348 UA:3    +
   47   102  0   0.0%   0.047 AU:3    +
   47   115  0   0.0%   0.189 AU:3    +
   12    46  0   0.0%   0.001 UG:3    +
    2   145  0   0.0%   0.738 GU:3    +
   15    55  0   0.0%   0.008 GU:3    +
   42    59  0   0.0%   0.022 AU:3    +
   50   112  0   0.0%   0.486 GU:3    +
   31    97  0   0.0%   0.021 GC:3    +
   22    37  0   0.0%   0.030 AU:3    +
  126   140  0   0.0%   0.303 GU:3    +
   12    58  0   0.0%   0.002 UA:3    +
   29    99  0   0.0%   0.005 CG:3    +
   32    96  0   0.0%   0.024 AU:3    +
   30    98  0   0.0%   0.294 UG:3    +
    2    14  0   0.0%   0.000 GC:3    +
  127   139  0   0.0%   0.203 AU:3    +
   33   103  0   0.0%   0.012 GU:3    +
  125   141  0   0.0%   0.635 GU:3    +
   48    53  0   0.0%   0.005 GU:3    +
   75    88  0   0.0%   0.001 CG:3    +
   29    52  0   0.0%   0.005 CG:3    +
  124   142  0   0.0%   0.532 GC:3    +
   55   111  0   0.0%   0.207 UA:3    +
   74    89  0   0.0%   0.019 GU:3    +
   28   100  0   0.0%   0.005 UA:3    +
   60   113  0   0.0%   0.201 GC:3    +
   12    42  0   0.0%   0.002 UA:3    +
   94    99  0   0.0%   0.342 UG:3    +
   48    55  0   0.0%   0.008 GU:3    +
   33    95  0   0.0%   0.011 GC:3    +
    5    57  0   0.0%   0.001 GC:3    +
   49   100  0   0.0%   0.298 UA:3    +
   18   128  0   0.0%   0.327 AU:3    +
   39    56  0   0.0%   0.096 UG:3    +
  114   123  0   0.0%   0.404 UA:3    +
  113   124  0   0.0%   0.515 CG:3    +
    4    58  0   0.0%   0.001 UA:3    +
   13   105  0   0.0%   0.002 GC:3    +
   51    98  0   0.0%   0.190 CG:3    +
   33    39  0   0.0%   0.071 GU:3    +
   16    54  0   0.0%   0.009 GU:3    +
   48   101  0   0.0%   0.272 GC:3    +
    6    56  0   0.0%   0.001 UG:3    +
    3    10  0   0.0%   0.000 GU:3    +
   52    97  0   0.0%   0.020 GC:3    +
   13    44  0   0.0%   0.002 GU:3    +
    3    11  0   0.0%   0.000 GU:3    +
   46    97  0   0.0%   0.054 GC:3    +
   19   127  0   0.0%   0.261 UA:3    +
   10   135  0   0.0%   1.023 UA:3    +
   22   103  0   0.0%   0.007 AU:3    +
   22   115  0   0.0%   0.022 AU:3    +
   18    28  0   0.0%   0.000 AU:3    +
   47    96  0   0.0%   0.046 AU:3    +
    3    59  0   0.0%   0.001 GU:3    +
    2    12  0   0.0%   0.000 GU:3    +
   46   116  0   0.0%   0.249 GU:3    +
   31    51  0   0.0%   0.021 GC:3    +
   20   107  0   0.0%   0.034 GC:3    +
    4    47  0   0.0%   0.001 UA:3    +
   80    84  0   0.0%   0.016 AU:3    +
    5   113  0   0.0%   0.005 GC:3    +
   44    56  0   0.0%   0.018 UG:3    +
   61    68  0   0.0%   0.007 GC:3    +
  115   122  0   0.0%   0.135 UA:3    +
   21   106  0   0.0%   0.020 AU:3    +
    1    45  0   0.0%   0.001 CG:3    +
   45   104  0   0.0%   0.035 GU:3    +
    1    13  0   0.0%   0.001 CG:3    +
   31   113  0   0.0%   0.047 GC:3    +
   62    67  0   0.0%   0.014 UG:3    +
  123   129  0   0.0%   0.498 AU:3    +
   62    98  0   0.0%   0.020 UG:3    +
   23    58  0   0.0%   0.008 UA:3    +
   22    59  0   0.0%   0.007 AU:3    +
  122   129  0   0.0%   0.262 AU:3    +
  131   144  0   0.0%   0.498 CG:3    +
    8   134  0   0.0%   0.962 GC:3    +
  124   128  0   0.0%   0.616 GU:3    +
   60    69  0   0.0%   0.020 GU:3    +
   32   114  0   0.0%   0.034 AU:3    +
   33   113  0   0.0%   0.037 GC:3    +
   11   132  0   0.0%   1.116 UG:3    +
   24    33  0   0.0%   0.011 UG:3    +
   21    30  0   0.0%   0.003 AU:3    +
   32   112  0   0.0%   0.047 AU:3    +
   29    48  0   0.0%   0.006 CG:3    +
   31   115  0   0.0%   0.036 GU:3    +
    7    55  0   0.0%   0.001 GU:3    +
    2    17  0   0.0%   0.000 GU:3    +
   46    57  0   0.0%   0.047 GC:3    +
  132   138  0   0.0%   0.490 GU:3    +
  114   124  0   0.0%   0.588 UG:3    +
   60   109  0   0.0%   0.206 GC:3    +
  115   123  0   0.0%   0.372 UA:3    +
    1    16  0   0.0%   0.001 CG:3    +
   41   108  0   0.0%   0.042 AU:3    +
  113   125  0   0.0%   0.623 CG:3    +
   29    45  0   0.0%   0.006 CG:3    +
    1    15  0   0.0%   0.001 CG:3    +
   30   111  0   0.0%   0.299 UA:3    +
   45    97  0   0.0%   0.035 GC:3    +
   10   122  0   0.0%   0.002 UA:3    +
   11   130  0   0.0%   0.914 UA:3    +
    2    11  0   0.0%   0.000 GU:3    +
   26   108  0   0.0%   0.282 AU:3    +
   43    65  0   0.0%   0.017 CG:3    +
  116   122  0   0.0%   0.198 UA:3    +
  130   145  0   0.0%   0.263 AU:3    +
   14   125  0   0.0%   0.593 CG:3    +
   48   109  0   0.0%   0.465 GC:3    +
   38    55  0   0.0%   0.090 AU:3    +
   36    61  0   0.0%   0.021 CG:3    +
   30    47  0   0.0%   0.299 UA:3    +
  124   136  0   0.0%   0.874 GC:3    +
   43    56  0   0.0%   0.011 CG:3    +
   39    52  0   0.0%   0.096 UG:3    +
   30    52  0   0.0%   0.294 UG:3    +
   22   108  0   0.0%   0.008 AU:3    +
    3   115  0   0.0%   0.003 GU:3    +
   50   113  0   0.0%   0.441 GC:3    +
   38    53  0   0.0%   0.090 AU:3    +
   27    49  0   0.0%   0.001 AU:3    +
   28    48  0   0.0%   0.006 UG:3    +
   31    37  0   0.0%   0.029 GU:3    +
    7   140  0   0.0%   0.306 GU:3    +
   56   113  0   0.0%   0.261 GC:3    +
  130   138  0   0.0%   0.274 AU:3    +
   30    38  0   0.0%   0.360 UA:3    +
   48   114  0   0.0%   0.543 GU:3    +
   11    41  0   0.0%   0.001 UA:3    +
   66    91  0   0.0%   0.007 GU:3    +
   37    56  0   0.0%   0.047 UG:3    +
    1   124  0   0.0%   0.001 CG:3    +
   61   112  0   0.0%   0.094 GU:3    +
   55    99  0   0.0%   0.015 UG:3    +
   34    41  0   0.0%   0.030 UA:3    +
  121   143  0   0.0%   0.040 CG:3    +
   52   113  0   0.0%   0.153 GC:3    +
   44    98  0   0.0%   0.030 UG:3    +
   48    95  0   0.0%   0.272 GC:3    +
   21   116  0   0.0%   0.162 AU:3    +
   43    99  0   0.0%   0.023 CG:3    +
   33    37  0   0.0%   0.031 GU:3    +
   31   110  0   0.0%   0.025 GC:3    +
    2   116  0   0.0%   0.002 GU:3    +
  120   141  0   0.0%   0.032 GU:3    +
   54   100  0   0.0%   0.015 UA:3    +
   44    48  0   0.0%   0.018 UG:3    +
  129   135  0   0.0%   0.567 UA:3    +
    5    10  0   0.0%   0.000 GU:3    +
    8   142  0   0.0%   0.273 GC:3    +
   68    74  0   0.0%   0.000 CG:3    +
   20    64  0   0.0%   0.033 GC:3    +
   67    75  0   0.0%   0.000 GC:3    +
   21    63  0   0.0%   0.020 AU:3    +
    2     9  0   0.0%   0.000 GU:3    +
   62   111  0   0.0%   0.216 UA:3    +
    7   136  0   0.0%   0.654 GC:3    +
   51    92  0   0.0%   0.189 CG:3    +
   22    62  0   0.0%   0.007 AU:3    +
   57    85  0   0.0%   0.184 CG:3    +
   56    86  0   0.0%   0.181 GC:3    +
.(((((((((((((((((.(((((((...))))))).......((((((((....))).((((((((...(((((((.....))))))).....))))))))....)))))....))))))))..)))))))))(((.....)))
