3 sequence; length of alignment 57
alifold output
   40    52  0  94.9%   0.230 CG:3   
   41    51  0  94.4%   0.231 GU:3   
   39    53  0  94.3%   0.220 GC:3   
   42    50  0  93.6%   0.335 UA:3   
   16    26  0  89.5%   0.455 UG:3   
   17    25  0  89.4%   0.386 AU:3   
   15    27  0  89.4%   0.432 AU:3   
   18    24  0  89.2%   0.545 GC:3   
   14    28  0  88.3%   0.503 CG:3   
   43    49  0  81.9%   0.663 UA:3   
   19    23  0  37.4%   1.352 GU:3    +
   36    56  0  30.2%   1.416 AU:3    +
   35    57  0  29.7%   1.881 GC:3    +
    6    35  0   6.2%   0.654 CG:3    +
    7    34  0   5.8%   0.654 AU:3    +
    4    27  0   3.9%   0.423 AU:3    +
    3    28  0   3.8%   0.380 CG:3    +
    5    26  0   3.8%   0.419 CG:3    +
   18    31  0   3.4%   0.694 GC:3    +
   19    30  0   3.4%   0.961 GC:3    +
   15    34  0   3.2%   0.689 AU:3    +
   14    35  0   3.2%   0.791 CG:3    +
   12    19  0   3.1%   0.436 CG:3    +
   13    18  0   3.1%   0.441 CG:3    +
   16    33  0   3.0%   0.479 UA:3    +
   35    44  0   2.7%   0.899 GC:3    +
   36    43  0   2.6%   0.535 AU:3    +
   34    45  0   2.2%   0.673 UA:3    +
   35    55  0   2.1%   0.970 GC:3    +
    3    35  0   1.9%   0.355 CG:3    +
   30    35  0   1.8%   0.815 CG:3    +
    4    34  0   1.7%   0.393 AU:3    +
    9    19  0   1.7%   0.254 CG:3    +
    2    36  0   1.6%   0.209 UA:3    +
   10    18  0   1.6%   0.263 UG:3    +
    8    20  0   1.6%   0.241 AU:3    +
   37    42  0   1.6%   0.321 AU:3    +
   29    36  0   1.6%   0.374 UA:3    +
    7    21  0   1.3%   0.172 AU:3    +
   11    17  0   1.2%   0.177 UA:3    +
   12    35  0   1.1%   0.545 CG:3    +
   11    36  0   1.1%   0.338 UA:3    +
   11    32  0   1.1%   0.238 UA:3    +
   10    33  0   1.0%   0.254 UA:3    +
   10    37  0   0.9%   0.288 UA:3    +
    5    19  0   0.8%   0.118 CG:3    +
    6    18  0   0.8%   0.118 CG:3    +
   34    41  0   0.8%   0.503 UG:3    +
   35    40  0   0.8%   0.683 GC:3    +
   33    42  0   0.8%   0.297 AU:3    +
    4    20  0   0.7%   0.109 AU:3    +
   32    43  0   0.7%   0.197 AU:3    +
   10    32  0   0.6%   0.170 UA:3    +
   24    35  0   0.5%   0.653 CG:3    +
   23    36  0   0.5%   0.595 UA:3    +
    9    35  0   0.5%   0.412 CG:3    +
   21    28  0   0.4%   0.420 UG:3    +
   22    37  0   0.4%   0.138 UA:3    +
   19    53  0   0.3%   0.795 GC:3    +
   18    54  0   0.3%   0.519 GC:3    +
   20    52  0   0.3%   0.187 UG:3    +
   43    48  0   0.3%   0.202 UA:3    +
    8    34  0   0.3%   0.388 AU:3    +
    7    25  0   0.3%   0.125 AU:3    +
   35    54  0   0.3%   0.774 GC:3    +
    6    26  0   0.3%   0.218 CG:3    +
   20    28  0   0.2%   0.418 UG:3    +
   13    28  0   0.2%   0.307 CG:3    +
   19    24  0   0.2%   0.741 GC:3    +
   42    49  0   0.2%   0.166 UA:3    +
    8    23  0   0.2%   0.120 AU:3    +
   14    18  0   0.2%   0.263 CG:3    +
   13    19  0   0.2%   0.362 CG:3    +
   37    56  0   0.2%   0.562 AU:3    +
    5    28  0   0.2%   0.324 CG:3    +
   18    55  0   0.2%   0.513 GC:3    +
   39    54  0   0.2%   0.158 GC:3    +
    4    29  0   0.2%   0.205 AU:3    +
   19    54  0   0.2%   0.807 GC:3    +
   27    33  0   0.2%   0.427 UA:3    +
   10    17  0   0.1%   0.032 UA:3    +
   29    46  0   0.1%   0.131 UA:3    +
   17    56  0   0.1%   0.198 AU:3    +
   26    31  0   0.1%   0.398 GC:3    +
    9    18  0   0.1%   0.067 CG:3    +
   28    47  0   0.1%   0.365 GU:3    +
   28    44  0   0.1%   0.350 GC:3    +
   26    34  0   0.1%   0.656 GU:3    +
   27    45  0   0.1%   0.277 UA:3    +
   27    48  0   0.1%   0.299 UA:3    +
   25    32  0   0.1%   0.233 UA:3    +
   32    47  0   0.1%   0.171 AU:3    +
   27    52  0   0.1%   0.321 UG:3    +
   26    53  0   0.1%   0.329 GC:3    +
   28    51  0   0.1%   0.366 GU:3    +
   29    50  0   0.1%   0.139 UA:3    +
   22    50  0   0.1%   0.069 UA:3    +
   26    47  0   0.1%   0.300 GU:3    +
   23    49  0   0.1%   0.440 UA:3    +
   41    53  0   0.1%   0.212 GC:3    +
   42    52  0   0.1%   0.295 UG:3    +
   27    46  0   0.1%   0.279 UA:3    +
   13    35  0   0.1%   0.486 CG:3    +
   25    48  0   0.1%   0.165 UA:3    +
    8    29  0   0.1%   0.127 AU:3    +
   31    35  0   0.1%   0.699 CG:3    +
   22    28  0   0.1%   0.337 UG:3    +
   11    33  0   0.1%   0.177 UA:3    +
    4    38  0   0.1%   0.274 AU:3    +
    1    38  0   0.1%   0.028 AU:3    +
    5    35  0   0.1%   0.267 CG:3    +
   43    50  0   0.1%   0.410 UA:3    +
   33    47  0   0.1%   0.255 AU:3    +
   19    40  0   0.1%   0.748 GC:3    +
    3    26  0   0.1%   0.017 CG:3    +
   32    38  0   0.1%   0.130 AU:3    +
   20    39  0   0.1%   0.146 UG:3    +
    2    37  0   0.1%   0.090 UA:3    +
    7    22  0   0.1%   0.076 AU:3    +
   31    39  0   0.1%   0.165 CG:3    +
    4    25  0   0.1%   0.053 AU:3    +
   18    25  0   0.1%   0.478 GU:3    +
    9    28  0   0.1%   0.232 CG:3    +
   35    56  0   0.1%   0.823 GU:3    +
    7    38  0   0.1%   0.277 AU:3    +
    6    39  0   0.1%   0.245 CG:3    +
    1    29  0   0.1%   0.017 AU:3    +
    5    41  0   0.1%   0.194 CG:3    +
   33    56  0   0.0%   0.242 AU:3    +
    8    21  0   0.0%   0.138 AU:3    +
    3    39  0   0.0%   0.216 CG:3    +
    4    42  0   0.0%   0.267 AU:3    +
   34    46  0   0.0%   0.523 UA:3    +
    7    16  0   0.0%   0.012 AU:3    +
   21    36  0   0.0%   0.216 UA:3    +
   22    35  0   0.0%   0.473 UG:3    +
   44    52  0   0.0%   0.209 CG:3    +
    7    23  0   0.0%   0.077 AU:3    +
   28    38  0   0.0%   0.347 GU:3    +
   29    37  0   0.0%   0.173 UA:3    +
   26    40  0   0.0%   0.287 GC:3    +
   27    39  0   0.0%   0.269 UG:3    +
   20    37  0   0.0%   0.173 UA:3    +
   39    55  0   0.0%   0.193 GC:3    +
   45    51  0   0.0%   0.173 AU:3    +
   30    41  0   0.0%   0.206 CG:3    +
   10    36  0   0.0%   0.234 UA:3    +
   21    26  0   0.0%   0.318 UG:3    +
   27    32  0   0.0%   0.329 UA:3    +
    8    22  0   0.0%   0.087 AU:3    +
   11    35  0   0.0%   0.402 UG:3    +
   19    38  0   0.0%   0.754 GU:3    +
    8    16  0   0.0%   0.012 AU:3    +
    9    26  0   0.0%   0.232 CG:3    +
   17    42  0   0.0%   0.178 AU:3    +
   12    18  0   0.0%   0.123 CG:3    +
    8    27  0   0.0%   0.225 AU:3    +
    9    41  0   0.0%   0.121 CG:3    +
    8    42  0   0.0%   0.128 AU:3    +
   25    33  0   0.0%   0.304 UA:3    +
   11    19  0   0.0%   0.172 UG:3    +
    8    38  0   0.0%   0.138 AU:3    +
   12    28  0   0.0%   0.260 CG:3    +
   31    41  0   0.0%   0.154 CG:3    +
   39    44  0   0.0%   0.136 GC:3    +
   25    41  0   0.0%   0.152 UG:3    +
    4    11  0   0.0%   0.007 AU:3    +
    2    33  0   0.0%   0.011 UA:3    +
   31    52  0   0.0%   0.176 CG:3    +
    6    28  0   0.0%   0.198 CG:3    +
   10    35  0   0.0%   0.440 UG:3    +
    1    34  0   0.0%   0.014 AU:3    +
    7    43  0   0.0%   0.262 AU:3    +
   32    51  0   0.0%   0.153 AU:3    +
   38    45  0   0.0%   0.130 UA:3    +
   26    44  0   0.0%   0.281 GC:3    +
    2     7  0   0.0%   0.005 UA:3    +
   42    48  0   0.0%   0.135 UA:3    +
   25    45  0   0.0%   0.147 UA:3    +
    7    27  0   0.0%   0.218 AU:3    +
   33    38  0   0.0%   0.208 AU:3    +
   16    28  0   0.0%   0.379 UG:3    +
   38    46  0   0.0%   0.057 UA:3    +
    6    52  0   0.0%   0.238 CG:3    +
    1    27  0   0.0%   0.008 AU:3    +
    1    23  0   0.0%   0.006 AU:3    +
   15    29  0   0.0%   0.127 AU:3    +
   37    47  0   0.0%   0.178 AU:3    +
   41    55  0   0.0%   0.215 GC:3    +
   17    27  0   0.0%   0.399 AU:3    +
   25    35  0   0.0%   0.623 UG:3    +
    2    26  0   0.0%   0.007 UG:3    +
    2     8  0   0.0%   0.005 UA:3    +
   22    49  0   0.0%   0.048 UA:3    +
    4    10  0   0.0%   0.004 AU:3    +
    7    51  0   0.0%   0.263 AU:3    +
    7    29  0   0.0%   0.105 AU:3    +
   22    26  0   0.0%   0.264 UG:3    +
   29    33  0   0.0%   0.200 UA:3    +
   21    50  0   0.0%   0.095 UA:3    +
   23    50  0   0.0%   0.436 UA:3    +
    1    10  0   0.0%   0.003 AU:3    +
    1    11  0   0.0%   0.003 AU:3    +
   23    48  0   0.0%   0.419 UA:3    +
   22    48  0   0.0%   0.045 UA:3    +
   21    52  0   0.0%   0.117 UG:3    +
   21    49  0   0.0%   0.093 UA:3    +
   33    51  0   0.0%   0.234 AU:3    +
   34    50  0   0.0%   0.521 UA:3    +
    9    39  0   0.0%   0.120 CG:3    +
   20    26  0   0.0%   0.355 UG:3    +
   27    37  0   0.0%   0.320 UA:3    +
   22    36  0   0.0%   0.144 UA:3    +
   26    38  0   0.0%   0.295 GU:3    +
   29    35  0   0.0%   0.509 UG:3    +
   14    26  0   0.0%   0.164 CG:3    +
   19    25  0   0.0%   0.741 GU:3    +
    3    52  0   0.0%   0.211 CG:3    +
    7    11  0   0.0%   0.006 AU:3    +
    2    28  0   0.0%   0.006 UG:3    +
   38    50  0   0.0%   0.055 UA:3    +
   23    35  0   0.0%   0.840 UG:3    +
   23    28  0   0.0%   0.703 UG:3    +
   11    37  0   0.0%   0.216 UA:3    +
   16    32  0   0.0%   0.188 UA:3    +
   37    51  0   0.0%   0.160 AU:3    +
   21    37  0   0.0%   0.141 UA:3    +
    2    32  0   0.0%   0.007 UA:3    +
   37    43  0   0.0%   0.273 AU:3    +
   15    25  0   0.0%   0.025 AU:3    +
    4    51  0   0.0%   0.262 AU:3    +
   28    34  0   0.0%   0.692 GU:3    +
   20    50  0   0.0%   0.128 UA:3    +
   29    52  0   0.0%   0.146 UG:3    +
   32    56  0   0.0%   0.151 AU:3    +
   14    52  0   0.0%   0.237 CG:3    +
   15    51  0   0.0%   0.217 AU:3    +
   42    46  0   0.0%   0.136 UA:3    +
   28    53  0   0.0%   0.376 GC:3    +
   41    47  0   0.0%   0.085 GU:3    +
   28    40  0   0.0%   0.330 GC:3    +
    5    39  0   0.0%   0.186 CG:3    +
   16    50  0   0.0%   0.214 UA:3    +
   18    30  0   0.0%   0.347 GC:3    +
    3    18  0   0.0%   0.001 CG:3    +
   11    18  0   0.0%   0.175 UG:3    +
    9    52  0   0.0%   0.116 CG:3    +
    7    56  0   0.0%   0.262 AU:3    +
   14    19  0   0.0%   0.243 CG:3    +
   29    39  0   0.0%   0.113 UG:3    +
   24    28  0   0.0%   0.433 CG:3    +
    2    19  0   0.0%   0.004 UG:3    +
   29    49  0   0.0%   0.115 UA:3    +
   10    39  0   0.0%   0.212 UG:3    +
   19    29  0   0.0%   0.637 GU:3    +
   10    15  0   0.0%   0.003 UA:3    +
   41    54  0   0.0%   0.171 GC:3    +
   28    42  0   0.0%   0.330 GU:3    +
   20    46  0   0.0%   0.127 UA:3    +
   10    49  0   0.0%   0.203 UA:3    +
   11    48  0   0.0%   0.170 UA:3    +
   29    41  0   0.0%   0.104 UG:3    +
    2    41  0   0.0%   0.081 UG:3    +
    8    56  0   0.0%   0.122 AU:3    +
    1    20  0   0.0%   0.003 AU:3    +
   19    47  0   0.0%   0.738 GU:3    +
   21    45  0   0.0%   0.091 UA:3    +
   25    50  0   0.0%   0.162 UA:3    +
    4    56  0   0.0%   0.261 AU:3    +
   27    41  0   0.0%   0.258 UG:3    +
   18    23  0   0.0%   0.257 GU:3    +
    3    41  0   0.0%   0.210 CG:3    +
   29    45  0   0.0%   0.106 UA:3    +
   27    36  0   0.0%   0.397 UA:3    +
   34    49  0   0.0%   0.510 UA:3    +
   26    51  0   0.0%   0.288 GU:3    +
   36    42  0   0.0%   0.265 AU:3    +
    8    25  0   0.0%   0.112 AU:3    +
   11    28  0   0.0%   0.205 UG:3    +
    1    42  0   0.0%   0.017 AU:3    +
   27    50  0   0.0%   0.284 UA:3    +
   25    49  0   0.0%   0.160 UA:3    +
   19    51  0   0.0%   0.740 GU:3    +
   30    39  0   0.0%   0.207 CG:3    +
   23    32  0   0.0%   0.467 UA:3    +
   35    53  0   0.0%   0.724 GC:3    +
   11    15  0   0.0%   0.004 UA:3    +
   49    56  0   0.0%   0.582 AU:3    +
    1    22  0   0.0%   0.003 AU:3    +
    7    20  0   0.0%   0.041 AU:3    +
   25    46  0   0.0%   0.145 UA:3    +
    2    46  0   0.0%   0.081 UA:3    +
    1    47  0   0.0%   0.018 AU:3    +
   19    31  0   0.0%   0.845 GC:3    +
   39    57  0   0.0%   0.455 GC:3    +
   22    33  0   0.0%   0.177 UA:3    +
   36    47  0   0.0%   0.343 AU:3    +
   46    51  0   0.0%   0.095 AU:3    +
   29    48  0   0.0%   0.122 UA:3    +
   10    19  0   0.0%   0.188 UG:3    +
   17    23  0   0.0%   0.082 AU:3    +
   11    49  0   0.0%   0.170 UA:3    +
    4    21  0   0.0%   0.039 AU:3    +
    5    52  0   0.0%   0.187 CG:3    +
   10    50  0   0.0%   0.203 UA:3    +
   26    55  0   0.0%   0.305 GC:3    +
   10    28  0   0.0%   0.223 UG:3    +
    4    23  0   0.0%   0.040 AU:3    +
   30    52  0   0.0%   0.224 CG:3    +
    1    56  0   0.0%   0.018 AU:3    +
   20    33  0   0.0%   0.279 UA:3    +
    4    22  0   0.0%   0.039 AU:3    +
   11    39  0   0.0%   0.178 UG:3    +
   26    30  0   0.0%   0.371 GC:3    +
   35    43  0   0.0%   0.634 GU:3    +
   19    34  0   0.0%   1.094 GU:3    +
   23    52  0   0.0%   0.448 UG:3    +
   12    39  0   0.0%   0.172 CG:3    +
   21    32  0   0.0%   0.166 UA:3    +
   12    26  0   0.0%   0.260 CG:3    +
   26    54  0   0.0%   0.323 GC:3    +
   18    22  0   0.0%   0.247 GU:3    +
   52    57  0   0.0%   0.455 GC:3    +
   22    52  0   0.0%   0.075 UG:3    +
    6    41  0   0.0%   0.238 CG:3    +
    1    51  0   0.0%   0.017 AU:3    +
    2    50  0   0.0%   0.081 UA:3    +
   15    22  0   0.0%   0.009 AU:3    +
   23    37  0   0.0%   0.488 UA:3    +
   27    35  0   0.0%   0.727 UG:3    +
   13    39  0   0.0%   0.150 CG:3    +
   15    38  0   0.0%   0.231 AU:3    +
   50    56  0   0.0%   0.482 AU:3    +
   47    52  0   0.0%   0.127 UG:3    +
   21    35  0   0.0%   0.535 UG:3    +
   16    37  0   0.0%   0.259 UA:3    +
   28    54  0   0.0%   0.377 GC:3    +
    6    19  0   0.0%   0.079 CG:3    +
   19    55  0   0.0%   0.778 GC:3    +
   25    36  0   0.0%   0.292 UA:3    +
   24    41  0   0.0%   0.152 CG:3    +
   13    26  0   0.0%   0.269 CG:3    +
   13    52  0   0.0%   0.143 CG:3    +
   39    47  0   0.0%   0.058 GU:3    +
   24    52  0   0.0%   0.168 CG:3    +
   23    33  0   0.0%   0.548 UA:3    +
   38    48  0   0.0%   0.051 UA:3    +
   18    56  0   0.0%   0.503 GU:3    +
    1    21  0   0.0%   0.002 AU:3    +
   14    39  0   0.0%   0.243 CG:3    +
   28    55  0   0.0%   0.359 GC:3    +
   10    48  0   0.0%   0.203 UA:3    +
   20    36  0   0.0%   0.238 UA:3    +
   18    42  0   0.0%   0.470 GU:3    +
   43    52  0   0.0%   0.408 UG:3    +
    5    18  0   0.0%   0.001 CG:3    +
   15    56  0   0.0%   0.215 AU:3    +
   38    49  0   0.0%   0.044 UA:3    +
    1    25  0   0.0%   0.004 AU:3    +
   17    43  0   0.0%   0.170 AU:3    +
   34    48  0   0.0%   0.517 UA:3    +
   33    43  0   0.0%   0.248 AU:3    +
    8    51  0   0.0%   0.122 AU:3    +
   48    56  0   0.0%   0.430 AU:3    +
   12    52  0   0.0%   0.165 CG:3    +
   34    39  0   0.0%   0.398 UG:3    +
   25    37  0   0.0%   0.213 UA:3    +
   27    49  0   0.0%   0.283 UA:3    +
   41    57  0   0.0%   0.477 GC:3    +
   15    21  0   0.0%   0.060 AU:3    +
   23    45  0   0.0%   0.416 UA:3    +
   10    46  0   0.0%   0.203 UA:3    +
   32    42  0   0.0%   0.105 AU:3    +
   25    52  0   0.0%   0.174 UG:3    +
   13    41  0   0.0%   0.147 CG:3    +
   16    41  0   0.0%   0.220 UG:3    +
   22    32  0   0.0%   0.096 UA:3    +
   15    42  0   0.0%   0.219 AU:3    +
   11    26  0   0.0%   0.210 UG:3    +
   17    34  0   0.0%   0.530 AU:3    +
   11    45  0   0.0%   0.169 UA:3    +
   21    46  0   0.0%   0.091 UA:3    +
   16    46  0   0.0%   0.213 UA:3    +
   17    22  0   0.0%   0.072 AU:3    +
   22    45  0   0.0%   0.043 UA:3    +
   22    46  0   0.0%   0.043 UA:3    +
   21    33  0   0.0%   0.247 UA:3    +
   35    47  0   0.0%   0.726 GU:3    +
   18    40  0   0.0%   0.462 GC:3    +
   39    56  0   0.0%   0.487 GU:3    +
   15    47  0   0.0%   0.214 AU:3    +
   15    43  0   0.0%   0.215 AU:3    +
   15    23  0   0.0%   0.018 AU:3    +
    2    39  0   0.0%   0.080 UG:3    +
   18    44  0   0.0%   0.462 GC:3    +
   11    50  0   0.0%   0.170 UA:3    +
   17    29  0   0.0%   0.189 AU:3    +
    2    35  0   0.0%   0.008 UG:3    +
   19    27  0   0.0%   0.845 GU:3    +
   18    27  0   0.0%   0.578 GU:3    +
   12    41  0   0.0%   0.169 CG:3    +
   28    43  0   0.0%   0.323 GU:3    +
   52    56  0   0.0%   0.488 GU:3    +
   46    56  0   0.0%   0.416 AU:3    +
   16    35  0   0.0%   0.661 UG:3    +
    1    43  0   0.0%   0.017 AU:3    +
    2    45  0   0.0%   0.080 UA:3    +
   11    46  0   0.0%   0.169 UA:3    +
   35    42  0   0.0%   0.645 GU:3    +
   21    48  0   0.0%   0.091 UA:3    +
    2    15  0   0.0%   0.003 UA:3    +
    1    16  0   0.0%   0.002 AU:3    +
   18    53  0   0.0%   0.462 GC:3    +
   10    26  0   0.0%   0.229 UG:3    +
    8    47  0   0.0%   0.121 AU:3    +
   26    42  0   0.0%   0.285 GU:3    +
    2    48  0   0.0%   0.081 UA:3    +
    3    19  0   0.0%   0.001 CG:3    +
   23    46  0   0.0%   0.416 UA:3    +
    4    43  0   0.0%   0.260 AU:3    +
    2    49  0   0.0%   0.081 UA:3    +
   18    57  0   0.0%   0.492 GC:3    +
    4    47  0   0.0%   0.260 AU:3    +
    7    47  0   0.0%   0.259 AU:3    +
   18    29  0   0.0%   0.369 GU:3    +
   19    43  0   0.0%   0.739 GU:3    +
   36    51  0   0.0%   0.325 AU:3    +
   45    56  0   0.0%   0.492 AU:3    +
    7    42  0   0.0%   0.261 AU:3    +
   25    39  0   0.0%   0.155 UG:3    +
   26    57  0   0.0%   0.294 GC:3    +
   19    56  0   0.0%   0.778 GU:3    +
   16    45  0   0.0%   0.213 UA:3    +
   15    20  0   0.0%   0.103 AU:3    +
   20    49  0   0.0%   0.127 UA:3    +
   38    52  0   0.0%   0.069 UG:3    +
   24    39  0   0.0%   0.159 CG:3    +
   10    52  0   0.0%   0.206 UG:3    +
   39    51  0   0.0%   0.039 GU:3    +
   28    57  0   0.0%   0.348 GC:3    +
   17    21  0   0.0%   0.124 AU:3    +
   39    43  0   0.0%   0.153 GU:3    +
.............(((((.....)))))..........(((((.....)))))....
