3 sequence; length of alignment 184
alifold output
  121   178  0  99.3%   0.077 CG:3   
  122   177  0  99.2%   0.076 UG:3   
  123   176  0  99.1%   0.058 UA:3   
  124   175  0  98.5%   0.112 GC:3   
  120   179  0  98.4%   0.130 CG:3   
  128   172  0  98.0%   0.209 GC:3   
  131   169  0  97.9%   0.199 UA:3   
  127   173  0  97.9%   0.232 CG:3   
  126   174  0  97.9%   0.207 GC:3   
  132   168  0  97.8%   0.101 UG:3   
  129   171  0  97.6%   0.235 UG:3   
  133   167  0  97.3%   0.208 UA:3   
  130   170  0  97.2%   0.188 GU:3   
  134   166  0  96.3%   0.155 GC:3   
   25    41  0  94.8%   0.216 GC:3   
   28    38  0  94.8%   0.196 CG:3   
   26    40  0  94.7%   0.226 UA:3   
   27    39  0  94.6%   0.195 UG:3   
   29    37  0  94.5%   0.221 GC:3   
   24    42  0  91.7%   0.340 UA:3   
   62    86  0  88.9%   0.495 AU:3   
   61    87  0  88.8%   0.585 AU:3   
   60    88  0  88.8%   0.624 CG:3   
   59    89  0  88.8%   0.566 CG:3   
   63    85  0  88.7%   0.472 CG:3   
   58    90  0  88.4%   0.646 UG:3   
   57    91  0  88.2%   0.657 GC:3   
   66    83  0  87.8%   0.506 CG:3   
   67    82  0  87.7%   0.489 CG:3   
  138   160  0  85.9%   0.391 CG:3   
  141   157  0  85.9%   0.393 CG:3   
  145   153  0  85.8%   0.394 CG:3   
  144   154  0  85.8%   0.395 CG:3   
  137   161  0  85.7%   0.401 UG:3   
  142   156  0  85.6%   0.399 AU:3   
  139   159  0  85.1%   0.414 GU:3   
  136   162  0  85.1%   0.433 GC:3   
   21    45  0  84.8%   0.710 CG:3   
   20    46  0  84.2%   0.879 GU:3   
  119   180  0  82.8%   0.604 GU:3   
  146   152  0  82.1%   0.490 AU:3   
   19    47  0  82.0%   0.911 UA:3   
   22    44  0  81.1%   0.841 UA:3   
   18    48  0  76.6%   1.019 GU:3   
   70    79  0  67.5%   0.910 AU:3   
   71    78  0  66.7%   1.022 UG:3   
  147   151  0  47.7%   1.064 AU:3   
   64    84  0  44.8%   1.119 AU:3   
   65    84  0  43.9%   1.539 AU:3    +
   12    49  0  33.6%   1.413 CG:3    +
   11    50  0  33.6%   1.636 CG:3    +
   94   115  0  29.5%   2.381 GC:3    +
   95   114  0  29.4%   2.321 UA:3    +
   96   113  0  28.4%   2.316 AU:3    +
   93   116  0  25.8%   1.996 AU:3    +
    8   111  0  25.3%   1.773 GC:3    +
    7   112  0  25.1%   1.325 AU:3    +
    9   110  0  24.5%   1.806 UA:3    +
   15    52  0  23.1%   1.480 GC:3    +
   10    51  0  23.0%   1.714 UA:3    +
   16    51  0  21.8%   1.949 UA:3    +
    6   113  0  21.4%   1.106 AU:3    +
    8    52  0  20.8%   1.304 GC:3   
   10   109  0  18.1%   1.741 UA:3    +
    9    51  0  16.0%   1.283 UA:3   
  144   158  0  13.9%   0.971 CG:3    +
  145   157  0  13.9%   1.096 CG:3    +
  148   155  0  13.5%   0.847 CG:3    +
  149   154  0  13.5%   1.004 CG:3    +
   97   104  0  13.5%   1.172 UA:3    +
   96   105  0  13.4%   1.192 AU:3    +
   94   111  0  13.4%   1.708 GC:3    +
   93   112  0  13.1%   1.453 AU:3    +
    4   115  0  13.0%   1.179 GC:3    +
   95   110  0  12.1%   1.908 UA:3    +
  140   162  0  11.9%   0.993 GC:3    +
  141   161  0  11.8%   1.103 CG:3    +
    3     8  0  11.8%   0.756 CG:3    +
  143   159  0  11.6%   0.952 GU:3    +
    2     9  0  11.1%   0.734 GU:3    +
   50    59  0  11.1%   1.446 GC:3    +
   51    58  0  11.1%   1.741 AU:3    +
   49    60  0  11.1%   1.447 GC:3    +
   52    57  0  11.1%   1.468 CG:3    +
   10    50  0  11.1%   0.894 UG:3   
   11    49  0  11.0%   0.779 CG:3   
   92   113  0  10.8%   1.383 AU:3    +
   95   106  0  10.8%   1.335 UA:3    +
   67    89  0   8.6%   0.950 CG:3    +
   68    88  0   8.6%   0.842 UG:3    +
   69    87  0   8.5%   0.871 AU:3    +
   66    90  0   8.5%   1.002 CG:3    +
   98   111  0   8.4%   1.611 GC:3    +
   70    86  0   8.3%   1.104 AU:3    +
    3    20  0   8.3%   0.892 CG:3    +
    4    19  0   8.3%   0.650 GU:3    +
    5    18  0   8.3%   0.641 CG:3    +
    2    21  0   8.2%   0.894 GC:3    +
   71    85  0   8.2%   1.162 UG:3    +
   73    78  0   7.8%   1.026 CG:3    +
   72    79  0   7.5%   1.093 GU:3    +
  119   181  0   7.1%   0.964 GC:3    +
  146   156  0   7.0%   0.865 AU:3    +
   48    61  0   7.0%   0.947 UA:3    +
  147   156  0   6.8%   1.228 AU:3    +
   72    84  0   6.6%   1.627 GU:3    +
   74    81  0   6.5%   0.726 AU:3    +
   75    80  0   6.4%   0.685 GC:3    +
    1    22  0   6.2%   0.659 AU:3    +
    8   183  0   6.1%   1.793 GC:3    +
   49   100  0   5.4%   1.560 GC:3    +
    9   182  0   5.4%   1.641 UA:3    +
   48   101  0   5.3%   1.056 UA:3    +
   47   102  0   5.1%   0.824 AU:3    +
    7   184  0   5.0%   1.216 AU:3    +
    2   117  0   4.7%   1.111 GC:3    +
    7    16  0   4.7%   0.497 AU:3    +
   46   103  0   4.5%   0.876 UA:3    +
    1    10  0   4.3%   0.403 AU:3    +
   73    83  0   4.2%   1.019 CG:3    +
   73    82  0   4.0%   0.860 CG:3    +
   50   117  0   4.0%   1.683 GC:3    +
   49   118  0   4.0%   1.745 GC:3    +
   13   106  0   3.7%   0.652 UA:3    +
    9    14  0   3.5%   0.598 UA:3    +
   14   105  0   3.4%   0.618 AU:3    +
   97   108  0   3.1%   0.968 UA:3    +
   51   116  0   2.9%   1.934 AU:3    +
   94   100  0   2.8%   0.847 GC:3    +
  137   163  0   2.7%   0.450 UA:3    +
   45    63  0   2.5%   0.479 GC:3    +
   72    76  0   2.5%   0.368 GC:3    +
   46    62  0   2.5%   0.569 UA:3    +
   71    77  0   2.4%   0.431 UG:3    +
   35   114  0   2.3%   0.540 UA:3    +
   21    94  0   2.3%   0.772 CG:3    +
   20    95  0   2.3%   0.851 GU:3    +
   15   115  0   2.3%   1.270 GC:3    +
   95    99  0   2.3%   0.700 UA:3    +
   19    96  0   2.3%   0.816 UA:3    +
   16   114  0   2.3%   1.106 UA:3    +
   36   113  0   2.2%   0.764 AU:3    +
   22    93  0   2.2%   0.728 UA:3    +
   34   115  0   2.2%   0.886 GC:3    +
    2   183  0   2.2%   1.196 GC:3    +
   52    98  0   2.1%   1.288 CG:3    +
   33   116  0   2.1%   0.560 AU:3    +
   18    97  0   2.1%   0.768 GU:3    +
   32   117  0   2.0%   0.585 GC:3    +
   55    93  0   2.0%   0.457 UA:3    +
   14   116  0   2.0%   0.732 AU:3    +
  139   162  0   1.9%   0.521 GC:3    +
   17   113  0   1.9%   0.760 AU:3    +
  141   160  0   1.9%   0.488 CG:3    +
   53    97  0   1.8%   0.407 AU:3    +
   55    96  0   1.8%   0.572 UA:3    +
   15   100  0   1.8%   0.802 GC:3    +
  126   172  0   1.8%   0.241 GC:3    +
  125   173  0   1.8%   0.246 CG:3    +
  127   171  0   1.8%   0.241 CG:3    +
   16    47  0   1.8%   0.439 UA:3    +
   56    95  0   1.8%   0.488 AU:3    +
   17    46  0   1.7%   0.237 AU:3    +
   20    43  0   1.7%   0.518 GC:3    +
   23    92  0   1.7%   0.325 UA:3    +
   19    44  0   1.7%   0.489 UA:3    +
  128   170  0   1.7%   0.214 GU:3    +
   15   183  0   1.7%   1.232 GC:3    +
   38   111  0   1.7%   0.732 GC:3    +
    1   184  0   1.6%   0.589 AU:3    +
   54    97  0   1.6%   0.516 AU:3    +
   15    48  0   1.6%   0.296 GU:3    +
   29   118  0   1.5%   0.372 GC:3    +
   16   182  0   1.5%   1.234 UA:3    +
   16    99  0   1.5%   0.897 UA:3    +
   30   117  0   1.5%   0.383 GC:3    +
    3    90  0   1.5%   0.717 CG:3    +
    2    91  0   1.5%   0.723 GC:3    +
  129   169  0   1.5%   0.210 UA:3    +
   66    78  0   1.4%   0.219 CG:3    +
   67    77  0   1.4%   0.260 CG:3    +
   31   116  0   1.4%   0.439 AU:3    +
    5    88  0   1.4%   0.457 CG:3    +
   65    79  0   1.4%   0.225 AU:3    +
    6    87  0   1.4%   0.238 AU:3    +
   14   184  0   1.3%   0.867 AU:3    +
   54    95  0   1.3%   0.422 AU:3    +
    4   118  0   1.3%   0.847 GC:3    +
   55    94  0   1.3%   0.524 UG:3    +
   32   115  0   1.3%   0.677 GC:3    +
    8   115  0   1.2%   1.546 GC:3    +
  142   159  0   1.2%   0.438 AU:3    +
    7    86  0   1.2%   0.412 AU:3    +
    3   119  0   1.2%   0.773 CG:3    +
   13    49  0   1.2%   0.827 UG:3    +
   12    50  0   1.1%   1.200 CG:3    +
   21    34  0   1.1%   0.385 CG:3    +
   20    35  0   1.1%   0.386 GU:3    +
   22    33  0   1.1%   0.347 UA:3    +
   19    36  0   1.1%   0.364 UA:3    +
   23    32  0   1.1%   0.178 UG:3    +
   18    37  0   1.1%   0.388 GC:3    +
   15    80  0   1.1%   0.670 GC:3    +
    7   116  0   1.1%   0.831 AU:3    +
   14    81  0   1.1%   0.361 AU:3    +
    4   181  0   1.1%   0.883 GC:3    +
   24    31  0   1.1%   0.174 UA:3    +
    9   114  0   1.1%   1.263 UA:3    +
   30   118  0   1.0%   0.398 GC:3    +
  124   174  0   1.0%   0.166 GC:3    +
    2   115  0   1.0%   0.766 GC:3    +
    2   118  0   0.9%   0.954 GC:3    +
  131   167  0   0.9%   0.181 UA:3    +
   13    82  0   0.9%   0.349 UG:3    +
   12    83  0   0.9%   0.711 CG:3    +
  137   165  0   0.8%   0.442 UA:3    +
   20    76  0   0.8%   0.636 GC:3    +
   21    75  0   0.8%   0.569 CG:3    +
   19    77  0   0.8%   0.655 UG:3    +
    2   120  0   0.8%   0.980 GC:3    +
    1   116  0   0.8%   0.462 AU:3    +
  133   165  0   0.7%   0.170 UA:3    +
   17    79  0   0.7%   0.225 AU:3    +
   69    81  0   0.7%   0.199 AU:3    +
   73    77  0   0.7%   0.359 CG:3    +
   96   102  0   0.7%   0.537 AU:3    +
   22    74  0   0.7%   0.549 UA:3    +
   55    92  0   0.7%   0.263 UA:3    +
    4   183  0   0.7%   0.949 GC:3    +
   14    48  0   0.6%   0.231 AU:3    +
   28   119  0   0.6%   0.249 CG:3    +
   37    45  0   0.6%   0.361 CG:3    +
   95   103  0   0.6%   0.721 UA:3    +
   17   102  0   0.6%   0.279 AU:3    +
   36    46  0   0.6%   0.385 AU:3    +
   97   109  0   0.6%   1.150 UA:3    +
   16   103  0   0.6%   0.863 UA:3    +
   35    47  0   0.6%   0.424 UA:3    +
  102   107  0   0.6%   0.422 UA:3    +
   97   101  0   0.6%   0.558 UA:3    +
  136   166  0   0.6%   0.306 GC:3    +
  106   113  0   0.6%   1.641 AU:3    +
   97   106  0   0.6%   1.041 UA:3    +
   18   183  0   0.6%   1.112 GC:3    +
   91    98  0   0.5%   0.413 CG:3    +
   90   115  0   0.5%   1.099 GC:3    +
   16    50  0   0.5%   1.035 UG:3    +
    4   117  0   0.5%   0.832 GC:3    +
   18   112  0   0.5%   1.093 GU:3    +
  130   166  0   0.5%   0.089 GC:3    +
    3    85  0   0.5%   0.584 CG:3    +
  131   165  0   0.5%   0.088 UA:3    +
    4    84  0   0.5%   0.356 GU:3    +
   19   182  0   0.5%   0.983 UA:3    +
    5    83  0   0.5%   0.331 CG:3    +
   95   104  0   0.5%   0.559 UA:3    +
  148   154  0   0.5%   0.220 CG:3    +
    2    86  0   0.5%   0.590 GU:3    +
   18   111  0   0.5%   1.052 GC:3    +
  149   153  0   0.5%   0.211 CG:3    +
  132   164  0   0.5%   0.085 UA:3    +
   94   105  0   0.5%   0.589 GU:3    +
   63    94  0   0.5%   0.510 CG:3    +
  105   114  0   0.5%   1.193 UA:3    +
    8    12  0   0.5%   0.340 GC:3    +
    8    55  0   0.5%   0.738 GU:3    +
    7    13  0   0.5%   0.087 AU:3    +
    9    54  0   0.5%   0.780 UA:3    +
   13    56  0   0.5%   0.238 UA:3    +
   62    95  0   0.4%   0.575 AU:3    +
  107   112  0   0.4%   0.883 AU:3    +
   14   102  0   0.4%   0.323 AU:3    +
   92    97  0   0.4%   0.436 AU:3    +
   14    55  0   0.4%   0.277 AU:3    +
   52    94  0   0.4%   1.172 CG:3    +
   17   184  0   0.4%   0.631 AU:3    +
   98   105  0   0.4%   0.696 GU:3    +
   13    54  0   0.4%   0.233 UA:3    +
   76    82  0   0.4%   0.543 CG:3    +
    8    80  0   0.4%   0.742 GC:3    +
   20   181  0   0.4%   0.796 GC:3    +
  133   163  0   0.4%   0.072 UA:3    +
   13   103  0   0.4%   0.331 UA:3    +
   19   110  0   0.4%   1.077 UA:3    +
   34    48  0   0.4%   0.470 GU:3    +
    8    21  0   0.4%   0.555 GC:3    +
    9    20  0   0.4%   0.642 UG:3    +
  137   164  0   0.4%   0.328 UA:3    +
    8   100  0   0.4%   0.775 GC:3    +
    5    15  0   0.4%   0.083 CG:3    +
   51    95  0   0.4%   1.442 AU:3    +
    3    15  0   0.4%   0.313 CG:3    +
    1    87  0   0.4%   0.385 AU:3    +
   25    52  0   0.4%   0.819 GC:3    +
   26    51  0   0.4%   1.113 UA:3    +
   27    50  0   0.4%   0.812 UG:3    +
   28    49  0   0.4%   0.794 CG:3    +
    7    81  0   0.4%   0.263 AU:3    +
    9    99  0   0.4%   0.805 UA:3    +
   88   118  0   0.4%   0.852 GC:3    +
   13    53  0   0.4%   0.196 UA:3    +
   89   117  0   0.4%   0.888 GC:3    +
   70    81  0   0.3%   0.445 AU:3    +
    4    16  0   0.3%   0.089 GU:3    +
   73    85  0   0.3%   0.950 CG:3    +
    7    22  0   0.3%   0.398 AU:3    +
    2    16  0   0.3%   0.315 GU:3    +
   74    84  0   0.3%   1.224 AU:3    +
   24    53  0   0.3%   0.258 UA:3    +
   11    83  0   0.3%   0.770 CG:3    +
  102   109  0   0.3%   0.756 UA:3    +
  129   167  0   0.3%   0.063 UA:3    +
   34   111  0   0.3%   0.547 GC:3    +
   53    95  0   0.3%   0.267 AU:3    +
   12    82  0   0.3%   0.578 CG:3    +
   15    73  0   0.3%   0.534 GC:3    +
   89   116  0   0.3%   0.839 GU:3    +
   16    72  0   0.3%   0.714 UG:3    +
   68    82  0   0.3%   0.257 UG:3    +
    3    94  0   0.3%   0.646 CG:3    +
   45   183  0   0.3%   0.784 GC:3    +
   35   110  0   0.3%   0.554 UA:3    +
    2   181  0   0.3%   0.979 GC:3    +
   67    83  0   0.3%   0.443 CG:3    +
   88   117  0   0.3%   0.918 GC:3    +
    2    95  0   0.3%   0.650 GU:3    +
   12    38  0   0.3%   0.105 CG:3    +
   11    39  0   0.3%   0.089 CG:3    +
   72    86  0   0.3%   0.967 GU:3    +
    5   124  0   0.3%   0.426 CG:3    +
    4   125  0   0.3%   0.743 GC:3    +
    6   123  0   0.3%   0.499 AU:3    +
    5    94  0   0.3%   0.409 CG:3    +
    7   122  0   0.3%   0.728 AU:3    +
   33   112  0   0.3%   0.507 AU:3    +
   12    75  0   0.3%   0.549 CG:3    +
   95   101  0   0.3%   0.637 UA:3    +
   31    35  0   0.3%   0.162 AU:3    +
   97   107  0   0.3%   0.676 UA:3    +
   94   102  0   0.3%   0.637 GU:3    +
   13    74  0   0.3%   0.235 UA:3    +
   10    98  0   0.3%   0.846 UG:3    +
    8   121  0   0.3%   1.181 GC:3    +
   11    77  0   0.3%   0.711 CG:3    +
   46   182  0   0.3%   0.871 UA:3    +
    6    23  0   0.3%   0.059 AU:3    +
   45   115  0   0.3%   0.969 GC:3    +
    4    95  0   0.3%   0.370 GU:3    +
   17   112  0   0.3%   0.595 AU:3    +
   41    49  0   0.3%   0.823 CG:3    +
   17    71  0   0.3%   0.150 AU:3    +
  121   177  0   0.3%   0.073 CG:3    +
   46   114  0   0.3%   0.827 UA:3    +
   38    52  0   0.3%   0.837 GC:3    +
   11    18  0   0.3%   0.264 CG:3    +
   44   184  0   0.2%   0.646 AU:3    +
   48    54  0   0.2%   0.481 UA:3    +
  120   178  0   0.2%   0.098 CG:3    +
   15    41  0   0.2%   0.103 GC:3    +
   47    55  0   0.2%   0.387 AU:3    +
   23    54  0   0.2%   0.190 UA:3    +
   10    40  0   0.2%   0.197 UA:3    +
    3   126  0   0.2%   0.711 CG:3    +
   16    40  0   0.2%   0.254 UA:3    +
  122   176  0   0.2%   0.062 UA:3    +
    5    98  0   0.2%   0.405 CG:3    +
   44   116  0   0.2%   0.662 AU:3    +
   17    48  0   0.2%   0.223 AU:3    +
    2   127  0   0.2%   0.946 GC:3    +
   38    43  0   0.2%   0.222 GC:3    +
  103   113  0   0.2%   1.411 AU:3    +
  102   108  0   0.2%   0.497 UA:3    +
   42    48  0   0.2%   0.506 AU:3    +
   45    52  0   0.2%   0.934 GC:3    +
   29    48  0   0.2%   0.412 GU:3    +
   39   111  0   0.2%   0.611 GC:3    +
   47   113  0   0.2%   0.994 AU:3    +
   18   100  0   0.2%   0.733 GC:3    +
   38   112  0   0.2%   0.646 GU:3    +
   46    56  0   0.2%   0.346 UA:3    +
  104   112  0   0.2%   1.093 AU:3    +
   46    51  0   0.2%   1.295 UA:3    +
  102   114  0   0.2%   1.025 UA:3    +
   93   102  0   0.2%   0.451 AU:3    +
    5    25  0   0.2%   0.277 CG:3    +
   39   117  0   0.2%   0.457 GC:3    +
   38   118  0   0.2%   0.452 GC:3    +
    3    25  0   0.2%   0.515 CG:3    +
    6    97  0   0.2%   0.140 AU:3    +
   34    43  0   0.2%   0.184 GC:3    +
    2    26  0   0.2%   0.517 GU:3    +
   99   105  0   0.2%   0.704 AU:3    +
  134   162  0   0.2%   0.039 GC:3    +
    4    24  0   0.2%   0.273 GU:3    +
   15   111  0   0.2%   1.020 GC:3    +
   90   117  0   0.2%   0.966 GC:3    +
   10    53  0   0.2%   0.785 UA:3    +
   89   118  0   0.2%   0.793 GC:3    +
    4    26  0   0.2%   0.295 GU:3    +
   12    18  0   0.2%   0.292 CG:3    +
   35    42  0   0.2%   0.213 UA:3    +
   19    99  0   0.2%   0.758 UA:3    +
   10    78  0   0.2%   0.795 UG:3    +
    8   181  0   0.2%   1.251 GC:3    +
  135   166  0   0.2%   0.107 GC:3    +
   40   116  0   0.2%   0.461 AU:3    +
   77    81  0   0.2%   0.607 GU:3    +
   16   110  0   0.2%   1.165 UA:3    +
   13    47  0   0.2%   0.083 UA:3    +
   45   111  0   0.2%   0.839 GC:3    +
   44   105  0   0.2%   0.421 AU:3    +
   14   112  0   0.1%   0.767 AU:3    +
   44   112  0   0.1%   0.741 AU:3    +
    7    55  0   0.1%   0.228 AU:3    +
   11    78  0   0.1%   0.716 CG:3    +
   13    17  0   0.1%   0.069 UA:3    +
   12    77  0   0.1%   0.559 CG:3    +
   14    46  0   0.1%   0.154 AU:3    +
   97   110  0   0.1%   1.460 UA:3    +
    2    12  0   0.1%   0.274 GC:3    +
   12    94  0   0.1%   0.645 CG:3    +
  116   182  0   0.1%   1.157 UA:3    +
    6    24  0   0.1%   0.063 AU:3    +
   98   117  0   0.1%   0.963 GC:3    +
    1    13  0   0.1%   0.160 AU:3    +
   30    35  0   0.1%   0.081 GU:3    +
   13    93  0   0.1%   0.274 UA:3    +
   23    44  0   0.1%   0.361 UA:3    +
    8    41  0   0.1%   0.328 GC:3    +
   46   110  0   0.1%   0.968 UA:3    +
  144   155  0   0.1%   0.156 CG:3    +
   45   105  0   0.1%   0.466 GU:3    +
   99   112  0   0.1%   0.964 AU:3    +
   99   116  0   0.1%   1.076 AU:3    +
   18    43  0   0.1%   0.319 GC:3    +
  145   154  0   0.1%   0.287 CG:3    +
   19    42  0   0.1%   0.294 UA:3    +
    4   100  0   0.1%   0.352 GC:3    +
    9    85  0   0.1%   0.785 UG:3    +
   20    41  0   0.1%   0.330 GC:3    +
   98   113  0   0.1%   1.561 GU:3    +
   11    98  0   0.1%   0.772 CG:3    +
    8    43  0   0.1%   0.334 GC:3    +
    9    53  0   0.1%   0.719 UA:3    +
   25    37  0   0.1%   0.098 GC:3    +
    9    42  0   0.1%   0.418 UA:3    +
   24    38  0   0.1%   0.117 UG:3    +
   23    39  0   0.1%   0.121 UG:3    +
   22    40  0   0.1%   0.302 UA:3    +
  169   180  0   0.1%   0.280 AU:3    +
   48   119  0   0.1%   0.855 UG:3    +
  168   181  0   0.1%   0.364 GC:3    +
  170   179  0   0.1%   0.157 UG:3    +
   69    79  0   0.1%   0.127 AU:3    +
   12    57  0   0.1%   0.512 CG:3    +
  172   177  0   0.1%   0.149 CG:3    +
   90   116  0   0.1%   0.919 GU:3    +
   68    75  0   0.1%   0.095 UG:3    +
   50   181  0   0.1%   1.231 GC:3    +
    4    11  0   0.1%   0.024 GC:3    +
   97   103  0   0.1%   0.559 UA:3    +
   26    36  0   0.1%   0.096 UA:3    +
   98   181  0   0.1%   0.577 GC:3    +
    9    40  0   0.1%   0.409 UA:3    +
   11    85  0   0.1%   0.761 CG:3    +
   16   104  0   0.1%   0.803 UA:3    +
   75    81  0   0.1%   0.584 GU:3    +
    3    98  0   0.1%   0.629 CG:3    +
   16    44  0   0.1%   0.228 UA:3    +
   76    83  0   0.1%   0.537 CG:3    +
    1    27  0   0.1%   0.336 AU:3    +
    2   116  0   0.1%   0.730 GU:3    +
   46    72  0   0.1%   0.437 UG:3    +
   45    73  0   0.1%   0.340 GC:3    +
   63    72  0   0.1%   0.150 CG:3    +
   28    34  0   0.1%   0.077 CG:3    +
   47    71  0   0.1%   0.329 AU:3    +
    2    28  0   0.1%   0.512 GC:3    +
   98   102  0   0.1%   0.487 GU:3    +
   10    99  0   0.1%   0.831 UA:3    +
   64    87  0   0.1%   0.576 AU:3    +
   94   183  0   0.1%   1.452 GC:3    +
   65    86  0   0.1%   0.633 AU:3    +
   66    85  0   0.1%   0.357 CG:3    +
   43    49  0   0.1%   0.838 CG:3    +
   15   105  0   0.1%   0.761 GU:3    +
   63    88  0   0.1%   0.400 CG:3    +
   97   114  0   0.1%   1.407 UA:3    +
   31    46  0   0.1%   0.314 AU:3    +
   50   100  0   0.1%   1.261 GC:3    +
   51   180  0   0.1%   1.401 AU:3    +
  104   113  0   0.1%   1.490 AU:3    +
   75    84  0   0.1%   1.224 GU:3    +
   16    49  0   0.1%   0.963 UG:3    +
   64    71  0   0.1%   0.044 AU:3    +
   30    37  0   0.1%   0.140 GC:3    +
   19   101  0   0.1%   0.669 UA:3    +
  140   159  0   0.1%   0.153 GU:3    +
    4   172  0   0.1%   0.725 GC:3    +
    3   173  0   0.1%   0.698 CG:3    +
    5   171  0   0.1%   0.408 CG:3    +
   51    97  0   0.1%   1.389 AU:3    +
    2   174  0   0.1%   0.934 GC:3    +
    7    23  0   0.1%   0.220 AU:3    +
  138   161  0   0.1%   0.278 CG:3    +
   10   108  0   0.1%   0.820 UA:3    +
   76    85  0   0.1%   0.565 CG:3    +
   75    86  0   0.1%   0.696 GU:3    +
   83   120  0   0.1%   0.428 GC:3    +
   82   121  0   0.1%   0.395 GC:3    +
   84   119  0   0.1%   1.085 UG:3    +
   20   100  0   0.1%   0.770 GC:3    +
   46    65  0   0.1%   0.400 UA:3    +
   13    96  0   0.1%   0.271 UA:3    +
   93   184  0   0.1%   1.152 AU:3    +
    6   116  0   0.1%   0.506 AU:3    +
   18   102  0   0.1%   0.679 GU:3    +
   97   182  0   0.1%   1.078 UA:3    +
   74    87  0   0.1%   0.673 AU:3    +
   52   179  0   0.1%   1.096 CG:3    +
   14    95  0   0.1%   0.291 AU:3    +
   99   180  0   0.1%   0.254 AU:3    +
   10    39  0   0.1%   0.158 UG:3    +
   45    66  0   0.1%   0.306 GC:3    +
   11    38  0   0.1%   0.042 CG:3    +
   46   104  0   0.1%   0.566 UA:3    +
   93   105  0   0.1%   0.354 AU:3    +
   85   118  0   0.1%   0.776 GC:3    +
   95   182  0   0.1%   1.638 UA:3    +
    8   118  0   0.1%   1.242 GC:3    +
    6   170  0   0.1%   0.480 AU:3    +
   85   100  0   0.1%   0.697 GC:3    +
   86    99  0   0.1%   0.545 UA:3    +
    6    16  0   0.1%   0.056 AU:3    +
   73    88  0   0.1%   0.950 CG:3    +
  143   156  0   0.1%   0.147 GU:3    +
   67   135  0   0.1%   0.433 CG:3    +
   87    98  0   0.1%   0.562 UG:3    +
   68   134  0   0.1%   0.260 UG:3    +
  146   151  0   0.1%   0.014 AU:3    +
    2   111  0   0.1%   0.636 GC:3    +
    2   100  0   0.1%   0.630 GC:3    +
   66   136  0   0.1%   0.419 CG:3    +
   98   112  0   0.1%   1.148 GU:3    +
   76   126  0   0.1%   0.204 CG:3    +
   75   127  0   0.1%   0.298 GC:3    +
   84   101  0   0.1%   1.142 UA:3    +
    6    55  0   0.1%   0.051 AU:3    +
   77    84  0   0.1%   1.235 GU:3    +
   92   102  0   0.1%   0.375 AU:3    +
  102   106  0   0.1%   0.712 UA:3    +
   20    73  0   0.1%   0.542 GC:3    +
   69   133  0   0.1%   0.271 AU:3    +
   21    72  0   0.1%   0.459 CG:3    +
  119   183  0   0.1%   0.892 GC:3    +
   13   107  0   0.1%   0.423 UA:3    +
   18   115  0   0.1%   1.126 GC:3    +
   65   137  0   0.1%   0.446 AU:3    +
  141   158  0   0.1%   0.144 CG:3    +
   83   102  0   0.1%   0.600 GU:3    +
    5   119  0   0.1%   0.436 CG:3    +
   77   125  0   0.1%   0.302 GC:3    +
  135   162  0   0.1%   0.029 GC:3    +
   88    97  0   0.1%   0.659 GU:3    +
   44    48  0   0.1%   0.638 AU:3    +
  147   152  0   0.1%   0.527 AU:3    +
   45   100  0   0.1%   0.439 GC:3    +
   33   113  0   0.1%   0.494 AU:3    +
   64    81  0   0.1%   0.094 AU:3    +
   72    80  0   0.1%   0.421 GC:3    +
   17   116  0   0.1%   0.468 AU:3    +
   63    82  0   0.1%   0.181 CG:3    +
   92   116  0   0.1%   0.869 AU:3    +
   39    80  0   0.1%   0.173 GC:3    +
   40    79  0   0.1%   0.149 AU:3    +
   13    51  0   0.1%   0.757 UA:3    +
   41    78  0   0.1%   0.137 CG:3    +
   49   181  0   0.1%   1.376 GC:3    +
   38    81  0   0.1%   0.195 GU:3    +
  107   113  0   0.1%   1.273 AU:3    +
   16   101  0   0.1%   0.759 UA:3    +
   23    42  0   0.1%   0.112 UA:3    +
   15   102  0   0.1%   0.662 GU:3    +
   49   111  0   0.1%   1.634 GC:3    +
    4    91  0   0.1%   0.375 GC:3    +
   18   181  0   0.1%   0.757 GC:3    +
   46    99  0   0.1%   0.508 UA:3    +
    5    90  0   0.0%   0.411 CG:3    +
   83   117  0   0.0%   0.837 GC:3    +
   82   118  0   0.0%   0.734 GC:3    +
    9   109  0   0.0%   0.780 UA:3    +
   13   108  0   0.0%   0.429 UA:3    +
   19    74  0   0.0%   0.535 UA:3    +
   85   115  0   0.0%   1.016 GC:3    +
  102   110  0   0.0%   1.051 UA:3    +
    1   112  0   0.0%   0.357 AU:3    +
   37    82  0   0.0%   0.222 CG:3    +
   49    55  0   0.0%   0.804 GU:3    +
   11   119  0   0.0%   0.790 CG:3    +
   55   114  0   0.0%   0.584 UA:3    +
   18    52  0   0.0%   1.179 GC:3    +
   73   130  0   0.0%   0.571 CG:3    +
   19   114  0   0.0%   0.822 UA:3    +
   34    41  0   0.0%   0.149 GC:3    +
   70   132  0   0.0%   0.511 AU:3    +
    4   116  0   0.0%   0.656 GU:3    +
    4    52  0   0.0%   0.276 GC:3    +
   94   117  0   0.0%   1.536 GC:3    +
  100   179  0   0.0%   0.426 CG:3    +
   58    99  0   0.0%   0.472 UA:3    +
   57   100  0   0.0%   0.667 GC:3    +
    4    97  0   0.0%   0.332 GU:3    +
    9    15  0   0.0%   0.414 UG:3    +
   72   131  0   0.0%   0.548 GU:3    +
   59    98  0   0.0%   0.492 CG:3    +
  144   161  0   0.0%   0.816 CG:3    +
  145   160  0   0.0%   0.628 CG:3    +
  143   162  0   0.0%   0.746 GC:3    +
   67    72  0   0.0%   0.056 CG:3    +
   35    40  0   0.0%   0.180 UA:3    +
   56   113  0   0.0%   0.649 AU:3    +
   86   114  0   0.0%   0.683 UA:3    +
  101   105  0   0.0%   0.710 AU:3    +
    4   120  0   0.0%   0.737 GC:3    +
    3    57  0   0.0%   0.505 CG:3    +
   74   129  0   0.0%   0.273 AU:3    +
   98   118  0   0.0%   0.845 GC:3    +
   15   181  0   0.0%   0.822 GC:3    +
   10    14  0   0.0%   0.263 UA:3    +
   66    82  0   0.0%   0.148 CG:3    +
   49   183  0   0.0%   1.673 GC:3    +
   95   109  0   0.0%   1.056 UA:3    +
   18    76  0   0.0%   0.520 GC:3    +
   80    89  0   0.0%   0.589 CG:3    +
    5    20  0   0.0%   0.442 CG:3    +
   79    90  0   0.0%   0.970 UG:3    +
   78    91  0   0.0%   0.750 GC:3    +
  103   112  0   0.0%   0.982 AU:3    +
  108   112  0   0.0%   0.921 AU:3    +
    4    21  0   0.0%   0.451 GC:3    +
   19    51  0   0.0%   1.478 UA:3    +
   15   118  0   0.0%   0.845 GC:3    +
   12    45  0   0.0%   0.079 CG:3    +
   16    93  0   0.0%   0.696 UA:3    +
   81    88  0   0.0%   0.730 UG:3    +
    2    58  0   0.0%   0.513 GU:3    +
  133   164  0   0.0%   0.063 UA:3    +
   13    44  0   0.0%   0.057 UA:3    +
    5    72  0   0.0%   0.253 CG:3    +
    4    73  0   0.0%   0.278 GC:3    +
   10    56  0   0.0%   0.766 UA:3    +
  178   183  0   0.0%   0.460 GC:3    +
   32   113  0   0.0%   0.471 GU:3    +
   95   107  0   0.0%   0.744 UA:3    +
    6    19  0   0.0%   0.223 AU:3    +
   89   111  0   0.0%   0.844 GC:3    +
    4   111  0   0.0%   0.345 GC:3    +
  105   110  0   0.0%   1.168 UA:3    +
  144   157  0   0.0%   0.278 CG:3    +
  146   159  0   0.0%   0.808 AU:3    +
   10    85  0   0.0%   0.815 UG:3    +
    3    75  0   0.0%   0.506 CG:3    +
    2    76  0   0.0%   0.515 GC:3    +
   11    15  0   0.0%   0.062 CG:3    +
    3   179  0   0.0%   0.696 CG:3    +
   63   139  0   0.0%   0.254 CG:3    +
  132   165  0   0.0%   0.067 UA:3    +
    6    13  0   0.0%   0.017 AU:3    +
   48    56  0   0.0%   0.435 UA:3    +
    6   184  0   0.0%   0.547 AU:3    +
   68    77  0   0.0%   0.150 UG:3    +
   88   112  0   0.0%   0.858 GU:3    +
    2   180  0   0.0%   0.931 GU:3    +
    8   117  0   0.0%   1.304 GC:3    +
    3    45  0   0.0%   0.499 CG:3    +
    6    71  0   0.0%   0.046 AU:3    +
   90   111  0   0.0%   0.915 GC:3    +
   48   182  0   0.0%   1.019 UA:3    +
  177   183  0   0.0%   0.466 GC:3    +
    4    76  0   0.0%   0.281 GC:3    +
    5    75  0   0.0%   0.257 CG:3    +
   48    70  0   0.0%   0.584 UA:3    +
    8   166  0   0.0%   1.156 GC:3    +
    3    77  0   0.0%   0.507 CG:3    +
   22    45  0   0.0%   0.576 UG:3    +
  177   184  0   0.0%   0.375 GU:3    +
   89   112  0   0.0%   0.789 GU:3    +
    9   165  0   0.0%   1.173 UA:3    +
    2    46  0   0.0%   0.507 GU:3    +
   13   104  0   0.0%   0.293 UA:3    +
  108   113  0   0.0%   1.328 AU:3    +
   34   112  0   0.0%   0.544 GU:3    +
  114   184  0   0.0%   0.987 AU:3    +
   25   183  0   0.0%   0.501 GC:3    +
    5   179  0   0.0%   0.406 CG:3    +
   10   106  0   0.0%   0.807 UA:3    +
   34   113  0   0.0%   0.541 GU:3    +
    4    12  0   0.0%   0.023 GC:3    +
   16    96  0   0.0%   0.691 UA:3    +
   50   183  0   0.0%   1.519 GC:3    +
  118   179  0   0.0%   0.429 CG:3    +
   73    98  0   0.0%   0.697 CG:3    +
    2    52  0   0.0%   0.508 GC:3    +
   67    78  0   0.0%   0.164 CG:3    +
   15    97  0   0.0%   0.570 GU:3    +
  176   184  0   0.0%   0.360 AU:3    +
   72   100  0   0.0%   0.833 GC:3    +
   74    97  0   0.0%   0.516 AU:3    +
   91   119  0   0.0%   0.330 CG:3    +
   88   113  0   0.0%   0.930 GU:3    +
   18    67  0   0.0%   0.510 GC:3    +
   17    68  0   0.0%   0.105 AU:3    +
   71   101  0   0.0%   0.770 UA:3    +
   26   182  0   0.0%   0.362 UA:3    +
   17    95  0   0.0%   0.197 AU:3    +
   16   106  0   0.0%   0.914 UA:3    +
   74    79  0   0.0%   0.629 AU:3    +
   10   164  0   0.0%   1.126 UA:3    +
   41    45  0   0.0%   0.271 CG:3    +
   54   113  0   0.0%   0.728 AU:3    +
   25    91  0   0.0%   0.179 GC:3    +
   28    39  0   0.0%   0.152 CG:3    +
   43    75  0   0.0%   0.192 CG:3    +
    4   180  0   0.0%   0.722 GU:3    +
    2    11  0   0.0%   0.250 GC:3    +
    9   104  0   0.0%   0.771 UA:3    +
   96   112  0   0.0%   1.203 AU:3    +
    3    18  0   0.0%   0.277 CG:3    +
   70   102  0   0.0%   0.725 AU:3    +
   17   105  0   0.0%   0.313 AU:3    +
   15    76  0   0.0%   0.504 GC:3    +
   40    46  0   0.0%   0.367 AU:3    +
   76    94  0   0.0%   0.419 CG:3    +
    8   105  0   0.0%   0.727 GU:3    +
   15    63  0   0.0%   0.478 GC:3    +
   26    90  0   0.0%   0.177 UG:3    +
    5    45  0   0.0%   0.249 CG:3    +
   68    74  0   0.0%   0.064 UA:3    +
   16    75  0   0.0%   0.701 UG:3    +
   11    30  0   0.0%   0.031 CG:3    +
   12    29  0   0.0%   0.053 CG:3    +
   72   129  0   0.0%   0.541 GU:3    +
   73   128  0   0.0%   0.562 CG:3    +
   90   120  0   0.0%   0.497 GC:3    +
   28    88  0   0.0%   0.153 CG:3    +
   27    89  0   0.0%   0.090 UG:3    +
   49   184  0   0.0%   1.584 GU:3    +
   71    90  0   0.0%   0.990 UG:3    +
   16    62  0   0.0%   0.657 UA:3    +
   66    89  0   0.0%   0.308 CG:3    +
   79   124  0   0.0%   0.596 UG:3    +
   10    15  0   0.0%   0.189 UG:3    +
   67    88  0   0.0%   0.383 CG:3    +
   12    89  0   0.0%   0.587 CG:3    +
   50   111  0   0.0%   1.476 GC:3    +
    4   113  0   0.0%   0.341 GU:3    +
   12   177  0   0.0%   0.599 CG:3    +
   11   178  0   0.0%   0.730 CG:3    +
   11    90  0   0.0%   0.782 CG:3    +
   43    50  0   0.0%   0.836 CG:3    +
   24    44  0   0.0%   0.421 UA:3    +
    4    46  0   0.0%   0.269 GU:3    +
   16    69  0   0.0%   0.659 UA:3    +
   75    95  0   0.0%   0.599 GU:3    +
  129   173  0   0.0%   0.213 UG:3    +
   10   107  0   0.0%   0.808 UA:3    +
   24    92  0   0.0%   0.259 UA:3    +
  128   174  0   0.0%   0.169 GC:3    +
  130   172  0   0.0%   0.161 GC:3    +
    9    56  0   0.0%   0.734 UA:3    +
   71   130  0   0.0%   0.605 UG:3    +
   10    31  0   0.0%   0.147 UA:3    +
    9    17  0   0.0%   0.371 UA:3    +
   19    75  0   0.0%   0.539 UG:3    +
  109   116  0   0.0%   1.218 AU:3    +
    9    93  0   0.0%   0.747 UA:3    +
    2   184  0   0.0%   1.099 GU:3    +
   34    52  0   0.0%   0.793 GC:3    +
   13    88  0   0.0%   0.311 UG:3    +
   95   108  0   0.0%   0.746 UA:3    +
    4    55  0   0.0%   0.272 GU:3    +
   25    43  0   0.0%   0.174 GC:3    +
   98   115  0   0.0%   1.431 GC:3    +
   29    87  0   0.0%   0.155 GU:3    +
   15    21  0   0.0%   0.283 GC:3    +
   39    43  0   0.0%   0.202 GC:3    +
  103   116  0   0.0%   1.096 AU:3    +
  131   171  0   0.0%   0.201 UG:3    +
   93    97  0   0.0%   0.464 AU:3    +
   89   121  0   0.0%   0.406 GC:3    +
   15    55  0   0.0%   0.540 GU:3    +
   53   113  0   0.0%   0.673 AU:3    +
   90   100  0   0.0%   0.700 GC:3    +
   49   112  0   0.0%   1.574 GU:3    +
    7    95  0   0.0%   0.315 AU:3    +
   93   113  0   0.0%   1.233 AU:3    +
    9    78  0   0.0%   0.737 UG:3    +
    8    16  0   0.0%   0.469 GU:3    +
   56   112  0   0.0%   0.572 AU:3    +
  148   158  0   0.0%   0.581 CG:3    +
  149   157  0   0.0%   0.709 CG:3    +
   13   176  0   0.0%   0.422 UA:3    +
   10   103  0   0.0%   0.803 UA:3    +
   67    75  0   0.0%   0.078 CG:3    +
   48    96  0   0.0%   0.676 UA:3    +
   17    24  0   0.0%   0.036 AU:3    +
   47    97  0   0.0%   0.401 AU:3    +
   10    77  0   0.0%   0.766 UG:3    +
   16    54  0   0.0%   0.702 UA:3    +
   37    49  0   0.0%   0.840 CG:3    +
  106   112  0   0.0%   1.157 AU:3    +
   16    20  0   0.0%   0.423 UG:3    +
  107   116  0   0.0%   0.931 AU:3    +
   24    72  0   0.0%   0.212 UG:3    +
   12   119  0   0.0%   0.659 CG:3    +
   23    45  0   0.0%   0.248 UG:3    +
   10    92  0   0.0%   0.779 UA:3    +
   27    40  0   0.0%   0.157 UA:3    +
   63    78  0   0.0%   0.133 CG:3    +
   82    87  0   0.0%   0.770 GU:3    +
   16    25  0   0.0%   0.216 UG:3    +
   11   179  0   0.0%   0.735 CG:3    +
   14    22  0   0.0%   0.316 AU:3    +
   63    98  0   0.0%   0.385 CG:3    +
   13   114  0   0.0%   0.469 UA:3    +
   66    75  0   0.0%   0.076 CG:3    +
   70   131  0   0.0%   0.502 AU:3    +
    1    23  0   0.0%   0.319 AU:3    +
   30    86  0   0.0%   0.104 GU:3    +
   20   113  0   0.0%   1.055 GU:3    +
   14    87  0   0.0%   0.323 AU:3    +
    9   119  0   0.0%   1.226 UG:3    +
    2    19  0   0.0%   0.279 GU:3    +
   15   117  0   0.0%   0.907 GC:3    +
   64    97  0   0.0%   0.629 AU:3    +
    7   113  0   0.0%   0.963 AU:3    +
    8    13  0   0.0%   0.318 GU:3    +
   87   114  0   0.0%   0.667 UA:3    +
   12   178  0   0.0%   0.601 CG:3    +
   26    42  0   0.0%   0.186 UA:3    +
   54   112  0   0.0%   0.656 AU:3    +
   94   118  0   0.0%   1.425 GC:3    +
   21    98  0   0.0%   0.603 CG:3    +
   78   125  0   0.0%   0.589 GC:3    +
   24    30  0   0.0%   0.028 UG:3    +
   10   182  0   0.0%   1.284 UA:3    +
   49   102  0   0.0%   1.342 GU:3    +
   49    95  0   0.0%   1.091 GU:3    +
   14   113  0   0.0%   0.732 AU:3    +
   62    79  0   0.0%   0.140 AU:3    +
    4   184  0   0.0%   0.870 GU:3    +
   38    48  0   0.0%   0.450 GU:3    +
   15    43  0   0.0%   0.077 GC:3    +
   18    23  0   0.0%   0.260 GU:3    +
   12    98  0   0.0%   0.639 CG:3    +
   87   119  0   0.0%   0.530 UG:3    +
   35    51  0   0.0%   1.113 UA:3    +
   67    94  0   0.0%   0.658 CG:3    +
  101   113  0   0.0%   1.358 AU:3    +
   14    27  0   0.0%   0.131 AU:3    +
   25   181  0   0.0%   0.218 GC:3    +
  133   168  0   0.0%   0.119 UG:3    +
    4    10  0   0.0%   0.139 GU:3    +
   68    93  0   0.0%   0.426 UA:3    +
   36   112  0   0.0%   0.516 AU:3    +
  111   119  0   0.0%   1.109 CG:3    +
   23    31  0   0.0%   0.029 UA:3    +
   88   122  0   0.0%   0.461 GU:3    +
   13   177  0   0.0%   0.424 UG:3    +
  128   183  0   0.0%   0.519 GC:3    +
   14    68  0   0.0%   0.192 AU:3    +
   15    26  0   0.0%   0.075 GU:3    +
  129   182  0   0.0%   0.406 UA:3    +
    8    22  0   0.0%   0.496 GU:3    +
    2    10  0   0.0%   0.382 GU:3    +
   10    17  0   0.0%   0.145 UA:3    +
    2   102  0   0.0%   0.625 GU:3    +
   10   179  0   0.0%   1.130 UG:3    +
  130   181  0   0.0%   0.380 GC:3    +
   15    91  0   0.0%   0.616 GC:3    +
   57   111  0   0.0%   0.881 GC:3    +
   15    67  0   0.0%   0.477 GC:3    +
   56   184  0   0.0%   0.446 AU:3    +
  105   109  0   0.0%   0.855 UA:3    +
   23    93  0   0.0%   0.284 UA:3    +
   49    97  0   0.0%   1.064 GU:3    +
    5    49  0   0.0%   0.246 CG:3    +
   24   182  0   0.0%   0.437 UA:3    +
    9   107  0   0.0%   0.770 UA:3    +
   56   102  0   0.0%   0.342 AU:3    +
   51    55  0   0.0%   1.093 AU:3    +
  150   156  0   0.0%   0.510 GU:3    +
   50    97  0   0.0%   1.063 GU:3    +
   13   101  0   0.0%   0.265 UA:3    +
   46    98  0   0.0%   0.446 UG:3    +
  101   112  0   0.0%   0.962 AU:3    +
   10   119  0   0.0%   1.180 UG:3    +
   13    69  0   0.0%   0.188 UA:3    +
   84   182  0   0.0%   1.245 UA:3    +
   83   183  0   0.0%   0.790 GC:3    +
    5    57  0   0.0%   0.250 CG:3    +
   85   181  0   0.0%   0.524 GC:3    +
   13   182  0   0.0%   0.581 UA:3    +
   58    93  0   0.0%   0.538 UA:3    +
   55   103  0   0.0%   0.528 UA:3    +
   17    55  0   0.0%   0.166 AU:3    +
    6   180  0   0.0%   0.477 AU:3    +
   61    95  0   0.0%   0.594 AU:3    +
   16    78  0   0.0%   0.700 UG:3    +
   16    42  0   0.0%   0.215 UA:3    +
    8    73  0   0.0%   0.678 GC:3    +
   47   105  0   0.0%   0.597 AU:3    +
   22    42  0   0.0%   0.271 UA:3    +
   26    70  0   0.0%   0.107 UA:3    +
    8    63  0   0.0%   0.673 GC:3    +
    6   102  0   0.0%   0.117 AU:3    +
   23    72  0   0.0%   0.141 UG:3    +
   25    71  0   0.0%   0.126 GU:3    +
   94   112  0   0.0%   1.379 GU:3    +
   29    67  0   0.0%   0.075 GC:3    +
   13    75  0   0.0%   0.226 UG:3    +
   56    97  0   0.0%   0.366 AU:3    +
   10   110  0   0.0%   1.466 UA:3    +
   30    66  0   0.0%   0.021 GC:3    +
    9    72  0   0.0%   0.737 UG:3    +
  132   167  0   0.0%   0.098 UA:3    +
    9    62  0   0.0%   0.733 UA:3    +
    9   101  0   0.0%   0.767 UA:3    +
    8   102  0   0.0%   0.726 GU:3    +
    8    91  0   0.0%   0.766 GC:3    +
   58   110  0   0.0%   0.769 UA:3    +
    4    58  0   0.0%   0.274 GU:3    +
    1   113  0   0.0%   0.352 AU:3    +
   69   132  0   0.0%   0.259 AU:3    +
   16    56  0   0.0%   0.682 UA:3    +
   23    30  0   0.0%   0.027 UG:3    +
    1    79  0   0.0%   0.326 AU:3    +
   48   103  0   0.0%   0.931 UA:3    +
    7   102  0   0.0%   0.284 AU:3    +
   45   181  0   0.0%   0.453 GC:3    +
  104   116  0   0.0%   1.177 AU:3    +
    3    29  0   0.0%   0.494 CG:3    +
   48   104  0   0.0%   0.753 UA:3    +
   27    69  0   0.0%   0.087 UA:3    +
  147   159  0   0.0%   0.991 AU:3    +
   57   183  0   0.0%   0.784 GC:3    +
   66    72  0   0.0%   0.050 CG:3    +
    4     9  0   0.0%   0.247 GU:3    +
  134   175  0   0.0%   0.070 GC:3    +
  135   174  0   0.0%   0.097 GC:3    +
   41    85  0   0.0%   0.153 CG:3    +
  133   176  0   0.0%   0.119 UA:3    +
  132   169  0   0.0%   0.140 UA:3    +
    8   120  0   0.0%   1.175 GC:3    +
   90   118  0   0.0%   0.848 GC:3    +
    1   102  0   0.0%   0.347 AU:3    +
   11    94  0   0.0%   0.750 CG:3    +
   42    84  0   0.0%   0.156 AU:3    +
   29   183  0   0.0%   0.526 GC:3    +
   13   109  0   0.0%   0.731 UA:3    +
   20   111  0   0.0%   1.036 GC:3    +
    2    97  0   0.0%   0.619 GU:3    +
   40    86  0   0.0%   0.189 AU:3    +
   28    32  0   0.0%   0.060 CG:3    +
  109   113  0   0.0%   1.558 AU:3    +
   10    54  0   0.0%   0.783 UA:3    +
   67   134  0   0.0%   0.420 CG:3    +
   66   135  0   0.0%   0.406 CG:3    +
   27    33  0   0.0%   0.061 UA:3    +
   48    62  0   0.0%   0.671 UA:3    +
   46   106  0   0.0%   0.673 UA:3    +
   82   184  0   0.0%   0.692 GU:3    +
   23    70  0   0.0%   0.115 UA:3    +
    1     9  0   0.0%   0.002 AU:3    +
   76   128  0   0.0%   0.184 CG:3    +
   43    77  0   0.0%   0.194 CG:3    +
   77   127  0   0.0%   0.296 GC:3    +
   22    31  0   0.0%   0.197 UA:3    +
   18    63  0   0.0%   0.506 GC:3    +
   72    81  0   0.0%   0.472 GU:3    +
   43    72  0   0.0%   0.153 CG:3    +
   39    87  0   0.0%   0.175 GU:3    +
   43    83  0   0.0%   0.216 CG:3    +
   44    71  0   0.0%   0.285 AU:3    +
   92   112  0   0.0%   0.595 AU:3    +
    9   108  0   0.0%   0.770 UA:3    +
    8    86  0   0.0%   0.780 GU:3    +
  132   177  0   0.0%   0.086 UG:3    +
   50   118  0   0.0%   1.459 GC:3    +
   44    68  0   0.0%   0.268 AU:3    +
    6    48  0   0.0%   0.037 AU:3    +
  131   168  0   0.0%   0.077 UG:3    +
   50   180  0   0.0%   1.104 GU:3    +
   94   181  0   0.0%   1.144 GC:3    +
   29   181  0   0.0%   0.246 GC:3    +
   16    39  0   0.0%   0.215 UG:3    +
   77   118  0   0.0%   0.635 GC:3    +
   15    71  0   0.0%   0.480 GU:3    +
   78   117  0   0.0%   1.023 GC:3    +
  110   116  0   0.0%   1.525 AU:3    +
  108   116  0   0.0%   0.985 AU:3    +
   47    95  0   0.0%   0.427 AU:3    +
   55   182  0   0.0%   0.608 UA:3    +
   46    54  0   0.0%   0.346 UA:3    +
    8   184  0   0.0%   1.557 GU:3    +
   92   105  0   0.0%   0.284 AU:3    +
   46    96  0   0.0%   0.491 UA:3    +
   24    29  0   0.0%   0.025 UG:3    +
   12    39  0   0.0%   0.090 CG:3    +
   37    94  0   0.0%   0.287 CG:3    +
   13    38  0   0.0%   0.071 UG:3    +
   36    95  0   0.0%   0.219 AU:3    +
   45    55  0   0.0%   0.266 GU:3    +
   58   182  0   0.0%   0.635 UA:3    +
   55    98  0   0.0%   0.462 UG:3    +
   50    55  0   0.0%   0.800 GU:3    +
   10    61  0   0.0%   0.761 UA:3    +
   48    94  0   0.0%   0.711 UG:3    +
   45    67  0   0.0%   0.300 GC:3    +
   73   124  0   0.0%   0.575 CG:3    +
   10   169  0   0.0%   1.124 UA:3    +
   72   125  0   0.0%   0.554 GC:3    +
    6   112  0   0.0%   0.119 AU:3    +
    4    28  0   0.0%   0.269 GC:3    +
   16    77  0   0.0%   0.706 UG:3    +
  115   119  0   0.0%   1.123 CG:3    +
   11   168  0   0.0%   0.726 CG:3    +
   13   110  0   0.0%   0.763 UA:3    +
    6    10  0   0.0%   0.138 AU:3    +
   35    96  0   0.0%   0.217 UA:3    +
   85   125  0   0.0%   0.424 GC:3    +
   74   123  0   0.0%   0.280 AU:3    +
   19    62  0   0.0%   0.510 UA:3    +
    1    97  0   0.0%   0.346 AU:3    +
   65    95  0   0.0%   0.759 AU:3    +
   86   124  0   0.0%   0.452 UG:3    +
    9    90  0   0.0%   0.810 UG:3    +
   15    37  0   0.0%   0.052 GC:3    +
   37    89  0   0.0%   0.159 CG:3    +
   15    86  0   0.0%   0.629 GU:3    +
   68    78  0   0.0%   0.107 UG:3    +
   32    43  0   0.0%   0.142 GC:3    +
   53   184  0   0.0%   0.475 AU:3    +
   19    93  0   0.0%   0.565 UA:3    +
   16    36  0   0.0%   0.192 UA:3    +
   21    49  0   0.0%   1.092 CG:3    +
   30   181  0   0.0%   0.241 GC:3    +
   21    39  0   0.0%   0.308 CG:3    +
   37   119  0   0.0%   0.252 CG:3    +
    8    67  0   0.0%   0.674 GC:3    +
    4    13  0   0.0%   0.021 GU:3    +
  121   179  0   0.0%   0.080 CG:3    +
    7    68  0   0.0%   0.204 AU:3    +
   66    77  0   0.0%   0.078 CG:3    +
    2   113  0   0.0%   0.629 GU:3    +
   55   101  0   0.0%   0.498 UA:3    +
   54   102  0   0.0%   0.426 AU:3    +
   17    97  0   0.0%   0.174 AU:3    +
   56   105  0   0.0%   0.264 AU:3    +
   34    97  0   0.0%   0.198 GU:3    +
    2   112  0   0.0%   0.632 GU:3    +
   71    75  0   0.0%   0.108 UG:3    +
   72    95  0   0.0%   0.860 GU:3    +
   13    50  0   0.0%   0.777 UG:3    +
   73    94  0   0.0%   0.795 CG:3    +
   45    97  0   0.0%   0.403 GU:3    +
   16    65  0   0.0%   0.655 UA:3    +
   14    19  0   0.0%   0.332 AU:3    +
   71    96  0   0.0%   0.769 UA:3    +
   16    70  0   0.0%   0.657 UA:3    +
   22    38  0   0.0%   0.269 UG:3    +
   55   106  0   0.0%   0.459 UA:3    +
   48    98  0   0.0%   0.629 UG:3    +
   76   119  0   0.0%   0.281 CG:3    +
   13    18  0   0.0%   0.283 UG:3    +
   23   107  0   0.0%   0.193 UA:3    +
   17    35  0   0.0%   0.014 AU:3    +
   81   119  0   0.0%   0.439 UG:3    +
    8    95  0   0.0%   0.734 GU:3    +
   40    58  0   0.0%   0.104 AU:3    +
   39    59  0   0.0%   0.088 GC:3    +
   41    57  0   0.0%   0.115 CG:3    +
   38    60  0   0.0%   0.112 GC:3    +
   21    32  0   0.0%   0.234 CG:3    +
   15    66  0   0.0%   0.475 GC:3    +
   70    97  0   0.0%   0.748 AU:3    +
   43    98  0   0.0%   0.175 CG:3    +
   72    91  0   0.0%   0.715 GC:3    +
   11    89  0   0.0%   0.713 CG:3    +
   12    88  0   0.0%   0.643 CG:3    +
   24    69  0   0.0%   0.185 UA:3    +
    7    87  0   0.0%   0.357 AU:3    +
   18    91  0   0.0%   0.577 GC:3    +
   89   115  0   0.0%   0.949 GC:3    +
  122   178  0   0.0%   0.067 UG:3    +
   87   103  0   0.0%   0.612 UA:3    +
   42   105  0   0.0%   0.253 AU:3    +
   86   104  0   0.0%   0.446 UA:3    +
   78   120  0   0.0%   0.607 GC:3    +
   26    34  0   0.0%   0.076 UG:3    +
   77   121  0   0.0%   0.289 GC:3    +
   85   105  0   0.0%   0.538 GU:3    +
   19    33  0   0.0%   0.212 UA:3    +
   32   118  0   0.0%   0.411 GC:3    +
   61    97  0   0.0%   0.542 AU:3    +
   75   120  0   0.0%   0.313 GC:3    +
   46    64  0   0.0%   0.385 UA:3    +
    9    96  0   0.0%   0.746 UA:3    +
  101   116  0   0.0%   1.065 AU:3    +
  131   178  0   0.0%   0.123 UG:3    +
   75   122  0   0.0%   0.288 GU:3    +
    7   180  0   0.0%   0.701 AU:3    +
  133   169  0   0.0%   0.178 UA:3    +
   94   113  0   0.0%   1.423 GU:3    +
   37    50  0   0.0%   0.861 CG:3    +
   54   184  0   0.0%   0.528 AU:3    +
   89   100  0   0.0%   0.628 GC:3    +
   73    90  0   0.0%   0.946 CG:3    +
   99   113  0   0.0%   1.352 AU:3    +
  123   177  0   0.0%   0.054 UG:3    +
   49   117  0   0.0%   1.454 GC:3    +
   16    98  0   0.0%   0.728 UG:3    +
   41    50  0   0.0%   0.814 CG:3    +
    8    97  0   0.0%   0.716 GU:3    +
  119   125  0   0.0%   0.140 GC:3    +
   18    66  0   0.0%   0.504 GC:3    +
   66    94  0   0.0%   0.643 CG:3    +
   88   102  0   0.0%   0.629 GU:3    +
   48    99  0   0.0%   0.684 UA:3    +
   16    90  0   0.0%   0.746 UG:3    +
    1    55  0   0.0%   0.324 AU:3    +
   53   112  0   0.0%   0.601 AU:3    +
    9   167  0   0.0%   1.170 UA:3    +
   24    36  0   0.0%   0.125 UA:3    +
  120   124  0   0.0%   0.070 CG:3    +
   75   129  0   0.0%   0.281 GU:3    +
    6    95  0   0.0%   0.135 AU:3    +
   44    97  0   0.0%   0.365 AU:3    +
   30   183  0   0.0%   0.520 GC:3    +
   25    35  0   0.0%   0.077 GU:3    +
   71    92  0   0.0%   0.706 UA:3    +
   22   108  0   0.0%   0.556 UA:3    +
   97   119  0   0.0%   0.900 UG:3    +
   88   116  0   0.0%   0.858 GU:3    +
    8   112  0   0.0%   1.423 GU:3    +
   50   115  0   0.0%   1.579 GC:3    +
    9    65  0   0.0%   0.733 UA:3    +
   75    79  0   0.0%   0.646 GU:3    +
   12    20  0   0.0%   0.280 CG:3    +
  174   179  0   0.0%   0.118 CG:3    +
  162   171  0   0.0%   0.589 CG:3    +
   24   106  0   0.0%   0.310 UA:3    +
   23   182  0   0.0%   0.436 UA:3    +
   14    79  0   0.0%   0.191 AU:3    +
   10    89  0   0.0%   0.776 UG:3    +
   18   118  0   0.0%   0.773 GC:3    +
  161   172  0   0.0%   0.493 GC:3    +
   17    81  0   0.0%   0.223 AU:3    +
   23   108  0   0.0%   0.196 UA:3    +
  136   174  0   0.0%   0.248 GC:3    +
   63    83  0   0.0%   0.197 CG:3    +
    7    97  0   0.0%   0.296 AU:3    +
  135   175  0   0.0%   0.038 GC:3    +
   62    84  0   0.0%   0.126 AU:3    +
   50    95  0   0.0%   1.089 GU:3    +
   18    80  0   0.0%   0.582 GC:3    +
   10   104  0   0.0%   0.803 UA:3    +
    4    43  0   0.0%   0.263 GC:3    +
   14    97  0   0.0%   0.264 AU:3    +
   71    83  0   0.0%   0.614 UG:3    +
   19    65  0   0.0%   0.508 UA:3    +
   15   112  0   0.0%   1.006 GU:3    +
   15    46  0   0.0%   0.081 GU:3    +
    8    66  0   0.0%   0.673 GC:3    +
   11    20  0   0.0%   0.258 CG:3    +
   12    78  0   0.0%   0.543 CG:3    +
   11    88  0   0.0%   0.771 CG:3    +
    3    50  0   0.0%   0.496 CG:3    +
   10    20  0   0.0%   0.374 UG:3    +
    9    70  0   0.0%   0.733 UA:3    +
   79   119  0   0.0%   0.678 UG:3    +
   29   184  0   0.0%   0.441 GU:3    +
   92   123  0   0.0%   0.400 AU:3    +
   93   122  0   0.0%   0.833 AU:3    +
   45   118  0   0.0%   0.574 GC:3    +
   11    82  0   0.0%   0.686 CG:3    +
   10   114  0   0.0%   1.169 UA:3    +
   16    53  0   0.0%   0.689 UA:3    +
   91   124  0   0.0%   0.235 CG:3    +
  173   180  0   0.0%   0.283 GU:3    +
   49   116  0   0.0%   1.475 GU:3    +
   54   105  0   0.0%   0.349 AU:3    +
  163   170  0   0.0%   0.222 AU:3    +
   94   121  0   0.0%   1.044 GC:3    +
  100   119  0   0.0%   0.518 CG:3    +
   18    73  0   0.0%   0.527 GC:3    +
    2    55  0   0.0%   0.505 GU:3    +
   22   107  0   0.0%   0.553 UA:3    +
   10    64  0   0.0%   0.760 UA:3    +
   90   125  0   0.0%   0.470 GC:3    +
    9    94  0   0.0%   0.780 UG:3    +
   83   111  0   0.0%   0.877 GC:3    +
    8    71  0   0.0%   0.676 GU:3    +
   15   166  0   0.0%   0.737 GC:3    +
   22    70  0   0.0%   0.427 UA:3    +
   13    98  0   0.0%   0.307 UG:3    +
   13    77  0   0.0%   0.233 UG:3    +
   32    37  0   0.0%   0.170 GC:3    +
   10    96  0   0.0%   0.778 UA:3    +
   80    98  0   0.0%   0.400 CG:3    +
   79    99  0   0.0%   0.681 UA:3    +
   55   104  0   0.0%   0.349 UA:3    +
   78   100  0   0.0%   0.860 GC:3    +
   17   180  0   0.0%   0.287 AU:3    +
   31    86  0   0.0%   0.158 AU:3    +
    1    24  0   0.0%   0.317 AU:3    +
   14    71  0   0.0%   0.193 AU:3    +
   16   107  0   0.0%   0.795 UA:3    +
   23    69  0   0.0%   0.115 UA:3    +
   16   165  0   0.0%   0.887 UA:3    +
   16    82  0   0.0%   0.739 UG:3    +
    5   177  0   0.0%   0.398 CG:3    +
   10    83  0   0.0%   0.800 UG:3    +
   13    42  0   0.0%   0.057 UA:3    +
    8    84  0   0.0%   0.725 GU:3    +
    2    13  0   0.0%   0.265 GU:3    +
   48    53  0   0.0%   0.430 UA:3    +
   39    48  0   0.0%   0.440 GU:3    +
   82   112  0   0.0%   0.811 GU:3    +
    8    87  0   0.0%   0.777 GU:3    +
   84   106  0   0.0%   1.092 UA:3    +
  113   182  0   0.0%   1.471 UA:3    +
   23    47  0   0.0%   0.343 UA:3    +
   70    84  0   0.0%   1.041 AU:3    +
  138   168  0   0.0%   0.161 CG:3    +
   16   108  0   0.0%   0.798 UA:3    +
  131   179  0   0.0%   0.132 UG:3    +
  149   155  0   0.0%   0.576 CG:3    +
   96   116  0   0.0%   1.667 AU:3    +
    9    18  0   0.0%   0.576 UG:3    +
   22   109  0   0.0%   0.861 UA:3    +
   84   110  0   0.0%   1.371 UA:3    +
   23   106  0   0.0%   0.310 UA:3    +
   10    93  0   0.0%   0.779 UA:3    +
  132   178  0   0.0%   0.083 UG:3    +
   14    84  0   0.0%   0.268 AU:3    +
   23   109  0   0.0%   0.500 UA:3    +
  141   171  0   0.0%   0.565 CG:3    +
   24   107  0   0.0%   0.193 UA:3    +
   38    67  0   0.0%   0.116 GC:3    +
   39    66  0   0.0%   0.089 GC:3    +
  137   173  0   0.0%   0.395 UG:3    +
    5    89  0   0.0%   0.338 CG:3    +
  148   153  0   0.0%   0.132 CG:3    +
  142   170  0   0.0%   0.289 AU:3    +
    1   105  0   0.0%   0.346 AU:3    +
  106   116  0   0.0%   1.274 AU:3    +
   43    94  0   0.0%   0.259 CG:3    +
   19    69  0   0.0%   0.510 UA:3    +
   85    91  0   0.0%   0.571 GC:3    +
   20    91  0   0.0%   0.618 GC:3    +
   19    72  0   0.0%   0.530 UG:3    +
  137   169  0   0.0%   0.379 UA:3    +
   10    90  0   0.0%   0.842 UG:3    +
   45   102  0   0.0%   0.375 GU:3    +
   40   105  0   0.0%   0.230 AU:3    +
   34    91  0   0.0%   0.167 GC:3    +
   13    85  0   0.0%   0.290 UG:3    +
   10    69  0   0.0%   0.760 UA:3    +
   68    83  0   0.0%   0.256 UG:3    +
   22    99  0   0.0%   0.645 UA:3    +
    9   106  0   0.0%   0.768 UA:3    +
    7    19  0   0.0%   0.379 AU:3    +
   47    68  0   0.0%   0.294 AU:3    +
    3    49  0   0.0%   0.495 CG:3    +
   15   175  0   0.0%   0.735 GC:3    +
   31   180  0   0.0%   0.141 AU:3    +
    8   116  0   0.0%   1.228 GU:3    +
   70    87  0   0.0%   0.901 AU:3    +
    1    19  0   0.0%   0.144 AU:3    +
   10    49  0   0.0%   0.165 UG:3    +
   88   100  0   0.0%   0.700 GC:3    +
   46   101  0   0.0%   0.412 UA:3    +
  114   180  0   0.0%   0.671 AU:3    +
   29    35  0   0.0%   0.055 GU:3    +
   13    72  0   0.0%   0.190 UG:3    +
   25   105  0   0.0%   0.233 GU:3    +
  140   172  0   0.0%   0.358 GC:3    +
   39    52  0   0.0%   0.798 GC:3    +
   26   104  0   0.0%   0.117 UA:3    +
   44    81  0   0.0%   0.340 AU:3    +
  179   183  0   0.0%   0.471 GC:3    +
  135   141  0   0.0%   0.006 GC:3    +
   33    48  0   0.0%   0.382 AU:3    +
   86    90  0   0.0%   0.818 UG:3    +
   60    98  0   0.0%   0.486 CG:3    +
  136   170  0   0.0%   0.273 GU:3    +
   45    80  0   0.0%   0.379 GC:3    +
   35    90  0   0.0%   0.192 UG:3    +
   13    20  0   0.0%   0.280 UG:3    +
    2    23  0   0.0%   0.484 GU:3    +
   11    45  0   0.0%   0.054 CG:3    +
    1   180  0   0.0%   0.388 AU:3    +
   50   116  0   0.0%   1.316 GU:3    +
   19    49  0   0.0%   1.170 UG:3    +
    6    81  0   0.0%   0.042 AU:3    +
   23    98  0   0.0%   0.232 UG:3    +
   83   115  0   0.0%   0.980 GC:3    +
  117   178  0   0.0%   0.526 CG:3    +
   48   108  0   0.0%   0.747 UA:3    +
  115   179  0   0.0%   1.023 CG:3    +
  118   177  0   0.0%   0.411 CG:3    +
   19   109  0   0.0%   0.968 UA:3    +
   81   114  0   0.0%   0.579 UA:3    +
   84   114  0   0.0%   1.211 UA:3    +
   30    87  0   0.0%   0.102 GU:3    +
   25   118  0   0.0%   0.216 GC:3    +
   66   179  0   0.0%   0.422 CG:3    +
   19    92  0   0.0%   0.552 UA:3    +
   67   178  0   0.0%   0.426 CG:3    +
    8    81  0   0.0%   0.717 GU:3    +
   39   181  0   0.0%   0.227 GC:3    +
   29   120  0   0.0%   0.178 GC:3    +
   82   116  0   0.0%   0.814 GU:3    +
    9    92  0   0.0%   0.743 UA:3    +
   46    69  0   0.0%   0.393 UA:3    +
   21    90  0   0.0%   0.536 CG:3    +
    3    72  0   0.0%   0.499 CG:3    +
    2    73  0   0.0%   0.508 GC:3    +
   13    92  0   0.0%   0.249 UA:3    +
   27   103  0   0.0%   0.138 UA:3    +
   33    84  0   0.0%   0.080 AU:3    +
   24   108  0   0.0%   0.195 UA:3    +
   56   116  0   0.0%   0.576 AU:3    +
   89    95  0   0.0%   0.653 GU:3    +
    7   105  0   0.0%   0.281 AU:3    +
   15   184  0   0.0%   1.086 GU:3    +
   82   113  0   0.0%   0.883 GU:3    +
   23    74  0   0.0%   0.168 UA:3    +
    5    82  0   0.0%   0.250 CG:3    +
   68   177  0   0.0%   0.254 UG:3    +
   65   180  0   0.0%   0.451 AU:3    +
   84    92  0   0.0%   1.068 UA:3    +
   42    95  0   0.0%   0.256 AU:3    +
   49   115  0   0.0%   1.737 GC:3    +
   52   119  0   0.0%   1.178 CG:3    +
   53   116  0   0.0%   0.606 AU:3    +
   84   126  0   0.0%   0.989 UG:3    +
    1    95  0   0.0%   0.345 AU:3    +
  140   174  0   0.0%   0.335 GC:3    +
  141   173  0   0.0%   0.562 CG:3    +
  139   175  0   0.0%   0.233 GC:3    +
   83   127  0   0.0%   0.395 GC:3    +
   87   101  0   0.0%   0.588 UA:3    +
  139   166  0   0.0%   0.322 GC:3    +
  136   172  0   0.0%   0.271 GC:3    +
    5    85  0   0.0%   0.304 CG:3    +
   13   167  0   0.0%   0.419 UA:3    +
   16    85  0   0.0%   0.721 UG:3    +
   62    87  0   0.0%   0.390 AU:3    +
   65    71  0   0.0%   0.039 AU:3    +
    8    76  0   0.0%   0.679 GC:3    +
    9    75  0   0.0%   0.738 UG:3    +
  117   179  0   0.0%   0.539 CG:3    +
  138   171  0   0.0%   0.239 CG:3    +
   82    95  0   0.0%   0.687 GU:3    +
   12   179  0   0.0%   0.604 CG:3    +
   85   113  0   0.0%   0.915 GU:3    +
  120   155  0   0.0%   0.050 CG:3    +
  121   154  0   0.0%   0.024 CG:3    +
  119   156  0   0.0%   0.116 GU:3    +
  118   157  0   0.0%   0.408 CG:3    +
  134   145  0   0.0%   0.006 GC:3    +
   19    70  0   0.0%   0.508 UA:3    +
   29    52  0   0.0%   0.764 GC:3    +
  135   144  0   0.0%   0.006 GC:3    +
   85   120  0   0.0%   0.448 GC:3    +
   22   110  0   0.0%   0.925 UA:3    +
   86   119  0   0.0%   0.542 UG:3    +
   35    44  0   0.0%   0.349 UA:3    +
  117   158  0   0.0%   0.523 CG:3    +
   34    55  0   0.0%   0.164 GU:3    +
   40   180  0   0.0%   0.121 AU:3    +
   45   117  0   0.0%   0.669 GC:3    +
  133   177  0   0.0%   0.123 UG:3    +
   35    54  0   0.0%   0.186 UA:3    +
  122   153  0   0.0%   0.019 UG:3    +
   98   183  0   0.0%   0.861 GC:3    +
  119   127  0   0.0%   0.135 GC:3    +
  138   177  0   0.0%   0.164 CG:3    +
  120   126  0   0.0%   0.069 CG:3    +
    4    86  0   0.0%   0.329 GU:3    +
  137   178  0   0.0%   0.321 UG:3    +
   81    96  0   0.0%   0.503 UA:3    +
  135   180  0   0.0%   0.196 GU:3    +
   13    94  0   0.0%   0.301 UG:3    +
   43    82  0   0.0%   0.191 CG:3    +
  134   181  0   0.0%   0.372 GC:3    +
   36    84  0   0.0%   0.118 AU:3    +
  139   170  0   0.0%   0.317 GU:3    +
   94   116  0   0.0%   1.848 GU:3    +
   35    85  0   0.0%   0.166 UG:3    +
  118   128  0   0.0%   0.410 CG:3    +
   50   102  0   0.0%   1.186 GU:3    +
   32    46  0   0.0%   0.287 GU:3    +
   15   174  0   0.0%   0.740 GC:3    +
   44   113  0   0.0%   0.789 AU:3    +
    6    84  0   0.0%   0.069 AU:3    +
   18   180  0   0.0%   0.671 GU:3    +
   13    45  0   0.0%   0.059 UG:3    +
    4   102  0   0.0%   0.334 GU:3    +
   10    74  0   0.0%   0.760 UA:3    +
   26    54  0   0.0%   0.168 UA:3    +
   25    55  0   0.0%   0.173 GU:3    +
   92   184  0   0.0%   0.705 AU:3    +
    4   112  0   0.0%   0.340 GU:3    +
    2   105  0   0.0%   0.623 GU:3    +
   41   179  0   0.0%   0.115 CG:3    +
   68    72  0   0.0%   0.050 UG:3    +
   34    63  0   0.0%   0.100 GC:3    +
   62    68  0   0.0%   0.100 AU:3    +
   46    53  0   0.0%   0.338 UA:3    +
   12   168  0   0.0%   0.595 CG:3    +
   43   119  0   0.0%   0.224 CG:3    +
   36    55  0   0.0%   0.157 AU:3    +
   27    53  0   0.0%   0.140 UA:3    +
  145   158  0   0.0%   0.693 CG:3    +
   16   173  0   0.0%   0.890 UG:3    +
  133   146  0   0.0%   0.005 UA:3    +
   18   117  0   0.0%   0.839 GC:3    +
   16    45  0   0.0%   0.220 UG:3    +
   45    91  0   0.0%   0.372 GC:3    +
   22    89  0   0.0%   0.463 UG:3    +
   42    55  0   0.0%   0.194 AU:3    +
  137   171  0   0.0%   0.398 UG:3    +
   15    79  0   0.0%   0.497 GU:3    +
  119   184  0   0.0%   0.794 GU:3    +
   69    86  0   0.0%   0.242 AU:3    +
   88   115  0   0.0%   1.020 GC:3    +
   22    56  0   0.0%   0.455 UA:3    +
   45   112  0   0.0%   0.772 GU:3    +
    2    22  0   0.0%   0.655 GU:3    +
   61    68  0   0.0%   0.191 AU:3    +
   55   110  0   0.0%   0.737 UA:3    +
   35    62  0   0.0%   0.124 UA:3    +
   16   109  0   0.0%   1.102 UA:3    +
   24    56  0   0.0%   0.210 UA:3    +
   84    93  0   0.0%   1.140 UA:3    +
   11    25  0   0.0%   0.050 CG:3    +
   22    92  0   0.0%   0.462 UA:3    +
    2    80  0   0.0%   0.510 GC:3    +
   57   115  0   0.0%   0.983 GC:3    +
    1    16  0   0.0%   0.144 AU:3    +
   44   102  0   0.0%   0.332 AU:3    +
   85   111  0   0.0%   0.902 GC:3    +
   86   110  0   0.0%   0.835 UA:3    +
  118   178  0   0.0%   0.411 CG:3    +
   77   149  0   0.0%   0.277 GC:3    +
   76   150  0   0.0%   0.181 CG:3    +
   78   148  0   0.0%   0.566 GC:3    +
   75   151  0   0.0%   0.276 GU:3    +
    4    71  0   0.0%   0.270 GU:3    +
  138   173  0   0.0%   0.236 CG:3    +
   80    85  0   0.0%   0.644 CG:3    +
   11   161  0   0.0%   0.725 CG:3    +
   74   152  0   0.0%   0.265 AU:3    +
   73   153  0   0.0%   0.563 CG:3    +
   45    76  0   0.0%   0.349 GC:3    +
   35    56  0   0.0%   0.151 UA:3    +
   12   160  0   0.0%   0.595 CG:3    +
  133   182  0   0.0%   0.387 UA:3    +
    8   113  0   0.0%   1.405 GU:3    +
   26    30  0   0.0%   0.027 UG:3    +
   95   119  0   0.0%   1.464 UG:3    +
   87   109  0   0.0%   0.731 UA:3    +
    4   105  0   0.0%   0.333 GU:3    +
   13    99  0   0.0%   0.287 UA:3    +
   42   113  0   0.0%   0.631 AU:3    +
   83    91  0   0.0%   0.546 GC:3    +
   54   116  0   0.0%   0.660 AU:3    +
   84    90  0   0.0%   1.354 UG:3    +
   79   147  0   0.0%   0.575 UA:3    +
   33    86  0   0.0%   0.136 AU:3    +
    1    81  0   0.0%   0.324 AU:3    +
   33    46  0   0.0%   0.286 AU:3    +
   62    71  0   0.0%   0.122 AU:3    +
    6   105  0   0.0%   0.114 AU:3    +
    5    50  0   0.0%   0.245 CG:3    +
   49   105  0   0.0%   1.264 GU:3    +
   46    75  0   0.0%   0.461 UG:3    +
   76   124  0   0.0%   0.194 CG:3    +
   75   125  0   0.0%   0.288 GC:3    +
   22    32  0   0.0%   0.195 UG:3    +
   24    70  0   0.0%   0.183 UA:3    +
   83   121  0   0.0%   0.397 GC:3    +
   19   104  0   0.0%   0.664 UA:3    +
  178   184  0   0.0%   0.362 GU:3    +
  112   119  0   0.0%   0.897 UG:3    +
   18    71  0   0.0%   0.524 GU:3    +
   94   120  0   0.0%   1.069 GC:3    +
   18   105  0   0.0%   0.731 GU:3    +
   63    75  0   0.0%   0.168 CG:3    +
   82   122  0   0.0%   0.386 GU:3    +
   22   182  0   0.0%   0.796 UA:3    +
   51   102  0   0.0%   1.497 AU:3    +
   71   155  0   0.0%   0.602 UG:3    +
    9   169  0   0.0%   1.170 UA:3    +
   59    90  0   0.0%   0.530 CG:3    +
   20    68  0   0.0%   0.510 GU:3    +
    8    28  0   0.0%   0.310 GC:3    +
  113   119  0   0.0%   1.303 UG:3    +
   90    95  0   0.0%   0.722 GU:3    +
   98   116  0   0.0%   1.256 GU:3    +
   32   116  0   0.0%   0.355 GU:3    +
   10    18  0   0.0%   0.350 UG:3    +
    9    50  0   0.0%   0.404 UG:3    +
   21   179  0   0.0%   0.562 CG:3    +
   17    84  0   0.0%   0.180 AU:3    +
   28    89  0   0.0%   0.092 CG:3    +
   78   183  0   0.0%   0.978 GC:3    +
   41    94  0   0.0%   0.240 CG:3    +
   16    92  0   0.0%   0.679 UA:3    +
   38   183  0   0.0%   0.597 GC:3    +
   44    55  0   0.0%   0.331 AU:3    +
   83   112  0   0.0%   0.818 GU:3    +
    4    48  0   0.0%   0.264 GU:3    +
   80   124  0   0.0%   0.280 CG:3    +
  125   150  0   0.0%   0.024 CG:3    +
   82   145  0   0.0%   0.369 GC:3    +
  126   149  0   0.0%   0.019 GC:3    +
   83   144  0   0.0%   0.376 GC:3    +
   48   106  0   0.0%   0.863 UA:3    +
  124   151  0   0.0%   0.021 GU:3    +
   65    81  0   0.0%   0.145 AU:3    +
    2    27  0   0.0%   0.501 GU:3    +
  151   155  0   0.0%   0.637 UG:3    +
   64    79  0   0.0%   0.049 AU:3    +
   77   123  0   0.0%   0.289 GU:3    +
  118   126  0   0.0%   0.426 CG:3    +
   81   146  0   0.0%   0.334 UA:3    +
  112   182  0   0.0%   1.065 UA:3    +
   68   103  0   0.0%   0.442 UA:3    +
   13   119  0   0.0%   0.482 UG:3    +
   67    90  0   0.0%   0.806 CG:3    +
    8   180  0   0.0%   1.157 GU:3    +
   40    95  0   0.0%   0.233 AU:3    +
   19    98  0   0.0%   0.683 UG:3    +
   44    58  0   0.0%   0.267 AU:3    +
   58   114  0   0.0%   0.608 UA:3    +
   30   100  0   0.0%   0.144 GC:3    +
   10   168  0   0.0%   1.123 UG:3    +
   22    94  0   0.0%   0.676 UG:3    +
   70   156  0   0.0%   0.504 AU:3    +
   85   141  0   0.0%   0.401 GC:3    +
   86   140  0   0.0%   0.433 UG:3    +
   15   113  0   0.0%   0.979 GU:3    +
   30    48  0   0.0%   0.347 GU:3    +
  130   148  0   0.0%   0.005 GC:3    +
   79   182  0   0.0%   0.847 UA:3    +
   37    83  0   0.0%   0.242 CG:3    +
   88    95  0   0.0%   0.722 GU:3    +
   87   139  0   0.0%   0.420 UG:3    +
   61    81  0   0.0%   0.262 AU:3    +
   19    45  0   0.0%   0.347 UG:3    +
   35   109  0   0.0%   0.437 UA:3    +
  139   172  0   0.0%   0.315 GC:3    +
   66   158  0   0.0%   0.410 CG:3    +
   19   107  0   0.0%   0.660 UA:3    +
   53   105  0   0.0%   0.296 AU:3    +
   23   110  0   0.0%   0.565 UA:3    +
   68    89  0   0.0%   0.567 UG:3    +
   67   157  0   0.0%   0.423 CG:3    +
   78   122  0   0.0%   0.581 GU:3    +
   64    68  0   0.0%   0.006 AU:3    +
   24    64  0   0.0%   0.181 UA:3    +
   88   138  0   0.0%   0.442 GC:3    +
   23    65  0   0.0%   0.113 UA:3    +
   68   104  0   0.0%   0.263 UA:3    +
   22    29  0   0.0%   0.196 UG:3    +
   19    50  0   0.0%   1.193 UG:3    +
   10   101  0   0.0%   0.800 UA:3    +
   16    38  0   0.0%   0.213 UG:3    +
   88   181  0   0.0%   0.564 GC:3    +
  128   149  0   0.0%   0.003 GC:3    +
  172   179  0   0.0%   0.148 CG:3    +
  127   150  0   0.0%   0.020 CG:3    +
    9    47  0   0.0%   0.404 UA:3    +
   54   180  0   0.0%   0.219 AU:3    +
   41    77  0   0.0%   0.171 CG:3    +
   80   119  0   0.0%   0.366 CG:3    +
   55   107  0   0.0%   0.340 UA:3    +
   63    77  0   0.0%   0.171 CG:3    +
    2    79  0   0.0%   0.511 GU:3    +
   23    29  0   0.0%   0.026 UG:3    +
   77   184  0   0.0%   0.599 GU:3    +
   55   108  0   0.0%   0.343 UA:3    +
   32    87  0   0.0%   0.135 GU:3    +
   11    57  0   0.0%   0.663 CG:3    +
  128   148  0   0.0%   0.003 GC:3    +
   24   109  0   0.0%   0.499 UA:3    +
   30    46  0   0.0%   0.246 GU:3    +
  116   178  0   0.0%   0.850 UG:3    +
   65   159  0   0.0%   0.438 AU:3    +
   28    50  0   0.0%   0.796 CG:3    +
  126   151  0   0.0%   0.019 GU:3    +
   55   109  0   0.0%   0.647 UA:3    +
   14   180  0   0.0%   0.480 AU:3    +
   27    34  0   0.0%   0.060 UG:3    +
   53   102  0   0.0%   0.373 AU:3    +
   13    40  0   0.0%   0.069 UA:3    +
   63   140  0   0.0%   0.250 CG:3    +
   76    88  0   0.0%   0.565 CG:3    +
    8    48  0   0.0%   0.320 GU:3    +
   48    64  0   0.0%   0.576 UA:3    +
   77    87  0   0.0%   0.680 GU:3    +
   60    82  0   0.0%   0.310 CG:3    +
   47   184  0   0.0%   0.783 AU:3    +
    9   103  0   0.0%   0.766 UA:3    +
   78   111  0   0.0%   1.073 GC:3    +
   25    63  0   0.0%   0.108 GC:3    +
   64    95  0   0.0%   0.701 AU:3    +
   23    96  0   0.0%   0.278 UA:3    +
   21    30  0   0.0%   0.234 CG:3    +
   59    83  0   0.0%   0.334 CG:3    +
   79   110  0   0.0%   0.979 UA:3    +
  116   179  0   0.0%   0.863 UG:3    +
  117   177  0   0.0%   0.526 CG:3    +
   26    62  0   0.0%   0.106 UA:3    +
   82    91  0   0.0%   0.543 GC:3    +
   53   180  0   0.0%   0.166 AU:3    +
   60    89  0   0.0%   0.460 CG:3    +
   84   142  0   0.0%   0.971 UA:3    +
   16   119  0   0.0%   0.948 UG:3    +
    4    41  0   0.0%   0.262 GC:3    +
  127   134  0   0.0%   0.025 CG:3    +
   18    46  0   0.0%   0.378 GU:3    +
   84   104  0   0.0%   0.982 UA:3    +
   12    85  0   0.0%   0.625 CG:3    +
   72   127  0   0.0%   0.550 GC:3    +
  131   147  0   0.0%   0.005 UA:3    +
   39   112  0   0.0%   0.542 GU:3    +
  125   136  0   0.0%   0.029 CG:3    +
   78    86  0   0.0%   0.983 GU:3    +
   73   126  0   0.0%   0.571 CG:3    +
   46    50  0   0.0%   0.979 UG:3    +
   12    72  0   0.0%   0.498 CG:3    +
   88   111  0   0.0%   0.909 GC:3    +
   15   120  0   0.0%   0.776 GC:3    +
  138   158  0   0.0%   0.000 CG:3    +
   83   105  0   0.0%   0.512 GU:3    +
   69   102  0   0.0%   0.481 AU:3    +
   71   128  0   0.0%   0.600 UG:3    +
   96   184  0   0.0%   1.161 AU:3    +
    3    30  0   0.0%   0.493 CG:3    +
   39   105  0   0.0%   0.217 GU:3    +
   19   108  0   0.0%   0.663 UA:3    +
   25   100  0   0.0%   0.232 GC:3    +
   13    65  0   0.0%   0.186 UA:3    +
    3    78  0   0.0%   0.503 CG:3    +
    9    98  0   0.0%   0.765 UG:3    +
    2   121  0   0.0%   0.905 GC:3    +
   46   109  0   0.0%   0.862 UA:3    +
  126   175  0   0.0%   0.128 GC:3    +
    2    43  0   0.0%   0.500 GC:3    +
   39    46  0   0.0%   0.351 GU:3    +
  124   137  0   0.0%   0.025 GU:3    +
   34    80  0   0.0%   0.170 GC:3    +
  129   147  0   0.0%   0.005 UA:3    +
   16    94  0   0.0%   0.725 UG:3    +
   23   104  0   0.0%   0.195 UA:3    +
  115   160  0   0.0%   1.008 CG:3    +
   51   184  0   0.0%   1.703 AU:3    +
   65    97  0   0.0%   0.683 AU:3    +
   22    96  0   0.0%   0.639 UA:3    +
   33    81  0   0.0%   0.124 AU:3    +
   77   112  0   0.0%   0.722 GU:3    +
   48   109  0   0.0%   1.052 UA:3    +
  171   180  0   0.0%   0.285 GU:3    +
   62    97  0   0.0%   0.475 AU:3    +
    2    63  0   0.0%   0.507 GC:3    +
   62    81  0   0.0%   0.172 AU:3    +
   16    74  0   0.0%   0.690 UA:3    +
   18    55  0   0.0%   0.569 GU:3    +
  132   147  0   0.0%   0.005 UA:3    +
   27    90  0   0.0%   0.154 UG:3    +
   22    98  0   0.0%   0.592 UG:3    +
    2   175  0   0.0%   0.924 GC:3    +
   56   180  0   0.0%   0.135 AU:3    +
   23    53  0   0.0%   0.136 UA:3    +
    9    32  0   0.0%   0.390 UG:3    +
  173   181  0   0.0%   0.426 GC:3    +
   81    92  0   0.0%   0.441 UA:3    +
   22   178  0   0.0%   0.549 UG:3    +
   80    88  0   0.0%   0.649 CG:3    +
   57   181  0   0.0%   0.492 GC:3    +
   37    77  0   0.0%   0.218 CG:3    +
   38    76  0   0.0%   0.160 GC:3    +
    7    46  0   0.0%   0.196 AU:3    +
   68   106  0   0.0%   0.373 UA:3    +
   27    61  0   0.0%   0.082 UA:3    +
   30   180  0   0.0%   0.136 GU:3    +
   10    94  0   0.0%   0.812 UG:3    +
   24   101  0   0.0%   0.195 UA:3    +
   20   183  0   0.0%   1.052 GC:3    +
   34    84  0   0.0%   0.125 GU:3    +
   89   137  0   0.0%   0.386 GU:3    +
   37    98  0   0.0%   0.202 CG:3    +
   69   105  0   0.0%   0.403 AU:3    +
   18   184  0   0.0%   1.001 GU:3    +
   47   180  0   0.0%   0.471 AU:3    +
   57   112  0   0.0%   0.822 GU:3    +
   75    91  0   0.0%   0.450 GC:3    +
   39   183  0   0.0%   0.506 GC:3    +
   22    47  0   0.0%   0.671 UA:3    +
   13    64  0   0.0%   0.186 UA:3    +
   34   100  0   0.0%   0.222 GC:3    +
   76    90  0   0.0%   0.565 CG:3    +
  128   133  0   0.0%   0.007 GU:3    +
   26    99  0   0.0%   0.206 UA:3    +
   20    66  0   0.0%   0.508 GC:3    +
  140   156  0   0.0%   0.001 GU:3    +
   18    68  0   0.0%   0.508 GU:3    +
  141   155  0   0.0%   0.001 CG:3    +
   25    73  0   0.0%   0.132 GC:3    +
  172   178  0   0.0%   0.133 CG:3    +
  136   141  0   0.0%   0.005 GC:3    +
   81   104  0   0.0%   0.350 UA:3    +
   21    50  0   0.0%   1.114 CG:3    +
   87    96  0   0.0%   0.580 UA:3    +
   35    99  0   0.0%   0.222 UA:3    +
   57    80  0   0.0%   0.333 GC:3    +
   70   129  0   0.0%   0.499 AU:3    +
   59    78  0   0.0%   0.272 CG:3    +
  128   166  0   0.0%   0.005 GC:3    +
   60    77  0   0.0%   0.313 CG:3    +
   56    81  0   0.0%   0.120 AU:3    +
   38   181  0   0.0%   0.318 GC:3    +
    8   170  0   0.0%   1.156 GU:3    +
    9    83  0   0.0%   0.762 UG:3    +
  177   181  0   0.0%   0.360 GC:3    +
   47   112  0   0.0%   0.899 AU:3    +
   87   182  0   0.0%   0.691 UA:3    +
   32    52  0   0.0%   0.747 GC:3    +
    2    48  0   0.0%   0.503 GU:3    +
  129   165  0   0.0%   0.008 UA:3    +
   80    94  0   0.0%   0.503 CG:3    +
   42    46  0   0.0%   0.379 AU:3    +
   30    59  0   0.0%   0.018 GC:3    +
   29    60  0   0.0%   0.070 GC:3    +
   79    89  0   0.0%   0.893 UG:3    +
    1    48  0   0.0%   0.323 AU:3    +
   84   143  0   0.0%   0.971 UG:3    +
   31    58  0   0.0%   0.078 AU:3    +
   21    25  0   0.0%   0.257 CG:3    +
   26    31  0   0.0%   0.076 UA:3    +
   22    49  0   0.0%   1.093 UG:3    +
   50   184  0   0.0%   1.425 GU:3    +
   23   177  0   0.0%   0.189 UG:3    +
   15   116  0   0.0%   0.910 GU:3    +
   46    61  0   0.0%   0.293 UA:3    +
   26    72  0   0.0%   0.133 UG:3    +
   45   184  0   0.0%   0.678 GU:3    +
   64    86  0   0.0%   0.559 AU:3    +
   22    54  0   0.0%   0.476 UA:3    +
   15    23  0   0.0%   0.072 GU:3    +
   46    90  0   0.0%   0.466 UG:3    +
  161   174  0   0.0%   0.469 GC:3    +
  160   166  0   0.0%   0.313 GC:3    +
  162   173  0   0.0%   0.586 CG:3    +
  160   175  0   0.0%   0.224 GC:3    +
   24    32  0   0.0%   0.124 UG:3    +
   77    91  0   0.0%   0.452 GC:3    +
    9    44  0   0.0%   0.404 UA:3    +
   15    81  0   0.0%   0.617 GU:3    +
  120   136  0   0.0%   0.054 CG:3    +
  121   135  0   0.0%   0.029 CG:3    +
  120   177  0   0.0%   0.053 CG:3    +
   38   184  0   0.0%   0.512 GU:3    +
   54    86  0   0.0%   0.165 AU:3    +
   14    24  0   0.0%   0.142 AU:3    +
  140   166  0   0.0%   0.364 GC:3    +
   67   177  0   0.0%   0.426 CG:3    +
   32    41  0   0.0%   0.134 GC:3    +
   18    41  0   0.0%   0.309 GC:3    +
   66   178  0   0.0%   0.413 CG:3    +
   55    85  0   0.0%   0.133 UG:3    +
   20    67  0   0.0%   0.510 GC:3    +
   53    87  0   0.0%   0.142 AU:3    +
   20    52  0   0.0%   1.180 GC:3    +
   20    26  0   0.0%   0.257 GU:3    +
   51   112  0   0.0%   1.723 AU:3    +
  122   134  0   0.0%   0.024 UG:3    +
   27    51  0   0.0%   1.072 UA:3    +
   30    52  0   0.0%   0.712 GC:3    +
   87   107  0   0.0%   0.423 UA:3    +
   51   105  0   0.0%   1.420 AU:3    +
  120   140  0   0.0%   0.050 CG:3    +
   10    47  0   0.0%   0.163 UA:3    +
  119   141  0   0.0%   0.116 GC:3    +
  137   160  0   0.0%   0.005 UG:3    +
   24    45  0   0.0%   0.311 UG:3    +
  121   139  0   0.0%   0.026 CG:3    +
   34   183  0   0.0%   0.594 GC:3    +
  125   130  0   0.0%   0.029 CG:3    +
   87   106  0   0.0%   0.542 UA:3    +
   84    89  0   0.0%   1.285 UG:3    +
   38    97  0   0.0%   0.216 GU:3    +
   19    54  0   0.0%   0.556 UA:3    +
   58    92  0   0.0%   0.465 UA:3    +
  137   142  0   0.0%   0.005 UA:3    +
   30   115  0   0.0%   0.477 GC:3    +
   52    88  0   0.0%   1.032 CG:3    +
    4    63  0   0.0%   0.270 GC:3    +
   88   105  0   0.0%   0.545 GU:3    +
  124   131  0   0.0%   0.025 GU:3    +
   11    72  0   0.0%   0.663 CG:3    +
   13    25  0   0.0%   0.072 UG:3    +
   80   168  0   0.0%   0.262 CG:3    +
   39    91  0   0.0%   0.162 GC:3    +
   55    82  0   0.0%   0.153 UG:3    +
  134   141  0   0.0%   0.006 GC:3    +
   68    92  0   0.0%   0.352 UA:3    +
   81   167  0   0.0%   0.334 UA:3    +
   18   113  0   0.0%   1.069 GU:3    +
   68   176  0   0.0%   0.252 UA:3    +
   81    93  0   0.0%   0.512 UA:3    +
    1   122  0   0.0%   0.388 AU:3    +
   50   113  0   0.0%   1.483 GU:3    +
   79   169  0   0.0%   0.576 UA:3    +
   24   103  0   0.0%   0.238 UA:3    +
   70   133  0   0.0%   0.508 AU:3    +
   82   166  0   0.0%   0.371 GC:3    +
    4    27  0   0.0%   0.268 GU:3    +
    6    22  0   0.0%   0.182 AU:3    +
   19    53  0   0.0%   0.544 UA:3    +
   78   115  0   0.0%   1.176 GC:3    +
   32    86  0   0.0%   0.136 GU:3    +
   20    63  0   0.0%   0.510 GC:3    +
   79   114  0   0.0%   0.819 UA:3    +
   38    46  0   0.0%   0.360 GU:3    +
    6    86  0   0.0%   0.069 AU:3    +
   23    99  0   0.0%   0.284 UA:3    +
  115   130  0   0.0%   1.012 CG:3    +
   35   182  0   0.0%   0.479 UA:3    +
   91   135  0   0.0%   0.220 CG:3    +
   38   113  0   0.0%   0.700 GU:3    +
   19    90  0   0.0%   0.619 UG:3    +
   33    55  0   0.0%   0.120 AU:3    +
   49   113  0   0.0%   1.641 GU:3    +
   23   114  0   0.0%   0.325 UA:3    +
   86   107  0   0.0%   0.436 UA:3    +
   23    50  0   0.0%   0.787 UG:3    +
  118   139  0   0.0%   0.410 CG:3    +
   45   113  0   0.0%   0.829 GU:3    +
   23    94  0   0.0%   0.316 UG:3    +
   23    88  0   0.0%   0.175 UG:3    +
    3   178  0   0.0%   0.688 CG:3    +
   41    98  0   0.0%   0.155 CG:3    +
    9    77  0   0.0%   0.735 UG:3    +
   46   107  0   0.0%   0.555 UA:3    +
  133   142  0   0.0%   0.005 UA:3    +
  132   146  0   0.0%   0.004 UA:3    +
   27    98  0   0.0%   0.131 UG:3    +
   49    63  0   0.0%   1.055 GC:3    +
   61    86  0   0.0%   0.271 AU:3    +
   28    98  0   0.0%   0.135 CG:3    +
    1   129  0   0.0%   0.388 AU:3    +
  114   131  0   0.0%   0.658 AU:3    +
   50   112  0   0.0%   1.414 GU:3    +
   33   184  0   0.0%   0.457 AU:3    +
   18    28  0   0.0%   0.242 GC:3    +
   14    26  0   0.0%   0.144 AU:3    +
   30    67  0   0.0%   0.022 GC:3    +
  119   138  0   0.0%   0.116 GC:3    +
   19    40  0   0.0%   0.297 UA:3    +
   29   116  0   0.0%   0.256 GU:3    +
   52    85  0   0.0%   1.014 CG:3    +
   24   176  0   0.0%   0.186 UA:3    +
   29    68  0   0.0%   0.074 GU:3    +
  158   174  0   0.0%   0.357 GC:3    +
   11    75  0   0.0%   0.664 CG:3    +
   27   182  0   0.0%   0.337 UA:3    +
  157   175  0   0.0%   0.426 GC:3    +
   10   163  0   0.0%   1.121 UA:3    +
  117   128  0   0.0%   0.525 CG:3    +
   53    84  0   0.0%   0.087 AU:3    +
   18    24  0   0.0%   0.257 GU:3    +
   86   108  0   0.0%   0.439 UA:3    +
   13   178  0   0.0%   0.423 UG:3    +
   56    84  0   0.0%   0.073 AU:3    +
   35    83  0   0.0%   0.209 UG:3    +
   23    56  0   0.0%   0.140 UA:3    +
   40   112  0   0.0%   0.542 AU:3    +
   24    93  0   0.0%   0.283 UA:3    +
   23   103  0   0.0%   0.238 UA:3    +
    2    87  0   0.0%   0.557 GU:3    +
   75   172  0   0.0%   0.281 GC:3    +
   88   183  0   0.0%   0.855 GC:3    +
   76   171  0   0.0%   0.187 CG:3    +
  159   173  0   0.0%   0.550 UG:3    +
   10    44  0   0.0%   0.163 UA:3    +
   19   103  0   0.0%   0.707 UA:3    +
   63    90  0   0.0%   0.400 CG:3    +
   27   119  0   0.0%   0.148 UG:3    +
   19    64  0   0.0%   0.507 UA:3    +
   48   110  0   0.0%   1.142 UA:3    +
   82   175  0   0.0%   0.369 GC:3    +
   81   176  0   0.0%   0.335 UA:3    +
   55   179  0   0.0%   0.348 UG:3    +
   23    64  0   0.0%   0.112 UA:3    +
   94   125  0   0.0%   1.044 GC:3    +
   95   124  0   0.0%   1.371 UG:3    +
   32   181  0   0.0%   0.299 GC:3    +
   80   177  0   0.0%   0.264 CG:3    +
   15    95  0   0.0%   0.587 GU:3    +
   77   181  0   0.0%   0.398 GC:3    +
    7    58  0   0.0%   0.206 AU:3    +
   77   116  0   0.0%   0.724 GU:3    +
  117   140  0   0.0%   0.523 CG:3    +
  175   179  0   0.0%   0.058 CG:3    +
   15    19  0   0.0%   0.259 GU:3    +
  159   167  0   0.0%   0.540 UA:3    +
   23    49  0   0.0%   0.765 UG:3    +
   55    99  0   0.0%   0.434 UA:3    +
  132   163  0   0.0%   0.004 UA:3    +
   57    63  0   0.0%   0.352 GC:3    +
    5    78  0   0.0%   0.250 CG:3    +
  145   150  0   0.0%   0.001 CG:3    +
   10    65  0   0.0%   0.760 UA:3    +
    9    57  0   0.0%   0.735 UG:3    +
   89    97  0   0.0%   0.582 GU:3    +
   81   103  0   0.0%   0.529 UA:3    +
   24    74  0   0.0%   0.237 UA:3    +
    7    48  0   0.0%   0.194 AU:3    +
   24    98  0   0.0%   0.231 UG:3    +
   96   123  0   0.0%   0.851 AU:3    +
    2   125  0   0.0%   0.905 GC:3    +
    3   124  0   0.0%   0.669 CG:3    +
   73   173  0   0.0%   0.568 CG:3    +
   35    82  0   0.0%   0.183 UG:3    +
   32   100  0   0.0%   0.177 GC:3    +
   72   174  0   0.0%   0.546 GC:3    +
  179   184  0   0.0%   0.376 GU:3    +
   42    97  0   0.0%   0.227 AU:3    +
   10    70  0   0.0%   0.760 UA:3    +
   94   184  0   0.0%   1.354 GU:3    +
   51    86  0   0.0%   1.333 AU:3    +
   25   175  0   0.0%   0.108 GC:3    +
   48   114  0   0.0%   0.978 UA:3    +
    4    79  0   0.0%   0.275 GU:3    +
   25   120  0   0.0%   0.150 GC:3    +
    9   168  0   0.0%   1.170 UG:3    +
  110   180  0   0.0%   0.695 AU:3    +
  171   181  0   0.0%   0.429 GC:3    +
  133   178  0   0.0%   0.120 UG:3    +
   27    31  0   0.0%   0.060 UA:3    +
    9    49  0   0.0%   0.405 UG:3    +
   90    97  0   0.0%   0.651 GU:3    +
   23    33  0   0.0%   0.127 UA:3    +
    9    45  0   0.0%   0.408 UG:3    +
    9   164  0   0.0%   1.167 UA:3    +
   48   107  0   0.0%   0.744 UA:3    +
   30   120  0   0.0%   0.172 GC:3    +
   24    54  0   0.0%   0.245 UA:3    +
   61    84  0   0.0%   0.216 AU:3    +
   85   183  0   0.0%   0.815 GC:3    +
   27    36  0   0.0%   0.066 UA:3    +
   42    71  0   0.0%   0.146 AU:3    +
   67    98  0   0.0%   0.554 CG:3    +
   27    99  0   0.0%   0.184 UA:3    +
   93   132  0   0.0%   0.819 AU:3    +
    1    26  0   0.0%   0.317 AU:3    +
  136   144  0   0.0%   0.005 GC:3    +
   92   133  0   0.0%   0.386 AU:3    +
   58    62  0   0.0%   0.343 UA:3    +
   46   108  0   0.0%   0.557 UA:3    +
   24   119  0   0.0%   0.248 UG:3    +
   41    72  0   0.0%   0.131 CG:3    +
   15   180  0   0.0%   0.741 GU:3    +
   22    30  0   0.0%   0.195 UG:3    +
   96   129  0   0.0%   0.839 AU:3    +
   29    97  0   0.0%   0.171 GU:3    +
   10    82  0   0.0%   0.772 UG:3    +
   97   128  0   0.0%   0.789 UG:3    +
   42   112  0   0.0%   0.565 AU:3    +
   53    58  0   0.0%   0.307 AU:3    +
   81   106  0   0.0%   0.460 UA:3    +
  117   130  0   0.0%   0.527 CG:3    +
   10   167  0   0.0%   1.123 UA:3    +
  132   179  0   0.0%   0.092 UG:3    +
   96   180  0   0.0%   0.847 AU:3    +
   98   127  0   0.0%   0.454 GC:3    +
   51   113  0   0.0%   1.792 AU:3    +
  110   184  0   0.0%   1.005 AU:3    +
  135   145  0   0.0%   0.006 GC:3    +
   22   104  0   0.0%   0.556 UA:3    +
   39   113  0   0.0%   0.609 GU:3    +
   20    48  0   0.0%   0.823 GU:3    +
    3    83  0   0.0%   0.503 CG:3    +
   17    23  0   0.0%   0.034 AU:3    +
  134   172  0   0.0%   0.152 GC:3    +
   29   121  0   0.0%   0.152 GC:3    +
   98   120  0   0.0%   0.484 GC:3    +
   95   130  0   0.0%   1.356 UG:3    +
   87    93  0   0.0%   0.590 UA:3    +
   65   102  0   0.0%   0.657 AU:3    +
   82   105  0   0.0%   0.505 GU:3    +
   15   162  0   0.0%   0.734 GC:3    +
   76    98  0   0.0%   0.314 CG:3    +
   78   170  0   0.0%   0.570 GU:3    +
   15    24  0   0.0%   0.070 GU:3    +
    3    89  0   0.0%   0.530 CG:3    +
   43    85  0   0.0%   0.171 CG:3    +
   30    43  0   0.0%   0.106 GC:3    +
   77    97  0   0.0%   0.523 GU:3    +
  132   143  0   0.0%   0.004 UG:3    +
   48    92  0   0.0%   0.651 UA:3    +
   79   178  0   0.0%   0.578 UG:3    +
   22    51  0   0.0%   1.395 UA:3    +
   64   184  0   0.0%   0.699 AU:3    +
   29   102  0   0.0%   0.140 GU:3    +
  105   182  0   0.0%   0.797 UA:3    +
   16   161  0   0.0%   0.884 UG:3    +
    6    27  0   0.0%   0.041 AU:3    +
    2    84  0   0.0%   0.510 GU:3    +
   83   100  0   0.0%   0.659 GC:3    +
    8    46  0   0.0%   0.323 GU:3    +
    5   178  0   0.0%   0.398 CG:3    +
   86   182  0   0.0%   0.705 UA:3    +
   94   131  0   0.0%   1.025 GU:3    +
   82   181  0   0.0%   0.490 GC:3    +
   84    99  0   0.0%   1.068 UA:3    +
   27    32  0   0.0%   0.059 UG:3    +
   31    48  0   0.0%   0.404 AU:3    +
  170   182  0   0.0%   0.402 UA:3    +
   22    39  0   0.0%   0.269 UG:3    +
   43   179  0   0.0%   0.134 CG:3    +
   49    91  0   0.0%   1.029 GC:3    +
   50   120  0   0.0%   1.138 GC:3    +
   32    67  0   0.0%   0.057 GC:3    +
   19   106  0   0.0%   0.778 UA:3    +
   16    64  0   0.0%   0.654 UA:3    +
   50    87  0   0.0%   1.040 GU:3    +
   22    65  0   0.0%   0.427 UA:3    +
    7    79  0   0.0%   0.204 AU:3    +
   83   174  0   0.0%   0.381 GC:3    +
   46   119  0   0.0%   0.667 UG:3    +
   12    90  0   0.0%   0.651 CG:3    +
   31    68  0   0.0%   0.078 AU:3    +
   48    65  0   0.0%   0.581 UA:3    +
  125   171  0   0.0%   0.029 CG:3    +
  119   175  0   0.0%   0.116 GC:3    +
   49   121  0   0.0%   1.270 GC:3    +
  148   157  0   0.0%   0.706 CG:3    +
   57   118  0   0.0%   0.733 GC:3    +
  111   134  0   0.0%   0.999 CG:3    +
   26   119  0   0.0%   0.169 UG:3    +
  173   183  0   0.0%   0.525 GC:3    +
   12   161  0   0.0%   0.595 CG:3    +
  174   178  0   0.0%   0.102 CG:3    +
  166   171  0   0.0%   0.209 CG:3    +
   20   172  0   0.0%   0.648 GC:3    +
  130   145  0   0.0%   0.005 GC:3    +
  124   172  0   0.0%   0.026 GC:3    +
  126   170  0   0.0%   0.024 GU:3    +
   19   173  0   0.0%   0.685 UG:3    +
   21   171  0   0.0%   0.560 CG:3    +
    7    71  0   0.0%   0.205 AU:3    +
  115   161  0   0.0%   1.008 CG:3    +
   15    28  0   0.0%   0.057 GC:3    +
   18   174  0   0.0%   0.670 GC:3    +
   36   105  0   0.0%   0.215 AU:3    +
   26    33  0   0.0%   0.075 UA:3    +
  168   183  0   0.0%   0.456 GC:3    +
  113   134  0   0.0%   1.194 UG:3    +
  159   176  0   0.0%   0.475 UA:3    +
  112   135  0   0.0%   0.787 UG:3    +
   34    86  0   0.0%   0.180 GU:3    +
  137   143  0   0.0%   0.005 UG:3    +
   42   184  0   0.0%   0.431 AU:3    +
   24   104  0   0.0%   0.195 UA:3    +
   77   183  0   0.0%   0.689 GC:3    +
  111   136  0   0.0%   0.998 CG:3    +
    7   170  0   0.0%   0.700 AU:3    +
   82   111  0   0.0%   0.869 GC:3    +
   29   117  0   0.0%   0.247 GC:3    +
  109   184  0   0.0%   0.698 AU:3    +
   39    67  0   0.0%   0.091 GC:3    +
   32    48  0   0.0%   0.382 GU:3    +
  114   133  0   0.0%   0.658 AU:3    +
    6    46  0   0.0%   0.038 AU:3    +
   72    87  0   0.0%   0.937 GU:3    +
  160   172  0   0.0%   0.307 GC:3    +
   13   163  0   0.0%   0.418 UA:3    +
  111   179  0   0.0%   1.009 CG:3    +
   38   117  0   0.0%   0.513 GC:3    +
   33   180  0   0.0%   0.160 AU:3    +
   82   102  0   0.0%   0.584 GU:3    +
   85   116  0   0.0%   0.849 GU:3    +
   45   120  0   0.0%   0.383 GC:3    +
   68    99  0   0.0%   0.353 UA:3    +
   45   116  0   0.0%   0.690 GU:3    +
   21    29  0   0.0%   0.234 CG:3    +
   91   134  0   0.0%   0.220 CG:3    +
   17    26  0   0.0%   0.036 AU:3    +
   72   181  0   0.0%   0.662 GC:3    +
  116   160  0   0.0%   0.848 UG:3    +
  144   150  0   0.0%   0.001 CG:3    +
  143   151  0   0.0%   0.000 GU:3    +
    7    26  0   0.0%   0.215 AU:3    +
   32    84  0   0.0%   0.081 GU:3    +
    3    88  0   0.0%   0.530 CG:3    +
   69    84  0   0.0%   0.798 AU:3    +
   15   125  0   0.0%   0.751 GC:3    +
   32    63  0   0.0%   0.056 GC:3    +
   67    85  0   0.0%   0.362 CG:3    +
   13   160  0   0.0%   0.418 UG:3    +
   16   124  0   0.0%   0.901 UG:3    +
   43    88  0   0.0%   0.190 CG:3    +
   21    78  0   0.0%   0.489 CG:3    +
   14    23  0   0.0%   0.144 AU:3    +
    8    79  0   0.0%   0.675 GU:3    +
   38   100  0   0.0%   0.240 GC:3    +
   20    79  0   0.0%   0.587 GU:3    +
   90   183  0   0.0%   0.860 GC:3    +
   38    68  0   0.0%   0.115 GU:3    +
   81    89  0   0.0%   0.658 UG:3    +
   80    90  0   0.0%   0.655 CG:3    +
   77   170  0   0.0%   0.282 GU:3    +
   22   106  0   0.0%   0.670 UA:3    +
   81   182  0   0.0%   0.606 UA:3    +
   73    89  0   0.0%   0.877 CG:3    +
   31   184  0   0.0%   0.438 AU:3    +
  102   182  0   0.0%   0.668 UA:3    +
   84    96  0   0.0%   1.130 UA:3    +
   69    95  0   0.0%   0.583 AU:3    +
   39   118  0   0.0%   0.349 GC:3    +
   13    89  0   0.0%   0.250 UG:3    +
   24    90  0   0.0%   0.251 UG:3    +
   55   119  0   0.0%   0.440 UG:3    +
   29    46  0   0.0%   0.285 GU:3    +
   98   121  0   0.0%   0.458 GC:3    +
   68    96  0   0.0%   0.415 UA:3    +
   86    94  0   0.0%   0.665 UG:3    +
  110   137  0   0.0%   0.682 AU:3    +
    7    84  0   0.0%   0.250 AU:3    +
  128   181  0   0.0%   0.410 GC:3    +
   20   118  0   0.0%   0.751 GC:3    +
   39   100  0   0.0%   0.216 GC:3    +
.......((((......(((((.((((((.......)))))).)))))))))....((((((((.((..((......))..))))))))))...........................((((((.(((((((((.((((.((.((((...)))).)).))))...)))))))))))))))....
