3 sequence; length of alignment 43
alifold output
    6    28  0  98.8%   0.047 GC:2    GU:1   
    5    29  0  98.4%   0.058 UG:1    UA:2   
    3    31  0  98.9%   0.032 CG:3   
    2    32  0  98.3%   0.052 CG:3   
   14    21  0  96.9%   0.098 GC:2    GU:1   
    4    30  1  97.9%   0.071 AU:2   
   13    22  0  95.4%   0.204 CG:3   
    7    27  0  95.1%   0.160 AU:3   
   15    20  0  83.6%   0.456 AU:3   
   10    24  0  68.5%   0.807 GU:3   
    9    25  0  66.8%   0.822 UA:3   
   34    43  0   4.2%   0.558 GC:3    +
   35    42  0   4.0%   0.615 AU:3    +
   36    40  0   2.3%   0.331 CG:1    UG:2    +
   35    41  0   2.4%   0.335 AU:3    +
   34    42  0   2.1%   0.338 GU:3    +
   11    25  0   1.9%   0.504 UA:3    +
   10    26  0   1.8%   0.508 GU:3    +
   14    30  0   0.7%   0.169 GC:1    GU:2    +
   34    38  0   1.4%   0.211 GC:3    +
   33    39  0   1.4%   0.250 AU:3    +
   12    22  0   1.3%   0.181 CG:3    +
   22    28  0   0.1%   0.154 GC:2    GU:1    +
   30    40  0   0.1%   0.107 CG:1    UG:2    +
   29    41  0   0.1%   0.045 GU:1    AU:2    +
    1    36  0   0.1%   0.012 GC:1    GU:2    +
    6    21  0   0.0%   0.009 GC:2    GU:1    +
   10    36  0   0.0%   0.387 GC:1    GU:2    +
   10    21  0   0.0%   0.018 GC:2    GU:1    +
   29    39  0   0.0%   0.052 GU:1    AU:2    +
   28    40  0   0.0%   0.056 CG:2    UG:1    +
   14    28  0   0.0%   0.056 GC:2    GU:1    +
   23    29  0   0.0%   0.056 UG:1    UA:2    +
   22    30  0   0.0%   0.190 GC:1    GU:2    +
   21    31  0   0.0%   0.094 CG:2    UG:1    +
    1    28  0   0.0%   0.001 GC:2    GU:1    +
   10    30  0   0.0%   0.375 GC:1    GU:2    +
   11    29  0   0.0%   0.095 UG:1    UA:2    +
   20    29  0   0.0%   0.188 UG:1    UA:2    +
   10    28  0   0.0%   0.366 GC:2    GU:1    +
    6    36  0   0.0%   0.028 GC:1    GU:2    +
   32    36  0   0.0%   0.090 GC:1    GU:2    +
   28    34  0   0.0%   0.023 CG:2    UG:1    +
    9    29  0   0.0%   0.292 UG:1    UA:2    +
   21    34  0   0.0%   0.045 CG:2    UG:1    +
   24    29  0   0.0%   0.300 UG:1    UA:2    +
   28    32  0   0.0%   0.079 CG:2    UG:1    +
   21    32  0   0.0%   0.101 CG:2    UG:1    +
    1    30  0   0.0%   0.001 GC:1    GU:2    +
   29    42  0   0.0%   0.034 GU:1    AU:2    +
   22    36  0   0.0%   0.159 GC:1    GU:2    +
    6    30  0   0.0%   0.045 GC:1    GU:2    +
   31    36  0   0.0%   0.082 GC:1    GU:2    +
   12    32  0   0.8%   0.194 CG:3    +
   13    31  0   0.8%   0.176 CG:3    +
   11    33  0   0.8%   0.198 UA:3    +
    9    35  0   0.6%   0.375 UA:3    +
    4    39  0   0.5%   0.105 AU:3    +
    3    40  0   0.5%   0.088 CG:3    +
    6    37  0   0.4%   0.103 GC:3    +
   19    26  0   0.3%   0.138 AU:3    +
   20    25  0   0.2%   0.550 UA:3    +
   18    27  0   0.2%   0.097 AU:3    +
   10    23  0   0.2%   0.054 GU:3    +
   33    42  0   0.2%   0.142 AU:3    +
    8    22  0   0.2%   0.033 CG:3    +
   15    23  0   0.1%   0.199 AU:3    +
   34    41  0   0.1%   0.112 GU:3    +
    7    23  0   0.1%   0.032 AU:3    +
    6    38  0   0.1%   0.080 GC:3    +
    6    24  0   0.1%   0.027 GU:3    +
    1    38  0   0.1%   0.036 GC:3    +
    1    37  0   0.1%   0.028 GC:3    +
   14    24  0   0.1%   0.322 GU:3    +
    5    25  0   0.1%   0.025 UA:3    +
   32    37  0   0.1%   0.113 GC:3    +
   31    38  0   0.1%   0.089 GC:3    +
    4    26  0   0.1%   0.020 AU:3    +
    8    40  0   0.1%   0.056 CG:3    +
    7    41  0   0.1%   0.107 AU:3    +
   33    41  0   0.1%   0.129 AU:3    +
   21    29  1   0.1%   0.068 CG:1    UA:1    +
   10    17  0   0.1%   0.016 GC:3    +
    9    18  0   0.1%   0.016 UA:3    +
    7    26  0   0.1%   0.033 AU:3    +
    6    42  0   0.1%   0.071 GU:3    +
   32    38  0   0.1%   0.103 GC:3    +
   31    39  0   0.1%   0.098 GU:3    +
   35    39  0   0.0%   0.139 AU:3    +
   11    19  0   0.0%   0.011 UA:3    +
   10    20  0   0.0%   0.019 GU:3    +
    7    20  0   0.0%   0.009 AU:3    +
    5    22  0   0.0%   0.008 UG:3    +
   32    43  0   0.0%   0.081 GC:3    +
    1    41  0   0.0%   0.028 GU:3    +
    4    23  0   0.0%   0.007 AU:3    +
    2    40  0   0.0%   0.025 CG:3    +
   11    35  0   0.0%   0.157 UA:3    +
   12    34  0   0.0%   0.104 CG:3    +
   19    24  0   0.0%   0.286 AU:3    +
   34    39  0   0.0%   0.161 GU:3    +
   14    20  0   0.0%   0.011 GU:3    +
   17    31  0   0.0%   0.062 CG:3    +
   18    26  0   0.0%   0.093 AU:3    +
   15    27  0   0.0%   0.211 AU:3    +
   17    22  0   0.0%   0.132 CG:3    +
    9    22  0   0.0%   0.021 UG:3    +
   18    24  0   0.0%   0.283 AU:3    +
   19    27  0   0.0%   0.087 AU:3    +
   13    32  0   0.0%   0.145 CG:3    +
    1    42  0   0.0%   0.025 GU:3    +
    8    34  0   0.0%   0.013 CG:3    +
    1    43  0   0.0%   0.026 GC:3    +
   10    38  0   0.0%   0.374 GC:3    +
    5    40  0   0.0%   0.055 UG:3    +
    4    41  0   0.0%   0.059 AU:3    +
   32    42  0   0.0%   0.079 GU:3    +
    2    34  0   0.0%   0.019 CG:3    +
   19    23  0   0.0%   0.037 AU:3    +
    6    27  0   0.0%   0.013 GU:3    +
    1    39  0   0.0%   0.022 GU:3    +
    9    34  0   0.0%   0.279 UG:3    +
    3    32  0   0.0%   0.030 CG:3    +
   11    22  0   0.0%   0.019 UG:3    +
   15    24  0   0.0%   0.435 AU:3    +
    3    10  0   0.0%   0.001 CG:3    +
   10    27  0   0.0%   0.402 GU:3    +
    8    14  0   0.0%   0.001 CG:3    +
    9    33  0   0.0%   0.277 UA:3    +
   14    23  0   0.0%   0.055 GU:3    +
   15    26  0   0.0%   0.243 AU:3    +
   10    37  0   0.0%   0.388 GC:3    +
    4     9  0   0.0%   0.001 AU:3    +
    9    31  0   0.0%   0.288 UG:3    +
    8    32  0   0.0%   0.029 CG:3    +
    6    39  0   0.0%   0.082 GU:3    +
    6    43  0   0.0%   0.062 GC:3    +
   31    43  0   0.0%   0.065 GC:3    +
   20    32  0   0.0%   0.232 UG:3    +
    2    31  0   0.0%   0.001 CG:3    +
    1     8  0   0.0%   0.000 GC:3    +
   11    15  0   0.0%   0.001 UA:3    +
   11    18  0   0.0%   0.006 UA:3    +
   31    37  0   0.0%   0.086 GC:3    +
   14    27  0   0.0%   0.089 GU:3    +
    7    42  0   0.0%   0.099 AU:3    +
   18    23  0   0.0%   0.037 AU:3    +
    7    39  0   0.0%   0.113 AU:3    +
    9    19  0   0.0%   0.006 UA:3    +
   27    35  0   0.0%   0.099 UA:3    +
   20    35  0   0.0%   0.207 UA:3    +
    6    12  0   0.0%   0.000 GC:3    +
   14    37  0   0.0%   0.109 GC:3    +
   22    27  0   0.0%   0.188 GU:3    +
   13    34  0   0.0%   0.090 CG:3    +
    7    11  0   0.0%   0.000 AU:3    +
    6    13  0   0.0%   0.000 GC:3    +
    9    15  0   0.0%   0.001 UA:3    +
   17    34  0   0.0%   0.012 CG:3    +
   17    40  0   0.0%   0.042 CG:3    +
   18    39  0   0.0%   0.048 AU:3    +
   23    32  0   0.0%   0.093 UG:3    +
   31    41  0   0.0%   0.076 GU:3    +
   24    31  0   0.0%   0.331 UG:3    +
    7    24  0   0.0%   0.020 AU:3    +
    1    12  0   0.0%   0.000 GC:3    +
    5    35  0   0.0%   0.026 UA:3    +
   27    33  0   0.0%   0.104 UA:3    +
    2    10  0   0.0%   0.000 CG:3    +
    2     6  0   0.0%   0.000 CG:3    +
   14    43  0   0.0%   0.078 GC:3    +
   15    42  0   0.0%   0.167 AU:3    +
   20    33  0   0.0%   0.212 UA:3    +
   32    39  0   0.0%   0.103 GU:3    +
   11    31  0   0.0%   0.090 UG:3    +
    6    17  0   0.0%   0.000 GC:3    +
    1    11  0   0.0%   0.000 GU:3    +
   22    26  0   0.0%   0.224 GU:3    +
    4    42  0   0.0%   0.056 AU:3    +
   32    41  0   0.0%   0.084 GU:3    +
    5    18  0   0.0%   0.000 UA:3    +
    2    22  0   0.0%   0.000 CG:3    +
    5    14  0   0.0%   0.000 UG:3    +
    3    34  0   0.0%   0.012 CG:3    +
    4    27  0   0.0%   0.008 AU:3    +
   14    26  0   0.0%   0.123 GU:3    +
    1    23  0   0.0%   0.000 GU:3    +
   23    35  0   0.0%   0.068 UA:3    +
   12    31  0   0.0%   0.067 CG:3    +
   24    34  0   0.0%   0.282 UG:3    +
   15    41  0   0.0%   0.170 AU:3    +
   11    32  0   0.0%   0.097 UG:3    +
    6    41  0   0.0%   0.059 GU:3    +
    4    20  0   0.0%   0.000 AU:3    +
    5    19  0   0.0%   0.000 UA:3    +
   26    34  0   0.0%   0.104 UG:3    +
   14    42  0   0.0%   0.083 GU:3    +
    5    10  0   0.0%   0.000 UG:3    +
    4    11  0   0.0%   0.000 AU:3    +
    8    31  0   0.0%   0.021 CG:3    +
   13    40  0   0.0%   0.119 CG:3    +
   25    42  0   0.0%   0.371 AU:3    +
   10    39  0   0.0%   0.383 GU:3    +
    4    24  0   0.0%   0.003 AU:3    +
   26    35  0   0.0%   0.135 UA:3    +
    7    36  1   0.4%   0.137 AU:2    +
   16    22  1   0.1%   0.141 CG:2    +
   16    32  1   0.0%   0.072 CG:2    +
   18    30  1   0.0%   0.081 AU:2    +
   15    30  1   0.0%   0.219 AU:2    +
   10    16  1   0.0%   0.001 GC:2    +
   15    36  1   0.0%   0.190 AU:2    +
   19    36  1   0.0%   0.052 AU:2    +
    4    36  1   0.0%   0.033 AU:2    +
   19    30  1   0.0%   0.081 AU:2    +
   25    30  1   0.0%   0.424 AU:2    +
   16    40  1   0.0%   0.044 CG:2    +
.((((((.((..(((....))).)).))))))...........
