3 sequence; length of alignment 34
alifold output
    7    18  0  52.2%   1.357 CG:3   
    8    17  0  51.7%   1.205 AU:3   
    5    20  0  47.9%   1.426 CG:3   
    4    21  0  47.7%   1.536 CG:3   
    9    16  0  33.2%   1.134 GU:3   
    3    23  0  31.7%   1.357 CG:3   
    2    24  0  27.7%   1.316 UA:3   
   15    27  0  24.8%   1.254 AU:3    +
   14    28  0  24.8%   1.416 GC:3    +
   16    26  0  24.5%   1.449 UA:3    +
   17    25  0  24.0%   1.410 UA:3    +
   13    29  0  20.1%   1.257 UG:3    +
    8    32  0  19.2%   1.484 AU:3    +
    9    31  0  19.1%   1.488 GC:3    +
    7    33  0  18.7%   1.690 CG:3    +
    3    21  0  10.5%   0.727 CG:3    +
    4    20  0  10.3%   0.710 CG:3    +
   23    31  0  10.1%   1.892 GC:3    +
   22    32  0   9.3%   1.718 AU:3    +
   24    30  0   9.3%   1.304 AU:3    +
    2    22  0   8.5%   0.657 UA:3    +
    7    14  0   7.7%   0.629 CG:3    +
    6    15  0   7.0%   0.568 UA:3    +
    8    13  0   6.3%   0.522 AU:3    +
   21    31  0   6.0%   1.769 GC:3    +
   20    32  0   6.0%   1.537 GU:3    +
   22    30  0   5.9%   0.955 AU:3    +
   19    33  0   5.7%   1.163 UG:3    +
   18    34  0   5.6%   1.293 GC:3    +
    6    22  0   5.5%   0.897 UA:3    +
    5    23  0   5.5%   1.356 CG:3    +
    7    21  0   5.3%   1.639 CG:3    +
   10    18  0   4.5%   1.016 CG:3    +
    9    19  0   4.3%   0.807 GU:3    +
   10    33  0   3.6%   1.081 CG:3    +
    9    34  0   3.6%   1.210 GC:3    +
    5    18  0   3.5%   0.372 CG:3    +
   10    14  0   3.3%   0.571 CG:3    +
   11    20  0   2.3%   0.917 CG:3    +
   10    21  0   2.3%   1.301 CG:3    +
   23    28  0   1.5%   1.191 GC:3    +
   11    29  0   1.1%   0.329 CG:3    +
    1    28  0   1.1%   0.206 GC:3    +
   15    30  0   0.9%   0.679 AU:3    +
   14    31  0   0.9%   1.127 GC:3    +
   16    29  0   0.9%   1.277 UG:3    +
   19    26  0   0.8%   0.672 UA:3    +
   18    27  0   0.8%   1.117 GU:3    +
   10    29  0   0.8%   0.481 CG:3    +
   11    18  0   0.7%   0.710 CG:3    +
   20    34  0   0.6%   1.267 GC:3    +
    7    23  0   0.5%   1.336 CG:3    +
    6    24  0   0.5%   0.797 UA:3    +
   19    24  0   0.4%   0.633 UA:3    +
    2    26  0   0.4%   0.669 UA:3    +
    1    10  0   0.3%   0.074 GC:3    +
    2     9  0   0.3%   0.053 UG:3    +
   17    24  0   0.3%   0.781 UA:3    +
    1    27  0   0.3%   0.092 GU:3    +
   22    27  0   0.3%   0.834 AU:3    +
   21    28  0   0.3%   1.314 GC:3    +
    5    21  0   0.3%   1.120 CG:3    +
    1     7  0   0.2%   0.048 GC:3    +
   12    22  0   0.2%   0.420 UA:3    +
   11    23  0   0.2%   0.736 CG:3    +
   13    21  0   0.2%   1.075 UG:3    +
    6    20  0   0.2%   0.816 UG:3    +
    2    23  0   0.2%   0.272 UG:3    +
    5    14  0   0.2%   0.046 CG:3    +
    8    19  0   0.2%   0.555 AU:3    +
   28    33  0   0.2%   1.115 CG:3    +
   16    25  0   0.1%   0.420 UA:3    +
    7    20  0   0.1%   1.183 CG:3    +
    1    31  0   0.1%   0.136 GC:3    +
   19    23  0   0.1%   0.763 UG:3    +
   10    20  0   0.1%   0.906 CG:3    +
    3    14  0   0.1%   0.025 CG:3    +
    2    15  0   0.1%   0.040 UA:3    +
    8    16  0   0.1%   0.202 AU:3    +
   15    19  0   0.1%   0.360 AU:3    +
    1    16  0   0.1%   0.057 GU:3    +
    2    25  0   0.1%   0.621 UA:3    +
    9    30  0   0.1%   0.541 GU:3    +
   29    34  0   0.1%   0.794 GC:3    +
    6    21  0   0.1%   0.822 UG:3    +
    3    29  0   0.1%   0.631 CG:3    +
   11    33  0   0.1%   0.640 CG:3    +
    3    18  0   0.1%   0.022 CG:3    +
   20    31  0   0.1%   1.091 GC:3    +
   25    32  0   0.1%   1.085 AU:3    +
   21    30  0   0.1%   0.945 GU:3    +
    1    34  0   0.0%   0.130 GC:3    +
    4    23  0   0.0%   0.978 CG:3    +
   12    29  0   0.0%   0.123 UG:3    +
    6    18  0   0.0%   0.319 UG:3    +
    1     5  0   0.0%   0.009 GC:3    +
   25    30  0   0.0%   0.811 AU:3    +
   17    26  0   0.0%   1.082 UA:3    +
    3    20  0   0.0%   0.022 CG:3    +
   17    23  0   0.0%   0.935 UG:3    +
   12    20  0   0.0%   0.717 UG:3    +
   11    21  0   0.0%   0.982 CG:3    +
    2    33  0   0.0%   0.637 UG:3    +
   17    22  0   0.0%   0.736 UA:3    +
    4    18  0   0.0%   0.013 CG:3    +
   19    25  0   0.0%   0.552 UA:3    +
   18    28  0   0.0%   1.082 GC:3    +
   12    18  0   0.0%   0.647 UG:3    +
    3     9  0   0.0%   0.024 CG:3    +
   26    32  0   0.0%   1.126 AU:3    +
   16    24  0   0.0%   0.768 UA:3    +
   13    18  0   0.0%   0.822 UG:3    +
   20    28  0   0.0%   1.111 GC:3    +
    1    11  0   0.0%   0.042 GC:3    +
    2    21  0   0.0%   0.030 UG:3    +
    4     9  0   0.0%   0.024 CG:3    +
   12    33  0   0.0%   0.472 UG:3    +
    9    17  0   0.0%   0.734 GU:3    +
   16    23  0   0.0%   0.965 UG:3    +
   17    29  0   0.0%   1.172 UG:3    +
   13    26  0   0.0%   0.217 UA:3    +
    6    25  0   0.0%   0.401 UA:3    +
   24    32  0   0.0%   1.354 AU:3    +
    9    13  0   0.0%   0.199 GU:3    +
   18    31  0   0.0%   1.053 GC:3    +
   19    29  0   0.0%   0.689 UG:3    +
    4    29  0   0.0%   0.603 CG:3    +
    5    33  0   0.0%   0.665 CG:3    +
   21    27  0   0.0%   1.272 GU:3    +
   21    34  0   0.0%   1.379 GC:3    +
   23    30  0   0.0%   0.876 GU:3    +
   23    34  0   0.0%   1.209 GC:3    +
   13    25  0   0.0%   0.201 UA:3    +
   16    22  0   0.0%   0.767 UA:3    +
   17    21  0   0.0%   1.213 UG:3    +
   12    26  0   0.0%   0.043 UA:3    +
   27    33  0   0.0%   1.026 UG:3    +
   26    30  0   0.0%   0.852 AU:3    +
   23    32  0   0.0%   1.595 GU:3    +
    5    29  0   0.0%   0.666 CG:3    +
   10    23  0   0.0%   0.931 CG:3    +
    6    33  0   0.0%   0.399 UG:3    +
    4    14  0   0.0%   0.011 CG:3    +
    5     9  0   0.0%   0.026 CG:3    +
    8    12  0   0.0%   0.002 AU:3    +
    3    33  0   0.0%   0.625 CG:3    +
    6    26  0   0.0%   0.414 UA:3    +
   23    27  0   0.0%   1.010 GU:3    +
    2    29  0   0.0%   0.631 UG:3    +
    1    30  0   0.0%   0.111 GU:3    +
    4    33  0   0.0%   0.600 CG:3    +
    1    32  0   0.0%   0.120 GU:3    +
    1    19  0   0.0%   0.046 GU:3    +
    9    32  0   0.0%   1.165 GU:3    +
    1     6  0   0.0%   0.004 GU:3    +
   20    27  0   0.0%   1.109 GU:3    +
   13    24  0   0.0%   0.574 UA:3    +
   12    25  0   0.0%   0.028 UA:3    +
   13    22  0   0.0%   0.578 UA:3    +
    2     8  0   0.0%   0.001 UA:3    +
    6    23  0   0.0%   0.906 UG:3    +
   13    20  0   0.0%   0.887 UG:3    +
   13    33  0   0.0%   0.962 UG:3    +
   16    33  0   0.0%   1.223 UG:3    +
   14    19  0   0.0%   0.476 GU:3    +
   12    23  0   0.0%   0.601 UG:3    +
    9    28  0   0.0%   0.574 GC:3    +
   17    33  0   0.0%   1.157 UG:3    +
    1    17  0   0.0%   0.045 GU:3    +
   14    27  0   0.0%   0.346 GU:3    +
   18    32  0   0.0%   1.002 GU:3    +
   18    30  0   0.0%   0.731 GU:3    +
    7    29  0   0.0%   0.751 CG:3    +
    8    30  0   0.0%   0.534 AU:3    +
   20    30  0   0.0%   0.760 GU:3    +
   13    23  0   0.0%   0.773 UG:3    +
   12    24  0   0.0%   0.401 UA:3    +
    8    27  0   0.0%   0.549 AU:3    +
   14    34  0   0.0%   0.842 GC:3    +
   12    21  0   0.0%   0.859 UG:3    +
    1    13  0   0.0%   0.039 GU:3    +
    6    14  0   0.0%   0.020 UG:3    +
    2    20  0   0.0%   0.026 UG:3    +
    2    18  0   0.0%   0.026 UG:3    +
   16    20  0   0.0%   1.089 UG:3    +
    9    27  0   0.0%   0.541 GU:3    +
   16    21  0   0.0%   1.248 UG:3    +
   21    32  0   0.0%   1.544 GU:3    +
    6    29  0   0.0%   0.400 UG:3    +
   15    32  0   0.0%   0.906 AU:3    +
    1    12  0   0.0%   0.039 GU:3    +
   14    32  0   0.0%   1.035 GU:3    +
    2    14  0   0.0%   0.018 UG:3    +
   14    30  0   0.0%   0.681 GU:3    +
.((((.(((......))).)).))..........
