3 sequence; length of alignment 35
alifold output
   15    29  0 100.0%   0.001 GC:3   
   14    30  0  99.9%   0.003 AU:3   
   16    28  0  99.9%   0.004 UA:3   
   17    27  0  99.8%   0.007 UA:3   
   18    26  0  99.8%   0.010 CG:3   
   13    31  0  99.7%   0.010 GC:3   
   20    24  0   9.3%   0.693 CG:3    +
    1     7  0   7.9%   0.603 GC:3    +
    2     7  0   0.6%   0.292 GC:3    +
   19    24  0   0.5%   0.085 UG:3    +
    4    11  0   0.3%   0.090 UA:3    +
    3    12  0   0.3%   0.073 UA:3    +
    4     9  0   0.2%   0.048 UA:3    +
    3    10  0   0.2%   0.043 UA:3    +
    4    10  0   0.2%   0.064 UA:3    +
    3    11  0   0.1%   0.048 UA:3    +
   20    26  0   0.1%   0.247 CG:3    +
    4    32  0   0.1%   0.068 UA:3    +
   21    25  0   0.1%   0.019 AU:3    +
    3    33  0   0.1%   0.063 UA:3    +
   19    27  0   0.1%   0.051 UA:3    +
    7    34  0   0.1%   0.256 CG:3    +
    3    34  0   0.1%   0.068 UG:3    +
    2    35  0   0.1%   0.054 GC:3    +
    1    35  0   0.1%   0.219 GC:3    +
    4    33  0   0.1%   0.076 UA:3    +
    3     9  0   0.1%   0.016 UA:3    +
    4     8  0   0.1%   0.015 UA:3    +
   19    23  0   0.0%   0.009 UG:3    +
    4    12  0   0.0%   0.068 UA:3    +
    3     8  0   0.0%   0.005 UA:3    +
   18    24  0   0.0%   0.006 CG:3    +
    2    29  0   0.0%   0.032 GC:3    +
    3    28  0   0.0%   0.045 UA:3    +
    7    24  0   0.0%   0.233 CG:3    +
    6    25  0   0.0%   0.002 AU:3    +
   13    18  0   0.0%   0.002 GC:3    +
   12    19  0   0.0%   0.019 AU:3    +
    4    27  0   0.0%   0.050 UA:3    +
    1    30  0   0.0%   0.202 GU:3    +
   18    23  0   0.0%   0.002 CG:3    +
   19    26  0   0.0%   0.033 UG:3    +
    3    32  0   0.0%   0.045 UA:3    +
    1    31  0   0.0%   0.202 GC:3    +
   17    24  0   0.0%   0.001 UG:3    +
   17    26  0   0.0%   0.001 UG:3    +
    7    13  0   0.0%   0.232 CG:3    +
   13    20  0   0.0%   0.001 GC:3    +
   16    27  0   0.0%   0.001 UA:3    +
   14    19  0   0.0%   0.001 AU:3    +
   17    28  0   0.0%   0.004 UA:3    +
   13    30  0   0.0%   0.002 GU:3    +
    4    34  0   0.0%   0.066 UG:3    +
   23    29  0   0.0%   0.004 GC:3    +
   22    30  0   0.0%   0.001 AU:3    +
    7    15  0   0.0%   0.231 CG:3    +
    6    16  0   0.0%   0.000 AU:3    +
   13    35  0   0.0%   0.016 GC:3    +
    5    17  0   0.0%   0.000 AU:3    +
    4    13  0   0.0%   0.049 UG:3    +
   19    33  0   0.0%   0.047 UA:3    +
   18    34  0   0.0%   0.017 CG:3    +
    2    31  0   0.0%   0.031 GC:3    +
    7    26  0   0.0%   0.232 CG:3    +
    8    25  0   0.0%   0.007 AU:3    +
    2    30  0   0.0%   0.031 GU:3    +
    3    13  0   0.0%   0.043 UG:3    +
    2    20  0   0.0%   0.030 GC:3    +
    3    14  0   0.0%   0.043 UA:3    +
............((((((.......))))))....
