3 sequence; length of alignment 99
alifold output
   39    66  0  99.9%   0.004 GC:3   
   34    71  0  99.9%   0.009 UA:3   
   41    64  0  99.8%   0.006 AU:3   
   42    63  0  99.8%   0.008 UA:3   
   40    65  0  99.8%   0.008 GU:3   
   33    72  0  99.8%   0.013 GC:3   
   38    67  0  99.7%   0.012 AU:3   
   35    70  0  99.5%   0.020 CG:3   
   43    62  0  99.1%   0.036 GC:3   
   37    68  0  91.7%   0.238 AU:3   
   15    83  0  89.8%   0.362 GC:3   
   16    82  0  89.7%   0.359 GC:3   
   14    84  0  89.7%   0.334 AU:3   
   17    81  0  89.3%   0.364 GU:3   
   13    85  0  89.3%   0.390 GC:3   
   18    80  0  88.9%   0.385 CG:3   
   32    73  0  85.3%   0.630 UA:3   
   47    59  0  81.4%   1.062 GC:3   
   48    58  0  81.3%   0.817 UA:3   
   49    57  0  81.1%   1.135 GC:3   
   46    60  0  81.1%   0.757 GC:3   
    7    90  0  38.6%   1.218 GC:3   
    8    89  0  38.6%   1.186 AU:3   
   28    75  0  37.0%   1.590 GC:3    +
   29    74  0  34.5%   1.502 UA:3    +
   22    75  0  33.3%   1.337 GC:3   
   23    74  0  33.0%   1.140 UA:3   
    9    88  0  32.4%   1.230 GU:3   
   11    86  0  30.0%   1.117 UA:3   
    9    90  0  28.9%   1.914 GC:3    +
   22    78  0  28.2%   1.849 GC:3    +
    8    91  0  27.5%   1.507 AU:3    +
   12    87  0  27.3%   1.578 CG:3    +
   10    87  0  27.1%   1.162 UG:3   
   23    77  0  24.5%   1.662 UA:3    +
   49    55  0  18.7%   0.943 GC:3    +
   48    56  0  18.6%   0.938 UA:3    +
   47    57  0  18.4%   0.935 GC:3    +
   50    54  0  18.1%   0.931 GC:3    +
   46    59  0  11.4%   0.742 GC:3    +
    9    93  0  11.2%   1.757 GC:3    +
   10    92  0  10.8%   1.155 UA:3    +
    8    94  0  10.3%   1.501 AU:3    +
   26    76  0   9.4%   0.850 AU:3    +
   27    80  0   8.9%   0.924 CG:3    +
   21    77  0   8.7%   0.728 UA:3    +
   26    81  0   8.5%   0.968 AU:3    +
   28    79  0   8.0%   1.373 GC:3    +
    7    95  0   7.9%   1.294 GU:3    +
   30    73  0   7.8%   0.625 UA:3    +
    7    93  0   7.2%   1.057 GC:3    +
   29    77  0   6.6%   1.644 UA:3    +
   22    76  0   6.0%   1.111 GU:3    +
   28    78  0   5.8%   1.360 GC:3    +
   22    85  0   5.4%   1.909 GC:3    +
   25    77  0   5.3%   1.067 UA:3    +
   15    90  0   5.0%   1.339 GC:3    +
   16    89  0   5.0%   1.012 GU:3    +
   21    86  0   5.0%   1.258 UA:3    +
   17    88  0   4.9%   1.013 GU:3    +
   14    91  0   4.9%   0.930 AU:3    +
   18    87  0   4.7%   1.391 CG:3    +
   20    87  0   4.6%   1.417 CG:3    +
   19    86  0   4.1%   0.815 UA:3    +
   22    27  0   3.6%   0.398 GC:3    +
   50    55  0   3.6%   0.981 GC:3    +
    6    98  0   2.8%   0.431 CG:3    +
    7    97  0   2.8%   1.270 GC:3    +
   22    83  0   2.8%   1.633 GC:3    +
   14    95  0   2.5%   0.898 AU:3    +
   15    94  0   2.4%   0.932 GU:3    +
   13    96  0   2.4%   0.625 GC:3    +
    7    96  0   2.4%   1.147 GC:3    +
   16    93  0   2.4%   1.126 GC:3    +
   11    87  0   1.9%   0.981 UG:3    +
   22    31  0   1.9%   0.399 GC:3    +
   22    79  0   1.8%   1.370 GC:3    +
   30    77  0   1.7%   1.352 UA:3    +
   21    28  0   1.7%   0.251 UG:3    +
    8    95  0   1.6%   1.441 AU:3    +
   87    93  0   1.5%   1.861 GC:3    +
   17    90  0   1.5%   1.410 GC:3    +
   86    94  0   1.3%   1.232 AU:3    +
   88    92  0   1.2%   0.966 UA:3    +
    5    98  0   1.1%   0.234 CG:3    +
    9    96  0   1.0%   1.333 GC:3    +
   16    91  0   0.9%   0.985 GU:3    +
    3     9  0   0.8%   0.119 CG:3    +
   15    93  0   0.7%   0.877 GC:3    +
    7    12  0   0.7%   0.125 GC:3    +
   14    94  0   0.7%   0.651 AU:3    +
    2    10  0   0.7%   0.102 AU:3    +
    9    94  0   0.6%   1.411 GU:3    +
   30    74  0   0.6%   1.057 UA:3    +
   13    95  0   0.6%   0.567 GU:3    +
    6    13  0   0.5%   0.084 CG:3    +
    8    84  0   0.5%   0.102 AU:3    +
    7    85  0   0.5%   0.152 GC:3    +
    9    83  0   0.5%   0.150 GC:3    +
   93    98  0   0.5%   0.951 CG:3    +
    3    98  0   0.4%   0.139 CG:3    +
    9    99  0   0.4%   1.234 GC:3    +
   10    98  0   0.4%   0.931 UG:3    +
   12    80  0   0.4%   0.109 CG:3    +
   13    79  0   0.4%   0.100 GC:3    +
    9    18  0   0.4%   0.111 GC:3    +
    8    19  0   0.4%   0.063 AU:3    +
   32    74  0   0.4%   0.990 UA:3    +
    7    20  0   0.4%   0.115 GC:3    +
   10    17  0   0.4%   0.105 UG:3    +
   20    28  0   0.3%   0.093 CG:3    +
    8    88  0   0.3%   0.121 AU:3    +
   28    76  0   0.3%   0.932 GU:3    +
   10    86  0   0.3%   0.115 UA:3    +
   17    23  0   0.3%   0.092 GU:3    +
   18    22  0   0.3%   0.089 CG:3    +
    5    87  0   0.3%   0.088 CG:3    +
   16    24  0   0.3%   0.087 GC:3    +
   13    93  0   0.3%   0.661 GC:3    +
    4    88  0   0.3%   0.070 AU:3    +
   15    25  0   0.3%   0.068 GU:3    +
   16    90  0   0.3%   1.245 GC:3    +
    1    98  0   0.2%   0.062 CG:3    +
    7    89  0   0.2%   0.146 GU:3    +
   17    89  0   0.2%   0.901 GU:3    +
   15    91  0   0.2%   0.857 GU:3    +
    1     7  0   0.2%   0.044 CG:3    +
   11    16  0   0.2%   0.057 UG:3    +
   12    98  0   0.2%   0.671 CG:3    +
   46    61  0   0.2%   0.464 GC:3    +
   25    74  0   0.2%   0.429 UA:3    +
    6    15  0   0.2%   0.064 CG:3    +
    5    16  0   0.2%   0.046 CG:3    +
    5    22  0   0.2%   0.059 CG:3    +
   13    90  0   0.2%   0.921 GC:3    +
   18    28  0   0.2%   0.074 CG:3    +
   17    29  0   0.2%   0.073 GU:3    +
   14    89  0   0.2%   0.535 AU:3    +
   19    77  0   0.2%   0.060 UA:3    +
    4    95  0   0.2%   0.077 AU:3    +
    4    23  0   0.1%   0.044 AU:3    +
   16    30  0   0.1%   0.079 GU:3    +
   15    31  0   0.1%   0.066 GC:3    +
   13    97  0   0.1%   0.446 GC:3    +
   24    80  0   0.1%   0.197 CG:3    +
   43    61  0   0.1%   0.027 GC:3    +
   15    88  0   0.1%   0.570 GU:3    +
   24    28  0   0.1%   0.152 CG:3    +
   47    60  0   0.1%   0.673 GC:3    +
    5     9  0   0.1%   0.063 CG:3    +
   87    96  0   0.1%   1.407 GC:3    +
   14    32  0   0.1%   0.028 AU:3    +
    4    10  0   0.1%   0.055 AU:3    +
   22    82  0   0.1%   1.323 GC:3    +
   36    70  0   0.1%   0.029 CG:3    +
    9    89  0   0.1%   0.866 GU:3    +
   20    80  0   0.1%   0.183 CG:3    +
   21    26  0   0.1%   0.025 UA:3    +
    9    97  0   0.1%   1.271 GC:3    +
   13    27  0   0.1%   0.044 GC:3    +
   12    28  0   0.1%   0.051 CG:3    +
   21    80  0   0.1%   0.441 UG:3    +
    4    94  0   0.1%   0.055 AU:3    +
   11    92  0   0.1%   0.707 UA:3    +
   19    26  0   0.1%   0.035 UA:3    +
    3    22  0   0.1%   0.059 CG:3    +
    9    95  0   0.1%   1.400 GU:3    +
   50    57  0   0.1%   0.922 GC:3    +
   13    82  0   0.1%   0.068 GC:3    +
   14    81  0   0.1%   0.024 AU:3    +
   17    78  0   0.1%   0.065 GC:3    +
   16    79  0   0.1%   0.094 GC:3    +
    2    23  0   0.1%   0.047 AU:3    +
    2    95  0   0.1%   0.057 AU:3    +
    4    21  0   0.0%   0.019 AU:3    +
   22    30  0   0.0%   0.177 GU:3    +
   25    73  0   0.0%   0.035 UA:3    +
    3    16  0   0.0%   0.052 CG:3    +
   29    73  0   0.0%   0.034 UA:3    +
   75    80  0   0.0%   1.109 CG:3    +
    7    91  0   0.0%   0.497 GU:3    +
    9    31  0   0.0%   0.080 GC:3    +
   19    28  0   0.0%   0.051 UG:3    +
   22    72  0   0.0%   0.244 GC:3    +
   23    71  0   0.0%   0.046 UA:3    +
   15    24  0   0.0%   0.024 GC:3    +
   24    70  0   0.0%   0.039 CG:3    +
   14    25  0   0.0%   0.011 AU:3    +
   21    73  0   0.0%   0.087 UA:3    +
   74    81  0   0.0%   1.123 AU:3    +
    3     7  0   0.0%   0.023 CG:3    +
   87    99  0   0.0%   1.203 GC:3    +
    5    15  0   0.0%   0.017 CG:3    +
   16    23  0   0.0%   0.051 GU:3    +
   11    98  0   0.0%   0.677 UG:3    +
   22    29  0   0.0%   0.172 GU:3    +
   88    98  0   0.0%   0.850 UG:3    +
    4    91  0   0.0%   0.045 AU:3    +
    8    32  0   0.0%   0.029 AU:3    +
    7    99  0   0.0%   1.076 GC:3    +
   23    28  0   0.0%   0.146 UG:3    +
    1     9  0   0.0%   0.022 CG:3    +
    3    87  0   0.0%   0.058 CG:3    +
    2    94  0   0.0%   0.050 AU:3    +
    2    88  0   0.0%   0.046 AU:3    +
    7    94  0   0.0%   0.690 GU:3    +
   75    87  0   0.0%   1.835 CG:3    +
   74    88  0   0.0%   1.366 AU:3    +
   76    86  0   0.0%   1.076 UA:3    +
   31    39  0   0.0%   0.094 CG:3    +
   32    38  0   0.0%   0.017 UA:3    +
   30    40  0   0.0%   0.021 UG:3    +
   29    41  0   0.0%   0.019 UA:3    +
   28    42  0   0.0%   0.121 GU:3    +
   13    89  0   0.0%   0.556 GU:3    +
   40    66  0   0.0%   0.009 GC:3    +
   91    98  0   0.0%   0.809 UG:3    +
   15    97  0   0.0%   0.564 GC:3    +
   39    67  0   0.0%   0.011 GU:3    +
   16    96  0   0.0%   0.690 GC:3    +
   27    43  0   0.0%   0.131 CG:3    +
   87    97  0   0.0%   1.288 GC:3    +
   90    98  0   0.0%   1.200 CG:3    +
   38    68  0   0.0%   0.089 AU:3    +
   86    95  0   0.0%   1.133 AU:3    +
    3    17  0   0.0%   0.049 CG:3    +
   17    93  0   0.0%   0.965 GC:3    +
   41    65  0   0.0%   0.009 AU:3    +
   26    30  0   0.0%   0.028 AU:3    +
   17    82  0   0.0%   0.262 GC:3    +
   87    94  0   0.0%   1.617 GU:3    +
   13    91  0   0.0%   0.540 GU:3    +
   16    94  0   0.0%   0.863 GU:3    +
   16    83  0   0.0%   0.287 GC:3    +
   49    54  0   0.0%   0.004 GC:3    +
   27    33  0   0.0%   0.129 CG:3    +
   14    88  0   0.0%   0.517 AU:3    +
   21    74  0   0.0%   0.085 UA:3    +
   80    85  0   0.0%   0.655 GC:3    +
   25    80  0   0.0%   0.341 UG:3    +
   19    74  0   0.0%   0.032 UA:3    +
   15    95  0   0.0%   0.853 GU:3    +
   22    84  0   0.0%   1.435 GU:3    +
   73    89  0   0.0%   0.913 AU:3    +
   15    78  0   0.0%   0.047 GC:3    +
   15    84  0   0.0%   0.268 GU:3    +
   17    91  0   0.0%   0.956 GU:3    +
   23    73  0   0.0%   0.045 UA:3    +
   26    34  0   0.0%   0.015 AU:3    +
    2    91  0   0.0%   0.045 AU:3    +
   17    95  0   0.0%   0.797 GU:3    +
   49    59  0   0.0%   0.902 GC:3    +
    6    16  0   0.0%   0.056 CG:3    +
    6    87  0   0.0%   0.063 CG:3    +
    5    17  0   0.0%   0.026 CG:3    +
   50    59  0   0.0%   0.851 GC:3    +
   28    72  0   0.0%   0.124 GC:3    +
   49    60  0   0.0%   0.666 GC:3    +
   78    87  0   0.0%   1.622 CG:3    +
   47    61  0   0.0%   0.511 GC:3    +
    2    25  0   0.0%   0.041 AU:3    +
   28    69  0   0.0%   0.120 GC:3    +
   28    32  0   0.0%   0.128 GU:3    +
   77    88  0   0.0%   1.531 AU:3    +
   27    70  0   0.0%   0.133 CG:3    +
   94    98  0   0.0%   0.719 UG:3    +
    7    31  0   0.0%   0.076 GC:3    +
    8    30  0   0.0%   0.023 AU:3    +
    9    91  0   0.0%   1.193 GU:3    +
   46    62  0   0.0%   0.441 GC:3    +
   29    71  0   0.0%   0.021 UA:3    +
   86    91  0   0.0%   1.236 AU:3    +
   25    86  0   0.0%   0.854 UA:3    +
   24    87  0   0.0%   1.134 CG:3    +
   26    32  0   0.0%   0.023 AU:3    +
   15    96  0   0.0%   0.669 GC:3    +
    2    11  0   0.0%   0.036 AU:3    +
   47    54  0   0.0%   0.002 GC:3    +
   46    55  0   0.0%   0.002 GC:3    +
   87    95  0   0.0%   1.571 GU:3    +
   12    16  0   0.0%   0.066 CG:3    +
    9    29  0   0.0%   0.071 GU:3    +
   48    53  0   0.0%   0.002 UG:3    +
   33    69  0   0.0%   0.004 GC:3    +
   17    24  0   0.0%   0.062 GC:3    +
   15    20  0   0.0%   0.036 GC:3    +
    6    22  0   0.0%   0.056 CG:3    +
    4    11  0   0.0%   0.009 AU:3    +
   14    21  0   0.0%   0.005 AU:3    +
   30    70  0   0.0%   0.022 UG:3    +
   17    96  0   0.0%   0.613 GC:3    +
   16    97  0   0.0%   0.581 GC:3    +
   17    27  0   0.0%   0.048 GC:3    +
   23    80  0   0.0%   0.889 UG:3    +
    2    19  0   0.0%   0.036 AU:3    +
    7    88  0   0.0%   0.120 GU:3    +
   89    98  0   0.0%   0.797 UG:3    +
   14    30  0   0.0%   0.005 AU:3    +
   80    97  0   0.0%   0.487 GC:3    +
   45    67  0   0.0%   0.007 AU:3    +
   16    95  0   0.0%   0.870 GU:3    +
   44    68  0   0.0%   0.082 AU:3    +
   79    98  0   0.0%   0.528 CG:3    +
   16    78  0   0.0%   0.062 GC:3    +
   13    31  0   0.0%   0.039 GC:3    +
   46    66  0   0.0%   0.434 GC:3    +
   15    79  0   0.0%   0.068 GC:3    +
   49    62  0   0.0%   0.496 GC:3    +
   87    91  0   0.0%   1.667 GU:3    +
   15    75  0   0.0%   0.044 GC:3    +
    2    89  0   0.0%   0.043 AU:3    +
   50    61  0   0.0%   0.456 GC:3    +
   11    17  0   0.0%   0.039 UG:3    +
   48    63  0   0.0%   0.484 UA:3    +
   43    69  0   0.0%   0.021 GC:3    +
    3    28  0   0.0%   0.051 CG:3    +
   14    76  0   0.0%   0.012 AU:3    +
   15    85  0   0.0%   0.271 GC:3    +
    7    79  0   0.0%   0.076 GC:3    +
   37    67  0   0.0%   0.001 AU:3    +
   79    87  0   0.0%   1.395 CG:3    +
    6    80  0   0.0%   0.041 CG:3    +
   24    33  0   0.0%   0.030 CG:3    +
    3    15  0   0.0%   0.042 CG:3    +
    2    29  0   0.0%   0.040 AU:3    +
   25    45  0   0.0%   0.021 UA:3    +
   17    83  0   0.0%   0.283 GC:3    +
   16    84  0   0.0%   0.287 GU:3    +
   80    99  0   0.0%   0.396 GC:3    +
    1    13  0   0.0%   0.018 CG:3    +
   15    29  0   0.0%   0.035 GU:3    +
   31    70  0   0.0%   0.096 CG:3    +
   13    99  0   0.0%   0.348 GC:3    +
   46    57  0   0.0%   0.001 GC:3    +
   32    77  0   0.0%   1.138 UA:3    +
   81    98  0   0.0%   0.546 UG:3    +
   16    25  0   0.0%   0.069 GU:3    +
    9    75  0   0.0%   0.074 GC:3    +
   33    75  0   0.0%   0.740 GC:3    +
    5    13  0   0.0%   0.009 CG:3    +
    3    80  0   0.0%   0.051 CG:3    +
   18    33  0   0.0%   0.049 CG:3    +
   17    34  0   0.0%   0.052 GU:3    +
   16    35  0   0.0%   0.060 GC:3    +
   15    36  0   0.0%   0.044 GC:3    +
    8    76  0   0.0%   0.025 AU:3    +
   22    32  0   0.0%   0.245 GU:3    +
   10    74  0   0.0%   0.062 UA:3    +
   17    75  0   0.0%   0.053 GC:3    +
   28    35  0   0.0%   0.117 GC:3    +
   80    93  0   0.0%   0.948 GC:3    +
    2    81  0   0.0%   0.040 AU:3    +
   16    76  0   0.0%   0.061 GU:3    +
    3    13  0   0.0%   0.042 CG:3    +
   16    27  0   0.0%   0.055 GC:3    +
   24    46  0   0.0%   0.030 CG:3    +
   81    92  0   0.0%   0.563 UA:3    +
   30    71  0   0.0%   0.022 UA:3    +
   77    84  0   0.0%   1.095 AU:3    +
    1    17  0   0.0%   0.018 CG:3    +
   32    71  0   0.0%   0.018 UA:3    +
   14    23  0   0.0%   0.014 AU:3    +
   13    84  0   0.0%   0.086 GU:3    +
   44    65  0   0.0%   0.004 AU:3    +
   13    24  0   0.0%   0.029 GC:3    +
   13    94  0   0.0%   0.466 GU:3    +
   47    64  0   0.0%   0.490 GU:3    +
   45    64  0   0.0%   0.002 AU:3    +
   43    66  0   0.0%   0.022 GC:3    +
   32    70  0   0.0%   0.018 UG:3    +
   27    98  0   0.0%   0.572 CG:3    +
   22    81  0   0.0%   1.306 GU:3    +
   47    65  0   0.0%   0.492 GU:3    +
   17    94  0   0.0%   0.786 GU:3    +
   34    74  0   0.0%   0.802 UA:3    +
   28    97  0   0.0%   0.989 GC:3    +
    7    11  0   0.0%   0.019 GU:3    +
   72    80  0   0.0%   0.370 CG:3    +
   71    81  0   0.0%   0.320 AU:3    +
   70    82  0   0.0%   0.126 GC:3    +
   43    60  0   0.0%   0.002 GC:3    +
   19    92  0   0.0%   0.417 UA:3    +
    5    80  0   0.0%   0.034 CG:3    +
   35    40  0   0.0%   0.003 CG:3    +
   34    41  0   0.0%   0.003 UA:3    +
    4    89  0   0.0%   0.037 AU:3    +
   16    88  0   0.0%   0.573 GU:3    +
    4    81  0   0.0%   0.021 AU:3    +
    1    87  0   0.0%   0.018 CG:3    +
   17    31  0   0.0%   0.066 GC:3    +
   18    98  0   0.0%   0.524 CG:3    +
   33    42  0   0.0%   0.004 GU:3    +
   17    99  0   0.0%   0.414 GC:3    +
   17    79  0   0.0%   0.083 GC:3    +
   26    68  0   0.0%   0.013 AU:3    +
   82    98  0   0.0%   0.337 CG:3    +
   80    90  0   0.0%   1.333 GC:3    +
    1    22  0   0.0%   0.018 CG:3    +
    2    21  0   0.0%   0.035 AU:3    +
   13    88  0   0.0%   0.563 GU:3    +
   85    98  0   0.0%   0.514 CG:3    +
   30    44  0   0.0%   0.018 UA:3    +
   31    43  0   0.0%   0.093 CG:3    +
   12    17  0   0.0%   0.060 CG:3    +
   29    45  0   0.0%   0.016 UA:3    +
   15    27  0   0.0%   0.039 GC:3    +
   74    91  0   0.0%   1.375 AU:3    +
    7    78  0   0.0%   0.075 GC:3    +
   16    21  0   0.0%   0.034 GU:3    +
   22    35  0   0.0%   0.235 GC:3    +
   82    87  0   0.0%   1.204 CG:3    +
   11    73  0   0.0%   0.015 UA:3    +
   27    47  0   0.0%   0.128 CG:3    +
   26    48  0   0.0%   0.013 AU:3    +
   70    79  0   0.0%   0.316 GC:3    +
   13    78  0   0.0%   0.034 GC:3    +
   16    75  0   0.0%   0.060 GC:3    +
   83    98  0   0.0%   0.452 CG:3    +
   15    76  0   0.0%   0.044 GU:3    +
   14    29  0   0.0%   0.005 AU:3    +
   25    44  0   0.0%   0.020 UA:3    +
   25    49  0   0.0%   0.020 UG:3    +
   24    50  0   0.0%   0.029 CG:3    +
   19    80  0   0.0%   0.168 UG:3    +
   13    81  0   0.0%   0.057 GU:3    +
   13    69  0   0.0%   0.034 GC:3    +
   12    70  0   0.0%   0.042 CG:3    +
   40    69  0   0.0%   0.007 GC:3    +
   41    68  0   0.0%   0.086 AU:3    +
    9    85  0   0.0%   0.125 GC:3    +
   15    89  0   0.0%   0.552 GU:3    +
   14    68  0   0.0%   0.011 AU:3    +
   22    90  0   0.0%   2.431 GC:3    +
   31    80  0   0.0%   0.455 CG:3    +
   11    15  0   0.0%   0.015 UG:3    +
   28    36  0   0.0%   0.116 GC:3    +
   20    33  0   0.0%   0.039 CG:3    +
   83    87  0   0.0%   1.319 CG:3    +
   16    31  0   0.0%   0.073 GC:3    +
   11    71  0   0.0%   0.015 UA:3    +
   13    20  0   0.0%   0.049 GC:3    +
   10    16  0   0.0%   0.056 UG:3    +
    9    78  0   0.0%   0.073 GC:3    +
   53    57  0   0.0%   0.486 GC:3    +
   14    19  0   0.0%   0.021 AU:3    +
   39    69  0   0.0%   0.005 GC:3    +
   40    68  0   0.0%   0.087 GU:3    +
   19    73  0   0.0%   0.029 UA:3    +
   41    67  0   0.0%   0.010 AU:3    +
    1    15  0   0.0%   0.017 CG:3    +
   17    30  0   0.0%   0.062 GU:3    +
   31    87  0   0.0%   1.183 CG:3    +
   27    87  0   0.0%   1.436 CG:3    +
   10    77  0   0.0%   0.062 UA:3    +
   22    93  0   0.0%   2.045 GC:3    +
   22    36  0   0.0%   0.235 GC:3    +
   43    59  0   0.0%   0.002 GC:3    +
   28    93  0   0.0%   1.450 GC:3    +
   28    90  0   0.0%   1.836 GC:3    +
   23    92  0   0.0%   0.996 UA:3    +
   25    33  0   0.0%   0.020 UG:3    +
   21    87  0   0.0%   1.539 UG:3    +
   26    88  0   0.0%   1.003 AU:3    +
    1    28  0   0.0%   0.018 CG:3    +
   53    59  0   0.0%   0.417 GC:3    +
   80    96  0   0.0%   0.594 GC:3    +
   29    92  0   0.0%   0.811 UA:3    +
   70    75  0   0.0%   0.751 GC:3    +
    9    27  0   0.0%   0.069 GC:3    +
   10    26  0   0.0%   0.062 UA:3    +
   17    54  0   0.0%   0.052 GC:3    +
   18    53  0   0.0%   0.049 CG:3    +
   32    86  0   0.0%   0.831 UA:3    +
   15    67  0   0.0%   0.043 GU:3    +
   16    20  0   0.0%   0.050 GC:3    +
   22    51  0   0.0%   0.235 GC:3    +
   16    55  0   0.0%   0.059 GC:3    +
   34    70  0   0.0%   0.006 UG:3    +
   17    25  0   0.0%   0.061 GU:3    +
    9    24  0   0.0%   0.069 GC:3    +
    8    25  0   0.0%   0.022 AU:3    +
   47    78  0   0.0%   1.015 GC:3    +
   48    77  0   0.0%   1.450 UA:3    +
   49    76  0   0.0%   0.896 GU:3    +
    1    16  0   0.0%   0.017 CG:3    +
   50    75  0   0.0%   1.169 GC:3    +
   46    79  0   0.0%   0.731 GC:3    +
   21    37  0   0.0%   0.078 UA:3    +
   15    21  0   0.0%   0.019 GU:3    +
    7    82  0   0.0%   0.075 GC:3    +
   50    60  0   0.0%   0.612 GC:3    +
   16    66  0   0.0%   0.059 GC:3    +
   49    61  0   0.0%   0.508 GC:3    +
    7    27  0   0.0%   0.074 GC:3    +
   15    99  0   0.0%   0.472 GC:3    +
   66    70  0   0.0%   0.019 CG:3    +
   23    86  0   0.0%   1.411 UA:3    +
    6    28  0   0.0%   0.041 CG:3    +
    4    19  0   0.0%   0.008 AU:3    +
   19    87  0   0.0%   1.122 UG:3    +
   25    71  0   0.0%   0.023 UA:3    +
   22    88  0   0.0%   2.025 GU:3    +
   17    97  0   0.0%   0.504 GC:3    +
   22    52  0   0.0%   0.235 GC:3    +
   65    71  0   0.0%   0.009 UA:3    +
    9    82  0   0.0%   0.073 GC:3    +
   76    80  0   0.0%   0.777 UG:3    +
   44    64  0   0.0%   0.002 AU:3    +
   31    40  0   0.0%   0.093 CG:3    +
   28    83  0   0.0%   1.096 GC:3    +
   17    21  0   0.0%   0.028 GU:3    +
   32    39  0   0.0%   0.015 UG:3    +
   33    85  0   0.0%   0.290 GC:3    +
   33    76  0   0.0%   0.415 GU:3    +
   80    89  0   0.0%   0.934 GU:3    +
   61    70  0   0.0%   0.038 CG:3    +
    7    21  0   0.0%   0.078 GU:3    +
   53    60  0   0.0%   0.179 GC:3    +
    8    81  0   0.0%   0.025 AU:3    +
   15    32  0   0.0%   0.053 GU:3    +
   78    98  0   0.0%   0.754 CG:3    +
   13    30  0   0.0%   0.034 GU:3    +
   11    80  0   0.0%   0.016 UG:3    +
   30    41  0   0.0%   0.019 UA:3    +
   76    92  0   0.0%   0.657 UA:3    +
   77    91  0   0.0%   1.540 AU:3    +
    7    83  0   0.0%   0.075 GC:3    +
    1    80  0   0.0%   0.018 CG:3    +
   62    70  0   0.0%   0.026 CG:3    +
   33    68  0   0.0%   0.002 GU:3    +
   17    65  0   0.0%   0.052 GU:3    +
   16    32  0   0.0%   0.069 GU:3    +
   84    98  0   0.0%   0.354 UG:3    +
   28    99  0   0.0%   0.898 GC:3    +
   40    64  0   0.0%   0.002 GU:3    +
......(((((.((((((...((........((((.(((((((..((((.......)))).))))))).))))))....))))))))))).........
