3 sequence; length of alignment 34
alifold output
    7    21  0  94.2%   0.178 AU:3   
    6    22  0  93.3%   0.403 CG:3   
    8    20  0  93.2%   0.338 GC:3   
   11    17  0  90.5%   0.362 UA:3   
   12    16  0  89.1%   0.409 CG:3   
   10    18  0  83.1%   0.586 AU:3   
    2    28  0  80.1%   0.628 CG:3   
    1    29  0  79.9%   0.663 GC:3   
    4    24  0  38.3%   1.426 GC:3   
    4    23  0   8.0%   0.811 GC:3    +
    4    25  0   7.3%   1.276 GC:3    +
    4    26  0   4.3%   1.282 GU:3    +
    1    23  0   2.4%   0.275 GC:3    +
    2    22  0   2.4%   0.272 CG:3    +
    6    16  0   2.3%   0.274 CG:3    +
    5    17  0   2.3%   0.260 UA:3    +
    8    15  0   2.2%   0.264 GC:3    +
    4    29  0   2.1%   1.437 GC:3    +
    5    28  0   2.1%   0.529 UG:3    +
    4    18  0   1.9%   0.241 GU:3    +
    9    14  0   1.8%   0.229 AU:3    +
    2    31  0   1.6%   0.467 CG:3    +
    1    32  0   1.3%   0.475 GU:3    +
   23    28  0   1.1%   0.740 CG:3    +
   22    29  0   1.1%   0.683 GC:3    +
    9    18  0   1.0%   0.289 AU:3    +
    7    30  0   0.9%   0.202 AU:3    +
    8    29  0   0.9%   0.590 GC:3    +
    6    31  0   0.9%   0.351 CG:3    +
    8    19  0   0.8%   0.222 GC:3    +
   15    22  0   0.5%   0.370 CG:3    +
    5    22  0   0.4%   0.248 UG:3    +
   13    23  0   0.3%   0.370 GC:3    +
   17    32  0   0.3%   0.309 AU:3    +
   16    33  0   0.3%   0.302 GU:3    +
    1    25  0   0.3%   0.155 GC:3    +
   16    21  0   0.3%   0.317 GU:3    +
    4    19  0   0.3%   0.140 GC:3    +
   15    34  0   0.3%   0.184 CG:3    +
   18    31  0   0.3%   0.440 UG:3    +
   14    22  0   0.2%   0.306 UG:3    +
   13    24  0   0.2%   0.454 GC:3    +
   25    31  0   0.2%   0.412 CG:3    +
   20    31  0   0.2%   0.260 CG:3    +
    4    20  0   0.2%   0.141 GC:3    +
   16    27  0   0.2%   0.283 GU:3    +
   15    28  0   0.2%   0.416 CG:3    +
    9    27  0   0.2%   0.162 AU:3    +
   17    26  0   0.2%   0.364 AU:3    +
   10    26  0   0.1%   0.332 AU:3    +
    8    25  0   0.1%   0.430 GC:3    +
    7    26  0   0.1%   0.227 AU:3    +
    4    15  0   0.1%   0.030 GC:3    +
    6    13  0   0.1%   0.028 CG:3    +
   13    29  0   0.1%   0.381 GC:3    +
   25    34  0   0.1%   0.276 CG:3    +
    7    14  0   0.1%   0.022 AU:3    +
   10    32  0   0.1%   0.250 AU:3    +
    3    16  0   0.1%   0.022 UG:3    +
    9    33  0   0.1%   0.153 AU:3    +
   10    27  0   0.1%   0.203 AU:3    +
   11    31  0   0.1%   0.218 UG:3    +
   29    34  0   0.1%   0.405 CG:3    +
   16    20  0   0.1%   0.295 GC:3    +
   13    19  0   0.1%   0.082 GC:3    +
    1    24  0   0.1%   0.110 GC:3    +
    1    27  0   0.1%   0.132 GU:3    +
    4    27  0   0.1%   1.027 GU:3    +
   19    31  0   0.0%   0.203 CG:3    +
   12    31  0   0.0%   0.234 CG:3    +
    4    33  0   0.0%   1.109 GU:3    +
   13    30  0   0.0%   0.116 GU:3    +
    4    32  0   0.0%   1.161 GU:3    +
    6    28  0   0.0%   0.427 CG:3    +
    4    12  0   0.0%   0.010 GC:3    +
   12    22  0   0.0%   0.294 CG:3    +
    7    27  0   0.0%   0.089 AU:3    +
   24    31  0   0.0%   0.545 CG:3    +
   11    16  0   0.0%   0.101 UG:3    +
    8    14  0   0.0%   0.018 GU:3    +
    3    34  0   0.0%   0.021 UG:3    +
   13    20  0   0.0%   0.102 GC:3    +
   13    21  0   0.0%   0.083 GU:3    +
    8    26  0   0.0%   0.354 GU:3    +
    2     8  0   0.0%   0.006 CG:3    +
    3    13  0   0.0%   0.011 UG:3    +
    1    20  0   0.0%   0.011 GC:3    +
   14    28  0   0.0%   0.366 UG:3    +
    2    13  0   0.0%   0.008 CG:3    +
    2    34  0   0.0%   0.342 CG:3    +
   23    31  0   0.0%   0.515 CG:3    +
    3     7  0   0.0%   0.005 UA:3    +
    1    26  0   0.0%   0.124 GU:3    +
   16    25  0   0.0%   0.447 GC:3    +
   16    23  0   0.0%   0.536 GC:3    +
    1    14  0   0.0%   0.005 GU:3    +
    1    15  0   0.0%   0.007 GC:3    +
    3    28  0   0.0%   0.192 UG:3    +
   13    25  0   0.0%   0.275 GC:3    +
   12    28  0   0.0%   0.376 CG:3    +
   22    32  0   0.0%   0.362 GU:3    +
   26    31  0   0.0%   0.335 UG:3    +
   13    27  0   0.0%   0.085 GU:3    +
    7    33  0   0.0%   0.125 AU:3    +
    6    34  0   0.0%   0.211 CG:3    +
    4    11  0   0.0%   0.003 GU:3    +
    5    10  0   0.0%   0.004 UA:3    +
    1    30  0   0.0%   0.307 GU:3    +
    8    12  0   0.0%   0.008 GC:3    +
    1    19  0   0.0%   0.007 GC:3    +
   20    28  0   0.0%   0.364 CG:3    +
    8    32  0   0.0%   0.309 GU:3    +
    1    33  0   0.0%   0.364 GU:3    +
   17    33  0   0.0%   0.238 AU:3    +
   16    24  0   0.0%   0.611 GC:3    +
    3    10  0   0.0%   0.004 UA:3    +
   24    28  0   0.0%   0.716 CG:3    +
   10    33  0   0.0%   0.190 AU:3    +
    9    21  0   0.0%   0.179 AU:3    +
    1     6  0   0.0%   0.002 GC:3    +
    1    12  0   0.0%   0.002 GC:3    +
   28    33  0   0.0%   0.360 GU:3    +
    3    31  0   0.0%   0.079 UG:3    +
    2    16  0   0.0%   0.005 CG:3    +
    8    23  0   0.0%   0.485 GC:3    +
   11    22  0   0.0%   0.273 UG:3    +
    1    21  0   0.0%   0.008 GU:3    +
   30    34  0   0.0%   0.082 UG:3    +
   20    34  0   0.0%   0.122 CG:3    +
   27    34  0   0.0%   0.068 UG:3    +
   17    21  0   0.0%   0.256 AU:3    +
   10    14  0   0.0%   0.086 AU:3    +
    8    24  0   0.0%   0.567 GC:3    +
    3     9  0   0.0%   0.003 UA:3    +
    8    21  0   0.0%   0.251 GU:3    +
   21    31  0   0.0%   0.227 UG:3    +
   24    34  0   0.0%   0.413 CG:3    +
    4    21  0   0.0%   0.118 GU:3    +
    9    26  0   0.0%   0.268 AU:3    +
   15    31  0   0.0%   0.246 CG:3    +
   26    34  0   0.0%   0.198 UG:3    +
   19    28  0   0.0%   0.337 CG:3    +
   19    34  0   0.0%   0.087 CG:3    +
   16    26  0   0.0%   0.382 GU:3    +
   16    30  0   0.0%   0.282 GU:3    +
    8    27  0   0.0%   0.216 GU:3    +
   13    18  0   0.0%   0.289 GU:3    +
    3    22  0   0.0%   0.100 UG:3    +
    4    30  0   0.0%   1.097 GU:3    +
    3     8  0   0.0%   0.004 UG:3    +
   27    31  0   0.0%   0.205 UG:3    +
   23    34  0   0.0%   0.387 CG:3    +
   10    21  0   0.0%   0.214 AU:3    +
    7    18  0   0.0%   0.085 AU:3    +
   21    28  0   0.0%   0.355 UG:3    +
    9    32  0   0.0%   0.192 AU:3    +
    8    33  0   0.0%   0.253 GU:3    +
   28    32  0   0.0%   0.414 GU:3    +
   12    34  0   0.0%   0.120 CG:3    +
   10    30  0   0.0%   0.214 AU:3    +
    3    17  0   0.0%   0.011 UA:3    +
    5    34  0   0.0%   0.195 UG:3    +
   13    33  0   0.0%   0.079 GU:3    +
   22    27  0   0.0%   0.261 GU:3    +
   17    27  0   0.0%   0.225 AU:3    +
    1    18  0   0.0%   0.004 GU:3    +
    5    31  0   0.0%   0.257 UG:3    +
   16    29  0   0.0%   0.545 GC:3    +
   13    26  0   0.0%   0.212 GU:3    +
    7    11  0   0.0%   0.003 AU:3    +
   18    34  0   0.0%   0.315 UG:3    +
   18    22  0   0.0%   0.500 UG:3    +
    4    14  0   0.0%   0.005 GU:3    +
    5    16  0   0.0%   0.007 UG:3    +
   22    30  0   0.0%   0.319 GU:3    +
   16    32  0   0.0%   0.303 GU:3    +
   17    30  0   0.0%   0.233 AU:3    +
    5    13  0   0.0%   0.005 UG:3    +
   11    28  0   0.0%   0.357 UG:3    +
    9    30  0   0.0%   0.173 AU:3    +
   22    33  0   0.0%   0.305 GU:3    +
   22    26  0   0.0%   0.390 GU:3    +
    1     5  0   0.0%   0.000 GU:3    +
    7    32  0   0.0%   0.177 AU:3    +
    5     9  0   0.0%   0.000 UA:3    +
    8    18  0   0.0%   0.165 GU:3    +
   13    32  0   0.0%   0.134 GU:3    +
   21    34  0   0.0%   0.101 UG:3    +
((.(.(((.(((...))).))).)...)).....
