3 sequence; length of alignment 34
alifold output
   20    31  0  78.4%   0.947 CG:3   
   19    32  0  78.4%   0.988 CG:3   
   21    30  0  76.5%   1.218 GU:3   
   18    33  0  72.0%   1.031 GU:3   
   22    29  0  66.8%   1.235 AU:3   
   14    21  0  17.5%   1.012 CG:3    +
   13    22  0  17.4%   0.992 UA:3    +
   10    27  0  17.2%   0.962 UA:3    +
   11    26  0  17.1%   0.977 CG:3    +
    9    28  0  16.9%   0.986 CG:3    +
   12    23  0  12.7%   0.810 UA:3    +
    5    32  0   6.4%   0.790 CG:3    +
    6    30  0   6.1%   0.576 AU:3    +
    5    31  0   6.1%   0.612 CG:3    +
    4    33  0   5.8%   0.650 GU:3    +
    8    31  0   1.5%   0.458 CG:3    +
    7    32  0   1.5%   0.444 UG:3    +
   24    28  0   1.4%   0.625 UG:3    +
    6    33  0   1.4%   0.572 AU:3    +
    4    14  0   1.3%   0.200 GC:3    +
   23    29  0   1.2%   0.781 AU:3    +
    3    15  0   1.1%   0.152 UA:3    +
    6    13  0   0.8%   0.133 AU:3    +
   22    30  0   0.8%   1.158 AU:3    +
    8    32  0   0.7%   0.497 CG:3    +
    9    31  0   0.7%   0.719 CG:3    +
    5    18  0   0.7%   0.109 CG:3    +
    4    19  0   0.7%   0.190 GC:3    +
   18    34  0   0.7%   0.436 GC:3    +
    2    21  0   0.6%   0.099 CG:3    +
   20    26  0   0.6%   0.511 CG:3    +
    7    27  0   0.6%   0.106 UA:3    +
    8    26  0   0.6%   0.101 CG:3    +
   14    31  0   0.6%   0.794 CG:3    +
   19    28  0   0.6%   0.545 CG:3    +
   18    29  0   0.6%   0.203 GU:3    +
   14    26  0   0.6%   0.817 CG:3    +
   15    30  0   0.5%   0.325 AU:3    +
    1    22  0   0.5%   0.089 UA:3    +
   21    25  0   0.5%   0.431 GC:3    +
   13    27  0   0.5%   0.811 UA:3    +
    5    28  0   0.5%   0.118 CG:3    +
   11    28  0   0.5%   0.753 CG:3    +
    4    29  0   0.5%   0.200 GU:3    +
    2    31  0   0.5%   0.112 CG:3    +
   16    29  0   0.4%   0.118 AU:3    +
   12    27  0   0.4%   0.692 UA:3    +
   12    28  0   0.4%   0.753 UG:3    +
   17    30  0   0.4%   0.313 AU:3    +
   19    26  0   0.4%   0.498 CG:3    +
   13    26  0   0.3%   0.757 UG:3    +
   13    32  0   0.3%   0.759 UG:3    +
    8    28  0   0.3%   0.122 CG:3    +
   25    31  0   0.2%   0.609 CG:3    +
    1    32  0   0.2%   0.079 UG:3    +
    9    26  0   0.2%   0.098 CG:3    +
   24    32  0   0.2%   0.640 UG:3    +
    2    32  0   0.2%   0.117 CG:3    +
   23    33  0   0.2%   0.829 AU:3    +
    4    11  0   0.2%   0.053 GC:3    +
    4    34  0   0.2%   0.356 GC:3    +
    4     9  0   0.2%   0.040 GC:3    +
    3    31  0   0.2%   0.123 UG:3    +
   10    17  0   0.2%   0.049 UA:3    +
    6    12  0   0.2%   0.033 AU:3    +
    9    18  0   0.1%   0.079 CG:3    +
   15    24  0   0.1%   0.080 AU:3    +
   12    17  0   0.1%   0.058 UA:3    +
    3    17  0   0.1%   0.079 UA:3    +
   11    18  0   0.1%   0.084 CG:3    +
    7    16  0   0.1%   0.026 UA:3    +
   26    30  0   0.1%   0.944 GU:3    +
   17    33  0   0.1%   0.306 AU:3    +
    4    30  0   0.1%   0.167 GU:3    +
    2    18  0   0.1%   0.016 CG:3    +
   11    21  0   0.0%   0.066 CG:3    +
    4     8  0   0.0%   0.011 GC:3    +
   20    32  0   0.0%   0.752 CG:3    +
    8    21  0   0.0%   0.046 CG:3    +
   10    22  0   0.0%   0.058 UA:3    +
    3    16  0   0.0%   0.062 UA:3    +
   17    29  0   0.0%   0.098 AU:3    +
   17    24  0   0.0%   0.053 AU:3    +
   13    23  0   0.0%   0.621 UA:3    +
    6    29  0   0.0%   0.088 AU:3    +
    7    22  0   0.0%   0.046 UA:3    +
    1    17  0   0.0%   0.012 UA:3    +
   26    34  0   0.0%   0.512 GC:3    +
   27    33  0   0.0%   0.879 AU:3    +
    3    32  0   0.0%   0.112 UG:3    +
   16    30  0   0.0%   0.254 AU:3    +
    7    28  0   0.0%   0.080 UG:3    +
   16    24  0   0.0%   0.031 AU:3    +
    7    31  0   0.0%   0.260 UG:3    +
   10    15  0   0.0%   0.060 UA:3    +
   14    32  0   0.0%   0.753 CG:3    +
   10    16  0   0.0%   0.021 UA:3    +
   25    32  0   0.0%   0.588 CG:3    +
    4    25  0   0.0%   0.127 GC:3    +
   23    30  0   0.0%   0.798 AU:3    +
   21    34  0   0.0%   0.627 GC:3    +
    2    28  0   0.0%   0.042 CG:3    +
   12    22  0   0.0%   0.059 UA:3    +
    3    27  0   0.0%   0.068 UA:3    +
    4    13  0   0.0%   0.034 GU:3    +
   13    17  0   0.0%   0.075 UA:3    +
    6    10  0   0.0%   0.006 AU:3    +
   18    25  0   0.0%   0.064 GC:3    +
    7    17  0   0.0%   0.022 UA:3    +
    1     6  0   0.0%   0.003 UA:3    +
   12    16  0   0.0%   0.027 UA:3    +
   13    21  0   0.0%   0.085 UG:3    +
    9    32  0   0.0%   0.681 CG:3    +
   11    32  0   0.0%   0.662 CG:3    +
    1    16  0   0.0%   0.004 UA:3    +
   11    31  0   0.0%   0.665 CG:3    +
    4    10  0   0.0%   0.018 GU:3    +
    7    15  0   0.0%   0.054 UA:3    +
   12    31  0   0.0%   0.646 UG:3    +
   22    33  0   0.0%   1.119 AU:3    +
    3    26  0   0.0%   0.065 UG:3    +
    2    26  0   0.0%   0.039 CG:3    +
   10    31  0   0.0%   0.636 UG:3    +
    6    24  0   0.0%   0.055 AU:3    +
    1    27  0   0.0%   0.036 UA:3    +
   20    28  0   0.0%   0.462 CG:3    +
    4    12  0   0.0%   0.031 GU:3    +
    7    26  0   0.0%   0.017 UG:3    +
   16    33  0   0.0%   0.271 AU:3    +
   21    29  0   0.0%   0.460 GU:3    +
   14    18  0   0.0%   0.116 CG:3    +
   10    32  0   0.0%   0.633 UG:3    +
    7    23  0   0.0%   0.014 UA:3    +
   15    33  0   0.0%   0.317 AU:3    +
   14    28  0   0.0%   0.791 CG:3    +
   10    26  0   0.0%   0.069 UG:3    +
   12    18  0   0.0%   0.078 UG:3    +
    9    21  0   0.0%   0.057 CG:3    +
    1    15  0   0.0%   0.002 UA:3    +
    8    18  0   0.0%   0.045 CG:3    +
    5    26  0   0.0%   0.037 CG:3    +
    4    20  0   0.0%   0.122 GC:3    +
   18    24  0   0.0%   0.074 GU:3    +
    3    21  0   0.0%   0.093 UG:3    +
   28    34  0   0.0%   0.540 GC:3    +
   12    21  0   0.0%   0.060 UG:3    +
   12    32  0   0.0%   0.641 UG:3    +
   13    18  0   0.0%   0.100 UG:3    +
    1    31  0   0.0%   0.035 UG:3    +
   13    31  0   0.0%   0.710 UG:3    +
   19    31  0   0.0%   0.429 CG:3    +
   10    23  0   0.0%   0.021 UA:3    +
    1    23  0   0.0%   0.034 UA:3    +
    5    21  0   0.0%   0.066 CG:3    +
   10    18  0   0.0%   0.066 UG:3    +
   12    26  0   0.0%   0.635 UG:3    +
    3    18  0   0.0%   0.067 UG:3    +
    4    24  0   0.0%   0.122 GU:3    +
   10    28  0   0.0%   0.673 UG:3    +
   24    31  0   0.0%   0.609 UG:3    +
    3    22  0   0.0%   0.090 UA:3    +
   18    30  0   0.0%   0.319 GU:3    +
    1    18  0   0.0%   0.006 UG:3    +
    7    18  0   0.0%   0.049 UG:3    +
   26    33  0   0.0%   0.939 GU:3    +
    1    28  0   0.0%   0.034 UG:3    +
    1    21  0   0.0%   0.006 UG:3    +
   28    33  0   0.0%   0.976 GU:3    +
    3    23  0   0.0%   0.062 UA:3    +
    3    28  0   0.0%   0.065 UG:3    +
.................(((((......))))).
