3 sequence; length of alignment 50
alifold output
    3    16  0  80.3%   0.556 GC:3   
    4    15  0  80.2%   0.531 AU:3   
    2    17  0  80.0%   0.579 GC:3   
    5    14  0  79.8%   0.540 AU:3   
    6    13  0  76.4%   0.629 UG:3   
   19    30  0  62.0%   0.902 CG:3   
   18    31  0  61.5%   0.908 GC:3   
   20    29  0  61.2%   0.909 AU:3   
   21    28  0  47.9%   1.060 AU:3   
    7    12  0  41.0%   1.116 UG:3   
   31    46  0  33.7%   1.633 CG:3    +
   32    45  0  33.7%   1.474 CG:3    +
   30    47  0  33.7%   1.551 GC:3    +
   38    48  0  33.1%   1.964 CG:3   
   39    47  0  32.6%   1.781 GC:3   
   37    49  0  31.9%   1.608 AU:3   
   36    50  0  23.1%   1.576 AU:3   
   29    48  0  17.3%   1.530 UG:3    +
   15    36  0  14.0%   1.015 UA:3    +
   16    35  0  14.0%   1.009 CG:3    +
   14    37  0  13.9%   1.017 UA:3    +
   13    38  0  13.9%   1.087 GC:3    +
   11    44  0  11.3%   0.980 UA:3    +
   12    43  0  11.3%   1.191 GC:3    +
   10    45  0  11.2%   0.865 CG:3    +
   14    41  0   5.3%   1.001 UA:3    +
   15    40  0   5.3%   1.073 UA:3    +
   16    39  0   5.2%   0.935 CG:3    +
   11    40  0   4.0%   0.439 UA:3    +
   43    48  0   3.0%   1.610 CG:3    +
   42    49  0   2.9%   1.095 GU:3    +
    5    49  0   2.8%   0.504 AU:3    +
    6    48  0   2.7%   0.547 UG:3    +
    8    46  0   2.4%   0.425 CG:3    +
    4    50  0   2.0%   0.437 AU:3    +
   35    43  0   1.8%   0.941 GC:3    +
   10    42  0   1.8%   0.256 CG:3    +
   41    50  0   1.7%   0.979 AU:3    +
   30    43  0   1.6%   0.799 GC:3    +
   31    42  0   1.6%   0.632 CG:3    +
   29    44  0   1.5%   0.828 UA:3    +
   27    50  0   1.5%   0.354 AU:3    +
    8    12  0   1.3%   0.575 CG:3    +
   11    41  0   1.2%   0.339 UA:3    +
   28    45  0   1.1%   0.855 UG:3    +
   26    35  0   1.0%   0.467 CG:3    +
   25    36  0   1.0%   0.422 UA:3    +
   18    43  0   0.9%   0.700 GC:3    +
   19    42  0   0.9%   0.516 CG:3    +
   19    46  0   0.9%   0.582 CG:3    +
   18    47  0   0.9%   0.527 GC:3    +
   38    45  0   0.8%   1.136 CG:3    +
   23    38  0   0.8%   0.420 GC:3    +
   17    35  0   0.7%   0.567 CG:3    +
    7    13  0   0.7%   0.685 UG:3    +
   22    28  0   0.7%   0.460 AU:3    +
   27    49  0   0.6%   0.272 AU:3    +
   26    39  0   0.6%   0.323 CG:3    +
   24    49  0   0.6%   0.242 AU:3    +
    3    47  0   0.6%   0.303 GC:3    +
   25    40  0   0.5%   0.440 UA:3    +
   29    36  0   0.5%   0.737 UA:3    +
   28    37  0   0.5%   0.749 UA:3    +
   23    50  0   0.5%   0.246 GU:3    +
   25    48  0   0.4%   0.299 UG:3    +
   21    29  0   0.4%   0.725 AU:3    +
    2    10  0   0.4%   0.085 GC:3    +
   32    39  0   0.4%   0.296 CG:3    +
   28    48  0   0.4%   0.706 UG:3    +
    1    11  0   0.3%   0.055 AU:3    +
    8    48  0   0.3%   0.394 CG:3    +
    2     8  0   0.3%   0.051 GC:3    +
    8    45  0   0.3%   0.183 CG:3    +
    6    44  0   0.3%   0.279 UA:3    +
    7    48  0   0.2%   0.593 UG:3    +
    8    39  0   0.2%   0.143 CG:3    +
    7    40  0   0.2%   0.456 UA:3    +
    3     8  0   0.2%   0.066 GC:3    +
   18    32  0   0.2%   0.351 GC:3    +
    6    41  0   0.2%   0.254 UA:3    +
    7    46  0   0.2%   0.477 UG:3    +
    8    42  0   0.2%   0.147 CG:3    +
    6    12  0   0.2%   0.033 UG:3    +
   35    50  0   0.2%   0.672 GU:3    +
    1    49  0   0.2%   0.049 AU:3    +
    4    49  0   0.1%   0.224 AU:3    +
   38    46  0   0.1%   0.919 CG:3    +
    3    50  0   0.1%   0.272 GU:3    +
   12    26  0   0.1%   0.462 GC:3    +
   13    25  0   0.1%   0.275 GU:3    +
   26    46  0   0.1%   0.270 CG:3    +
    3     7  0   0.1%   0.025 GU:3    +
    8    13  0   0.1%   0.352 CG:3    +
   14    24  0   0.1%   0.205 UA:3    +
   36    49  0   0.1%   0.576 AU:3    +
   35    47  0   0.1%   0.904 GC:3    +
   11    27  0   0.1%   0.047 UA:3    +
   26    48  0   0.1%   0.284 CG:3    +
    2    47  0   0.1%   0.246 GC:3    +
   42    47  0   0.1%   1.037 GC:3    +
   15    23  0   0.1%   0.200 UG:3    +
    7    44  0   0.1%   0.464 UA:3    +
    6    45  0   0.1%   0.264 UG:3    +
   34    49  0   0.1%   0.222 AU:3    +
    3    10  0   0.1%   0.060 GC:3    +
    7    45  0   0.1%   0.456 UG:3    +
   18    26  0   0.1%   0.025 GC:3    +
    5    50  0   0.1%   0.385 AU:3    +
   33    50  0   0.1%   0.209 AU:3    +
   23    32  0   0.1%   0.054 GC:3    +
   17    48  0   0.1%   0.364 CG:3    +
   17    39  0   0.1%   0.400 CG:3    +
   38    42  0   0.1%   0.527 CG:3    +
    2    11  0   0.1%   0.070 GU:3    +
   12    32  0   0.1%   0.457 GC:3    +
   13    31  0   0.1%   0.271 GC:3    +
   14    30  0   0.1%   0.201 UG:3    +
   19    48  0   0.0%   0.536 CG:3    +
   18    38  0   0.0%   0.605 GC:3    +
   24    29  0   0.0%   0.355 AU:3    +
   19    23  0   0.0%   0.028 CG:3    +
    2    49  0   0.0%   0.253 GU:3    +
   18    49  0   0.0%   0.544 GU:3    +
    6    46  0   0.0%   0.263 UG:3    +
   23    49  0   0.0%   0.212 GU:3    +
   12    19  0   0.0%   0.442 GC:3    +
   11    33  0   0.0%   0.042 UA:3    +
   11    20  0   0.0%   0.032 UA:3    +
   26    45  0   0.0%   0.373 CG:3    +
    3    43  0   0.0%   0.217 GC:3    +
    3    49  0   0.0%   0.261 GU:3    +
   10    46  0   0.0%   0.460 CG:3    +
   16    23  0   0.0%   0.194 CG:3    +
   22    49  0   0.0%   0.177 AU:3    +
    8    23  0   0.0%   0.103 CG:3    +
   22    29  0   0.0%   0.368 AU:3    +
   25    46  0   0.0%   0.243 UG:3    +
   30    38  0   0.0%   0.627 GC:3    +
    7    24  0   0.0%   0.417 UA:3    +
   29    39  0   0.0%   0.576 UG:3    +
   22    50  0   0.0%   0.146 AU:3    +
   39    43  0   0.0%   0.668 GC:3    +
   28    40  0   0.0%   0.757 UA:3    +
    1    50  0   0.0%   0.035 AU:3    +
   41    49  0   0.0%   0.809 AU:3    +
   23    28  0   0.0%   0.413 GU:3    +
   21    50  0   0.0%   0.480 AU:3    +
   15    24  0   0.0%   0.200 UA:3    +
   23    47  0   0.0%   0.149 GC:3    +
    2    50  0   0.0%   0.244 GU:3    +
   29    34  0   0.0%   0.343 UA:3    +
   40    49  0   0.0%   0.913 AU:3    +
   24    28  0   0.0%   0.409 AU:3    +
   40    50  0   0.0%   0.884 AU:3    +
   28    34  0   0.0%   0.401 UA:3    +
   23    29  0   0.0%   0.352 GU:3    +
   39    50  0   0.0%   1.147 GU:3    +
   10    48  0   0.0%   0.484 CG:3    +
   34    50  0   0.0%   0.209 AU:3    +
    9    49  0   0.0%   0.131 AU:3    +
   29    35  0   0.0%   0.704 UG:3    +
   11    39  0   0.0%   0.057 UG:3    +
   12    38  0   0.0%   0.453 GC:3    +
   32    42  0   0.0%   0.243 CG:3    +
    2    32  0   0.0%   0.227 GC:3    +
    3    31  0   0.0%   0.210 GC:3    +
   28    36  0   0.0%   0.723 UA:3    +
   24    50  0   0.0%   0.177 AU:3    +
   20    25  0   0.0%   0.018 AU:3    +
   28    35  0   0.0%   0.761 UG:3    +
    9    29  0   0.0%   0.005 AU:3    +
    2    43  0   0.0%   0.228 GC:3    +
   29    33  0   0.0%   0.342 UA:3    +
   32    46  0   0.0%   0.945 CG:3    +
   23    43  0   0.0%   0.361 GC:3    +
    8    30  0   0.0%   0.101 CG:3    +
   17    23  0   0.0%   0.194 CG:3    +
   10    35  0   0.0%   0.033 CG:3    +
   21    49  0   0.0%   0.510 AU:3    +
   20    28  0   0.0%   0.009 AU:3    +
   35    49  0   0.0%   0.653 GU:3    +
   28    33  0   0.0%   0.400 UA:3    +
    3    26  0   0.0%   0.207 GC:3    +
   44    49  0   0.0%   1.021 AU:3    +
    8    35  0   0.0%   0.101 CG:3    +
    4    25  0   0.0%   0.180 AU:3    +
   10    39  0   0.0%   0.047 CG:3    +
   11    45  0   0.0%   0.741 UG:3    +
   31    35  0   0.0%   0.672 CG:3    +
    7    41  0   0.0%   0.442 UA:3    +
    7    36  0   0.0%   0.415 UA:3    +
   37    50  0   0.0%   1.213 AU:3    +
   20    50  0   0.0%   0.405 AU:3    +
   19    35  0   0.0%   0.621 CG:3    +
   23    31  0   0.0%   0.327 GC:3    +
    7    42  0   0.0%   0.432 UG:3    +
   32    48  0   0.0%   0.910 CG:3    +
   18    25  0   0.0%   0.012 GU:3    +
   26    42  0   0.0%   0.218 CG:3    +
   11    34  0   0.0%   0.038 UA:3    +
   21    25  0   0.0%   0.014 AU:3    +
    6    42  0   0.0%   0.233 UG:3    +
   33    49  0   0.0%   0.207 AU:3    +
   14    42  0   0.0%   0.708 UG:3    +
    1     6  0   0.0%   0.002 AU:3    +
    5    28  0   0.0%   0.182 AU:3    +
    6    37  0   0.0%   0.220 UA:3    +
    4    29  0   0.0%   0.180 AU:3    +
   13    43  0   0.0%   0.788 GC:3    +
    2     7  0   0.0%   0.002 GU:3    +
    5    15  0   0.0%   0.358 AU:3    +
    6    27  0   0.0%   0.219 UA:3    +
   25    41  0   0.0%   0.309 UA:3    +
   44    50  0   0.0%   0.953 AU:3    +
   15    34  0   0.0%   0.188 UA:3    +
   17    45  0   0.0%   0.495 CG:3    +
   15    41  0   0.0%   0.841 UA:3    +
    7    39  0   0.0%   0.414 UG:3    +
    6    40  0   0.0%   0.220 UA:3    +
   16    46  0   0.0%   0.718 CG:3    +
   45    49  0   0.0%   1.420 GU:3    +
   29    37  0   0.0%   0.665 UA:3    +
   13    19  0   0.0%   0.254 GC:3    +
   28    46  0   0.0%   0.639 UG:3    +
    2    16  0   0.0%   0.045 GC:3    +
    1     7  0   0.0%   0.002 AU:3    +
   10    23  0   0.0%   0.032 CG:3    +
   14    18  0   0.0%   0.181 UG:3    +
   11    22  0   0.0%   0.027 UA:3    +
    2     6  0   0.0%   0.001 GU:3    +
    4    14  0   0.0%   0.001 AU:3    +
   45    50  0   0.0%   1.353 GU:3    +
   12    47  0   0.0%   0.732 GC:3    +
   31    48  0   0.0%   1.232 CG:3    +
    2    19  0   0.0%   0.223 GC:3    +
    3    15  0   0.0%   0.028 GU:3    +
   13    26  0   0.0%   0.268 GC:3    +
   30    49  0   0.0%   0.938 GU:3    +
   11    42  0   0.0%   0.304 UG:3    +
   42    50  0   0.0%   0.926 GU:3    +
   20    49  0   0.0%   0.437 AU:3    +
    4    11  0   0.0%   0.023 AU:3    +
   13    47  0   0.0%   0.573 GC:3    +
   26    30  0   0.0%   0.317 CG:3    +
   28    44  0   0.0%   0.695 UA:3    +
   14    35  0   0.0%   0.195 UG:3    +
   25    37  0   0.0%   0.333 UA:3    +
   29    40  0   0.0%   0.696 UA:3    +
   28    41  0   0.0%   0.649 UA:3    +
    6    24  0   0.0%   0.218 UA:3    +
   25    30  0   0.0%   0.315 UG:3    +
    2    26  0   0.0%   0.223 GC:3    +
   18    29  0   0.0%   0.009 GU:3    +
   12    17  0   0.0%   0.611 GC:3    +
    3    17  0   0.0%   0.382 GC:3    +
   18    28  0   0.0%   0.007 GU:3    +
   16    45  0   0.0%   0.883 CG:3    +
    5    11  0   0.0%   0.023 AU:3    +
   14    46  0   0.0%   0.731 UG:3    +
   14    40  0   0.0%   0.610 UA:3    +
    5    25  0   0.0%   0.182 AU:3    +
   46    50  0   0.0%   1.157 GU:3    +
    3    25  0   0.0%   0.204 GU:3    +
   15    35  0   0.0%   0.189 UG:3    +
   31    39  0   0.0%   0.514 CG:3    +
   11    48  0   0.0%   0.599 UG:3    +
    7    23  0   0.0%   0.410 UG:3    +
   19    45  0   0.0%   0.621 CG:3    +
   29    45  0   0.0%   0.759 UG:3    +
   15    39  0   0.0%   0.480 UG:3    +
   39    49  0   0.0%   1.175 GU:3    +
   14    36  0   0.0%   0.193 UA:3    +
   25    34  0   0.0%   0.014 UA:3    +
    9    28  0   0.0%   0.001 AU:3    +
    2    31  0   0.0%   0.223 GC:3    +
   17    30  0   0.0%   0.185 CG:3    +
    1    29  0   0.0%   0.019 AU:3    +
   15    46  0   0.0%   0.726 UG:3    +
    2    28  0   0.0%   0.223 GU:3    +
   25    45  0   0.0%   0.360 UG:3    +
   15    33  0   0.0%   0.189 UA:3    +
   15    45  0   0.0%   0.892 UG:3    +
   11    18  0   0.0%   0.023 UG:3    +
   13    17  0   0.0%   0.428 GC:3    +
   13    32  0   0.0%   0.268 GC:3    +
   15    37  0   0.0%   0.738 UA:3    +
    7    22  0   0.0%   0.410 UA:3    +
    9    50  0   0.0%   0.099 AU:3    +
    6    23  0   0.0%   0.218 UG:3    +
   14    34  0   0.0%   0.193 UA:3    +
   29    41  0   0.0%   0.590 UA:3    +
    1    25  0   0.0%   0.019 AU:3    +
    3    11  0   0.0%   0.049 GU:3    +
    1    28  0   0.0%   0.019 AU:3    +
   14    45  0   0.0%   0.897 UG:3    +
   31    45  0   0.0%   0.700 CG:3    +
    3    38  0   0.0%   0.207 GC:3    +
   25    42  0   0.0%   0.212 UG:3    +
   28    42  0   0.0%   0.554 UG:3    +
   29    42  0   0.0%   0.494 UG:3    +
    6    22  0   0.0%   0.218 UA:3    +
    7    21  0   0.0%   0.410 UA:3    +
   18    50  0   0.0%   0.506 GU:3    +
   15    22  0   0.0%   0.178 UA:3    +
    9    14  0   0.0%   0.180 AU:3    +
   19    39  0   0.0%   0.481 CG:3    +
   14    39  0   0.0%   0.484 UG:3    +
    2    38  0   0.0%   0.225 GC:3    +
   25    44  0   0.0%   0.354 UA:3    +
    4    28  0   0.0%   0.179 AU:3    +
   25    39  0   0.0%   0.233 UG:3    +
   15    44  0   0.0%   0.887 UA:3    +
   14    48  0   0.0%   0.755 UG:3    +
    7    35  0   0.0%   0.412 UG:3    +
    3    29  0   0.0%   0.205 GU:3    +
    3    28  0   0.0%   0.205 GU:3    +
   10    18  0   0.0%   0.028 CG:3    +
    6    36  0   0.0%   0.218 UA:3    +
   13    49  0   0.0%   0.664 GU:3    +
   14    33  0   0.0%   0.195 UA:3    +
   25    33  0   0.0%   0.016 UA:3    +
    2    29  0   0.0%   0.223 GU:3    +
   11    21  0   0.0%   0.026 UA:3    +
    6    34  0   0.0%   0.218 UA:3    +
   12    50  0   0.0%   0.792 GU:3    +
   15    21  0   0.0%   0.178 UA:3    +
    7    33  0   0.0%   0.412 UA:3    +
.((((((....))))))((((......))))....((((.......))))
