3 sequence; length of alignment 33
alifold output
   14    26  0  98.7%   0.090 CG:3   
   15    25  0  98.4%   0.101 GC:3   
   16    24  0  98.1%   0.153 GC:3   
   13    27  0  96.7%   0.104 UA:3   
   12    28  0  79.5%   0.611 UA:3   
    3    10  0  78.1%   0.580 CG:3   
    2    11  0  77.9%   0.591 GC:3   
   17    22  0  16.2%   0.973 GC:3    +
    5    32  0   7.2%   0.822 GC:3    +
    4    33  0   7.1%   0.761 GC:3    +
    6    31  0   6.3%   0.755 GU:3    +
    6    32  0   2.7%   0.885 GC:3    +
    5    33  0   2.6%   0.838 GC:3    +
    7    29  0   2.6%   0.289 UA:3    +
    6    30  0   2.5%   0.327 GU:3    +
    5    31  0   2.4%   0.342 GU:3    +
    4    32  0   2.4%   0.361 GC:3    +
   10    30  0   1.9%   0.594 GU:3    +
    9    31  0   1.1%   0.500 AU:3    +
   11    17  0   1.1%   0.386 CG:3    +
   10    18  0   1.1%   0.340 GU:3    +
    4    25  0   1.1%   0.193 GC:3    +
    5    24  0   1.1%   0.169 GC:3    +
    3    26  0   1.0%   0.337 CG:3    +
    9    19  0   1.0%   0.141 AU:3    +
   12    16  0   0.9%   0.142 UG:3    +
   18    23  0   0.8%   0.170 UA:3    +
    6    22  0   0.8%   0.124 GC:3    +
    9    30  0   0.8%   0.256 AU:3    +
   17    24  0   0.7%   0.519 GC:3    +
   16    25  0   0.4%   0.197 GC:3    +
    4    11  0   0.4%   0.269 GC:3    +
    5    11  0   0.3%   0.266 GC:3    +
   12    29  0   0.3%   0.384 UA:3    +
    4     8  0   0.2%   0.045 GC:3    +
   13    28  0   0.2%   0.255 UA:3    +
    4    12  0   0.2%   0.066 GU:3    +
    2    33  0   0.2%   0.235 GC:3    +
   10    32  0   0.1%   0.714 GC:3    +
    2     8  0   0.1%   0.020 GC:3    +
    1     9  0   0.1%   0.017 UA:3    +
    6    11  0   0.1%   0.249 GC:3    +
    5    12  0   0.0%   0.039 GU:3    +
   12    27  0   0.0%   0.069 UA:3    +
    7    23  0   0.0%   0.010 UA:3    +
    6    24  0   0.0%   0.105 GC:3    +
    5    25  0   0.0%   0.130 GC:3    +
    1    28  0   0.0%   0.016 UA:3    +
    1    27  0   0.0%   0.012 UA:3    +
   20    26  0   0.0%   0.068 CG:3    +
    4    14  0   0.0%   0.050 GC:3    +
    3    15  0   0.0%   0.198 CG:3    +
   10    31  0   0.0%   0.634 GU:3    +
   19    27  0   0.0%   0.088 UA:3    +
   11    16  0   0.0%   0.242 CG:3    +
    5    13  0   0.0%   0.026 GU:3    +
   16    32  0   0.0%   0.473 GC:3    +
   15    33  0   0.0%   0.318 GC:3    +
   17    30  0   0.0%   0.586 GU:3    +
   16    31  0   0.0%   0.403 GU:3    +
    1    29  0   0.0%   0.015 UA:3    +
   15    32  0   0.0%   0.403 GC:3    +
   18    28  0   0.0%   0.289 UA:3    +
    6    33  0   0.0%   0.711 GC:3    +
   18    29  0   0.0%   0.204 UA:3    +
   17    31  0   0.0%   0.699 GU:3    +
    6    12  0   0.0%   0.024 GU:3    +
    9    21  0   0.0%   0.055 AU:3    +
   19    28  0   0.0%   0.248 UA:3    +
    6    20  0   0.0%   0.010 GC:3    +
   17    21  0   0.0%   0.054 GU:3    +
   10    20  0   0.0%   0.246 GC:3    +
    5    21  0   0.0%   0.025 GU:3    +
   19    23  0   0.0%   0.090 UA:3    +
    4    22  0   0.0%   0.049 GC:3    +
    4    13  0   0.0%   0.047 GU:3    +
    9    18  0   0.0%   0.008 AU:3    +
    1     6  0   0.0%   0.002 UG:3    +
   26    32  0   0.0%   0.449 GC:3    +
   22    26  0   0.0%   0.398 CG:3    +
   21    27  0   0.0%   0.043 UA:3    +
   27    31  0   0.0%   0.357 AU:3    +
    1    10  0   0.0%   0.007 UG:3    +
    2    24  0   0.0%   0.203 GC:3    +
    2    14  0   0.0%   0.203 GC:3    +
    7    28  0   0.0%   0.007 UA:3    +
   10    33  0   0.0%   0.621 GC:3    +
    2    32  0   0.0%   0.203 GC:3    +
   16    22  0   0.0%   0.083 GC:3    +
   15    24  0   0.0%   0.055 GC:3    +
   13    26  0   0.0%   0.051 UG:3    +
    5    14  0   0.0%   0.025 GC:3    +
    6    13  0   0.0%   0.010 GU:3    +
    2    12  0   0.0%   0.202 GU:3    +
    1    17  0   0.0%   0.007 UG:3    +
   13    29  0   0.0%   0.158 UA:3    +
    1    15  0   0.0%   0.007 UG:3    +
   19    29  0   0.0%   0.161 UA:3    +
    2     7  0   0.0%   0.000 GU:3    +
    2    25  0   0.0%   0.203 GC:3    +
    1     5  0   0.0%   0.000 UG:3    +
   11    26  0   0.0%   0.336 CG:3    +
   17    32  0   0.0%   0.766 GC:3    +
   16    33  0   0.0%   0.384 GC:3    +
    4    31  0   0.0%   0.096 GU:3    +
    8    15  0   0.0%   0.021 CG:3    +
    5    30  0   0.0%   0.075 GU:3    +
    8    16  0   0.0%   0.020 CG:3    +
    8    17  0   0.0%   0.020 CG:3    +
    6    21  0   0.0%   0.009 GU:3    +
    1    26  0   0.0%   0.007 UG:3    +
    4    20  0   0.0%   0.047 GC:3    +
    2    22  0   0.0%   0.202 GC:3    +
    7    17  0   0.0%   0.001 UG:3    +
    5    22  0   0.0%   0.024 GC:3    +
    5    19  0   0.0%   0.023 GU:3    +
   10    19  0   0.0%   0.287 GU:3    +
   26    33  0   0.0%   0.361 GC:3    +
    7    16  0   0.0%   0.000 UG:3    +
    6    18  0   0.0%   0.007 GU:3    +
    1    23  0   0.0%   0.007 UA:3    +
    3    16  0   0.0%   0.195 CG:3    +
   15    22  0   0.0%   0.041 GC:3    +
    2    30  0   0.0%   0.203 GU:3    +
    4    24  0   0.0%   0.048 GC:3    +
   16    21  0   0.0%   0.045 GU:3    +
   11    15  0   0.0%   0.240 CG:3    +
    2    31  0   0.0%   0.203 GU:3    +
    2    13  0   0.0%   0.202 GU:3    +
    5    20  0   0.0%   0.023 GC:3    +
   13    17  0   0.0%   0.052 UG:3    +
    7    27  0   0.0%   0.005 UA:3    +
   12    17  0   0.0%   0.106 UG:3    +
    4    21  0   0.0%   0.047 GU:3    +
    8    26  0   0.0%   0.067 CG:3    +
    6    19  0   0.0%   0.007 GU:3    +
   21    26  0   0.0%   0.066 UG:3    +
    4    30  0   0.0%   0.096 GU:3    +
   16    30  0   0.0%   0.288 GU:3    +
   10    14  0   0.0%   0.196 GC:3    +
   16    20  0   0.0%   0.045 GC:3    +
    6    14  0   0.0%   0.009 GC:3    +
    5    18  0   0.0%   0.022 GU:3    +
   15    31  0   0.0%   0.332 GU:3    +
.((......))(((((.......))))).....
