3 sequence; length of alignment 36
alifold output
   10    17  0  99.6%   0.034 CG:3   
    9    18  0  99.5%   0.037 CG:3   
    5    21  0  98.4%   0.054 CG:3   
    6    20  0  97.2%   0.088 UA:3   
    4    22  0  93.1%   0.203 AU:3   
   11    16  0  92.7%   0.215 AU:3   
    3    23  0  76.4%   0.620 GU:3   
    8    19  0  50.7%   1.389 GU:3    +
    7    19  0  48.6%   1.058 AU:3   
    3    24  0   7.5%   0.791 GC:3    +
    4    23  0   4.0%   0.660 AU:3    +
   25    31  0   1.4%   0.224 CG:3    +
   28    33  0   0.4%   0.090 AU:3    +
    3    25  0   0.4%   0.466 GC:3    +
   27    34  0   0.4%   0.092 AU:3    +
    2    27  0   0.3%   0.060 UA:3    +
    9    17  0   0.3%   0.058 CG:3    +
    6    21  0   0.2%   0.086 UG:3    +
   24    31  0   0.2%   0.233 CG:3    +
    3    26  0   0.1%   0.451 GU:3    +
   28    34  0   0.1%   0.077 AU:3    +
    2    28  0   0.1%   0.039 UA:3    +
   31    36  0   0.1%   0.097 GC:3    +
   31    35  0   0.1%   0.094 GC:3    +
   27    33  0   0.1%   0.039 AU:3    +
   28    32  0   0.0%   0.023 AU:3    +
    5    18  0   0.0%   0.008 CG:3    +
    6    17  0   0.0%   0.008 UG:3    +
    7    16  0   0.0%   0.008 AU:3    +
    3    22  0   0.0%   0.009 GU:3    +
   26    31  0   0.0%   0.097 UG:3    +
   11    15  0   0.0%   0.009 AU:3    +
   22    28  0   0.0%   0.084 UA:3    +
    1    21  0   0.0%   0.007 CG:3    +
    2    20  0   0.0%   0.007 UA:3    +
   21    29  0   0.0%   0.041 GU:3    +
    4    19  0   0.0%   0.007 AU:3    +
   23    27  0   0.0%   0.362 UA:3    +
   20    30  0   0.0%   0.038 AU:3    +
    8    15  0   0.0%   0.005 GU:3    +
   16    27  0   0.0%   0.097 UA:3    +
    1    31  0   0.0%   0.007 CG:3    +
    4    32  0   0.0%   0.202 AU:3    +
    5    31  0   0.0%   0.027 CG:3    +
   15    28  0   0.0%   0.015 UA:3    +
   27    32  0   0.0%   0.031 AU:3    +
    2    31  0   0.0%   0.034 UG:3    +
   17    26  0   0.0%   0.040 GU:3    +
   18    25  0   0.0%   0.036 GC:3    +
    3    33  0   0.0%   0.438 GU:3    +
   14    29  0   0.0%   0.005 AU:3    +
    3    35  0   0.0%   0.439 GC:3    +
   21    25  0   0.0%   0.058 GC:3    +
   20    26  0   0.0%   0.044 AU:3    +
    3    19  0   0.0%   0.003 GU:3    +
   18    24  0   0.0%   0.205 GC:3    +
   17    25  0   0.0%   0.050 GC:3    +
    7    26  0   0.0%   0.365 AU:3    +
    6    27  0   0.0%   0.064 UA:3    +
    4    34  0   0.0%   0.201 AU:3    +
    8    25  0   0.0%   0.369 GC:3    +
    3    30  0   0.0%   0.435 GU:3    +
   11    30  0   0.0%   0.075 AU:3    +
   10    31  0   0.0%   0.011 CG:3    +
   23    28  0   0.0%   0.347 UA:3    +
    4    29  0   0.0%   0.199 AU:3    +
   12    31  0   0.0%   0.007 UG:3    +
   11    32  0   0.0%   0.076 AU:3    +
   13    31  0   0.0%   0.007 CG:3    +
    8    32  0   0.0%   0.350 GU:3    +
   19    27  0   0.0%   0.721 UA:3    +
   19    31  0   0.0%   0.706 UG:3    +
    9    31  0   0.0%   0.030 CG:3    +
   21    35  0   0.0%   0.036 GC:3    +
    7    33  0   0.0%   0.357 AU:3    +
   22    27  0   0.0%   0.092 UA:3    +
   14    30  0   0.0%   0.003 AU:3    +
    3    29  0   0.0%   0.434 GU:3    +
   22    31  0   0.0%   0.079 UG:3    +
    7    29  0   0.0%   0.356 AU:3    +
    3    13  0   0.0%   0.001 GC:3    +
    3    10  0   0.0%   0.001 GC:3    +
    7    22  0   0.0%   0.423 AU:3    +
   12    18  0   0.0%   0.009 UG:3    +
    4    12  0   0.0%   0.000 AU:3    +
   13    17  0   0.0%   0.026 CG:3    +
    7    23  0   0.0%   0.688 AU:3    +
   11    19  0   0.0%   0.771 AU:3    +
    7    30  0   0.0%   0.356 AU:3    +
    2    11  0   0.0%   0.001 UA:3    +
    8    22  0   0.0%   0.416 GU:3    +
    4    26  0   0.0%   0.206 AU:3    +
    9    21  0   0.0%   0.055 CG:3    +
    2     7  0   0.0%   0.000 UA:3    +
   23    31  0   0.0%   0.344 UG:3    +
    2    14  0   0.0%   0.001 UA:3    +
    3    36  0   0.0%   0.437 GC:3    +
    3    34  0   0.0%   0.436 GU:3    +
   20    29  0   0.0%   0.034 AU:3    +
    8    35  0   0.0%   0.349 GC:3    +
    1     8  0   0.0%   0.000 CG:3    +
    3    32  0   0.0%   0.434 GU:3    +
   21    30  0   0.0%   0.038 GU:3    +
   11    29  0   0.0%   0.074 AU:3    +
   12    28  0   0.0%   0.006 UA:3    +
   21    33  0   0.0%   0.036 GU:3    +
    2    21  0   0.0%   0.005 UG:3    +
    4    33  0   0.0%   0.201 AU:3    +
    6    31  0   0.0%   0.048 UG:3    +
   20    34  0   0.0%   0.034 AU:3    +
   21    32  0   0.0%   0.037 GU:3    +
   10    18  0   0.0%   0.013 CG:3    +
   21    26  0   0.0%   0.044 GU:3    +
    8    33  0   0.0%   0.349 GU:3    +
   20    33  0   0.0%   0.035 AU:3    +
    7    34  0   0.0%   0.356 AU:3    +
   11    33  0   0.0%   0.075 AU:3    +
   21    34  0   0.0%   0.035 GU:3    +
   15    27  0   0.0%   0.024 UA:3    +
    4    30  0   0.0%   0.198 AU:3    +
   18    35  0   0.0%   0.012 GC:3    +
   17    36  0   0.0%   0.028 GC:3    +
   20    32  0   0.0%   0.035 AU:3    +
   21    36  0   0.0%   0.035 GC:3    +
    8    29  0   0.0%   0.348 GU:3    +
    5    17  0   0.0%   0.000 CG:3    +
   17    24  0   0.0%   0.219 GC:3    +
   11    22  0   0.0%   0.142 AU:3    +
   13    18  0   0.0%   0.009 CG:3    +
   12    21  0   0.0%   0.031 UG:3    +
    8    13  0   0.0%   0.000 GC:3    +
    8    36  0   0.0%   0.348 GC:3    +
   18    23  0   0.0%   0.343 GU:3    +
..(((((.(((....)))))))).............
