3 sequence; length of alignment 35
alifold output
   10    18  0  75.2%   0.823 CG:3   
    9    19  0  74.6%   1.027 CG:3   
   11    17  0  72.3%   0.747 AU:3   
    5    25  0  55.8%   0.994 GC:2    GU:1   
    4    26  0  56.5%   1.054 CG:3   
    7    20  0  52.8%   1.032 CG:3   
    6    21  0  51.8%   1.063 AU:3   
    3    27  0  49.1%   1.176 UA:3   
   12    16  0  42.0%   1.131 AU:3   
    8    20  0  21.4%   1.532 UG:3    +
   18    25  0  13.2%   1.522 GC:2    GU:1    +
   17    26  0  13.3%   1.450 UG:3    +
   16    27  0  13.2%   1.619 UA:3    +
   10    31  0  12.8%   1.180 CG:3    +
   15    28  0  12.7%   0.917 UG:3    +
    9    32  0  12.5%   1.349 CG:3    +
   13    29  0  11.5%   0.825 GC:3    +
   11    30  0   7.3%   0.908 AU:3    +
    8    19  0   6.2%   0.554 UG:3    +
   12    30  0   6.0%   1.151 AU:3    +
    9    18  0   5.9%   0.523 CG:3    +
    9    20  0   2.4%   1.348 CG:3    +
   10    19  0   2.3%   0.890 CG:3    +
   28    33  0   2.3%   0.710 GC:3    +
   27    34  0   2.0%   1.000 AU:3    +
   25    32  0   0.5%   1.061 CG:2    UG:1    +
   20    29  0   1.5%   1.247 GC:3    +
   21    28  0   1.4%   0.901 UG:3    +
   19    25  0   0.2%   1.137 GC:2    GU:1    +
   25    31  0   0.2%   1.014 CG:2    UG:1    +
    4    13  0   1.2%   0.154 CG:3    +
    3    14  0   1.1%   0.150 UA:3    +
   25    35  0   0.1%   0.750 CG:2    UG:1    +
   19    30  0   1.1%   1.116 GU:3    +
   13    25  0   0.0%   0.399 GC:2    GU:1    +
   20    25  0   0.0%   1.405 GC:2    GU:1    +
    7    35  0   1.0%   0.565 CG:3    +
    7    28  0   1.0%   0.495 CG:3    +
    8    27  0   1.0%   1.029 UA:3    +
    2    15  0   0.9%   0.129 AU:3    +
    4    31  0   0.9%   0.562 CG:3    +
    9    26  0   0.8%   0.939 CG:3    +
    5    30  0   0.8%   0.504 GU:3    +
    3    24  0   0.7%   0.191 UA:3    +
   17    32  0   0.7%   0.971 UG:3    +
    1    31  0   0.7%   0.150 UG:3    +
    2    30  0   0.7%   0.162 AU:3    +
    3    32  0   0.5%   0.551 UG:3    +
    5    34  0   0.5%   0.494 GU:3    +
    4    35  0   0.5%   0.526 CG:3    +
   11    16  0   0.5%   0.086 AU:3    +
    5    33  0   0.3%   0.448 GC:3    +
   29    35  0   0.3%   0.473 CG:3    +
    2    21  0   0.3%   0.098 AU:3    +
   14    21  0   0.3%   0.479 AU:3    +
    8    22  0   0.3%   0.588 UA:3    +
    1    22  0   0.3%   0.051 UA:3    +
    3    20  0   0.3%   0.104 UG:3    +
   26    33  0   0.3%   0.747 GC:3    +
   15    20  0   0.3%   0.867 UG:3    +
    4    19  0   0.2%   0.110 CG:3    +
    9    13  0   0.2%   0.093 CG:3    +
    8    14  0   0.2%   0.090 UA:3    +
   20    33  0   0.2%   0.924 GC:3    +
    1    28  0   0.2%   0.071 UG:3    +
   21    32  0   0.2%   0.838 UG:3    +
    5    17  0   0.2%   0.035 GU:3    +
    6    16  0   0.2%   0.034 AU:3    +
   17    27  0   0.2%   1.242 UA:3    +
    4    18  0   0.2%   0.082 CG:3    +
   12    17  0   0.2%   0.648 AU:3    +
    5    29  0   0.1%   0.372 GC:3    +
   19    29  0   0.1%   0.800 GC:3    +
    3    23  0   0.1%   0.101 UA:3    +
   18    30  0   0.1%   1.124 GU:3    +
    1    27  0   0.1%   0.055 UA:3    +
   21    31  0   0.1%   0.832 UG:3    +
   19    33  0   0.1%   0.625 GC:3    +
   22    30  0   0.1%   0.560 AU:3    +
    1    26  0   0.1%   0.045 UG:3    +
    6    34  0   0.1%   0.418 AU:3    +
   13    33  0   0.1%   0.362 GC:3    +
   10    32  0   0.1%   0.891 CG:3    +
   18    34  0   0.1%   0.742 GU:3    +
   12    34  0   0.1%   0.609 AU:3    +
    7    32  0   0.1%   0.443 CG:3    +
   16    28  0   0.1%   1.021 UG:3    +
   21    27  0   0.1%   1.087 UA:3    +
   17    31  0   0.1%   0.916 UG:3    +
    8    31  0   0.1%   0.679 UG:3    +
    6    17  0   0.1%   0.042 AU:3    +
   19    34  0   0.1%   0.654 GU:3    +
   26    30  0   0.1%   1.170 GU:3    +
    2    34  0   0.1%   0.109 AU:3    +
   15    27  0   0.1%   0.481 UA:3    +
    3    19  0   0.1%   0.064 UG:3    +
   16    32  0   0.1%   1.007 UG:3    +
   23    30  0   0.1%   0.533 AU:3    +
    5    21  0   0.1%   0.043 GU:3    +
    6    30  0   0.0%   0.443 AU:3    +
   16    26  0   0.0%   0.791 UG:3    +
    4    32  0   0.0%   0.481 CG:3    +
   26    34  0   0.0%   0.747 GU:3    +
    1    35  0   0.0%   0.092 UG:3    +
   23    34  0   0.0%   0.094 AU:3    +
    9    31  0   0.0%   0.619 CG:3    +
    7    13  0   0.0%   0.059 CG:3    +
   22    34  0   0.0%   0.117 AU:3    +
   17    23  0   0.0%   0.285 UA:3    +
    8    12  0   0.0%   0.007 UA:3    +
   24    34  0   0.0%   0.118 AU:3    +
    3    22  0   0.0%   0.094 UA:3    +
   16    23  0   0.0%   0.420 UA:3    +
   17    35  0   0.0%   0.672 UG:3    +
   16    24  0   0.0%   0.449 UA:3    +
    3    28  0   0.0%   0.485 UG:3    +
    7    26  0   0.0%   0.678 CG:3    +
   15    24  0   0.0%   0.106 UA:3    +
    5    10  0   0.0%   0.006 GC:3    +
   10    35  0   0.0%   0.657 CG:3    +
   17    24  0   0.0%   0.313 UA:3    +
    8    23  0   0.0%   0.549 UA:3    +
    8    32  0   0.0%   0.632 UG:3    +
   17    22  0   0.0%   0.305 UA:3    +
   16    22  0   0.0%   0.441 UA:3    +
    7    31  0   0.0%   0.469 CG:3    +
   11    34  0   0.0%   0.494 AU:3    +
   15    23  0   0.0%   0.077 UA:3    +
    1    24  0   0.0%   0.022 UA:3    +
   21    35  0   0.0%   0.553 UG:3    +
    4    28  0   0.0%   0.416 CG:3    +
   24    30  0   0.0%   0.555 AU:3    +
    8    35  0   0.0%   0.669 UG:3    +
    3    26  0   0.0%   0.130 UG:3    +
   13    17  0   0.0%   0.332 GU:3    +
   28    34  0   0.0%   0.630 GU:3    +
    1    32  0   0.0%   0.085 UG:3    +
   12    21  0   0.0%   0.742 AU:3    +
   13    30  0   0.0%   0.757 GU:3    +
   11    15  0   0.0%   0.046 AU:3    +
   30    35  0   0.0%   0.623 UG:3    +
   15    32  0   0.0%   0.642 UG:3    +
    8    24  0   0.0%   0.576 UA:3    +
   18    33  0   0.0%   0.698 GC:3    +
   10    20  0   0.0%   1.079 CG:3    +
    6    15  0   0.0%   0.045 AU:3    +
   14    30  0   0.0%   0.519 AU:3    +
    1     6  0   0.0%   0.002 UA:3    +
    3    35  0   0.0%   0.502 UG:3    +
   16    31  0   0.0%   1.036 UG:3    +
    5    16  0   0.0%   0.004 GU:3    +
   15    22  0   0.0%   0.098 UA:3    +
   14    34  0   0.0%   0.130 AU:3    +
    4    20  0   0.0%   0.094 CG:3    +
    1     5  0   0.0%   0.001 UG:3    +
   15    19  0   0.0%   0.544 UG:3    +
    7    18  0   0.0%   0.014 CG:3    +
   21    26  0   0.0%   1.028 UG:3    +
   18    29  0   0.0%   0.919 GC:3    +
    1    23  0   0.0%   0.019 UA:3    +
    3    31  0   0.0%   0.505 UG:3    +
   10    26  0   0.0%   0.679 CG:3    +
    1    18  0   0.0%   0.002 UG:3    +
    7    19  0   0.0%   0.023 CG:3    +
    9    35  0   0.0%   0.866 CG:3    +
    2     8  0   0.0%   0.001 AU:3    +
   13    21  0   0.0%   0.432 GU:3    +
   16    20  0   0.0%   1.191 UG:3    +
   15    35  0   0.0%   0.412 UG:3    +
    2    16  0   0.0%   0.044 AU:3    +
    8    18  0   0.0%   0.027 UG:3    +
    5     9  0   0.0%   0.001 GC:3    +
    2    17  0   0.0%   0.044 AU:3    +
   16    35  0   0.0%   0.768 UG:3    +
   15    26  0   0.0%   0.439 UG:3    +
   15    31  0   0.0%   0.682 UG:3    +
    8    13  0   0.0%   0.057 UG:3    +
   10    28  0   0.0%   0.366 CG:3    +
    8    26  0   0.0%   0.872 UG:3    +
   13    34  0   0.0%   0.376 GU:3    +
    1    20  0   0.0%   0.002 UG:3    +
   17    28  0   0.0%   0.877 UG:3    +
    3    12  0   0.0%   0.000 UA:3    +
    1    19  0   0.0%   0.001 UG:3    +
    3    11  0   0.0%   0.000 UA:3    +
   20    30  0   0.0%   1.350 GU:3    +
    8    28  0   0.0%   0.642 UG:3    +
   20    34  0   0.0%   0.928 GU:3    +
   11    21  0   0.0%   0.623 AU:3    +
    9    28  0   0.0%   0.587 CG:3    +
    5    15  0   0.0%   0.045 GU:3    +
    1    14  0   0.0%   0.001 UA:3    +
    1    11  0   0.0%   0.001 UA:3    +
..(((((.((((...))))))...)))........
