3 sequence; length of alignment 34
alifold output
   10    26  0  99.7%   0.033 GC:3   
    9    27  0  99.5%   0.027 GU:3   
    8    28  0  99.5%   0.042 CG:3   
   14    21  0  99.3%   0.022 GC:3   
   15    20  0  99.1%   0.027 CG:3   
   11    25  0  98.4%   0.059 GU:3   
    7    29  0  97.6%   0.128 CG:3   
   13    22  0  66.3%   0.818 UA:3    +
   12    24  0  65.5%   1.198 UA:3   
   12    23  0  33.2%   1.099 UA:3    +
   13    23  0  32.7%   1.735 UA:3   
    6    29  0   0.6%   0.099 CG:3    +
    7    28  0   0.4%   0.069 CG:3    +
    9    26  0   0.2%   0.038 GC:3    +
   10    25  0   0.2%   0.033 GU:3    +
    5    29  0   0.1%   0.013 CG:3    +
    6    28  0   0.1%   0.012 CG:3    +
   17    26  0   0.0%   0.026 GC:3    +
   16    27  0   0.0%   0.015 AU:3    +
   15    28  0   0.0%   0.049 CG:3    +
   11    30  0   0.0%   0.026 GC:3    +
   10    31  0   0.0%   0.024 GU:3    +
    9    32  0   0.0%   0.026 GC:3    +
   12    29  0   0.0%   0.711 UG:3    +
    1    33  0   0.0%   0.005 AU:3    +
   11    32  0   0.0%   0.026 GC:3    +
   10    33  0   0.0%   0.023 GU:3    +
    9    34  0   0.0%   0.023 GC:3    +
   11    26  0   0.0%   0.035 GC:3    +
   10    27  0   0.0%   0.021 GU:3    +
    8    29  0   0.0%   0.066 CG:3    +
   17    30  0   0.0%   0.008 GC:3    +
   19    28  0   0.0%   0.036 CG:3    +
   18    29  0   0.0%   0.064 UG:3    +
   16    31  0   0.0%   0.008 AU:3    +
    1    31  0   0.0%   0.001 AU:3    +
   20    27  0   0.0%   0.019 GU:3    +
   14    30  0   0.0%   0.011 GC:3    +
   13    28  0   0.0%   0.670 UG:3    +
   12    22  0   0.0%   0.001 UA:3    +
   14    19  0   0.0%   0.001 GC:3    +
   17    21  0   0.0%   0.008 GC:3    +
    3    29  0   0.0%   0.001 CG:3    +
   14    32  0   0.0%   0.012 GC:3    +
   13    24  0   0.0%   0.916 UA:3    +
    3    10  0   0.0%   0.001 CG:3    +
    5    28  0   0.0%   0.001 CG:3    +
    4    29  0   0.0%   0.001 UG:3    +
   15    29  0   0.0%   0.074 CG:3    +
    2    11  0   0.0%   0.000 UG:3    +
    4     9  0   0.0%   0.000 UG:3    +
   13    20  0   0.0%   0.000 UG:3    +
    1    12  0   0.0%   0.000 AU:3    +
    4    10  0   0.0%   0.001 UG:3    +
    3    11  0   0.0%   0.001 CG:3    +
    5     9  0   0.0%   0.000 CG:3    +
    4    28  0   0.0%   0.001 UG:3    +
   10    32  0   0.0%   0.021 GC:3    +
    9    33  0   0.0%   0.022 GU:3    +
    6    10  0   0.0%   0.000 CG:3    +
    5    11  0   0.0%   0.001 CG:3    +
   29    34  0   0.0%   0.064 GC:3    +
   14    27  0   0.0%   0.013 GU:3    +
   11    31  0   0.0%   0.024 GU:3    +
   16    25  0   0.0%   0.027 AU:3    +
    9    25  0   0.0%   0.000 GU:3    +
   13    29  0   0.0%   0.701 UG:3    +
    3    28  0   0.0%   0.000 CG:3    +
   18    24  0   0.0%   0.277 UA:3    +
    2    29  0   0.0%   0.000 UG:3    +
   29    33  0   0.0%   0.065 GU:3    +
    3     9  0   0.0%   0.000 CG:3    +
   14    33  0   0.0%   0.011 GU:3    +
......(((((((((....)).))))))).....
