3 sequence; length of alignment 34
alifold output
    8    27  0  84.9%   0.749 CG:3   
   12    23  0  84.8%   0.701 GC:3   
    7    28  0  84.8%   0.753 CG:3   
   11    24  0  84.2%   0.753 CG:3   
   15    20  0  83.3%   0.752 CG:3   
    9    26  0  61.6%   0.935 AU:3   
    2    33  0  57.3%   1.616 CG:3   
    4    31  0  47.4%   1.225 AU:3   
    1    34  0  17.7%   1.286 UG:3    +
    6    30  0  15.9%   1.219 GC:3    +
    7    18  0  14.2%   0.833 CG:3    +
    8    17  0  14.2%   0.833 CG:3    +
    6    19  0  14.2%   0.834 GC:3    +
    5    20  0  12.6%   0.786 UG:3    +
    2    24  0  11.7%   0.776 CG:3    +
    3    23  0  11.6%   0.753 GC:3    +
    2    32  0   8.4%   0.922 CG:3    +
    1    25  0   6.3%   0.542 UG:3    +
    1    33  0   5.2%   0.675 UG:3    +
    3    31  0   5.1%   0.741 GU:3    +
    5    29  0   2.8%   0.606 UA:3    +
   24    31  0   1.5%   1.146 GU:3    +
   25    30  0   1.5%   0.771 GC:3    +
   23    32  0   1.5%   0.829 CG:3    +
    2    34  0   0.7%   1.236 CG:3    +
    3    30  0   0.6%   0.352 GC:3    +
    7    25  0   0.5%   0.550 CG:3    +
    8    24  0   0.5%   0.619 CG:3    +
   12    19  0   0.5%   0.358 GC:3    +
    6    26  0   0.5%   0.375 GU:3    +
   11    20  0   0.5%   0.353 CG:3    +
    2    21  0   0.3%   0.063 CG:3    +
    2    28  0   0.3%   0.333 CG:3    +
    1    22  0   0.3%   0.052 UA:3    +
   11    25  0   0.3%   0.441 CG:3    +
    1    29  0   0.2%   0.239 UA:3    +
    5    27  0   0.2%   0.322 UG:3    +
   10    26  0   0.2%   0.377 AU:3    +
    4    26  0   0.2%   0.039 AU:3    +
   15    21  0   0.2%   0.222 CG:3    +
    5    25  0   0.1%   0.472 UG:3    +
    8    32  0   0.1%   0.689 CG:3    +
    7    33  0   0.1%   0.952 CG:3    +
    9    31  0   0.1%   0.827 AU:3    +
   13    23  0   0.1%   0.420 GC:3    +
   15    27  0   0.1%   0.344 CG:3    +
    7    21  0   0.1%   0.318 CG:3    +
    8    20  0   0.1%   0.558 CG:3    +
   12    30  0   0.1%   0.510 GC:3    +
   11    17  0   0.1%   0.295 CG:3    +
   16    26  0   0.1%   0.369 AU:3    +
   11    21  0   0.1%   0.075 CG:3    +
    6    23  0   0.1%   0.541 GC:3    +
   13    19  0   0.1%   0.318 GC:3    +
   23    28  0   0.0%   0.580 CG:3    +
    2    27  0   0.0%   0.288 CG:3    +
   24    30  0   0.0%   0.779 GC:3    +
   16    31  0   0.0%   0.531 AU:3    +
   15    32  0   0.0%   0.406 CG:3    +
   17    30  0   0.0%   0.627 GC:3    +
   21    30  0   0.0%   0.393 GC:3    +
    5    32  0   0.0%   0.610 UG:3    +
    5    24  0   0.0%   0.526 UG:3    +
   20    31  0   0.0%   0.977 GU:3    +
   19    25  0   0.0%   0.548 CG:3    +
    2    25  0   0.0%   0.456 CG:3    +
   17    23  0   0.0%   0.691 GC:3    +
   20    30  0   0.0%   0.791 GC:3    +
    1    28  0   0.0%   0.202 UG:3    +
    7    27  0   0.0%   0.336 CG:3    +
    3    26  0   0.0%   0.260 GU:3    +
   18    26  0   0.0%   0.644 GU:3    +
   23    33  0   0.0%   0.964 CG:3    +
   23    27  0   0.0%   0.577 CG:3    +
    5    21  0   0.0%   0.289 UG:3    +
   15    25  0   0.0%   0.399 CG:3    +
   14    26  0   0.0%   0.358 AU:3    +
    1    32  0   0.0%   0.217 UG:3    +
   19    28  0   0.0%   0.480 CG:3    +
    2    20  0   0.0%   0.008 CG:3    +
   13    30  0   0.0%   0.348 GC:3    +
   26    33  0   0.0%   0.853 UG:3    +
   12    31  0   0.0%   0.692 GU:3    +
    6    31  0   0.0%   1.111 GU:3    +
   11    32  0   0.0%   0.424 CG:3    +
   19    24  0   0.0%   0.739 CG:3    +
    2    12  0   0.0%   0.005 CG:3    +
    3    11  0   0.0%   0.005 GC:3    +
    1    21  0   0.0%   0.006 UG:3    +
   25    31  0   0.0%   0.887 GU:3    +
    5    22  0   0.0%   0.284 UA:3    +
    1    13  0   0.0%   0.003 UG:3    +
    3    19  0   0.0%   0.004 GC:3    +
   30    34  0   0.0%   0.755 CG:3    +
    8    33  0   0.0%   0.944 CG:3    +
    7    34  0   0.0%   0.806 CG:3    +
   18    23  0   0.0%   0.684 GC:3    +
   19    32  0   0.0%   0.543 CG:3    +
    8    28  0   0.0%   0.612 CG:3    +
    1    24  0   0.0%   0.021 UG:3    +
    6    15  0   0.0%   0.003 GC:3    +
    5    16  0   0.0%   0.003 UA:3    +
   11    18  0   0.0%   0.286 CG:3    +
   19    27  0   0.0%   0.479 CG:3    +
   15    28  0   0.0%   0.335 CG:3    +
   20    26  0   0.0%   0.810 GU:3    +
    7    13  0   0.0%   0.003 CG:3    +
   21    26  0   0.0%   0.408 GU:3    +
    5    33  0   0.0%   0.869 UG:3    +
    8    12  0   0.0%   0.003 CG:3    +
    5    10  0   0.0%   0.002 UA:3    +
    1    27  0   0.0%   0.195 UG:3    +
   17    26  0   0.0%   0.645 GU:3    +
    2     6  0   0.0%   0.001 CG:3    +
   26    32  0   0.0%   0.654 UG:3    +
    2    13  0   0.0%   0.004 CG:3    +
    1    14  0   0.0%   0.002 UA:3    +
    7    24  0   0.0%   0.539 CG:3    +
   26    34  0   0.0%   0.708 UG:3    +
    8    21  0   0.0%   0.313 CG:3    +
   10    31  0   0.0%   0.528 AU:3    +
   11    28  0   0.0%   0.359 CG:3    +
   27    31  0   0.0%   0.756 GU:3    +
    8    25  0   0.0%   0.524 CG:3    +
    5    34  0   0.0%   0.737 UG:3    +
   23    34  0   0.0%   0.820 CG:3    +
   15    24  0   0.0%   0.591 CG:3    +
    1     6  0   0.0%   0.000 UG:3    +
   13    26  0   0.0%   0.364 GU:3    +
    3     8  0   0.0%   0.000 GC:3    +
   11    27  0   0.0%   0.357 CG:3    +
   22    31  0   0.0%   0.539 AU:3    +
    5    28  0   0.0%   0.311 UG:3    +
   12    26  0   0.0%   0.519 GU:3    +
    7    12  0   0.0%   0.002 CG:3    +
    6    11  0   0.0%   0.002 GC:3    +
   11    33  0   0.0%   0.682 CG:3    +
    5    14  0   0.0%   0.001 UA:3    +
    7    32  0   0.0%   0.667 CG:3    +
    5     9  0   0.0%   0.000 UA:3    +
   18    30  0   0.0%   0.617 GC:3    +
    8    34  0   0.0%   0.803 CG:3    +
    2    17  0   0.0%   0.002 CG:3    +
   15    33  0   0.0%   0.660 CG:3    +
    5    12  0   0.0%   0.002 UG:3    +
    7    20  0   0.0%   0.541 CG:3    +
   17    31  0   0.0%   0.808 GU:3    +
    8    13  0   0.0%   0.003 CG:3    +
   22    26  0   0.0%   0.380 AU:3    +
    1    20  0   0.0%   0.001 UG:3    +
    1    18  0   0.0%   0.001 UG:3    +
    3     7  0   0.0%   0.000 GC:3    +
   13    31  0   0.0%   0.530 GU:3    +
   21    31  0   0.0%   0.570 GU:3    +
.(.(..(((.((..(....)..)).)))..).).
