3 sequence; length of alignment 34
alifold output
    6    26  0  95.9%   0.240 GC:3   
    5    27  0  95.3%   0.378 GC:3   
    7    25  0  94.4%   0.168 CG:3   
    8    23  0  64.1%   0.865 CG:3   
    9    22  0  62.4%   0.895 UA:3   
   10    21  0  46.4%   1.082 UA:3   
    2    30  1  32.1%   1.100 CG:1    UG:1    +
    1    31  0  30.6%   1.090 CG:2    --:1    +
   11    23  0  29.7%   1.581 CG:3    +
   12    22  0  27.8%   1.760 UA:3    +
   10    24  1  22.6%   1.574 UA:2    +
   13    20  0  17.4%   0.997 GC:3    +
   12    21  0  12.9%   1.228 UA:3    +
    4    27  0   3.7%   0.373 GC:3    +
    5    26  0   3.3%   0.342 GC:3    +
   12    18  0   1.8%   0.224 UG:1    UA:2    +
   11    16  0   2.7%   0.305 CG:3    +
    3    28  1   2.6%   0.291 UA:2    +
    9    24  1   2.3%   0.622 UA:2    +
    2    31  0   0.7%   0.839 CG:1    UG:2    +
    8    25  0   1.7%   0.550 CG:3    +
   15    19  0   0.5%   0.118 GU:1    AU:2    +
   10    22  0   1.3%   0.835 UA:3    +
   10    23  0   1.3%   0.935 UG:3    +
    9    23  0   1.3%   0.758 UG:3    +
    2    33  0   0.1%   0.471 CG:1    UG:2    +
   13    17  0   1.1%   0.155 GU:3    +
   10    18  0   0.1%   0.021 UG:1    UA:2    +
    9    15  0   0.1%   0.016 UG:1    UA:2    +
   15    29  0   0.0%   0.077 GU:1    AU:2    +
    9    18  0   0.0%   0.010 UG:1    UA:2    +
   10    15  0   0.0%   0.010 UG:1    UA:2    +
    2    16  0   0.0%   0.004 CG:1    UG:2    +
    2    15  0   0.0%   0.001 CG:1    UA:2    +
    2    18  0   0.0%   0.002 CG:1    UA:2    +
   18    29  0   0.0%   0.116 GU:1    AU:2    +
    2    23  0   0.0%   0.006 CG:1    UG:2    +
    2     6  0   0.0%   0.000 CG:1    UG:2    +
    2    13  0   0.0%   0.000 CG:1    UG:2    +
    4    29  0   0.6%   0.225 GU:3    +
   14    25  0   0.5%   0.228 CG:3    +
   13    19  0   0.5%   0.134 GU:3    +
   13    26  0   0.5%   0.613 GC:3    +
    1    33  0   0.4%   0.429 CG:2    --:1    +
    9    32  0   0.4%   0.560 UA:3    +
   10    31  0   0.4%   1.299 UG:3    +
    8    33  0   0.4%   0.463 CG:3    +
    9    25  0   0.3%   0.624 UG:3    +
   16    20  0   0.2%   0.460 GC:3    +
   17    22  0   0.2%   0.793 UA:3    +
   11    31  0   0.1%   0.943 CG:3    +
   10    32  0   0.1%   0.903 UA:3    +
   12    28  0   0.1%   0.809 UA:3    +
   16    26  0   0.1%   0.318 GC:3    +
   17    25  0   0.1%   0.246 UG:3    +
    8    31  0   0.1%   0.797 CG:3    +
    8    16  0   0.1%   0.021 CG:3    +
    6    34  0   0.1%   0.062 GU:3    +
    7    33  0   0.1%   0.105 CG:3    +
    9    33  0   0.1%   0.556 UG:3    +
   13    27  0   0.1%   0.591 GC:3    +
    7    31  0   0.0%   0.484 CG:3    +
    6    14  0   0.0%   0.013 GC:3    +
    7    13  0   0.0%   0.010 CG:3    +
    4    20  0   0.0%   0.011 GC:3    +
   29    33  0   0.0%   0.106 UG:3    +
   28    34  0   0.0%   0.117 AU:3    +
   12    32  0   0.0%   0.769 UA:3    +
   11    33  0   0.0%   0.551 CG:3    +
    5    19  0   0.0%   0.010 GU:3    +
    9    21  0   0.0%   0.016 UA:3    +
    8    13  0   0.0%   0.010 CG:3    +
   12    16  0   0.0%   0.115 UG:3    +
   14    23  0   0.0%   0.771 CG:3    +
    1    23  0   0.0%   0.007 CG:2    --:1    +
   13    29  0   0.0%   0.452 GU:3    +
    7    16  0   0.0%   0.010 CG:3    +
    6    17  0   0.0%   0.010 GU:3    +
    4    14  0   0.0%   0.004 GC:3    +
   10    16  0   0.0%   0.013 UG:3    +
    6    27  0   0.0%   0.217 GC:3    +
    1     5  0   0.0%   0.002 CG:2    --:1    +
    6    12  0   0.0%   0.004 GU:3    +
    5    11  0   0.0%   0.003 GC:3    +
   17    21  0   0.0%   0.678 UA:3    +
   20    25  0   0.0%   0.497 CG:3    +
   17    23  0   0.0%   0.826 UG:3    +
    4    12  0   0.0%   0.002 GU:3    +
   26    33  0   0.0%   0.245 CG:3    +
   25    34  0   0.0%   0.180 GU:3    +
    7    23  0   0.0%   0.008 CG:3    +
    9    16  0   0.0%   0.014 UG:3    +
   11    25  0   0.0%   0.601 CG:3    +
   20    31  0   0.0%   0.774 CG:3    +
    1     6  0   0.0%   0.002 CG:2    --:1    +
    6    11  0   0.0%   0.002 GC:3    +
   16    27  0   0.0%   0.303 GC:3    +
    5    12  0   0.0%   0.003 GU:3    +
    5    29  0   0.0%   0.196 GU:3    +
   19    32  0   0.0%   0.114 UA:3    +
    1    16  0   0.0%   0.002 CG:2    --:1    +
    6    10  0   0.0%   0.001 GU:3    +
   10    28  0   0.0%   0.913 UA:3    +
    4    34  0   0.0%   0.161 GU:3    +
   12    23  0   0.0%   1.455 UG:3    +
    5    14  0   0.0%   0.004 GC:3    +
   27    33  0   0.0%   0.234 CG:3    +
   19    23  0   0.0%   0.819 UG:3    +
    4    11  0   0.0%   0.001 GC:3    +
   22    29  0   0.0%   0.758 AU:3    +
   19    28  0   0.0%   0.159 UA:3    +
    5    34  0   0.0%   0.164 GU:3    +
    5    10  0   0.0%   0.001 GU:3    +
   27    31  0   0.0%   0.624 CG:3    +
   21    29  0   0.0%   0.664 AU:3    +
   17    28  0   0.0%   0.171 UA:3    +
   14    33  0   0.0%   0.096 CG:3    +
    9    31  0   0.0%   0.893 UG:3    +
   26    31  0   0.0%   0.634 CG:3    +
   16    29  0   0.0%   0.167 GU:3    +
   13    34  0   0.0%   0.421 GU:3    +
    9    28  0   0.0%   0.562 UA:3    +
    5    20  0   0.0%   0.008 GC:3    +
   14    31  0   0.0%   0.486 CG:3    +
   19    25  0   0.0%   0.229 UG:3    +
    4    17  0   0.0%   0.002 GU:3    +
   19    31  0   0.0%   0.506 UG:3    +
   23    27  0   0.0%   0.937 GC:3    +
    6    19  0   0.0%   0.009 GU:3    +
    4    19  0   0.0%   0.002 GU:3    +
    9    13  0   0.0%   0.006 UG:3    +
    4     8  0   0.0%   0.000 GC:3    +
    4    26  0   0.0%   0.005 GC:3    +
    1    13  0   0.0%   0.001 CG:2    --:1    +
   10    25  0   0.0%   0.955 UG:3    +
   12    25  0   0.0%   0.836 UG:3    +
    6    20  0   0.0%   0.010 GC:3    +
    2    32  1   0.4%   0.479 UA:2    +
   11    30  1   0.4%   0.893 CG:2    +
    3    31  1   0.3%   0.545 UG:2    +
   12    30  1   0.1%   1.113 UG:2    +
    9    30  1   0.1%   0.849 UG:2    +
    8    30  1   0.0%   0.736 CG:2    +
    3    32  1   0.0%   0.149 UA:2    +
    3    21  1   0.0%   0.010 UA:2    +
   14    30  1   0.0%   0.441 CG:2    +
    2    22  1   0.0%   0.008 UA:2    +
    2    28  1   0.0%   0.010 UA:2    +
    3    15  1   0.0%   0.004 UA:2    +
   12    24  1   0.0%   1.121 UA:2    +
   17    24  1   0.0%   0.488 UA:2    +
    3    33  1   0.0%   0.147 UG:2    +
   30    34  1   0.0%   0.411 GU:2    +
    3    13  1   0.0%   0.001 UG:2    +
   19    24  1   0.0%   0.481 UA:2    +
   20    30  1   0.0%   0.725 CG:2    +
   17    30  1   0.0%   0.471 UG:2    +
   10    30  1   0.0%   1.189 UG:2    +
    3    22  1   0.0%   0.007 UA:2    +
    3    18  1   0.0%   0.002 UA:2    +
    3    16  1   0.0%   0.003 UG:2    +
   24    29  1   0.0%   0.463 AU:2    +
....((((((..........))).))).......
