3 sequence; length of alignment 34
alifold output
    3    26  0  99.9%   0.008 GC:3   
    4    25  0  99.8%   0.011 UG:3   
    2    27  0  99.6%   0.014 GC:3   
    5    24  0  99.4%   0.022 CG:3   
   10    19  0  98.7%   0.069 AU:3   
   11    18  0  98.1%   0.077 GC:3   
    9    20  0  87.7%   0.634 CG:3   
    8    21  0  76.4%   1.214 CG:3   
    6    22  0  34.2%   1.101 GC:3    +
    7    21  0  23.3%   1.019 CG:3    +
    8    20  0  12.2%   0.772 CG:3    +
   13    17  0   0.6%   0.130 UG:3    +
    9    17  0   0.6%   0.093 CG:3    +
   10    16  0   0.6%   0.090 AU:3    +
   12    16  0   0.6%   0.123 AU:3    +
   11    15  0   0.3%   0.052 GU:3    +
   29    34  0   0.2%   0.049 GC:3    +
    4    30  0   0.1%   0.025 UA:3    +
    3    31  0   0.1%   0.024 GC:3    +
    5    29  0   0.1%   0.029 CG:3    +
    7    25  0   0.1%   0.362 CG:3    +
    6    26  0   0.1%   0.387 GC:3    +
   29    33  0   0.1%   0.028 GC:3    +
    8    24  0   0.0%   0.481 CG:3    +
   20    27  0   0.0%   0.386 GC:3    +
   19    28  0   0.0%   0.023 UA:3    +
   18    29  0   0.0%   0.035 CG:3    +
   21    26  0   0.0%   0.563 GC:3    +
    5    11  0   0.0%   0.009 CG:3    +
    4    12  0   0.0%   0.009 UA:3    +
    3    13  0   0.0%   0.009 GU:3    +
   11    16  0   0.0%   0.057 GU:3    +
   17    31  0   0.0%   0.077 GC:3    +
    2    14  0   0.0%   0.007 GU:3    +
   16    32  0   0.0%   0.068 UA:3    +
    2    33  0   0.0%   0.011 GC:3    +
    1    15  0   0.0%   0.004 AU:3    +
    5    25  0   0.0%   0.015 CG:3    +
    4    24  0   0.0%   0.005 UG:3    +
    2     9  0   0.0%   0.001 GC:3    +
    3     8  0   0.0%   0.001 GC:3    +
   11    19  0   0.0%   0.054 GU:3    +
   12    19  0   0.0%   0.046 AU:3    +
    2    34  0   0.0%   0.009 GC:3    +
    3    33  0   0.0%   0.013 GC:3    +
    7    24  0   0.0%   0.347 CG:3    +
    2    26  0   0.0%   0.003 GC:3    +
    6    27  0   0.0%   0.377 GC:3    +
    4    32  0   0.0%   0.013 UA:3    +
    2    31  0   0.0%   0.007 GC:3    +
   10    15  0   0.0%   0.002 AU:3    +
    3    27  0   0.0%   0.009 GC:3    +
    2     8  0   0.0%   0.000 GC:3    +
    3     7  0   0.0%   0.000 GC:3    +
    9    21  0   0.0%   0.692 CG:3    +
   24    31  0   0.0%   0.020 GC:3    +
   25    33  0   0.0%   0.012 GC:3    +
   24    34  0   0.0%   0.011 GC:3    +
   18    25  0   0.0%   0.028 CG:3    +
   19    24  0   0.0%   0.024 UG:3    +
   17    26  0   0.0%   0.071 GC:3    +
    4    23  0   0.0%   0.003 UA:3    +
   16    30  0   0.0%   0.068 UA:3    +
   15    32  0   0.0%   0.018 UA:3    +
    4    28  0   0.0%   0.006 UA:3    +
    2    15  0   0.0%   0.004 GU:3    +
   13    20  0   0.0%   0.407 UG:3    +
    7    29  0   0.0%   0.352 CG:3    +
    8    25  0   0.0%   0.476 CG:3    +
    9    24  0   0.0%   0.157 CG:3    +
   24    33  0   0.0%   0.013 GC:3    +
    1    16  0   0.0%   0.001 AU:3    +
.((((..((((......))))..)))).......
