3 sequence; length of alignment 34
alifold output
    9    16  0  88.2%   0.340 UA:3   
   10    15  0  88.0%   0.345 GC:3   
    2    22  0  85.3%   0.418 CG:3   
    1    23  0  84.9%   0.427 CG:3   
    8    17  0  83.7%   0.454 UA:3   
    4    20  0  77.9%   0.587 GC:3   
    5    19  0  73.5%   0.686 UG:3   
    7    18  0  51.1%   1.405 GC:3    +
    6    18  0  40.9%   1.107 GC:3   
    8    29  0   7.3%   0.741 UA:3    +
    7    30  0   7.3%   0.937 GC:3    +
    9    28  0   7.2%   0.690 UA:3    +
   11    26  0   7.2%   0.582 GU:3    +
   15    22  0   6.6%   0.974 CG:3    +
   12    25  0   6.5%   0.579 UA:3    +
   16    21  0   5.4%   0.702 AU:3    +
   14    23  0   4.8%   0.807 UG:3    +
    2    23  0   4.6%   0.705 CG:3    +
    3    22  0   4.5%   0.561 UG:3    +
    5    32  0   3.9%   0.621 UA:3    +
    4    21  0   2.9%   0.509 GU:3    +
   13    23  0   1.3%   0.466 CG:3    +
    6    20  0   1.2%   0.723 GC:3    +
   26    33  0   0.9%   0.362 UA:3    +
   12    24  0   0.7%   0.117 UA:3    +
   25    34  0   0.7%   0.304 AU:3    +
   14    22  0   0.4%   0.360 UG:3    +
   14    24  0   0.3%   0.260 UA:3    +
   15    23  0   0.3%   0.841 CG:3    +
   11    30  0   0.2%   0.437 GC:3    +
    9    32  0   0.2%   0.473 UA:3    +
    8    33  0   0.2%   0.398 UA:3    +
   12    29  0   0.2%   0.452 UA:3    +
   22    30  0   0.2%   0.739 GC:3    +
   26    32  0   0.2%   0.378 UA:3    +
   15    27  0   0.2%   0.358 CG:3    +
   14    28  0   0.2%   0.413 UA:3    +
    7    34  0   0.2%   0.583 GU:3    +
   16    26  0   0.1%   0.496 AU:3    +
   21    31  0   0.1%   0.304 UG:3    +
    4    34  0   0.1%   0.328 GU:3    +
    1    22  0   0.1%   0.023 CG:3    +
   18    23  0   0.1%   1.239 CG:3    +
    5    33  0   0.1%   0.390 UA:3    +
    3    33  0   0.1%   0.165 UA:3    +
    4    30  0   0.1%   0.318 GC:3    +
   11    15  0   0.1%   0.135 GC:3    +
    5    29  0   0.1%   0.248 UA:3    +
   23    30  0   0.1%   0.750 GC:3    +
    8    16  0   0.1%   0.015 UA:3    +
   13    22  0   0.1%   0.302 CG:3    +
   11    20  0   0.1%   0.270 GC:3    +
   10    21  0   0.1%   0.237 GU:3    +
    6    21  0   0.0%   0.539 GU:3    +
   12    19  0   0.0%   0.244 UG:3    +
    7    20  0   0.0%   0.608 GC:3    +
    3    31  0   0.0%   0.158 UG:3    +
   13    27  0   0.0%   0.079 CG:3    +
    4    18  0   0.0%   0.009 GC:3    +
    8    19  0   0.0%   0.390 UG:3    +
    6    15  0   0.0%   0.013 GC:3    +
   12    23  0   0.0%   0.297 UG:3    +
    6    30  0   0.0%   0.441 GC:3    +
   21    32  0   0.0%   0.427 UA:3    +
    9    22  0   0.0%   0.404 UG:3    +
    5    22  0   0.0%   0.519 UG:3    +
    3    24  0   0.0%   0.150 UA:3    +
    5    31  0   0.0%   0.251 UG:3    +
    7    15  0   0.0%   0.015 GC:3    +
   12    28  0   0.0%   0.418 UA:3    +
   20    27  0   0.0%   0.279 CG:3    +
    8    23  0   0.0%   0.445 UG:3    +
    7    13  0   0.0%   0.008 GC:3    +
    5    17  0   0.0%   0.008 UA:3    +
   10    18  0   0.0%   0.833 GC:3    +
    3    19  0   0.0%   0.006 UG:3    +
    2    10  0   0.0%   0.007 CG:3    +
    1    11  0   0.0%   0.008 CG:3    +
    7    14  0   0.0%   0.010 GU:3    +
    5    16  0   0.0%   0.006 UA:3    +
   10    30  0   0.0%   0.327 GC:3    +
    1    27  0   0.0%   0.154 CG:3    +
    9    31  0   0.0%   0.321 UG:3    +
    9    27  0   0.0%   0.124 UG:3    +
    8    25  0   0.0%   0.164 UA:3    +
    7    26  0   0.0%   0.359 GU:3    +
    3    23  0   0.0%   0.427 UG:3    +
    2     6  0   0.0%   0.006 CG:3    +
   10    26  0   0.0%   0.128 GU:3    +
    8    32  0   0.0%   0.484 UA:3    +
   10    14  0   0.0%   0.009 GU:3    +
    1     6  0   0.0%   0.004 CG:3    +
    9    24  0   0.0%   0.122 UA:3    +
    8    28  0   0.0%   0.164 UA:3    +
    2    31  0   0.0%   0.286 CG:3    +
   26    31  0   0.0%   0.223 UG:3    +
   28    34  0   0.0%   0.262 AU:3    +
    9    19  0   0.0%   0.347 UG:3    +
    9    17  0   0.0%   0.266 UA:3    +
    6    14  0   0.0%   0.006 GU:3    +
    1     7  0   0.0%   0.004 CG:3    +
   21    28  0   0.0%   0.477 UA:3    +
   24    34  0   0.0%   0.075 AU:3    +
   17    21  0   0.0%   0.425 AU:3    +
   29    34  0   0.0%   0.265 AU:3    +
   11    18  0   0.0%   0.723 GC:3    +
    2    27  0   0.0%   0.285 CG:3    +
    5    28  0   0.0%   0.236 UA:3    +
   12    17  0   0.0%   0.155 UA:3    +
   19    30  0   0.0%   0.451 GC:3    +
   27    34  0   0.0%   0.075 GU:3    +
   18    22  0   0.0%   1.208 CG:3    +
    3    32  0   0.0%   0.151 UA:3    +
    4    15  0   0.0%   0.002 GC:3    +
    6    13  0   0.0%   0.004 GC:3    +
    1    31  0   0.0%   0.152 CG:3    +
    3    16  0   0.0%   0.002 UA:3    +
    5    25  0   0.0%   0.234 UA:3    +
    4    26  0   0.0%   0.303 GU:3    +
   13    19  0   0.0%   0.240 CG:3    +
   18    31  0   0.0%   0.731 CG:3    +
    3    25  0   0.0%   0.146 UA:3    +
   20    31  0   0.0%   0.267 CG:3    +
    7    12  0   0.0%   0.002 GU:3    +
   21    29  0   0.0%   0.479 UA:3    +
    8    24  0   0.0%   0.162 UA:3    +
    2    11  0   0.0%   0.006 CG:3    +
    3    10  0   0.0%   0.003 UG:3    +
    3    27  0   0.0%   0.148 UG:3    +
    9    23  0   0.0%   0.401 UG:3    +
   13    31  0   0.0%   0.077 CG:3    +
    4     9  0   0.0%   0.000 GU:3    +
   12    32  0   0.0%   0.374 UA:3    +
    9    25  0   0.0%   0.120 UA:3    +
    6    34  0   0.0%   0.438 GU:3    +
   15    31  0   0.0%   0.339 CG:3    +
   21    33  0   0.0%   0.304 UA:3    +
   14    32  0   0.0%   0.339 UA:3    +
   18    27  0   0.0%   0.739 CG:3    +
    2    19  0   0.0%   0.004 CG:3    +
   21    27  0   0.0%   0.291 UG:3    +
   17    26  0   0.0%   0.356 AU:3    +
    3    28  0   0.0%   0.146 UA:3    +
    6    26  0   0.0%   0.429 GU:3    +
   10    20  0   0.0%   0.368 GC:3    +
   19    26  0   0.0%   0.439 GU:3    +
   11    21  0   0.0%   0.124 GU:3    +
   15    19  0   0.0%   0.359 CG:3    +
   14    25  0   0.0%   0.368 UA:3    +
    5    24  0   0.0%   0.235 UA:3    +
   14    27  0   0.0%   0.196 UG:3    +
    3    29  0   0.0%   0.146 UA:3    +
    8    27  0   0.0%   0.163 UG:3    +
    5    23  0   0.0%   0.515 UG:3    +
   22    26  0   0.0%   0.694 GU:3    +
    2     7  0   0.0%   0.002 CG:3    +
   21    25  0   0.0%   0.450 UA:3    +
   19    34  0   0.0%   0.254 GU:3    +
    4    13  0   0.0%   0.000 GC:3    +
    5    27  0   0.0%   0.236 UG:3    +
    1    19  0   0.0%   0.004 CG:3    +
   12    16  0   0.0%   0.118 UA:3    +
    9    29  0   0.0%   0.505 UA:3    +
    7    21  0   0.0%   0.462 GU:3    +
    4     8  0   0.0%   0.000 GU:3    +
   14    19  0   0.0%   0.240 UG:3    +
    1    10  0   0.0%   0.002 CG:3    +
   22    34  0   0.0%   0.520 GU:3    +
((.(((.(((....)))))).))...........
