3 sequence; length of alignment 114
alifold output
   10   103  0  95.7%   0.272 GC:3   
   11   102  0  95.7%   0.269 CG:3   
    9   104  0  95.6%   0.265 CG:3   
    8   105  0  94.6%   0.309 UG:3   
   12   101  0  94.5%   0.211 UA:3   
    7   106  0  92.5%   0.270 UA:3   
   56    65  0  91.3%   0.467 GC:3   
   57    64  0  91.3%   0.465 CG:3   
   55    66  0  88.2%   0.606 GC:3   
   13   100  0  83.4%   0.737 GU:3   
    2   108  0  82.4%   0.630 GC:3   
    1   109  0  82.2%   0.636 GC:3   
   18    95  0  78.8%   0.619 CG:3   
   17    96  0  78.3%   0.584 UA:3   
   16    97  0  74.8%   0.770 UA:3   
   19    94  0  74.6%   0.710 AU:3   
   58    63  0  66.3%   0.834 AU:3   
    3   107  0  64.3%   0.977 UA:3   
   20    93  0  63.5%   0.926 UA:3   
   30    40  0  63.0%   1.083 CG:3   
   29    41  0  62.3%   1.234 UA:3   
   31    39  0  62.0%   1.219 AU:3   
   27    42  0  58.5%   1.293 GC:3   
   26    43  0  58.4%   1.099 CG:3   
   25    44  0  56.4%   1.342 GC:3   
   32    38  0  56.0%   1.307 UA:3   
   73    91  0  48.1%   2.140 CG:3    +
   74    90  0  48.1%   2.109 CG:3    +
   72    92  0  44.3%   2.305 GU:3    +
   76    88  0  37.6%   2.234 CG:3    +
    6   107  0  27.0%   1.492 UA:3    +
   25    89  0  23.1%   1.943 GC:3    +
   26    88  0  23.1%   1.626 CG:3    +
   72    89  0  22.4%   2.101 GC:3   
   73    88  0  22.3%   1.749 CG:3   
   39    77  0  22.0%   1.593 UA:3    +
   40    76  0  21.7%   1.594 GC:3    +
   38    78  0  21.6%   1.555 AU:3    +
   78    87  0  21.4%   1.425 UA:3    +
   24    90  0  21.0%   1.727 UG:3    +
   33    81  0  21.0%   1.145 UA:3    +
   71    90  0  20.9%   1.915 CG:3   
   32    82  0  20.8%   1.451 UA:3    +
   79    86  0  20.7%   2.089 GU:3    +
   69    95  0  20.5%   1.299 CG:3    +
   70    94  0  20.3%   1.663 AU:3    +
   48    71  0  20.3%   1.739 GC:3    +
   68    96  0  20.1%   1.243 UA:3    +
   49    70  0  19.2%   1.442 UA:3    +
   31    83  0  18.9%   1.359 AU:3    +
   37    79  0  18.8%   1.360 CG:3    +
   34    80  0  18.2%   1.252 AU:3    +
   67    97  0  17.4%   1.343 UA:3    +
   47    72  0  14.0%   1.439 CG:3    +
   27    36  0   8.9%   0.923 GC:3    +
   25    37  0   8.7%   0.856 GC:3    +
   24    38  0   8.7%   0.789 UA:3    +
   23    39  0   8.6%   0.819 AU:3    +
   28    35  0   8.6%   0.848 AU:3    +
   22    40  0   8.2%   0.769 UG:3    +
   66    98  0   8.2%   0.867 CG:3    +
   43    73  0   8.1%   1.328 GC:3    +
   44    72  0   7.1%   1.121 CG:3    +
   44    56  0   7.0%   0.911 CG:3    +
   43    57  0   7.0%   1.072 GC:3    +
   45    55  0   7.0%   0.658 CG:3    +
   29    34  0   6.7%   0.664 UA:3    +
   42    48  0   5.8%   1.178 CG:3    +
   21    41  0   5.7%   0.502 UA:3    +
   77    86  0   5.3%   1.247 AU:3    +
   43    47  0   5.1%   0.966 GC:3    +
   41    49  0   5.0%   1.257 AU:3    +
   24    50  0   5.0%   1.263 UA:3    +
   23    51  0   4.9%   1.085 AU:3    +
   25    49  0   4.5%   1.375 GU:3    +
   26    48  0   4.5%   1.108 CG:3    +
   23    49  0   4.5%   0.844 AU:3    +
   27    47  0   4.4%   1.128 GC:3    +
   24    48  0   4.4%   0.940 UG:3    +
   22    52  0   4.3%   1.014 UA:3    +
   14    23  0   4.1%   0.415 UA:3    +
   15    22  0   4.1%   0.421 AU:3    +
   77    84  0   4.1%   0.790 AU:3    +
   10    26  0   4.1%   0.391 GC:3    +
    9    27  0   4.1%   0.391 CG:3    +
   11    25  0   4.0%   0.388 CG:3    +
   22    50  0   4.0%   0.865 UA:3    +
    8    28  0   4.0%   0.384 UA:3    +
   28    86  0   3.6%   0.773 AU:3    +
    4    33  0   3.6%   0.358 AU:3    +
   43    74  0   3.6%   1.307 GC:3    +
    5    32  0   3.5%   0.355 AU:3    +
    3    34  0   3.5%   0.354 UA:3    +
   13    24  0   3.5%   0.389 GU:3    +
    6    31  0   3.4%   0.342 UA:3    +
   52    67  0   3.3%   0.595 AU:3    +
   35    79  0   3.3%   0.639 UG:3    +
   22    91  0   3.0%   0.992 UG:3    +
   15    99  0   2.9%   0.575 AU:3    +
   64   103  0   2.8%   0.632 GC:3    +
   65   102  0   2.8%   0.602 CG:3    +
   48    54  0   2.8%   0.914 GC:3    +
   63   104  0   2.7%   0.791 UG:3    +
   62   105  0   2.7%   0.547 CG:3    +
   16    98  0   2.5%   0.614 UG:3    +
   75    86  0   2.5%   0.497 AU:3    +
   53    91  0   2.5%   0.620 CG:3    +
   52    92  0   2.4%   0.726 AU:3    +
    2   111  0   2.4%   0.770 GC:3    +
   54    90  0   2.4%   0.757 CG:3    +
   79    89  0   2.3%   2.092 GC:3    +
   80    88  0   2.2%   1.886 UG:3    +
    2    35  0   2.2%   0.254 GU:3    +
   15    51  0   2.2%   0.439 AU:3    +
   14    52  0   2.2%   0.424 UA:3    +
    1   111  0   2.1%   0.590 GC:3    +
   24    46  0   2.1%   0.644 UA:3    +
    1    36  0   2.1%   0.246 GC:3    +
   13    53  0   2.1%   0.431 GC:3    +
   51    93  0   2.0%   0.876 UA:3    +
   16    50  0   2.0%   0.274 UA:3    +
   64    89  0   1.7%   0.747 GC:3    +
   62    91  0   1.7%   0.523 CG:3    +
   63    90  0   1.7%   0.971 UG:3    +
   65    88  0   1.7%   0.696 CG:3    +
   69    91  0   1.7%   0.613 CG:3    +
   61    92  0   1.6%   0.378 AU:3    +
    2   110  0   1.5%   0.580 GU:3    +
   47    55  0   1.5%   0.714 CG:3    +
    1    37  0   1.4%   0.264 GC:3    +
   25    45  0   1.4%   0.877 GC:3    +
   50    94  0   1.4%   0.833 AU:3    +
    2    36  0   1.4%   0.346 GC:3    +
   23    92  0   1.3%   0.855 AU:3    +
   48    53  0   1.2%   0.794 GC:3    +
   63   101  0   1.2%   0.588 UA:3    +
   62   102  0   1.1%   0.299 CG:3    +
   64   100  0   1.1%   0.527 GU:3    +
   71    79  0   1.1%   1.001 CG:3    +
   24    91  0   1.1%   1.343 UG:3    +
    2   109  0   1.0%   0.614 GC:3    +
   70    80  0   1.0%   0.821 AU:3    +
   17    97  0   1.0%   0.557 UA:3    +
   79    84  0   1.0%   0.914 GU:3    +
   79    85  0   1.0%   0.876 GU:3    +
   80    87  0   0.9%   0.897 UA:3    +
   76    91  0   0.9%   1.638 CG:3    +
   78    90  0   0.9%   2.089 UG:3    +
   81    86  0   0.9%   1.222 AU:3    +
   75    92  0   0.8%   0.887 AU:3    +
   22    93  0   0.7%   1.176 UA:3    +
   28    85  0   0.7%   0.456 AU:3    +
   72    78  0   0.7%   1.029 GU:3    +
   73    79  0   0.7%   0.917 CG:3    +
   59   105  0   0.7%   0.222 CG:3    +
   72    80  0   0.6%   1.091 GU:3    +
   15    24  0   0.6%   0.355 AU:3    +
   16    23  0   0.6%   0.248 UA:3    +
   77    85  0   0.6%   0.644 AU:3    +
   25    47  0   0.6%   0.850 GC:3    +
    1   110  0   0.6%   0.404 GU:3    +
    6   106  0   0.6%   0.208 UA:3    +
   27    86  0   0.6%   0.916 GU:3    +
   40    74  0   0.6%   0.658 GC:3    +
   18    48  0   0.6%   0.118 CG:3    +
   36    79  0   0.5%   0.561 CG:3    +
   39    75  0   0.5%   0.650 UA:3    +
   48    69  0   0.5%   0.799 GC:3    +
   77    83  0   0.5%   0.748 AU:3    +
   42    72  0   0.5%   0.562 CG:3    +
   20    48  0   0.5%   0.128 UG:3    +
   43    71  0   0.5%   0.768 GC:3    +
   19    49  0   0.5%   0.097 AU:3    +
   21    91  0   0.5%   0.287 UG:3    +
   65    72  0   0.5%   0.695 CG:3    +
   14    25  0   0.5%   0.339 UG:3    +
   78    82  0   0.5%   0.820 UA:3    +
   13    26  0   0.4%   0.358 GC:3    +
   64    73  0   0.4%   0.414 GC:3    +
   33    40  0   0.4%   0.705 UG:3    +
   55    89  0   0.4%   0.832 GC:3    +
   32    41  0   0.4%   0.974 UA:3    +
   48    73  0   0.4%   1.339 GC:3    +
   49    72  0   0.4%   1.371 UG:3    +
   21    93  0   0.4%   0.588 UA:3    +
   52    68  0   0.3%   0.429 AU:3    +
   74    79  0   0.3%   0.811 CG:3    +
   13    22  0   0.3%   0.078 GU:3    +
   70    92  0   0.3%   0.679 AU:3    +
    7   105  0   0.3%   0.060 UG:3    +
   49    95  0   0.3%   1.100 UG:3    +
   12    23  0   0.3%   0.063 UA:3    +
   34    39  0   0.3%   0.865 AU:3    +
   40    59  0   0.3%   0.603 GC:3    +
   13    18  0   0.3%   0.052 GC:3    +
  104   111  0   0.3%   0.406 GC:3    +
   50    67  0   0.3%   0.439 AU:3    +
   27    45  0   0.3%   0.778 GC:3    +
   75    84  0   0.3%   0.104 AU:3    +
  103   112  0   0.3%   0.228 CG:3    +
   44    48  0   0.3%   0.905 CG:3    +
   56   108  0   0.2%   0.527 GC:3    +
   55   109  0   0.2%   0.678 GC:3    +
   39    60  0   0.2%   0.593 UA:3    +
   47    98  0   0.2%   0.835 CG:3    +
   43    49  0   0.2%   0.996 GU:3    +
   20    50  0   0.2%   0.164 UA:3    +
   68    93  0   0.2%   0.539 UA:3    +
   50    68  0   0.2%   0.449 AU:3    +
   30    43  0   0.2%   0.651 CG:3    +
   21    46  0   0.2%   0.221 UA:3    +
   46    99  0   0.2%   0.296 AU:3    +
   71    91  0   0.2%   1.208 CG:3    +
   43   103  0   0.2%   1.142 GC:3    +
   44   102  0   0.2%   0.814 CG:3    +
   22    46  0   0.2%   0.416 UA:3    +
   42   104  0   0.2%   0.605 CG:3    +
   33    38  0   0.2%   0.699 UA:3    +
   19    51  0   0.2%   0.170 AU:3    +
   56    73  0   0.2%   0.563 GC:3    +
   57    72  0   0.2%   0.843 CG:3    +
   59    79  0   0.2%   0.534 CG:3    +
   55    74  0   0.2%   0.572 GC:3    +
   60    78  0   0.2%   0.395 AU:3    +
   58    80  0   0.2%   0.640 AU:3    +
   21    48  0   0.2%   0.282 UG:3    +
  105   110  0   0.2%   0.363 GU:3    +
   11    56  0   0.2%   0.162 CG:3    +
   10    57  0   0.2%   0.164 GC:3    +
   51    70  0   0.2%   0.615 UA:3    +
   12    55  0   0.2%   0.068 UG:3    +
   43    89  0   0.2%   1.422 GC:3    +
   44    88  0   0.2%   1.088 CG:3    +
   42    90  0   0.2%   0.883 CG:3    +
   22    48  0   0.2%   0.473 UG:3    +
   67    87  0   0.1%   0.177 UA:3    +
   56    62  0   0.1%   0.237 GC:3    +
    3   113  0   0.1%   0.439 UA:3    +
   55    63  0   0.1%   0.295 GU:3    +
    2   114  0   0.1%   0.540 GC:3    +
   40    45  0   0.1%   0.635 GC:3    +
   54    64  0   0.1%   0.146 CG:3    +
   35    81  0   0.1%   0.771 UA:3    +
   64    80  0   0.1%   0.497 GU:3    +
   65    79  0   0.1%   0.623 CG:3    +
   79    83  0   0.1%   0.987 GU:3    +
   74    88  0   0.1%   0.994 CG:3    +
   40   111  0   0.1%   1.129 GC:3    +
   12    19  0   0.1%   0.025 UA:3    +
   63    81  0   0.1%   0.663 UA:3    +
   39    46  0   0.1%   0.672 UA:3    +
   85    96  0   0.1%   0.683 UA:3    +
   86    95  0   0.1%   1.345 UG:3    +
   84    97  0   0.1%   0.814 UA:3    +
   75    85  0   0.1%   0.123 AU:3    +
    8   106  0   0.1%   0.311 UA:3    +
   24    93  0   0.1%   1.483 UA:3    +
   15    21  0   0.1%   0.026 AU:3    +
   83    98  0   0.1%   0.728 UG:3    +
   27    89  0   0.1%   1.219 GC:3    +
   82    99  0   0.1%   0.542 AU:3    +
   87    94  0   0.1%   1.025 AU:3    +
   57    88  0   0.1%   0.687 CG:3    +
   41   110  0   0.1%   0.767 AU:3    +
   26    90  0   0.1%   1.306 CG:3    +
   48    89  0   0.1%   1.473 GC:3    +
   68    82  0   0.1%   0.415 UA:3    +
   13    54  0   0.1%   0.294 GC:3    +
   47    90  0   0.1%   1.053 CG:3    +
   23    94  0   0.1%   0.982 AU:3    +
   49    88  0   0.1%   1.213 UG:3    +
   68    81  0   0.1%   0.416 UA:3    +
   69    79  0   0.1%   0.546 CG:3    +
   81   100  0   0.1%   0.635 AU:3    +
   25    92  0   0.1%   1.343 GU:3    +
   22    95  0   0.1%   1.002 UG:3    +
   21    96  0   0.1%   0.469 UA:3    +
   63    75  0   0.1%   0.336 UA:3    +
   26    91  0   0.1%   1.155 CG:3    +
   20    52  0   0.1%   0.164 UA:3    +
   70    78  0   0.1%   0.704 AU:3    +
   22    90  0   0.1%   0.665 UG:3    +
   44    91  0   0.1%   0.934 CG:3    +
   45    90  0   0.1%   0.655 CG:3    +
   43    92  0   0.1%   1.136 GU:3    +
   20    97  0   0.1%   0.633 UA:3    +
   40    47  0   0.1%   0.727 GC:3    +
   67    82  0   0.1%   0.492 UA:3    +
   45    72  0   0.1%   0.508 CG:3    +
   54   112  0   0.1%   0.241 CG:3    +
   55   111  0   0.1%   0.636 GC:3    +
   48    57  0   0.1%   0.914 GC:3    +
   39    48  0   0.1%   0.915 UG:3    +
   66    88  0   0.1%   0.572 CG:3    +
   64    99  0   0.1%   0.362 GU:3    +
   49    56  0   0.1%   0.698 UG:3    +
   36    40  0   0.1%   0.896 CG:3    +
   81    85  0   0.1%   0.505 AU:3    +
   38    49  0   0.1%   0.877 AU:3    +
   80   101  0   0.1%   0.677 UA:3    +
   64    74  0   0.1%   0.304 GC:3    +
   15    49  0   0.1%   0.188 AU:3    +
   20    46  0   0.1%   0.025 UA:3    +
   14    50  0   0.1%   0.176 UA:3    +
   13    99  0   0.1%   0.294 GU:3    +
   35    41  0   0.1%   0.796 UA:3    +
   31    84  0   0.1%   0.747 AU:3    +
   21    50  0   0.1%   0.309 UA:3    +
   16    48  0   0.1%   0.049 UG:3    +
   18    98  0   0.1%   0.352 CG:3    +
   56   110  0   0.1%   0.456 GU:3    +
   34    83  0   0.1%   0.960 AU:3    +
   39    50  0   0.1%   0.937 UA:3    +
    9   105  0   0.1%   0.263 CG:3    +
   61    83  0   0.1%   0.340 AU:3    +
    2    53  0   0.1%   0.158 GC:3    +
    1    54  0   0.1%   0.156 GC:3    +
    3    52  0   0.1%   0.131 UA:3    +
   38    51  0   0.1%   0.824 AU:3    +
   56    89  0   0.1%   0.716 GC:3    +
   82    86  0   0.1%   1.163 AU:3    +
   12    27  0   0.1%   0.173 UG:3    +
   59    64  0   0.1%   0.130 CG:3    +
   35    82  0   0.1%   0.768 UA:3    +
   13    51  0   0.1%   0.200 GU:3    +
   46    51  0   0.1%   0.402 AU:3    +
   60    84  0   0.1%   0.051 AU:3    +
   47    91  0   0.1%   0.887 CG:3    +
   57    79  0   0.1%   0.778 CG:3    +
   56    80  0   0.1%   0.644 GU:3    +
   28    84  0   0.1%   0.356 AU:3    +
   39   107  0   0.1%   1.580 UA:3    +
    4    51  0   0.1%   0.131 AU:3    +
   48   103  0   0.0%   1.170 GC:3    +
   46    92  0   0.0%   0.221 AU:3    +
   67    93  0   0.0%   0.599 UA:3    +
   78    88  0   0.0%   1.920 UG:3    +
   47   104  0   0.0%   0.770 CG:3    +
   58    78  0   0.0%   0.627 AU:3    +
   33    82  0   0.0%   0.828 UA:3    +
   49   102  0   0.0%   0.932 UG:3    +
   27    85  0   0.0%   0.833 GU:3    +
   39   112  0   0.0%   0.944 UG:3    +
    7   107  0   0.0%   0.742 UA:3    +
   21    52  0   0.0%   0.311 UA:3    +
   31    85  0   0.0%   0.782 AU:3    +
   72   103  0   0.0%   1.501 GC:3    +
   73   102  0   0.0%   1.205 CG:3    +
   71   104  0   0.0%   0.920 CG:3    +
   65    98  0   0.0%   0.327 CG:3    +
   52    80  0   0.0%   0.702 AU:3    +
   53    79  0   0.0%   0.615 CG:3    +
   50    80  0   0.0%   0.741 AU:3    +
   51    79  0   0.0%   0.748 UG:3    +
   72    76  0   0.0%   0.908 GC:3    +
   69   105  0   0.0%   0.655 CG:3    +
   47    88  0   0.0%   1.029 CG:3    +
   53    98  0   0.0%   0.367 CG:3    +
   19    99  0   0.0%   0.390 AU:3    +
   68   106  0   0.0%   0.518 UA:3    +
   52    99  0   0.0%   0.605 AU:3    +
   49    81  0   0.0%   1.180 UA:3    +
   29    46  0   0.0%   0.605 UA:3    +
   51    81  0   0.0%   0.631 UA:3    +
   20    98  0   0.0%   0.466 UG:3    +
   12    25  0   0.0%   0.165 UG:3    +
   66    72  0   0.0%   0.679 CG:3    +
   52    78  0   0.0%   0.717 AU:3    +
   48    67  0   0.0%   0.720 GU:3    +
    4   110  0   0.0%   0.228 AU:3    +
   71    88  0   0.0%   0.854 CG:3    +
   40    49  0   0.0%   0.867 GU:3    +
   43    76  0   0.0%   1.379 GC:3    +
   43    54  0   0.0%   0.522 GC:3    +
   69    90  0   0.0%   0.572 CG:3    +
   54   104  0   0.0%   0.285 CG:3    +
   58    86  0   0.0%   0.453 AU:3    +
  105   111  0   0.0%   0.439 GC:3    +
   53   105  0   0.0%   0.325 CG:3    +
   14    19  0   0.0%   0.015 UA:3    +
   55    62  0   0.0%   0.270 GC:3    +
   18    40  0   0.0%   0.026 CG:3    +
   50    92  0   0.0%   0.504 AU:3    +
   67   107  0   0.0%   1.114 UA:3    +
   55   103  0   0.0%   0.488 GC:3    +
   49    93  0   0.0%   1.206 UA:3    +
    5   110  0   0.0%   0.224 AU:3    +
   51    91  0   0.0%   0.491 UG:3    +
   48    59  0   0.0%   0.731 GC:3    +
   48    68  0   0.0%   0.722 GU:3    +
   49    58  0   0.0%   0.495 UA:3    +
    1   114  0   0.0%   0.432 GC:3    +
   19    39  0   0.0%   0.018 AU:3    +
   48    94  0   0.0%   1.333 GU:3    +
    1   108  0   0.0%   0.156 GC:3    +
  106   110  0   0.0%   0.245 AU:3    +
   40    51  0   0.0%   0.812 GU:3    +
   17    41  0   0.0%   0.008 UA:3    +
   76    90  0   0.0%   1.923 CG:3    +
   68    91  0   0.0%   0.430 UG:3    +
   27    44  0   0.0%   0.995 GC:3    +
   13    20  0   0.0%   0.023 GU:3    +
   46    68  0   0.0%   0.139 AU:3    +
   62    88  0   0.0%   0.389 CG:3    +
   63    87  0   0.0%   0.312 UA:3    +
   21    97  0   0.0%   0.539 UA:3    +
   17    98  0   0.0%   0.346 UG:3    +
   83    91  0   0.0%   1.218 UG:3    +
   46    78  0   0.0%   0.474 AU:3    +
   45    79  0   0.0%   0.744 CG:3    +
   82    92  0   0.0%   1.042 AU:3    +
   14    98  0   0.0%   0.259 UG:3    +
   39    52  0   0.0%   0.789 UA:3    +
   42    79  0   0.0%   0.969 CG:3    +
   64    86  0   0.0%   0.303 GU:3    +
    9    48  0   0.0%   0.136 CG:3    +
   10    47  0   0.0%   0.135 GC:3    +
   43   108  0   0.0%   1.239 GC:3    +
    4   100  0   0.0%   0.129 AU:3    +
    5    99  0   0.0%   0.124 AU:3    +
   42    55  0   0.0%   0.496 CG:3    +
   12    52  0   0.0%   0.044 UA:3    +
    6    98  0   0.0%   0.120 UG:3    +
   74    91  0   0.0%   1.355 CG:3    +
   37    48  0   0.0%   0.639 CG:3    +
    3   101  0   0.0%   0.128 UA:3    +
    7    97  0   0.0%   0.006 UA:3    +
   20    38  0   0.0%   0.008 UA:3    +
   59    91  0   0.0%   0.336 CG:3    +
    1   103  0   0.0%   0.153 GC:3    +
    8    96  0   0.0%   0.133 UA:3    +
   43    53  0   0.0%   0.589 GC:3    +
    9    95  0   0.0%   0.137 CG:3    +
   84    90  0   0.0%   1.467 UG:3    +
   37   104  0   0.0%   0.639 CG:3    +
   15    20  0   0.0%   0.006 AU:3    +
   39    61  0   0.0%   0.568 UA:3    +
   36   105  0   0.0%   0.472 CG:3    +
   64    69  0   0.0%   0.133 GC:3    +
   67    98  0   0.0%   0.800 UG:3    +
   13    45  0   0.0%   0.185 GC:3    +
   22    81  0   0.0%   0.646 UA:3    +
   58    92  0   0.0%   0.465 AU:3    +
   23    80  0   0.0%   0.687 AU:3    +
   45    91  0   0.0%   0.487 CG:3    +
   43    78  0   0.0%   1.378 GU:3    +
   41    80  0   0.0%   0.957 AU:3    +
   20    91  0   0.0%   0.064 UG:3    +
   29    87  0   0.0%   0.489 UA:3    +
   47    79  0   0.0%   1.131 CG:3    +
   65    91  0   0.0%   0.559 CG:3    +
   21    82  0   0.0%   0.210 UA:3    +
   64    92  0   0.0%   0.453 GU:3    +
   77    92  0   0.0%   1.343 AU:3    +
   13    47  0   0.0%   0.187 GC:3    +
   24    79  0   0.0%   0.737 UG:3    +
   17    50  0   0.0%   0.091 UA:3    +
   66    90  0   0.0%   0.651 CG:3    +
   12    46  0   0.0%   0.038 UA:3    +
   46    80  0   0.0%   0.453 AU:3    +
   14    46  0   0.0%   0.164 UA:3    +
   19    24  0   0.0%   0.163 AU:3    +
   48    78  0   0.0%   1.430 GU:3    +
   29    43  0   0.0%   0.798 UG:3    +
   63    70  0   0.0%   0.616 UA:3    +
   70    84  0   0.0%   0.402 AU:3    +
   46    86  0   0.0%   0.293 AU:3    +
   48    65  0   0.0%   0.714 GC:3    +
   49    64  0   0.0%   0.496 UG:3    +
   40    73  0   0.0%   0.572 GC:3    +
   15   100  0   0.0%   0.521 AU:3    +
   64    71  0   0.0%   0.455 GC:3    +
    8   104  0   0.0%   0.134 UG:3    +
   70    83  0   0.0%   0.712 AU:3    +
   49    77  0   0.0%   1.168 UA:3    +
   18    27  0   0.0%   0.156 CG:3    +
   27    84  0   0.0%   0.824 GU:3    +
   48    76  0   0.0%   1.427 GC:3    +
   68    97  0   0.0%   0.976 UA:3    +
   47    95  0   0.0%   0.883 CG:3    +
   45    56  0   0.0%   0.474 CG:3    +
   42    98  0   0.0%   0.628 CG:3    +
   41    99  0   0.0%   0.758 AU:3    +
   11    91  0   0.0%   0.144 CG:3    +
   73    90  0   0.0%   1.492 CG:3    +
   68    77  0   0.0%   0.380 UA:3    +
   12    90  0   0.0%   0.051 UG:3    +
   13    89  0   0.0%   0.279 GC:3    +
   24    31  0   0.0%   0.268 UA:3    +
   25    30  0   0.0%   0.161 GC:3    +
   49    75  0   0.0%   0.861 UA:3    +
   40   100  0   0.0%   1.088 GU:3    +
   28    83  0   0.0%   0.346 AU:3    +
   50    63  0   0.0%   0.391 AU:3    +
   47    56  0   0.0%   0.592 CG:3    +
   21    40  0   0.0%   0.014 UG:3    +
   35   106  0   0.0%   0.542 UA:3    +
   14    88  0   0.0%   0.254 UG:3    +
   22    96  0   0.0%   1.002 UA:3    +
   61    99  0   0.0%   0.209 AU:3    +
   66    79  0   0.0%   0.612 CG:3    +
   67    77  0   0.0%   0.473 UA:3    +
   17    28  0   0.0%   0.132 UA:3    +
  108   112  0   0.0%   0.211 CG:3    +
   39   101  0   0.0%   0.985 UA:3    +
   20    41  0   0.0%   0.010 UA:3    +
   75    83  0   0.0%   0.369 AU:3    +
   17    52  0   0.0%   0.100 UA:3    +
   22    87  0   0.0%   0.646 UA:3    +
   48   111  0   0.0%   1.289 GC:3    +
   18    55  0   0.0%   0.065 CG:3    +
   16    52  0   0.0%   0.207 UA:3    +
   62    79  0   0.0%   0.500 CG:3    +
   23    32  0   0.0%   0.304 AU:3    +
   47   112  0   0.0%   0.712 CG:3    +
   21    88  0   0.0%   0.211 UG:3    +
    3   106  0   0.0%   0.128 UA:3    +
   44   105  0   0.0%   0.827 CG:3    +
   62    98  0   0.0%   0.214 CG:3    +
   59   104  0   0.0%   0.108 CG:3    +
   78    91  0   0.0%   1.644 UG:3    +
   45   104  0   0.0%   0.352 CG:3    +
   10    92  0   0.0%   0.146 GU:3    +
   46   100  0   0.0%   0.314 AU:3    +
   23    86  0   0.0%   0.687 AU:3    +
   61    80  0   0.0%   0.343 AU:3    +
   29    82  0   0.0%   0.486 UA:3    +
   46    67  0   0.0%   0.134 AU:3    +
   67    81  0   0.0%   0.491 UA:3    +
   54    72  0   0.0%   0.645 CG:3    +
   28    33  0   0.0%   0.253 AU:3    +
   33    41  0   0.0%   0.645 UA:3    +
   29    38  0   0.0%   0.398 UA:3    +
   68    75  0   0.0%   0.078 UA:3    +
   83    87  0   0.0%   0.755 UA:3    +
   34    51  0   0.0%   0.575 AU:3    +
   87    92  0   0.0%   1.049 AU:3    +
   18    43  0   0.0%   0.025 CG:3    +
    2    65  0   0.0%   0.152 GC:3    +
    3    64  0   0.0%   0.125 UG:3    +
   41    51  0   0.0%   0.903 AU:3    +
    6   105  0   0.0%   0.119 UG:3    +
   37   112  0   0.0%   0.595 CG:3    +
   35    50  0   0.0%   0.684 UA:3    +
   28    39  0   0.0%   0.556 AU:3    +
   50    86  0   0.0%   0.576 AU:3    +
    1    66  0   0.0%   0.150 GC:3    +
   14    97  0   0.0%   0.256 UA:3    +
   63    97  0   0.0%   0.651 UA:3    +
   63    93  0   0.0%   0.811 UA:3    +
   60   100  0   0.0%   0.192 AU:3    +
   33    52  0   0.0%   0.399 UA:3    +
    4    63  0   0.0%   0.126 AU:3    +
   24    34  0   0.0%   0.272 UA:3    +
   17    48  0   0.0%   0.013 UG:3    +
    3   112  0   0.0%   0.412 UG:3    +
   23    35  0   0.0%   0.270 AU:3    +
   56   109  0   0.0%   0.561 GC:3    +
   67    96  0   0.0%   0.359 UA:3    +
   42   112  0   0.0%   0.541 CG:3    +
   48    74  0   0.0%   1.240 GC:3    +
   54    91  0   0.0%   0.508 CG:3    +
   19    92  0   0.0%   0.056 AU:3    +
   47   102  0   0.0%   0.756 CG:3    +
   40   109  0   0.0%   1.143 GC:3    +
   67    72  0   0.0%   0.697 UG:3    +
   55    67  0   0.0%   0.518 GU:3    +
   25    33  0   0.0%   0.280 GU:3    +
   49    87  0   0.0%   0.841 UA:3    +
   31    86  0   0.0%   0.889 AU:3    +
   20    43  0   0.0%   0.010 UG:3    +
   13    21  0   0.0%   0.021 GU:3    +
   48    83  0   0.0%   1.415 GU:3    +
   63    77  0   0.0%   0.630 UA:3    +
   60    85  0   0.0%   0.077 AU:3    +
   53    64  0   0.0%   0.144 CG:3    +
  105   109  0   0.0%   0.444 GC:3    +
   41    78  0   0.0%   0.975 AU:3    +
   55    65  0   0.0%   0.278 GC:3    +
   33    43  0   0.0%   0.492 UG:3    +
   64    76  0   0.0%   0.469 GC:3    +
   86    93  0   0.0%   1.234 UA:3    +
   45   105  0   0.0%   0.372 CG:3    +
   21    90  0   0.0%   0.211 UG:3    +
   17    23  0   0.0%   0.184 UA:3    +
   40    54  0   0.0%   0.563 GC:3    +
   75    80  0   0.0%   0.465 AU:3    +
   49    82  0   0.0%   1.174 UA:3    +
   40    69  0   0.0%   0.569 GC:3    +
   14   101  0   0.0%   0.311 UA:3    +
   61    84  0   0.0%   0.025 AU:3    +
   13    57  0   0.0%   0.287 GC:3    +
   18    25  0   0.0%   0.176 CG:3    +
   67    91  0   0.0%   0.521 UG:3    +
   14    56  0   0.0%   0.262 UG:3    +
   50    85  0   0.0%   0.465 AU:3    +
    7    60  0   0.0%   0.002 UA:3    +
   60    68  0   0.0%   0.055 AU:3    +
   48    62  0   0.0%   0.710 GC:3    +
    1    45  0   0.0%   0.144 GC:3    +
    2    44  0   0.0%   0.146 GC:3    +
   61    67  0   0.0%   0.137 AU:3    +
   63    72  0   0.0%   0.821 UG:3    +
   89    98  0   0.0%   1.232 CG:3    +
    6    61  0   0.0%   0.116 UA:3    +
   88    99  0   0.0%   1.394 GU:3    +
   50    83  0   0.0%   0.743 AU:3    +
   49    61  0   0.0%   0.493 UA:3    +
   50    99  0   0.0%   0.612 AU:3    +
   39    70  0   0.0%   0.566 UA:3    +
   51    87  0   0.0%   0.289 UA:3    +
    9   112  0   0.0%   0.184 CG:3    +
   51    98  0   0.0%   0.487 UG:3    +
   24    87  0   0.0%   0.737 UA:3    +
    1     9  0   0.0%   0.001 GC:3    +
   56    66  0   0.0%   0.410 GC:3    +
    3    43  0   0.0%   0.119 UG:3    +
   52    86  0   0.0%   0.533 AU:3    +
   37    43  0   0.0%   0.607 CG:3    +
   53    72  0   0.0%   0.660 CG:3    +
    2     8  0   0.0%   0.001 GU:3    +
   27    33  0   0.0%   0.258 GU:3    +
    7    31  0   0.0%   0.115 UA:3    +
   13    42  0   0.0%   0.181 GC:3    +
   27    35  0   0.0%   0.223 GU:3    +
    8   113  0   0.0%   0.203 UA:3    +
   48   108  0   0.0%   1.270 GC:3    +
   45    98  0   0.0%   0.398 CG:3    +
   87   100  0   0.0%   0.612 AU:3    +
   49   107  0   0.0%   1.515 UA:3    +
   13    59  0   0.0%   0.276 GC:3    +
   54    98  0   0.0%   0.340 CG:3    +
   61    68  0   0.0%   0.043 AU:3    +
   10   111  0   0.0%   0.359 GC:3    +
   67    75  0   0.0%   0.171 UA:3    +
   68    72  0   0.0%   0.602 UG:3    +
    5    33  0   0.0%   0.239 AU:3    +
   14    58  0   0.0%   0.251 UA:3    +
   53   112  0   0.0%   0.249 CG:3    +
   43   109  0   0.0%   1.285 GC:3    +
   10    94  0   0.0%   0.145 GU:3    +
    7    28  0   0.0%   0.001 UA:3    +
   14    64  0   0.0%   0.252 UG:3    +
   51    82  0   0.0%   0.622 UA:3    +
   13    65  0   0.0%   0.277 GC:3    +
   28    32  0   0.0%   0.250 AU:3    +
   24    52  0   0.0%   0.971 UA:3    +
   24    88  0   0.0%   0.738 UG:3    +
   16    96  0   0.0%   0.118 UA:3    +
   32    40  0   0.0%   0.945 UG:3    +
   27    37  0   0.0%   0.625 GC:3    +
   43   111  0   0.0%   1.255 GC:3    +
   46    63  0   0.0%   0.134 AU:3    +
   49    96  0   0.0%   1.067 UA:3    +
   36    43  0   0.0%   0.695 CG:3    +
   23    99  0   0.0%   0.861 AU:3    +
   45    64  0   0.0%   0.277 CG:3    +
   32    81  0   0.0%   0.470 UA:3    +
   30    79  0   0.0%   0.309 CG:3    +
   43    65  0   0.0%   0.692 GC:3    +
   22    41  0   0.0%   0.523 UA:3    +
   49   113  0   0.0%   0.880 UA:3    +
   48   114  0   0.0%   1.120 GC:3    +
    6    50  0   0.0%   0.115 UA:3    +
   40    53  0   0.0%   0.634 GC:3    +
   41    68  0   0.0%   0.642 AU:3    +
   15    63  0   0.0%   0.264 AU:3    +
   31    78  0   0.0%   0.413 AU:3    +
   62   104  0   0.0%   0.205 CG:3    +
  104   109  0   0.0%   0.396 GC:3    +
   14    41  0   0.0%   0.159 UA:3    +
   32    43  0   0.0%   0.800 UG:3    +
   44    64  0   0.0%   0.530 CG:3    +
   55    71  0   0.0%   0.736 GC:3    +
   17    46  0   0.0%   0.007 UA:3    +
   44    98  0   0.0%   0.840 CG:3    +
   40    78  0   0.0%   1.263 GU:3    +
   34    84  0   0.0%   0.645 AU:3    +
   24    98  0   0.0%   1.226 UG:3    +
   10    44  0   0.0%   0.132 GC:3    +
   11    43  0   0.0%   0.131 CG:3    +
   60    92  0   0.0%   0.202 AU:3    +
  102   114  0   0.0%   0.227 GC:3    +
   86   101  0   0.0%   0.901 UA:3    +
   10    54  0   0.0%   0.137 GC:3    +
   32    77  0   0.0%   0.469 UA:3    +
   43    99  0   0.0%   1.173 GU:3    +
   37    64  0   0.0%   0.277 CG:3    +
   40   108  0   0.0%   1.094 GC:3    +
   13    44  0   0.0%   0.182 GC:3    +
   68    87  0   0.0%   0.072 UA:3    +
   29    88  0   0.0%   0.826 UG:3    +
   14    43  0   0.0%   0.160 UG:3    +
    9    55  0   0.0%   0.133 CG:3    +
    5    49  0   0.0%   0.119 AU:3    +
   38    63  0   0.0%   0.563 AU:3    +
   34    78  0   0.0%   0.321 AU:3    +
   83    88  0   0.0%   1.614 UG:3    +
   52    85  0   0.0%   0.422 AU:3    +
   39    58  0   0.0%   0.550 UA:3    +
   35    77  0   0.0%   0.303 UA:3    +
   42    91  0   0.0%   0.708 CG:3    +
   13   108  0   0.0%   0.595 GC:3    +
   55    69  0   0.0%   0.414 GC:3    +
   85    90  0   0.0%   1.389 UG:3    +
   26    64  0   0.0%   0.610 CG:3    +
    6    48  0   0.0%   0.115 UG:3    +
   35    40  0   0.0%   0.820 UG:3    +
   25    65  0   0.0%   0.927 GC:3    +
   37    72  0   0.0%   0.276 CG:3    +
   31    80  0   0.0%   0.414 AU:3    +
   41    92  0   0.0%   0.708 AU:3    +
   60    94  0   0.0%   0.322 AU:3    +
   33    87  0   0.0%   0.495 UA:3    +
   33    79  0   0.0%   0.163 UG:3    +
   25    42  0   0.0%   0.372 GC:3    +
   43    59  0   0.0%   0.708 GC:3    +
   14   107  0   0.0%   0.896 UA:3    +
   20    25  0   0.0%   0.161 UG:3    +
   51    75  0   0.0%   0.307 UA:3    +
   34    86  0   0.0%   0.787 AU:3    +
   40    57  0   0.0%   0.561 GC:3    +
   46    84  0   0.0%   0.148 AU:3    +
   12    58  0   0.0%   0.048 UA:3    +
   22    34  0   0.0%   0.269 UA:3    +
   17    43  0   0.0%   0.005 UG:3    +
   84    91  0   0.0%   1.060 UG:3    +
   51    56  0   0.0%   0.472 UG:3    +
   43    51  0   0.0%   0.762 GU:3    +
   44    79  0   0.0%   1.175 CG:3    +
   18    79  0   0.0%   0.053 CG:3    +
   58   110  0   0.0%   0.408 AU:3    +
   43    80  0   0.0%   1.357 GU:3    +
   62    72  0   0.0%   0.546 CG:3    +
   34    49  0   0.0%   0.629 AU:3    +
   69    88  0   0.0%   0.482 CG:3    +
   26    72  0   0.0%   0.609 CG:3    +
   57   102  0   0.0%   0.370 CG:3    +
   19    78  0   0.0%   0.053 AU:3    +
   12    48  0   0.0%   0.037 UG:3    +
   12    60  0   0.0%   0.049 UA:3    +
   63    82  0   0.0%   0.641 UA:3    +
   25    73  0   0.0%   0.926 GC:3    +
   70    85  0   0.0%   0.429 AU:3    +
    4    32  0   0.0%   0.001 AU:3    +
   27    71  0   0.0%   0.821 GC:3    +
   35    48  0   0.0%   0.662 UG:3    +
   33    50  0   0.0%   0.540 UA:3    +
    5    51  0   0.0%   0.123 AU:3    +
   38    83  0   0.0%   1.213 AU:3    +
   59    95  0   0.0%   0.256 CG:3    +
   39    93  0   0.0%   1.282 UA:3    +
   16    82  0   0.0%   0.116 UA:3    +
   38    94  0   0.0%   1.119 AU:3    +
   20    77  0   0.0%   0.059 UA:3    +
   23    33  0   0.0%   0.304 AU:3    +
   51   101  0   0.0%   0.421 UA:3    +
   59   112  0   0.0%   0.087 CG:3    +
   15    83  0   0.0%   0.263 AU:3    +
   39    82  0   0.0%   1.264 UA:3    +
   37    95  0   0.0%   0.787 CG:3    +
   55   110  0   0.0%   0.546 GU:3    +
   17    81  0   0.0%   0.008 UA:3    +
   40    71  0   0.0%   0.569 GC:3    +
    8    58  0   0.0%   0.129 UA:3    +
   75    94  0   0.0%   0.806 AU:3    +
   48    84  0   0.0%   1.103 GU:3    +
   81    92  0   0.0%   1.064 AU:3    +
   74   104  0   0.0%   0.718 CG:3    +
   52   100  0   0.0%   0.628 AU:3    +
    8    56  0   0.0%   0.129 UG:3    +
   73   105  0   0.0%   1.206 CG:3    +
   50   100  0   0.0%   0.641 AU:3    +
    2     9  0   0.0%   0.001 GC:3    +
   74    95  0   0.0%   1.091 CG:3    +
   23    78  0   0.0%   0.684 AU:3    +
   72    83  0   0.0%   0.961 GU:3    +
   80    93  0   0.0%   1.007 UA:3    +
   24    77  0   0.0%   0.734 UA:3    +
   17    55  0   0.0%   0.018 UG:3    +
   78    93  0   0.0%   1.249 UA:3    +
   56   103  0   0.0%   0.382 GC:3    +
   77    94  0   0.0%   1.298 AU:3    +
   49    55  0   0.0%   0.744 UG:3    +
   56   111  0   0.0%   0.526 GC:3    +
  104   110  0   0.0%   0.283 GU:3    +
   20    96  0   0.0%   0.543 UA:3    +
   60    67  0   0.0%   0.149 AU:3    +
   99   107  0   0.0%   0.793 UA:3    +
   29    40  0   0.0%   0.392 UG:3    +
   61    85  0   0.0%   0.054 AU:3    +
   98   108  0   0.0%   0.524 GC:3    +
   60    86  0   0.0%   0.190 AU:3    +
    2    11  0   0.0%   0.001 GC:3    +
   37    55  0   0.0%   0.287 CG:3    +
   32    88  0   0.0%   1.137 UG:3    +
   16    46  0   0.0%   0.036 UA:3    +
   21    34  0   0.0%   0.127 UA:3    +
   51   106  0   0.0%   0.477 UA:3    +
   45    95  0   0.0%   0.487 CG:3    +
    6   104  0   0.0%   0.117 UG:3    +
    7    50  0   0.0%   0.001 UA:3    +
   51   113  0   0.0%   0.375 UA:3    +
   46    85  0   0.0%   0.180 AU:3    +
   68    95  0   0.0%   0.289 UG:3    +
   86    90  0   0.0%   2.034 UG:3    +
    3    10  0   0.0%   0.000 UG:3    +
  100   106  0   0.0%   0.330 UA:3    +
   30    90  0   0.0%   0.650 CG:3    +
   27    63  0   0.0%   0.822 GU:3    +
   49   101  0   0.0%   0.922 UA:3    +
   51    72  0   0.0%   0.796 UG:3    +
   84    88  0   0.0%   1.457 UG:3    +
   79    92  0   0.0%   1.774 GU:3    +
   13    62  0   0.0%   0.276 GC:3    +
   22    79  0   0.0%   0.642 UG:3    +
   56    84  0   0.0%   0.326 GU:3    +
   39    72  0   0.0%   0.566 UG:3    +
   39   106  0   0.0%   1.040 UA:3    +
   67    79  0   0.0%   0.630 UG:3    +
   61   110  0   0.0%   0.190 AU:3    +
   85    91  0   0.0%   0.983 UG:3    +
   14    61  0   0.0%   0.251 UA:3    +
   86    91  0   0.0%   1.628 UG:3    +
   52    84  0   0.0%   0.389 AU:3    +
   76    95  0   0.0%   1.293 CG:3    +
    1    12  0   0.0%   0.001 GU:3    +
   29    91  0   0.0%   0.673 UG:3    +
   83    90  0   0.0%   1.620 UG:3    +
   28    92  0   0.0%   0.567 AU:3    +
   79    94  0   0.0%   1.731 GU:3    +
   48    66  0   0.0%   0.711 GC:3    +
   22    27  0   0.0%   0.286 UG:3    +
   21    43  0   0.0%   0.176 UG:3    +
   40    44  0   0.0%   0.855 GC:3    +
   79   103  0   0.0%   1.284 GC:3    +
   55    59  0   0.0%   0.283 GC:3    +
   21    28  0   0.0%   0.138 UA:3    +
   27    69  0   0.0%   0.821 GC:3    +
   71    98  0   0.0%   1.080 CG:3    +
   18    64  0   0.0%   0.054 CG:3    +
   39    79  0   0.0%   1.383 UG:3    +
   51   107  0   0.0%   1.010 UA:3    +
   54    79  0   0.0%   0.592 CG:3    +
   46    94  0   0.0%   0.369 AU:3    +
   11    27  0   0.0%   0.260 CG:3    +
   40   103  0   0.0%   0.976 GC:3    +
    1     6  0   0.0%   0.000 GU:3    +
   17    95  0   0.0%   0.009 UG:3    +
   39   113  0   0.0%   0.945 UA:3    +
   67    88  0   0.0%   0.597 UG:3    +
   28    68  0   0.0%   0.342 AU:3    +
   40   114  0   0.0%   0.953 GC:3    +
   70    99  0   0.0%   0.864 AU:3    +
   36    56  0   0.0%   0.374 CG:3    +
   49    97  0   0.0%   1.139 UA:3    +
    2    59  0   0.0%   0.150 GC:3    +
   76   102  0   0.0%   0.964 CG:3    +
   71    95  0   0.0%   1.286 CG:3    +
   19    63  0   0.0%   0.054 AU:3    +
   40    92  0   0.0%   0.996 GU:3    +
    8    60  0   0.0%   0.129 UA:3    +
    3    58  0   0.0%   0.123 UA:3    +
   21    95  0   0.0%   0.445 UG:3    +
   20    82  0   0.0%   0.059 UA:3    +
   13    17  0   0.0%   0.000 GU:3    +
   40    62  0   0.0%   0.568 GC:3    +
   24    43  0   0.0%   0.367 UG:3    +
   50    84  0   0.0%   0.431 AU:3    +
   11    88  0   0.0%   0.141 CG:3    +
   36    72  0   0.0%   0.363 CG:3    +
   42    64  0   0.0%   0.483 CG:3    +
   10    89  0   0.0%   0.143 GC:3    +
   70    86  0   0.0%   0.543 AU:3    +
   36    48  0   0.0%   0.723 CG:3    +
   12    87  0   0.0%   0.048 UA:3    +
   37   105  0   0.0%   0.670 CG:3    +
   23    83  0   0.0%   0.685 AU:3    +
   99   113  0   0.0%   0.156 UA:3    +
   25    76  0   0.0%   0.926 GC:3    +
   24    82  0   0.0%   0.736 UA:3    +
   21    81  0   0.0%   0.206 UA:3    +
   26    40  0   0.0%   0.363 CG:3    +
   98   114  0   0.0%   0.357 GC:3    +
   19    83  0   0.0%   0.053 AU:3    +
   38   110  0   0.0%   0.992 AU:3    +
   55   108  0   0.0%   0.587 GC:3    +
    7    61  0   0.0%   0.002 UA:3    +
   44    55  0   0.0%   0.355 CG:3    +
   14    95  0   0.0%   0.254 UG:3    +
   15    94  0   0.0%   0.263 AU:3    +
   52    83  0   0.0%   0.700 AU:3    +
   17    56  0   0.0%   0.019 UG:3    +
   51    55  0   0.0%   0.528 UG:3    +
   38    80  0   0.0%   1.204 AU:3    +
   30    88  0   0.0%   0.648 CG:3    +
   11    48  0   0.0%   0.132 CG:3    +
   33    46  0   0.0%   0.279 UA:3    +
   21    27  0   0.0%   0.144 UG:3    +
   13    86  0   0.0%   0.276 GU:3    +
   10    49  0   0.0%   0.133 GU:3    +
   32    79  0   0.0%   0.470 UG:3    +
   56    83  0   0.0%   0.637 GU:3    +
   72    84  0   0.0%   0.649 GU:3    +
  102   109  0   0.0%   0.439 GC:3    +
   58    83  0   0.0%   0.614 AU:3    +
   50    78  0   0.0%   0.754 AU:3    +
   13   103  0   0.0%   0.477 GC:3    +
   11    55  0   0.0%   0.130 CG:3    +
   42   105  0   0.0%   0.612 CG:3    +
   20    28  0   0.0%   0.133 UA:3    +
   84    93  0   0.0%   0.665 UA:3    +
   12   104  0   0.0%   0.147 UG:3    +
   58    67  0   0.0%   0.409 AU:3    +
   11   105  0   0.0%   0.261 CG:3    +
    7   104  0   0.0%   0.003 UG:3    +
  101   110  0   0.0%   0.227 AU:3    +
    2     7  0   0.0%   0.000 GU:3    +
   59    72  0   0.0%   0.558 CG:3    +
   51    77  0   0.0%   0.612 UA:3    +
  100   112  0   0.0%   0.228 UG:3    +
    8    46  0   0.0%   0.129 UA:3    +
   16    28  0   0.0%   0.161 UA:3    +
   16    93  0   0.0%   0.116 UA:3    +
  104   114  0   0.0%   0.199 GC:3    +
   50   110  0   0.0%   0.592 AU:3    +
   45    88  0   0.0%   0.634 CG:3    +
   14    93  0   0.0%   0.252 UA:3    +
   78   104  0   0.0%   0.965 UG:3    +
    4    35  0   0.0%   0.204 AU:3    +
   54   105  0   0.0%   0.299 CG:3    +
   14    55  0   0.0%   0.260 UG:3    +
   14    96  0   0.0%   0.254 UA:3    +
   58    85  0   0.0%   0.335 AU:3    +
   17   105  0   0.0%   0.324 UG:3    +
   83    93  0   0.0%   0.821 UA:3    +
   18   104  0   0.0%   0.290 CG:3    +
   15    92  0   0.0%   0.264 AU:3    +
   68   107  0   0.0%   1.047 UA:3    +
   16   106  0   0.0%   0.537 UA:3    +
   14   102  0   0.0%   0.297 UG:3    +
   88    92  0   0.0%   1.907 GU:3    +
   43    69  0   0.0%   0.691 GC:3    +
   80   102  0   0.0%   0.772 UG:3    +
   17    27  0   0.0%   0.135 UG:3    +
   34    85  0   0.0%   0.677 AU:3    +
    6    15  0   0.0%   0.000 UA:3    +
   18    56  0   0.0%   0.064 CG:3    +
   42    56  0   0.0%   0.493 CG:3    +
    6   113  0   0.0%   0.510 UA:3    +
    6    13  0   0.0%   0.000 UG:3    +
   68    90  0   0.0%   0.584 UG:3    +
   47    64  0   0.0%   0.394 CG:3    +
    5    16  0   0.0%   0.000 AU:3    +
   80    91  0   0.0%   1.400 UG:3    +
   45   102  0   0.0%   0.346 CG:3    +
   31    35  0   0.0%   0.411 AU:3    +
   68    88  0   0.0%   0.501 UG:3    +
   32    46  0   0.0%   0.587 UA:3    +
    5    14  0   0.0%   0.000 AU:3    +
   60    83  0   0.0%   0.351 AU:3    +
   16    91  0   0.0%   0.117 UG:3    +
   21    55  0   0.0%   0.217 UG:3    +
   51    60  0   0.0%   0.282 UA:3    +
   14    48  0   0.0%   0.162 UG:3    +
   48    85  0   0.0%   1.135 GU:3    +
   39   104  0   0.0%   0.974 UG:3    +
   48    86  0   0.0%   1.246 GU:3    +
   12    43  0   0.0%   0.035 UG:3    +
   15    29  0   0.0%   0.173 AU:3    +
   25    86  0   0.0%   0.927 GU:3    +
   21    98  0   0.0%   0.369 UG:3    +
   24    70  0   0.0%   0.733 UA:3    +
    5    29  0   0.0%   0.000 AU:3    +
   53    90  0   0.0%   0.511 CG:3    +
   10    29  0   0.0%   0.131 GU:3    +
    9    90  0   0.0%   0.133 CG:3    +
    1    59  0   0.0%   0.148 GC:3    +
   82    94  0   0.0%   0.995 AU:3    +
    8    50  0   0.0%   0.129 UA:3    +
  105   114  0   0.0%   0.243 GC:3    +
   12   102  0   0.0%   0.145 UG:3    +
   19   100  0   0.0%   0.429 AU:3    +
   19    29  0   0.0%   0.012 AU:3    +
   22    97  0   0.0%   1.073 UA:3    +
   22    70  0   0.0%   0.642 UA:3    +
   66    95  0   0.0%   0.339 CG:3    +
   16    56  0   0.0%   0.127 UG:3    +
   16    41  0   0.0%   0.033 UA:3    +
   39    81  0   0.0%   1.265 UA:3    +
   57   105  0   0.0%   0.393 CG:3    +
   60   110  0   0.0%   0.147 AU:3    +
   67   101  0   0.0%   0.571 UA:3    +
   25    57  0   0.0%   0.937 GC:3    +
   21    70  0   0.0%   0.206 UA:3    +
   49    79  0   0.0%   1.294 UG:3    +
    3    31  0   0.0%   0.000 UA:3    +
   13    94  0   0.0%   0.278 GU:3    +
   26    56  0   0.0%   0.619 CG:3    +
   36   112  0   0.0%   0.393 CG:3    +
    1    30  0   0.0%   0.001 GC:3    +
   72    94  0   0.0%   1.941 GU:3    +
    2    29  0   0.0%   0.001 GU:3    +
   14    31  0   0.0%   0.273 UA:3    +
    2    32  0   0.0%   0.001 GU:3    +
    2     6  0   0.0%   0.000 GU:3    +
    4    17  0   0.0%   0.000 AU:3    +
   73    98  0   0.0%   1.321 CG:3    +
    7   112  0   0.0%   0.099 UG:3    +
    2    37  0   0.0%   0.205 GC:3    +
   40    80  0   0.0%   1.243 GU:3    +
   61   100  0   0.0%   0.234 AU:3    +
   23    67  0   0.0%   0.683 AU:3    +
   72    86  0   0.0%   0.791 GU:3    +
   19    84  0   0.0%   0.053 AU:3    +
   22    88  0   0.0%   0.646 UG:3    +
   23    68  0   0.0%   0.683 AU:3    +
  102   111  0   0.0%   0.401 GC:3    +
   32    87  0   0.0%   0.798 UA:3    +
   30   112  0   0.0%   0.308 CG:3    +
   58    84  0   0.0%   0.302 AU:3    +
   25    71  0   0.0%   0.926 GC:3    +
   48   109  0   0.0%   1.316 GC:3    +
   72    85  0   0.0%   0.677 GU:3    +
   93   100  0   0.0%   0.669 AU:3    +
   45   112  0   0.0%   0.298 CG:3    +
   18    91  0   0.0%   0.054 CG:3    +
   55    83  0   0.0%   0.720 GU:3    +
   67    95  0   0.0%   0.373 UG:3    +
   20    95  0   0.0%   0.539 UG:3    +
   24    97  0   0.0%   1.394 UA:3    +
   24    58  0   0.0%   0.734 UA:3    +
   60    99  0   0.0%   0.164 AU:3    +
   61    78  0   0.0%   0.359 AU:3    +
   46   110  0   0.0%   0.264 AU:3    +
    2   103  0   0.0%   0.152 GC:3    +
   12    28  0   0.0%   0.162 UA:3    +
   44   112  0   0.0%   0.753 CG:3    +
   36    55  0   0.0%   0.374 CG:3    +
   80    90  0   0.0%   1.807 UG:3    +
   72    99  0   0.0%   1.465 GU:3    +
    1    42  0   0.0%   0.143 GC:3    +
   72   111  0   0.0%   1.519 GC:3    +
   65    95  0   0.0%   0.407 CG:3    +
    6   112  0   0.0%   0.502 UG:3    +
   95   111  0   0.0%   0.737 GC:3    +
   71   112  0   0.0%   0.761 CG:3    +
  104   108  0   0.0%   0.348 GC:3    +
   20    90  0   0.0%   0.060 UG:3    +
   68    79  0   0.0%   0.536 UG:3    +
   96   110  0   0.0%   0.645 AU:3    +
   29   113  0   0.0%   0.495 UA:3    +
   37   102  0   0.0%   0.632 CG:3    +
   51    61  0   0.0%   0.269 UA:3    +
   26    98  0   0.0%   1.066 CG:3    +
   76   105  0   0.0%   0.968 CG:3    +
   25    99  0   0.0%   1.384 GU:3    +
   85    93  0   0.0%   0.588 UA:3    +
   56    85  0   0.0%   0.358 GU:3    +
   15    86  0   0.0%   0.263 AU:3    +
   21    87  0   0.0%   0.207 UA:3    +
   56    63  0   0.0%   0.227 GU:3    +
   16    55  0   0.0%   0.126 UG:3    +
   67    90  0   0.0%   0.679 UG:3    +
   66    91  0   0.0%   0.490 CG:3    +
   27    54  0   0.0%   0.833 GC:3    +
   49    91  0   0.0%   1.044 UG:3    +
   35    52  0   0.0%   0.540 UA:3    +
    8    91  0   0.0%   0.129 UG:3    +
   52   110  0   0.0%   0.579 AU:3    +
    1    33  0   0.0%   0.001 GU:3    +
   12    98  0   0.0%   0.050 UG:3    +
   51    58  0   0.0%   0.269 UA:3    +
   48    99  0   0.0%   1.229 GU:3    +
   13    32  0   0.0%   0.298 GU:3    +
   25    54  0   0.0%   0.938 GC:3    +
   42   102  0   0.0%   0.563 CG:3    +
   29    81  0   0.0%   0.484 UA:3    +
   58    68  0   0.0%   0.314 AU:3    +
   58    94  0   0.0%   0.584 AU:3    +
   58    99  0   0.0%   0.426 AU:3    +
   17    40  0   0.0%   0.002 UG:3    +
   13    76  0   0.0%   0.276 GC:3    +
   27    74  0   0.0%   0.821 GC:3    +
   27    39  0   0.0%   0.565 GU:3    +
   16    25  0   0.0%   0.189 UG:3    +
   20    55  0   0.0%   0.071 UG:3    +
   55    68  0   0.0%   0.423 GU:3    +
   48    63  0   0.0%   0.711 GU:3    +
   66   102  0   0.0%   0.537 CG:3    +
   22    98  0   0.0%   0.905 UG:3    +
   16    87  0   0.0%   0.116 UA:3    +
   48    92  0   0.0%   1.175 GU:3    +
   10    45  0   0.0%   0.131 GC:3    +
   49    98  0   0.0%   0.987 UG:3    +
   14    75  0   0.0%   0.251 UA:3    +
   54    88  0   0.0%   0.486 CG:3    +
   18   105  0   0.0%   0.323 CG:3    +
   16    61  0   0.0%   0.116 UA:3    +
   56    86  0   0.0%   0.469 GU:3    +
   25    36  0   0.0%   0.301 GC:3    +
   48   100  0   0.0%   1.258 GU:3    +
   17   106  0   0.0%   0.358 UA:3    +
   85   102  0   0.0%   0.356 UG:3    +
   74   102  0   0.0%   0.762 CG:3    +
   63   102  0   0.0%   0.538 UG:3    +
   23   100  0   0.0%   0.903 AU:3    +
   21    25  0   0.0%   0.166 UG:3    +
   13    30  0   0.0%   0.180 GC:3    +
   92   101  0   0.0%   0.773 UA:3    +
   13    49  0   0.0%   0.184 GU:3    +
    2    42  0   0.0%   0.145 GC:3    +
   20    40  0   0.0%   0.008 UG:3    +
   17    60  0   0.0%   0.008 UA:3    +
   59   102  0   0.0%   0.099 CG:3    +
   27    32  0   0.0%   0.255 GU:3    +
   59    88  0   0.0%   0.407 CG:3    +
    8   107  0   0.0%   0.833 UA:3    +
    1     8  0   0.0%   0.000 GU:3    +
    6    60  0   0.0%   0.115 UA:3    +
   23    85  0   0.0%   0.685 AU:3    +
   15    39  0   0.0%   0.173 AU:3    +
   39    55  0   0.0%   0.560 UG:3    +
   98   103  0   0.0%   0.511 GC:3    +
   35   113  0   0.0%   0.438 UA:3    +
   40   110  0   0.0%   1.033 GU:3    +
   25    69  0   0.0%   0.926 GC:3    +
    3   102  0   0.0%   0.125 UG:3    +
   52    63  0   0.0%   0.243 AU:3    +
   20    34  0   0.0%   0.121 UA:3    +
    6    28  0   0.0%   0.000 UA:3    +
   57   112  0   0.0%   0.323 CG:3    +
   51    64  0   0.0%   0.270 UG:3    +
   41    67  0   0.0%   0.641 AU:3    +
   59    98  0   0.0%   0.165 CG:3    +
    3    41  0   0.0%   0.118 UA:3    +
   56    68  0   0.0%   0.336 GU:3    +
   78   101  0   0.0%   0.904 UA:3    +
   36    64  0   0.0%   0.364 CG:3    +
   12    77  0   0.0%   0.048 UA:3    +
   14    87  0   0.0%   0.251 UA:3    +
   16    38  0   0.0%   0.033 UA:3    +
   35    46  0   0.0%   0.421 UA:3    +
   93    99  0   0.0%   0.599 AU:3    +
   31    51  0   0.0%   0.666 AU:3    +
   16    43  0   0.0%   0.034 UG:3    +
    8    27  0   0.0%   0.000 UG:3    +
   94    98  0   0.0%   0.965 UG:3    +
   69   112  0   0.0%   0.449 CG:3    +
   10    59  0   0.0%   0.143 GC:3    +
   12    97  0   0.0%   0.050 UA:3    +
    8    61  0   0.0%   0.129 UA:3    +
   43   114  0   0.0%   1.086 GC:3    +
   32    50  0   0.0%   0.848 UA:3    +
   14    40  0   0.0%   0.158 UG:3    +
   30    55  0   0.0%   0.318 CG:3    +
   19    35  0   0.0%   0.096 AU:3    +
   13   109  0   0.0%   0.642 GC:3    +
   28    51  0   0.0%   0.596 AU:3    +
   43    66  0   0.0%   0.691 GC:3    +
   20    88  0   0.0%   0.060 UG:3    +
   16   101  0   0.0%   0.481 UA:3    +
   10    30  0   0.0%   0.131 GC:3    +
   27    53  0   0.0%   0.904 GC:3    +
   35    43  0   0.0%   0.634 UG:3    +
   17    61  0   0.0%   0.008 UA:3    +
   34    92  0   0.0%   0.699 AU:3    +
   62    90  0   0.0%   0.471 CG:3    +
   22    28  0   0.0%   0.280 UA:3    +
   25    32  0   0.0%   0.278 GU:3    +
   51   112  0   0.0%   0.372 UG:3    +
    7    58  0   0.0%   0.001 UA:3    +
   14    34  0   0.0%   0.276 UA:3    +
   68   113  0   0.0%   0.410 UA:3    +
   90   103  0   0.0%   1.421 GC:3    +
   15    33  0   0.0%   0.293 AU:3    +
   35    91  0   0.0%   0.615 UG:3    +
   73    95  0   0.0%   1.527 CG:3    +
   43    67  0   0.0%   0.690 GU:3    +
   58   100  0   0.0%   0.452 AU:3    +
   40    86  0   0.0%   1.083 GU:3    +
   89   104  0   0.0%   1.056 CG:3    +
   68    98  0   0.0%   0.732 UG:3    +
   24    28  0   0.0%   0.280 UA:3    +
    3    28  0   0.0%   0.000 UA:3    +
   39   102  0   0.0%   0.970 UG:3    +
   96   100  0   0.0%   0.747 AU:3    +
   22    60  0   0.0%   0.643 UA:3    +
   17    38  0   0.0%   0.002 UA:3    +
   29    50  0   0.0%   0.862 UA:3    +
   63    79  0   0.0%   0.779 UG:3    +
   39    87  0   0.0%   0.930 UA:3    +
  100   105  0   0.0%   0.431 UG:3    +
   36    90  0   0.0%   0.734 CG:3    +
   27    83  0   0.0%   0.821 GU:3    +
   21    61  0   0.0%   0.206 UA:3    +
   23    29  0   0.0%   0.183 AU:3    +
(((...(((((((..(((((....(((.((((.....)))))))..........((((....))))....(((..............)))..)))))..)))))))))).....
