3 sequence; length of alignment 38
alifold output
    8    22  0  46.4%   1.524 CG:3    +
    9    21  0  46.3%   1.217 UA:3    +
   10    20  0  46.3%   1.209 GC:3    +
    7    23  0  46.2%   1.449 GC:3    +
   11    18  0  43.8%   1.125 CG:3    +
    6    15  0  42.0%   1.096 CG:3   
    8    13  0  42.0%   1.098 CG:3   
    7    14  0  42.0%   1.098 GU:3   
    5    16  0  41.8%   1.098 UA:3   
    4    17  0  39.5%   1.112 AU:3   
   12    17  0  33.2%   1.478 GU:3    +
    2    19  0  20.3%   1.033 UA:3   
    3    26  0  17.1%   1.086 GC:3    +
    2    27  0  16.5%   1.394 UA:3    +
    1    28  0  12.5%   0.917 UA:3    +
    5    24  0   6.6%   0.918 UA:3    +
   13    25  0   6.3%   1.046 GC:3    +
   14    24  0   6.3%   1.281 UA:3    +
   15    23  0   6.3%   1.367 GC:3    +
   12    26  0   6.3%   1.263 GC:3    +
    3    20  0   4.4%   0.427 GC:3    +
    2    21  0   4.2%   0.769 UA:3    +
    6    36  0   3.8%   0.770 CG:3    +
    7    35  0   3.7%   1.206 GC:3    +
    5    37  0   3.3%   0.979 UA:3    +
   10    33  0   3.0%   0.798 GC:3    +
    9    34  0   3.0%   0.808 UA:3    +
   10    23  0   2.9%   1.031 GC:3    +
   11    22  0   2.9%   1.115 CG:3    +
   14    19  0   2.7%   1.015 UA:3    +
   13    20  0   2.7%   1.174 GC:3    +
    9    24  0   2.6%   0.836 UA:3    +
    1    22  0   2.3%   0.306 UG:3    +
   12    32  0   2.1%   0.868 GC:3    +
   13    31  0   2.1%   0.965 GU:3    +
   14    30  0   2.1%   0.965 UA:3    +
   18    26  0   1.9%   1.197 GC:3    +
   17    27  0   1.8%   1.338 UA:3    +
    4    31  0   1.4%   0.553 AU:3    +
    7    26  0   1.4%   1.225 GC:3    +
    3    32  0   1.4%   0.661 GC:3    +
    5    30  0   1.3%   0.740 UA:3    +
   32    36  0   1.3%   0.537 CG:3    +
   31    37  0   1.2%   0.460 UA:3    +
    2    28  0   0.9%   1.186 UA:3    +
    1    29  0   0.8%   0.507 UA:3    +
   17    22  0   0.7%   1.416 UG:3    +
    2    18  0   0.6%   0.100 UG:3    +
    3    35  0   0.6%   0.641 GC:3    +
    2    36  0   0.6%   0.955 UG:3    +
    1    19  0   0.6%   0.090 UA:3    +
    1    37  0   0.5%   0.528 UA:3    +
   18    23  0   0.3%   1.103 GC:3    +
    3    25  0   0.3%   0.218 GC:3    +
    7    25  0   0.3%   0.798 GC:3    +
   13    17  0   0.3%   1.163 GU:3    +
   26    36  0   0.3%   0.850 CG:3    +
    1    21  0   0.3%   0.077 UA:3    +
    9    29  0   0.2%   0.559 UA:3    +
    2    29  0   0.2%   0.921 UA:3    +
    1    30  0   0.2%   0.468 UA:3    +
   10    32  0   0.2%   0.561 GC:3    +
    3    23  0   0.2%   0.184 GC:3    +
   17    24  0   0.2%   1.292 UA:3    +
    2    24  0   0.1%   0.518 UA:3    +
    3    17  0   0.1%   0.031 GU:3    +
    2    34  0   0.1%   0.886 UA:3    +
    3    33  0   0.1%   0.567 GC:3    +
   16    31  0   0.1%   0.534 AU:3    +
   17    21  0   0.1%   1.291 UA:3    +
   17    30  0   0.1%   1.063 UA:3    +
   15    32  0   0.1%   0.730 GC:3    +
    9    28  0   0.1%   0.781 UA:3    +
   12    35  0   0.1%   0.808 GC:3    +
   11    36  0   0.1%   0.644 CG:3    +
   18    25  0   0.1%   0.649 GC:3    +
   18    32  0   0.1%   0.684 GC:3    +
   19    31  0   0.1%   0.621 AU:3    +
   15    26  0   0.1%   1.099 GC:3    +
   22    26  0   0.1%   1.216 GC:3    +
   23    36  0   0.1%   0.849 CG:3    +
    9    30  0   0.1%   0.563 UA:3    +
   25    36  0   0.1%   0.405 CG:3    +
    5    27  0   0.1%   0.861 UA:3    +
   14    27  0   0.1%   0.965 UA:3    +
   12    20  0   0.1%   0.875 GC:3    +
    1    34  0   0.1%   0.457 UA:3    +
    7    32  0   0.0%   0.875 GC:3    +
   15    20  0   0.0%   0.973 GC:3    +
   22    33  0   0.0%   0.721 GC:3    +
   22    35  0   0.0%   0.766 GC:3    +
   14    21  0   0.0%   0.979 UA:3    +
   20    36  0   0.0%   0.771 CG:3    +
   12    33  0   0.0%   0.754 GC:3    +
   18    33  0   0.0%   0.634 GC:3    +
   13    32  0   0.0%   0.903 GC:3    +
    7    11  0   0.0%   0.010 GC:3    +
    9    27  0   0.0%   0.766 UA:3    +
    3     8  0   0.0%   0.008 GC:3    +
   24    31  0   0.0%   0.638 AU:3    +
    1    27  0   0.0%   0.142 UA:3    +
    6    12  0   0.0%   0.008 CG:3    +
   10    35  0   0.0%   0.739 GC:3    +
    5    28  0   0.0%   0.863 UA:3    +
   12    23  0   0.0%   0.849 GC:3    +
   10    26  0   0.0%   0.829 GC:3    +
    5    13  0   0.0%   0.007 UG:3    +
    4    14  0   0.0%   0.007 AU:3    +
    2    30  0   0.0%   0.872 UA:3    +
   13    23  0   0.0%   0.959 GC:3    +
    3    11  0   0.0%   0.009 GC:3    +
    7    33  0   0.0%   0.822 GC:3    +
   14    22  0   0.0%   1.019 UG:3    +
   14    34  0   0.0%   0.853 UA:3    +
   13    35  0   0.0%   0.910 GC:3    +
    1    18  0   0.0%   0.005 UG:3    +
    5    34  0   0.0%   0.630 UA:3    +
    9    36  0   0.0%   0.746 UG:3    +
   22    32  0   0.0%   0.763 GC:3    +
    7    31  0   0.0%   0.869 GU:3    +
   13    33  0   0.0%   0.864 GC:3    +
   10    25  0   0.0%   0.500 GC:3    +
    5    19  0   0.0%   0.724 UA:3    +
    6    18  0   0.0%   0.405 CG:3    +
   31    38  0   0.0%   0.221 UA:3    +
    2    16  0   0.0%   0.004 UA:3    +
   18    35  0   0.0%   0.675 GC:3    +
   15    33  0   0.0%   0.680 GC:3    +
    1    24  0   0.0%   0.137 UA:3    +
    7    17  0   0.0%   0.746 GU:3    +
    2    37  0   0.0%   0.924 UA:3    +
    8    15  0   0.0%   0.734 CG:3    +
   21    31  0   0.0%   0.676 AU:3    +
    5    29  0   0.0%   0.609 UA:3    +
   22    31  0   0.0%   0.747 GU:3    +
   31    36  0   0.0%   0.357 UG:3    +
   17    28  0   0.0%   1.198 UA:3    +
    1    38  0   0.0%   0.478 UA:3    +
    1    36  0   0.0%   0.451 UG:3    +
   27    31  0   0.0%   0.547 AU:3    +
   14    18  0   0.0%   0.765 UG:3    +
   17    34  0   0.0%   1.014 UA:3    +
    8    36  0   0.0%   0.880 CG:3    +
   10    31  0   0.0%   0.527 GU:3    +
   11    15  0   0.0%   0.372 CG:3    +
   15    25  0   0.0%   0.758 GC:3    +
   12    31  0   0.0%   0.614 GU:3    +
    2    38  0   0.0%   0.897 UA:3    +
    2    22  0   0.0%   0.577 UG:3    +
    4     9  0   0.0%   0.001 AU:3    +
    5    38  0   0.0%   0.729 UA:3    +
   14    29  0   0.0%   0.718 UA:3    +
    9    37  0   0.0%   0.729 UA:3    +
    1    10  0   0.0%   0.001 UG:3    +
   12    25  0   0.0%   0.414 GC:3    +
    3     9  0   0.0%   0.003 GU:3    +
   17    29  0   0.0%   0.952 UA:3    +
    6    10  0   0.0%   0.001 CG:3    +
    8    12  0   0.0%   0.006 CG:3    +
    2    10  0   0.0%   0.001 UG:3    +
    3    31  0   0.0%   0.483 GU:3    +
    2     7  0   0.0%   0.000 UG:3    +
    5    10  0   0.0%   0.001 UG:3    +
   14    28  0   0.0%   0.962 UA:3    +
    9    38  0   0.0%   0.590 UA:3    +
    9    16  0   0.0%   0.367 UA:3    +
    5    18  0   0.0%   0.401 UG:3    +
   17    36  0   0.0%   1.056 UG:3    +
    1     7  0   0.0%   0.000 UG:3    +
    2    12  0   0.0%   0.000 UG:3    +
   13    26  0   0.0%   1.197 GC:3    +
    1    16  0   0.0%   0.001 UA:3    +
    2    15  0   0.0%   0.000 UG:3    +
   18    31  0   0.0%   0.652 GU:3    +
   17    37  0   0.0%   1.033 UA:3    +
    9    15  0   0.0%   0.366 UG:3    +
    5    36  0   0.0%   0.645 UG:3    +
    6    13  0   0.0%   0.005 CG:3    +
   15    35  0   0.0%   0.721 GC:3    +
    6    22  0   0.0%   0.455 CG:3    +
   15    31  0   0.0%   0.694 GU:3    +
    5    21  0   0.0%   0.516 UA:3    +
    8    18  0   0.0%   0.403 CG:3    +
.(.(((((....))))).)...................
