3 sequence; length of alignment 60
alifold output
    4    21  0  95.9%   0.136 GC:3   
    5    20  0  95.9%   0.122 AU:3   
    3    22  0  95.9%   0.140 CG:3   
    6    19  0  95.5%   0.135 UA:3   
    2    23  0  93.0%   0.215 UA:3   
    9    16  0  91.3%   0.382 CG:3   
    7    18  0  88.1%   0.335 GU:3   
    8    17  0  83.0%   0.519 UG:3   
    1    24  0  69.8%   0.757 UA:3   
   32    51  0  67.1%   1.366 UA:3   
   31    52  0  66.9%   1.305 GC:3   
   33    50  0  66.7%   1.133 AU:3   
   35    48  0  66.3%   1.321 GC:3   
   39    44  0  64.7%   1.705 CG:3   
   38    45  0  61.8%   1.425 UA:3   
   36    47  0  54.4%   1.511 GU:3   
   28    56  0  31.6%   1.905 CG:3    +
   29    55  0  29.8%   1.917 UA:3    +
   27    57  0  26.9%   1.664 AU:3    +
   30    35  0  13.6%   1.093 CG:3    +
   29    36  0  13.6%   1.037 UG:3    +
   28    37  0  13.6%   1.041 CG:3    +
   30    42  0  12.9%   1.324 CG:3    +
   29    43  0  12.9%   1.295 UA:3    +
   31    41  0  12.7%   0.962 GU:3    +
   27    38  0  12.5%   0.967 AU:3    +
   32    40  0  12.4%   0.932 UA:3    +
   28    44  0  11.1%   1.210 CG:3    +
   52    59  0  10.3%   1.312 CG:3    +
   53    58  0   9.7%   0.896 AU:3    +
   51    60  0   8.1%   1.155 AU:3    +
   25    39  0   7.0%   0.811 GC:3    +
   42    48  0   5.9%   1.308 GC:3    +
   34    39  0   5.6%   0.896 GC:3    +
   26    51  0   5.5%   0.751 UA:3    +
   25    52  0   5.5%   0.964 GC:3    +
   41    49  0   5.5%   1.137 UG:3    +
   27    50  0   5.4%   0.859 AU:3    +
   40    50  0   5.1%   1.294 AU:3    +
   43    47  0   4.5%   1.298 AU:3    +
   28    49  0   4.0%   1.096 CG:3    +
    9    17  0   2.7%   0.610 CG:3    +
   18    27  0   2.6%   0.412 UA:3    +
   17    28  0   2.6%   0.544 GC:3    +
   16    29  0   2.5%   0.425 GU:3    +
   19    26  0   2.5%   0.350 AU:3    +
   15    30  0   2.5%   0.362 GC:3    +
   26    46  0   2.4%   0.488 UA:3    +
   20    25  0   2.2%   0.332 UG:3    +
   25    47  0   2.2%   0.676 GU:3    +
   30    44  0   1.6%   1.240 CG:3    +
   29    45  0   1.6%   0.962 UA:3    +
    9    15  0   1.4%   0.205 CG:3    +
   32    42  0   1.3%   0.805 UG:3    +
   33    41  0   1.3%   0.650 AU:3    +
    5    38  0   1.1%   0.203 AU:3    +
    6    37  0   1.1%   0.206 UG:3    +
    4    39  0   1.1%   0.212 GC:3    +
    8    16  0   1.1%   0.156 UG:3    +
    8    35  0   1.1%   0.377 UG:3    +
    9    34  0   1.1%   0.430 CG:3    +
    4    48  0   1.0%   0.254 GC:3    +
    5    47  0   1.0%   0.260 AU:3    +
    3    49  0   0.9%   0.229 CG:3    +
   13    39  0   0.9%   0.282 GC:3    +
   14    38  0   0.9%   0.195 AU:3    +
   12    40  0   0.9%   0.223 UA:3    +
    6    46  0   0.8%   0.273 UA:3    +
   27    54  0   0.8%   0.657 AU:3    +
   26    55  0   0.8%   0.521 UA:3    +
   13    32  0   0.8%   0.154 GU:3    +
   33    38  0   0.8%   0.509 AU:3    +
   28    36  0   0.7%   0.236 CG:3    +
   26    59  0   0.7%   0.573 UG:3    +
   11    41  0   0.7%   0.182 GU:3    +
   29    35  0   0.7%   0.289 UG:3    +
   12    33  0   0.7%   0.135 UA:3    +
   37    47  0   0.7%   0.975 GU:3    +
   30    34  0   0.7%   0.311 CG:3    +
    7    39  0   0.6%   0.259 GC:3    +
   26    40  0   0.6%   0.270 UA:3    +
    6    40  0   0.6%   0.200 UA:3    +
   36    48  0   0.6%   1.149 GC:3    +
   25    41  0   0.6%   0.514 GU:3    +
    3    42  0   0.5%   0.143 CG:3    +
    2    43  0   0.5%   0.168 UA:3    +
   25    58  0   0.5%   0.740 GU:3    +
   38    46  0   0.5%   0.947 UA:3    +
   25    30  0   0.5%   0.311 GC:3    +
    5    41  0   0.5%   0.186 AU:3    +
   27    58  0   0.5%   1.051 AU:3    +
   24    57  0   0.5%   0.375 AU:3    +
   22    30  0   0.5%   0.240 GC:3    +
   42    52  0   0.5%   1.105 GC:3    +
   21    31  0   0.5%   0.145 CG:3    +
   41    53  0   0.4%   0.755 UA:3    +
   24    60  0   0.4%   0.381 AU:3    +
   23    29  0   0.4%   0.263 AU:3    +
   29    53  0   0.4%   0.865 UA:3    +
   40    54  0   0.4%   0.655 AU:3    +
    4    58  0   0.4%   0.229 GU:3    +
    5    57  0   0.4%   0.245 AU:3    +
   25    48  0   0.4%   0.575 GC:3    +
   11    52  0   0.4%   0.151 GC:3    +
   12    51  0   0.4%   0.196 UA:3    +
   46    57  0   0.4%   0.676 AU:3    +
    6    56  0   0.4%   0.258 UG:3    +
    3    59  0   0.4%   0.208 CG:3    +
   45    58  0   0.4%   0.588 AU:3    +
    9    36  0   0.3%   0.394 CG:3    +
   10    21  0   0.3%   0.114 GC:3    +
   11    20  0   0.3%   0.108 GU:3    +
    9    22  0   0.3%   0.361 CG:3    +
    1    44  0   0.3%   0.321 UG:3    +
   47    56  0   0.3%   1.158 UG:3    +
   12    19  0   0.3%   0.105 UA:3    +
    8    37  0   0.3%   0.386 UG:3    +
   13    50  0   0.3%   0.172 GU:3    +
    9    42  0   0.3%   0.449 CG:3    +
    8    43  0   0.3%   0.378 UA:3    +
    8    23  0   0.3%   0.331 UA:3    +
   21    42  0   0.3%   0.185 CG:3    +
   20    43  0   0.3%   0.244 UA:3    +
   15    48  0   0.3%   0.269 GC:3    +
   13    18  0   0.3%   0.167 GU:3    +
   16    47  0   0.3%   0.330 GU:3    +
   48    59  0   0.3%   0.724 CG:3    +
   49    58  0   0.3%   0.515 GU:3    +
    3    10  0   0.3%   0.046 CG:3    +
    4     9  0   0.3%   0.045 GC:3    +
    3    44  0   0.2%   0.153 CG:3    +
   24    41  0   0.2%   0.400 AU:3    +
    2    45  0   0.2%   0.161 UA:3    +
   23    58  0   0.2%   0.179 AU:3    +
    9    37  0   0.2%   0.464 CG:3    +
   21    44  0   0.2%   0.194 CG:3    +
   22    41  0   0.2%   0.207 GU:3    +
   20    45  0   0.2%   0.239 UA:3    +
   34    38  0   0.2%   0.518 GU:3    +
   26    45  0   0.2%   0.218 UA:3    +
   34    48  0   0.2%   0.412 GC:3    +
   25    60  0   0.2%   0.706 GU:3    +
   35    47  0   0.2%   0.577 GU:3    +
   17    47  0   0.2%   0.451 GU:3    +
   16    48  0   0.2%   0.349 GC:3    +
   18    46  0   0.2%   0.331 UA:3    +
   38    51  0   0.2%   1.227 UA:3    +
    7    52  0   0.2%   0.177 GC:3    +
   37    52  0   0.2%   0.894 GC:3    +
    1    46  0   0.2%   0.317 UA:3    +
   28    59  0   0.2%   1.240 CG:3    +
   43    50  0   0.2%   1.118 AU:3    +
    6    53  0   0.2%   0.215 UA:3    +
   10    41  0   0.2%   0.101 GU:3    +
    8    51  0   0.2%   0.362 UA:3    +
    9    49  0   0.2%   0.468 CG:3    +
   10    48  0   0.2%   0.121 GC:3    +
   13    30  0   0.2%   0.057 GC:3    +
    9    44  0   0.2%   0.453 CG:3    +
   11    47  0   0.2%   0.141 GU:3    +
   35    39  0   0.2%   0.862 GC:3    +
   14    29  0   0.2%   0.040 AU:3    +
   34    50  0   0.2%   0.766 GU:3    +
    5    54  0   0.1%   0.200 AU:3    +
   12    46  0   0.1%   0.187 UA:3    +
   15    28  0   0.1%   0.092 GC:3    +
    8    45  0   0.1%   0.368 UA:3    +
    4    41  0   0.1%   0.138 GU:3    +
   48    56  0   0.1%   1.043 CG:3    +
   52    56  0   0.1%   0.965 CG:3    +
   12    31  0   0.1%   0.049 UG:3    +
   27    60  0   0.1%   0.996 AU:3    +
   51    57  0   0.1%   0.932 AU:3    +
    2    11  0   0.1%   0.025 UG:3    +
   41    46  0   0.1%   0.682 UA:3    +
   14    50  0   0.1%   0.103 AU:3    +
   18    33  0   0.1%   0.282 UA:3    +
   19    32  0   0.1%   0.221 AU:3    +
   43    60  0   0.1%   0.554 AU:3    +
    1    25  0   0.1%   0.277 UG:3    +
   30    56  0   0.1%   1.214 CG:3    +
    2    24  0   0.1%   0.350 UA:3    +
    5    26  0   0.1%   0.062 AU:3    +
   40    47  0   0.1%   0.932 AU:3    +
    6    25  0   0.1%   0.074 UG:3    +
    6    45  0   0.1%   0.172 UA:3    +
   26    53  0   0.1%   0.431 UA:3    +
   25    54  0   0.1%   0.643 GU:3    +
   54    59  0   0.1%   0.441 UG:3    +
   24    58  0   0.1%   0.356 AU:3    +
   53    60  0   0.1%   0.581 AU:3    +
    9    13  0   0.1%   0.034 CG:3    +
    8    14  0   0.1%   0.019 UA:3    +
   13    52  0   0.1%   0.183 GC:3    +
   12    53  0   0.1%   0.166 UA:3    +
   30    36  0   0.1%   0.804 CG:3    +
   11    54  0   0.1%   0.123 GU:3    +
   43    57  0   0.1%   0.897 AU:3    +
   42    58  0   0.1%   0.689 GU:3    +
   25    57  0   0.1%   0.673 GU:3    +
   34    41  0   0.1%   0.734 GU:3    +
   18    34  0   0.1%   0.294 UG:3    +
   46    54  0   0.1%   0.300 AU:3    +
   29    56  0   0.0%   1.557 UG:3    +
   47    53  0   0.0%   0.775 UA:3    +
   41    59  0   0.0%   0.743 UG:3    +
   40    60  0   0.0%   0.602 AU:3    +
   29    37  0   0.0%   0.801 UG:3    +
    1    23  0   0.0%   0.009 UA:3    +
   38    44  0   0.0%   0.788 UG:3    +
   36    41  0   0.0%   0.806 GU:3    +
   44    48  0   0.0%   1.257 GC:3    +
    3    13  0   0.0%   0.023 CG:3    +
   44    52  0   0.0%   1.174 GC:3    +
    3    56  0   0.0%   0.151 CG:3    +
   26    56  0   0.0%   0.472 UG:3    +
    2    14  0   0.0%   0.015 UA:3    +
   11    32  0   0.0%   0.035 GU:3    +
    8    44  0   0.0%   0.358 UG:3    +
    1    51  0   0.0%   0.302 UA:3    +
    2    51  0   0.0%   0.139 UA:3    +
    2    44  0   0.0%   0.139 UG:3    +
   23    41  0   0.0%   0.211 AU:3    +
    9    35  0   0.0%   0.387 CG:3    +
   39    56  0   0.0%   1.173 CG:3    +
    1    45  0   0.0%   0.288 UA:3    +
   55    60  0   0.0%   0.676 AU:3    +
   51    58  0   0.0%   0.628 AU:3    +
   35    41  0   0.0%   0.838 GU:3    +
   45    50  0   0.0%   1.061 AU:3    +
   30    59  0   0.0%   0.880 CG:3    +
   50    59  0   0.0%   0.732 UG:3    +
   44    50  0   0.0%   1.298 GU:3    +
   46    58  0   0.0%   0.350 AU:3    +
    4    30  0   0.0%   0.063 GC:3    +
   18    25  0   0.0%   0.147 UG:3    +
   24    54  0   0.0%   0.297 AU:3    +
    5    29  0   0.0%   0.053 AU:3    +
   21    25  0   0.0%   0.166 CG:3    +
   39    59  0   0.0%   0.842 CG:3    +
   31    48  0   0.0%   0.409 GC:3    +
   31    54  0   0.0%   0.637 GU:3    +
    4    28  0   0.0%   0.061 GC:3    +
    4    12  0   0.0%   0.019 GU:3    +
   40    58  0   0.0%   0.646 AU:3    +
    8    36  0   0.0%   0.282 UG:3    +
   39    49  0   0.0%   0.951 CG:3    +
   28    35  0   0.0%   0.162 CG:3    +
   24    47  0   0.0%   0.361 AU:3    +
   32    53  0   0.0%   0.686 UA:3    +
   27    47  0   0.0%   0.525 AU:3    +
   49    54  0   0.0%   0.441 GU:3    +
   32    46  0   0.0%   0.533 UA:3    +
   31    58  0   0.0%   0.668 GU:3    +
   31    47  0   0.0%   0.469 GU:3    +
   42    50  0   0.0%   1.174 GU:3    +
   29    34  0   0.0%   0.189 UG:3    +
   32    45  0   0.0%   0.494 UA:3    +
   20    33  0   0.0%   0.192 UA:3    +
   22    48  0   0.0%   0.186 GC:3    +
    9    56  0   0.0%   0.431 CG:3    +
   18    51  0   0.0%   0.287 UA:3    +
   17    52  0   0.0%   0.398 GC:3    +
   13    21  0   0.0%   0.086 GC:3    +
    5    12  0   0.0%   0.004 AU:3    +
    6    11  0   0.0%   0.011 UG:3    +
   14    20  0   0.0%   0.071 AU:3    +
   23    47  0   0.0%   0.198 AU:3    +
   38    43  0   0.0%   0.733 UA:3    +
   19    50  0   0.0%   0.195 AU:3    +
   21    49  0   0.0%   0.173 CG:3    +
   31    39  0   0.0%   0.348 GC:3    +
   41    51  0   0.0%   1.111 UA:3    +
   30    49  0   0.0%   0.983 CG:3    +
   14    32  0   0.0%   0.062 AU:3    +
   24    50  0   0.0%   0.306 AU:3    +
   12    34  0   0.0%   0.118 UG:3    +
   29    46  0   0.0%   0.934 UA:3    +
   46    60  0   0.0%   0.284 AU:3    +
   18    45  0   0.0%   0.271 UA:3    +
   28    34  0   0.0%   0.162 CG:3    +
   42    54  0   0.0%   0.668 GU:3    +
   37    48  0   0.0%   0.818 GC:3    +
   20    31  0   0.0%   0.157 UG:3    +
   30    37  0   0.0%   0.825 CG:3    +
    6    59  0   0.0%   0.237 UG:3    +
   32    55  0   0.0%   1.040 UA:3    +
   26    42  0   0.0%   0.199 UG:3    +
   36    52  0   0.0%   1.166 GC:3    +
   33    54  0   0.0%   0.474 AU:3    +
    6    16  0   0.0%   0.003 UG:3    +
   41    55  0   0.0%   1.063 UA:3    +
   45    54  0   0.0%   0.517 AU:3    +
   29    33  0   0.0%   0.175 UA:3    +
   53    57  0   0.0%   0.517 AU:3    +
    5    60  0   0.0%   0.204 AU:3    +
   32    44  0   0.0%   0.741 UG:3    +
   34    57  0   0.0%   0.696 GU:3    +
   33    58  0   0.0%   0.504 AU:3    +
    2    42  0   0.0%   0.087 UG:3    +
    1    43  0   0.0%   0.264 UA:3    +
    1    27  0   0.0%   0.264 UA:3    +
   11    39  0   0.0%   0.115 GC:3    +
   50    55  0   0.0%   1.039 UA:3    +
   32    43  0   0.0%   0.693 UA:3    +
    7    54  0   0.0%   0.166 GU:3    +
    2    40  0   0.0%   0.086 UA:3    +
   41    56  0   0.0%   1.065 UG:3    +
    8    53  0   0.0%   0.350 UA:3    +
    8    55  0   0.0%   0.340 UA:3    +
   35    54  0   0.0%   0.724 GU:3    +
    8    15  0   0.0%   0.007 UG:3    +
   17    48  0   0.0%   0.442 GC:3    +
   32    59  0   0.0%   0.709 UG:3    +
   40    57  0   0.0%   0.952 AU:3    +
   23    54  0   0.0%   0.131 AU:3    +
    6    55  0   0.0%   0.195 UA:3    +
    7    58  0   0.0%   0.179 GU:3    +
   24    29  0   0.0%   0.388 AU:3    +
    7    28  0   0.0%   0.115 GC:3    +
   47    59  0   0.0%   0.793 UG:3    +
   19    41  0   0.0%   0.246 AU:3    +
   46    50  0   0.0%   0.833 AU:3    +
   20    40  0   0.0%   0.223 UA:3    +
   18    42  0   0.0%   0.284 UG:3    +
   18    24  0   0.0%   0.387 UA:3    +
    6    27  0   0.0%   0.055 UA:3    +
   15    50  0   0.0%   0.209 GU:3    +
   50    56  0   0.0%   1.068 UG:3    +
    7    26  0   0.0%   0.119 GU:3    +
   22    39  0   0.0%   0.212 GC:3    +
   43    54  0   0.0%   0.568 AU:3    +
   35    50  0   0.0%   1.124 GU:3    +
   25    29  0   0.0%   0.232 GU:3    +
   16    30  0   0.0%   0.333 GC:3    +
   32    37  0   0.0%   0.409 UG:3    +
   12    22  0   0.0%   0.083 UG:3    +
   12    17  0   0.0%   0.255 UG:3    +
   49    60  0   0.0%   0.419 GU:3    +
   45    57  0   0.0%   0.837 AU:3    +
    3    31  0   0.0%   0.059 CG:3    +
   17    41  0   0.0%   0.427 GU:3    +
   17    26  0   0.0%   0.260 GU:3    +
   18    40  0   0.0%   0.310 UA:3    +
   23    60  0   0.0%   0.130 AU:3    +
   56    60  0   0.0%   0.712 GU:3    +
   44    58  0   0.0%   0.769 GU:3    +
   26    43  0   0.0%   0.196 UA:3    +
   36    54  0   0.0%   0.765 GU:3    +
    8    27  0   0.0%   0.229 UA:3    +
   10    52  0   0.0%   0.067 GC:3    +
   25    50  0   0.0%   0.478 GU:3    +
   20    24  0   0.0%   0.320 UA:3    +
    1    53  0   0.0%   0.298 UA:3    +
   43    58  0   0.0%   0.585 AU:3    +
   34    52  0   0.0%   0.756 GC:3    +
   23    38  0   0.0%   0.204 AU:3    +
   38    53  0   0.0%   0.790 UA:3    +
   16    26  0   0.0%   0.142 GU:3    +
   27    41  0   0.0%   0.496 AU:3    +
   13    48  0   0.0%   0.171 GC:3    +
   37    41  0   0.0%   0.826 GU:3    +
   14    47  0   0.0%   0.116 AU:3    +
    1    15  0   0.0%   0.001 UG:3    +
   44    60  0   0.0%   0.724 GU:3    +
   44    57  0   0.0%   1.077 GU:3    +
    1    59  0   0.0%   0.299 UG:3    +
   25    38  0   0.0%   0.223 GU:3    +
   29    44  0   0.0%   1.012 UG:3    +
   37    54  0   0.0%   0.472 GU:3    +
   12    35  0   0.0%   0.119 UG:3    +
    1    56  0   0.0%   0.298 UG:3    +
   18    35  0   0.0%   0.288 UG:3    +
   12    49  0   0.0%   0.171 UG:3    +
   49    57  0   0.0%   0.777 GU:3    +
    3    11  0   0.0%   0.024 CG:3    +
   41    45  0   0.0%   0.891 UA:3    +
    1    42  0   0.0%   0.263 UG:3    +
    9    59  0   0.0%   0.428 CG:3    +
   35    52  0   0.0%   1.124 GC:3    +
   26    44  0   0.0%   0.197 UG:3    +
    2    55  0   0.0%   0.133 UA:3    +
   10    58  0   0.0%   0.079 GU:3    +
   26    49  0   0.0%   0.291 UG:3    +
    6    49  0   0.0%   0.225 UG:3    +
    7    48  0   0.0%   0.190 GC:3    +
    9    25  0   0.0%   0.296 CG:3    +
    5    50  0   0.0%   0.171 AU:3    +
   20    35  0   0.0%   0.200 UG:3    +
   21    34  0   0.0%   0.142 CG:3    +
   10    54  0   0.0%   0.067 GU:3    +
    2    22  0   0.0%   0.011 UG:3    +
   38    55  0   0.0%   1.144 UA:3    +
    1    13  0   0.0%   0.001 UG:3    +
   23    50  0   0.0%   0.143 AU:3    +
    6    24  0   0.0%   0.305 UA:3    +
   47    55  0   0.0%   1.099 UA:3    +
   34    54  0   0.0%   0.355 GU:3    +
    1    14  0   0.0%   0.001 UA:3    +
   20    37  0   0.0%   0.232 UG:3    +
   21    36  0   0.0%   0.109 CG:3    +
   19    38  0   0.0%   0.257 AU:3    +
   47    51  0   0.0%   1.168 UA:3    +
   33    47  0   0.0%   0.307 AU:3    +
    7    38  0   0.0%   0.164 GU:3    +
   38    56  0   0.0%   1.144 UG:3    +
    6    17  0   0.0%   0.002 UG:3    +
   36    57  0   0.0%   1.104 GU:3    +
   11    38  0   0.0%   0.083 GU:3    +
    2    56  0   0.0%   0.133 UG:3    +
   38    42  0   0.0%   0.788 UG:3    +
   33    57  0   0.0%   0.812 AU:3    +
    2    25  0   0.0%   0.093 UG:3    +
   12    16  0   0.0%   0.136 UG:3    +
   10    39  0   0.0%   0.118 GC:3    +
   10    18  0   0.0%   0.127 GU:3    +
   45    60  0   0.0%   0.504 AU:3    +
    1    55  0   0.0%   0.298 UA:3    +
   35    58  0   0.0%   0.753 GU:3    +
    2    13  0   0.0%   0.009 UG:3    +
   18    23  0   0.0%   0.215 UA:3    +
   11    57  0   0.0%   0.124 GU:3    +
   16    28  0   0.0%   0.146 GC:3    +
   20    49  0   0.0%   0.232 UG:3    +
    2    53  0   0.0%   0.133 UA:3    +
   42    47  0   0.0%   0.939 GU:3    +
   20    44  0   0.0%   0.214 UG:3    +
   14    57  0   0.0%   0.091 AU:3    +
   13    58  0   0.0%   0.162 GU:3    +
   18    36  0   0.0%   0.257 UG:3    +
    5    58  0   0.0%   0.224 AU:3    +
   12    37  0   0.0%   0.151 UG:3    +
   26    33  0   0.0%   0.144 UA:3    +
   16    21  0   0.0%   0.194 GC:3    +
   42    60  0   0.0%   0.632 GU:3    +
    8    24  0   0.0%   0.486 UA:3    +
   29    59  0   0.0%   1.228 UG:3    +
   26    37  0   0.0%   0.185 UG:3    +
    6    10  0   0.0%   0.016 UG:3    +
   27    32  0   0.0%   0.145 AU:3    +
   16    38  0   0.0%   0.321 GU:3    +
   38    49  0   0.0%   0.914 UG:3    +
   15    39  0   0.0%   0.289 GC:3    +
   15    21  0   0.0%   0.123 GC:3    +
   31    38  0   0.0%   0.387 GU:3    +
    8    13  0   0.0%   0.003 UG:3    +
   33    60  0   0.0%   0.454 AU:3    +
   11    48  0   0.0%   0.132 GC:3    +
   12    36  0   0.0%   0.088 UG:3    +
   17    39  0   0.0%   0.471 GC:3    +
    4    52  0   0.0%   0.165 GC:3    +
   22    29  0   0.0%   0.165 GU:3    +
   32    36  0   0.0%   0.384 UG:3    +
   34    47  0   0.0%   0.437 GU:3    +
   14    18  0   0.0%   0.135 AU:3    +
   37    57  0   0.0%   0.811 GU:3    +
   31    60  0   0.0%   0.618 GU:3    +
   15    29  0   0.0%   0.083 GU:3    +
    5    18  0   0.0%   0.001 AU:3    +
    2    59  0   0.0%   0.133 UG:3    +
   36    58  0   0.0%   0.794 GU:3    +
    8    56  0   0.0%   0.362 UG:3    +
   12    55  0   0.0%   0.146 UA:3    +
    7    57  0   0.0%   0.177 GU:3    +
   19    47  0   0.0%   0.247 AU:3    +
   23    57  0   0.0%   0.136 AU:3    +
    1    40  0   0.0%   0.263 UA:3    +
   44    54  0   0.0%   0.756 GU:3    +
    7    41  0   0.0%   0.179 GU:3    +
   24    38  0   0.0%   0.353 AU:3    +
   12    56  0   0.0%   0.169 UG:3    +
    2    27  0   0.0%   0.085 UA:3    +
    2    33  0   0.0%   0.085 UA:3    +
   31    57  0   0.0%   0.975 GU:3    +
    4    54  0   0.0%   0.165 GU:3    +
    1    11  0   0.0%   0.000 UG:3    +
    8    19  0   0.0%   0.255 UA:3    +
   13    54  0   0.0%   0.155 GU:3    +
   16    39  0   0.0%   0.353 GC:3    +
    1    49  0   0.0%   0.295 UG:3    +
    8    40  0   0.0%   0.330 UA:3    +
   11    50  0   0.0%   0.077 GU:3    +
   28    42  0   0.0%   0.479 CG:3    +
   20    46  0   0.0%   0.250 UA:3    +
   32    56  0   0.0%   1.039 UG:3    +
    4    57  0   0.0%   0.165 GU:3    +
   15    54  0   0.0%   0.196 GU:3    +
   12    59  0   0.0%   0.166 UG:3    +
   10    38  0   0.0%   0.086 GU:3    +
   20    34  0   0.0%   0.202 UG:3    +
   18    44  0   0.0%   0.285 UG:3    +
   42    57  0   0.0%   0.984 GU:3    +
   22    28  0   0.0%   0.166 GC:3    +
   21    35  0   0.0%   0.139 CG:3    +
    3    25  0   0.0%   0.066 CG:3    +
   11    18  0   0.0%   0.121 GU:3    +
   26    36  0   0.0%   0.122 UG:3    +
   16    20  0   0.0%   0.195 GU:3    +
   16    41  0   0.0%   0.308 GU:3    +
   20    36  0   0.0%   0.169 UG:3    +
   34    60  0   0.0%   0.336 GU:3    +
   12    45  0   0.0%   0.141 UA:3    +
   29    49  0   0.0%   0.953 UG:3    +
   10    32  0   0.0%   0.035 GU:3    +
    4    26  0   0.0%   0.057 GU:3    +
    1    34  0   0.0%   0.263 UG:3    +
    3    15  0   0.0%   0.018 CG:3    +
    6    14  0   0.0%   0.004 UA:3    +
    6    42  0   0.0%   0.165 UG:3    +
    2    46  0   0.0%   0.141 UA:3    +
    7    30  0   0.0%   0.114 GC:3    +
   14    54  0   0.0%   0.084 AU:3    +
   10    57  0   0.0%   0.078 GU:3    +
   15    41  0   0.0%   0.244 GU:3    +
   17    38  0   0.0%   0.438 GU:3    +
   37    50  0   0.0%   0.861 GU:3    +
    2    49  0   0.0%   0.130 UG:3    +
   16    54  0   0.0%   0.270 GU:3    +
    4    60  0   0.0%   0.186 GU:3    +
    3     7  0   0.0%   0.000 CG:3    +
    1     7  0   0.0%   0.000 UG:3    +
   15    32  0   0.0%   0.206 GU:3    +
   18    43  0   0.0%   0.282 UA:3    +
   25    32  0   0.0%   0.179 GU:3    +
    7    50  0   0.0%   0.145 GU:3    +
   11    28  0   0.0%   0.031 GC:3    +
   12    27  0   0.0%   0.024 UA:3    +
   13    41  0   0.0%   0.196 GU:3    +
   24    32  0   0.0%   0.309 AU:3    +
   15    38  0   0.0%   0.257 GU:3    +
   26    35  0   0.0%   0.153 UG:3    +
   35    57  0   0.0%   1.062 GU:3    +
    1    33  0   0.0%   0.263 UA:3    +
    2    16  0   0.0%   0.011 UG:3    +
   29    40  0   0.0%   0.546 UA:3    +
   13    26  0   0.0%   0.032 GU:3    +
   26    31  0   0.0%   0.135 UG:3    +
   29    51  0   0.0%   0.967 UA:3    +
    6    51  0   0.0%   0.187 UA:3    +
   22    58  0   0.0%   0.122 GU:3    +
   18    37  0   0.0%   0.319 UG:3    +
   21    37  0   0.0%   0.171 CG:3    +
(((((((((......)))))))))......(((.((.((....)).)).)))........
