3 sequence; length of alignment 28
alifold output
    6    22  0  35.6%   1.745 UA:3    +
    2    26  0  35.6%   1.972 GC:3    +
    3    25  0  35.5%   2.218 GU:3    +
    5    23  0  35.4%   1.493 UG:3    +
    7    21  0  35.4%   1.389 GC:3    +
    1    27  0  17.8%   1.665 UG:3    +
    8    15  0  15.6%   1.179 CG:3    +
    3    12  0  15.0%   1.121 GC:3   
    2    13  0  14.8%   1.119 GU:3   
    9    14  0  13.7%   1.342 UA:3    +
    2    21  0  12.4%   1.387 GC:3    +
    1    14  0  12.4%   1.006 UA:3   
    3     8  0  11.8%   0.770 GC:3    +
    2     9  0  11.6%   0.765 GU:3    +
    3    20  0  11.3%   1.646 GU:3    +
   10    19  0  11.2%   1.632 AU:3    +
    1    22  0  10.1%   1.204 UA:3    +
    1    10  0   9.7%   0.679 UA:3    +
    4    19  0   9.5%   1.127 GU:3    +
    4    12  0   9.1%   0.953 GC:3    +
    5    11  0   8.9%   0.656 UA:3    +
   11    18  0   8.4%   1.143 AU:3    +
    3    13  0   8.4%   1.453 GU:3    +
   15    21  0   7.2%   1.554 GC:3    +
    6    10  0   6.1%   0.751 UA:3    +
   10    18  0   5.8%   1.034 AU:3    +
   16    20  0   5.5%   1.034 AU:3    +
   12    24  0   5.4%   1.142 CG:3    +
   11    25  0   4.8%   1.335 AU:3    +
    5    17  0   4.8%   0.680 UA:3    +
    6    16  0   4.8%   0.650 UA:3    +
   13    23  0   4.7%   1.584 UG:3    +
    4    18  0   3.9%   0.612 GU:3    +
   15    26  0   3.8%   1.303 GC:3    +
   16    25  0   3.6%   1.250 AU:3    +
   12    23  0   3.6%   1.282 CG:3    +
   13    22  0   3.5%   1.467 UA:3    +
    3    19  0   2.7%   1.051 GU:3    +
    6    17  0   1.7%   0.695 UA:3    +
    8    27  0   1.3%   1.094 CG:3    +
    2    20  0   1.2%   0.717 GU:3    +
    7    28  0   1.1%   0.573 GU:3    +
   11    19  0   0.9%   1.127 AU:3    +
   10    20  0   0.8%   1.249 AU:3    +
    8    24  0   0.7%   0.684 CG:3    +
    9    23  0   0.6%   1.048 UG:3    +
    7    25  0   0.6%   0.838 GU:3    +
    9    17  0   0.4%   0.819 UA:3    +
   18    24  0   0.3%   0.772 UG:3    +
    1    15  0   0.3%   0.533 UG:3    +
    3    21  0   0.3%   1.404 GC:3    +
   17    25  0   0.2%   0.967 AU:3    +
    2     8  0   0.2%   0.043 GC:3    +
    7    26  0   0.2%   0.833 GC:3    +
    6    15  0   0.2%   0.243 UG:3    +
    4    20  0   0.2%   0.921 GU:3    +
    5    16  0   0.2%   0.273 UA:3    +
   11    20  0   0.2%   0.863 AU:3    +
   19    23  0   0.2%   1.339 UG:3    +
    5    10  0   0.2%   0.258 UA:3    +
    3    26  0   0.1%   1.878 GC:3    +
    4     8  0   0.1%   0.293 GC:3    +
   14    20  0   0.1%   0.935 AU:3    +
   15    20  0   0.1%   0.732 GU:3    +
    3     9  0   0.1%   0.528 GU:3    +
    8    23  0   0.1%   0.965 CG:3    +
   18    23  0   0.1%   1.208 UG:3    +
    9    22  0   0.1%   1.187 UA:3    +
   21    27  0   0.1%   1.252 CG:3    +
    6    27  0   0.1%   1.116 UG:3    +
   13    17  0   0.1%   0.756 UA:3    +
   12    27  0   0.1%   1.193 CG:3    +
   10    25  0   0.1%   1.283 AU:3    +
    9    27  0   0.1%   1.000 UG:3    +
    9    16  0   0.1%   0.719 UA:3    +
    4    26  0   0.1%   0.998 GC:3    +
   11    28  0   0.1%   0.705 AU:3    +
    2    12  0   0.1%   0.283 GC:3    +
    6    11  0   0.1%   0.405 UA:3    +
    4    25  0   0.1%   0.980 GU:3    +
   15    19  0   0.1%   0.956 GU:3    +
    1    16  0   0.1%   0.518 UA:3    +
    6    14  0   0.1%   0.451 UA:3    +
    7    12  0   0.1%   0.521 GC:3    +
    7    13  0   0.1%   0.509 GU:3    +
    5    15  0   0.0%   0.252 UG:3    +
    6    23  0   0.0%   1.158 UG:3    +
    5    24  0   0.0%   0.766 UG:3    +
   18    27  0   0.0%   0.935 UG:3    +
   14    19  0   0.0%   1.160 AU:3    +
    9    15  0   0.0%   0.864 UG:3    +
   17    28  0   0.0%   0.330 AU:3    +
    2    28  0   0.0%   1.244 GU:3    +
    5    27  0   0.0%   1.073 UG:3    +
   14    28  0   0.0%   0.619 AU:3    +
   14    18  0   0.0%   1.047 AU:3    +
    4    21  0   0.0%   0.874 GC:3    +
   23    28  0   0.0%   0.769 GU:3    +
    1    23  0   0.0%   0.746 UG:3    +
   18    22  0   0.0%   1.238 UA:3    +
   22    28  0   0.0%   0.798 AU:3    +
    1    11  0   0.0%   0.231 UA:3    +
    3    18  0   0.0%   0.758 GU:3    +
   14    25  0   0.0%   1.112 AU:3    +
   19    24  0   0.0%   0.852 UG:3    +
    1    17  0   0.0%   0.511 UA:3    +
    5    14  0   0.0%   0.487 UA:3    +
    2    19  0   0.0%   0.557 GU:3    +
   20    27  0   0.0%   0.939 UG:3    +
    4     9  0   0.0%   0.270 GU:3    +
   13    24  0   0.0%   0.964 UG:3    +
    7    20  0   0.0%   0.325 GU:3    +
   13    27  0   0.0%   1.157 UG:3    +
    1    24  0   0.0%   0.744 UG:3    +
    4    28  0   0.0%   0.612 GU:3    +
    7    18  0   0.0%   0.139 GU:3    +
    4    13  0   0.0%   0.720 GU:3    +
    3    28  0   0.0%   1.496 GU:3    +
   20    24  0   0.0%   0.763 UG:3    +
    9    24  0   0.0%   0.643 UG:3    +
    2    18  0   0.0%   0.555 GU:3    +
    6    24  0   0.0%   0.786 UG:3    +
    7    19  0   0.0%   0.334 GU:3    +
   24    28  0   0.0%   0.288 GU:3    +
   15    25  0   0.0%   1.088 GU:3    +
   19    27  0   0.0%   1.027 UG:3    +
   10    28  0   0.0%   0.919 AU:3    +
    1     7  0   0.0%   0.001 UG:3    +
    2     6  0   0.0%   0.001 GU:3    +
    2    25  0   0.0%   0.869 GU:3    +
   16    28  0   0.0%   0.514 AU:3    +
   15    28  0   0.0%   0.718 GU:3    +
    5    22  0   0.0%   0.620 UA:3    +
(((........)))..............
