3 sequence; length of alignment 35
alifold output
    9    33  0 100.0%   0.001 CG:3   
   11    31  0  99.9%   0.005 GC:3   
   10    32  0  99.8%   0.006 UG:3   
    8    34  0  99.6%   0.011 GC:3   
   16    27  0  99.6%   0.014 GC:3   
   15    28  0  99.6%   0.013 AU:3   
   18    25  0  98.5%   0.087 GC:3   
   14    29  0  97.9%   0.140 CG:3   
   19    24  0  86.3%   0.382 UA:3   
   12    30  0  50.6%   1.035 UG:3   
   13    30  0  48.6%   1.473 UG:3    +
   13    29  0   1.9%   0.227 UG:3    +
   17    25  0   0.7%   0.104 GC:3    +
    6    35  0   0.6%   0.103 AU:3    +
   19    26  0   0.3%   0.186 UG:3    +
   20    25  0   0.3%   0.107 GC:3    +
   18    27  0   0.3%   0.085 GC:3    +
   17    28  0   0.3%   0.093 GU:3    +
   18    23  0   0.1%   0.026 GC:3    +
    5    35  0   0.0%   0.012 AU:3    +
    2     7  0   0.0%   0.011 AU:3    +
   17    27  0   0.0%   0.043 GC:3    +
   16    28  0   0.0%   0.013 GU:3    +
    1     7  0   0.0%   0.003 GU:3    +
    2    35  0   0.0%   0.006 AU:3    +
   16    25  0   0.0%   0.002 GC:3    +
   21    26  0   0.0%   0.022 CG:3    +
   20    27  0   0.0%   0.045 GC:3    +
   17    23  0   0.0%   0.002 GC:3    +
    8    35  0   0.0%   0.043 GU:3    +
   20    31  0   0.0%   0.022 GC:3    +
   21    30  0   0.0%   0.698 CG:3    +
   19    32  0   0.0%   0.150 UG:3    +
   17    34  0   0.0%   0.058 GC:3    +
    8    31  0   0.0%   0.001 GC:3    +
    9    30  0   0.0%   0.001 CG:3    +
   16    35  0   0.0%   0.045 GU:3    +
    1    35  0   0.0%   0.002 GU:3    +
   18    22  0   0.0%   0.001 GU:3    +
   22    29  0   0.0%   0.098 UG:3    +
   14    30  0   0.0%   0.718 CG:3    +
    4    11  0   0.0%   0.001 CG:3    +
    1    14  0   0.0%   0.001 GC:3    +
    2    13  0   0.0%   0.004 AU:3    +
   11    34  0   0.0%   0.006 GC:3    +
    5    10  0   0.0%   0.000 AU:3    +
   12    33  0   0.0%   0.346 UG:3    +
    3    33  0   0.0%   0.001 CG:3    +
    4    32  0   0.0%   0.001 CG:3    +
    3     8  0   0.0%   0.000 CG:3    +
    7    32  0   0.0%   0.005 UG:3    +
    1    34  0   0.0%   0.001 GC:3    +
   23    29  0   0.0%   0.107 CG:3    +
   10    29  0   0.0%   0.000 UG:3    +
   12    29  0   0.0%   0.000 UG:3    +
   24    28  0   0.0%   0.150 AU:3    +
   14    26  0   0.0%   0.000 CG:3    +
   13    32  0   0.0%   0.429 UG:3    +
    4    29  0   0.0%   0.000 CG:3    +
    3    30  0   0.0%   0.000 CG:3    +
    9    32  0   0.0%   0.001 CG:3    +
    5    28  0   0.0%   0.000 AU:3    +
   16    21  0   0.0%   0.000 GC:3    +
    8    27  0   0.0%   0.000 GC:3    +
    9    26  0   0.0%   0.000 CG:3    +
   15    22  0   0.0%   0.000 AU:3    +
   11    23  0   0.0%   0.000 GC:3    +
   10    24  0   0.0%   0.000 UA:3    +
   14    20  0   0.0%   0.000 CG:3    +
   17    22  0   0.0%   0.000 GU:3    +
   18    28  0   0.0%   0.065 GU:3    +
    1    31  0   0.0%   0.001 GC:3    +
    3    18  0   0.0%   0.000 CG:3    +
    4    17  0   0.0%   0.000 CG:3    +
    2    19  0   0.0%   0.003 AU:3    +
    4     8  0   0.0%   0.000 CG:3    +
   16    23  0   0.0%   0.000 GC:3    +
   15    19  0   0.0%   0.000 AU:3    +
    3    11  0   0.0%   0.000 CG:3    +
    2    12  0   0.0%   0.003 AU:3    +
    8    14  0   0.0%   0.000 GC:3    +
    7    15  0   0.0%   0.004 UA:3    +
   17    21  0   0.0%   0.000 GC:3    +
   20    34  0   0.0%   0.024 GC:3    +
   21    33  0   0.0%   0.002 CG:3    +
   10    33  0   0.0%   0.002 UG:3    +
.......(((((.(((.((....)).)))))))).
