3 sequence; length of alignment 57
alifold output
    7    15  0  93.6%   0.186 CG:3   
    8    14  0  93.4%   0.192 GC:3   
   36    43  0  93.0%   0.340 GC:3   
   35    44  0  93.0%   0.410 GC:3   
   37    42  0  92.9%   0.352 CG:3   
    6    16  0  92.9%   0.207 AU:3   
   34    45  0  88.5%   0.457 UA:3   
    5    17  0  52.1%   1.020 UA:3    +
    4    19  0  50.9%   1.314 GC:3   
    3    20  0  50.8%   1.515 GC:3   
   30    48  0  50.6%   1.371 CG:3   
   29    49  0  49.5%   1.302 AU:3   
   28    50  0  43.6%   1.382 AU:3   
   32    46  0  32.5%   1.520 GC:3   
    5    18  0  25.6%   1.387 UG:3   
   32    47  0  25.5%   1.860 GC:3    +
    4    22  0  24.3%   1.490 GC:3    +
    3    23  0  24.3%   1.697 GC:3    +
    2    24  0  19.7%   0.963 AU:3    +
   27    56  0  18.6%   1.522 GC:3    +
   28    55  0  18.1%   1.671 AU:3    +
    1    26  0  16.2%   1.489 GC:3    +
    5    21  0  16.1%   1.572 UA:3    +
   30    51  0  15.2%   1.670 CG:3    +
    3    19  0  14.7%   0.847 GC:3    +
   33    48  0  14.7%   1.728 CG:3    +
   32    49  0  14.0%   2.430 GU:3    +
   29    52  0  13.0%   1.287 AU:3    +
   29    54  0  12.4%   1.630 AU:3    +
    2    25  0  12.1%   1.337 AU:3    +
    1    25  0  11.7%   1.108 GU:3    +
   33    51  0   9.9%   1.728 CG:3    +
   32    52  0   9.9%   2.350 GU:3    +
   31    53  0   9.5%   1.232 UA:3    +
    1    20  0   7.9%   0.604 GC:3    +
   31    48  0   7.7%   1.271 UG:3    +
   26    51  0   6.7%   1.002 CG:3    +
    1    56  0   5.5%   1.384 GC:3    +
    2    55  0   5.3%   1.052 AU:3    +
   27    50  0   4.8%   0.644 GU:3    +
    3    24  0   4.4%   1.702 GU:3    +
    4    23  0   4.3%   1.478 GC:3    +
    8    47  0   4.0%   0.504 GC:3    +
    9    46  0   4.0%   0.440 GC:3    +
    7    48  0   4.0%   0.452 CG:3    +
    6    49  0   3.8%   0.442 AU:3    +
   19    36  0   3.6%   1.033 CG:3    +
   20    35  0   3.6%   0.970 CG:3    +
   18    37  0   3.6%   0.771 GC:3    +
    3    54  0   3.5%   1.469 GU:3    +
   21    34  0   3.5%   0.651 AU:3    +
   23    32  0   3.3%   0.931 CG:3    +
   28    49  0   3.3%   0.482 AU:3    +
   25    53  0   3.3%   0.944 UA:3    +
    1    22  0   3.2%   0.535 GC:3    +
   32    39  0   3.1%   0.525 GC:3    +
   31    40  0   3.1%   0.390 UA:3    +
   33    38  0   3.1%   0.411 CG:3    +
   30    41  0   3.1%   0.477 CG:3    +
   14    41  0   2.4%   0.341 CG:3    +
   27    44  0   2.0%   0.299 GC:3    +
   51    56  0   1.4%   1.537 GC:3    +
   16    32  0   1.2%   0.234 UG:3    +
   17    31  0   1.2%   0.507 AU:3    +
   15    33  0   1.2%   0.231 GC:3    +
   18    30  0   1.2%   0.517 GC:3    +
   12    53  0   1.1%   0.167 UA:3    +
   13    52  0   1.1%   0.171 AU:3    +
   11    54  0   1.1%   0.279 AU:3    +
   10    55  0   1.1%   0.313 AU:3    +
   14    51  0   1.1%   0.342 CG:3    +
    9    56  0   1.1%   0.493 GC:3    +
    9    19  0   0.9%   0.759 GC:3    +
    8    20  0   0.9%   0.741 GC:3    +
    1    23  0   0.8%   0.432 GC:3    +
   26    48  0   0.5%   0.536 CG:3    +
   27    47  0   0.5%   0.356 GC:3    +
   24    53  0   0.5%   0.610 UA:3    +
   15    39  0   0.5%   0.199 GC:3    +
   28    54  0   0.5%   0.749 AU:3    +
   50    57  0   0.4%   0.657 UA:3    +
   27    52  0   0.4%   0.476 GU:3    +
   23    51  0   0.4%   0.818 CG:3    +
   16    38  0   0.4%   0.195 UG:3    +
   22    51  0   0.4%   0.630 CG:3    +
   20    27  0   0.4%   0.663 CG:3    +
   27    55  0   0.4%   0.631 GU:3    +
   21    52  0   0.4%   0.558 AU:3    +
   29    50  0   0.3%   0.954 AU:3    +
   15    50  0   0.2%   0.218 GU:3    +
   22    27  0   0.2%   0.530 CG:3    +
   27    54  0   0.2%   0.559 GU:3    +
    5    53  0   0.2%   1.036 UA:3    +
    6    52  0   0.2%   0.243 AU:3    +
   14    42  0   0.2%   0.196 CG:3    +
   37    48  0   0.2%   1.223 CG:3    +
   36    49  0   0.2%   1.105 GU:3    +
   38    47  0   0.2%   0.684 GC:3    +
    7    51  0   0.2%   0.237 CG:3    +
    5    51  0   0.2%   1.017 UG:3    +
    4    54  0   0.1%   0.986 GU:3    +
   22    48  0   0.1%   0.642 CG:3    +
   21    49  0   0.1%   0.573 AU:3    +
   16    40  0   0.1%   0.174 UA:3    +
   35    50  0   0.1%   0.785 GU:3    +
    8    50  0   0.1%   0.273 GU:3    +
   46    51  0   0.1%   1.358 CG:3    +
    6    50  0   0.1%   0.216 AU:3    +
   23    27  0   0.1%   0.584 CG:3    +
   19    42  0   0.1%   0.825 CG:3    +
   18    43  0   0.1%   0.553 GC:3    +
   45    52  0   0.1%   0.755 AU:3    +
   20    41  0   0.1%   0.838 CG:3    +
   28    52  0   0.1%   0.606 AU:3    +
   48    56  0   0.1%   1.556 GC:3    +
   18    23  0   0.1%   0.885 GC:3    +
   15    26  0   0.1%   0.377 GC:3    +
    9    49  0   0.1%   0.318 GU:3    +
   17    24  0   0.1%   0.815 AU:3    +
   43    48  0   0.1%   1.106 CG:3    +
   16    45  0   0.1%   0.174 UA:3    +
    3    55  0   0.1%   1.401 GU:3    +
   27    43  0   0.1%   0.079 GC:3    +
   25    57  0   0.1%   0.643 UA:3    +
   15    46  0   0.1%   0.294 GC:3    +
   42    49  0   0.1%   1.002 GU:3    +
   22    32  0   0.1%   0.542 CG:3    +
   23    41  0   0.1%   0.754 CG:3    +
   22    42  0   0.1%   0.509 CG:3    +
    4    52  0   0.1%   0.851 GU:3    +
   26    38  0   0.1%   0.344 CG:3    +
   27    37  0   0.1%   0.185 GC:3    +
   41    47  0   0.1%   0.746 GC:3    +
   42    46  0   0.0%   0.612 GC:3    +
   24    40  0   0.0%   0.486 UA:3    +
   18    33  0   0.0%   0.475 GC:3    +
   19    32  0   0.0%   0.737 CG:3    +
   23    48  0   0.0%   0.804 CG:3    +
    4    50  0   0.0%   0.841 GU:3    +
   14    27  0   0.0%   0.079 CG:3    +
   15    22  0   0.0%   0.528 GC:3    +
    9    14  0   0.0%   0.074 GC:3    +
   41    46  0   0.0%   0.723 GC:3    +
    4    20  0   0.0%   0.898 GC:3    +
    2    54  0   0.0%   0.589 AU:3    +
    2    52  0   0.0%   0.586 AU:3    +
   26    35  0   0.0%   0.433 CG:3    +
   29    55  0   0.0%   1.449 AU:3    +
   16    21  0   0.0%   0.374 UA:3    +
   20    51  0   0.0%   0.817 CG:3    +
   21    50  0   0.0%   0.465 AU:3    +
   21    55  0   0.0%   0.668 AU:3    +
   30    35  0   0.0%   0.186 CG:3    +
   17    34  0   0.0%   0.408 AU:3    +
   25    36  0   0.0%   0.638 UG:3    +
    3    47  0   0.0%   1.118 GC:3    +
    4    46  0   0.0%   0.835 GC:3    +
   19    48  0   0.0%   0.939 CG:3    +
   18    49  0   0.0%   0.679 GU:3    +
   39    48  0   0.0%   1.149 CG:3    +
   39    51  0   0.0%   0.962 CG:3    +
   12    17  0   0.0%   0.347 UA:3    +
   25    45  0   0.0%   0.526 UA:3    +
   23    38  0   0.0%   0.675 CG:3    +
   19    27  0   0.0%   0.682 CG:3    +
   38    52  0   0.0%   0.774 GU:3    +
   40    50  0   0.0%   0.701 AU:3    +
   35    47  0   0.0%   0.712 GC:3    +
   27    33  0   0.0%   0.114 GC:3    +
   26    32  0   0.0%   0.484 CG:3    +
   38    49  0   0.0%   1.046 GU:3    +
   25    51  0   0.0%   0.641 UG:3    +
   36    46  0   0.0%   0.701 GC:3    +
    7    18  0   0.0%   0.418 CG:3    +
   27    34  0   0.0%   0.178 GU:3    +
   44    51  0   0.0%   0.981 CG:3    +
    8    19  0   0.0%   0.696 GC:3    +
    3    52  0   0.0%   1.121 GU:3    +
    1    55  0   0.0%   0.910 GU:3    +
   42    52  0   0.0%   0.724 GU:3    +
   43    51  0   0.0%   0.915 CG:3    +
    5    45  0   0.0%   0.991 UA:3    +
   34    48  0   0.0%   1.232 UG:3    +
    9    43  0   0.0%   0.054 GC:3    +
   45    50  0   0.0%   0.700 AU:3    +
    8    44  0   0.0%   0.116 GC:3    +
   41    49  0   0.0%   1.112 GU:3    +
   31    51  0   0.0%   0.954 UG:3    +
   14    48  0   0.0%   0.307 CG:3    +
   38    44  0   0.0%   0.290 GC:3    +
   32    50  0   0.0%   1.845 GU:3    +
    1    24  0   0.0%   0.357 GU:3    +
   21    54  0   0.0%   0.630 AU:3    +
   13    49  0   0.0%   0.135 AU:3    +
   24    51  0   0.0%   0.592 UG:3    +
   23    35  0   0.0%   0.766 CG:3    +
   22    36  0   0.0%   0.600 CG:3    +
   27    46  0   0.0%   0.280 GC:3    +
    3    56  0   0.0%   1.398 GC:3    +
   18    47  0   0.0%   0.677 GC:3    +
   33    42  0   0.0%   0.193 CG:3    +
   15    47  0   0.0%   0.292 GC:3    +
   32    43  0   0.0%   0.302 GC:3    +
   34    41  0   0.0%   0.332 UG:3    +
    1    47  0   0.0%   0.905 GC:3    +
   27    31  0   0.0%   0.106 GU:3    +
   12    40  0   0.0%   0.006 UA:3    +
   24    57  0   0.0%   0.500 UA:3    +
   17    50  0   0.0%   0.439 AU:3    +
    8    26  0   0.0%   0.406 GC:3    +
    1     7  0   0.0%   0.003 GC:3    +
    9    25  0   0.0%   0.556 GU:3    +
    7    27  0   0.0%   0.068 CG:3    +
   10    24  0   0.0%   0.462 AU:3    +
    4    55  0   0.0%   1.011 GU:3    +
    3    44  0   0.0%   1.110 GC:3    +
    4    43  0   0.0%   0.829 GC:3    +
   49    53  0   0.0%   1.324 UA:3    +
   48    54  0   0.0%   1.495 GU:3    +
   12    42  0   0.0%   0.007 UG:3    +
    4    30  0   0.0%   0.828 GC:3    +
   21    25  0   0.0%   0.808 AU:3    +
   19    51  0   0.0%   0.876 CG:3    +
    3    22  0   0.0%   0.739 GC:3    +
    5    29  0   0.0%   0.985 UA:3    +
   18    52  0   0.0%   0.615 GU:3    +
   10    16  0   0.0%   0.072 AU:3    +
   48    55  0   0.0%   1.568 GU:3    +
   41    50  0   0.0%   0.795 GU:3    +
   15    20  0   0.0%   0.655 GC:3    +
   14    38  0   0.0%   0.073 CG:3    +
   52    57  0   0.0%   0.656 UA:3    +
    5    42  0   0.0%   0.986 UG:3    +
   15    37  0   0.0%   0.126 GC:3    +
    1    50  0   0.0%   0.904 GU:3    +
    3    31  0   0.0%   1.109 GU:3    +
   27    49  0   0.0%   0.311 GU:3    +
    2    49  0   0.0%   0.578 AU:3    +
   37    41  0   0.0%   0.332 CG:3    +
   42    47  0   0.0%   0.625 GC:3    +
    8    56  0   0.0%   0.411 GC:3    +
   21    31  0   0.0%   0.353 AU:3    +
   11    16  0   0.0%   0.072 AU:3    +
   15    43  0   0.0%   0.154 GC:3    +
   10    25  0   0.0%   0.510 AU:3    +
    9    26  0   0.0%   0.345 GC:3    +
   47    51  0   0.0%   1.363 CG:3    +
   11    24  0   0.0%   0.461 AU:3    +
   25    29  0   0.0%   0.512 UA:3    +
   24    32  0   0.0%   0.642 UG:3    +
   15    30  0   0.0%   0.073 GC:3    +
    9    16  0   0.0%   0.074 GU:3    +
   24    29  0   0.0%   0.468 UA:3    +
   16    42  0   0.0%   0.172 UG:3    +
   16    29  0   0.0%   0.076 UA:3    +
   20    32  0   0.0%   0.671 CG:3    +
   17    49  0   0.0%   0.535 AU:3    +
   51    55  0   0.0%   1.384 GU:3    +
    1    19  0   0.0%   0.002 GC:3    +
   24    28  0   0.0%   0.466 UA:3    +
   12    18  0   0.0%   0.355 UG:3    +
    1    52  0   0.0%   0.904 GU:3    +
    5    13  0   0.0%   0.001 UA:3    +
    4    14  0   0.0%   0.001 GC:3    +
    9    20  0   0.0%   0.637 GC:3    +
   16    36  0   0.0%   0.129 UG:3    +
   16    35  0   0.0%   0.128 UG:3    +
    6    12  0   0.0%   0.001 AU:3    +
    1    33  0   0.0%   0.901 GC:3    +
    9    55  0   0.0%   0.347 GU:3    +
    9    22  0   0.0%   0.503 GC:3    +
   25    32  0   0.0%   0.686 UG:3    +
   12    41  0   0.0%   0.005 UG:3    +
    8    23  0   0.0%   0.627 GC:3    +
   31    45  0   0.0%   0.173 UA:3    +
   15    23  0   0.0%   0.585 GC:3    +
   25    48  0   0.0%   0.661 UG:3    +
   35    46  0   0.0%   0.698 GC:3    +
   18    22  0   0.0%   0.811 GC:3    +
   32    56  0   0.0%   2.031 GC:3    +
    2    50  0   0.0%   0.578 AU:3    +
   34    40  0   0.0%   0.242 UA:3    +
   35    39  0   0.0%   0.260 GC:3    +
    1    49  0   0.0%   0.903 GU:3    +
   17    25  0   0.0%   0.855 AU:3    +
   18    26  0   0.0%   0.659 GC:3    +
   18    46  0   0.0%   0.675 GC:3    +
   33    41  0   0.0%   0.373 CG:3    +
   37    51  0   0.0%   1.023 CG:3    +
    1    46  0   0.0%   0.902 GC:3    +
    1    30  0   0.0%   0.901 GC:3    +
   30    36  0   0.0%   0.181 CG:3    +
   12    45  0   0.0%   0.008 UA:3    +
   18    24  0   0.0%   0.822 GU:3    +
   36    52  0   0.0%   0.820 GU:3    +
   14    18  0   0.0%   0.419 CG:3    +
    2    16  0   0.0%   0.001 AU:3    +
   24    48  0   0.0%   0.616 UG:3    +
    3     7  0   0.0%   0.001 GC:3    +
    3    26  0   0.0%   1.402 GC:3    +
   31    35  0   0.0%   0.182 UG:3    +
   10    54  0   0.0%   0.133 AU:3    +
   24    45  0   0.0%   0.477 UA:3    +
   18    39  0   0.0%   0.558 GC:3    +
    1    44  0   0.0%   0.901 GC:3    +
   13    34  0   0.0%   0.001 AU:3    +
   12    48  0   0.0%   0.135 UG:3    +
    4    25  0   0.0%   1.332 GU:3    +
   45    49  0   0.0%   1.016 AU:3    +
   31    57  0   0.0%   0.590 UA:3    +
   23    36  0   0.0%   0.765 CG:3    +
   11    49  0   0.0%   0.131 AU:3    +
    1    54  0   0.0%   0.904 GU:3    +
   38    50  0   0.0%   0.726 GU:3    +
   24    35  0   0.0%   0.587 UG:3    +
   19    38  0   0.0%   0.819 CG:3    +
   30    42  0   0.0%   0.187 CG:3    +
   28    34  0   0.0%   0.122 AU:3    +
    9    47  0   0.0%   0.313 GC:3    +
   15    19  0   0.0%   0.733 GC:3    +
   49    57  0   0.0%   0.904 UA:3    +
   12    29  0   0.0%   0.004 UA:3    +
   22    38  0   0.0%   0.502 CG:3    +
   34    51  0   0.0%   1.053 UG:3    +
   35    49  0   0.0%   1.076 GU:3    +
   32    44  0   0.0%   0.368 GC:3    +
   10    49  0   0.0%   0.132 AU:3    +
    8    16  0   0.0%   0.133 GU:3    +
   12    28  0   0.0%   0.004 UA:3    +
   48    52  0   0.0%   1.641 GU:3    +
   38    43  0   0.0%   0.219 GC:3    +
   16    41  0   0.0%   0.248 UG:3    +
   44    48  0   0.0%   1.166 CG:3    +
   23    42  0   0.0%   0.674 CG:3    +
   26    36  0   0.0%   0.430 CG:3    +
   40    49  0   0.0%   1.013 AU:3    +
   18    44  0   0.0%   0.541 GC:3    +
    3    50  0   0.0%   1.113 GU:3    +
   29    34  0   0.0%   0.124 AU:3    +
   20    38  0   0.0%   0.755 CG:3    +
   25    40  0   0.0%   0.525 UA:3    +
   26    42  0   0.0%   0.333 CG:3    +
   16    51  0   0.0%   0.233 UG:3    +
   42    56  0   0.0%   0.627 GC:3    +
    9    50  0   0.0%   0.202 GU:3    +
   24    41  0   0.0%   0.569 UG:3    +
   10    50  0   0.0%   0.020 AU:3    +
    2    31  0   0.0%   0.576 AU:3    +
   35    56  0   0.0%   0.728 GC:3    +
   45    54  0   0.0%   0.602 AU:3    +
    8    22  0   0.0%   0.564 GC:3    +
    4    56  0   0.0%   1.009 GC:3    +
   18    25  0   0.0%   0.865 GU:3    +
   20    48  0   0.0%   0.871 CG:3    +
   36    55  0   0.0%   0.754 GU:3    +
    3    30  0   0.0%   1.108 GC:3    +
   38    46  0   0.0%   0.644 GC:3    +
   18    56  0   0.0%   0.754 GC:3    +
    4    47  0   0.0%   0.834 GC:3    +
   10    31  0   0.0%   0.003 AU:3    +
    4    26  0   0.0%   1.121 GC:3    +
   34    57  0   0.0%   0.239 UA:3    +
   15    25  0   0.0%   0.574 GU:3    +
   31    41  0   0.0%   0.369 UG:3    +
   15    49  0   0.0%   0.287 GU:3    +
   36    44  0   0.0%   0.340 GC:3    +
   42    55  0   0.0%   0.652 GU:3    +
   15    44  0   0.0%   0.153 GC:3    +
    8    46  0   0.0%   0.115 GC:3    +
    1    43  0   0.0%   0.901 GC:3    +
   12    51  0   0.0%   0.027 UG:3    +
   11    52  0   0.0%   0.022 AU:3    +
   14    32  0   0.0%   0.071 CG:3    +
   42    50  0   0.0%   0.677 GU:3    +
   27    39  0   0.0%   0.083 GC:3    +
   15    24  0   0.0%   0.526 GU:3    +
   41    56  0   0.0%   0.741 GC:3    +
    9    30  0   0.0%   0.049 GC:3    +
   12    21  0   0.0%   0.297 UA:3    +
    5    57  0   0.0%   1.010 UA:3    +
    3    49  0   0.0%   1.112 GU:3    +
    4    49  0   0.0%   0.831 GU:3    +
    8    31  0   0.0%   0.111 GU:3    +
    4    24  0   0.0%   1.284 GU:3    +
    4    33  0   0.0%   0.827 GC:3    +
    5    32  0   0.0%   0.984 UG:3    +
   13    24  0   0.0%   0.460 AU:3    +
   16    48  0   0.0%   0.294 UG:3    +
   34    53  0   0.0%   0.657 UA:3    +
   45    55  0   0.0%   0.674 AU:3    +
    8    33  0   0.0%   0.110 GC:3    +
   25    42  0   0.0%   0.535 UG:3    +
   35    43  0   0.0%   0.141 GC:3    +
   13    50  0   0.0%   0.020 AU:3    +
    6    31  0   0.0%   0.070 AU:3    +
   13    31  0   0.0%   0.001 AU:3    +
   24    36  0   0.0%   0.587 UG:3    +
   16    27  0   0.0%   0.078 UG:3    +
    7    32  0   0.0%   0.066 CG:3    +
    9    44  0   0.0%   0.053 GC:3    +
    1     5  0   0.0%   0.000 GU:3    +
    8    12  0   0.0%   0.000 GU:3    +
    8    49  0   0.0%   0.366 GU:3    +
   15    31  0   0.0%   0.072 GU:3    +
   36    54  0   0.0%   0.682 GU:3    +
   12    32  0   0.0%   0.003 UG:3    +
    3    46  0   0.0%   1.109 GC:3    +
   35    52  0   0.0%   0.819 GU:3    +
    3    25  0   0.0%   1.614 GU:3    +
    9    23  0   0.0%   0.565 GC:3    +
   25    35  0   0.0%   0.630 UG:3    +
   31    36  0   0.0%   0.179 UG:3    +
   42    54  0   0.0%   0.580 GU:3    +
..((((((.....))).))).......(((.(.((((....))))).))).......
