3 sequence; length of alignment 49
alifold output
    6    36  0 100.0%   0.000 CG:3   
    7    35  0 100.0%   0.000 CG:3   
    4    38  0 100.0%   0.000 GC:3   
    2    40  0 100.0%   0.001 GC:3   
    5    37  0 100.0%   0.001 AU:3   
    3    39  0 100.0%   0.001 AU:3   
    8    34  0  99.9%   0.004 AU:3   
   11    31  0  99.7%   0.010 GC:3   
   10    32  0  99.7%   0.010 AU:3   
    9    33  0  99.6%   0.011 AU:3   
   12    30  0  97.9%   0.087 AU:3   
    1    41  0  96.2%   0.112 CG:3   
   17    26  0  46.0%   1.072 UG:3   
   18    25  0  45.6%   1.787 AU:3   
   19    24  0  30.3%   1.703 GU:3   
   16    25  0   8.2%   1.320 GU:3    +
   14    24  0   5.7%   0.714 AU:3    +
   15    23  0   5.7%   0.712 GU:3    +
   13    25  0   5.6%   0.640 GU:3    +
   16    22  0   5.1%   0.626 GU:3    +
   15    25  0   4.0%   0.915 GU:3    +
   16    24  0   3.8%   0.922 GU:3    +
   18    24  0   3.5%   0.835 AU:3    +
   19    25  0   2.1%   1.572 GU:3    +
   14    23  0   2.0%   0.336 AU:3    +
   13    24  0   2.0%   0.302 GU:3    +
   19    23  0   1.8%   0.599 GU:3    +
   15    22  0   1.7%   0.306 GU:3    +
   20    24  0   1.6%   1.104 AU:3    +
   16    23  0   1.2%   0.636 GU:3    +
   15    24  0   1.2%   0.678 GU:3    +
   18    23  0   1.0%   0.482 AU:3    +
   16    21  0   0.8%   0.175 GU:3    +
   17    27  0   0.8%   0.470 UA:3    +
   14    22  0   0.8%   0.157 AU:3    +
   13    23  0   0.7%   0.137 GU:3    +
   20    25  0   0.7%   1.149 AU:3    +
   15    21  0   0.7%   0.127 GU:3    +
   14    25  0   0.5%   0.564 AU:3    +
   13    22  0   0.4%   0.070 GU:3    +
   14    21  0   0.4%   0.070 AU:3    +
   12    25  0   0.2%   0.052 AU:3    +
   14    30  0   0.2%   0.386 AU:3    +
   13    31  0   0.1%   0.337 GC:3    +
   18    22  0   0.1%   0.311 AU:3    +
   12    32  0   0.1%   0.075 AU:3    +
   21    29  0   0.1%   0.132 UG:3    +
   22    28  0   0.1%   0.325 UG:3    +
   20    30  0   0.1%   0.159 AU:3    +
   21    27  0   0.1%   0.155 UA:3    +
   12    24  0   0.1%   0.024 AU:3    +
   11    33  0   0.1%   0.027 GU:3    +
   19    31  0   0.1%   0.545 GC:3    +
   22    26  0   0.1%   0.667 UG:3    +
   23    27  0   0.1%   0.513 UA:3    +
   44    49  0   0.1%   0.016 CG:3    +
   18    32  0   0.1%   0.558 AU:3    +
   13    30  0   0.1%   0.335 GU:3    +
   12    23  0   0.1%   0.013 AU:3    +
   17    28  0   0.0%   0.405 UG:3    +
   41    47  0   0.0%   0.045 GC:3    +
   43    48  0   0.0%   0.005 UA:3    +
   15    30  0   0.0%   0.491 GU:3    +
   22    29  0   0.0%   0.320 UG:3    +
   17    29  0   0.0%   0.403 UG:3    +
   21    26  0   0.0%   0.458 UG:3    +
   10    34  0   0.0%   0.009 AU:3    +
   23    28  0   0.0%   0.474 UG:3    +
   11    25  0   0.0%   0.004 GU:3    +
   43    49  0   0.0%   0.005 UG:3    +
   11    24  0   0.0%   0.003 GU:3    +
   23    29  0   0.0%   0.473 UG:3    +
   22    27  0   0.0%   0.343 UA:3    +
   21    28  0   0.0%   0.109 UG:3    +
   24    28  0   0.0%   0.986 UG:3    +
   10    25  0   0.0%   0.001 AU:3    +
   45    49  0   0.0%   0.007 UG:3    +
   24    29  0   0.0%   0.986 UG:3    +
   15    31  0   0.0%   0.466 GC:3    +
   14    32  0   0.0%   0.353 AU:3    +
   16    30  0   0.0%   0.613 GU:3    +
   13    33  0   0.0%   0.325 GU:3    +
   10    33  0   0.0%   0.008 AU:3    +
   13    21  0   0.0%   0.001 GU:3    +
   12    21  0   0.0%   0.001 AU:3    +
    9    34  0   0.0%   0.006 AU:3    +
   25    29  0   0.0%   1.026 UG:3    +
   13    17  0   0.0%   0.001 GU:3    +
    1    46  0   0.0%   0.038 CG:3    +
   11    32  0   0.0%   0.008 GU:3    +
   18    30  0   0.0%   0.568 AU:3    +
   12    17  0   0.0%   0.000 AU:3    +
   41    45  0   0.0%   0.037 GU:3    +
   16    31  0   0.0%   0.588 GC:3    +
   11    22  0   0.0%   0.000 GU:3    +
   12    22  0   0.0%   0.000 AU:3    +
   15    32  0   0.0%   0.465 GU:3    +
   16    33  0   0.0%   0.586 GU:3    +
   11    30  0   0.0%   0.002 GU:3    +
   12    34  0   0.0%   0.057 AU:3    +
    8    33  0   0.0%   0.000 AU:3    +
    9    32  0   0.0%   0.000 AU:3    +
   14    33  0   0.0%   0.351 AU:3    +
   10    23  0   0.0%   0.000 AU:3    +
    2    44  0   0.0%   0.000 GC:3    +
   26    31  0   0.0%   0.383 GC:3    +
    1    49  0   0.0%   0.037 CG:3    +
   19    30  0   0.0%   0.552 GU:3    +
   10    30  0   0.0%   0.000 AU:3    +
    3    43  0   0.0%   0.000 AU:3    +
    9    24  0   0.0%   0.000 AU:3    +
   12    33  0   0.0%   0.064 AU:3    +
   10    17  0   0.0%   0.000 AU:3    +
   13    34  0   0.0%   0.318 GU:3    +
((((((((((((....(((....)))...))))))))))))........
