3 sequence; length of alignment 63
alifold output
   16    61  0  90.1%   0.374 CG:3   
   17    60  0  89.9%   0.554 UG:3   
   28    51  0  89.7%   0.540 GC:3   
   18    59  0  88.1%   0.633 GC:3   
   15    62  0  88.0%   0.453 AU:3   
   27    52  0  86.7%   0.603 AU:3   
   29    50  0  86.5%   0.482 UA:3   
   14    63  0  72.5%   0.813 GU:1    AU:2   
   32    47  0  72.0%   1.535 CG:3   
   31    48  0  72.0%   1.153 CG:3   
   33    46  0  70.8%   1.519 UG:3   
   34    45  0  59.3%   1.626 UA:3   
   24    55  0  56.8%   1.289 GU:3   
   25    54  0  56.6%   1.234 AU:3   
   23    56  0  53.5%   1.482 GC:3   
   20    58  0  33.0%   1.472 AU:3   
   21    57  0  29.4%   1.571 GU:3   
   25    55  0  27.0%   1.939 AU:3    +
   24    56  0  26.9%   2.185 GC:3    +
   26    54  0  25.4%   1.639 AU:3    +
   36    42  0  21.8%   1.528 UA:3    +
   23    57  0  21.5%   2.204 GU:3    +
   35    43  0  20.1%   1.518 UA:3    +
   32    46  0  18.3%   1.128 CG:3    +
   31    47  0  18.2%   1.066 CG:3    +
   37    41  0  17.0%   1.282 UG:3    +
   33    45  0  17.0%   1.088 UA:3    +
   36    43  0  16.9%   2.028 UA:3    +
   37    42  0  13.4%   1.801 UA:3    +
   45    52  0   9.2%   1.495 AU:3    +
   44    53  0   9.2%   0.711 UA:3    +
   46    51  0   9.2%   1.352 GC:3    +
   43    54  0   9.1%   2.228 AU:3    +
   42    55  0   9.1%   2.222 AU:3    +
   41    56  0   9.0%   2.039 GC:3    +
   20    57  0   7.8%   0.686 AU:3    +
   21    56  0   7.0%   0.638 GC:3    +
   35    42  0   4.6%   0.751 UA:3    +
   36    41  0   4.1%   0.683 UG:3    +
   34    43  0   3.3%   0.619 UA:3    +
   27    33  0   3.0%   0.364 AU:3    +
   26    34  0   3.0%   0.365 AU:3    +
   25    35  0   2.9%   0.361 AU:3    +
   28    32  0   2.9%   0.460 GC:3    +
   24    36  0   2.8%   0.417 GU:3    +
    6    59  0   2.5%   0.355 GC:3    +
    8    18  0   2.4%   0.366 CG:3    +
    5    60  0   2.4%   0.363 CG:3    +
   22    61  0   2.3%   0.515 CG:3    +
    9    17  0   2.2%   0.273 AU:3    +
    7    19  0   2.2%   0.271 AU:3    +
   21    62  0   2.2%   1.196 GU:3    +
   24    59  0   2.1%   1.557 GC:3    +
   25    58  0   2.0%   1.721 AU:3    +
    7    58  0   2.0%   0.346 AU:3    +
   21    58  0   2.0%   1.335 GU:3    +
   26    57  0   1.9%   1.719 AU:3    +
   23    32  0   1.8%   0.267 GC:3    +
   24    31  0   1.8%   0.274 GC:3    +
   23    37  0   1.7%   0.344 GU:3    +
   21    59  0   1.4%   1.115 GC:3    +
   14    58  0   0.3%   0.183 GU:1    AU:2    +
   14    35  0   0.2%   0.065 GU:1    AU:2    +
   20    63  0   1.2%   1.090 AU:3    +
   14    62  0   0.2%   0.125 GU:1    AU:2    +
   35    41  0   1.2%   0.409 UG:3    +
   37    43  0   1.1%   1.640 UA:3    +
   14    34  0   0.1%   0.030 GU:1    AU:2    +
   14    36  0   0.1%   0.057 GU:1    AU:2    +
    5    13  0   1.0%   0.141 CG:3    +
   14    33  0   0.0%   0.012 GU:1    AU:2    +
   34    42  0   1.0%   0.360 UA:3    +
    8    13  0   1.0%   0.218 CG:3    +
   14    37  0   0.0%   0.045 GU:1    AU:2    +
   14    55  0   0.0%   0.053 GU:1    AU:2    +
   14    19  0   0.0%   0.108 GU:1    AU:2    +
   14    38  0   0.0%   0.042 GU:1    AU:2    +
   14    57  0   0.0%   0.048 GU:1    AU:2    +
   14    29  0   0.0%   0.005 GU:1    AU:2    +
   14    52  0   0.0%   0.041 GU:1    AU:2    +
   14    40  0   0.0%   0.036 GU:1    AU:2    +
   22    28  0   0.9%   0.191 CG:3    +
   38    42  0   0.8%   0.989 UA:3    +
   22    60  0   0.8%   0.412 CG:3    +
   26    36  0   0.8%   0.407 AU:3    +
   27    35  0   0.8%   0.442 AU:3    +
   25    37  0   0.7%   0.364 AU:3    +
   23    59  0   0.7%   1.365 GC:3    +
   23    54  0   0.7%   0.358 GU:3    +
   19    30  0   0.7%   0.214 UA:3    +
   18    31  0   0.7%   0.234 GC:3    +
   24    38  0   0.7%   0.356 GU:3    +
   28    34  0   0.7%   0.467 GU:3    +
   21    29  0   0.7%   0.176 GU:3    +
    2     8  0   0.6%   0.092 GC:3    +
   26    35  0   0.6%   0.345 AU:3    +
   25    36  0   0.6%   0.326 AU:3    +
   20    29  0   0.6%   0.113 AU:3    +
   35    45  0   0.5%   1.458 UA:3    +
   24    37  0   0.5%   0.361 GU:3    +
   24    58  0   0.5%   1.602 GU:3    +
    6    12  0   0.5%   0.090 GU:3    +
   27    34  0   0.5%   0.360 AU:3    +
   25    57  0   0.5%   1.862 AU:3    +
   23    55  0   0.4%   0.356 GU:3    +
   16    28  0   0.4%   0.094 CG:3    +
   23    40  0   0.4%   0.284 GU:3    +
   17    27  0   0.4%   0.186 UA:3    +
   15    29  0   0.4%   0.068 AU:3    +
   20    62  0   0.4%   0.851 AU:3    +
   24    54  0   0.3%   0.376 GU:3    +
   23    38  0   0.3%   0.260 GU:3    +
   34    46  0   0.3%   1.305 UG:3    +
   22    41  0   0.3%   0.140 CG:3    +
   11    54  0   0.3%   0.081 AU:3    +
   13    59  0   0.3%   0.323 GC:3    +
   10    55  0   0.3%   0.078 AU:3    +
   12    53  0   0.3%   0.104 UA:3    +
   28    33  0   0.3%   0.353 GU:3    +
    6    22  0   0.3%   0.098 GC:3    +
    2    59  0   0.3%   0.094 GC:3    +
    3    58  0   0.3%   0.058 AU:3    +
    5    23  0   0.3%   0.129 CG:3    +
    5    18  0   0.3%   0.096 CG:3    +
    4    62  0   0.3%   0.092 AU:3    +
   29    53  0   0.3%   0.296 UA:3    +
   28    54  0   0.3%   1.131 GU:3    +
    4    19  0   0.3%   0.048 AU:3    +
   30    52  0   0.3%   0.228 AU:3    +
   31    61  0   0.3%   0.915 CG:3    +
   32    60  0   0.3%   1.023 CG:3    +
   29    49  0   0.2%   0.135 UA:3    +
   16    48  0   0.2%   0.097 CG:3    +
   13    63  0   0.2%   0.260 GU:3    +
   17    47  0   0.2%   0.196 UG:3    +
   19    45  0   0.2%   0.197 UA:3    +
    5    21  0   0.2%   0.107 CG:3    +
   33    43  0   0.2%   0.199 UA:3    +
   20    44  0   0.2%   0.092 AU:3    +
   27    55  0   0.2%   1.100 AU:3    +
   27    36  0   0.2%   0.429 AU:3    +
   15    34  0   0.2%   0.085 AU:3    +
   26    37  0   0.2%   0.368 AU:3    +
   15    57  0   0.2%   0.105 AU:3    +
    5    61  0   0.2%   0.225 CG:3    +
   30    62  0   0.2%   0.362 AU:3    +
   28    35  0   0.2%   0.474 GU:3    +
    4    57  0   0.2%   0.058 AU:3    +
    3    63  0   0.2%   0.085 AU:3    +
    6    17  0   0.2%   0.071 GU:3    +
   12    60  0   0.2%   0.194 UG:3    +
    2    63  0   0.2%   0.099 GU:3    +
   25    38  0   0.2%   0.281 AU:3    +
   13    36  0   0.2%   0.164 GU:3    +
   17    23  0   0.2%   0.166 UG:3    +
   13    52  0   0.2%   0.181 GU:3    +
   18    22  0   0.2%   0.175 GC:3    +
   16    24  0   0.2%   0.046 CG:3    +
    3    62  0   0.2%   0.057 AU:3    +
    8    61  0   0.2%   0.218 CG:3    +
    7    62  0   0.1%   0.228 AU:3    +
   13    22  0   0.1%   0.145 GC:3    +
    6    63  0   0.1%   0.205 GU:3    +
   21    34  0   0.1%   0.116 GU:3    +
   13    51  0   0.1%   0.161 GC:3    +
   13    31  0   0.1%   0.128 GC:3    +
   24    40  0   0.1%   0.307 GU:3    +
   36    45  0   0.1%   1.654 UA:3    +
   37    45  0   0.1%   1.473 UA:3    +
   18    32  0   0.1%   0.178 GC:3    +
   33    47  0   0.1%   1.293 UG:3    +
   32    48  0   0.1%   1.005 CG:3    +
   38    43  0   0.1%   0.941 UA:3    +
   20    35  0   0.1%   0.086 AU:3    +
   34    41  0   0.1%   0.249 UG:3    +
    2    16  0   0.1%   0.047 GC:3    +
   10    34  0   0.1%   0.020 AU:3    +
   11    33  0   0.1%   0.022 AU:3    +
   26    52  0   0.1%   0.223 AU:3    +
   15    33  0   0.1%   0.044 AU:3    +
    1    17  0   0.1%   0.017 AU:3    +
   15    35  0   0.1%   0.083 AU:3    +
   17    45  0   0.1%   0.156 UA:3    +
   16    46  0   0.1%   0.060 CG:3    +
   18    44  0   0.1%   0.178 GU:3    +
   25    34  0   0.1%   0.057 AU:3    +
    3    12  0   0.1%   0.016 AU:3    +
   13    35  0   0.1%   0.139 GU:3    +
   23    58  0   0.1%   1.527 GU:3    +
   24    35  0   0.1%   0.140 GU:3    +
    9    35  0   0.1%   0.100 AU:3    +
   23    31  0   0.1%   0.091 GC:3    +
   19    43  0   0.1%   0.157 UA:3    +
   13    37  0   0.1%   0.155 GU:3    +
   38    45  0   0.1%   0.812 UA:3    +
   11    37  0   0.1%   0.034 AU:3    +
   26    33  0   0.1%   0.034 AU:3    +
   10    38  0   0.1%   0.031 AU:3    +
    7    12  0   0.0%   0.046 AU:3    +
    8    21  0   0.0%   0.193 CG:3    +
    2    22  0   0.0%   0.047 GC:3    +
   21    32  0   0.0%   0.073 GC:3    +
   11    38  0   0.0%   0.038 AU:3    +
   12    23  0   0.0%   0.071 UG:3    +
   12    18  0   0.0%   0.156 UG:3    +
   23    36  0   0.0%   0.149 GU:3    +
   11    19  0   0.0%   0.112 AU:3    +
   21    33  0   0.0%   0.083 GU:3    +
   36    46  0   0.0%   1.573 UG:3    +
   20    33  0   0.0%   0.052 AU:3    +
   16    23  0   0.0%   0.038 CG:3    +
   26    55  0   0.0%   1.273 AU:3    +
   16    47  0   0.0%   0.059 CG:3    +
   17    46  0   0.0%   0.159 UG:3    +
   10    35  0   0.0%   0.022 AU:3    +
   11    34  0   0.0%   0.025 AU:3    +
   21    40  0   0.0%   0.088 GU:3    +
   10    37  0   0.0%   0.023 AU:3    +
   33    42  0   0.0%   0.156 UA:3    +
    9    40  0   0.0%   0.103 AU:3    +
   10    17  0   0.0%   0.110 AU:3    +
   11    36  0   0.0%   0.026 AU:3    +
    9    36  0   0.0%   0.098 AU:3    +
   24    32  0   0.0%   0.174 GC:3    +
   34    48  0   0.0%   0.969 UG:3    +
   35    47  0   0.0%   1.349 UG:3    +
   20    34  0   0.0%   0.070 AU:3    +
   10    40  0   0.0%   0.028 AU:3    +
   33    49  0   0.0%   0.739 UA:3    +
   37    46  0   0.0%   1.388 UG:3    +
   27    37  0   0.0%   0.377 AU:3    +
   28    36  0   0.0%   0.449 GU:3    +
    9    38  0   0.0%   0.101 AU:3    +
   13    32  0   0.0%   0.119 GC:3    +
   23    33  0   0.0%   0.136 GU:3    +
    1    12  0   0.0%   0.006 AU:3    +
   25    52  0   0.0%   0.208 AU:3    +
   11    62  0   0.0%   0.090 AU:3    +
   10    62  0   0.0%   0.084 AU:3    +
   16    21  0   0.0%   0.031 CG:3    +
   26    38  0   0.0%   0.275 AU:3    +
   10    63  0   0.0%   0.084 AU:3    +
   28    37  0   0.0%   0.408 GU:3    +
   35    48  0   0.0%   1.039 UG:3    +
   36    47  0   0.0%   1.561 UG:3    +
    9    57  0   0.0%   0.117 AU:3    +
    9    63  0   0.0%   0.140 AU:3    +
   34    49  0   0.0%   0.729 UA:3    +
   13    19  0   0.0%   0.204 GU:3    +
    2    62  0   0.0%   0.064 GU:3    +
   12    28  0   0.0%   0.055 UG:3    +
   15    63  0   0.0%   0.465 AU:3    +
   35    46  0   0.0%   1.357 UG:3    +
   11    29  0   0.0%   0.011 AU:3    +
   13    34  0   0.0%   0.129 GU:3    +
   21    38  0   0.0%   0.088 GU:3    +
   20    40  0   0.0%   0.054 AU:3    +
    6    16  0   0.0%   0.037 GC:3    +
    4    12  0   0.0%   0.011 AU:3    +
   12    20  0   0.0%   0.047 UA:3    +
   27    38  0   0.0%   0.295 AU:3    +
   25    29  0   0.0%   0.093 AU:3    +
   33    50  0   0.0%   0.849 UA:3    +
   27    54  0   0.0%   1.084 AU:3    +
   13    56  0   0.0%   0.163 GC:3    +
   19    61  0   0.0%   0.286 UG:3    +
    7    37  0   0.0%   0.094 AU:3    +
    6    56  0   0.0%   0.065 GC:3    +
   36    60  0   0.0%   1.242 UG:3    +
   19    25  0   0.0%   0.111 UA:3    +
    8    28  0   0.0%   0.176 CG:3    +
    8    41  0   0.0%   0.177 CG:3    +
   12    61  0   0.0%   0.106 UG:3    +
   28    52  0   0.0%   0.484 GU:3    +
   10    36  0   0.0%   0.018 AU:3    +
   15    36  0   0.0%   0.072 AU:3    +
   23    52  0   0.0%   0.245 GU:3    +
    6    38  0   0.0%   0.064 GU:3    +
    1    63  0   0.0%   0.011 AU:3    +
    7    55  0   0.0%   0.094 AU:3    +
   11    17  0   0.0%   0.108 AU:3    +
    7    29  0   0.0%   0.091 AU:3    +
   24    51  0   0.0%   0.271 GC:3    +
   15    54  0   0.0%   0.069 AU:3    +
   13    38  0   0.0%   0.151 GU:3    +
   11    35  0   0.0%   0.024 AU:3    +
    5    28  0   0.0%   0.098 CG:3    +
   13    17  0   0.0%   0.203 GU:3    +
   28    56  0   0.0%   1.233 GC:3    +
    4    29  0   0.0%   0.020 AU:3    +
    9    37  0   0.0%   0.097 AU:3    +
   27    57  0   0.0%   1.373 AU:3    +
   48    56  0   0.0%   1.360 GC:3    +
   25    40  0   0.0%   0.231 AU:3    +
   49    55  0   0.0%   0.977 AU:3    +
   10    19  0   0.0%   0.105 AU:3    +
   11    63  0   0.0%   0.087 AU:3    +
   11    40  0   0.0%   0.031 AU:3    +
   20    38  0   0.0%   0.057 AU:3    +
   37    60  0   0.0%   1.054 UG:3    +
   11    58  0   0.0%   0.143 AU:3    +
   35    61  0   0.0%   1.000 UG:3    +
   16    60  0   0.0%   0.172 CG:3    +
   21    35  0   0.0%   0.109 GU:3    +
   19    53  0   0.0%   0.184 UA:3    +
   10    57  0   0.0%   0.057 AU:3    +
   21    37  0   0.0%   0.088 GU:3    +
   38    60  0   0.0%   0.388 UG:3    +
   18    62  0   0.0%   0.450 GU:3    +
   32    61  0   0.0%   0.978 CG:3    +
   18    54  0   0.0%   0.191 GU:3    +
   26    40  0   0.0%   0.234 AU:3    +
    9    19  0   0.0%   0.187 AU:3    +
   33    60  0   0.0%   0.974 UG:3    +
   20    52  0   0.0%   0.073 AU:3    +
   47    57  0   0.0%   1.598 GU:3    +
    8    60  0   0.0%   0.265 CG:3    +
   20    36  0   0.0%   0.068 AU:3    +
   11    57  0   0.0%   0.061 AU:3    +
   21    51  0   0.0%   0.084 GC:3    +
   19    24  0   0.0%   0.120 UG:3    +
   40    45  0   0.0%   0.720 UA:3    +
   36    61  0   0.0%   1.211 UG:3    +
   50    54  0   0.0%   1.111 AU:3    +
   41    59  0   0.0%   1.143 GC:3    +
   26    58  0   0.0%   1.295 AU:3    +
   19    60  0   0.0%   0.364 UG:3    +
   21    36  0   0.0%   0.096 GU:3    +
   18    63  0   0.0%   0.572 GU:3    +
   40    60  0   0.0%   0.299 UG:3    +
   10    58  0   0.0%   0.138 AU:3    +
   29    48  0   0.0%   0.106 UG:3    +
   42    58  0   0.0%   1.721 AU:3    +
   17    26  0   0.0%   0.121 UA:3    +
   24    34  0   0.0%   0.128 GU:3    +
   25    33  0   0.0%   0.025 AU:3    +
   20    37  0   0.0%   0.059 AU:3    +
    8    23  0   0.0%   0.190 CG:3    +
    2    56  0   0.0%   0.043 GC:3    +
   19    26  0   0.0%   0.110 UA:3    +
   37    61  0   0.0%   1.022 UG:3    +
    3    34  0   0.0%   0.006 AU:3    +
    7    57  0   0.0%   0.106 AU:3    +
    2    35  0   0.0%   0.041 GU:3    +
   12    21  0   0.0%   0.063 UG:3    +
   18    51  0   0.0%   0.177 GC:3    +
    3    55  0   0.0%   0.007 AU:3    +
    4    33  0   0.0%   0.019 AU:3    +
   19    50  0   0.0%   0.164 UA:3    +
    6    19  0   0.0%   0.058 GU:3    +
   35    60  0   0.0%   1.030 UG:3    +
    3    37  0   0.0%   0.007 AU:3    +
    6    31  0   0.0%   0.060 GC:3    +
    1    57  0   0.0%   0.009 AU:3    +
   23    35  0   0.0%   0.154 GU:3    +
   36    48  0   0.0%   1.248 UG:3    +
   35    49  0   0.0%   0.796 UA:3    +
    2    38  0   0.0%   0.042 GU:3    +
   47    56  0   0.0%   1.670 GC:3    +
   37    47  0   0.0%   1.372 UG:3    +
   15    37  0   0.0%   0.062 AU:3    +
   18    58  0   0.0%   0.287 GU:3    +
   18    37  0   0.0%   0.179 GU:3    +
   17    61  0   0.0%   0.379 UG:3    +
   38    46  0   0.0%   0.721 UG:3    +
   48    55  0   0.0%   1.218 GU:3    +
    7    36  0   0.0%   0.091 AU:3    +
    4    36  0   0.0%   0.020 AU:3    +
    9    58  0   0.0%   0.197 AU:3    +
   24    57  0   0.0%   1.875 GU:3    +
    6    37  0   0.0%   0.062 GU:3    +
   49    58  0   0.0%   0.693 AU:3    +
   34    50  0   0.0%   0.837 UA:3    +
   46    57  0   0.0%   1.830 GU:3    +
   48    59  0   0.0%   0.679 GC:3    +
   24    52  0   0.0%   0.275 GU:3    +
    4    54  0   0.0%   0.020 AU:3    +
   49    54  0   0.0%   1.002 AU:3    +
   51    61  0   0.0%   0.550 CG:3    +
    7    38  0   0.0%   0.093 AU:3    +
    3    35  0   0.0%   0.007 AU:3    +
   50    62  0   0.0%   0.413 AU:3    +
    3    36  0   0.0%   0.007 AU:3    +
   34    61  0   0.0%   0.931 UG:3    +
   52    60  0   0.0%   0.637 UG:3    +
    2    37  0   0.0%   0.042 GU:3    +
    2    36  0   0.0%   0.042 GU:3    +
    3    57  0   0.0%   0.008 AU:3    +
   46    58  0   0.0%   1.481 GU:3    +
    9    55  0   0.0%   0.100 AU:3    +
   10    54  0   0.0%   0.022 AU:3    +
   34    47  0   0.0%   1.275 UG:3    +
    2    58  0   0.0%   0.043 GU:3    +
    2    12  0   0.0%   0.033 GU:3    +
   10    33  0   0.0%   0.005 AU:3    +
   33    41  0   0.0%   0.169 UG:3    +
   31    46  0   0.0%   0.127 CG:3    +
   43    57  0   0.0%   2.049 AU:3    +
   50    57  0   0.0%   1.151 AU:3    +
    1    36  0   0.0%   0.008 AU:3    +
    4    34  0   0.0%   0.019 AU:3    +
    9    34  0   0.0%   0.087 AU:3    +
   18    36  0   0.0%   0.189 GU:3    +
    8    24  0   0.0%   0.173 CG:3    +
    9    62  0   0.0%   0.139 AU:3    +
    4    35  0   0.0%   0.020 AU:3    +
   30    35  0   0.0%   0.262 AU:3    +
   13    40  0   0.0%   0.145 GU:3    +
   18    35  0   0.0%   0.196 GU:3    +
    6    40  0   0.0%   0.062 GU:3    +
   49    63  0   0.0%   0.363 AU:3    +
   28    63  0   0.0%   0.695 GU:3    +
    7    17  0   0.0%   0.022 AU:3    +
   13    62  0   0.0%   0.220 GU:3    +
   33    48  0   0.0%   0.975 UG:3    +
   28    38  0   0.0%   0.323 GU:3    +
    2    31  0   0.0%   0.040 GC:3    +
   32    41  0   0.0%   0.209 CG:3    +
    6    32  0   0.0%   0.060 GC:3    +
   30    34  0   0.0%   0.248 AU:3    +
    3    17  0   0.0%   0.010 AU:3    +
   30    37  0   0.0%   0.205 AU:3    +
   15    19  0   0.0%   0.107 AU:3    +
    7    63  0   0.0%   0.215 AU:3    +
   45    58  0   0.0%   1.568 AU:3    +
   28    55  0   0.0%   1.089 GU:3    +
   23    29  0   0.0%   0.124 GU:3    +
    7    40  0   0.0%   0.091 AU:3    +
    4    63  0   0.0%   0.074 AU:3    +
    5    24  0   0.0%   0.095 CG:3    +
    1    19  0   0.0%   0.007 AU:3    +
   21    63  0   0.0%   1.183 GU:3    +
   17    24  0   0.0%   0.131 UG:3    +
    6    34  0   0.0%   0.061 GU:3    +
   12    27  0   0.0%   0.048 UA:3    +
   21    31  0   0.0%   0.097 GC:3    +
    7    33  0   0.0%   0.089 AU:3    +
   27    40  0   0.0%   0.252 AU:3    +
   34    60  0   0.0%   0.961 UG:3    +
   18    57  0   0.0%   0.200 GU:3    +
   20    55  0   0.0%   0.081 AU:3    +
   13    58  0   0.0%   0.257 GU:3    +
   24    33  0   0.0%   0.108 GU:3    +
   30    40  0   0.0%   0.078 AU:3    +
    1    38  0   0.0%   0.008 AU:3    +
    3    19  0   0.0%   0.005 AU:3    +
   19    23  0   0.0%   0.142 UG:3    +
    1    37  0   0.0%   0.008 AU:3    +
   21    54  0   0.0%   0.096 GU:3    +
    6    58  0   0.0%   0.080 GU:3    +
   30    36  0   0.0%   0.246 AU:3    +
    2    32  0   0.0%   0.040 GC:3    +
   12    50  0   0.0%   0.050 UA:3    +
   13    57  0   0.0%   0.176 GU:3    +
   18    38  0   0.0%   0.176 GU:3    +
   18    40  0   0.0%   0.170 GU:3    +
   17    25  0   0.0%   0.119 UA:3    +
   12    30  0   0.0%   0.050 UA:3    +
   33    61  0   0.0%   0.943 UG:3    +
   23    34  0   0.0%   0.154 GU:3    +
   13    33  0   0.0%   0.121 GU:3    +
   15    38  0   0.0%   0.060 AU:3    +
    1    40  0   0.0%   0.008 AU:3    +
   13    29  0   0.0%   0.109 GU:3    +
   21    55  0   0.0%   0.097 GU:3    +
    1    62  0   0.0%   0.008 AU:3    +
   38    61  0   0.0%   0.356 UG:3    +
   47    51  0   0.0%   0.900 GC:3    +
    1    33  0   0.0%   0.007 AU:3    +
    6    55  0   0.0%   0.062 GU:3    +
    2    34  0   0.0%   0.040 GU:3    +
    3    33  0   0.0%   0.005 AU:3    +
   24    29  0   0.0%   0.101 GU:3    +
    4    17  0   0.0%   0.007 AU:3    +
   15    40  0   0.0%   0.053 AU:3    +
    7    54  0   0.0%   0.091 AU:3    +
   17    21  0   0.0%   0.128 UG:3    +
   15    58  0   0.0%   0.178 AU:3    +
   40    46  0   0.0%   0.632 UG:3    +
    2    19  0   0.0%   0.037 GU:3    +
   19    41  0   0.0%   0.145 UG:3    +
   18    34  0   0.0%   0.193 GU:3    +
   12    26  0   0.0%   0.048 UA:3    +
    6    36  0   0.0%   0.061 GU:3    +
    4    40  0   0.0%   0.019 AU:3    +
    7    35  0   0.0%   0.090 AU:3    +
   28    40  0   0.0%   0.280 GU:3    +
    3    38  0   0.0%   0.007 AU:3    +
   30    38  0   0.0%   0.120 AU:3    +
   22    47  0   0.0%   0.119 CG:3    +
   28    57  0   0.0%   1.375 GU:3    +
    4    37  0   0.0%   0.020 AU:3    +
   19    42  0   0.0%   0.144 UA:3    +
   41    55  0   0.0%   1.248 GU:3    +
   43    62  0   0.0%   1.311 AU:3    +
   44    61  0   0.0%   0.461 UG:3    +
   10    52  0   0.0%   0.021 AU:3    +
   30    54  0   0.0%   0.815 AU:3    +
   10    29  0   0.0%   0.005 AU:3    +
    2    57  0   0.0%   0.042 GU:3    +
   56    61  0   0.0%   1.320 CG:3    +
   41    57  0   0.0%   1.749 GU:3    +
    1    35  0   0.0%   0.007 AU:3    +
   17    30  0   0.0%   0.142 UA:3    +
   19    28  0   0.0%   0.135 UG:3    +
    6    35  0   0.0%   0.061 GU:3    +
    3    40  0   0.0%   0.007 AU:3    +
    7    34  0   0.0%   0.090 AU:3    +
   30    63  0   0.0%   0.406 AU:3    +
    6    62  0   0.0%   0.183 GU:3    +
   18    33  0   0.0%   0.176 GU:3    +
   46    52  0   0.0%   1.188 GU:3    +
   42    63  0   0.0%   1.390 AU:3    +
   37    48  0   0.0%   1.060 UG:3    +
   40    61  0   0.0%   0.266 UG:3    +
   36    49  0   0.0%   1.005 UA:3    +
    1    58  0   0.0%   0.008 AU:3    +
   42    54  0   0.0%   1.593 AU:3    +
   38    47  0   0.0%   0.706 UG:3    +
    9    54  0   0.0%   0.098 AU:3    +
    5    41  0   0.0%   0.096 CG:3    +
    6    57  0   0.0%   0.076 GU:3    +
   53    58  0   0.0%   0.926 AU:3    +
    1    29  0   0.0%   0.007 AU:3    +
    2    40  0   0.0%   0.042 GU:3    +
    4    58  0   0.0%   0.049 AU:3    +
   18    29  0   0.0%   0.147 GU:3    +
   48    58  0   0.0%   0.935 GU:3    +
   47    59  0   0.0%   0.990 GC:3    +
    9    33  0   0.0%   0.087 AU:3    +
   49    57  0   0.0%   1.043 AU:3    +
   27    63  0   0.0%   0.692 AU:3    +
   12    25  0   0.0%   0.048 UA:3    +
   11    52  0   0.0%   0.025 AU:3    +
   57    61  0   0.0%   1.246 UG:3    +
    4    38  0   0.0%   0.019 AU:3    +
   46    56  0   0.0%   1.903 GC:3    +
   46    59  0   0.0%   1.223 GC:3    +
   19    27  0   0.0%   0.131 UA:3    +
   28    59  0   0.0%   0.768 GC:3    +
   56    60  0   0.0%   1.352 CG:3    +
   17    53  0   0.0%   0.182 UA:3    +
   30    55  0   0.0%   0.788 AU:3    +
   35    50  0   0.0%   0.904 UA:3    +
   47    55  0   0.0%   1.530 GU:3    +
   23    51  0   0.0%   0.238 GC:3    +
   31    60  0   0.0%   0.901 CG:3    +
    2    29  0   0.0%   0.040 GU:3    +
   18    56  0   0.0%   0.172 GC:3    +
    9    29  0   0.0%   0.088 AU:3    +
   54    61  0   0.0%   1.206 UG:3    +
   45    57  0   0.0%   1.917 AU:3    +
    2    17  0   0.0%   0.041 GU:3    +
   30    57  0   0.0%   1.073 AU:3    +
   26    63  0   0.0%   0.965 AU:3    +
   53    62  0   0.0%   0.538 AU:3    +
    6    29  0   0.0%   0.060 GU:3    +
   12    49  0   0.0%   0.049 UA:3    +
   38    48  0   0.0%   0.394 UG:3    +
   37    49  0   0.0%   0.817 UA:3    +
   27    58  0   0.0%   1.022 AU:3    +
   47    58  0   0.0%   1.247 GU:3    +
    6    33  0   0.0%   0.060 GU:3    +
   17    48  0   0.0%   0.179 UG:3    +
   11    55  0   0.0%   0.063 AU:3    +
   41    58  0   0.0%   1.399 GU:3    +
   40    47  0   0.0%   0.617 UG:3    +
   42    57  0   0.0%   2.069 AU:3    +
   24    63  0   0.0%   1.404 GU:3    +
   19    46  0   0.0%   0.171 UG:3    +
   12    24  0   0.0%   0.048 UG:3    +
   55    60  0   0.0%   1.212 UG:3    +
   48    54  0   0.0%   1.244 GU:3    +
   25    62  0   0.0%   1.241 AU:3    +
   25    63  0   0.0%   1.312 AU:3    +
.............(((((.((.(((.(((.((((..........)))).))).))))))))))
