3 sequence; length of alignment 48
alifold output
    4    18  0  91.9%   0.233 CG:3   
    3    19  0  91.7%   0.241 GC:3   
    5    17  0  91.3%   0.266 AU:3   
   26    34  0  90.8%   0.541 GC:3   
   25    35  0  90.7%   0.529 AU:3   
   24    36  0  90.6%   0.466 AU:3   
   23    37  0  90.1%   0.504 CG:3   
    6    16  0  88.7%   0.362 AU:3   
   27    33  0  82.3%   0.646 UA:3   
    7    15  0  78.1%   0.741 GU:3   
    8    13  0  12.6%   0.945 GC:3    +
   21    40  0   6.1%   0.737 GC:3    +
   40    47  0   5.0%   0.833 CG:3    +
   20    41  1   4.7%   0.518 AU:2    +
    7    13  0   3.4%   0.362 GC:3    +
   18    43  0   3.1%   0.510 GC:3    +
   17    44  0   3.1%   0.515 UA:3    +
   16    45  0   3.0%   0.552 UA:3    +
    6    35  0   2.7%   0.437 AU:3    +
    5    36  0   2.7%   0.397 AU:3    +
    4    37  0   2.7%   0.391 CG:3    +
    7    34  0   2.7%   0.709 GC:3    +
   17    24  0   2.7%   0.388 UA:3    +
   18    23  0   2.6%   0.394 GC:3    +
   34    47  0   2.6%   0.564 CG:3    +
   16    25  0   2.6%   0.488 UA:3    +
   15    26  0   2.5%   0.593 UG:3    +
   14    27  0   2.4%   0.342 AU:3    +
   35    46  0   2.4%   0.613 UA:3    +
   15    46  0   2.4%   0.605 UA:3    +
   36    45  0   2.2%   0.650 UA:3    +
   39    48  0   2.1%   0.444 UG:3    +
   41    46  1   2.5%   0.645 UA:2    +
   28    37  0   1.9%   0.497 CG:3    +
   27    38  0   1.8%   0.548 UA:3    +
    2    21  0   1.7%   0.302 CG:3    +
    9    27  0   1.5%   0.238 AU:3    +
   10    26  0   1.5%   0.221 CG:3    +
    8    28  0   1.5%   0.538 GC:3    +
   37    43  0   1.5%   0.587 GC:3    +
   26    39  0   1.5%   0.535 GU:3    +
   11    25  0   1.4%   0.201 UA:3    +
   12    29  0   1.4%   0.237 AU:3    +
   21    39  0   1.4%   0.366 GU:3    +
   11    30  0   1.4%   0.255 UA:3    +
   36    44  0   1.3%   0.467 UA:3    +
    7    29  0   1.3%   0.523 GU:3    +
   35    45  0   0.9%   0.425 UA:3    +
    1    21  0   0.9%   0.204 UG:3    +
    1    20  0   0.8%   0.154 UA:3    +
   13    47  0   0.7%   0.528 CG:3    +
    2     8  0   0.7%   0.133 CG:3    +
    1     9  0   0.5%   0.099 UA:3    +
    6    15  0   0.5%   0.082 AU:3    +
   20    39  0   0.4%   0.135 AU:3    +
   38    42  1   0.9%   0.215 AU:2    +
   13    48  0   0.4%   0.506 CG:3    +
    2     7  0   0.3%   0.058 CG:3    +
   10    21  0   0.3%   0.179 CG:3    +
   11    20  0   0.3%   0.093 UA:3    +
    8    22  0   0.3%   0.390 GC:3    +
    7    23  0   0.3%   0.392 GC:3    +
    2    47  0   0.3%   0.177 CG:3    +
   26    40  0   0.3%   0.550 GC:3    +
    5    16  0   0.3%   0.048 AU:3    +
   31    47  0   0.3%   0.136 CG:3    +
   40    48  0   0.2%   0.514 CG:3    +
   32    46  0   0.2%   0.161 UA:3    +
   43    47  0   0.2%   0.575 CG:3    +
    1     8  0   0.2%   0.039 UG:3    +
   13    21  0   0.2%   0.556 CG:3    +
   13    18  0   0.2%   0.486 CG:3    +
    9    32  0   0.2%   0.136 AU:3    +
    3    22  0   0.1%   0.110 GC:3    +
   22    37  0   0.1%   0.160 CG:3    +
    4    21  0   0.1%   0.217 CG:3    +
   43    48  0   0.1%   0.370 CG:3    +
   26    31  0   0.1%   0.203 GC:3    +
    7    16  0   0.1%   0.475 GU:3    +
   25    32  0   0.1%   0.196 AU:3    +
    8    15  0   0.1%   0.553 GU:3    +
   21    43  0   0.1%   0.529 GC:3    +
    4    26  0   0.1%   0.109 CG:3    +
    9    15  0   0.1%   0.278 AU:3    +
    1    48  0   0.1%   0.145 UG:3    +
    3    27  0   0.1%   0.110 GU:3    +
   22    48  0   0.1%   0.095 CG:3    +
   23    47  0   0.1%   0.290 CG:3    +
    8    16  0   0.1%   0.464 GU:3    +
    6    17  0   0.1%   0.232 AU:3    +
   10    48  0   0.1%   0.114 CG:3    +
   11    47  0   0.1%   0.178 UG:3    +
   34    48  0   0.1%   0.342 CG:3    +
   35    47  0   0.1%   0.523 UG:3    +
   10    47  0   0.1%   0.117 CG:3    +
   21    28  0   0.1%   0.234 GC:3    +
   20    29  0   0.1%   0.189 AU:3    +
   36    46  0   0.1%   0.544 UA:3    +
   31    48  0   0.0%   0.085 CG:3    +
   22    26  0   0.0%   0.204 CG:3    +
   11    46  0   0.0%   0.149 UA:3    +
    8    17  0   0.0%   0.424 GU:3    +
    9    16  0   0.0%   0.182 AU:3    +
    3    39  0   0.0%   0.114 GU:3    +
   32    47  0   0.0%   0.136 UG:3    +
   15    21  0   0.0%   0.396 UG:3    +
    3    31  0   0.0%   0.107 GC:3    +
    2    48  0   0.0%   0.157 CG:3    +
    3    40  0   0.0%   0.115 GC:3    +
   21    27  0   0.0%   0.323 GU:3    +
    2    37  0   0.0%   0.130 CG:3    +
    1    38  0   0.0%   0.129 UA:3    +
   28    47  0   0.0%   0.223 CG:3    +
    7    17  0   0.0%   0.432 GU:3    +
   29    46  0   0.0%   0.222 UA:3    +
   15    20  0   0.0%   0.298 UA:3    +
   22    47  0   0.0%   0.111 CG:3    +
   16    20  0   0.0%   0.205 UA:3    +
   39    46  0   0.0%   0.361 UA:3    +
   21    31  0   0.0%   0.171 GC:3    +
    3    10  0   0.0%   0.006 GC:3    +
   20    32  0   0.0%   0.083 AU:3    +
    6    32  0   0.0%   0.145 AU:3    +
   39    44  0   0.0%   0.315 UA:3    +
   39    45  0   0.0%   0.386 UA:3    +
    7    19  0   0.0%   0.422 GC:3    +
    7    31  0   0.0%   0.420 GC:3    +
   10    18  0   0.0%   0.084 CG:3    +
   31    37  0   0.0%   0.299 CG:3    +
    3    36  0   0.0%   0.106 GU:3    +
    8    19  0   0.0%   0.410 GC:3    +
   27    48  0   0.0%   0.442 UG:3    +
   30    35  0   0.0%   0.250 AU:3    +
   16    46  0   0.0%   0.438 UA:3    +
    9    17  0   0.0%   0.136 AU:3    +
   29    33  0   0.0%   0.283 UA:3    +
    3    34  0   0.0%   0.104 GC:3    +
   39    47  0   0.0%   0.345 UG:3    +
    3    28  0   0.0%   0.100 GC:3    +
   17    45  0   0.0%   0.407 UA:3    +
   15    47  0   0.0%   0.488 UG:3    +
    6    29  0   0.0%   0.141 AU:3    +
   21    34  0   0.0%   0.263 GC:3    +
   16    21  0   0.0%   0.296 UG:3    +
   30    36  0   0.0%   0.251 AU:3    +
   15    45  0   0.0%   0.337 UA:3    +
    3    43  0   0.0%   0.111 GC:3    +
   15    24  0   0.0%   0.243 UA:3    +
   20    35  0   0.0%   0.167 AU:3    +
    8    31  0   0.0%   0.415 GC:3    +
    4     8  0   0.0%   0.048 CG:3    +
   16    44  0   0.0%   0.240 UA:3    +
   13    26  0   0.0%   0.469 CG:3    +
    8    34  0   0.0%   0.510 GC:3    +
   12    27  0   0.0%   0.072 AU:3    +
    7    28  0   0.0%   0.359 GC:3    +
   18    22  0   0.0%   0.118 GC:3    +
    1    45  0   0.0%   0.125 UA:3    +
    1    47  0   0.0%   0.126 UG:3    +
    1    46  0   0.0%   0.126 UA:3    +
    7    11  0   0.0%   0.021 GU:3    +
    1    44  0   0.0%   0.125 UA:3    +
    7    35  0   0.0%   0.612 GU:3    +
    5    15  0   0.0%   0.001 AU:3    +
    3    13  0   0.0%   0.003 GC:3    +
   32    48  0   0.0%   0.087 UG:3    +
   16    24  0   0.0%   0.145 UA:3    +
   26    43  0   0.0%   0.461 GC:3    +
    5    32  0   0.0%   0.101 AU:3    +
   19    26  0   0.0%   0.248 CG:3    +
    7    32  0   0.0%   0.417 GU:3    +
   18    40  0   0.0%   0.190 GC:3    +
   20    27  0   0.0%   0.223 AU:3    +
    6    11  0   0.0%   0.001 AU:3    +
    6    36  0   0.0%   0.340 AU:3    +
   18    27  0   0.0%   0.348 GU:3    +
   25    36  0   0.0%   0.442 AU:3    +
   11    24  0   0.0%   0.020 UA:3    +
   29    37  0   0.0%   0.400 UG:3    +
    8    32  0   0.0%   0.413 GU:3    +
    8    40  0   0.0%   0.414 GC:3    +
   25    39  0   0.0%   0.338 AU:3    +
   26    35  0   0.0%   0.455 GU:3    +
    4    47  0   0.0%   0.211 CG:3    +
   12    17  0   0.0%   0.096 AU:3    +
    9    39  0   0.0%   0.118 AU:3    +
   15    25  0   0.0%   0.303 UA:3    +
   11    48  0   0.0%   0.161 UG:3    +
   17    25  0   0.0%   0.349 UA:3    +
    2    18  0   0.0%   0.054 CG:3    +
    2    26  0   0.0%   0.123 CG:3    +
    3    17  0   0.0%   0.003 GU:3    +
   24    29  0   0.0%   0.219 AU:3    +
   16    26  0   0.0%   0.403 UG:3    +
    5    11  0   0.0%   0.001 AU:3    +
   28    48  0   0.0%   0.189 CG:3    +
    8    27  0   0.0%   0.352 GU:3    +
    3    32  0   0.0%   0.102 GU:3    +
   11    18  0   0.0%   0.081 UG:3    +
   26    32  0   0.0%   0.201 GU:3    +
   35    44  0   0.0%   0.298 UA:3    +
   16    47  0   0.0%   0.407 UG:3    +
   29    47  0   0.0%   0.198 UG:3    +
    1     6  0   0.0%   0.000 UA:3    +
    1    24  0   0.0%   0.121 UA:3    +
    8    23  0   0.0%   0.363 GC:3    +
    7    22  0   0.0%   0.349 GC:3    +
   29    38  0   0.0%   0.198 UA:3    +
   15    48  0   0.0%   0.459 UG:3    +
   17    21  0   0.0%   0.249 UG:3    +
    7    40  0   0.0%   0.516 GC:3    +
   17    46  0   0.0%   0.395 UA:3    +
   24    32  0   0.0%   0.113 AU:3    +
    1    33  0   0.0%   0.121 UA:3    +
   12    16  0   0.0%   0.140 AU:3    +
   23    48  0   0.0%   0.253 CG:3    +
   24    35  0   0.0%   0.199 AU:3    +
   20    36  0   0.0%   0.168 AU:3    +
    1     7  0   0.0%   0.000 UG:3    +
    4    48  0   0.0%   0.202 CG:3    +
   25    29  0   0.0%   0.276 AU:3    +
    1    30  0   0.0%   0.121 UA:3    +
   21    29  0   0.0%   0.280 GU:3    +
   30    39  0   0.0%   0.206 AU:3    +
    1     5  0   0.0%   0.000 UA:3    +
   24    39  0   0.0%   0.272 AU:3    +
   11    33  0   0.0%   0.138 UA:3    +
    7    43  0   0.0%   0.514 GC:3    +
    1    12  0   0.0%   0.042 UA:3    +
   12    32  0   0.0%   0.074 AU:3    +
   36    47  0   0.0%   0.527 UG:3    +
    8    43  0   0.0%   0.411 GC:3    +
   18    31  0   0.0%   0.191 GC:3    +
   32    37  0   0.0%   0.303 UG:3    +
    8    39  0   0.0%   0.414 GU:3    +
   32    38  0   0.0%   0.100 UA:3    +
   19    37  0   0.0%   0.183 CG:3    +
   32    45  0   0.0%   0.129 UA:3    +
   21    35  0   0.0%   0.262 GU:3    +
   29    48  0   0.0%   0.166 UG:3    +
    1    25  0   0.0%   0.121 UA:3    +
    3    11  0   0.0%   0.002 GU:3    +
   19    47  0   0.0%   0.145 CG:3    +
    5    35  0   0.0%   0.100 AU:3    +
   13    37  0   0.0%   0.498 CG:3    +
    5    29  0   0.0%   0.100 AU:3    +
   14    36  0   0.0%   0.190 AU:3    +
   21    32  0   0.0%   0.176 GU:3    +
   15    30  0   0.0%   0.393 UA:3    +
   18    28  0   0.0%   0.251 GC:3    +
    5    27  0   0.0%   0.106 AU:3    +
   35    48  0   0.0%   0.378 UG:3    +
   26    36  0   0.0%   0.456 GU:3    +
   11    21  0   0.0%   0.158 UG:3    +
   15    44  0   0.0%   0.335 UA:3    +
   10    37  0   0.0%   0.187 CG:3    +
   17    26  0   0.0%   0.358 UG:3    +
    3    35  0   0.0%   0.102 GU:3    +
   14    29  0   0.0%   0.206 AU:3    +
    3    23  0   0.0%   0.091 GC:3    +
   32    44  0   0.0%   0.131 UA:3    +
   21    36  0   0.0%   0.263 GU:3    +
   17    47  0   0.0%   0.364 UG:3    +
   33    39  0   0.0%   0.308 AU:3    +
   25    41  1   0.2%   0.445 AU:2    +
   41    47  1   0.2%   0.634 UG:2    +
   24    42  1   0.1%   0.219 AU:2    +
   21    41  1   0.1%   0.550 GU:2    +
   42    46  1   0.1%   0.366 UA:2    +
   20    42  1   0.1%   0.245 AU:2    +
   42    48  1   0.1%   0.219 UG:2    +
   24    41  1   0.0%   0.345 AU:2    +
   42    47  1   0.0%   0.418 UG:2    +
   41    45  1   0.0%   0.403 UA:2    +
   41    48  1   0.0%   0.416 UG:2    +
   21    42  1   0.0%   0.403 GU:2    +
   25    42  1   0.0%   0.280 AU:2    +
    7    41  1   0.0%   0.514 GU:2    +
   37    42  1   0.0%   0.293 GU:2    +
    6    42  1   0.0%   0.240 AU:2    +
    6    41  1   0.0%   0.240 AU:2    +
    3    41  1   0.0%   0.110 GU:2    +
   18    42  1   0.0%   0.187 GU:2    +
    5    42  1   0.0%   0.199 AU:2    +
    9    42  1   0.0%   0.114 AU:2    +
    3    42  1   0.0%   0.110 GU:2    +
   26    41  1   0.0%   0.509 GU:2    +
    8    42  1   0.0%   0.411 GU:2    +
   33    42  1   0.0%   0.174 AU:2    +
   37    41  1   0.0%   0.445 GU:2    +
   18    41  1   0.0%   0.187 GU:2    +
   26    42  1   0.0%   0.357 GU:2    +
    9    41  1   0.0%   0.114 AU:2    +
..(((((.......)))))...(((((.....)))))...........
