3 sequence; length of alignment 98
alifold output
   56    84  0  98.0%   0.108 CG:3   
   55    85  0  98.0%   0.169 GC:3   
   57    83  0  98.0%   0.154 UA:3   
   58    82  0  97.8%   0.179 GC:3   
   44    94  0  97.3%   0.188 CG:3   
   45    93  0  97.3%   0.197 GC:3   
   43    95  0  97.0%   0.161 GC:3   
   52    87  0  96.7%   0.197 GC:3   
   46    92  0  95.9%   0.264 GU:3   
   53    86  0  95.7%   0.218 UA:3   
   61    79  0  95.5%   0.216 GC:3   
   60    80  0  92.9%   0.279 AU:3   
   13    22  0  90.7%   0.270 GC:3   
   14    21  0  90.6%   0.268 AU:3   
   15    20  0  90.2%   0.284 CG:3   
   51    88  0  89.8%   0.362 UA:3   
   47    91  0  89.3%   0.398 UA:3   
    9    26  0  87.9%   0.342 UA:3   
    3    34  0  87.9%   0.424 CG:3   
    4    33  0  87.6%   0.514 CG:3   
   10    25  0  87.2%   0.424 GC:3   
    2    35  0  87.1%   0.365 GU:3   
    8    27  0  86.5%   0.378 CG:3   
   66    73  0  74.1%   0.858 CG:3   
    1    36  0  72.7%   0.700 UA:3   
   65    74  0  71.4%   0.850 UA:3   
   39    97  0  31.0%   1.366 GC:3    +
   40    96  0  26.6%   1.315 UA:3    +
   38    98  0  25.9%   1.121 AU:3    +
   49    89  0  18.5%   1.021 UA:3    +
   15    28  0   8.9%   0.914 CG:3    +
   14    29  0   8.9%   0.926 AU:3    +
   18    25  0   8.8%   0.764 GC:3    +
   13    30  0   8.8%   0.737 GC:3    +
   19    24  0   8.8%   0.711 GC:3    +
    7    35  0   8.3%   0.882 AU:3    +
    8    34  0   8.2%   1.008 CG:3    +
    6    36  0   8.1%   0.896 UA:3    +
    9    33  0   7.8%   1.054 UG:3    +
    3    39  0   7.0%   0.756 CG:3    +
    2    40  0   6.3%   0.647 GU:3    +
    7    29  0   4.6%   0.471 AU:3    +
    8    28  0   3.9%   0.547 CG:3    +
    9    27  0   2.5%   0.522 UG:3    +
   11    23  0   2.4%   0.275 AU:3    +
    4    32  0   2.2%   0.257 CG:3    +
    3    33  0   1.9%   0.235 CG:3    +
   10    24  0   1.6%   0.196 GC:3    +
   54    70  0   1.5%   0.223 CG:3    +
   53    71  0   1.5%   0.215 UA:3    +
   58    66  0   1.5%   0.218 GC:3    +
   55    69  0   1.5%   0.214 GC:3    +
   52    72  0   1.5%   0.234 GC:3    +
   57    67  0   1.5%   0.215 UA:3    +
   59    65  0   1.4%   0.194 AU:3    +
   41    96  0   1.3%   0.607 UA:3    +
    4    37  0   1.0%   0.347 CG:3    +
   31    45  0   1.0%   0.184 CG:3    +
   32    44  0   1.0%   0.269 GC:3    +
   30    46  0   1.0%   0.360 CG:3    +
    5    29  0   1.0%   0.138 AU:3    +
   85    94  0   0.9%   0.253 CG:3    +
   84    95  0   0.9%   0.249 GC:3    +
   34    42  0   0.8%   0.474 GC:3    +
    6    28  0   0.8%   0.124 UG:3    +
   28    48  0   0.8%   0.509 GC:3    +
   37    42  0   0.7%   0.220 GC:3    +
    2    95  0   0.7%   0.424 GC:3    +
    3    94  0   0.7%   0.502 CG:3    +
   10    31  0   0.7%   0.292 GC:3    +
    9    32  0   0.6%   0.397 UG:3    +
   52    90  0   0.6%   0.250 GC:3    +
   64    73  0   0.6%   0.185 CG:3    +
   53    89  0   0.6%   0.570 UA:3    +
   47    74  0   0.6%   0.121 UA:3    +
   46    75  0   0.6%   0.163 GU:3    +
   45    76  0   0.5%   0.154 GC:3    +
   48    73  0   0.5%   0.172 CG:3    +
   62    79  0   0.5%   0.244 GC:3    +
    1    96  0   0.5%   0.335 UA:3    +
   39    79  0   0.5%   0.312 GC:3    +
   40    78  0   0.5%   0.266 UA:3    +
   61    80  0   0.5%   0.292 GU:3    +
   38    80  0   0.5%   0.121 AU:3    +
   51    73  0   0.5%   0.156 UG:3    +
   41    77  0   0.5%   0.106 UA:3    +
   38    49  0   0.4%   0.094 AU:3    +
   39    48  0   0.4%   0.313 GC:3    +
   37    50  0   0.4%   0.175 GC:3    +
    8    33  0   0.4%   0.518 CG:3    +
   62    76  0   0.4%   0.172 GC:3    +
   59    80  0   0.4%   0.175 AU:3    +
   51    91  0   0.4%   0.356 UA:3    +
   47    89  0   0.3%   0.126 UA:3    +
   46    90  0   0.3%   0.174 GC:3    +
   51    89  0   0.3%   0.555 UA:3    +
   36    51  0   0.3%   0.497 AU:3    +
   50    73  0   0.2%   0.110 CG:3    +
    2    85  0   0.2%   0.342 GC:3    +
    3    84  0   0.2%   0.421 CG:3    +
   49    74  0   0.2%   0.120 UA:3    +
   62    75  0   0.2%   0.115 GU:3    +
   61    76  0   0.2%   0.105 GC:3    +
   42    94  0   0.2%   0.170 CG:3    +
   46    79  0   0.2%   0.158 GC:3    +
   43    93  0   0.2%   0.068 GC:3    +
   55    63  0   0.2%   0.051 GC:3    +
   56    62  0   0.2%   0.055 CG:3    +
   52    66  0   0.2%   0.051 GC:3    +
   47    78  0   0.2%   0.107 UA:3    +
   33    42  0   0.2%   0.454 GC:3    +
   51    67  0   0.1%   0.054 UA:3    +
   45    80  0   0.1%   0.148 GU:3    +
   37    82  0   0.1%   0.161 GC:3    +
    1    86  0   0.1%   0.270 UA:3    +
   70    76  0   0.1%   0.202 GC:3    +
    5    92  0   0.1%   0.078 AU:3    +
   47    71  0   0.1%   0.041 UA:3    +
   48    70  0   0.1%   0.104 CG:3    +
   34    41  0   0.1%   0.360 GU:3    +
    6    91  0   0.1%   0.287 UA:3    +
   46    72  0   0.1%   0.090 GC:3    +
   57    61  0   0.1%   0.048 UG:3    +
   19    25  0   0.1%   0.575 GC:3    +
   20    24  0   0.1%   0.398 GC:3    +
    6    32  0   0.1%   0.152 UG:3    +
   35    52  0   0.1%   0.364 UG:3    +
   71    75  0   0.1%   0.164 AU:3    +
   44    84  0   0.1%   0.091 CG:3    +
   43    85  0   0.1%   0.058 GC:3    +
   10    76  0   0.1%   0.246 GC:3    +
   11    75  0   0.1%   0.117 AU:3    +
   62    72  0   0.1%   0.130 GC:3    +
    9    77  0   0.1%   0.464 UA:3    +
   12    74  0   0.1%   0.031 UA:3    +
   27    49  0   0.1%   0.250 GU:3    +
    4    39  0   0.1%   0.455 CG:3    +
   18    31  0   0.1%   0.272 GC:3    +
   19    30  0   0.1%   0.459 GC:3    +
   22    61  0   0.1%   0.115 CG:3    +
   21    62  0   0.1%   0.113 UG:3    +
   20    63  0   0.1%   0.127 GC:3    +
   19    64  0   0.1%   0.251 GC:3    +
   39    90  0   0.1%   0.287 GC:3    +
   40    89  0   0.1%   0.241 UA:3    +
   15    34  0   0.1%   0.651 CG:3    +
   23    60  0   0.1%   0.112 UA:3    +
   20    29  0   0.1%   0.523 GU:3    +
   14    35  0   0.1%   0.652 AU:3    +
   41    88  0   0.1%   0.071 UA:3    +
   39    82  0   0.1%   0.285 GC:3    +
   25    58  0   0.1%   0.364 CG:3    +
   26    57  0   0.1%   0.136 AU:3    +
   59    75  0   0.1%   0.121 AU:3    +
   58    76  0   0.1%   0.133 GC:3    +
   40    81  0   0.1%   0.236 UA:3    +
   27    50  0   0.1%   0.251 GC:3    +
   42    73  0   0.1%   0.111 CG:3    +
   69    73  0   0.1%   0.420 CG:3    +
   27    56  0   0.1%   0.255 GC:3    +
   43    72  0   0.1%   0.024 GC:3    +
   18    65  0   0.1%   0.237 GU:3    +
   51    83  0   0.1%   0.078 UA:3    +
   50    84  0   0.1%   0.089 CG:3    +
   64    70  0   0.1%   0.112 CG:3    +
   35    81  0   0.1%   0.362 UA:3    +
   34    82  0   0.1%   0.403 GC:3    +
   52    82  0   0.1%   0.130 GC:3    +
   33    54  0   0.1%   0.450 GC:3    +
   41    74  0   0.1%   0.043 UA:3    +
   57    77  0   0.1%   0.124 UA:3    +
   26    51  0   0.1%   0.131 AU:3    +
   37    93  0   0.1%   0.158 GC:3    +
   38    92  0   0.1%   0.090 AU:3    +
   65    71  0   0.1%   0.159 UA:3    +
   10    93  0   0.1%   0.248 GC:3    +
   11    92  0   0.1%   0.127 AU:3    +
   12    91  0   0.1%   0.042 UA:3    +
   34    53  0   0.1%   0.396 GU:3    +
   36    80  0   0.1%   0.478 AU:3    +
   53    81  0   0.1%   0.103 UA:3    +
   37    79  0   0.1%   0.136 GC:3    +
   12    32  0   0.1%   0.145 UG:3    +
   13    90  0   0.1%   0.327 GC:3    +
   43    82  0   0.1%   0.049 GC:3    +
   63    70  0   0.1%   0.119 CG:3    +
   46    63  0   0.1%   0.070 GC:3    +
   47    62  0   0.1%   0.026 UG:3    +
   48    61  0   0.1%   0.087 CG:3    +
   66    70  0   0.1%   0.181 CG:3    +
   45    64  0   0.1%   0.070 GC:3    +
   39    85  0   0.1%   0.285 GC:3    +
   40    84  0   0.1%   0.244 UG:3    +
   22    27  0   0.1%   0.322 CG:3    +
   55    79  0   0.1%   0.134 GC:3    +
   25    52  0   0.0%   0.356 CG:3    +
   21    28  0   0.0%   0.487 UG:3    +
   41    83  0   0.0%   0.064 UA:3    +
   37    98  0   0.0%   0.159 GU:3    +
    6    81  0   0.0%   0.268 UA:3    +
   50    58  0   0.0%   0.051 CG:3    +
    8    39  0   0.0%   0.688 CG:3    +
    9    38  0   0.0%   0.454 UA:3    +
    7    80  0   0.0%   0.361 AU:3    +
   37    97  0   0.0%   0.155 GC:3    +
   28    47  0   0.0%   0.402 GU:3    +
    2    42  0   0.0%   0.309 GC:3    +
    7    40  0   0.0%   0.532 AU:3    +
   31    55  0   0.0%   0.103 CG:3    +
   13    31  0   0.0%   0.352 GC:3    +
   32    54  0   0.0%   0.188 GC:3    +
   53    62  0   0.0%   0.030 UG:3    +
    5    12  0   0.0%   0.009 AU:3    +
   54    61  0   0.0%   0.033 CG:3    +
   52    63  0   0.0%   0.035 GC:3    +
    4    13  0   0.0%   0.009 CG:3    +
   49    91  0   0.0%   0.493 UA:3    +
   44    70  0   0.0%   0.061 CG:3    +
   27    48  0   0.0%   0.235 GC:3    +
    6    11  0   0.0%   0.008 UA:3    +
    3    37  0   0.0%   0.206 CG:3    +
   63    73  0   0.0%   0.112 CG:3    +
    1    37  0   0.0%   0.243 UG:3    +
   49    60  0   0.0%   0.052 UA:3    +
   73    93  0   0.0%   0.395 GC:3    +
    3    32  0   0.0%   0.010 CG:3    +
   74    92  0   0.0%   0.362 AU:3    +
    9    36  0   0.0%   0.883 UA:3    +
   36    41  0   0.0%   0.461 AU:3    +
    8    37  0   0.0%   0.540 CG:3    +
   43    75  0   0.0%   0.028 GU:3    +
   15    19  0   0.0%   0.009 CG:3    +
   67    75  0   0.0%   0.139 AU:3    +
   33    53  0   0.0%   0.438 GU:3    +
   26    49  0   0.0%   0.122 AU:3    +
   39    98  0   0.0%   0.996 GU:3    +
   10    35  0   0.0%   0.557 GU:3    +
   43    66  0   0.0%   0.012 GC:3    +
   75    91  0   0.0%   0.214 UA:3    +
   62    69  0   0.0%   0.105 GC:3    +
   46    69  0   0.0%   0.066 GC:3    +
   34    54  0   0.0%   0.399 GC:3    +
   47    68  0   0.0%   0.019 UA:3    +
    9    94  0   0.0%   0.496 UG:3    +
   45    69  0   0.0%   0.063 GC:3    +
   11    29  0   0.0%   0.288 AU:3    +
   22    28  0   0.0%   0.489 CG:3    +
   10    30  0   0.0%   0.192 GC:3    +
    1    38  0   0.0%   0.244 UA:3    +
   12    28  0   0.0%   0.178 UG:3    +
   39    69  0   0.0%   0.230 GC:3    +
   40    68  0   0.0%   0.190 UA:3    +
   49    59  0   0.0%   0.044 UA:3    +
   41    67  0   0.0%   0.024 UA:3    +
   61    72  0   0.0%   0.111 GC:3    +
   37    48  0   0.0%   0.139 GC:3    +
   38    47  0   0.0%   0.017 AU:3    +
   49    88  0   0.0%   0.067 UA:3    +
    1    34  0   0.0%   0.007 UG:3    +
   39    76  0   0.0%   0.241 GC:3    +
   46    93  0   0.0%   0.217 GC:3    +
   23    27  0   0.0%   0.322 UG:3    +
   72    94  0   0.0%   0.171 CG:3    +
   36    98  0   0.0%   0.470 AU:3    +
   32    93  0   0.0%   0.193 GC:3    +
    2    41  0   0.0%   0.303 GU:3    +
    5    35  0   0.0%   0.173 AU:3    +
   31    94  0   0.0%   0.140 CG:3    +
    3    28  0   0.0%   0.005 CG:3    +
   37    87  0   0.0%   0.143 GC:3    +
   65    73  0   0.0%   0.185 UG:3    +
   22    37  0   0.0%   0.153 CG:3    +
   84    90  0   0.0%   0.117 GC:3    +
   28    63  0   0.0%   0.445 GC:3    +
   28    97  0   0.0%   0.443 GC:3    +
   10    87  0   0.0%   0.238 GC:3    +
   28    49  0   0.0%   0.445 GU:3    +
   27    64  0   0.0%   0.255 GC:3    +
   13    72  0   0.0%   0.316 GC:3    +
    2    15  0   0.0%   0.004 GC:3    +
   29    62  0   0.0%   0.422 UG:3    +
   68    75  0   0.0%   0.070 AU:3    +
   21    38  0   0.0%   0.104 UA:3    +
   45    54  0   0.0%   0.063 GC:3    +
    9    88  0   0.0%   0.457 UA:3    +
   44    55  0   0.0%   0.055 CG:3    +
   29    96  0   0.0%   0.447 UA:3    +
   23    36  0   0.0%   0.537 UA:3    +
    1    39  0   0.0%   0.244 UG:3    +
    6    34  0   0.0%   0.170 UG:3    +
   43    56  0   0.0%   0.012 GC:3    +
    2    29  0   0.0%   0.006 GU:3    +
   30    61  0   0.0%   0.280 CG:3    +
   61    69  0   0.0%   0.099 GC:3    +
   32    57  0   0.0%   0.191 GU:3    +
   36    49  0   0.0%   0.458 AU:3    +
   33    56  0   0.0%   0.447 GC:3    +
   26    65  0   0.0%   0.135 AU:3    +
   21    74  0   0.0%   0.112 UA:3    +
   22    73  0   0.0%   0.108 CG:3    +
   20    75  0   0.0%   0.127 GU:3    +
   65    77  0   0.0%   0.356 UA:3    +
   34    90  0   0.0%   0.402 GC:3    +
   19    76  0   0.0%   0.250 GC:3    +
   31    58  0   0.0%   0.106 CG:3    +
    4    27  0   0.0%   0.008 CG:3    +
   24    34  0   0.0%   0.621 CG:3    +
   35    89  0   0.0%   0.354 UA:3    +
   13    24  0   0.0%   0.160 GC:3    +
   25    33  0   0.0%   0.764 CG:3    +
   14    23  0   0.0%   0.183 AU:3    +
   33    92  0   0.0%   0.457 GU:3    +
    1    16  0   0.0%   0.004 UA:3    +
   42    58  0   0.0%   0.102 CG:3    +
   41    59  0   0.0%   0.021 UA:3    +
    8    32  0   0.0%   0.349 CG:3    +
   36    40  0   0.0%   0.623 AU:3    +
   30    37  0   0.0%   0.281 CG:3    +
   43    76  0   0.0%   0.028 GC:3    +
   38    65  0   0.0%   0.044 AU:3    +
   37    66  0   0.0%   0.124 GC:3    +
   34    97  0   0.0%   0.400 GC:3    +
   40    60  0   0.0%   0.191 UA:3    +
   35    96  0   0.0%   0.383 UA:3    +
   39    64  0   0.0%   0.233 GC:3    +
   46    82  0   0.0%   0.132 GC:3    +
   29    38  0   0.0%   0.420 UA:3    +
   73    82  0   0.0%   0.392 GC:3    +
   49    71  0   0.0%   0.055 UA:3    +
   50    70  0   0.0%   0.054 CG:3    +
   47    81  0   0.0%   0.076 UA:3    +
   43    79  0   0.0%   0.049 GC:3    +
   31    37  0   0.0%   0.104 CG:3    +
   25    32  0   0.0%   0.475 CG:3    +
   46    53  0   0.0%   0.058 GU:3    +
   39    87  0   0.0%   0.269 GC:3    +
   15    70  0   0.0%   0.322 CG:3    +
   24    33  0   0.0%   0.707 CG:3    +
   37    76  0   0.0%   0.132 GC:3    +
   79    84  0   0.0%   0.173 CG:3    +
   70    95  0   0.0%   0.172 GC:3    +
   38    75  0   0.0%   0.046 AU:3    +
   32    42  0   0.0%   0.138 GC:3    +
   40    86  0   0.0%   0.235 UA:3    +
   19    40  0   0.0%   0.412 GU:3    +
   40    46  0   0.0%   0.230 UG:3    +
   18    66  0   0.0%   0.230 GC:3    +
   11    21  0   0.0%   0.005 AU:3    +
   33    41  0   0.0%   0.424 GU:3    +
   42    70  0   0.0%   0.098 CG:3    +
   12    20  0   0.0%   0.006 UG:3    +
   44    73  0   0.0%   0.061 CG:3    +
   24    58  0   0.0%   0.293 CG:3    +
   46    76  0   0.0%   0.136 GC:3    +
   43    69  0   0.0%   0.010 GC:3    +
   40    45  0   0.0%   0.229 UG:3    +
   10    22  0   0.0%   0.003 GC:3    +
   87    94  0   0.0%   0.161 CG:3    +
   20    30  0   0.0%   0.332 GC:3    +
   31    52  0   0.0%   0.099 CG:3    +
   19    31  0   0.0%   0.277 GC:3    +
   73    79  0   0.0%   0.457 GC:3    +
   32    51  0   0.0%   0.185 GU:3    +
    2    31  0   0.0%   0.005 GC:3    +
   33    50  0   0.0%   0.437 GC:3    +
   41    71  0   0.0%   0.025 UA:3    +
   21    71  0   0.0%   0.103 UA:3    +
   22    70  0   0.0%   0.106 CG:3    +
   20    72  0   0.0%   0.118 GC:3    +
   23    71  0   0.0%   0.104 UA:3    +
   24    70  0   0.0%   0.295 CG:3    +
   12    86  0   0.0%   0.030 UA:3    +
    2    97  0   0.0%   0.355 GC:3    +
   13    85  0   0.0%   0.328 GC:3    +
   49    86  0   0.0%   0.068 UA:3    +
   42    84  0   0.0%   0.118 CG:3    +
   37    41  0   0.0%   0.074 GU:3    +
    2    44  0   0.0%   0.305 GC:3    +
    3    43  0   0.0%   0.385 CG:3    +
   29    55  0   0.0%   0.413 UG:3    +
   34    40  0   0.0%   0.510 GU:3    +
   39    72  0   0.0%   0.229 GC:3    +
   12    73  0   0.0%   0.013 UG:3    +
   18    41  0   0.0%   0.225 GU:3    +
   18    42  0   0.0%   0.227 GC:3    +
   28    50  0   0.0%   0.440 GC:3    +
   41    45  0   0.0%   0.065 UG:3    +
   13    82  0   0.0%   0.316 GC:3    +
   53    88  0   0.0%   0.229 UA:3    +
    4    10  0   0.0%   0.002 CG:3    +
    9    83  0   0.0%   0.454 UA:3    +
    2    82  0   0.0%   0.306 GC:3    +
   10    82  0   0.0%   0.234 GC:3    +
    8    18  0   0.0%   0.002 CG:3    +
   40    71  0   0.0%   0.189 UA:3    +
   76    84  0   0.0%   0.141 CG:3    +
   34    50  0   0.0%   0.387 GC:3    +
   14    53  0   0.0%   0.313 AU:3    +
   15    52  0   0.0%   0.320 CG:3    +
   28    56  0   0.0%   0.440 GC:3    +
   12    83  0   0.0%   0.021 UA:3    +
    9    17  0   0.0%   0.002 UA:3    +
    8    84  0   0.0%   0.501 CG:3    +
   19    41  0   0.0%   0.236 GU:3    +
   13    54  0   0.0%   0.312 GC:3    +
   86    92  0   0.0%   0.119 AU:3    +
   65    78  0   0.0%   0.355 UA:3    +
   51    86  0   0.0%   0.076 UA:3    +
   29    71  0   0.0%   0.416 UA:3    +
   28    72  0   0.0%   0.439 GC:3    +
   45    72  0   0.0%   0.065 GC:3    +
    1    32  0   0.0%   0.002 UG:3    +
   23    34  0   0.0%   0.423 UG:3    +
    1    83  0   0.0%   0.243 UA:3    +
   41    70  0   0.0%   0.024 UG:3    +
   34    69  0   0.0%   0.389 GC:3    +
   34    85  0   0.0%   0.407 GC:3    +
   30    70  0   0.0%   0.274 CG:3    +
   23    59  0   0.0%   0.097 UA:3    +
   33    51  0   0.0%   0.437 GU:3    +
   35    68  0   0.0%   0.345 UA:3    +
    5    40  0   0.0%   0.225 AU:3    +
   10    15  0   0.0%   0.003 GC:3    +
   31    39  0   0.0%   0.244 CG:3    +
   28    54  0   0.0%   0.435 GC:3    +
   60    65  0   0.0%   0.079 AU:3    +
   28    87  0   0.0%   0.440 GC:3    +
   35    84  0   0.0%   0.364 UG:3    +
   20    40  0   0.0%   0.288 GU:3    +
   48    84  0   0.0%   0.134 CG:3    +
   33    98  0   0.0%   0.442 GU:3    +
   45    79  0   0.0%   0.118 GC:3    +
   43    97  0   0.0%   0.437 GC:3    +
   29    86  0   0.0%   0.426 UA:3    +
    6    39  0   0.0%   0.450 UG:3    +
   34    63  0   0.0%   0.395 GC:3    +
   33    64  0   0.0%   0.447 GC:3    +
   18    24  0   0.0%   0.068 GC:3    +
    5     9  0   0.0%   0.001 AU:3    +
   51    74  0   0.0%   0.112 UA:3    +
   42    46  0   0.0%   0.139 CG:3    +
   41    46  0   0.0%   0.065 UG:3    +
   18    50  0   0.0%   0.224 GC:3    +
   35    62  0   0.0%   0.352 UG:3    +
    2    90  0   0.0%   0.318 GC:3    +
   32    56  0   0.0%   0.188 GC:3    +
    4    19  0   0.0%   0.005 CG:3    +
    3    20  0   0.0%   0.001 CG:3    +
   10    42  0   0.0%   0.229 GC:3    +
   15    27  0   0.0%   0.318 CG:3    +
   34    79  0   0.0%   0.389 GC:3    +
    9    16  0   0.0%   0.003 UA:3    +
   10    85  0   0.0%   0.246 GC:3    +
   19    49  0   0.0%   0.234 GU:3    +
   49    77  0   0.0%   0.086 UA:3    +
   11    41  0   0.0%   0.099 AU:3    +
   35    78  0   0.0%   0.346 UA:3    +
   20    48  0   0.0%   0.110 GC:3    +
   28    42  0   0.0%   0.396 GC:3    +
   16    51  0   0.0%   0.002 AU:3    +
    3    62  0   0.0%   0.385 CG:3    +
    4    61  0   0.0%   0.257 CG:3    +
   34    95  0   0.0%   0.431 GC:3    +
   33    85  0   0.0%   0.454 GC:3    +
    2    63  0   0.0%   0.305 GC:3    +
   49    83  0   0.0%   0.061 UA:3    +
   62    66  0   0.0%   0.105 GC:3    +
    9    86  0   0.0%   0.462 UA:3    +
   46    50  0   0.0%   0.080 GC:3    +
   35    83  0   0.0%   0.352 UA:3    +
   27    57  0   0.0%   0.251 GU:3    +
   12    36  0   0.0%   0.450 UA:3    +
   27    40  0   0.0%   0.406 GU:3    +
   35    94  0   0.0%   0.392 UG:3    +
   84    97  0   0.0%   0.467 GC:3    +
   28    90  0   0.0%   0.443 GC:3    +
    4    94  0   0.0%   0.293 CG:3    +
   45    51  0   0.0%   0.070 GU:3    +
   32    65  0   0.0%   0.190 GU:3    +
   45    82  0   0.0%   0.120 GC:3    +
    2    21  0   0.0%   0.002 GU:3    +
   33    80  0   0.0%   0.444 GU:3    +
   44    52  0   0.0%   0.060 CG:3    +
   29    89  0   0.0%   0.416 UA:3    +
    1    91  0   0.0%   0.253 UA:3    +
   83    98  0   0.0%   0.390 AU:3    +
   26    41  0   0.0%   0.118 AU:3    +
   18    79  0   0.0%   0.230 GC:3    +
   57    68  0   0.0%   0.084 UA:3    +
   84    93  0   0.0%   0.106 GC:3    +
   13    76  0   0.0%   0.321 GC:3    +
   17    80  0   0.0%   0.005 AU:3    +
   61    66  0   0.0%   0.102 GC:3    +
   45    92  0   0.0%   0.115 GU:3    +
   22    46  0   0.0%   0.098 CG:3    +
   62    80  0   0.0%   0.256 GU:3    +
   52    56  0   0.0%   0.022 GC:3    +
   37    44  0   0.0%   0.140 GC:3    +
   14    75  0   0.0%   0.319 AU:3    +
   12    77  0   0.0%   0.025 UA:3    +
    4    34  0   0.0%   0.321 CG:3    +
   47    86  0   0.0%   0.073 UA:3    +
   46    87  0   0.0%   0.110 GC:3    +
   43    53  0   0.0%   0.009 GU:3    +
   51    58  0   0.0%   0.035 UG:3    +
   23    45  0   0.0%   0.097 UG:3    +
   29    74  0   0.0%   0.422 UA:3    +
   46    97  0   0.0%   0.537 GC:3    +
   70    79  0   0.0%   0.223 GC:3    +
   31    84  0   0.0%   0.111 CG:3    +
   20    25  0   0.0%   0.445 GC:3    +
   47    96  0   0.0%   0.620 UA:3    +
   14    47  0   0.0%   0.312 AU:3    +
   81    98  0   0.0%   0.378 AU:3    +
   34    49  0   0.0%   0.390 GU:3    +
   15    46  0   0.0%   0.319 CG:3    +
    2    87  0   0.0%   0.318 GC:3    +
   13    48  0   0.0%   0.311 GC:3    +
   28    75  0   0.0%   0.446 GU:3    +
   39    95  0   0.0%   0.306 GC:3    +
   30    73  0   0.0%   0.274 CG:3    +
   13    66  0   0.0%   0.312 GC:3    +
   11    35  0   0.0%   0.427 AU:3    +
   31    43  0   0.0%   0.048 CG:3    +
   12    34  0   0.0%   0.333 UG:3    +
   37    72  0   0.0%   0.124 GC:3    +
   39    75  0   0.0%   0.236 GU:3    +
   23    68  0   0.0%   0.102 UA:3    +
   52    85  0   0.0%   0.121 GC:3    +
   49    68  0   0.0%   0.046 UA:3    +
    6    37  0   0.0%   0.307 UG:3    +
   73    85  0   0.0%   0.383 GC:3    +
   17    51  0   0.0%   0.002 AU:3    +
    2    76  0   0.0%   0.305 GC:3    +
   39    44  0   0.0%   0.245 GC:3    +
   12    67  0   0.0%   0.012 UA:3    +
    9    28  0   0.0%   0.377 UG:3    +
   27    31  0   0.0%   0.272 GC:3    +
    1    88  0   0.0%   0.252 UA:3    +
    8    13  0   0.0%   0.004 CG:3    +
   48    94  0   0.0%   0.185 CG:3    +
   45    98  0   0.0%   0.481 GU:3    +
   30    52  0   0.0%   0.274 CG:3    +
   30    58  0   0.0%   0.276 CG:3    +
   40    62  0   0.0%   0.192 UG:3    +
   13    35  0   0.0%   0.641 GU:3    +
   46    56  0   0.0%   0.058 GC:3    +
   45    57  0   0.0%   0.056 GU:3    +
   65    70  0   0.0%   0.159 UG:3    +
   44    58  0   0.0%   0.057 CG:3    +
   40    59  0   0.0%   0.184 UA:3    +
   19    23  0   0.0%   0.096 GU:3    +
   29    59  0   0.0%   0.413 UA:3    +
   73    87  0   0.0%   0.375 GC:3    +
   41    58  0   0.0%   0.025 UG:3    +
    9    78  0   0.0%   0.452 UA:3    +
   47    77  0   0.0%   0.082 UA:3    +
    1    77  0   0.0%   0.242 UA:3    +
   34    48  0   0.0%   0.419 GC:3    +
   15    84  0   0.0%   0.333 CG:3    +
   40    74  0   0.0%   0.195 UA:3    +
   74    80  0   0.0%   0.454 AU:3    +
   37    92  0   0.0%   0.153 GU:3    +
   12    33  0   0.0%   0.427 UG:3    +
   13    69  0   0.0%   0.312 GC:3    +
   28    69  0   0.0%   0.437 GC:3    +
   25    43  0   0.0%   0.345 CG:3    +
   46    95  0   0.0%   0.232 GC:3    +
   12    26  0   0.0%   0.118 UA:3    +
   29    68  0   0.0%   0.414 UA:3    +
   32    50  0   0.0%   0.184 GC:3    +
   37    63  0   0.0%   0.128 GC:3    +
   33    49  0   0.0%   0.440 GU:3    +
   30    39  0   0.0%   0.421 CG:3    +
   70    93  0   0.0%   0.153 GC:3    +
    5    41  0   0.0%   0.052 AU:3    +
   45    95  0   0.0%   0.188 GC:3    +
   47    55  0   0.0%   0.011 UG:3    +
   28    85  0   0.0%   0.451 GC:3    +
   52    57  0   0.0%   0.021 GU:3    +
   32    72  0   0.0%   0.186 GC:3    +
    6    38  0   0.0%   0.258 UA:3    +
   37    85  0   0.0%   0.150 GC:3    +
   18    22  0   0.0%   0.090 GC:3    +
   73    90  0   0.0%   0.399 GC:3    +
   54    73  0   0.0%   0.153 CG:3    +
    8    94  0   0.0%   0.524 CG:3    +
   55    72  0   0.0%   0.160 GC:3    +
   80    86  0   0.0%   0.214 UA:3    +
   71    92  0   0.0%   0.149 AU:3    +
   54    58  0   0.0%   0.025 CG:3    +
   42    61  0   0.0%   0.101 CG:3    +
   47    94  0   0.0%   0.259 UG:3    +
   53    59  0   0.0%   0.013 UA:3    +
    3    46  0   0.0%   0.384 CG:3    +
    4    45  0   0.0%   0.257 CG:3    +
   14    65  0   0.0%   0.312 AU:3    +
   29    84  0   0.0%   0.428 UG:3    +
   69    94  0   0.0%   0.157 CG:3    +
   83    92  0   0.0%   0.094 AU:3    +
   17    23  0   0.0%   0.093 AU:3    +
    2    30  0   0.0%   0.003 GC:3    +
   31    73  0   0.0%   0.100 CG:3    +
   48    52  0   0.0%   0.080 CG:3    +
    1    45  0   0.0%   0.242 UG:3    +
   53    74  0   0.0%   0.130 UA:3    +
   32    87  0   0.0%   0.186 GC:3    +
   27    76  0   0.0%   0.256 GC:3    +
   32    66  0   0.0%   0.185 GC:3    +
   80    89  0   0.0%   0.548 UA:3    +
    9    34  0   0.0%   0.761 UG:3    +
   43    65  0   0.0%   0.011 GU:3    +
   39    63  0   0.0%   0.230 GC:3    +
   41    62  0   0.0%   0.027 UG:3    +
   10    69  0   0.0%   0.226 GC:3    +
    1    33  0   0.0%   0.002 UG:3    +
   13    25  0   0.0%   0.212 GC:3    +
   41    78  0   0.0%   0.078 UA:3    +
    4    28  0   0.0%   0.007 CG:3    +
   41    61  0   0.0%   0.026 UG:3    +
    2    47  0   0.0%   0.304 GU:3    +
   10    79  0   0.0%   0.233 GC:3    +
   10    50  0   0.0%   0.225 GC:3    +
   12    39  0   0.0%   0.208 UG:3    +
   35    39  0   0.0%   0.534 UG:3    +
   11    49  0   0.0%   0.097 AU:3    +
   13    29  0   0.0%   0.283 GU:3    +
   11    40  0   0.0%   0.274 AU:3    +
   40    94  0   0.0%   0.268 UG:3    +
   30    55  0   0.0%   0.270 CG:3    +
   15    33  0   0.0%   0.729 CG:3    +
   24    43  0   0.0%   0.291 CG:3    +
   34    75  0   0.0%   0.396 GU:3    +
   35    74  0   0.0%   0.352 UA:3    +
   53    84  0   0.0%   0.111 UG:3    +
   34    87  0   0.0%   0.395 GC:3    +
   33    76  0   0.0%   0.448 GC:3    +
    7    92  0   0.0%   0.364 AU:3    +
   34    66  0   0.0%   0.388 GC:3    +
   35    86  0   0.0%   0.361 UA:3    +
   30    45  0   0.0%   0.225 CG:3    +
   22    39  0   0.0%   0.294 CG:3    +
   10    90  0   0.0%   0.235 GC:3    +
   23    38  0   0.0%   0.103 UA:3    +
   58    79  0   0.0%   0.129 GC:3    +
   12    37  0   0.0%   0.065 UG:3    +
    6    26  0   0.0%   0.003 UA:3    +
   33    97  0   0.0%   0.443 GC:3    +
    4    84  0   0.0%   0.269 CG:3    +
   24    37  0   0.0%   0.346 CG:3    +
   19    42  0   0.0%   0.237 GC:3    +
   51    59  0   0.0%   0.026 UA:3    +
   20    79  0   0.0%   0.118 GC:3    +
   73    80  0   0.0%   0.495 GU:3    +
   32    85  0   0.0%   0.197 GC:3    +
    9    91  0   0.0%   0.463 UA:3    +
   19    80  0   0.0%   0.245 GU:3    +
   10    41  0   0.0%   0.227 GU:3    +
   18    69  0   0.0%   0.229 GC:3    +
   61    75  0   0.0%   0.073 GU:3    +
   27    98  0   0.0%   0.247 GU:3    +
    9    18  0   0.0%   0.002 UG:3    +
   13    23  0   0.0%   0.183 GU:3    +
   75    84  0   0.0%   0.119 UG:3    +
   56    70  0   0.0%   0.100 CG:3    +
   21    78  0   0.0%   0.104 UA:3    +
    8    19  0   0.0%   0.001 CG:3    +
   32    69  0   0.0%   0.184 GC:3    +
   47    52  0   0.0%   0.019 UG:3    +
    4    18  0   0.0%   0.004 CG:3    +
   70    75  0   0.0%   0.155 GU:3    +
    3    19  0   0.0%   0.000 CG:3    +
   28    82  0   0.0%   0.439 GC:3    +
   16    21  0   0.0%   0.092 AU:3    +
   25    70  0   0.0%   0.356 CG:3    +
   41    86  0   0.0%   0.066 UA:3    +
   51    77  0   0.0%   0.090 UA:3    +
   45    97  0   0.0%   0.492 GC:3    +
    9    70  0   0.0%   0.445 UG:3    +
   32    98  0   0.0%   0.186 GU:3    +
   90    94  0   0.0%   0.186 CG:3    +
   37    80  0   0.0%   0.135 GU:3    +
   80    88  0   0.0%   0.265 UA:3    +
   45    50  0   0.0%   0.079 GC:3    +
   12    70  0   0.0%   0.012 UG:3    +
   29    81  0   0.0%   0.418 UA:3    +
   52    75  0   0.0%   0.131 GU:3    +
    2     8  0   0.0%   0.000 GC:3    +
   33    40  0   0.0%   0.598 GU:3    +
    5    80  0   0.0%   0.050 AU:3    +
   58    64  0   0.0%   0.025 GC:3    +
   47    88  0   0.0%   0.068 UA:3    +
   43    87  0   0.0%   0.031 GC:3    +
    2    93  0   0.0%   0.318 GC:3    +
   29    46  0   0.0%   0.412 UG:3    +
   34    44  0   0.0%   0.425 GC:3    +
   75    81  0   0.0%   0.088 UA:3    +
   35    43  0   0.0%   0.337 UG:3    +
   28    95  0   0.0%   0.473 GC:3    +
   43    57  0   0.0%   0.010 GU:3    +
   22    45  0   0.0%   0.098 CG:3    +
   13    79  0   0.0%   0.313 GC:3    +
   51    60  0   0.0%   0.031 UA:3    +
   41    73  0   0.0%   0.024 UG:3    +
    8    20  0   0.0%   0.001 CG:3    +
   20    41  0   0.0%   0.112 GU:3    +
    9    19  0   0.0%   0.002 UG:3    +
   52    76  0   0.0%   0.132 GC:3    +
   50    61  0   0.0%   0.047 CG:3    +
    2    79  0   0.0%   0.304 GC:3    +
   21    46  0   0.0%   0.096 UG:3    +
   12    81  0   0.0%   0.022 UA:3    +
   88    92  0   0.0%   0.170 AU:3    +
   55    87  0   0.0%   0.141 GC:3    +
    6    89  0   0.0%   0.261 UA:3    +
   33    65  0   0.0%   0.446 GU:3    +
   34    56  0   0.0%   0.393 GC:3    +
   34    64  0   0.0%   0.394 GC:3    +
   52    69  0   0.0%   0.035 GC:3    +
    4    73  0   0.0%   0.257 CG:3    +
   15    73  0   0.0%   0.321 CG:3    +
   33    57  0   0.0%   0.445 GU:3    +
   13    42  0   0.0%   0.314 GC:3    +
    7    21  0   0.0%   0.001 AU:3    +
   33    87  0   0.0%   0.442 GC:3    +
   47    67  0   0.0%   0.012 UA:3    +
   37    90  0   0.0%   0.144 GC:3    +
   53    68  0   0.0%   0.017 UA:3    +
   29    94  0   0.0%   0.453 UG:3    +
   31    70  0   0.0%   0.100 CG:3    +
   39    56  0   0.0%   0.229 GC:3    +
   75    83  0   0.0%   0.100 UA:3    +
   35    91  0   0.0%   0.365 UA:3    +
   38    57  0   0.0%   0.041 AU:3    +
   34    92  0   0.0%   0.409 GU:3    +
   37    64  0   0.0%   0.127 GC:3    +
   60    75  0   0.0%   0.056 AU:3    +
   61    82  0   0.0%   0.161 GC:3    +
   40    77  0   0.0%   0.193 UA:3    +
   41    84  0   0.0%   0.072 UG:3    +
   72    84  0   0.0%   0.139 CG:3    +
   12    55  0   0.0%   0.011 UG:3    +
   33    93  0   0.0%   0.447 GC:3    +
   35    55  0   0.0%   0.347 UG:3    +
   37    95  0   0.0%   0.178 GC:3    +
   13    80  0   0.0%   0.317 GU:3    +
   40    55  0   0.0%   0.186 UG:3    +
   14    41  0   0.0%   0.313 AU:3    +
   70    85  0   0.0%   0.149 GC:3    +
   36    65  0   0.0%   0.467 AU:3    +
   51    68  0   0.0%   0.037 UA:3    +
   54    84  0   0.0%   0.110 CG:3    +
   26    35  0   0.0%   0.450 AU:3    +
   75    86  0   0.0%   0.124 UA:3    +
    1     7  0   0.0%   0.000 UA:3    +
   82    94  0   0.0%   0.133 CG:3    +
   70    97  0   0.0%   0.475 GC:3    +
   32    41  0   0.0%   0.135 GU:3    +
    2     6  0   0.0%   0.000 GU:3    +
   28    76  0   0.0%   0.446 GC:3    +
   30    84  0   0.0%   0.285 CG:3    +
    9    14  0   0.0%   0.000 UA:3    +
   58    72  0   0.0%   0.157 GC:3    +
   24    55  0   0.0%   0.291 CG:3    +
   10    56  0   0.0%   0.225 GC:3    +
   13    21  0   0.0%   0.004 GU:3    +
   19    48  0   0.0%   0.233 GC:3    +
   45    85  0   0.0%   0.120 GC:3    +
   28    79  0   0.0%   0.437 GC:3    +
   45    90  0   0.0%   0.107 GC:3    +
   43    80  0   0.0%   0.049 GU:3    +
   49    73  0   0.0%   0.078 UG:3    +
   58    69  0   0.0%   0.148 GC:3    +
   46    54  0   0.0%   0.061 GC:3    +
   10    95  0   0.0%   0.275 GC:3    +
   18    49  0   0.0%   0.223 GU:3    +
   41    89  0   0.0%   0.067 UA:3    +
   20    47  0   0.0%   0.109 GU:3    +
   17    65  0   0.0%   0.001 AU:3    +
   29    78  0   0.0%   0.415 UA:3    +
   45    75  0   0.0%   0.068 GU:3    +
    1    94  0   0.0%   0.252 UG:3    +
   41    81  0   0.0%   0.064 UA:3    +
   30    62  0   0.0%   0.278 CG:3    +
    9    39  0   0.0%   0.642 UG:3    +
   31    61  0   0.0%   0.105 CG:3    +
   57    70  0   0.0%   0.159 UG:3    +
   43    90  0   0.0%   0.038 GC:3    +
    6    74  0   0.0%   0.257 UA:3    +
   80    84  0   0.0%   0.211 UG:3    +
   32    97  0   0.0%   0.188 GC:3    +
    9    96  0   0.0%   0.484 UA:3    +
   49    62  0   0.0%   0.053 UG:3    +
   12    71  0   0.0%   0.011 UA:3    +
   48    55  0   0.0%   0.072 CG:3    +
    8    46  0   0.0%   0.488 CG:3    +
    9    45  0   0.0%   0.445 UG:3    +
   10    44  0   0.0%   0.226 GC:3    +
   27    42  0   0.0%   0.231 GC:3    +
   32    82  0   0.0%   0.185 GC:3    +
    6    83  0   0.0%   0.261 UA:3    +
    5    75  0   0.0%   0.050 AU:3    +
    3    10  0   0.0%   0.000 CG:3    +
   49    78  0   0.0%   0.091 UA:3    +
   28    41  0   0.0%   0.395 GU:3    +
   18    64  0   0.0%   0.223 GC:3    +
   10    23  0   0.0%   0.002 GU:3    +
   25    34  0   0.0%   0.673 CG:3    +
   46    85  0   0.0%   0.130 GC:3    +
   18    80  0   0.0%   0.233 GU:3    +
   43    54  0   0.0%   0.012 GC:3    +
    6    86  0   0.0%   0.270 UA:3    +
   19    79  0   0.0%   0.241 GC:3    +
   15    32  0   0.0%   0.443 CG:3    +
   52    64  0   0.0%   0.029 GC:3    +
    7    47  0   0.0%   0.351 AU:3    +
   17    75  0   0.0%   0.008 AU:3    +
   46    66  0   0.0%   0.058 GC:3    +
   11    80  0   0.0%   0.107 AU:3    +
   36    47  0   0.0%   0.447 AU:3    +
   10    72  0   0.0%   0.225 GC:3    +
   12    88  0   0.0%   0.021 UA:3    +
   39    50  0   0.0%   0.253 GC:3    +
   13    93  0   0.0%   0.323 GC:3    +
   18    44  0   0.0%   0.223 GC:3    +
   28    40  0   0.0%   0.571 GU:3    +
    6    96  0   0.0%   0.297 UA:3    +
    1    43  0   0.0%   0.242 UG:3    +
   50    55  0   0.0%   0.037 CG:3    +
   13    87  0   0.0%   0.316 GC:3    +
   24    73  0   0.0%   0.294 CG:3    +
   12    17  0   0.0%   0.004 UA:3    +
   20    42  0   0.0%   0.113 GC:3    +
   75    88  0   0.0%   0.175 UA:3    +
   23    74  0   0.0%   0.110 UA:3    +
   27    51  0   0.0%   0.246 GU:3    +
   18    85  0   0.0%   0.242 GC:3    +
   20    85  0   0.0%   0.130 GC:3    +
   38    51  0   0.0%   0.056 AU:3    +
   40    88  0   0.0%   0.224 UA:3    +
   19    54  0   0.0%   0.234 GC:3    +
   55    82  0   0.0%   0.114 GC:3    +
   12    43  0   0.0%   0.012 UG:3    +
    8    58  0   0.0%   0.488 CG:3    +
   14    80  0   0.0%   0.316 AU:3    +
   32    95  0   0.0%   0.221 GC:3    +
   51    81  0   0.0%   0.072 UA:3    +
   14    92  0   0.0%   0.326 AU:3    +
   20    53  0   0.0%   0.110 GU:3    +
   12    94  0   0.0%   0.062 UG:3    +
    6    17  0   0.0%   0.003 UA:3    +
   18    76  0   0.0%   0.236 GC:3    +
    9    89  0   0.0%   0.454 UA:3    +
    3    73  0   0.0%   0.384 CG:3    +
   51    70  0   0.0%   0.049 UG:3    +
   70    82  0   0.0%   0.156 GC:3    +
   71    80  0   0.0%   0.247 AU:3    +
   22    34  0   0.0%   0.423 CG:3    +
   49    67  0   0.0%   0.043 UA:3    +
    6    43  0   0.0%   0.257 UG:3    +
   15    39  0   0.0%   0.515 CG:3    +
   65    81  0   0.0%   0.336 UA:3    +
   47    84  0   0.0%   0.086 UG:3    +
   36    75  0   0.0%   0.469 AU:3    +
    6    78  0   0.0%   0.257 UA:3    +
   58    80  0   0.0%   0.126 GU:3    +
   10    66  0   0.0%   0.225 GC:3    +
   19    87  0   0.0%   0.242 GC:3    +
   34    93  0   0.0%   0.401 GC:3    +
    6    59  0   0.0%   0.257 UA:3    +
   34    72  0   0.0%   0.390 GC:3    +
    5    98  0   0.0%   0.059 AU:3    +
   18    87  0   0.0%   0.231 GC:3    +
    7    12  0   0.0%   0.003 AU:3    +
   19    63  0   0.0%   0.234 GC:3    +
   40    73  0   0.0%   0.189 UG:3    +
   12    38  0   0.0%   0.017 UA:3    +
   14    40  0   0.0%   0.489 AU:3    +
   52    95  0   0.0%   0.224 GC:3    +
   22    84  0   0.0%   0.118 CG:3    +
    2    22  0   0.0%   0.002 GC:3    +
    9    73  0   0.0%   0.445 UG:3    +
   19    65  0   0.0%   0.244 GU:3    +
    3    13  0   0.0%   0.000 CG:3    +
   80    96  0   0.0%   0.597 UA:3    +
   35    71  0   0.0%   0.346 UA:3    +
   10    54  0   0.0%   0.225 GC:3    +
   33    44  0   0.0%   0.475 GC:3    +
    1     5  0   0.0%   0.000 UA:3    +
    9    67  0   0.0%   0.445 UA:3    +
    2    98  0   0.0%   0.354 GU:3    +
   21    84  0   0.0%   0.116 UG:3    +
   23    83  0   0.0%   0.104 UA:3    +
    1    81  0   0.0%   0.242 UA:3    +
    5    21  0   0.0%   0.004 AU:3    +
   91    98  0   0.0%   0.499 AU:3    +
   11    53  0   0.0%   0.097 AU:3    +
   25    45  0   0.0%   0.345 CG:3    +
   32    53  0   0.0%   0.179 GU:3    +
   24    46  0   0.0%   0.291 CG:3    +
   53    94  0   0.0%   0.229 UG:3    +
   12    27  0   0.0%   0.224 UG:3    +
   28    44  0   0.0%   0.392 GC:3    +
   32    76  0   0.0%   0.193 GC:3    +
   28    93  0   0.0%   0.442 GC:3    +
    2    80  0   0.0%   0.304 GU:3    +
   48    62  0   0.0%   0.083 CG:3    +
   30    34  0   0.0%   0.552 CG:3    +
   20    82  0   0.0%   0.119 GC:3    +
   20    87  0   0.0%   0.119 GC:3    +
   56    61  0   0.0%   0.024 CG:3    +
   18    97  0   0.0%   0.230 GC:3    +
   19    75  0   0.0%   0.246 GU:3    +
   32    90  0   0.0%   0.189 GC:3    +
    4    43  0   0.0%   0.257 CG:3    +
   75    89  0   0.0%   0.457 UA:3    +
   19    85  0   0.0%   0.254 GC:3    +
   33    75  0   0.0%   0.448 GU:3    +
    7    41  0   0.0%   0.353 AU:3    +
   69    84  0   0.0%   0.130 CG:3    +
   29    52  0   0.0%   0.416 UG:3    +
   28    35  0   0.0%   0.727 GU:3    +
   21    86  0   0.0%   0.114 UA:3    +
    6    88  0   0.0%   0.261 UA:3    +
   13    41  0   0.0%   0.312 GU:3    +
   41    68  0   0.0%   0.023 UA:3    +
   58    63  0   0.0%   0.038 GC:3    +
   24    45  0   0.0%   0.291 CG:3    +
   21    81  0   0.0%   0.107 UA:3    +
   24    32  0   0.0%   0.419 CG:3    +
((((...(((..(((....)))..))).....))))......(((((...(((.((((.((...((......))....)).)))))))..)))))...
