3 sequence; length of alignment 36
alifold output
    4    34  0  99.9%   0.002 CG:3   
    3    35  0  99.7%   0.010 AU:3   
    5    33  1  99.9%   0.003 CG:2   
    6    32  0  98.1%   0.063 AU:3   
    2    36  0  97.7%   0.069 GC:3   
    7    31  0  83.1%   0.478 AU:3   
   11    27  0  75.6%   0.658 GC:2    GU:1   
   12    26  0  74.3%   0.682 AU:3   
    9    29  1  48.1%   1.115 GC:2   
   17    23  0  46.3%   1.682 CG:3    +
   16    24  0  46.1%   1.899 CG:3    +
   14    24  0  42.7%   1.104 CG:3   
   15    23  0  42.4%   1.106 CG:3   
   11    29  0  15.8%   1.513 GC:3    +
   10    30  0  15.1%   0.897 AU:3    +
   16    23  0  10.2%   1.077 CG:3    +
   15    24  0  10.1%   1.421 CG:3    +
    9    31  1   6.8%   1.131 GU:2    +
   11    28  0   1.8%   0.467 GC:3    +
   13    26  0   1.1%   0.385 AU:3    +
   18    27  0   0.0%   0.239 GC:2    GU:1    +
    9    21  0   0.0%   0.004 CG:1    GU:2    +
   27    33  0   0.0%   0.236 CG:2    UA:1    +
    2    27  0   0.0%   0.000 GC:2    GU:1    +
   27    34  0   0.0%   0.236 CG:2    UG:1    +
   10    26  0   0.3%   0.057 AU:3    +
    9    28  1   0.7%   0.132 GC:2    +
   14    23  0   0.2%   0.041 CG:3    +
   23    29  0   0.2%   1.650 GC:3    +
   24    28  0   0.2%   1.104 GC:3    +
   22    30  0   0.2%   0.349 AU:3    +
    7    30  0   0.2%   0.031 AU:3    +
    6    31  0   0.1%   0.018 AU:3    +
   17    24  0   0.1%   1.327 CG:3    +
    7    32  0   0.0%   0.194 AU:3    +
   19    26  0   0.0%   0.296 AU:3    +
   11    26  0   0.0%   0.027 GU:3    +
    8    18  0   0.0%   0.006 CG:3    +
   11    30  0   0.0%   0.891 GU:3    +
   20    25  0   0.0%   0.007 UA:3    +
   10    31  0   0.0%   0.653 AU:3    +
   18    32  0   0.0%   0.032 GU:3    +
   16    34  0   0.0%   0.595 CG:3    +
   24    29  0   0.0%   1.631 GC:3    +
   23    30  0   0.0%   1.307 GU:3    +
   19    31  0   0.0%   0.351 AU:3    +
   12    30  0   0.0%   0.533 AU:3    +
   11    16  0   0.0%   0.004 GC:3    +
   11    31  0   0.0%   0.928 GU:3    +
   19    35  0   0.0%   0.010 AU:3    +
   20    34  0   0.0%   0.007 UG:3    +
   18    36  0   0.0%   0.030 GC:3    +
    2    35  0   0.0%   0.002 GU:3    +
   10    20  0   0.0%   0.002 AU:3    +
   22    31  0   0.0%   0.361 AU:3    +
   11    17  0   0.0%   0.005 GC:3    +
   22    32  0   0.0%   0.040 AU:3    +
   11    15  0   0.0%   0.002 GC:3    +
   10    32  0   0.0%   0.331 AU:3    +
   23    31  0   0.0%   1.330 GU:3    +
    8    34  0   0.0%   0.004 CG:3    +
    7    35  0   0.0%   0.173 AU:3    +
   13    30  0   0.0%   0.359 AU:3    +
   24    30  0   0.0%   1.296 GU:3    +
   12    31  0   0.0%   0.568 AU:3    +
   26    34  0   0.0%   0.295 UG:3    +
   25    35  0   0.0%   0.008 AU:3    +
   14    34  0   0.0%   0.378 CG:3    +
   24    36  0   0.0%   0.995 GC:3    +
   13    35  0   0.0%   0.053 AU:3    +
   13    20  0   0.0%   0.001 AU:3    +
   11    32  0   0.0%   0.605 GU:3    +
    5    23  0   0.0%   0.000 CG:3    +
    4    24  0   0.0%   0.000 CG:3    +
    8    23  0   0.0%   0.002 CG:3    +
    8    24  0   0.0%   0.003 CG:3    +
   25    30  0   0.0%   0.327 AU:3    +
   25    31  0   0.0%   0.350 AU:3    +
   11    36  0   0.0%   0.604 GC:3    +
   23    28  0   0.0%   1.075 GC:3    +
   12    20  0   0.0%   0.001 AU:3    +
   14    18  0   0.0%   0.002 CG:3    +
    3    26  0   0.0%   0.000 AU:3    +
   12    35  0   0.0%   0.226 AU:3    +
    7    20  0   0.0%   0.000 AU:3    +
   18    28  0   0.0%   0.112 GC:3    +
    5    11  0   0.0%   0.000 CG:3    +
    6    30  0   0.0%   0.000 AU:3    +
   25    32  0   0.0%   0.028 AU:3    +
    5    34  0   0.0%   0.002 CG:3    +
   28    34  0   0.0%   0.125 CG:3    +
   15    34  0   0.0%   0.597 CG:3    +
   19    32  0   0.0%   0.028 AU:3    +
   18    31  0   0.0%   0.350 GU:3    +
   17    34  0   0.0%   0.368 CG:3    +
   11    20  0   0.0%   0.003 GU:3    +
    2     8  0   0.0%   0.000 GC:3    +
   24    31  0   0.0%   1.320 GU:3    +
    4    11  0   0.0%   0.000 CG:3    +
   19    30  0   0.0%   0.312 AU:3    +
   13    31  0   0.0%   0.394 AU:3    +
    1    35  0   0.0%   0.000 AU:3    +
    9    27  1   0.3%   0.061 GC:2    +
    9    30  1   0.2%   0.454 GU:2    +
    9    17  1   0.0%   0.007 GC:2    +
   17    33  1   0.0%   0.369 CG:2    +
    9    32  1   0.0%   0.629 GU:2    +
   21    33  1   0.0%   0.005 UG:2    +
    9    15  1   0.0%   0.001 GC:2    +
    9    14  1   0.0%   0.001 GC:2    +
   15    33  1   0.0%   0.597 CG:2    +
    9    16  1   0.0%   0.001 GC:2    +
   12    21  1   0.0%   0.001 AU:2    +
    8    33  1   0.0%   0.003 CG:2    +
   11    21  1   0.0%   0.003 GU:2    +
    6    21  1   0.0%   0.000 AU:2    +
   29    33  1   0.0%   0.661 CG:2    +
   16    33  1   0.0%   0.592 CG:2    +
   13    21  1   0.0%   0.001 AU:2    +
   28    33  1   0.0%   0.124 CG:2    +
   10    21  1   0.0%   0.001 AU:2    +
    9    26  1   0.0%   0.003 GU:2    +
.((((((.(.((.((.......)).)).).))))))
