3 sequence; length of alignment 66
alifold output
   33    63  0 100.0%   0.001 GC:3   
   37    59  0 100.0%   0.002 CG:3   
   34    62  0 100.0%   0.002 AU:3   
   36    60  0  99.9%   0.005 UA:3   
   35    61  0  99.8%   0.006 UG:3   
   15    22  0  99.3%   0.044 AU:3   
   16    21  0  99.3%   0.048 CG:3   
   14    23  0  99.0%   0.060 AU:3   
   11    27  0  98.6%   0.078 GC:3   
   12    26  0  97.3%   0.092 AU:3   
   32    64  0  97.3%   0.085 UG:3   
   38    58  0  97.1%   0.085 AU:3   
   13    24  0  96.6%   0.126 UA:3   
   10    28  0  95.4%   0.149 UA:3   
   31    65  0  92.7%   0.224 UA:3   
    9    29  0  77.5%   0.605 UA:3   
   45    51  0  74.1%   0.673 GC:3   
   44    52  0  73.3%   0.816 UA:3   
   30    66  0  72.8%   0.703 AU:3   
   43    53  0  67.6%   0.943 UA:3   
   40    56  0  54.9%   1.125 GC:3   
   45    56  0  23.3%   1.597 GC:3    +
   46    55  0  23.3%   1.097 GC:3    +
   44    57  0  23.0%   1.322 UA:3    +
   40    54  0   3.0%   0.323 GC:3    +
   41    53  0   2.7%   0.300 UA:3    +
   42    52  0   1.6%   0.209 UA:3    +
   44    50  0   0.6%   0.154 UA:3    +
   44    49  0   0.6%   0.098 UA:3    +
   43    50  0   0.5%   0.101 UA:3    +
   40    55  0   0.5%   0.187 GC:3    +
   46    54  0   0.4%   0.187 GC:3    +
   45    55  0   0.4%   0.321 GC:3    +
   39    58  0   0.2%   0.073 AU:3    +
   11    25  0   0.2%   0.060 GC:3    +
    6    21  0   0.2%   0.040 CG:3    +
    5    22  0   0.2%   0.042 AU:3    +
    4    23  0   0.2%   0.042 AU:3    +
    3    24  0   0.2%   0.038 UA:3    +
    7    20  0   0.2%   0.036 GU:3    +
   43    57  0   0.1%   0.345 UA:3    +
    7    31  0   0.1%   0.049 GU:3    +
   42    53  0   0.1%   0.198 UA:3    +
   13    21  0   0.1%   0.039 UG:3    +
   12    22  0   0.1%   0.041 AU:3    +
   11    23  0   0.1%   0.046 GU:3    +
   14    20  0   0.1%   0.034 AU:3    +
   41    50  0   0.1%   0.022 UA:3    +
   41    57  0   0.1%   0.127 UA:3    +
   10    24  0   0.1%   0.036 UA:3    +
   42    49  0   0.1%   0.021 UA:3    +
   40    51  0   0.1%   0.021 GC:3    +
   43    52  0   0.1%   0.123 UA:3    +
   46    51  0   0.1%   0.248 GC:3    +
   43    48  0   0.1%   0.018 UA:3    +
   10    29  0   0.1%   0.271 UA:3    +
    9    30  0   0.1%   0.224 UA:3    +
    9    18  0   0.1%   0.017 UA:3    +
   11    16  0   0.1%   0.018 GC:3    +
   40    58  0   0.1%   0.522 GU:3    +
    7    27  0   0.0%   0.027 GC:3    +
   45    54  0   0.0%   0.338 GC:3    +
    9    28  0   0.0%   0.018 UA:3    +
   29    66  0   0.0%   0.213 AU:3    +
    4    10  0   0.0%   0.008 AU:3    +
    3    11  0   0.0%   0.009 UG:3    +
   42    57  0   0.0%   0.098 UA:3    +
    5    31  0   0.0%   0.022 AU:3    +
   44    53  0   0.0%   0.664 UA:3    +
    2    12  0   0.0%   0.009 UA:3    +
   11    26  0   0.0%   0.038 GU:3    +
   32    65  0   0.0%   0.106 UA:3    +
   43    49  0   0.0%   0.019 UA:3    +
    5     9  0   0.0%   0.006 AU:3    +
    4    32  0   0.0%   0.021 AU:3    +
    2     7  0   0.0%   0.006 UG:3    +
   44    48  0   0.0%   0.011 UA:3    +
   21    27  0   0.0%   0.050 GC:3    +
   42    50  0   0.0%   0.018 UA:3    +
    1     7  0   0.0%   0.004 UG:3    +
   20    28  0   0.0%   0.070 UA:3    +
   41    60  0   0.0%   0.117 UA:3    +
    3     7  0   0.0%   0.005 UG:3    +
   42    59  0   0.0%   0.089 UG:3    +
   15    23  0   0.0%   0.041 AU:3    +
   11    17  0   0.0%   0.010 GU:3    +
   10    18  0   0.0%   0.010 UA:3    +
    6    11  0   0.0%   0.005 CG:3    +
    1     5  0   0.0%   0.002 UA:3    +
    7    25  0   0.0%   0.017 GC:3    +
    4     9  0   0.0%   0.002 AU:3    +
    3    29  0   0.0%   0.018 UA:3    +
    2    29  0   0.0%   0.007 UA:3    +
    8    21  0   0.0%   0.015 CG:3    +
    2    30  0   0.0%   0.007 UA:3    +
    2    11  0   0.0%   0.003 UG:3    +
    7    32  0   0.0%   0.032 GU:3    +
    7    22  0   0.0%   0.029 GU:3    +
   37    64  0   0.0%   0.031 CG:3    +
    5    32  0   0.0%   0.021 AU:3    +
    7    19  0   0.0%   0.005 GC:3    +
   41    52  0   0.0%   0.009 UA:3    +
    3    30  0   0.0%   0.018 UA:3    +
   39    62  0   0.0%   0.017 AU:3    +
    8    40  0   0.0%   0.002 CG:3    +
    9    39  0   0.0%   0.215 UA:3    +
   11    37  0   0.0%   0.048 GC:3    +
   10    38  0   0.0%   0.062 UA:3    +
   12    36  0   0.0%   0.038 AU:3    +
    8    64  0   0.0%   0.003 CG:3    +
    7    41  0   0.0%   0.030 GU:3    +
   36    65  0   0.0%   0.076 UA:3    +
    6    64  0   0.0%   0.015 CG:3    +
    1    12  0   0.0%   0.003 UA:3    +
    1    30  0   0.0%   0.004 UA:3    +
   31    64  0   0.0%   0.014 UG:3    +
    4    13  0   0.0%   0.004 AU:3    +
    3    14  0   0.0%   0.004 UA:3    +
    1    29  0   0.0%   0.003 UA:3    +
   42    48  0   0.0%   0.001 UA:3    +
   11    19  0   0.0%   0.010 GC:3    +
    4    44  0   0.0%   0.019 AU:3    +
    5    43  0   0.0%   0.019 AU:3    +
    3    45  0   0.0%   0.017 UG:3    +
   10    15  0   0.0%   0.004 UA:3    +
    2    46  0   0.0%   0.007 UG:3    +
   43    47  0   0.0%   0.002 UA:3    +
    2    15  0   0.0%   0.005 UA:3    +
    2    28  0   0.0%   0.005 UA:3    +
    3    28  0   0.0%   0.016 UA:3    +
    1    47  0   0.0%   0.003 UA:3    +
   41    49  0   0.0%   0.001 UA:3    +
    3    33  0   0.0%   0.017 UG:3    +
   14    22  0   0.0%   0.030 AU:3    +
    5    10  0   0.0%   0.006 AU:3    +
   17    21  0   0.0%   0.031 UG:3    +
    2    65  0   0.0%   0.007 UA:3    +
    7    16  0   0.0%   0.004 GC:3    +
    3    64  0   0.0%   0.017 UG:3    +
    2    34  0   0.0%   0.006 UA:3    +
   12    17  0   0.0%   0.004 AU:3    +
   28    66  0   0.0%   0.051 AU:3    +
   39    44  0   0.0%   0.001 AU:3    +
   39    43  0   0.0%   0.001 AU:3    +
    1    65  0   0.0%   0.003 UA:3    +
   17    24  0   0.0%   0.053 UA:3    +
    6    33  0   0.0%   0.014 CG:3    +
   18    23  0   0.0%   0.038 AU:3    +
    2    64  0   0.0%   0.006 UG:3    +
   10    30  0   0.0%   0.067 UA:3    +
    3    65  0   0.0%   0.018 UA:3    +
   27    33  0   0.0%   0.019 CG:3    +
    4    66  0   0.0%   0.019 AU:3    +
    4    31  0   0.0%   0.017 AU:3    +
    1    28  0   0.0%   0.002 UA:3    +
   41    48  0   0.0%   0.001 UA:3    +
   15    20  0   0.0%   0.019 AU:3    +
   42    47  0   0.0%   0.001 UA:3    +
   26    34  0   0.0%   0.029 UA:3    +
    7    66  0   0.0%   0.030 GU:3    +
    5    66  0   0.0%   0.019 AU:3    +
   28    32  0   0.0%   0.052 AU:3    +
   38    44  0   0.0%   0.001 AU:3    +
   43    59  0   0.0%   0.319 UG:3    +
   42    60  0   0.0%   0.089 UA:3    +
    9    15  0   0.0%   0.003 UA:3    +
    2    24  0   0.0%   0.005 UA:3    +
   41    47  0   0.0%   0.001 UA:3    +
   20    29  0   0.0%   0.224 UA:3    +
   38    43  0   0.0%   0.001 AU:3    +
   42    46  0   0.0%   0.000 UG:3    +
    3    12  0   0.0%   0.006 UA:3    +
   27    64  0   0.0%   0.020 CG:3    +
   10    14  0   0.0%   0.003 UA:3    +
    9    14  0   0.0%   0.003 UA:3    +
   26    65  0   0.0%   0.029 UA:3    +
    9    24  0   0.0%   0.019 UA:3    +
    7    26  0   0.0%   0.016 GU:3    +
    7    63  0   0.0%   0.030 GC:3    +
   46    56  0   0.0%   1.039 GC:3    +
   31    40  0   0.0%   0.012 UG:3    +
   32    39  0   0.0%   0.003 UA:3    +
   30    41  0   0.0%   0.007 AU:3    +
   41    59  0   0.0%   0.113 UG:3    +
    8    61  0   0.0%   0.001 CG:3    +
   12    23  0   0.0%   0.032 AU:3    +
   29    42  0   0.0%   0.205 AU:3    +
   37    45  0   0.0%   0.001 CG:3    +
    5    26  0   0.0%   0.016 AU:3    +
    9    60  0   0.0%   0.214 UA:3    +
   36    46  0   0.0%   0.001 UG:3    +
   13    18  0   0.0%   0.006 UA:3    +
   23    28  0   0.0%   0.082 UA:3    +
   27    59  0   0.0%   0.019 CG:3    +
   26    60  0   0.0%   0.029 UA:3    +
   25    61  0   0.0%   0.015 CG:3    +
   23    29  0   0.0%   0.237 UA:3    +
    9    65  0   0.0%   0.214 UA:3    +
   22    29  0   0.0%   0.234 UA:3    +
   35    47  0   0.0%   0.000 UA:3    +
   54    61  0   0.0%   0.135 CG:3    +
   28    58  0   0.0%   0.050 AU:3    +
   10    59  0   0.0%   0.062 UG:3    +
   11    20  0   0.0%   0.020 GU:3    +
   53    62  0   0.0%   0.374 AU:3    +
   33    51  0   0.0%   0.000 GC:3    +
    1    11  0   0.0%   0.002 UG:3    +
   32    52  0   0.0%   0.003 UA:3    +
   35    60  0   0.0%   0.000 UA:3    +
   18    22  0   0.0%   0.035 AU:3    +
   28    43  0   0.0%   0.050 AU:3    +
   41    61  0   0.0%   0.116 UG:3    +
   22    30  0   0.0%   0.035 UA:3    +
   10    64  0   0.0%   0.063 UG:3    +
   24    62  0   0.0%   0.052 AU:3    +
   31    53  0   0.0%   0.011 UA:3    +
   52    58  0   0.0%   0.348 AU:3    +
   38    42  0   0.0%   0.001 AU:3    +
    1    64  0   0.0%   0.003 UG:3    +
   35    65  0   0.0%   0.075 UA:3    +
   34    66  0   0.0%   0.235 AU:3    +
   40    44  0   0.0%   0.001 GU:3    +
   21    31  0   0.0%   0.042 GU:3    +
........((((((((....)))).))))(((((((((.(..(((.....)))..).)))))))))
