3 sequence; length of alignment 34
alifold output
    9    32  0  96.7%   0.250 GC:3   
   10    31  0  96.6%   0.193 UG:3   
   12    29  0  96.3%   0.226 GC:3   
    8    33  0  96.1%   0.288 CG:3   
   11    30  0  95.8%   0.214 UG:3   
   13    28  0  87.8%   0.484 AU:3   
    7    34  0  82.1%   0.682 GU:3   
   16    23  0  26.9%   1.588 CG:3    +
   17    22  0  18.8%   1.078 AU:3    +
   14    23  0  16.0%   1.042 CG:3    +
   16    21  0   5.7%   0.678 CG:3    +
   15    25  0   3.7%   0.458 UA:3    +
   14    21  0   3.0%   0.386 CG:3    +
   18    23  0   2.7%   1.010 UG:3    +
   13    22  0   1.8%   0.299 AU:3    +
    7    32  0   1.3%   0.264 GC:3    +
    8    31  0   1.2%   0.232 CG:3    +
    6    33  0   1.1%   0.206 UG:3    +
    5    34  0   0.9%   0.153 AU:3    +
    7    24  0   0.9%   0.174 GC:3    +
    8    23  0   0.9%   0.145 CG:3    +
   12    20  0   0.8%   0.147 GC:3    +
   13    19  0   0.7%   0.117 AU:3    +
   12    24  0   0.7%   0.203 GC:3    +
    6    25  0   0.7%   0.121 UA:3    +
   11    25  0   0.6%   0.188 UA:3    +
   23    32  0   0.6%   1.000 GC:3    +
   24    31  0   0.6%   0.279 CG:3    +
   11    21  0   0.6%   0.130 UG:3    +
   13    27  0   0.5%   0.191 AU:3    +
    9    26  0   0.4%   0.119 GC:3    +
   10    25  0   0.4%   0.106 UA:3    +
    9    29  0   0.3%   0.132 GC:3    +
    9    22  0   0.3%   0.111 GU:3    +
    2     7  0   0.3%   0.053 CG:3    +
    8    21  0   0.3%   0.061 CG:3    +
    9    20  0   0.3%   0.065 GC:3    +
    7    22  0   0.3%   0.089 GU:3    +
   18    25  0   0.2%   0.368 UA:3    +
    7    16  0   0.2%   0.059 GC:3    +
    6    17  0   0.2%   0.042 UA:3    +
    5    18  0   0.2%   0.040 AU:3    +
   21    32  0   0.2%   0.471 GC:3    +
   22    31  0   0.2%   0.558 UG:3    +
    8    30  0   0.2%   0.103 CG:3    +
   20    33  0   0.2%   0.184 CG:3    +
    9    14  0   0.2%   0.032 GC:3    +
   22    33  0   0.2%   0.572 UG:3    +
    2    21  0   0.2%   0.049 CG:3    +
   17    27  0   0.1%   0.392 AU:3    +
   12    26  0   0.1%   0.138 GC:3    +
   19    23  0   0.1%   0.862 UG:3    +
    1    22  0   0.1%   0.028 AU:3    +
   21    26  0   0.1%   0.384 GC:3    +
   12    16  0   0.1%   0.036 GC:3    +
    2    31  0   0.1%   0.051 CG:3    +
   11    17  0   0.1%   0.035 UA:3    +
    3    30  0   0.1%   0.023 UG:3    +
   10    21  0   0.1%   0.047 UG:3    +
   19    25  0   0.1%   0.285 UA:3    +
   21    29  0   0.1%   0.410 GC:3    +
   12    19  0   0.1%   0.021 GU:3    +
   20    30  0   0.1%   0.132 CG:3    +
    9    24  0   0.0%   0.102 GC:3    +
   15    23  0   0.0%   0.354 UG:3    +
   10    23  0   0.0%   0.063 UG:3    +
   13    18  0   0.0%   0.026 AU:3    +
    2    30  0   0.0%   0.038 CG:3    +
   21    27  0   0.0%   0.386 GU:3    +
   26    31  0   0.0%   0.186 CG:3    +
   26    30  0   0.0%   0.115 CG:3    +
   15    21  0   0.0%   0.174 UG:3    +
    5    27  0   0.0%   0.022 AU:3    +
   24    33  0   0.0%   0.230 CG:3    +
    7    26  0   0.0%   0.097 GC:3    +
   23    34  0   0.0%   1.051 GU:3    +
    6    23  0   0.0%   0.023 UG:3    +
   26    33  0   0.0%   0.163 CG:3    +
   19    31  0   0.0%   0.151 UG:3    +
    1     6  0   0.0%   0.005 AU:3    +
    4    12  0   0.0%   0.005 UG:3    +
    5    11  0   0.0%   0.004 AU:3    +
    5    28  0   0.0%   0.022 AU:3    +
   12    28  0   0.0%   0.103 GU:3    +
    7    20  0   0.0%   0.036 GC:3    +
    2     9  0   0.0%   0.021 CG:3    +
    6    21  0   0.0%   0.029 UG:3    +
   23    27  0   0.0%   0.850 GU:3    +
    3    13  0   0.0%   0.004 UA:3    +
    5    22  0   0.0%   0.026 AU:3    +
   12    27  0   0.0%   0.103 GU:3    +
   25    34  0   0.0%   0.441 AU:3    +
    9    16  0   0.0%   0.029 GC:3    +
    9    27  0   0.0%   0.080 GU:3    +
    9    18  0   0.0%   0.029 GU:3    +
   10    17  0   0.0%   0.018 UA:3    +
    2    33  0   0.0%   0.042 CG:3    +
    1    10  0   0.0%   0.005 AU:3    +
   17    28  0   0.0%   0.465 AU:3    +
   24    30  0   0.0%   0.151 CG:3    +
   21    34  0   0.0%   0.568 GU:3    +
    1    34  0   0.0%   0.013 AU:3    +
   21    28  0   0.0%   0.463 GU:3    +
   10    30  0   0.0%   0.055 UG:3    +
    7    29  0   0.0%   0.095 GC:3    +
    4    23  0   0.0%   0.003 UG:3    +
    6    30  0   0.0%   0.063 UG:3    +
    9    28  0   0.0%   0.078 GU:3    +
   23    29  0   0.0%   0.867 GC:3    +
    7    14  0   0.0%   0.019 GC:3    +
    2    12  0   0.0%   0.020 CG:3    +
   12    18  0   0.0%   0.023 GU:3    +
    7    28  0   0.0%   0.095 GU:3    +
    9    19  0   0.0%   0.014 GU:3    +
   23    28  0   0.0%   0.926 GU:3    +
    4    31  0   0.0%   0.010 UG:3    +
    4    30  0   0.0%   0.012 UG:3    +
   22    30  0   0.0%   0.497 UG:3    +
    3    31  0   0.0%   0.015 UG:3    +
    4    25  0   0.0%   0.003 UA:3    +
    3     7  0   0.0%   0.018 UG:3    +
   11    23  0   0.0%   0.086 UG:3    +
    9    15  0   0.0%   0.012 GU:3    +
    8    12  0   0.0%   0.002 CG:3    +
   14    33  0   0.0%   0.498 CG:3    +
   14    30  0   0.0%   0.471 CG:3    +
   13    34  0   0.0%   0.459 AU:3    +
    6    13  0   0.0%   0.003 UA:3    +
    7    27  0   0.0%   0.095 GU:3    +
   17    34  0   0.0%   0.553 AU:3    +
   16    30  0   0.0%   0.600 CG:3    +
   18    33  0   0.0%   0.221 UG:3    +
    2    23  0   0.0%   0.029 CG:3    +
   12    22  0   0.0%   0.095 GU:3    +
   11    31  0   0.0%   0.203 UG:3    +
   14    31  0   0.0%   0.500 CG:3    +
    3    12  0   0.0%   0.001 UG:3    +
   29    33  0   0.0%   0.175 CG:3    +
    3    21  0   0.0%   0.011 UG:3    +
   15    30  0   0.0%   0.191 UG:3    +
   12    32  0   0.0%   0.224 GC:3    +
    7    18  0   0.0%   0.045 GU:3    +
   16    31  0   0.0%   0.630 CG:3    +
   16    33  0   0.0%   0.627 CG:3    +
    4    33  0   0.0%   0.004 UG:3    +
    3    25  0   0.0%   0.002 UA:3    +
    3    33  0   0.0%   0.009 UG:3    +
    6    31  0   0.0%   0.060 UG:3    +
    1    15  0   0.0%   0.003 AU:3    +
   15    31  0   0.0%   0.220 UG:3    +
    1    28  0   0.0%   0.011 AU:3    +
    5    19  0   0.0%   0.014 AU:3    +
   11    33  0   0.0%   0.200 UG:3    +
   27    33  0   0.0%   0.158 UG:3    +
   27    31  0   0.0%   0.182 UG:3    +
   20    31  0   0.0%   0.155 CG:3    +
    4    13  0   0.0%   0.003 UA:3    +
   28    33  0   0.0%   0.235 UG:3    +
    4    17  0   0.0%   0.002 UA:3    +
    4    21  0   0.0%   0.011 UG:3    +
......(((((((..............)))))))
