3 sequence; length of alignment 34
alifold output
   12    21  0  71.5%   0.897 CG:3   
   11    22  0  71.4%   0.885 GC:3   
    2    31  0  65.1%   1.266 GC:3   
    3    30  0  65.0%   1.123 GC:3   
   10    23  0  62.5%   1.024 GU:3   
   13    20  1  55.4%   1.162 UG:2   
    1    32  0  48.6%   1.286 GU:2    --:1   
    9    24  0  46.8%   1.151 GU:3   
    7    26  0  38.8%   1.229 CG:3   
   17    25  0  25.3%   1.368 GC:3    +
   16    26  0  25.1%   1.742 CG:3    +
   18    24  0  24.5%   1.618 AU:3    +
   10    31  0  23.0%   2.108 GC:3    +
   11    30  0  23.0%   1.806 GC:3    +
    9    32  0  22.6%   2.164 GU:3    +
    8    33  0  18.0%   1.283 UA:3    +
    9    25  0  16.5%   1.325 GC:3    +
    8    26  0  15.6%   1.306 UG:3    +
   19    23  0  14.3%   1.261 AU:3    +
    7    27  1  13.8%   1.351 CG:2    +
   10    24  0   8.2%   1.347 GU:3    +
    2    30  0   3.8%   0.557 GC:3    +
    1    31  0   3.7%   0.479 GC:2    --:1    +
   13    29  1   3.6%   0.821 UA:2    +
    3    12  0   2.3%   0.273 GC:3    +
    4    11  0   2.3%   0.269 CG:3    +
    2     7  0   1.5%   0.242 GC:3    +
   20    31  0   1.3%   1.382 GC:3    +
   21    30  0   1.3%   1.232 GC:3    +
    2    13  1   1.8%   0.303 GU:2    +
   19    32  0   1.3%   1.221 AU:3    +
    1     7  0   1.2%   0.162 GC:2    --:1    +
   12    20  0   1.1%   0.251 CG:3    +
   10    22  0   1.0%   0.194 GC:3    +
    9    23  0   1.0%   0.193 GU:3    +
   10    30  0   0.9%   1.103 GC:3    +
    9    31  0   0.9%   1.293 GC:3    +
    3    31  0   0.8%   0.950 GC:3    +
    2    32  0   0.7%   1.042 GU:3    +
    1     8  0   0.7%   0.156 GU:2    --:1    +
    4    21  0   0.6%   0.186 CG:3    +
    3    22  0   0.6%   0.179 GC:3    +
    2    23  0   0.5%   0.230 GU:3    +
   13    19  1   1.0%   0.220 UA:2    +
    9    16  0   0.4%   0.075 GC:3    +
    8    17  0   0.4%   0.099 UG:3    +
    4    27  1   0.8%   0.247 CG:2    +
    3    28  1   0.7%   0.230 GC:2    +
    2    12  0   0.2%   0.101 GC:3    +
    4    10  0   0.2%   0.035 CG:3    +
   11    23  0   0.2%   0.724 GU:3    +
   10    16  0   0.2%   0.067 GC:3    +
    1    24  0   0.1%   0.127 GU:2    --:1    +
    1    13  0   0.1%   0.114 GU:2    --:1    +
   17    34  0   0.1%   0.399 GC:3    +
   11    31  0   0.1%   1.518 GC:3    +
   10    32  0   0.1%   1.688 GU:3    +
    8    18  0   0.1%   0.073 UA:3    +
    3     7  0   0.1%   0.130 GC:3    +
    2     8  0   0.0%   0.107 GU:3    +
    4    26  0   0.0%   0.136 CG:3    +
    7    20  0   0.0%   0.130 CG:3    +
   18    23  0   0.0%   0.392 AU:3    +
    8    19  0   0.0%   0.070 UA:3    +
    1    25  0   0.0%   0.115 GC:2    --:1    +
   19    24  0   0.0%   1.251 AU:3    +
   16    20  0   0.0%   0.422 CG:3    +
    3    34  0   0.0%   0.481 GC:3    +
    1    34  0   0.0%   0.589 GC:2    --:1    +
    4     9  0   0.0%   0.004 CG:3    +
    8    29  0   0.0%   0.361 UA:3    +
   23    29  0   0.0%   0.784 UA:3    +
    2    24  0   0.0%   0.191 GU:3    +
   26    31  0   0.0%   1.896 GC:3    +
    2    34  0   0.0%   0.625 GC:3    +
    1    30  0   0.0%   0.114 GC:2    --:1    +
    1    16  0   0.0%   0.100 GC:2    --:1    +
    2    25  0   0.0%   0.184 GC:3    +
   16    21  0   0.0%   0.311 CG:3    +
   11    16  0   0.0%   0.124 GC:3    +
   10    25  0   0.0%   0.873 GC:3    +
    3    24  0   0.0%   0.133 GU:3    +
   17    24  0   0.0%   0.598 GU:3    +
    7    17  0   0.0%   0.123 CG:3    +
    2    22  0   0.0%   0.152 GC:3    +
    4    20  0   0.0%   0.100 CG:3    +
    3    25  0   0.0%   0.125 GC:3    +
   26    34  0   0.0%   1.024 GC:3    +
    6    24  0   0.0%   0.013 AU:3    +
    2    16  0   0.0%   0.152 GC:3    +
    1    12  0   0.0%   0.089 GC:2    --:1    +
   17    22  0   0.0%   0.341 GC:3    +
    1    28  0   0.0%   0.111 GC:2    --:1    +
   15    23  0   0.0%   0.379 AU:3    +
   14    24  0   0.0%   0.574 AU:3    +
    3    32  0   0.0%   0.861 GU:3    +
   18    32  0   0.0%   1.082 AU:3    +
   20    25  0   0.0%   1.033 GC:3    +
   12    17  0   0.0%   0.119 CG:3    +
    1    23  0   0.0%   0.099 GU:2    --:1    +
    9    34  0   0.0%   1.110 GC:3    +
   12    26  0   0.0%   1.048 CG:3    +
    6    32  0   0.0%   0.388 AU:3    +
   22    26  0   0.0%   1.327 CG:3    +
    5    24  0   0.0%   0.012 AU:3    +
    8    15  0   0.0%   0.038 UA:3    +
   20    30  0   0.0%   1.170 GC:3    +
   26    30  0   0.0%   1.854 GC:3    +
    9    30  0   0.0%   1.134 GC:3    +
    3     8  0   0.0%   0.043 GU:3    +
   26    32  0   0.0%   1.794 GU:3    +
   24    29  0   0.0%   1.045 UA:3    +
   15    24  0   0.0%   0.575 AU:3    +
    5    32  0   0.0%   0.387 AU:3    +
   21    31  0   0.0%   1.213 GC:3    +
    7    21  0   0.0%   0.154 CG:3    +
   14    23  0   0.0%   0.378 AU:3    +
   20    32  0   0.0%   1.224 GU:3    +
    8    20  0   0.0%   0.069 UG:3    +
   11    24  0   0.0%   0.910 GU:3    +
    9    22  0   0.0%   0.056 GC:3    +
    3    23  0   0.0%   0.146 GU:3    +
    6    23  0   0.0%   0.027 AU:3    +
   17    31  0   0.0%   1.196 GC:3    +
    8    14  0   0.0%   0.038 UA:3    +
   20    24  0   0.0%   1.303 GU:3    +
   10    34  0   0.0%   0.960 GC:3    +
   17    23  0   0.0%   0.400 GU:3    +
   24    33  0   0.0%   1.230 UA:3    +
    7    11  0   0.0%   0.207 CG:3    +
   21    25  0   0.0%   0.921 GC:3    +
   15    32  0   0.0%   0.729 AU:3    +
   11    32  0   0.0%   1.415 GU:3    +
    4    17  0   0.0%   0.098 CG:3    +
   17    30  0   0.0%   1.157 GC:3    +
    3    16  0   0.0%   0.092 GC:3    +
   17    32  0   0.0%   1.098 GU:3    +
    5    23  0   0.0%   0.027 AU:3    +
   14    32  0   0.0%   0.728 AU:3    +
   20    34  0   0.0%   0.453 GC:3    +
   12    27  1   0.1%   0.722 CG:2    +
   11    28  1   0.1%   0.394 GC:2    +
   13    27  1   0.0%   0.782 UG:2    +
   13    18  1   0.0%   0.090 UA:2    +
    9    28  1   0.0%   0.767 GC:2    +
    8    27  1   0.0%   0.672 UG:2    +
    2    28  1   0.0%   0.184 GC:2    +
   22    27  1   0.0%   0.645 CG:2    +
   13    26  1   0.0%   1.117 UG:2    +
   21    28  1   0.0%   0.317 GC:2    +
   16    27  1   0.0%   0.709 CG:2    +
   13    17  1   0.0%   0.102 UG:2    +
   27    31  1   0.0%   1.209 GC:2    +
   13    21  1   0.0%   0.725 UG:2    +
   27    32  1   0.0%   1.108 GU:2    +
   27    34  1   0.0%   0.337 GC:2    +
   20    28  1   0.0%   0.427 GC:2    +
   17    28  1   0.0%   0.415 GC:2    +
   23    27  1   0.0%   0.982 UG:2    +
   10    28  1   0.0%   0.608 GC:2    +
    9    13  1   0.0%   0.082 GU:2    +
    5    13  1   0.0%   0.081 AU:2    +
   13    33  1   0.0%   0.887 UA:2    +
(((...(.(((((......))))).)...)))..
