3 sequence; length of alignment 35
alifold output
    5    32  0 100.0%   0.000 CG:3   
    8    29  0 100.0%   0.000 GC:3   
    4    33  0 100.0%   0.000 CG:3   
    6    31  0 100.0%   0.000 CG:3   
    7    30  0 100.0%   0.000 GC:3   
    9    28  0 100.0%   0.000 CG:3   
   15    24  0  99.9%   0.002 UA:3   
   14    25  0  99.9%   0.003 CG:3   
   16    23  0  99.9%   0.002 GC:3   
    3    34  0  99.5%   0.014 UA:3   
   10    27  0  97.1%   0.087 GC:3   
    2    35  0  95.1%   0.153 CG:3   
   13    26  0  89.8%   0.381 GU:3   
   17    22  0  87.4%   0.353 AU:3   
   12    26  0   2.5%   0.274 AU:3    +
    1    35  0   0.1%   0.025 CG:3    +
   18    22  0   0.1%   0.129 AU:3    +
   11    25  0   0.0%   0.005 CG:3    +
   13    27  0   0.0%   0.131 GC:3    +
   11    28  0   0.0%   0.003 CG:3    +
   10    29  0   0.0%   0.030 GC:3    +
   16    21  0   0.0%   0.001 GC:3    +
   13    21  0   0.0%   0.000 GC:3    +
   10    26  0   0.0%   0.000 GU:3    +
   12    22  0   0.0%   0.000 AU:3    +
   16    22  0   0.0%   0.001 GU:3    +
    3    35  0   0.0%   0.061 UG:3    +
   13    23  0   0.0%   0.000 GC:3    +
   15    20  0   0.0%   0.000 UA:3    +
    8    30  0   0.0%   0.000 GC:3    +
.(((((((((..(((((....))))))))))))))
