3 sequence; length of alignment 166
alifold output
   96   156  0  99.7%   0.032 CG:3   
   97   155  0  99.7%   0.032 UA:3   
   98   154  0  99.6%   0.032 GC:3   
  105   148  0  99.5%   0.061 GC:3   
  106   147  0  99.4%   0.049 CG:3   
   95   157  0  99.0%   0.073 UA:3   
  103   150  0  98.6%   0.070 UA:3   
  108   144  0  98.6%   0.100 GC:3   
  102   151  0  98.6%   0.109 CG:3   
   94   158  0  97.9%   0.104 AU:3   
  107   145  0  97.4%   0.111 AU:3   
   99   153  0  93.9%   0.199 GU:3   
  109   143  0  90.6%   0.520 UA:3   
   93   159  0  90.4%   0.560 UA:3   
   29    40  0  88.3%   0.339 GC:3   
   28    41  0  88.1%   0.344 AU:3   
   30    39  0  88.1%   0.348 CG:3   
   27    42  0  88.0%   0.353 AU:3   
   26    43  0  87.3%   0.386 GC:3   
  117   131  0  82.1%   1.384 GC:3   
  116   132  0  82.1%   1.390 GC:3   
  110   142  0  81.9%   1.033 UA:3   
  115   133  0  81.3%   1.322 GC:3   
   13    20  0  78.7%   0.619 CG:3   
   12    21  0  78.4%   0.607 UA:3   
   10    23  0  78.3%   0.737 CG:3   
  118   130  0  78.1%   1.056 AU:3   
    9    24  0  77.5%   0.702 AU:3   
    8    25  0  68.9%   0.899 UA:3   
   14    19  0  67.3%   0.811 UA:3   
  120   125  0  57.8%   0.979 CG:3   
  119   126  0  54.7%   1.167 AU:3   
  111   141  0  54.5%   1.707 UG:3   
  101   152  0  51.9%   1.444 UA:3    +
  100   152  0  47.4%   1.082 UA:3   
   51    69  0  47.2%   1.508 GC:3   
   50    70  0  47.1%   1.441 UA:3   
   52    68  0  46.9%   1.590 AU:3   
   49    71  0  46.9%   1.710 CG:3   
  113   138  0  46.2%   1.375 GC:3    +
  112   139  0  46.1%   1.099 AU:3    +
   92   160  0  45.8%   2.115 UG:3    +
   55    64  0  44.8%   1.652 UA:3   
   54    65  0  44.5%   1.980 CG:3   
   56    63  0  43.4%   1.812 UG:3   
    5   161  0  36.9%   1.344 CG:3   
    6   160  0  36.6%   1.524 CG:3   
   45    75  0  36.4%   1.388 CG:3   
   44    76  0  34.1%   1.742 GU:3   
   46    74  0  33.9%   1.476 AU:3   
  114   138  0  33.0%   2.295 GC:3   
  113   139  0  32.7%   2.114 GU:3   
    4   162  0  31.9%   1.220 AU:3   
  111   140  0  31.1%   1.155 UG:3    +
   91   161  0  29.1%   2.105 UG:3    +
  114   136  0  28.0%   1.580 GC:3    +
   47    73  0  27.1%   1.605 GU:3   
   79    88  0  23.4%   2.187 UA:3   
   78    89  0  23.3%   2.570 CG:3   
   80    87  0  22.5%   2.517 UG:3   
   77    90  0  21.0%   2.714 GU:3   
   72    83  0  20.4%   2.103 CG:3    +
   71    84  0  20.4%   2.462 GC:3    +
   70    85  0  20.3%   2.511 AU:3    +
   73    82  0  20.0%   2.612 UA:3    +
   69    86  0  19.8%   2.359 CG:3    +
    6   165  0  19.1%   1.834 CG:3    +
    5   166  0  18.8%   1.574 CG:3    +
   47    84  0  17.2%   1.807 GC:3    +
   46    85  0  17.2%   1.978 AU:3    +
   45    86  0  17.1%   2.183 CG:3    +
   54    77  0  16.9%   2.286 CG:3    +
   53    78  0  16.9%   1.903 GC:3    +
   63    69  0  16.1%   2.218 GC:3    +
  110   141  0  15.9%   0.929 UG:3    +
   62    70  0  15.9%   1.890 UA:3    +
   81    86  0  14.8%   2.455 UG:3   
   59    73  0  14.6%   1.850 AU:3    +
   58    74  0  14.6%   1.792 AU:3    +
   49    83  0  14.1%   1.663 CG:3    +
   50    82  0  13.7%   1.587 UA:3    +
   57    75  0  13.7%   1.481 UG:3    +
   85   164  0  12.4%   2.191 UA:3    +
   52    79  0  12.4%   1.834 AU:3    +
   64    68  0  12.2%   1.989 AU:3    +
   86   163  0  12.1%   2.446 GC:3    +
   84   165  0  12.0%   2.678 CG:3    +
   87   162  0  10.9%   2.591 GU:3    +
   23    78  0  10.0%   1.172 GC:3    +
   22    79  0  10.0%   0.938 GU:3    +
   24    77  0  10.0%   1.162 UG:3    +
   21    80  0  10.0%   0.997 AU:3    +
   39    54  0   9.9%   0.923 GC:3    +
   40    53  0   9.9%   0.964 CG:3    +
   20    81  0   9.9%   0.947 GU:3    +
   17    84  0   9.7%   1.019 GC:3    +
   38    55  0   9.7%   0.870 GU:3    +
   45    77  0   9.6%   1.623 CG:3    +
   44    78  0   9.6%   1.700 GC:3    +
   25    76  0   9.4%   1.029 AU:3    +
   16    85  0   9.4%   0.988 AU:3    +
   29    72  0   9.3%   0.784 GC:3    +
   28    73  0   9.3%   0.787 AU:3    +
   30    71  0   9.3%   0.803 CG:3    +
   51    81  0   9.3%   1.929 GU:3    +
   27    74  0   9.1%   0.785 AU:3    +
   41    52  0   9.0%   0.921 UA:3    +
   46    76  0   8.9%   1.769 AU:3    +
  115   132  0   8.8%   1.107 GC:3    +
  114   133  0   8.7%   1.042 GC:3    +
   88   162  0   8.5%   2.372 AU:3    +
   37    56  0   8.4%   0.833 AU:3    +
  116   131  0   8.3%   1.117 GC:3    +
   87   163  0   8.3%   2.594 GC:3    +
  109   142  0   8.1%   0.662 UA:3    +
   51   163  0   8.1%   1.951 GC:3    +
   50   164  0   8.1%   1.848 UA:3    +
   49   165  0   8.0%   2.254 CG:3    +
   51    80  0   7.9%   1.669 GU:3    +
   10    61  0   7.9%   0.858 CG:3    +
   11    60  0   7.9%   0.628 GC:3    +
    9    62  0   7.8%   0.804 AU:3    +
   89   163  0   7.8%   2.236 GC:3    +
   42    51  0   7.7%   0.870 UG:3    +
   68    87  0   7.7%   1.871 UG:3    +
   52   162  0   7.7%   2.413 AU:3    +
   12    59  0   7.6%   0.830 UA:3    +
   35    62  0   7.5%   0.806 AU:3    +
   34    63  0   7.3%   0.808 CG:3    +
    8    63  0   7.3%   0.883 UG:3    +
   36    61  0   7.3%   0.812 UG:3    +
  117   127  0   7.2%   0.606 GC:3    +
   33    64  0   7.1%   0.631 UA:3    +
  116   128  0   6.7%   0.560 GC:3    +
  117   130  0   6.5%   0.935 GU:3    +
   47    72  0   6.2%   0.775 GC:3    +
   13    87  0   6.1%   1.024 CG:3    +
    6    65  0   6.0%   0.645 CG:3    +
   15    86  0   5.8%   0.897 UG:3    +
   77    84  0   5.8%   2.593 GC:3    +
   78    83  0   5.8%   2.146 CG:3    +
  114   132  0   5.7%   0.643 GC:3    +
  115   131  0   5.6%   0.640 GC:3    +
   12    88  0   5.6%   0.934 UA:3    +
   54   160  0   5.5%   2.191 CG:3    +
  113   133  0   5.2%   0.551 GC:3    +
   14    52  0   5.0%   0.742 UA:3    +
   15    51  0   5.0%   0.471 UG:3    +
   13    53  0   5.0%   0.685 CG:3    +
   16    50  0   5.0%   0.451 AU:3    +
   32    65  0   5.0%   0.837 UG:3    +
   17    49  0   4.9%   0.522 GC:3    +
   52    80  0   4.9%   1.953 AU:3    +
  118   126  0   4.7%   0.463 AU:3    +
   23    45  0   4.5%   0.739 GC:3    +
   32    37  0   4.5%   0.426 UA:3    +
   48    74  0   4.4%   1.171 AU:3    +
   57    63  0   4.2%   1.284 UG:3    +
   56    64  0   4.1%   1.578 UA:3    +
   49    89  0   4.0%   1.666 CG:3    +
   24    44  0   4.0%   0.697 UG:3    +
   48    90  0   4.0%   0.804 AU:3    +
   54    83  0   3.8%   1.845 CG:3    +
   53    84  0   3.8%   1.794 GC:3    +
   47    91  0   3.8%   1.342 GU:3    +
   52    85  0   3.7%   2.212 AU:3    +
   55    82  0   3.7%   1.593 UA:3    +
   64    73  0   3.5%   2.437 AU:3    +
   44    49  0   3.5%   0.766 GC:3    +
   65    72  0   3.5%   1.853 GC:3    +
   55    65  0   3.4%   1.863 UG:3    +
   63    74  0   3.4%   2.736 GU:3    +
   46    73  0   3.3%   0.601 AU:3    +
   14    86  0   3.2%   0.887 UG:3    +
    5    23  0   3.0%   0.323 CG:3    +
    6    22  0   3.0%   0.321 CG:3    +
   10    89  0   3.0%   0.794 CG:3    +
    4    24  0   3.0%   0.320 AU:3    +
   60    77  0   3.0%   1.489 CG:3    +
   58    62  0   2.9%   0.851 AU:3    +
   32    67  0   2.9%   0.684 UA:3    +
   50    88  0   2.8%   1.612 UA:3    +
   55   159  0   2.8%   1.374 UA:3    +
   61    76  0   2.8%   1.713 GU:3    +
    6    86  0   2.7%   0.606 CG:3    +
    5    87  0   2.7%   0.420 CG:3    +
    3    25  0   2.7%   0.295 UA:3    +
   17    54  0   2.6%   0.515 GC:3    +
   90   160  0   2.6%   1.788 UG:3    +
    9    90  0   2.6%   0.713 AU:3    +
   16    55  0   2.6%   0.437 AU:3    +
   31    68  0   2.6%   0.304 AU:3    +
   46    92  0   2.5%   1.344 AU:3    +
   33    66  0   2.4%   0.532 UA:3    +
   22    49  0   2.4%   0.564 GC:3    +
   21    50  0   2.4%   0.640 AU:3    +
   34    65  0   2.3%   0.798 CG:3    +
   62    75  0   2.0%   1.933 UG:3    +
  114   131  0   1.8%   0.238 GC:3    +
   66    91  0   1.8%   0.771 AU:3    +
   45    53  0   1.8%   0.768 CG:3    +
   43    51  0   1.7%   0.692 CG:3    +
   44    54  0   1.7%   0.863 GC:3    +
   67    90  0   1.7%   0.806 AU:3    +
   48    73  0   1.7%   0.939 AU:3    +
  113   132  0   1.7%   0.224 GC:3    +
   14    87  0   1.6%   1.045 UG:3    +
    1   165  0   1.6%   0.219 UG:3    +
   58    79  0   1.6%   1.163 AU:3    +
   65    92  0   1.6%   1.685 GU:3    +
    7    85  0   1.5%   0.231 GU:3    +
   65    91  0   1.5%   1.642 GU:3    +
   61    72  0   1.5%   1.087 GC:3    +
  115   130  0   1.4%   0.203 GU:3    +
  116   130  0   1.4%   0.443 GU:3    +
   64    92  0   1.4%   1.556 AU:3    +
   66    90  0   1.4%   0.749 AU:3    +
   47    74  0   1.3%   1.324 GU:3    +
   32    38  0   1.3%   0.322 UG:3    +
   43    77  0   1.2%   0.643 CG:3    +
   36    63  0   1.2%   0.773 UG:3    +
   63    93  0   1.2%   1.609 GU:3    +
   62    71  0   1.2%   1.711 UG:3    +
   10   161  0   1.2%   1.100 CG:3    +
   50    87  0   1.1%   1.589 UG:3    +
  117   128  0   1.1%   0.561 GC:3    +
    9   162  0   1.1%   1.034 AU:3    +
   44    50  0   1.1%   0.681 GU:3    +
  101   151  0   1.1%   0.169 UG:3    +
   72    77  0   1.1%   1.727 CG:3    +
   71    78  0   1.1%   1.639 GC:3    +
   56    65  0   1.0%   1.792 UG:3    +
   10    17  0   1.0%   0.138 CG:3    +
   68    89  0   1.0%   1.523 UG:3    +
   70    79  0   1.0%   1.444 AU:3    +
   33    37  0   0.9%   0.283 UA:3    +
   55    66  0   0.9%   1.061 UA:3    +
   40    83  0   0.9%   0.512 CG:3    +
   75    80  0   0.9%   1.570 GU:3    +
   39    84  0   0.9%   0.748 GC:3    +
   42    52  0   0.9%   0.814 UA:3    +
   48   162  0   0.9%   0.919 AU:3    +
   37    62  0   0.9%   0.939 AU:3    +
   47   163  0   0.9%   1.200 GC:3    +
   49   161  0   0.9%   1.743 CG:3    +
   64    93  0   0.9%   1.456 AU:3    +
  123   128  0   0.9%   0.381 GC:3    +
  113   136  0   0.9%   0.372 GC:3    +
    3   164  0   0.9%   0.265 UA:3    +
   57    64  0   0.9%   1.008 UA:3    +
  133   140  0   0.9%   1.087 CG:3    +
   41    82  0   0.8%   0.482 UA:3    +
   13    89  0   0.8%   0.818 CG:3    +
   14    88  0   0.8%   0.905 UA:3    +
   84    89  0   0.7%   2.202 CG:3    +
   60    89  0   0.7%   0.929 CG:3    +
   83    90  0   0.7%   1.947 GU:3    +
  134   139  0   0.7%   0.903 AU:3    +
   59    90  0   0.7%   0.985 AU:3    +
   62    94  0   0.7%   1.201 UA:3    +
   91   159  0   0.7%   0.657 UA:3    +
   68    88  0   0.7%   1.428 UA:3    +
   65    84  0   0.7%   1.954 GC:3    +
   30    89  0   0.7%   0.655 CG:3    +
   29    90  0   0.7%   0.585 GU:3    +
   64    85  0   0.7%   2.015 AU:3    +
    7   163  0   0.7%   0.216 GC:3    +
   54    89  0   0.7%   1.718 CG:3    +
   60    71  0   0.7%   0.966 CG:3    +
   55    88  0   0.6%   1.494 UA:3    +
   53    90  0   0.6%   1.361 GU:3    +
   62    87  0   0.6%   1.679 UG:3    +
   28    91  0   0.6%   0.479 AU:3    +
   54    61  0   0.6%   0.946 CG:3    +
   34    86  0   0.6%   0.780 CG:3    +
   33    87  0   0.6%   0.813 UG:3    +
   32    88  0   0.6%   0.793 UA:3    +
   50   160  0   0.6%   1.622 UG:3    +
   73    88  0   0.6%   2.045 UA:3    +
   60    65  0   0.6%   1.296 CG:3    +
   38    85  0   0.6%   0.736 GU:3    +
   72    89  0   0.6%   1.548 CG:3    +
   53    62  0   0.6%   1.032 GU:3    +
   74    87  0   0.6%   2.104 UG:3    +
   27    92  0   0.6%   0.460 AU:3    +
  125   144  0   0.5%   0.427 GC:3    +
  124   145  0   0.5%   0.133 AU:3    +
  123   146  0   0.5%   0.167 GC:3    +
   52    91  0   0.5%   1.588 AU:3    +
   58    91  0   0.5%   0.805 AU:3    +
  127   141  0   0.5%   0.929 CG:3    +
  128   140  0   0.5%   0.743 CG:3    +
   90   161  0   0.5%   1.585 UG:3    +
   78    87  0   0.5%   1.900 CG:3    +
   79    86  0   0.5%   1.817 UG:3    +
   56    87  0   0.5%   1.391 UG:3    +
   61    95  0   0.5%   0.743 GU:3    +
  108   120  0   0.5%   0.080 GC:3    +
  109   119  0   0.5%   0.080 UA:3    +
   82    91  0   0.5%   1.274 AU:3    +
  110   118  0   0.5%   0.080 UA:3    +
  129   139  0   0.4%   0.827 AU:3    +
   91   160  0   0.4%   1.235 UG:3    +
  111   117  0   0.4%   0.079 UG:3    +
   60    75  0   0.4%   1.069 CG:3    +
   51    92  0   0.4%   1.436 GU:3    +
   53    79  0   0.4%   1.401 GU:3    +
   59    76  0   0.4%   1.406 AU:3    +
   13    17  0   0.4%   0.120 CG:3    +
   12    18  0   0.4%   0.076 UA:3    +
   15    87  0   0.4%   0.766 UG:3    +
   64    91  0   0.4%   1.486 AU:3    +
   69    87  0   0.4%   1.793 CG:3    +
   56    75  0   0.4%   1.273 UG:3    +
   54   161  0   0.4%   2.000 CG:3    +
   65    90  0   0.4%   1.612 GU:3    +
    5   165  0   0.4%   0.737 CG:3    +
   75    81  0   0.4%   1.401 GU:3    +
   23    49  0   0.3%   0.760 GC:3    +
   35    85  0   0.3%   0.553 AU:3    +
   34    87  0   0.3%   0.797 CG:3    +
   22    50  0   0.3%   0.530 GU:3    +
   33    88  0   0.3%   0.669 UA:3    +
   92   159  0   0.3%   0.517 UA:3    +
   29    78  0   0.3%   0.639 GC:3    +
   63    92  0   0.3%   1.624 GU:3    +
   28    79  0   0.3%   0.633 AU:3    +
   27    80  0   0.3%   0.634 AU:3    +
   30    77  0   0.3%   0.658 CG:3    +
  115   136  0   0.3%   1.077 GC:3    +
    8    20  0   0.3%   0.065 UG:3    +
  132   141  0   0.3%   1.343 CG:3    +
  121   126  0   0.3%   0.535 AU:3    +
  116   133  0   0.3%   1.210 GC:3    +
   26    93  0   0.3%   0.222 GU:3    +
   26    81  0   0.3%   0.438 GU:3    +
   55   160  0   0.3%   1.791 UG:3    +
  117   132  0   0.3%   1.268 GC:3    +
   71    90  0   0.3%   1.643 GU:3    +
  126   143  0   0.3%   0.671 UA:3    +
   13    22  0   0.3%   0.372 CG:3    +
   14    21  0   0.3%   0.516 UA:3    +
   53    72  0   0.3%   0.949 GC:3    +
   54    71  0   0.3%   1.457 CG:3    +
   32    89  0   0.3%   0.780 UG:3    +
   61    74  0   0.3%   1.685 GU:3    +
   31    76  0   0.3%   0.388 AU:3    +
   52    73  0   0.3%   1.596 AU:3    +
  123   127  0   0.3%   0.246 GC:3    +
  122   126  0   0.3%   0.547 AU:3    +
  126   142  0   0.3%   0.932 UA:3    +
    6    26  0   0.3%   0.156 CG:3    +
   15    20  0   0.3%   0.267 UG:3    +
   31    90  0   0.2%   0.327 AU:3    +
   24    48  0   0.2%   0.492 UA:3    +
   55    70  0   0.2%   1.301 UA:3    +
  104   148  0   0.2%   0.066 GC:3    +
   49    65  0   0.2%   0.858 CG:3    +
  108   138  0   0.2%   0.085 GC:3    +
   50    64  0   0.2%   0.583 UA:3    +
  107   139  0   0.2%   0.059 AU:3    +
  109   137  0   0.2%   0.078 UA:3    +
  103   149  0   0.2%   0.064 UG:3    +
   31    62  0   0.2%   0.247 AU:3    +
    3    89  0   0.2%   0.156 UG:3    +
   59    79  0   0.2%   1.173 AU:3    +
   39    72  0   0.2%   0.621 GC:3    +
   40    71  0   0.2%   0.609 CG:3    +
   38    73  0   0.2%   0.569 GU:3    +
   51    74  0   0.2%   1.632 GU:3    +
    6   166  0   0.2%   1.469 CG:3    +
   58    80  0   0.2%   1.131 AU:3    +
   30    63  0   0.2%   0.365 CG:3    +
   32    61  0   0.2%   0.451 UG:3    +
    2    90  0   0.2%   0.048 AU:3    +
   37    74  0   0.2%   0.702 AU:3    +
   32    75  0   0.2%   0.525 UG:3    +
   56    66  0   0.2%   0.963 UA:3    +
   57    65  0   0.2%   1.214 UG:3    +
   74    82  0   0.2%   2.038 UA:3    +
  111   134  0   0.2%   0.072 UA:3    +
   84   166  0   0.2%   1.924 CG:3    +
   62    67  0   0.2%   0.770 UA:3    +
   57    86  0   0.2%   1.268 UG:3    +
    9    91  0   0.2%   0.540 AU:3    +
   45    61  0   0.2%   0.685 CG:3    +
   44    62  0   0.2%   0.865 GU:3    +
   39    60  0   0.2%   0.596 GC:3    +
   41    70  0   0.2%   0.383 UA:3    +
   85   165  0   0.2%   2.318 UG:3    +
   43    63  0   0.2%   0.685 CG:3    +
   20    49  0   0.2%   0.418 GC:3    +
   42    64  0   0.2%   0.587 UA:3    +
   61    68  0   0.2%   0.954 GU:3    +
   45    51  0   0.1%   0.611 CG:3    +
   19    50  0   0.1%   0.459 AU:3    +
   43    87  0   0.1%   0.727 CG:3    +
   10    20  0   0.1%   0.092 CG:3    +
  113   131  0   0.1%   0.038 GC:3    +
   37    57  0   0.1%   0.446 AU:3    +
   26    34  0   0.1%   0.046 GC:3    +
   58    85  0   0.1%   1.300 AU:3    +
    1   164  0   0.1%   0.038 UA:3    +
   55    67  0   0.1%   1.009 UA:3    +
   12    87  0   0.1%   0.565 UG:3    +
   70    91  0   0.1%   1.483 AU:3    +
   27    33  0   0.1%   0.029 AU:3    +
  124   130  0   0.1%   0.539 AU:3    +
    7    60  0   0.1%   0.041 GC:3    +
   61   148  0   0.1%   0.727 GC:3    +
   63   146  0   0.1%   1.509 GC:3    +
   62   147  0   0.1%   1.164 UG:3    +
    7    78  0   0.1%   0.051 GC:3    +
   99   154  0   0.1%   0.111 GC:3    +
   32    70  0   0.1%   0.501 UA:3    +
   16    57  0   0.1%   0.275 AU:3    +
  123   131  0   0.1%   0.697 GC:3    +
   64   145  0   0.1%   1.332 AU:3    +
   65   144  0   0.1%   1.353 GC:3    +
   15    58  0   0.1%   0.202 UA:3    +
   60   149  0   0.1%   0.493 CG:3    +
   81    87  0   0.1%   1.984 UG:3    +
   87    96  0   0.1%   1.209 GC:3    +
   13    86  0   0.1%   0.514 CG:3    +
   84    99  0   0.1%   1.311 CG:3    +
   17    56  0   0.1%   0.345 GU:3    +
   86    97  0   0.1%   1.411 GU:3    +
   85    98  0   0.1%   1.167 UG:3    +
   88    95  0   0.1%   0.866 AU:3    +
   58    73  0   0.1%   0.944 AU:3    +
   83   100  0   0.1%   1.031 GU:3    +
    6    61  0   0.1%   0.153 CG:3    +
   63    72  0   0.1%   1.779 GC:3    +
   12    23  0   0.1%   0.543 UG:3    +
  114   139  0   0.1%   1.951 GU:3    +
   36    58  0   0.1%   0.044 UA:3    +
   61    78  0   0.1%   1.472 GC:3    +
   18    55  0   0.1%   0.150 AU:3    +
    8    77  0   0.1%   0.521 UG:3    +
    5    89  0   0.1%   0.260 CG:3    +
    8    59  0   0.1%   0.318 UA:3    +
   45   165  0   0.1%   1.599 CG:3    +
   36    75  0   0.1%   0.306 UG:3    +
   80    88  0   0.1%   1.844 UA:3    +
   64    90  0   0.1%   1.565 AU:3    +
   62    77  0   0.1%   2.031 UG:3    +
  110   135  0   0.1%   0.065 UG:3    +
   78   105  0   0.1%   1.413 CG:3    +
   53   162  0   0.1%   1.676 GU:3    +
   77   106  0   0.1%   1.542 GC:3    +
   40    89  0   0.1%   0.654 CG:3    +
   46    50  0   0.1%   0.353 AU:3    +
   79   104  0   0.1%   1.067 UG:3    +
   59    74  0   0.1%   1.605 AU:3    +
   39    90  0   0.1%   0.614 GU:3    +
  114   130  0   0.1%   0.028 GU:3    +
   69   140  0   0.1%   1.027 CG:3    +
   55    77  0   0.1%   1.771 UG:3    +
   70   139  0   0.1%   1.086 AU:3    +
   57   157  0   0.1%   0.544 UA:3    +
    7    84  0   0.1%   0.054 GC:3    +
   42    88  0   0.1%   0.661 UA:3    +
   30    38  0   0.1%   0.025 CG:3    +
   52    62  0   0.1%   0.911 AU:3    +
   54    63  0   0.1%   0.945 CG:3    +
    4    90  0   0.1%   0.149 AU:3    +
   10   160  0   0.1%   0.950 CG:3    +
   50    75  0   0.1%   1.131 UG:3    +
    3   165  0   0.1%   0.260 UG:3    +
    6   161  0   0.1%   1.177 CG:3    +
   82   101  0   0.1%   0.833 AU:3    +
   50    65  0   0.1%   0.804 UG:3    +
   20    54  0   0.1%   0.366 GC:3    +
   63    91  0   0.1%   1.659 GU:3    +
  119   130  0   0.1%   0.876 AU:3    +
    6    87  0   0.1%   0.524 CG:3    +
    7    92  0   0.1%   0.126 GU:3    +
   39    78  0   0.1%   0.652 GC:3    +
   39    45  0   0.1%   0.285 GC:3    +
   71   138  0   0.1%   1.104 GC:3    +
   40    44  0   0.1%   0.266 CG:3    +
    8    19  0   0.1%   0.023 UA:3    +
   22    45  0   0.1%   0.150 GC:3    +
   29    54  0   0.1%   0.242 GC:3    +
   19    55  0   0.1%   0.412 AU:3    +
   28    55  0   0.1%   0.247 AU:3    +
   47    54  0   0.1%   0.446 GC:3    +
   30    53  0   0.1%   0.291 CG:3    +
   27    56  0   0.1%   0.158 AU:3    +
   56   159  0   0.1%   0.970 UA:3    +
   38    91  0   0.1%   0.432 GU:3    +
   40    77  0   0.1%   0.642 CG:3    +
   41    88  0   0.1%   0.665 UA:3    +
   37    85  0   0.1%   0.789 AU:3    +
   38    79  0   0.1%   0.590 GU:3    +
   28    32  0   0.1%   0.019 AU:3    +
  152   162  0   0.1%   1.844 AU:3    +
  153   161  0   0.1%   0.967 UG:3    +
  151   163  0   0.1%   1.035 GC:3    +
  154   160  0   0.1%   1.101 CG:3    +
  106   140  0   0.1%   0.041 CG:3    +
   68   141  0   0.1%   1.026 UG:3    +
   26    57  0   0.1%   0.180 GU:3    +
   38    56  0   0.1%   0.547 GU:3    +
   18    56  0   0.1%   0.065 AU:3    +
   69    98  0   0.1%   1.017 CG:3    +
   67   100  0   0.1%   0.229 AU:3    +
   68    99  0   0.1%   1.020 UG:3    +
   66   101  0   0.1%   0.322 AU:3    +
   46    55  0   0.1%   0.377 AU:3    +
   70    97  0   0.1%   1.077 AU:3    +
   65   102  0   0.1%   1.337 GC:3    +
   67    91  0   0.1%   0.622 AU:3    +
   71    96  0   0.1%   1.096 GC:3    +
   64   103  0   0.1%   1.316 AU:3    +
  136   140  0   0.1%   0.894 CG:3    +
    1   166  0   0.1%   0.102 UG:3    +
   76   107  0   0.1%   0.988 UA:3    +
   62   105  0   0.1%   1.146 UG:3    +
   61   106  0   0.1%   0.709 GC:3    +
   66    92  0   0.1%   0.618 AU:3    +
   11    90  0   0.1%   0.352 GU:3    +
    8    83  0   0.1%   0.524 UG:3    +
   63   163  0   0.1%   1.787 GC:3    +
   36    86  0   0.1%   0.706 UG:3    +
    3    88  0   0.1%   0.127 UA:3    +
   60    83  0   0.1%   0.901 CG:3    +
   34    51  0   0.1%   0.182 CG:3    +
   49    61  0   0.1%   0.832 CG:3    +
   24    46  0   0.1%   0.454 UA:3    +
  116   127  0   0.1%   0.024 GC:3    +
   32    66  0   0.1%   0.384 UA:3    +
   48    62  0   0.1%   0.510 AU:3    +
  115   128  0   0.1%   0.025 GC:3    +
   62   164  0   0.1%   1.419 UA:3    +
   11    54  0   0.1%   0.028 GC:3    +
    5    11  0   0.1%   0.015 CG:3    +
   78    86  0   0.1%   2.093 CG:3    +
   35    50  0   0.1%   0.283 AU:3    +
   15    19  0   0.1%   0.288 UA:3    +
   45    63  0   0.1%   0.731 CG:3    +
   17    57  0   0.1%   0.351 GU:3    +
    9    76  0   0.1%   0.418 AU:3    +
   14    18  0   0.1%   0.038 UA:3    +
   80    86  0   0.1%   1.781 UG:3    +
   10    75  0   0.1%   0.464 CG:3    +
   57    66  0   0.1%   0.399 UA:3    +
   33    52  0   0.1%   0.223 UA:3    +
   64   162  0   0.1%   1.996 AU:3    +
   46    62  0   0.1%   0.501 AU:3    +
   35    76  0   0.1%   0.460 AU:3    +
  115   138  0   0.1%   1.394 GC:3    +
   49    75  0   0.1%   1.173 CG:3    +
   45    83  0   0.1%   0.921 CG:3    +
   54   108  0   0.1%   1.306 CG:3    +
    8   164  0   0.1%   0.574 UA:3    +
   53   109  0   0.1%   1.003 GU:3    +
   44    84  0   0.1%   1.280 GC:3    +
   51   111  0   0.1%   1.268 GU:3    +
   52   110  0   0.1%   1.364 AU:3    +
  117   126  0   0.1%   0.043 GU:3    +
   50   112  0   0.1%   1.158 UA:3    +
   37    80  0   0.1%   0.720 AU:3    +
   55   107  0   0.1%   1.074 UA:3    +
   34    38  0   0.1%   0.091 CG:3    +
   49   113  0   0.1%   1.191 CG:3    +
  108   136  0   0.1%   0.047 GC:3    +
   75    84  0   0.1%   1.960 GC:3    +
   79    89  0   0.1%   1.898 UG:3    +
   38    84  0   0.1%   0.578 GC:3    +
   76    83  0   0.1%   1.771 UG:3    +
  109   135  0   0.1%   0.048 UG:3    +
   42    87  0   0.1%   0.814 UG:3    +
  111   137  0   0.1%   0.075 UA:3    +
   63    81  0   0.1%   1.891 GU:3    +
   53    60  0   0.1%   0.701 GC:3    +
   64    80  0   0.1%   1.766 AU:3    +
    7    45  0   0.1%   0.022 GC:3    +
   60   166  0   0.1%   0.825 CG:3    +
    4    12  0   0.1%   0.012 AU:3    +
  111   135  0   0.1%   0.070 UG:3    +
   56    67  0   0.1%   0.924 UA:3    +
   51    57  0   0.1%   0.483 GU:3    +
   65    93  0   0.0%   1.444 GU:3    +
   43    47  0   0.0%   0.144 CG:3    +
   61    84  0   0.0%   1.388 GC:3    +
   62    82  0   0.0%   1.512 UA:3    +
   37    92  0   0.0%   0.519 AU:3    +
   33    38  0   0.0%   0.129 UG:3    +
    8    21  0   0.0%   0.040 UA:3    +
   62    83  0   0.0%   1.537 UG:3    +
    2   162  0   0.0%   0.034 AU:3    +
   36    64  0   0.0%   0.463 UA:3    +
    7    13  0   0.0%   0.015 GC:3    +
   48    76  0   0.0%   1.080 AU:3    +
   50    58  0   0.0%   0.367 UA:3    +
   59    80  0   0.0%   1.166 AU:3    +
   38    60  0   0.0%   0.525 GC:3    +
    3   161  0   0.0%   0.140 UG:3    +
    2     8  0   0.0%   0.010 AU:3    +
   58    81  0   0.0%   0.988 AU:3    +
   64    79  0   0.0%   1.759 AU:3    +
    3   166  0   0.0%   0.196 UG:3    +
   65    78  0   0.0%   1.937 GC:3    +
   63    80  0   0.0%   2.026 GU:3    +
   55    75  0   0.0%   1.313 UG:3    +
   31    36  0   0.0%   0.011 AU:3    +
   43    65  0   0.0%   0.631 CG:3    +
   51   154  0   0.0%   1.269 GC:3    +
   42    66  0   0.0%   0.480 UA:3    +
    7    91  0   0.0%   0.114 GU:3    +
   51    60  0   0.0%   0.674 GC:3    +
   50   155  0   0.0%   1.158 UA:3    +
    3     7  0   0.0%   0.010 UG:3    +
   41    59  0   0.0%   0.553 UA:3    +
   49   156  0   0.0%   1.192 CG:3    +
   77    91  0   0.0%   1.935 GU:3    +
    5    63  0   0.0%   0.127 CG:3    +
   54   156  0   0.0%   1.312 CG:3    +
   24    47  0   0.0%   0.456 UG:3    +
   42    58  0   0.0%   0.391 UA:3    +
  110   134  0   0.0%   0.044 UA:3    +
   52    56  0   0.0%   0.662 AU:3    +
  105   146  0   0.0%   0.036 GC:3    +
   13    47  0   0.0%   0.245 CG:3    +
   12    48  0   0.0%   0.240 UA:3    +
   42    48  0   0.0%   0.147 UA:3    +
   65    74  0   0.0%   2.360 GU:3    +
   55   155  0   0.0%   1.081 UA:3    +
   11    49  0   0.0%   0.019 GC:3    +
   45    65  0   0.0%   0.680 CG:3    +
  102   149  0   0.0%   0.029 CG:3    +
   52   153  0   0.0%   1.364 AU:3    +
    8    44  0   0.0%   0.301 UG:3    +
   14    46  0   0.0%   0.299 UA:3    +
  136   141  0   0.0%   1.122 CG:3    +
   54   151  0   0.0%   1.306 CG:3    +
    2    81  0   0.0%   0.016 AU:3    +
   55   150  0   0.0%   1.075 UA:3    +
   66    73  0   0.0%   1.363 AU:3    +
    1    82  0   0.0%   0.014 UA:3    +
   43    86  0   0.0%   0.695 CG:3    +
    3    67  0   0.0%   0.113 UA:3    +
   75    92  0   0.0%   1.193 GU:3    +
    1     9  0   0.0%   0.008 UA:3    +
    5   160  0   0.0%   0.241 CG:3    +
    5    83  0   0.0%   0.132 CG:3    +
  116   136  0   0.0%   1.070 GC:3    +
    6    83  0   0.0%   0.318 CG:3    +
   92   161  0   0.0%   1.583 UG:3    +
    4    81  0   0.0%   0.124 AU:3    +
   13    65  0   0.0%   0.564 CG:3    +
   14    64  0   0.0%   0.455 UA:3    +
   36    82  0   0.0%   0.286 UA:3    +
    3    82  0   0.0%   0.118 UA:3    +
   57    61  0   0.0%   0.512 UG:3    +
   15    63  0   0.0%   0.384 UG:3    +
   90   164  0   0.0%   1.567 UA:3    +
   45    87  0   0.0%   1.603 CG:3    +
   36    48  0   0.0%   0.030 UA:3    +
    6    11  0   0.0%   0.012 CG:3    +
  131   141  0   0.0%   1.290 CG:3    +
   12    89  0   0.0%   0.740 UG:3    +
   89   162  0   0.0%   2.021 GU:3    +
   11    74  0   0.0%   0.227 GU:3    +
   37    81  0   0.0%   0.721 AU:3    +
    2    68  0   0.0%   0.011 AU:3    +
  115   127  0   0.0%   0.013 GC:3    +
  114   128  0   0.0%   0.013 GC:3    +
   34    77  0   0.0%   0.566 CG:3    +
   47    78  0   0.0%   1.105 GC:3    +
   16    62  0   0.0%   0.464 AU:3    +
   41    65  0   0.0%   0.758 UG:3    +
  132   140  0   0.0%   1.038 CG:3    +
   14    58  0   0.0%   0.452 UA:3    +
  130   142  0   0.0%   0.916 UA:3    +
   14    59  0   0.0%   0.655 UA:3    +
   12    66  0   0.0%   0.439 UA:3    +
   33    65  0   0.0%   0.581 UG:3    +
   46    79  0   0.0%   0.987 AU:3    +
  101   150  0   0.0%   0.025 UA:3    +
   61    69  0   0.0%   0.839 GC:3    +
  121   130  0   0.0%   0.532 AU:3    +
   79    87  0   0.0%   1.534 UG:3    +
    5    65  0   0.0%   0.126 CG:3    +
   30    83  0   0.0%   0.398 CG:3    +
   29    84  0   0.0%   0.601 GC:3    +
  116   126  0   0.0%   0.010 GU:3    +
   65    69  0   0.0%   1.663 GC:3    +
   38    80  0   0.0%   0.588 GU:3    +
    7    30  0   0.0%   0.013 GC:3    +
   72    87  0   0.0%   1.761 CG:3    +
   66    80  0   0.0%   0.801 AU:3    +
   12    16  0   0.0%   0.010 UA:3    +
   47    56  0   0.0%   0.263 GU:3    +
   41    53  0   0.0%   0.724 UG:3    +
   11    91  0   0.0%   0.248 GU:3    +
   44    74  0   0.0%   0.629 GU:3    +
   28    85  0   0.0%   0.655 AU:3    +
   87    92  0   0.0%   1.493 GU:3    +
    4    62  0   0.0%   0.115 AU:3    +
   35    57  0   0.0%   0.033 AU:3    +
   49    87  0   0.0%   1.495 CG:3    +
  130   137  0   0.0%   0.547 UA:3    +
    6    47  0   0.0%   0.132 CG:3    +
   50    59  0   0.0%   0.550 UA:3    +
   65    81  0   0.0%   1.624 GU:3    +
   12    58  0   0.0%   0.240 UA:3    +
   73    86  0   0.0%   2.583 UG:3    +
   77   136  0   0.0%   1.530 GC:3    +
   78   135  0   0.0%   1.401 CG:3    +
   76   137  0   0.0%   0.981 UA:3    +
   10    22  0   0.0%   0.167 CG:3    +
   20    43  0   0.0%   0.240 GC:3    +
   21    42  0   0.0%   0.219 AU:3    +
   23    40  0   0.0%   0.315 GC:3    +
   22    41  0   0.0%   0.133 GU:3    +
   48    55  0   0.0%   0.379 AU:3    +
  108   145  0   0.0%   0.103 GU:3    +
   17    43  0   0.0%   0.077 GC:3    +
   18    42  0   0.0%   0.034 AU:3    +
   19    41  0   0.0%   0.284 AU:3    +
   50    86  0   0.0%   1.722 UG:3    +
   20    40  0   0.0%   0.238 GC:3    +
   44    90  0   0.0%   1.171 GU:3    +
    6    77  0   0.0%   0.312 CG:3    +
   24    39  0   0.0%   0.312 UG:3    +
  117   136  0   0.0%   1.059 GC:3    +
   46    57  0   0.0%   0.060 AU:3    +
   67    76  0   0.0%   1.098 AU:3    +
    9    57  0   0.0%   0.207 AU:3    +
   91   164  0   0.0%   1.394 UA:3    +
   75    79  0   0.0%   1.486 GU:3    +
   79   134  0   0.0%   1.059 UA:3    +
   45    89  0   0.0%   1.393 CG:3    +
    8    29  0   0.0%   0.296 UG:3    +
   65    80  0   0.0%   1.765 GU:3    +
   88    92  0   0.0%   1.133 AU:3    +
  114   127  0   0.0%   0.008 GC:3    +
  113   128  0   0.0%   0.013 GC:3    +
  108   146  0   0.0%   0.081 GC:3    +
   47    60  0   0.0%   0.251 GC:3    +
   84   161  0   0.0%   1.792 CG:3    +
   93   160  0   0.0%   1.284 UG:3    +
   39    79  0   0.0%   0.642 GU:3    +
   75   138  0   0.0%   0.892 GC:3    +
   68    75  0   0.0%   1.535 UG:3    +
   11    24  0   0.0%   0.315 GU:3    +
   41    58  0   0.0%   0.360 UA:3    +
   41    89  0   0.0%   0.632 UG:3    +
    5    61  0   0.0%   0.120 CG:3    +
   57    82  0   0.0%   0.954 UA:3    +
   69    77  0   0.0%   1.629 CG:3    +
  113   120  0   0.0%   0.036 GC:3    +
   45   166  0   0.0%   1.512 CG:3    +
   55    63  0   0.0%   0.837 UG:3    +
   70    76  0   0.0%   1.647 AU:3    +
    3    63  0   0.0%   0.106 UG:3    +
   45   161  0   0.0%   1.599 CG:3    +
   90   165  0   0.0%   1.930 UG:3    +
   83   162  0   0.0%   1.690 GU:3    +
   12    17  0   0.0%   0.056 UG:3    +
   22    55  0   0.0%   0.357 GU:3    +
   23    54  0   0.0%   0.581 GC:3    +
   63    76  0   0.0%   2.355 GU:3    +
  115   126  0   0.0%   0.007 GU:3    +
   66    81  0   0.0%   0.659 AU:3    +
   50    61  0   0.0%   0.770 UG:3    +
   21    56  0   0.0%   0.323 AU:3    +
  122   130  0   0.0%   0.530 AU:3    +
   87   102  0   0.0%   1.196 GC:3    +
   13   165  0   0.0%   1.024 CG:3    +
   36    59  0   0.0%   0.225 UA:3    +
   84   105  0   0.0%   1.305 CG:3    +
   83   106  0   0.0%   1.025 GC:3    +
   88   101  0   0.0%   0.840 AU:3    +
   85   104  0   0.0%   1.156 UG:3    +
   87    93  0   0.0%   1.301 GU:3    +
   86   103  0   0.0%   1.398 GU:3    +
   73    94  0   0.0%   1.589 UA:3    +
   10   165  0   0.0%   1.031 CG:3    +
   85   160  0   0.0%   1.737 UG:3    +
   29    91  0   0.0%   0.450 GU:3    +
   20    57  0   0.0%   0.272 GU:3    +
   67    80  0   0.0%   0.772 AU:3    +
   57   152  0   0.0%   0.525 UA:3    +
    6    89  0   0.0%   0.438 CG:3    +
   65   163  0   0.0%   1.625 GC:3    +
   44   162  0   0.0%   1.418 GU:3    +
   47    69  0   0.0%   0.028 GC:3    +
  111   142  0   0.0%   1.117 UA:3    +
   48    68  0   0.0%   0.134 AU:3    +
   24    53  0   0.0%   0.613 UG:3    +
    5    47  0   0.0%   0.118 CG:3    +
  115   120  0   0.0%   0.033 GC:3    +
  104   146  0   0.0%   0.024 GC:3    +
  131   135  0   0.0%   0.646 CG:3    +
   49    77  0   0.0%   1.321 CG:3    +
   65    79  0   0.0%   1.759 GU:3    +
  139   155  0   0.0%   0.827 UA:3    +
   89   100  0   0.0%   0.902 GU:3    +
   12   159  0   0.0%   0.611 UA:3    +
   81    88  0   0.0%   1.617 UA:3    +
  146   151  0   0.0%   0.117 CG:3    +
  138   156  0   0.0%   0.764 CG:3    +
   75   136  0   0.0%   0.885 GC:3    +
    5    29  0   0.0%   0.115 CG:3    +
  140   154  0   0.0%   0.476 GC:3    +
  103   147  0   0.0%   0.024 UG:3    +
   28    92  0   0.0%   0.437 AU:3    +
   66   162  0   0.0%   0.987 AU:3    +
    5    86  0   0.0%   0.129 CG:3    +
   11    55  0   0.0%   0.021 GU:3    +
    7   148  0   0.0%   0.117 GC:3    +
  145   152  0   0.0%   0.767 UA:3    +
   26   163  0   0.0%   0.224 GC:3    +
    6   149  0   0.0%   0.420 CG:3    +
   14   164  0   0.0%   0.722 UA:3    +
   32    87  0   0.0%   0.872 UG:3    +
   46    81  0   0.0%   0.983 AU:3    +
    8    58  0   0.0%   0.297 UA:3    +
   47    80  0   0.0%   0.870 GU:3    +
   11    40  0   0.0%   0.012 GC:3    +
  102   141  0   0.0%   0.020 CG:3    +
    8    18  0   0.0%   0.007 UA:3    +
    5    26  0   0.0%   0.114 CG:3    +
   64    81  0   0.0%   1.621 AU:3    +
   13    38  0   0.0%   0.235 CG:3    +
   41    67  0   0.0%   0.451 UA:3    +
   91    98  0   0.0%   0.460 UG:3    +
   12    39  0   0.0%   0.233 UG:3    +
  101   142  0   0.0%   0.019 UA:3    +
   17    34  0   0.0%   0.073 GC:3    +
   18    33  0   0.0%   0.031 AU:3    +
  114   120  0   0.0%   0.032 GC:3    +
   48    79  0   0.0%   0.505 AU:3    +
   69    75  0   0.0%   1.465 CG:3    +
   90    99  0   0.0%   0.928 UG:3    +
   14    37  0   0.0%   0.292 UA:3    +
   72   135  0   0.0%   1.019 CG:3    +
    6    44  0   0.0%   0.129 CG:3    +
   74   137  0   0.0%   1.277 UA:3    +
    3    66  0   0.0%   0.107 UA:3    +
  141   153  0   0.0%   0.751 GU:3    +
  105   145  0   0.0%   0.029 GU:3    +
   56   157  0   0.0%   0.853 UA:3    +
   43    75  0   0.0%   0.239 CG:3    +
  100   143  0   0.0%   0.020 UA:3    +
  140   146  0   0.0%   0.501 GC:3    +
   57   151  0   0.0%   0.526 UG:3    +
  141   146  0   0.0%   0.731 GC:3    +
   19    32  0   0.0%   0.281 AU:3    +
    5    77  0   0.0%   0.126 CG:3    +
    7   162  0   0.0%   0.486 GU:3    +
   51    68  0   0.0%   0.545 GU:3    +
   49    53  0   0.0%   0.852 CG:3    +
   56   152  0   0.0%   0.852 UA:3    +
   67    79  0   0.0%   0.766 AU:3    +
  103   140  0   0.0%   0.020 UG:3    +
    5    44  0   0.0%   0.116 CG:3    +
   99   144  0   0.0%   0.028 GC:3    +
   27   162  0   0.0%   0.817 AU:3    +
    6    63  0   0.0%   0.143 CG:3    +
   14    22  0   0.0%   0.415 UG:3    +
  101   118  0   0.0%   0.016 UA:3    +
  100   119  0   0.0%   0.017 UA:3    +
  102   117  0   0.0%   0.011 CG:3    +
   33    86  0   0.0%   0.731 UG:3    +
  104   139  0   0.0%   0.020 GU:3    +
  105   138  0   0.0%   0.026 GC:3    +
   99   120  0   0.0%   0.017 GC:3    +
   68   142  0   0.0%   1.017 UA:3    +
   13    23  0   0.0%   0.539 CG:3    +
   73   134  0   0.0%   1.555 UA:3    +
  110   143  0   0.0%   0.591 UA:3    +
   69   141  0   0.0%   1.021 CG:3    +
   55    59  0   0.0%   0.567 UA:3    +
   90   159  0   0.0%   1.024 UA:3    +
   87    91  0   0.0%   1.619 GU:3    +
  103   116  0   0.0%   0.011 UG:3    +
   71   136  0   0.0%   1.087 GC:3    +
    4    76  0   0.0%   0.115 AU:3    +
    8   159  0   0.0%   0.512 UA:3    +
    5    75  0   0.0%   0.125 CG:3    +
   15    21  0   0.0%   0.234 UA:3    +
   56    61  0   0.0%   0.709 UG:3    +
   32    52  0   0.0%   0.355 UA:3    +
  110   140  0   0.0%   0.059 UG:3    +
   91   165  0   0.0%   1.757 UG:3    +
   12    19  0   0.0%   0.038 UA:3    +
   37    55  0   0.0%   0.305 AU:3    +
   29    92  0   0.0%   0.438 GU:3    +
   46    68  0   0.0%   0.128 AU:3    +
  116   138  0   0.0%   1.393 GC:3    +
   60   108  0   0.0%   0.471 CG:3    +
   76   135  0   0.0%   0.977 UG:3    +
   80    89  0   0.0%   1.873 UG:3    +
    8   147  0   0.0%   0.511 UG:3    +
   56    82  0   0.0%   1.266 UA:3    +
   67    92  0   0.0%   0.522 AU:3    +
   96   123  0   0.0%   0.017 CG:3    +
   44    72  0   0.0%   0.626 GC:3    +
   40    47  0   0.0%   0.132 CG:3    +
   66    79  0   0.0%   0.794 AU:3    +
    8   161  0   0.0%   0.891 UG:3    +
   62    88  0   0.0%   1.498 UA:3    +
   95   124  0   0.0%   0.036 UA:3    +
  115   139  0   0.0%   1.394 GU:3    +
    3    77  0   0.0%   0.110 UG:3    +
   85   134  0   0.0%   1.151 UA:3    +
   84   135  0   0.0%   1.296 CG:3    +
   70    74  0   0.0%   1.914 AU:3    +
   59   109  0   0.0%   0.583 AU:3    +
   83   136  0   0.0%   1.016 GC:3    +
   23    30  0   0.0%   0.311 GC:3    +
   58   158  0   0.0%   0.546 AU:3    +
   21    55  0   0.0%   0.414 AU:3    +
   72   141  0   0.0%   1.025 CG:3    +
   22    54  0   0.0%   0.352 GC:3    +
   86   133  0   0.0%   1.393 GC:3    +
   44   148  0   0.0%   0.995 GC:3    +
   45   147  0   0.0%   1.165 CG:3    +
   20    56  0   0.0%   0.270 GU:3    +
   47    92  0   0.0%   1.173 GU:3    +
   87   132  0   0.0%   1.190 GC:3    +
   24    29  0   0.0%   0.310 UG:3    +
   45    71  0   0.0%   0.492 CG:3    +
   76    88  0   0.0%   1.434 UA:3    +
   11   163  0   0.0%   0.265 GC:3    +
   49   166  0   0.0%   1.769 CG:3    +
   11    56  0   0.0%   0.021 GU:3    +
   99   138  0   0.0%   0.025 GC:3    +
  117   133  0   0.0%   1.183 GC:3    +
  103   134  0   0.0%   0.013 UA:3    +
  102   135  0   0.0%   0.015 CG:3    +
   97   122  0   0.0%   0.017 UA:3    +
   98   139  0   0.0%   0.025 GU:3    +
  104   133  0   0.0%   0.012 GC:3    +
   41    46  0   0.0%   0.125 UA:3    +
   96   141  0   0.0%   0.025 CG:3    +
   73   140  0   0.0%   1.563 UG:3    +
   97   140  0   0.0%   0.026 UG:3    +
   20    80  0   0.0%   0.257 GU:3    +
   21    79  0   0.0%   0.308 AU:3    +
   47    57  0   0.0%   0.059 GU:3    +
   36    83  0   0.0%   0.291 UG:3    +
  100   137  0   0.0%   0.020 UA:3    +
   26    42  0   0.0%   0.032 GU:3    +
   88    93  0   0.0%   0.939 AU:3    +
    8    64  0   0.0%   0.497 UA:3    +
   63    84  0   0.0%   2.121 GC:3    +
   92   164  0   0.0%   1.225 UA:3    +
   33    51  0   0.0%   0.211 UG:3    +
   38    49  0   0.0%   0.345 GC:3    +
   57    67  0   0.0%   0.356 UA:3    +
   48    56  0   0.0%   0.266 AU:3    +
   53    68  0   0.0%   0.951 GU:3    +
   26    92  0   0.0%   0.178 GU:3    +
   17    60  0   0.0%   0.542 GC:3    +
   44    93  0   0.0%   1.012 GU:3    +
   19    81  0   0.0%   0.305 AU:3    +
   27    91  0   0.0%   0.384 AU:3    +
   45   117  0   0.0%   1.163 CG:3    +
   47    96  0   0.0%   1.040 GC:3    +
   46    97  0   0.0%   1.122 AU:3    +
  105   132  0   0.0%   0.017 GC:3    +
   12   166  0   0.0%   0.946 UG:3    +
   95   142  0   0.0%   0.037 UA:3    +
    1     7  0   0.0%   0.002 UG:3    +
   26    45  0   0.0%   0.298 GC:3    +
   16    56  0   0.0%   0.249 AU:3    +
   45    98  0   0.0%   1.162 CG:3    +
   48    95  0   0.0%   0.373 AU:3    +
   56   149  0   0.0%   0.851 UG:3    +
   77    81  0   0.0%   1.529 GU:3    +
   19    57  0   0.0%   0.313 AU:3    +
   61    93  0   0.0%   0.689 GU:3    +
    4    79  0   0.0%   0.115 AU:3    +
   58   110  0   0.0%   0.547 AU:3    +
  120   149  0   0.0%   0.374 CG:3    +
   27    93  0   0.0%   0.414 AU:3    +
   30    65  0   0.0%   0.316 CG:3    +
   51    62  0   0.0%   0.917 GU:3    +
   57   159  0   0.0%   0.639 UA:3    +
    1   161  0   0.0%   0.011 UG:3    +
   10   166  0   0.0%   0.956 CG:3    +
   13   161  0   0.0%   1.041 CG:3    +
   22    78  0   0.0%   0.255 GC:3    +
   66    93  0   0.0%   0.425 AU:3    +
   44    85  0   0.0%   1.334 GU:3    +
   48   158  0   0.0%   0.374 AU:3    +
   50    66  0   0.0%   0.460 UA:3    +
   57   156  0   0.0%   0.530 UG:3    +
   49    63  0   0.0%   0.870 CG:3    +
   66    74  0   0.0%   1.396 AU:3    +
   67    81  0   0.0%   0.628 AU:3    +
   86    92  0   0.0%   1.693 GU:3    +
    6   115  0   0.0%   0.418 CG:3    +
    5   116  0   0.0%   0.234 CG:3    +
    6   114  0   0.0%   0.417 CG:3    +
    5   115  0   0.0%   0.233 CG:3    +
   63    90  0   0.0%   1.778 GU:3    +
  110   137  0   0.0%   0.059 UA:3    +
   73   113  0   0.0%   1.558 UG:3    +
   74   112  0   0.0%   1.280 UA:3    +
   37    50  0   0.0%   0.459 AU:3    +
    4     8  0   0.0%   0.005 AU:3    +
   72   114  0   0.0%   1.018 CG:3    +
   59    85  0   0.0%   1.320 AU:3    +
    2    76  0   0.0%   0.008 AU:3    +
   34    89  0   0.0%   0.575 CG:3    +
   87   127  0   0.0%   1.189 GC:3    +
   86   128  0   0.0%   1.392 GC:3    +
    3     9  0   0.0%   0.007 UA:3    +
   75   111  0   0.0%   0.886 GU:3    +
   88   126  0   0.0%   0.827 AU:3    +
    9    56  0   0.0%   0.203 AU:3    +
   34    75  0   0.0%   0.319 CG:3    +
   38    54  0   0.0%   0.190 GC:3    +
  105   144  0   0.0%   0.027 GC:3    +
   75    93  0   0.0%   1.000 GU:3    +
   73    83  0   0.0%   2.315 UG:3    +
   58    76  0   0.0%   1.259 AU:3    +
   39   162  0   0.0%   0.853 GU:3    +
   38   163  0   0.0%   0.406 GC:3    +
   40   161  0   0.0%   0.851 CG:3    +
    3    75  0   0.0%   0.109 UG:3    +
   26    30  0   0.0%   0.021 GC:3    +
   90   124  0   0.0%   0.913 UA:3    +
  141   145  0   0.0%   0.751 GU:3    +
   85   129  0   0.0%   1.147 UA:3    +
   67    73  0   0.0%   1.330 AU:3    +
   48    91  0   0.0%   0.552 AU:3    +
   91   123  0   0.0%   0.445 UG:3    +
   34    61  0   0.0%   0.244 CG:3    +
   30   161  0   0.0%   0.849 CG:3    +
   74    94  0   0.0%   1.311 UA:3    +
   59    68  0   0.0%   0.672 AU:3    +
   35    74  0   0.0%   0.423 AU:3    +
   27    68  0   0.0%   0.133 AU:3    +
  103   112  0   0.0%   0.013 UA:3    +
   13    83  0   0.0%   0.400 CG:3    +
   90   166  0   0.0%   1.396 UG:3    +
    4    68  0   0.0%   0.115 AU:3    +
   92   122  0   0.0%   0.317 UA:3    +
  102   113  0   0.0%   0.013 CG:3    +
   38    45  0   0.0%   0.224 GC:3    +
   14    82  0   0.0%   0.456 UA:3    +
  106   113  0   0.0%   0.021 CG:3    +
   25    36  0   0.0%   0.356 AU:3    +
    1    77  0   0.0%   0.006 UG:3    +
    7    93  0   0.0%   0.115 GU:3    +
   26    69  0   0.0%   0.153 GC:3    +
   50   165  0   0.0%   2.009 UG:3    +
  104   111  0   0.0%   0.015 GU:3    +
   33    58  0   0.0%   0.078 UA:3    +
   31    80  0   0.0%   0.378 AU:3    +
   27    41  0   0.0%   0.014 AU:3    +
   11    92  0   0.0%   0.237 GU:3    +
    1    88  0   0.0%   0.010 UA:3    +
   46    91  0   0.0%   1.087 AU:3    +
   86    91  0   0.0%   1.823 GU:3    +
   44    57  0   0.0%   0.413 GU:3    +
  135   139  0   0.0%   0.836 GU:3    +
  111   116  0   0.0%   0.009 UG:3    +
   93   121  0   0.0%   0.123 UA:3    +
    3    64  0   0.0%   0.105 UA:3    +
   17    55  0   0.0%   0.415 GU:3    +
   22    30  0   0.0%   0.128 GC:3    +
   50    67  0   0.0%   0.467 UA:3    +
   52    57  0   0.0%   0.458 AU:3    +
   29   162  0   0.0%   0.820 GU:3    +
   81   166  0   0.0%   1.147 UG:3    +
   47    90  0   0.0%   1.094 GU:3    +
   20    45  0   0.0%   0.240 GC:3    +
   64    76  0   0.0%   2.086 AU:3    +
   76    86  0   0.0%   2.029 UG:3    +
    9    92  0   0.0%   0.522 AU:3    +
    4    74  0   0.0%   0.113 AU:3    +
    6    29  0   0.0%   0.127 CG:3    +
   29    34  0   0.0%   0.015 GC:3    +
    6    17  0   0.0%   0.003 CG:3    +
   40    61  0   0.0%   0.765 CG:3    +
   51    56  0   0.0%   0.675 GU:3    +
   98   145  0   0.0%   0.026 GU:3    +
   33    67  0   0.0%   0.451 UA:3    +
    1    89  0   0.0%   0.010 UG:3    +
   39    62  0   0.0%   0.815 GU:3    +
   68    82  0   0.0%   1.176 UA:3    +
   32    59  0   0.0%   0.410 UA:3    +
   56   151  0   0.0%   0.852 UG:3    +
   30    61  0   0.0%   0.338 CG:3    +
   75    85  0   0.0%   2.013 GU:3    +
    7    54  0   0.0%   0.015 GC:3    +
   39    55  0   0.0%   0.695 GU:3    +
   55    61  0   0.0%   0.817 UG:3    +
  110   117  0   0.0%   0.008 UG:3    +
   42    82  0   0.0%   0.426 UA:3    +
   73   112  0   0.0%   1.557 UA:3    +
   23    60  0   0.0%   0.681 GC:3    +
   74    86  0   0.0%   2.305 UG:3    +
    7    81  0   0.0%   0.039 GU:3    +
   44    92  0   0.0%   1.034 GU:3    +
   28    90  0   0.0%   0.486 AU:3    +
   82    92  0   0.0%   1.120 AU:3    +
   32    51  0   0.0%   0.353 UG:3    +
   51    85  0   0.0%   1.879 GU:3    +
   72   113  0   0.0%   1.021 CG:3    +
   29    62  0   0.0%   0.325 GU:3    +
   24    59  0   0.0%   0.667 UA:3    +
    8    53  0   0.0%   0.295 UG:3    +
   83    91  0   0.0%   1.443 GU:3    +
   39    81  0   0.0%   0.638 GU:3    +
  135   144  0   0.0%   0.076 GC:3    +
   44   163  0   0.0%   1.031 GC:3    +
  101   114  0   0.0%   0.015 UG:3    +
   79    83  0   0.0%   1.640 UG:3    +
    1    66  0   0.0%   0.006 UA:3    +
    7   158  0   0.0%   0.116 GU:3    +
   86    93  0   0.0%   1.501 GU:3    +
   56    88  0   0.0%   1.248 UA:3    +
   43   149  0   0.0%   0.281 CG:3    +
   89   144  0   0.0%   0.897 GC:3    +
   78   161  0   0.0%   1.893 CG:3    +
   90   143  0   0.0%   0.914 UA:3    +
    3    83  0   0.0%   0.112 UG:3    +
   88   145  0   0.0%   0.836 AU:3    +
   57    87  0   0.0%   1.039 UG:3    +
   58    92  0   0.0%   0.699 AU:3    +
   20    50  0   0.0%   0.406 GU:3    +
    3    11  0   0.0%   0.004 UG:3    +
    1    83  0   0.0%   0.009 UG:3    +
   87   146  0   0.0%   1.199 GC:3    +
   56   160  0   0.0%   1.443 UG:3    +
    6   116  0   0.0%   0.417 CG:3    +
    5   117  0   0.0%   0.234 CG:3    +
   34    83  0   0.0%   0.317 CG:3    +
  123   132  0   0.0%   0.692 GC:3    +
    6   140  0   0.0%   0.417 CG:3    +
  133   141  0   0.0%   1.277 CG:3    +
    5   141  0   0.0%   0.234 CG:3    +
   41   160  0   0.0%   0.779 UG:3    +
   18    80  0   0.0%   0.046 AU:3    +
   90   129  0   0.0%   0.914 UA:3    +
   89   130  0   0.0%   0.887 GU:3    +
    2    91  0   0.0%   0.024 AU:3    +
   19    79  0   0.0%   0.299 AU:3    +
   78   166  0   0.0%   1.740 CG:3    +
   20    78  0   0.0%   0.264 GC:3    +
   28    93  0   0.0%   0.418 AU:3    +
  144   151  0   0.0%   0.122 CG:3    +
   60   165  0   0.0%   1.098 CG:3    +
   56   156  0   0.0%   0.857 UG:3    +
  134   145  0   0.0%   0.122 AU:3    +
   24    37  0   0.0%   0.308 UA:3    +
   81   164  0   0.0%   1.068 UA:3    +
  136   147  0   0.0%   0.455 CG:3    +
  135   148  0   0.0%   0.054 GC:3    +
   14   160  0   0.0%   1.042 UG:3    +
    8    26  0   0.0%   0.306 UG:3    +
   10    51  0   0.0%   0.249 CG:3    +
   57   155  0   0.0%   0.529 UA:3    +
  104   145  0   0.0%   0.021 GU:3    +
   27    36  0   0.0%   0.011 AU:3    +
  148   166  0   0.0%   0.388 CG:3    +
  125   131  0   0.0%   0.939 GC:3    +
   52   158  0   0.0%   1.360 AU:3    +
    2    12  0   0.0%   0.004 AU:3    +
   17    81  0   0.0%   0.338 GU:3    +
    3    31  0   0.0%   0.102 UA:3    +
    7    62  0   0.0%   0.026 GU:3    +
   38    57  0   0.0%   0.339 GU:3    +
    2    80  0   0.0%   0.008 AU:3    +
   32    53  0   0.0%   0.361 UG:3    +
   64    74  0   0.0%   2.354 AU:3    +
   36    87  0   0.0%   0.706 UG:3    +
    8   165  0   0.0%   0.925 UG:3    +
   55   152  0   0.0%   1.070 UA:3    +
   82    90  0   0.0%   1.659 AU:3    +
   79   160  0   0.0%   1.641 UG:3    +
   77   162  0   0.0%   2.199 GU:3    +
   74    88  0   0.0%   1.738 UA:3    +
   78   165  0   0.0%   2.020 CG:3    +
   32    64  0   0.0%   0.221 UA:3    +
   79   164  0   0.0%   1.320 UA:3    +
   59    91  0   0.0%   0.813 AU:3    +
  109   118  0   0.0%   0.007 UA:3    +
   46    93  0   0.0%   1.140 AU:3    +
   57   150  0   0.0%   0.523 UA:3    +
  145   150  0   0.0%   0.088 UA:3    +
   61    92  0   0.0%   0.826 GU:3    +
   13   160  0   0.0%   0.986 CG:3    +
   76    82  0   0.0%   1.746 UA:3    +
   45   116  0   0.0%   1.162 CG:3    +
   15    82  0   0.0%   0.188 UA:3    +
   58   153  0   0.0%   0.546 AU:3    +
    2    85  0   0.0%   0.011 AU:3    +
   44    60  0   0.0%   0.603 GC:3    +
   96   151  0   0.0%   0.021 CG:3    +
    1    86  0   0.0%   0.009 UG:3    +
    1    25  0   0.0%   0.004 UA:3    +
   75   133  0   0.0%   0.881 GC:3    +
   63   154  0   0.0%   1.494 GC:3    +
   75    91  0   0.0%   1.291 GU:3    +
   91   142  0   0.0%   0.446 UA:3    +
   44    56  0   0.0%   0.615 GU:3    +
   21    33  0   0.0%   0.213 AU:3    +
   95   152  0   0.0%   0.038 UA:3    +
   20    34  0   0.0%   0.233 GC:3    +
   28    68  0   0.0%   0.127 AU:3    +
   97   150  0   0.0%   0.020 UA:3    +
   10    86  0   0.0%   0.554 CG:3    +
    2    32  0   0.0%   0.005 AU:3    +
    7    79  0   0.0%   0.034 GU:3    +
    7    49  0   0.0%   0.014 GC:3    +
   36    51  0   0.0%   0.164 UG:3    +
   62   155  0   0.0%   1.152 UA:3    +
   50    63  0   0.0%   0.811 UG:3    +
   63    68  0   0.0%   1.444 GU:3    +
   57   112  0   0.0%   0.524 UA:3    +
   14    20  0   0.0%   0.488 UG:3    +
    1    27  0   0.0%   0.004 UA:3    +
   74   134  0   0.0%   1.275 UA:3    +
   24    83  0   0.0%   0.703 UG:3    +
   43    89  0   0.0%   0.509 CG:3    +
   10    87  0   0.0%   0.558 CG:3    +
   24    35  0   0.0%   0.307 UA:3    +
    2    79  0   0.0%   0.008 AU:3    +
  141   148  0   0.0%   0.716 GC:3    +
   96   117  0   0.0%   0.016 CG:3    +
   92   141  0   0.0%   0.324 UG:3    +
   23    84  0   0.0%   0.936 GC:3    +
   48    57  0   0.0%   0.063 AU:3    +
   64   153  0   0.0%   1.318 AU:3    +
   60   161  0   0.0%   0.970 CG:3    +
   42   150  0   0.0%   0.388 UA:3    +
   94   153  0   0.0%   0.042 AU:3    +
   13   166  0   0.0%   0.947 CG:3    +
    8   166  0   0.0%   0.851 UG:3    +
  105   110  0   0.0%   0.019 GU:3    +
   48    81  0   0.0%   0.499 AU:3    +
   93   140  0   0.0%   0.131 UG:3    +
  120   135  0   0.0%   0.367 CG:3    +
   62    66  0   0.0%   0.776 UA:3    +
   16    81  0   0.0%   0.264 AU:3    +
    4    85  0   0.0%   0.117 AU:3    +
    9    15  0   0.0%   0.004 AU:3    +
    1   160  0   0.0%   0.010 UG:3    +
   95   118  0   0.0%   0.034 UA:3    +
   85    89  0   0.0%   2.022 UG:3    +
   83    92  0   0.0%   1.313 GU:3    +
   80   166  0   0.0%   1.368 UG:3    +
   97   116  0   0.0%   0.016 UG:3    +
    2    92  0   0.0%   0.024 AU:3    +
   56   112  0   0.0%   0.852 UA:3    +
    4    80  0   0.0%   0.114 AU:3    +
   97   134  0   0.0%   0.019 UA:3    +
   38    69  0   0.0%   0.310 GC:3    +
   96   135  0   0.0%   0.021 CG:3    +
   98   133  0   0.0%   0.017 GC:3    +
  111   122  0   0.0%   0.031 UA:3    +
   38    43  0   0.0%   0.194 GC:3    +
   65    73  0   0.0%   2.318 GU:3    +
  148   165  0   0.0%   0.923 CG:3    +
   99   132  0   0.0%   0.017 GC:3    +
   83   131  0   0.0%   1.011 GC:3    +
   79   165  0   0.0%   1.680 UG:3    +
   23    36  0   0.0%   0.308 GU:3    +
    3    29  0   0.0%   0.102 UG:3    +
   94   139  0   0.0%   0.045 AU:3    +
   89   158  0   0.0%   0.890 GU:3    +
   14   165  0   0.0%   1.078 UG:3    +
  123   130  0   0.0%   0.570 GU:3    +
   56   113  0   0.0%   0.852 UG:3    +
    8   157  0   0.0%   0.510 UA:3    +
  130   135  0   0.0%   0.542 UG:3    +
  139   150  0   0.0%   0.834 UA:3    +
    3    86  0   0.0%   0.112 UG:3    +
   55   113  0   0.0%   1.071 UG:3    +
   58    68  0   0.0%   0.591 AU:3    +
  100   115  0   0.0%   0.016 UG:3    +
   90   157  0   0.0%   0.922 UA:3    +
   67    74  0   0.0%   1.365 AU:3    +
   80   165  0   0.0%   1.649 UG:3    +
   89   131  0   0.0%   0.888 GC:3    +
   22    32  0   0.0%   0.127 GU:3    +
   44    91  0   0.0%   1.048 GU:3    +
   46    90  0   0.0%   1.207 AU:3    +
   27    32  0   0.0%   0.002 AU:3    +
    1    87  0   0.0%   0.009 UG:3    +
   39    49  0   0.0%   0.393 GC:3    +
    4    91  0   0.0%   0.124 AU:3    +
   91   156  0   0.0%   0.452 UG:3    +
    9    93  0   0.0%   0.515 AU:3    +
   54   114  0   0.0%   1.298 CG:3    +
   39    68  0   0.0%   0.460 GU:3    +
    1    65  0   0.0%   0.005 UG:3    +
  104   128  0   0.0%   0.010 GC:3    +
  138   151  0   0.0%   0.820 CG:3    +
  105   127  0   0.0%   0.015 GC:3    +
   57    77  0   0.0%   1.363 UG:3    +
    6    75  0   0.0%   0.307 CG:3    +
   12   164  0   0.0%   0.664 UA:3    +
   75   163  0   0.0%   1.171 GC:3    +
   31    81  0   0.0%   0.380 AU:3    +
   55   114  0   0.0%   1.067 UG:3    +
    8    89  0   0.0%   0.531 UG:3    +
   58   111  0   0.0%   0.547 AU:3    +
   44    69  0   0.0%   0.391 GC:3    +
   33    39  0   0.0%   0.173 UG:3    +
   58    93  0   0.0%   0.561 AU:3    +
   74   164  0   0.0%   1.540 UA:3    +
   85   166  0   0.0%   1.774 UG:3    +
    9   158  0   0.0%   0.516 AU:3    +
   22    85  0   0.0%   0.762 GU:3    +
   89    93  0   0.0%   1.008 GU:3    +
   44    79  0   0.0%   1.243 GU:3    +
   77    92  0   0.0%   1.827 GU:3    +
   56    77  0   0.0%   1.677 UG:3    +
    7    80  0   0.0%   0.034 GU:3    +
    7    76  0   0.0%   0.026 GU:3    +
  142   153  0   0.0%   0.454 AU:3    +
   26    33  0   0.0%   0.019 GU:3    +
   34    47  0   0.0%   0.025 CG:3    +
   12   161  0   0.0%   1.039 UG:3    +
   80   164  0   0.0%   1.289 UA:3    +
  109   141  0   0.0%   0.057 UG:3    +
  110   123  0   0.0%   0.032 UG:3    +
   59   162  0   0.0%   1.246 AU:3    +
  103   129  0   0.0%   0.009 UA:3    +
   21    62  0   0.0%   0.509 AU:3    +
   13   151  0   0.0%   0.609 CG:3    +
   73   135  0   0.0%   1.555 UG:3    +
   54   115  0   0.0%   1.299 CG:3    +
   71   148  0   0.0%   1.103 GC:3    +
   72   147  0   0.0%   1.028 CG:3    +
  109   124  0   0.0%   0.032 UA:3    +
   41    51  0   0.0%   0.273 UG:3    +
   12   152  0   0.0%   0.607 UA:3    +
   14   150  0   0.0%   0.664 UA:3    +
    7    90  0   0.0%   0.123 GU:3    +
   40    65  0   0.0%   0.763 CG:3    +
   12    53  0   0.0%   0.235 UG:3    +
    8    48  0   0.0%   0.294 UA:3    +
   24    52  0   0.0%   0.609 UA:3    +
   92   155  0   0.0%   0.323 UA:3    +
    8    16  0   0.0%   0.004 UA:3    +
   12   160  0   0.0%   0.986 UG:3    +
   30   165  0   0.0%   0.830 CG:3    +
   55   161  0   0.0%   1.685 UG:3    +
   23    43  0   0.0%   0.313 GC:3    +
   17    80  0   0.0%   0.333 GU:3    +
   60    86  0   0.0%   1.167 CG:3    +
   44   136  0   0.0%   0.993 GC:3    +
   45   135  0   0.0%   1.162 CG:3    +
   33    48  0   0.0%   0.077 UA:3    +
  107   126  0   0.0%   0.011 AU:3    +
   59   158  0   0.0%   0.580 AU:3    +
   35    56  0   0.0%   0.029 AU:3    +
    7   139  0   0.0%   0.114 GU:3    +
   79   166  0   0.0%   1.399 UG:3    +
   68   150  0   0.0%   1.019 UA:3    +
    2    62  0   0.0%   0.005 AU:3    +
   69   149  0   0.0%   1.024 CG:3    +
   75   144  0   0.0%   0.892 GC:3    +
   15   149  0   0.0%   0.372 UG:3    +
   11    84  0   0.0%   0.229 GC:3    +
    9    50  0   0.0%   0.202 AU:3    +
    7    24  0   0.0%   0.113 GU:3    +
   73   137  0   0.0%   1.554 UA:3    +
   73   165  0   0.0%   2.178 UG:3    +
   47    81  0   0.0%   0.868 GU:3    +
  113   130  0   0.0%   0.010 GU:3    +
   79    94  0   0.0%   1.083 UA:3    +
   20   146  0   0.0%   0.484 GC:3    +
   11    85  0   0.0%   0.286 GU:3    +
    6    20  0   0.0%   0.003 CG:3    +
   21   145  0   0.0%   0.536 AU:3    +
    2    15  0   0.0%   0.004 AU:3    +
   59   153  0   0.0%   0.581 AU:3    +
   14    89  0   0.0%   0.834 UG:3    +
   78   141  0   0.0%   1.403 CG:3    +
    3   160  0   0.0%   0.130 UG:3    +
   34    39  0   0.0%   0.130 CG:3    +
   22   144  0   0.0%   0.476 GC:3    +
   68   161  0   0.0%   1.512 UG:3    +
   79   140  0   0.0%   1.063 UG:3    +
    2    24  0   0.0%   0.004 AU:3    +
   46    56  0   0.0%   0.258 AU:3    +
   14    83  0   0.0%   0.461 UG:3    +
    8    94  0   0.0%   0.509 UA:3    +
   16    24  0   0.0%   0.307 AU:3    +
   59    92  0   0.0%   0.735 AU:3    +
   53    69  0   0.0%   0.850 GC:3    +
   11   153  0   0.0%   0.230 GU:3    +
   92   165  0   0.0%   1.587 UG:3    +
   72   166  0   0.0%   1.361 CG:3    +
   47    85  0   0.0%   1.561 GU:3    +
   70    80  0   0.0%   1.361 AU:3    +
    9    55  0   0.0%   0.202 AU:3    +
    7    68  0   0.0%   0.027 GU:3    +
  141   154  0   0.0%   0.704 GC:3    +
   77    85  0   0.0%   2.320 GU:3    +
    1    63  0   0.0%   0.005 UG:3    +
   83   163  0   0.0%   1.301 GC:3    +
    8    82  0   0.0%   0.508 UA:3    +
   86    90  0   0.0%   2.291 GU:3    +
   33    59  0   0.0%   0.271 UA:3    +
   67   162  0   0.0%   0.892 AU:3    +
   85    94  0   0.0%   1.174 UA:3    +
   89    96  0   0.0%   0.900 GC:3    +
   54    75  0   0.0%   1.241 CG:3    +
   99   148  0   0.0%   0.028 GC:3    +
    8    51  0   0.0%   0.294 UG:3    +
   38    50  0   0.0%   0.346 GU:3    +
    1    16  0   0.0%   0.004 UA:3    +
   47    55  0   0.0%   0.370 GU:3    +
   55   157  0   0.0%   1.073 UA:3    +
   76   143  0   0.0%   0.976 UA:3    +
   15    25  0   0.0%   0.376 UA:3    +
   48    85  0   0.0%   0.890 AU:3    +
   73    87  0   0.0%   2.294 UG:3    +
    7    43  0   0.0%   0.010 GC:3    +
   17   163  0   0.0%   0.593 GC:3    +
   84   160  0   0.0%   1.877 CG:3    +
  100   147  0   0.0%   0.028 UG:3    +
   55    94  0   0.0%   1.062 UA:3    +
   48    80  0   0.0%   0.500 AU:3    +
  111   121  0   0.0%   0.030 UA:3    +
   25    81  0   0.0%   0.813 AU:3    +
   43    53  0   0.0%   0.585 CG:3    +
   30    86  0   0.0%   0.766 CG:3    +
   59   110  0   0.0%   0.583 AU:3    +
   51    55  0   0.0%   0.787 GU:3    +
   88    97  0   0.0%   0.839 AU:3    +
   33    61  0   0.0%   0.287 UG:3    +
   16    36  0   0.0%   0.003 AU:3    +
   53    76  0   0.0%   1.345 GU:3    +
   36    88  0   0.0%   0.536 UA:3    +
   11    15  0   0.0%   0.008 GU:3    +
  106   114  0   0.0%   0.016 CG:3    +
   76    89  0   0.0%   1.472 UG:3    +
    1    67  0   0.0%   0.005 UA:3    +
   25    50  0   0.0%   0.623 AU:3    +
    7    12  0   0.0%   0.008 GU:3    +
   24    82  0   0.0%   0.697 UA:3    +
    2    14  0   0.0%   0.004 AU:3    +
   45   160  0   0.0%   1.541 CG:3    +
   18   162  0   0.0%   0.464 AU:3    +
   13    26  0   0.0%   0.249 CG:3    +
   55    89  0   0.0%   1.455 UG:3    +
    3    61  0   0.0%   0.102 UG:3    +
   36    67  0   0.0%   0.372 UA:3    +
   52    92  0   0.0%   1.508 AU:3    +
   61    96  0   0.0%   0.694 GC:3    +
    8    67  0   0.0%   0.498 UA:3    +
   57    94  0   0.0%   0.520 UA:3    +
   31    85  0   0.0%   0.416 AU:3    +
   24    28  0   0.0%   0.306 UA:3    +
   81    89  0   0.0%   1.651 UG:3    +
    3    28  0   0.0%   0.101 UA:3    +
   14    25  0   0.0%   0.643 UA:3    +
   61    85  0   0.0%   1.446 GU:3    +
    6    51  0   0.0%   0.128 CG:3    +
    9    14  0   0.0%   0.004 AU:3    +
   35    68  0   0.0%   0.299 AU:3    +
  110   122  0   0.0%   0.031 UA:3    +
    1    64  0   0.0%   0.005 UA:3    +
   93   161  0   0.0%   1.102 UG:3    +
   49    86  0   0.0%   1.773 CG:3    +
   15   164  0   0.0%   0.426 UA:3    +
  115   154  0   0.0%   0.657 GC:3    +
   60    87  0   0.0%   0.948 CG:3    +
   18    79  0   0.0%   0.045 AU:3    +
   85   159  0   0.0%   1.256 UA:3    +
   82    93  0   0.0%   0.929 AU:3    +
  116   153  0   0.0%   0.705 GU:3    +
   38    78  0   0.0%   0.581 GC:3    +
   31    92  0   0.0%   0.181 AU:3    +
   22    43  0   0.0%   0.131 GC:3    +
    3    48  0   0.0%   0.102 UA:3    +
   61    73  0   0.0%   1.615 GU:3    +
   41    64  0   0.0%   0.534 UA:3    +
   91   166  0   0.0%   1.221 UG:3    +
   56   150  0   0.0%   0.851 UA:3    +
   18    50  0   0.0%   0.181 AU:3    +
    7    74  0   0.0%   0.024 GU:3    +
   37    79  0   0.0%   0.708 AU:3    +
   50   159  0   0.0%   1.155 UA:3    +
   30   160  0   0.0%   0.794 CG:3    +
    8    87  0   0.0%   0.612 UG:3    +
   19    24  0   0.0%   0.583 AU:3    +
   53    57  0   0.0%   0.501 GU:3    +
   63    73  0   0.0%   2.353 GU:3    +
  125   130  0   0.0%   0.837 GU:3    +
   35    90  0   0.0%   0.395 AU:3    +
   73    89  0   0.0%   2.054 UG:3    +
   38    62  0   0.0%   0.762 GU:3    +
  114   145  0   0.0%   1.229 GU:3    +
  112   130  0   0.0%   0.007 AU:3    +
  115   144  0   0.0%   0.665 GC:3    +
  113   146  0   0.0%   1.019 GC:3    +
   51    93  0   0.0%   1.275 GU:3    +
   47   144  0   0.0%   1.040 GC:3    +
   46   145  0   0.0%   1.121 AU:3    +
   36    89  0   0.0%   0.502 UG:3    +
   44    81  0   0.0%   1.240 GU:3    +
    3    46  0   0.0%   0.102 UA:3    +
   49   160  0   0.0%   1.564 CG:3    +
   12    27  0   0.0%   0.230 UA:3    +
   32    39  0   0.0%   0.317 UG:3    +
   88   130  0   0.0%   0.826 AU:3    +
  162   166  0   0.0%   1.491 UG:3    +
  125   136  0   0.0%   0.746 GC:3    +
   28    36  0   0.0%   0.007 AU:3    +
   15    37  0   0.0%   0.023 UA:3    +
    7    95  0   0.0%   0.114 GU:3    +
  102   147  0   0.0%   0.021 CG:3    +
   72   108  0   0.0%   1.020 CG:3    +
   42    47  0   0.0%   0.127 UG:3    +
  126   135  0   0.0%   0.535 UG:3    +
   15    59  0   0.0%   0.385 UA:3    +
    3    87  0   0.0%   0.112 UG:3    +
   82   162  0   0.0%   1.489 AU:3    +
   30    44  0   0.0%   0.255 CG:3    +
   15    88  0   0.0%   0.575 UA:3    +
   29    45  0   0.0%   0.265 GC:3    +
   29    68  0   0.0%   0.124 GU:3    +
   69    83  0   0.0%   1.129 CG:3    +
   22    84  0   0.0%   0.709 GC:3    +
  123   133  0   0.0%   0.623 GC:3    +
   47    76  0   0.0%   1.439 GU:3    +
  128   135  0   0.0%   0.303 CG:3    +
    5    22  0   0.0%   0.005 CG:3    +
   18    81  0   0.0%   0.051 AU:3    +
   61    91  0   0.0%   0.905 GU:3    +
    8    88  0   0.0%   0.514 UA:3    +
    1    47  0   0.0%   0.004 UG:3    +
   39    69  0   0.0%   0.362 GC:3    +
   30    87  0   0.0%   0.756 CG:3    +
   26    91  0   0.0%   0.186 GU:3    +
   60   156  0   0.0%   0.481 CG:3    +
   32    82  0   0.0%   0.501 UA:3    +
   57    88  0   0.0%   0.920 UA:3    +
   21    85  0   0.0%   0.822 AU:3    +
  111   118  0   0.0%   0.055 UA:3    +
   11   162  0   0.0%   0.649 GU:3    +
  100   151  0   0.0%   0.022 UG:3    +
    1   159  0   0.0%   0.010 UA:3    +
   67    93  0   0.0%   0.332 AU:3    +
   35    81  0   0.0%   0.459 AU:3    +
  125   138  0   0.0%   1.068 GC:3    +
   47   158  0   0.0%   1.040 GU:3    +
   53    91  0   0.0%   1.199 GU:3    +
   69   160  0   0.0%   1.600 CG:3    +
   47    68  0   0.0%   0.123 GU:3    +
  148   156  0   0.0%   0.043 CG:3    +
    7    14  0   0.0%   0.008 GU:3    +
  126   137  0   0.0%   0.536 UA:3    +
   56   155  0   0.0%   0.856 UA:3    +
   38    81  0   0.0%   0.585 GU:3    +
    6    38  0   0.0%   0.125 CG:3    +
   56    83  0   0.0%   1.284 UG:3    +
    5    39  0   0.0%   0.113 CG:3    +
    3    23  0   0.0%   0.004 UG:3    +
    9    81  0   0.0%   0.413 AU:3    +
   93   157  0   0.0%   0.132 UA:3    +
   39    80  0   0.0%   0.639 GU:3    +
   59    93  0   0.0%   0.597 AU:3    +
    1    48  0   0.0%   0.004 UA:3    +
    6    53  0   0.0%   0.128 CG:3    +
   26    80  0   0.0%   0.384 GU:3    +
  124   139  0   0.0%   0.764 AU:3    +
   10    26  0   0.0%   0.265 CG:3    +
    2   158  0   0.0%   0.024 AU:3    +
   61   158  0   0.0%   0.710 GU:3    +
   72   140  0   0.0%   1.024 CG:3    +
   32    86  0   0.0%   0.879 UG:3    +
   39    91  0   0.0%   0.488 GU:3    +
    8    65  0   0.0%   0.666 UG:3    +
   72    86  0   0.0%   2.043 CG:3    +
   31    91  0   0.0%   0.194 AU:3    +
  156   163  0   0.0%   0.966 GC:3    +
   38    72  0   0.0%   0.531 GC:3    +
    1    46  0   0.0%   0.004 UA:3    +
    7    50  0   0.0%   0.014 GU:3    +
  131   140  0   0.0%   1.030 CG:3    +
   77   163  0   0.0%   1.812 GC:3    +
    6    23  0   0.0%   0.215 CG:3    +
   29   163  0   0.0%   0.434 GC:3    +
   27    90  0   0.0%   0.485 AU:3    +
   37    73  0   0.0%   0.666 AU:3    +
   11    57  0   0.0%   0.021 GU:3    +
   80   159  0   0.0%   1.133 UA:3    +
   66    76  0   0.0%   1.125 AU:3    +
   38    92  0   0.0%   0.411 GU:3    +
   87   131  0   0.0%   1.189 GC:3    +
   47   146  0   0.0%   1.040 GC:3    +
    8    17  0   0.0%   0.005 UG:3    +
   68    86  0   0.0%   1.465 UG:3    +
   55   151  0   0.0%   1.072 UG:3    +
  140   144  0   0.0%   0.508 GC:3    +
   51    79  0   0.0%   1.072 GU:3    +
   42    89  0   0.0%   0.617 UG:3    +
    7    15  0   0.0%   0.008 GU:3    +
    3    44  0   0.0%   0.102 UG:3    +
  139   164  0   0.0%   1.344 UA:3    +
   98   146  0   0.0%   0.026 GC:3    +
   36    65  0   0.0%   0.677 UG:3    +
   86   162  0   0.0%   2.067 GU:3    +
  140   148  0   0.0%   0.487 GC:3    +
   28    33  0   0.0%   0.016 AU:3    +
   37    68  0   0.0%   0.543 AU:3    +
  130   134  0   0.0%   0.539 UA:3    +
   78   108  0   0.0%   1.399 CG:3    +
   33    63  0   0.0%   0.276 UG:3    +
  140   163  0   0.0%   1.406 GC:3    +
  109   140  0   0.0%   0.063 UG:3    +
  138   165  0   0.0%   1.643 CG:3    +
   33    82  0   0.0%   0.351 UA:3    +
   77   109  0   0.0%   1.527 GU:3    +
    1    28  0   0.0%   0.004 UA:3    +
   46   139  0   0.0%   1.121 AU:3    +
   79   107  0   0.0%   1.063 UA:3    +
   20   163  0   0.0%   0.518 GC:3    +
   19    80  0   0.0%   0.298 AU:3    +
   45   140  0   0.0%   1.162 CG:3    +
    3    65  0   0.0%   0.104 UG:3    +
   47   138  0   0.0%   1.040 GC:3    +
   36    70  0   0.0%   0.274 UA:3    +
   51    91  0   0.0%   1.413 GU:3    +
    8   114  0   0.0%   0.509 UG:3    +
   68    83  0   0.0%   1.198 UG:3    +
   75   109  0   0.0%   0.885 GU:3    +
   11    68  0   0.0%   0.223 GU:3    +
   33    75  0   0.0%   0.362 UG:3    +
   56    70  0   0.0%   1.188 UA:3    +
   71    91  0   0.0%   1.493 GU:3    +
    1    26  0   0.0%   0.004 UG:3    +
    1    44  0   0.0%   0.004 UG:3    +
   69    89  0   0.0%   1.475 CG:3    +
   90    94  0   0.0%   0.948 UA:3    +
   33    70  0   0.0%   0.353 UA:3    +
   14    38  0   0.0%   0.291 UG:3    +
   48   145  0   0.0%   0.372 AU:3    +
   81    94  0   0.0%   0.840 UA:3    +
   51    73  0   0.0%   1.567 GU:3    +
   29    69  0   0.0%   0.121 GC:3    +
   56   161  0   0.0%   1.352 UG:3    +
    3   157  0   0.0%   0.130 UA:3    +
  110   119  0   0.0%   0.056 UA:3    +
   23    42  0   0.0%   0.313 GU:3    +
  157   162  0   0.0%   1.153 AU:3    +
   53   158  0   0.0%   0.996 GU:3    +
   59    81  0   0.0%   1.022 AU:3    +
   36    47  0   0.0%   0.014 UG:3    +
   12    83  0   0.0%   0.445 UG:3    +
   34   165  0   0.0%   0.766 CG:3    +
   28    42  0   0.0%   0.234 AU:3    +
   53    85  0   0.0%   1.726 GU:3    +
  117   154  0   0.0%   0.646 GC:3    +
   13    39  0   0.0%   0.235 CG:3    +
   93   164  0   0.0%   0.745 UA:3    +
  103   143  0   0.0%   0.011 UA:3    +
   12    25  0   0.0%   0.584 UA:3    +
   62   157  0   0.0%   1.153 UA:3    +
   12    22  0   0.0%   0.330 UG:3    +
  118   153  0   0.0%   0.425 AU:3    +
   45   115  0   0.0%   1.162 CG:3    +
   24    51  0   0.0%   0.609 UG:3    +
   52    90  0   0.0%   1.629 AU:3    +
    3    47  0   0.0%   0.102 UG:3    +
    1    11  0   0.0%   0.003 UG:3    +
    8   160  0   0.0%   0.881 UG:3    +
   21   162  0   0.0%   0.955 AU:3    +
   54   165  0   0.0%   2.107 CG:3    +
   50    94  0   0.0%   1.145 UA:3    +
   70    92  0   0.0%   1.369 AU:3    +
  141   162  0   0.0%   1.815 GU:3    +
   20    30  0   0.0%   0.233 GC:3    +
   46   158  0   0.0%   1.122 AU:3    +
   26    49  0   0.0%   0.417 GC:3    +
   41    48  0   0.0%   0.137 UA:3    +
  146   156  0   0.0%   0.057 CG:3    +
   81   104  0   0.0%   0.810 UG:3    +
  144   160  0   0.0%   1.120 CG:3    +
   86   158  0   0.0%   1.394 GU:3    +
   19    85  0   0.0%   0.584 AU:3    +
   81   107  0   0.0%   0.812 UA:3    +
   43    61  0   0.0%   0.611 CG:3    +
   26    78  0   0.0%   0.393 GC:3    +
   28   162  0   0.0%   0.819 AU:3    +
   82   103  0   0.0%   0.820 AU:3    +
   32    63  0   0.0%   0.428 UG:3    +
   56    89  0   0.0%   1.240 UG:3    +
   55   164  0   0.0%   1.448 UA:3    +
  145   159  0   0.0%   0.323 UA:3    +
   20    84  0   0.0%   0.717 GC:3    +
   44    80  0   0.0%   1.241 GU:3    +
   15    22  0   0.0%   0.147 UG:3    +
   50    83  0   0.0%   1.330 UG:3    +
   73   107  0   0.0%   1.556 UA:3    +
   58    90  0   0.0%   0.852 AU:3    +
    8    27  0   0.0%   0.290 UA:3    +
    3    27  0   0.0%   0.101 UA:3    +
   14   159  0   0.0%   0.666 UA:3    +
  144   149  0   0.0%   0.081 CG:3    +
    8    86  0   0.0%   0.608 UG:3    +
  104   144  0   0.0%   0.021 GC:3    +
   71   109  0   0.0%   1.090 GU:3    +
  145   157  0   0.0%   0.087 UA:3    +
   42    59  0   0.0%   0.573 UA:3    +
   34    71  0   0.0%   0.520 CG:3    +
   62    89  0   0.0%   1.525 UG:3    +
  116   120  0   0.0%   0.032 GC:3    +
   57   160  0   0.0%   1.116 UG:3    +
   46    80  0   0.0%   0.982 AU:3    +
   10   156  0   0.0%   0.560 CG:3    +
   17    85  0   0.0%   0.845 GU:3    +
  149   154  0   0.0%   0.045 GC:3    +
   52   145  0   0.0%   1.355 AU:3    +
   51   146  0   0.0%   1.260 GC:3    +
   27    79  0   0.0%   0.579 AU:3    +
   69   165  0   0.0%   1.637 CG:3    +
   53   144  0   0.0%   0.994 GC:3    +
   47    79  0   0.0%   0.871 GU:3    +
    1    31  0   0.0%   0.004 UA:3    +
    6   147  0   0.0%   0.417 CG:3    +
   39    43  0   0.0%   0.237 GC:3    +
   12   157  0   0.0%   0.608 UA:3    +
   12    20  0   0.0%   0.058 UG:3    +
   21    81  0   0.0%   0.770 AU:3    +
   41    66  0   0.0%   0.440 UA:3    +
   51   158  0   0.0%   1.264 GU:3    +
   13   156  0   0.0%   0.608 CG:3    +
   25    93  0   0.0%   0.578 AU:3    +
   27    81  0   0.0%   0.618 AU:3    +
    2    57  0   0.0%   0.004 AU:3    +
   96   149  0   0.0%   0.027 CG:3    +
   76    87  0   0.0%   1.770 UG:3    +
  123   138  0   0.0%   0.818 GC:3    +
    1    58  0   0.0%   0.004 UA:3    +
   86   148  0   0.0%   1.402 GC:3    +
   97   147  0   0.0%   0.027 UG:3    +
   11    45  0   0.0%   0.014 GC:3    +
    4    92  0   0.0%   0.123 AU:3    +
  125   132  0   0.0%   0.942 GC:3    +
   44    55  0   0.0%   0.723 GU:3    +
   89    95  0   0.0%   0.919 GU:3    +
    8    66  0   0.0%   0.496 UA:3    +
   37    93  0   0.0%   0.492 AU:3    +
   56    94  0   0.0%   0.848 UA:3    +
   86   132  0   0.0%   1.391 GC:3    +
  139   149  0   0.0%   0.841 UG:3    +
  114   154  0   0.0%   1.207 GC:3    +
   83   102  0   0.0%   1.015 GC:3    +
   11    78  0   0.0%   0.231 GC:3    +
    5    17  0   0.0%   0.005 CG:3    +
   25    32  0   0.0%   0.355 AU:3    +
   12    67  0   0.0%   0.437 UA:3    +
   42   159  0   0.0%   0.389 UA:3    +
  115   153  0   0.0%   0.703 GU:3    +
    9    42  0   0.0%   0.201 AU:3    +
   15   159  0   0.0%   0.373 UA:3    +
   80   105  0   0.0%   1.037 UG:3    +
  106   115  0   0.0%   0.016 CG:3    +
   10    83  0   0.0%   0.464 CG:3    +
   75    90  0   0.0%   1.423 GU:3    +
    7    72  0   0.0%   0.024 GC:3    +
   52    81  0   0.0%   1.678 AU:3    +
   26    68  0   0.0%   0.155 GU:3    +
   83   148  0   0.0%   1.022 GC:3    +
   14   155  0   0.0%   0.664 UA:3    +
    4    57  0   0.0%   0.110 AU:3    +
   84   147  0   0.0%   1.302 CG:3    +
   11   158  0   0.0%   0.231 GU:3    +
   29    36  0   0.0%   0.005 GU:3    +
   63    78  0   0.0%   2.195 GC:3    +
    3    58  0   0.0%   0.102 UA:3    +
   95   137  0   0.0%   0.037 UA:3    +
   12    44  0   0.0%   0.236 UG:3    +
   95   150  0   0.0%   0.039 UA:3    +
    7   146  0   0.0%   0.114 GC:3    +
    4    93  0   0.0%   0.123 AU:3    +
  111   115  0   0.0%   0.007 UG:3    +
   96   147  0   0.0%   0.027 CG:3    +
   18    24  0   0.0%   0.333 AU:3    +
    3   159  0   0.0%   0.130 UA:3    +
   68   166  0   0.0%   1.358 UG:3    +
   51   120  0   0.0%   1.260 GC:3    +
   36    46  0   0.0%   0.012 UA:3    +
  106   141  0   0.0%   0.029 CG:3    +
   25    79  0   0.0%   0.810 AU:3    +
    7   120  0   0.0%   0.114 GC:3    +
   20    32  0   0.0%   0.233 GU:3    +
   13   114  0   0.0%   0.609 CG:3    +
  110   116  0   0.0%   0.007 UG:3    +
   24    38  0   0.0%   0.308 UG:3    +
   21    57  0   0.0%   0.322 AU:3    +
   14   113  0   0.0%   0.664 UG:3    +
   15   112  0   0.0%   0.370 UA:3    +
   92   150  0   0.0%   0.320 UA:3    +
   91   151  0   0.0%   0.449 UG:3    +
   10   117  0   0.0%   0.560 CG:3    +
   80   108  0   0.0%   1.029 UG:3    +
   12   115  0   0.0%   0.608 UG:3    +
    4    15  0   0.0%   0.005 AU:3    +
  122   139  0   0.0%   0.771 AU:3    +
   55   165  0   0.0%   1.812 UG:3    +
   56   107  0   0.0%   0.852 UA:3    +
   42    75  0   0.0%   0.402 UG:3    +
  111   129  0   0.0%   0.031 UA:3    +
   85   155  0   0.0%   1.154 UA:3    +
   55    83  0   0.0%   1.491 UG:3    +
   12    77  0   0.0%   0.445 UG:3    +
   16   111  0   0.0%   0.480 AU:3    +
   54    87  0   0.0%   1.754 CG:3    +
    3    16  0   0.0%   0.004 UA:3    +
  137   158  0   0.0%   0.047 AU:3    +
   57   164  0   0.0%   0.789 UA:3    +
   84   156  0   0.0%   1.298 CG:3    +
   90   152  0   0.0%   0.915 UA:3    +
   14    23  0   0.0%   0.595 UG:3    +
   93   149  0   0.0%   0.134 UG:3    +
   86   154  0   0.0%   1.395 GC:3    +
   47    62  0   0.0%   0.493 GU:3    +
   12    86  0   0.0%   0.534 UG:3    +
    8   119  0   0.0%   0.509 UA:3    +
   22    80  0   0.0%   0.707 GU:3    +
   81   165  0   0.0%   1.427 UG:3    +
   43   165  0   0.0%   0.691 CG:3    +
  135   154  0   0.0%   0.040 GC:3    +
   36    66  0   0.0%   0.363 UA:3    +
  130   143  0   0.0%   0.632 UA:3    +
  111   123  0   0.0%   0.031 UG:3    +
   54   166  0   0.0%   1.822 CG:3    +
   36    94  0   0.0%   0.281 UA:3    +
    5    53  0   0.0%   0.115 CG:3    +
   42    65  0   0.0%   0.787 UG:3    +
   92    98  0   0.0%   0.331 UG:3    +
   47    93  0   0.0%   1.058 GU:3    +
   62   159  0   0.0%   1.253 UA:3    +
   26    74  0   0.0%   0.155 GU:3    +
   94   162  0   0.0%   1.188 AU:3    +
   68   164  0   0.0%   1.280 UA:3    +
  128   141  0   0.0%   0.969 CG:3    +
   34    53  0   0.0%   0.178 CG:3    +
   50   121  0   0.0%   1.149 UA:3    +
   17   110  0   0.0%   0.559 GU:3    +
   22    56  0   0.0%   0.262 GU:3    +
   83   130  0   0.0%   1.010 GU:3    +
   96   160  0   0.0%   1.086 CG:3    +
   25    68  0   0.0%   0.358 AU:3    +
   81   140  0   0.0%   0.811 UG:3    +
   42    67  0   0.0%   0.484 UA:3    +
   44   120  0   0.0%   0.992 GC:3    +
   57    70  0   0.0%   0.623 UA:3    +
    9    85  0   0.0%   0.472 AU:3    +
   70   110  0   0.0%   1.071 AU:3    +
  139   147  0   0.0%   0.832 UG:3    +
   95   161  0   0.0%   0.931 UG:3    +
   17    45  0   0.0%   0.077 GC:3    +
   97   159  0   0.0%   0.273 UA:3    +
   57   161  0   0.0%   1.025 UG:3    +
   28    80  0   0.0%   0.613 AU:3    +
  108   131  0   0.0%   0.030 GC:3    +
   61    90  0   0.0%   1.041 GU:3    +
    2    36  0   0.0%   0.004 AU:3    +
   50    71  0   0.0%   1.302 UG:3    +
   22   163  0   0.0%   0.510 GC:3    +
  110   124  0   0.0%   0.032 UA:3    +
   48    92  0   0.0%   0.505 AU:3    +
    5   149  0   0.0%   0.234 CG:3    +
   15    44  0   0.0%   0.026 UG:3    +
   74    89  0   0.0%   1.777 UG:3    +
   32    83  0   0.0%   0.509 UG:3    +
   17   148  0   0.0%   0.560 GC:3    +
   23    50  0   0.0%   0.737 GU:3    +
  106   125  0   0.0%   0.014 CG:3    +
  120   151  0   0.0%   0.415 CG:3    +
   19    33  0   0.0%   0.280 AU:3    +
   43   117  0   0.0%   0.279 CG:3    +
   18    85  0   0.0%   0.331 AU:3    +
   30   166  0   0.0%   0.754 CG:3    +
   68   143  0   0.0%   1.015 UA:3    +
   98   158  0   0.0%   0.045 GU:3    +
   80   141  0   0.0%   1.032 UG:3    +
    3    26  0   0.0%   0.101 UG:3    +
  120   147  0   0.0%   0.364 CG:3    +
   85   149  0   0.0%   1.158 UG:3    +
   55   156  0   0.0%   1.078 UG:3    +
  139   159  0   0.0%   1.069 UA:3    +
   56   165  0   0.0%   1.480 UG:3    +
   15    52  0   0.0%   0.321 UA:3    +
   60   160  0   0.0%   1.059 CG:3    +
   62    86  0   0.0%   1.801 UG:3    +
   10    63  0   0.0%   0.646 CG:3    +
   56   164  0   0.0%   1.116 UA:3    +
  138   160  0   0.0%   1.819 CG:3    +
  140   158  0   0.0%   0.481 GU:3    +
  109   129  0   0.0%   0.031 UA:3    +
    3   118  0   0.0%   0.130 UA:3    +
   59    95  0   0.0%   0.577 AU:3    +
    7    34  0   0.0%   0.010 GC:3    +
    3    35  0   0.0%   0.102 UA:3    +
   35    73  0   0.0%   0.422 AU:3    +
   18   109  0   0.0%   0.045 AU:3    +
   50    77  0   0.0%   1.268 UG:3    +
    7    69  0   0.0%   0.024 GC:3    +
  102   156  0   0.0%   0.037 CG:3    +
  103   155  0   0.0%   0.047 UA:3    +
    8    28  0   0.0%   0.290 UA:3    +
  104   154  0   0.0%   0.043 GC:3    +
   51    72  0   0.0%   1.204 GC:3    +
   33   166  0   0.0%   0.732 UG:3    +
   68   165  0   0.0%   1.639 UG:3    +
   63    95  0   0.0%   1.507 GU:3    +
    1    37  0   0.0%   0.004 UA:3    +
  103   151  0   0.0%   0.106 UG:3    +
   53   163  0   0.0%   1.283 GC:3    +
   76   164  0   0.0%   1.240 UA:3    +
   82   139  0   0.0%   0.822 AU:3    +
  111   143  0   0.0%   0.836 UA:3    +
   80   104  0   0.0%   1.031 UG:3    +
   74   107  0   0.0%   1.278 UA:3    +
   42    46  0   0.0%   0.126 UA:3    +
   75   106  0   0.0%   0.885 GC:3    +
   98   153  0   0.0%   0.020 GU:3    +
   25    92  0   0.0%   0.585 AU:3    +
    5   114  0   0.0%   0.232 CG:3    +
   74    83  0   0.0%   2.039 UG:3    +
  108   130  0   0.0%   0.030 GU:3    +
    8    52  0   0.0%   0.294 UA:3    +
    3    94  0   0.0%   0.130 UA:3    +
    7    73  0   0.0%   0.024 GU:3    +
  120   140  0   0.0%   0.725 CG:3    +
  110   115  0   0.0%   0.007 UG:3    +
   25    57  0   0.0%   0.372 AU:3    +
  109   134  0   0.0%   0.034 UA:3    +
   76   105  0   0.0%   0.973 UG:3    +
    6   113  0   0.0%   0.415 CG:3    +
   14    53  0   0.0%   0.593 UG:3    +
   26    32  0   0.0%   0.019 GU:3    +
   26    84  0   0.0%   0.403 GC:3    +
   59    97  0   0.0%   0.577 AU:3    +
   75   148  0   0.0%   0.894 GC:3    +
  117   138  0   0.0%   1.380 GC:3    +
   91    99  0   0.0%   0.459 UG:3    +
   74   108  0   0.0%   1.279 UG:3    +
   54   135  0   0.0%   1.298 CG:3    +
   24    58  0   0.0%   0.474 UA:3    +
   11    62  0   0.0%   0.421 GU:3    +
   50   147  0   0.0%   1.150 UG:3    +
   57   149  0   0.0%   0.521 UG:3    +
   33    89  0   0.0%   0.616 UG:3    +
   83   132  0   0.0%   1.011 GC:3    +
   53   136  0   0.0%   0.994 GC:3    +
   11    93  0   0.0%   0.230 GU:3    +
   35    42  0   0.0%   0.117 AU:3    +
   76   147  0   0.0%   0.987 UG:3    +
   74   149  0   0.0%   1.286 UG:3    +
   79   142  0   0.0%   1.056 UA:3    +
   37    91  0   0.0%   0.520 AU:3    +
   68    77  0   0.0%   1.695 UG:3    +
   11    30  0   0.0%   0.011 GC:3    +
   53   154  0   0.0%   0.997 GC:3    +
   36    71  0   0.0%   0.486 UG:3    +
   44    68  0   0.0%   0.488 GU:3    +
  109   117  0   0.0%   0.007 UG:3    +
    7    57  0   0.0%   0.015 GU:3    +
   77    93  0   0.0%   1.635 GU:3    +
   48    93  0   0.0%   0.391 AU:3    +
   42    63  0   0.0%   0.820 UG:3    +
   15    83  0   0.0%   0.194 UG:3    +
  109   122  0   0.0%   0.031 UA:3    +
   57    71  0   0.0%   0.839 UG:3    +
    2    93  0   0.0%   0.024 AU:3    +
   41    83  0   0.0%   0.451 UG:3    +
   42   118  0   0.0%   0.387 UA:3    +
   61    81  0   0.0%   1.144 GU:3    +
   73   150  0   0.0%   1.558 UA:3    +
   11   154  0   0.0%   0.230 GC:3    +
   10    29  0   0.0%   0.252 CG:3    +
   89   153  0   0.0%   0.891 GU:3    +
  110   121  0   0.0%   0.031 UA:3    +
   45   114  0   0.0%   1.162 CG:3    +
   26    56  0   0.0%   0.164 GU:3    +
   31    42  0   0.0%   0.121 AU:3    +
   18    91  0   0.0%   0.061 AU:3    +
   76    94  0   0.0%   1.005 UA:3    +
    9    41  0   0.0%   0.201 AU:3    +
   21    32  0   0.0%   0.213 AU:3    +
    5    51  0   0.0%   0.115 CG:3    +
   25    85  0   0.0%   0.864 AU:3    +
   22    40  0   0.0%   0.129 GC:3    +
   19    90  0   0.0%   0.418 AU:3    +
   11    50  0   0.0%   0.013 GU:3    +
   13    63  0   0.0%   0.583 CG:3    +
   90    98  0   0.0%   0.925 UG:3    +
   91   157  0   0.0%   0.453 UA:3    +
   23    34  0   0.0%   0.308 GC:3    +
   12   165  0   0.0%   1.020 UG:3    +
   15    53  0   0.0%   0.321 UG:3    +
   25    42  0   0.0%   0.358 AU:3    +
   71   139  0   0.0%   1.099 GU:3    +
    4   158  0   0.0%   0.123 AU:3    +
  140   145  0   0.0%   0.522 GU:3    +
   11   144  0   0.0%   0.230 GC:3    +
   92   157  0   0.0%   0.325 UA:3    +
   77   146  0   0.0%   1.533 GC:3    +
    1    29  0   0.0%   0.004 UG:3    +
   55   134  0   0.0%   1.066 UA:3    +
  138   147  0   0.0%   0.769 CG:3    +
   27    73  0   0.0%   0.129 AU:3    +
  101   157  0   0.0%   0.425 UA:3    +
   38    90  0   0.0%   0.533 GU:3    +
    7   138  0   0.0%   0.114 GC:3    +
   91   129  0   0.0%   0.445 UA:3    +
   64    95  0   0.0%   1.325 AU:3    +
   13    51  0   0.0%   0.237 CG:3    +
  116   139  0   0.0%   1.394 GU:3    +
   92   156  0   0.0%   0.324 UG:3    +
   12    64  0   0.0%   0.433 UA:3    +
   26    36  0   0.0%   0.027 GU:3    +
   35    95  0   0.0%   0.226 AU:3    +
   17   138  0   0.0%   0.559 GC:3    +
   72   151  0   0.0%   1.022 CG:3    +
   16   139  0   0.0%   0.480 AU:3    +
   16   158  0   0.0%   0.481 AU:3    +
   81   159  0   0.0%   0.911 UA:3    +
   53    80  0   0.0%   1.439 GU:3    +
   17    92  0   0.0%   0.566 GU:3    +
   74   135  0   0.0%   1.275 UG:3    +
   25   162  0   0.0%   0.997 AU:3    +
   93   155  0   0.0%   0.130 UA:3    +
    8    23  0   0.0%   0.139 UG:3    +
   95   119  0   0.0%   0.034 UA:3    +
   73   108  0   0.0%   1.557 UG:3    +
   81   137  0   0.0%   0.805 UA:3    +
  114   146  0   0.0%   1.206 GC:3    +
    2    74  0   0.0%   0.007 AU:3    +
   21    41  0   0.0%   0.214 AU:3    +
   18    90  0   0.0%   0.164 AU:3    +
   14    28  0   0.0%   0.289 UA:3    +
  130   141  0   0.0%   1.182 UG:3    +
   75    95  0   0.0%   0.905 GU:3    +
   13    29  0   0.0%   0.236 CG:3    +
   20    79  0   0.0%   0.256 GU:3    +
   19    56  0   0.0%   0.312 AU:3    +
  109   116  0   0.0%   0.007 UG:3    +
   12   143  0   0.0%   0.607 UA:3    +
   55    87  0   0.0%   1.523 UG:3    +
   23    55  0   0.0%   0.582 GU:3    +
  115   145  0   0.0%   0.678 GU:3    +
   33    83  0   0.0%   0.358 UG:3    +
   49   114  0   0.0%   1.183 CG:3    +
    1    75  0   0.0%   0.005 UG:3    +
   65    96  0   0.0%   1.322 GC:3    +
   18    57  0   0.0%   0.059 AU:3    +
   44    73  0   0.0%   0.624 GU:3    +
   63    96  0   0.0%   1.482 GC:3    +
   49   117  0   0.0%   1.183 CG:3    +
   31    50  0   0.0%   0.272 AU:3    +
   55   112  0   0.0%   1.070 UA:3    +
   23   162  0   0.0%   1.121 GU:3    +
  116   144  0   0.0%   0.666 GC:3    +
   17    91  0   0.0%   0.576 GU:3    +
   31   162  0   0.0%   0.564 AU:3    +
   29    33  0   0.0%   0.014 GU:3    +
   17    50  0   0.0%   0.371 GU:3    +
  109   125  0   0.0%   0.030 UG:3    +
   75   110  0   0.0%   0.885 GU:3    +
    8    22  0   0.0%   0.139 UG:3    +
   66    95  0   0.0%   0.331 AU:3    +
   15    27  0   0.0%   0.022 UA:3    +
  152   158  0   0.0%   0.722 AU:3    +
  116   154  0   0.0%   0.658 GC:3    +
   17    24  0   0.0%   0.375 GU:3    +
  136   161  0   0.0%   1.322 CG:3    +
   60   151  0   0.0%   0.478 CG:3    +
   15    35  0   0.0%   0.021 UA:3    +
   38    68  0   0.0%   0.407 GU:3    +
   92   166  0   0.0%   1.052 UG:3    +
   15   140  0   0.0%   0.371 UG:3    +
   50   116  0   0.0%   1.150 UG:3    +
  103   115  0   0.0%   0.008 UG:3    +
   17    78  0   0.0%   0.341 GC:3    +
   87   153  0   0.0%   1.193 GU:3    +
  127   135  0   0.0%   0.235 CG:3    +
   41    47  0   0.0%   0.126 UG:3    +
...(((.(((.(((....))).)))(((((........)))))((((.((((.(((......)))..)))).))))(((((....)))))..((((((((.((.(((((((.((((((((....))...))))....)).))))).)).)))))))))))))....
