3 sequence; length of alignment 34
alifold output
   13    19  0  99.9%   0.003 GC:3   
   12    20  0  99.9%   0.005 GU:3   
   11    21  0  99.8%   0.007 UA:3   
   10    22  0  98.6%   0.041 GC:3   
   14    18  0  98.5%   0.045 CG:3   
    8    24  0  41.5%   1.127 CG:3   
    7    25  0  39.3%   1.159 UG:3   
    8    25  0  33.7%   1.869 CG:3    +
    6    26  0  32.8%   1.151 UA:3   
    7    26  0  29.9%   1.865 UA:3    +
    9    24  0  29.6%   1.481 UG:3    +
   25    31  0  11.3%   1.514 GC:3    +
   24    32  0  11.1%   1.494 GC:3    +
   26    30  0   8.6%   1.578 AU:3    +
   24    33  0   8.5%   1.635 GC:3    +
   25    32  0   8.5%   1.893 GC:3    +
    5    29  0   7.2%   0.663 UA:3    +
    6    28  0   6.7%   1.001 UA:3    +
    4    30  0   6.5%   0.544 AU:3    +
    5    28  0   1.6%   0.228 UA:3    +
   10    23  0   0.5%   0.107 GU:3    +
    6    25  0   0.5%   0.087 UG:3    +
    5    26  0   0.4%   0.077 UA:3    +
    7    24  0   0.4%   0.074 UG:3    +
    3    30  0   0.2%   0.047 AU:3    +
    2    24  0   0.2%   0.030 CG:3    +
    3    23  0   0.1%   0.031 AU:3    +
    1    25  0   0.1%   0.019 UG:3    +
    6    29  0   0.1%   0.782 UA:3    +
    2    25  0   0.1%   0.032 CG:3    +
   25    33  0   0.1%   1.452 GC:3    +
    1    26  0   0.1%   0.019 UA:3    +
   24    34  0   0.0%   1.225 GU:3    +
   24    31  0   0.0%   0.766 GC:3    +
    7    28  0   0.0%   1.005 UA:3    +
    1    29  0   0.0%   0.018 UA:3    +
    6    24  0   0.0%   0.014 UG:3    +
    1    28  0   0.0%   0.014 UA:3    +
   25    30  0   0.0%   0.963 GU:3    +
    3     9  0   0.0%   0.003 AU:3    +
    4     9  0   0.0%   0.004 AU:3    +
   28    34  0   0.0%   0.259 AU:3    +
   29    34  0   0.0%   0.206 AU:3    +
    4    23  0   0.0%   0.013 AU:3    +
    5    25  0   0.0%   0.014 UG:3    +
   12    19  0   0.0%   0.003 GC:3    +
   10    27  0   0.0%   0.044 GC:3    +
    9    25  0   0.0%   1.135 UG:3    +
   23    29  0   0.0%   0.238 UA:3    +
    9    28  0   0.0%   0.616 UA:3    +
    3    34  0   0.0%   0.025 AU:3    +
   10    19  0   0.0%   0.002 GC:3    +
   11    26  0   0.0%   0.759 UA:3    +
   11    18  0   0.0%   0.002 UG:3    +
    2    10  0   0.0%   0.001 CG:3    +
    9    26  0   0.0%   1.119 UA:3    +
    3     7  0   0.0%   0.001 AU:3    +
    7    29  0   0.0%   0.950 UA:3    +
   13    22  0   0.0%   0.015 GC:3    +
   12    23  0   0.0%   0.041 GU:3    +
    4    34  0   0.0%   0.180 AU:3    +
    9    17  0   0.0%   0.003 UA:3    +
    2    12  0   0.0%   0.001 CG:3    +
    8    18  0   0.0%   0.001 CG:3    +
   24    30  0   0.0%   0.947 GU:3    +
   25    34  0   0.0%   1.237 GU:3    +
   14    24  0   0.0%   0.773 CG:3    +
   15    23  0   0.0%   0.039 AU:3    +
   23    28  0   0.0%   0.291 UA:3    +
   12    22  0   0.0%   0.016 GC:3    +
    3    11  0   0.0%   0.002 AU:3    +
   26    34  0   0.0%   0.971 AU:3    +
   13    31  0   0.0%   0.001 GC:3    +
   12    32  0   0.0%   0.003 GC:3    +
   19    25  0   0.0%   0.773 CG:3    +
    5    10  0   0.0%   0.001 UG:3    +
   20    24  0   0.0%   0.760 UG:3    +
    4    11  0   0.0%   0.001 AU:3    +
    1    13  0   0.0%   0.000 UG:3    +
   12    33  0   0.0%   0.003 GC:3    +
   13    32  0   0.0%   0.001 GC:3    +
   10    33  0   0.0%   0.043 GC:3    +
   19    24  0   0.0%   0.760 CG:3    +
   18    22  0   0.0%   0.030 GC:3    +
   17    23  0   0.0%   0.039 AU:3    +
    5    24  0   0.0%   0.010 UG:3    +
    5    21  0   0.0%   0.000 UA:3    +
   18    27  0   0.0%   0.016 GC:3    +
   12    27  0   0.0%   0.003 GC:3    +
   11    24  0   0.0%   0.760 UG:3    +
   11    28  0   0.0%   0.255 UA:3    +
    9    29  0   0.0%   0.562 UA:3    +
   10    14  0   0.0%   0.001 GC:3    +
    9    15  0   0.0%   0.002 UA:3    +
    9    21  0   0.0%   0.002 UA:3    +
   15    30  0   0.0%   0.189 AU:3    +
   15    20  0   0.0%   0.002 AU:3    +
   18    33  0   0.0%   0.016 GC:3    +
.....(((.(((((...))))).)))........
