3 sequence; length of alignment 34
alifold output
   20    29  0  67.4%   1.404 UG:3   
   19    30  0  67.3%   1.119 GC:3   
   21    28  0  67.3%   1.581 CG:3   
   22    27  0  57.6%   1.707 UA:3   
   17    31  0  53.4%   1.751 GC:3   
   16    32  0  46.4%   1.607 CG:3   
    8    21  0  19.7%   1.427 GC:3    +
    7    22  0  19.4%   1.268 AU:3    +
    6    23  0  19.0%   1.548 GU:3    +
    3    26  0  18.6%   1.444 CG:3    +
    9    20  0  18.5%   1.253 AU:3    +
    2    27  0  17.9%   1.438 UA:3    +
    5    24  0  17.2%   1.368 GU:3    +
    3     8  0  17.0%   0.911 CG:3    +
    2     9  0  16.6%   0.908 UA:3    +
    6    13  0  15.3%   0.906 GC:3    +
    7    12  0  14.7%   0.870 AU:3    +
   12    18  0  14.5%   1.348 UA:3    +
   13    17  0  14.3%   1.496 CG:3    +
    6    15  0  13.3%   1.252 GC:3    +
    5    16  0  13.2%   0.972 GC:3    +
    1    10  0  12.6%   0.793 UA:3    +
    1    28  0  11.7%   1.073 UG:3    +
    3    17  0   7.8%   0.907 CG:3    +
    2    18  0   7.2%   0.894 UA:3    +
   17    25  0   7.1%   1.179 GC:3    +
   16    26  0   6.9%   1.146 CG:3    +
   18    24  0   6.8%   1.449 AU:3    +
    5    15  0   4.6%   0.457 GC:3    +
    8    13  0   4.1%   1.018 GC:3    +
   13    29  0   3.2%   1.140 CG:3    +
   19    23  0   3.2%   0.859 GU:3    +
    6    25  0   1.5%   1.182 GC:3    +
    7    24  0   1.5%   1.183 AU:3    +
    8    23  0   1.5%   1.332 GU:3    +
   14    34  0   1.4%   0.247 AU:3    +
    9    22  0   1.4%   1.141 AU:3    +
   15    29  0   1.3%   0.808 CG:3    +
   16    28  0   1.3%   1.001 CG:3    +
    3    28  0   1.3%   1.234 CG:3    +
   15    28  0   1.2%   0.907 CG:3    +
    5    31  0   1.1%   0.951 GC:3    +
    6    30  0   1.1%   1.154 GC:3    +
   19    25  0   1.0%   0.658 GC:3    +
    5    25  0   1.0%   0.895 GC:3    +
    8    33  0   0.9%   1.029 GC:3    +
   28    33  0   0.8%   0.928 GC:3    +
    6    24  0   0.8%   1.326 GU:3    +
    7    34  0   0.7%   0.843 AU:3    +
    2    29  0   0.7%   0.932 UG:3    +
   11    20  0   0.7%   0.447 AU:3    +
    1    19  0   0.7%   0.387 UG:3    +
   12    19  0   0.7%   0.733 UG:3    +
   27    34  0   0.6%   0.877 AU:3    +
    7    23  0   0.5%   1.030 AU:3    +
    5    13  0   0.5%   0.081 GC:3    +
   13    19  0   0.5%   0.870 CG:3    +
   17    33  0   0.4%   1.157 GC:3    +
   26    31  0   0.3%   0.986 GC:3    +
   25    32  0   0.3%   0.795 CG:3    +
   21    26  0   0.3%   0.890 CG:3    +
   15    32  0   0.3%   0.593 CG:3    +
   20    27  0   0.3%   0.739 UA:3    +
    5    33  0   0.3%   0.900 GC:3    +
    8    22  0   0.3%   1.151 GU:3    +
    6    12  0   0.3%   0.052 GU:3    +
   21    29  0   0.2%   1.139 CG:3    +
   22    28  0   0.2%   1.478 UG:3    +
    4    34  0   0.2%   0.055 AU:3    +
    6    21  0   0.2%   0.616 GC:3    +
    7    20  0   0.2%   0.325 AU:3    +
    5    22  0   0.2%   0.477 GU:3    +
    6    33  0   0.2%   1.111 GC:3    +
   23    27  0   0.2%   1.225 UA:3    +
   13    28  0   0.2%   1.095 CG:3    +
    9    24  0   0.2%   1.118 AU:3    +
    8    25  0   0.2%   0.995 GC:3    +
   10    23  0   0.2%   0.726 AU:3    +
    5    34  0   0.2%   0.913 GU:3    +
   10    20  0   0.2%   0.620 AU:3    +
    8    15  0   0.1%   0.881 GC:3    +
   11    22  0   0.1%   0.477 AU:3    +
   12    17  0   0.1%   0.537 UG:3    +
   19    31  0   0.1%   0.942 GC:3    +
   12    29  0   0.1%   0.698 UG:3    +
    4    23  0   0.1%   0.028 AU:3    +
    8    30  0   0.1%   0.935 GC:3    +
   17    30  0   0.1%   0.759 GC:3    +
    1    18  0   0.1%   0.295 UA:3    +
   19    33  0   0.1%   0.642 GC:3    +
    2    17  0   0.1%   0.330 UG:3    +
   20    32  0   0.1%   1.053 UG:3    +
    8    31  0   0.1%   0.937 GC:3    +
   18    34  0   0.1%   0.799 AU:3    +
   15    19  0   0.1%   0.530 CG:3    +
    1     9  0   0.1%   0.020 UA:3    +
    4    24  0   0.1%   0.024 AU:3    +
   29    33  0   0.1%   0.647 GC:3    +
   12    27  0   0.1%   0.951 UA:3    +
    2     8  0   0.1%   0.020 UG:3    +
   22    26  0   0.1%   0.952 UG:3    +
   13    26  0   0.1%   1.076 CG:3    +
    1    11  0   0.1%   0.283 UA:3    +
   14    20  0   0.0%   0.383 AU:3    +
    2    10  0   0.0%   0.578 UA:3    +
   28    34  0   0.0%   0.918 GU:3    +
    6    16  0   0.0%   0.850 GC:3    +
    5    23  0   0.0%   0.469 GU:3    +
   26    33  0   0.0%   0.652 GC:3    +
    1    27  0   0.0%   0.326 UA:3    +
    3    32  0   0.0%   0.880 CG:3    +
    1    29  0   0.0%   0.579 UG:3    +
    1     7  0   0.0%   0.009 UA:3    +
   13    32  0   0.0%   0.885 CG:3    +
    2     6  0   0.0%   0.008 UG:3    +
    5    12  0   0.0%   0.009 GU:3    +
    2     7  0   0.0%   0.012 UA:3    +
    1     8  0   0.0%   0.011 UG:3    +
    2    28  0   0.0%   1.077 UG:3    +
    2    26  0   0.0%   0.516 UG:3    +
    8    16  0   0.0%   0.728 GC:3    +
    6    31  0   0.0%   1.111 GC:3    +
    8    12  0   0.0%   0.615 GU:3    +
    3    19  0   0.0%   0.541 CG:3    +
   12    32  0   0.0%   0.648 UG:3    +
   18    23  0   0.0%   0.910 AU:3    +
    4    12  0   0.0%   0.004 AU:3    +
    3    29  0   0.0%   0.913 CG:3    +
   10    22  0   0.0%   0.685 AU:3    +
    5    30  0   0.0%   0.807 GC:3    +
   19    24  0   0.0%   0.818 GU:3    +
    9    23  0   0.0%   1.095 AU:3    +
    2    11  0   0.0%   0.317 UA:3    +
   11    34  0   0.0%   0.114 AU:3    +
   17    34  0   0.0%   1.170 GU:3    +
    6    22  0   0.0%   0.605 GU:3    +
   15    26  0   0.0%   0.746 CG:3    +
    1     6  0   0.0%   0.003 UG:3    +
    2    19  0   0.0%   0.545 UG:3    +
   17    24  0   0.0%   0.917 GU:3    +
    2    14  0   0.0%   0.314 UA:3    +
   12    28  0   0.0%   0.941 UG:3    +
    8    24  0   0.0%   1.262 GU:3    +
    1     5  0   0.0%   0.001 UG:3    +
    1    32  0   0.0%   0.575 UG:3    +
    5    21  0   0.0%   0.440 GC:3    +
    4    22  0   0.0%   0.002 AU:3    +
    1    17  0   0.0%   0.277 UG:3    +
   10    34  0   0.0%   0.348 AU:3    +
   11    23  0   0.0%   0.480 AU:3    +
   29    34  0   0.0%   0.662 GU:3    +
    9    34  0   0.0%   0.748 AU:3    +
    8    34  0   0.0%   0.979 GU:3    +
    1    14  0   0.0%   0.276 UA:3    +
    1    26  0   0.0%   0.318 UG:3    +
   26    30  0   0.0%   0.857 GC:3    +
   21    32  0   0.0%   1.018 CG:3    +
   23    28  0   0.0%   1.264 UG:3    +
    6    20  0   0.0%   0.577 GU:3    +
   10    24  0   0.0%   0.707 AU:3    +
   22    29  0   0.0%   1.249 UG:3    +
    6    34  0   0.0%   1.095 GU:3    +
   23    29  0   0.0%   1.048 UG:3    +
   24    28  0   0.0%   1.318 UG:3    +
   17    21  0   0.0%   0.828 GC:3    +
    2    32  0   0.0%   0.858 UG:3    +
   20    28  0   0.0%   0.822 UG:3    +
   17    23  0   0.0%   0.925 GU:3    +
   16    29  0   0.0%   0.729 CG:3    +
   18    22  0   0.0%   0.894 AU:3    +
   25    29  0   0.0%   0.850 CG:3    +
   26    34  0   0.0%   0.677 GU:3    +
   17    22  0   0.0%   0.912 GU:3    +
   24    29  0   0.0%   1.101 UG:3    +
   14    24  0   0.0%   0.425 AU:3    +
   20    26  0   0.0%   0.880 UG:3    +
   14    23  0   0.0%   0.435 AU:3    +
   23    32  0   0.0%   0.938 UG:3    +
   11    24  0   0.0%   0.471 AU:3    +
   14    22  0   0.0%   0.422 AU:3    +
   24    32  0   0.0%   0.992 UG:3    +
    8    20  0   0.0%   0.466 GU:3    +
    4    20  0   0.0%   0.001 AU:3    +
...............((.((((....))))))..
