3 sequence; length of alignment 34
alifold output
   11    19  0  51.8%   1.097 CG:3   
   12    18  0  51.4%   1.106 UA:3   
   10    20  0  47.1%   1.084 UA:3   
   11    26  0  26.0%   1.490 CG:3    +
   12    25  0  25.7%   1.514 UA:3    +
   10    27  0  24.3%   1.443 UA:3    +
   27    33  0  19.4%   1.655 AU:3    +
   28    32  0  19.1%   1.235 CG:3    +
   26    34  0  19.0%   1.604 GC:3    +
    7    33  0   9.6%   0.757 AU:3    +
    6    34  0   9.5%   1.004 GC:3    +
    9    31  0   9.1%   0.878 CG:3    +
   15    22  0   8.4%   0.767 AU:3    +
   16    21  0   7.9%   0.650 UA:3    +
    8    29  0   6.1%   0.959 GC:3    +
    8    14  0   5.8%   0.513 GC:3    +
    9    13  0   5.7%   0.494 CG:3    +
    6    30  0   5.1%   0.637 GC:3    +
    8    28  0   4.6%   0.684 GC:3    +
    8    22  0   2.0%   0.459 GU:3    +
    9    32  0   1.9%   0.667 CG:3    +
    8    33  0   1.7%   1.054 GU:3    +
    6    11  0   1.3%   0.203 GC:3    +
    5    12  0   1.2%   0.170 AU:3    +
    6    29  0   1.2%   0.286 GC:3    +
   10    31  0   1.1%   1.131 UG:3    +
    9    26  0   0.8%   0.299 CG:3    +
    7    22  0   0.8%   0.131 AU:3    +
    1     6  0   0.6%   0.095 CG:3    +
   10    25  0   0.6%   0.470 UA:3    +
   14    26  0   0.5%   0.654 CG:3    +
   16    23  0   0.5%   0.329 UA:3    +
   17    22  0   0.4%   0.426 AU:3    +
   12    31  0   0.4%   1.137 UG:3    +
   13    30  0   0.4%   0.450 GC:3    +
   11    32  0   0.4%   0.903 CG:3    +
    6    16  0   0.4%   0.165 GU:3    +
    8    30  0   0.4%   0.781 GC:3    +
    3    33  0   0.3%   0.064 AU:3    +
   13    28  0   0.3%   0.391 GC:3    +
   13    22  0   0.3%   0.348 GU:3    +
   12    23  0   0.3%   0.466 UA:3    +
    9    19  0   0.3%   0.213 CG:3    +
   16    25  0   0.3%   0.693 UA:3    +
   10    18  0   0.3%   0.050 UA:3    +
   14    19  0   0.2%   0.575 CG:3    +
    1     8  0   0.2%   0.073 CG:3    +
    4    33  0   0.1%   0.050 AU:3    +
    6    22  0   0.1%   0.141 GU:3    +
    7    16  0   0.1%   0.051 AU:3    +
   26    30  0   0.1%   0.637 GC:3    +
   19    28  0   0.1%   0.560 GC:3    +
   14    32  0   0.1%   0.333 CG:3    +
   11    31  0   0.1%   1.040 CG:3    +
   13    33  0   0.1%   0.578 GU:3    +
    6    14  0   0.1%   0.105 GC:3    +
   10    21  0   0.1%   0.391 UA:3    +
    6    28  0   0.1%   0.139 GC:3    +
   12    24  0   0.1%   0.448 UA:3    +
    1    13  0   0.1%   0.060 CG:3    +
   12    21  0   0.1%   0.431 UA:3    +
    1    31  0   0.1%   0.069 CG:3    +
    5    33  0   0.1%   0.105 AU:3    +
    2    12  0   0.1%   0.014 AU:3    +
   22    32  0   0.1%   0.505 UG:3    +
   21    33  0   0.1%   0.563 AU:3    +
   16    24  0   0.1%   0.281 UA:3    +
    5    16  0   0.1%   0.070 AU:3    +
   19    30  0   0.0%   0.591 GC:3    +
    1    32  0   0.0%   0.070 CG:3    +
   19    34  0   0.0%   0.625 GC:3    +
   16    20  0   0.0%   0.402 UA:3    +
    2    33  0   0.0%   0.015 AU:3    +
   16    27  0   0.0%   0.639 UA:3    +
   20    33  0   0.0%   0.706 AU:3    +
   13    29  0   0.0%   0.437 GC:3    +
   19    29  0   0.0%   0.615 GC:3    +
    8    34  0   0.0%   0.887 GC:3    +
    1    26  0   0.0%   0.059 CG:3    +
   12    17  0   0.0%   0.070 UA:3    +
   10    32  0   0.0%   0.891 UG:3    +
    1    19  0   0.0%   0.056 CG:3    +
   12    20  0   0.0%   0.769 UA:3    +
   25    33  0   0.0%   0.747 AU:3    +
   12    27  0   0.0%   1.137 UA:3    +
   22    31  0   0.0%   0.688 UG:3    +
   12    19  0   0.0%   0.771 UG:3    +
   22    27  0   0.0%   0.731 UA:3    +
   26    33  0   0.0%   0.779 GU:3    +
    6    33  0   0.0%   0.373 GU:3    +
    5    22  0   0.0%   0.064 AU:3    +
   24    33  0   0.0%   0.358 AU:3    +
    7    12  0   0.0%   0.065 AU:3    +
    4    16  0   0.0%   0.006 AU:3    +
   18    22  0   0.0%   0.736 AU:3    +
   14    31  0   0.0%   0.516 CG:3    +
    4    10  0   0.0%   0.005 AU:3    +
   16    32  0   0.0%   0.401 UG:3    +
   15    33  0   0.0%   0.547 AU:3    +
    3    10  0   0.0%   0.003 AU:3    +
    3    12  0   0.0%   0.008 AU:3    +
    2    16  0   0.0%   0.007 AU:3    +
    5    10  0   0.0%   0.004 AU:3    +
   10    23  0   0.0%   0.382 UA:3    +
   16    26  0   0.0%   0.703 UG:3    +
    4    12  0   0.0%   0.009 AU:3    +
   23    33  0   0.0%   0.387 AU:3    +
   10    19  0   0.0%   0.039 UG:3    +
   10    17  0   0.0%   0.005 UA:3    +
    4    22  0   0.0%   0.005 AU:3    +
    3    16  0   0.0%   0.004 AU:3    +
   10    24  0   0.0%   0.382 UA:3    +
   12    26  0   0.0%   1.180 UG:3    +
   16    31  0   0.0%   0.592 UG:3    +
   22    26  0   0.0%   0.796 UG:3    +
    8    12  0   0.0%   0.077 GU:3    +
    6    12  0   0.0%   0.150 GU:3    +
    2    10  0   0.0%   0.001 AU:3    +
   10    15  0   0.0%   0.004 UA:3    +
   10    26  0   0.0%   0.453 UG:3    +
    3    22  0   0.0%   0.003 AU:3    +
    6    10  0   0.0%   0.035 GU:3    +
    8    16  0   0.0%   0.214 GU:3    +
   13    34  0   0.0%   0.464 GC:3    +
    2    22  0   0.0%   0.006 AU:3    +
   18    33  0   0.0%   0.696 AU:3    +
   12    32  0   0.0%   0.916 UG:3    +
   19    33  0   0.0%   0.725 GU:3    +
   17    33  0   0.0%   0.363 AU:3    +
.........(((.....)))..............
