3 sequence; length of alignment 63
alifold output
    7    56  0  86.7%   0.403 CG:3   
    6    57  0  86.6%   0.398 UA:3   
    5    58  0  86.1%   0.441 CG:3   
   11    52  0  86.0%   0.608 UA:3   
   12    51  0  86.0%   0.673 GC:3   
   10    53  0  85.6%   0.623 CG:3   
    8    55  0  82.9%   0.482 UA:3   
   19    34  0  82.7%   0.742 CG:3   
   18    35  0  82.6%   0.765 AU:3   
   20    33  0  82.6%   0.744 CG:3   
   17    36  0  82.4%   0.791 GC:3   
   13    50  0  79.6%   0.642 UA:3   
   41    48  0  64.3%   1.462 GC:3   
   42    47  0  62.4%   1.491 GC:3   
   16    33  0  13.2%   0.819 CG:3    +
   15    34  0  13.1%   0.801 CG:3    +
   17    32  0  12.9%   0.831 GC:3    +
   14    35  0  12.1%   0.766 AU:3    +
   16    41  0   9.4%   1.172 CG:3    +
   15    42  0   9.4%   1.152 CG:3    +
   10    41  0   8.5%   0.636 CG:3    +
   11    40  0   8.4%   0.635 UA:3    +
    9    42  0   8.2%   0.628 CG:3    +
   12    39  0   7.9%   0.681 GU:3    +
   45    56  0   6.7%   0.921 CG:3    +
   44    57  0   6.7%   1.092 UA:3    +
   43    58  0   6.6%   0.996 CG:3    +
   46    55  0   6.5%   0.840 UA:3    +
    1    61  0   4.4%   0.466 GC:3    +
   48    53  0   3.2%   0.971 CG:3    +
   43    53  0   3.1%   0.530 CG:3    +
   42    54  0   3.0%   1.227 GC:3    +
   44    52  0   2.8%   0.595 UA:3    +
   36    59  0   2.5%   0.572 CG:3    +
   35    60  0   2.4%   0.777 UA:3    +
   37    58  0   2.4%   0.550 UG:3    +
   34    61  0   2.4%   0.880 GC:3    +
   38    57  0   2.4%   0.505 UA:3    +
   14    44  0   2.4%   0.637 AU:3    +
   39    56  0   2.3%   0.796 UG:3    +
   33    62  0   2.2%   0.785 GU:3    +
   46    57  0   1.8%   0.952 UA:3    +
   47    56  0   1.8%   1.079 CG:3    +
   45    58  0   1.8%   0.988 CG:3    +
   14    39  0   1.7%   0.706 AU:3    +
   19    42  0   1.2%   0.756 CG:3    +
   20    41  0   1.2%   0.758 CG:3    +
   44    59  0   1.1%   0.803 UG:3    +
    5    12  0   1.1%   0.153 CG:3    +
   17    45  0   1.1%   0.619 GC:3    +
   18    44  0   1.1%   0.434 AU:3    +
    4    13  0   1.1%   0.146 AU:3    +
   39    49  0   1.0%   0.439 UA:3    +
   41    47  0   1.0%   0.713 GC:3    +
    8    57  0   1.0%   0.434 UA:3    +
    7    58  0   1.0%   0.423 CG:3    +
   12    54  0   1.0%   0.548 GC:3    +
   11    55  0   1.0%   0.638 UA:3    +
   13    53  0   0.9%   0.551 UG:3    +
   21    29  0   0.8%   0.169 AU:3    +
   47    53  0   0.8%   0.767 CG:3    +
    9    56  0   0.8%   0.467 CG:3    +
   22    28  0   0.8%   0.135 UA:3    +
   41    61  0   0.8%   1.239 GC:3    +
   40    62  0   0.8%   0.541 AU:3    +
   10    56  0   0.8%   0.626 CG:3    +
    6    59  0   0.6%   0.259 UG:3    +
   13    40  0   0.6%   0.362 UA:3    +
    7    59  0   0.6%   0.340 CG:3    +
   24    29  0   0.6%   0.148 AU:3    +
   39    63  0   0.6%   0.512 UA:3    +
   41    45  0   0.6%   0.672 GC:3    +
    6    60  0   0.6%   0.268 UA:3    +
    2    62  0   0.5%   0.141 AU:3    +
    1    62  0   0.5%   0.275 GU:3    +
   14    37  0   0.5%   0.341 AU:3    +
    8    58  0   0.5%   0.476 UG:3    +
   40    46  0   0.5%   0.355 AU:3    +
    9    59  0   0.4%   0.417 CG:3    +
   42    46  0   0.4%   0.655 GU:3    +
   10    58  0   0.4%   0.667 CG:3    +
   11    57  0   0.4%   0.633 UA:3    +
   36    41  0   0.4%   0.738 CG:3    +
   21    27  0   0.4%   0.086 AU:3    +
    8    60  0   0.4%   0.338 UA:3    +
   35    42  0   0.4%   0.994 UG:3    +
   34    43  0   0.4%   0.514 GC:3    +
    1     7  0   0.3%   0.055 GC:3    +
   14    46  0   0.3%   0.511 AU:3    +
   14    38  0   0.3%   0.337 AU:3    +
   42    48  0   0.3%   1.182 GC:3    +
    1    16  0   0.3%   0.080 GC:3    +
   33    44  0   0.3%   0.633 GU:3    +
   23    33  0   0.2%   0.493 CG:3    +
   17    23  0   0.2%   0.065 GC:3    +
   13    55  0   0.2%   0.567 UA:3    +
   22    34  0   0.2%   0.524 UG:3    +
    2     6  0   0.2%   0.043 AU:3    +
   21    35  0   0.2%   0.534 AU:3    +
   47    59  0   0.2%   0.765 CG:3    +
   48    58  0   0.2%   1.035 CG:3    +
   21    26  0   0.2%   0.046 AU:3    +
   43    59  0   0.2%   0.544 CG:3    +
   42    61  0   0.2%   1.272 GC:3    +
   38    50  0   0.2%   0.249 UA:3    +
   46    60  0   0.2%   0.521 UA:3    +
   18    22  0   0.2%   0.054 AU:3    +
    5    59  0   0.2%   0.216 CG:3    +
   41    62  0   0.2%   1.157 GU:3    +
   13    49  0   0.1%   0.118 UA:3    +
   12    36  0   0.1%   0.092 GC:3    +
    9    53  0   0.1%   0.243 CG:3    +
   17    47  0   0.1%   0.544 GC:3    +
   46    50  0   0.1%   0.309 UA:3    +
   18    46  0   0.1%   0.289 AU:3    +
   18    29  0   0.1%   0.055 AU:3    +
    3    62  0   0.1%   0.081 AU:3    +
   17    30  0   0.1%   0.053 GC:3    +
    1     9  0   0.1%   0.041 GC:3    +
    2     8  0   0.1%   0.035 AU:3    +
   39    50  0   0.1%   0.537 UA:3    +
   32    41  0   0.1%   0.778 CG:3    +
   31    42  0   0.1%   0.515 CG:3    +
   38    49  0   0.1%   0.057 UA:3    +
    7    17  0   0.1%   0.039 CG:3    +
    1    23  0   0.1%   0.065 GC:3    +
    6    18  0   0.1%   0.032 UA:3    +
    2    22  0   0.1%   0.039 AU:3    +
   25    34  0   0.1%   0.459 UG:3    +
    4    62  0   0.1%   0.129 AU:3    +
   24    35  0   0.1%   0.477 AU:3    +
   37    49  0   0.1%   0.061 UA:3    +
   37    41  0   0.1%   0.568 UG:3    +
   26    33  0   0.1%   0.469 UG:3    +
   12    19  0   0.1%   0.067 GC:3    +
   13    18  0   0.1%   0.070 UA:3    +
   36    42  0   0.1%   0.723 CG:3    +
   21    39  0   0.0%   0.376 AU:3    +
    9    58  0   0.0%   0.479 CG:3    +
    7    41  0   0.0%   0.037 CG:3    +
   44    49  0   0.0%   0.234 UA:3    +
    9    17  0   0.0%   0.023 CG:3    +
    8    40  0   0.0%   0.021 UA:3    +
   17    31  0   0.0%   0.046 GC:3    +
   27    34  0   0.0%   0.482 UG:3    +
    8    18  0   0.0%   0.022 UA:3    +
   41    46  0   0.0%   0.621 GU:3    +
   39    57  0   0.0%   0.711 UA:3    +
   12    45  0   0.0%   0.288 GC:3    +
   12    23  0   0.0%   0.074 GC:3    +
   15    41  0   0.0%   0.491 CG:3    +
   33    45  0   0.0%   0.522 GC:3    +
   16    42  0   0.0%   0.951 CG:3    +
   12    20  0   0.0%   0.065 GC:3    +
   41    51  0   0.0%   1.029 GC:3    +
   10    42  0   0.0%   0.428 CG:3    +
   11    41  0   0.0%   0.435 UG:3    +
   11    42  0   0.0%   0.433 UG:3    +
    7    12  0   0.0%   0.075 CG:3    +
    1    10  0   0.0%   0.033 GC:3    +
   12    37  0   0.0%   0.080 GU:3    +
   44    60  0   0.0%   0.642 UA:3    +
   11    21  0   0.0%   0.007 UA:3    +
   11    24  0   0.0%   0.009 UA:3    +
   10    17  0   0.0%   0.018 CG:3    +
    6    58  0   0.0%   0.283 UG:3    +
    6    42  0   0.0%   0.027 UG:3    +
   18    27  0   0.0%   0.035 AU:3    +
   37    42  0   0.0%   0.564 UG:3    +
   45    59  0   0.0%   0.602 CG:3    +
   37    50  0   0.0%   0.229 UA:3    +
   38    58  0   0.0%   0.461 UG:3    +
   13    42  0   0.0%   0.304 UG:3    +
   26    34  0   0.0%   0.470 UG:3    +
   27    33  0   0.0%   0.475 UG:3    +
   12    38  0   0.0%   0.080 GU:3    +
   21    38  0   0.0%   0.117 AU:3    +
   12    43  0   0.0%   0.283 GC:3    +
    8    59  0   0.0%   0.324 UG:3    +
   18    25  0   0.0%   0.030 AU:3    +
   17    43  0   0.0%   0.471 GC:3    +
   51    56  0   0.0%   0.683 CG:3    +
   46    52  0   0.0%   0.326 UA:3    +
   45    53  0   0.0%   0.382 CG:3    +
   48    56  0   0.0%   0.962 CG:3    +
   46    58  0   0.0%   0.922 UG:3    +
   28    35  0   0.0%   0.476 AU:3    +
    1     5  0   0.0%   0.004 GC:3    +
   15    53  0   0.0%   0.681 CG:3    +
   29    34  0   0.0%   0.534 UG:3    +
   17    26  0   0.0%   0.031 GU:3    +
   22    40  0   0.0%   0.319 UA:3    +
   12    16  0   0.0%   0.073 GC:3    +
   42    51  0   0.0%   0.997 GC:3    +
    1    15  0   0.0%   0.032 GC:3    +
   18    26  0   0.0%   0.031 AU:3    +
   12    61  0   0.0%   0.597 GC:3    +
   17    48  0   0.0%   0.529 GC:3    +
   13    60  0   0.0%   0.390 UA:3    +
   20    42  0   0.0%   0.706 CG:3    +
   15    59  0   0.0%   0.598 CG:3    +
   38    42  0   0.0%   0.550 UG:3    +
   21    25  0   0.0%   0.007 AU:3    +
    1    30  0   0.0%   0.056 GC:3    +
   16    58  0   0.0%   0.745 CG:3    +
   24    39  0   0.0%   0.317 AU:3    +
    2    29  0   0.0%   0.030 AU:3    +
   41    54  0   0.0%   0.942 GC:3    +
   44    55  0   0.0%   0.479 UA:3    +
   23    41  0   0.0%   0.534 CG:3    +
   43    56  0   0.0%   0.423 CG:3    +
   24    38  0   0.0%   0.063 AU:3    +
   17    39  0   0.0%   0.735 GU:3    +
   33    48  0   0.0%   0.468 GC:3    +
   34    47  0   0.0%   0.482 GC:3    +
   38    56  0   0.0%   0.246 UG:3    +
   18    38  0   0.0%   0.216 AU:3    +
   22    42  0   0.0%   0.566 UG:3    +
   13    28  0   0.0%   0.055 UA:3    +
   28    39  0   0.0%   0.318 AU:3    +
   27    40  0   0.0%   0.278 UA:3    +
   37    59  0   0.0%   0.331 UG:3    +
   40    44  0   0.0%   0.404 AU:3    +
   14    27  0   0.0%   0.003 AU:3    +
   37    57  0   0.0%   0.240 UA:3    +
   44    58  0   0.0%   0.950 UG:3    +
   17    27  0   0.0%   0.032 GU:3    +
   17    37  0   0.0%   0.494 GU:3    +
   12    29  0   0.0%   0.066 GU:3    +
    5    42  0   0.0%   0.054 CG:3    +
    1    45  0   0.0%   0.056 GC:3    +
   39    55  0   0.0%   0.546 UA:3    +
    2    44  0   0.0%   0.030 AU:3    +
   11    17  0   0.0%   0.014 UG:3    +
   36    58  0   0.0%   0.430 CG:3    +
   23    34  0   0.0%   0.477 CG:3    +
   17    46  0   0.0%   0.536 GU:3    +
   24    37  0   0.0%   0.071 AU:3    +
   13    41  0   0.0%   0.303 UG:3    +
   37    52  0   0.0%   0.175 UA:3    +
    3     8  0   0.0%   0.008 AU:3    +
   29    33  0   0.0%   0.529 UG:3    +
   30    42  0   0.0%   0.503 CG:3    +
   17    44  0   0.0%   0.557 GU:3    +
    5    41  0   0.0%   0.053 CG:3    +
   12    48  0   0.0%   0.284 GC:3    +
   31    41  0   0.0%   0.499 CG:3    +
    9    41  0   0.0%   0.016 CG:3    +
   11    18  0   0.0%   0.011 UA:3    +
    6    40  0   0.0%   0.022 UA:3    +
    1    20  0   0.0%   0.048 GC:3    +
    7    42  0   0.0%   0.033 CG:3    +
   44    50  0   0.0%   0.362 UA:3    +
   30    34  0   0.0%   0.460 CG:3    +
   11    49  0   0.0%   0.219 UA:3    +
    5    56  0   0.0%   0.054 CG:3    +
    6    55  0   0.0%   0.024 UA:3    +
    2    26  0   0.0%   0.028 AU:3    +
    8    41  0   0.0%   0.019 UG:3    +
    1    43  0   0.0%   0.055 GC:3    +
   16    53  0   0.0%   0.697 CG:3    +
    1    27  0   0.0%   0.054 GU:3    +
   38    63  0   0.0%   0.135 UA:3    +
   12    47  0   0.0%   0.283 GC:3    +
    3    25  0   0.0%   0.002 AU:3    +
    3    26  0   0.0%   0.002 AU:3    +
    3    13  0   0.0%   0.001 AU:3    +
    2    27  0   0.0%   0.029 AU:3    +
    8    42  0   0.0%   0.018 UG:3    +
   34    39  0   0.0%   0.727 GU:3    +
    5    17  0   0.0%   0.053 CG:3    +
    2    11  0   0.0%   0.022 AU:3    +
   17    38  0   0.0%   0.483 GU:3    +
   26    41  0   0.0%   0.517 UG:3    +
   13    21  0   0.0%   0.056 UA:3    +
    4    25  0   0.0%   0.050 AU:3    +
   56    61  0   0.0%   0.826 GC:3    +
    8    52  0   0.0%   0.015 UA:3    +
    6    41  0   0.0%   0.022 UG:3    +
   53    61  0   0.0%   0.726 GC:3    +
   39    52  0   0.0%   0.461 UA:3    +
   13    56  0   0.0%   0.539 UG:3    +
    7    53  0   0.0%   0.031 CG:3    +
   55    62  0   0.0%   0.596 AU:3    +
   25    40  0   0.0%   0.255 UA:3    +
    1     8  0   0.0%   0.020 GU:3    +
   52    62  0   0.0%   0.435 AU:3    +
   28    37  0   0.0%   0.073 AU:3    +
   12    27  0   0.0%   0.064 GU:3    +
   15    33  0   0.0%   0.002 CG:3    +
   54    59  0   0.0%   0.426 CG:3    +
    4    11  0   0.0%   0.001 AU:3    +
   11    28  0   0.0%   0.006 UA:3    +
   27    49  0   0.0%   0.042 UA:3    +
   29    49  0   0.0%   0.094 UA:3    +
    1    32  0   0.0%   0.055 GC:3    +
    1     6  0   0.0%   0.002 GU:3    +
   12    32  0   0.0%   0.065 GC:3    +
   12    22  0   0.0%   0.067 GU:3    +
   25    33  0   0.0%   0.444 UG:3    +
   19    33  0   0.0%   0.272 CG:3    +
    1    47  0   0.0%   0.056 GC:3    +
   25    42  0   0.0%   0.502 UG:3    +
   38    52  0   0.0%   0.172 UA:3    +
   47    58  0   0.0%   1.043 CG:3    +
    2    46  0   0.0%   0.030 AU:3    +
    6    14  0   0.0%   0.015 UA:3    +
   21    37  0   0.0%   0.124 AU:3    +
   33    61  0   0.0%   0.603 GC:3    +
   35    59  0   0.0%   0.557 UG:3    +
   36    53  0   0.0%   0.382 CG:3    +
   12    30  0   0.0%   0.065 GC:3    +
   33    39  0   0.0%   0.722 GU:3    +
   17    35  0   0.0%   0.559 GU:3    +
   13    52  0   0.0%   0.409 UA:3    +
    1    19  0   0.0%   0.047 GC:3    +
   29    63  0   0.0%   0.084 UA:3    +
   18    37  0   0.0%   0.225 AU:3    +
   46    53  0   0.0%   0.386 UG:3    +
   35    40  0   0.0%   0.680 UA:3    +
   26    40  0   0.0%   0.268 UA:3    +
   51    58  0   0.0%   0.728 CG:3    +
    4     8  0   0.0%   0.008 AU:3    +
   14    22  0   0.0%   0.006 AU:3    +
   18    39  0   0.0%   0.466 AU:3    +
    2    38  0   0.0%   0.029 AU:3    +
    3    27  0   0.0%   0.002 AU:3    +
   37    55  0   0.0%   0.259 UA:3    +
    3    11  0   0.0%   0.001 AU:3    +
   23    42  0   0.0%   0.532 CG:3    +
   13    24  0   0.0%   0.055 UA:3    +
    1    51  0   0.0%   0.056 GC:3    +
   39    59  0   0.0%   0.616 UG:3    +
   14    26  0   0.0%   0.001 AU:3    +
   36    56  0   0.0%   0.398 CG:3    +
   34    44  0   0.0%   0.626 GU:3    +
   20    34  0   0.0%   0.585 CG:3    +
    3    37  0   0.0%   0.002 AU:3    +
   12    25  0   0.0%   0.064 GU:3    +
    4    26  0   0.0%   0.050 AU:3    +
   38    60  0   0.0%   0.276 UA:3    +
   28    38  0   0.0%   0.064 AU:3    +
    1    39  0   0.0%   0.055 GU:3    +
   38    59  0   0.0%   0.328 UG:3    +
   26    49  0   0.0%   0.033 UA:3    +
   48    59  0   0.0%   0.703 CG:3    +
    4    27  0   0.0%   0.050 AU:3    +
   37    60  0   0.0%   0.278 UA:3    +
   16    59  0   0.0%   0.614 CG:3    +
   34    38  0   0.0%   0.473 GU:3    +
    8    17  0   0.0%   0.014 UG:3    +
   22    41  0   0.0%   0.566 UG:3    +
   16    56  0   0.0%   0.712 CG:3    +
   42    62  0   0.0%   1.183 GU:3    +
   12    31  0   0.0%   0.064 GC:3    +
   15    56  0   0.0%   0.696 CG:3    +
    8    24  0   0.0%   0.011 UA:3    +
   33    43  0   0.0%   0.450 GC:3    +
    1    31  0   0.0%   0.054 GC:3    +
    2    13  0   0.0%   0.022 AU:3    +
   19    41  0   0.0%   0.603 CG:3    +
   35    41  0   0.0%   0.935 UG:3    +
   17    22  0   0.0%   0.018 GU:3    +
    1    48  0   0.0%   0.056 GC:3    +
   34    45  0   0.0%   0.526 GC:3    +
   37    63  0   0.0%   0.137 UA:3    +
   10    33  0   0.0%   0.004 CG:3    +
    6    63  0   0.0%   0.211 UA:3    +
    4    44  0   0.0%   0.050 AU:3    +
   25    41  0   0.0%   0.503 UG:3    +
    8    14  0   0.0%   0.008 UA:3    +
   30    59  0   0.0%   0.112 CG:3    +
   25    49  0   0.0%   0.019 UA:3    +
    3    38  0   0.0%   0.002 AU:3    +
   28    44  0   0.0%   0.182 AU:3    +
   31    58  0   0.0%   0.243 CG:3    +
   46    59  0   0.0%   0.602 UG:3    +
   21    44  0   0.0%   0.238 AU:3    +
   27    63  0   0.0%   0.032 UA:3    +
   33    46  0   0.0%   0.492 GU:3    +
   29    60  0   0.0%   0.135 UA:3    +
    2    39  0   0.0%   0.029 AU:3    +
    8    21  0   0.0%   0.011 UA:3    +
   11    33  0   0.0%   0.006 UG:3    +
   14    25  0   0.0%   0.001 AU:3    +
   26    50  0   0.0%   0.204 UA:3    +
   38    55  0   0.0%   0.257 UA:3    +
    6    12  0   0.0%   0.065 UG:3    +
    4    37  0   0.0%   0.049 AU:3    +
   16    34  0   0.0%   0.551 CG:3    +
   22    33  0   0.0%   0.482 UG:3    +
   10    59  0   0.0%   0.512 CG:3    +
   44    53  0   0.0%   0.555 UG:3    +
   38    53  0   0.0%   0.228 UG:3    +
   14    29  0   0.0%   0.003 AU:3    +
    3    22  0   0.0%   0.007 AU:3    +
   13    17  0   0.0%   0.061 UG:3    +
    6    21  0   0.0%   0.021 UA:3    +
    8    12  0   0.0%   0.061 UG:3    +
   33    47  0   0.0%   0.474 GC:3    +
   32    56  0   0.0%   0.473 CG:3    +
   17    25  0   0.0%   0.028 GU:3    +
   12    46  0   0.0%   0.283 GU:3    +
   37    56  0   0.0%   0.246 UG:3    +
   34    54  0   0.0%   0.516 GC:3    +
    4    22  0   0.0%   0.055 AU:3    +
    9    34  0   0.0%   0.010 CG:3    +
    8    53  0   0.0%   0.015 UG:3    +
   37    53  0   0.0%   0.231 UG:3    +
    2    25  0   0.0%   0.027 AU:3    +
   28    62  0   0.0%   0.111 AU:3    +
   39    58  0   0.0%   0.747 UG:3    +
    6    24  0   0.0%   0.021 UA:3    +
    1    11  0   0.0%   0.029 GU:3    +
   28    46  0   0.0%   0.069 AU:3    +
   17    29  0   0.0%   0.030 GU:3    +
   39    60  0   0.0%   0.563 UA:3    +
   10    34  0   0.0%   0.004 CG:3    +
    1    36  0   0.0%   0.054 GC:3    +
   44    63  0   0.0%   0.527 UA:3    +
   17    51  0   0.0%   0.657 GC:3    +
    1    26  0   0.0%   0.053 GU:3    +
    8    56  0   0.0%   0.295 UG:3    +
    1    13  0   0.0%   0.029 GU:3    +
    5    53  0   0.0%   0.053 CG:3    +
    4    46  0   0.0%   0.049 AU:3    +
   25    50  0   0.0%   0.191 UA:3    +
    6    52  0   0.0%   0.023 UA:3    +
   11    56  0   0.0%   0.595 UG:3    +
   33    38  0   0.0%   0.469 GU:3    +
   35    57  0   0.0%   0.648 UA:3    +
    3    44  0   0.0%   0.002 AU:3    +
    7    33  0   0.0%   0.026 CG:3    +
    1    54  0   0.0%   0.056 GC:3    +
   35    53  0   0.0%   0.641 UG:3    +
   11    50  0   0.0%   0.219 UA:3    +
   22    49  0   0.0%   0.083 UA:3    +
   12    26  0   0.0%   0.064 GU:3    +
    6    17  0   0.0%   0.015 UG:3    +
   26    63  0   0.0%   0.023 UA:3    +
   27    50  0   0.0%   0.213 UA:3    +
    9    33  0   0.0%   0.010 CG:3    +
   12    44  0   0.0%   0.280 GU:3    +
    2    37  0   0.0%   0.029 AU:3    +
   51    59  0   0.0%   0.409 CG:3    +
   35    49  0   0.0%   0.465 UA:3    +
   11    63  0   0.0%   0.416 UA:3    +
    2    35  0   0.0%   0.029 AU:3    +
    8    63  0   0.0%   0.267 UA:3    +
   11    53  0   0.0%   0.490 UG:3    +
   32    42  0   0.0%   0.770 CG:3    +
   25    63  0   0.0%   0.009 UA:3    +
    1    38  0   0.0%   0.054 GU:3    +
    3    29  0   0.0%   0.002 AU:3    +
....((((.((((...((((............))))....((....)).)))).)))).....
