3 sequence; length of alignment 68
alifold output
   32    48  0  82.5%   0.911 GC:3   
   31    49  0  82.5%   0.694 AU:3   
   30    50  0  82.4%   0.744 GC:3   
   33    47  0  79.6%   0.987 AU:3   
   29    51  0  70.0%   1.355 GU:3   
   28    52  0  58.2%   1.921 CG:3   
   56    62  0  54.5%   1.721 GC:3    +
   55    63  0  54.3%   1.455 GC:3    +
   57    61  0  53.7%   1.684 CG:3    +
   26    53  0  50.6%   1.730 CG:3   
   25    54  0  47.7%   1.790 UA:3   
   15    61  0  33.0%   1.780 CG:3   
   14    62  0  33.0%   1.536 GC:3   
   16    60  0  32.3%   1.896 GC:3   
   12    64  0  30.3%   1.941 CG:3   
   11    65  0  27.0%   1.895 UA:3   
   15    27  0  24.6%   1.090 CG:3    +
   16    26  0  24.1%   1.179 GC:3    +
   14    28  0  24.0%   1.100 GC:3    +
    3    66  0  21.4%   1.117 CG:3    +
    4    65  0  20.8%   1.350 UA:3    +
    8    53  0  20.2%   1.273 CG:3    +
    9    52  0  20.2%   1.163 CG:3    +
   18    25  0  19.9%   1.162 AU:3    +
    2    67  0  19.0%   0.958 AU:3    +
    5    64  0  18.6%   1.303 UG:3    +
   19    24  0  18.0%   1.167 UA:3    +
    7    54  0  17.7%   1.305 UA:3    +
   17    27  0  15.5%   1.298 CG:3    +
   16    28  0  15.5%   1.701 GC:3    +
   15    29  0  14.9%   1.300 CG:3    +
   10    51  0  10.3%   0.922 AU:3    +
    6    34  0   8.3%   0.758 AU:3    +
    7    33  0   8.3%   0.779 UA:3    +
    5    35  0   8.1%   0.759 UA:3    +
    8    32  0   8.0%   0.706 CG:3    +
   49    65  0   6.9%   1.545 UA:3    +
   12    30  0   6.7%   0.731 CG:3    +
   50    64  0   6.7%   1.704 CG:3    +
   48    66  0   6.7%   1.434 CG:3    +
   12    32  0   6.7%   1.077 CG:3    +
   11    33  0   6.6%   1.039 UA:3    +
   11    31  0   6.2%   0.653 UA:3    +
    4    36  0   6.0%   0.662 UA:3    +
   52    63  0   5.3%   1.447 GC:3    +
   53    62  0   5.3%   1.856 GC:3    +
   10    34  0   5.2%   0.736 AU:3    +
    9    66  0   4.4%   1.305 CG:3    +
   39    51  0   4.0%   0.939 AU:3    +
   38    52  0   3.9%   1.052 CG:3    +
   40    50  0   3.9%   0.620 GC:3    +
    6    19  0   3.6%   0.364 AU:3    +
    7    18  0   3.4%   0.352 UA:3    +
    5    20  0   3.2%   0.335 UA:3    +
   55    60  0   3.1%   0.903 GC:3    +
    9    16  0   2.7%   0.377 CG:3    +
   34    43  0   2.3%   0.640 UA:3    +
    4    21  0   2.3%   0.283 UA:3    +
   35    42  0   2.3%   0.479 AU:3    +
   37    53  0   2.0%   1.070 UG:3    +
   17    61  0   2.0%   0.981 CG:3    +
   12    23  0   1.9%   0.316 CG:3    +
   16    62  0   1.9%   1.758 GC:3    +
   11    24  0   1.8%   0.257 UA:3    +
   52    60  0   1.7%   1.435 GC:3    +
   53    59  0   1.7%   1.089 GC:3    +
   17    23  0   1.5%   0.391 CG:3    +
   23    57  0   1.4%   0.474 GC:3    +
    3    23  0   1.3%   0.191 CG:3    +
   10    25  0   1.3%   0.192 AU:3    +
   48    64  0   1.2%   1.173 CG:3    +
   47    65  0   1.2%   1.170 UA:3    +
   51    61  0   1.2%   1.322 UG:3    +
   12    29  0   1.2%   0.254 CG:3    +
   46    66  0   1.2%   0.872 UG:3    +
   37    45  0   1.1%   0.300 UA:3    +
   45    67  0   1.1%   0.670 AU:3    +
   14    63  0   1.0%   0.947 GC:3    +
   36    46  0   1.0%   0.396 AU:3    +
   34    45  0   1.0%   0.613 UA:3    +
    4    22  0   1.0%   0.246 UA:3    +
   28    61  0   0.9%   1.540 CG:3    +
   29    60  0   0.9%   1.110 GC:3    +
   30    59  0   0.9%   0.559 GC:3    +
    8    16  0   0.9%   0.137 CG:3    +
    9    14  0   0.8%   0.147 CG:3    +
   26    64  0   0.8%   1.588 CG:3    +
    3    40  0   0.8%   0.189 CG:3    +
   15    23  0   0.7%   0.267 CG:3    +
   37    43  0   0.7%   0.238 UA:3    +
    4    39  0   0.7%   0.427 UA:3    +
   25    65  0   0.6%   1.606 UA:3    +
   57    66  0   0.6%   1.380 CG:3    +
    5    21  0   0.6%   0.297 UA:3    +
   56    67  0   0.6%   0.985 GU:3    +
   27    62  0   0.6%   1.199 GC:3    +
   55    68  0   0.6%   0.668 GC:3    +
   11    30  0   0.6%   0.204 UG:3    +
   33    46  0   0.6%   0.496 AU:3    +
   32    57  0   0.5%   0.751 GC:3    +
   19    58  0   0.5%   0.547 UA:3    +
   15    66  0   0.5%   1.664 CG:3    +
   23    68  0   0.5%   0.419 GC:3    +
   24    67  0   0.5%   0.883 AU:3    +
   15    64  0   0.5%   1.827 CG:3    +
   42    52  0   0.5%   0.966 UG:3    +
   14    67  0   0.5%   1.278 GU:3    +
   41    53  0   0.5%   0.869 CG:3    +
   37    44  0   0.4%   0.162 UA:3    +
   51    64  0   0.4%   1.817 UG:3    +
    8    23  0   0.4%   0.177 CG:3    +
   43    51  0   0.4%   0.840 AU:3    +
   10    67  0   0.4%   0.852 AU:3    +
    7    24  0   0.4%   0.190 UA:3    +
   48    53  0   0.4%   1.049 CG:3    +
   47    54  0   0.4%   0.980 UA:3    +
   16    63  0   0.4%   1.351 GC:3    +
    8    64  0   0.4%   1.013 CG:3    +
   27    63  0   0.4%   0.824 GC:3    +
    3    14  0   0.4%   0.060 CG:3    +
    4    13  0   0.3%   0.060 UA:3    +
   25    55  0   0.3%   0.853 UG:3    +
   35    46  0   0.3%   0.386 AU:3    +
   26    55  0   0.3%   0.803 CG:3    +
    7    65  0   0.3%   1.074 UA:3    +
    6    37  0   0.3%   0.403 AU:3    +
    7    36  0   0.3%   0.586 UA:3    +
    9    32  0   0.3%   0.430 CG:3    +
   25    56  0   0.3%   0.875 UG:3    +
   43    47  0   0.3%   0.383 AU:3    +
   17    64  0   0.3%   1.236 CG:3    +
   17    56  0   0.3%   0.424 CG:3    +
    9    29  0   0.3%   0.196 CG:3    +
    8    30  0   0.3%   0.128 CG:3    +
    6    25  0   0.3%   0.169 AU:3    +
    8    66  0   0.3%   1.042 CG:3    +
   30    38  0   0.3%   0.283 GC:3    +
   31    37  0   0.2%   0.257 AU:3    +
   35    47  0   0.2%   0.547 AU:3    +
   25    66  0   0.2%   1.440 UG:3    +
   39    46  0   0.2%   0.185 AU:3    +
   40    62  0   0.2%   0.720 GC:3    +
   41    61  0   0.2%   0.598 CG:3    +
   50    66  0   0.2%   1.336 CG:3    +
   16    57  0   0.2%   0.832 GC:3    +
   11    66  0   0.2%   1.379 UG:3    +
   38    64  0   0.2%   0.986 CG:3    +
    7    31  0   0.2%   0.184 UA:3    +
   51    65  0   0.2%   1.756 UA:3    +
   17    66  0   0.2%   1.049 CG:3    +
   37    65  0   0.2%   1.007 UA:3    +
    7    66  0   0.2%   1.076 UG:3    +
   36    42  0   0.2%   0.324 AU:3    +
    6    67  0   0.2%   0.715 AU:3    +
   16    67  0   0.2%   1.672 GU:3    +
    8    27  0   0.2%   0.105 CG:3    +
   46    55  0   0.2%   0.244 UG:3    +
   40    57  0   0.2%   0.333 GC:3    +
   41    56  0   0.2%   0.139 CG:3    +
   34    55  0   0.2%   0.611 UG:3    +
   42    55  0   0.2%   0.242 UG:3    +
    9    30  0   0.1%   0.209 CG:3    +
   26    32  0   0.1%   0.777 CG:3    +
   25    33  0   0.1%   0.820 UA:3    +
   24    34  0   0.1%   0.793 AU:3    +
   27    41  0   0.1%   0.692 GC:3    +
   28    40  0   0.1%   0.710 CG:3    +
   19    23  0   0.1%   0.424 UG:3    +
   34    44  0   0.1%   0.490 UA:3    +
   10    19  0   0.1%   0.148 AU:3    +
   47    53  0   0.1%   1.045 UG:3    +
   37    54  0   0.1%   0.921 UA:3    +
   11    18  0   0.1%   0.143 UA:3    +
   48    52  0   0.1%   1.003 CG:3    +
    9    64  0   0.1%   0.886 CG:3    +
   19    55  0   0.1%   0.496 UG:3    +
   14    41  0   0.1%   0.438 GC:3    +
   15    40  0   0.1%   0.726 CG:3    +
   46    54  0   0.1%   0.819 UA:3    +
   12    52  0   0.1%   0.841 CG:3    +
    9    27  0   0.1%   0.177 CG:3    +
   13    42  0   0.1%   0.054 AU:3    +
   32    50  0   0.1%   0.770 GC:3    +
   33    49  0   0.1%   0.799 AU:3    +
   56    60  0   0.1%   0.679 GC:3    +
   12    66  0   0.1%   1.400 CG:3    +
   20    25  0   0.1%   0.529 AU:3    +
   38    53  0   0.1%   0.930 CG:3    +
   54    67  0   0.1%   1.201 AU:3    +
   13    51  0   0.1%   0.290 AU:3    +
   53    68  0   0.1%   1.109 GC:3    +
    9    55  0   0.1%   0.539 CG:3    +
    8    56  0   0.1%   0.647 CG:3    +
   14    57  0   0.1%   0.446 GC:3    +
   15    56  0   0.1%   0.699 CG:3    +
   52    62  0   0.1%   1.390 GC:3    +
   11    53  0   0.1%   0.819 UG:3    +
   32    38  0   0.1%   0.444 GC:3    +
    9    23  0   0.1%   0.235 CG:3    +
   31    51  0   0.1%   0.878 AU:3    +
   13    19  0   0.1%   0.166 AU:3    +
   53    63  0   0.1%   1.312 GC:3    +
    3    64  0   0.1%   0.137 CG:3    +
   41    66  0   0.1%   0.663 CG:3    +
   55    62  0   0.1%   0.869 GC:3    +
   59    64  0   0.1%   1.205 CG:3    +
   40    67  0   0.1%   0.650 GU:3    +
   17    55  0   0.1%   0.382 CG:3    +
    2    37  0   0.1%   0.016 AU:3    +
   12    53  0   0.1%   0.846 CG:3    +
   14    50  0   0.1%   0.438 GC:3    +
   23    59  0   0.1%   0.355 GC:3    +
   42    65  0   0.1%   0.908 UA:3    +
   33    37  0   0.1%   0.449 AU:3    +
   43    49  0   0.1%   0.331 AU:3    +
    8    14  0   0.1%   0.035 CG:3    +
   11    54  0   0.1%   0.802 UA:3    +
   40    48  0   0.1%   0.246 GC:3    +
   32    41  0   0.1%   0.449 GC:3    +
    3    56  0   0.0%   0.129 CG:3    +
   14    59  0   0.0%   0.445 GC:3    +
   53    60  0   0.0%   1.384 GC:3    +
   44    49  0   0.0%   0.228 AU:3    +
    4    55  0   0.0%   0.377 UG:3    +
   39    49  0   0.0%   0.237 AU:3    +
   31    42  0   0.0%   0.226 AU:3    +
   51    66  0   0.0%   1.578 UG:3    +
   14    26  0   0.0%   0.079 GC:3    +
   23    48  0   0.0%   0.286 GC:3    +
   11    20  0   0.0%   0.132 UA:3    +
   22    49  0   0.0%   0.060 AU:3    +
   24    47  0   0.0%   0.427 AU:3    +
   48    55  0   0.0%   0.307 CG:3    +
   30    47  0   0.0%   0.267 GU:3    +
   31    46  0   0.0%   0.217 AU:3    +
   29    48  0   0.0%   0.371 GC:3    +
   11    29  0   0.0%   0.113 UG:3    +
   49    54  0   0.0%   0.899 UA:3    +
   59    66  0   0.0%   1.000 CG:3    +
   16    59  0   0.0%   0.809 GC:3    +
   30    48  0   0.0%   0.273 GC:3    +
    5    39  0   0.0%   0.394 UA:3    +
   52    68  0   0.0%   1.084 GC:3    +
   17    40  0   0.0%   0.409 CG:3    +
   16    41  0   0.0%   0.795 GC:3    +
   52    57  0   0.0%   0.937 GC:3    +
   53    67  0   0.0%   1.538 GU:3    +
   31    47  0   0.0%   0.224 AU:3    +
    8    61  0   0.0%   0.638 CG:3    +
   47    56  0   0.0%   0.329 UG:3    +
   29    50  0   0.0%   0.373 GC:3    +
   58    67  0   0.0%   0.551 AU:3    +
   21    25  0   0.0%   0.529 AU:3    +
    2    42  0   0.0%   0.015 AU:3    +
   41    52  0   0.0%   0.807 CG:3    +
    1    42  0   0.0%   0.008 AU:3    +
   12    16  0   0.0%   0.150 CG:3    +
   34    56  0   0.0%   0.587 UG:3    +
   55    59  0   0.0%   0.229 GC:3    +
   34    40  0   0.0%   0.438 UG:3    +
    5    65  0   0.0%   1.005 UA:3    +
    4    40  0   0.0%   0.402 UG:3    +
   51    58  0   0.0%   0.685 UA:3    +
   52    67  0   0.0%   1.524 GU:3    +
    6    11  0   0.0%   0.006 AU:3    +
   28    53  0   0.0%   1.645 CG:3    +
   16    48  0   0.0%   0.790 GC:3    +
   14    48  0   0.0%   0.428 GC:3    +
   13    49  0   0.0%   0.040 AU:3    +
   11    44  0   0.0%   0.480 UA:3    +
   29    49  0   0.0%   0.370 GU:3    +
   40    46  0   0.0%   0.184 GU:3    +
   19    56  0   0.0%   0.501 UG:3    +
   32    46  0   0.0%   0.432 GU:3    +
   14    19  0   0.0%   0.206 GU:3    +
    4    66  0   0.0%   1.030 UG:3    +
    1    67  0   0.0%   0.009 AU:3    +
   50    61  0   0.0%   0.812 CG:3    +
   45    49  0   0.0%   0.288 AU:3    +
   34    39  0   0.0%   0.412 UA:3    +
   60    66  0   0.0%   1.464 CG:3    +
    5    43  0   0.0%   0.359 UA:3    +
    3    16  0   0.0%   0.024 CG:3    +
    3    55  0   0.0%   0.121 CG:3    +
    7    35  0   0.0%   0.572 UA:3    +
   11    64  0   0.0%   0.837 UG:3    +
   16    25  0   0.0%   0.223 GU:3    +
   23    67  0   0.0%   0.734 GU:3    +
    5    10  0   0.0%   0.005 UA:3    +
    7    16  0   0.0%   0.009 UG:3    +
    6    42  0   0.0%   0.370 AU:3    +
    4    54  0   0.0%   0.368 UA:3    +
   32    47  0   0.0%   0.437 GU:3    +
   12    61  0   0.0%   0.514 CG:3    +
   26    52  0   0.0%   0.693 CG:3    +
   52    59  0   0.0%   0.872 GC:3    +
    4    44  0   0.0%   0.365 UA:3    +
   25    53  0   0.0%   0.757 UG:3    +
   57    64  0   0.0%   1.521 CG:3    +
   25    45  0   0.0%   0.420 UA:3    +
    5    53  0   0.0%   0.361 UG:3    +
    7    13  0   0.0%   0.025 UA:3    +
   22    46  0   0.0%   0.052 AU:3    +
   24    46  0   0.0%   0.419 AU:3    +
    7    14  0   0.0%   0.027 UG:3    +
    5    13  0   0.0%   0.025 UA:3    +
   34    54  0   0.0%   1.186 UA:3    +
   11    21  0   0.0%   0.137 UA:3    +
   14    68  0   0.0%   0.879 GC:3    +
   19    64  0   0.0%   1.246 UG:3    +
   44    51  0   0.0%   0.691 AU:3    +
   25    43  0   0.0%   0.419 UA:3    +
   21    47  0   0.0%   0.127 AU:3    +
   44    67  0   0.0%   0.464 AU:3    +
   29    41  0   0.0%   0.377 GC:3    +
    2     7  0   0.0%   0.003 AU:3    +
   62    66  0   0.0%   1.850 CG:3    +
    5    14  0   0.0%   0.026 UG:3    +
   39    47  0   0.0%   0.264 AU:3    +
   11    16  0   0.0%   0.148 UG:3    +
   27    57  0   0.0%   0.746 GC:3    +
    3    53  0   0.0%   0.119 CG:3    +
   64    68  0   0.0%   1.138 GC:3    +
   36    47  0   0.0%   0.456 AU:3    +
   61    67  0   0.0%   1.415 GU:3    +
   38    56  0   0.0%   0.212 CG:3    +
   46    52  0   0.0%   0.925 UG:3    +
    9    53  0   0.0%   0.843 CG:3    +
   28    56  0   0.0%   1.012 CG:3    +
   26    56  0   0.0%   0.774 CG:3    +
    5    66  0   0.0%   1.008 UG:3    +
    4    35  0   0.0%   0.159 UA:3    +
    9    61  0   0.0%   0.528 CG:3    +
    4    10  0   0.0%   0.002 UA:3    +
   23    47  0   0.0%   0.276 GU:3    +
    5    54  0   0.0%   0.361 UA:3    +
    2    25  0   0.0%   0.004 AU:3    +
    8    40  0   0.0%   0.341 CG:3    +
   23    50  0   0.0%   0.283 GC:3    +
   19    52  0   0.0%   0.790 UG:3    +
   13    25  0   0.0%   0.100 AU:3    +
    4    33  0   0.0%   0.158 UA:3    +
   20    51  0   0.0%   0.364 AU:3    +
   49    66  0   0.0%   1.186 UG:3    +
   19    66  0   0.0%   1.052 UG:3    +
   22    51  0   0.0%   0.295 AU:3    +
   24    49  0   0.0%   0.425 AU:3    +
   33    67  0   0.0%   1.036 AU:3    +
   18    67  0   0.0%   0.837 AU:3    +
   32    68  0   0.0%   0.645 GC:3    +
   29    38  0   0.0%   0.357 GC:3    +
   30    49  0   0.0%   0.267 GU:3    +
    5    56  0   0.0%   0.365 UG:3    +
    5    32  0   0.0%   0.150 UG:3    +
    4    52  0   0.0%   0.365 UG:3    +
   45    51  0   0.0%   0.752 AU:3    +
   12    27  0   0.0%   0.099 CG:3    +
    1     5  0   0.0%   0.002 AU:3    +
    5    33  0   0.0%   0.151 UA:3    +
   22    67  0   0.0%   0.443 AU:3    +
   26    66  0   0.0%   1.333 CG:3    +
   34    66  0   0.0%   1.104 UG:3    +
    4    64  0   0.0%   0.376 UG:3    +
    4    14  0   0.0%   0.042 UG:3    +
   13    67  0   0.0%   0.396 AU:3    +
   21    37  0   0.0%   0.148 AU:3    +
    7    58  0   0.0%   0.692 UA:3    +
   18    37  0   0.0%   0.470 AU:3    +
   11    43  0   0.0%   0.476 UA:3    +
   14    25  0   0.0%   0.142 GU:3    +
   60    64  0   0.0%   1.667 CG:3    +
   40    47  0   0.0%   0.275 GU:3    +
    5    36  0   0.0%   0.521 UA:3    +
   18    46  0   0.0%   0.448 AU:3    +
   23    28  0   0.0%   0.904 GC:3    +
   56    63  0   0.0%   0.989 GC:3    +
   25    31  0   0.0%   0.592 UA:3    +
   26    30  0   0.0%   0.584 CG:3    +
   19    45  0   0.0%   0.457 UA:3    +
    1    25  0   0.0%   0.003 AU:3    +
   19    54  0   0.0%   0.770 UA:3    +
    7    20  0   0.0%   0.232 UA:3    +
    1    37  0   0.0%   0.003 AU:3    +
    3    32  0   0.0%   0.080 CG:3    +
    5    23  0   0.0%   0.205 UG:3    +
    9    40  0   0.0%   0.233 CG:3    +
    3    61  0   0.0%   0.123 CG:3    +
   19    36  0   0.0%   0.641 UA:3    +
    4    24  0   0.0%   0.156 UA:3    +
    2    11  0   0.0%   0.002 AU:3    +
   40    49  0   0.0%   0.246 GU:3    +
    1     7  0   0.0%   0.002 AU:3    +
   11    22  0   0.0%   0.063 UA:3    +
   16    68  0   0.0%   1.275 GC:3    +
   17    53  0   0.0%   0.694 CG:3    +
   11    45  0   0.0%   0.477 UA:3    +
    3    27  0   0.0%   0.079 CG:3    +
   27    51  0   0.0%   0.907 GU:3    +
   19    39  0   0.0%   0.492 UA:3    +
    4    20  0   0.0%   0.022 UA:3    +
   19    65  0   0.0%   1.195 UA:3    +
   23    38  0   0.0%   0.273 GC:3    +
    4    23  0   0.0%   0.212 UG:3    +
    4    31  0   0.0%   0.157 UA:3    +
    8    52  0   0.0%   0.303 CG:3    +
    4    56  0   0.0%   0.373 UG:3    +
    5    55  0   0.0%   0.364 UG:3    +
    7    64  0   0.0%   1.010 UG:3    +
    3    52  0   0.0%   0.117 CG:3    +
   24    37  0   0.0%   0.439 AU:3    +
    5    22  0   0.0%   0.193 UA:3    +
    4    27  0   0.0%   0.157 UG:3    +
   22    42  0   0.0%   0.061 AU:3    +
   38    55  0   0.0%   0.229 CG:3    +
   30    37  0   0.0%   0.262 GU:3    +
   30    41  0   0.0%   0.273 GC:3    +
   43    67  0   0.0%   0.590 AU:3    +
   46    53  0   0.0%   0.915 UG:3    +
   33    42  0   0.0%   0.419 AU:3    +
   11    27  0   0.0%   0.109 UG:3    +
   23    41  0   0.0%   0.283 GC:3    +
   29    63  0   0.0%   0.746 GC:3    +
   17    52  0   0.0%   0.689 CG:3    +
    7    22  0   0.0%   0.168 UA:3    +
   30    62  0   0.0%   0.934 GC:3    +
   18    51  0   0.0%   0.688 AU:3    +
    5    30  0   0.0%   0.148 UG:3    +
   48    56  0   0.0%   0.277 CG:3    +
   23    60  0   0.0%   0.706 GC:3    +
   29    42  0   0.0%   0.370 GU:3    +
   47    52  0   0.0%   1.031 UG:3    +
   40    68  0   0.0%   0.252 GC:3    +
   28    64  0   0.0%   1.794 CG:3    +
   42    54  0   0.0%   0.815 UA:3    +
   37    56  0   0.0%   0.293 UG:3    +
   49    55  0   0.0%   0.287 UG:3    +
   53    57  0   0.0%   0.945 GC:3    +
   16    38  0   0.0%   0.780 GC:3    +
   36    67  0   0.0%   0.663 AU:3    +
    7    39  0   0.0%   0.420 UA:3    +
    5    40  0   0.0%   0.394 UG:3    +
   25    36  0   0.0%   0.601 UA:3    +
   35    67  0   0.0%   0.742 AU:3    +
    5    18  0   0.0%   0.005 UA:3    +
    7    21  0   0.0%   0.241 UA:3    +
   19    53  0   0.0%   0.793 UG:3    +
   15    53  0   0.0%   1.008 CG:3    +
   40    51  0   0.0%   0.820 GU:3    +
   47    64  0   0.0%   1.062 UG:3    +
   10    46  0   0.0%   0.221 AU:3    +
   56    68  0   0.0%   0.505 GC:3    +
   20    37  0   0.0%   0.145 AU:3    +
    7    27  0   0.0%   0.145 UG:3    +
    7    53  0   0.0%   0.386 UG:3    +
   46    65  0   0.0%   0.890 UA:3    +
   15    55  0   0.0%   0.683 CG:3    +
   19    61  0   0.0%   0.942 UG:3    +
   18    47  0   0.0%   0.447 AU:3    +
   25    58  0   0.0%   0.835 UA:3    +
    8    29  0   0.0%   0.083 CG:3    +
   41    55  0   0.0%   0.124 CG:3    +
    4    58  0   0.0%   0.369 UA:3    +
   23    63  0   0.0%   0.409 GC:3    +
   25    64  0   0.0%   1.559 UG:3    +
    2    46  0   0.0%   0.009 AU:3    +
    7    61  0   0.0%   0.691 UG:3    +
   13    47  0   0.0%   0.035 AU:3    +
   20    42  0   0.0%   0.134 AU:3    +
   14    60  0   0.0%   0.439 GC:3    +
   21    67  0   0.0%   0.513 AU:3    +
   48    61  0   0.0%   0.715 CG:3    +
   50    55  0   0.0%   0.398 CG:3    +
   19    43  0   0.0%   0.457 UA:3    +
   11    58  0   0.0%   0.487 UA:3    +
   20    47  0   0.0%   0.122 AU:3    +
   22    34  0   0.0%   0.409 AU:3    +
    5    16  0   0.0%   0.006 UG:3    +
   19    27  0   0.0%   1.109 UG:3    +
   21    46  0   0.0%   0.125 AU:3    +
   19    35  0   0.0%   0.659 UA:3    +
   13    46  0   0.0%   0.035 AU:3    +
   14    46  0   0.0%   0.423 GU:3    +
    7    40  0   0.0%   0.422 UG:3    +
   37    66  0   0.0%   0.823 UG:3    +
   25    52  0   0.0%   0.750 UG:3    +
    5    27  0   0.0%   0.148 UG:3    +
   32    60  0   0.0%   1.026 GC:3    +
   10    37  0   0.0%   0.243 AU:3    +
   12    55  0   0.0%   0.517 CG:3    +
   42    58  0   0.0%   0.177 UA:3    +
    1    47  0   0.0%   0.005 AU:3    +
   28    66  0   0.0%   1.575 CG:3    +
   27    67  0   0.0%   1.132 GU:3    +
    5    52  0   0.0%   0.358 UG:3    +
    4    43  0   0.0%   0.362 UA:3    +
   47    66  0   0.0%   0.941 UG:3    +
   38    66  0   0.0%   0.742 CG:3    +
    5    24  0   0.0%   0.148 UA:3    +
    2    34  0   0.0%   0.002 AU:3    +
   20    34  0   0.0%   0.482 AU:3    +
   50    56  0   0.0%   0.370 CG:3    +
   49    56  0   0.0%   0.259 UG:3    +
   34    58  0   0.0%   0.558 UA:3    +
   24    42  0   0.0%   0.427 AU:3    +
   25    44  0   0.0%   0.418 UA:3    +
    4    53  0   0.0%   0.365 UG:3    +
   46    56  0   0.0%   0.206 UG:3    +
   15    30  0   0.0%   0.899 CG:3    +
   11    23  0   0.0%   0.103 UG:3    +
   37    58  0   0.0%   0.266 UA:3    +
   16    50  0   0.0%   0.789 GC:3    +
   11    56  0   0.0%   0.496 UG:3    +
    5    58  0   0.0%   0.360 UA:3    +
    4    18  0   0.0%   0.021 UA:3    +
   38    61  0   0.0%   0.649 CG:3    +
   39    67  0   0.0%   0.602 AU:3    +
   49    64  0   0.0%   1.047 UG:3    +
   51    55  0   0.0%   0.748 UG:3    +
   46    58  0   0.0%   0.167 UA:3    +
   11    32  0   0.0%   0.515 UG:3    +
    2    19  0   0.0%   0.002 AU:3    +
    6    51  0   0.0%   0.364 AU:3    +
   49    53  0   0.0%   1.010 UG:3    +
   22    37  0   0.0%   0.071 AU:3    +
   61    68  0   0.0%   0.963 GC:3    +
   14    47  0   0.0%   0.423 GU:3    +
   41    64  0   0.0%   0.879 CG:3    +
   30    51  0   0.0%   0.910 GU:3    +
   37    52  0   0.0%   0.802 UG:3    +
    1    11  0   0.0%   0.001 AU:3    +
   14    42  0   0.0%   0.435 GU:3    +
    4    16  0   0.0%   0.023 UG:3    +
   42    53  0   0.0%   0.932 UG:3    +
   23    34  0   0.0%   0.633 GU:3    +
    7    23  0   0.0%   0.179 UG:3    +
    8    55  0   0.0%   0.630 CG:3    +
   40    63  0   0.0%   0.308 GC:3    +
   27    50  0   0.0%   0.669 GC:3    +
   22    47  0   0.0%   0.050 AU:3    +
   12    56  0   0.0%   0.517 CG:3    +
    4    45  0   0.0%   0.363 UA:3    +
   17    29  0   0.0%   0.708 CG:3    +
    4    32  0   0.0%   0.157 UG:3    +
   36    51  0   0.0%   0.744 AU:3    +
   36    49  0   0.0%   0.420 AU:3    +
   35    51  0   0.0%   0.823 AU:3    +
   23    46  0   0.0%   0.274 GU:3    +
   21    51  0   0.0%   0.366 AU:3    +
   27    59  0   0.0%   0.676 GC:3    +
   20    67  0   0.0%   0.510 AU:3    +
   10    47  0   0.0%   0.221 AU:3    +
    5    44  0   0.0%   0.358 UA:3    +
   47    55  0   0.0%   0.350 UG:3    +
   11    36  0   0.0%   0.659 UA:3    +
    9    56  0   0.0%   0.533 CG:3    +
   27    60  0   0.0%   1.031 GC:3    +
   15    52  0   0.0%   1.003 CG:3    +
   21    34  0   0.0%   0.484 AU:3    +
   14    51  0   0.0%   0.669 GU:3    +
   26    61  0   0.0%   1.171 CG:3    +
   40    60  0   0.0%   0.615 GC:3    +
   21    49  0   0.0%   0.126 AU:3    +
   11    61  0   0.0%   0.490 UG:3    +
   27    34  0   0.0%   1.026 GU:3    +
    1    19  0   0.0%   0.001 AU:3    +
   23    42  0   0.0%   0.285 GU:3    +
   14    49  0   0.0%   0.426 GU:3    +
   16    46  0   0.0%   0.783 GU:3    +
    1    34  0   0.0%   0.002 AU:3    +
   28    55  0   0.0%   1.021 CG:3    +
    7    32  0   0.0%   0.159 UG:3    +
   11    35  0   0.0%   0.678 UA:3    +
    7    56  0   0.0%   0.695 UG:3    +
   35    49  0   0.0%   0.498 AU:3    +
   20    46  0   0.0%   0.122 AU:3    +
   55    67  0   0.0%   1.025 GU:3    +
   10    49  0   0.0%   0.220 AU:3    +
    4    61  0   0.0%   0.370 UG:3    +
   29    62  0   0.0%   1.129 GC:3    +
   27    68  0   0.0%   0.743 GC:3    +
   29    34  0   0.0%   0.725 GU:3    +
   18    49  0   0.0%   0.449 AU:3    +
   32    37  0   0.0%   0.451 GU:3    +
   32    42  0   0.0%   0.438 GU:3    +
   37    55  0   0.0%   0.311 UG:3    +
    7    30  0   0.0%   0.145 UG:3    +
   49    61  0   0.0%   0.697 UG:3    +
    7    45  0   0.0%   0.383 UA:3    +
   20    49  0   0.0%   0.123 AU:3    +
    5    61  0   0.0%   0.360 UG:3    +
   46    64  0   0.0%   0.943 UG:3    +
    6    46  0   0.0%   0.364 AU:3    +
   21    42  0   0.0%   0.136 AU:3    +
   16    49  0   0.0%   0.786 GU:3    +
   42    64  0   0.0%   0.953 UG:3    +
   47    58  0   0.0%   0.286 UA:3    +
   30    42  0   0.0%   0.266 GU:3    +
   51    56  0   0.0%   0.720 UG:3    +
    2    47  0   0.0%   0.009 AU:3    +
   30    60  0   0.0%   0.871 GC:3    +
   32    59  0   0.0%   0.671 GC:3    +
   34    52  0   0.0%   1.167 UG:3    +
   46    61  0   0.0%   0.647 UG:3    +
    3    30  0   0.0%   0.078 CG:3    +
    4    29  0   0.0%   0.156 UG:3    +
   26    40  0   0.0%   0.407 CG:3    +
   34    53  0   0.0%   1.202 UG:3    +
   49    58  0   0.0%   0.218 UA:3    +
   11    52  0   0.0%   0.800 UG:3    +
   23    62  0   0.0%   0.782 GC:3    +
   30    34  0   0.0%   0.607 GU:3    +
    3    29  0   0.0%   0.078 CG:3    +
    5    31  0   0.0%   0.148 UA:3    +
   16    51  0   0.0%   1.025 GU:3    +
   40    59  0   0.0%   0.259 GC:3    +
    7    55  0   0.0%   0.695 UG:3    +
..........((.(((........((.((((((.............)))))))).....))).))...
