3 sequence; length of alignment 34
alifold output
    5    14  0  96.1%   0.116 CG:3   
    6    13  0  96.1%   0.117 CG:3   
    4    15  0  96.0%   0.119 GU:3   
    3    16  0  95.5%   0.135 AU:3   
    2    17  0  94.9%   0.160 CG:3   
    7    12  0  78.0%   0.589 AU:3   
   27    32  0  12.2%   1.153 CG:3    +
   26    33  0  10.6%   0.997 AU:3    +
   20    25  0   4.7%   0.616 GC:3    +
   10    23  0   3.7%   0.368 UG:3    +
    9    24  0   3.7%   0.364 AU:3    +
   11    22  0   3.7%   0.370 UA:3    +
   12    21  0   3.6%   0.562 UA:3    +
    8    25  0   3.6%   0.360 GC:3    +
   19    26  0   3.5%   0.446 UA:3    +
    4    30  0   2.8%   0.385 GU:3    +
    3    31  0   2.8%   0.394 AU:3    +
    2    32  0   2.8%   0.399 CG:3    +
    5    29  0   2.7%   0.371 CG:3    +
   20    31  0   1.9%   0.544 GU:3    +
   21    30  0   1.8%   0.462 AU:3    +
   25    32  0   1.7%   0.683 CG:3    +
   19    32  0   1.7%   0.512 UG:3    +
   18    33  0   1.6%   0.256 AU:3    +
   23    27  0   1.4%   0.416 GC:3    +
   22    28  0   1.4%   0.387 AU:3    +
   26    31  0   1.3%   0.524 AU:3    +
    3    28  0   0.8%   0.170 AU:3    +
    4    27  0   0.8%   0.161 GC:3    +
    2    29  0   0.8%   0.176 CG:3    +
   14    19  0   0.8%   0.160 GU:3    +
   18    24  0   0.6%   0.219 AU:3    +
   19    23  0   0.5%   0.254 UG:3    +
   17    25  0   0.5%   0.264 GC:3    +
   20    27  0   0.5%   0.311 GC:3    +
    1    20  0   0.5%   0.089 CG:3    +
   22    30  0   0.4%   0.442 AU:3    +
   21    31  0   0.4%   0.450 AU:3    +
   16    26  0   0.3%   0.101 UA:3    +
    7    28  0   0.3%   0.285 AU:3    +
   23    33  0   0.2%   0.347 GU:3    +
   19    29  0   0.2%   0.374 UG:3    +
   18    30  0   0.2%   0.178 AU:3    +
   22    31  0   0.2%   0.447 AU:3    +
    8    27  0   0.2%   0.191 GC:3    +
    6    29  0   0.2%   0.206 CG:3    +
   23    30  0   0.1%   0.459 GU:3    +
   18    28  0   0.1%   0.118 AU:3    +
   22    34  0   0.1%   0.266 AU:3    +
   20    28  0   0.1%   0.294 GU:3    +
    1    17  0   0.1%   0.025 CG:3    +
   21    28  0   0.1%   0.219 AU:3    +
   23    28  0   0.1%   0.375 GU:3    +
   22    33  0   0.1%   0.307 AU:3    +
   25    29  0   0.1%   0.473 CG:3    +
   21    34  0   0.1%   0.251 AU:3    +
   18    31  0   0.1%   0.170 AU:3    +
   23    34  0   0.1%   0.280 GU:3    +
   21    33  0   0.0%   0.303 AU:3    +
    2    20  0   0.0%   0.090 CG:3    +
    7    11  0   0.0%   0.012 AU:3    +
   13    25  0   0.0%   0.172 GC:3    +
   20    34  0   0.0%   0.304 GU:3    +
   12    26  0   0.0%   0.330 UA:3    +
   14    27  0   0.0%   0.141 GC:3    +
    2    13  0   0.0%   0.009 CG:3    +
   13    28  0   0.0%   0.111 GU:3    +
    3    12  0   0.0%   0.009 AU:3    +
    1    14  0   0.0%   0.009 CG:3    +
    3    19  0   0.0%   0.056 AU:3    +
   17    34  0   0.0%   0.097 GU:3    +
   14    24  0   0.0%   0.209 GU:3    +
   23    31  0   0.0%   0.453 GU:3    +
    1    23  0   0.0%   0.044 CG:3    +
   16    22  0   0.0%   0.176 UA:3    +
   29    34  0   0.0%   0.203 GU:3    +
   15    23  0   0.0%   0.172 UG:3    +
    4    11  0   0.0%   0.006 GU:3    +
   24    29  0   0.0%   0.324 UG:3    +
   18    34  0   0.0%   0.133 AU:3    +
   20    30  0   0.0%   0.330 GU:3    +
   15    26  0   0.0%   0.052 UA:3    +
   13    19  0   0.0%   0.049 GU:3    +
   26    34  0   0.0%   0.464 AU:3    +
   16    21  0   0.0%   0.170 UA:3    +
   15    22  0   0.0%   0.165 UA:3    +
    8    12  0   0.0%   0.201 GU:3    +
    1    32  0   0.0%   0.043 CG:3    +
   17    31  0   0.0%   0.192 GU:3    +
   12    20  0   0.0%   0.232 UG:3    +
   17    27  0   0.0%   0.142 GC:3    +
   20    33  0   0.0%   0.357 GU:3    +
   28    32  0   0.0%   0.650 UG:3    +
   11    21  0   0.0%   0.008 UA:3    +
    4    33  0   0.0%   0.185 GU:3    +
    5    32  0   0.0%   0.239 CG:3    +
   24    32  0   0.0%   0.334 UG:3    +
   26    30  0   0.0%   0.361 AU:3    +
    1    29  0   0.0%   0.041 CG:3    +
   12    29  0   0.0%   0.474 UG:3    +
   20    24  0   0.0%   0.189 GU:3    +
   10    22  0   0.0%   0.002 UA:3    +
   29    33  0   0.0%   0.496 GU:3    +
    3    34  0   0.0%   0.193 AU:3    +
    7    31  0   0.0%   0.316 AU:3    +
    6    32  0   0.0%   0.152 CG:3    +
   15    20  0   0.0%   0.071 UG:3    +
    8    30  0   0.0%   0.233 GU:3    +
   13    24  0   0.0%   0.165 GU:3    +
    9    30  0   0.0%   0.224 AU:3    +
    9    33  0   0.0%   0.124 AU:3    +
   10    32  0   0.0%   0.226 UG:3    +
   10    29  0   0.0%   0.271 UG:3    +
    8    34  0   0.0%   0.133 GU:3    +
    8    31  0   0.0%   0.233 GU:3    +
   17    28  0   0.0%   0.146 GU:3    +
   12    22  0   0.0%   0.442 UA:3    +
   16    32  0   0.0%   0.168 UG:3    +
   11    23  0   0.0%   0.252 UG:3    +
   16    20  0   0.0%   0.076 UG:3    +
   15    21  0   0.0%   0.162 UA:3    +
    6    17  0   0.0%   0.096 CG:3    +
    7    16  0   0.0%   0.242 AU:3    +
   10    26  0   0.0%   0.122 UA:3    +
   11    17  0   0.0%   0.063 UG:3    +
   10    18  0   0.0%   0.000 UA:3    +
   11    20  0   0.0%   0.036 UG:3    +
    9    19  0   0.0%   0.003 AU:3    +
    3    15  0   0.0%   0.003 AU:3    +
    8    15  0   0.0%   0.041 GU:3    +
   12    18  0   0.0%   0.199 UA:3    +
    3    30  0   0.0%   0.090 AU:3    +
    4    16  0   0.0%   0.085 GU:3    +
   10    21  0   0.0%   0.000 UA:3    +
   11    26  0   0.0%   0.128 UA:3    +
   12    23  0   0.0%   0.445 UG:3    +
    2    23  0   0.0%   0.059 CG:3    +
   14    28  0   0.0%   0.144 GU:3    +
    4    31  0   0.0%   0.284 GU:3    +
    7    30  0   0.0%   0.315 AU:3    +
    8    33  0   0.0%   0.132 GU:3    +
   16    29  0   0.0%   0.213 UG:3    +
   16    23  0   0.0%   0.175 UG:3    +
    7    34  0   0.0%   0.215 AU:3    +
   17    24  0   0.0%   0.182 GU:3    +
    9    31  0   0.0%   0.224 AU:3    +
   12    17  0   0.0%   0.256 UG:3    +
    7    24  0   0.0%   0.198 AU:3    +
   11    18  0   0.0%   0.006 UA:3    +
    7    33  0   0.0%   0.215 AU:3    +
   13    27  0   0.0%   0.096 GC:3    +
    2     8  0   0.0%   0.000 CG:3    +
    5    23  0   0.0%   0.040 CG:3    +
   17    30  0   0.0%   0.189 GU:3    +
   17    33  0   0.0%   0.089 GU:3    +
    9    28  0   0.0%   0.177 AU:3    +
    6    20  0   0.0%   0.068 CG:3    +
    7    19  0   0.0%   0.201 AU:3    +
    9    15  0   0.0%   0.039 AU:3    +
   14    25  0   0.0%   0.205 GC:3    +
    4    24  0   0.0%   0.041 GU:3    +
   10    14  0   0.0%   0.041 UG:3    +
    3    33  0   0.0%   0.191 AU:3    +
.((((((....)))))).................
