3 sequence; length of alignment 71
alifold output
   14    45  0 100.0%   0.000 GC:3   
   13    46  0 100.0%   0.000 GC:3   
   11    48  0 100.0%   0.000 CG:3   
   27    35  0 100.0%   0.000 CG:3   
   15    44  0 100.0%   0.000 CG:3   
   25    37  0 100.0%   0.001 GC:3   
   10    49  0 100.0%   0.000 CG:3   
   26    36  0 100.0%   0.001 AU:3   
   24    38  0 100.0%   0.002 GC:3   
   12    47  0 100.0%   0.002 AU:3   
   28    34  0  99.9%   0.002 CG:3   
   16    43  0  99.8%   0.005 CG:3   
   60    68  0  99.7%   0.014 GC:3   
   59    69  0  99.5%   0.019 GC:3   
   61    67  0  99.3%   0.042 CG:3   
   22    39  0  98.8%   0.037 GC:3   
    9    50  0  97.2%   0.082 UA:3   
   21    40  0  96.8%   0.189 UG:3   
   20    41  0  94.6%   0.178 AU:3   
    3    56  0  87.5%   0.358 UG:3   
    2    57  0  87.2%   0.440 GC:3   
    1    58  0  81.1%   0.584 GC:3   
    4    55  0  79.5%   0.811 AU:3   
    7    52  0  67.0%   1.181 CG:3   
    5    53  0  19.6%   0.965 UA:3    +
    6    52  0  19.3%   1.010 CG:3    +
   58    70  0  18.8%   1.114 CG:3    +
   57    71  0  12.1%   0.898 CG:3    +
    4    54  0  11.6%   0.755 AU:3    +
   19    40  0   2.0%   0.251 CG:3    +
    1     7  0   1.3%   0.170 GC:3    +
    2     6  0   1.2%   0.166 GC:3    +
   17    41  0   0.4%   0.060 AU:3    +
   61    66  0   0.3%   0.059 CG:3    +
   18    40  0   0.2%   0.045 UG:3    +
    1    57  0   0.2%   0.094 GC:3    +
    2    55  0   0.1%   0.095 GU:3    +
   22    42  0   0.1%   0.037 GC:3    +
   23    41  0   0.1%   0.096 AU:3    +
    8    55  0   0.1%   0.217 AU:3    +
    7    56  0   0.1%   0.463 CG:3    +
    2    54  0   0.1%   0.076 GU:3    +
    3    53  0   0.1%   0.019 UA:3    +
    1    55  0   0.1%   0.075 GU:3    +
   64    70  0   0.1%   0.332 CG:3    +
   63    71  0   0.1%   0.273 CG:3    +
   59    68  0   0.1%   0.013 GC:3    +
   51    56  0   0.0%   0.133 CG:3    +
    1     6  0   0.0%   0.006 GC:3    +
   19    43  0   0.0%   0.087 CG:3    +
    5    52  0   0.0%   0.004 UG:3    +
    2    51  0   0.0%   0.060 GC:3    +
   24    39  0   0.0%   0.016 GC:3    +
    2     7  0   0.0%   0.114 GC:3    +
   18    43  0   0.0%   0.020 UG:3    +
   58    66  0   0.0%   0.173 CG:3    +
   57    67  0   0.0%   0.132 CG:3    +
   56    68  0   0.0%   0.130 GC:3    +
    8    54  0   0.0%   0.259 AU:3    +
    1    51  0   0.0%   0.060 GC:3    +
   25    38  0   0.0%   0.003 GC:3    +
    6    56  0   0.0%   0.493 CG:3    +
    3    50  0   0.0%   0.002 UA:3    +
    5    56  0   0.0%   0.439 UG:3    +
    9    53  0   0.0%   0.354 UA:3    +
   59    64  0   0.0%   0.001 GC:3    +
   52    69  0   0.0%   0.588 GC:3    +
   51    70  0   0.0%   0.005 CG:3    +
   21    43  0   0.0%   0.037 UG:3    +
   29    34  0   0.0%   0.001 UG:3    +
   61    70  0   0.0%   0.342 CG:3    +
   58    71  0   0.0%   0.742 CG:3    +
   16    44  0   0.0%   0.002 CG:3    +
   24    37  0   0.0%   0.001 GC:3    +
   63    70  0   0.0%   0.316 CG:3    +
   60    69  0   0.0%   0.009 GC:3    +
    3     8  0   0.0%   0.001 UA:3    +
   28    35  0   0.0%   0.001 CG:3    +
    2     9  0   0.0%   0.056 GU:3    +
    2    58  0   0.0%   0.362 GC:3    +
   10    52  0   0.0%   0.588 CG:3    +
   22    41  0   0.0%   0.085 GU:3    +
   63    67  0   0.0%   0.009 CG:3    +
   57    70  0   0.0%   0.131 CG:3    +
   52    57  0   0.0%   0.717 GC:3    +
   22    38  0   0.0%   0.000 GC:3    +
    1    54  0   0.0%   0.059 GU:3    +
   25    36  0   0.0%   0.000 GU:3    +
    5    50  0   0.0%   0.001 UA:3    +
   60    64  0   0.0%   0.001 GC:3    +
    6    49  0   0.0%   0.057 CG:3    +
   52    58  0   0.0%   0.758 GC:3    +
   45    67  0   0.0%   0.000 CG:3    +
   44    68  0   0.0%   0.001 GC:3    +
   46    66  0   0.0%   0.000 CG:3    +
   43    69  0   0.0%   0.005 GC:3    +
   47    65  0   0.0%   0.001 UA:3    +
   48    64  0   0.0%   0.000 GC:3    +
   49    63  0   0.0%   0.000 GC:3    +
   42    70  0   0.0%   0.008 CG:3    +
    9    52  0   0.0%   0.615 UG:3    +
   51    59  0   0.0%   0.004 CG:3    +
   18    44  0   0.0%   0.016 UG:3    +
    7    48  0   0.0%   0.057 CG:3    +
   64    71  0   0.0%   0.268 CG:3    +
   30    34  0   0.0%   0.001 CG:3    +
   55    70  0   0.0%   0.204 UG:3    +
   50    55  0   0.0%   0.231 AU:3    +
    6    71  0   0.0%   0.375 CG:3    +
    3    52  0   0.0%   0.001 UG:3    +
    7    70  0   0.0%   0.332 CG:3    +
   54    70  0   0.0%   0.257 UG:3    +
    7    13  0   0.0%   0.057 CG:3    +
    6    14  0   0.0%   0.057 CG:3    +
   27    34  0   0.0%   0.000 CG:3    +
   56    69  0   0.0%   0.128 GC:3    +
    8    47  0   0.0%   0.000 AU:3    +
    2    15  0   0.0%   0.056 GC:3    +
    1    16  0   0.0%   0.058 GC:3    +
    1     5  0   0.0%   0.000 GU:3    +
    1    64  0   0.0%   0.244 GC:3    +
    2    63  0   0.0%   0.192 GC:3    +
    1    69  0   0.0%   0.244 GC:3    +
    3    62  0   0.0%   0.124 UA:3    +
   22    30  0   0.0%   0.000 GC:3    +
   23    29  0   0.0%   0.000 AU:3    +
    2    18  0   0.0%   0.056 GU:3    +
    1    19  0   0.0%   0.058 GC:3    +
    3    17  0   0.0%   0.000 UA:3    +
   24    28  0   0.0%   0.000 GC:3    +
   21    31  0   0.0%   0.000 UG:3    +
   19    34  0   0.0%   0.000 CG:3    +
    1    10  0   0.0%   0.058 GC:3    +
   18    35  0   0.0%   0.000 UG:3    +
   17    36  0   0.0%   0.000 AU:3    +
    2    68  0   0.0%   0.192 GC:3    +
    3    14  0   0.0%   0.000 UG:3    +
   54    71  0   0.0%   0.257 UG:3    +
   61    71  0   0.0%   0.283 CG:3    +
   59    63  0   0.0%   0.000 GC:3    +
    9    49  0   0.0%   0.000 UG:3    +
   17    21  0   0.0%   0.000 AU:3    +
    3    67  0   0.0%   0.124 UG:3    +
   55    71  0   0.0%   0.203 UG:3    +
   25    39  0   0.0%   0.014 GC:3    +
   10    48  0   0.0%   0.000 CG:3    +
   15    43  0   0.0%   0.000 CG:3    +
((((..(.((((((((...(((.(((((.....)))))))).)))))))).)..))))(((.....)))..
