3 sequence; length of alignment 34
alifold output
    2    11  0  36.2%   1.133 GC:3   
    3    10  0  35.6%   1.104 AU:3   
    4     9  0  31.7%   1.095 UA:3   
    1    12  0  27.3%   1.064 AU:3   
    8    14  0  21.0%   1.055 GC:3    +
    7    15  0  20.0%   1.002 CG:3    +
   11    19  0  17.3%   1.319 CG:3    +
    8    22  0  17.2%   1.352 GC:3    +
   12    18  0  17.0%   1.307 UA:3    +
    9    21  0  16.8%   1.800 AU:3    +
    9    13  0  15.9%   1.316 AU:3    +
   14    32  0  12.6%   1.290 CG:3    +
   15    31  0  12.1%   1.215 GC:3    +
   13    17  0  11.8%   1.131 UA:3    +
   13    33  0  11.0%   1.406 UA:3    +
    2    20  0   6.4%   1.007 GC:3    +
   19    24  0   5.3%   0.886 GC:3    +
   18    25  0   5.1%   0.850 AU:3    +
    1    21  0   4.8%   0.799 AU:3    +
    2    22  0   2.8%   0.955 GC:3    +
    3    21  0   2.7%   0.876 AU:3    +
   18    28  0   1.8%   0.749 AU:3    +
   22    32  0   1.8%   0.990 CG:3    +
    2    14  0   1.7%   0.607 GC:3    +
    3    13  0   1.6%   0.581 AU:3    +
   21    33  0   1.6%   1.037 UA:3    +
    7    32  0   1.0%   0.491 CG:3    +
    8    31  0   0.9%   0.787 GC:3    +
    4    18  0   0.9%   0.497 UA:3    +
   11    32  0   0.8%   0.836 CG:3    +
   10    33  0   0.8%   0.498 UA:3    +
    5    25  0   0.7%   0.121 AU:3    +
    4    26  0   0.7%   0.529 UA:3    +
    9    34  0   0.6%   1.057 AU:3    +
   15    24  0   0.5%   0.463 GC:3    +
   14    19  0   0.5%   0.822 CG:3    +
    2     7  0   0.5%   0.081 GC:3    +
   15    20  0   0.3%   0.566 GC:3    +
   24    32  0   0.3%   0.679 CG:3    +
    4    19  0   0.2%   0.457 UG:3    +
    6    19  0   0.2%   0.069 CG:3    +
   19    30  0   0.2%   0.595 GC:3    +
   15    22  0   0.2%   0.789 GC:3    +
    2    24  0   0.2%   0.790 GC:3    +
    1    25  0   0.2%   0.537 AU:3    +
    3    28  0   0.2%   0.574 AU:3    +
   19    28  0   0.2%   0.670 GU:3    +
   13    26  0   0.2%   0.689 UA:3    +
    6    15  0   0.2%   0.033 CG:3    +
   17    28  0   0.1%   0.314 AU:3    +
   12    27  0   0.1%   0.707 UA:3    +
    2    16  0   0.1%   0.498 GC:3    +
    4    27  0   0.1%   0.491 UA:3    +
    7    19  0   0.1%   0.402 CG:3    +
    8    16  0   0.1%   0.366 GC:3    +
   28    33  0   0.1%   0.492 UA:3    +
   15    30  0   0.1%   0.422 GC:3    +
   27    34  0   0.1%   0.083 AU:3    +
   20    32  0   0.1%   0.570 CG:3    +
   21    26  0   0.1%   0.609 UA:3    +
   16    32  0   0.1%   0.380 CG:3    +
    4    17  0   0.1%   0.382 UA:3    +
   10    29  0   0.1%   0.395 UA:3    +
    2    30  0   0.1%   0.786 GC:3    +
    8    20  0   0.1%   0.529 GC:3    +
    2    28  0   0.1%   0.783 GU:3    +
   13    18  0   0.1%   0.975 UA:3    +
    3    12  0   0.1%   0.734 AU:3    +
    1    13  0   0.0%   0.367 AU:3    +
   25    32  0   0.0%   0.664 UG:3    +
   19    25  0   0.0%   0.741 GU:3    +
   21    27  0   0.0%   0.584 UA:3    +
    2    13  0   0.0%   0.411 GU:3    +
    2    31  0   0.0%   0.786 GC:3    +
   19    31  0   0.0%   0.869 GC:3    +
   10    19  0   0.0%   0.419 UG:3    +
    2     6  0   0.0%   0.009 GC:3    +
   12    19  0   0.0%   1.015 UG:3    +
    4    29  0   0.0%   0.480 UA:3    +
    5    28  0   0.0%   0.064 AU:3    +
    8    24  0   0.0%   0.666 GC:3    +
    4     8  0   0.0%   0.008 UG:3    +
    1    28  0   0.0%   0.523 AU:3    +
   17    25  0   0.0%   0.314 AU:3    +
   15    28  0   0.0%   0.419 GU:3    +
   23    28  0   0.0%   0.124 AU:3    +
   12    17  0   0.0%   0.372 UA:3    +
   12    33  0   0.0%   0.722 UA:3    +
    4    23  0   0.0%   0.434 UA:3    +
    5    12  0   0.0%   0.365 AU:3    +
   25    29  0   0.0%   0.219 UA:3    +
   21    29  0   0.0%   0.570 UA:3    +
   10    27  0   0.0%   0.390 UA:3    +
    9    28  0   0.0%   0.980 AU:3    +
   25    33  0   0.0%   0.562 UA:3    +
    5    21  0   0.0%   0.252 AU:3    +
    2    21  0   0.0%   0.806 GU:3    +
   19    34  0   0.0%   0.599 GU:3    +
   11    15  0   0.0%   0.704 CG:3    +
    6    32  0   0.0%   0.030 CG:3    +
    5    10  0   0.0%   0.372 AU:3    +
    8    30  0   0.0%   0.658 GC:3    +
   13    19  0   0.0%   0.973 UG:3    +
   13    32  0   0.0%   0.724 UG:3    +
    1    10  0   0.0%   0.003 AU:3    +
   12    26  0   0.0%   0.702 UA:3    +
   17    21  0   0.0%   0.808 AU:3    +
   10    17  0   0.0%   0.378 UA:3    +
   12    29  0   0.0%   0.687 UA:3    +
   10    15  0   0.0%   0.704 UG:3    +
    8    13  0   0.0%   0.080 GU:3    +
    3    25  0   0.0%   0.549 AU:3    +
    4    33  0   0.0%   0.477 UA:3    +
    5    34  0   0.0%   0.045 AU:3    +
    3    34  0   0.0%   0.549 AU:3    +
   15    21  0   0.0%   0.899 GU:3    +
   29    34  0   0.0%   0.059 AU:3    +
   18    34  0   0.0%   0.608 AU:3    +
   13    27  0   0.0%   0.657 UA:3    +
   10    18  0   0.0%   0.415 UA:3    +
   26    34  0   0.0%   0.089 AU:3    +
    2    12  0   0.0%   0.753 GU:3    +
   23    34  0   0.0%   0.043 AU:3    +
   13    23  0   0.0%   0.629 UA:3    +
   15    25  0   0.0%   0.440 GU:3    +
   13    29  0   0.0%   0.646 UA:3    +
   28    32  0   0.0%   0.570 UG:3    +
    5    13  0   0.0%   0.079 AU:3    +
   21    32  0   0.0%   0.918 UG:3    +
   10    23  0   0.0%   0.378 UA:3    +
    2    25  0   0.0%   0.779 GU:3    +
    8    34  0   0.0%   0.698 GU:3    +
   12    23  0   0.0%   0.669 UA:3    +
    8    21  0   0.0%   0.591 GU:3    +
    4    15  0   0.0%   0.367 UG:3    +
    8    12  0   0.0%   0.364 GU:3    +
    8    25  0   0.0%   0.697 GU:3    +
    9    25  0   0.0%   1.003 AU:3    +
   17    34  0   0.0%   0.307 AU:3    +
    2    10  0   0.0%   0.030 GU:3    +
   15    34  0   0.0%   0.692 GU:3    +
   12    32  0   0.0%   0.763 UG:3    +
   10    26  0   0.0%   0.409 UA:3    +
    1    34  0   0.0%   0.519 AU:3    +
    2    34  0   0.0%   0.780 GU:3    +
    8    28  0   0.0%   0.670 GU:3    +
   10    32  0   0.0%   0.428 UG:3    +
    4    32  0   0.0%   0.475 UG:3    +
((((....))))......................
