3 sequence; length of alignment 78
alifold output
   30    41  0  98.7%   0.049 CG:3   
   31    40  0  98.7%   0.052 UA:3   
    2    21  0  97.6%   0.073 AU:3   
    7    16  0  97.5%   0.223 CG:3   
    3    20  0  97.4%   0.144 AU:3   
    1    22  0  97.3%   0.082 GC:3   
   32    39  0  97.1%   0.094 AU:3   
    6    17  0  96.9%   0.234 AU:3   
    8    15  0  96.5%   0.179 GC:3   
    4    19  0  96.5%   0.174 UA:3   
   29    42  0  96.1%   0.128 UA:3   
   58    67  0  90.7%   0.450 CG:3   
   57    68  0  90.0%   0.438 UA:3   
   33    38  0  86.0%   0.396 UG:3   
   59    66  0  85.2%   0.519 UA:3   
   56    69  0  77.5%   0.762 AU:3   
   28    43  0  72.8%   0.707 UA:3   
   50    74  0  56.5%   1.016 CG:3   
   49    75  0  54.0%   1.108 GC:3   
    9    14  0  44.4%   1.159 GU:3    +
   48    77  0  15.6%   1.118 AU:3    +
   49    76  0  13.5%   1.255 GC:3    +
   47    78  0  10.8%   1.045 AU:3    +
   55    71  0  10.0%   0.886 AU:3    +
   54    72  0   9.9%   1.318 UA:3    +
   54    70  0   9.4%   0.907 UA:3    +
   52    72  0   6.4%   0.788 UA:3    +
   47    77  0   5.8%   0.521 AU:3    +
   51    74  0   5.5%   0.863 CG:3    +
   55    69  0   5.0%   0.493 AU:3    +
   46    78  0   4.4%   0.436 AU:3    +
   53    62  0   3.2%   0.439 CG:3    +
   54    61  0   3.0%   0.386 UA:3    +
   52    63  0   2.8%   0.385 UA:3    +
    6    14  0   1.9%   0.230 AU:3    +
    5    15  0   1.9%   0.230 GC:3    +
    7    13  0   1.9%   0.230 CG:3    +
    4    16  0   1.8%   0.213 UG:3    +
   53    67  0   1.7%   0.428 CG:3    +
   54    66  0   1.7%   0.373 UA:3    +
    3    17  0   1.6%   0.200 AU:3    +
   52    68  0   1.5%   0.388 UA:3    +
   58    62  0   1.3%   0.336 CG:3    +
   57    63  0   1.3%   0.293 UA:3    +
   67    76  0   1.2%   0.650 GC:3    +
   66    77  0   1.1%   0.849 AU:3    +
   65    78  0   0.8%   0.517 AU:3    +
   34    38  0   0.7%   0.236 CG:3    +
   23    48  0   0.6%   0.146 UA:3    +
   22    49  0   0.4%   0.136 CG:3    +
   41    53  0   0.4%   0.128 GC:3    +
   40    54  0   0.4%   0.092 AU:3    +
   18    53  0   0.4%   0.082 GC:3    +
   42    52  0   0.4%   0.146 AU:3    +
   19    52  0   0.4%   0.108 AU:3    +
   53    74  0   0.3%   0.821 CG:3    +
   39    55  0   0.3%   0.106 UA:3    +
   51    62  0   0.3%   0.088 CG:3    +
   52    61  0   0.3%   0.113 UA:3    +
   49    53  0   0.3%   0.157 GC:3    +
    9    75  0   0.3%   0.428 GC:3    +
    8    76  0   0.3%   0.102 GC:3    +
   10    74  0   0.3%   0.067 CG:3    +
   48    54  0   0.3%   0.124 AU:3    +
    9    50  0   0.3%   0.410 GC:3    +
   10    49  0   0.3%   0.048 CG:3    +
    8    51  0   0.3%   0.082 GC:3    +
   28    44  0   0.2%   0.288 UA:3    +
   11    48  0   0.2%   0.048 UA:3    +
   49    64  0   0.2%   0.117 GC:3    +
    5    53  0   0.2%   0.111 GC:3    +
    6    52  0   0.2%   0.141 AU:3    +
   13    22  0   0.2%   0.137 GC:3    +
   12    23  0   0.2%   0.034 AU:3    +
   29    43  0   0.2%   0.310 UA:3    +
   52    70  0   0.1%   0.277 UA:3    +
   22    41  0   0.1%   0.065 CG:3    +
   23    40  0   0.1%   0.039 UA:3    +
   21    42  0   0.1%   0.051 UA:3    +
   62    76  0   0.1%   0.516 GC:3    +
   23    47  0   0.1%   0.056 UA:3    +
   11    24  0   0.1%   0.024 UA:3    +
   61    77  0   0.1%   0.621 AU:3    +
   24    39  0   0.1%   0.032 AU:3    +
   20    43  0   0.1%   0.051 UA:3    +
   52    74  0   0.1%   0.952 UG:3    +
   51    67  0   0.1%   0.084 CG:3    +
   50    67  0   0.1%   0.061 CG:3    +
   30    67  0   0.1%   0.045 CG:3    +
   34    62  0   0.1%   0.065 CG:3    +
   41    58  0   0.1%   0.080 GC:3    +
   40    59  0   0.1%   0.069 AU:3    +
   31    66  0   0.1%   0.042 UA:3    +
   33    63  0   0.1%   0.163 UA:3    +
   59    65  0   0.1%   0.043 UA:3    +
   29    68  0   0.1%   0.078 UA:3    +
   46    77  0   0.1%   0.039 AU:3    +
   39    60  0   0.1%   0.079 UA:3    +
   42    57  0   0.1%   0.097 AU:3    +
   60    78  0   0.1%   0.417 AU:3    +
   49    58  0   0.1%   0.102 GC:3    +
   38    58  0   0.1%   0.197 GC:3    +
   37    59  0   0.1%   0.026 AU:3    +
   45    49  0   0.1%   0.078 CG:3    +
   48    59  0   0.1%   0.091 AU:3    +
   18    45  0   0.1%   0.026 GC:3    +
   33    68  0   0.1%   0.171 UA:3    +
   34    67  0   0.1%   0.073 CG:3    +
   32    69  0   0.1%   0.050 AU:3    +
   64    74  0   0.1%   0.564 CG:3    +
   49    73  0   0.1%   0.107 GC:3    +
   19    57  0   0.1%   0.072 AU:3    +
   18    58  0   0.1%   0.044 GC:3    +
   20    56  0   0.1%   0.051 UA:3    +
   31    70  0   0.1%   0.043 UA:3    +
   13    45  0   0.1%   0.103 GC:3    +
   23    46  0   0.1%   0.044 UA:3    +
   14    44  0   0.1%   0.452 UA:3    +
   21    55  0   0.1%   0.052 UA:3    +
   52    66  0   0.1%   0.196 UA:3    +
   38    45  0   0.1%   0.194 GC:3    +
   33    37  0   0.1%   0.016 UA:3    +
   14    63  0   0.1%   0.457 UA:3    +
   15    62  0   0.1%   0.124 CG:3    +
   13    64  0   0.1%   0.109 GC:3    +
   48    78  0   0.1%   0.757 AU:3    +
   39    44  0   0.1%   0.073 UA:3    +
   17    46  0   0.1%   0.114 UA:3    +
   11    72  0   0.1%   0.038 UA:3    +
   12    71  0   0.0%   0.026 AU:3    +
   16    45  0   0.0%   0.113 GC:3    +
   17    44  0   0.0%   0.113 UA:3    +
   67    73  0   0.0%   0.213 GC:3    +
   15    67  0   0.0%   0.126 CG:3    +
   14    68  0   0.0%   0.458 UA:3    +
   34    41  0   0.0%   0.065 CG:3    +
   23    44  0   0.0%   0.040 UA:3    +
   30    62  0   0.0%   0.029 CG:3    +
   28    42  0   0.0%   0.019 UA:3    +
   55    59  0   0.0%   0.054 AU:3    +
   33    42  0   0.0%   0.192 UA:3    +
   31    61  0   0.0%   0.026 UA:3    +
   13    69  0   0.0%   0.109 GU:3    +
   29    63  0   0.0%   0.063 UA:3    +
   54    60  0   0.0%   0.061 UA:3    +
   13    53  0   0.0%   0.113 GC:3    +
   12    54  0   0.0%   0.019 AU:3    +
   30    38  0   0.0%   0.008 CG:3    +
   16    50  0   0.0%   0.124 GC:3    +
   31    37  0   0.0%   0.008 UA:3    +
   11    55  0   0.0%   0.029 UA:3    +
   17    49  0   0.0%   0.128 UG:3    +
   18    64  0   0.0%   0.043 GC:3    +
   49    77  0   0.0%   1.169 GU:3    +
   17    65  0   0.0%   0.114 UA:3    +
   69    74  0   0.0%   0.903 UG:3    +
   22    67  0   0.0%   0.081 CG:3    +
   38    53  0   0.0%   0.212 GC:3    +
   47    54  0   0.0%   0.045 AU:3    +
   23    66  0   0.0%   0.079 UA:3    +
   21    68  0   0.0%   0.049 UA:3    +
   37    54  0   0.0%   0.016 AU:3    +
   56    71  0   0.0%   0.452 AU:3    +
   48    71  0   0.0%   0.084 AU:3    +
   28    46  0   0.0%   0.264 UA:3    +
   23    49  0   0.0%   0.116 UG:3    +
   44    78  0   0.0%   0.042 AU:3    +
   26    77  0   0.0%   0.010 AU:3    +
    1    58  0   0.0%   0.035 GC:3    +
   49    71  0   0.0%   0.102 GU:3    +
   67    75  0   0.0%   0.552 GC:3    +
    2    57  0   0.0%   0.030 AU:3    +
   25    77  0   0.0%   0.007 AU:3    +
   44    77  0   0.0%   0.041 AU:3    +
   25    78  0   0.0%   0.009 AU:3    +
   66    71  0   0.0%   0.470 AU:3    +
   24    71  0   0.0%   0.027 AU:3    +
   11    66  0   0.0%   0.028 UA:3    +
   23    72  0   0.0%   0.084 UA:3    +
    9    15  0   0.0%   0.475 GC:3    +
   45    74  0   0.0%   0.048 CG:3    +
   18    73  0   0.0%   0.042 GC:3    +
    1    76  0   0.0%   0.037 GC:3    +
   48    69  0   0.0%   0.083 AU:3    +
   17    74  0   0.0%   0.132 UG:3    +
   16    73  0   0.0%   0.108 GC:3    +
   16    75  0   0.0%   0.125 GC:3    +
   17    72  0   0.0%   0.118 UA:3    +
   41    50  0   0.0%   0.048 GC:3    +
   24    78  0   0.0%   0.024 AU:3    +
   27    77  0   0.0%   0.013 AU:3    +
   47    52  0   0.0%   0.069 AU:3    +
   26    78  0   0.0%   0.010 AU:3    +
   23    27  0   0.0%   0.016 UA:3    +
    6    77  0   0.0%   0.121 AU:3    +
   27    69  0   0.0%   0.010 AU:3    +
   41    51  0   0.0%   0.046 GC:3    +
   49    69  0   0.0%   0.101 GU:3    +
   27    71  0   0.0%   0.015 AU:3    +
   28    47  0   0.0%   0.264 UA:3    +
   10    67  0   0.0%   0.019 CG:3    +
   40    52  0   0.0%   0.057 AU:3    +
   28    68  0   0.0%   0.261 UA:3    +
   60    69  0   0.0%   0.374 AU:3    +
   16    22  0   0.0%   0.137 GC:3    +
   20    27  0   0.0%   0.030 UA:3    +
   18    71  0   0.0%   0.042 GU:3    +
   59    70  0   0.0%   0.406 UA:3    +
   45    62  0   0.0%   0.041 CG:3    +
    1    53  0   0.0%   0.032 GC:3    +
    5    78  0   0.0%   0.091 GU:3    +
   28    70  0   0.0%   0.259 UA:3    +
   68    77  0   0.0%   0.708 AU:3    +
   49    54  0   0.0%   0.114 GU:3    +
    1    73  0   0.0%   0.034 GC:3    +
   57    66  0   0.0%   0.154 UA:3    +
   46    52  0   0.0%   0.068 AU:3    +
    4    55  0   0.0%   0.108 UA:3    +
    2    52  0   0.0%   0.027 AU:3    +
   21    26  0   0.0%   0.028 UA:3    +
   14    47  0   0.0%   0.446 UA:3    +
   29    67  0   0.0%   0.062 UG:3    +
   36    41  0   0.0%   0.027 CG:3    +
   19    28  0   0.0%   0.037 AU:3    +
   43    78  0   0.0%   0.258 AU:3    +
   38    73  0   0.0%   0.186 GC:3    +
   23    43  0   0.0%   0.032 UA:3    +
    2    20  0   0.0%   0.003 AU:3    +
   70    78  0   0.0%   0.676 AU:3    +
   70    77  0   0.0%   0.772 AU:3    +
   22    62  0   0.0%   0.077 CG:3    +
   67    78  0   0.0%   0.684 GU:3    +
    1    23  0   0.0%   0.030 GU:3    +
   13    58  0   0.0%   0.099 GC:3    +
    8    14  0   0.0%   0.079 GU:3    +
   39    72  0   0.0%   0.076 UA:3    +
   12    59  0   0.0%   0.016 AU:3    +
   45    67  0   0.0%   0.045 CG:3    +
   13    50  0   0.0%   0.111 GC:3    +
   14    49  0   0.0%   0.462 UG:3    +
   23    61  0   0.0%   0.074 UA:3    +
   11    60  0   0.0%   0.026 UA:3    +
   50    62  0   0.0%   0.038 CG:3    +
   40    71  0   0.0%   0.061 AU:3    +
   21    63  0   0.0%   0.046 UA:3    +
   43    52  0   0.0%   0.305 AU:3    +
   57    70  0   0.0%   0.407 UA:3    +
   46    54  0   0.0%   0.041 AU:3    +
    1    21  0   0.0%   0.002 GU:3    +
   31    65  0   0.0%   0.024 UA:3    +
   62    75  0   0.0%   0.554 GC:3    +
   28    48  0   0.0%   0.299 UA:3    +
   23    70  0   0.0%   0.077 UA:3    +
   15    74  0   0.0%   0.137 CG:3    +
   46    69  0   0.0%   0.025 AU:3    +
   35    62  0   0.0%   0.016 CG:3    +
   28    38  0   0.0%   0.003 UG:3    +
   48    57  0   0.0%   0.076 AU:3    +
   38    64  0   0.0%   0.187 GC:3    +
   62    73  0   0.0%   0.212 GC:3    +
   24    31  0   0.0%   0.010 AU:3    +
   26    71  0   0.0%   0.010 AU:3    +
   72    77  0   0.0%   0.945 AU:3    +
   23    32  0   0.0%   0.015 UA:3    +
   19    71  0   0.0%   0.067 AU:3    +
   29    37  0   0.0%   0.002 UA:3    +
   24    69  0   0.0%   0.022 AU:3    +
   47    69  0   0.0%   0.026 AU:3    +
   20    70  0   0.0%   0.044 UA:3    +
   18    51  0   0.0%   0.024 GC:3    +
   13    20  0   0.0%   0.104 GU:3    +
   27    39  0   0.0%   0.011 AU:3    +
   44    71  0   0.0%   0.041 AU:3    +
   24    77  0   0.0%   0.022 AU:3    +
   14    19  0   0.0%   0.473 UA:3    +
   39    56  0   0.0%   0.066 UA:3    +
   11    70  0   0.0%   0.027 UA:3    +
    2    17  0   0.0%   0.001 AU:3    +
   39    63  0   0.0%   0.081 UA:3    +
   13    71  0   0.0%   0.108 GU:3    +
    1    45  0   0.0%   0.030 GC:3    +
   12    69  0   0.0%   0.016 AU:3    +
   38    50  0   0.0%   0.191 GC:3    +
   54    74  0   0.0%   1.205 UG:3    +
   39    49  0   0.0%   0.085 UG:3    +
   13    76  0   0.0%   0.123 GC:3    +
   57    61  0   0.0%   0.141 UA:3    +
   44    54  0   0.0%   0.057 AU:3    +
    6    78  0   0.0%   0.121 AU:3    +
    1     7  0   0.0%   0.001 GC:3    +
   17    60  0   0.0%   0.109 UA:3    +
   37    57  0   0.0%   0.016 AU:3    +
    3    54  0   0.0%   0.093 AU:3    +
   29    46  0   0.0%   0.062 UA:3    +
   14    46  0   0.0%   0.444 UA:3    +
    1    20  0   0.0%   0.001 GU:3    +
   14    70  0   0.0%   0.453 UA:3    +
   44    52  0   0.0%   0.084 AU:3    +
    5    54  0   0.0%   0.089 GU:3    +
   13    73  0   0.0%   0.106 GC:3    +
   59    68  0   0.0%   0.341 UA:3    +
   38    57  0   0.0%   0.181 GU:3    +
   18    29  0   0.0%   0.002 GU:3    +
   25    71  0   0.0%   0.009 AU:3    +
    1    75  0   0.0%   0.034 GC:3    +
   57    62  0   0.0%   0.159 UG:3    +
   48    52  0   0.0%   0.102 AU:3    +
   35    41  0   0.0%   0.025 CG:3    +
   12    77  0   0.0%   0.021 AU:3    +
   61    69  0   0.0%   0.490 AU:3    +
   14    72  0   0.0%   0.457 UA:3    +
   18    23  0   0.0%   0.013 GU:3    +
   57    67  0   0.0%   0.175 UG:3    +
   12    21  0   0.0%   0.025 AU:3    +
   47    71  0   0.0%   0.025 AU:3    +
   23    55  0   0.0%   0.080 UA:3    +
   11    47  0   0.0%   0.009 UA:3    +
   24    54  0   0.0%   0.021 AU:3    +
   54    63  0   0.0%   0.268 UA:3    +
   29    72  0   0.0%   0.068 UA:3    +
   49    78  0   0.0%   1.087 GU:3    +
   20    47  0   0.0%   0.038 UA:3    +
   21    46  0   0.0%   0.039 UA:3    +
   72    78  0   0.0%   0.849 AU:3    +
   17    24  0   0.0%   0.106 UA:3    +
   19    33  0   0.0%   0.036 AU:3    +
   18    34  0   0.0%   0.002 GC:3    +
   46    71  0   0.0%   0.024 AU:3    +
   59    63  0   0.0%   0.190 UA:3    +
   18    22  0   0.0%   0.040 GC:3    +
   36    62  0   0.0%   0.016 CG:3    +
   20    32  0   0.0%   0.029 UA:3    +
   57    65  0   0.0%   0.073 UA:3    +
   54    65  0   0.0%   0.158 UA:3    +
   17    26  0   0.0%   0.099 UA:3    +
   27    33  0   0.0%   0.003 AU:3    +
   60    71  0   0.0%   0.257 AU:3    +
   27    78  0   0.0%   0.012 AU:3    +
   28    37  0   0.0%   0.002 UA:3    +
    4    18  0   0.0%   0.072 UG:3    +
   59    72  0   0.0%   0.579 UA:3    +
    7    74  0   0.0%   0.103 CG:3    +
   24    28  0   0.0%   0.010 AU:3    +
   59    67  0   0.0%   0.357 UG:3    +
   28    32  0   0.0%   0.002 UA:3    +
   65    71  0   0.0%   0.257 AU:3    +
   38    76  0   0.0%   0.200 GC:3    +
    8    73  0   0.0%   0.052 GC:3    +
   27    52  0   0.0%   0.036 AU:3    +
   12    17  0   0.0%   0.098 AU:3    +
   27    54  0   0.0%   0.007 AU:3    +
   23    74  0   0.0%   0.095 UG:3    +
   67    71  0   0.0%   0.442 GU:3    +
   18    76  0   0.0%   0.055 GC:3    +
   31    44  0   0.0%   0.042 UA:3    +
   37    77  0   0.0%   0.021 AU:3    +
    2    77  0   0.0%   0.028 AU:3    +
   44    69  0   0.0%   0.041 AU:3    +
   20    26  0   0.0%   0.028 UA:3    +
   74    78  0   0.0%   0.971 GU:3    +
   29    44  0   0.0%   0.075 UA:3    +
   43    77  0   0.0%   0.258 AU:3    +
   61    71  0   0.0%   0.374 AU:3    +
    5    17  0   0.0%   0.144 GU:3    +
   29    47  0   0.0%   0.062 UA:3    +
   21    25  0   0.0%   0.025 UA:3    +
   18    30  0   0.0%   0.002 GC:3    +
   11    65  0   0.0%   0.025 UA:3    +
   65    77  0   0.0%   0.488 AU:3    +
   18    50  0   0.0%   0.026 GC:3    +
   21    47  0   0.0%   0.036 UA:3    +
   54    62  0   0.0%   0.299 UG:3    +
   63    77  0   0.0%   0.647 AU:3    +
    1    78  0   0.0%   0.035 GU:3    +
   19    29  0   0.0%   0.036 AU:3    +
   43    54  0   0.0%   0.278 AU:3    +
   33    60  0   0.0%   0.139 UA:3    +
   19    69  0   0.0%   0.064 AU:3    +
   66    78  0   0.0%   0.703 AU:3    +
   62    78  0   0.0%   0.605 GU:3    +
   17    27  0   0.0%   0.099 UA:3    +
   16    64  0   0.0%   0.108 GC:3    +
   67    77  0   0.0%   0.778 GU:3    +
   63    69  0   0.0%   0.532 AU:3    +
   32    59  0   0.0%   0.030 AU:3    +
   20    48  0   0.0%   0.050 UA:3    +
   17    63  0   0.0%   0.113 UA:3    +
   15    49  0   0.0%   0.129 CG:3    +
   21    48  0   0.0%   0.048 UA:3    +
   29    40  0   0.0%   0.010 UA:3    +
   20    44  0   0.0%   0.044 UA:3    +
   41    76  0   0.0%   0.074 GC:3    +
    5    73  0   0.0%   0.089 GC:3    +
   68    78  0   0.0%   0.611 AU:3    +
   11    18  0   0.0%   0.001 UG:3    +
   58    74  0   0.0%   0.698 CG:3    +
   52    65  0   0.0%   0.176 UA:3    +
   29    41  0   0.0%   0.010 UG:3    +
   31    38  0   0.0%   0.006 UG:3    +
   41    45  0   0.0%   0.044 GC:3    +
   26    69  0   0.0%   0.006 AU:3    +
   54    68  0   0.0%   0.305 UA:3    +
   17    70  0   0.0%   0.111 UA:3    +
   55    77  0   0.0%   0.880 AU:3    +
   16    71  0   0.0%   0.108 GU:3    +
   52    60  0   0.0%   0.064 UA:3    +
   55    78  0   0.0%   0.800 AU:3    +
   20    68  0   0.0%   0.045 UA:3    +
    1    51  0   0.0%   0.030 GC:3    +
   20    63  0   0.0%   0.046 UA:3    +
   13    51  0   0.0%   0.110 GC:3    +
   40    77  0   0.0%   0.057 AU:3    +
   62    69  0   0.0%   0.563 GU:3    +
   17    25  0   0.0%   0.098 UA:3    +
   16    28  0   0.0%   0.097 GU:3    +
   63    71  0   0.0%   0.416 AU:3    +
   24    29  0   0.0%   0.009 AU:3    +
   12    52  0   0.0%   0.024 AU:3    +
   27    57  0   0.0%   0.010 AU:3    +
    5    76  0   0.0%   0.090 GC:3    +
   38    75  0   0.0%   0.199 GC:3    +
   17    55  0   0.0%   0.111 UA:3    +
   20    46  0   0.0%   0.041 UA:3    +
   52    56  0   0.0%   0.062 UA:3    +
   28    66  0   0.0%   0.257 UA:3    +
   15    41  0   0.0%   0.112 CG:3    +
   32    71  0   0.0%   0.044 AU:3    +
   25    69  0   0.0%   0.005 AU:3    +
    1    64  0   0.0%   0.032 GC:3    +
   31    60  0   0.0%   0.018 UA:3    +
   16    21  0   0.0%   0.121 GU:3    +
   65    69  0   0.0%   0.372 AU:3    +
   14    42  0   0.0%   0.439 UA:3    +
   29    65  0   0.0%   0.056 UA:3    +
    2    23  0   0.0%   0.026 AU:3    +
   20    49  0   0.0%   0.056 UG:3    +
   31    72  0   0.0%   0.038 UA:3    +
   16    53  0   0.0%   0.117 GC:3    +
   56    77  0   0.0%   0.675 AU:3    +
   28    49  0   0.0%   0.297 UG:3    +
   21    62  0   0.0%   0.044 UG:3    +
   39    74  0   0.0%   0.086 UG:3    +
   28    40  0   0.0%   0.011 UA:3    +
   33    70  0   0.0%   0.156 UA:3    +
    3    71  0   0.0%   0.093 AU:3    +
    4    56  0   0.0%   0.106 UA:3    +
   38    51  0   0.0%   0.188 GC:3    +
   21    43  0   0.0%   0.042 UA:3    +
   28    56  0   0.0%   0.258 UA:3    +
    4    70  0   0.0%   0.106 UA:3    +
   13    75  0   0.0%   0.121 GC:3    +
   24    59  0   0.0%   0.018 AU:3    +
    2    78  0   0.0%   0.028 AU:3    +
   62    71  0   0.0%   0.447 GU:3    +
   47    59  0   0.0%   0.027 AU:3    +
   29    38  0   0.0%   0.002 UG:3    +
   37    52  0   0.0%   0.040 AU:3    +
   28    72  0   0.0%   0.262 UA:3    +
   17    47  0   0.0%   0.107 UA:3    +
   21    67  0   0.0%   0.044 UG:3    +
   21    27  0   0.0%   0.027 UA:3    +
   18    69  0   0.0%   0.038 GU:3    +
   33    65  0   0.0%   0.146 UA:3    +
   28    41  0   0.0%   0.011 UG:3    +
    4    74  0   0.0%   0.107 UG:3    +
   24    52  0   0.0%   0.049 AU:3    +
   39    61  0   0.0%   0.070 UA:3    +
   52    62  0   0.0%   0.109 UG:3    +
   16    54  0   0.0%   0.106 GU:3    +
   23    60  0   0.0%   0.073 UA:3    +
   20    25  0   0.0%   0.027 UA:3    +
   26    31  0   0.0%   0.002 AU:3    +
   25    31  0   0.0%   0.001 AU:3    +
    9    69  0   0.0%   0.378 GU:3    +
    5    75  0   0.0%   0.089 GC:3    +
   26    52  0   0.0%   0.034 AU:3    +
    3    57  0   0.0%   0.094 AU:3    +
   31    63  0   0.0%   0.027 UA:3    +
   21    44  0   0.0%   0.043 UA:3    +
   11    68  0   0.0%   0.026 UA:3    +
    2    71  0   0.0%   0.027 AU:3    +
   10    16  0   0.0%   0.096 CG:3    +
   13    30  0   0.0%   0.088 GC:3    +
   46    59  0   0.0%   0.026 AU:3    +
   12    31  0   0.0%   0.012 AU:3    +
   25    59  0   0.0%   0.002 AU:3    +
   31    43  0   0.0%   0.266 UA:3    +
   30    74  0   0.0%   0.044 CG:3    +
    3    77  0   0.0%   0.093 AU:3    +
   23    37  0   0.0%   0.014 UA:3    +
   43    71  0   0.0%   0.260 AU:3    +
   23    68  0   0.0%   0.079 UA:3    +
   10    62  0   0.0%   0.016 CG:3    +
   22    38  0   0.0%   0.039 CG:3    +
   42    78  0   0.0%   0.084 AU:3    +
   25    54  0   0.0%   0.004 AU:3    +
   16    51  0   0.0%   0.119 GC:3    +
   36    74  0   0.0%   0.020 CG:3    +
    3    21  0   0.0%   0.117 AU:3    +
   54    67  0   0.0%   0.327 UG:3    +
   62    77  0   0.0%   0.688 GU:3    +
   57    72  0   0.0%   0.580 UA:3    +
   61    78  0   0.0%   0.530 AU:3    +
   33    61  0   0.0%   0.141 UA:3    +
   11    32  0   0.0%   0.008 UA:3    +
   31    48  0   0.0%   0.062 UA:3    +
   30    49  0   0.0%   0.059 CG:3    +
   26    33  0   0.0%   0.002 AU:3    +
   19    23  0   0.0%   0.047 AU:3    +
   16    36  0   0.0%   0.097 GC:3    +
    7    18  0   0.0%   0.102 CG:3    +
   63    78  0   0.0%   0.564 AU:3    +
   28    65  0   0.0%   0.255 UA:3    +
   17    66  0   0.0%   0.112 UA:3    +
    1    50  0   0.0%   0.030 GC:3    +
   49    57  0   0.0%   0.080 GU:3    +
    9    17  0   0.0%   0.459 GU:3    +
   35    67  0   0.0%   0.020 CG:3    +
   14    27  0   0.0%   0.438 UA:3    +
   26    54  0   0.0%   0.005 AU:3    +
    2    54  0   0.0%   0.026 AU:3    +
   25    39  0   0.0%   0.008 AU:3    +
   25    29  0   0.0%   0.001 AU:3    +
   43    69  0   0.0%   0.261 AU:3    +
   16    35  0   0.0%   0.097 GC:3    +
   21    49  0   0.0%   0.054 UG:3    +
   33    40  0   0.0%   0.156 UA:3    +
    8    17  0   0.0%   0.132 GU:3    +
   17    43  0   0.0%   0.098 UA:3    +
   28    74  0   0.0%   0.274 UG:3    +
   25    52  0   0.0%   0.033 AU:3    +
   16    23  0   0.0%   0.109 GU:3    +
   23    67  0   0.0%   0.080 UG:3    +
   49    59  0   0.0%   0.091 GU:3    +
   47    57  0   0.0%   0.027 AU:3    +
   20    61  0   0.0%   0.042 UA:3    +
   33    62  0   0.0%   0.145 UG:3    +
   22    74  0   0.0%   0.092 CG:3    +
   23    65  0   0.0%   0.075 UA:3    +
   39    70  0   0.0%   0.074 UA:3    +
   18    75  0   0.0%   0.055 GC:3    +
   52    67  0   0.0%   0.211 UG:3    +
   38    71  0   0.0%   0.189 GU:3    +
   13    28  0   0.0%   0.088 GU:3    +
   18    54  0   0.0%   0.031 GU:3    +
   60    77  0   0.0%   0.481 AU:3    +
   21    60  0   0.0%   0.040 UA:3    +
   46    57  0   0.0%   0.025 AU:3    +
    4    72  0   0.0%   0.106 UA:3    +
   11    67  0   0.0%   0.027 UG:3    +
   33    56  0   0.0%   0.142 UA:3    +
   29    48  0   0.0%   0.096 UA:3    +
   11    25  0   0.0%   0.008 UA:3    +
   20    24  0   0.0%   0.035 UA:3    +
   43    57  0   0.0%   0.264 AU:3    +
   25    33  0   0.0%   0.001 AU:3    +
   16    20  0   0.0%   0.123 GU:3    +
   32    57  0   0.0%   0.036 AU:3    +
   19    77  0   0.0%   0.063 AU:3    +
   36    49  0   0.0%   0.045 CG:3    +
    6    71  0   0.0%   0.118 AU:3    +
   40    69  0   0.0%   0.061 AU:3    +
   13    21  0   0.0%   0.102 GU:3    +
   11    61  0   0.0%   0.025 UA:3    +
    1    30  0   0.0%   0.029 GC:3    +
   12    20  0   0.0%   0.027 AU:3    +
    2    29  0   0.0%   0.025 AU:3    +
   41    73  0   0.0%   0.060 GC:3    +
   28    55  0   0.0%   0.261 UA:3    +
   38    59  0   0.0%   0.186 GU:3    +
   44    59  0   0.0%   0.043 AU:3    +
    5    71  0   0.0%   0.089 GU:3    +
   39    62  0   0.0%   0.081 UG:3    +
   23    42  0   0.0%   0.030 UA:3    +
   39    46  0   0.0%   0.052 UA:3    +
   18    78  0   0.0%   0.038 GU:3    +
   16    69  0   0.0%   0.106 GU:3    +
   39    48  0   0.0%   0.086 UA:3    +
   24    33  0   0.0%   0.010 AU:3    +
   17    68  0   0.0%   0.113 UA:3    +
    1    17  0   0.0%   0.000 GU:3    +
   16    57  0   0.0%   0.105 GU:3    +
   56    78  0   0.0%   0.594 AU:3    +
   42    54  0   0.0%   0.099 AU:3    +
    5    69  0   0.0%   0.088 GU:3    +
   17    56  0   0.0%   0.108 UA:3    +
   44    57  0   0.0%   0.043 AU:3    +
   14    24  0   0.0%   0.446 UA:3    +
   29    74  0   0.0%   0.079 UG:3    +
   12    39  0   0.0%   0.012 AU:3    +
    1    77  0   0.0%   0.034 GU:3    +
   21    61  0   0.0%   0.040 UA:3    +
   29    55  0   0.0%   0.059 UA:3    +
   14    37  0   0.0%   0.438 UA:3    +
   28    63  0   0.0%   0.258 UA:3    +
   38    54  0   0.0%   0.179 GU:3    +
    9    34  0   0.0%   0.362 GC:3    +
   20    62  0   0.0%   0.046 UG:3    +
    8    35  0   0.0%   0.035 GC:3    +
   33    43  0   0.0%   0.387 UA:3    +
    8    69  0   0.0%   0.051 GU:3    +
   27    31  0   0.0%   0.003 AU:3    +
    5    22  0   0.0%   0.104 GC:3    +
   34    49  0   0.0%   0.082 CG:3    +
   29    66  0   0.0%   0.057 UA:3    +
   31    46  0   0.0%   0.028 UA:3    +
   20    38  0   0.0%   0.028 UG:3    +
    8    64  0   0.0%   0.051 GC:3    +
   19    39  0   0.0%   0.036 AU:3    +
    6    54  0   0.0%   0.119 AU:3    +
   27    59  0   0.0%   0.004 AU:3    +
   42    69  0   0.0%   0.089 AU:3    +
   11    40  0   0.0%   0.008 UA:3    +
   18    59  0   0.0%   0.033 GU:3    +
   28    67  0   0.0%   0.259 UG:3    +
    9    64  0   0.0%   0.378 GC:3    +
   35    74  0   0.0%   0.020 CG:3    +
   20    72  0   0.0%   0.047 UA:3    +
   36    67  0   0.0%   0.020 CG:3    +
   57    74  0   0.0%   0.696 UG:3    +
   31    41  0   0.0%   0.038 UG:3    +
    3    28  0   0.0%   0.092 AU:3    +
   40    57  0   0.0%   0.051 AU:3    +
    5    77  0   0.0%   0.089 GU:3    +
   41    75  0   0.0%   0.074 GC:3    +
   26    39  0   0.0%   0.009 AU:3    +
   17    61  0   0.0%   0.108 UA:3    +
    1    15  0   0.0%   0.000 GC:3    +
   14    43  0   0.0%   0.438 UA:3    +
   18    36  0   0.0%   0.002 GC:3    +
   16    59  0   0.0%   0.104 GU:3    +
   35    49  0   0.0%   0.044 CG:3    +
    1    54  0   0.0%   0.030 GU:3    +
   21    37  0   0.0%   0.026 UA:3    +
   29    62  0   0.0%   0.056 UG:3    +
    6    21  0   0.0%   0.131 AU:3    +
    5    45  0   0.0%   0.077 GC:3    +
   18    52  0   0.0%   0.020 GU:3    +
   33    44  0   0.0%   0.162 UA:3    +
   16    76  0   0.0%   0.124 GC:3    +
    5    64  0   0.0%   0.088 GC:3    +
   43    59  0   0.0%   0.263 AU:3    +
   39    47  0   0.0%   0.051 UA:3    +
   21    70  0   0.0%   0.043 UA:3    +
   19    54  0   0.0%   0.059 AU:3    +
   31    68  0   0.0%   0.038 UA:3    +
   10    41  0   0.0%   0.000 CG:3    +
   17    37  0   0.0%   0.098 UA:3    +
    2    14  0   0.0%   0.000 AU:3    +
    4    46  0   0.0%   0.105 UA:3    +
   59    74  0   0.0%   0.694 UG:3    +
((((.(((......))).)))).....((((((....)))))).....((.....((((......))))....))...
