3 sequence; length of alignment 34
alifold output
   20    29  0  71.7%   1.088 CG:3   
   19    30  0  71.2%   1.170 GU:3   
   17    32  0  71.0%   0.970 GC:3   
   18    31  0  70.8%   1.041 UG:3   
   21    28  0  69.0%   1.412 UG:3   
    8    13  0  48.4%   1.239 CG:3   
    7    14  0  48.2%   1.075 UA:3   
   22    27  0  45.4%   1.653 UG:3   
    6    15  0  45.3%   1.191 GU:3   
    8    23  0  14.4%   1.211 CG:3    +
    9    22  0  14.2%   0.853 AU:3    +
   10    21  0  11.9%   0.863 AU:3    +
    7    24  0  10.7%   1.084 UA:3    +
   19    32  0  10.4%   1.574 GC:3    +
   20    31  0  10.4%   1.340 CG:3    +
    2    28  0  10.3%   1.099 CG:3    +
    1    29  0  10.1%   0.780 CG:3    +
   18    33  0   9.8%   1.203 UA:3    +
    5    26  0   8.6%   0.877 GC:3    +
   17    34  0   8.3%   1.147 GU:3    +
   11    19  0   8.0%   1.002 CG:3    +
    4    27  0   6.4%   0.774 UG:3    +
    2    13  0   5.8%   0.499 CG:3    +
    3    12  0   5.5%   0.479 AU:3    +
    5    11  0   4.6%   0.428 GC:3    +
    3    18  0   2.4%   0.449 AU:3    +
    4    17  0   2.4%   0.352 UG:3    +
   11    17  0   2.3%   0.553 CG:3    +
    2    19  0   2.2%   0.425 CG:3    +
   12    16  0   1.8%   0.478 UA:3    +
   10    18  0   1.8%   0.326 AU:3    +
    3    30  0   1.7%   0.480 AU:3    +
    2    31  0   1.6%   0.788 CG:3    +
    1    28  0   1.6%   0.220 CG:3    +
    2    27  0   1.6%   0.465 CG:3    +
   22    29  0   1.5%   1.493 UG:3    +
    6    26  0   1.4%   0.846 GC:3    +
    6    11  0   1.4%   0.325 GC:3    +
    4    29  0   1.4%   0.800 UG:3    +
    5    12  0   1.3%   0.474 GU:3    +
   22    28  0   1.1%   1.421 UG:3    +
   15    33  0   1.1%   0.571 UA:3    +
   12    19  0   1.0%   0.763 UG:3    +
   14    34  0   0.9%   0.510 AU:3    +
   21    29  0   0.9%   1.216 UG:3    +
    7    25  0   0.7%   0.716 UA:3    +
    4    16  0   0.6%   0.142 UA:3    +
   13    20  0   0.5%   0.663 GC:3    +
   13    18  0   0.5%   0.785 GU:3    +
    4    28  0   0.4%   0.724 UG:3    +
   12    27  0   0.4%   0.670 UG:3    +
   11    28  0   0.4%   0.881 CG:3    +
    5    15  0   0.4%   0.287 GU:3    +
   13    26  0   0.4%   0.925 GC:3    +
    6    20  0   0.3%   0.492 GC:3    +
    4    14  0   0.3%   0.084 UA:3    +
    3    15  0   0.3%   0.214 AU:3    +
    5    21  0   0.3%   0.279 GU:3    +
    2    29  0   0.3%   0.844 CG:3    +
    4    13  0   0.3%   0.229 UG:3    +
   16    34  0   0.2%   0.206 AU:3    +
    8    31  0   0.2%   0.765 CG:3    +
   18    25  0   0.2%   0.282 UA:3    +
   17    26  0   0.2%   0.533 GC:3    +
    6    32  0   0.2%   0.564 GC:3    +
   12    17  0   0.2%   0.520 UG:3    +
    7    19  0   0.2%   0.476 UG:3    +
    4    10  0   0.2%   0.035 UA:3    +
    9    30  0   0.2%   0.388 AU:3    +
    6    12  0   0.1%   0.310 GU:3    +
    4    33  0   0.1%   0.464 UA:3    +
    8    19  0   0.1%   0.481 CG:3    +
    2    23  0   0.1%   0.283 CG:3    +
   21    27  0   0.1%   0.573 UG:3    +
   23    32  0   0.1%   0.825 GC:3    +
    5    32  0   0.1%   0.483 GC:3    +
   27    32  0   0.1%   1.175 GC:3    +
    3    22  0   0.1%   0.293 AU:3    +
   20    28  0   0.1%   0.425 CG:3    +
    3    34  0   0.1%   0.368 AU:3    +
   22    33  0   0.1%   1.083 UA:3    +
    9    18  0   0.1%   0.113 AU:3    +
    1     5  0   0.1%   0.020 CG:3    +
    7    31  0   0.1%   0.732 UG:3    +
    4    25  0   0.1%   0.189 UA:3    +
   15    24  0   0.1%   0.661 UA:3    +
   17    22  0   0.1%   0.505 GU:3    +
   11    29  0   0.1%   0.834 CG:3    +
    1    31  0   0.1%   0.331 CG:3    +
    1    13  0   0.1%   0.023 CG:3    +
   12    28  0   0.1%   0.741 UG:3    +
   10    30  0   0.1%   0.429 AU:3    +
    1     6  0   0.0%   0.017 CG:3    +
    8    17  0   0.0%   0.454 CG:3    +
   13    32  0   0.0%   0.642 GC:3    +
   20    27  0   0.0%   0.323 CG:3    +
   16    22  0   0.0%   0.405 AU:3    +
   12    33  0   0.0%   0.405 UA:3    +
   14    18  0   0.0%   0.574 AU:3    +
    6    22  0   0.0%   0.470 GU:3    +
   15    23  0   0.0%   0.699 UG:3    +
    7    33  0   0.0%   0.663 UA:3    +
    2    17  0   0.0%   0.173 CG:3    +
    6    34  0   0.0%   0.543 GU:3    +
    2     6  0   0.0%   0.009 CG:3    +
    4    24  0   0.0%   0.175 UA:3    +
    1    23  0   0.0%   0.021 CG:3    +
   26    31  0   0.0%   0.885 CG:3    +
   14    30  0   0.0%   0.462 AU:3    +
   17    21  0   0.0%   0.473 GU:3    +
    5    20  0   0.0%   0.230 GC:3    +
   15    29  0   0.0%   0.727 UG:3    +
    9    21  0   0.0%   0.031 AU:3    +
   15    25  0   0.0%   0.454 UA:3    +
   23    30  0   0.0%   0.625 GU:3    +
   19    26  0   0.0%   0.666 GC:3    +
    4     9  0   0.0%   0.003 UA:3    +
   13    34  0   0.0%   0.628 GU:3    +
    8    29  0   0.0%   0.952 CG:3    +
   10    15  0   0.0%   0.413 AU:3    +
   18    27  0   0.0%   0.482 UG:3    +
    5    22  0   0.0%   0.255 GU:3    +
    6    21  0   0.0%   0.472 GU:3    +
    1    27  0   0.0%   0.019 CG:3    +
    9    15  0   0.0%   0.402 AU:3    +
   24    30  0   0.0%   0.578 AU:3    +
    7    16  0   0.0%   0.386 UA:3    +
    4    23  0   0.0%   0.181 UG:3    +
   14    21  0   0.0%   0.648 AU:3    +
    7    13  0   0.0%   0.187 UG:3    +
   18    24  0   0.0%   0.447 UA:3    +
   10    22  0   0.0%   0.627 AU:3    +
   25    30  0   0.0%   0.387 AU:3    +
    1    19  0   0.0%   0.016 CG:3    +
   15    31  0   0.0%   0.507 UG:3    +
   28    32  0   0.0%   1.187 GC:3    +
   15    19  0   0.0%   0.759 UG:3    +
   18    29  0   0.0%   0.529 UG:3    +
   16    30  0   0.0%   0.195 AU:3    +
    1    17  0   0.0%   0.016 CG:3    +
   14    22  0   0.0%   0.665 AU:3    +
   13    22  0   0.0%   0.880 GU:3    +
   16    21  0   0.0%   0.380 AU:3    +
   18    23  0   0.0%   0.493 UG:3    +
   11    31  0   0.0%   0.610 CG:3    +
    5    34  0   0.0%   0.473 GU:3    +
   11    23  0   0.0%   0.780 CG:3    +
   13    30  0   0.0%   0.695 GU:3    +
    3     7  0   0.0%   0.001 AU:3    +
    7    23  0   0.0%   0.378 UG:3    +
   13    21  0   0.0%   0.863 GU:3    +
    8    28  0   0.0%   0.968 CG:3    +
   11    27  0   0.0%   0.734 CG:3    +
   18    28  0   0.0%   0.566 UG:3    +
    8    27  0   0.0%   0.887 CG:3    +
    7    29  0   0.0%   0.947 UG:3    +
    7    28  0   0.0%   0.965 UG:3    +
   15    28  0   0.0%   0.762 UG:3    +
   21    25  0   0.0%   0.332 UA:3    +
   27    34  0   0.0%   0.921 GU:3    +
   12    24  0   0.0%   0.600 UA:3    +
   15    27  0   0.0%   0.678 UG:3    +
    5    18  0   0.0%   0.316 GU:3    +
   28    34  0   0.0%   0.941 GU:3    +
   25    34  0   0.0%   0.331 AU:3    +
    5    30  0   0.0%   0.524 GU:3    +
   22    31  0   0.0%   1.344 UG:3    +
   21    31  0   0.0%   1.155 UG:3    +
   12    31  0   0.0%   0.479 UG:3    +
   12    23  0   0.0%   0.649 UG:3    +
   29    34  0   0.0%   0.933 GU:3    +
   12    29  0   0.0%   0.698 UG:3    +
   17    30  0   0.0%   0.300 GU:3    +
   10    34  0   0.0%   0.352 AU:3    +
    4    31  0   0.0%   0.508 UG:3    +
   21    33  0   0.0%   0.871 UA:3    +
   12    25  0   0.0%   0.400 UA:3    +
    4    19  0   0.0%   0.255 UG:3    +
    6    30  0   0.0%   0.584 GU:3    +
    6    18  0   0.0%   0.525 GU:3    +
    9    34  0   0.0%   0.309 AU:3    +
    3    21  0   0.0%   0.268 AU:3    +
   24    34  0   0.0%   0.522 AU:3    +
    7    27  0   0.0%   0.884 UG:3    +
.....(((....))).((((((....))))))..
