3 sequence; length of alignment 145
alifold output
   59    66  0  84.2%   0.526 CG:3   
   53    72  0  84.2%   0.520 GC:3   
   52    73  0  84.1%   0.513 AU:3   
   51    74  0  84.0%   0.524 GC:3   
   58    67  0  84.0%   0.522 GU:3   
   57    68  0  83.1%   0.527 GU:3   
  106   121  0  81.5%   0.886 GC:3   
  105   122  0  81.5%   0.935 GC:3   
  107   120  0  81.5%   1.121 UA:3   
   54    71  0  81.3%   0.596 GC:3   
  108   119  0  80.6%   1.160 GC:3   
  110   117  0  79.3%   0.978 CG:3   
  104   123  0  78.8%   1.273 CG:3   
   56    69  0  77.9%   0.661 CG:3   
   98   128  0  72.0%   1.423 CG:3   
   97   129  0  72.0%   1.416 AU:3   
   96   130  0  71.5%   1.890 GU:3   
   95   131  0  70.7%   1.832 GC:3   
   60    65  0  68.3%   0.814 AU:3   
   81    90  0  67.9%   1.540 GC:3   
   80    91  0  67.9%   1.180 UA:3   
   82    89  0  67.8%   1.534 AU:3   
   79    92  0  67.5%   1.418 CG:3   
   83    88  0  66.7%   1.547 GC:3   
   18    27  0  50.5%   1.718 CG:3   
   17    28  0  50.3%   1.449 UA:3   
   16    29  0  49.1%   1.449 UG:3   
   44   141  0  46.4%   2.445 CG:3   
   45   140  0  46.4%   2.525 CG:3   
   15    30  0  46.0%   1.121 AU:3   
   43   142  0  45.7%   1.960 UA:3   
   48   137  0  45.1%   2.171 GC:3   
   49   136  0  45.1%   2.164 GC:3   
   10    35  0  44.4%   1.359 UA:3   
    9    36  0  44.2%   1.099 CG:3   
    3    27  0  44.2%   1.087 CG:3    +
   11    34  0  44.1%   1.754 GC:3   
    2    28  0  43.8%   1.087 UA:3    +
   46   139  0  43.3%   2.637 UG:3   
  100   125  0  43.2%   1.769 GC:3   
  101   124  0  43.0%   2.148 CG:3   
    4    26  0  42.8%   1.111 AU:3    +
   42   143  0  42.3%   1.641 AU:3   
    2    40  0  41.9%   1.472 UA:3   
    3    39  0  41.6%   1.492 CG:3   
    1    41  0  41.5%   1.470 CG:3   
   77    93  0  41.0%   1.425 GC:3   
   19    26  0  40.9%   2.139 AU:3   
    1    29  0  40.7%   1.101 CG:3    +
   94   132  0  40.2%   2.051 UA:3    +
  111   116  0  39.5%   1.836 GU:3    +
   35   138  0  38.6%   1.884 AU:3    +
   34   139  0  38.2%   2.065 CG:3    +
   33   140  0  37.5%   1.883 CG:3    +
   36   137  0  36.8%   1.847 GC:3    +
   32   141  0  36.6%   1.792 CG:3    +
   50   135  0  35.1%   2.264 UA:3   
    8    23  0  34.5%   1.336 GC:3    +
    7    24  0  34.3%   1.350 AU:3    +
    5    38  0  33.9%   1.164 CG:3   
    6    25  0  32.2%   1.337 AU:3    +
   47    81  0  31.9%   1.341 CG:3    +
   46    82  0  31.9%   1.332 UA:3    +
   76    94  0  31.8%   1.399 AU:3   
   49    79  0  31.8%   1.194 GC:3    +
   48    80  0  31.8%   1.153 GU:3    +
   45    83  0  31.7%   1.355 CG:3    +
   11    20  0  31.1%   1.599 GC:3    +
   40    89  0  31.0%   1.659 AU:3    +
   41    88  0  30.9%   1.684 GC:3    +
   39    90  0  30.5%   1.857 GC:3    +
    8    37  0  29.8%   1.982 GU:3   
   50    75  0  28.8%   1.126 UA:3    +
   12    19  0  27.8%   1.345 UA:3    +
   42    86  0  19.7%   1.013 AU:3    +
   43    85  0  18.5%   0.978 UG:3    +
   50    78  0  17.0%   1.366 UA:3    +
   57   110  0  13.8%   1.047 GC:3    +
   56   111  0  13.8%   1.132 CG:3    +
   59   108  0  13.8%   1.070 CG:3    +
   48   122  0  13.4%   1.236 GC:3    +
   49   121  0  13.4%   1.275 GC:3    +
   50   120  0  13.4%   1.536 UA:3    +
   47   123  0  13.4%   1.427 CG:3    +
   93   134  0  13.3%   1.612 CG:3    +
   51   119  0  13.3%   1.052 GC:3    +
   60   107  0  13.2%   1.103 AU:3    +
   65   102  0  13.1%   1.109 UA:3    +
   64   103  0  13.1%   0.849 UA:3    +
   66   101  0  13.1%   1.182 GC:3    +
   63   104  0  13.1%   0.842 GC:3    +
   67   100  0  13.1%   1.194 UG:3    +
  101   126  0  12.9%   2.256 CG:3    +
   68    99  0  12.9%   1.187 UG:3    +
   11    18  0  12.9%   0.816 GC:3    +
   36    93  0  12.8%   1.185 GC:3    +
   55   112  0  12.8%   0.911 AU:3    +
   44   126  0  12.8%   1.248 CG:3    +
   10    19  0  12.7%   0.801 UA:3    +
   43   127  0  12.5%   1.267 UA:3    +
   69    98  0  12.3%   1.167 GC:3    +
   35    94  0  12.2%   1.159 AU:3    +
   38   136  0  12.1%   1.626 GC:3    +
   37    92  0  11.8%   1.488 UG:3    +
   34    95  0  11.6%   1.180 CG:3    +
    6    37  0  11.2%   1.365 AU:3    +
   46   124  0  11.1%   1.451 UG:3    +
   44    85  0  10.4%   1.137 CG:3    +
   72    95  0  10.4%   1.147 CG:3    +
   71    96  0  10.0%   1.152 CG:3    +
   33    96  0   9.9%   0.791 CG:3    +
    8    20  0   9.4%   0.669 GC:3    +
    7    21  0   9.3%   0.667 AU:3    +
    6    22  0   8.7%   0.651 AU:3    +
   40   130  0   8.1%   1.862 AU:3    +
   39   131  0   8.1%   2.049 GC:3    +
   94   133  0   6.8%   1.745 UA:3    +
   31   141  0   6.4%   0.938 CG:3    +
   30   142  0   6.3%   1.165 UA:3    +
    9   100  0   6.2%   0.920 CG:3    +
   10    99  0   6.2%   1.195 UG:3    +
    8   101  0   6.2%   1.529 GC:3    +
   11    98  0   6.1%   1.586 GC:3    +
   32   140  0   5.6%   0.838 CG:3    +
   12    97  0   5.5%   0.919 UA:3    +
   53   115  0   4.8%   0.671 GC:3    +
   38   131  0   4.8%   1.093 GC:3    +
   37   132  0   4.7%   1.470 UA:3    +
   39   130  0   4.6%   1.594 GU:3    +
   41   129  0   4.5%   1.568 GU:3    +
   53   116  0   4.5%   0.938 GU:3    +
   54   115  0   4.4%   0.834 GC:3    +
   40   129  0   4.3%   1.384 AU:3    +
   52   116  0   4.2%   0.632 AU:3    +
  118   125  0   4.0%   0.933 GC:3    +
  115   128  0   4.0%   1.131 CG:3    +
  119   124  0   4.0%   1.659 CG:3    +
  116   127  0   4.0%   1.504 UA:3    +
   40    46  0   3.8%   0.843 AU:3    +
   39    47  0   3.8%   1.031 GC:3    +
   41    45  0   3.7%   0.932 GC:3    +
   33   139  0   3.6%   0.842 CG:3    +
    3   139  0   3.5%   1.195 CG:3    +
    2   140  0   3.5%   1.172 UG:3    +
    1   141  0   3.4%   1.143 CG:3    +
  114   129  0   3.1%   0.969 AU:3    +
   37   135  0   3.0%   1.524 UA:3    +
   73    97  0   2.9%   0.700 UA:3    +
   74    96  0   2.9%   1.089 CG:3    +
    4   138  0   2.6%   0.699 AU:3    +
   29   143  0   2.5%   1.220 GU:3    +
   36   136  0   2.0%   0.906 GC:3    +
  113   130  0   1.9%   0.979 GU:3    +
   72    99  0   1.9%   1.165 CG:3    +
   71   100  0   1.9%   1.146 CG:3    +
   47   139  0   1.8%   2.157 CG:3    +
  113   131  0   1.8%   1.070 GC:3    +
   39    44  0   1.7%   0.756 GC:3    +
   38    45  0   1.7%   0.757 GC:3    +
  110   118  0   1.7%   0.785 CG:3    +
   70   101  0   1.4%   0.750 GC:3    +
  112   132  0   1.4%   1.150 UA:3    +
  129   135  0   1.4%   1.520 UA:3    +
   45   124  0   1.4%   0.857 CG:3    +
  128   136  0   1.4%   1.610 GC:3    +
  106   136  0   1.3%   1.200 GC:3    +
  105   137  0   1.3%   1.302 GC:3    +
  107   135  0   1.3%   1.245 UA:3    +
   31    39  0   1.3%   0.606 CG:3    +
   32    38  0   1.3%   0.584 CG:3    +
   67   103  0   1.3%   0.905 UA:3    +
   66   104  0   1.3%   0.881 GC:3    +
   48   138  0   1.3%   1.751 GU:3    +
   49   137  0   1.3%   1.996 GC:3    +
   68   102  0   1.2%   0.895 UA:3    +
    3   126  0   1.2%   0.949 CG:3    +
    2   127  0   1.2%   0.924 UA:3    +
   99   110  0   1.2%   1.038 GC:3    +
   30    40  0   1.2%   0.938 UA:3    +
   98   111  0   1.2%   0.913 CG:3    +
  101   108  0   1.2%   1.047 CG:3    +
  130   134  0   1.2%   1.449 UG:3    +
    1   128  0   1.1%   0.893 CG:3    +
  131   140  0   1.1%   2.205 CG:3    +
  130   141  0   1.1%   2.209 UG:3    +
   74    95  0   1.1%   0.848 CG:3    +
  129   142  0   1.1%   1.549 UA:3    +
   97   112  0   1.1%   0.713 AU:3    +
   65   105  0   1.1%   0.723 UG:3    +
   37    49  0   1.0%   0.852 UG:3    +
   14    27  0   1.0%   0.510 CG:3    +
   47    77  0   1.0%   0.341 CG:3    +
   15    26  0   1.0%   0.505 AU:3    +
   13    28  0   1.0%   0.500 UA:3    +
   64   106  0   0.9%   0.458 UG:3    +
  128   143  0   0.9%   1.259 GU:3    +
   23   134  0   0.9%   0.549 CG:3    +
   72    96  0   0.9%   1.028 CG:3    +
   22   135  0   0.9%   0.408 UA:3    +
  102   107  0   0.9%   0.766 AU:3    +
   20    29  0   0.9%   1.462 CG:3    +
  114   130  0   0.9%   1.056 AU:3    +
  109   119  0   0.9%   0.617 GC:3    +
    9    58  0   0.9%   0.485 CG:3    +
   11    56  0   0.9%   1.152 GC:3    +
   21    28  0   0.9%   1.106 UA:3    +
   10    57  0   0.9%   0.760 UG:3    +
    8    59  0   0.8%   1.095 GC:3    +
   19    50  0   0.8%   1.155 AU:3    +
   18    51  0   0.8%   0.736 CG:3    +
   46    78  0   0.8%   0.319 UA:3    +
   20    49  0   0.8%   0.764 CG:3    +
  131   139  0   0.8%   2.111 CG:3    +
   12    55  0   0.8%   0.520 UA:3    +
   92   136  0   0.8%   1.424 GC:3    +
   69   101  0   0.8%   1.062 GC:3    +
  127   138  0   0.8%   1.297 AU:3    +
   13    54  0   0.8%   0.164 UG:3    +
   19    30  0   0.8%   1.466 AU:3    +
  128   137  0   0.8%   1.685 GC:3    +
  132   138  0   0.8%   1.438 AU:3    +
   17    52  0   0.8%   0.468 UA:3    +
   24   133  0   0.8%   0.527 UA:3    +
   41   131  0   0.8%   1.598 GC:3    +
  125   134  0   0.8%   1.106 CG:3    +
    5   124  0   0.7%   0.570 CG:3    +
   31    41  0   0.7%   0.597 CG:3    +
  104   111  0   0.7%   0.798 CG:3    +
   42   130  0   0.7%   0.888 AU:3    +
  105   110  0   0.7%   0.524 GC:3    +
   21    48  0   0.7%   0.390 UG:3    +
   14    53  0   0.7%   0.154 CG:3    +
   45    53  0   0.7%   0.377 CG:3    +
   46    52  0   0.7%   0.304 UA:3    +
   44    54  0   0.7%   0.236 CG:3    +
   22    27  0   0.7%   1.091 UG:3    +
   75    94  0   0.7%   0.728 AU:3    +
   47    51  0   0.7%   0.318 CG:3    +
   30   127  0   0.7%   0.701 UA:3    +
   31   126  0   0.7%   0.325 CG:3    +
    3    41  0   0.7%   1.214 CG:3    +
   32    39  0   0.7%   0.646 CG:3    +
   33    38  0   0.7%   0.572 CG:3    +
  103   112  0   0.6%   0.778 AU:3    +
   18   139  0   0.6%   0.915 CG:3    +
   19   138  0   0.6%   1.302 AU:3    +
  125   140  0   0.6%   1.849 CG:3    +
   30    42  0   0.6%   0.561 UA:3    +
    5    39  0   0.6%   0.877 CG:3    +
  110   134  0   0.6%   1.101 CG:3    +
  124   136  0   0.6%   1.854 GC:3    +
   27   131  0   0.6%   0.996 GC:3    +
   12    29  0   0.6%   0.827 UG:3    +
   93   124  0   0.6%   1.110 CG:3    +
   95   122  0   0.6%   0.953 GC:3    +
   94   123  0   0.6%   1.061 UG:3    +
   96   121  0   0.6%   1.031 GC:3    +
   92   125  0   0.5%   0.664 GC:3    +
   25   132  0   0.5%   0.503 UA:3    +
  100   115  0   0.5%   0.935 GC:3    +
   99   116  0   0.5%   1.030 GU:3    +
   98   117  0   0.5%   0.616 CG:3    +
  123   137  0   0.5%   1.518 GC:3    +
   28   130  0   0.5%   0.961 AU:3    +
   43    87  0   0.5%   0.435 UA:3    +
   29   101  0   0.5%   1.117 GC:3    +
  130   140  0   0.5%   2.132 UG:3    +
   73    96  0   0.5%   0.812 UG:3    +
  109   136  0   0.5%   1.000 GC:3    +
   27    47  0   0.5%   0.909 GC:3    +
   31    99  0   0.5%   0.368 CG:3    +
   28    46  0   0.5%   0.883 AU:3    +
  108   137  0   0.5%   1.514 GC:3    +
   30   100  0   0.5%   0.754 UG:3    +
   73    95  0   0.5%   0.752 UG:3    +
   56    70  0   0.5%   0.344 CG:3    +
    7    37  0   0.5%   0.943 AU:3    +
   12   142  0   0.5%   0.701 UA:3    +
   63   136  0   0.5%   1.091 GC:3    +
   62   137  0   0.5%   0.893 GC:3    +
  126   137  0   0.5%   1.753 GC:3    +
   11   143  0   0.5%   1.347 GU:3    +
   13   141  0   0.4%   0.350 UG:3    +
   13    96  0   0.4%   0.164 UG:3    +
   28   129  0   0.4%   0.920 AU:3    +
   64   135  0   0.4%   0.941 UA:3    +
   29    45  0   0.4%   0.885 GC:3    +
   89   127  0   0.4%   1.097 UA:3    +
   90   126  0   0.4%   1.123 CG:3    +
   88   128  0   0.4%   0.835 CG:3    +
   61   138  0   0.4%   0.660 AU:3    +
   26   132  0   0.4%   0.926 UA:3    +
   14   140  0   0.4%   0.326 CG:3    +
   69   131  0   0.4%   1.016 GC:3    +
   27   130  0   0.4%   0.949 GU:3    +
   46   127  0   0.4%   1.279 UA:3    +
   68   132  0   0.4%   0.769 UA:3    +
   47   126  0   0.4%   1.327 CG:3    +
   10   144  0   0.4%   0.961 UA:3    +
   45   128  0   0.4%   0.854 CG:3    +
   43    55  0   0.4%   0.135 UA:3    +
   71    99  0   0.4%   0.962 CG:3    +
  111   115  0   0.4%   0.766 GC:3    +
   65   134  0   0.4%   0.763 UG:3    +
   48   125  0   0.4%   0.762 GC:3    +
   33    39  0   0.3%   0.618 CG:3    +
   34    38  0   0.3%   0.929 CG:3    +
   87   129  0   0.3%   0.439 AU:3    +
   37   133  0   0.3%   1.251 UA:3    +
   17   140  0   0.3%   0.626 UG:3    +
   96   131  0   0.3%   1.721 GC:3    +
    3    38  0   0.3%   0.423 CG:3    +
   37    91  0   0.3%   0.768 UA:3    +
   58    64  0   0.3%   0.098 GU:3    +
   56    66  0   0.3%   0.114 CG:3    +
   57    65  0   0.3%   0.096 GU:3    +
   59    63  0   0.3%   0.112 CG:3    +
  129   141  0   0.3%   1.964 UG:3    +
   55    67  0   0.3%   0.132 AU:3    +
    4    37  0   0.3%   0.436 AU:3    +
   38    90  0   0.3%   0.651 GC:3    +
    5    11  0   0.3%   0.052 CG:3    +
   67   133  0   0.3%   0.644 UA:3    +
   29   129  0   0.3%   0.968 GU:3    +
    9   134  0   0.3%   0.652 CG:3    +
   99   104  0   0.3%   0.959 GC:3    +
   14    95  0   0.3%   0.136 CG:3    +
    2    42  0   0.3%   0.790 UA:3    +
    3   141  0   0.2%   1.128 CG:3    +
    6    24  0   0.2%   0.271 AU:3    +
    4    12  0   0.2%   0.044 AU:3    +
   25   133  0   0.2%   0.535 UA:3    +
    5    36  0   0.2%   0.069 CG:3    +
   10   133  0   0.2%   0.924 UA:3    +
   16   142  0   0.2%   0.481 UA:3    +
    9   118  0   0.2%   0.622 CG:3    +
   97   130  0   0.2%   1.310 AU:3    +
    8   119  0   0.2%   1.231 GC:3    +
   14   113  0   0.2%   0.152 CG:3    +
   19   107  0   0.2%   1.131 AU:3    +
   20   106  0   0.2%   0.740 CG:3    +
   18   108  0   0.2%   0.704 CG:3    +
   15   112  0   0.2%   0.453 AU:3    +
   17   141  0   0.2%   0.651 UG:3    +
   10   117  0   0.2%   0.897 UG:3    +
    2   142  0   0.2%   0.981 UA:3    +
   37   134  0   0.2%   1.263 UG:3    +
   55   129  0   0.2%   0.745 AU:3    +
   32    99  0   0.2%   0.356 CG:3    +
   56   128  0   0.2%   0.727 CG:3    +
   54   130  0   0.2%   0.902 GU:3    +
   53   131  0   0.2%   0.980 GC:3    +
   98   105  0   0.2%   0.558 CG:3    +
   13   114  0   0.2%   0.163 UA:3    +
   32   139  0   0.2%   0.351 CG:3    +
   31   140  0   0.2%   0.426 CG:3    +
   18   140  0   0.2%   0.926 CG:3    +
   26   102  0   0.2%   0.853 UA:3    +
  104   139  0   0.2%   1.749 CG:3    +
   29    98  0   0.2%   1.049 GC:3    +
   21   105  0   0.2%   0.365 UG:3    +
   16   111  0   0.2%   0.407 UG:3    +
  122   139  0   0.2%   1.657 CG:3    +
   27   101  0   0.2%   1.075 GC:3    +
  121   140  0   0.2%   1.629 CG:3    +
   15   143  0   0.2%   0.501 AU:3    +
   54   116  0   0.2%   0.731 GU:3    +
    5   139  0   0.2%   0.659 CG:3    +
   31   100  0   0.2%   0.380 CG:3    +
   45   126  0   0.2%   1.092 CG:3    +
   30    97  0   0.2%   0.690 UA:3    +
   29    43  0   0.2%   0.838 GU:3    +
   25   103  0   0.2%   0.437 UA:3    +
   17   109  0   0.2%   0.433 UG:3    +
   58   125  0   0.2%   0.297 GC:3    +
   59   124  0   0.2%   0.905 CG:3    +
   58    71  0   0.2%   0.418 GC:3    +
   57    72  0   0.2%   0.395 GC:3    +
  125   139  0   0.2%   1.801 CG:3    +
    5    41  0   0.2%   0.872 CG:3    +
    6    10  0   0.2%   0.036 AU:3    +
   91   138  0   0.2%   0.909 AU:3    +
   90   139  0   0.2%   1.816 CG:3    +
   89   140  0   0.2%   1.796 UG:3    +
   88   141  0   0.2%   1.802 CG:3    +
    6   138  0   0.2%   0.988 AU:3    +
   18   126  0   0.2%   0.765 CG:3    +
   54    74  0   0.2%   0.439 GC:3    +
   17   127  0   0.2%   0.500 UA:3    +
   55    73  0   0.2%   0.270 AU:3    +
  126   138  0   0.2%   1.401 GU:3    +
   16   128  0   0.2%   0.472 UG:3    +
   92   137  0   0.2%   1.458 GC:3    +
   44   128  0   0.2%   0.730 CG:3    +
  111   131  0   0.2%   1.544 GC:3    +
  105   138  0   0.2%   0.990 GU:3    +
   27    34  0   0.2%   1.200 GC:3    +
  106   137  0   0.2%   1.227 GC:3    +
   15   129  0   0.2%   0.463 AU:3    +
   59    70  0   0.2%   0.275 CG:3    +
   26    35  0   0.2%   1.178 UA:3    +
    2    39  0   0.2%   0.403 UG:3    +
    5    27  0   0.1%   0.408 CG:3    +
  108   136  0   0.1%   1.392 GC:3    +
   38    47  0   0.1%   0.648 GC:3    +
   31    96  0   0.1%   0.163 CG:3    +
   93   100  0   0.1%   1.224 CG:3    +
   23    38  0   0.1%   0.797 CG:3    +
   22    39  0   0.1%   0.703 UG:3    +
   21    40  0   0.1%   0.674 UA:3    +
   20    41  0   0.1%   1.075 CG:3    +
   92   101  0   0.1%   1.131 GC:3    +
   39    89  0   0.1%   0.773 GU:3    +
   26    48  0   0.1%   0.855 UG:3    +
   11   116  0   0.1%   1.276 GU:3    +
  106   115  0   0.1%   0.416 GC:3    +
  105   116  0   0.1%   0.471 GU:3    +
  124   137  0   0.1%   1.901 GC:3    +
  107   114  0   0.1%   0.385 UA:3    +
  123   138  0   0.1%   1.181 GU:3    +
   30   141  0   0.1%   0.789 UG:3    +
  104   117  0   0.1%   0.455 CG:3    +
   94    99  0   0.1%   1.278 UG:3    +
   37    48  0   0.1%   0.728 UG:3    +
   77    94  0   0.1%   1.108 GU:3    +
   16    53  0   0.1%   0.416 UG:3    +
    8    21  0   0.1%   0.471 GU:3    +
    6    26  0   0.1%   0.992 AU:3    +
   98   126  0   0.1%   1.004 CG:3    +
   85   131  0   0.1%   1.044 GC:3    +
   78    94  0   0.1%   1.036 AU:3    +
   46   140  0   0.1%   2.349 UG:3    +
   16   141  0   0.1%   0.577 UG:3    +
   50    77  0   0.1%   0.485 UG:3    +
    7    22  0   0.1%   0.460 AU:3    +
   59   109  0   0.1%   0.543 CG:3    +
   32    95  0   0.1%   0.144 CG:3    +
   31    54  0   0.1%   0.165 CG:3    +
   30    55  0   0.1%   0.547 UA:3    +
   32    53  0   0.1%   0.164 CG:3    +
   29    56  0   0.1%   0.894 GC:3    +
   27    45  0   0.1%   0.846 GC:3    +
   35    50  0   0.1%   0.439 AU:3    +
   34    51  0   0.1%   0.460 CG:3    +
   25    36  0   0.1%   0.781 UG:3    +
  101   113  0   0.1%   0.691 CG:3    +
   45   141  0   0.1%   2.201 CG:3    +
   58   110  0   0.1%   0.518 GC:3    +
   27    44  0   0.1%   0.838 GC:3    +
   54   131  0   0.1%   0.893 GC:3    +
   42   129  0   0.1%   0.725 AU:3    +
   60    68  0   0.1%   0.460 AU:3    +
   61    67  0   0.1%   0.201 AU:3    +
   99   125  0   0.1%   0.778 GC:3    +
   26    60  0   0.1%   0.822 UA:3    +
   27    59  0   0.1%   0.918 GC:3    +
   11   131  0   0.1%   1.284 GC:3    +
   25    61  0   0.1%   0.409 UA:3    +
   24    62  0   0.1%   0.415 UG:3    +
   23    63  0   0.1%   0.407 CG:3    +
   39    46  0   0.1%   0.658 GU:3    +
    8   136  0   0.1%   1.230 GC:3    +
   30   135  0   0.1%   0.630 UA:3    +
   31   134  0   0.1%   0.281 CG:3    +
  126   131  0   0.1%   1.550 GC:3    +
   28    43  0   0.1%   0.818 AU:3    +
   29   136  0   0.1%   0.921 GC:3    +
    7    25  0   0.1%   0.985 AU:3    +
   58    68  0   0.1%   0.385 GU:3    +
   11    31  0   0.1%   0.672 GC:3    +
   20    66  0   0.1%   0.702 CG:3    +
   70    98  0   0.1%   0.505 GC:3    +
   50    76  0   0.1%   0.428 UA:3    +
   41   130  0   0.1%   1.511 GU:3    +
   15    94  0   0.1%   0.421 AU:3    +
  101   128  0   0.1%   1.698 CG:3    +
   84    92  0   0.1%   0.538 CG:3    +
    1    39  0   0.1%   0.386 CG:3    +
   99   122  0   0.1%   0.996 GC:3    +
  100   121  0   0.1%   0.911 GC:3    +
   83    93  0   0.1%   1.292 GC:3    +
   63    71  0   0.1%   0.226 GC:3    +
   62    72  0   0.1%   0.190 GC:3    +
   98   123  0   0.1%   0.869 CG:3    +
   64    70  0   0.1%   0.077 UG:3    +
    3   140  0   0.1%   1.094 CG:3    +
    5   106  0   0.1%   0.469 CG:3    +
   62    67  0   0.1%   0.203 GU:3    +
  100   129  0   0.1%   1.593 GU:3    +
    4   107  0   0.1%   0.418 AU:3    +
   59    69  0   0.1%   0.427 CG:3    +
   95   101  0   0.1%   1.188 GC:3    +
   10   132  0   0.1%   0.891 UA:3    +
  112   118  0   0.1%   0.480 UG:3    +
  111   119  0   0.1%   1.286 GC:3    +
   23    27  0   0.1%   1.182 CG:3    +
  108   122  0   0.1%   1.012 GC:3    +
  109   121  0   0.1%   0.557 GC:3    +
   61    73  0   0.1%   0.193 AU:3    +
    3   108  0   0.1%   0.795 CG:3    +
   36    47  0   0.1%   0.430 GC:3    +
   27   137  0   0.1%   0.947 GC:3    +
   11    32  0   0.1%   0.675 GC:3    +
   23   141  0   0.1%   0.643 CG:3    +
   19    37  0   0.1%   1.693 AU:3    +
  107   123  0   0.1%   1.035 UG:3    +
   18    38  0   0.1%   1.015 CG:3    +
   20    36  0   0.1%   1.020 CG:3    +
   32   124  0   0.1%   0.191 CG:3    +
  105   125  0   0.1%   0.751 GC:3    +
   24   140  0   0.1%   0.640 UG:3    +
    2    38  0   0.1%   0.378 UG:3    +
   43   128  0   0.1%   0.733 UG:3    +
   93   128  0   0.1%   0.849 CG:3    +
   14    54  0   0.1%   0.136 CG:3    +
   11   104  0   0.1%   1.257 GC:3    +
   94   127  0   0.1%   1.148 UA:3    +
    9   106  0   0.1%   0.595 CG:3    +
   10   105  0   0.1%   0.865 UG:3    +
    8   125  0   0.1%   1.217 GC:3    +
    9   124  0   0.1%   0.644 CG:3    +
   24   134  0   0.1%   0.515 UG:3    +
   12   103  0   0.1%   0.614 UA:3    +
  104   126  0   0.1%   1.297 CG:3    +
   19    67  0   0.1%   1.088 AU:3    +
   92   129  0   0.1%   0.951 GU:3    +
    8   107  0   0.1%   1.203 GU:3    +
   96   125  0   0.1%   0.785 GC:3    +
   61    68  0   0.1%   0.204 AU:3    +
   11    33  0   0.1%   0.681 GC:3    +
    8    33  0   0.1%   0.619 GC:3    +
   19    25  0   0.1%   1.008 AU:3    +
   21    35  0   0.1%   0.646 UA:3    +
   56   113  0   0.1%   0.599 CG:3    +
   22    28  0   0.1%   1.063 UA:3    +
   22   142  0   0.1%   0.391 UA:3    +
   17    39  0   0.1%   0.774 UG:3    +
  102   112  0   0.1%   0.732 AU:3    +
   38    93  0   0.1%   0.893 GC:3    +
   44    49  0   0.1%   0.186 CG:3    +
  104   140  0   0.1%   1.719 CG:3    +
   50   134  0   0.1%   1.103 UG:3    +
   14   141  0   0.0%   0.326 CG:3    +
   40   145  0   0.0%   1.276 AU:3    +
   16    40  0   0.0%   0.729 UA:3    +
   11    17  0   0.0%   0.030 GU:3    +
   13   102  0   0.0%   0.129 UA:3    +
    2   141  0   0.0%   1.064 UG:3    +
   20   124  0   0.0%   0.760 CG:3    +
   25   139  0   0.0%   0.634 UG:3    +
    5    62  0   0.0%   0.459 CG:3    +
   39   136  0   0.0%   1.819 GC:3    +
  106   138  0   0.0%   0.940 GU:3    +
  131   141  0   0.0%   2.120 CG:3    +
   73   127  0   0.0%   0.716 UA:3    +
   74   126  0   0.0%   0.730 CG:3    +
   72   128  0   0.0%   0.655 CG:3    +
  133   138  0   0.0%   1.012 AU:3    +
   20   139  0   0.0%   0.886 CG:3    +
   87   143  0   0.0%   0.554 AU:3    +
  126   136  0   0.0%   1.626 GC:3    +
   74    81  0   0.0%   0.535 CG:3    +
   14   128  0   0.0%   0.196 CG:3    +
   46   123  0   0.0%   0.618 UG:3    +
   73    82  0   0.0%   0.537 UA:3    +
   57   112  0   0.0%   0.792 GU:3    +
   86   144  0   0.0%   0.363 UA:3    +
   18   113  0   0.0%   0.697 CG:3    +
   13   142  0   0.0%   0.215 UA:3    +
   82    94  0   0.0%   1.318 AU:3    +
   19   112  0   0.0%   1.119 AU:3    +
   70   130  0   0.0%   0.577 GU:3    +
   20   111  0   0.0%   0.728 CG:3    +
   13    19  0   0.0%   0.629 UA:3    +
   38   137  0   0.0%   1.407 GC:3    +
   10   123  0   0.0%   0.880 UG:3    +
   14   117  0   0.0%   0.146 CG:3    +
   17   114  0   0.0%   0.431 UA:3    +
   61    65  0   0.0%   0.298 AU:3    +
   15   116  0   0.0%   0.442 AU:3    +
  100   119  0   0.0%   0.888 GC:3    +
   60    64  0   0.0%   0.039 AU:3    +
   91   130  0   0.0%   0.754 AU:3    +
   41    47  0   0.0%   0.760 GC:3    +
   72    83  0   0.0%   0.539 CG:3    +
  101   118  0   0.0%   0.684 CG:3    +
  130   142  0   0.0%   1.623 UA:3    +
   65    69  0   0.0%   0.498 UG:3    +
   99   130  0   0.0%   1.417 GU:3    +
   41    56  0   0.0%   0.647 GC:3    +
  101   123  0   0.0%   0.981 CG:3    +
   32    96  0   0.0%   0.159 CG:3    +
    9   128  0   0.0%   0.661 CG:3    +
    4    24  0   0.0%   0.025 AU:3    +
   55   130  0   0.0%   0.840 AU:3    +
    8   129  0   0.0%   1.219 GU:3    +
   39    45  0   0.0%   0.717 GC:3    +
   54    68  0   0.0%   0.100 GU:3    +
   56    63  0   0.0%   0.068 CG:3    +
   23   108  0   0.0%   0.422 CG:3    +
   55    64  0   0.0%   0.080 AU:3    +
    5   128  0   0.0%   0.556 CG:3    +
   18    69  0   0.0%   0.664 CG:3    +
   94   102  0   0.0%   1.037 UA:3    +
   32    41  0   0.0%   0.565 CG:3    +
   13   118  0   0.0%   0.157 UG:3    +
    2   109  0   0.0%   0.769 UG:3    +
   30   144  0   0.0%   0.786 UA:3    +
   75    80  0   0.0%   0.735 AU:3    +
   71    85  0   0.0%   0.745 CG:3    +
   20    27  0   0.0%   1.357 CG:3    +
   22   109  0   0.0%   0.298 UG:3    +
   54    65  0   0.0%   0.093 GU:3    +
   85   145  0   0.0%   0.580 GU:3    +
   50   118  0   0.0%   0.749 UG:3    +
   14    96  0   0.0%   0.138 CG:3    +
   70    86  0   0.0%   0.372 GU:3    +
   11   122  0   0.0%   1.267 GC:3    +
    8    24  0   0.0%   0.994 GU:3    +
   27   104  0   0.0%   0.889 GC:3    +
   31   128  0   0.0%   0.271 CG:3    +
   10   127  0   0.0%   0.935 UA:3    +
    5   140  0   0.0%   0.646 CG:3    +
   26   105  0   0.0%   0.848 UG:3    +
   13    55  0   0.0%   0.135 UA:3    +
   52    67  0   0.0%   0.086 AU:3    +
    4    25  0   0.0%   0.026 AU:3    +
   42    46  0   0.0%   0.215 AU:3    +
    7   130  0   0.0%   0.638 AU:3    +
    4   129  0   0.0%   0.417 AU:3    +
   11    30  0   0.0%   0.661 GU:3    +
   45   139  0   0.0%   1.401 CG:3    +
   34    48  0   0.0%   0.446 CG:3    +
   65   135  0   0.0%   1.182 UA:3    +
   51    68  0   0.0%   0.091 GU:3    +
   13    97  0   0.0%   0.281 UA:3    +
   97   107  0   0.0%   0.579 AU:3    +
   33    49  0   0.0%   0.112 CG:3    +
   44   140  0   0.0%   1.367 CG:3    +
  130   135  0   0.0%   1.567 UA:3    +
   98   106  0   0.0%   0.539 CG:3    +
   25   106  0   0.0%   0.438 UG:3    +
    1     8  0   0.0%   0.006 CG:3    +
   14   126  0   0.0%   0.187 CG:3    +
   57    71  0   0.0%   0.387 GC:3    +
    3    11  0   0.0%   0.007 CG:3    +
   13   127  0   0.0%   0.199 UA:3    +
    2     7  0   0.0%   0.006 UA:3    +
   33    95  0   0.0%   0.094 CG:3    +
   46    76  0   0.0%   0.202 UA:3    +
   23    41  0   0.0%   0.812 CG:3    +
   51   131  0   0.0%   0.928 GC:3    +
   18   141  0   0.0%   0.922 CG:3    +
    9    29  0   0.0%   0.373 CG:3    +
   22    42  0   0.0%   0.292 UA:3    +
    5   134  0   0.0%   0.508 CG:3    +
   38    59  0   0.0%   0.652 GC:3    +
   45    77  0   0.0%   0.265 CG:3    +
    2    41  0   0.0%   1.113 UG:3    +
   24    40  0   0.0%   0.774 UA:3    +
   69    74  0   0.0%   0.371 GC:3    +
  112   133  0   0.0%   0.731 UA:3    +
   49   119  0   0.0%   0.483 GC:3    +
   52   130  0   0.0%   0.798 AU:3    +
   68    75  0   0.0%   0.543 UA:3    +
    4    10  0   0.0%   0.005 AU:3    +
   50   123  0   0.0%   1.279 UG:3    +
   41    90  0   0.0%   1.340 GC:3    +
    4   112  0   0.0%   0.413 AU:3    +
    5   111  0   0.0%   0.464 CG:3    +
   32   126  0   0.0%   0.243 CG:3    +
   20   140  0   0.0%   0.901 CG:3    +
   57   125  0   0.0%   0.537 GC:3    +
    8    30  0   0.0%   0.610 GU:3    +
    3   113  0   0.0%   0.791 CG:3    +
   17   142  0   0.0%   0.514 UA:3    +
   21   139  0   0.0%   0.509 UG:3    +
   11   125  0   0.0%   1.271 GC:3    +
   48    79  0   0.0%   0.063 GC:3    +
   25    39  0   0.0%   0.815 UG:3    +
   11   115  0   0.0%   1.253 GC:3    +
   42    89  0   0.0%   0.750 AU:3    +
   63   107  0   0.0%   0.599 GU:3    +
   14    41  0   0.0%   0.466 CG:3    +
   56   126  0   0.0%   0.980 CG:3    +
   61   107  0   0.0%   0.321 AU:3    +
    1   140  0   0.0%   0.798 CG:3    +
   59   123  0   0.0%   0.795 CG:3    +
   43   126  0   0.0%   0.490 UG:3    +
   10    28  0   0.0%   0.642 UA:3    +
   21    29  0   0.0%   1.067 UG:3    +
   19    68  0   0.0%   1.084 AU:3    +
   12   124  0   0.0%   0.653 UG:3    +
   16    52  0   0.0%   0.361 UA:3    +
   81   131  0   0.0%   1.101 GC:3    +
   82   130  0   0.0%   1.098 AU:3    +
   37    60  0   0.0%   0.724 UA:3    +
   41   145  0   0.0%   1.153 GU:3    +
   53   129  0   0.0%   0.859 GU:3    +
   25    49  0   0.0%   0.432 UG:3    +
   93   109  0   0.0%   0.684 CG:3    +
   99   137  0   0.0%   1.526 GC:3    +
   92   110  0   0.0%   0.821 GC:3    +
    8    34  0   0.0%   0.615 GC:3    +
   14    29  0   0.0%   0.449 CG:3    +
    8   137  0   0.0%   1.222 GC:3    +
  100   136  0   0.0%   1.749 GC:3    +
   39    88  0   0.0%   0.748 GC:3    +
   38    46  0   0.0%   0.618 GU:3    +
  104   141  0   0.0%   1.726 CG:3    +
   94   108  0   0.0%   0.992 UG:3    +
   51   122  0   0.0%   0.777 GC:3    +
   14    38  0   0.0%   0.442 CG:3    +
   15    37  0   0.0%   1.055 AU:3    +
   16    36  0   0.0%   0.730 UG:3    +
    3   134  0   0.0%   0.846 CG:3    +
   52    89  0   0.0%   0.600 AU:3    +
   51    90  0   0.0%   0.616 GC:3    +
  134   138  0   0.0%   1.227 GU:3    +
   66    90  0   0.0%   0.555 GC:3    +
   53    88  0   0.0%   0.598 GC:3    +
   65    91  0   0.0%   0.312 UA:3    +
   64    92  0   0.0%   0.287 UG:3    +
   98   139  0   0.0%   1.920 CG:3    +
   58   115  0   0.0%   0.522 GC:3    +
   63    79  0   0.0%   0.403 GC:3    +
   57   116  0   0.0%   0.804 GU:3    +
   63    93  0   0.0%   0.307 GC:3    +
   62    80  0   0.0%   0.390 GU:3    +
  124   131  0   0.0%   1.718 GC:3    +
   13    39  0   0.0%   0.462 UG:3    +
   68   100  0   0.0%   0.927 UG:3    +
    1    27  0   0.0%   0.006 CG:3    +
   29    44  0   0.0%   0.817 GC:3    +
    8    22  0   0.0%   0.457 GU:3    +
   64    78  0   0.0%   0.375 UA:3    +
   56   117  0   0.0%   0.592 CG:3    +
   17    70  0   0.0%   0.396 UG:3    +
   86   142  0   0.0%   0.924 UA:3    +
   80   132  0   0.0%   0.860 UA:3    +
   99   138  0   0.0%   1.298 GU:3    +
    7   138  0   0.0%   0.744 AU:3    +
   12   128  0   0.0%   0.669 UG:3    +
   84   134  0   0.0%   0.129 CG:3    +
   56    85  0   0.0%   0.843 CG:3    +
    2   135  0   0.0%   0.821 UA:3    +
   26    38  0   0.0%   1.201 UG:3    +
   44    48  0   0.0%   0.138 CG:3    +
  127   143  0   0.0%   1.089 AU:3    +
  100   137  0   0.0%   1.803 GC:3    +
   85   143  0   0.0%   1.062 GU:3    +
   12    40  0   0.0%   0.768 UA:3    +
   67    76  0   0.0%   0.194 UA:3    +
   54   119  0   0.0%   0.709 GC:3    +
   59    83  0   0.0%   0.597 CG:3    +
  126   145  0   0.0%   0.769 GU:3    +
   38    44  0   0.0%   0.529 GC:3    +
   50    91  0   0.0%   0.745 UA:3    +
   43    49  0   0.0%   0.116 UG:3    +
   96   101  0   0.0%   1.266 GC:3    +
   11    21  0   0.0%   0.883 GU:3    +
    2   114  0   0.0%   0.766 UA:3    +
   65    77  0   0.0%   0.347 UG:3    +
   99   131  0   0.0%   1.434 GC:3    +
   17    35  0   0.0%   0.713 UA:3    +
   43   135  0   0.0%   0.808 UA:3    +
   44   134  0   0.0%   0.721 CG:3    +
  101   139  0   0.0%   2.421 CG:3    +
   48    93  0   0.0%   0.694 GC:3    +
   30   128  0   0.0%   0.639 UG:3    +
   12   114  0   0.0%   0.609 UA:3    +
   50   132  0   0.0%   1.201 UA:3    +
   62   104  0   0.0%   0.034 GC:3    +
   41   143  0   0.0%   1.275 GU:3    +
   42    50  0   0.0%   0.102 AU:3    +
   90   134  0   0.0%   0.790 CG:3    +
   43   141  0   0.0%   1.396 UG:3    +
   63   110  0   0.0%   0.587 GC:3    +
   14   100  0   0.0%   0.283 CG:3    +
  102   138  0   0.0%   0.992 AU:3    +
  121   141  0   0.0%   1.614 CG:3    +
  122   140  0   0.0%   1.622 CG:3    +
   11   136  0   0.0%   1.279 GC:3    +
   64   109  0   0.0%   0.372 UG:3    +
    2   139  0   0.0%   0.822 UG:3    +
  104   124  0   0.0%   1.344 CG:3    +
  103   138  0   0.0%   0.978 AU:3    +
   23   140  0   0.0%   0.626 CG:3    +
    7    12  0   0.0%   0.019 AU:3    +
   12   135  0   0.0%   0.616 UA:3    +
   23    39  0   0.0%   0.809 CG:3    +
   24   139  0   0.0%   0.613 UG:3    +
   44    83  0   0.0%   0.121 CG:3    +
   12   120  0   0.0%   0.609 UA:3    +
  100   104  0   0.0%   0.913 GC:3    +
  129   133  0   0.0%   1.018 UA:3    +
    1   134  0   0.0%   0.794 CG:3    +
   50    69  0   0.0%   0.055 UG:3    +
   22    40  0   0.0%   0.651 UA:3    +
   39    56  0   0.0%   0.792 GC:3    +
   22   141  0   0.0%   0.509 UG:3    +
   71    95  0   0.0%   0.469 CG:3    +
   21   123  0   0.0%   0.340 UG:3    +
   85    93  0   0.0%   1.196 GC:3    +
   38    89  0   0.0%   0.603 GU:3    +
   57    84  0   0.0%   0.229 GC:3    +
  101   117  0   0.0%   0.701 CG:3    +
   23    29  0   0.0%   1.167 CG:3    +
   59   113  0   0.0%   0.535 CG:3    +
   37    58  0   0.0%   0.755 UG:3    +
    2   133  0   0.0%   0.819 UA:3    +
   36    59  0   0.0%   0.444 GC:3    +
   86    92  0   0.0%   0.851 UG:3    +
  102   116  0   0.0%   0.716 AU:3    +
    6    13  0   0.0%   0.014 AU:3    +
   24    38  0   0.0%   0.796 UG:3    +
   55    86  0   0.0%   0.425 AU:3    +
   33    48  0   0.0%   0.109 CG:3    +
   32    49  0   0.0%   0.143 CG:3    +
   99   119  0   0.0%   0.965 GC:3    +
   12   133  0   0.0%   0.627 UA:3    +
   61   112  0   0.0%   0.316 AU:3    +
   83   129  0   0.0%   1.001 GU:3    +
   89   135  0   0.0%   1.216 UA:3    +
   54   112  0   0.0%   0.290 GU:3    +
   10   135  0   0.0%   0.899 UA:3    +
   13    42  0   0.0%   0.068 UA:3    +
  112   117  0   0.0%   0.613 UG:3    +
  100   130  0   0.0%   1.691 GU:3    +
   95   107  0   0.0%   0.888 GU:3    +
   13   134  0   0.0%   0.162 UG:3    +
   30    99  0   0.0%   0.677 UG:3    +
   58    84  0   0.0%   0.227 GC:3    +
   21   142  0   0.0%   0.398 UA:3    +
    3     8  0   0.0%   0.004 CG:3    +
   48   136  0   0.0%   1.068 GC:3    +
   60   112  0   0.0%   0.834 AU:3    +
   19    24  0   0.0%   1.010 AU:3    +
   24    28  0   0.0%   1.188 UA:3    +
    5   141  0   0.0%   0.653 CG:3    +
  124   138  0   0.0%   1.559 GU:3    +
   16    28  0   0.0%   0.410 UA:3    +
   39   145  0   0.0%   1.470 GU:3    +
   12   144  0   0.0%   0.661 UA:3    +
   42   145  0   0.0%   0.790 AU:3    +
   13   132  0   0.0%   0.147 UA:3    +
   29   145  0   0.0%   0.999 GU:3    +
   20   134  0   0.0%   0.734 CG:3    +
   14   134  0   0.0%   0.154 CG:3    +
   29    33  0   0.0%   0.804 GC:3    +
   23   105  0   0.0%   0.413 CG:3    +
   62    94  0   0.0%   0.287 GU:3    +
   44   124  0   0.0%   0.408 CG:3    +
    6    65  0   0.0%   0.860 AU:3    +
   23    51  0   0.0%   0.428 CG:3    +
    5    66  0   0.0%   0.455 CG:3    +
   21   133  0   0.0%   0.353 UA:3    +
   22    52  0   0.0%   0.313 UA:3    +
   85    90  0   0.0%   1.200 GC:3    +
    7    64  0   0.0%   0.633 AU:3    +
   11   119  0   0.0%   1.274 GC:3    +
   94   134  0   0.0%   1.665 UG:3    +
   11   145  0   0.0%   1.299 GU:3    +
   84   128  0   0.0%   0.140 CG:3    +
   36    45  0   0.0%   0.421 GC:3    +
   35    46  0   0.0%   0.404 AU:3    +
    3    29  0   0.0%   0.731 CG:3    +
   30   102  0   0.0%   0.549 UA:3    +
   14   139  0   0.0%   0.265 CG:3    +
  125   141  0   0.0%   1.783 CG:3    +
   27    37  0   0.0%   1.472 GU:3    +
  111   136  0   0.0%   1.655 GC:3    +
   45   123  0   0.0%   0.631 CG:3    +
   79   134  0   0.0%   0.751 CG:3    +
   95   104  0   0.0%   0.924 GC:3    +
   13   135  0   0.0%   0.146 UA:3    +
   34   134  0   0.0%   0.732 CG:3    +
   34    39  0   0.0%   0.932 CG:3    +
   39    43  0   0.0%   0.559 GU:3    +
   13   144  0   0.0%   0.194 UA:3    +
  127   145  0   0.0%   0.599 AU:3    +
   47   134  0   0.0%   0.995 CG:3    +
   10   120  0   0.0%   0.871 UA:3    +
  112   135  0   0.0%   1.052 UA:3    +
   10   126  0   0.0%   0.929 UG:3    +
  101   109  0   0.0%   0.676 CG:3    +
   70    84  0   0.0%   0.046 GC:3    +
    8    14  0   0.0%   0.004 GC:3    +
   93   118  0   0.0%   0.675 CG:3    +
   30    41  0   0.0%   0.879 UG:3    +
   94   117  0   0.0%   0.713 UG:3    +
  136   140  0   0.0%   2.201 CG:3    +
   15   138  0   0.0%   0.547 AU:3    +
  101   134  0   0.0%   1.683 CG:3    +
   95   116  0   0.0%   0.891 GU:3    +
   18    29  0   0.0%   1.360 CG:3    +
   96   115  0   0.0%   0.962 GC:3    +
   24   103  0   0.0%   0.404 UA:3    +
   34    49  0   0.0%   0.443 CG:3    +
    5    63  0   0.0%   0.454 CG:3    +
   22   132  0   0.0%   0.284 UA:3    +
   96   129  0   0.0%   1.085 GU:3    +
   25   102  0   0.0%   0.401 UA:3    +
   11    22  0   0.0%   0.874 GU:3    +
   41   136  0   0.0%   1.492 GC:3    +
   27    32  0   0.0%   0.811 GC:3    +
   16   139  0   0.0%   0.523 UG:3    +
   15    22  0   0.0%   0.224 AU:3    +
   18   134  0   0.0%   0.709 CG:3    +
  129   134  0   0.0%   1.185 UG:3    +
   98   124  0   0.0%   0.948 CG:3    +
    4    67  0   0.0%   0.404 AU:3    +
   11   121  0   0.0%   1.260 GC:3    +
  101   141  0   0.0%   2.416 CG:3    +
   37    42  0   0.0%   0.705 UA:3    +
   92   119  0   0.0%   0.823 GC:3    +
    1    11  0   0.0%   0.003 CG:3    +
   17   135  0   0.0%   0.425 UA:3    +
   46   135  0   0.0%   1.031 UA:3    +
  136   141  0   0.0%   2.159 CG:3    +
   40    73  0   0.0%   0.560 AU:3    +
   39    74  0   0.0%   0.744 GC:3    +
   13   140  0   0.0%   0.270 UG:3    +
    7    16  0   0.0%   0.004 AU:3    +
   41    84  0   0.0%   0.595 GC:3    +
   41    72  0   0.0%   0.594 GC:3    +
   65   108  0   0.0%   0.902 UG:3    +
    5    29  0   0.0%   0.394 CG:3    +
  100   110  0   0.0%   0.901 GC:3    +
   20   128  0   0.0%   0.783 CG:3    +
   50   124  0   0.0%   1.355 UG:3    +
   34    41  0   0.0%   0.859 CG:3    +
   11   101  0   0.0%   1.416 GC:3    +
   68    91  0   0.0%   0.203 UA:3    +
   69    90  0   0.0%   0.594 GC:3    +
   67    92  0   0.0%   0.438 UG:3    +
   66    93  0   0.0%   0.441 GC:3    +
    8    31  0   0.0%   0.607 GC:3    +
   31    38  0   0.0%   0.415 CG:3    +
   50   133  0   0.0%   1.087 UA:3    +
   19   129  0   0.0%   1.114 AU:3    +
   48   121  0   0.0%   0.426 GC:3    +
   94   105  0   0.0%   0.763 UG:3    +
   93   106  0   0.0%   0.724 CG:3    +
   21   127  0   0.0%   0.405 UA:3    +
   28    37  0   0.0%   1.455 AU:3    +
   49    71  0   0.0%   0.100 GC:3    +
  123   131  0   0.0%   1.334 GC:3    +
   48    72  0   0.0%   0.059 GC:3    +
   23    48  0   0.0%   0.421 CG:3    +
    4    30  0   0.0%   0.386 AU:3    +
  124   130  0   0.0%   1.731 GU:3    +
  113   119  0   0.0%   0.542 GC:3    +
   12   118  0   0.0%   0.621 UG:3    +
   12   100  0   0.0%   0.773 UG:3    +
   80   133  0   0.0%   0.738 UA:3    +
    8   145  0   0.0%   1.220 GU:3    +
   22    48  0   0.0%   0.308 UG:3    +
   21    41  0   0.0%   0.710 UG:3    +
   27   125  0   0.0%   0.887 GC:3    +
  109   137  0   0.0%   1.028 GC:3    +
   26   126  0   0.0%   0.894 UG:3    +
  112   120  0   0.0%   0.817 UA:3    +
   21    53  0   0.0%   0.364 UG:3    +
    1   126  0   0.0%   0.742 CG:3    +
   10   102  0   0.0%   0.852 UA:3    +
   68   103  0   0.0%   0.843 UA:3    +
   62   107  0   0.0%   0.317 GU:3    +
    1    38  0   0.0%   0.371 CG:3    +
   85    98  0   0.0%   1.002 GC:3    +
   50    70  0   0.0%   0.052 UG:3    +
   64   105  0   0.0%   0.321 UG:3    +
   25   127  0   0.0%   0.481 UA:3    +
    4    64  0   0.0%   0.403 AU:3    +
  111   121  0   0.0%   1.249 GC:3    +
   62   110  0   0.0%   0.306 GC:3    +
    6    17  0   0.0%   0.013 AU:3    +
   20    54  0   0.0%   0.727 CG:3    +
   84    99  0   0.0%   0.582 CG:3    +
   62    68  0   0.0%   0.195 GU:3    +
   79    85  0   0.0%   0.920 CG:3    +
  106   125  0   0.0%   0.698 GC:3    +
   22   126  0   0.0%   0.346 UG:3    +
   85   136  0   0.0%   1.299 GC:3    +
   86   135  0   0.0%   0.878 UA:3    +
  119   141  0   0.0%   1.761 CG:3    +
   92   107  0   0.0%   0.829 GU:3    +
  103   129  0   0.0%   0.994 AU:3    +
  133   143  0   0.0%   0.840 AU:3    +
   27   145  0   0.0%   0.938 GU:3    +
   27    43  0   0.0%   0.818 GU:3    +
   29    34  0   0.0%   1.168 GC:3    +
   28   138  0   0.0%   1.024 AU:3    +
   78    86  0   0.0%   0.668 AU:3    +
   66   125  0   0.0%   0.536 GC:3    +
  107   124  0   0.0%   1.284 UG:3    +
   24    48  0   0.0%   0.427 UG:3    +
   39    59  0   0.0%   0.793 GC:3    +
  116   123  0   0.0%   1.214 UG:3    +
  115   124  0   0.0%   1.109 CG:3    +
  117   122  0   0.0%   0.720 GC:3    +
   15    25  0   0.0%   0.375 AU:3    +
   11   137  0   0.0%   1.274 GC:3    +
   23   106  0   0.0%   0.418 CG:3    +
  109   122  0   0.0%   0.556 GC:3    +
   12   132  0   0.0%   0.616 UA:3    +
  108   138  0   0.0%   1.180 GU:3    +
   71    83  0   0.0%   0.556 CG:3    +
    1   139  0   0.0%   0.794 CG:3    +
   24   105  0   0.0%   0.418 UG:3    +
   11    16  0   0.0%   0.020 GU:3    +
   67   124  0   0.0%   0.877 UG:3    +
   28   145  0   0.0%   0.886 AU:3    +
   13   113  0   0.0%   0.124 UG:3    +
   30   114  0   0.0%   0.549 UA:3    +
   29   115  0   0.0%   0.881 GC:3    +
   31   113  0   0.0%   0.175 CG:3    +
    5   126  0   0.0%   0.552 CG:3    +
   10    42  0   0.0%   0.654 UA:3    +
   28   116  0   0.0%   0.844 AU:3    +
    3   124  0   0.0%   0.789 CG:3    +
    1   111  0   0.0%   0.742 CG:3    +
    9   140  0   0.0%   0.744 CG:3    +
   18   109  0   0.0%   0.688 CG:3    +
   67   132  0   0.0%   0.710 UA:3    +
   49   125  0   0.0%   0.762 GC:3    +
   88   134  0   0.0%   0.778 CG:3    +
   24   128  0   0.0%   0.473 UG:3    +
   59   111  0   0.0%   0.802 CG:3    +
   65   126  0   0.0%   1.011 UG:3    +
   89   133  0   0.0%   0.767 UA:3    +
   14    81  0   0.0%   0.091 CG:3    +
   13    82  0   0.0%   0.092 UA:3    +
    5   123  0   0.0%   0.461 CG:3    +
   88    95  0   0.0%   1.223 CG:3    +
   12    83  0   0.0%   0.442 UG:3    +
   11    84  0   0.0%   1.072 GC:3    +
  102   130  0   0.0%   1.111 AU:3    +
   30    39  0   0.0%   0.827 UG:3    +
   11    23  0   0.0%   1.020 GC:3    +
   26   140  0   0.0%   1.036 UG:3    +
   17    69  0   0.0%   0.393 UG:3    +
  137   141  0   0.0%   2.218 CG:3    +
   15    80  0   0.0%   0.405 AU:3    +
   62   122  0   0.0%   0.299 GC:3    +
  113   129  0   0.0%   0.653 GU:3    +
   99   129  0   0.0%   1.305 GU:3    +
   86    97  0   0.0%   0.603 UA:3    +
  104   128  0   0.0%   0.985 CG:3    +
   43   133  0   0.0%   0.735 UA:3    +
   10   139  0   0.0%   1.028 UG:3    +
   58   112  0   0.0%   0.517 GU:3    +
   14    69  0   0.0%   0.091 CG:3    +
   63   121  0   0.0%   0.576 GC:3    +
   98   118  0   0.0%   0.564 CG:3    +
   15    68  0   0.0%   0.405 AU:3    +
   25   141  0   0.0%   0.650 UG:3    +
  109   131  0   0.0%   0.817 GC:3    +
   64   127  0   0.0%   0.731 UA:3    +
   18    77  0   0.0%   0.658 CG:3    +
   96   119  0   0.0%   0.960 GC:3    +
   13    99  0   0.0%   0.290 UG:3    +
    5   105  0   0.0%   0.454 CG:3    +
   29   104  0   0.0%   0.886 GC:3    +
   12   141  0   0.0%   0.748 UG:3    +
  109   115  0   0.0%   0.355 GC:3    +
   17    78  0   0.0%   0.394 UA:3    +
  119   123  0   0.0%   1.022 CG:3    +
   95   130  0   0.0%   1.086 GU:3    +
   26   103  0   0.0%   0.840 UA:3    +
   33    41  0   0.0%   0.527 CG:3    +
   50    55  0   0.0%   0.120 UA:3    +
    8    32  0   0.0%   0.607 GC:3    +
   43   144  0   0.0%   1.035 UA:3    +
   23    49  0   0.0%   0.426 CG:3    +
   24   102  0   0.0%   0.403 UA:3    +
    9   141  0   0.0%   0.753 CG:3    +
   30   103  0   0.0%   0.548 UA:3    +
  108   131  0   0.0%   1.268 GC:3    +
  121   139  0   0.0%   1.615 CG:3    +
   14    99  0   0.0%   0.281 CG:3    +
   94   135  0   0.0%   1.830 UA:3    +
   17    27  0   0.0%   0.423 UG:3    +
    3    69  0   0.0%   0.781 CG:3    +
   22   106  0   0.0%   0.298 UG:3    +
  113   125  0   0.0%   0.481 GC:3    +
   66   131  0   0.0%   0.938 GC:3    +
   11   129  0   0.0%   1.269 GU:3    +
   49    56  0   0.0%   0.151 GC:3    +
   24   142  0   0.0%   0.509 UA:3    +
   33   123  0   0.0%   0.301 CG:3    +
    8   121  0   0.0%   1.204 GC:3    +
    1   109  0   0.0%   0.741 CG:3    +
   34    96  0   0.0%   0.922 CG:3    +
   53   121  0   0.0%   0.787 GC:3    +
   23    62  0   0.0%   0.390 CG:3    +
    9    41  0   0.0%   0.775 CG:3    +
   19   145  0   0.0%   1.131 AU:3    +
   65    78  0   0.0%   0.632 UA:3    +
   29   137  0   0.0%   0.909 GC:3    +
  101   106  0   0.0%   0.667 CG:3    +
  100   107  0   0.0%   0.862 GU:3    +
  123   136  0   0.0%   1.384 GC:3    +
   36    46  0   0.0%   0.416 GU:3    +
   10   140  0   0.0%   1.023 UG:3    +
   33   141  0   0.0%   1.528 CG:3    +
   69   125  0   0.0%   0.548 GC:3    +
   29   125  0   0.0%   0.886 GC:3    +
   21    27  0   0.0%   0.997 UG:3    +
   27    74  0   0.0%   0.865 GC:3    +
   27    33  0   0.0%   0.814 GC:3    +
   64   108  0   0.0%   0.639 UG:3    +
   33    51  0   0.0%   0.106 CG:3    +
   16   127  0   0.0%   0.437 UA:3    +
   30    35  0   0.0%   0.775 UA:3    +
   24    61  0   0.0%   0.392 UA:3    +
   16   140  0   0.0%   0.540 UG:3    +
   20   108  0   0.0%   0.722 CG:3    +
   68   126  0   0.0%   0.907 UG:3    +
   85   130  0   0.0%   1.014 GU:3    +
   32   100  0   0.0%   0.343 CG:3    +
   28    73  0   0.0%   0.832 AU:3    +
   36   138  0   0.0%   1.613 GU:3    +
   93    99  0   0.0%   1.215 CG:3    +
   66   119  0   0.0%   0.779 GC:3    +
   30   124  0   0.0%   0.577 UG:3    +
   21   108  0   0.0%   0.353 UG:3    +
   20   109  0   0.0%   0.719 CG:3    +
   10    40  0   0.0%   1.003 UA:3    +
   63    67  0   0.0%   0.210 GU:3    +
   28   143  0   0.0%   0.922 AU:3    +
  110   128  0   0.0%   1.023 CG:3    +
   38    43  0   0.0%   0.537 GU:3    +
  112   126  0   0.0%   1.086 UG:3    +
   26   118  0   0.0%   0.842 UG:3    +
   46    77  0   0.0%   0.201 UG:3    +
   69   104  0   0.0%   0.838 GC:3    +
   52    68  0   0.0%   0.081 AU:3    +
   80    96  0   0.0%   1.304 UG:3    +
   16   144  0   0.0%   0.435 UA:3    +
   21   135  0   0.0%   0.341 UA:3    +
   67   118  0   0.0%   0.527 UG:3    +
  138   144  0   0.0%   0.747 UA:3    +
   68   105  0   0.0%   0.572 UG:3    +
   32   128  0   0.0%   0.214 CG:3    +
   69   130  0   0.0%   0.963 GU:3    +
   62   129  0   0.0%   0.378 GU:3    +
   20   141  0   0.0%   0.903 CG:3    +
  129   144  0   0.0%   0.886 UA:3    +
   67   127  0   0.0%   0.894 UA:3    +
   15   145  0   0.0%   0.452 AU:3    +
   21   140  0   0.0%   0.521 UG:3    +
   54    72  0   0.0%   0.405 GC:3    +
   64   120  0   0.0%   0.616 UA:3    +
  107   139  0   0.0%   1.716 UG:3    +
   34   140  0   0.0%   1.755 CG:3    +
   43    78  0   0.0%   0.043 UA:3    +
   26    75  0   0.0%   0.809 UA:3    +
  124   129  0   0.0%   1.620 GU:3    +
  109   129  0   0.0%   0.696 GU:3    +
   25    60  0   0.0%   0.389 UA:3    +
   65   132  0   0.0%   0.808 UA:3    +
   44    77  0   0.0%   0.119 CG:3    +
   67   106  0   0.0%   0.578 UG:3    +
  117   125  0   0.0%   0.689 GC:3    +
  130   139  0   0.0%   2.056 UG:3    +
  107   132  0   0.0%   1.112 UA:3    +
  102   143  0   0.0%   0.892 AU:3    +
   23    77  0   0.0%   0.394 CG:3    +
   32    48  0   0.0%   0.143 CG:3    +
   31    49  0   0.0%   0.142 CG:3    +
  140   145  0   0.0%   1.251 GU:3    +
  139   143  0   0.0%   1.750 GU:3    +
   83   131  0   0.0%   1.113 GC:3    +
   49    93  0   0.0%   0.732 GC:3    +
    7    13  0   0.0%   0.004 AU:3    +
   39   137  0   0.0%   1.843 GC:3    +
   17   126  0   0.0%   0.466 UG:3    +
   23   128  0   0.0%   0.470 CG:3    +
   39    84  0   0.0%   0.744 GC:3    +
  124   143  0   0.0%   1.435 GU:3    +
   96   107  0   0.0%   0.968 GU:3    +
   59   106  0   0.0%   0.255 CG:3    +
  101   140  0   0.0%   2.405 CG:3    +
   55    68  0   0.0%   0.098 AU:3    +
   26    39  0   0.0%   1.220 UG:3    +
   58   107  0   0.0%   0.247 GU:3    +
   39    93  0   0.0%   1.384 GC:3    +
   40    86  0   0.0%   0.560 AU:3    +
    3   105  0   0.0%   0.781 CG:3    +
  128   145  0   0.0%   0.682 GU:3    +
   24   127  0   0.0%   0.469 UA:3    +
   47   124  0   0.0%   1.238 CG:3    +
    8   122  0   0.0%   1.204 GC:3    +
   98   109  0   0.0%   0.492 CG:3    +
   38   138  0   0.0%   1.535 GU:3    +
   22    78  0   0.0%   0.274 UA:3    +
   10   134  0   0.0%   0.915 UG:3    +
   10    36  0   0.0%   1.013 UG:3    +
  118   143  0   0.0%   0.728 GU:3    +
    9    92  0   0.0%   0.404 CG:3    +
    8    93  0   0.0%   1.014 GC:3    +
   63    68  0   0.0%   0.207 GU:3    +
   10    91  0   0.0%   0.680 UA:3    +
   59   126  0   0.0%   0.929 CG:3    +
   27    90  0   0.0%   0.865 GC:3    +
   28    89  0   0.0%   0.832 AU:3    +
   31   139  0   0.0%   0.373 CG:3    +
   29    88  0   0.0%   0.839 GC:3    +
    2     6  0   0.0%   0.000 UA:3    +
   43   132  0   0.0%   0.848 UA:3    +
  124   145  0   0.0%   0.945 GU:3    +
   66   107  0   0.0%   0.788 GU:3    +
   77    88  0   0.0%   0.424 GC:3    +
    4    68  0   0.0%   0.403 AU:3    +
    3    81  0   0.0%   0.781 CG:3    +
    2    82  0   0.0%   0.760 UA:3    +
   26    91  0   0.0%   0.809 UA:3    +
    9    62  0   0.0%   0.408 CG:3    +
   16    70  0   0.0%   0.366 UG:3    +
   98   134  0   0.0%   1.182 CG:3    +
  107   134  0   0.0%   0.910 UG:3    +
   23   126  0   0.0%   0.466 CG:3    +
  104   109  0   0.0%   0.378 CG:3    +
   13   100  0   0.0%   0.290 UG:3    +
   96   104  0   0.0%   1.004 GC:3    +
   61   130  0   0.0%   0.484 AU:3    +
   96   136  0   0.0%   1.741 GC:3    +
  108   130  0   0.0%   1.250 GU:3    +
    1    83  0   0.0%   0.741 CG:3    +
   44    96  0   0.0%   0.622 CG:3    +
   11    90  0   0.0%   1.071 GC:3    +
   45    95  0   0.0%   0.900 CG:3    +
   36    43  0   0.0%   0.408 GU:3    +
   38    88  0   0.0%   0.601 GC:3    +
   36    50  0   0.0%   0.442 GU:3    +
   53    73  0   0.0%   0.376 GU:3    +
    3   106  0   0.0%   0.782 CG:3    +
   11    59  0   0.0%   1.112 GC:3    +
  103   107  0   0.0%   0.681 AU:3    +
   23   109  0   0.0%   0.416 CG:3    +
   25    76  0   0.0%   0.396 UA:3    +
   24    76  0   0.0%   0.398 UA:3    +
   48    94  0   0.0%   0.687 GU:3    +
   40   143  0   0.0%   1.393 AU:3    +
   76    89  0   0.0%   0.385 AU:3    +
   17   139  0   0.0%   0.554 UG:3    +
   38   145  0   0.0%   1.029 GU:3    +
   25   126  0   0.0%   0.479 UG:3    +
   12    58  0   0.0%   0.482 UG:3    +
  117   143  0   0.0%   0.742 GU:3    +
    9   139  0   0.0%   0.749 CG:3    +
   27   138  0   0.0%   1.077 GU:3    +
   30    87  0   0.0%   0.490 UA:3    +
   24   108  0   0.0%   0.421 UG:3    +
   33    99  0   0.0%   0.508 CG:3    +
  129   140  0   0.0%   1.949 UG:3    +
    4    13  0   0.0%   0.016 AU:3    +
   79   100  0   0.0%   1.187 CG:3    +
   41   125  0   0.0%   0.965 GC:3    +
   24   106  0   0.0%   0.423 UG:3    +
   80    99  0   0.0%   1.205 UG:3    +
   38    94  0   0.0%   0.884 GU:3    +
   81    98  0   0.0%   1.079 GC:3    +
   88    96  0   0.0%   1.308 CG:3    +
  116   144  0   0.0%   0.860 UA:3    +
   71   128  0   0.0%   0.645 CG:3    +
   27    31  0   0.0%   0.812 GC:3    +
    9   109  0   0.0%   0.584 CG:3    +
    8   110  0   0.0%   1.190 GC:3    +
    6    21  0   0.0%   0.013 AU:3    +
    7   145  0   0.0%   0.635 AU:3    +
   70   129  0   0.0%   0.465 GU:3    +
   31   124  0   0.0%   0.203 CG:3    +
    2    27  0   0.0%   0.004 UG:3    +
   45    49  0   0.0%   0.323 CG:3    +
  109   130  0   0.0%   0.798 GU:3    +
   10    85  0   0.0%   0.680 UG:3    +
   43    97  0   0.0%   0.555 UA:3    +
    8    12  0   0.0%   0.018 GU:3    +
   95   119  0   0.0%   0.879 GC:3    +
   22   105  0   0.0%   0.292 UG:3    +
   51   136  0   0.0%   1.215 GC:3    +
   60   138  0   0.0%   1.112 AU:3    +
    4    80  0   0.0%   0.403 AU:3    +
   25   105  0   0.0%   0.427 UG:3    +
   13   124  0   0.0%   0.181 UG:3    +
   31    51  0   0.0%   0.141 CG:3    +
   29    72  0   0.0%   0.839 GC:3    +
   65   120  0   0.0%   0.877 UA:3    +
   16   126  0   0.0%   0.436 UG:3    +
    2   144  0   0.0%   0.954 UA:3    +
   56    62  0   0.0%   0.063 CG:3    +
   32   123  0   0.0%   0.135 CG:3    +
   26   139  0   0.0%   1.021 UG:3    +
   17    29  0   0.0%   1.099 UG:3    +
   95   137  0   0.0%   1.695 GC:3    +
   36    79  0   0.0%   0.395 GC:3    +
    7    94  0   0.0%   0.631 AU:3    +
   35    80  0   0.0%   0.385 AU:3    +
   34    81  0   0.0%   0.405 CG:3    +
   70    89  0   0.0%   0.422 GU:3    +
   39    86  0   0.0%   0.744 GU:3    +
  126   130  0   0.0%   1.547 GU:3    +
   24   135  0   0.0%   0.488 UA:3    +
    2    29  0   0.0%   0.730 UG:3    +
   53    67  0   0.0%   0.092 GU:3    +
   60    67  0   0.0%   0.443 AU:3    +
   10    15  0   0.0%   0.014 UA:3    +
  103   143  0   0.0%   0.876 AU:3    +
   41    86  0   0.0%   0.594 GU:3    +
   31    36  0   0.0%   0.395 CG:3    +
   10   108  0   0.0%   0.861 UG:3    +
   77    84  0   0.0%   0.060 GC:3    +
   37    78  0   0.0%   0.714 UA:3    +
   63   125  0   0.0%   0.346 GC:3    +
   26   144  0   0.0%   0.871 UA:3    +
   32    36  0   0.0%   0.394 CG:3    +
   31   123  0   0.0%   0.161 CG:3    +
   22   127  0   0.0%   0.347 UA:3    +
   25    40  0   0.0%   0.768 UA:3    +
   12    38  0   0.0%   0.790 UG:3    +
    7   143  0   0.0%   0.635 AU:3    +
   74   139  0   0.0%   1.430 CG:3    +
   25    48  0   0.0%   0.423 UG:3    +
   12    28  0   0.0%   0.734 UA:3    +
   64   124  0   0.0%   0.714 UG:3    +
    2   106  0   0.0%   0.760 UG:3    +
  109   116  0   0.0%   0.365 GU:3    +
   30   140  0   0.0%   0.760 UG:3    +
   96   112  0   0.0%   0.960 GU:3    +
   65   106  0   0.0%   0.676 UG:3    +
   25    92  0   0.0%   0.396 UG:3    +
   32   134  0   0.0%   0.213 CG:3    +
   89    95  0   0.0%   1.226 UG:3    +
   47    54  0   0.0%   0.286 CG:3    +
    4    50  0   0.0%   0.402 AU:3    +
    5    49  0   0.0%   0.449 CG:3    +
    3    51  0   0.0%   0.781 CG:3    +
    2    52  0   0.0%   0.760 UA:3    +
   98   140  0   0.0%   1.905 CG:3    +
   45    85  0   0.0%   1.172 CG:3    +
    9    85  0   0.0%   0.404 CG:3    +
    1    53  0   0.0%   0.741 CG:3    +
   53    74  0   0.0%   0.377 GC:3    +
   33    53  0   0.0%   0.115 CG:3    +
   79    96  0   0.0%   1.304 CG:3    +
   64    69  0   0.0%   0.229 UG:3    +
  139   145  0   0.0%   1.217 GU:3    +
    8    86  0   0.0%   1.014 GU:3    +
   25   134  0   0.0%   0.523 UG:3    +
   77   136  0   0.0%   1.168 GC:3    +
   15    24  0   0.0%   0.388 AU:3    +
   14   123  0   0.0%   0.130 CG:3    +
    6   143  0   0.0%   0.870 AU:3    +
   13    29  0   0.0%   0.447 UG:3    +
    8    25  0   0.0%   0.978 GU:3    +
   21   109  0   0.0%   0.350 UG:3    +
   56   109  0   0.0%   0.312 CG:3    +
   59   140  0   0.0%   1.623 CG:3    +
   17    51  0   0.0%   0.355 UG:3    +
   87   130  0   0.0%   0.507 AU:3    +
   13   123  0   0.0%   0.141 UG:3    +
   18   124  0   0.0%   0.718 CG:3    +
   16    92  0   0.0%   0.366 UG:3    +
   66    74  0   0.0%   0.327 GC:3    +
   33   124  0   0.0%   0.347 CG:3    +
    8   104  0   0.0%   1.186 GC:3    +
   11   138  0   0.0%   1.380 GU:3    +
   14    36  0   0.0%   0.423 CG:3    +
   80    95  0   0.0%   1.218 UG:3    +
  100   131  0   0.0%   1.708 GC:3    +
   69   129  0   0.0%   0.860 GU:3    +
   13    40  0   0.0%   0.416 UA:3    +
   37   144  0   0.0%   1.289 UA:3    +
   75   138  0   0.0%   0.985 AU:3    +
   10    61  0   0.0%   0.679 UA:3    +
    1   124  0   0.0%   0.741 CG:3    +
   86   126  0   0.0%   0.734 UG:3    +
   26    41  0   0.0%   1.218 UG:3    +
   73   140  0   0.0%   1.422 UG:3    +
   74    92  0   0.0%   0.417 CG:3    +
   51   116  0   0.0%   0.245 GU:3    +
    8    18  0   0.0%   0.004 GC:3    +
   25    42  0   0.0%   0.405 UA:3    +
   22   134  0   0.0%   0.300 UG:3    +
  100   116  0   0.0%   0.918 GU:3    +
    3   128  0   0.0%   0.892 CG:3    +
   72   141  0   0.0%   1.631 CG:3    +
   25   140  0   0.0%   0.645 UG:3    +
   77   137  0   0.0%   1.249 GC:3    +
   98   141  0   0.0%   1.915 CG:3    +
   13    57  0   0.0%   0.132 UG:3    +
   72    77  0   0.0%   0.220 CG:3    +
   68   117  0   0.0%   0.520 UG:3    +
   86   132  0   0.0%   0.550 UA:3    +
   15   130  0   0.0%   0.440 AU:3    +
   14    39  0   0.0%   0.461 CG:3    +
   41    59  0   0.0%   0.643 GC:3    +
    6   145  0   0.0%   0.870 AU:3    +
   88   140  0   0.0%   1.758 CG:3    +
   41    46  0   0.0%   0.746 GU:3    +
   46   133  0   0.0%   0.959 UA:3    +
   47    95  0   0.0%   0.887 CG:3    +
   59   139  0   0.0%   1.636 CG:3    +
   92   131  0   0.0%   1.045 GC:3    +
    2    15  0   0.0%   0.002 UA:3    +
   37    87  0   0.0%   0.714 UA:3    +
   66    98  0   0.0%   0.355 GC:3    +
  126   143  0   0.0%   1.256 GU:3    +
   64   100  0   0.0%   0.244 UG:3    +
   45   134  0   0.0%   0.811 CG:3    +
    4   143  0   0.0%   0.508 AU:3    +
   63   101  0   0.0%   0.248 GC:3    +
   65    99  0   0.0%   0.503 UG:3    +
    8    13  0   0.0%   0.004 GU:3    +
   77   101  0   0.0%   1.009 GC:3    +
   65    75  0   0.0%   0.647 UA:3    +
   22    63  0   0.0%   0.274 UG:3    +
   10    60  0   0.0%   0.679 UA:3    +
   83   136  0   0.0%   1.383 GC:3    +
   67    97  0   0.0%   0.359 UA:3    +
   21   144  0   0.0%   0.362 UA:3    +
   53   137  0   0.0%   1.323 GC:3    +
   54   136  0   0.0%   1.154 GC:3    +
   44    81  0   0.0%   0.119 CG:3    +
   59   128  0   0.0%   0.651 CG:3    +
   41   137  0   0.0%   1.518 GC:3    +
   23   139  0   0.0%   0.610 CG:3    +
   18    99  0   0.0%   0.830 CG:3    +
    9    27  0   0.0%   0.372 CG:3    +
   38    86  0   0.0%   0.601 GU:3    +
   32    54  0   0.0%   0.157 CG:3    +
   36    88  0   0.0%   0.395 GC:3    +
   52   138  0   0.0%   0.922 AU:3    +
  135   143  0   0.0%   1.220 AU:3    +
   17    92  0   0.0%   0.394 UG:3    +
   13   117  0   0.0%   0.149 UG:3    +
  108   116  0   0.0%   0.685 GU:3    +
   31    70  0   0.0%   0.109 CG:3    +
   16   124  0   0.0%   0.422 UG:3    +
    6   130  0   0.0%   0.859 AU:3    +
    2     8  0   0.0%   0.004 UG:3    +
   69    88  0   0.0%   0.576 GC:3    +
    6    12  0   0.0%   0.026 AU:3    +
   58   129  0   0.0%   0.597 GU:3    +
   36   145  0   0.0%   1.108 GU:3    +
   47    53  0   0.0%   0.286 CG:3    +
   76   138  0   0.0%   0.961 AU:3    +
  110   139  0   0.0%   1.792 CG:3    +
   25    75  0   0.0%   0.395 UA:3    +
   16    27  0   0.0%   0.419 UG:3    +
   26   100  0   0.0%   0.982 UG:3    +
   32    69  0   0.0%   0.110 CG:3    +
    7   129  0   0.0%   0.634 AU:3    +
   30    52  0   0.0%   0.522 UA:3    +
   77    90  0   0.0%   0.441 GC:3    +
   62   125  0   0.0%   0.066 GC:3    +
   51   115  0   0.0%   0.234 GC:3    +
    2    69  0   0.0%   0.760 UG:3    +
    3   123  0   0.0%   0.788 CG:3    +
    5   109  0   0.0%   0.462 CG:3    +
  112   134  0   0.0%   0.859 UG:3    +
   22   108  0   0.0%   0.293 UG:3    +
   17   100  0   0.0%   0.567 UG:3    +
   46    55  0   0.0%   0.267 UA:3    +
  129   139  0   0.0%   1.952 UG:3    +
   94   103  0   0.0%   1.033 UA:3    +
   95   129  0   0.0%   0.999 GU:3    +
   86    91  0   0.0%   0.609 UA:3    +
   53    71  0   0.0%   0.085 GC:3    +
   46   126  0   0.0%   1.231 UG:3    +
   14   124  0   0.0%   0.169 CG:3    +
   68    87  0   0.0%   0.208 UA:3    +
   78    89  0   0.0%   0.720 AU:3    +
   70   125  0   0.0%   0.154 GC:3    +
   40   138  0   0.0%   1.770 AU:3    +
   71   124  0   0.0%   0.888 CG:3    +
   17    91  0   0.0%   0.394 UA:3    +
   12    41  0   0.0%   0.814 UG:3    +
    2    11  0   0.0%   0.003 UG:3    +
  116   126  0   0.0%   1.410 UG:3    +
   54    73  0   0.0%   0.405 GU:3    +
   18    66  0   0.0%   0.656 CG:3    +
   43    82  0   0.0%   0.043 UA:3    +
   39   129  0   0.0%   1.173 GU:3    +
   69    86  0   0.0%   0.531 GU:3    +
   24    77  0   0.0%   0.399 UG:3    +
   65    70  0   0.0%   0.330 UG:3    +
   19    65  0   0.0%   1.075 AU:3    +
   38    84  0   0.0%   0.601 GC:3    +
  111   138  0   0.0%   1.399 GU:3    +
   49    98  0   0.0%   0.648 GC:3    +
   97   138  0   0.0%   1.178 AU:3    +
   77   131  0   0.0%   0.896 GC:3    +
   58    74  0   0.0%   0.381 GC:3    +
   55   116  0   0.0%   0.662 AU:3    +
   26   133  0   0.0%   0.915 UA:3    +
   15    21  0   0.0%   0.231 AU:3    +
   65   133  0   0.0%   0.693 UA:3    +
   51    56  0   0.0%   0.135 GC:3    +
   22    49  0   0.0%   0.313 UG:3    +
   22   140  0   0.0%   0.503 UG:3    +
   26    42  0   0.0%   0.811 UA:3    +
  134   143  0   0.0%   1.056 GU:3    +
    2   124  0   0.0%   0.764 UG:3    +
   57    67  0   0.0%   0.083 GU:3    +
  100   138  0   0.0%   1.572 GU:3    +
   31    85  0   0.0%   0.108 CG:3    +
    5    69  0   0.0%   0.454 CG:3    +
    6    68  0   0.0%   0.859 AU:3    +
   24   120  0   0.0%   0.401 UA:3    +
   11    44  0   0.0%   1.030 GC:3    +
   61    80  0   0.0%   0.391 AU:3    +
   72   123  0   0.0%   0.800 CG:3    +
   24    36  0   0.0%   0.770 UG:3    +
   22   139  0   0.0%   0.489 UG:3    +
   51    73  0   0.0%   0.085 GU:3    +
   38   143  0   0.0%   1.158 GU:3    +
   32    51  0   0.0%   0.140 CG:3    +
  120   143  0   0.0%   0.940 AU:3    +
   41    98  0   0.0%   1.143 GC:3    +
   62    79  0   0.0%   0.388 GC:3    +
   41    93  0   0.0%   1.226 GC:3    +
   22    29  0   0.0%   1.053 UG:3    +
   37    41  0   0.0%   1.120 UG:3    +
   27   143  0   0.0%   0.974 GU:3    +
   35    89  0   0.0%   0.384 AU:3    +
    1    69  0   0.0%   0.741 CG:3    +
   23   124  0   0.0%   0.444 CG:3    +
   65   123  0   0.0%   0.887 UG:3    +
    4   145  0   0.0%   0.508 AU:3    +
   25    35  0   0.0%   0.744 UA:3    +
   90    95  0   0.0%   1.233 CG:3    +
    2   102  0   0.0%   0.760 UA:3    +
   33    83  0   0.0%   0.065 CG:3    +
    1    70  0   0.0%   0.741 CG:3    +
   68   127  0   0.0%   0.888 UA:3    +
    1   106  0   0.0%   0.741 CG:3    +
   71    77  0   0.0%   0.245 CG:3    +
   99   115  0   0.0%   0.938 GC:3    +
   69   116  0   0.0%   0.804 GU:3    +
   34    62  0   0.0%   0.414 CG:3    +
   38    56  0   0.0%   0.647 GC:3    +
   79   128  0   0.0%   0.763 CG:3    +
   78   130  0   0.0%   0.811 AU:3    +
    7    67  0   0.0%   0.632 AU:3    +
   13   120  0   0.0%   0.139 UA:3    +
   96   110  0   0.0%   0.956 GC:3    +
    3    63  0   0.0%   0.781 CG:3    +
    8    16  0   0.0%   0.004 GU:3    +
   95   125  0   0.0%   0.692 GC:3    +
   70    74  0   0.0%   0.202 GC:3    +
   50    97  0   0.0%   0.898 UA:3    +
  104   113  0   0.0%   0.414 CG:3    +
   74   134  0   0.0%   0.435 CG:3    +
   64   133  0   0.0%   0.432 UA:3    +
   64    76  0   0.0%   0.037 UA:3    +
   83   101  0   0.0%   1.223 GC:3    +
  100   143  0   0.0%   1.473 GU:3    +
   39   143  0   0.0%   1.597 GU:3    +
   99   143  0   0.0%   1.198 GU:3    +
   16   132  0   0.0%   0.396 UA:3    +
   26    99  0   0.0%   0.981 UG:3    +
   10   142  0   0.0%   0.910 UA:3    +
  105   112  0   0.0%   0.491 GU:3    +
   46    54  0   0.0%   0.280 UG:3    +
   78   129  0   0.0%   0.705 AU:3    +
   16   133  0   0.0%   0.405 UA:3    +
  108   115  0   0.0%   0.674 GC:3    +
   19    43  0   0.0%   1.034 AU:3    +
   26   128  0   0.0%   0.898 UG:3    +
   68   133  0   0.0%   0.627 UA:3    +
   64   134  0   0.0%   0.441 UG:3    +
    2   105  0   0.0%   0.760 UG:3    +
   49    80  0   0.0%   0.828 GU:3    +
   95   121  0   0.0%   0.864 GC:3    +
    7    17  0   0.0%   0.004 AU:3    +
   38   125  0   0.0%   0.628 GC:3    +
  110   123  0   0.0%   1.134 CG:3    +
   45    62  0   0.0%   0.269 CG:3    +
   66   129  0   0.0%   0.847 GU:3    +
   57    74  0   0.0%   0.384 GC:3    +
   49   138  0   0.0%   1.714 GU:3    +
   50    57  0   0.0%   0.090 UG:3    +
    7    26  0   0.0%   0.977 AU:3    +
   38    50  0   0.0%   0.646 GU:3    +
   56    77  0   0.0%   0.348 CG:3    +
  141   145  0   0.0%   1.209 GU:3    +
   20    53  0   0.0%   0.726 CG:3    +
   33    63  0   0.0%   0.072 CG:3    +
   21    52  0   0.0%   0.360 UA:3    +
   44    63  0   0.0%   0.125 CG:3    +
   64   142  0   0.0%   0.963 UA:3    +
   77    98  0   0.0%   0.879 GC:3    +
   17   132  0   0.0%   0.426 UA:3    +
   46    96  0   0.0%   0.870 UG:3    +
   40    94  0   0.0%   1.184 AU:3    +
   18    92  0   0.0%   0.658 CG:3    +
  111   137  0   0.0%   1.708 GC:3    +
   34   123  0   0.0%   0.659 CG:3    +
   24   141  0   0.0%   0.639 UG:3    +
   46    61  0   0.0%   0.203 UA:3    +
   65   141  0   0.0%   1.737 UG:3    +
  107   142  0   0.0%   1.174 UA:3    +
   80   127  0   0.0%   1.022 UA:3    +
   24    29  0   0.0%   1.182 UG:3    +
  108   125  0   0.0%   0.977 GC:3    +
   63   143  0   0.0%   0.827 GU:3    +
   80    87  0   0.0%   0.396 UA:3    +
   13    27  0   0.0%   0.376 UG:3    +
   49   101  0   0.0%   0.675 GC:3    +
   59    77  0   0.0%   0.284 CG:3    +
    9    39  0   0.0%   0.773 CG:3    +
   17    40  0   0.0%   0.724 UA:3    +
   86   133  0   0.0%   0.429 UA:3    +
  106   143  0   0.0%   0.822 GU:3    +
   18    41  0   0.0%   1.028 CG:3    +
   27    98  0   0.0%   1.036 GC:3    +
   48    59  0   0.0%   0.108 GC:3    +
   21   141  0   0.0%   0.525 UG:3    +
   83    89  0   0.0%   1.280 GU:3    +
   34    63  0   0.0%   0.411 CG:3    +
   13   133  0   0.0%   0.156 UA:3    +
   22   103  0   0.0%   0.278 UA:3    +
   57    98  0   0.0%   0.411 GC:3    +
    3    62  0   0.0%   0.781 CG:3    +
   25   100  0   0.0%   0.569 UG:3    +
   77   130  0   0.0%   0.890 GU:3    +
   21   128  0   0.0%   0.408 UG:3    +
   96   137  0   0.0%   1.793 GC:3    +
   25    29  0   0.0%   1.171 UG:3    +
   88    92  0   0.0%   1.162 CG:3    +
   19   143  0   0.0%   1.167 AU:3    +
    2    70  0   0.0%   0.760 UG:3    +
   37   126  0   0.0%   1.088 UG:3    +
   32    85  0   0.0%   0.107 CG:3    +
    8   131  0   0.0%   1.211 GC:3    +
   38    74  0   0.0%   0.601 GC:3    +
   10    38  0   0.0%   1.028 UG:3    +
   14   118  0   0.0%   0.143 CG:3    +
   12   134  0   0.0%   0.631 UG:3    +
   67   102  0   0.0%   0.735 UA:3    +
   54   121  0   0.0%   0.694 GC:3    +
   72   126  0   0.0%   0.923 CG:3    +
   67    87  0   0.0%   0.211 UA:3    +
    5   108  0   0.0%   0.464 CG:3    +
   59    81  0   0.0%   0.593 CG:3    +
   56    99  0   0.0%   0.506 CG:3    +
   26   106  0   0.0%   0.851 UG:3    +
   32    83  0   0.0%   0.107 CG:3    +
   53   122  0   0.0%   0.790 GC:3    +
   66    88  0   0.0%   0.535 GC:3    +
   68    96  0   0.0%   0.449 UG:3    +
   11   130  0   0.0%   1.266 GU:3    +
   51    71  0   0.0%   0.085 GC:3    +
   23    36  0   0.0%   0.754 CG:3    +
  138   142  0   0.0%   1.365 UA:3    +
  106   110  0   0.0%   0.445 GC:3    +
   81    86  0   0.0%   0.693 GU:3    +
   36    44  0   0.0%   0.397 GC:3    +
   18   111  0   0.0%   0.687 CG:3    +
   69   137  0   0.0%   1.346 GC:3    +
   26    36  0   0.0%   1.180 UG:3    +
   72   140  0   0.0%   1.620 CG:3    +
    8    17  0   0.0%   0.004 GU:3    +
   37    75  0   0.0%   0.714 UA:3    +
   71   141  0   0.0%   1.627 CG:3    +
   99   107  0   0.0%   0.894 GU:3    +
   11   107  0   0.0%   1.257 GU:3    +
   24    35  0   0.0%   0.754 UA:3    +
    8   143  0   0.0%   1.219 GU:3    +
  111   130  0   0.0%   1.494 GU:3    +
   20   123  0   0.0%   0.710 CG:3    +
  121   128  0   0.0%   1.005 CG:3    +
  128   138  0   0.0%   1.300 GU:3    +
   67   128  0   0.0%   0.634 UG:3    +
   70   136  0   0.0%   0.852 GC:3    +
   38   101  0   0.0%   0.833 GC:3    +
   12    27  0   0.0%   0.743 UG:3    +
   22    51  0   0.0%   0.313 UG:3    +
   38   130  0   0.0%   0.673 GU:3    +
   30   126  0   0.0%   0.599 UG:3    +
   95   115  0   0.0%   0.880 GC:3    +
   11    26  0   0.0%   1.023 GU:3    +
   13    41  0   0.0%   0.462 UG:3    +
    9    38  0   0.0%   0.753 CG:3    +
   50   100  0   0.0%   0.936 UG:3    +
   13   128  0   0.0%   0.197 UG:3    +
   98   108  0   0.0%   0.761 CG:3    +
   48    98  0   0.0%   0.609 GC:3    +
  120   129  0   0.0%   1.166 AU:3    +
   84   100  0   0.0%   0.563 CG:3    +
   72    81  0   0.0%   0.528 CG:3    +
   39   125  0   0.0%   1.123 GC:3    +
   81   101  0   0.0%   1.209 GC:3    +
   60    80  0   0.0%   0.644 AU:3    +
    7   107  0   0.0%   0.636 AU:3    +
   99   136  0   0.0%   1.470 GC:3    +
  110   141  0   0.0%   1.775 CG:3    +
  133   145  0   0.0%   0.307 AU:3    +
   17    42  0   0.0%   0.371 UA:3    +
   21    49  0   0.0%   0.361 UG:3    +
   27    46  0   0.0%   0.831 GU:3    +
    1   117  0   0.0%   0.741 CG:3    +
   47    99  0   0.0%   0.824 CG:3    +
   70    88  0   0.0%   0.412 GC:3    +
   25   144  0   0.0%   0.481 UA:3    +
   15    50  0   0.0%   0.404 AU:3    +
   70    93  0   0.0%   0.316 GC:3    +
   73   135  0   0.0%   0.875 UA:3    +
   38    72  0   0.0%   0.600 GC:3    +
   39    71  0   0.0%   0.743 GC:3    +
   24    41  0   0.0%   0.816 UG:3    +
   18    39  0   0.0%   1.030 CG:3    +
   94   120  0   0.0%   0.965 UA:3    +
    4    22  0   0.0%   0.016 AU:3    +
   22    35  0   0.0%   0.626 UA:3    +
   23   100  0   0.0%   0.567 CG:3    +
   24    99  0   0.0%   0.570 UG:3    +
   41    79  0   0.0%   0.593 GC:3    +
   80    92  0   0.0%   1.151 UG:3    +
   22   102  0   0.0%   0.278 UA:3    +
   48    56  0   0.0%   0.109 GC:3    +
   43    48  0   0.0%   0.076 UG:3    +
   37   102  0   0.0%   1.002 UA:3    +
    3    66  0   0.0%   0.781 CG:3    +
   70   115  0   0.0%   0.400 GC:3    +
   54   110  0   0.0%   0.270 GC:3    +
   92    98  0   0.0%   0.974 GC:3    +
   16    49  0   0.0%   0.356 UG:3    +
   63   137  0   0.0%   1.147 GC:3    +
    1   108  0   0.0%   0.741 CG:3    +
   80   102  0   0.0%   0.972 UA:3    +
  113   137  0   0.0%   1.103 GC:3    +
    9    70  0   0.0%   0.404 CG:3    +
   16    51  0   0.0%   0.356 UG:3    +
   98   113  0   0.0%   0.540 CG:3    +
   14    51  0   0.0%   0.051 CG:3    +
   49    59  0   0.0%   0.149 GC:3    +
   12   126  0   0.0%   0.664 UG:3    +
    8    71  0   0.0%   1.014 GC:3    +
  109   125  0   0.0%   0.525 GC:3    +
   21    66  0   0.0%   0.328 UG:3    +
   16    69  0   0.0%   0.366 UG:3    +
   34    66  0   0.0%   0.410 CG:3    +
   47    57  0   0.0%   0.242 CG:3    +
   58    93  0   0.0%   0.492 GC:3    +
   20    39  0   0.0%   1.049 CG:3    +
   10    48  0   0.0%   0.639 UG:3    +
   68   123  0   0.0%   0.783 UG:3    +
    9    49  0   0.0%   0.363 CG:3    +
   59   141  0   0.0%   1.633 CG:3    +
   35    65  0   0.0%   0.385 AU:3    +
   12    36  0   0.0%   0.775 UG:3    +
   71    92  0   0.0%   0.445 CG:3    +
  123   130  0   0.0%   1.349 GU:3    +
  110   124  0   0.0%   1.387 CG:3    +
   50    58  0   0.0%   0.091 UG:3    +
   21    38  0   0.0%   0.673 UG:3    +
   59    92  0   0.0%   0.481 CG:3    +
  111   122  0   0.0%   1.252 GC:3    +
   24   124  0   0.0%   0.446 UG:3    +
    9   126  0   0.0%   0.653 CG:3    +
   11    47  0   0.0%   1.030 GC:3    +
   85   125  0   0.0%   0.595 GC:3    +
   90    96  0   0.0%   1.318 CG:3    +
   12    42  0   0.0%   0.417 UA:3    +
   94   100  0   0.0%   1.252 UG:3    +
   11    25  0   0.0%   1.026 GU:3    +
   13    35  0   0.0%   0.409 UA:3    +
   68    77  0   0.0%   0.238 UG:3    +
   41    89  0   0.0%   1.329 GU:3    +
    8    45  0   0.0%   0.973 GC:3    +
    7    46  0   0.0%   0.630 AU:3    +
   37   127  0   0.0%   1.087 UA:3    +
   40    50  0   0.0%   0.606 AU:3    +
   53    59  0   0.0%   0.135 GC:3    +
   10    69  0   0.0%   0.680 UG:3    +
   14   111  0   0.0%   0.111 CG:3    +
  113   136  0   0.0%   1.050 GC:3    +
   58    65  0   0.0%   0.080 GU:3    +
  123   129  0   0.0%   1.238 GU:3    +
    1    62  0   0.0%   0.740 CG:3    +
   86   124  0   0.0%   0.695 UG:3    +
  107   126  0   0.0%   1.228 UG:3    +
   27   129  0   0.0%   0.896 GU:3    +
   72   134  0   0.0%   0.638 CG:3    +
    9    77  0   0.0%   0.404 CG:3    +
   95   110  0   0.0%   0.876 GC:3    +
  112   139  0   0.0%   1.579 UG:3    +
   89    96  0   0.0%   1.311 UG:3    +
   41    74  0   0.0%   0.593 GC:3    +
    2    61  0   0.0%   0.760 UA:3    +
  119   128  0   0.0%   1.167 CG:3    +
   40    80  0   0.0%   0.560 AU:3    +
   91   112  0   0.0%   0.571 AU:3    +
   50    92  0   0.0%   0.976 UG:3    +
   83   137  0   0.0%   1.464 GC:3    +
    2   132  0   0.0%   0.817 UA:3    +
   57    94  0   0.0%   0.489 GU:3    +
   10    29  0   0.0%   0.646 UG:3    +
   36    64  0   0.0%   0.396 GU:3    +
   67   139  0   0.0%   1.635 UG:3    +
   10    76  0   0.0%   0.679 UA:3    +
  102   129  0   0.0%   1.009 AU:3    +
   13    70  0   0.0%   0.091 UG:3    +
   73   133  0   0.0%   0.427 UA:3    +
   53   130  0   0.0%   0.957 GU:3    +
   60    73  0   0.0%   0.436 AU:3    +
   39    73  0   0.0%   0.743 GU:3    +
   30    36  0   0.0%   0.788 UG:3    +
   99   112  0   0.0%   0.985 GU:3    +
   45    81  0   0.0%   0.261 CG:3    +
   76    80  0   0.0%   0.378 AU:3    +
   67    78  0   0.0%   0.527 UA:3    +
    9   117  0   0.0%   0.581 CG:3    +
    8   138  0   0.0%   1.327 GU:3    +
   82   138  0   0.0%   1.224 AU:3    +
   24    49  0   0.0%   0.432 UG:3    +
   11    43  0   0.0%   1.030 GU:3    +
   52   112  0   0.0%   0.241 AU:3    +
   36    90  0   0.0%   0.396 GC:3    +
   89    97  0   0.0%   0.917 UA:3    +
    6   107  0   0.0%   0.864 AU:3    +
   16    41  0   0.0%   0.770 UG:3    +
   10    41  0   0.0%   1.050 UG:3    +
   18   128  0   0.0%   0.758 CG:3    +
   40    67  0   0.0%   0.563 AU:3    +
   42    73  0   0.0%   0.053 AU:3    +
  105   136  0   0.0%   1.076 GC:3    +
   42    65  0   0.0%   0.053 AU:3    +
   12   127  0   0.0%   0.665 UA:3    +
    4   130  0   0.0%   0.412 AU:3    +
   13    52  0   0.0%   0.051 UA:3    +
   95   136  0   0.0%   1.643 GC:3    +
  118   129  0   0.0%   0.953 GU:3    +
   62   138  0   0.0%   0.638 GU:3    +
    4    65  0   0.0%   0.402 AU:3    +
   11    68  0   0.0%   1.071 GU:3    +
   14    85  0   0.0%   0.090 CG:3    +
   43   134  0   0.0%   0.738 UG:3    +
  119   139  0   0.0%   1.777 CG:3    +
   79    83  0   0.0%   0.737 CG:3    +
   22   124  0   0.0%   0.323 UG:3    +
   18    81  0   0.0%   0.658 CG:3    +
   49    74  0   0.0%   0.100 GC:3    +
   56   118  0   0.0%   0.592 CG:3    +
    2   108  0   0.0%   0.760 UG:3    +
  103   130  0   0.0%   1.095 AU:3    +
    2   126  0   0.0%   0.764 UG:3    +
(((.(..((((...(((((......)))))...))))))))(((((.(((((((.(((((....))))).)))).((.(((((....)))))))((((.((..(((((.(......).)))))))..))))...))).)))))..
