3 sequence; length of alignment 199
alifold output
   62   178  0 100.0%   0.000 GC:3   
   74   167  0 100.0%   0.002 CG:3   
   64   176  0 100.0%   0.001 CG:3   
   73   168  0 100.0%   0.002 CG:3   
   63   177  0 100.0%   0.001 UA:3   
   68   173  0  99.9%   0.002 GC:3   
   69   172  0  99.8%   0.021 CG:3   
   75   166  0  99.7%   0.009 CG:3   
   49   191  0  99.4%   0.042 CG:3   
   70   171  0  99.0%   0.067 CG:3   
   50   190  0  98.9%   0.078 UA:3   
   61   179  0  98.6%   0.044 UA:3   
   81   160  0  98.2%   0.128 GC:3   
   82   159  0  98.2%   0.055 CG:3   
   80   161  0  98.2%   0.128 GC:3   
   89   152  0  98.1%   0.057 GC:3   
   88   153  0  98.1%   0.100 UA:3   
   84   157  0  98.0%   0.132 UA:3   
   51   189  0  98.0%   0.136 UA:3   
   83   158  0  98.0%   0.133 GU:3   
   90   151  0  97.8%   0.122 AU:3   
   87   154  0  97.5%   0.077 GU:3   
   65   175  0  97.1%   0.085 UA:3   
   48   192  0  97.1%   0.124 GU:3   
   67   174  0  97.1%   0.087 UA:3   
   85   156  0  96.7%   0.171 UA:3   
   79   162  0  95.6%   0.262 UA:3   
   60   180  0  94.0%   0.174 UA:3   
   96   139  0  93.7%   0.469 GC:3   
   95   140  0  93.7%   0.458 GC:3   
   97   138  0  93.7%   0.278 UA:3   
   98   137  0  93.4%   0.334 GC:3   
   52   188  0  93.3%   0.309 UG:3   
   17    31  0  92.9%   0.206 GC:3   
   14    34  0  92.8%   0.338 GC:3   
   15    33  0  92.8%   0.211 AU:3   
   16    32  0  92.8%   0.209 AU:3   
   18    30  0  92.6%   0.214 GC:3   
   13    35  0  91.4%   0.409 CG:3   
   56   184  0  89.5%   0.319 GC:3   
   57   183  0  89.3%   0.323 UA:3   
   91   150  0  88.3%   0.469 UA:3   
  104   131  0  86.2%   0.856 CG:3   
  103   132  0  85.7%   0.849 UA:3   
  105   130  0  85.6%   0.572 GU:3   
   72   169  0  85.5%   0.418 AU:3   
  106   129  0  83.5%   0.840 UA:3   
   12    37  0  83.3%   0.811 CG:3   
   11    38  0  81.8%   0.844 AU:3   
   78   163  0  78.7%   0.796 UG:3   
   44   194  0  76.6%   0.656 GC:3   
   43   195  0  76.5%   0.656 AU:3   
  102   133  0  76.4%   0.929 UA:3   
   42   196  0  76.2%   0.773 GU:3   
   41   197  0  76.0%   0.832 GC:3   
   10    39  0  72.7%   0.961 AU:3   
   93   148  0  67.0%   0.991 GC:3   
   40   198  0  64.9%   0.932 GU:3   
  110   125  0  64.4%   1.331 GC:3   
  111   124  0  63.8%   1.592 GC:3   
   94   141  0  48.6%   1.304 UA:3    +
   94   147  0  43.6%   1.663 UG:3   
   20    29  0  27.3%   1.538 UA:3    +
   20    28  0  23.2%   1.153 UA:3    +
   44   197  0  19.4%   1.604 GC:3    +
   45   196  0  19.1%   1.310 AU:3    +
   43   198  0  18.8%   1.661 AU:3    +
   46   195  0  16.6%   1.221 AU:3    +
  113   123  0  16.5%   1.358 GC:3    +
  101   135  0  14.9%   1.280 CG:3    +
   42   199  0  14.1%   1.332 GU:3    +
  116   123  0  13.4%   1.818 GC:3    +
  115   124  0  13.0%   1.799 GC:3    +
  111   123  0   9.9%   0.880 GC:3    +
  110   124  0   9.9%   0.955 GC:3    +
   55   186  0   7.8%   0.629 CG:3    +
  113   125  0   7.8%   1.656 GC:3    +
   18    36  0   6.9%   0.815 GC:3    +
   19    35  0   6.8%   0.817 CG:3    +
  110   127  0   6.8%   1.423 GC:3    +
    4    37  0   6.4%   0.661 CG:3    +
   19    26  0   6.4%   0.528 CG:3    +
    3    38  0   6.3%   0.526 AU:3    +
    5    36  0   6.2%   0.674 GC:3    +
   16    38  0   6.2%   0.986 AU:3    +
  115   123  0   5.9%   1.188 GC:3    +
   15    39  0   5.8%   1.067 AU:3    +
    2    39  0   5.7%   0.502 GU:3    +
   23    31  0   5.7%   0.565 GC:3    +
   22    32  0   5.7%   0.560 AU:3    +
   94   126  0   5.7%   0.488 UA:3    +
  103   117  0   5.7%   0.626 UA:3    +
  102   118  0   5.6%   0.622 UA:3    +
  104   116  0   5.6%   0.675 CG:3    +
  101   119  0   5.6%   0.614 CG:3    +
   93   127  0   5.6%   0.494 GC:3    +
   21    33  0   5.3%   0.550 GU:3    +
   95   125  0   5.3%   0.511 GC:3    +
    6    12  0   5.1%   0.465 GC:3    +
    5    13  0   4.9%   0.456 GC:3    +
   96   124  0   4.9%   0.528 GC:3    +
    7    11  0   4.1%   0.402 UA:3    +
    4    14  0   3.9%   0.386 CG:3    +
   20    27  0   3.3%   0.362 UA:3    +
   59   184  0   3.3%   0.442 GC:3    +
  105   127  0   3.3%   0.501 GC:3    +
  104   128  0   3.3%   0.637 CG:3    +
   58   185  0   3.3%   0.479 AU:3    +
  106   126  0   3.2%   0.615 UA:3    +
  103   129  0   3.2%   0.676 UA:3    +
  106   114  0   3.0%   0.378 UA:3    +
   57   186  0   3.0%   0.644 UG:3    +
   42   197  0   3.0%   0.884 GC:3    +
   60   183  0   2.8%   0.469 UA:3    +
   41   198  0   2.8%   0.979 GU:3    +
   77   163  0   2.7%   0.369 CG:3    +
  111   125  0   2.7%   1.348 GC:3    +
   43   196  0   2.7%   0.749 AU:3    +
   13    41  0   2.5%   0.593 CG:3    +
   55   188  0   2.4%   0.619 CG:3    +
   54   185  0   2.4%   0.291 AU:3    +
  115   125  0   2.4%   1.501 GC:3    +
  116   124  0   2.4%   1.793 GC:3    +
   12    42  0   2.3%   0.625 CG:3    +
  113   124  0   2.1%   1.373 GC:3    +
  104   110  0   1.9%   0.228 CG:3    +
  102   112  0   1.9%   0.228 UA:3    +
  103   111  0   1.9%   0.228 UG:3    +
  101   113  0   1.9%   0.226 CG:3    +
   80   140  0   1.8%   0.220 GC:3    +
  147   160  0   1.8%   0.745 GC:3    +
  148   159  0   1.8%   0.636 CG:3    +
   81   139  0   1.8%   0.220 GC:3    +
   83   137  0   1.8%   0.220 GC:3    +
   79   141  0   1.8%   0.220 UA:3    +
  146   161  0   1.8%   0.405 GC:3    +
   84   136  0   1.8%   0.220 UG:3    +
   78   142  0   1.8%   0.219 UA:3    +
   77   143  0   1.8%   0.218 CG:3    +
   44   195  0   1.8%   0.671 GU:3    +
   85   135  0   1.8%   0.218 UG:3    +
   86   134  0   1.8%   0.216 GC:3    +
  149   158  0   1.7%   0.245 AU:3    +
  140   146  0   1.7%   0.454 CG:3    +
  128   134  0   1.7%   0.473 GC:3    +
  139   147  0   1.7%   0.826 CG:3    +
  127   135  0   1.6%   1.203 CG:3    +
  105   134  0   1.5%   0.525 GC:3    +
  104   135  0   1.5%   1.114 CG:3    +
  136   148  0   1.5%   0.702 GC:3    +
   97   122  0   1.5%   0.193 UA:3    +
  137   147  0   1.5%   0.773 CG:3    +
   40   199  0   1.5%   0.542 GU:3    +
  106   133  0   1.4%   0.781 UA:3    +
  103   136  0   1.4%   0.828 UG:3    +
   78   162  0   1.4%   0.250 UA:3    +
   91   144  0   1.4%   0.227 UA:3    +
  101   131  0   1.3%   0.462 CG:3    +
   90   130  0   1.3%   0.170 AU:3    +
   52   187  0   1.2%   0.197 UG:3    +
   21    34  0   1.2%   0.393 GC:3    +
  104   113  0   1.1%   0.317 CG:3    +
  103   114  0   1.1%   0.239 UA:3    +
   96   123  0   1.1%   0.150 GC:3    +
  102   115  0   1.1%   0.235 UG:3    +
   22    33  0   1.1%   0.540 AU:3    +
  101   116  0   1.1%   0.227 CG:3    +
   56   185  0   1.1%   0.356 GU:3    +
   61   182  0   1.0%   0.166 UG:3    +
   91   129  0   1.0%   0.140 UA:3    +
   98   123  0   1.0%   0.184 GC:3    +
   23    32  0   1.0%   0.536 GU:3    +
  111   127  0   0.9%   1.285 GC:3    +
    9    39  0   0.8%   0.319 AU:3    +
   88   132  0   0.8%   0.116 UA:3    +
  139   146  0   0.8%   0.319 CG:3    +
   95   124  0   0.7%   0.107 GC:3    +
   51   188  0   0.7%   0.130 UG:3    +
  137   146  0   0.7%   0.303 CG:3    +
  135   148  0   0.6%   0.915 GC:3    +
   10    38  0   0.6%   0.284 AU:3    +
   13    40  0   0.5%   0.345 CG:3    +
   12    41  0   0.5%   0.429 CG:3    +
  143   148  0   0.5%   0.538 GC:3    +
  113   127  0   0.5%   1.293 GC:3    +
  109   130  0   0.5%   0.283 AU:3    +
   55   187  0   0.4%   0.359 CG:3    +
  101   136  0   0.4%   0.779 CG:3    +
   70   170  0   0.4%   0.065 CG:3    +
   20    26  0   0.4%   0.239 UG:3    +
   50   189  0   0.4%   0.086 UA:3    +
    6   194  0   0.4%   0.242 GC:3    +
    2   197  0   0.3%   0.240 GC:3    +
   14    39  0   0.3%   0.724 GU:3    +
    7   193  0   0.3%   0.250 UA:3    +
    4    40  0   0.3%   0.366 CG:3    +
    3   196  0   0.3%   0.241 AU:3    +
    5   195  0   0.3%   0.410 GU:3    +
  102   135  0   0.3%   0.930 UG:3    +
    7    41  0   0.3%   0.222 UG:3    +
   48   194  0   0.3%   0.311 GC:3    +
   37    55  0   0.3%   0.395 GC:3    +
   36    56  0   0.3%   0.430 CG:3    +
   45   195  0   0.3%   0.356 AU:3    +
  131   137  0   0.3%   0.404 GC:3    +
   71   169  0   0.3%   0.048 AU:3    +
   38    54  0   0.3%   0.627 UA:3    +
    5    39  0   0.3%   0.541 GU:3    +
   47   195  0   0.3%   0.676 AU:3    +
    1   198  0   0.3%   0.065 GU:3    +
   44    49  0   0.2%   0.056 GC:3    +
   43    50  0   0.2%   0.054 AU:3    +
   15    38  0   0.2%   0.497 AU:3    +
   35    57  0   0.2%   0.324 GU:3    +
  125   135  0   0.2%   1.349 CG:3    +
   69   171  0   0.2%   0.042 CG:3    +
   94   146  0   0.2%   0.599 UG:3    +
  124   136  0   0.2%   1.365 CG:3    +
  130   138  0   0.2%   0.356 UA:3    +
    8   192  0   0.2%   0.069 GU:3    +
   39    53  0   0.2%   0.699 UG:3    +
  123   136  0   0.2%   1.271 CG:3    +
  124   135  0   0.2%   1.622 CG:3    +
    8    36  0   0.2%   0.227 GC:3    +
   91   147  0   0.2%   0.156 UG:3    +
   42    51  0   0.2%   0.153 GU:3    +
   94   142  0   0.2%   0.639 UA:3    +
    7    37  0   0.2%   0.353 UG:3    +
    6    38  0   0.2%   0.364 GU:3    +
   52   189  0   0.2%   0.211 UA:3    +
   47   192  0   0.2%   0.058 AU:3    +
  127   136  0   0.1%   0.820 CG:3    +
   78   164  0   0.1%   0.349 UA:3    +
   46   196  0   0.1%   0.992 AU:3    +
  104   111  0   0.1%   0.179 CG:3    +
   95   137  0   0.1%   0.297 GC:3    +
   98   134  0   0.1%   0.153 GC:3    +
   97   135  0   0.1%   0.175 UG:3    +
   93   125  0   0.1%   0.027 GC:3    +
   94   138  0   0.1%   0.196 UA:3    +
    4    41  0   0.1%   0.354 CG:3    +
  110   123  0   0.1%   0.197 GC:3    +
  103   112  0   0.1%   0.177 UA:3    +
   46   192  0   0.1%   0.043 AU:3    +
   41    52  0   0.1%   0.196 GU:3    +
   91   149  0   0.1%   0.156 UA:3    +
   40    52  0   0.1%   0.084 GU:3    +
   93   139  0   0.1%   0.276 GC:3    +
   21    25  0   0.1%   0.025 GU:3    +
  108   130  0   0.1%   0.220 AU:3    +
  110   130  0   0.1%   1.033 GU:3    +
    7    42  0   0.1%   0.206 UG:3    +
  125   131  0   0.1%   1.051 CG:3    +
   44   196  0   0.1%   0.651 GU:3    +
   51   190  0   0.1%   0.108 UA:3    +
    6    39  0   0.1%   0.370 GU:3    +
   12   187  0   0.1%   0.456 CG:3    +
   13   186  0   0.1%   0.381 CG:3    +
   23    34  0   0.1%   0.359 GC:3    +
   24    33  0   0.1%   0.300 AU:3    +
    5    12  0   0.1%   0.025 GC:3    +
   25    29  0   0.1%   0.382 UA:3    +
  131   140  0   0.1%   0.372 GC:3    +
   91   146  0   0.1%   0.131 UG:3    +
    4    42  0   0.1%   0.355 CG:3    +
  125   136  0   0.1%   1.068 CG:3    +
    4     8  0   0.1%   0.018 CG:3    +
  128   137  0   0.1%   0.352 GC:3    +
    8    39  0   0.1%   0.230 GU:3    +
  106   111  0   0.1%   0.102 UG:3    +
   40   197  0   0.1%   0.110 GC:3    +
   60   181  0   0.1%   0.076 UA:3    +
   41    51  0   0.1%   0.175 GU:3    +
    2    12  0   0.1%   0.019 GC:3    +
   12   188  0   0.1%   0.458 CG:3    +
    1    13  0   0.1%   0.022 GC:3    +
   13   187  0   0.1%   0.387 CG:3    +
   20    35  0   0.1%   1.117 UG:3    +
  102   113  0   0.1%   0.168 UG:3    +
  184   191  0   0.1%   0.243 CG:3    +
  130   141  0   0.1%   0.700 UA:3    +
  185   190  0   0.1%   0.291 UA:3    +
  134   146  0   0.1%   0.261 CG:3    +
   94   145  0   0.1%   0.565 UA:3    +
   96   134  0   0.1%   0.289 GC:3    +
   93   137  0   0.1%   0.261 GC:3    +
   94   136  0   0.1%   0.253 UG:3    +
  183   192  0   0.1%   0.283 AU:3    +
    1     7  0   0.1%   0.015 GU:3    +
   97   133  0   0.1%   0.088 UA:3    +
  137   143  0   0.1%   0.269 CG:3    +
  126   130  0   0.1%   0.528 AU:3    +
  188   197  0   0.1%   0.876 GC:3    +
  189   196  0   0.1%   0.734 AU:3    +
   26    31  0   0.1%   0.444 GC:3    +
    7    35  0   0.1%   0.155 UG:3    +
  187   198  0   0.1%   0.823 GU:3    +
    6    36  0   0.1%   0.339 GC:3    +
   79   163  0   0.1%   0.417 UG:3    +
  151   156  0   0.1%   0.068 UA:3    +
  131   148  0   0.1%   0.503 GC:3    +
    9    38  0   0.1%   0.201 AU:3    +
    7    40  0   0.1%   0.187 UG:3    +
   45   192  0   0.1%   0.026 AU:3    +
  190   195  0   0.0%   0.673 AU:3    +
    1   197  0   0.0%   0.026 GC:3    +
   61   180  0   0.0%   0.084 UA:3    +
   41   196  0   0.0%   0.206 GU:3    +
  106   113  0   0.0%   0.148 UG:3    +
    8    34  0   0.0%   0.019 GC:3    +
  106   115  0   0.0%   0.180 UG:3    +
   91   145  0   0.0%   0.119 UA:3    +
   11    39  0   0.0%   0.771 AU:3    +
  130   149  0   0.0%   0.284 UA:3    +
  102   132  0   0.0%   0.348 UA:3    +
    2   196  0   0.0%   0.184 GU:3    +
    6   184  0   0.0%   0.186 GC:3    +
    5   185  0   0.0%   0.356 GU:3    +
    4   186  0   0.0%   0.356 CG:3    +
   26    34  0   0.0%   0.343 GC:3    +
  128   140  0   0.0%   0.335 GC:3    +
   41   199  0   0.0%   0.557 GU:3    +
  182   194  0   0.0%   0.306 GC:3    +
   27    33  0   0.0%   0.408 AU:3    +
    9    33  0   0.0%   0.010 AU:3    +
    7   183  0   0.0%   0.198 UA:3    +
  134   143  0   0.0%   0.308 CG:3    +
   94   144  0   0.0%   0.611 UA:3    +
  181   195  0   0.0%   0.648 AU:3    +
   97   120  0   0.0%   0.010 UA:3    +
  116   125  0   0.0%   1.414 GC:3    +
    4    44  0   0.0%   0.351 CG:3    +
   25    35  0   0.0%   0.300 UG:3    +
   19    37  0   0.0%   0.708 CG:3    +
   42    50  0   0.0%   0.120 GU:3    +
  107   130  0   0.0%   0.200 AU:3    +
   22    38  0   0.0%   0.796 AU:3    +
   88   133  0   0.0%   0.047 UA:3    +
   21    39  0   0.0%   0.882 GU:3    +
   18    38  0   0.0%   0.836 GU:3    +
   19    23  0   0.0%   0.008 CG:3    +
   42    49  0   0.0%   0.116 GC:3    +
   23    30  0   0.0%   0.083 GC:3    +
   20    40  0   0.0%   0.893 UG:3    +
   19    41  0   0.0%   0.517 CG:3    +
    3   195  0   0.0%   0.186 AU:3    +
   52   190  0   0.0%   0.175 UA:3    +
   97   121  0   0.0%   0.011 UA:3    +
    5   194  0   0.0%   0.357 GC:3    +
  103   133  0   0.0%   0.763 UA:3    +
  101   115  0   0.0%   0.084 CG:3    +
    8   197  0   0.0%   0.074 GC:3    +
   39    54  0   0.0%   0.696 UA:3    +
  119   123  0   0.0%   1.236 GC:3    +
   94   143  0   0.0%   0.622 UG:3    +
    9   196  0   0.0%   0.076 AU:3    +
   78   165  0   0.0%   0.336 UA:3    +
  119   125  0   0.0%   1.011 GC:3    +
  151   157  0   0.0%   0.054 UA:3    +
    2     7  0   0.0%   0.011 GU:3    +
   12    35  0   0.0%   0.176 CG:3    +
   50   191  0   0.0%   0.069 UG:3    +
  104   115  0   0.0%   0.193 CG:3    +
   87   134  0   0.0%   0.078 GC:3    +
   41    50  0   0.0%   0.163 GU:3    +
   28    32  0   0.0%   0.624 AU:3    +
   51   191  0   0.0%   0.097 UG:3    +
   36    41  0   0.0%   0.533 CG:3    +
   91   143  0   0.0%   0.127 UG:3    +
   57   182  0   0.0%   0.021 UG:3    +
   97   126  0   0.0%   0.237 UA:3    +
   26    30  0   0.0%   0.276 GC:3    +
   96   127  0   0.0%   0.364 GC:3    +
    6    49  0   0.0%   0.180 GC:3    +
    7    48  0   0.0%   0.192 UG:3    +
   98   125  0   0.0%   0.214 GC:3    +
  119   124  0   0.0%   1.304 GC:3    +
  102   114  0   0.0%   0.088 UA:3    +
   17    39  0   0.0%   0.730 GU:3    +
    3     7  0   0.0%   0.012 AU:3    +
  102   131  0   0.0%   0.361 UG:3    +
   53   185  0   0.0%   0.022 GU:3    +
   42   198  0   0.0%   0.837 GU:3    +
   10   195  0   0.0%   0.291 AU:3    +
    5    50  0   0.0%   0.349 GU:3    +
   60   182  0   0.0%   0.071 UG:3    +
  103   116  0   0.0%   0.190 UG:3    +
   91   142  0   0.0%   0.125 UA:3    +
   94   129  0   0.0%   0.214 UA:3    +
    1    39  0   0.0%   0.017 GU:3    +
  186   199  0   0.0%   0.667 GU:3    +
   10    32  0   0.0%   0.004 AU:3    +
  135   140  0   0.0%   0.691 GC:3    +
   16    39  0   0.0%   0.899 AU:3    +
  106   131  0   0.0%   0.573 UG:3    +
   19    48  0   0.0%   0.372 CG:3    +
   18    49  0   0.0%   0.264 GC:3    +
   34    41  0   0.0%   0.288 CG:3    +
  101   110  0   0.0%   0.005 CG:3    +
   17    50  0   0.0%   0.078 GU:3    +
   93   130  0   0.0%   0.232 GU:3    +
   20    47  0   0.0%   0.841 UA:3    +
  102   109  0   0.0%   0.004 UA:3    +
   17    38  0   0.0%   0.645 GU:3    +
  150   158  0   0.0%   0.204 AU:3    +
   94   149  0   0.0%   0.939 UA:3    +
   16    51  0   0.0%   0.247 AU:3    +
   33    42  0   0.0%   0.394 UG:3    +
   32    43  0   0.0%   0.286 UA:3    +
   31    44  0   0.0%   0.245 CG:3    +
   21    36  0   0.0%   0.596 GC:3    +
  102   117  0   0.0%   0.138 UA:3    +
  180   196  0   0.0%   0.731 AU:3    +
   15    52  0   0.0%   0.253 AU:3    +
   42   195  0   0.0%   0.148 GU:3    +
    8    13  0   0.0%   0.164 GC:3    +
  115   127  0   0.0%   1.108 GC:3    +
  128   139  0   0.0%   0.335 GC:3    +
  130   136  0   0.0%   0.452 UG:3    +
   40    51  0   0.0%   0.061 GU:3    +
  139   143  0   0.0%   0.232 CG:3    +
  106   132  0   0.0%   0.559 UA:3    +
   49   188  0   0.0%   0.031 CG:3    +
  103   108  0   0.0%   0.003 UA:3    +
   50   187  0   0.0%   0.039 UG:3    +
   52   191  0   0.0%   0.165 UG:3    +
   41    49  0   0.0%   0.159 GC:3    +
   77   166  0   0.0%   0.178 CG:3    +
   20    24  0   0.0%   0.003 UA:3    +
  103   131  0   0.0%   0.472 UG:3    +
   31    40  0   0.0%   0.294 CG:3    +
   30    41  0   0.0%   0.228 CG:3    +
   97   119  0   0.0%   0.003 UG:3    +
   74   166  0   0.0%   0.003 CG:3    +
  140   147  0   0.0%   0.725 CG:3    +
   73   167  0   0.0%   0.003 CG:3    +
   52   186  0   0.0%   0.033 UG:3    +
  127   131  0   0.0%   0.728 CG:3    +
  111   130  0   0.0%   0.984 GU:3    +
    7    43  0   0.0%   0.188 UA:3    +
   40    50  0   0.0%   0.061 GU:3    +
    2   199  0   0.0%   0.200 GU:3    +
    1    12  0   0.0%   0.007 GC:3    +
   98   140  0   0.0%   0.256 GC:3    +
   97   141  0   0.0%   0.573 UA:3    +
    6    13  0   0.0%   0.307 GC:3    +
   17    30  0   0.0%   0.003 GC:3    +
   30    37  0   0.0%   0.422 CG:3    +
   29    38  0   0.0%   0.942 AU:3    +
   43   199  0   0.0%   0.980 AU:3    +
  102   136  0   0.0%   0.631 UG:3    +
   79   164  0   0.0%   0.132 UA:3    +
   50   193  0   0.0%   0.080 UA:3    +
  187   194  0   0.0%   0.343 GC:3    +
    2    38  0   0.0%   0.011 GU:3    +
   51   186  0   0.0%   0.034 UG:3    +
   28    39  0   0.0%   1.002 AU:3    +
    6    30  0   0.0%   0.154 GC:3    +
    5    31  0   0.0%   0.157 GC:3    +
    7    29  0   0.0%   0.142 UA:3    +
    3    39  0   0.0%   0.344 AU:3    +
  106   112  0   0.0%   0.092 UA:3    +
  100   130  0   0.0%   0.061 AU:3    +
  104   119  0   0.0%   0.464 CG:3    +
  103   120  0   0.0%   0.305 UA:3    +
    1    36  0   0.0%   0.014 GC:3    +
   95   148  0   0.0%   0.533 GC:3    +
  103   113  0   0.0%   0.167 UG:3    +
  124   131  0   0.0%   1.326 CG:3    +
   57   181  0   0.0%   0.017 UA:3    +
   75   167  0   0.0%   0.006 CG:3    +
  102   121  0   0.0%   0.302 UA:3    +
    8    12  0   0.0%   0.171 GC:3    +
   86   152  0   0.0%   0.074 GC:3    +
   24    32  0   0.0%   0.281 AU:3    +
   65   176  0   0.0%   0.030 UG:3    +
   87   151  0   0.0%   0.004 GU:3    +
  134   147  0   0.0%   0.606 CG:3    +
  186   195  0   0.0%   0.953 GU:3    +
   21    30  0   0.0%   0.082 GC:3    +
    5   197  0   0.0%   0.395 GC:3    +
   89   148  0   0.0%   0.002 GC:3    +
    3   198  0   0.0%   0.217 AU:3    +
    2    36  0   0.0%   0.011 GC:3    +
   16   195  0   0.0%   0.269 AU:3    +
   17   194  0   0.0%   0.098 GC:3    +
   15   196  0   0.0%   0.276 AU:3    +
  187   197  0   0.0%   0.760 GC:3    +
   94   100  0   0.0%   0.002 UA:3    +
   91   141  0   0.0%   0.122 UA:3    +
   93   101  0   0.0%   0.002 GC:3    +
  123   128  0   0.0%   1.182 CG:3    +
  191   197  0   0.0%   0.689 GC:3    +
  188   196  0   0.0%   0.865 GU:3    +
    8   199  0   0.0%   0.049 GU:3    +
   74   168  0   0.0%   0.003 CG:3    +
  190   198  0   0.0%   0.751 AU:3    +
   12    40  0   0.0%   0.344 CG:3    +
   61   181  0   0.0%   0.026 UA:3    +
   14   197  0   0.0%   0.244 GC:3    +
    7    47  0   0.0%   0.188 UA:3    +
  189   195  0   0.0%   0.688 AU:3    +
    2    34  0   0.0%   0.010 GC:3    +
   20    37  0   0.0%   1.177 UG:3    +
   51   187  0   0.0%   0.037 UG:3    +
  130   135  0   0.0%   0.786 UG:3    +
   85   153  0   0.0%   0.075 UA:3    +
   85   136  0   0.0%   0.147 UG:3    +
  128   148  0   0.0%   0.464 GC:3    +
    3    33  0   0.0%   0.004 AU:3    +
   88   150  0   0.0%   0.044 UA:3    +
   21    31  0   0.0%   0.079 GC:3    +
   92   130  0   0.0%   0.059 AU:3    +
    8    38  0   0.0%   0.211 GU:3    +
  182   197  0   0.0%   0.720 GC:3    +
   92   102  0   0.0%   0.001 AU:3    +
   23    33  0   0.0%   0.492 GU:3    +
   36    42  0   0.0%   0.483 CG:3    +
    1   199  0   0.0%   0.035 GU:3    +
    5   199  0   0.0%   0.374 GU:3    +
   23    36  0   0.0%   0.598 GC:3    +
  181   198  0   0.0%   0.725 AU:3    +
    4    56  0   0.0%   0.347 CG:3    +
  183   196  0   0.0%   0.877 AU:3    +
    9   198  0   0.0%   0.067 AU:3    +
  189   199  0   0.0%   0.404 AU:3    +
  186   198  0   0.0%   1.033 GU:3    +
   49    59  0   0.0%   0.024 CG:3    +
   88   131  0   0.0%   0.001 UG:3    +
   67   175  0   0.0%   0.058 UA:3    +
   65   174  0   0.0%   0.001 UA:3    +
    9   199  0   0.0%   0.053 AU:3    +
   44    52  0   0.0%   0.039 GU:3    +
   50    58  0   0.0%   0.025 UA:3    +
   42   194  0   0.0%   0.145 GC:3    +
    5   198  0   0.0%   0.388 GU:3    +
   45    51  0   0.0%   0.023 AU:3    +
    3    57  0   0.0%   0.179 AU:3    +
   17    36  0   0.0%   0.261 GC:3    +
   23   197  0   0.0%   0.249 GC:3    +
    5    55  0   0.0%   0.347 GC:3    +
   22   198  0   0.0%   0.234 AU:3    +
    7    54  0   0.0%   0.190 UA:3    +
   41    55  0   0.0%   0.188 GC:3    +
   41   195  0   0.0%   0.194 GU:3    +
   88   149  0   0.0%   0.043 UA:3    +
    1    34  0   0.0%   0.012 GC:3    +
    6   197  0   0.0%   0.225 GC:3    +
   37   199  0   0.0%   0.365 GU:3    +
    9    52  0   0.0%   0.048 AU:3    +
   48    60  0   0.0%   0.005 GU:3    +
   24   196  0   0.0%   0.035 AU:3    +
    5    49  0   0.0%   0.345 GC:3    +
   97   118  0   0.0%   0.001 UA:3    +
   89   130  0   0.0%   0.001 GU:3    +
  101   111  0   0.0%   0.003 CG:3    +
  102   110  0   0.0%   0.004 UG:3    +
    6    55  0   0.0%   0.178 GC:3    +
   10    51  0   0.0%   0.266 AU:3    +
    2   194  0   0.0%   0.175 GC:3    +
    2    33  0   0.0%   0.009 GU:3    +
   87   139  0   0.0%   0.076 GC:3    +
   88   138  0   0.0%   0.042 UA:3    +
   86   140  0   0.0%   0.146 GC:3    +
   89   137  0   0.0%   0.075 GC:3    +
   60   179  0   0.0%   0.001 UA:3    +
    3    32  0   0.0%   0.002 AU:3    +
    6   196  0   0.0%   0.223 GU:3    +
  119   127  0   0.0%   0.698 GC:3    +
   36    48  0   0.0%   0.383 CG:3    +
  123   135  0   0.0%   1.517 CG:3    +
  112   130  0   0.0%   0.323 AU:3    +
   11    50  0   0.0%   0.301 AU:3    +
   35    49  0   0.0%   0.285 GC:3    +
    3   199  0   0.0%   0.202 AU:3    +
    2   198  0   0.0%   0.214 GU:3    +
    1    55  0   0.0%   0.015 GC:3    +
   97   117  0   0.0%   0.001 UA:3    +
   21   199  0   0.0%   0.224 GU:3    +
    4    35  0   0.0%   0.134 CG:3    +
  103   109  0   0.0%   0.003 UA:3    +
   53   184  0   0.0%   0.017 GC:3    +
    1   194  0   0.0%   0.015 GC:3    +
  136   140  0   0.0%   0.354 GC:3    +
    1   195  0   0.0%   0.015 GU:3    +
    4   191  0   0.0%   0.350 CG:3    +
    6   199  0   0.0%   0.203 GU:3    +
    8   194  0   0.0%   0.066 GC:3    +
    7    44  0   0.0%   0.189 UG:3    +
  106   128  0   0.0%   0.342 UG:3    +
  124   128  0   0.0%   1.248 CG:3    +
   55   182  0   0.0%   0.019 CG:3    +
   18    31  0   0.0%   0.141 GC:3    +
    6    19  0   0.0%   0.152 GC:3    +
   49    56  0   0.0%   0.040 CG:3    +
  127   143  0   0.0%   0.683 CG:3    +
    5    20  0   0.0%   0.155 GU:3    +
   31    41  0   0.0%   0.388 CG:3    +
   46    50  0   0.0%   0.024 AU:3    +
    7    18  0   0.0%   0.140 UG:3    +
    6   198  0   0.0%   0.218 GU:3    +
   14   185  0   0.0%   0.220 GU:3    +
   32    40  0   0.0%   0.336 UG:3    +
   97   136  0   0.0%   0.164 UG:3    +
   30    42  0   0.0%   0.181 CG:3    +
    4    21  0   0.0%   0.133 CG:3    +
   48    57  0   0.0%   0.019 GU:3    +
   13    23  0   0.0%   0.156 CG:3    +
   96   137  0   0.0%   0.293 GC:3    +
    3   192  0   0.0%   0.179 AU:3    +
   40   196  0   0.0%   0.092 GU:3    +
   44    51  0   0.0%   0.041 GU:3    +
   85   141  0   0.0%   0.147 UA:3    +
  144   151  0   0.0%   0.085 AU:3    +
   83   134  0   0.0%   0.001 GC:3    +
   84   133  0   0.0%   0.001 UA:3    +
   43    52  0   0.0%   0.036 AU:3    +
   44   198  0   0.0%   1.336 GU:3    +
  143   152  0   0.0%   0.133 GC:3    +
   82   135  0   0.0%   0.001 CG:3    +
   45    50  0   0.0%   0.024 AU:3    +
  116   127  0   0.0%   1.103 GC:3    +
   85   132  0   0.0%   0.001 UA:3    +
   91   128  0   0.0%   0.001 UG:3    +
  102   129  0   0.0%   0.347 UA:3    +
   36    40  0   0.0%   0.433 CG:3    +
    3    52  0   0.0%   0.178 AU:3    +
   50   188  0   0.0%   0.032 UG:3    +
   33   189  0   0.0%   0.290 UA:3    +
   34   188  0   0.0%   0.142 CG:3    +
   13    21  0   0.0%   0.156 CG:3    +
   32   190  0   0.0%   0.283 UA:3    +
   91   131  0   0.0%   0.048 UG:3    +
   24    38  0   0.0%   0.587 AU:3    +
   87   130  0   0.0%   0.001 GU:3    +
   25    37  0   0.0%   0.360 UG:3    +
   39    45  0   0.0%   0.661 UA:3    +
   39    46  0   0.0%   0.661 UA:3    +
  180   199  0   0.0%   0.409 AU:3    +
    7    46  0   0.0%   0.187 UA:3    +
   26    36  0   0.0%   0.583 GC:3    +
   21    32  0   0.0%   0.081 GU:3    +
   31   191  0   0.0%   0.241 CG:3    +
  131   139  0   0.0%   0.359 GC:3    +
   12    23  0   0.0%   0.165 CG:3    +
   26   194  0   0.0%   0.230 GC:3    +
  115   134  0   0.0%   0.732 GC:3    +
  151   155  0   0.0%   0.024 UG:3    +
    7    45  0   0.0%   0.187 UA:3    +
   40    49  0   0.0%   0.059 GC:3    +
   97   142  0   0.0%   0.234 UA:3    +
    8    52  0   0.0%   0.031 GU:3    +
   23    39  0   0.0%   0.880 GU:3    +
   40    55  0   0.0%   0.084 GC:3    +
   47    61  0   0.0%   0.003 AU:3    +
    9    51  0   0.0%   0.047 AU:3    +
  127   146  0   0.0%   0.627 CG:3    +
   88   129  0   0.0%   0.000 UA:3    +
   57   187  0   0.0%   0.316 UG:3    +
   11    25  0   0.0%   0.131 AU:3    +
   17    32  0   0.0%   0.140 GU:3    +
    4    59  0   0.0%   0.347 CG:3    +
  123   131  0   0.0%   1.258 CG:3    +
    3    51  0   0.0%   0.178 AU:3    +
    1    19  0   0.0%   0.012 GC:3    +
   86   154  0   0.0%   0.073 GU:3    +
  133   151  0   0.0%   0.300 AU:3    +
   14    20  0   0.0%   0.127 GU:3    +
   39    47  0   0.0%   0.662 UA:3    +
   43    51  0   0.0%   0.038 AU:3    +
    2    52  0   0.0%   0.174 GU:3    +
    3    60  0   0.0%   0.179 AU:3    +
  135   139  0   0.0%   0.686 GC:3    +
   47   198  0   0.0%   0.743 AU:3    +
   42    52  0   0.0%   0.139 GU:3    +
   95   139  0   0.0%   0.283 GC:3    +
    2   184  0   0.0%   0.174 GC:3    +
   76   169  0   0.0%   0.151 AU:3    +
   75   170  0   0.0%   0.026 CG:3    +
   77   168  0   0.0%   0.173 CG:3    +
   12    18  0   0.0%   0.165 CG:3    +
   13    37  0   0.0%   0.577 CG:3    +
   13    17  0   0.0%   0.156 CG:3    +
  142   151  0   0.0%   0.110 AU:3    +
  102   145  0   0.0%   0.537 UA:3    +
  101   146  0   0.0%   0.675 CG:3    +
   38    48  0   0.0%   0.583 UG:3    +
   37    49  0   0.0%   0.347 GC:3    +
  103   144  0   0.0%   0.667 UA:3    +
  104   143  0   0.0%   0.680 CG:3    +
  188   194  0   0.0%   0.445 GC:3    +
   38    46  0   0.0%   0.580 UA:3    +
  130   147  0   0.0%   0.639 UG:3    +
   38    47  0   0.0%   0.581 UA:3    +
   36   186  0   0.0%   0.407 CG:3    +
    1   185  0   0.0%   0.015 GU:3    +
   44    50  0   0.0%   0.042 GU:3    +
   93   134  0   0.0%   0.247 GC:3    +
  106   110  0   0.0%   0.077 UG:3    +
   97   146  0   0.0%   0.168 UG:3    +
  101   143  0   0.0%   0.731 CG:3    +
   16    25  0   0.0%   0.001 AU:3    +
  102   142  0   0.0%   0.615 UA:3    +
  187   195  0   0.0%   0.729 GU:3    +
    4    53  0   0.0%   0.346 CG:3    +
   78   167  0   0.0%   0.334 UG:3    +
   45   198  0   0.0%   1.052 AU:3    +
   94   133  0   0.0%   0.167 UA:3    +
   48   197  0   0.0%   0.714 GC:3    +
  104   136  0   0.0%   0.766 CG:3    +
  121   130  0   0.0%   0.241 AU:3    +
  145   151  0   0.0%   0.032 AU:3    +
   34    42  0   0.0%   0.239 CG:3    +
   85   155  0   0.0%   0.074 UG:3    +
   88   147  0   0.0%   0.042 UG:3    +
   10    50  0   0.0%   0.266 AU:3    +
  186   194  0   0.0%   0.565 GC:3    +
   94   150  0   0.0%   1.039 UA:3    +
   46   199  0   0.0%   0.662 AU:3    +
   16    33  0   0.0%   0.142 AU:3    +
  132   151  0   0.0%   0.198 AU:3    +
   17   197  0   0.0%   0.101 GC:3    +
   87   148  0   0.0%   0.003 GC:3    +
   16   198  0   0.0%   0.263 AU:3    +
   44   199  0   0.0%   0.968 GU:3    +
  131   152  0   0.0%   0.244 GC:3    +
   49   187  0   0.0%   0.035 CG:3    +
   86   148  0   0.0%   0.072 GC:3    +
  146   151  0   0.0%   0.190 GU:3    +
   19   191  0   0.0%   0.368 CG:3    +
   74   171  0   0.0%   0.026 CG:3    +
  130   150  0   0.0%   0.378 UA:3    +
    4    48  0   0.0%   0.346 CG:3    +
   50   186  0   0.0%   0.034 UG:3    +
   84   156  0   0.0%   0.074 UA:3    +
  119   134  0   0.0%   0.322 GC:3    +
    2    51  0   0.0%   0.174 GU:3    +
    2    13  0   0.0%   0.013 GC:3    +
   47   196  0   0.0%   0.694 AU:3    +
  101   105  0   0.0%   0.001 CG:3    +
    2    61  0   0.0%   0.174 GU:3    +
   20   190  0   0.0%   0.839 UA:3    +
  130   142  0   0.0%   0.350 UA:3    +
   14    30  0   0.0%   0.128 GC:3    +
   85   149  0   0.0%   0.073 UA:3    +
  125   146  0   0.0%   0.887 CG:3    +
   17    25  0   0.0%   0.001 GU:3    +
   18   192  0   0.0%   0.273 GU:3    +
  100   106  0   0.0%   0.001 AU:3    +
  150   154  0   0.0%   0.135 AU:3    +
   88   146  0   0.0%   0.042 UG:3    +
    7    14  0   0.0%   0.267 UG:3    +
  103   135  0   0.0%   0.929 UG:3    +
   84   142  0   0.0%   0.147 UA:3    +
    2    19  0   0.0%   0.008 GC:3    +
   14    36  0   0.0%   0.387 GC:3    +
    3    50  0   0.0%   0.178 AU:3    +
   34    40  0   0.0%   0.190 CG:3    +
   93   123  0   0.0%   0.001 GC:3    +
  129   151  0   0.0%   0.331 AU:3    +
   94   122  0   0.0%   0.001 UA:3    +
   99   130  0   0.0%   0.059 AU:3    +
   39    44  0   0.0%   0.664 UG:3    +
    8   198  0   0.0%   0.063 GU:3    +
   15   199  0   0.0%   0.253 AU:3    +
   97   144  0   0.0%   0.209 UA:3    +
   34    44  0   0.0%   0.141 CG:3    +
   31    35  0   0.0%   0.518 CG:3    +
   19    42  0   0.0%   0.468 CG:3    +
   20    41  0   0.0%   0.985 UG:3    +
   93   151  0   0.0%   0.476 GU:3    +
  125   143  0   0.0%   0.943 CG:3    +
    4   182  0   0.0%   0.346 CG:3    +
  130   153  0   0.0%   0.287 UA:3    +
   26   197  0   0.0%   0.234 GC:3    +
   10   199  0   0.0%   0.269 AU:3    +
    1    20  0   0.0%   0.011 GU:3    +
  186   197  0   0.0%   0.982 GC:3    +
   27   196  0   0.0%   0.142 AU:3    +
   10    25  0   0.0%   0.000 AU:3    +
  187   196  0   0.0%   0.761 GU:3    +
  130   145  0   0.0%   0.273 UA:3    +
  148   155  0   0.0%   0.398 CG:3    +
   10   198  0   0.0%   0.284 AU:3    +
   33    45  0   0.0%   0.290 UA:3    +
   33    43  0   0.0%   0.292 UA:3    +
   73   170  0   0.0%   0.023 CG:3    +
    6    34  0   0.0%   0.153 GC:3    +
    1    52  0   0.0%   0.014 GU:3    +
  130   146  0   0.0%   0.285 UG:3    +
   98   148  0   0.0%   0.389 GC:3    +
   97   149  0   0.0%   0.157 UA:3    +
  129   154  0   0.0%   0.333 AU:3    +
   53   192  0   0.0%   0.079 GU:3    +
  103   141  0   0.0%   1.031 UA:3    +
    2    49  0   0.0%   0.174 GC:3    +
   27    32  0   0.0%   0.392 AU:3    +
    9   195  0   0.0%   0.068 AU:3    +
  149   154  0   0.0%   0.038 AU:3    +
   38    45  0   0.0%   0.580 UA:3    +
   52   193  0   0.0%   0.173 UA:3    +
   95   101  0   0.0%   0.001 GC:3    +
    8   196  0   0.0%   0.066 GU:3    +
   28   195  0   0.0%   0.365 AU:3    +
   26    32  0   0.0%   0.481 GU:3    +
    2    55  0   0.0%   0.174 GC:3    +
   97   116  0   0.0%   0.000 UG:3    +
  114   130  0   0.0%   0.396 AU:3    +
   36    44  0   0.0%   0.384 CG:3    +
  110   140  0   0.0%   0.924 GC:3    +
  111   139  0   0.0%   0.888 GC:3    +
  130   144  0   0.0%   0.326 UA:3    +
   19    40  0   0.0%   0.416 CG:3    +
   14    31  0   0.0%   0.128 GC:3    +
   55    59  0   0.0%   0.019 CG:3    +
  128   152  0   0.0%   0.212 GC:3    +
   41   194  0   0.0%   0.193 GC:3    +
  122   130  0   0.0%   0.301 AU:3    +
    9   192  0   0.0%   0.060 AU:3    +
   84   150  0   0.0%   0.074 UA:3    +
   32    46  0   0.0%   0.283 UA:3    +
   45    52  0   0.0%   0.020 AU:3    +
  188   195  0   0.0%   0.832 GU:3    +
  102   138  0   0.0%   0.599 UA:3    +
   93   140  0   0.0%   0.260 GC:3    +
  118   130  0   0.0%   0.401 AU:3    +
    5    38  0   0.0%   0.503 GU:3    +
   25    43  0   0.0%   0.019 UA:3    +
  135   151  0   0.0%   0.598 GU:3    +
   15   185  0   0.0%   0.253 AU:3    +
   54    60  0   0.0%   0.019 AU:3    +
    1    50  0   0.0%   0.014 GU:3    +
   40   195  0   0.0%   0.089 GU:3    +
   22    39  0   0.0%   0.874 AU:3    +
   35    39  0   0.0%   0.940 GU:3    +
    5    52  0   0.0%   0.346 GU:3    +
   73   172  0   0.0%   0.004 CG:3    +
    8   195  0   0.0%   0.064 GU:3    +
   18   196  0   0.0%   0.285 GU:3    +
   91   126  0   0.0%   0.000 UA:3    +
   53   197  0   0.0%   0.680 GC:3    +
   18    25  0   0.0%   0.001 GU:3    +
   46    51  0   0.0%   0.022 AU:3    +
   48   195  0   0.0%   0.682 GU:3    +
   42    55  0   0.0%   0.139 GC:3    +
   54   196  0   0.0%   0.774 AU:3    +
   23   194  0   0.0%   0.245 GC:3    +
   59   185  0   0.0%   0.368 GU:3    +
   15    32  0   0.0%   0.002 AU:3    +
   22   195  0   0.0%   0.239 AU:3    +
    5   196  0   0.0%   0.392 GU:3    +
    1   184  0   0.0%   0.014 GC:3    +
   70   172  0   0.0%   0.035 CG:3    +
  116   134  0   0.0%   0.726 GC:3    +
   29   192  0   0.0%   0.376 AU:3    +
  124   146  0   0.0%   1.183 CG:3    +
   85   157  0   0.0%   0.126 UA:3    +
   35   199  0   0.0%   0.298 GU:3    +
   15    20  0   0.0%   0.001 AU:3    +
  186   196  0   0.0%   0.985 GU:3    +
  123   147  0   0.0%   1.457 CG:3    +
   79   165  0   0.0%   0.124 UA:3    +
   51   193  0   0.0%   0.105 UA:3    +
   21   197  0   0.0%   0.248 GC:3    +
   83   151  0   0.0%   0.074 GU:3    +
    1    49  0   0.0%   0.014 GC:3    +
   21    38  0   0.0%   0.794 GU:3    +
    4    17  0   0.0%   0.133 CG:3    +
   34    59  0   0.0%   0.137 CG:3    +
  146   152  0   0.0%   0.187 GC:3    +
   22   196  0   0.0%   0.240 AU:3    +
   18    39  0   0.0%   0.915 GU:3    +
   32    44  0   0.0%   0.287 UG:3    +
   48    55  0   0.0%   0.022 GC:3    +
   57   180  0   0.0%   0.015 UA:3    +
   23    38  0   0.0%   0.799 GU:3    +
   92   151  0   0.0%   0.023 AU:3    +
    4   187  0   0.0%   0.350 CG:3    +
   21   196  0   0.0%   0.246 GU:3    +
   26    33  0   0.0%   0.488 GU:3    +
   25    42  0   0.0%   0.119 UG:3    +
   29    33  0   0.0%   0.650 AU:3    +
   97   145  0   0.0%   0.156 UA:3    +
   97   147  0   0.0%   0.522 UG:3    +
   19   182  0   0.0%   0.368 CG:3    +
   53    61  0   0.0%   0.013 GU:3    +
   37   185  0   0.0%   0.364 GU:3    +
   19    59  0   0.0%   0.368 CG:3    +
   12   191  0   0.0%   0.448 CG:3    +
   20   181  0   0.0%   0.839 UA:3    +
   20    58  0   0.0%   0.838 UA:3    +
   17   184  0   0.0%   0.077 GC:3    +
  120   130  0   0.0%   0.242 AU:3    +
  180   195  0   0.0%   0.694 AU:3    +
   96   148  0   0.0%   0.535 GC:3    +
   18    34  0   0.0%   0.145 GC:3    +
   56   194  0   0.0%   0.410 GC:3    +
   40    57  0   0.0%   0.080 GU:3    +
  147   151  0   0.0%   0.530 GU:3    +
  106   122  0   0.0%   0.181 UA:3    +
   97   115  0   0.0%   0.000 UG:3    +
  124   147  0   0.0%   1.537 CG:3    +
   57   193  0   0.0%   0.243 UA:3    +
   96   101  0   0.0%   0.001 GC:3    +
   14    19  0   0.0%   0.127 GC:3    +
  105   123  0   0.0%   0.095 GC:3    +
   37   198  0   0.0%   0.378 GU:3    +
   91   132  0   0.0%   0.086 UA:3    +
   25    46  0   0.0%   0.018 UA:3    +
   30   191  0   0.0%   0.079 CG:3    +
   25    44  0   0.0%   0.021 UG:3    +
   33    41  0   0.0%   0.437 UG:3    +
   25    41  0   0.0%   0.165 UG:3    +
   11   192  0   0.0%   0.312 AU:3    +
   97   143  0   0.0%   0.224 UG:3    +
   21    57  0   0.0%   0.221 GU:3    +
   18    60  0   0.0%   0.260 GU:3    +
   96   140  0   0.0%   0.401 GC:3    +
  102   119  0   0.0%   0.460 UG:3    +
    6   195  0   0.0%   0.221 GU:3    +
   23   195  0   0.0%   0.244 GU:3    +
   16    20  0   0.0%   0.001 AU:3    +
   98   124  0   0.0%   0.228 GC:3    +
   38    53  0   0.0%   0.580 UG:3    +
    7    53  0   0.0%   0.189 UG:3    +
   80   137  0   0.0%   0.000 GC:3    +
   23    55  0   0.0%   0.222 GC:3    +
   97   132  0   0.0%   0.109 UA:3    +
  106   136  0   0.0%   0.607 UG:3    +
   10    33  0   0.0%   0.005 AU:3    +
   13    18  0   0.0%   0.156 CG:3    +
    6    51  0   0.0%   0.176 GU:3    +
  186   192  0   0.0%   0.385 GU:3    +
  127   147  0   0.0%   0.980 CG:3    +
  105   137  0   0.0%   0.461 GC:3    +
   75   163  0   0.0%   0.000 CG:3    +
   61   183  0   0.0%   0.270 UA:3    +
   16   185  0   0.0%   0.248 AU:3    +
   95   102  0   0.0%   0.001 GU:3    +
   30   187  0   0.0%   0.091 CG:3    +
   31   186  0   0.0%   0.250 CG:3    +
   13    42  0   0.0%   0.458 CG:3    +
    8    33  0   0.0%   0.008 GU:3    +
    1    38  0   0.0%   0.012 GU:3    +
    2   195  0   0.0%   0.174 GU:3    +
  105   139  0   0.0%   0.452 GC:3    +
   17   198  0   0.0%   0.092 GU:3    +
   98   139  0   0.0%   0.262 GC:3    +
   34   182  0   0.0%   0.136 CG:3    +
   58   192  0   0.0%   0.176 AU:3    +
   18   197  0   0.0%   0.287 GC:3    +
    8    49  0   0.0%   0.032 GC:3    +
   54   192  0   0.0%   0.172 AU:3    +
   79   166  0   0.0%   0.126 UG:3    +
    1   196  0   0.0%   0.015 GU:3    +
  187   192  0   0.0%   0.161 GU:3    +
   14    33  0   0.0%   0.131 GU:3    +
   95   123  0   0.0%   0.000 GC:3    +
  115   140  0   0.0%   0.715 GC:3    +
  116   139  0   0.0%   0.717 GC:3    +
   36    53  0   0.0%   0.380 CG:3    +
   55    62  0   0.0%   0.019 CG:3    +
   33   183  0   0.0%   0.293 UA:3    +
  106   138  0   0.0%   0.514 UA:3    +
  185   193  0   0.0%   0.280 UA:3    +
   31   187  0   0.0%   0.252 CG:3    +
   54    63  0   0.0%   0.018 AU:3    +
   94    99  0   0.0%   0.000 UA:3    +
   30   188  0   0.0%   0.084 CG:3    +
   46   198  0   0.0%   1.031 AU:3    +
  155   161  0   0.0%   0.092 GC:3    +
  110   134  0   0.0%   0.940 GC:3    +
   27    39  0   0.0%   0.775 AU:3    +
   11   198  0   0.0%   0.316 AU:3    +
    1    31  0   0.0%   0.011 GC:3    +
    2    30  0   0.0%   0.008 GC:3    +
   13   188  0   0.0%   0.374 CG:3    +
   53    64  0   0.0%   0.013 GC:3    +
   79   138  0   0.0%   0.000 UA:3    +
   59   194  0   0.0%   0.359 GC:3    +
   45   199  0   0.0%   0.683 AU:3    +
  154   162  0   0.0%   0.127 UA:3    +
   88   126  0   0.0%   0.000 UA:3    +
   65   177  0   0.0%   0.029 UA:3    +
   28    51  0   0.0%   0.344 AU:3    +
   87   127  0   0.0%   0.000 GC:3    +
   39    58  0   0.0%   0.676 UA:3    +
   89   125  0   0.0%   0.000 GC:3    +
   13    26  0   0.0%   0.156 CG:3    +
   55   191  0   0.0%   0.344 CG:3    +
  113   137  0   0.0%   0.890 GC:3    +
   27    52  0   0.0%   0.118 AU:3    +
  106   117  0   0.0%   0.283 UA:3    +
   49   182  0   0.0%   0.023 CG:3    +
   50   181  0   0.0%   0.024 UA:3    +
   94   128  0   0.0%   0.163 UG:3    +
   99   103  0   0.0%   0.000 AU:3    +
   11    20  0   0.0%   0.131 AU:3    +
   29    50  0   0.0%   0.365 AU:3    +
  113   130  0   0.0%   0.977 GU:3    +
   12   186  0   0.0%   0.438 CG:3    +
   32   186  0   0.0%   0.293 UG:3    +
  117   130  0   0.0%   0.402 AU:3    +
   31    59  0   0.0%   0.240 CG:3    +
   11   199  0   0.0%   0.302 AU:3    +
  103   118  0   0.0%   0.463 UA:3    +
   39    56  0   0.0%   0.692 UG:3    +
  180   185  0   0.0%   0.317 AU:3    +
   13    53  0   0.0%   0.357 CG:3    +
.........(((((((((...........)))))).)))(((((...(((((...((..((((((.((((.((((..((((((((.(((((.((((((...(((((...((............))...)))))...))))......)).))))).))))))))..)))).))))))))))..))...))))).))))).
