3 sequence; length of alignment 34
alifold output
   11    22  0 100.0%   0.000 GC:3   
   12    21  0 100.0%   0.000 GC:3   
   10    23  0 100.0%   0.000 GC:3   
    9    24  0 100.0%   0.000 CG:3   
   13    20  0  99.9%   0.002 GC:3   
    8    25  0  99.4%   0.018 GC:3   
    5    31  0  98.6%   0.107 GC:3   
    6    30  0  98.6%   0.088 CG:3   
   14    19  0  87.5%   0.352 AU:3   
    4    32  0  67.6%   1.161 UG:3   
    3    33  0  65.9%   1.553 CG:3   
    7    26  0  49.4%   1.045 AU:3    +
    7    29  0  48.7%   1.427 AU:3   
    2    33  0  31.6%   1.134 CG:3    +
    3    32  0  30.8%   1.091 CG:3    +
    1    34  0  26.4%   1.096 GU:3    +
    1    31  0   0.9%   0.123 GC:3    +
    2    30  0   0.8%   0.121 CG:3    +
    8    28  0   0.5%   0.119 GU:3    +
    5    28  0   0.3%   0.054 GU:3    +
    7    27  0   0.2%   0.392 AU:3    +
    7    28  0   0.2%   0.414 AU:3    +
    5    27  0   0.1%   0.018 GU:3    +
    4    30  0   0.1%   0.054 UG:3    +
    5    29  0   0.0%   0.030 GU:3    +
    8    26  0   0.0%   0.361 GU:3    +
    3    30  0   0.0%   0.047 CG:3    +
    2    32  0   0.0%   0.044 CG:3    +
   15    19  0   0.0%   0.120 GU:3    +
    8    27  0   0.0%   0.028 GU:3    +
    4    33  0   0.0%   0.908 UG:3    +
   12    20  0   0.0%   0.000 GC:3    +
   15    20  0   0.0%   0.002 GC:3    +
   13    19  0   0.0%   0.000 GU:3    +
    6    33  0   0.0%   0.653 CG:3    +
    1     6  0   0.0%   0.000 GC:3    +
   11    21  0   0.0%   0.000 GC:3    +
    5    34  0   0.0%   0.390 GU:3    +
   13    18  0   0.0%   0.000 GC:3    +
   13    21  0   0.0%   0.001 GC:3    +
   10    22  0   0.0%   0.000 GC:3    +
    6    32  0   0.0%   0.643 CG:3    +
   12    22  0   0.0%   0.000 GC:3    +
    5    26  0   0.0%   0.000 GU:3    +
   11    23  0   0.0%   0.000 GC:3    +
..((((((((((((....)))))))...))))).
