3 sequence; length of alignment 36
alifold output
    9    15  0  95.2%   0.147 CG:3   
    8    16  0  93.3%   0.196 AU:3   
    5    20  0  85.4%   0.670 GC:3   
    4    21  0  83.7%   0.742 GC:3   
    2    22  0  76.2%   0.653 GC:3   
    7    17  0  67.0%   0.805 CG:3    +
    1    23  0  61.7%   0.895 UA:3   
    6    19  0  58.8%   1.304 UG:3   
    6    18  0  39.7%   1.100 UG:3    +
    7    18  0  32.5%   1.731 CG:3   
    4    20  0  13.0%   0.800 GC:3    +
    2    28  0   7.5%   0.824 GC:3    +
    3    27  0   7.4%   0.586 AU:3    +
    1    29  0   6.1%   0.863 UA:3    +
    9    17  0   3.3%   0.657 CG:3    +
    4    26  0   2.1%   0.705 GC:3    +
    1    24  0   1.1%   0.443 UA:3    +
    4    22  0   0.8%   0.745 GC:3    +
    5    21  0   0.8%   0.426 GC:3    +
    2    21  0   0.5%   0.083 GC:3    +
   24    33  0   0.3%   0.108 AU:3    +
   25    32  0   0.2%   0.056 AU:3    +
   25    34  0   0.2%   0.088 AU:3    +
   24    35  0   0.2%   0.121 AU:3    +
   23    34  0   0.2%   0.336 AU:3    +
   10    15  0   0.2%   0.083 UG:3    +
   24    34  0   0.1%   0.111 AU:3    +
   10    17  0   0.1%   0.422 UG:3    +
   25    33  0   0.1%   0.069 AU:3    +
    9    18  0   0.1%   0.921 CG:3    +
   23    35  0   0.1%   0.334 AU:3    +
    1    25  0   0.1%   0.365 UA:3    +
   29    35  0   0.1%   0.217 AU:3    +
    4     9  0   0.1%   0.014 GC:3    +
    3    10  0   0.1%   0.014 AU:3    +
   19    26  0   0.1%   0.422 GC:3    +
   18    27  0   0.1%   0.953 GU:3    +
   17    28  0   0.1%   0.607 GC:3    +
   30    35  0   0.1%   0.047 AU:3    +
   30    34  0   0.1%   0.053 AU:3    +
    2    11  0   0.1%   0.012 GU:3    +
    7    19  0   0.1%   0.958 CG:3    +
   16    29  0   0.0%   0.250 UA:3    +
    2    26  0   0.0%   0.249 GC:3    +
    5    22  0   0.0%   0.431 GC:3    +
   15    28  0   0.0%   0.265 GC:3    +
   14    29  0   0.0%   0.182 UA:3    +
   13    30  0   0.0%   0.012 UA:3    +
   11    17  0   0.0%   0.404 UG:3    +
   10    18  0   0.0%   0.772 UG:3    +
    9    19  0   0.0%   0.497 CG:3    +
   17    26  0   0.0%   0.486 GC:3    +
   12    31  0   0.0%   0.010 UA:3    +
   29    34  0   0.0%   0.218 AU:3    +
   24    32  0   0.0%   0.059 AU:3    +
   11    15  0   0.0%   0.069 UG:3    +
   27    31  0   0.0%   0.207 UA:3    +
   23    33  0   0.0%   0.307 AU:3    +
   31    35  0   0.0%   0.039 AU:3    +
   14    23  0   0.0%   0.304 UA:3    +
   15    22  0   0.0%   0.314 GC:3    +
    3    34  0   0.0%   0.204 AU:3    +
    1    30  0   0.0%   0.527 UA:3    +
    2    35  0   0.0%   0.440 GU:3    +
   13    24  0   0.0%   0.054 UA:3    +
    6    24  0   0.0%   0.732 UA:3    +
   12    25  0   0.0%   0.012 UA:3    +
    6    25  0   0.0%   0.691 UA:3    +
   18    26  0   0.0%   0.835 GC:3    +
    5    26  0   0.0%   0.265 GC:3    +
   25    35  0   0.0%   0.065 AU:3    +
   17    27  0   0.0%   0.592 GU:3    +
    6    23  0   0.0%   0.979 UA:3    +
    1    36  0   0.0%   0.527 UA:3    +
   29    33  0   0.0%   0.208 AU:3    +
   23    32  0   0.0%   0.304 AU:3    +
   27    36  0   0.0%   0.204 UA:3    +
    8    14  0   0.0%   0.002 AU:3    +
   12    17  0   0.0%   0.394 UG:3    +
   32    36  0   0.0%   0.021 UA:3    +
    7    15  0   0.0%   0.002 CG:3    +
    3    32  0   0.0%   0.200 AU:3    +
    4    33  0   0.0%   0.542 GU:3    +
    5    32  0   0.0%   0.180 GU:3    +
    3    33  0   0.0%   0.201 AU:3    +
    2    33  0   0.0%   0.437 GU:3    +
    4    10  0   0.0%   0.010 GU:3    +
    5     9  0   0.0%   0.006 GC:3    +
    6    31  0   0.0%   0.683 UA:3    +
    3    11  0   0.0%   0.010 AU:3    +
    2    34  0   0.0%   0.437 GU:3    +
   11    18  0   0.0%   0.753 UG:3    +
    4    27  0   0.0%   0.734 GU:3    +
    2    12  0   0.0%   0.005 GU:3    +
   14    30  0   0.0%   0.010 UA:3    +
   23    27  0   0.0%   0.500 AU:3    +
   10    19  0   0.0%   0.346 UG:3    +
   17    22  0   0.0%   0.645 GC:3    +
   14    31  0   0.0%   0.009 UA:3    +
   13    31  0   0.0%   0.008 UA:3    +
   16    23  0   0.0%   0.366 UA:3    +
    2     7  0   0.0%   0.001 GC:3    +
   16    25  0   0.0%   0.074 UA:3    +
    1    31  0   0.0%   0.525 UA:3    +
   15    26  0   0.0%   0.147 GC:3    +
   12    18  0   0.0%   0.745 UG:3    +
    1     8  0   0.0%   0.000 UA:3    +
   18    22  0   0.0%   0.996 GC:3    +
    3    13  0   0.0%   0.006 AU:3    +
    4    12  0   0.0%   0.006 GU:3    +
   17    21  0   0.0%   0.606 GC:3    +
    2    14  0   0.0%   0.005 GU:3    +
    5    11  0   0.0%   0.005 GU:3    +
   11    19  0   0.0%   0.329 UG:3    +
    2    20  0   0.0%   0.005 GC:3    +
   13    17  0   0.0%   0.393 UG:3    +
    8    13  0   0.0%   0.001 AU:3    +
    3    35  0   0.0%   0.202 AU:3    +
    2    27  0   0.0%   0.242 GU:3    +
    4    28  0   0.0%   0.734 GC:3    +
   18    28  0   0.0%   0.951 GC:3    +
   11    30  0   0.0%   0.011 UA:3    +
    3    12  0   0.0%   0.005 AU:3    +
   12    30  0   0.0%   0.004 UA:3    +
   12    29  0   0.0%   0.173 UA:3    +
    4    11  0   0.0%   0.010 GU:3    +
    5    27  0   0.0%   0.372 GU:3    +
    2    13  0   0.0%   0.005 GU:3    +
    1    15  0   0.0%   0.000 UG:3    +
    4    13  0   0.0%   0.006 GU:3    +
    5    12  0   0.0%   0.001 GU:3    +
   10    31  0   0.0%   0.027 UA:3    +
   19    27  0   0.0%   0.523 GU:3    +
    3    14  0   0.0%   0.005 AU:3    +
   11    31  0   0.0%   0.011 UA:3    +
   12    19  0   0.0%   0.321 UG:3    +
   13    18  0   0.0%   0.744 UG:3    +
    5    10  0   0.0%   0.005 GU:3    +
   19    28  0   0.0%   0.526 GC:3    +
   13    29  0   0.0%   0.172 UA:3    +
    2     9  0   0.0%   0.000 GC:3    +
    8    12  0   0.0%   0.001 AU:3    +
   11    25  0   0.0%   0.017 UA:3    +
   12    24  0   0.0%   0.051 UA:3    +
    4    32  0   0.0%   0.540 GU:3    +
   15    32  0   0.0%   0.065 GU:3    +
    8    35  0   0.0%   0.067 AU:3    +
   13    23  0   0.0%   0.299 UA:3    +
   10    25  0   0.0%   0.034 UA:3    +
    2    32  0   0.0%   0.436 GU:3    +
   16    30  0   0.0%   0.074 UA:3    +
((.((((((.....)).)))))).............
