3 sequence; length of alignment 127
alifold output
   18    28  0 100.0%   0.003 GC:3   
   19    27  0  99.9%   0.004 UA:3   
   20    26  0  99.9%   0.004 GC:3   
   11    35  0  99.8%   0.007 CG:3   
   12    34  0  99.8%   0.008 GC:3   
    5    42  0  99.6%   0.015 UA:3   
   10    36  0  99.6%   0.014 GC:3   
    6    41  0  99.5%   0.017 UA:3   
   17    29  0  99.5%   0.017 CG:3   
    7    40  0  99.5%   0.017 UA:3   
    4    43  0  99.4%   0.021 GC:3   
  111   119  0  98.3%   0.080 CG:3   
    8    39  0  98.3%   0.058 AU:3   
  110   120  0  98.2%   0.072 GC:3   
  112   118  0  98.1%   0.083 GC:3   
   13    33  0  97.4%   0.078 UA:3   
   59    93  0  96.1%   0.230 GC:3   
   58    94  0  96.1%   0.121 CG:3   
   60    92  0  96.1%   0.196 GC:3   
   57    95  0  94.2%   0.182 AU:3   
   68    90  0  92.8%   0.343 CG:3   
   69    89  0  92.7%   0.439 AU:3   
   70    88  0  92.4%   0.384 GC:3   
   71    87  0  91.3%   0.484 GU:3   
   21    25  0  87.4%   0.354 UG:3   
   72    86  0  87.2%   0.679 AU:3   
    9    38  0  84.3%   0.439 AU:3   
  113   117  0  74.2%   0.684 AU:3   
   54    99  0  56.9%   1.834 CG:3   
   55    98  0  56.9%   1.473 CG:3   
   61    91  0  56.6%   1.040 AU:3   
   53   100  0  52.5%   1.873 UA:3   
   51   101  0  42.6%   1.104 CG:3    +
  109   121  0  41.0%   1.659 UG:3   
   52   100  0  40.7%   1.167 UA:3    +
   76    83  0  40.1%   1.497 GC:3   
   67    91  0  39.0%   1.587 AU:3    +
   75    84  0  38.9%   1.587 GU:3   
   53    99  0  38.2%   1.233 UG:3    +
   54    98  0  38.0%   1.239 CG:3    +
   52   101  0  35.9%   1.906 UG:3   
   77    83  0  32.4%   2.022 GC:3    +
   76    84  0  31.7%   1.987 GU:3    +
   78    82  0  28.4%   1.270 UG:3    +
   75    85  0  21.7%   1.832 GU:3    +
    1   122  0  18.9%   1.018 GC:3    +
    2   121  0  18.9%   1.030 CG:3    +
   75    83  0  15.7%   1.014 GC:3    +
   77    81  0   3.9%   0.648 GU:3    +
   48   107  0   3.6%   0.521 GC:3    +
   47   108  0   3.0%   0.379 AU:3    +
   15    30  0   2.5%   0.274 GU:3    +
   48   126  0   2.4%   0.606 GC:3    +
   76   123  0   2.4%   1.081 GC:3    +
   77   122  0   2.4%   1.194 GC:3    +
   75   124  0   2.4%   1.381 GC:3    +
   49   125  0   2.2%   0.568 UA:3    +
   88    99  0   2.1%   1.112 CG:3    +
   89    98  0   2.1%   1.134 UG:3    +
   87   100  0   2.1%   1.187 UA:3    +
   90    97  0   2.0%   0.406 GC:3    +
   86   101  0   2.0%   1.276 UG:3    +
   14    31  0   2.0%   0.234 UG:3    +
   85   102  0   2.0%   0.796 UA:3    +
   47   127  0   1.9%   0.371 AU:3    +
   78   121  0   1.9%   1.015 UG:3    +
   70    83  0   1.7%   0.301 GC:3    +
   54    60  0   1.7%   0.215 CG:3    +
   55    59  0   1.7%   0.219 CG:3    +
   53    61  0   1.7%   0.211 UA:3    +
   69    84  0   1.7%   0.373 AU:3    +
   72    81  0   1.6%   0.387 AU:3    +
   72    78  0   1.6%   0.260 AU:3    +
   49   103  0   1.6%   0.352 UA:3    +
   71    79  0   1.6%   0.289 GC:3    +
  101   107  0   1.6%   1.245 GC:3    +
   84   103  0   1.6%   1.169 UA:3    +
   68    82  0   1.5%   0.236 CG:3    +
   73    80  0   1.5%   0.250 UA:3    +
   69    81  0   1.4%   0.238 AU:3    +
   72    87  0   1.4%   0.655 AU:3    +
   73    77  0   1.4%   0.188 UG:3    +
   49   105  0   1.4%   0.440 UA:3    +
   52    62  0   1.3%   0.177 UA:3    +
   55    70  0   1.3%   0.268 CG:3    +
   54    71  0   1.3%   0.261 CG:3    +
   49   102  0   1.3%   0.265 UA:3    +
   74    82  0   1.3%   0.241 CG:3    +
  111   121  0   1.3%   1.015 CG:3    +
  110   122  0   1.2%   0.622 GC:3    +
  102   106  0   1.2%   0.511 AU:3    +
  112   120  0   1.2%   0.228 GC:3    +
   56    69  0   1.2%   0.172 UA:3    +
   53    72  0   1.2%   0.228 UA:3    +
   48   106  0   1.2%   0.319 GU:3    +
   75    81  0   1.1%   0.298 GU:3    +
   66    86  0   1.1%   0.251 AU:3    +
    2    48  0   1.1%   0.148 CG:3    +
   67    85  0   1.0%   0.246 AU:3    +
  100   108  0   1.0%   1.129 AU:3    +
   65    87  0   1.0%   0.193 AU:3    +
    1    49  0   1.0%   0.149 GU:3    +
   71    88  0   1.0%   0.452 GC:3    +
   66    85  0   1.0%   0.154 AU:3    +
   67    84  0   1.0%   0.150 AU:3    +
   65    86  0   0.8%   0.132 AU:3    +
   53   102  0   0.8%   1.021 UA:3    +
   54   101  0   0.7%   1.671 CG:3    +
   15    32  0   0.7%   0.200 GU:3    +
   52   103  0   0.7%   0.986 UA:3    +
   59    68  0   0.6%   0.186 GC:3    +
   55    99  0   0.6%   1.247 CG:3    +
   57    96  0   0.6%   0.162 AU:3    +
   64    90  0   0.6%   0.133 CG:3    +
   56    98  0   0.6%   0.848 UG:3    +
   93    98  0   0.5%   0.970 CG:3    +
   92    99  0   0.5%   0.963 CG:3    +
   46   105  0   0.5%   0.103 UA:3    +
  102   109  0   0.5%   0.417 AU:3    +
   64    94  0   0.5%   0.188 CG:3    +
   47   106  0   0.5%   0.114 AU:3    +
   45   106  0   0.5%   0.083 AU:3    +
   87   102  0   0.5%   0.575 UA:3    +
   88   101  0   0.5%   1.159 CG:3    +
   86   103  0   0.5%   0.574 UA:3    +
   99   109  0   0.4%   0.969 GU:3    +
   85   104  0   0.4%   0.631 UA:3    +
   65    89  0   0.4%   0.186 AU:3    +
   70    89  0   0.4%   0.418 GU:3    +
   48    64  0   0.4%   0.146 GC:3    +
  103   108  0   0.4%   0.467 AU:3    +
   67    86  0   0.4%   0.257 AU:3    +
   14    33  0   0.4%   0.170 UA:3    +
   49    63  0   0.4%   0.126 UA:3    +
   48   122  0   0.4%   0.665 GC:3    +
   66    87  0   0.4%   0.220 AU:3    +
    1   124  0   0.4%   0.464 GC:3    +
   76    81  0   0.4%   0.255 GU:3    +
   63    95  0   0.4%   0.193 AU:3    +
   84   105  0   0.4%   1.088 UA:3    +
   49   121  0   0.3%   0.686 UG:3    +
   45   108  0   0.3%   0.092 AU:3    +
   49   104  0   0.3%   0.275 UA:3    +
    1   126  0   0.3%   0.477 GC:3    +
   60    97  0   0.3%   0.201 GC:3    +
   91   100  0   0.3%   1.618 UA:3    +
   44   109  0   0.3%   0.063 AU:3    +
    3    70  0   0.3%   0.060 CG:3    +
    2    71  0   0.3%   0.101 CG:3    +
    3   121  0   0.3%   0.402 CG:3    +
   16    31  0   0.3%   0.127 UG:3    +
   99   107  0   0.3%   1.027 GC:3    +
  100   106  0   0.3%   0.989 AU:3    +
   59    97  0   0.3%   0.200 GC:3    +
   63    91  0   0.2%   0.419 AU:3    +
   61    96  0   0.2%   0.493 AU:3    +
   58    98  0   0.2%   0.812 CG:3    +
   89   100  0   0.2%   1.070 UA:3    +
   62    91  0   0.2%   0.426 AU:3    +
   63    89  0   0.2%   0.070 AU:3    +
  121   126  0   0.2%   1.032 GC:3    +
   52   102  0   0.2%   0.902 UA:3    +
   98   108  0   0.2%   1.027 GU:3    +
   60    96  0   0.2%   0.188 GU:3    +
   55   101  0   0.2%   1.305 CG:3    +
   59    64  0   0.2%   0.132 GC:3    +
   82   107  0   0.2%   0.641 GC:3    +
    1   123  0   0.2%   0.424 GC:3    +
   62    96  0   0.2%   0.179 AU:3    +
   45   109  0   0.2%   0.101 AU:3    +
   71    92  0   0.2%   0.360 GC:3    +
   70    93  0   0.2%   0.332 GC:3    +
   12    36  0   0.2%   0.042 GC:3    +
   56   100  0   0.2%   0.835 UA:3    +
   11    37  0   0.2%   0.037 CG:3    +
   72    91  0   0.2%   1.141 AU:3    +
   58    99  0   0.2%   0.818 CG:3    +
   62    95  0   0.2%   0.175 AU:3    +
   79   121  0   0.2%   0.555 CG:3    +
   66    91  0   0.2%   0.511 AU:3    +
   76    88  0   0.2%   0.921 GC:3    +
   75    89  0   0.2%   1.222 GU:3    +
   74    90  0   0.2%   0.195 CG:3    +
   61    95  0   0.1%   0.481 AU:3    +
  103   109  0   0.1%   0.339 AU:3    +
    1   120  0   0.1%   0.092 GC:3    +
    2   119  0   0.1%   0.105 CG:3    +
   75    93  0   0.1%   1.145 GC:3    +
   76    92  0   0.1%   0.855 GC:3    +
   74    94  0   0.1%   0.170 CG:3    +
   79    90  0   0.1%   0.223 CG:3    +
   66    84  0   0.1%   0.029 AU:3    +
   77    87  0   0.1%   0.812 GU:3    +
   13    35  0   0.1%   0.055 UG:3    +
   80    89  0   0.1%   0.234 AU:3    +
   77    91  0   0.1%   1.339 GU:3    +
   48    55  0   0.1%   0.088 GC:3    +
   47    56  0   0.1%   0.026 AU:3    +
   65    85  0   0.1%   0.028 AU:3    +
   68    94  0   0.1%   0.263 CG:3    +
   67    95  0   0.1%   0.612 AU:3    +
   10    38  0   0.1%   0.181 GU:3    +
    3    48  0   0.1%   0.073 CG:3    +
   72    85  0   0.1%   0.322 AU:3    +
    1    46  0   0.1%   0.025 GU:3    +
    8    38  0   0.1%   0.022 AU:3    +
  104   108  0   0.1%   0.297 AU:3    +
   66    96  0   0.1%   0.229 AU:3    +
   48   124  0   0.1%   0.353 GC:3    +
   97   112  0   0.1%   0.148 CG:3    +
   98   111  0   0.1%   0.896 GC:3    +
   46    57  0   0.1%   0.031 UA:3    +
   96   113  0   0.1%   0.107 UA:3    +
   71    97  0   0.1%   0.358 GC:3    +
   81   105  0   0.1%   0.438 UA:3    +
   72    96  0   0.1%   0.490 AU:3    +
   75    79  0   0.1%   0.099 GC:3    +
   15    34  0   0.1%   0.148 GC:3    +
  108   121  0   0.1%   0.698 UG:3    +
   16    33  0   0.1%   0.083 UA:3    +
   48    68  0   0.1%   0.118 GC:3    +
  104   109  0   0.1%   0.175 AU:3    +
   80   106  0   0.1%   0.198 AU:3    +
   53   101  0   0.1%   1.583 UG:3    +
  102   108  0   0.1%   0.483 AU:3    +
   49    67  0   0.1%   0.101 UA:3    +
   71    83  0   0.1%   0.235 GC:3    +
   70    84  0   0.1%   0.296 GU:3    +
   49    57  0   0.1%   0.078 UA:3    +
   48    58  0   0.1%   0.088 GC:3    +
  107   112  0   0.1%   0.243 CG:3    +
  107   121  0   0.1%   0.680 CG:3    +
   70    79  0   0.1%   0.098 GC:3    +
  106   113  0   0.1%   0.208 UA:3    +
   50    56  0   0.1%   0.025 AU:3    +
   50   106  0   0.1%   0.128 AU:3    +
   71    86  0   0.1%   0.286 GU:3    +
   73    90  0   0.1%   0.241 UG:3    +
  106   125  0   0.1%   0.294 UA:3    +
   75    88  0   0.1%   1.187 GC:3    +
    9    39  0   0.1%   0.175 AU:3    +
   76    87  0   0.1%   0.996 GU:3    +
   51   121  0   0.1%   0.738 CG:3    +
   77    86  0   0.1%   0.815 GU:3    +
    3    98  0   0.1%   0.042 CG:3    +
    2    99  0   0.1%   0.083 CG:3    +
   69    85  0   0.1%   0.296 AU:3    +
   44   108  0   0.1%   0.020 AU:3    +
   91    98  0   0.1%   1.584 UG:3    +
   64    70  0   0.1%   0.126 CG:3    +
   95   114  0   0.1%   0.123 UA:3    +
  102   117  0   0.1%   0.317 AU:3    +
  101   118  0   0.1%   0.985 GC:3    +
   71   126  0   0.1%   0.435 GC:3    +
   43    48  0   0.0%   0.077 CG:3    +
   76    85  0   0.0%   1.218 GU:3    +
  108   125  0   0.0%   0.341 UA:3    +
   52   104  0   0.0%   0.882 UA:3    +
  103   116  0   0.0%   0.244 AU:3    +
   71    78  0   0.0%   0.089 GU:3    +
   44    49  0   0.0%   0.061 AU:3    +
   48   123  0   0.0%   0.328 GC:3    +
   42    49  0   0.0%   0.062 AU:3    +
   48    79  0   0.0%   0.116 GC:3    +
   72    84  0   0.0%   0.325 AU:3    +
   14    35  0   0.0%   0.121 UG:3    +
   70   127  0   0.0%   0.366 GU:3    +
   89   102  0   0.0%   0.470 UA:3    +
  103   127  0   0.0%   0.326 AU:3    +
   51    76  0   0.0%   0.014 CG:3    +
   71    96  0   0.0%   0.385 GU:3    +
  100   109  0   0.0%   0.957 AU:3    +
   64    98  0   0.0%   0.846 CG:3    +
   70    97  0   0.0%   0.315 GC:3    +
   61    73  0   0.0%   0.081 AU:3    +
   60    74  0   0.0%   0.089 GC:3    +
   82   111  0   0.0%   0.508 GC:3    +
   83   110  0   0.0%   1.114 CG:3    +
   72    95  0   0.0%   0.504 AU:3    +
   75   118  0   0.0%   1.089 GC:3    +
   76   117  0   0.0%   0.797 GU:3    +
   74   119  0   0.0%   0.102 CG:3    +
   77   116  0   0.0%   0.591 GU:3    +
  101   108  0   0.0%   1.164 GU:3    +
   52    75  0   0.0%   0.073 UG:3    +
   60    64  0   0.0%   0.118 GC:3    +
  101   109  0   0.0%   1.035 GU:3    +
   62    89  0   0.0%   0.068 AU:3    +
   78   115  0   0.0%   0.440 UA:3    +
   71    85  0   0.0%   0.265 GU:3    +
   71   122  0   0.0%   0.656 GC:3    +
   70   123  0   0.0%   0.301 GC:3    +
   81   112  0   0.0%   0.346 UG:3    +
    3   119  0   0.0%   0.052 CG:3    +
   53   103  0   0.0%   0.983 UA:3    +
   46   104  0   0.0%   0.030 UA:3    +
    3   101  0   0.0%   0.041 CG:3    +
   77    84  0   0.0%   1.425 GU:3    +
   67    87  0   0.0%   0.197 AU:3    +
    1   107  0   0.0%   0.065 GC:3    +
   73   125  0   0.0%   0.224 UA:3    +
   70    86  0   0.0%   0.284 GU:3    +
   47   109  0   0.0%   0.177 AU:3    +
   70    81  0   0.0%   0.154 GU:3    +
   45    49  0   0.0%   0.061 AU:3    +
  105   109  0   0.0%   0.225 AU:3    +
   48    83  0   0.0%   0.116 GC:3    +
   49    82  0   0.0%   0.096 UG:3    +
  104   127  0   0.0%   0.156 AU:3    +
   69    87  0   0.0%   0.265 AU:3    +
    1   111  0   0.0%   0.067 GC:3    +
    2   110  0   0.0%   0.080 CG:3    +
   46   102  0   0.0%   0.025 UA:3    +
   48   108  0   0.0%   0.417 GU:3    +
   65    91  0   0.0%   0.477 AU:3    +
   80   109  0   0.0%   0.115 AU:3    +
   63    87  0   0.0%   0.029 AU:3    +
   51    77  0   0.0%   0.012 CG:3    +
    6    40  0   0.0%   0.005 UA:3    +
    4    46  0   0.0%   0.020 GU:3    +
   52    76  0   0.0%   0.076 UG:3    +
   50    81  0   0.0%   0.014 AU:3    +
   45    52  0   0.0%   0.008 AU:3    +
   54    59  0   0.0%   0.007 CG:3    +
   59   124  0   0.0%   0.204 GC:3    +
    2    77  0   0.0%   0.072 CG:3    +
    3    76  0   0.0%   0.031 CG:3    +
   50    78  0   0.0%   0.012 AU:3    +
   60   123  0   0.0%   0.171 GC:3    +
  102   127  0   0.0%   0.391 AU:3    +
   53    60  0   0.0%   0.008 UG:3    +
    5    45  0   0.0%   0.011 UA:3    +
    3    59  0   0.0%   0.012 CG:3    +
   44   106  0   0.0%   0.010 AU:3    +
   54    77  0   0.0%   0.137 CG:3    +
   55    76  0   0.0%   0.147 CG:3    +
    2    60  0   0.0%   0.053 CG:3    +
   92    98  0   0.0%   0.888 CG:3    +
   52    61  0   0.0%   0.007 UA:3    +
   75    86  0   0.0%   1.298 GU:3    +
   60    68  0   0.0%   0.119 GC:3    +
   98   124  0   0.0%   1.001 GC:3    +
   84   104  0   0.0%   0.961 UA:3    +
   99   123  0   0.0%   1.002 GC:3    +
    4   126  0   0.0%   0.034 GC:3    +
   47    84  0   0.0%   0.013 AU:3    +
   56    75  0   0.0%   0.074 UG:3    +
    5    41  0   0.0%   0.004 UA:3    +
   46    50  0   0.0%   0.014 UA:3    +
   55    60  0   0.0%   0.154 CG:3    +
   85   103  0   0.0%   0.705 UA:3    +
   91    99  0   0.0%   1.575 UG:3    +
   46   103  0   0.0%   0.025 UA:3    +
  101   122  0   0.0%   1.407 GC:3    +
   49   101  0   0.0%   0.098 UG:3    +
  101   126  0   0.0%   1.092 GC:3    +
    1    78  0   0.0%   0.060 GU:3    +
    2   101  0   0.0%   0.077 CG:3    +
  105   127  0   0.0%   0.207 AU:3    +
    5   125  0   0.0%   0.012 UA:3    +
  109   125  0   0.0%   0.572 UA:3    +
   49    65  0   0.0%   0.086 UA:3    +
   52   105  0   0.0%   0.942 UA:3    +
    1    43  0   0.0%   0.003 GC:3    +
   80    85  0   0.0%   0.517 AU:3    +
   83    90  0   0.0%   1.227 CG:3    +
   11    18  0   0.0%   0.003 CG:3    +
    6    24  0   0.0%   0.002 UA:3    +
    7    23  0   0.0%   0.002 UG:3    +
    5    25  0   0.0%   0.003 UG:3    +
    4    26  0   0.0%   0.003 GC:3    +
   50   109  0   0.0%   0.048 AU:3    +
   12    17  0   0.0%   0.002 GC:3    +
   94   111  0   0.0%   0.090 GC:3    +
   51    99  0   0.0%   0.015 CG:3    +
  106   121  0   0.0%   0.636 UG:3    +
   95   110  0   0.0%   0.118 UG:3    +
   62    87  0   0.0%   0.061 AU:3    +
   82    88  0   0.0%   0.618 GC:3    +
    8    22  0   0.0%   0.002 AU:3    +
   46    66  0   0.0%   0.021 UA:3    +
    6    44  0   0.0%   0.009 UA:3    +
   44    53  0   0.0%   0.007 AU:3    +
   10    19  0   0.0%   0.002 GU:3    +
   48    54  0   0.0%   0.064 GC:3    +
   52    98  0   0.0%   0.075 UG:3    +
   93   112  0   0.0%   0.093 CG:3    +
   30   125  0   0.0%   0.095 UA:3    +
   31   124  0   0.0%   0.119 GC:3    +
   29   126  0   0.0%   0.028 GC:3    +
   17    31  0   0.0%   0.102 CG:3    +
   35   120  0   0.0%   0.026 GC:3    +
   36   119  0   0.0%   0.030 CG:3    +
   34   121  0   0.0%   0.342 CG:3    +
   73    82  0   0.0%   0.195 UG:3    +
   37   118  0   0.0%   0.015 GC:3    +
   64    71  0   0.0%   0.119 CG:3    +
   63    86  0   0.0%   0.025 AU:3    +
   77    85  0   0.0%   1.011 GU:3    +
   47    52  0   0.0%   0.004 AU:3    +
   49   110  0   0.0%   0.299 UG:3    +
   48   111  0   0.0%   0.288 GC:3    +
    1    74  0   0.0%   0.059 GC:3    +
   87   104  0   0.0%   0.391 UA:3    +
   48    74  0   0.0%   0.108 GC:3    +
   86   102  0   0.0%   0.517 UA:3    +
   98   123  0   0.0%   0.988 GC:3    +
   99   122  0   0.0%   1.320 GC:3    +
   82   120  0   0.0%   0.512 GC:3    +
   83   119  0   0.0%   1.123 CG:3    +
   86   105  0   0.0%   0.469 UA:3    +
   70   124  0   0.0%   0.311 GC:3    +
    4   122  0   0.0%   0.328 GC:3    +
   83   121  0   0.0%   1.549 CG:3    +
   71   123  0   0.0%   0.334 GC:3    +
   46   125  0   0.0%   0.055 UA:3    +
   82   122  0   0.0%   0.932 GC:3    +
    1    51  0   0.0%   0.057 GC:3    +
   82    91  0   0.0%   1.234 GU:3    +
   59   123  0   0.0%   0.187 GC:3    +
   60   122  0   0.0%   0.490 GC:3    +
   86   104  0   0.0%   0.405 UA:3    +
    9    21  0   0.0%   0.002 AU:3    +
   56    99  0   0.0%   0.823 UG:3    +
   87   103  0   0.0%   0.536 UA:3    +
   82   106  0   0.0%   0.600 GU:3    +
   62    86  0   0.0%   0.060 AU:3    +
   51    75  0   0.0%   0.004 CG:3    +
    5   121  0   0.0%   0.342 UG:3    +
   70   126  0   0.0%   0.391 GC:3    +
   98   107  0   0.0%   0.990 GC:3    +
    1   127  0   0.0%   0.441 GU:3    +
   79   110  0   0.0%   0.095 CG:3    +
   85   105  0   0.0%   0.671 UA:3    +
    4    58  0   0.0%   0.011 GC:3    +
   44    52  0   0.0%   0.006 AU:3    +
    4    68  0   0.0%   0.011 GC:3    +
    5    67  0   0.0%   0.010 UA:3    +
   20    28  0   0.0%   0.003 GC:3    +
   43   110  0   0.0%   0.015 CG:3    +
    1    83  0   0.0%   0.060 GC:3    +
    2    82  0   0.0%   0.070 CG:3    +
   82    87  0   0.0%   0.714 GU:3    +
   52    63  0   0.0%   0.085 UA:3    +
   69   127  0   0.0%   0.336 AU:3    +
   21    27  0   0.0%   0.121 UA:3    +
   63    85  0   0.0%   0.024 AU:3    +
    6    66  0   0.0%   0.009 UA:3    +
   61    87  0   0.0%   0.075 AU:3    +
   37    43  0   0.0%   0.020 GC:3    +
   15    28  0   0.0%   0.002 GC:3    +
   48    53  0   0.0%   0.064 GU:3    +
   51    70  0   0.0%   0.020 CG:3    +
   18    30  0   0.0%   0.094 GU:3    +
   46    80  0   0.0%   0.020 UA:3    +
  100   127  0   0.0%   0.974 AU:3    +
   19    29  0   0.0%   0.009 UG:3    +
   16    27  0   0.0%   0.002 UA:3    +
   76   124  0   0.0%   1.003 GC:3    +
   97   101  0   0.0%   1.019 CG:3    +
   46    65  0   0.0%   0.019 UA:3    +
   77   123  0   0.0%   0.785 GC:3    +
   51    60  0   0.0%   0.004 CG:3    +
   60    88  0   0.0%   0.083 GC:3    +
   14    29  0   0.0%   0.001 UG:3    +
   77    92  0   0.0%   0.640 GC:3    +
   45    81  0   0.0%   0.007 AU:3    +
   84   102  0   0.0%   0.976 UA:3    +
   48    52  0   0.0%   0.065 GU:3    +
   96   102  0   0.0%   0.304 UA:3    +
   59    89  0   0.0%   0.118 GU:3    +
   44   127  0   0.0%   0.030 AU:3    +
   80   108  0   0.0%   0.211 AU:3    +
   58    90  0   0.0%   0.008 CG:3    +
   86   114  0   0.0%   0.355 UA:3    +
   37    51  0   0.0%   0.014 GC:3    +
   87   113  0   0.0%   0.340 UA:3    +
  101   124  0   0.0%   1.097 GC:3    +
    5    57  0   0.0%   0.009 UA:3    +
   85   115  0   0.0%   0.560 UA:3    +
  110   124  0   0.0%   0.204 GC:3    +
   52    59  0   0.0%   0.006 UG:3    +
   88   112  0   0.0%   0.243 CG:3    +
    4    97  0   0.0%   0.011 GC:3    +
  109   114  0   0.0%   0.112 UA:3    +
   93    99  0   0.0%   0.934 CG:3    +
   68    98  0   0.0%   0.924 CG:3    +
   38    50  0   0.0%   0.161 UA:3    +
   87   101  0   0.0%   1.183 UG:3    +
  121   127  0   0.0%   0.978 GU:3    +
   53    62  0   0.0%   0.131 UA:3    +
   68    77  0   0.0%   0.045 CG:3    +
   38    42  0   0.0%   0.165 UA:3    +
   18    26  0   0.0%   0.003 GC:3    +
   19    25  0   0.0%   0.003 UG:3    +
   76    93  0   0.0%   0.847 GC:3    +
   59    74  0   0.0%   0.119 GC:3    +
    7    65  0   0.0%   0.007 UA:3    +
  105   116  0   0.0%   0.125 AU:3    +
  110   123  0   0.0%   0.194 GC:3    +
    3    75  0   0.0%   0.028 CG:3    +
   52    72  0   0.0%   0.064 UA:3    +
   47    81  0   0.0%   0.011 AU:3    +
   71   107  0   0.0%   0.431 GC:3    +
   81   104  0   0.0%   0.357 UA:3    +
    1    79  0   0.0%   0.059 GC:3    +
   52    69  0   0.0%   0.064 UA:3    +
   85   101  0   0.0%   1.244 UG:3    +
   72   106  0   0.0%   0.508 AU:3    +
   50    73  0   0.0%   0.008 AU:3    +
    2    76  0   0.0%   0.068 CG:3    +
   53   104  0   0.0%   0.902 UA:3    +
   70   108  0   0.0%   0.408 GU:3    +
   45   127  0   0.0%   0.063 AU:3    +
  101   106  0   0.0%   1.027 GU:3    +
   67    78  0   0.0%   0.010 AU:3    +
   50   108  0   0.0%   0.147 AU:3    +
   45    53  0   0.0%   0.007 AU:3    +
  106   115  0   0.0%   0.195 UA:3    +
    4   124  0   0.0%   0.034 GC:3    +
   73    94  0   0.0%   0.204 UG:3    +
  104   117  0   0.0%   0.073 AU:3    +
    3    71  0   0.0%   0.044 CG:3    +
   82   118  0   0.0%   0.504 GC:3    +
  108   115  0   0.0%   0.236 UA:3    +
   76    86  0   0.0%   1.007 GU:3    +
   72   127  0   0.0%   0.480 AU:3    +
   16    29  0   0.0%   0.002 UG:3    +
   73   105  0   0.0%   0.219 UA:3    +
   81   119  0   0.0%   0.357 UG:3    +
    4   118  0   0.0%   0.012 GC:3    +
  112   117  0   0.0%   0.025 GU:3    +
   51    71  0   0.0%   0.020 CG:3    +
   38    45  0   0.0%   0.162 UA:3    +
   58    75  0   0.0%   0.012 CG:3    +
   68    99  0   0.0%   0.920 CG:3    +
   57    91  0   0.0%   0.013 AU:3    +
   46    82  0   0.0%   0.021 UG:3    +
   70    87  0   0.0%   0.240 GU:3    +
   69   109  0   0.0%   0.291 AU:3    +
   37    46  0   0.0%   0.022 GU:3    +
   99   106  0   0.0%   0.963 GU:3    +
   80    86  0   0.0%   0.312 AU:3    +
    1    73  0   0.0%   0.057 GU:3    +
   60    73  0   0.0%   0.080 GU:3    +
   52    70  0   0.0%   0.081 UG:3    +
   64    99  0   0.0%   0.839 CG:3    +
   48   109  0   0.0%   0.315 GU:3    +
   95   103  0   0.0%   0.307 UA:3    +
   86   100  0   0.0%   0.964 UA:3    +
   47    53  0   0.0%   0.003 AU:3    +
   48   127  0   0.0%   0.483 GU:3    +
   94   118  0   0.0%   0.088 GC:3    +
   39    44  0   0.0%   0.023 UA:3    +
  101   123  0   0.0%   1.087 GC:3    +
    7    41  0   0.0%   0.012 UA:3    +
   76   107  0   0.0%   0.910 GC:3    +
   68    75  0   0.0%   0.046 CG:3    +
   77   106  0   0.0%   0.691 GU:3    +
   58    76  0   0.0%   0.015 CG:3    +
   17    23  0   0.0%   0.002 CG:3    +
   53    75  0   0.0%   0.128 UG:3    +
   75   123  0   0.0%   1.103 GC:3    +
   76   122  0   0.0%   1.133 GC:3    +
   51    98  0   0.0%   0.013 CG:3    +
   48    73  0   0.0%   0.106 GU:3    +
    4    51  0   0.0%   0.010 GC:3    +
    4   123  0   0.0%   0.024 GC:3    +
    1    68  0   0.0%   0.057 GC:3    +
   78   105  0   0.0%   0.519 UA:3    +
   16    24  0   0.0%   0.001 UA:3    +
   75   108  0   0.0%   1.210 GU:3    +
    6    42  0   0.0%   0.012 UA:3    +
   70    74  0   0.0%   0.085 GC:3    +
   58    70  0   0.0%   0.081 CG:3    +
   49    66  0   0.0%   0.085 UA:3    +
   94   116  0   0.0%   0.086 GU:3    +
    1   109  0   0.0%   0.062 GU:3    +
   64    82  0   0.0%   0.046 CG:3    +
   46   121  0   0.0%   0.384 UG:3    +
   33    49  0   0.0%   0.101 AU:3    +
   34    48  0   0.0%   0.066 CG:3    +
   32    50  0   0.0%   0.037 UA:3    +
   31    51  0   0.0%   0.096 GC:3    +
   12    28  0   0.0%   0.001 GC:3    +
   98   109  0   0.0%   0.902 GU:3    +
   11    29  0   0.0%   0.001 CG:3    +
   50   127  0   0.0%   0.093 AU:3    +
   65    81  0   0.0%   0.004 AU:3    +
   93   119  0   0.0%   0.105 CG:3    +
    5    50  0   0.0%   0.008 UA:3    +
   10    30  0   0.0%   0.001 GU:3    +
    1    64  0   0.0%   0.057 GC:3    +
   13    27  0   0.0%   0.000 UA:3    +
   74   112  0   0.0%   0.081 CG:3    +
   75   111  0   0.0%   1.081 GC:3    +
   51    59  0   0.0%   0.003 CG:3    +
   77    88  0   0.0%   0.706 GC:3    +
   49    72  0   0.0%   0.090 UA:3    +
   54    76  0   0.0%   0.136 CG:3    +
   55    75  0   0.0%   0.140 CG:3    +
   75   126  0   0.0%   1.286 GC:3    +
    5   105  0   0.0%   0.009 UA:3    +
   95   115  0   0.0%   0.118 UA:3    +
   13    31  0   0.0%   0.001 UG:3    +
   48   120  0   0.0%   0.295 GC:3    +
    1   108  0   0.0%   0.062 GU:3    +
    6   104  0   0.0%   0.009 UA:3    +
   46    69  0   0.0%   0.019 UA:3    +
   81   121  0   0.0%   0.783 UG:3    +
   58    71  0   0.0%   0.081 CG:3    +
   73   113  0   0.0%   0.132 UA:3    +
   15    26  0   0.0%   0.001 GC:3    +
   66    89  0   0.0%   0.169 AU:3    +
    4   106  0   0.0%   0.011 GU:3    +
   53    98  0   0.0%   0.130 UG:3    +
   49   119  0   0.0%   0.308 UG:3    +
   94   120  0   0.0%   0.094 GC:3    +
   75    87  0   0.0%   1.272 GU:3    +
   76    89  0   0.0%   0.923 GU:3    +
  119   126  0   0.0%   0.150 GC:3    +
   77   126  0   0.0%   0.789 GC:3    +
    4   120  0   0.0%   0.021 GC:3    +
   53    77  0   0.0%   0.128 UG:3    +
   14    27  0   0.0%   0.000 UA:3    +
   88    98  0   0.0%   0.876 CG:3    +
   92   101  0   0.0%   0.984 CG:3    +
   87    99  0   0.0%   0.970 UG:3    +
   55    71  0   0.0%   0.211 CG:3    +
   39    47  0   0.0%   0.022 UA:3    +
   80    87  0   0.0%   0.295 AU:3    +
    7   103  0   0.0%   0.007 UA:3    +
   70    85  0   0.0%   0.268 GU:3    +
    1   106  0   0.0%   0.060 GU:3    +
    2    70  0   0.0%   0.051 CG:3    +
   40    46  0   0.0%   0.017 AU:3    +
   56    70  0   0.0%   0.142 UG:3    +
   78   125  0   0.0%   0.597 UA:3    +
   60   107  0   0.0%   0.271 GC:3    +
   69    86  0   0.0%   0.302 AU:3    +
    3    99  0   0.0%   0.037 CG:3    +
   49    80  0   0.0%   0.090 UA:3    +
   68   110  0   0.0%   0.186 CG:3    +
   65    84  0   0.0%   0.003 AU:3    +
   95   119  0   0.0%   0.132 UG:3    +
   53    69  0   0.0%   0.073 UA:3    +
   73   121  0   0.0%   0.489 UG:3    +
   61   106  0   0.0%   0.529 AU:3    +
   77   109  0   0.0%   0.613 GU:3    +
   52    99  0   0.0%   0.074 UG:3    +
   77   107  0   0.0%   0.703 GC:3    +
  101   120  0   0.0%   0.984 GC:3    +
   49    76  0   0.0%   0.091 UG:3    +
   48    81  0   0.0%   0.111 GU:3    +
   59   108  0   0.0%   0.302 GU:3    +
   65    96  0   0.0%   0.192 AU:3    +
   54    70  0   0.0%   0.090 CG:3    +
   93   121  0   0.0%   0.531 CG:3    +
   76   108  0   0.0%   0.921 GU:3    +
   53    71  0   0.0%   0.090 UG:3    +
   29    36  0   0.0%   0.022 GC:3    +
   28    37  0   0.0%   0.013 CG:3    +
  101   127  0   0.0%   1.056 GU:3    +
   76   127  0   0.0%   0.962 GU:3    +
   80    84  0   0.0%   0.928 AU:3    +
    4    36  0   0.0%   0.001 GC:3    +
   66    95  0   0.0%   0.236 AU:3    +
    3    37  0   0.0%   0.000 CG:3    +
    5    35  0   0.0%   0.001 UG:3    +
   96   114  0   0.0%   0.098 UA:3    +
   30    35  0   0.0%   0.106 UG:3    +
   82   109  0   0.0%   0.530 GU:3    +
    5   119  0   0.0%   0.021 UG:3    +
   18    22  0   0.0%   0.002 GU:3    +
   71   117  0   0.0%   0.310 GU:3    +
   62    85  0   0.0%   0.058 AU:3    +
   70   118  0   0.0%   0.277 GC:3    +
  110   118  0   0.0%   0.016 GC:3    +
   16    25  0   0.0%   0.001 UG:3    +
   82   108  0   0.0%   0.629 GU:3    +
   27    38  0   0.0%   0.161 AU:3    +
   46   101  0   0.0%   0.023 UG:3    +
   47    78  0   0.0%   0.011 AU:3    +
   72   116  0   0.0%   0.399 AU:3    +
    1    28  0   0.0%   0.000 GC:3    +
   46    67  0   0.0%   0.019 UA:3    +
   63    84  0   0.0%   0.024 AU:3    +
   71    84  0   0.0%   0.280 GU:3    +
   49   100  0   0.0%   0.091 UA:3    +
   94   126  0   0.0%   0.198 GC:3    +
   78    90  0   0.0%   0.546 UG:3    +
   37   126  0   0.0%   0.034 GC:3    +
   52   125  0   0.0%   0.941 UA:3    +
   19    24  0   0.0%   0.002 UA:3    +
   17    25  0   0.0%   0.002 CG:3    +
   45    73  0   0.0%   0.006 AU:3    +
    5    40  0   0.0%   0.001 UA:3    +
   99   108  0   0.0%   1.008 GU:3    +
   45    86  0   0.0%   0.006 AU:3    +
   67    96  0   0.0%   0.574 AU:3    +
    4    11  0   0.0%   0.000 GC:3    +
   95   125  0   0.0%   0.203 UA:3    +
   38    48  0   0.0%   0.217 UG:3    +
  112   123  0   0.0%   0.203 GC:3    +
   90   111  0   0.0%   0.210 GC:3    +
    4    34  0   0.0%   0.001 GC:3    +
   46    72  0   0.0%   0.019 UA:3    +
   60   118  0   0.0%   0.152 GC:3    +
   38   125  0   0.0%   0.162 UA:3    +
   61   117  0   0.0%   0.421 AU:3    +
    3    12  0   0.0%   0.000 CG:3    +
   56   101  0   0.0%   0.899 UG:3    +
   91   102  0   0.0%   0.990 UA:3    +
    5    33  0   0.0%   0.001 UA:3    +
  109   115  0   0.0%   0.111 UA:3    +
   46   110  0   0.0%   0.053 UG:3    +
    5    10  0   0.0%   0.000 UG:3    +
   56    67  0   0.0%   0.020 UA:3    +
   52   121  0   0.0%   1.211 UG:3    +
  119   124  0   0.0%   0.157 GC:3    +
   75   109  0   0.0%   1.110 GU:3    +
    3   112  0   0.0%   0.035 CG:3    +
  112   122  0   0.0%   0.578 GC:3    +
   40    49  0   0.0%   0.054 AU:3    +
   82    86  0   0.0%   0.730 GU:3    +
   67    89  0   0.0%   0.163 AU:3    +
   71    81  0   0.0%   0.212 GU:3    +
   51    94  0   0.0%   0.008 CG:3    +
   74   121  0   0.0%   0.440 CG:3    +
    7    33  0   0.0%   0.001 UA:3    +
    4   107  0   0.0%   0.013 GC:3    +
   79   119  0   0.0%   0.107 CG:3    +
   58   121  0   0.0%   0.428 CG:3    +
   71   127  0   0.0%   0.397 GU:3    +
   44    87  0   0.0%   0.006 AU:3    +
   91   110  0   0.0%   0.780 UG:3    +
   93   101  0   0.0%   0.982 CG:3    +
   75   120  0   0.0%   1.092 GC:3    +
   51   119  0   0.0%   0.385 CG:3    +
  112   124  0   0.0%   0.213 GC:3    +
   59   120  0   0.0%   0.181 GC:3    +
   59   118  0   0.0%   0.171 GC:3    +
   59    92  0   0.0%   0.117 GC:3    +
   49    62  0   0.0%   0.061 UA:3    +
    3    35  0   0.0%   0.000 CG:3    +
   62   116  0   0.0%   0.099 AU:3    +
   50    95  0   0.0%   0.010 AU:3    +
   48    97  0   0.0%   0.112 GC:3    +
   60   117  0   0.0%   0.150 GU:3    +
   69    91  0   0.0%   0.988 AU:3    +
   45   116  0   0.0%   0.061 AU:3    +
    8    32  0   0.0%   0.001 AU:3    +
  104   116  0   0.0%   0.072 AU:3    +
   39    50  0   0.0%   0.022 UA:3    +
   66    73  0   0.0%   0.006 AU:3    +
   58   119  0   0.0%   0.084 CG:3    +
   90   120  0   0.0%   0.215 GC:3    +
   64    75  0   0.0%   0.049 CG:3    +
   52    57  0   0.0%   0.015 UA:3    +
   43   112  0   0.0%   0.012 CG:3    +
    5    44  0   0.0%   0.007 UA:3    +
   83   101  0   0.0%   1.892 CG:3    +
   91   119  0   0.0%   0.790 UG:3    +
   22    44  0   0.0%   0.002 UA:3    +
   21    45  0   0.0%   0.120 UA:3    +
   20    46  0   0.0%   0.011 GU:3    +
   23    43  0   0.0%   0.008 GC:3    +
   77   118  0   0.0%   0.589 GC:3    +
    3   110  0   0.0%   0.037 CG:3    +
   15    51  0   0.0%   0.135 GC:3    +
   16    50  0   0.0%   0.023 UA:3    +
   19    47  0   0.0%   0.002 UA:3    +
   46   115  0   0.0%   0.051 UA:3    +
   68    76  0   0.0%   0.048 CG:3    +
   61   116  0   0.0%   0.420 AU:3    +
  103   117  0   0.0%   0.241 AU:3    +
   53   105  0   0.0%   0.963 UA:3    +
   75    97  0   0.0%   1.121 GC:3    +
  108   114  0   0.0%   0.236 UA:3    +
   74    98  0   0.0%   0.821 CG:3    +
   81   103  0   0.0%   0.436 UA:3    +
   73   115  0   0.0%   0.132 UA:3    +
   69    95  0   0.0%   0.364 AU:3    +
  110   126  0   0.0%   0.196 GC:3    +
    2    37  0   0.0%   0.000 CG:3    +
   28    35  0   0.0%   0.016 CG:3    +
   44   117  0   0.0%   0.029 AU:3    +
   59   126  0   0.0%   0.282 GC:3    +
   26    37  0   0.0%   0.014 CG:3    +
    2    94  0   0.0%   0.070 CG:3    +
   25    38  0   0.0%   0.278 GU:3    +
   99   120  0   0.0%   0.898 GC:3    +
   52    65  0   0.0%   0.064 UA:3    +
    4    74  0   0.0%   0.011 GC:3    +
    2    98  0   0.0%   0.070 CG:3    +
   29    34  0   0.0%   0.015 GC:3    +
   43   121  0   0.0%   0.345 CG:3    +
   43    60  0   0.0%   0.013 CG:3    +
   46    60  0   0.0%   0.019 UG:3    +
   39   114  0   0.0%   0.022 UA:3    +
   56   102  0   0.0%   0.218 UA:3    +
   37   122  0   0.0%   0.329 GC:3    +
   64   121  0   0.0%   0.459 CG:3    +
  109   113  0   0.0%   0.119 UA:3    +
   98   118  0   0.0%   0.880 GC:3    +
    1    38  0   0.0%   0.000 GU:3    +
   77   111  0   0.0%   0.584 GC:3    +
   99   117  0   0.0%   0.890 GU:3    +
   47    73  0   0.0%   0.010 AU:3    +
   38   115  0   0.0%   0.160 UA:3    +
  100   116  0   0.0%   0.896 AU:3    +
   90    96  0   0.0%   0.210 GU:3    +
    1    36  0   0.0%   0.000 GC:3    +
    1    95  0   0.0%   0.059 GU:3    +
   24    39  0   0.0%   0.022 AU:3    +
    4   111  0   0.0%   0.012 GC:3    +
   81    90  0   0.0%   0.455 UG:3    +
   98   126  0   0.0%   0.992 GC:3    +
   79   112  0   0.0%   0.091 CG:3    +
   60    93  0   0.0%   0.158 GC:3    +
   38   121  0   0.0%   0.493 UG:3    +
  101   111  0   0.0%   0.982 GC:3    +
    1    97  0   0.0%   0.059 GC:3    +
   20    43  0   0.0%   0.009 GC:3    +
   21    42  0   0.0%   0.123 UA:3    +
   54   121  0   0.0%   1.213 CG:3    +
    7   115  0   0.0%   0.007 UA:3    +
   70    78  0   0.0%   0.082 GU:3    +
  109   119  0   0.0%   0.125 UG:3    +
  112   116  0   0.0%   0.024 GU:3    +
   46    70  0   0.0%   0.036 UG:3    +
   56    65  0   0.0%   0.015 UA:3    +
   89   101  0   0.0%   1.142 UG:3    +
    1    26  0   0.0%   0.000 GC:3    +
   97   119  0   0.0%   0.147 CG:3    +
   36   121  0   0.0%   0.349 CG:3    +
   35   122  0   0.0%   0.331 GC:3    +
    2    25  0   0.0%   0.000 CG:3    +
   46    61  0   0.0%   0.018 UA:3    +
   96   125  0   0.0%   0.181 UA:3    +
   94   122  0   0.0%   0.514 GC:3    +
   52    66  0   0.0%   0.064 UA:3    +
    6   103  0   0.0%   0.008 UA:3    +
   52    80  0   0.0%   0.068 UA:3    +
  108   113  0   0.0%   0.243 UA:3    +
   63    96  0   0.0%   0.144 AU:3    +
   56    66  0   0.0%   0.015 UA:3    +
   90   118  0   0.0%   0.208 GC:3    +
   68   101  0   0.0%   0.973 CG:3    +
   60    91  0   0.0%   0.082 GU:3    +
   64    77  0   0.0%   0.048 CG:3    +
   95   121  0   0.0%   0.558 UG:3    +
   79    94  0   0.0%   0.172 CG:3    +
   46    71  0   0.0%   0.036 UG:3    +
   76    96  0   0.0%   0.874 GU:3    +
   12    54  0   0.0%   0.015 GC:3    +
   61    89  0   0.0%   0.074 AU:3    +
   10    55  0   0.0%   0.014 GC:3    +
   49    77  0   0.0%   0.091 UG:3    +
   84   100  0   0.0%   1.581 UA:3    +
    7   102  0   0.0%   0.007 UA:3    +
    5   110  0   0.0%   0.011 UG:3    +
    9    56  0   0.0%   0.149 AU:3    +
   55   121  0   0.0%   0.859 CG:3    +
   87   105  0   0.0%   0.453 UA:3    +
   11   121  0   0.0%   0.346 CG:3    +
   10   122  0   0.0%   0.329 GC:3    +
   22    41  0   0.0%   0.007 UA:3    +
   78   113  0   0.0%   0.432 UA:3    +
   11    20  0   0.0%   0.001 CG:3    +
   48    56  0   0.0%   0.080 GU:3    +
    1    11  0   0.0%   0.000 GC:3    +
   59    96  0   0.0%   0.186 GU:3    +
   63    78  0   0.0%   0.025 AU:3    +
    1   118  0   0.0%   0.063 GC:3    +
   67    81  0   0.0%   0.009 AU:3    +
    5   104  0   0.0%   0.009 UA:3    +
   55    77  0   0.0%   0.142 CG:3    +
   61    86  0   0.0%   0.073 AU:3    +
   53   121  0   0.0%   1.233 UG:3    +
   65    95  0   0.0%   0.220 AU:3    +
   57    73  0   0.0%   0.013 AU:3    +
    2    10  0   0.0%   0.000 CG:3    +
   89   103  0   0.0%   0.448 UA:3    +
   67    73  0   0.0%   0.010 AU:3    +
   77    95  0   0.0%   0.690 GU:3    +
   80    91  0   0.0%   0.822 AU:3    +
   48    78  0   0.0%   0.107 GU:3    +
   19    44  0   0.0%   0.003 UA:3    +
   71   118  0   0.0%   0.311 GC:3    +
   39    48  0   0.0%   0.079 UG:3    +
   46   113  0   0.0%   0.051 UA:3    +
   61    78  0   0.0%   0.076 AU:3    +
   72   117  0   0.0%   0.399 AU:3    +
   95   105  0   0.0%   0.224 UA:3    +
   60    79  0   0.0%   0.085 GC:3    +
   63    73  0   0.0%   0.026 AU:3    +
   58   101  0   0.0%   0.861 CG:3    +
   96   104  0   0.0%   0.138 UA:3    +
  106   114  0   0.0%   0.195 UA:3    +
    6    45  0   0.0%   0.009 UA:3    +
   20    34  0   0.0%   0.010 GC:3    +
   18    36  0   0.0%   0.018 GC:3    +
   91   113  0   0.0%   0.774 UA:3    +
   19    35  0   0.0%   0.016 UG:3    +
   99   124  0   0.0%   1.011 GC:3    +
   37    64  0   0.0%   0.013 GC:3    +
   62    73  0   0.0%   0.062 AU:3    +
   46    59  0   0.0%   0.019 UG:3    +
   17    37  0   0.0%   0.018 CG:3    +
   38    63  0   0.0%   0.160 UA:3    +
   80   117  0   0.0%   0.083 AU:3    +
   64   101  0   0.0%   0.892 CG:3    +
   82    89  0   0.0%   0.636 GU:3    +
   92   121  0   0.0%   0.531 CG:3    +
   21    33  0   0.0%   0.172 UA:3    +
   97   110  0   0.0%   0.130 CG:3    +
    3    94  0   0.0%   0.028 CG:3    +
   46    63  0   0.0%   0.018 UA:3    +
   82   124  0   0.0%   0.622 GC:3    +
   97   121  0   0.0%   0.573 CG:3    +
   46    77  0   0.0%   0.021 UG:3    +
   56    76  0   0.0%   0.076 UG:3    +
    2    35  0   0.0%   0.000 CG:3    +
   94   106  0   0.0%   0.197 GU:3    +
   45    78  0   0.0%   0.006 AU:3    +
    7    42  0   0.0%   0.011 UA:3    +
   53    59  0   0.0%   0.004 UG:3    +
    2   112  0   0.0%   0.077 CG:3    +
   10    21  0   0.0%   0.001 GU:3    +
   98   122  0   0.0%   1.306 GC:3    +
   96   112  0   0.0%   0.091 UG:3    +
   44    73  0   0.0%   0.006 AU:3    +
   94   107  0   0.0%   0.215 GC:3    +
   96   110  0   0.0%   0.094 UG:3    +
   39    62  0   0.0%   0.022 UA:3    +
   45    56  0   0.0%   0.005 AU:3    +
  119   123  0   0.0%   0.147 GC:3    +
   95   113  0   0.0%   0.111 UA:3    +
    3    23  0   0.0%   0.000 CG:3    +
   37   120  0   0.0%   0.024 GC:3    +
   98   120  0   0.0%   0.887 GC:3    +
   44    81  0   0.0%   0.006 AU:3    +
   65    78  0   0.0%   0.004 AU:3    +
   96   103  0   0.0%   0.284 UA:3    +
   38   114  0   0.0%   0.160 UA:3    +
   39   113  0   0.0%   0.022 UA:3    +
   76   126  0   0.0%   0.996 GC:3    +
   96   101  0   0.0%   0.981 UG:3    +
   65    73  0   0.0%   0.006 AU:3    +
   81   125  0   0.0%   0.429 UA:3    +
   45    85  0   0.0%   0.006 AU:3    +
   48   116  0   0.0%   0.284 GU:3    +
   38    47  0   0.0%   0.160 UA:3    +
    4    22  0   0.0%   0.000 GU:3    +
   60   126  0   0.0%   0.263 GC:3    +
   53   125  0   0.0%   0.962 UA:3    +
   56    63  0   0.0%   0.036 UA:3    +
   52    60  0   0.0%   0.005 UG:3    +
   64    76  0   0.0%   0.051 CG:3    +
   42   109  0   0.0%   0.009 AU:3    +
   81    94  0   0.0%   0.413 UG:3    +
   49   115  0   0.0%   0.295 UA:3    +
   68   121  0   0.0%   0.540 CG:3    +
   38   119  0   0.0%   0.173 UG:3    +
  105   117  0   0.0%   0.125 AU:3    +
   54    94  0   0.0%   0.131 CG:3    +
...((((((((((...(((((...)))))...)))).))))))........((((.(((((......(((((..((......)).))))))))))..)))).......(((((...)))))......
