3 sequence; length of alignment 34
alifold output
    9    30  0 100.0%   0.001 GC:3   
   10    29  0  99.9%   0.005 GC:3   
    7    32  0  99.8%   0.007 CG:3   
    8    31  0  99.8%   0.008 UG:3   
   15    24  0  98.5%   0.095 GU:3   
   16    23  0  98.1%   0.128 CG:3   
   14    25  0  97.9%   0.156 AU:3   
   13    26  0  95.8%   0.168 GU:3   
    6    33  0  87.4%   0.356 UA:3   
   16    22  0   1.6%   0.205 CG:3    +
   17    21  0   1.4%   0.178 AU:3    +
   14    24  0   1.1%   0.148 AU:3    +
   13    25  0   1.0%   0.135 GU:3    +
   13    27  0   0.1%   0.111 GU:3    +
   14    26  0   0.1%   0.130 AU:3    +
   15    25  0   0.0%   0.093 GU:3    +
    6    34  0   0.0%   0.124 UG:3    +
   16    20  0   0.0%   0.004 CG:3    +
   15    21  0   0.0%   0.004 GU:3    +
   14    27  0   0.0%   0.087 AU:3    +
   13    28  0   0.0%   0.097 GU:3    +
    7    31  0   0.0%   0.004 CG:3    +
    6    23  0   0.0%   0.002 UG:3    +
   18    24  0   0.0%   0.067 AU:3    +
    7    22  0   0.0%   0.002 CG:3    +
    5    24  0   0.0%   0.002 AU:3    +
    4    25  0   0.0%   0.002 GU:3    +
   19    23  0   0.0%   0.022 UG:3    +
   15    26  0   0.0%   0.069 GU:3    +
   17    25  0   0.0%   0.130 AU:3    +
   11    18  0   0.0%   0.001 UA:3    +
    3    26  0   0.0%   0.001 GU:3    +
   10    19  0   0.0%   0.001 GU:3    +
    2     6  0   0.0%   0.001 AU:3    +
    2    27  0   0.0%   0.002 AU:3    +
    1     7  0   0.0%   0.001 GC:3    +
   12    17  0   0.0%   0.001 UA:3    +
    6    32  0   0.0%   0.002 UG:3    +
    1    29  0   0.0%   0.002 GC:3    +
    1    28  0   0.0%   0.001 GU:3    +
    2    28  0   0.0%   0.002 AU:3    +
   22    30  0   0.0%   0.069 GC:3    +
   23    29  0   0.0%   0.023 GC:3    +
    3    27  0   0.0%   0.002 GU:3    +
   21    31  0   0.0%   0.064 UG:3    +
    4    26  0   0.0%   0.002 GU:3    +
   17    24  0   0.0%   0.124 AU:3    +
    5    25  0   0.0%   0.002 AU:3    +
   19    33  0   0.0%   0.120 UA:3    +
    7    23  0   0.0%   0.002 CG:3    +
    8    22  0   0.0%   0.001 UG:3    +
   18    25  0   0.0%   0.072 AU:3    +
   10    28  0   0.0%   0.002 GU:3    +
    4    29  0   0.0%   0.002 GC:3    +
    3    30  0   0.0%   0.001 GC:3    +
    5    28  0   0.0%   0.002 AU:3    +
   13    24  0   0.0%   0.001 GU:3    +
   17    26  0   0.0%   0.108 AU:3    +
    9    16  0   0.0%   0.000 GC:3    +
   14    28  0   0.0%   0.079 AU:3    +
    8    17  0   0.0%   0.000 UA:3    +
   15    27  0   0.0%   0.030 GU:3    +
    7    34  0   0.0%   0.006 CG:3    +
    9    29  0   0.0%   0.001 GC:3    +
   14    21  0   0.0%   0.000 AU:3    +
    3     7  0   0.0%   0.001 GC:3    +
    7    13  0   0.0%   0.001 CG:3    +
    8    33  0   0.0%   0.121 UA:3    +
    2     8  0   0.0%   0.001 AU:3    +
    9    21  0   0.0%   0.000 GU:3    +
    6    14  0   0.0%   0.001 UA:3    +
    1     6  0   0.0%   0.000 GU:3    +
   18    27  0   0.0%   0.011 AU:3    +
   17    28  0   0.0%   0.062 AU:3    +
   13    29  0   0.0%   0.097 GC:3    +
   10    16  0   0.0%   0.000 GC:3    +
   12    23  0   0.0%   0.001 UG:3    +
   12    18  0   0.0%   0.001 UA:3    +
    4    16  0   0.0%   0.000 GC:3    +
   11    15  0   0.0%   0.000 UG:3    +
    8    32  0   0.0%   0.005 UG:3    +
   14    19  0   0.0%   0.001 AU:3    +
    1    30  0   0.0%   0.001 GC:3    +
   15    28  0   0.0%   0.022 GU:3    +
    8    14  0   0.0%   0.000 UA:3    +
    7    15  0   0.0%   0.001 CG:3    +
   10    30  0   0.0%   0.002 GC:3    +
   11    23  0   0.0%   0.001 UG:3    +
   11    22  0   0.0%   0.001 UG:3    +
    3    16  0   0.0%   0.000 GC:3    +
.....(((((..((((......))))..))))).
