3 sequence; length of alignment 49
alifold output
   28    34  0  99.6%   0.014 CG:3   
   27    35  0  99.5%   0.024 AU:3   
   22    39  0  99.5%   0.020 AU:3   
   21    40  0  99.3%   0.024 GU:3   
   23    38  0  99.2%   0.046 GC:3   
   26    36  0  99.2%   0.077 GC:3   
   20    41  0  99.2%   0.031 AU:3   
   19    42  0  98.6%   0.077 CG:3   
   29    33  0  98.1%   0.057 CG:3   
   25    37  0  88.4%   0.372 GU:3   
    3    14  0  43.1%   1.141 GC:3   
    2    15  0  43.0%   1.160 GC:3   
    4    13  0  42.0%   1.144 UA:3   
   17    44  0  37.3%   1.846 CG:3   
   16    45  0  35.0%   1.864 GU:3   
    9    46  0  31.0%   1.126 UA:3    +
    8    47  0  30.9%   1.432 GC:3    +
   10    45  0  30.9%   1.143 AU:3    +
   11    44  0  30.9%   1.344 CG:3    +
   12    43  0  30.4%   1.451 UA:3    +
    3    17  0  22.8%   1.426 GC:3    +
    2    18  0  22.6%   1.443 GC:3    +
    4    16  0  22.0%   1.415 UG:3    +
    6    14  0  21.6%   1.553 GC:3    +
    7    13  0  21.3%   1.364 UA:3    +
    7    48  0  15.9%   1.233 UG:3    +
    8    12  0  14.8%   0.928 GU:3    +
    6    11  0   6.8%   0.618 GC:3    +
   18    44  0   1.7%   1.297 CG:3    +
    3    11  0   1.1%   0.175 GC:3    +
    4    10  0   1.1%   0.151 UA:3    +
    2    12  0   1.1%   0.186 GU:3    +
    6    49  0   1.1%   0.732 GU:3    +
    6    15  0   0.7%   0.997 GC:3    +
    8    14  0   0.7%   1.078 GC:3    +
    9    13  0   0.6%   0.789 UA:3    +
   25    36  0   0.4%   0.092 GC:3    +
    2    11  0   0.4%   0.064 GC:3    +
    5    16  0   0.4%   0.406 UG:3    +
   31    40  0   0.3%   0.069 AU:3    +
   32    39  0   0.3%   0.068 AU:3    +
   30    41  0   0.3%   0.073 GU:3    +
   33    38  0   0.3%   0.088 GC:3    +
    1    12  0   0.3%   0.059 AU:3    +
   29    42  0   0.3%   0.126 CG:3    +
   16    47  0   0.3%   1.189 GC:3    +
   16    24  0   0.3%   0.429 GU:3    +
   15    25  0   0.3%   0.474 CG:3    +
   17    23  0   0.3%   0.412 CG:3    +
   14    26  0   0.3%   0.784 CG:3    +
    8    15  0   0.3%   0.768 GC:3    +
    7    16  0   0.3%   0.736 UG:3    +
    6    17  0   0.3%   0.950 GC:3    +
   14    48  0   0.2%   1.106 CG:3    +
    6    12  0   0.2%   0.292 GU:3    +
   14    42  0   0.2%   0.788 CG:3    +
   15    48  0   0.2%   0.793 CG:3    +
   18    42  0   0.2%   0.399 CG:3    +
   13    49  0   0.2%   0.824 AU:3    +
    5    13  0   0.1%   0.395 UA:3    +
   26    35  0   0.1%   0.045 GU:3    +
   17    48  0   0.1%   1.090 CG:3    +
   16    49  0   0.1%   0.864 GU:3    +
   15    42  0   0.1%   0.464 CG:3    +
    6    47  0   0.1%   0.596 GC:3    +
    7    46  0   0.1%   0.363 UA:3    +
   22    40  0   0.0%   0.024 AU:3    +
   16    41  0   0.0%   0.402 GU:3    +
   23    39  0   0.0%   0.046 GU:3    +
    5    48  0   0.0%   0.042 UG:3    +
   11    48  0   0.0%   0.922 CG:3    +
   29    34  0   0.0%   0.031 CG:3    +
   21    41  0   0.0%   0.030 GU:3    +
   17    42  0   0.0%   0.400 CG:3    +
   13    45  0   0.0%   1.105 AU:3    +
   14    44  0   0.0%   1.131 CG:3    +
   10    49  0   0.0%   0.474 AU:3    +
    5    10  0   0.0%   0.058 UA:3    +
   12    46  0   0.0%   1.103 UA:3    +
    3    18  0   0.0%   1.095 GC:3    +
    3    47  0   0.0%   0.760 GC:3    +
   21    38  0   0.0%   0.007 GC:3    +
    4    46  0   0.0%   0.754 UA:3    +
    2    19  0   0.0%   0.776 GC:3    +
   20    39  0   0.0%   0.006 AU:3    +
   28    44  0   0.0%   0.815 CG:3    +
   22    37  0   0.0%   0.005 AU:3    +
   27    45  0   0.0%   0.745 AU:3    +
    8    45  0   0.0%   0.339 GU:3    +
   43    49  0   0.0%   0.437 AU:3    +
   25    38  0   0.0%   0.167 GC:3    +
   19    25  0   0.0%   0.025 CG:3    +
   18    26  0   0.0%   0.362 CG:3    +
    8    17  0   0.0%   0.691 GC:3    +
    3    49  0   0.0%   0.761 GU:3    +
    1     7  0   0.0%   0.004 AU:3    +
    9    16  0   0.0%   0.403 UG:3    +
   28    33  0   0.0%   0.004 CG:3    +
    2     7  0   0.0%   0.004 GU:3    +
   20    24  0   0.0%   0.022 AU:3    +
    1    49  0   0.0%   0.023 AU:3    +
   15    44  0   0.0%   0.808 CG:3    +
    2    14  0   0.0%   0.073 GC:3    +
   23    36  0   0.0%   0.022 GC:3    +
   19    44  0   0.0%   0.823 CG:3    +
    3    15  0   0.0%   0.779 GC:3    +
   15    21  0   0.0%   0.419 CG:3    +
   14    23  0   0.0%   0.730 CG:3    +
   13    24  0   0.0%   0.734 AU:3    +
    2    49  0   0.0%   0.775 GU:3    +
   38    42  0   0.0%   0.098 CG:3    +
   37    43  0   0.0%   0.474 UA:3    +
   18    48  0   0.0%   0.757 CG:3    +
   36    44  0   0.0%   0.840 CG:3    +
    4    48  0   0.0%   0.752 UG:3    +
   12    25  0   0.0%   0.365 UG:3    +
   25    47  0   0.0%   0.544 GC:3    +
    6    18  0   0.0%   0.919 GC:3    +
   11    26  0   0.0%   0.256 CG:3    +
   13    41  0   0.0%   0.733 AU:3    +
    1     5  0   0.0%   0.001 AU:3    +
   44    49  0   0.0%   0.880 GU:3    +
   33    47  0   0.0%   0.429 GC:3    +
    8    28  0   0.0%   0.336 GC:3    +
    9    27  0   0.0%   0.032 UA:3    +
    2    47  0   0.0%   0.773 GC:3    +
   23    47  0   0.0%   0.421 GC:3    +
   24    46  0   0.0%   0.393 UA:3    +
   16    28  0   0.0%   0.392 GC:3    +
    2     9  0   0.0%   0.002 GU:3    +
   42    47  0   0.0%   0.458 GC:3    +
    6    29  0   0.0%   0.581 GC:3    +
   12    42  0   0.0%   0.365 UG:3    +
    3     7  0   0.0%   0.003 GU:3    +
   17    26  0   0.0%   0.393 CG:3    +
   18    25  0   0.0%   0.359 CG:3    +
   24    48  0   0.0%   0.354 UG:3    +
    5    30  0   0.0%   0.033 UG:3    +
   11    16  0   0.0%   0.626 CG:3    +
   34    47  0   0.0%   0.398 GC:3    +
    2    17  0   0.0%   0.435 GC:3    +
   35    46  0   0.0%   0.386 UA:3    +
    4    31  0   0.0%   0.749 UA:3    +
   16    40  0   0.0%   0.391 GU:3    +
    1    45  0   0.0%   0.021 AU:3    +
   23    40  0   0.0%   0.043 GU:3    +
   11    23  0   0.0%   0.255 CG:3    +
   10    24  0   0.0%   0.053 AU:3    +
   25    45  0   0.0%   0.889 GU:3    +
    9    25  0   0.0%   0.031 UG:3    +
   12    22  0   0.0%   0.364 UA:3    +
   22    41  0   0.0%   0.026 AU:3    +
   20    40  0   0.0%   0.003 AU:3    +
    3    28  0   0.0%   0.754 GC:3    +
    2    29  0   0.0%   0.773 GC:3    +
    4    27  0   0.0%   0.748 UA:3    +
   12    48  0   0.0%   1.028 UG:3    +
    7    27  0   0.0%   0.349 UA:3    +
    6    28  0   0.0%   0.580 GC:3    +
   21    39  0   0.0%   0.005 GU:3    +
   26    47  0   0.0%   0.426 GC:3    +
   18    23  0   0.0%   0.359 CG:3    +
    1     9  0   0.0%   0.002 AU:3    +
   36    42  0   0.0%   0.099 CG:3    +
   14    21  0   0.0%   0.729 CG:3    +
   34    38  0   0.0%   0.038 GC:3    +
   33    39  0   0.0%   0.069 GU:3    +
    3    12  0   0.0%   0.119 GU:3    +
   32    40  0   0.0%   0.050 AU:3    +
   16    38  0   0.0%   0.391 GC:3    +
   32    49  0   0.0%   0.091 AU:3    +
   31    41  0   0.0%   0.054 AU:3    +
    5    26  0   0.0%   0.032 UG:3    +
   41    48  0   0.0%   0.367 UG:3    +
    3     9  0   0.0%   0.001 GU:3    +
   12    27  0   0.0%   0.365 UA:3    +
   28    42  0   0.0%   0.053 CG:3    +
    4     8  0   0.0%   0.000 UG:3    +
   21    36  0   0.0%   0.001 GC:3    +
   12    16  0   0.0%   0.736 UG:3    +
   22    35  0   0.0%   0.000 AU:3    +
   20    37  0   0.0%   0.001 AU:3    +
   24    33  0   0.0%   0.020 UG:3    +
   26    37  0   0.0%   0.147 GU:3    +
    9    44  0   0.0%   0.031 UG:3    +
   14    34  0   0.0%   0.747 CG:3    +
   15    33  0   0.0%   0.436 CG:3    +
   13    35  0   0.0%   0.732 AU:3    +
    6    19  0   0.0%   0.582 GC:3    +
   15    23  0   0.0%   0.418 CG:3    +
   19    23  0   0.0%   0.021 CG:3    +
   35    43  0   0.0%   0.376 UA:3    +
   30    38  0   0.0%   0.012 GC:3    +
   21    49  0   0.0%   0.083 GU:3    +
    9    43  0   0.0%   0.031 UA:3    +
   31    37  0   0.0%   0.110 AU:3    +
    5    20  0   0.0%   0.032 UA:3    +
   19    48  0   0.0%   0.350 CG:3    +
    5    43  0   0.0%   0.033 UA:3    +
    5    46  0   0.0%   0.035 UA:3    +
   23    49  0   0.0%   0.103 GU:3    +
   12    44  0   0.0%   1.090 UG:3    +
    7    43  0   0.0%   0.349 UA:3    +
   33    45  0   0.0%   0.775 GU:3    +
   23    37  0   0.0%   0.022 GU:3    +
    5    31  0   0.0%   0.033 UA:3    +
    4    44  0   0.0%   0.748 UG:3    +
   16    39  0   0.0%   0.391 GU:3    +
    8    18  0   0.0%   0.674 GC:3    +
    2    45  0   0.0%   0.773 GU:3    +
    3    19  0   0.0%   0.756 GC:3    +
    5    44  0   0.0%   0.033 UG:3    +
.(((........)))((.(((((.(((((...)))))))))).))....
