3 sequence; length of alignment 34
alifold output
    9    24  0  67.4%   1.083 CG:3   
    8    25  0  66.9%   1.124 GU:3   
   10    23  0  66.5%   1.072 UA:3   
   11    22  0  57.9%   1.159 UA:3   
    7    26  0  46.3%   1.666 CG:3   
    5    27  0  40.6%   1.116 AU:3    +
    4    28  0  40.1%   1.380 UG:3    +
    3    29  0  34.5%   1.375 UA:3    +
    6    26  0  20.9%   1.218 CG:3    +
   17    31  0  15.6%   1.186 GC:3    +
   16    32  0  15.6%   1.202 GC:3    +
   18    30  0  14.4%   0.923 AU:3    +
   15    20  0  14.0%   1.153 UA:3    +
   15    33  0  12.3%   1.389 UA:3    +
   14    21  0  11.9%   0.917 UA:3    +
    7    16  0   9.9%   0.689 CG:3    +
    6    17  0   9.8%   0.687 CG:3    +
    6    28  0   9.0%   1.585 CG:3    +
    8    15  0   5.7%   0.501 GU:3    +
    2    24  0   5.2%   0.471 CG:3    +
    3    23  0   5.0%   0.570 UA:3    +
    1    25  0   4.6%   0.428 AU:3    +
    4    22  0   4.1%   0.537 UA:3    +
   26    32  0   3.1%   1.415 GC:3    +
   25    33  0   3.1%   1.024 UA:3    +
   24    34  0   3.0%   0.803 GC:3    +
   21    27  0   2.8%   1.211 AU:3    +
    8    27  0   2.8%   1.107 GU:3    +
    9    26  0   2.7%   1.350 CG:3    +
    7    28  0   2.7%   1.509 CG:3    +
   15    21  0   2.1%   1.016 UA:3    +
    9    17  0   1.9%   0.486 CG:3    +
   10    16  0   1.9%   0.479 UG:3    +
   27    33  0   1.8%   1.239 UA:3    +
   28    32  0   1.8%   1.312 GC:3    +
   26    34  0   1.6%   1.212 GC:3    +
    4    19  0   1.4%   0.278 UA:3    +
   14    19  0   1.3%   0.287 UA:3    +
    3    20  0   1.2%   0.209 UA:3    +
   14    22  0   1.1%   0.979 UA:3    +
   20    27  0   1.1%   1.026 AU:3    +
    4    18  0   1.0%   0.149 UA:3    +
   14    20  0   0.9%   0.279 UA:3    +
   15    22  0   0.9%   1.199 UA:3    +
    3    19  0   0.8%   0.126 UA:3    +
   15    19  0   0.7%   0.436 UA:3    +
    4    29  0   0.7%   1.112 UA:3    +
   14    23  0   0.7%   0.947 UA:3    +
    7    24  0   0.6%   0.479 CG:3    +
   22    27  0   0.5%   1.262 AU:3    +
    9    16  0   0.4%   0.298 CG:3    +
   11    20  0   0.4%   0.148 UA:3    +
   10    21  0   0.3%   0.145 UA:3    +
   11    21  0   0.3%   0.122 UA:3    +
   15    23  0   0.2%   1.101 UA:3    +
   14    24  0   0.2%   0.951 UG:3    +
   13    25  0   0.2%   0.463 AU:3    +
    4    21  0   0.2%   0.166 UA:3    +
    4    12  0   0.2%   0.037 UA:3    +
    5    11  0   0.2%   0.033 AU:3    +
    5    30  0   0.2%   0.422 AU:3    +
   10    22  0   0.1%   0.266 UA:3    +
    1    30  0   0.1%   0.176 AU:3    +
    3    13  0   0.1%   0.030 UA:3    +
    3    22  0   0.1%   0.134 UA:3    +
   11    24  0   0.1%   0.862 UG:3    +
   26    31  0   0.1%   1.105 GC:3    +
   14    18  0   0.1%   0.075 UA:3    +
    2     8  0   0.1%   0.020 CG:3    +
    4    20  0   0.1%   0.191 UA:3    +
   11    23  0   0.1%   0.818 UA:3    +
    7    17  0   0.1%   0.476 CG:3    +
    3    21  0   0.1%   0.120 UA:3    +
    2    28  0   0.1%   0.183 CG:3    +
    3    28  0   0.1%   0.290 UG:3    +
   11    18  0   0.1%   0.078 UA:3    +
   19    27  0   0.1%   0.688 AU:3    +
   21    25  0   0.1%   0.828 AU:3    +
   10    24  0   0.1%   0.845 UG:3    +
   23    27  0   0.1%   1.142 AU:3    +
   11    19  0   0.1%   0.133 UA:3    +
    2    26  0   0.1%   0.174 CG:3    +
    1    27  0   0.0%   0.155 AU:3    +
   24    32  0   0.0%   0.782 GC:3    +
   24    31  0   0.0%   0.779 GC:3    +
   11    17  0   0.0%   0.333 UG:3    +
   19    30  0   0.0%   0.516 AU:3    +
   10    19  0   0.0%   0.184 UA:3    +
    5    25  0   0.0%   0.162 AU:3    +
    6    24  0   0.0%   0.390 CG:3    +
   15    28  0   0.0%   1.313 UG:3    +
   19    25  0   0.0%   0.636 AU:3    +
   14    29  0   0.0%   0.872 UA:3    +
   18    25  0   0.0%   0.494 AU:3    +
   10    20  0   0.0%   0.146 UA:3    +
    4    26  0   0.0%   0.278 UG:3    +
   16    27  0   0.0%   0.806 GU:3    +
   10    18  0   0.0%   0.128 UA:3    +
   13    30  0   0.0%   0.049 AU:3    +
   14    33  0   0.0%   0.470 UA:3    +
    3    12  0   0.0%   0.006 UA:3    +
   11    28  0   0.0%   1.089 UG:3    +
   20    25  0   0.0%   0.838 AU:3    +
    2    17  0   0.0%   0.012 CG:3    +
   10    29  0   0.0%   0.791 UA:3    +
    3    16  0   0.0%   0.016 UG:3    +
   28    34  0   0.0%   0.946 GC:3    +
   12    27  0   0.0%   0.487 AU:3    +
   12    25  0   0.0%   0.431 AU:3    +
   11    16  0   0.0%   0.343 UG:3    +
    9    28  0   0.0%   1.158 CG:3    +
   23    30  0   0.0%   0.789 AU:3    +
    3    33  0   0.0%   0.644 UA:3    +
    3    18  0   0.0%   0.016 UA:3    +
    8    14  0   0.0%   0.010 GU:3    +
   25    29  0   0.0%   0.848 UA:3    +
    4    13  0   0.0%   0.023 UA:3    +
    2    16  0   0.0%   0.009 CG:3    +
    8    31  0   0.0%   0.542 GC:3    +
   24    30  0   0.0%   0.785 GU:3    +
   10    17  0   0.0%   0.389 UG:3    +
   11    26  0   0.0%   1.180 UG:3    +
    8    34  0   0.0%   0.542 GC:3    +
   18    27  0   0.0%   0.536 AU:3    +
    4    23  0   0.0%   0.420 UA:3    +
   21    30  0   0.0%   0.791 AU:3    +
    5    14  0   0.0%   0.013 AU:3    +
    4    33  0   0.0%   0.675 UA:3    +
    3    24  0   0.0%   0.423 UG:3    +
    5    10  0   0.0%   0.001 AU:3    +
    3     8  0   0.0%   0.007 UG:3    +
    6    16  0   0.0%   0.003 CG:3    +
   16    25  0   0.0%   0.758 GU:3    +
    1    10  0   0.0%   0.001 AU:3    +
   14    26  0   0.0%   1.250 UG:3    +
    5    15  0   0.0%   0.013 AU:3    +
    8    32  0   0.0%   0.541 GC:3    +
   13    27  0   0.0%   0.493 AU:3    +
    4    16  0   0.0%   0.015 UG:3    +
   15    24  0   0.0%   1.089 UG:3    +
   20    30  0   0.0%   0.756 AU:3    +
    1    15  0   0.0%   0.001 AU:3    +
   10    28  0   0.0%   1.077 UG:3    +
    4     8  0   0.0%   0.007 UG:3    +
    4    17  0   0.0%   0.015 UG:3    +
    3    17  0   0.0%   0.015 UG:3    +
   26    30  0   0.0%   1.096 GU:3    +
   22    30  0   0.0%   0.889 AU:3    +
    1    11  0   0.0%   0.001 AU:3    +
   17    32  0   0.0%   0.896 GC:3    +
    1    14  0   0.0%   0.001 AU:3    +
   16    31  0   0.0%   0.333 GC:3    +
   10    33  0   0.0%   0.387 UA:3    +
    4    24  0   0.0%   0.423 UG:3    +
    3    26  0   0.0%   0.273 UG:3    +
   11    33  0   0.0%   0.394 UA:3    +
   17    30  0   0.0%   0.338 GU:3    +
    8    30  0   0.0%   0.560 GU:3    +
   15    26  0   0.0%   1.401 UG:3    +
   11    29  0   0.0%   0.797 UA:3    +
   16    34  0   0.0%   0.623 GC:3    +
   10    26  0   0.0%   1.172 UG:3    +
   15    29  0   0.0%   1.021 UA:3    +
   17    25  0   0.0%   0.743 GU:3    +
   17    27  0   0.0%   0.787 GU:3    +
......(((((..........)))))........
