3 sequence; length of alignment 34
alifold output
   13    22  0 100.0%   0.000 GC:3   
   14    21  0 100.0%   0.001 CG:3   
   12    23  0  99.9%   0.002 AU:3   
   11    24  0  99.6%   0.013 GC:3   
   15    20  0  75.6%   0.634 AU:3   
    7    29  0  65.5%   1.563 GC:3   
    8    28  0  65.4%   1.565 GC:3   
    6    30  0  65.4%   1.199 GC:3   
    9    27  0  65.2%   1.204 GC:3   
    4    31  0  40.3%   1.102 AU:3    +
    3    32  0  40.1%   1.099 UA:3    +
    2    33  0  34.5%   1.105 AU:3    +
    8    27  0  32.9%   1.098 GC:3    +
    7    28  0  32.8%   1.098 GC:3    +
    6    29  0  32.7%   1.097 GC:3    +
    7    30  0   1.7%   1.129 GC:3    +
    8    29  0   1.7%   1.494 GC:3    +
    9    28  0   1.7%   1.131 GC:3    +
    6    31  0   1.5%   1.206 GU:3    +
    4    33  0   0.1%   0.753 AU:3    +
   16    20  0   0.1%   0.225 AU:3    +
    2    31  0   0.0%   0.010 AU:3    +
    6    28  0   0.0%   0.002 GC:3    +
    7    27  0   0.0%   0.001 GC:3    +
    1     6  0   0.0%   0.001 CG:3    +
   11    27  0   0.0%   0.650 GC:3    +
   11    23  0   0.0%   0.000 GU:3    +
    8    30  0   0.0%   1.060 GC:3    +
    9    29  0   0.0%   1.061 GC:3    +
    7    31  0   0.0%   1.147 GU:3    +
    6    34  0   0.0%   0.708 GC:3    +
    6    33  0   0.0%   1.082 GU:3    +
   10    23  0   0.0%   0.000 AU:3    +
    9    24  0   0.0%   0.000 GC:3    +
   11    22  0   0.0%   0.000 GC:3    +
.....((((.(((((....)))))..))))....
