3 sequence; length of alignment 34
alifold output
   21    30  0 100.0%   0.000 CG:3   
   22    29  0 100.0%   0.001 CG:3   
   20    31  0  99.9%   0.002 AU:3   
   19    32  0  99.7%   0.010 GC:3   
   23    28  0  98.0%   0.061 UA:3   
    4    10  0  66.1%   0.828 CG:3   
    3    11  0  66.1%   0.828 AU:3   
    2    12  0  65.5%   0.840 CG:3   
    9    16  0  29.6%   1.125 AU:3    +
    8    17  0  29.6%   1.135 GC:3    +
   10    15  0  29.1%   1.374 GC:3    +
    5    17  0   0.9%   0.136 GC:3    +
    7    14  0   0.9%   0.132 CG:3    +
    6    16  0   0.9%   0.127 AU:3    +
   12    17  0   0.2%   0.730 GC:3    +
   11    18  0   0.2%   0.315 UA:3    +
    8    15  0   0.1%   0.038 GC:3    +
    2    10  0   0.1%   0.023 CG:3    +
    5    15  0   0.1%   0.022 GC:3    +
    1    11  0   0.1%   0.019 AU:3    +
   16    33  0   0.1%   0.419 UA:3    +
   10    17  0   0.1%   1.056 GC:3    +
    4    12  0   0.0%   0.561 CG:3    +
    5    11  0   0.0%   0.287 GU:3    +
    7    12  0   0.0%   0.287 CG:3    +
   16    34  0   0.0%   0.415 UA:3    +
    2    14  0   0.0%   0.292 CG:3    +
    4    14  0   0.0%   0.285 CG:3    +
    2     8  0   0.0%   0.005 CG:3    +
    1    16  0   0.0%   0.010 AU:3    +
   23    27  0   0.0%   0.003 UA:3    +
    4     8  0   0.0%   0.004 CG:3    +
    7    19  0   0.0%   0.046 CG:3    +
    5    16  0   0.0%   0.011 GU:3    +
    5    32  0   0.0%   0.052 GC:3    +
   17    24  0   0.0%   0.421 CG:3    +
   12    32  0   0.0%   0.297 GC:3    +
    6    31  0   0.0%   0.042 AU:3    +
   13    31  0   0.0%   0.001 AU:3    +
    7    30  0   0.0%   0.045 CG:3    +
   15    29  0   0.0%   0.376 CG:3    +
    6    11  0   0.0%   0.283 AU:3    +
   11    33  0   0.0%   0.294 UA:3    +
    3    16  0   0.0%   0.276 AU:3    +
   18    23  0   0.0%   0.011 AU:3    +
   16    25  0   0.0%   0.404 UA:3    +
    4    19  0   0.0%   0.280 CG:3    +
   14    32  0   0.0%   0.047 GC:3    +
   19    31  0   0.0%   0.001 GU:3    +
   16    28  0   0.0%   0.404 UA:3    +
   10    16  0   0.0%   1.044 GU:3    +
   23    29  0   0.0%   0.022 UG:3    +
    8    16  0   0.0%   0.056 GU:3    +
   13    23  0   0.0%   0.000 AU:3    +
   14    22  0   0.0%   0.046 GC:3    +
   11    25  0   0.0%   0.294 UA:3    +
   24    32  0   0.0%   0.004 GC:3    +
   25    31  0   0.0%   0.001 AU:3    +
   22    30  0   0.0%   0.001 CG:3    +
   23    33  0   0.0%   0.026 UA:3    +
   12    16  0   0.0%   0.687 GU:3    +
   15    19  0   0.0%   0.376 CG:3    +
    8    32  0   0.0%   0.373 GC:3    +
    9    31  0   0.0%   0.361 AU:3    +
.(((.....)))......(((((....)))))..
