3 sequence; length of alignment 34
alifold output
    8    30  0 100.0%   0.002 GC:3   
    7    31  0 100.0%   0.002 GC:3   
    6    32  0 100.0%   0.002 GC:3   
   15    23  0  99.9%   0.006 UA:3   
   16    22  0  99.8%   0.007 CG:3   
    9    29  0  99.8%   0.007 GC:3   
   14    24  0  99.7%   0.012 UA:3   
   13    25  0  99.6%   0.013 UA:3   
   12    26  0  99.4%   0.018 UA:3   
    5    33  0  96.0%   0.131 AU:3   
   11    27  0  91.6%   0.241 AU:3   
    4    34  0  66.4%   0.849 AU:3   
    3    34  0   0.3%   0.056 AU:3    +
    4    33  0   0.2%   0.040 AU:3    +
    2    34  0   0.0%   0.013 AU:3    +
    5    34  0   0.0%   0.342 AU:3    +
    7    32  0   0.0%   0.007 GC:3    +
    6    33  0   0.0%   0.060 GU:3    +
    8    31  0   0.0%   0.007 GC:3    +
    9    30  0   0.0%   0.008 GC:3    +
    3    33  0   0.0%   0.005 AU:3    +
    1    34  0   0.0%   0.004 AU:3    +
   15    22  0   0.0%   0.003 UG:3    +
   14    23  0   0.0%   0.003 UA:3    +
   13    24  0   0.0%   0.003 UA:3    +
    8    29  0   0.0%   0.002 GC:3    +
    7    30  0   0.0%   0.002 GC:3    +
   12    25  0   0.0%   0.002 UA:3    +
    6    31  0   0.0%   0.002 GC:3    +
    2    33  0   0.0%   0.002 AU:3    +
   14    25  0   0.0%   0.010 UA:3    +
   13    26  0   0.0%   0.011 UA:3    +
   15    24  0   0.0%   0.007 UA:3    +
   14    22  0   0.0%   0.001 UG:3    +
   15    21  0   0.0%   0.000 UA:3    +
   13    23  0   0.0%   0.000 UA:3    +
   12    24  0   0.0%   0.000 UA:3    +
    1    33  0   0.0%   0.000 AU:3    +
   14    21  0   0.0%   0.000 UA:3    +
   13    22  0   0.0%   0.000 UG:3    +
   15    20  0   0.0%   0.000 UA:3    +
   12    28  0   0.0%   0.007 UA:3    +
   18    22  0   0.0%   0.003 UG:3    +
   12    23  0   0.0%   0.000 UA:3    +
...((((((.((((((.....)))))).))))))
