3 sequence; length of alignment 95
alifold output
   79    88  0  96.0%   0.205 AU:3   
   39    69  0  95.9%   0.275 GC:3   
   37    71  0  95.9%   0.143 CG:3   
   38    70  0  95.9%   0.268 AU:3   
   40    68  0  95.8%   0.259 AU:3   
   78    89  0  95.8%   0.164 AU:3   
   36    72  0  95.7%   0.296 GC:3   
   77    90  0  95.6%   0.201 AU:3   
   41    67  0  95.4%   0.277 AU:3   
   42    66  0  95.2%   0.298 GU:3   
   80    87  0  95.1%   0.241 GC:3   
   43    65  0  94.0%   0.311 AU:3   
   22    33  0  92.3%   0.393 GC:3   
   23    32  0  92.0%   0.240 CG:3   
   76    91  0  91.6%   0.441 CG:3   
   24    31  0  90.6%   0.293 CG:3   
    6    19  0  80.0%   0.850 GC:3   
    5    20  0  79.9%   0.860 GC:3   
    7    18  0  73.4%   0.930 AU:3   
   45    62  0  68.5%   0.831 CG:3   
    4    21  0  62.6%   1.090 AU:3   
   44    64  0  58.2%   1.363 UA:3   
   49    57  0  54.9%   1.074 GC:3    +
   48    58  0  52.8%   1.138 UA:3    +
   44    63  0  34.6%   1.153 UA:3    +
   51    56  0  30.6%   1.369 GC:3    +
   46    60  0  24.1%   1.168 GC:3    +
   21    34  0  21.9%   1.379 UG:3    +
   10    15  0  15.6%   1.091 AU:3    +
   51    55  0   7.9%   0.702 GC:3    +
   49    60  0   7.5%   1.398 GC:3    +
   10    16  0   7.0%   0.978 AU:3    +
   48    61  0   6.8%   1.163 UA:3    +
   47    61  0   6.3%   0.657 UA:3    +
   25    31  0   6.2%   0.628 CG:3    +
   74    92  0   5.7%   0.661 AU:3    +
    6    14  0   5.4%   0.669 GC:3    +
    5    15  0   5.2%   0.672 GU:3    +
   24    32  0   5.2%   0.649 CG:3    +
   47    62  0   5.0%   1.020 UG:3    +
    7    13  0   4.9%   0.625 AU:3    +
    3    22  0   4.7%   0.450 UG:3    +
    4    16  0   3.4%   0.435 AU:3    +
   16    40  0   3.3%   0.672 UA:3    +
   51    57  0   3.3%   1.267 GC:3    +
   15    41  0   3.3%   0.887 UA:3    +
   14    42  0   3.3%   0.611 CG:3    +
   49    72  0   3.3%   1.027 GC:3    +
   10    17  0   3.3%   0.841 AU:3    +
   48    73  0   3.3%   1.013 UA:3    +
   47    74  0   3.3%   0.837 UA:3    +
   17    39  0   3.3%   0.520 UG:3    +
   46    75  0   3.3%   0.893 GC:3    +
   50    71  0   3.2%   0.411 CG:3    +
   75    91  0   3.1%   0.555 CG:3    +
   51    59  0   3.1%   1.115 GU:3    +
   52    58  0   3.1%   0.717 UA:3    +
   18    38  0   3.0%   0.628 UA:3    +
   13    43  0   2.8%   0.621 UA:3    +
   20    36  0   2.4%   0.536 CG:3    +
   23    34  0   2.1%   0.737 CG:3    +
   21    35  0   2.0%   0.918 UA:3    +
   51    70  0   1.9%   1.130 GU:3    +
    6    12  0   1.8%   0.266 GC:3    +
    5    14  0   1.6%   0.286 GC:3    +
   46    55  0   1.5%   0.224 GC:3    +
   47    54  0   1.5%   0.218 UA:3    +
    4    15  0   1.4%   0.210 AU:3    +
    7    11  0   1.4%   0.193 AU:3    +
   49    59  0   1.2%   0.603 GU:3    +
   62    69  0   1.2%   0.712 GC:3    +
    5    13  0   1.2%   0.219 GU:3    +
   48    53  0   1.2%   0.192 UA:3    +
   51    60  0   1.2%   1.515 GC:3    +
   32    75  0   1.1%   0.415 GC:3    +
   31    76  0   1.1%   0.445 GC:3    +
   61    70  0   1.1%   0.635 AU:3    +
   63    68  0   1.1%   0.647 AU:3    +
   48    62  0   0.9%   1.165 UG:3    +
   30    77  0   0.9%   0.165 UA:3    +
   73    94  0   0.9%   0.281 AU:3    +
   47    63  0   0.9%   0.934 UA:3    +
   19    36  0   0.9%   0.372 CG:3    +
    6    13  0   0.9%   0.291 GU:3    +
   49    56  0   0.8%   0.170 GC:3    +
   19    34  0   0.8%   0.326 CG:3    +
   18    35  0   0.8%   0.382 UA:3    +
    5    12  0   0.6%   0.098 GC:3    +
   85    91  0   0.6%   0.373 CG:3    +
   60    71  0   0.6%   0.851 CG:3    +
   34    75  0   0.6%   0.661 GC:3    +
   23    84  0   0.6%   0.267 CG:3    +
   22    85  0   0.6%   0.344 GC:3    +
   84    92  0   0.6%   0.374 GU:3    +
   20    34  0   0.6%   0.326 CG:3    +
   53    68  0   0.5%   0.205 AU:3    +
    4    13  0   0.5%   0.086 AU:3    +
    1    92  0   0.5%   0.089 AU:3    +
    2    91  0   0.5%   0.112 CG:3    +
   54    67  0   0.5%   0.218 AU:3    +
   47    58  0   0.4%   0.181 UA:3    +
   14    80  0   0.4%   0.456 CG:3    +
   15    79  0   0.4%   0.742 UA:3    +
   48    63  0   0.4%   1.126 UA:3    +
   16    78  0   0.4%   0.506 UA:3    +
   46    59  0   0.4%   0.186 GU:3    +
   86    90  0   0.4%   0.144 AU:3    +
   13    81  0   0.4%   0.480 UA:3    +
   12    42  0   0.4%   0.176 CG:3    +
   11    43  0   0.4%   0.143 UA:3    +
    6    45  0   0.3%   0.560 GC:3    +
   17    77  0   0.3%   0.337 UA:3    +
   10    44  0   0.3%   0.671 AU:3    +
    7    44  0   0.3%   0.515 AU:3    +
   14    39  0   0.3%   0.288 CG:3    +
    3    93  0   0.3%   0.228 UA:3    +
   15    38  0   0.3%   0.567 UA:3    +
   25    80  0   0.3%   0.305 CG:3    +
   26    79  0   0.3%   0.129 UA:3    +
    2    22  0   0.3%   0.048 CG:3    +
   47    64  0   0.3%   0.844 UA:3    +
    7    17  0   0.3%   0.272 AU:3    +
    5    83  0   0.2%   0.575 GC:3    +
    6    82  0   0.2%   0.589 GC:3    +
    8    46  0   0.2%   0.057 CG:3    +
   57    62  0   0.2%   0.991 CG:3    +
   27    60  0   0.2%   0.066 GC:3    +
   26    61  0   0.2%   0.065 UA:3    +
    7    47  0   0.2%   0.520 AU:3    +
   25    62  0   0.2%   0.237 CG:3    +
   34    95  0   0.2%   0.603 GC:3    +
    4    92  0   0.2%   0.609 AU:3    +
   37    49  0   0.2%   0.054 CG:3    +
   36    50  0   0.2%   0.205 GC:3    +
    6    11  0   0.2%   0.043 GU:3    +
    5    25  0   0.2%   0.544 GC:3    +
   17    36  0   0.2%   0.189 UG:3    +
    6    24  0   0.2%   0.526 GC:3    +
   31    57  0   0.2%   0.321 GC:3    +
    4    26  0   0.2%   0.543 AU:3    +
   30    58  0   0.2%   0.042 UA:3    +
   38    48  0   0.2%   0.189 AU:3    +
   21    86  0   0.2%   0.756 UA:3    +
   32    56  0   0.2%   0.293 GC:3    +
   49    55  0   0.2%   0.123 GC:3    +
   13    41  0   0.2%   0.324 UA:3    +
   35    94  0   0.2%   0.183 AU:3    +
    6    48  0   0.2%   0.557 GU:3    +
   45    51  0   0.2%   0.068 CG:3    +
    3    27  0   0.2%   0.182 UG:3    +
   74    94  0   0.2%   0.379 AU:3    +
   50    84  0   0.2%   0.230 CG:3    +
   49    85  0   0.2%   0.828 GC:3    +
   46    50  0   0.2%   0.073 GC:3    +
    6    87  0   0.2%   0.604 GC:3    +
    5    88  0   0.2%   0.598 GU:3    +
    5    87  0   0.2%   0.577 GC:3    +
   39    47  0   0.2%   0.193 GU:3    +
   13    40  0   0.2%   0.306 UA:3    +
   51    69  0   0.2%   0.926 GC:3    +
    5    19  0   0.2%   0.343 GC:3    +
    6    18  0   0.1%   0.333 GU:3    +
    8    22  0   0.1%   0.188 CG:3    +
    4    88  0   0.1%   0.551 AU:3    +
   46    65  0   0.1%   0.557 GU:3    +
   50    62  0   0.1%   0.533 CG:3    +
   51    83  0   0.1%   0.991 GC:3    +
   53    67  0   0.1%   0.148 AU:3    +
   73    92  0   0.1%   0.194 AU:3    +
   28    59  0   0.1%   0.034 AU:3    +
    8    84  0   0.1%   0.067 CG:3    +
    8    80  0   0.1%   0.061 CG:3    +
   12    80  0   0.1%   0.174 CG:3    +
   11    81  0   0.1%   0.131 UA:3    +
   54    66  0   0.1%   0.165 AU:3    +
   53    66  0   0.1%   0.143 AU:3    +
    4    89  0   0.1%   0.557 AU:3    +
    9    79  0   0.1%   0.038 UA:3    +
   54    65  0   0.1%   0.167 AU:3    +
   22    37  0   0.1%   0.267 GC:3    +
   23    36  0   0.1%   0.328 CG:3    +
   21    38  0   0.1%   0.857 UA:3    +
   13    79  0   0.1%   0.434 UA:3    +
   29    59  0   0.1%   0.038 AU:3    +
   42    65  0   0.1%   0.165 GU:3    +
   48    86  0   0.1%   0.821 UA:3    +
   25    32  0   0.1%   0.444 CG:3    +
   20    39  0   0.1%   0.456 CG:3    +
    2    34  0   0.1%   0.037 CG:3    +
   26    31  0   0.1%   0.303 UG:3    +
   82    91  0   0.1%   0.257 CG:3    +
   81    92  0   0.1%   0.280 AU:3    +
   41    66  0   0.1%   0.149 AU:3    +
   12    34  0   0.1%   0.129 CG:3    +
   34    52  0   0.1%   0.536 GU:3    +
   26    81  0   0.1%   0.099 UA:3    +
   18    28  0   0.1%   0.265 UA:3    +
    4    52  0   0.1%   0.536 AU:3    +
    7    16  0   0.1%   0.347 AU:3    +
   14    32  0   0.1%   0.244 CG:3    +
    6    50  0   0.1%   0.549 GC:3    +
   19    27  0   0.1%   0.218 CG:3    +
   17    29  0   0.1%   0.154 UA:3    +
   58    65  0   0.1%   0.583 AU:3    +
    6    95  0   0.1%   0.592 GC:3    +
   11    35  0   0.1%   0.092 UA:3    +
    6    75  0   0.1%   0.555 GC:3    +
   52    81  0   0.1%   0.177 UA:3    +
    3    53  0   0.1%   0.175 UA:3    +
    2    80  0   0.1%   0.043 CG:3    +
   43    59  0   0.1%   0.156 AU:3    +
    5    76  0   0.1%   0.540 GC:3    +
   42    60  0   0.1%   0.168 GC:3    +
   15    31  0   0.1%   0.525 UG:3    +
   18    40  0   0.1%   0.538 UA:3    +
   24    34  0   0.1%   0.768 CG:3    +
   59    64  0   0.1%   0.554 UA:3    +
   44    58  0   0.1%   0.068 UA:3    +
    3    79  0   0.1%   0.184 UA:3    +
   34    76  0   0.1%   0.612 GC:3    +
    1    18  0   0.1%   0.015 AU:3    +
    7    94  0   0.1%   0.512 AU:3    +
   17    41  0   0.1%   0.414 UA:3    +
   44    62  0   0.1%   0.074 UG:3    +
   33    84  0   0.1%   0.133 CG:3    +
   32    85  0   0.1%   0.355 GC:3    +
   34    83  0   0.1%   0.578 GC:3    +
   48    54  0   0.0%   0.155 UA:3    +
   16    42  0   0.0%   0.578 UG:3    +
    2    51  0   0.0%   0.036 CG:3    +
   80    95  0   0.0%   0.155 GC:3    +
    7    15  0   0.0%   0.433 AU:3    +
   81    94  0   0.0%   0.138 AU:3    +
   46    87  0   0.0%   0.618 GC:3    +
    6    16  0   0.0%   0.416 GU:3    +
   56    62  0   0.0%   0.918 CG:3    +
    1    52  0   0.0%   0.018 AU:3    +
    6    17  0   0.0%   0.308 GU:3    +
   53    59  0   0.0%   0.273 AU:3    +
   55    62  0   0.0%   0.772 CG:3    +
    5    17  0   0.0%   0.321 GU:3    +
   15    43  0   0.0%   0.778 UA:3    +
   59    73  0   0.0%   0.339 UA:3    +
   80    85  0   0.0%   0.125 GC:3    +
   40    67  0   0.0%   0.143 AU:3    +
   17    35  0   0.0%   0.163 UA:3    +
   46    56  0   0.0%   0.120 GC:3    +
   19    39  0   0.0%   0.416 CG:3    +
   16    39  0   0.0%   0.345 UG:3    +
    4     9  0   0.0%   0.008 AU:3    +
    3    10  0   0.0%   0.008 UA:3    +
   43    66  0   0.0%   0.248 AU:3    +
   51    82  0   0.0%   0.965 GC:3    +
   15    40  0   0.0%   0.552 UA:3    +
   10    18  0   0.0%   0.845 AU:3    +
   25    34  0   0.0%   0.702 CG:3    +
    4    18  0   0.0%   0.219 AU:3    +
    5    45  0   0.0%   0.525 GC:3    +
   17    38  0   0.0%   0.187 UA:3    +
   80    89  0   0.0%   0.185 GU:3    +
    3    73  0   0.0%   0.173 UA:3    +
   32    55  0   0.0%   0.255 GC:3    +
    5    95  0   0.0%   0.576 GC:3    +
    5    16  0   0.0%   0.428 GU:3    +
    5    18  0   0.0%   0.325 GU:3    +
   27    33  0   0.0%   0.103 GC:3    +
   31    56  0   0.0%   0.287 GC:3    +
    4    17  0   0.0%   0.213 AU:3    +
    6    44  0   0.0%   0.506 GU:3    +
   81    88  0   0.0%   0.114 AU:3    +
   18    34  0   0.0%   0.275 UG:3    +
    9    31  0   0.0%   0.010 UG:3    +
   42    67  0   0.0%   0.253 GU:3    +
    8    32  0   0.0%   0.016 CG:3    +
   10    30  0   0.0%   0.601 AU:3    +
   79    90  0   0.0%   0.160 AU:3    +
   28    89  0   0.0%   0.033 AU:3    +
   87    91  0   0.0%   0.339 CG:3    +
   47    86  0   0.0%   0.630 UA:3    +
    1    94  0   0.0%   0.043 AU:3    +
    9    93  0   0.0%   0.041 UA:3    +
    3    74  0   0.0%   0.175 UA:3    +
    5    57  0   0.0%   0.529 GC:3    +
    6    56  0   0.0%   0.545 GC:3    +
    5    50  0   0.0%   0.526 GC:3    +
   46    57  0   0.0%   0.117 GC:3    +
   27    90  0   0.0%   0.047 GU:3    +
   29    88  0   0.0%   0.041 AU:3    +
   10    92  0   0.0%   0.664 AU:3    +
   86    92  0   0.0%   0.305 AU:3    +
   15    35  0   0.0%   0.525 UA:3    +
   12    39  0   0.0%   0.117 CG:3    +
   13    38  0   0.0%   0.278 UA:3    +
   39    45  0   0.0%   0.170 GC:3    +
   11    29  0   0.0%   0.080 UA:3    +
    8    42  0   0.0%   0.017 CG:3    +
   11    40  0   0.0%   0.086 UA:3    +
    9    41  0   0.0%   0.010 UA:3    +
   16    35  0   0.0%   0.328 UA:3    +
    6    20  0   0.0%   0.667 GC:3    +
    6    15  0   0.0%   0.504 GU:3    +
   14    27  0   0.0%   0.243 CG:3    +
   83    91  0   0.0%   0.260 CG:3    +
   13    28  0   0.0%   0.275 UA:3    +
    6    85  0   0.0%   0.565 GC:3    +
    8    49  0   0.0%   0.033 CG:3    +
   26    34  0   0.0%   0.530 UG:3    +
   14    36  0   0.0%   0.237 CG:3    +
   17    34  0   0.0%   0.161 UG:3    +
   33    51  0   0.0%   0.089 CG:3    +
   40    44  0   0.0%   0.175 AU:3    +
   37    46  0   0.0%   0.029 CG:3    +
   34    50  0   0.0%   0.519 GC:3    +
   36    47  0   0.0%   0.175 GU:3    +
   44    61  0   0.0%   0.064 UA:3    +
    7    92  0   0.0%   0.538 AU:3    +
   20    31  0   0.0%   0.193 CG:3    +
    4    94  0   0.0%   0.561 AU:3    +
   35    48  0   0.0%   0.150 AU:3    +
   19    32  0   0.0%   0.205 CG:3    +
   69    80  0   0.0%   0.172 CG:3    +
   70    79  0   0.0%   0.228 UA:3    +
    4    90  0   0.0%   0.544 AU:3    +
   31    87  0   0.0%   0.368 GC:3    +
   54    59  0   0.0%   0.278 AU:3    +
   16    34  0   0.0%   0.330 UG:3    +
   14    34  0   0.0%   0.247 CG:3    +
    2    27  0   0.0%   0.020 CG:3    +
    8    91  0   0.0%   0.079 CG:3    +
    8    51  0   0.0%   0.038 CG:3    +
    5    21  0   0.0%   0.800 GU:3    +
   77    89  0   0.0%   0.082 AU:3    +
    6    33  0   0.0%   0.502 GC:3    +
   13    35  0   0.0%   0.281 UA:3    +
    3    35  0   0.0%   0.163 UA:3    +
    1    17  0   0.0%   0.005 AU:3    +
   84    90  0   0.0%   0.115 GU:3    +
   68    81  0   0.0%   0.163 UA:3    +
    7    52  0   0.0%   0.503 AU:3    +
   41    68  0   0.0%   0.228 AU:3    +
   71    92  0   0.0%   0.232 GU:3    +
   72    91  0   0.0%   0.191 CG:3    +
    5    89  0   0.0%   0.578 GU:3    +
   79    89  0   0.0%   0.161 AU:3    +
    6    94  0   0.0%   0.581 GU:3    +
   73    90  0   0.0%   0.128 AU:3    +
   78    90  0   0.0%   0.119 AU:3    +
    5    75  0   0.0%   0.529 GC:3    +
   52    61  0   0.0%   0.502 UA:3    +
    3    91  0   0.0%   0.204 UG:3    +
   75    80  0   0.0%   0.266 CG:3    +
    6    90  0   0.0%   0.578 GU:3    +
   34    45  0   0.0%   0.530 GC:3    +
   58    66  0   0.0%   0.565 AU:3    +
   70    93  0   0.0%   0.190 UA:3    +
   35    44  0   0.0%   0.173 AU:3    +
   78    88  0   0.0%   0.051 AU:3    +
   35    52  0   0.0%   0.152 AU:3    +
   80    88  0   0.0%   0.186 GU:3    +
   17    42  0   0.0%   0.420 UG:3    +
   72    84  0   0.0%   0.214 CG:3    +
   71    85  0   0.0%   0.231 GC:3    +
   11    46  0   0.0%   0.121 UG:3    +
   10    47  0   0.0%   0.633 AU:3    +
   31    75  0   0.0%   0.301 GC:3    +
   12    46  0   0.0%   0.152 CG:3    +
    7    89  0   0.0%   0.505 AU:3    +
    4    11  0   0.0%   0.005 AU:3    +
   18    41  0   0.0%   0.536 UA:3    +
    1    16  0   0.0%   0.003 AU:3    +
    4    47  0   0.0%   0.519 AU:3    +
   10    52  0   0.0%   0.628 AU:3    +
    6    88  0   0.0%   0.595 GU:3    +
    9    49  0   0.0%   0.012 UG:3    +
    9    53  0   0.0%   0.015 UA:3    +
    5    56  0   0.0%   0.525 GC:3    +
    6    55  0   0.0%   0.540 GC:3    +
   10    48  0   0.0%   0.631 AU:3    +
   34    55  0   0.0%   0.520 GC:3    +
   11    51  0   0.0%   0.112 UG:3    +
    2     6  0   0.0%   0.002 CG:3    +
   16    43  0   0.0%   0.563 UA:3    +
   35    92  0   0.0%   0.182 AU:3    +
   26    91  0   0.0%   0.090 UG:3    +
   70    86  0   0.0%   0.189 UA:3    +
    6    23  0   0.0%   0.487 GC:3    +
    2    84  0   0.0%   0.036 CG:3    +
    3    51  0   0.0%   0.167 UG:3    +
   74    89  0   0.0%   0.131 AU:3    +
    1    21  0   0.0%   0.009 AU:3    +
    5    24  0   0.0%   0.506 GC:3    +
   48    64  0   0.0%   1.004 UA:3    +
   75    84  0   0.0%   0.257 CG:3    +
   12    27  0   0.0%   0.120 CG:3    +
   47    53  0   0.0%   0.037 UA:3    +
   22    83  0   0.0%   0.269 GC:3    +
   26    80  0   0.0%   0.117 UG:3    +
   76    80  0   0.0%   0.127 CG:3    +
   33    46  0   0.0%   0.096 CG:3    +
   16    38  0   0.0%   0.337 UA:3    +
    5    11  0   0.0%   0.003 GU:3    +
   11    93  0   0.0%   0.135 UA:3    +
   10    94  0   0.0%   0.630 AU:3    +
   20    27  0   0.0%   0.202 CG:3    +
    2    32  0   0.0%   0.020 CG:3    +
   16    36  0   0.0%   0.320 UG:3    +
    3    34  0   0.0%   0.166 UG:3    +
   58    67  0   0.0%   0.577 AU:3    +
   32    82  0   0.0%   0.328 GC:3    +
   31    83  0   0.0%   0.360 GC:3    +
   15    39  0   0.0%   0.552 UG:3    +
   44    77  0   0.0%   0.798 UA:3    +
   27    82  0   0.0%   0.054 GC:3    +
   54    68  0   0.0%   0.181 AU:3    +
   22    72  0   0.0%   0.253 GC:3    +
   23    71  0   0.0%   0.168 CG:3    +
   15    78  0   0.0%   0.653 UA:3    +
   59    63  0   0.0%   0.642 UA:3    +
    3    31  0   0.0%   0.160 UG:3    +
   21    73  0   0.0%   0.720 UA:3    +
   33    80  0   0.0%   0.144 CG:3    +
   18    73  0   0.0%   0.408 UA:3    +
   28    90  0   0.0%   0.024 AU:3    +
   51    68  0   0.0%   0.899 GU:3    +
   15    77  0   0.0%   0.652 UA:3    +
   52    64  0   0.0%   0.458 UA:3    +
    7    48  0   0.0%   0.504 AU:3    +
   16    77  0   0.0%   0.440 UA:3    +
   84    89  0   0.0%   0.120 GU:3    +
    5    92  0   0.0%   0.609 GU:3    +
   29    89  0   0.0%   0.030 AU:3    +
   34    92  0   0.0%   0.600 GU:3    +
   17    74  0   0.0%   0.284 UA:3    +
   21    93  0   0.0%   0.751 UA:3    +
   26    35  0   0.0%   0.153 UA:3    +
    2    31  0   0.0%   0.019 CG:3    +
   12    49  0   0.0%   0.139 CG:3    +
   11    28  0   0.0%   0.076 UA:3    +
   12    84  0   0.0%   0.155 CG:3    +
    6    92  0   0.0%   0.615 GU:3    +
   20    32  0   0.0%   0.193 CG:3    +
    2    49  0   0.0%   0.026 CG:3    +
   18    77  0   0.0%   0.425 UA:3    +
   17    78  0   0.0%   0.323 UA:3    +
   21    31  0   0.0%   0.305 UG:3    +
   41    47  0   0.0%   0.162 AU:3    +
   37    51  0   0.0%   0.032 CG:3    +
   59    74  0   0.0%   0.333 UA:3    +
   11    91  0   0.0%   0.143 UG:3    +
   26    32  0   0.0%   0.266 UG:3    +
   36    52  0   0.0%   0.187 GU:3    +
   34    72  0   0.0%   0.517 GC:3    +
   76    84  0   0.0%   0.118 CG:3    +
   45    91  0   0.0%   0.327 CG:3    +
    9    84  0   0.0%   0.028 UG:3    +
   32    47  0   0.0%   0.263 GU:3    +
   45    80  0   0.0%   0.360 CG:3    +
   17    73  0   0.0%   0.283 UA:3    +
   33    91  0   0.0%   0.115 CG:3    +
   11    77  0   0.0%   0.106 UA:3    +
   37    91  0   0.0%   0.095 CG:3    +
   46    90  0   0.0%   0.595 GU:3    +
   27    95  0   0.0%   0.048 GC:3    +
   51    65  0   0.0%   0.930 GU:3    +
   32    52  0   0.0%   0.258 GU:3    +
   81    90  0   0.0%   0.098 AU:3    +
   36    92  0   0.0%   0.258 GU:3    +
    3    49  0   0.0%   0.162 UG:3    +
   30    84  0   0.0%   0.101 UG:3    +
   40    47  0   0.0%   0.162 AU:3    +
   38    90  0   0.0%   0.193 AU:3    +
   30    93  0   0.0%   0.082 UA:3    +
   32    92  0   0.0%   0.361 GU:3    +
    1    26  0   0.0%   0.008 AU:3    +
   40    48  0   0.0%   0.162 AU:3    +
   32    76  0   0.0%   0.365 GC:3    +
   45    49  0   0.0%   0.042 CG:3    +
    6    89  0   0.0%   0.583 GU:3    +
   16    74  0   0.0%   0.440 UA:3    +
   44    81  0   0.0%   0.771 UA:3    +
    7    88  0   0.0%   0.514 AU:3    +
   19    80  0   0.0%   0.323 CG:3    +
   23    31  0   0.0%   0.011 CG:3    +
   28    94  0   0.0%   0.029 AU:3    +
   23    91  0   0.0%   0.226 CG:3    +
   22    92  0   0.0%   0.327 GU:3    +
   30    35  0   0.0%   0.134 UA:3    +
   34    90  0   0.0%   0.560 GU:3    +
   17    93  0   0.0%   0.320 UA:3    +
   79    94  0   0.0%   0.183 AU:3    +
   29    94  0   0.0%   0.027 AU:3    +
    4    48  0   0.0%   0.518 AU:3    +
   10    21  0   0.0%   0.890 AU:3    +
   18    93  0   0.0%   0.426 UA:3    +
   52    79  0   0.0%   0.188 UA:3    +
   18    81  0   0.0%   0.436 UA:3    +
   79    92  0   0.0%   0.324 AU:3    +
   39    89  0   0.0%   0.209 GU:3    +
   16    73  0   0.0%   0.440 UA:3    +
   14    31  0   0.0%   0.230 CG:3    +
   53    65  0   0.0%   0.137 AU:3    +
   37    42  0   0.0%   0.148 CG:3    +
   42    87  0   0.0%   0.224 GC:3    +
   31    92  0   0.0%   0.389 GU:3    +
    5    94  0   0.0%   0.573 GU:3    +
    2    36  0   0.0%   0.025 CG:3    +
   88    93  0   0.0%   0.091 UA:3    +
   52    63  0   0.0%   0.558 UA:3    +
   44    53  0   0.0%   0.047 UA:3    +
   16    79  0   0.0%   0.504 UA:3    +
   35    89  0   0.0%   0.148 AU:3    +
   19    42  0   0.0%   0.416 CG:3    +
   20    80  0   0.0%   0.353 CG:3    +
    6    76  0   0.0%   0.550 GC:3    +
    3    78  0   0.0%   0.171 UA:3    +
   27    83  0   0.0%   0.054 GC:3    +
   23    27  0   0.0%   0.022 CG:3    +
    1    15  0   0.0%   0.001 AU:3    +
   17    28  0   0.0%   0.140 UA:3    +
   41    65  0   0.0%   0.133 AU:3    +
   25    91  0   0.0%   0.255 CG:3    +
   15    74  0   0.0%   0.653 UA:3    +
   18    74  0   0.0%   0.407 UA:3    +
   52    80  0   0.0%   0.192 UG:3    +
   15    36  0   0.0%   0.517 UG:3    +
   16    93  0   0.0%   0.481 UA:3    +
   18    27  0   0.0%   0.263 UG:3    +
   13    32  0   0.0%   0.274 UG:3    +
   46    88  0   0.0%   0.612 GU:3    +
   18    43  0   0.0%   0.529 UA:3    +
   24    80  0   0.0%   0.308 CG:3    +
   51    67  0   0.0%   0.906 GU:3    +
    4    30  0   0.0%   0.517 AU:3    +
   41    88  0   0.0%   0.208 AU:3    +
   21    79  0   0.0%   0.761 UA:3    +
   51    75  0   0.0%   1.138 GC:3    +
   40    88  0   0.0%   0.201 AU:3    +
   53    70  0   0.0%   0.223 AU:3    +
    5    47  0   0.0%   0.521 GU:3    +
   52    74  0   0.0%   0.242 UA:3    +
    9    42  0   0.0%   0.009 UG:3    +
    3    86  0   0.0%   0.176 UA:3    +
   22    30  0   0.0%   0.172 GU:3    +
    5    90  0   0.0%   0.570 GU:3    +
   16    29  0   0.0%   0.315 UA:3    +
   17    40  0   0.0%   0.402 UA:3    +
    5    69  0   0.0%   0.526 GC:3    +
   80    94  0   0.0%   0.200 GU:3    +
    4    70  0   0.0%   0.523 AU:3    +
   31    48  0   0.0%   0.291 GU:3    +
   81    89  0   0.0%   0.105 AU:3    +
   27    85  0   0.0%   0.070 GC:3    +
    5    48  0   0.0%   0.521 GU:3    +
    5    85  0   0.0%   0.546 GC:3    +
    5     9  0   0.0%   0.003 GU:3    +
    6    68  0   0.0%   0.540 GU:3    +
   38    47  0   0.0%   0.153 AU:3    +
   39    48  0   0.0%   0.184 GU:3    +
   55    80  0   0.0%   0.349 CG:3    +
   80    90  0   0.0%   0.176 GU:3    +
   34    94  0   0.0%   0.565 GU:3    +
   17    79  0   0.0%   0.343 UA:3    +
   15    93  0   0.0%   0.695 UA:3    +
   77    92  0   0.0%   0.327 AU:3    +
   30    78  0   0.0%   0.083 UA:3    +
   63    67  0   0.0%   0.517 AU:3    +
   16    80  0   0.0%   0.507 UG:3    +
   44    93  0   0.0%   0.756 UA:3    +
    9    22  0   0.0%   0.173 UG:3    +
   21    74  0   0.0%   0.720 UA:3    +
   43    94  0   0.0%   0.214 AU:3    +
    7    67  0   0.0%   0.493 AU:3    +
   51    72  0   0.0%   1.096 GC:3    +
   61    68  0   0.0%   0.447 AU:3    +
   18    78  0   0.0%   0.428 UA:3    +
   20    91  0   0.0%   0.336 CG:3    +
   24    84  0   0.0%   0.302 CG:3    +
   40    89  0   0.0%   0.191 AU:3    +
    1    90  0   0.0%   0.012 AU:3    +
   26    86  0   0.0%   0.072 UA:3    +
    3    71  0   0.0%   0.167 UG:3    +
   15    81  0   0.0%   0.706 UA:3    +
   46    52  0   0.0%   0.047 GU:3    +
   62    67  0   0.0%   0.588 GU:3    +
   16    41  0   0.0%   0.560 UA:3    +
   42    95  0   0.0%   0.222 GC:3    +
    3    77  0   0.0%   0.171 UA:3    +
    9    86  0   0.0%   0.018 UA:3    +
    1     9  0   0.0%   0.000 AU:3    +
   13    93  0   0.0%   0.448 UA:3    +
   18    39  0   0.0%   0.532 UG:3    +
   27    92  0   0.0%   0.085 GU:3    +
   71    95  0   0.0%   0.205 GC:3    +
   26    93  0   0.0%   0.080 UA:3    +
    6    83  0   0.0%   0.575 GC:3    +
   21    29  0   0.0%   0.302 UA:3    +
   52    62  0   0.0%   0.607 UG:3    +
   12    36  0   0.0%   0.112 CG:3    +
   26    78  0   0.0%   0.060 UA:3    +
   36    85  0   0.0%   0.247 GC:3    +
   37    84  0   0.0%   0.109 CG:3    +
   36    75  0   0.0%   0.297 GC:3    +
    3     7  0   0.0%   0.000 UA:3    +
   18    36  0   0.0%   0.309 UG:3    +
   52    71  0   0.0%   0.276 UG:3    +
   61    66  0   0.0%   0.449 AU:3    +
   51    66  0   0.0%   0.911 GU:3    +
   62    68  0   0.0%   0.574 GU:3    +
   30    86  0   0.0%   0.073 UA:3    +
   11    84  0   0.0%   0.124 UG:3    +
   49    76  0   0.0%   0.818 GC:3    +
   21    84  0   0.0%   0.727 UG:3    +
    3    84  0   0.0%   0.176 UG:3    +
   65    91  0   0.0%   0.119 UG:3    +
   48    77  0   0.0%   0.848 UA:3    +
   26    84  0   0.0%   0.099 UG:3    +
   64    92  0   0.0%   0.382 AU:3    +
   39    90  0   0.0%   0.201 GU:3    +
    3    28  0   0.0%   0.158 UA:3    +
   46    76  0   0.0%   0.643 GC:3    +
   12    62  0   0.0%   0.135 CG:3    +
   11    78  0   0.0%   0.106 UA:3    +
   28    88  0   0.0%   0.038 AU:3    +
    3    80  0   0.0%   0.180 UG:3    +
   12    22  0   0.0%   0.275 CG:3    +
   64    68  0   0.0%   0.455 AU:3    +
   11    63  0   0.0%   0.105 UA:3    +
    6    47  0   0.0%   0.522 GU:3    +
   12    91  0   0.0%   0.172 CG:3    +
   27    89  0   0.0%   0.049 GU:3    +
   49    83  0   0.0%   0.780 GC:3    +
    9    43  0   0.0%   0.007 UA:3    +
   84    94  0   0.0%   0.171 GU:3    +
   33    49  0   0.0%   0.082 CG:3    +
   44    51  0   0.0%   0.050 UG:3    +
   63    70  0   0.0%   0.644 AU:3    +
   91    95  0   0.0%   0.287 GC:3    +
   15    80  0   0.0%   0.720 UG:3    +
    5    82  0   0.0%   0.531 GC:3    +
   31    95  0   0.0%   0.352 GC:3    +
    9    73  0   0.0%   0.011 UA:3    +
   43    67  0   0.0%   0.241 AU:3    +
   16    28  0   0.0%   0.315 UA:3    +
   78    94  0   0.0%   0.145 AU:3    +
   52    93  0   0.0%   0.153 UA:3    +
   17    27  0   0.0%   0.153 UG:3    +
   46    85  0   0.0%   0.620 GC:3    +
   12    51  0   0.0%   0.141 CG:3    +
    3    58  0   0.0%   0.166 UA:3    +
   14    22  0   0.0%   0.394 CG:3    +
   25    84  0   0.0%   0.266 CG:3    +
   72    80  0   0.0%   0.221 CG:3    +
   39    68  0   0.0%   0.156 GU:3    +
   15    73  0   0.0%   0.653 UA:3    +
   61    67  0   0.0%   0.460 AU:3    +
   43    52  0   0.0%   0.143 AU:3    +
   47    78  0   0.0%   0.635 UA:3    +
   53    92  0   0.0%   0.154 AU:3    +
   51    94  0   0.0%   0.976 GU:3    +
   43    90  0   0.0%   0.196 AU:3    +
   14    91  0   0.0%   0.416 CG:3    +
   74    90  0   0.0%   0.124 AU:3    +
    9    46  0   0.0%   0.022 UG:3    +
   47    84  0   0.0%   0.656 UG:3    +
   24    62  0   0.0%   0.261 CG:3    +
   31    85  0   0.0%   0.375 GC:3    +
    9    74  0   0.0%   0.011 UA:3    +
   32    50  0   0.0%   0.253 GC:3    +
   52    78  0   0.0%   0.151 UA:3    +
    5    72  0   0.0%   0.526 GC:3    +
    3    81  0   0.0%   0.176 UA:3    +
   58    68  0   0.0%   0.563 AU:3    +
   78    92  0   0.0%   0.287 AU:3    +
   38    44  0   0.0%   0.174 AU:3    +
   15    29  0   0.0%   0.510 UA:3    +
    7    21  0   0.0%   0.753 AU:3    +
   62    66  0   0.0%   0.576 GU:3    +
   34    48  0   0.0%   0.522 GU:3    +
   30    51  0   0.0%   0.009 UG:3    +
   16    91  0   0.0%   0.489 UG:3    +
   29    52  0   0.0%   0.017 AU:3    +
   19    91  0   0.0%   0.306 CG:3    +
   22    75  0   0.0%   0.258 GC:3    +
   24    91  0   0.0%   0.291 CG:3    +
   15    42  0   0.0%   0.782 UG:3    +
   31    55  0   0.0%   0.278 GC:3    +
   44    91  0   0.0%   0.765 UG:3    +
   54    70  0   0.0%   0.225 AU:3    +
   27    87  0   0.0%   0.059 GC:3    +
   21    28  0   0.0%   0.303 UA:3    +
   43    92  0   0.0%   0.237 AU:3    +
   47    51  0   0.0%   0.049 UG:3    +
   32    94  0   0.0%   0.326 GU:3    +
   31    50  0   0.0%   0.284 GC:3    +
   84    95  0   0.0%   0.115 GC:3    +
   35    47  0   0.0%   0.149 AU:3    +
   30    79  0   0.0%   0.120 UA:3    +
   13    73  0   0.0%   0.401 UA:3    +
   30    49  0   0.0%   0.006 UG:3    +
   13    61  0   0.0%   0.398 UA:3    +
   39    82  0   0.0%   0.211 GC:3    +
   48    84  0   0.0%   0.830 UG:3    +
    5    55  0   0.0%   0.523 GC:3    +
   71    76  0   0.0%   0.239 GC:3    +
   80    92  0   0.0%   0.342 GU:3    +
   47    81  0   0.0%   0.647 UA:3    +
   46    89  0   0.0%   0.602 GU:3    +
   39    50  0   0.0%   0.177 GC:3    +
   40    66  0   0.0%   0.134 AU:3    +
    5    52  0   0.0%   0.531 GU:3    +
   25    36  0   0.0%   0.348 CG:3    +
   48    80  0   0.0%   0.849 UG:3    +
    9    78  0   0.0%   0.009 UA:3    +
   17    80  0   0.0%   0.345 UG:3    +
   17    22  0   0.0%   0.307 UG:3    +
    1    88  0   0.0%   0.011 AU:3    +
   17    91  0   0.0%   0.328 UG:3    +
   13    74  0   0.0%   0.400 UA:3    +
   77    88  0   0.0%   0.088 AU:3    +
   46    82  0   0.0%   0.600 GC:3    +
   49    82  0   0.0%   0.775 GC:3    +
    9    35  0   0.0%   0.006 UA:3    +
   50    80  0   0.0%   0.216 CG:3    +
   45    84  0   0.0%   0.340 CG:3    +
   89    93  0   0.0%   0.084 UA:3    +
   26    38  0   0.0%   0.156 UA:3    +
   27    37  0   0.0%   0.031 GC:3    +
   25    39  0   0.0%   0.337 CG:3    +
   43    68  0   0.0%   0.233 AU:3    +
   70    77  0   0.0%   0.227 UA:3    +
   13    78  0   0.0%   0.399 UA:3    +
    1    11  0   0.0%   0.000 AU:3    +
    1    30  0   0.0%   0.008 AU:3    +
   42    57  0   0.0%   0.155 GC:3    +
   56    80  0   0.0%   0.491 CG:3    +
   11    42  0   0.0%   0.085 UG:3    +
   61    90  0   0.0%   0.430 AU:3    +
   36    82  0   0.0%   0.227 GC:3    +
   60    91  0   0.0%   0.670 CG:3    +
   42    47  0   0.0%   0.169 GU:3    +
   62    89  0   0.0%   0.570 GU:3    +
   16    81  0   0.0%   0.491 UA:3    +
   84    88  0   0.0%   0.126 GU:3    +
   77    94  0   0.0%   0.185 AU:3    +
   46    66  0   0.0%   0.528 GU:3    +
    2    42  0   0.0%   0.025 CG:3    +
   10    90  0   0.0%   0.620 AU:3    +
   63    88  0   0.0%   0.504 AU:3    +
   22    82  0   0.0%   0.267 GC:3    +
   66    73  0   0.0%   0.193 UA:3    +
    2    71  0   0.0%   0.029 CG:3    +
   14    46  0   0.0%   0.380 CG:3    +
    5    33  0   0.0%   0.518 GC:3    +
   42    69  0   0.0%   0.241 GC:3    +
   44    78  0   0.0%   0.758 UA:3    +
   22    95  0   0.0%   0.290 GC:3    +
   74    88  0   0.0%   0.140 AU:3    +
   73    89  0   0.0%   0.133 AU:3    +
   11    73  0   0.0%   0.107 UA:3    +
   18    79  0   0.0%   0.448 UA:3    +
   29    92  0   0.0%   0.061 AU:3    +
    3    41  0   0.0%   0.160 UA:3    +
   64    70  0   0.0%   0.499 AU:3    +
   58    70  0   0.0%   0.607 AU:3    +
   10    89  0   0.0%   0.628 AU:3    +
    5    44  0   0.0%   0.518 GU:3    +
    8    34  0   0.0%   0.018 CG:3    +
   49    92  0   0.0%   0.817 GU:3    +
    1    89  0   0.0%   0.011 AU:3    +
   11    86  0   0.0%   0.114 UA:3    +
   50    91  0   0.0%   0.194 CG:3    +
   46    83  0   0.0%   0.605 GC:3    +
   11    74  0   0.0%   0.107 UA:3    +
   23    80  0   0.0%   0.213 CG:3    +
   18    42  0   0.0%   0.542 UG:3    +
   65    74  0   0.0%   0.203 UA:3    +
   86    94  0   0.0%   0.128 AU:3    +
   12    32  0   0.0%   0.109 CG:3    +
   34    82  0   0.0%   0.566 GC:3    +
   17    43  0   0.0%   0.405 UA:3    +
   11    41  0   0.0%   0.085 UA:3    +
   68    73  0   0.0%   0.238 UA:3    +
    2    46  0   0.0%   0.025 CG:3    +
   67    74  0   0.0%   0.201 UA:3    +
   43    48  0   0.0%   0.154 AU:3    +
   15    34  0   0.0%   0.526 UG:3    +
   41    48  0   0.0%   0.161 AU:3    +
   19    31  0   0.0%   0.201 CG:3    +
   44    54  0   0.0%   0.042 UA:3    +
   27    57  0   0.0%   0.025 GC:3    +
   31    37  0   0.0%   0.285 GC:3    +
    8    31  0   0.0%   0.010 CG:3    +
   59    77  0   0.0%   0.281 UA:3    +
    3    54  0   0.0%   0.166 UA:3    +
   13    31  0   0.0%   0.274 UG:3    +
   30    38  0   0.0%   0.137 UA:3    +
   29    90  0   0.0%   0.022 AU:3    +
   41    70  0   0.0%   0.225 AU:3    +
    9    91  0   0.0%   0.046 UG:3    +
   57    71  0   0.0%   0.623 CG:3    +
   67    73  0   0.0%   0.204 UA:3    +
   34    87  0   0.0%   0.576 GC:3    +
   25    42  0   0.0%   0.334 CG:3    +
   26    41  0   0.0%   0.154 UA:3    +
    1    13  0   0.0%   0.000 AU:3    +
   30    91  0   0.0%   0.090 UG:3    +
   28    92  0   0.0%   0.063 AU:3    +
   42    68  0   0.0%   0.243 GU:3    +
   44    79  0   0.0%   0.794 UA:3    +
   15    22  0   0.0%   0.678 UG:3    +
   26    58  0   0.0%   0.022 UA:3    +
   48    93  0   0.0%   0.813 UA:3    +
    9    81  0   0.0%   0.017 UA:3    +
   18    32  0   0.0%   0.261 UG:3    +
    2    62  0   0.0%   0.029 CG:3    +
    4    44  0   0.0%   0.516 AU:3    +
    7    90  0   0.0%   0.496 AU:3    +
   15    91  0   0.0%   0.704 UG:3    +
    6    72  0   0.0%   0.540 GC:3    +
   61    65  0   0.0%   0.463 AU:3    +
    1    47  0   0.0%   0.008 AU:3    +
   15    32  0   0.0%   0.520 UG:3    +
   16    31  0   0.0%   0.321 UG:3    +
   13    77  0   0.0%   0.399 UA:3    +
   66    74  0   0.0%   0.189 UA:3    +
    3    61  0   0.0%   0.166 UA:3    +
   18    29  0   0.0%   0.260 UA:3    +
   22    87  0   0.0%   0.304 GC:3    +
   30    73  0   0.0%   0.020 UA:3    +
   22    26  0   0.0%   0.183 GU:3    +
   21    36  0   0.0%   0.854 UG:3    +
   66    71  0   0.0%   0.254 UG:3    +
   16    22  0   0.0%   0.482 UG:3    +
    6    21  0   0.0%   0.779 GU:3    +
    4    59  0   0.0%   0.522 AU:3    +
   20    84  0   0.0%   0.318 CG:3    +
    9    80  0   0.0%   0.031 UG:3    +
   16    27  0   0.0%   0.328 UG:3    +
   22    65  0   0.0%   0.252 GU:3    +
   62    87  0   0.0%   0.582 GC:3    +
   12    31  0   0.0%   0.109 CG:3    +
   15    28  0   0.0%   0.510 UA:3    +
   65    84  0   0.0%   0.144 UG:3    +
   39    44  0   0.0%   0.183 GU:3    +
   11    79  0   0.0%   0.118 UA:3    +
   57    80  0   0.0%   0.538 CG:3    +
   71    75  0   0.0%   0.378 GC:3    +
   13    34  0   0.0%   0.283 UG:3    +
   14    84  0   0.0%   0.398 CG:3    +
   62    70  0   0.0%   0.720 GU:3    +
   42    56  0   0.0%   0.158 GC:3    +
   44    49  0   0.0%   0.058 UG:3    +
   61    88  0   0.0%   0.448 AU:3    +
    3    29  0   0.0%   0.158 UA:3    +
   27    50  0   0.0%   0.030 GC:3    +
   52    77  0   0.0%   0.190 UA:3    +
   22    94  0   0.0%   0.292 GU:3    +
   35    88  0   0.0%   0.158 AU:3    +
   59    93  0   0.0%   0.239 UA:3    +
   43    47  0   0.0%   0.155 AU:3    +
   26    73  0   0.0%   0.040 UA:3    +
   17    81  0   0.0%   0.330 UA:3    +
   18    80  0   0.0%   0.450 UG:3    +
   58    94  0   0.0%   0.515 AU:3    +
   65    71  0   0.0%   0.269 UG:3    +
   10    65  0   0.0%   0.617 AU:3    +
   21    78  0   0.0%   0.740 UA:3    +
   42    83  0   0.0%   0.221 GC:3    +
   42    48  0   0.0%   0.168 GU:3    +
   57    91  0   0.0%   0.505 CG:3    +
   34    85  0   0.0%   0.590 GC:3    +
   42    50  0   0.0%   0.162 GC:3    +
    6    69  0   0.0%   0.540 GC:3    +
   67    79  0   0.0%   0.146 UA:3    +
   34    89  0   0.0%   0.567 GU:3    +
...((((..........))))(((......)))..((((((((((................).)))))))))...(((((......)))))....
