3 sequence; length of alignment 68
alifold output
   19    28  0  80.8%   0.622 GC:3   
   18    29  0  80.5%   0.592 UA:3   
   20    27  0  80.4%   0.624 CG:3   
   12    33  0  78.7%   0.675 GC:3   
   13    32  0  78.5%   0.684 CG:3   
   11    34  0  78.4%   0.589 UA:3   
   17    30  0  77.0%   0.633 AU:3   
   10    35  0  76.9%   0.617 CG:3   
   42    54  0  64.7%   1.183 GC:3   
   39    57  0  64.6%   1.780 GC:3   
   40    56  0  64.3%   2.000 UG:3   
   38    58  0  64.1%   2.007 UA:3   
   37    59  0  63.3%   1.757 CG:3   
    4    65  0  62.4%   1.313 CG:3   
    5    64  0  61.8%   1.204 GC:3   
   43    53  0  59.9%   1.045 AU:3   
    3    66  0  58.7%   1.060 AU:3   
    8    61  0  46.9%   1.511 GC:3   
   45    51  0  20.9%   1.374 UA:3    +
   11    58  0  16.0%   1.169 UA:3    +
   12    57  0  16.0%   1.210 GC:3    +
   10    59  0  16.0%   1.151 CG:3    +
   13    56  0  15.9%   1.252 CG:3    +
    8    37  0  13.8%   0.841 GC:3    +
   55    61  0  13.7%   1.724 GC:3    +
   54    62  0  13.7%   1.398 CG:3    +
   56    60  0  13.3%   1.658 GC:3    +
   53    63  0  13.0%   1.311 UA:3    +
    7    38  0  13.0%   0.817 AU:3    +
   46    52  0  12.5%   1.282 GC:3    +
   24    32  0   9.7%   0.913 CG:3    +
   25    31  0   9.6%   0.876 GC:3    +
   23    33  0   9.6%   0.892 GC:3    +
   52    65  0   9.1%   1.417 CG:3    +
   51    66  0   8.4%   1.409 AU:3    +
   26    30  0   7.3%   0.809 AU:3    +
   21    25  0   6.5%   0.545 CG:3    +
    4    41  0   6.5%   0.587 CG:3    +
   37    47  0   5.4%   1.300 CG:3    +
   38    46  0   5.3%   1.412 UG:3    +
   36    48  0   5.2%   0.900 AU:3    +
   20    47  0   5.2%   0.947 CG:3    +
    5    40  0   5.2%   0.538 GU:3    +
   22    41  0   5.1%   0.782 CG:3    +
   23    40  0   5.1%   1.030 GU:3    +
   24    39  0   5.1%   0.826 CG:3    +
   19    48  0   5.1%   0.963 GU:3    +
   39    45  0   4.4%   1.094 GU:3    +
   35    49  0   4.1%   1.044 GU:3    +
   28    35  0   4.0%   0.904 CG:3    +
   21    46  0   4.0%   0.828 CG:3    +
   21    42  0   3.9%   0.716 CG:3    +
   47    60  0   3.9%   1.164 GC:3    +
   46    61  0   3.9%   1.701 GC:3    +
   48    59  0   3.9%   1.571 UG:3    +
   40    44  0   3.8%   1.135 UA:3    +
   49    58  0   3.6%   1.351 UA:3    +
   25    38  0   3.2%   1.114 GU:3    +
    2    68  0   3.0%   0.440 GC:3    +
   15    55  0   3.0%   0.479 CG:3    +
   33    39  0   2.5%   1.092 CG:3    +
   32    40  0   2.5%   1.326 GU:3    +
   31    41  0   2.4%   1.000 CG:3    +
   13    19  0   2.4%   0.273 CG:3    +
   12    20  0   2.4%   0.269 GC:3    +
   45    62  0   2.1%   1.109 UG:3    +
   27    37  0   2.0%   0.774 GC:3    +
    5    61  0   2.0%   0.438 GC:3    +
   28    39  0   2.0%   0.845 CG:3    +
    4    62  0   2.0%   0.585 CG:3    +
   27    40  0   1.9%   1.007 GU:3    +
   29    38  0   1.9%   0.940 AU:3    +
   21    35  0   1.9%   0.625 CG:3    +
    4    47  0   1.6%   0.481 CG:3    +
   34    38  0   1.6%   1.019 AU:3    +
    3    48  0   1.6%   0.244 AU:3    +
   14    18  0   1.6%   0.197 AU:3    +
   15    39  0   1.6%   0.268 CG:3    +
   14    40  0   1.6%   0.518 AU:3    +
   26    38  0   1.6%   0.863 AU:3    +
    2    49  0   1.5%   0.200 GU:3    +
   13    41  0   1.5%   0.683 CG:3    +
   16    38  0   1.4%   0.491 AU:3    +
   47    52  0   1.4%   1.089 GC:3    +
   40    67  0   1.2%   1.349 UA:3    +
   41    66  0   1.2%   1.129 GU:3    +
   39    68  0   1.2%   1.220 GC:3    +
   39    64  0   1.1%   1.401 GC:3    +
   45    58  0   1.0%   1.442 UA:3    +
   40    63  0   1.0%   1.282 UA:3    +
   46    57  0   1.0%   1.466 GC:3    +
   19    37  0   1.0%   0.687 GC:3    +
   10    47  0   1.0%   0.430 CG:3    +
    9    48  0   1.0%   0.211 AU:3    +
   15    47  0   1.0%   0.360 CG:3    +
    4    42  0   1.0%   0.367 CG:3    +
   14    48  0   0.9%   0.398 AU:3    +
   35    60  0   0.9%   0.787 GC:3    +
   30    42  0   0.9%   0.807 UG:3    +
    8    49  0   0.9%   0.490 GU:3    +
    6    45  0   0.9%   0.183 AU:3    +
    4    39  0   0.9%   0.142 CG:3    +
    3    40  0   0.9%   0.123 AU:3    +
   18    44  0   0.8%   0.385 UA:3    +
   11    46  0   0.7%   0.365 UG:3    +
   35    61  0   0.7%   1.208 GC:3    +
   42    61  0   0.7%   1.199 GC:3    +
   29    45  0   0.7%   0.544 AU:3    +
   28    46  0   0.7%   0.742 CG:3    +
   31    35  0   0.7%   0.783 CG:3    +
   17    45  0   0.7%   0.394 AU:3    +
   30    36  0   0.7%   0.544 UA:3    +
   11    43  0   0.7%   0.318 UA:3    +
   22    46  0   0.7%   0.467 CG:3    +
    2    64  0   0.6%   0.177 GC:3    +
   48    55  0   0.6%   0.845 UG:3    +
   46    53  0   0.6%   1.177 GU:3    +
   21    47  0   0.6%   0.955 CG:3    +
   42    60  0   0.6%   0.732 GC:3    +
   41    61  0   0.6%   1.157 GC:3    +
   46    54  0   0.6%   1.139 GC:3    +
    6    40  0   0.6%   0.295 AU:3    +
   24    47  0   0.5%   0.853 CG:3    +
   25    54  0   0.5%   0.647 GC:3    +
   26    53  0   0.5%   0.421 AU:3    +
   27    52  0   0.5%   0.471 GC:3    +
   44    53  0   0.5%   0.679 AU:3    +
   30    44  0   0.5%   0.640 UA:3    +
   15    41  0   0.5%   0.414 CG:3    +
   24    55  0   0.5%   0.643 CG:3    +
   23    48  0   0.5%   0.833 GU:3    +
   16    40  0   0.5%   0.452 AU:3    +
    8    60  0   0.5%   0.420 GC:3    +
   26    45  0   0.5%   0.486 AU:3    +
   23    45  0   0.5%   0.588 GU:3    +
   17    48  0   0.4%   0.472 AU:3    +
   18    47  0   0.4%   0.537 UG:3    +
   47    68  0   0.4%   1.033 GC:3    +
   12    45  0   0.4%   0.435 GU:3    +
   22    35  0   0.4%   0.366 CG:3    +
   44    49  0   0.4%   0.582 AU:3    +
   48    67  0   0.4%   0.852 UA:3    +
   18    50  0   0.4%   0.398 UA:3    +
   33    41  0   0.4%   1.150 CG:3    +
   16    49  0   0.4%   0.277 AU:3    +
   34    40  0   0.4%   1.006 AU:3    +
   49    67  0   0.4%   0.619 UA:3    +
   50    66  0   0.4%   0.510 AU:3    +
   47    53  0   0.4%   1.120 GU:3    +
   19    49  0   0.3%   0.667 GU:3    +
    5    38  0   0.3%   0.072 GU:3    +
   47    54  0   0.3%   1.069 GC:3    +
   27    33  0   0.3%   0.671 GC:3    +
   28    32  0   0.3%   0.683 CG:3    +
   26    48  0   0.3%   0.700 AU:3    +
   45    55  0   0.3%   0.919 UG:3    +
   39    52  0   0.3%   0.713 GC:3    +
   40    62  0   0.3%   1.258 UG:3    +
   40    51  0   0.3%   0.877 UA:3    +
   16    53  0   0.3%   0.179 AU:3    +
   38    65  0   0.3%   1.501 UG:3    +
   18    36  0   0.3%   0.295 UA:3    +
   25    49  0   0.2%   0.731 GU:3    +
   48    56  0   0.2%   1.224 UG:3    +
   28    41  0   0.2%   0.894 CG:3    +
   19    57  0   0.2%   0.848 GC:3    +
   29    40  0   0.2%   0.857 AU:3    +
   19    52  0   0.2%   0.538 GC:3    +
   20    56  0   0.2%   0.790 CG:3    +
   15    32  0   0.2%   0.244 CG:3    +
   18    58  0   0.2%   0.699 UA:3    +
   47    57  0   0.2%   1.336 GC:3    +
   21    55  0   0.2%   0.710 CG:3    +
   30    39  0   0.2%   0.857 UG:3    +
   45    50  0   0.2%   0.415 UA:3    +
   49    55  0   0.2%   0.602 UG:3    +
   12    24  0   0.2%   0.127 GC:3    +
   13    23  0   0.2%   0.126 CG:3    +
   20    35  0   0.2%   0.510 CG:3    +
    1    45  0   0.2%   0.035 AU:3    +
   10    42  0   0.2%   0.291 CG:3    +
   13    39  0   0.2%   0.370 CG:3    +
   12    40  0   0.2%   0.552 GU:3    +
    2    66  0   0.2%   0.146 GU:3    +
   11    41  0   0.2%   0.417 UG:3    +
    5    31  0   0.2%   0.036 GC:3    +
   16    30  0   0.2%   0.051 AU:3    +
   14    38  0   0.2%   0.394 AU:3    +
    6    30  0   0.2%   0.032 AU:3    +
    4    32  0   0.2%   0.035 CG:3    +
   36    66  0   0.2%   0.575 AU:3    +
   37    65  0   0.2%   1.219 CG:3    +
   32    54  0   0.2%   0.648 GC:3    +
    8    28  0   0.2%   0.040 GC:3    +
   31    55  0   0.2%   0.562 CG:3    +
   20    42  0   0.1%   0.375 CG:3    +
   42    64  0   0.1%   1.049 GC:3    +
   18    51  0   0.1%   0.382 UA:3    +
   13    59  0   0.1%   0.987 CG:3    +
   12    60  0   0.1%   0.678 GC:3    +
   21    41  0   0.1%   0.566 CG:3    +
   32    52  0   0.1%   0.639 GC:3    +
   42    49  0   0.1%   0.590 GU:3    +
   14    30  0   0.1%   0.101 AU:3    +
   60    65  0   0.1%   1.105 CG:3    +
   43    48  0   0.1%   0.608 AU:3    +
   11    25  0   0.1%   0.027 UG:3    +
   18    34  0   0.1%   0.456 UA:3    +
   19    33  0   0.1%   0.484 GC:3    +
   32    37  0   0.1%   0.893 GC:3    +
   20    32  0   0.1%   0.502 CG:3    +
   45    65  0   0.1%   1.205 UG:3    +
   32    64  0   0.1%   0.945 GC:3    +
   44    66  0   0.1%   0.670 AU:3    +
   46    64  0   0.1%   1.338 GC:3    +
   41    52  0   0.1%   0.673 GC:3    +
   17    53  0   0.1%   0.309 AU:3    +
   31    65  0   0.1%   0.712 CG:3    +
   21    27  0   0.1%   0.382 CG:3    +
    5    54  0   0.1%   0.212 GC:3    +
   37    46  0   0.1%   0.690 CG:3    +
   41    64  0   0.1%   1.030 GC:3    +
    4    55  0   0.1%   0.364 CG:3    +
   22    39  0   0.1%   0.171 CG:3    +
    6    53  0   0.1%   0.106 AU:3    +
   20    46  0   0.1%   0.357 CG:3    +
   31    42  0   0.1%   0.628 CG:3    +
   34    53  0   0.1%   0.374 AU:3    +
   25    37  0   0.1%   0.751 GC:3    +
   24    42  0   0.1%   0.610 CG:3    +
    2    33  0   0.1%   0.018 GC:3    +
   35    52  0   0.1%   0.682 GC:3    +
   10    27  0   0.1%   0.021 CG:3    +
   23    54  0   0.1%   0.473 GC:3    +
   22    55  0   0.1%   0.369 CG:3    +
   41    54  0   0.1%   0.656 GC:3    +
   10    65  0   0.1%   0.875 CG:3    +
   39    54  0   0.1%   0.687 GC:3    +
   30    34  0   0.1%   0.634 UA:3    +
   30    43  0   0.1%   0.563 UA:3    +
    9    66  0   0.1%   0.389 AU:3    +
   11    26  0   0.1%   0.023 UA:3    +
    8    22  0   0.1%   0.017 GC:3    +
   19    54  0   0.1%   0.526 GC:3    +
   37    42  0   0.0%   0.681 CG:3    +
   59    66  0   0.0%   1.372 GU:3    +
   34    45  0   0.0%   0.514 AU:3    +
   31    62  0   0.0%   0.475 CG:3    +
   42    53  0   0.0%   0.350 GU:3    +
    2    61  0   0.0%   0.086 GC:3    +
   32    61  0   0.0%   1.032 GC:3    +
   33    46  0   0.0%   0.819 CG:3    +
   18    55  0   0.0%   0.485 UG:3    +
   40    65  0   0.0%   1.534 UG:3    +
   38    55  0   0.0%   1.023 UG:3    +
   44    48  0   0.0%   0.754 AU:3    +
   15    46  0   0.0%   0.159 CG:3    +
   30    63  0   0.0%   0.560 UA:3    +
   24    41  0   0.0%   0.842 CG:3    +
   29    48  0   0.0%   0.691 AU:3    +
   47    64  0   0.0%   1.223 GC:3    +
   43    49  0   0.0%   0.372 AU:3    +
   30    47  0   0.0%   0.955 UG:3    +
   27    48  0   0.0%   0.754 GU:3    +
   13    42  0   0.0%   0.433 CG:3    +
    6    38  0   0.0%   0.039 AU:3    +
   14    53  0   0.0%   0.209 AU:3    +
    5    52  0   0.0%   0.199 GC:3    +
   16    45  0   0.0%   0.190 AU:3    +
   31    46  0   0.0%   0.624 CG:3    +
   28    47  0   0.0%   0.864 CG:3    +
    7    45  0   0.0%   0.330 AU:3    +
   21    56  0   0.0%   0.882 CG:3    +
   42    52  0   0.0%   0.360 GC:3    +
    8    64  0   0.0%   1.057 GC:3    +
   33    62  0   0.0%   0.657 CG:3    +
   22    27  0   0.0%   0.201 CG:3    +
   13    65  0   0.0%   0.984 CG:3    +
   26    49  0   0.0%   0.479 AU:3    +
   12    66  0   0.0%   0.970 GU:3    +
   22    42  0   0.0%   0.392 CG:3    +
   55    64  0   0.0%   0.937 GC:3    +
   38    43  0   0.0%   0.728 UA:3    +
   40    55  0   0.0%   1.017 UG:3    +
   28    65  0   0.0%   0.774 CG:3    +
   54    65  0   0.0%   1.241 CG:3    +
   27    66  0   0.0%   0.737 GU:3    +
   25    52  0   0.0%   0.574 GC:3    +
   10    62  0   0.0%   0.649 CG:3    +
   48    63  0   0.0%   0.785 UA:3    +
   10    19  0   0.0%   0.009 CG:3    +
   41    49  0   0.0%   0.883 GU:3    +
   28    42  0   0.0%   0.632 CG:3    +
   11    67  0   0.0%   0.590 UA:3    +
   52    56  0   0.0%   1.024 CG:3    +
   13    55  0   0.0%   0.384 CG:3    +
   37    41  0   0.0%   0.989 CG:3    +
   23    52  0   0.0%   0.467 GC:3    +
   25    40  0   0.0%   1.021 GU:3    +
   42    48  0   0.0%   0.806 GU:3    +
   32    45  0   0.0%   0.779 GU:3    +
   10    46  0   0.0%   0.231 CG:3    +
    5    60  0   0.0%   0.207 GC:3    +
   35    54  0   0.0%   0.673 GC:3    +
   17    38  0   0.0%   0.567 AU:3    +
    9    45  0   0.0%   0.067 AU:3    +
    2    57  0   0.0%   0.078 GC:3    +
   24    46  0   0.0%   0.617 CG:3    +
   25    45  0   0.0%   0.683 GU:3    +
    6    48  0   0.0%   0.158 AU:3    +
   26    40  0   0.0%   0.752 AU:3    +
    7    40  0   0.0%   0.494 AU:3    +
   15    19  0   0.0%   0.098 CG:3    +
   40    50  0   0.0%   0.846 UA:3    +
    4     8  0   0.0%   0.005 CG:3    +
   41    53  0   0.0%   0.655 GU:3    +
   37    56  0   0.0%   0.898 CG:3    +
   38    44  0   0.0%   0.755 UA:3    +
   36    53  0   0.0%   0.276 AU:3    +
    5    49  0   0.0%   0.258 GU:3    +
   20    39  0   0.0%   0.411 CG:3    +
   19    40  0   0.0%   0.656 GU:3    +
   49    62  0   0.0%   0.664 UG:3    +
   52    59  0   0.0%   1.133 CG:3    +
   62    68  0   0.0%   0.651 GC:3    +
    9    38  0   0.0%   0.293 AU:3    +
   12    28  0   0.0%   0.117 GC:3    +
   13    27  0   0.0%   0.113 CG:3    +
    2    60  0   0.0%   0.079 GC:3    +
    1    66  0   0.0%   0.017 AU:3    +
   18    39  0   0.0%   0.388 UG:3    +
   31    39  0   0.0%   0.646 CG:3    +
   15    23  0   0.0%   0.018 CG:3    +
   53    58  0   0.0%   1.221 UA:3    +
   11    29  0   0.0%   0.019 UA:3    +
   17    40  0   0.0%   0.536 AU:3    +
    2    10  0   0.0%   0.004 GC:3    +
   61    65  0   0.0%   1.524 CG:3    +
    7    48  0   0.0%   0.343 AU:3    +
    5    10  0   0.0%   0.005 GC:3    +
    6    49  0   0.0%   0.156 AU:3    +
   17    49  0   0.0%   0.399 AU:3    +
   13    62  0   0.0%   0.759 CG:3    +
   39    66  0   0.0%   1.308 GU:3    +
    8    21  0   0.0%   0.007 GC:3    +
   12    64  0   0.0%   0.966 GC:3    +
    1    11  0   0.0%   0.003 AU:3    +
   45    63  0   0.0%   0.893 UA:3    +
   20    25  0   0.0%   0.103 CG:3    +
   45    56  0   0.0%   1.308 UG:3    +
   46    68  0   0.0%   1.078 GC:3    +
    4    46  0   0.0%   0.281 CG:3    +
   18    41  0   0.0%   0.547 UG:3    +
   32    38  0   0.0%   1.088 GU:3    +
    8    24  0   0.0%   0.012 GC:3    +
   23    28  0   0.0%   0.200 GC:3    +
    4    12  0   0.0%   0.004 CG:3    +
    5    24  0   0.0%   0.005 GC:3    +
   34    49  0   0.0%   0.469 AU:3    +
   43    66  0   0.0%   0.762 AU:3    +
   57    65  0   0.0%   1.225 CG:3    +
    4    25  0   0.0%   0.005 CG:3    +
   22    47  0   0.0%   0.595 CG:3    +
    9    40  0   0.0%   0.230 AU:3    +
   56    66  0   0.0%   1.523 GU:3    +
   23    53  0   0.0%   0.481 GU:3    +
   18    46  0   0.0%   0.352 UG:3    +
   19    24  0   0.0%   0.109 GC:3    +
   42    66  0   0.0%   1.034 GU:3    +
    5    37  0   0.0%   0.017 GC:3    +
   41    48  0   0.0%   1.115 GU:3    +
   37    55  0   0.0%   0.755 CG:3    +
    7    49  0   0.0%   0.340 AU:3    +
    8    38  0   0.0%   0.583 GU:3    +
    8    68  0   0.0%   0.831 GC:3    +
    5    11  0   0.0%   0.004 GU:3    +
   31    47  0   0.0%   0.775 CG:3    +
   49    65  0   0.0%   0.826 UG:3    +
   42    68  0   0.0%   0.794 GC:3    +
    5    45  0   0.0%   0.203 GU:3    +
   38    67  0   0.0%   1.151 UA:3    +
   19    45  0   0.0%   0.446 GU:3    +
    5    68  0   0.0%   0.685 GC:3    +
   49    56  0   0.0%   0.964 UG:3    +
   18    43  0   0.0%   0.302 UA:3    +
   19    38  0   0.0%   0.685 GU:3    +
    3    45  0   0.0%   0.055 AU:3    +
   13    47  0   0.0%   0.486 CG:3    +
   27    45  0   0.0%   0.541 GU:3    +
    8    13  0   0.0%   0.004 GC:3    +
   36    45  0   0.0%   0.266 AU:3    +
   12    48  0   0.0%   0.445 GU:3    +
    8    15  0   0.0%   0.004 GC:3    +
   14    49  0   0.0%   0.306 AU:3    +
   15    42  0   0.0%   0.170 CG:3    +
    2    45  0   0.0%   0.021 GU:3    +
   20    65  0   0.0%   0.775 CG:3    +
   40    47  0   0.0%   1.379 UG:3    +
   19    53  0   0.0%   0.541 GU:3    +
   19    66  0   0.0%   0.862 GU:3    +
   10    39  0   0.0%   0.257 CG:3    +
   11    65  0   0.0%   0.883 UG:3    +
   11    44  0   0.0%   0.253 UA:3    +
   35    48  0   0.0%   0.865 GU:3    +
    2    13  0   0.0%   0.003 GC:3    +
    8    52  0   0.0%   0.342 GC:3    +
   15    25  0   0.0%   0.014 CG:3    +
   19    64  0   0.0%   0.861 GC:3    +
    8    20  0   0.0%   0.005 GC:3    +
   30    35  0   0.0%   0.870 UG:3    +
   18    65  0   0.0%   0.683 UG:3    +
    8    31  0   0.0%   0.032 GC:3    +
   55    60  0   0.0%   0.479 GC:3    +
   36    49  0   0.0%   0.509 AU:3    +
   59    64  0   0.0%   1.143 GC:3    +
    9    30  0   0.0%   0.012 AU:3    +
    8    48  0   0.0%   0.367 GU:3    +
   12    21  0   0.0%   0.093 GC:3    +
   17    66  0   0.0%   0.605 AU:3    +
   15    62  0   0.0%   0.345 CG:3    +
   45    67  0   0.0%   0.906 UA:3    +
   33    42  0   0.0%   0.813 CG:3    +
   16    48  0   0.0%   0.262 AU:3    +
   18    67  0   0.0%   0.383 UA:3    +
    1    49  0   0.0%   0.014 AU:3    +
   39    49  0   0.0%   0.907 GU:3    +
   20    55  0   0.0%   0.574 CG:3    +
    6    11  0   0.0%   0.003 AU:3    +
   57    62  0   0.0%   1.113 CG:3    +
   23    38  0   0.0%   0.604 GU:3    +
   24    65  0   0.0%   0.762 CG:3    +
   46    66  0   0.0%   1.326 GU:3    +
   25    64  0   0.0%   0.913 GC:3    +
   39    60  0   0.0%   0.990 GC:3    +
    6    66  0   0.0%   0.420 AU:3    +
   23    66  0   0.0%   0.788 GU:3    +
   40    59  0   0.0%   1.716 UG:3    +
   41    45  0   0.0%   0.926 GU:3    +
   41    68  0   0.0%   0.837 GC:3    +
   10    41  0   0.0%   0.391 CG:3    +
   38    50  0   0.0%   0.865 UA:3    +
   32    48  0   0.0%   0.953 GU:3    +
   33    47  0   0.0%   0.966 CG:3    +
    2    48  0   0.0%   0.010 GU:3    +
   37    62  0   0.0%   0.964 CG:3    +
   18    26  0   0.0%   0.071 UA:3    +
    7    53  0   0.0%   0.279 AU:3    +
   38    51  0   0.0%   0.853 UA:3    +
    2    52  0   0.0%   0.073 GC:3    +
   18    25  0   0.0%   0.076 UG:3    +
   15    65  0   0.0%   0.565 CG:3    +
    7    66  0   0.0%   0.598 AU:3    +
    8    45  0   0.0%   0.353 GU:3    +
   11    17  0   0.0%   0.003 UA:3    +
   14    66  0   0.0%   0.531 AU:3    +
    3    53  0   0.0%   0.110 AU:3    +
    2    54  0   0.0%   0.073 GC:3    +
   36    40  0   0.0%   0.742 AU:3    +
   38    63  0   0.0%   1.135 UA:3    +
   45    59  0   0.0%   1.351 UG:3    +
   62    66  0   0.0%   1.106 GU:3    +
   38    47  0   0.0%   1.402 UG:3    +
   11    42  0   0.0%   0.274 UG:3    +
   19    60  0   0.0%   0.565 GC:3    +
   24    35  0   0.0%   0.553 CG:3    +
   20    59  0   0.0%   0.774 CG:3    +
   10    23  0   0.0%   0.006 CG:3    +
   23    31  0   0.0%   0.026 GC:3    +
   41    57  0   0.0%   1.180 GC:3    +
    5    66  0   0.0%   0.903 GU:3    +
   40    46  0   0.0%   1.233 UG:3    +
    5    22  0   0.0%   0.003 GC:3    +
    8    66  0   0.0%   1.049 GU:3    +
   33    65  0   0.0%   0.879 CG:3    +
   12    61  0   0.0%   1.067 GC:3    +
   20    41  0   0.0%   0.566 CG:3    +
   11    63  0   0.0%   0.583 UA:3    +
    4    27  0   0.0%   0.004 CG:3    +
    2    37  0   0.0%   0.008 GC:3    +
   35    40  0   0.0%   1.170 GU:3    +
   54    59  0   0.0%   1.113 CG:3    +
   21    62  0   0.0%   0.653 CG:3    +
   11    62  0   0.0%   0.663 UG:3    +
   38    42  0   0.0%   0.940 UG:3    +
   42    57  0   0.0%   1.148 GC:3    +
   35    64  0   0.0%   1.039 GC:3    +
   33    55  0   0.0%   0.734 CG:3    +
   29    49  0   0.0%   0.474 AU:3    +
   22    65  0   0.0%   0.534 CG:3    +
   13    25  0   0.0%   0.112 CG:3    +
   40    58  0   0.0%   1.714 UA:3    +
    4    23  0   0.0%   0.003 CG:3    +
   39    48  0   0.0%   1.144 GU:3    +
    1    38  0   0.0%   0.002 AU:3    +
    5    13  0   0.0%   0.003 GC:3    +
   18    27  0   0.0%   0.074 UG:3    +
   14    45  0   0.0%   0.234 AU:3    +
   22    62  0   0.0%   0.313 CG:3    +
   20    62  0   0.0%   0.553 CG:3    +
   30    67  0   0.0%   0.557 UA:3    +
   32    66  0   0.0%   0.933 GU:3    +
   24    62  0   0.0%   0.539 CG:3    +
   12    49  0   0.0%   0.438 GU:3    +
   25    61  0   0.0%   1.015 GC:3    +
   11    50  0   0.0%   0.289 UA:3    +
   23    64  0   0.0%   0.787 GC:3    +
   53    67  0   0.0%   0.827 UA:3    +
    4    59  0   0.0%   0.353 CG:3    +
    2    28  0   0.0%   0.003 GC:3    +
    2    40  0   0.0%   0.008 GU:3    +
   30    50  0   0.0%   0.573 UA:3    +
   22    56  0   0.0%   0.539 CG:3    +
   23    37  0   0.0%   0.561 GC:3    +
    1    48  0   0.0%   0.013 AU:3    +
   35    57  0   0.0%   0.926 GC:3    +
    3    49  0   0.0%   0.173 AU:3    +
   49    59  0   0.0%   1.192 UG:3    +
   56    64  0   0.0%   1.302 GC:3    +
   29    66  0   0.0%   0.640 AU:3    +
    7    30  0   0.0%   0.011 AU:3    +
   22    32  0   0.0%   0.228 CG:3    +
   12    22  0   0.0%   0.095 GC:3    +
   13    46  0   0.0%   0.411 CG:3    +
   27    60  0   0.0%   0.435 GC:3    +
   23    30  0   0.0%   0.245 GU:3    +
   28    59  0   0.0%   0.766 CG:3    +
   25    68  0   0.0%   0.686 GC:3    +
    7    11  0   0.0%   0.003 AU:3    +
   47    66  0   0.0%   1.211 GU:3    +
    1    53  0   0.0%   0.013 AU:3    +
    5    28  0   0.0%   0.004 GC:3    +
   18    35  0   0.0%   0.452 UG:3    +
   56    61  0   0.0%   1.821 GC:3    +
   15    35  0   0.0%   0.220 CG:3    +
   23    49  0   0.0%   0.597 GU:3    +
    4    35  0   0.0%   0.015 CG:3    +
   18    23  0   0.0%   0.079 UG:3    +
   23    57  0   0.0%   0.761 GC:3    +
    2    31  0   0.0%   0.003 GC:3    +
   25    33  0   0.0%   0.841 GC:3    +
    3    30  0   0.0%   0.000 AU:3    +
   33    59  0   0.0%   0.866 CG:3    +
    2    24  0   0.0%   0.002 GC:3    +
   15    59  0   0.0%   0.565 CG:3    +
   11    35  0   0.0%   0.410 UG:3    +
   21    39  0   0.0%   0.383 CG:3    +
   41    60  0   0.0%   0.672 GC:3    +
   10    25  0   0.0%   0.006 CG:3    +
   27    31  0   0.0%   0.429 GC:3    +
   27    57  0   0.0%   0.705 GC:3    +
   28    56  0   0.0%   0.772 CG:3    +
    3    38  0   0.0%   0.001 AU:3    +
   59    68  0   0.0%   0.909 GC:3    +
    5    48  0   0.0%   0.257 GU:3    +
   32    60  0   0.0%   0.624 GC:3    +
   13    35  0   0.0%   0.497 CG:3    +
   39    61  0   0.0%   1.382 GC:3    +
   24    59  0   0.0%   0.759 CG:3    +
    8    40  0   0.0%   0.520 GU:3    +
   23    60  0   0.0%   0.491 GC:3    +
    5    15  0   0.0%   0.002 GC:3    +
    9    18  0   0.0%   0.000 AU:3    +
    2    15  0   0.0%   0.002 GC:3    +
   30    56  0   0.0%   0.859 UG:3    +
   12    31  0   0.0%   0.115 GC:3    +
    1    40  0   0.0%   0.001 AU:3    +
   15    56  0   0.0%   0.555 CG:3    +
    4    19  0   0.0%   0.003 CG:3    +
   48    58  0   0.0%   1.239 UA:3    +
   11    16  0   0.0%   0.003 UA:3    +
    9    49  0   0.0%   0.160 AU:3    +
    5    21  0   0.0%   0.002 GC:3    +
   24    56  0   0.0%   0.766 CG:3    +
   48    65  0   0.0%   1.079 UG:3    +
   30    46  0   0.0%   0.794 UG:3    +
   27    38  0   0.0%   0.827 GU:3    +
   38    59  0   0.0%   1.723 UG:3    +
    4    56  0   0.0%   0.353 CG:3    +
   15    27  0   0.0%   0.011 CG:3    +
   35    68  0   0.0%   0.804 GC:3    +
   21    32  0   0.0%   0.407 CG:3    +
    8    54  0   0.0%   0.345 GC:3    +
    3    11  0   0.0%   0.001 AU:3    +
   30    51  0   0.0%   0.560 UA:3    +
   46    60  0   0.0%   0.896 GC:3    +
   32    53  0   0.0%   0.635 GU:3    +
    9    53  0   0.0%   0.057 AU:3    +
   11    36  0   0.0%   0.207 UA:3    +
   53    65  0   0.0%   1.295 UG:3    +
   35    45  0   0.0%   0.692 GU:3    +
   10    56  0   0.0%   0.272 CG:3    +
    5    18  0   0.0%   0.002 GU:3    +
   11    55  0   0.0%   0.295 UG:3    +
   39    53  0   0.0%   0.687 GU:3    +
   38    62  0   0.0%   1.219 UG:3    +
   12    18  0   0.0%   0.001 GU:3    +
   12    54  0   0.0%   0.334 GC:3    +
    2    21  0   0.0%   0.002 GC:3    +
   25    48  0   0.0%   0.897 GU:3    +
   12    68  0   0.0%   0.742 GC:3    +
   32    57  0   0.0%   0.894 GC:3    +
   33    56  0   0.0%   0.872 CG:3    +
    7    18  0   0.0%   0.000 AU:3    +
   11    32  0   0.0%   0.027 UG:3    +
   35    53  0   0.0%   0.681 GU:3    +
    2    11  0   0.0%   0.003 GU:3    +
   12    37  0   0.0%   0.567 GC:3    +
    5    57  0   0.0%   0.202 GC:3    +
   21    65  0   0.0%   0.874 CG:3    +
   58    66  0   0.0%   1.400 AU:3    +
   27    68  0   0.0%   0.506 GC:3    +
   11    19  0   0.0%   0.005 UG:3    +
    2    20  0   0.0%   0.002 GC:3    +
   30    65  0   0.0%   0.860 UG:3    +
   19    61  0   0.0%   0.962 GC:3    +
   25    30  0   0.0%   0.419 GU:3    +
    2    22  0   0.0%   0.002 GC:3    +
   52    62  0   0.0%   0.599 CG:3    +
   25    53  0   0.0%   0.584 GU:3    +
   27    49  0   0.0%   0.539 GU:3    +
   49    63  0   0.0%   0.528 UA:3    +
   34    48  0   0.0%   0.682 AU:3    +
    5    33  0   0.0%   0.020 GC:3    +
   30    41  0   0.0%   0.930 UG:3    +
   55    68  0   0.0%   0.698 GC:3    +
    5    20  0   0.0%   0.002 GC:3    +
   18    62  0   0.0%   0.461 UG:3    +
   11    51  0   0.0%   0.289 UA:3    +
   11    23  0   0.0%   0.003 UG:3    +
   23    61  0   0.0%   0.889 GC:3    +
   34    66  0   0.0%   0.640 AU:3    +
   47    61  0   0.0%   1.465 GC:3    +
   12    52  0   0.0%   0.331 GC:3    +
    8    57  0   0.0%   0.340 GC:3    +
..(((..(.((((...((((......)))).)))).((((.((.........)).)))).)..)))..
