3 sequence; length of alignment 111
alifold output
   29    37  0  97.8%   0.129 GC:3   
   30    36  0  97.7%   0.131 GC:3   
   25    41  0  93.1%   0.209 AU:3   
   24    42  0  92.5%   0.240 CG:3   
   81    97  0  91.9%   0.467 CG:3   
   80    98  0  91.9%   0.476 UA:3   
   79    99  0  91.9%   0.485 GC:3   
   28    38  0  91.0%   0.284 UG:3   
   82    96  0  90.6%   0.358 AU:3   
   26    40  0  89.4%   0.326 UA:3   
   47    57  0  85.4%   0.670 CG:3   
   48    56  0  85.4%   0.830 CG:3   
   78   100  0  84.8%   0.653 UA:3   
   49    55  0  83.4%   0.706 GC:3   
   31    35  0  79.3%   0.611 UA:3   
   46    58  0  78.5%   1.030 GC:3   
   83    95  0  73.1%   0.828 UA:3   
   18   106  0  67.9%   1.088 CG:3   
   17   107  0  67.9%   0.922 AU:3   
   19   105  0  67.8%   1.021 GC:3   
   16   108  0  67.7%   1.286 GC:3   
   77   101  0  63.2%   1.276 AU:3   
   20   104  0  63.0%   0.884 AU:3   
    7    13  0  47.4%   1.090 GC:3   
    6    14  0  46.8%   1.094 GC:3   
    8    12  0  41.8%   1.111 UG:3   
   84    94  0  36.6%   1.482 UG:3   
   22   102  0  31.7%   1.679 GC:3   
   85    94  0  30.1%   1.899 CG:3    +
    6    15  0  28.4%   1.456 GC:3    +
    7    14  0  27.9%   1.790 GC:3    +
   44    60  0  25.4%   1.512 CG:3    +
   21   106  0  23.8%   1.517 CG:3    +
   20   107  0  23.7%   1.589 AU:3    +
   19   108  0  23.7%   1.781 GC:3    +
   22   105  0  23.6%   2.425 GC:3    +
   23   104  0  20.2%   1.573 AU:3    +
   85    91  0  17.3%   1.135 CG:3    +
   23   101  0  15.8%   0.893 AU:3    +
   84    95  0  15.5%   1.853 UA:3    +
   45    60  0  14.4%   1.670 CG:3    +
   84    92  0  12.6%   0.977 UA:3    +
   60    76  0   9.5%   1.861 GC:3    +
   88    93  0   9.4%   0.933 GC:3    +
   61    75  0   9.3%   0.981 AU:3    +
   87    94  0   8.4%   1.549 CG:3    +
   46    59  0   8.2%   1.079 GC:3    +
   21    46  0   7.9%   0.613 CG:3    +
   22    45  0   7.8%   0.958 GC:3    +
   22    43  0   7.6%   0.600 GC:3    +
   12    58  0   7.6%   0.991 GC:3    +
   13    57  0   7.5%   0.986 CG:3    +
   14    56  0   7.5%   1.325 CG:3    +
   10    60  0   7.4%   0.620 CG:3    +
   18    49  0   7.3%   0.673 CG:3    +
   19    48  0   7.3%   0.598 GC:3    +
   16    51  0   7.2%   0.863 GC:3    +
   15    52  0   7.2%   0.943 CG:3    +
    9    61  0   7.1%   0.664 UA:3    +
   22   103  0   7.1%   1.512 GC:3    +
   50    57  0   6.6%   0.908 CG:3    +
   51    56  0   6.6%   1.093 CG:3    +
    7    63  0   6.2%   1.371 GC:3    +
    6    64  0   6.1%   1.295 GC:3    +
   49    58  0   6.1%   1.277 GC:3    +
   22    44  0   4.9%   0.649 GC:3    +
   87    91  0   4.2%   0.848 CG:3    +
   80    92  0   4.0%   0.423 UA:3    +
   81    91  0   3.9%   0.406 CG:3    +
   79    93  0   3.9%   0.507 GC:3    +
   93   106  0   3.3%   1.304 CG:3    +
   94   105  0   3.3%   1.940 GC:3    +
   92   107  0   3.3%   1.347 AU:3    +
   91   108  0   3.3%   1.519 GC:3    +
   95   104  0   3.2%   1.537 AU:3    +
    5    16  0   3.0%   0.382 UG:3    +
   76    88  0   2.4%   0.508 CG:3    +
   75    89  0   2.3%   0.527 UA:3    +
   79    85  0   2.3%   0.292 GC:3    +
   76    97  0   2.3%   0.591 CG:3    +
   77    96  0   2.3%   0.277 AU:3    +
   78    86  0   2.3%   0.289 UA:3    +
    7    18  0   2.2%   0.984 GC:3    +
   97   108  0   2.2%   1.242 GC:3    +
   98   107  0   2.2%   1.156 AU:3    +
   99   106  0   2.2%   1.067 CG:3    +
   96   109  0   2.1%   0.444 UA:3    +
    8    17  0   2.1%   0.620 UA:3    +
   95   110  0   2.1%   1.028 AU:3    +
   75    98  0   2.0%   0.586 UA:3    +
   60    65  0   1.9%   1.278 GC:3    +
    9    16  0   1.7%   0.374 UG:3    +
   74    90  0   1.7%   0.250 UA:3    +
   94   111  0   1.5%   1.375 GU:3    +
   17   110  0   1.5%   0.592 AU:3    +
   78    95  0   1.5%   0.354 UA:3    +
   60    69  0   1.5%   1.281 GC:3    +
   97   102  0   1.3%   0.708 GC:3    +
    6    65  0   1.2%   1.111 GC:3    +
   16   111  0   1.2%   0.918 GU:3    +
    7    64  0   1.2%   1.349 GC:3    +
   47    60  0   1.1%   1.219 CG:3    +
   78    94  0   1.0%   0.257 UG:3    +
   43    60  0   0.9%   0.598 CG:3    +
   30    43  0   0.9%   0.385 GC:3    +
   29    44  0   0.9%   0.333 GC:3    +
   31    42  0   0.9%   0.425 UG:3    +
   48    60  0   0.9%   1.403 CG:3    +
   67    72  0   0.8%   0.238 UA:3    +
   83    89  0   0.8%   0.216 UA:3    +
   66    73  0   0.8%   0.225 UA:3    +
   39    46  0   0.7%   0.328 CG:3    +
   38    47  0   0.7%   0.235 GC:3    +
    3    16  0   0.7%   0.133 CG:3    +
   61    67  0   0.7%   0.369 AU:3    +
   84    88  0   0.6%   0.208 UG:3    +
    7    36  0   0.5%   0.895 GC:3    +
   12    31  0   0.5%   0.457 GU:3    +
    8    35  0   0.5%   0.538 UA:3    +
   13    30  0   0.5%   0.452 CG:3    +
    6    37  0   0.5%   0.826 GC:3    +
   14    29  0   0.5%   0.792 CG:3    +
   62    73  0   0.5%   0.117 UA:3    +
   61    74  0   0.5%   0.347 AU:3    +
   97   103  0   0.5%   0.492 GC:3    +
   11    32  0   0.5%   0.085 AU:3    +
   10    16  0   0.5%   0.318 CG:3    +
   61    66  0   0.4%   0.300 AU:3    +
   60    67  0   0.4%   1.151 GU:3    +
   83    90  0   0.4%   0.186 UA:3    +
   49    59  0   0.4%   0.838 GC:3    +
   66    72  0   0.4%   0.135 UA:3    +
   17    26  0   0.4%   0.165 AU:3    +
    2    16  0   0.4%   0.076 CG:3    +
   16    27  0   0.4%   0.322 GU:3    +
   84    89  0   0.3%   0.232 UA:3    +
   60    75  0   0.3%   1.221 GU:3    +
   67    71  0   0.3%   0.149 UA:3    +
    9    17  0   0.3%   0.212 UA:3    +
    4    66  0   0.3%   0.057 AU:3    +
    6    13  0   0.3%   0.060 GC:3    +
    5    38  0   0.2%   0.159 UG:3    +
    2     7  0   0.2%   0.038 CG:3    +
   97   105  0   0.2%   1.005 GC:3    +
   95   107  0   0.2%   1.456 AU:3    +
   96   106  0   0.2%   0.943 UG:3    +
   94   108  0   0.2%   1.861 GC:3    +
   81    88  0   0.2%   0.135 CG:3    +
   66    71  0   0.2%   0.096 UA:3    +
   69    79  0   0.2%   0.118 CG:3    +
   19    24  0   0.2%   0.034 GC:3    +
   98   104  0   0.2%   0.921 AU:3    +
   46    55  0   0.2%   0.298 GC:3    +
   45    56  0   0.2%   0.452 CG:3    +
   70    78  0   0.2%   0.069 AU:3    +
   80    89  0   0.1%   0.146 UA:3    +
   44    57  0   0.1%   0.437 CG:3    +
    4    67  0   0.1%   0.053 AU:3    +
    1     8  0   0.1%   0.029 AU:3    +
   68    80  0   0.1%   0.053 AU:3    +
   60    64  0   0.1%   1.251 GC:3    +
    6    10  0   0.1%   0.030 GC:3    +
   27    40  0   0.1%   0.162 UA:3    +
   18    52  0   0.1%   0.502 CG:3    +
   19    51  0   0.1%   0.428 GC:3    +
   33    52  0   0.1%   0.238 CG:3    +
   32    53  0   0.1%   0.059 UA:3    +
   67    73  0   0.1%   0.220 UA:3    +
    5    11  0   0.1%   0.025 UA:3    +
   22    59  0   0.1%   0.587 GC:3    +
   31    54  0   0.1%   0.291 UA:3    +
   21    49  0   0.1%   0.428 CG:3    +
   21    60  0   0.1%   0.437 CG:3    +
   62    71  0   0.1%   0.052 UA:3    +
   30    55  0   0.1%   0.141 GC:3    +
   22    48  0   0.1%   0.771 GC:3    +
   83    94  0   0.1%   0.139 UG:3    +
   33    60  0   0.1%   0.250 CG:3    +
   32    61  0   0.1%   0.258 UA:3    +
   37    56  0   0.1%   0.274 CG:3    +
   70    75  0   0.1%   0.291 AU:3    +
   36    57  0   0.1%   0.284 CG:3    +
   38    55  0   0.1%   0.193 GC:3    +
   79    87  0   0.1%   0.141 GC:3    +
    4    78  0   0.1%   0.055 AU:3    +
    3    42  0   0.1%   0.064 CG:3    +
    5    77  0   0.1%   0.160 UA:3    +
   89   110  0   0.1%   0.250 AU:3    +
    4    41  0   0.1%   0.022 AU:3    +
    3    79  0   0.1%   0.070 CG:3    +
   43    49  0   0.1%   0.475 CG:3    +
   80    86  0   0.1%   0.127 UA:3    +
   66    70  0   0.1%   0.071 UA:3    +
   42    50  0   0.1%   0.157 GC:3    +
   22    76  0   0.1%   0.599 GC:3    +
   30    63  0   0.1%   0.325 GC:3    +
   36    49  0   0.1%   0.277 CG:3    +
   29    64  0   0.1%   0.358 GC:3    +
   23    75  0   0.1%   0.029 AU:3    +
   27    38  0   0.1%   0.058 UG:3    +
    7    62  0   0.1%   0.861 GU:3    +
    6    63  0   0.1%   0.792 GC:3    +
   88   111  0   0.1%   0.436 GU:3    +
   42    63  0   0.1%   0.350 GC:3    +
   68    75  0   0.1%   0.274 AU:3    +
    3    12  0   0.1%   0.018 CG:3    +
   56    65  0   0.1%   0.610 GC:3    +
    6    76  0   0.1%   1.022 GC:3    +
   29    45  0   0.1%   0.322 GC:3    +
   57    64  0   0.1%   0.792 GC:3    +
   33    38  0   0.1%   0.126 CG:3    +
   74   100  0   0.1%   0.125 UA:3    +
    8    61  0   0.1%   0.500 UA:3    +
   30    44  0   0.1%   0.307 GC:3    +
   41    77  0   0.1%   0.106 UA:3    +
   40    78  0   0.1%   0.147 AU:3    +
   39    79  0   0.1%   0.075 CG:3    +
   33    42  0   0.1%   0.144 CG:3    +
   42    76  0   0.1%   0.180 GC:3    +
   73   101  0   0.1%   0.389 AU:3    +
    7    15  0   0.1%   1.094 GC:3    +
    5    40  0   0.1%   0.146 UA:3    +
   19    45  0   0.1%   0.028 GC:3    +
   18    46  0   0.1%   0.103 CG:3    +
   15    22  0   0.1%   0.375 CG:3    +
   84    91  0   0.1%   0.202 UG:3    +
   42    59  0   0.1%   0.166 GC:3    +
   16    21  0   0.1%   0.271 GC:3    +
    5    17  0   0.1%   0.127 UA:3    +
   62    68  0   0.0%   0.030 UA:3    +
   38    80  0   0.0%   0.189 GU:3    +
    6    18  0   0.0%   0.752 GC:3    +
   16    48  0   0.0%   0.297 GC:3    +
   60   102  0   0.0%   1.775 GC:3    +
   41    61  0   0.0%   0.292 UA:3    +
   30    39  0   0.0%   0.074 GC:3    +
   15    49  0   0.0%   0.381 CG:3    +
   40    62  0   0.0%   0.138 AU:3    +
   16    50  0   0.0%   0.302 GC:3    +
   29    59  0   0.0%   0.132 GC:3    +
   31    38  0   0.0%   0.332 UG:3    +
   16    28  0   0.0%   0.292 GU:3    +
   30    58  0   0.0%   0.326 GC:3    +
   23    80  0   0.0%   0.028 AU:3    +
   24    79  0   0.0%   0.109 CG:3    +
   22    81  0   0.0%   0.595 GC:3    +
   16    55  0   0.0%   0.495 GC:3    +
   61   101  0   0.0%   0.816 AU:3    +
   68    74  0   0.0%   0.044 AU:3    +
   25    78  0   0.0%   0.087 AU:3    +
   62    70  0   0.0%   0.034 UA:3    +
   28    60  0   0.0%   0.313 UG:3    +
   24    30  0   0.0%   0.052 CG:3    +
   83    92  0   0.0%   0.204 UA:3    +
   17    27  0   0.0%   0.153 AU:3    +
    9    60  0   0.0%   0.103 UG:3    +
   60    66  0   0.0%   1.091 GU:3    +
   30    47  0   0.0%   0.121 GC:3    +
   29    48  0   0.0%   0.318 GC:3    +
   90   110  0   0.0%   0.186 AU:3    +
    5   109  0   0.0%   0.156 UA:3    +
   31    57  0   0.0%   0.481 UG:3    +
   29    36  0   0.0%   0.070 GC:3    +
   19    47  0   0.0%   0.028 GC:3    +
   31    46  0   0.0%   0.475 UG:3    +
    4   110  0   0.0%   0.050 AU:3    +
   23    31  0   0.0%   0.040 AU:3    +
   15    29  0   0.0%   0.401 CG:3    +
   27    61  0   0.0%   0.244 UA:3    +
   26    77  0   0.0%   0.142 UA:3    +
    2     6  0   0.0%   0.008 CG:3    +
   71    75  0   0.0%   0.311 AU:3    +
   78    88  0   0.0%   0.216 UG:3    +
   29    39  0   0.0%   0.069 GC:3    +
   22    63  0   0.0%   0.756 GC:3    +
   28    70  0   0.0%   0.110 UA:3    +
   62    72  0   0.0%   0.045 UA:3    +
   27    71  0   0.0%   0.053 UA:3    +
   38    43  0   0.0%   0.361 GC:3    +
   86    96  0   0.0%   0.277 AU:3    +
   15    56  0   0.0%   0.765 CG:3    +
    7    75  0   0.0%   1.082 GU:3    +
   70    74  0   0.0%   0.053 AU:3    +
   42    58  0   0.0%   0.343 GC:3    +
   85    97  0   0.0%   0.925 CG:3    +
   29    69  0   0.0%   0.131 GC:3    +
   38    45  0   0.0%   0.335 GC:3    +
   23    62  0   0.0%   0.020 AU:3    +
   28    40  0   0.0%   0.213 UA:3    +
   69   106  0   0.0%   0.695 CG:3    +
   43    57  0   0.0%   0.464 CG:3    +
   26    72  0   0.0%   0.131 UA:3    +
   46    62  0   0.0%   0.674 GU:3    +
   89   111  0   0.0%   0.233 AU:3    +
   84    98  0   0.0%   1.142 UA:3    +
   42    62  0   0.0%   0.162 GU:3    +
   68   107  0   0.0%   0.637 AU:3    +
   12   110  0   0.0%   0.610 GU:3    +
   20    80  0   0.0%   0.012 AU:3    +
   21    79  0   0.0%   0.239 CG:3    +
   19    81  0   0.0%   0.231 GC:3    +
   22    28  0   0.0%   0.015 GU:3    +
   22    32  0   0.0%   0.039 GU:3    +
   46    63  0   0.0%   0.854 GC:3    +
    6    39  0   0.0%   0.777 GC:3    +
   44    56  0   0.0%   0.408 CG:3    +
   14    30  0   0.0%   0.771 CG:3    +
   16   105  0   0.0%   0.496 GC:3    +
   42    64  0   0.0%   0.389 GC:3    +
   32    56  0   0.0%   0.243 UG:3    +
   29    65  0   0.0%   0.181 GC:3    +
   27    72  0   0.0%   0.056 UA:3    +
   26    73  0   0.0%   0.132 UA:3    +
   21    29  0   0.0%   0.040 CG:3    +
   39    49  0   0.0%   0.263 CG:3    +
   71    78  0   0.0%   0.077 AU:3    +
   56    64  0   0.0%   0.775 GC:3    +
   30    64  0   0.0%   0.366 GC:3    +
   57    63  0   0.0%   0.738 GC:3    +
   17   104  0   0.0%   0.135 AU:3    +
   15   106  0   0.0%   0.573 CG:3    +
   38    50  0   0.0%   0.168 GC:3    +
   25    74  0   0.0%   0.073 AU:3    +
   16    87  0   0.0%   0.494 GC:3    +
   17    80  0   0.0%   0.132 AU:3    +
   15    88  0   0.0%   0.570 CG:3    +
   18    79  0   0.0%   0.306 CG:3    +
   16    81  0   0.0%   0.492 GC:3    +
   23    27  0   0.0%   0.029 AU:3    +
   71   107  0   0.0%   0.662 AU:3    +
   30    37  0   0.0%   0.110 GC:3    +
   14    57  0   0.0%   1.136 CG:3    +
   72   101  0   0.0%   0.372 AU:3    +
   28    71  0   0.0%   0.111 UA:3    +
   21    30  0   0.0%   0.040 CG:3    +
   41    60  0   0.0%   0.298 UG:3    +
   73   104  0   0.0%   0.705 AU:3    +
   74   106  0   0.0%   0.730 UG:3    +
   29    51  0   0.0%   0.313 GC:3    +
   30    50  0   0.0%   0.121 GC:3    +
   76    91  0   0.0%   0.335 CG:3    +
    9    53  0   0.0%   0.096 UA:3    +
   45    52  0   0.0%   0.428 CG:3    +
   10    52  0   0.0%   0.040 CG:3    +
   66    90  0   0.0%   0.127 UA:3    +
   73   107  0   0.0%   0.700 AU:3    +
   28    52  0   0.0%   0.300 UG:3    +
   65    91  0   0.0%   0.144 CG:3    +
   84    90  0   0.0%   0.157 UA:3    +
   62   100  0   0.0%   0.068 UA:3    +
    8    54  0   0.0%   0.488 UA:3    +
    7    55  0   0.0%   0.845 GC:3    +
   27    53  0   0.0%   0.047 UA:3    +
   24    29  0   0.0%   0.047 CG:3    +
   12    50  0   0.0%   0.406 GC:3    +
   46    51  0   0.0%   0.451 GC:3    +
   11   111  0   0.0%   0.039 AU:3    +
    2    12  0   0.0%   0.018 CG:3    +
   38    64  0   0.0%   0.404 GC:3    +
   38    65  0   0.0%   0.230 GC:3    +
   12    18  0   0.0%   0.464 GC:3    +
   31    49  0   0.0%   0.471 UG:3    +
   67    89  0   0.0%   0.142 UA:3    +
   13    49  0   0.0%   0.402 CG:3    +
   75    92  0   0.0%   0.356 UA:3    +
   46    64  0   0.0%   0.895 GC:3    +
   28    57  0   0.0%   0.299 UG:3    +
   62    77  0   0.0%   0.079 UA:3    +
   42    65  0   0.0%   0.214 GC:3    +
   20    31  0   0.0%   0.034 AU:3    +
   19   102  0   0.0%   0.231 GC:3    +
   16   110  0   0.0%   0.766 GU:3    +
    4     9  0   0.0%   0.004 AU:3    +
   20    83  0   0.0%   0.010 AU:3    +
   26    54  0   0.0%   0.127 UA:3    +
   61    78  0   0.0%   0.531 AU:3    +
   72    78  0   0.0%   0.101 AU:3    +
    2   106  0   0.0%   0.040 CG:3    +
   19    84  0   0.0%   0.229 GU:3    +
   17   111  0   0.0%   0.516 AU:3    +
   88   105  0   0.0%   0.971 GC:3    +
   87   106  0   0.0%   0.968 CG:3    +
   91   102  0   0.0%   0.946 GC:3    +
   22    33  0   0.0%   0.012 GC:3    +
   92   101  0   0.0%   0.989 AU:3    +
    3     7  0   0.0%   0.015 CG:3    +
   89   104  0   0.0%   0.779 AU:3    +
    6    59  0   0.0%   0.777 GC:3    +
    7    58  0   0.0%   0.845 GC:3    +
   36    52  0   0.0%   0.272 CG:3    +
    5    12  0   0.0%   0.018 UG:3    +
   41    52  0   0.0%   0.289 UG:3    +
   73    78  0   0.0%   0.108 AU:3    +
   38    63  0   0.0%   0.358 GC:3    +
   76    94  0   0.0%   0.335 CG:3    +
   34    40  0   0.0%   0.120 UA:3    +
   86   107  0   0.0%   0.711 AU:3    +
   42    51  0   0.0%   0.339 GC:3    +
   38    44  0   0.0%   0.314 GC:3    +
   67    77  0   0.0%   0.156 UA:3    +
   38    59  0   0.0%   0.182 GC:3    +
   76   106  0   0.0%   1.034 CG:3    +
    6   108  0   0.0%   1.015 GC:3    +
    8    57  0   0.0%   0.488 UG:3    +
   19    28  0   0.0%   0.019 GU:3    +
   95   101  0   0.0%   1.179 AU:3    +
    1     5  0   0.0%   0.003 AU:3    +
   94   102  0   0.0%   1.366 GC:3    +
    1   107  0   0.0%   0.014 AU:3    +
   66    82  0   0.0%   0.124 UA:3    +
   74    79  0   0.0%   0.067 UG:3    +
   23    32  0   0.0%   0.036 AU:3    +
   32    40  0   0.0%   0.148 UA:3    +
   29   103  0   0.0%   0.317 GC:3    +
   22    65  0   0.0%   0.629 GC:3    +
   37    60  0   0.0%   0.278 CG:3    +
   20    27  0   0.0%   0.027 AU:3    +
   83    88  0   0.0%   0.110 UG:3    +
   30   102  0   0.0%   0.501 GC:3    +
   73    80  0   0.0%   0.099 AU:3    +
   19    78  0   0.0%   0.232 GU:3    +
   12    59  0   0.0%   0.603 GC:3    +
   19    32  0   0.0%   0.042 GU:3    +
   72   107  0   0.0%   0.687 AU:3    +
    7    65  0   0.0%   1.129 GC:3    +
   96   100  0   0.0%   0.329 UA:3    +
   73    83  0   0.0%   0.081 AU:3    +
    8   109  0   0.0%   0.497 UA:3    +
   12    39  0   0.0%   0.406 GC:3    +
   16    47  0   0.0%   0.288 GC:3    +
   13    38  0   0.0%   0.413 CG:3    +
    7   110  0   0.0%   1.083 GU:3    +
   66    77  0   0.0%   0.139 UA:3    +
   22   108  0   0.0%   2.086 GC:3    +
   20    62  0   0.0%   0.012 AU:3    +
   23    28  0   0.0%   0.010 AU:3    +
   23   107  0   0.0%   1.241 AU:3    +
   74    82  0   0.0%   0.039 UA:3    +
   19    63  0   0.0%   0.402 GC:3    +
   19    85  0   0.0%   0.229 GC:3    +
   24    46  0   0.0%   0.294 CG:3    +
   24   106  0   0.0%   0.703 CG:3    +
   51    57  0   0.0%   0.919 CG:3    +
   26    42  0   0.0%   0.204 UG:3    +
   21    42  0   0.0%   0.018 CG:3    +
   20   101  0   0.0%   0.010 AU:3    +
   48    57  0   0.0%   0.699 CG:3    +
   20    84  0   0.0%   0.011 AU:3    +
   52    59  0   0.0%   0.463 GC:3    +
   72    84  0   0.0%   0.075 AU:3    +
   51    60  0   0.0%   1.363 CG:3    +
    8    73  0   0.0%   0.493 UA:3    +
   10    19  0   0.0%   0.037 CG:3    +
    6    66  0   0.0%   1.023 GU:3    +
   28    46  0   0.0%   0.302 UG:3    +
   37    49  0   0.0%   0.265 CG:3    +
   75    95  0   0.0%   0.356 UA:3    +
   18    29  0   0.0%   0.121 CG:3    +
   72   104  0   0.0%   0.692 AU:3    +
   22    78  0   0.0%   0.590 GU:3    +
    5    68  0   0.0%   0.140 UA:3    +
   37    46  0   0.0%   0.262 CG:3    +
   16    85  0   0.0%   0.490 GC:3    +
   24    97  0   0.0%   0.094 CG:3    +
   25    96  0   0.0%   0.074 AU:3    +
    7    21  0   0.0%   0.813 GC:3    +
   12    55  0   0.0%   0.407 GC:3    +
   46    65  0   0.0%   0.718 GC:3    +
  100   104  0   0.0%   0.891 AU:3    +
   38    48  0   0.0%   0.363 GC:3    +
   26    95  0   0.0%   0.132 UA:3    +
    9    56  0   0.0%   0.094 UG:3    +
   17    84  0   0.0%   0.131 AU:3    +
    2    42  0   0.0%   0.038 CG:3    +
   69    94  0   0.0%   0.080 CG:3    +
   94    99  0   0.0%   1.072 GC:3    +
   22    69  0   0.0%   0.576 GC:3    +
   41   109  0   0.0%   0.092 UA:3    +
   42   108  0   0.0%   0.768 GC:3    +
   70   107  0   0.0%   0.644 AU:3    +
   22    64  0   0.0%   0.797 GC:3    +
   92   110  0   0.0%   0.591 AU:3    +
    5   106  0   0.0%   0.150 UG:3    +
    1    67  0   0.0%   0.012 AU:3    +
    3   106  0   0.0%   0.059 CG:3    +
   22    41  0   0.0%   0.019 GU:3    +
   60   105  0   0.0%   2.010 GC:3    +
   81    94  0   0.0%   0.195 CG:3    +
    9    20  0   0.0%   0.093 UA:3    +
   38    69  0   0.0%   0.176 GC:3    +
    4   107  0   0.0%   0.044 AU:3    +
    5    20  0   0.0%   0.121 UA:3    +
   27    94  0   0.0%   0.051 UG:3    +
    8    20  0   0.0%   0.457 UA:3    +
   34    54  0   0.0%   0.014 UA:3    +
   74    98  0   0.0%   0.109 UA:3    +
   61   104  0   0.0%   1.135 AU:3    +
   40   110  0   0.0%   0.198 AU:3    +
    7    43  0   0.0%   0.841 GC:3    +
   31    73  0   0.0%   0.280 UA:3    +
   60    81  0   0.0%   1.405 GC:3    +
   61    80  0   0.0%   0.525 AU:3    +
   37    42  0   0.0%   0.181 CG:3    +
    6    44  0   0.0%   0.775 GC:3    +
   37    52  0   0.0%   0.264 CG:3    +
   83    91  0   0.0%   0.198 UG:3    +
   38    81  0   0.0%   0.183 GC:3    +
   71   104  0   0.0%   0.665 AU:3    +
   91   111  0   0.0%   0.752 GU:3    +
   59   106  0   0.0%   0.859 CG:3    +
   80    95  0   0.0%   0.231 UA:3    +
    5    70  0   0.0%   0.140 UA:3    +
    8    42  0   0.0%   0.491 UG:3    +
    6   103  0   0.0%   1.013 GC:3    +
   30    74  0   0.0%   0.136 GU:3    +
    6   105  0   0.0%   1.013 GC:3    +
   35    41  0   0.0%   0.288 AU:3    +
   44    49  0   0.0%   0.416 CG:3    +
    6   111  0   0.0%   1.015 GU:3    +
   73   110  0   0.0%   0.158 AU:3    +
   42    69  0   0.0%   0.159 GC:3    +
    7   102  0   0.0%   1.079 GC:3    +
    5    60  0   0.0%   0.139 UG:3    +
   62    79  0   0.0%   0.082 UG:3    +
   32    72  0   0.0%   0.054 UA:3    +
   19   103  0   0.0%   0.230 GC:3    +
   29    76  0   0.0%   0.139 GC:3    +
   38    51  0   0.0%   0.360 GC:3    +
   26    61  0   0.0%   0.317 UA:3    +
   74   109  0   0.0%   0.120 UA:3    +
   69    88  0   0.0%   0.081 CG:3    +
   24    38  0   0.0%   0.031 CG:3    +
   22   101  0   0.0%   0.586 GU:3    +
    7   107  0   0.0%   1.080 GU:3    +
   67    82  0   0.0%   0.140 UA:3    +
   31    68  0   0.0%   0.278 UA:3    +
   25    62  0   0.0%   0.077 AU:3    +
   30    69  0   0.0%   0.137 GC:3    +
    7    74  0   0.0%   1.076 GU:3    +
   12    33  0   0.0%   0.402 GC:3    +
   19    59  0   0.0%   0.224 GC:3    +
   18    60  0   0.0%   0.492 CG:3    +
   59    88  0   0.0%   0.251 CG:3    +
   60    87  0   0.0%   1.400 GC:3    +
   71   101  0   0.0%   0.343 AU:3    +
   12   111  0   0.0%   0.606 GU:3    +
   27    42  0   0.0%   0.122 UG:3    +
    9    72  0   0.0%   0.285 UA:3    +
   24    56  0   0.0%   0.287 CG:3    +
   43   106  0   0.0%   0.904 CG:3    +
   11    34  0   0.0%   0.035 AU:3    +
   79    96  0   0.0%   0.340 GU:3    +
   60   103  0   0.0%   1.591 GC:3    +
   34    42  0   0.0%   0.131 UG:3    +
    7    37  0   0.0%   0.868 GC:3    +
   27    46  0   0.0%   0.247 UG:3    +
   41    70  0   0.0%   0.086 UA:3    +
   21    38  0   0.0%   0.023 CG:3    +
   22    39  0   0.0%   0.014 GC:3    +
   22    37  0   0.0%   0.038 GC:3    +
   16    63  0   0.0%   0.665 GC:3    +
   65    79  0   0.0%   0.159 CG:3    +
   17    62  0   0.0%   0.134 AU:3    +
   40    67  0   0.0%   0.132 AU:3    +
    3    19  0   0.0%   0.043 CG:3    +
   27    60  0   0.0%   0.248 UG:3    +
   72   111  0   0.0%   0.131 AU:3    +
   30    75  0   0.0%   0.143 GU:3    +
   60    74  0   0.0%   1.156 GU:3    +
    5    57  0   0.0%   0.138 UG:3    +
   67    97  0   0.0%   0.141 UG:3    +
    4   111  0   0.0%   0.046 AU:3    +
   74    89  0   0.0%   0.039 UA:3    +
    5    73  0   0.0%   0.140 UA:3    +
   29    75  0   0.0%   0.135 GU:3    +
   26   100  0   0.0%   0.132 UA:3    +
   25   101  0   0.0%   0.366 AU:3    +
   32    42  0   0.0%   0.154 UG:3    +
   78    90  0   0.0%   0.193 UA:3    +
   75   100  0   0.0%   0.439 UA:3    +
   77    84  0   0.0%   0.022 AU:3    +
   22   104  0   0.0%   1.430 GU:3    +
   42    47  0   0.0%   0.173 GC:3    +
   68    96  0   0.0%   0.025 AU:3    +
   36    42  0   0.0%   0.182 CG:3    +
   47    52  0   0.0%   0.258 CG:3    +
    6    69  0   0.0%   1.007 GC:3    +
    9    19  0   0.0%   0.092 UG:3    +
   30    62  0   0.0%   0.134 GU:3    +
   66    98  0   0.0%   0.125 UA:3    +
   19    50  0   0.0%   0.218 GC:3    +
   31    61  0   0.0%   0.472 UA:3    +
   11    41  0   0.0%   0.042 AU:3    +
   29    63  0   0.0%   0.297 GC:3    +
    8    68  0   0.0%   0.492 UA:3    +
   17    83  0   0.0%   0.130 AU:3    +
   23    41  0   0.0%   0.014 AU:3    +
    7    69  0   0.0%   1.075 GC:3    +
   28    77  0   0.0%   0.116 UA:3    +
   54    66  0   0.0%   0.029 AU:3    +
   10    42  0   0.0%   0.044 CG:3    +
   31    40  0   0.0%   0.335 UA:3    +
    4    74  0   0.0%   0.035 AU:3    +
    9    73  0   0.0%   0.286 UA:3    +
   22    47  0   0.0%   0.558 GC:3    +
   68    78  0   0.0%   0.032 AU:3    +
    2    19  0   0.0%   0.036 CG:3    +
   53    67  0   0.0%   0.023 AU:3    +
   24    60  0   0.0%   0.294 CG:3    +
   39    60  0   0.0%   0.265 CG:3    +
   17    34  0   0.0%   0.128 AU:3    +
   68   110  0   0.0%   0.097 AU:3    +
   79    84  0   0.0%   0.035 GU:3    +
   26    68  0   0.0%   0.125 UA:3    +
   74    95  0   0.0%   0.109 UA:3    +
   39    52  0   0.0%   0.259 CG:3    +
   23    66  0   0.0%   0.026 AU:3    +
   42    48  0   0.0%   0.335 GC:3    +
   75    90  0   0.0%   0.424 UA:3    +
   75    88  0   0.0%   0.268 UG:3    +
    3    91  0   0.0%   0.057 CG:3    +
   30    45  0   0.0%   0.318 GC:3    +
   73    96  0   0.0%   0.079 AU:3    +
   66   109  0   0.0%   0.129 UA:3    +
    3    88  0   0.0%   0.057 CG:3    +
   78    89  0   0.0%   0.209 UA:3    +
   10    56  0   0.0%   0.039 CG:3    +
    7    93  0   0.0%   1.078 GC:3    +
   22    67  0   0.0%   0.584 GU:3    +
    6    45  0   0.0%   0.774 GC:3    +
   60   108  0   0.0%   2.010 GC:3    +
   61   107  0   0.0%   1.125 AU:3    +
    1    80  0   0.0%   0.012 AU:3    +
    7    44  0   0.0%   0.842 GC:3    +
   16    84  0   0.0%   0.489 GU:3    +
   28   100  0   0.0%   0.107 UA:3    +
   30    41  0   0.0%   0.136 GU:3    +
   77   104  0   0.0%   1.014 AU:3    +
   60    85  0   0.0%   1.399 GC:3    +
   57    80  0   0.0%   0.555 GU:3    +
   58    79  0   0.0%   0.582 CG:3    +
   56    81  0   0.0%   0.548 GC:3    +
   61    84  0   0.0%   0.516 AU:3    +
    8    92  0   0.0%   0.492 UA:3    +
   40    66  0   0.0%   0.139 AU:3    +
   69    91  0   0.0%   0.080 CG:3    +
    3    29  0   0.0%   0.043 CG:3    +
   32    60  0   0.0%   0.250 UG:3    +
    2    30  0   0.0%   0.037 CG:3    +
   62   106  0   0.0%   0.675 UG:3    +
    3    56  0   0.0%   0.050 CG:3    +
   75    94  0   0.0%   0.355 UG:3    +
   23    74  0   0.0%   0.010 AU:3    +
    2    57  0   0.0%   0.037 CG:3    +
   70   101  0   0.0%   0.329 AU:3    +
    7   104  0   0.0%   1.078 GU:3    +
   22    27  0   0.0%   0.029 GU:3    +
   20    26  0   0.0%   0.023 AU:3    +
   34    38  0   0.0%   0.116 UG:3    +
    3    94  0   0.0%   0.057 CG:3    +
    2    79  0   0.0%   0.037 CG:3    +
   39   106  0   0.0%   0.662 CG:3    +
    1   111  0   0.0%   0.013 AU:3    +
    4    28  0   0.0%   0.002 AU:3    +
    1   110  0   0.0%   0.012 AU:3    +
   56    63  0   0.0%   0.730 GC:3    +
   10    88  0   0.0%   0.231 CG:3    +
   29    99  0   0.0%   0.127 GC:3    +
   22    75  0   0.0%   0.577 GU:3    +
    9    89  0   0.0%   0.285 UA:3    +
   10    22  0   0.0%   0.036 CG:3    +
   63    94  0   0.0%   0.200 CG:3    +
   62    95  0   0.0%   0.064 UA:3    +
    9    91  0   0.0%   0.285 UG:3    +
   44   106  0   0.0%   1.164 CG:3    +
   24    57  0   0.0%   0.287 CG:3    +
   26    38  0   0.0%   0.036 UG:3    +
  102   106  0   0.0%   1.252 CG:3    +
   48    52  0   0.0%   0.420 CG:3    +
   71   110  0   0.0%   0.120 AU:3    +
   97   101  0   0.0%   0.762 GU:3    +
    1    31  0   0.0%   0.011 AU:3    +
   19    27  0   0.0%   0.036 GU:3    +
   27   100  0   0.0%   0.051 UA:3    +
    3    22  0   0.0%   0.043 CG:3    +
   70   104  0   0.0%   0.650 AU:3    +
   67   109  0   0.0%   0.145 UA:3    +
   91   105  0   0.0%   1.182 GC:3    +
   92   104  0   0.0%   1.016 AU:3    +
   19    76  0   0.0%   0.228 GC:3    +
   61    96  0   0.0%   0.514 AU:3    +
   18    22  0   0.0%   0.094 CG:3    +
   53    84  0   0.0%   0.014 AU:3    +
   52    85  0   0.0%   0.217 GC:3    +
    5    71  0   0.0%   0.139 UA:3    +
   38   107  0   0.0%   0.783 GU:3    +
    4     8  0   0.0%   0.010 AU:3    +
   54    83  0   0.0%   0.013 AU:3    +
   72   110  0   0.0%   0.146 AU:3    +
   16    24  0   0.0%   0.262 GC:3    +
   75    97  0   0.0%   0.355 UG:3    +
   13    19  0   0.0%   0.372 CG:3    +
   41   106  0   0.0%   0.696 UG:3    +
   46    69  0   0.0%   0.663 GC:3    +
   42   105  0   0.0%   0.766 GC:3    +
   60    93  0   0.0%   1.398 GC:3    +
    9    23  0   0.0%   0.092 UA:3    +
   70   111  0   0.0%   0.090 AU:3    +
   33    56  0   0.0%   0.220 CG:3    +
   20    75  0   0.0%   0.007 AU:3    +
   69    97  0   0.0%   0.080 CG:3    +
   94   110  0   0.0%   1.200 GU:3    +
   32    38  0   0.0%   0.139 UG:3    +
   63    91  0   0.0%   0.199 CG:3    +
   43    52  0   0.0%   0.461 CG:3    +
  106   111  0   0.0%   0.953 GU:3    +
   40   107  0   0.0%   0.734 AU:3    +
   59    94  0   0.0%   0.249 CG:3    +
   62    92  0   0.0%   0.063 UA:3    +
    1     9  0   0.0%   0.010 AU:3    +
    3    60  0   0.0%   0.050 CG:3    +
   70    96  0   0.0%   0.034 AU:3    +
    7    47  0   0.0%   0.841 GC:3    +
    8    90  0   0.0%   0.492 UA:3    +
   12    69  0   0.0%   0.601 GC:3    +
    6    48  0   0.0%   0.774 GC:3    +
   56    69  0   0.0%   0.545 GC:3    +
   38    66  0   0.0%   0.188 GU:3    +
   42   107  0   0.0%   0.767 GU:3    +
   88   108  0   0.0%   0.970 GC:3    +
   71   111  0   0.0%   0.105 AU:3    +
    8    46  0   0.0%   0.484 UG:3    +
   39    57  0   0.0%   0.257 CG:3    +
   77    83  0   0.0%   0.020 AU:3    +
   38    58  0   0.0%   0.366 GC:3    +
   12    21  0   0.0%   0.374 GC:3    +
    9    57  0   0.0%   0.095 UG:3    +
   65    88  0   0.0%   0.142 CG:3    +
   52    69  0   0.0%   0.220 GC:3    +
   18    88  0   0.0%   0.298 CG:3    +
   29    34  0   0.0%   0.034 GU:3    +
   28    35  0   0.0%   0.035 UA:3    +
    5    82  0   0.0%   0.147 UA:3    +
   19    87  0   0.0%   0.229 GC:3    +
   42    55  0   0.0%   0.157 GC:3    +
   22    99  0   0.0%   0.585 GC:3    +
   23    67  0   0.0%   0.019 AU:3    +
   28    72  0   0.0%   0.110 UA:3    +
   88   110  0   0.0%   0.434 GU:3    +
   78    82  0   0.0%   0.033 UA:3    +
   11   110  0   0.0%   0.038 AU:3    +
   19    26  0   0.0%   0.033 GU:3    +
    8    16  0   0.0%   0.535 UG:3    +
   89   107  0   0.0%   0.772 AU:3    +
   27    73  0   0.0%   0.053 UA:3    +
    4    62  0   0.0%   0.008 AU:3    +
   26    98  0   0.0%   0.131 UA:3    +
   70   110  0   0.0%   0.105 AU:3    +
   52    63  0   0.0%   0.411 GC:3    +
    5    72  0   0.0%   0.139 UA:3    +
   53    62  0   0.0%   0.029 AU:3    +
   38    67  0   0.0%   0.181 GU:3    +
    5    61  0   0.0%   0.138 UA:3    +
   71    84  0   0.0%   0.049 AU:3    +
    4    83  0   0.0%   0.041 AU:3    +
    7    24  0   0.0%   0.812 GC:3    +
   16    59  0   0.0%   0.488 GC:3    +
   15    60  0   0.0%   0.761 CG:3    +
   72    83  0   0.0%   0.072 AU:3    +
   29    43  0   0.0%   0.258 GC:3    +
   83   100  0   0.0%   0.452 UA:3    +
   95   111  0   0.0%   0.915 AU:3    +
    6    81  0   0.0%   1.012 GC:3    +
   94   103  0   0.0%   1.183 GC:3    +
   78   109  0   0.0%   0.372 UA:3    +
    4   104  0   0.0%   0.041 AU:3    +
    1    66  0   0.0%   0.011 AU:3    +
    8    23  0   0.0%   0.456 UA:3    +
   56   103  0   0.0%   0.730 GC:3    +
   57   102  0   0.0%   0.911 GC:3    +
   42    99  0   0.0%   0.159 GC:3    +
   19    33  0   0.0%   0.015 GC:3    +
   68   101  0   0.0%   0.320 AU:3    +
   49    87  0   0.0%   0.569 GC:3    +
   14    19  0   0.0%   0.713 CG:3    +
    5    95  0   0.0%   0.147 UA:3    +
   48    88  0   0.0%   0.385 CG:3    +
   41   100  0   0.0%   0.088 UA:3    +
   78    92  0   0.0%   0.122 UA:3    +
    9   109  0   0.0%   0.289 UA:3    +
   16    45  0   0.0%   0.286 GC:3    +
    4    96  0   0.0%   0.041 AU:3    +
   57    62  0   0.0%   0.554 GU:3    +
   67    88  0   0.0%   0.141 UG:3    +
   77   110  0   0.0%   0.466 AU:3    +
   75    82  0   0.0%   0.267 UA:3    +
   28    42  0   0.0%   0.177 UG:3    +
   74    92  0   0.0%   0.108 UA:3    +
   15    46  0   0.0%   0.369 CG:3    +
   84   109  0   0.0%   0.987 UA:3    +
   41    73  0   0.0%   0.086 UA:3    +
   90   111  0   0.0%   0.166 AU:3    +
   41    56  0   0.0%   0.284 UG:3    +
   75   106  0   0.0%   1.045 UG:3    +
   66    89  0   0.0%   0.123 UA:3    +
   80    90  0   0.0%   0.110 UA:3    +
   60    99  0   0.0%   1.398 GC:3    +
   82   101  0   0.0%   0.684 AU:3    +
   78    91  0   0.0%   0.124 UG:3    +
   20   110  0   0.0%   0.712 AU:3    +
   54    67  0   0.0%   0.022 AU:3    +
    3    97  0   0.0%   0.057 CG:3    +
   79   108  0   0.0%   0.938 GC:3    +
   40    74  0   0.0%   0.124 AU:3    +
   25    31  0   0.0%   0.032 AU:3    +
   35    67  0   0.0%   0.222 AU:3    +
   65    97  0   0.0%   0.142 CG:3    +
   12   108  0   0.0%   0.602 GC:3    +
   75    91  0   0.0%   0.354 UG:3    +
   18    30  0   0.0%   0.119 CG:3    +
   34    68  0   0.0%   0.004 UA:3    +
    2    60  0   0.0%   0.037 CG:3    +
   32    57  0   0.0%   0.243 UG:3    +
   19    44  0   0.0%   0.015 GC:3    +
  104   109  0   0.0%   0.830 UA:3    +
   40   101  0   0.0%   0.419 AU:3    +
   57    65  0   0.0%   0.608 GC:3    +
    6    85  0   0.0%   1.012 GC:3    +
    3    38  0   0.0%   0.043 CG:3    +
   17    31  0   0.0%   0.155 AU:3    +
   29    41  0   0.0%   0.135 GU:3    +
    5    86  0   0.0%   0.147 UA:3    +
   26    30  0   0.0%   0.055 UG:3    +
    2    38  0   0.0%   0.036 CG:3    +
   28    49  0   0.0%   0.299 UG:3    +
   57   107  0   0.0%   1.151 GU:3    +
   25    32  0   0.0%   0.030 AU:3    +
   56   108  0   0.0%   1.148 GC:3    +
   67    91  0   0.0%   0.142 UG:3    +
    2    88  0   0.0%   0.037 CG:3    +
   19   111  0   0.0%   0.889 GU:3    +
   63    88  0   0.0%   0.201 CG:3    +
   38   108  0   0.0%   0.783 GC:3    +
   16   107  0   0.0%   0.494 GU:3    +
   55    60  0   0.0%   1.162 CG:3    +
   50    56  0   0.0%   0.369 CG:3    +
   12    43  0   0.0%   0.403 GC:3    +
   52    76  0   0.0%   0.232 GC:3    +
   13    42  0   0.0%   0.406 CG:3    +
   53    75  0   0.0%   0.021 AU:3    +
    6    67  0   0.0%   1.016 GU:3    +
   22    26  0   0.0%   0.026 GU:3    +
   73    84  0   0.0%   0.081 AU:3    +
   16    37  0   0.0%   0.313 GC:3    +
   33    88  0   0.0%   0.029 CG:3    +
   32    89  0   0.0%   0.049 UA:3    +
   71    83  0   0.0%   0.048 AU:3    +
    8    72  0   0.0%   0.491 UA:3    +
   91   103  0   0.0%   0.763 GC:3    +
   56    66  0   0.0%   0.558 GU:3    +
   35    62  0   0.0%   0.222 AU:3    +
   16    32  0   0.0%   0.311 GU:3    +
    5    23  0   0.0%   0.120 UA:3    +
   70    84  0   0.0%   0.035 AU:3    +
    2    91  0   0.0%   0.037 CG:3    +
   14    52  0   0.0%   0.742 CG:3    +
   29    33  0   0.0%   0.035 GC:3    +
   15    38  0   0.0%   0.383 CG:3    +
   12    51  0   0.0%   0.404 GC:3    +
   13    56  0   0.0%   0.400 CG:3    +
   33    46  0   0.0%   0.220 CG:3    +
   66    92  0   0.0%   0.124 UA:3    +
   62    89  0   0.0%   0.063 UA:3    +
   42    67  0   0.0%   0.165 GU:3    +
   74    91  0   0.0%   0.110 UG:3    +
   21    52  0   0.0%   0.416 CG:3    +
   41    68  0   0.0%   0.083 UA:3    +
   20    34  0   0.0%   0.004 AU:3    +
   22    51  0   0.0%   0.760 GC:3    +
   22    55  0   0.0%   0.567 GC:3    +
   14    49  0   0.0%   0.741 CG:3    +
    2    94  0   0.0%   0.037 CG:3    +
   31    90  0   0.0%   0.277 UA:3    +
   27    70  0   0.0%   0.046 UA:3    +
   20    78  0   0.0%   0.012 AU:3    +
   20    28  0   0.0%   0.007 AU:3    +
   46    76  0   0.0%   0.675 GC:3    +
   25    67  0   0.0%   0.078 AU:3    +
   78    97  0   0.0%   0.315 UG:3    +
   42    81  0   0.0%   0.166 GC:3    +
   41    82  0   0.0%   0.087 UA:3    +
   41    53  0   0.0%   0.088 UA:3    +
   27    68  0   0.0%   0.047 UA:3    +
    6    24  0   0.0%   0.745 GC:3    +
   68   111  0   0.0%   0.082 AU:3    +
   26    71  0   0.0%   0.124 UA:3    +
    9    22  0   0.0%   0.091 UG:3    +
   42   103  0   0.0%   0.348 GC:3    +
   12    65  0   0.0%   0.654 GC:3    +
    7    59  0   0.0%   0.844 GC:3    +
    5    25  0   0.0%   0.120 UA:3    +
   12    32  0   0.0%   0.427 GU:3    +
   20    32  0   0.0%   0.030 AU:3    +
   27    97  0   0.0%   0.051 UG:3    +
   21    56  0   0.0%   0.415 CG:3    +
   67    79  0   0.0%   0.157 UG:3    +
   11    66  0   0.0%   0.051 AU:3    +
    1    41  0   0.0%   0.011 AU:3    +
   12    87  0   0.0%   0.601 GC:3    +
   54    74  0   0.0%   0.014 AU:3    +
   40    83  0   0.0%   0.128 AU:3    +
   19   104  0   0.0%   0.231 GU:3    +
   45   106  0   0.0%   1.112 CG:3    +
   58   106  0   0.0%   1.173 CG:3    +
   38    76  0   0.0%   0.183 GC:3    +
   46   103  0   0.0%   0.847 GC:3    +
    9    35  0   0.0%   0.119 UA:3    +
   10    91  0   0.0%   0.231 CG:3    +
   71    80  0   0.0%   0.067 AU:3    +
   17    28  0   0.0%   0.130 AU:3    +
   15    19  0   0.0%   0.364 CG:3    +
   34    53  0   0.0%   0.013 UA:3    +
    7    87  0   0.0%   1.077 GC:3    +
   38   103  0   0.0%   0.365 GC:3    +
   83   109  0   0.0%   0.311 UA:3    +
    7   103  0   0.0%   1.078 GC:3    +
  101   106  0   0.0%   1.418 UG:3    +
   16    36  0   0.0%   0.313 GC:3    +
   26    35  0   0.0%   0.049 UA:3    +
   26    46  0   0.0%   0.327 UG:3    +
   32    73  0   0.0%   0.052 UA:3    +
   34    70  0   0.0%   0.006 UA:3    +
    8   106  0   0.0%   0.494 UG:3    +
    8    86  0   0.0%   0.492 UA:3    +
   82   110  0   0.0%   0.164 AU:3    +
   62    86  0   0.0%   0.063 UA:3    +
   19    43  0   0.0%   0.015 GC:3    +
   16    65  0   0.0%   0.541 GC:3    +
   25    66  0   0.0%   0.085 AU:3    +
   25    34  0   0.0%   0.001 AU:3    +
   29    55  0   0.0%   0.117 GC:3    +
   16    33  0   0.0%   0.286 GC:3    +
  100   107  0   0.0%   0.970 AU:3    +
    5    89  0   0.0%   0.147 UA:3    +
   67    95  0   0.0%   0.141 UA:3    +
    8    71  0   0.0%   0.491 UA:3    +
   30    65  0   0.0%   0.189 GC:3    +
   16    26  0   0.0%   0.262 GU:3    +
    5    79  0   0.0%   0.153 UG:3    +
   67    90  0   0.0%   0.141 UA:3    +
   12    85  0   0.0%   0.600 GC:3    +
   25   104  0   0.0%   0.690 AU:3    +
   34    52  0   0.0%   0.212 UG:3    +
   97   104  0   0.0%   0.981 GU:3    +
   60    78  0   0.0%   1.413 GU:3    +
   65   106  0   0.0%   0.751 CG:3    +
   41    46  0   0.0%   0.321 UG:3    +
    4    80  0   0.0%   0.041 AU:3    +
    9    71  0   0.0%   0.284 UA:3    +
   90   104  0   0.0%   0.719 AU:3    +
   31    72  0   0.0%   0.281 UA:3    +
   13    52  0   0.0%   0.401 CG:3    +
   30    93  0   0.0%   0.134 GC:3    +
   28    56  0   0.0%   0.295 UG:3    +
   44    52  0   0.0%   0.408 CG:3    +
   70    83  0   0.0%   0.034 AU:3    +
   32    71  0   0.0%   0.052 UA:3    +
    9    92  0   0.0%   0.285 UA:3    +
   79   103  0   0.0%   0.519 GC:3    +
   79    83  0   0.0%   0.033 GU:3    +
   22    66  0   0.0%   0.591 GU:3    +
    7    84  0   0.0%   1.077 GU:3    +
   17    66  0   0.0%   0.144 AU:3    +
   16    67  0   0.0%   0.497 GU:3    +
   36    46  0   0.0%   0.262 CG:3    +
   21    88  0   0.0%   0.229 CG:3    +
   24    49  0   0.0%   0.292 CG:3    +
   42    66  0   0.0%   0.171 GU:3    +
  106   110  0   0.0%   0.986 GU:3    +
   22    58  0   0.0%   0.758 GC:3    +
   41    54  0   0.0%   0.087 UA:3    +
   92   111  0   0.0%   0.573 AU:3    +
    7    80  0   0.0%   1.077 GU:3    +
   28    73  0   0.0%   0.109 UA:3    +
    6    21  0   0.0%   0.744 GC:3    +
   65    94  0   0.0%   0.142 CG:3    +
   79   102  0   0.0%   0.700 GC:3    +
   17    32  0   0.0%   0.153 AU:3    +
   41    49  0   0.0%   0.289 UG:3    +
   15    91  0   0.0%   0.567 CG:3    +
   27    35  0   0.0%   0.053 UA:3    +
   27    57  0   0.0%   0.241 UG:3    +
   28    68  0   0.0%   0.102 UA:3    +
   22    87  0   0.0%   0.586 GC:3    +
   27    77  0   0.0%   0.059 UA:3    +
   67    94  0   0.0%   0.141 UG:3    +
   59    97  0   0.0%   0.249 CG:3    +
   16    76  0   0.0%   0.492 GC:3    +
   13    88  0   0.0%   0.595 CG:3    +
   29   102  0   0.0%   0.492 GC:3    +
   31    92  0   0.0%   0.277 UA:3    +
   19    64  0   0.0%   0.446 GC:3    +
   29    66  0   0.0%   0.141 GU:3    +
   66    79  0   0.0%   0.141 UG:3    +
   30    34  0   0.0%   0.035 GU:3    +
   13    22  0   0.0%   0.370 CG:3    +
   56    76  0   0.0%   0.557 GC:3    +
   46   102  0   0.0%   1.025 GC:3    +
   68   104  0   0.0%   0.641 AU:3    +
   19   107  0   0.0%   0.757 GU:3    +
   67    86  0   0.0%   0.138 UA:3    +
    6    75  0   0.0%   1.006 GU:3    +
   38    85  0   0.0%   0.177 GC:3    +
   62    82  0   0.0%   0.063 UA:3    +
   57    69  0   0.0%   0.548 GC:3    +
   91    99  0   0.0%   0.651 GC:3    +
   72    80  0   0.0%   0.091 AU:3    +
    4    26  0   0.0%   0.001 AU:3    +
   61    83  0   0.0%   0.515 AU:3    +
   63    79  0   0.0%   0.217 CG:3    +
    7   111  0   0.0%   1.080 GU:3    +
   17    75  0   0.0%   0.130 AU:3    +
   67   100  0   0.0%   0.142 UA:3    +
   46   105  0   0.0%   1.265 GC:3    +
   77   107  0   0.0%   1.008 AU:3    +
   25    75  0   0.0%   0.078 AU:3    +
   33    91  0   0.0%   0.028 CG:3    +
   38   102  0   0.0%   0.542 GC:3    +
   75    79  0   0.0%   0.295 UG:3    +
   63    97  0   0.0%   0.199 CG:3    +
    9    42  0   0.0%   0.099 UG:3    +
    5    19  0   0.0%   0.120 UG:3    +
   46    50  0   0.0%   0.261 GC:3    +
   66    95  0   0.0%   0.125 UA:3    +
   16    93  0   0.0%   0.491 GC:3    +
   45    49  0   0.0%   0.433 CG:3    +
    6    93  0   0.0%   1.012 GC:3    +
   66   100  0   0.0%   0.126 UA:3    +
    5    90  0   0.0%   0.147 UA:3    +
   73   111  0   0.0%   0.142 AU:3    +
   20    67  0   0.0%   0.014 AU:3    +
    6    26  0   0.0%   0.745 GU:3    +
   34    90  0   0.0%   0.003 UA:3    +
   42   102  0   0.0%   0.526 GC:3    +
   61   110  0   0.0%   0.588 AU:3    +
   59    79  0   0.0%   0.266 CG:3    +
   38    62  0   0.0%   0.177 GU:3    +
   12   103  0   0.0%   0.601 GC:3    +
   32    70  0   0.0%   0.051 UA:3    +
   31    71  0   0.0%   0.280 UA:3    +
   86   111  0   0.0%   0.153 AU:3    +
    9    70  0   0.0%   0.284 UA:3    +
   43    79  0   0.0%   0.312 CG:3    +
   62    98  0   0.0%   0.063 UA:3    +
   19    65  0   0.0%   0.276 GC:3    +
   15    94  0   0.0%   0.567 CG:3    +
    6   110  0   0.0%   1.016 GU:3    +
   66    91  0   0.0%   0.126 UG:3    +
   35    66  0   0.0%   0.229 AU:3    +
   29    93  0   0.0%   0.126 GC:3    +
    5    46  0   0.0%   0.137 UG:3    +
   11   104  0   0.0%   0.035 AU:3    +
   91   110  0   0.0%   0.768 GU:3    +
   80   100  0   0.0%   0.390 UA:3    +
   18    38  0   0.0%   0.104 CG:3    +
   19    37  0   0.0%   0.042 GC:3    +
   14    22  0   0.0%   0.712 CG:3    +
   28    94  0   0.0%   0.106 UG:3    +
   28    95  0   0.0%   0.106 UA:3    +
   80    88  0   0.0%   0.122 UG:3    +
   62   109  0   0.0%   0.069 UA:3    +
   79   101  0   0.0%   0.922 GU:3    +
    4   101  0   0.0%   0.041 AU:3    +
    6   102  0   0.0%   1.012 GC:3    +
    5   100  0   0.0%   0.147 UA:3    +
    7    66  0   0.0%   1.091 GU:3    +
   46    66  0   0.0%   0.676 GU:3    +
   75   109  0   0.0%   0.436 UA:3    +
   20    66  0   0.0%   0.021 AU:3    +
    6   104  0   0.0%   1.012 GU:3    +
   80   109  0   0.0%   0.248 UA:3    +
   13   106  0   0.0%   0.597 CG:3    +
   16    64  0   0.0%   0.710 GC:3    +
   18    91  0   0.0%   0.297 CG:3    +
   75    86  0   0.0%   0.265 UA:3    +
   29    58  0   0.0%   0.308 GC:3    +
   19   110  0   0.0%   0.903 GU:3    +
   32    91  0   0.0%   0.049 UG:3    +
   28    61  0   0.0%   0.297 UA:3    +
  101   109  0   0.0%   0.682 UA:3    +
   34    49  0   0.0%   0.207 UG:3    +
   12   107  0   0.0%   0.602 GU:3    +
   41    71  0   0.0%   0.086 UA:3    +
   57    75  0   0.0%   0.553 GU:3    +
   79   110  0   0.0%   0.402 GU:3    +
   47    56  0   0.0%   0.263 CG:3    +
   26    70  0   0.0%   0.124 UA:3    +
   78   106  0   0.0%   0.982 UG:3    +
   90    96  0   0.0%   0.278 AU:3    +
    8    60  0   0.0%   0.486 UG:3    +
   49    62  0   0.0%   0.584 GU:3    +
   29    74  0   0.0%   0.128 GU:3    +
   60   101  0   0.0%   1.690 GU:3    +
   82   111  0   0.0%   0.148 AU:3    +
   53    66  0   0.0%   0.029 AU:3    +
   32    92  0   0.0%   0.049 UA:3    +
   30    67  0   0.0%   0.142 GU:3    +
   83    98  0   0.0%   0.461 UA:3    +
   16    39  0   0.0%   0.288 GC:3    +
   52    67  0   0.0%   0.226 GU:3    +
   45    88  0   0.0%   0.505 CG:3    +
   23    78  0   0.0%   0.023 AU:3    +
.....(((...))).(((((.(.(((.((((...)))).)))...((((.....))))..................((((((((.........))))))))).)))))...
