3 sequence; length of alignment 65
alifold output
    8    31  0  99.8%   0.009 GC:3   
    9    30  0  99.8%   0.009 UA:3   
   10    29  0  99.5%   0.017 AU:3   
    7    32  0  99.5%   0.020 GC:3   
   11    28  0  97.6%   0.071 CG:3   
   15    24  0  89.0%   0.330 UG:1    UA:2   
   14    25  0  89.4%   0.312 GC:3   
    5    35  0  74.1%   1.112 UG:3   
    4    36  0  73.6%   1.021 UA:3   
    6    34  0  72.8%   0.696 AU:3   
    3    37  0  69.4%   1.344 UG:3   
    2    38  0  59.1%   1.230 UA:3   
   50    60  0  54.8%   1.524 GC:3   
   51    59  0  53.1%   1.263 AU:3   
   49    61  0  51.5%   1.502 UA:3   
   48    62  1  39.0%   1.423 AU:2   
   17    23  0  34.1%   1.135 CG:3    +
   52    58  0  30.7%   1.371 GU:3   
   18    22  0  27.9%   1.077 UA:3    +
    2    36  0  13.0%   0.799 UA:3    +
    1    37  0  13.0%   0.799 CG:3    +
   52    60  0  12.7%   1.879 GC:3    +
   53    59  0  12.5%   1.380 AU:3    +
    3    35  0  11.5%   0.750 UG:3    +
   50    55  0   6.0%   0.671 GC:3    +
   44    60  0   5.6%   0.657 GC:3    +
   43    61  0   5.5%   0.713 UA:3    +
   49    56  0   5.5%   0.545 UA:3    +
   50    62  0   5.5%   1.713 GU:3    +
    5    33  0   5.4%   0.477 UA:3    +
   42    62  0   5.3%   0.756 GU:3    +
   49    63  0   5.2%   1.054 UA:3    +
   14    27  0   3.4%   0.454 GC:3    +
   35    60  0   3.3%   0.884 GC:3    +
   48    64  1   3.7%   0.896 AU:2    +
   36    59  0   3.2%   0.911 AU:3    +
   15    26  0   3.2%   0.452 UA:3    +
   34    61  0   3.1%   0.596 UA:3    +
   33    62  0   2.8%   0.467 AU:3    +
   45    52  0   1.5%   0.274 CG:2    UG:1    +
   37    58  0   2.2%   0.841 GU:3    +
   46    64  0   2.0%   0.371 AU:3    +
    2    41  0   0.9%   0.738 UG:1    UA:2    +
   45    50  0   0.9%   0.157 CG:2    UG:1    +
   13    28  0   1.4%   0.226 CG:3    +
   41    59  0   0.2%   0.233 GU:1    AU:2    +
   41    54  0   0.1%   0.121 GU:1    AU:2    +
   42    55  0   1.1%   0.298 GC:3    +
    1    42  0   1.1%   0.418 CG:3    +
   41    49  0   0.1%   0.080 GU:1    AU:2    +
   18    24  0   0.1%   0.489 UG:1    UA:2    +
   14    45  0   0.1%   0.248 GC:2    GU:1    +
   18    41  0   0.1%   0.435 UG:1    UA:2    +
   35    45  0   0.1%   0.540 GC:2    GU:1    +
   53    64  0   1.0%   0.740 AU:3    +
   41    64  0   0.0%   0.112 GU:1    AU:2    +
   37    45  0   0.0%   0.596 GC:2    GU:1    +
   41    58  0   0.0%   0.163 GU:1    AU:2    +
   52    65  0   1.0%   0.927 GC:3    +
   19    24  0   0.0%   0.124 UG:1    UA:2    +
    8    45  0   0.0%   0.012 GC:2    GU:1    +
   41    62  0   0.0%   0.196 GU:1    AU:2    +
   34    41  0   0.0%   0.291 UG:1    UA:2    +
    3    41  0   0.0%   0.621 UG:1    UA:2    +
   54    63  0   1.0%   0.423 UA:3    +
   14    20  0   0.0%   0.002 GC:1    GU:2    +
   23    45  0   0.0%   0.426 GC:2    GU:1    +
   28    45  0   0.0%   0.104 GC:2    GU:1    +
   20    24  0   0.0%   0.115 CG:1    UA:2    +
   20    37  0   0.0%   0.581 CG:1    UG:2    +
    4    41  0   0.0%   0.329 UG:1    UA:2    +
    2    24  0   0.0%   0.001 UG:1    UA:2    +
   15    41  0   0.0%   0.279 UG:1    UA:2    +
    3    24  0   0.0%   0.001 UG:1    UA:2    +
   20    35  0   0.0%   0.513 CG:1    UG:2    +
   24    34  0   0.0%   0.350 GU:1    AU:2    +
    5    41  0   0.0%   0.442 UG:1    UA:2    +
   24    29  0   0.0%   0.119 GU:1    AU:2    +
    8    20  0   0.0%   0.004 GC:1    GU:2    +
   29    41  0   0.0%   0.056 UG:1    UA:2    +
   24    43  0   0.0%   0.121 GU:1    AU:2    +
   20    52  0   0.0%   0.017 CG:1    UG:2    +
   46    59  0   0.9%   0.303 AU:3    +
    3    36  0   0.8%   0.630 UA:3    +
    4    35  0   0.7%   0.364 UG:3    +
   51    58  0   0.7%   0.272 AU:3    +
   43    63  0   0.7%   0.392 UA:3    +
   42    64  0   0.6%   0.451 GU:3    +
   43    53  0   0.6%   0.157 UA:3    +
    2    37  0   0.6%   0.622 UG:3    +
   42    54  0   0.5%   0.212 GU:3    +
   35    55  0   0.5%   0.600 GC:3    +
   36    54  0   0.5%   0.631 AU:3    +
   44    62  0   0.5%   0.545 GU:3    +
   46    58  0   0.5%   0.188 AU:3    +
   44    65  0   0.4%   0.312 GC:3    +
   34    56  0   0.4%   0.311 UA:3    +
   43    52  0   0.4%   0.114 UG:3    +
   49    57  0   0.4%   0.265 UA:3    +
   53    58  0   0.3%   0.639 AU:3    +
    4    37  0   0.3%   0.866 UG:3    +
   44    55  0   0.3%   0.164 GC:3    +
    3    38  0   0.3%   0.902 UA:3    +
   50    65  0   0.3%   0.817 GC:3    +
    5    36  0   0.3%   0.959 UA:3    +
   51    64  0   0.3%   0.706 AU:3    +
   42    58  0   0.3%   0.300 GU:3    +
   50    59  0   0.3%   0.461 GU:3    +
   43    57  0   0.3%   0.156 UA:3    +
   43    56  0   0.3%   0.159 UA:3    +
   37    60  0   0.2%   0.828 GC:3    +
   38    59  0   0.2%   0.499 AU:3    +
   43    51  0   0.2%   0.075 UA:3    +
   13    23  0   0.2%   0.046 CG:3    +
   15    23  0   0.2%   0.062 UG:3    +
   14    21  0   0.2%   0.034 GC:3    +
   52    59  0   0.2%   1.029 GU:3    +
   12    28  0   0.1%   0.063 CG:3    +
   37    55  0   0.1%   0.632 GC:3    +
   12    23  0   0.1%   0.030 CG:3    +
   38    54  0   0.1%   0.387 AU:3    +
   54    61  0   0.1%   0.716 UA:3    +
   42    49  0   0.1%   0.115 GU:3    +
   53    62  0   0.1%   1.166 AU:3    +
   51    62  0   0.1%   1.234 AU:3    +
   35    62  0   0.1%   0.785 GU:3    +
   34    63  0   0.1%   0.402 UA:3    +
   18    23  0   0.1%   0.780 UG:3    +
   42    65  0   0.1%   0.393 GC:3    +
   33    64  0   0.1%   0.287 AU:3    +
   58    63  0   0.1%   0.828 UA:3    +
   57    64  0   0.1%   0.379 AU:3    +
   19    23  0   0.1%   0.427 UG:3    +
   15    22  0   0.1%   0.021 UA:3    +
   21    35  0   0.1%   0.541 CG:3    +
   17    42  0   0.1%   0.443 CG:3    +
   16    43  0   0.1%   0.024 AU:3    +
   15    44  0   0.1%   0.259 UG:3    +
   22    34  0   0.1%   0.612 AU:3    +
   44    64  0   0.1%   0.297 GU:3    +
   38    64  0   0.1%   0.382 AU:3    +
   37    65  0   0.1%   0.702 GC:3    +
    1    52  0   0.1%   0.335 CG:3    +
   19    37  0   0.1%   0.591 UG:3    +
    2    51  0   0.1%   0.666 UA:3    +
    1    44  0   0.1%   0.330 CG:3    +
   43    50  0   0.0%   0.049 UG:3    +
   34    46  0   0.0%   0.254 UA:3    +
    3    50  0   0.0%   0.587 UG:3    +
   42    60  0   0.0%   0.313 GC:3    +
   34    42  0   0.0%   0.311 UG:3    +
   46    62  0   0.0%   0.376 AU:3    +
   33    43  0   0.0%   0.181 AU:3    +
    4    33  0   0.0%   0.009 UA:3    +
   46    54  0   0.0%   0.087 AU:3    +
   36    43  0   0.0%   0.575 AU:3    +
   23    32  0   0.0%   0.427 GC:3    +
   44    49  0   0.0%   0.055 GU:3    +
    5    50  0   0.0%   0.409 UG:3    +
    4    51  0   0.0%   0.296 UA:3    +
   26    43  0   0.0%   0.125 AU:3    +
   27    42  0   0.0%   0.180 CG:3    +
   25    44  0   0.0%   0.119 CG:3    +
   56    62  0   0.0%   1.039 AU:3    +
    3    52  0   0.0%   0.591 UG:3    +
    6    49  0   0.0%   0.240 AU:3    +
    8    17  0   0.0%   0.008 GC:3    +
    9    16  0   0.0%   0.006 UA:3    +
    7    13  0   0.0%   0.006 GC:3    +
   10    43  0   0.0%   0.013 AU:3    +
    9    44  0   0.0%   0.014 UG:3    +
    1    35  0   0.0%   0.006 CG:3    +
    7    18  0   0.0%   0.008 GU:3    +
   11    42  0   0.0%   0.081 CG:3    +
    8    12  0   0.0%   0.006 GC:3    +
    2    53  0   0.0%   0.663 UA:3    +
   18    38  0   0.0%   0.709 UA:3    +
   36    64  0   0.0%   0.704 AU:3    +
   35    65  0   0.0%   0.674 GC:3    +
   38    58  0   0.0%   0.434 AU:3    +
   10    15  0   0.0%   0.005 AU:3    +
   38    43  0   0.0%   0.355 AU:3    +
    6    19  0   0.0%   0.005 AU:3    +
    4    38  0   0.0%   0.614 UA:3    +
   49    53  0   0.0%   0.065 UA:3    +
    5    37  0   0.0%   0.966 UG:3    +
   17    28  0   0.0%   0.466 CG:3    +
   16    29  0   0.0%   0.012 AU:3    +
   15    30  0   0.0%   0.238 UA:3    +
   14    31  0   0.0%   0.231 GC:3    +
    2    42  0   0.0%   0.706 UG:3    +
   21    50  0   0.0%   0.028 CG:3    +
   22    49  0   0.0%   0.374 AU:3    +
   15    38  0   0.0%   0.565 UA:3    +
   17    37  0   0.0%   0.940 CG:3    +
   50    54  0   0.0%   0.140 GU:3    +
   18    36  0   0.0%   0.921 UA:3    +
    2    35  0   0.0%   0.006 UG:3    +
   57    62  0   0.0%   0.877 AU:3    +
   33    58  0   0.0%   0.168 AU:3    +
    1    50  0   0.0%   0.324 CG:3    +
   19    35  0   0.0%   0.523 UG:3    +
   36    58  0   0.0%   0.584 AU:3    +
   37    59  0   0.0%   0.783 GU:3    +
   19    52  0   0.0%   0.027 UG:3    +
   37    43  0   0.0%   0.592 GU:3    +
   33    49  0   0.0%   0.170 AU:3    +
   32    44  0   0.0%   0.025 CG:3    +
    3    33  0   0.0%   0.002 UA:3    +
   34    57  0   0.0%   0.270 UA:3    +
   32    37  0   0.0%   0.583 CG:3    +
   50    64  0   0.0%   0.993 GU:3    +
   18    53  0   0.0%   0.384 UA:3    +
   38    62  0   0.0%   0.470 AU:3    +
   30    43  0   0.0%   0.015 AU:3    +
   29    44  0   0.0%   0.022 UG:3    +
   31    42  0   0.0%   0.066 CG:3    +
    9    46  0   0.0%   0.008 UA:3    +
   25    35  0   0.0%   0.618 CG:3    +
    8    54  0   0.0%   0.010 GU:3    +
    7    55  0   0.0%   0.011 GC:3    +
    9    53  0   0.0%   0.010 UA:3    +
   21    37  0   0.0%   0.591 CG:3    +
   23    31  0   0.0%   0.417 GC:3    +
   26    34  0   0.0%   0.349 AU:3    +
    2     6  0   0.0%   0.001 UA:3    +
    1    23  0   0.0%   0.001 CG:3    +
   19    38  0   0.0%   0.348 UA:3    +
    2    22  0   0.0%   0.001 UA:3    +
   23    27  0   0.0%   0.528 GC:3    +
    8    32  0   0.0%   0.012 GC:3    +
   44    58  0   0.0%   0.150 GU:3    +
   44    54  0   0.0%   0.100 GU:3    +
   32    50  0   0.0%   0.018 CG:3    +
   59    63  0   0.0%   1.056 UA:3    +
   56    64  0   0.0%   0.522 AU:3    +
   14    19  0   0.0%   0.002 GU:3    +
    8    64  0   0.0%   0.010 GU:3    +
    9    63  0   0.0%   0.008 UA:3    +
    1     7  0   0.0%   0.001 CG:3    +
    5    38  0   0.0%   0.727 UA:3    +
   36    62  0   0.0%   0.800 AU:3    +
    5    63  0   0.0%   0.401 UA:3    +
   19    26  0   0.0%   0.120 UA:3    +
    7    65  0   0.0%   0.011 GC:3    +
   42    59  0   0.0%   0.317 GU:3    +
   44    59  0   0.0%   0.183 GU:3    +
   10    62  0   0.0%   0.009 AU:3    +
    6    62  0   0.0%   0.236 AU:3    +
    2    33  0   0.0%   0.002 UA:3    +
    3    22  0   0.0%   0.001 UA:3    +
   35    59  0   0.0%   0.550 GU:3    +
   38    49  0   0.0%   0.339 AU:3    +
   36    49  0   0.0%   0.560 AU:3    +
    3    42  0   0.0%   0.628 UG:3    +
   18    51  0   0.0%   0.387 UA:3    +
   17    52  0   0.0%   0.384 CG:3    +
   35    43  0   0.0%   0.532 GU:3    +
   19    50  0   0.0%   0.025 UG:3    +
   27    35  0   0.0%   0.632 CG:3    +
   34    51  0   0.0%   0.255 UA:3    +
    3    23  0   0.0%   0.001 UG:3    +
   34    53  0   0.0%   0.251 UA:3    +
   28    34  0   0.0%   0.333 GU:3    +
   52    62  0   0.0%   1.562 GU:3    +
    2    23  0   0.0%   0.002 UG:3    +
    4    22  0   0.0%   0.001 UA:3    +
   31    37  0   0.0%   0.577 CG:3    +
   33    54  0   0.0%   0.166 AU:3    +
   50    58  0   0.0%   0.379 GU:3    +
    2    44  0   0.0%   0.658 UG:3    +
   29    33  0   0.0%   0.168 UA:3    +
    3    51  0   0.0%   0.584 UA:3    +
   12    50  0   0.0%   0.028 CG:3    +
   29    38  0   0.0%   0.339 UA:3    +
   52    64  0   0.0%   1.009 GU:3    +
    4    50  0   0.0%   0.289 UG:3    +
    8    13  0   0.0%   0.004 GC:3    +
    1     8  0   0.0%   0.001 CG:3    +
   28    32  0   0.0%   0.103 GC:3    +
   34    44  0   0.0%   0.258 UG:3    +
    2     7  0   0.0%   0.001 UG:3    +
   18    26  0   0.0%   0.482 UA:3    +
    4    23  0   0.0%   0.001 UG:3    +
    6    43  0   0.0%   0.234 AU:3    +
   33    59  0   0.0%   0.166 AU:3    +
    2    52  0   0.0%   0.662 UG:3    +
   11    52  0   0.0%   0.033 CG:3    +
   12    35  0   0.0%   0.531 CG:3    +
    2    63  0   0.0%   0.660 UA:3    +
    2    46  0   0.0%   0.654 UA:3    +
   13    50  0   0.0%   0.080 CG:3    +
    6    15  0   0.0%   0.001 AU:3    +
    5    44  0   0.0%   0.402 UG:3    +
   34    38  0   0.0%   0.571 UA:3    +
    5    22  0   0.0%   0.001 UA:3    +
    7    31  0   0.0%   0.005 GC:3    +
    5    16  0   0.0%   0.000 UA:3    +
   19    36  0   0.0%   0.558 UA:3    +
   25    37  0   0.0%   0.674 CG:3    +
   21    28  0   0.0%   0.106 CG:3    +
   14    55  0   0.0%   0.235 GC:3    +
   37    54  0   0.0%   0.603 GU:3    +
   11    50  0   0.0%   0.033 CG:3    +
   37    62  0   0.0%   0.796 GU:3    +
   13    42  0   0.0%   0.127 CG:3    +
    3    63  0   0.0%   0.583 UA:3    +
    7    12  0   0.0%   0.001 GC:3    +
    7    17  0   0.0%   0.003 GC:3    +
    4    52  0   0.0%   0.294 UG:3    +
    3    53  0   0.0%   0.584 UA:3    +
    6    18  0   0.0%   0.001 AU:3    +
    4    63  0   0.0%   0.288 UA:3    +
   11    44  0   0.0%   0.032 CG:3    +
    5    51  0   0.0%   0.407 UA:3    +
   13    35  0   0.0%   0.583 CG:3    +
    6    64  0   0.0%   0.236 AU:3    +
   25    50  0   0.0%   0.111 CG:3    +
   26    49  0   0.0%   0.116 AU:3    +
   10    49  0   0.0%   0.011 AU:3    +
    5    56  0   0.0%   0.401 UA:3    +
   12    37  0   0.0%   0.588 CG:3    +
    3    44  0   0.0%   0.581 UG:3    +
    3    46  0   0.0%   0.577 UA:3    +
    4    57  0   0.0%   0.287 UA:3    +
   15    53  0   0.0%   0.243 UA:3    +
    8    27  0   0.0%   0.004 GC:3    +
    9    38  0   0.0%   0.333 UA:3    +
    9    50  0   0.0%   0.013 UG:3    +
    9    26  0   0.0%   0.002 UA:3    +
    4    42  0   0.0%   0.336 UG:3    +
   37    64  0   0.0%   0.696 GU:3    +
    2    57  0   0.0%   0.660 UA:3    +
   11    23  0   0.0%   0.001 CG:3    +
   14    54  0   0.0%   0.234 GU:3    +
   14    58  0   0.0%   0.234 GU:3    +
    6    29  0   0.0%   0.002 AU:3    +
   15    57  0   0.0%   0.241 UA:3    +
    4    16  0   0.0%   0.000 UA:3    +
   37    49  0   0.0%   0.582 GU:3    +
    7    21  0   0.0%   0.004 GC:3    +
    2    61  0   0.0%   0.660 UA:3    +
   18    37  0   0.0%   0.942 UG:3    +
    2    50  0   0.0%   0.655 UG:3    +
    5    30  0   0.0%   0.000 UA:3    +
    3    56  0   0.0%   0.582 UA:3    +
   14    49  0   0.0%   0.236 GU:3    +
   29    46  0   0.0%   0.008 UA:3    +
   15    56  0   0.0%   0.241 UA:3    +
   14    18  0   0.0%   0.002 GU:3    +
    3    57  0   0.0%   0.582 UA:3    +
   35    64  0   0.0%   0.676 GU:3    +
    7    34  0   0.0%   0.241 GU:3    +
   35    49  0   0.0%   0.527 GU:3    +
    5    57  0   0.0%   0.401 UA:3    +
    7    60  0   0.0%   0.010 GC:3    +
   25    42  0   0.0%   0.160 CG:3    +
    5    61  0   0.0%   0.401 UA:3    +
    3    61  0   0.0%   0.582 UA:3    +
    4    56  0   0.0%   0.287 UA:3    +
    5    52  0   0.0%   0.407 UG:3    +
   19    53  0   0.0%   0.022 UA:3    +
   11    37  0   0.0%   0.591 CG:3    +
    8    59  0   0.0%   0.009 GU:3    +
   16    54  0   0.0%   0.011 AU:3    +
    4    53  0   0.0%   0.289 UA:3    +
   19    51  0   0.0%   0.024 UA:3    +
    4    61  0   0.0%   0.287 UA:3    +
   48    58  1   0.3%   0.195 AU:2    +
    3    40  1   0.3%   0.611 UA:2    +
   42    47  1   0.1%   0.091 GC:2    +
   39    44  1   0.1%   0.038 CG:2    +
   43    48  1   0.1%   0.037 UA:2    +
   20    36  1   0.1%   0.566 UA:2    +
   47    52  1   0.1%   0.120 CG:2    +
   39    50  1   0.1%   0.034 CG:2    +
   40    49  1   0.1%   0.043 AU:2    +
   40    64  1   0.1%   0.060 AU:2    +
   39    52  1   0.0%   0.032 CG:2    +
   19    40  1   0.0%   0.042 UA:2    +
    2    40  1   0.0%   0.613 UA:2    +
   40    59  1   0.0%   0.158 AU:2    +
   48    54  1   0.0%   0.087 AU:2    +
   40    54  1   0.0%   0.065 AU:2    +
   14    39  1   0.0%   0.230 GC:2    +
   16    20  1   0.0%   0.006 AU:2    +
   20    51  1   0.0%   0.018 UA:2    +
   48    59  1   0.0%   0.212 AU:2    +
   35    47  1   0.0%   0.526 GC:2    +
   34    48  1   0.0%   0.249 UA:2    +
   35    39  1   0.0%   0.520 GC:2    +
    8    47  1   0.0%   0.010 GC:2    +
   40    58  1   0.0%   0.117 AU:2    +
   37    47  1   0.0%   0.580 GC:2    +
   20    38  1   0.0%   0.341 UA:2    +
   34    40  1   0.0%   0.261 UA:2    +
   40    62  1   0.0%   0.141 AU:2    +
    4    40  1   0.0%   0.304 UA:2    +
   28    39  1   0.0%   0.096 GC:2    +
    5    48  1   0.0%   0.398 UA:2    +
   29    40  1   0.0%   0.028 UA:2    +
   23    47  1   0.0%   0.418 GC:2    +
    7    47  1   0.0%   0.010 GC:2    +
    5    40  1   0.0%   0.417 UA:2    +
    8    39  1   0.0%   0.006 GC:2    +
   20    26  1   0.0%   0.112 UA:2    +
   15    40  1   0.0%   0.254 UA:2    +
   23    39  1   0.0%   0.417 GC:2    +
   28    47  1   0.0%   0.096 GC:2    +
    2    48  1   0.0%   0.654 UA:2    +
.((((((((((..((........))..))))).))))).........(((((.....)))))...
