3 sequence; length of alignment 57
alifold output
   18    29  0 100.0%   0.000 GC:3   
   19    28  0 100.0%   0.001 GC:3   
    2    42  0 100.0%   0.001 GC:3   
    5    39  0 100.0%   0.001 GC:3   
   17    30  0 100.0%   0.001 CG:3   
    3    41  0  99.9%   0.002 UG:3   
    4    40  0  99.9%   0.003 AU:3   
    6    38  0  99.8%   0.009 GC:3   
   10    37  0  98.1%   0.072 GC:3   
   16    31  0  96.7%   0.097 UA:3   
    1    43  0  95.9%   0.122 CG:3   
   11    36  0  95.8%   0.150 AU:3   
   12    35  0  92.8%   0.228 AU:3   
   20    27  0  91.8%   0.236 AU:3   
   13    34  0  88.8%   0.326 AU:3   
   15    33  0  11.4%   0.741 GC:3    +
   14    34  0   8.9%   0.759 AU:3    +
   13    35  0   6.2%   0.705 AU:3    +
   12    36  0   3.5%   0.487 AU:3    +
   16    32  0   3.1%   0.356 UG:3    +
   44    55  0   1.4%   0.211 GC:3    +
   43    56  0   1.2%   0.206 GC:3    +
   10    36  0   0.2%   0.041 GU:3    +
   51    56  0   0.2%   0.118 GC:3    +
   11    35  0   0.2%   0.038 AU:3    +
   21    25  0   0.2%   0.033 AU:3    +
   44    56  0   0.2%   0.174 GC:3    +
   21    27  0   0.1%   0.113 AU:3    +
   12    34  0   0.1%   0.024 AU:3    +
   43    57  0   0.1%   0.121 GC:3    +
   44    53  0   0.1%   0.041 GU:3    +
   44    49  0   0.1%   0.024 GU:3    +
   46    51  0   0.1%   0.022 UG:3    +
   44    50  0   0.1%   0.029 GU:3    +
    1    44  0   0.1%   0.055 CG:3    +
   45    51  0   0.1%   0.014 UG:3    +
   51    55  0   0.1%   0.086 GC:3    +
   44    54  0   0.1%   0.038 GU:3    +
   51    57  0   0.0%   0.048 GC:3    +
   43    55  0   0.0%   0.051 GC:3    +
   10    35  0   0.0%   0.005 GU:3    +
   44    52  0   0.0%   0.022 GU:3    +
   11    34  0   0.0%   0.004 AU:3    +
    6    37  0   0.0%   0.004 GC:3    +
   47    51  0   0.0%   0.014 UG:3    +
   20    25  0   0.0%   0.003 AU:3    +
   10    38  0   0.0%   0.040 GC:3    +
   44    48  0   0.0%   0.008 GU:3    +
   44    57  0   0.0%   0.110 GC:3    +
   43    50  0   0.0%   0.043 GU:3    +
    5    38  0   0.0%   0.002 GC:3    +
   19    26  0   0.0%   0.002 GC:3    +
   43    54  0   0.0%   0.044 GU:3    +
    6    39  0   0.0%   0.005 GC:3    +
   22    27  0   0.0%   0.088 AU:3    +
   10    34  0   0.0%   0.001 GU:3    +
   43    52  0   0.0%   0.043 GU:3    +
   42    51  0   0.0%   0.001 CG:3    +
   41    52  0   0.0%   0.001 GU:3    +
   14    35  0   0.0%   0.470 AU:3    +
   43    49  0   0.0%   0.041 GU:3    +
   43    53  0   0.0%   0.042 GU:3    +
   18    27  0   0.0%   0.000 GU:3    +
   15    34  0   0.0%   0.577 GU:3    +
   20    24  0   0.0%   0.000 AU:3    +
    5    40  0   0.0%   0.002 GU:3    +
   43    48  0   0.0%   0.041 GU:3    +
   13    36  0   0.0%   0.451 AU:3    +
   10    33  0   0.0%   0.000 GC:3    +
   18    28  0   0.0%   0.000 GC:3    +
    1    51  0   0.0%   0.045 CG:3    +
    6    42  0   0.0%   0.004 GC:3    +
    7    41  0   0.0%   0.001 UG:3    +
   17    32  0   0.0%   0.108 CG:3    +
   43    47  0   0.0%   0.041 GU:3    +
   19    55  0   0.0%   0.001 GC:3    +
   20    54  0   0.0%   0.080 AU:3    +
   22    52  0   0.0%   0.000 AU:3    +
   21    53  0   0.0%   0.019 AU:3    +
   23    51  0   0.0%   0.000 CG:3    +
   18    56  0   0.0%   0.000 GC:3    +
   19    27  0   0.0%   0.001 GU:3    +
   29    43  0   0.0%   0.041 CG:3    +
   28    44  0   0.0%   0.005 CG:3    +
   30    42  0   0.0%   0.001 GC:3    +
   19    29  0   0.0%   0.001 GC:3    +
   31    40  0   0.0%   0.033 AU:3    +
   32    39  0   0.0%   0.109 GC:3    +
    9    14  0   0.0%   0.000 UA:3    +
    7    11  0   0.0%   0.000 UA:3    +
((((((...((((..(((((......)))))..))))))))))..............
