3 sequence; length of alignment 34
alifold output
    8    18  0  78.9%   0.567 UA:3   
    7    19  0  78.9%   1.129 CG:3   
    9    17  0  78.6%   0.765 GC:3   
    6    20  0  64.7%   1.390 UA:3   
    4    23  0  47.2%   1.076 CG:3   
    3    24  0  47.2%   1.234 GC:3   
    2    25  0  37.9%   1.366 CG:3   
   23    32  0  30.8%   1.750 GC:3    +
   24    31  0  30.7%   1.780 CG:3    +
   22    33  0  29.6%   1.146 AU:3    +
    4    25  0  21.5%   1.726 CG:3    +
    5    24  0  21.4%   1.667 GC:3    +
    3    26  0  21.4%   1.515 GC:3    +
   21    34  0  20.5%   1.010 AU:3    +
    6    15  0  18.4%   0.942 UA:3    +
    7    14  0  18.3%   0.947 CG:3    +
    5    16  0  18.2%   0.944 GC:3    +
    2    19  0  11.5%   0.764 CG:3    +
    6    23  0  11.0%   1.699 UG:3    +
    1    20  0  10.1%   0.713 UA:3    +
   26    31  0   5.7%   1.201 CG:3    +
   25    32  0   5.6%   1.552 GC:3    +
    3    17  0   5.5%   0.491 GC:3    +
   13    19  0   1.5%   0.657 CG:3    +
    7    23  0   1.4%   1.272 CG:3    +
    8    22  0   1.4%   0.381 UA:3    +
   12    20  0   1.4%   0.695 UA:3    +
    2    28  0   0.7%   0.764 CG:3    +
    1    28  0   0.4%   0.324 UG:3    +
    6    21  0   0.3%   0.655 UA:3    +
    9    16  0   0.2%   0.376 GC:3    +
    9    13  0   0.2%   0.058 GC:3    +
   18    27  0   0.2%   0.225 AU:3    +
   19    26  0   0.2%   0.867 GC:3    +
   17    28  0   0.2%   0.443 CG:3    +
    8    21  0   0.1%   0.240 UA:3    +
    5    13  0   0.1%   0.031 GC:3    +
    4    14  0   0.1%   0.029 CG:3    +
    1    30  0   0.1%   0.296 UA:3    +
    2     9  0   0.1%   0.019 CG:3    +
    2    14  0   0.1%   0.024 CG:3    +
    3    13  0   0.1%   0.021 GC:3    +
    1    10  0   0.1%   0.017 UA:3    +
    1    15  0   0.1%   0.021 UA:3    +
   28    32  0   0.1%   0.616 GC:3    +
    3    32  0   0.1%   0.872 GC:3    +
    4    31  0   0.1%   0.713 CG:3    +
    1    19  0   0.1%   0.026 UG:3    +
    4    19  0   0.1%   0.274 CG:3    +
    3     8  0   0.0%   0.010 GU:3    +
   21    33  0   0.0%   0.039 AU:3    +
    5    17  0   0.0%   0.488 GC:3    +
    1    18  0   0.0%   0.019 UA:3    +
    3    27  0   0.0%   0.864 GU:3    +
    3    16  0   0.0%   0.017 GC:3    +
   20    34  0   0.0%   0.581 AU:3    +
    6    22  0   0.0%   0.623 UA:3    +
    5    12  0   0.0%   0.007 GU:3    +
   12    18  0   0.0%   0.199 UA:3    +
    6    11  0   0.0%   0.007 UA:3    +
   28    34  0   0.0%   0.412 GU:3    +
    2    31  0   0.0%   0.672 CG:3    +
    1    31  0   0.0%   0.286 UG:3    +
   22    34  0   0.0%   0.754 AU:3    +
    1    21  0   0.0%   0.253 UA:3    +
   28    33  0   0.0%   0.444 GU:3    +
    8    14  0   0.0%   0.331 UG:3    +
    4     9  0   0.0%   0.009 CG:3    +
    1    25  0   0.0%   0.253 UG:3    +
   25    29  0   0.0%   0.703 GU:3    +
    4    28  0   0.0%   0.760 CG:3    +
    3    29  0   0.0%   0.860 GU:3    +
   27    31  0   0.0%   0.549 UG:3    +
    5    27  0   0.0%   0.658 GU:3    +
    8    20  0   0.0%   0.706 UA:3    +
    2    23  0   0.0%   0.263 CG:3    +
   12    19  0   0.0%   0.450 UG:3    +
   23    33  0   0.0%   1.384 GU:3    +
   19    34  0   0.0%   0.518 GU:3    +
   24    28  0   0.0%   0.757 CG:3    +
   23    29  0   0.0%   0.659 GU:3    +
   14    24  0   0.0%   1.011 GC:3    +
   13    25  0   0.0%   0.788 CG:3    +
   23    34  0   0.0%   1.350 GU:3    +
   30    34  0   0.0%   0.339 AU:3    +
    8    30  0   0.0%   0.268 UA:3    +
    5    26  0   0.0%   0.984 GC:3    +
    8    19  0   0.0%   0.636 UG:3    +
    7    31  0   0.0%   0.565 CG:3    +
    9    29  0   0.0%   0.225 GU:3    +
    6    25  0   0.0%   1.559 UG:3    +
    8    15  0   0.0%   0.321 UA:3    +
    6    10  0   0.0%   0.006 UA:3    +
   16    23  0   0.0%   0.984 CG:3    +
    5    32  0   0.0%   0.659 GC:3    +
   20    33  0   0.0%   0.573 AU:3    +
   12    21  0   0.0%   0.094 UA:3    +
   18    34  0   0.0%   0.202 AU:3    +
    8    23  0   0.0%   0.917 UG:3    +
    1     5  0   0.0%   0.000 UG:3    +
   15    29  0   0.0%   0.318 AU:3    +
    3     7  0   0.0%   0.000 GC:3    +
   19    24  0   0.0%   1.192 GC:3    +
    9    26  0   0.0%   0.554 GC:3    +
   25    33  0   0.0%   1.226 GU:3    +
   22    29  0   0.0%   0.063 AU:3    +
   19    32  0   0.0%   0.522 GC:3    +
   18    33  0   0.0%   0.202 AU:3    +
    7    28  0   0.0%   0.619 CG:3    +
   16    28  0   0.0%   0.389 CG:3    +
   25    34  0   0.0%   1.191 GU:3    +
    1    22  0   0.0%   0.251 UA:3    +
   13    31  0   0.0%   0.096 CG:3    +
   11    27  0   0.0%   0.006 AU:3    +
    9    24  0   0.0%   0.908 GC:3    +
   19    33  0   0.0%   0.517 GU:3    +
    7    25  0   0.0%   1.256 CG:3    +
   17    23  0   0.0%   1.009 CG:3    +
   14    32  0   0.0%   0.331 GC:3    +
    8    25  0   0.0%   0.959 UG:3    +
   16    31  0   0.0%   0.335 CG:3    +
    6    14  0   0.0%   0.016 UG:3    +
   13    23  0   0.0%   0.744 CG:3    +
    6    31  0   0.0%   0.867 UG:3    +
    5    29  0   0.0%   0.655 GU:3    +
    3    34  0   0.0%   0.863 GU:3    +
    1    23  0   0.0%   0.251 UG:3    +
    1    11  0   0.0%   0.006 UA:3    +
   12    22  0   0.0%   0.126 UA:3    +
    6    19  0   0.0%   0.571 UG:3    +
   20    27  0   0.0%   0.586 AU:3    +
   11    33  0   0.0%   0.002 AU:3    +
   22    27  0   0.0%   0.075 AU:3    +
   10    34  0   0.0%   0.006 AU:3    +
   21    27  0   0.0%   0.044 AU:3    +
.(((.((((.......))))..))).........
