3 sequence; length of alignment 61
alifold output
   14    57  0 100.0%   0.000 GC:3   
   13    58  0 100.0%   0.000 GC:3   
   15    56  0 100.0%   0.000 CG:3   
   27    44  0 100.0%   0.000 GC:3   
   12    59  0 100.0%   0.001 GC:3   
   26    45  0 100.0%   0.001 GC:3   
   17    54  0  99.9%   0.003 UA:3   
   16    55  0  99.9%   0.002 AU:3   
   31    40  0  99.9%   0.003 CG:3   
   30    41  0  99.9%   0.003 UA:3   
   28    43  0  99.9%   0.004 UA:3   
   18    53  0  99.8%   0.006 CG:3   
   29    42  0  99.7%   0.009 UA:3   
   11    60  0  99.3%   0.023 UA:3   
   10    61  0  97.3%   0.082 GC:3   
   20    50  0  92.1%   0.228 UA:3   
   25    46  0  91.5%   0.425 UA:3   
   21    49  0  91.4%   0.247 GC:3   
   19    51  0  91.0%   0.256 GC:3   
   24    47  0  61.1%   1.332 UG:3   
   22    48  0  36.6%   1.104 GU:3    +
   23    47  0  11.7%   0.755 UG:3    +
   24    46  0   6.5%   0.538 UA:3    +
   22    49  0   5.0%   0.897 GC:3    +
   21    51  0   4.5%   0.586 GC:3    +
   20    52  0   4.1%   0.472 UA:3    +
   33    38  0   2.3%   0.302 AU:3    +
   34    39  0   0.9%   0.128 GC:3    +
   32    38  0   0.9%   0.124 AU:3    +
    5     9  0   0.2%   0.039 GC:3    +
    3     8  0   0.1%   0.020 AU:3    +
   23    50  0   0.1%   0.342 UA:3    +
   22    51  0   0.1%   0.754 GC:3    +
   34    38  0   0.0%   0.137 GU:3    +
   23    46  0   0.0%   0.007 UA:3    +
    4    10  0   0.0%   0.008 UG:3    +
    3    11  0   0.0%   0.013 AU:3    +
    1     6  0   0.0%   0.006 UA:3    +
   25    47  0   0.0%   0.637 UG:3    +
    1     5  0   0.0%   0.003 UG:3    +
    3     7  0   0.0%   0.002 AU:3    +
    2    12  0   0.0%   0.003 CG:3    +
   17    53  0   0.0%   0.002 UG:3    +
    2    10  0   0.0%   0.002 CG:3    +
   21    48  0   0.0%   0.001 GU:3    +
   22    44  0   0.0%   0.000 GC:3    +
   23    43  0   0.0%   0.000 UA:3    +
   27    36  0   0.0%   0.000 GC:3    +
   26    37  0   0.0%   0.000 GC:3    +
   24    42  0   0.0%   0.000 UA:3    +
   28    35  0   0.0%   0.000 UA:3    +
   21    45  0   0.0%   0.000 GC:3    +
   25    41  0   0.0%   0.000 UA:3    +
    5    61  0   0.0%   0.014 GC:3    +
   29    34  0   0.0%   0.000 UG:3    +
   30    40  0   0.0%   0.000 UG:3    +
   29    41  0   0.0%   0.001 UA:3    +
   20    46  0   0.0%   0.000 UA:3    +
    1    10  0   0.0%   0.003 UG:3    +
   28    42  0   0.0%   0.000 UA:3    +
   17    52  0   0.0%   0.000 UA:3    +
   30    42  0   0.0%   0.004 UA:3    +
    6    11  0   0.0%   0.004 AU:3    +
   29    43  0   0.0%   0.004 UA:3    +
   26    44  0   0.0%   0.000 GC:3    +
   19    49  0   0.0%   0.000 GC:3    +
    8    60  0   0.0%   0.007 UA:3    +
    5    11  0   0.0%   0.016 GU:3    +
   36    40  0   0.0%   0.001 CG:3    +
   27    39  0   0.0%   0.000 GC:3    +
   24    50  0   0.0%   0.560 UA:3    +
.........((((((((((((..((((((((........)))))))).))).)))))))))
