3 sequence; length of alignment 34
alifold output
    6    19  0  82.8%   0.468 CG:3   
    8    17  0  82.8%   0.469 GC:3   
    7    18  0  82.8%   0.469 AU:3   
    5    20  0  82.6%   0.473 GC:3   
    9    16  0  70.9%   0.737 GU:3   
   23    33  0  32.0%   2.108 GC:3   
   24    32  0  31.9%   2.647 GC:3   
   24    31  0  23.5%   1.804 GC:3    +
   23    32  0  23.5%   1.872 GC:3    +
    9    31  0  13.6%   1.067 GC:3    +
    8    32  0  13.5%   0.970 GC:3    +
   17    24  0  12.5%   1.302 CG:3    +
   10    30  0  12.4%   0.787 UA:3    +
   16    25  0  12.3%   1.291 UA:3    +
   18    23  0  11.8%   1.224 UG:3    +
   11    29  0  10.2%   0.717 UG:3    +
   15    26  0   9.0%   0.799 UA:3    +
   13    28  0   6.2%   0.537 AU:3    +
   12    29  0   5.5%   0.735 UG:3    +
   17    23  0   4.4%   0.623 CG:3    +
   16    24  0   4.4%   0.746 UG:3    +
   15    25  0   4.3%   0.423 UA:3    +
   11    30  0   4.3%   0.906 UA:3    +
   18    22  0   3.6%   0.527 UA:3    +
    8    33  0   3.4%   0.866 GC:3    +
    9    32  0   3.4%   1.136 GC:3    +
    5    33  0   2.5%   0.439 GC:3    +
    4    34  0   2.4%   0.303 CG:3    +
    1    24  0   2.0%   0.263 CG:3    +
    3    21  0   1.4%   0.184 AU:3    +
    6    34  0   1.2%   0.414 CG:3    +
   24    33  0   0.5%   1.843 GC:3    +
    1    23  0   0.5%   0.077 CG:3    +
   23    31  0   0.4%   0.783 GC:3    +
   21    34  0   0.4%   0.301 UG:3    +
    4    23  0   0.4%   0.088 CG:3    +
   14    28  0   0.2%   0.235 GU:3    +
   14    20  0   0.2%   0.197 GC:3    +
   13    21  0   0.2%   0.103 AU:3    +
   22    28  0   0.2%   0.362 AU:3    +
   12    22  0   0.2%   0.037 UA:3    +
   21    29  0   0.2%   0.516 UG:3    +
   15    19  0   0.2%   0.193 UG:3    +
   15    27  0   0.2%   0.402 UA:3    +
    4    24  0   0.1%   0.122 CG:3    +
   11    23  0   0.1%   0.067 UG:3    +
   16    26  0   0.1%   0.875 UA:3    +
   29    33  0   0.1%   1.027 GC:3    +
    2    21  0   0.1%   0.017 AU:3    +
    1    29  0   0.1%   0.117 CG:3    +
    2    28  0   0.0%   0.018 AU:3    +
   10    24  0   0.0%   0.101 UG:3    +
    6    29  0   0.0%   0.171 CG:3    +
    7    28  0   0.0%   0.170 AU:3    +
    4     9  0   0.0%   0.009 CG:3    +
    3    10  0   0.0%   0.009 AU:3    +
   28    34  0   0.0%   0.382 UG:3    +
   12    27  0   0.0%   0.020 UA:3    +
    2    11  0   0.0%   0.006 AU:3    +
    9    15  0   0.0%   0.009 GU:3    +
    9    17  0   0.0%   0.410 GC:3    +
    1    34  0   0.0%   0.113 CG:3    +
   23    28  0   0.0%   0.652 GU:3    +
   21    26  0   0.0%   0.305 UA:3    +
    5    31  0   0.0%   0.162 GC:3    +
   10    25  0   0.0%   0.011 UA:3    +
   21    30  0   0.0%   0.488 UA:3    +
    9    20  0   0.0%   0.411 GC:3    +
   10    19  0   0.0%   0.162 UG:3    +
    4    29  0   0.0%   0.036 CG:3    +
    8    21  0   0.0%   0.224 GU:3    +
   21    27  0   0.0%   0.095 UA:3    +
   10    14  0   0.0%   0.005 UG:3    +
    5    21  0   0.0%   0.224 GU:3    +
   11    24  0   0.0%   0.100 UG:3    +
   10    29  0   0.0%   0.019 UG:3    +
    8    18  0   0.0%   0.314 GU:3    +
   15    24  0   0.0%   0.105 UG:3    +
   21    25  0   0.0%   0.474 UA:3    +
   16    23  0   0.0%   0.297 UG:3    +
   24    28  0   0.0%   0.696 GU:3    +
   12    23  0   0.0%   0.065 UG:3    +
   12    26  0   0.0%   0.014 UA:3    +
    5    28  0   0.0%   0.163 GU:3    +
   20    29  0   0.0%   0.573 CG:3    +
   18    24  0   0.0%   1.016 UG:3    +
    1     8  0   0.0%   0.001 CG:3    +
    9    33  0   0.0%   0.845 GC:3    +
   11    27  0   0.0%   0.010 UA:3    +
   18    25  0   0.0%   0.924 UA:3    +
    4    14  0   0.0%   0.004 CG:3    +
    3    15  0   0.0%   0.003 AU:3    +
    8    31  0   0.0%   0.159 GC:3    +
   14    31  0   0.0%   0.301 GC:3    +
   10    27  0   0.0%   0.009 UA:3    +
   11    26  0   0.0%   0.010 UA:3    +
   15    30  0   0.0%   0.771 UA:3    +
    9    28  0   0.0%   0.259 GU:3    +
    6    24  0   0.0%   0.242 CG:3    +
    2    16  0   0.0%   0.002 AU:3    +
   12    30  0   0.0%   0.568 UA:3    +
   15    23  0   0.0%   0.066 UG:3    +
    5    32  0   0.0%   0.160 GC:3    +
    8    15  0   0.0%   0.001 GU:3    +
    6    23  0   0.0%   0.202 CG:3    +
    3    28  0   0.0%   0.066 AU:3    +
   16    29  0   0.0%   1.047 UG:3    +
    8    16  0   0.0%   0.001 GU:3    +
   15    22  0   0.0%   0.026 UA:3    +
   16    22  0   0.0%   0.257 UA:3    +
   12    25  0   0.0%   0.014 UA:3    +
   20    34  0   0.0%   0.318 CG:3    +
   11    25  0   0.0%   0.010 UA:3    +
   18    27  0   0.0%   0.543 UA:3    +
    1     5  0   0.0%   0.000 CG:3    +
    6    14  0   0.0%   0.000 CG:3    +
   10    26  0   0.0%   0.009 UA:3    +
   12    24  0   0.0%   0.103 UG:3    +
    5    15  0   0.0%   0.000 GU:3    +
   17    29  0   0.0%   0.956 CG:3    +
    7    21  0   0.0%   0.221 AU:3    +
    8    20  0   0.0%   0.315 GC:3    +
   20    24  0   0.0%   0.659 CG:3    +
   16    30  0   0.0%   1.040 UA:3    +
    4     8  0   0.0%   0.000 CG:3    +
    1    14  0   0.0%   0.000 CG:3    +
    1    19  0   0.0%   0.000 CG:3    +
    8    28  0   0.0%   0.165 GU:3    +
    7    16  0   0.0%   0.000 AU:3    +
    2    18  0   0.0%   0.002 AU:3    +
   10    23  0   0.0%   0.050 UG:3    +
   11    22  0   0.0%   0.002 UA:3    +
....(((((......)))))..((.......)).
