3 sequence; length of alignment 143
alifold output
   17   134  0 100.0%   0.000 GC:3   
   18   133  0  99.9%   0.002 AU:3   
   19   132  0  99.6%   0.012 UA:3   
   20   131  0  99.3%   0.024 UA:3   
   16   135  0  99.3%   0.022 GC:3   
   21   130  0  98.9%   0.038 UA:3   
   65    84  0  98.6%   0.114 CG:3   
   64    85  0  98.6%   0.113 AU:3   
   63    86  0  97.6%   0.177 CG:3   
   22   129  0  97.1%   0.094 UA:3   
   15   137  0  93.9%   0.323 CG:3   
   14   138  0  93.6%   0.400 UA:3   
   23   128  0  90.0%   0.290 UG:3   
   13   139  0  89.9%   0.544 UG:3   
   12   140  0  85.8%   0.550 AU:3   
   60    89  0  84.4%   0.572 CG:3   
   61    88  0  83.4%   0.597 AU:3   
   38   115  0  80.3%   0.632 CG:3   
   37   116  0  80.2%   0.661 AU:3   
   46   106  0  80.2%   0.965 GC:3   
   45   107  0  80.2%   0.670 UA:3   
   44   108  0  80.2%   0.606 CG:3   
   39   114  0  80.0%   0.612 AU:3   
   36   117  0  79.7%   0.925 CG:3   
   30   123  0  79.5%   0.665 UA:3   
   51   100  0  79.5%   0.886 CG:3   
   29   124  0  79.4%   0.756 CG:3   
   50   101  0  79.3%   0.861 UA:3   
   66    83  0  78.7%   0.899 GC:3   
   47   105  0  78.4%   0.799 UG:3   
   31   122  0  78.0%   0.618 UA:3   
   49   102  0  76.6%   1.015 GU:3   
   52    99  0  74.5%   0.798 AU:3   
   32   121  0  69.3%   0.800 UA:3   
   27   126  0  65.7%   1.188 CG:3   
   57    93  0  61.6%   1.042 CG:3   
   68    80  0  60.9%   0.936 AU:3    +
   56    94  0  59.2%   1.093 AU:3   
   67    82  0  58.7%   1.637 GC:3   
   69    79  0  58.6%   0.974 AU:3    +
   40   113  0  57.7%   1.709 GC:3   
   11   142  0  54.5%   1.108 CG:3   
   71    78  0  53.2%   1.378 CG:3   
   26   127  0  48.3%   1.758 AU:3   
   41   111  0  44.5%   1.451 UA:3   
   10   143  0  44.2%   1.200 AU:3   
   55    95  0  43.8%   1.238 AU:3   
   24   127  0  42.2%   1.103 AU:3    +
   67    81  0  41.2%   1.100 GC:3    +
   70    78  0  34.9%   1.105 UG:3    +
   43   110  0  23.6%   1.423 GU:3    +
   40   112  0  22.5%   1.428 GC:3    +
   42   111  0  22.4%   1.756 UA:3    +
   66    82  0  21.2%   0.990 GC:3    +
  106   115  0  19.5%   1.331 CG:3    +
  105   116  0  19.5%   1.371 GU:3    +
  107   114  0  19.5%   1.332 AU:3    +
  104   117  0  19.5%   1.191 CG:3    +
  103   118  0  19.4%   1.019 UA:3    +
  108   113  0  19.3%   1.460 GC:3    +
  102   119  0  18.7%   1.427 UG:3    +
  100   120  0  18.6%   1.183 GC:3    +
   99   121  0  17.2%   1.514 UA:3    +
   26    50  0  16.3%   0.906 AU:3    +
   27    49  0  16.3%   0.896 CG:3    +
   25    51  0  16.2%   0.917 GC:3    +
   34    42  0  15.9%   0.882 AU:3    +
   35    41  0  15.8%   0.893 AU:3    +
   33    43  0  15.7%   0.896 CG:3    +
   36    40  0  15.5%   0.890 CG:3    +
   93   125  0  15.0%   1.482 GC:3    +
   94   124  0  14.1%   1.447 UG:3    +
   92   126  0  14.0%   1.147 CG:3    +
   28    48  0  13.6%   0.913 AU:3    +
   98   122  0  13.4%   1.293 UA:3    +
   55    96  0  13.3%   1.317 AU:3    +
   56    95  0  10.6%   1.521 AU:3    +
   58    93  0   9.6%   1.002 CG:3    +
   69    80  0   9.4%   1.313 AU:3    +
   33   119  0   9.0%   1.032 CG:3    +
   97   123  0   8.6%   1.154 UA:3    +
   95   123  0   8.2%   1.433 UA:3    +
   96   122  0   4.6%   0.913 UA:3    +
   29    46  0   4.0%   0.407 CG:3    +
   30    46  0   2.3%   0.410 UG:3    +
   52    98  0   2.2%   0.308 AU:3    +
   96   124  0   2.2%   1.243 UG:3    +
   11   139  0   2.1%   0.324 CG:3    +
   28    47  0   2.0%   0.257 AU:3    +
   10   140  0   1.8%   0.298 AU:3    +
    5   141  0   1.6%   0.270 GC:3    +
   48    55  0   1.6%   0.548 UA:3    +
   49    54  0   1.6%   0.580 GC:3    +
   47    56  0   1.6%   0.390 UA:3    +
   13   138  0   1.6%   0.252 UA:3    +
   46    57  0   1.5%   0.591 GC:3    +
   14   137  0   1.5%   0.321 UG:3    +
    6   140  0   1.5%   0.233 AU:3    +
   97   121  0   1.4%   0.466 UA:3    +
    7   139  0   1.2%   0.222 UG:3    +
    2     7  0   1.1%   0.153 AU:3    +
   27   124  0   1.1%   0.457 CG:3    +
    1     8  0   1.1%   0.147 UA:3    +
   49   103  0   1.0%   0.750 GU:3    +
   39    45  0   1.0%   0.199 AU:3    +
   38    46  0   1.0%   0.421 CG:3    +
   40    44  0   1.0%   0.458 GC:3    +
   90   128  0   0.9%   0.284 CG:3    +
   42    55  0   0.9%   0.432 UA:3    +
   43    54  0   0.9%   0.453 GC:3    +
   41    56  0   0.9%   0.439 UA:3    +
   46    51  0   0.9%   0.735 GC:3    +
   54   100  0   0.9%   0.445 CG:3    +
   37    47  0   0.9%   0.267 AU:3    +
   53   101  0   0.9%   0.318 UA:3    +
   45    52  0   0.9%   0.218 UA:3    +
   40    57  0   0.9%   0.486 GC:3    +
   14   136  0   0.9%   0.170 UA:3    +
   52   102  0   0.8%   0.684 AU:3    +
   13   137  0   0.8%   0.139 UG:3    +
   55    99  0   0.8%   1.131 AU:3    +
   49   104  0   0.8%   0.769 GC:3    +
   25   125  0   0.7%   0.447 GC:3    +
   61    87  0   0.7%   0.210 AU:3    +
   90   124  0   0.6%   0.346 CG:3    +
   89   125  0   0.6%   0.397 GC:3    +
   36    86  0   0.6%   0.433 CG:3    +
   35    87  0   0.6%   0.430 AU:3    +
   34    88  0   0.6%   0.420 AU:3    +
   37    85  0   0.6%   0.180 AU:3    +
   38    84  0   0.6%   0.162 CG:3    +
   33    89  0   0.6%   0.429 CG:3    +
   61    85  0   0.6%   0.149 AU:3    +
   62    84  0   0.6%   0.131 CG:3    +
   60    86  0   0.5%   0.158 CG:3    +
   35    47  0   0.5%   0.456 AU:3    +
   36    46  0   0.5%   0.613 CG:3    +
   37    45  0   0.5%   0.096 AU:3    +
   34    48  0   0.5%   0.646 AU:3    +
   91   123  0   0.5%   0.286 UA:3    +
    5    15  0   0.5%   0.120 GC:3    +
   62    86  0   0.5%   0.186 CG:3    +
    6    14  0   0.5%   0.102 AU:3    +
   33    49  0   0.5%   0.681 CG:3    +
   43    60  0   0.5%   0.440 GC:3    +
   48   105  0   0.4%   0.643 UG:3    +
   56    98  0   0.4%   0.848 AU:3    +
   62    89  0   0.4%   0.353 CG:3    +
   42    61  0   0.4%   0.409 UA:3    +
    9   143  0   0.3%   0.084 AU:3    +
   55    88  0   0.3%   0.203 AU:3    +
   23   129  0   0.3%   0.186 UA:3    +
   54    89  0   0.3%   0.203 CG:3    +
   56    87  0   0.3%   0.201 AU:3    +
   55    94  0   0.3%   0.197 AU:3    +
   29    40  0   0.3%   0.059 CG:3    +
   30    39  0   0.3%   0.057 UA:3    +
   88   126  0   0.3%   0.556 UG:3    +
   69    76  0   0.3%   0.072 AU:3    +
   73    77  0   0.3%   0.074 AU:3    +
   68    77  0   0.3%   0.065 AU:3    +
   22   130  0   0.3%   0.095 UA:3    +
   38    43  0   0.3%   0.352 CG:3    +
    5    11  0   0.3%   0.059 GC:3    +
   28    41  0   0.3%   0.048 AU:3    +
    3    15  0   0.2%   0.058 GC:3    +
   25    33  0   0.2%   0.048 GC:3    +
   31    46  0   0.2%   0.264 UG:3    +
   42   109  0   0.2%   0.419 UA:3    +
   57    89  0   0.2%   0.215 CG:3    +
   55    97  0   0.2%   0.825 AU:3    +
   25   127  0   0.2%   0.781 GU:3    +
    3   141  0   0.2%   0.071 GC:3    +
    4    14  0   0.2%   0.047 AU:3    +
   26    32  0   0.2%   0.044 AU:3    +
   58    89  0   0.2%   0.110 CG:3    +
   97   122  0   0.2%   0.468 UA:3    +
   36    49  0   0.2%   0.680 CG:3    +
   72    78  0   0.2%   0.744 UG:3    +
   96   123  0   0.2%   0.876 UA:3    +
   57    86  0   0.2%   0.178 CG:3    +
   21   131  0   0.2%   0.057 UA:3    +
   35    50  0   0.2%   0.650 AU:3    +
    4   140  0   0.2%   0.049 AU:3    +
   56    96  0   0.2%   0.982 AU:3    +
    3    11  0   0.2%   0.032 GC:3    +
   98   121  0   0.2%   0.469 UA:3    +
    3   143  0   0.2%   0.073 GU:3    +
   43   106  0   0.2%   0.420 GC:3    +
   42   107  0   0.2%   0.395 UA:3    +
   44   105  0   0.2%   0.086 CG:3    +
   25    44  0   0.1%   0.050 GC:3    +
    5    13  0   0.1%   0.047 GU:3    +
   41   108  0   0.1%   0.387 UG:3    +
   95   124  0   0.1%   1.383 UG:3    +
   23   130  0   0.1%   0.170 UA:3    +
   28   127  0   0.1%   1.132 AU:3    +
   32   118  0   0.1%   0.044 UA:3    +
   59    89  0   0.1%   0.110 UG:3    +
   29   126  0   0.1%   0.641 CG:3    +
   27   128  0   0.1%   0.756 CG:3    +
   33   117  0   0.1%   0.388 CG:3    +
   36   115  0   0.1%   0.389 CG:3    +
   92   100  0   0.1%   0.248 CG:3    +
   24    45  0   0.1%   0.022 AU:3    +
   69    75  0   0.1%   0.027 AU:3    +
   37    48  0   0.1%   0.393 AU:3    +
   29    93  0   0.1%   0.174 CG:3    +
   37   114  0   0.1%   0.135 AU:3    +
    7   142  0   0.1%   0.133 UG:3    +
   68    76  0   0.1%   0.027 AU:3    +
    6   143  0   0.1%   0.128 AU:3    +
   20   132  0   0.1%   0.033 UA:3    +
   40    63  0   0.1%   0.428 GC:3    +
   31   121  0   0.1%   0.046 UA:3    +
   93    99  0   0.1%   0.823 GU:3    +
   40    62  0   0.1%   0.421 GC:3    +
   27    43  0   0.1%   0.021 CG:3    +
   91   101  0   0.1%   0.255 UA:3    +
   28    94  0   0.1%   0.393 AU:3    +
   89   120  0   0.1%   0.272 GC:3    +
   90   119  0   0.1%   0.250 CG:3    +
   88   121  0   0.1%   0.487 UA:3    +
   35   116  0   0.1%   0.385 AU:3    +
   22   131  0   0.1%   0.086 UA:3    +
   31   119  0   0.1%   0.038 UG:3    +
   30   122  0   0.1%   0.130 UA:3    +
    7    12  0   0.1%   0.069 UA:3    +
   94   126  0   0.1%   1.223 UG:3    +
    6    13  0   0.1%   0.030 AU:3    +
   92   128  0   0.1%   0.456 CG:3    +
   73    79  0   0.1%   0.349 AU:3    +
   91   118  0   0.1%   0.040 UA:3    +
  119   125  0   0.1%   0.922 GC:3    +
  120   124  0   0.1%   0.975 CG:3    +
   56    91  0   0.1%   0.147 AU:3    +
   36    43  0   0.1%   0.601 CG:3    +
   74    78  0   0.1%   0.735 UG:3    +
   32   122  0   0.1%   0.496 UA:3    +
   93   127  0   0.1%   1.597 GU:3    +
   62    93  0   0.1%   0.636 CG:3    +
   92   117  0   0.1%   0.209 CG:3    +
   40    65  0   0.1%   0.428 GC:3    +
   46   104  0   0.1%   0.433 GC:3    +
   87   122  0   0.1%   0.305 UA:3    +
   41    61  0   0.1%   0.365 UA:3    +
   59    93  0   0.1%   0.562 UG:3    +
   61    94  0   0.1%   0.593 AU:3    +
   31   123  0   0.1%   0.419 UA:3    +
   34   116  0   0.1%   0.366 AU:3    +
   68    75  0   0.1%   0.012 AU:3    +
   41    64  0   0.1%   0.368 UA:3    +
    8   143  0   0.0%   0.079 AU:3    +
   22   128  0   0.0%   0.012 UG:3    +
   28    42  0   0.0%   0.028 AU:3    +
   25    54  0   0.0%   0.338 GC:3    +
   91   129  0   0.0%   0.113 UA:3    +
    5    14  0   0.0%   0.052 GU:3    +
   26    53  0   0.0%   0.328 AU:3    +
   37    42  0   0.0%   0.310 AU:3    +
   32   119  0   0.0%   0.044 UG:3    +
   55    98  0   0.0%   0.888 AU:3    +
   67    76  0   0.0%   0.010 GU:3    +
   65    78  0   0.0%   0.014 CG:3    +
   34    45  0   0.0%   0.311 AU:3    +
   21   129  0   0.0%   0.010 UA:3    +
   66    77  0   0.0%   0.010 GU:3    +
   33    46  0   0.0%   0.549 CG:3    +
    4    13  0   0.0%   0.009 AU:3    +
   56    97  0   0.0%   0.717 AU:3    +
   64    79  0   0.0%   0.013 AU:3    +
   30    52  0   0.0%   0.116 UA:3    +
   30   124  0   0.0%   0.541 UG:3    +
   69    74  0   0.0%   0.008 AU:3    +
   52    97  0   0.0%   0.061 AU:3    +
   84   125  0   0.0%   0.124 GC:3    +
   99   119  0   0.0%   0.508 UG:3    +
   85   124  0   0.0%   0.322 UG:3    +
   21   132  0   0.0%   0.044 UA:3    +
   83   126  0   0.0%   0.484 CG:3    +
   61   127  0   0.0%   0.993 AU:3    +
   60   128  0   0.0%   0.316 CG:3    +
   94   101  0   0.0%   0.583 UA:3    +
   62   126  0   0.0%   0.379 CG:3    +
   27    93  0   0.0%   0.315 CG:3    +
   26    94  0   0.0%   0.330 AU:3    +
   95   100  0   0.0%   0.842 UG:3    +
    1     6  0   0.0%   0.008 UA:3    +
    3    14  0   0.0%   0.019 GU:3    +
   39    59  0   0.0%   0.076 AU:3    +
   93   102  0   0.0%   0.804 GU:3    +
   99   122  0   0.0%   1.210 UA:3    +
   20   130  0   0.0%   0.007 UA:3    +
   69    77  0   0.0%   0.054 AU:3    +
   27    40  0   0.0%   0.006 CG:3    +
   60    93  0   0.0%   0.745 CG:3    +
   25    95  0   0.0%   0.342 GU:3    +
   26    41  0   0.0%   0.022 AU:3    +
   11   137  0   0.0%   0.033 CG:3    +
   89   106  0   0.0%   0.444 GC:3    +
   90   105  0   0.0%   0.232 CG:3    +
    1     9  0   0.0%   0.057 UA:3    +
   98   123  0   0.0%   1.038 UA:3    +
   30   121  0   0.0%   0.117 UA:3    +
   27    46  0   0.0%   0.015 CG:3    +
   27    86  0   0.0%   0.311 CG:3    +
   28    85  0   0.0%   0.376 AU:3    +
   29    84  0   0.0%   0.154 CG:3    +
   26    87  0   0.0%   0.326 AU:3    +
  102   118  0   0.0%   0.267 UA:3    +
   26    47  0   0.0%   0.024 AU:3    +
   88   107  0   0.0%   0.398 UA:3    +
   52    91  0   0.0%   0.055 AU:3    +
   24    53  0   0.0%   0.014 AU:3    +
   28    45  0   0.0%   0.032 AU:3    +
   59   129  0   0.0%   0.076 UA:3    +
   25    42  0   0.0%   0.024 GU:3    +
   52    59  0   0.0%   0.057 AU:3    +
   90   126  0   0.0%   0.355 CG:3    +
   61    91  0   0.0%   0.254 AU:3    +
   54    93  0   0.0%   0.148 CG:3    +
   25    88  0   0.0%   0.339 GU:3    +
   33    40  0   0.0%   0.040 CG:3    +
   68    79  0   0.0%   0.036 AU:3    +
   25    60  0   0.0%   0.337 GC:3    +
   25    48  0   0.0%   0.035 GU:3    +
   40    58  0   0.0%   0.406 GC:3    +
   26    59  0   0.0%   0.324 AU:3    +
   25    32  0   0.0%   0.007 GU:3    +
   93   116  0   0.0%   0.746 GU:3    +
   43   112  0   0.0%   1.081 GC:3    +
    3     7  0   0.0%   0.055 GU:3    +
   29   119  0   0.0%   0.162 CG:3    +
    1    10  0   0.0%   0.057 UA:3    +
   30   118  0   0.0%   0.114 UA:3    +
   26    31  0   0.0%   0.006 AU:3    +
  100   106  0   0.0%   0.428 GC:3    +
   99   107  0   0.0%   0.457 UA:3    +
   98   108  0   0.0%   0.301 UG:3    +
   32    46  0   0.0%   0.252 UG:3    +
   97   109  0   0.0%   0.039 UA:3    +
    9   140  0   0.0%   0.080 AU:3    +
   25    29  0   0.0%   0.004 GC:3    +
   19   131  0   0.0%   0.004 UA:3    +
   89   127  0   0.0%   1.037 GU:3    +
   87   108  0   0.0%   0.277 UG:3    +
   32    37  0   0.0%   0.019 UA:3    +
   73    80  0   0.0%   0.550 AU:3    +
   13   136  0   0.0%   0.021 UA:3    +
   49    57  0   0.0%   0.511 GC:3    +
    4   143  0   0.0%   0.041 AU:3    +
   55    91  0   0.0%   0.136 AU:3    +
   50    56  0   0.0%   0.420 UA:3    +
   12   143  0   0.0%   0.543 AU:3    +
   25    31  0   0.0%   0.005 GU:3    +
    1     5  0   0.0%   0.003 UG:3    +
   23    52  0   0.0%   0.003 UA:3    +
   13   142  0   0.0%   0.559 UG:3    +
   44    49  0   0.0%   0.392 CG:3    +
   26    30  0   0.0%   0.004 AU:3    +
   97   124  0   0.0%   0.946 UG:3    +
   46    60  0   0.0%   0.448 GC:3    +
   45    61  0   0.0%   0.155 UA:3    +
   24    30  0   0.0%   0.002 AU:3    +
   52    96  0   0.0%   0.055 AU:3    +
   36   119  0   0.0%   0.784 CG:3    +
   25    58  0   0.0%   0.334 GC:3    +
   25    57  0   0.0%   0.333 GC:3    +
   38    49  0   0.0%   0.399 CG:3    +
   39    48  0   0.0%   0.373 AU:3    +
   43    58  0   0.0%   0.367 GC:3    +
   32    43  0   0.0%   0.026 UG:3    +
    5   143  0   0.0%   0.136 GU:3    +
   98   119  0   0.0%   0.347 UG:3    +
   44   124  0   0.0%   0.481 CG:3    +
   40    83  0   0.0%   0.421 GC:3    +
   43   125  0   0.0%   0.781 GC:3    +
    2   143  0   0.0%   0.053 AU:3    +
   53    93  0   0.0%   0.018 UG:3    +
   37    50  0   0.0%   0.390 AU:3    +
   63    84  0   0.0%   0.073 CG:3    +
   31    52  0   0.0%   0.024 UA:3    +
   43    63  0   0.0%   0.397 GC:3    +
   46   103  0   0.0%   0.422 GU:3    +
   31   124  0   0.0%   0.465 UG:3    +
   41   109  0   0.0%   0.371 UA:3    +
   45   123  0   0.0%   0.495 UA:3    +
   43    62  0   0.0%   0.397 GC:3    +
   55    59  0   0.0%   0.118 AU:3    +
   65    86  0   0.0%   0.145 CG:3    +
   95   126  0   0.0%   1.410 UG:3    +
   91   128  0   0.0%   0.202 UG:3    +
   52    94  0   0.0%   0.062 AU:3    +
   46    58  0   0.0%   0.423 GC:3    +
   17   135  0   0.0%   0.009 GC:3    +
   44    89  0   0.0%   0.090 CG:3    +
   43    90  0   0.0%   0.392 GC:3    +
   15   139  0   0.0%   0.331 CG:3    +
   32   123  0   0.0%   0.476 UA:3    +
  108   112  0   0.0%   0.528 GC:3    +
   92   124  0   0.0%   0.285 CG:3    +
   43   120  0   0.0%   0.744 GC:3    +
   44   119  0   0.0%   0.472 CG:3    +
   40    47  0   0.0%   0.509 GU:3    +
  137   141  0   0.0%   0.248 GC:3    +
   58    84  0   0.0%   0.039 CG:3    +
   64    87  0   0.0%   0.110 AU:3    +
   24    59  0   0.0%   0.012 AU:3    +
   93   120  0   0.0%   0.565 GC:3    +
   42   121  0   0.0%   0.989 UA:3    +
   43    50  0   0.0%   0.628 GU:3    +
   95   122  0   0.0%   0.814 UA:3    +
   94   119  0   0.0%   0.581 UG:3    +
   94   115  0   0.0%   0.530 UG:3    +
   88   129  0   0.0%   0.286 UA:3    +
   42    64  0   0.0%   0.370 UA:3    +
   67    77  0   0.0%   0.008 GU:3    +
   25    36  0   0.0%   0.020 GC:3    +
   42   126  0   0.0%   1.011 UG:3    +
   29    43  0   0.0%   0.027 CG:3    +
   88   128  0   0.0%   0.341 UG:3    +
   14   139  0   0.0%   0.444 UG:3    +
   24    32  0   0.0%   0.002 AU:3    +
   36    93  0   0.0%   0.377 CG:3    +
   25    30  0   0.0%   0.003 GU:3    +
   35    94  0   0.0%   0.373 AU:3    +
   24    96  0   0.0%   0.012 AU:3    +
   23    55  0   0.0%   0.003 UA:3    +
   54   128  0   0.0%   0.284 CG:3    +
    8    13  0   0.0%   0.066 AU:3    +
   29    49  0   0.0%   0.445 CG:3    +
  120   126  0   0.0%   0.916 CG:3    +
   28    50  0   0.0%   0.666 AU:3    +
   40    90  0   0.0%   0.421 GC:3    +
    3    13  0   0.0%   0.013 GU:3    +
   91   126  0   0.0%   0.358 UG:3    +
   45   118  0   0.0%   0.317 UA:3    +
   94   123  0   0.0%   0.561 UA:3    +
   49   106  0   0.0%   0.878 GC:3    +
   63    89  0   0.0%   0.282 CG:3    +
   39    91  0   0.0%   0.070 AU:3    +
   52    95  0   0.0%   0.055 AU:3    +
   46    54  0   0.0%   0.401 GC:3    +
   23    46  0   0.0%   0.001 UG:3    +
   50   105  0   0.0%   0.718 UG:3    +
   31   118  0   0.0%   0.021 UA:3    +
   45   105  0   0.0%   0.140 UG:3    +
   35    42  0   0.0%   0.590 AU:3    +
   48   107  0   0.0%   0.583 UA:3    +
   41    89  0   0.0%   0.393 UG:3    +
   34    95  0   0.0%   0.357 AU:3    +
   41   122  0   0.0%   0.935 UA:3    +
   43    51  0   0.0%   0.616 GC:3    +
   25    38  0   0.0%   0.020 GC:3    +
   55   127  0   0.0%   1.574 AU:3    +
    8   140  0   0.0%   0.124 AU:3    +
   57   126  0   0.0%   0.719 CG:3    +
   31    37  0   0.0%   0.004 UA:3    +
   45    55  0   0.0%   0.173 UA:3    +
   60    84  0   0.0%   0.063 CG:3    +
   25    92  0   0.0%   0.337 GC:3    +
   42    52  0   0.0%   0.307 UA:3    +
   26    91  0   0.0%   0.323 AU:3    +
   34    41  0   0.0%   0.018 AU:3    +
   47   108  0   0.0%   0.594 UG:3    +
   93   112  0   0.0%   0.893 GC:3    +
   26    42  0   0.0%   0.020 AU:3    +
   25    90  0   0.0%   0.336 GC:3    +
   94   111  0   0.0%   1.042 UA:3    +
   38   126  0   0.0%   0.557 CG:3    +
   84    90  0   0.0%   0.081 GC:3    +
   27    89  0   0.0%   0.308 CG:3    +
   37   127  0   0.0%   1.036 AU:3    +
   87   129  0   0.0%   0.147 UA:3    +
   32    39  0   0.0%   0.035 UA:3    +
   30   119  0   0.0%   0.113 UG:3    +
   38    93  0   0.0%   0.107 CG:3    +
   88   130  0   0.0%   0.270 UA:3    +
  136   143  0   0.0%   0.447 AU:3    +
   31    39  0   0.0%   0.022 UA:3    +
   26    96  0   0.0%   0.326 AU:3    +
   50   100  0   0.0%   0.310 UG:3    +
   36   128  0   0.0%   0.663 CG:3    +
   53   129  0   0.0%   0.101 UA:3    +
   85    89  0   0.0%   0.329 UG:3    +
   49    60  0   0.0%   0.430 GC:3    +
   43    59  0   0.0%   0.369 GU:3    +
  138   143  0   0.0%   0.531 AU:3    +
   84    92  0   0.0%   0.080 GC:3    +
   37    94  0   0.0%   0.123 AU:3    +
   53    61  0   0.0%   0.032 UA:3    +
   30    37  0   0.0%   0.003 UA:3    +
   68    74  0   0.0%   0.001 AU:3    +
   56   127  0   0.0%   1.456 AU:3    +
   31   117  0   0.0%   0.019 UG:3    +
    9    13  0   0.0%   0.020 AU:3    +
   83    93  0   0.0%   0.735 CG:3    +
    2    14  0   0.0%   0.052 AU:3    +
   26    45  0   0.0%   0.026 AU:3    +
   33   128  0   0.0%   0.697 CG:3    +
  119   127  0   0.0%   1.303 GU:3    +
   28    88  0   0.0%   0.374 AU:3    +
    8    14  0   0.0%   0.094 AU:3    +
   40    60  0   0.0%   0.404 GC:3    +
   87   130  0   0.0%   0.132 UA:3    +
   24    31  0   0.0%   0.001 AU:3    +
   32   129  0   0.0%   0.341 UA:3    +
   31    43  0   0.0%   0.011 UG:3    +
   96   121  0   0.0%   0.549 UA:3    +
   35    48  0   0.0%   0.619 AU:3    +
   32    52  0   0.0%   0.024 UA:3    +
   93    98  0   0.0%   0.656 GU:3    +
   49    58  0   0.0%   0.406 GC:3    +
   56    88  0   0.0%   0.183 AU:3    +
   49    62  0   0.0%   0.409 GC:3    +
   48    61  0   0.0%   0.398 UA:3    +
   22    56  0   0.0%   0.001 UA:3    +
   64    88  0   0.0%   0.227 AU:3    +
   26    95  0   0.0%   0.327 AU:3    +
   28    53  0   0.0%   0.376 AU:3    +
    1   142  0   0.0%   0.055 UG:3    +
   30    40  0   0.0%   0.042 UG:3    +
   40    54  0   0.0%   0.362 GC:3    +
   50    61  0   0.0%   0.335 UA:3    +
   48   100  0   0.0%   0.373 UG:3    +
   96   126  0   0.0%   1.109 UG:3    +
   38    89  0   0.0%   0.128 CG:3    +
   42   108  0   0.0%   0.384 UG:3    +
   41    46  0   0.0%   0.620 UG:3    +
   30    43  0   0.0%   0.028 UG:3    +
   31    40  0   0.0%   0.024 UG:3    +
   94   122  0   0.0%   0.555 UA:3    +
   93   104  0   0.0%   0.596 GC:3    +
   86    92  0   0.0%   0.124 GC:3    +
   34   127  0   0.0%   1.096 AU:3    +
   47   101  0   0.0%   0.217 UA:3    +
   25    97  0   0.0%   0.339 GU:3    +
   67    80  0   0.0%   0.004 GU:3    +
   90   100  0   0.0%   0.228 CG:3    +
   46   102  0   0.0%   0.420 GU:3    +
   48   101  0   0.0%   0.373 UA:3    +
   87   131  0   0.0%   0.119 UA:3    +
   24    91  0   0.0%   0.011 AU:3    +
   33   100  0   0.0%   0.367 CG:3    +
   39    88  0   0.0%   0.103 AU:3    +
   59    84  0   0.0%   0.042 UG:3    +
   34    99  0   0.0%   0.355 AU:3    +
   25    96  0   0.0%   0.339 GU:3    +
    9    14  0   0.0%   0.048 AU:3    +
   31   130  0   0.0%   0.268 UA:3    +
   31    55  0   0.0%   0.020 UA:3    +
   46    65  0   0.0%   0.425 GC:3    +
    2    13  0   0.0%   0.051 AU:3    +
   87   109  0   0.0%   0.104 UA:3    +
   85   111  0   0.0%   0.774 UA:3    +
   86   110  0   0.0%   0.465 GU:3    +
   40    82  0   0.0%   0.420 GC:3    +
   58    86  0   0.0%   0.051 CG:3    +
   84   112  0   0.0%   0.417 GC:3    +
   47    52  0   0.0%   0.199 UA:3    +
   47    64  0   0.0%   0.221 UA:3    +
   37    59  0   0.0%   0.084 AU:3    +
   46    53  0   0.0%   0.359 GU:3    +
   32    55  0   0.0%   0.020 UA:3    +
   30    56  0   0.0%   0.110 UA:3    +
   36   126  0   0.0%   0.840 CG:3    +
   35    98  0   0.0%   0.364 AU:3    +
   35    45  0   0.0%   0.305 AU:3    +
   41    52  0   0.0%   0.314 UA:3    +
   49    99  0   0.0%   0.403 GU:3    +
   30    55  0   0.0%   0.111 UA:3    +
   32   101  0   0.0%   0.019 UA:3    +
   95   111  0   0.0%   1.301 UA:3    +
   25    45  0   0.0%   0.038 GU:3    +
   21   128  0   0.0%   0.000 UG:3    +
   30    35  0   0.0%   0.002 UA:3    +
   45    66  0   0.0%   0.130 UG:3    +
   44    67  0   0.0%   0.056 CG:3    +
   40   110  0   0.0%   0.421 GU:3    +
    7   138  0   0.0%   0.058 UA:3    +
   40    53  0   0.0%   0.364 GU:3    +
   58   124  0   0.0%   0.478 CG:3    +
   18   140  0   0.0%   0.282 AU:3    +
   19   139  0   0.0%   0.236 UG:3    +
   99   123  0   0.0%   1.216 UA:3    +
   28    32  0   0.0%   0.016 AU:3    +
   17   141  0   0.0%   0.082 GC:3    +
   31    56  0   0.0%   0.019 UA:3    +
   20   138  0   0.0%   0.142 UA:3    +
   99   118  0   0.0%   0.281 UA:3    +
   22    55  0   0.0%   0.000 UA:3    +
   20   129  0   0.0%   0.000 UA:3    +
   58   126  0   0.0%   0.527 CG:3    +
   88    93  0   0.0%   0.751 UG:3    +
   86    90  0   0.0%   0.125 GC:3    +
   21   137  0   0.0%   0.194 UG:3    +
   34    50  0   0.0%   0.618 AU:3    +
   30    34  0   0.0%   0.002 UA:3    +
   54   126  0   0.0%   0.461 CG:3    +
   15   142  0   0.0%   0.439 CG:3    +
    7   136  0   0.0%   0.058 UA:3    +
   35   127  0   0.0%   1.108 AU:3    +
   30   131  0   0.0%   0.329 UA:3    +
    1    12  0   0.0%   0.055 UA:3    +
    5   140  0   0.0%   0.066 GU:3    +
   87   126  0   0.0%   0.383 UG:3    +
   66    81  0   0.0%   0.004 GC:3    +
   36    89  0   0.0%   0.398 CG:3    +
   95   118  0   0.0%   0.619 UA:3    +
   95   101  0   0.0%   0.840 UA:3    +
   36    78  0   0.0%   0.334 CG:3    +
   35    79  0   0.0%   0.332 AU:3    +
   59   123  0   0.0%   0.207 UA:3    +
   31    35  0   0.0%   0.003 UA:3    +
   68    72  0   0.0%   0.000 AU:3    +
   96   100  0   0.0%   0.515 UG:3    +
   37    77  0   0.0%   0.082 AU:3    +
   52   103  0   0.0%   0.447 AU:3    +
   93   113  0   0.0%   0.873 GC:3    +
   31    93  0   0.0%   0.028 UG:3    +
   28    91  0   0.0%   0.373 AU:3    +
   34    80  0   0.0%   0.322 AU:3    +
   22   136  0   0.0%   0.097 UA:3    +
   96   101  0   0.0%   0.515 UA:3    +
   95   121  0   0.0%   0.873 UA:3    +
   92   105  0   0.0%   0.234 CG:3    +
   34    53  0   0.0%   0.327 AU:3    +
   23    34  0   0.0%   0.000 UA:3    +
  102   109  0   0.0%   0.263 UA:3    +
   89    94  0   0.0%   0.594 GU:3    +
   37    88  0   0.0%   0.148 AU:3    +
  101   110  0   0.0%   0.577 AU:3    +
   89    96  0   0.0%   0.531 GU:3    +
   60   117  0   0.0%   0.390 CG:3    +
   40    71  0   0.0%   0.419 GC:3    +
   59   118  0   0.0%   0.029 UA:3    +
   89    95  0   0.0%   0.853 GU:3    +
   88   108  0   0.0%   0.395 UG:3    +
   61   116  0   0.0%   0.433 AU:3    +
   62   115  0   0.0%   0.270 CG:3    +
   55    87  0   0.0%   0.145 AU:3    +
   30    93  0   0.0%   0.119 UG:3    +
   87    93  0   0.0%   0.633 UG:3    +
   58   119  0   0.0%   0.470 CG:3    +
   39    72  0   0.0%   0.069 AU:3    +
   45   108  0   0.0%   0.493 UG:3    +
   98   124  0   0.0%   1.034 UG:3    +
   49   120  0   0.0%   0.692 GC:3    +
   34    47  0   0.0%   0.376 AU:3    +
    3   140  0   0.0%   0.029 GU:3    +
   48   121  0   0.0%   0.659 UA:3    +
  103   108  0   0.0%   0.237 UG:3    +
    7   137  0   0.0%   0.058 UG:3    +
   60    67  0   0.0%   0.028 CG:3    +
   96   109  0   0.0%   0.295 UA:3    +
   38   124  0   0.0%   0.508 CG:3    +
   40   125  0   0.0%   1.110 GC:3    +
   50    55  0   0.0%   0.419 UA:3    +
   32   117  0   0.0%   0.019 UG:3    +
   40    87  0   0.0%   0.454 GU:3    +
   47   109  0   0.0%   0.423 UA:3    +
   46   110  0   0.0%   0.943 GU:3    +
   59    68  0   0.0%   0.007 UA:3    +
   21    56  0   0.0%   0.000 UA:3    +
  137   143  0   0.0%   0.570 GU:3    +
   45   109  0   0.0%   0.322 UA:3    +
   40    74  0   0.0%   0.419 GU:3    +
   97   108  0   0.0%   0.208 UG:3    +
  100   104  0   0.0%   0.277 GC:3    +
   28    95  0   0.0%   0.381 AU:3    +
   41    73  0   0.0%   0.361 UA:3    +
   41   124  0   0.0%   0.966 UG:3    +
   90   108  0   0.0%   0.191 CG:3    +
   91   107  0   0.0%   0.205 UA:3    +
   23   131  0   0.0%   0.150 UA:3    +
   46    62  0   0.0%   0.427 GC:3    +
   45   111  0   0.0%   1.002 UA:3    +
   91   122  0   0.0%   0.229 UA:3    +
   39    75  0   0.0%   0.069 AU:3    +
   33   124  0   0.0%   0.825 CG:3    +
   50   119  0   0.0%   0.721 UG:3    +
   10    14  0   0.0%   0.047 AU:3    +
   58    66  0   0.0%   0.004 CG:3    +
   59    64  0   0.0%   0.011 UA:3    +
  139   143  0   0.0%   0.636 GU:3    +
   19   130  0   0.0%   0.000 UA:3    +
   21    55  0   0.0%   0.000 UA:3    +
   43    57  0   0.0%   0.406 GC:3    +
   93    97  0   0.0%   0.566 GU:3    +
   94   100  0   0.0%   0.576 UG:3    +
   83    89  0   0.0%   0.440 CG:3    +
   40    45  0   0.0%   0.443 GU:3    +
   46    63  0   0.0%   0.427 GC:3    +
   47   122  0   0.0%   0.612 UA:3    +
   48    56  0   0.0%   0.481 UA:3    +
  103   117  0   0.0%   0.241 UG:3    +
   23   126  0   0.0%   0.002 UG:3    +
   23    35  0   0.0%   0.000 UA:3    +
   98   107  0   0.0%   0.299 UA:3    +
   60   126  0   0.0%   0.486 CG:3    +
   47    61  0   0.0%   0.241 UA:3    +
    2   140  0   0.0%   0.052 AU:3    +
   37    41  0   0.0%   0.311 AU:3    +
   52   127  0   0.0%   1.138 AU:3    +
   43    87  0   0.0%   0.424 GU:3    +
   52    88  0   0.0%   0.083 AU:3    +
   57    67  0   0.0%   0.109 CG:3    +
   45    64  0   0.0%   0.134 UA:3    +
  136   140  0   0.0%   0.323 AU:3    +
   86   125  0   0.0%   0.163 GC:3    +
   87   124  0   0.0%   0.331 UG:3    +
   48   108  0   0.0%   0.583 UG:3    +
   52    87  0   0.0%   0.083 AU:3    +
   98   109  0   0.0%   0.128 UA:3    +
   99   108  0   0.0%   0.455 UG:3    +
  120   128  0   0.0%   0.484 CG:3    +
   32    40  0   0.0%   0.038 UG:3    +
   89   104  0   0.0%   0.292 GC:3    +
   22    52  0   0.0%   0.000 UA:3    +
   29    89  0   0.0%   0.151 CG:3    +
   33    78  0   0.0%   0.335 CG:3    +
   34    77  0   0.0%   0.322 AU:3    +
   44    86  0   0.0%   0.090 CG:3    +
   91   124  0   0.0%   0.318 UG:3    +
   96   111  0   0.0%   0.976 UA:3    +
  121   127  0   0.0%   1.387 AU:3    +
   44    93  0   0.0%   0.067 CG:3    +
   16   134  0   0.0%   0.000 GC:3    +
   25   134  0   0.0%   0.389 GC:3    +
   51   105  0   0.0%   0.745 CG:3    +
   53   126  0   0.0%   0.334 UG:3    +
   89   102  0   0.0%   0.496 GU:3    +
   26   133  0   0.0%   0.677 AU:3    +
   40    92  0   0.0%   0.421 GC:3    +
   60    66  0   0.0%   0.028 CG:3    +
   35    76  0   0.0%   0.332 AU:3    +
   22    35  0   0.0%   0.000 UA:3    +
   25    50  0   0.0%   0.032 GU:3    +
   22   132  0   0.0%   0.068 UA:3    +
   38   117  0   0.0%   0.461 CG:3    +
   60   100  0   0.0%   0.427 CG:3    +
   85    93  0   0.0%   0.624 UG:3    +
   33   126  0   0.0%   0.874 CG:3    +
   39   116  0   0.0%   0.434 AU:3    +
  103   119  0   0.0%   0.918 UG:3    +
   67    83  0   0.0%   0.871 GC:3    +
   44    78  0   0.0%   0.056 CG:3    +
   66    79  0   0.0%   0.006 GU:3    +
   43    79  0   0.0%   0.390 GU:3    +
   54   124  0   0.0%   0.412 CG:3    +
   51    89  0   0.0%   0.371 CG:3    +
   16   141  0   0.0%   0.089 GC:3    +
   32    93  0   0.0%   0.028 UG:3    +
   53    89  0   0.0%   0.039 UG:3    +
   56    99  0   0.0%   0.975 AU:3    +
   23    56  0   0.0%   0.002 UA:3    +
   51   128  0   0.0%   0.627 CG:3    +
   58    67  0   0.0%   0.004 CG:3    +
   96   117  0   0.0%   0.473 UG:3    +
   58   128  0   0.0%   0.349 CG:3    +
   59   101  0   0.0%   0.246 UA:3    +
   97   119  0   0.0%   0.256 UG:3    +
   49    90  0   0.0%   0.403 GC:3    +
   61    99  0   0.0%   0.504 AU:3    +
   87   123  0   0.0%   0.280 UA:3    +
   43    65  0   0.0%   0.394 GC:3    +
   43    94  0   0.0%   0.400 GU:3    +
   11    16  0   0.0%   0.026 CG:3    +
    4    21  0   0.0%   0.017 AU:3    +
   67    75  0   0.0%   0.000 GU:3    +
    5    20  0   0.0%   0.055 GU:3    +
    3    22  0   0.0%   0.029 GU:3    +
   97   126  0   0.0%   0.895 UG:3    +
    6    19  0   0.0%   0.032 AU:3    +
  102   121  0   0.0%   1.202 UA:3    +
   59    66  0   0.0%   0.007 UG:3    +
   23    28  0   0.0%   0.000 UA:3    +
   88   131  0   0.0%   0.257 UA:3    +
    2    23  0   0.0%   0.051 AU:3    +
   89   103  0   0.0%   0.299 GU:3    +
   25    53  0   0.0%   0.329 GU:3    +
   64    80  0   0.0%   0.007 AU:3    +
   66    85  0   0.0%   0.599 GU:3    +
    7    18  0   0.0%   0.058 UA:3    +
   53   100  0   0.0%   0.190 UG:3    +
   35    96  0   0.0%   0.365 AU:3    +
   20    56  0   0.0%   0.000 UA:3    +
    1   139  0   0.0%   0.055 UG:3    +
   32    89  0   0.0%   0.019 UG:3    +
  118   127  0   0.0%   1.082 AU:3    +
    1    24  0   0.0%   0.055 UA:3    +
  104   108  0   0.0%   0.230 CG:3    +
   25    59  0   0.0%   0.333 GU:3    +
   42   123  0   0.0%   0.912 UA:3    +
   84    88  0   0.0%   0.284 GU:3    +
   24    98  0   0.0%   0.011 AU:3    +
   60   124  0   0.0%   0.437 CG:3    +
  103   109  0   0.0%   0.065 UA:3    +
   24    42  0   0.0%   0.001 AU:3    +
   64   127  0   0.0%   0.763 AU:3    +
   65   126  0   0.0%   0.309 CG:3    +
   35    59  0   0.0%   0.333 AU:3    +
   63   128  0   0.0%   0.141 CG:3    +
   40    51  0   0.0%   0.653 GC:3    +
    1   138  0   0.0%   0.055 UA:3    +
   89    98  0   0.0%   0.361 GU:3    +
   25    62  0   0.0%   0.334 GC:3    +
   51    93  0   0.0%   0.348 CG:3    +
   87   128  0   0.0%   0.203 UG:3    +
   48    52  0   0.0%   0.354 UA:3    +
   88   122  0   0.0%   0.421 UA:3    +
   24    88  0   0.0%   0.011 AU:3    +
   59    86  0   0.0%   0.053 UG:3    +
   54    86  0   0.0%   0.147 CG:3    +
   30    49  0   0.0%   0.403 UG:3    +
   61    95  0   0.0%   0.848 AU:3    +
   57   124  0   0.0%   0.669 CG:3    +
   25   141  0   0.0%   0.470 GC:3    +
   26   140  0   0.0%   0.958 AU:3    +
   24    97  0   0.0%   0.011 AU:3    +
   27   139  0   0.0%   0.874 CG:3    +
.........((((((((((((((..((.((((...((((((..((((.((((..(((..((.(((((...(......)...))))).))...)))...))))..))))..).)))))...)))).)))))))))).)))).))
