3 sequence; length of alignment 38
alifold output
   20    29  0  97.2%   0.216 CG:3   
   19    30  0  97.1%   0.202 GU:3   
   14    35  0  96.9%   0.193 UA:3   
   18    31  0  96.7%   0.147 GC:3   
   13    36  0  96.5%   0.215 GU:3   
   15    34  0  96.5%   0.144 UA:3   
   12    37  0  96.0%   0.184 GC:3   
   16    33  0  78.4%   0.609 UG:3   
   11    38  0  77.5%   0.763 GU:3   
   22    27  0  18.3%   1.026 UG:3    +
    9    24  0   2.1%   0.336 GC:3    +
   10    23  0   2.1%   0.326 AU:3    +
   13    20  0   2.1%   0.267 GC:3    +
   11    22  0   2.0%   0.253 GU:3    +
    8    25  0   1.9%   0.337 AU:3    +
   14    19  0   1.9%   0.266 UG:3    +
    2     7  0   1.1%   0.166 UA:3    +
    2     9  0   1.0%   0.252 UG:3    +
    1     8  0   0.9%   0.138 UA:3    +
    1    10  0   0.9%   0.203 UA:3    +
   10    38  0   0.7%   0.283 AU:3    +
    2     8  0   0.7%   0.200 UA:3    +
   28    37  0   0.6%   0.242 GC:3    +
   11    37  0   0.6%   0.200 GC:3    +
   29    36  0   0.6%   0.219 GU:3    +
   30    35  0   0.5%   0.184 UA:3    +
   27    38  0   0.5%   0.674 GU:3    +
    3    20  0   0.5%   0.078 GC:3    +
    4    19  0   0.5%   0.100 UG:3    +
    7    16  0   0.5%   0.136 AU:3    +
    6    17  0   0.5%   0.090 GU:3    +
    5    18  0   0.5%   0.105 UG:3    +
    1     9  0   0.5%   0.128 UG:3    +
    8    15  0   0.4%   0.154 AU:3    +
   24    33  0   0.4%   0.364 CG:3    +
   23    34  0   0.4%   0.214 UA:3    +
   22    35  0   0.4%   0.515 UA:3    +
    5    10  0   0.4%   0.134 UA:3    +
   12    36  0   0.3%   0.074 GU:3    +
   21    36  0   0.3%   0.124 GU:3    +
    9    14  0   0.3%   0.126 GU:3    +
    2    10  0   0.3%   0.224 UA:3    +
   22    28  0   0.2%   0.462 UG:3    +
   17    33  0   0.2%   0.262 UG:3    +
   16    34  0   0.2%   0.296 UA:3    +
   23    27  0   0.2%   0.433 UG:3    +
    5    28  0   0.2%   0.093 UG:3    +
   13    37  0   0.2%   0.227 GC:3    +
   20    28  0   0.1%   0.155 CG:3    +
    3    31  0   0.1%   0.054 GC:3    +
   12    38  0   0.1%   0.329 GU:3    +
    4    29  0   0.1%   0.079 UG:3    +
   15    35  0   0.1%   0.125 UA:3    +
   19    31  0   0.1%   0.207 GC:3    +
    4    10  0   0.1%   0.086 UA:3    +
    1     7  0   0.1%   0.028 UA:3    +
    4    11  0   0.1%   0.044 UG:3    +
   18    32  0   0.1%   0.091 GU:3    +
    5     9  0   0.1%   0.093 UG:3    +
    2     6  0   0.1%   0.027 UG:3    +
    9    37  0   0.1%   0.201 GC:3    +
    2    21  0   0.1%   0.174 UG:3    +
    8    38  0   0.1%   0.202 AU:3    +
   27    37  0   0.1%   0.451 GC:3    +
   10    36  0   0.1%   0.189 AU:3    +
    6    31  0   0.1%   0.065 GC:3    +
    7    30  0   0.1%   0.104 AU:3    +
   28    36  0   0.1%   0.145 GU:3    +
    1     6  0   0.1%   0.016 UG:3    +
    4     8  0   0.1%   0.091 UA:3    +
    1    11  0   0.1%   0.136 UG:3    +
   26    31  0   0.1%   0.085 GC:3    +
   26    38  0   0.1%   0.284 GU:3    +
   22    26  0   0.1%   0.099 UG:3    +
   26    37  0   0.1%   0.121 GC:3    +
   27    36  0   0.1%   0.426 GU:3    +
    5    27  0   0.0%   0.068 UG:3    +
   15    33  0   0.0%   0.042 UG:3    +
    6    37  0   0.0%   0.054 GC:3    +
    7    36  0   0.0%   0.102 AU:3    +
   14    34  0   0.0%   0.107 UA:3    +
   16    27  0   0.0%   0.042 UG:3    +
    4    28  0   0.0%   0.059 UG:3    +
   18    25  0   0.0%   0.112 GU:3    +
   17    26  0   0.0%   0.037 UG:3    +
   15    28  0   0.0%   0.050 UG:3    +
   19    24  0   0.0%   0.190 GC:3    +
   12    31  0   0.0%   0.027 GC:3    +
   11    32  0   0.0%   0.107 GU:3    +
   14    29  0   0.0%   0.110 UG:3    +
   13    30  0   0.0%   0.095 GU:3    +
   18    30  0   0.0%   0.046 GU:3    +
    2    11  0   0.0%   0.163 UG:3    +
    4     9  0   0.0%   0.081 UG:3    +
   29    37  0   0.0%   0.209 GC:3    +
   20    27  0   0.0%   0.122 CG:3    +
   21    37  0   0.0%   0.121 GC:3    +
    2    33  0   0.0%   0.169 UG:3    +
   28    38  0   0.0%   0.363 GU:3    +
    1    34  0   0.0%   0.132 UA:3    +
   27    31  0   0.0%   0.400 GC:3    +
    5    29  0   0.0%   0.084 UG:3    +
    5    11  0   0.0%   0.047 UG:3    +
    7    25  0   0.0%   0.089 AU:3    +
   26    32  0   0.0%   0.033 GU:3    +
   11    31  0   0.0%   0.115 GC:3    +
    4    35  0   0.0%   0.067 UA:3    +
   12    30  0   0.0%   0.013 GU:3    +
    5    34  0   0.0%   0.078 UA:3    +
   10    32  0   0.0%   0.172 AU:3    +
   14    28  0   0.0%   0.109 UG:3    +
   15    27  0   0.0%   0.034 UG:3    +
    3    36  0   0.0%   0.041 GU:3    +
    4    27  0   0.0%   0.053 UG:3    +
    9    38  0   0.0%   0.194 GU:3    +
    2    28  0   0.0%   0.165 UG:3    +
    2    29  0   0.0%   0.166 UG:3    +
    5    26  0   0.0%   0.059 UG:3    +
   24    28  0   0.0%   0.129 CG:3    +
    3    30  0   0.0%   0.029 GU:3    +
   18    24  0   0.0%   0.109 GC:3    +
   16    26  0   0.0%   0.032 UG:3    +
   23    28  0   0.0%   0.135 UG:3    +
    1    33  0   0.0%   0.129 UG:3    +
    7    32  0   0.0%   0.095 AU:3    +
    3    32  0   0.0%   0.038 GU:3    +
    9    15  0   0.0%   0.121 GU:3    +
    1    29  0   0.0%   0.128 UG:3    +
    8    16  0   0.0%   0.133 AU:3    +
    2    34  0   0.0%   0.169 UA:3    +
   12    20  0   0.0%   0.029 GC:3    +
    4    26  0   0.0%   0.050 UG:3    +
    7    17  0   0.0%   0.111 AU:3    +
   10    14  0   0.0%   0.102 AU:3    +
   19    37  0   0.0%   0.232 GC:3    +
    1    35  0   0.0%   0.131 UA:3    +
    8    14  0   0.0%   0.082 AU:3    +
   19    23  0   0.0%   0.183 GU:3    +
    7    15  0   0.0%   0.059 AU:3    +
   18    38  0   0.0%   0.320 GU:3    +
    3    37  0   0.0%   0.039 GC:3    +
    7    38  0   0.0%   0.097 AU:3    +
    2    12  0   0.0%   0.155 UG:3    +
    5    33  0   0.0%   0.075 UG:3    +
    4    34  0   0.0%   0.064 UA:3    +
    6    16  0   0.0%   0.014 GU:3    +
   14    18  0   0.0%   0.043 UG:3    +
    4    33  0   0.0%   0.064 UG:3    +
    2    35  0   0.0%   0.167 UA:3    +
   21    25  0   0.0%   0.088 GU:3    +
    9    31  0   0.0%   0.191 GC:3    +
   20    26  0   0.0%   0.113 CG:3    +
   10    30  0   0.0%   0.174 AU:3    +
   13    31  0   0.0%   0.102 GC:3    +
    8    32  0   0.0%   0.185 AU:3    +
    9    17  0   0.0%   0.122 GU:3    +
   10    16  0   0.0%   0.113 AU:3    +
   12    32  0   0.0%   0.012 GU:3    +
   11    24  0   0.0%   0.176 GC:3    +
    9    16  0   0.0%   0.123 GU:3    +
    6    20  0   0.0%   0.065 GC:3    +
   15    19  0   0.0%   0.126 UG:3    +
   10    25  0   0.0%   0.245 AU:3    +
   11    20  0   0.0%   0.043 GC:3    +
   12    23  0   0.0%   0.082 GU:3    +
   30    34  0   0.0%   0.118 UA:3    +
   10    15  0   0.0%   0.111 AU:3    +
    2    13  0   0.0%   0.155 UG:3    +
   33    37  0   0.0%   0.367 GC:3    +
    6    24  0   0.0%   0.039 GC:3    +
    5    12  0   0.0%   0.031 UG:3    +
    6    38  0   0.0%   0.048 GU:3    +
    8    17  0   0.0%   0.132 AU:3    +
    7    23  0   0.0%   0.085 AU:3    +
   10    22  0   0.0%   0.086 AU:3    +
   13    22  0   0.0%   0.160 GU:3    +
    1    12  0   0.0%   0.126 UG:3    +
    5    19  0   0.0%   0.081 UG:3    +
   23    29  0   0.0%   0.134 UG:3    +
    8    22  0   0.0%   0.106 AU:3    +
   12    24  0   0.0%   0.082 GC:3    +
    5    35  0   0.0%   0.076 UA:3    +
   11    25  0   0.0%   0.174 GU:3    +
    4    12  0   0.0%   0.023 UG:3    +
   25    33  0   0.0%   0.314 UG:3    +
   13    23  0   0.0%   0.161 GU:3    +
   11    15  0   0.0%   0.042 GU:3    +
    9    23  0   0.0%   0.096 GU:3    +
    2    26  0   0.0%   0.161 UG:3    +
    1    13  0   0.0%   0.126 UG:3    +
   27    32  0   0.0%   0.347 GU:3    +
   14    33  0   0.0%   0.098 UG:3    +
    6    25  0   0.0%   0.039 GU:3    +
   17    34  0   0.0%   0.094 UA:3    +
   22    29  0   0.0%   0.450 UG:3    +
   16    35  0   0.0%   0.274 UA:3    +
   18    37  0   0.0%   0.161 GC:3    +
   25    34  0   0.0%   0.157 UA:3    +
    3    38  0   0.0%   0.039 GU:3    +
    1    27  0   0.0%   0.126 UG:3    +
    8    36  0   0.0%   0.187 AU:3    +
   19    38  0   0.0%   0.389 GU:3    +
   24    29  0   0.0%   0.127 CG:3    +
    5    21  0   0.0%   0.061 UG:3    +
    4    13  0   0.0%   0.023 UG:3    +
   11    36  0   0.0%   0.109 GU:3    +
    7    14  0   0.0%   0.058 AU:3    +
    1    28  0   0.0%   0.126 UG:3    +
    6    15  0   0.0%   0.013 GU:3    +
   21    31  0   0.0%   0.066 GC:3    +
   13    24  0   0.0%   0.161 GC:3    +
    2    27  0   0.0%   0.161 UG:3    +
   26    30  0   0.0%   0.052 GU:3    +
   12    25  0   0.0%   0.080 GU:3    +
   13    32  0   0.0%   0.089 GU:3    +
   17    27  0   0.0%   0.038 UG:3    +
   19    36  0   0.0%   0.204 GU:3    +
   33    38  0   0.0%   0.513 GU:3    +
   21    30  0   0.0%   0.048 GU:3    +
   14    21  0   0.0%   0.098 UG:3    +
   16    28  0   0.0%   0.048 UG:3    +
    1    21  0   0.0%   0.126 UG:3    +
   29    38  0   0.0%   0.354 GU:3    +
   10    17  0   0.0%   0.112 AU:3    +
   19    25  0   0.0%   0.184 GU:3    +
    1    26  0   0.0%   0.126 UG:3    +
    6    32  0   0.0%   0.045 GU:3    +
   15    29  0   0.0%   0.043 UG:3    +
   26    36  0   0.0%   0.099 GU:3    +
   11    16  0   0.0%   0.043 GU:3    +
   28    32  0   0.0%   0.057 GU:3    +
   13    38  0   0.0%   0.375 GU:3    +
    9    22  0   0.0%   0.096 GU:3    +
    6    30  0   0.0%   0.040 GU:3    +
   23    35  0   0.0%   0.178 UA:3    +
    9    20  0   0.0%   0.122 GC:3    +
   22    34  0   0.0%   0.461 UA:3    +
..........((((((.(((........))).))))))
