3 sequence; length of alignment 34
alifold output
    6    21  0  47.5%   1.122 UA:3   
    5    22  0  47.3%   1.474 UA:3   
    7    20  0  47.2%   1.108 CG:3   
    4    23  0  46.7%   1.539 GC:3   
    4    12  0  22.9%   1.081 GC:3    +
    5    11  0  22.4%   1.022 UA:3    +
   19    33  0  21.5%   1.196 CG:3    +
   20    32  0  21.3%   1.601 GU:3    +
   21    31  0  20.9%   1.599 AU:3    +
    3    13  0  18.8%   1.010 UA:3    +
   18    34  0  17.4%   1.089 AU:3    +
   22    30  0  17.4%   1.489 AU:3    +
   10    17  0  12.1%   0.901 UA:3    +
   11    16  0  10.6%   1.170 AU:3    +
   14    23  0   4.8%   0.955 GC:3    +
   15    22  0   4.8%   0.836 UA:3    +
   16    21  0   4.0%   1.082 UA:3    +
   26    33  0   3.4%   0.853 CG:3    +
   27    32  0   2.8%   0.789 AU:3    +
    9    16  0   2.5%   0.360 AU:3    +
   12    33  0   2.4%   0.642 CG:3    +
   13    32  0   2.4%   0.627 AU:3    +
   14    31  0   1.9%   0.570 GU:3    +
   11    34  0   1.9%   0.843 AU:3    +
    1    14  0   1.6%   0.199 CG:3    +
    4    19  0   1.5%   0.602 GC:3    +
    5    18  0   1.5%   0.539 UA:3    +
    4     8  0   1.4%   0.176 GC:3    +
    3     9  0   1.4%   0.175 UA:3    +
    6    17  0   1.2%   0.171 UA:3    +
    2    10  0   1.2%   0.161 AU:3    +
    8    14  0   0.9%   0.271 CG:3    +
   20    25  0   0.7%   0.518 GC:3    +
    3    20  0   0.6%   0.482 UG:3    +
   21    30  0   0.5%   0.594 AU:3    +
   20    26  0   0.5%   0.528 GC:3    +
   22    29  0   0.5%   0.616 AU:3    +
   15    28  0   0.4%   0.275 UA:3    +
   14    29  0   0.4%   0.393 GU:3    +
   16    27  0   0.4%   0.544 UA:3    +
   20    31  0   0.4%   0.615 GU:3    +
   10    18  0   0.3%   0.449 UA:3    +
   14    19  0   0.3%   0.261 GC:3    +
   13    30  0   0.3%   0.366 AU:3    +
    2    15  0   0.2%   0.098 AU:3    +
    9    15  0   0.2%   0.124 AU:3    +
   10    14  0   0.2%   0.234 UG:3    +
   11    15  0   0.2%   0.414 AU:3    +
    7    14  0   0.2%   0.116 CG:3    +
    8    20  0   0.2%   0.524 CG:3    +
   24    33  0   0.2%   0.505 CG:3    +
   10    33  0   0.2%   0.404 UG:3    +
   11    32  0   0.2%   0.645 AU:3    +
    4    10  0   0.1%   0.141 GU:3    +
    3    28  0   0.1%   0.458 UA:3    +
    9    34  0   0.1%   0.211 AU:3    +
    8    33  0   0.1%   0.151 CG:3    +
    1    33  0   0.1%   0.095 CG:3    +
    9    32  0   0.1%   0.209 AU:3    +
    5     9  0   0.1%   0.084 UA:3    +
    2    32  0   0.1%   0.106 AU:3    +
    2    29  0   0.1%   0.096 AU:3    +
    3    27  0   0.1%   0.446 UA:3    +
    3    11  0   0.1%   0.082 UA:3    +
    3    14  0   0.1%   0.470 UG:3    +
   22    31  0   0.1%   1.281 AU:3    +
    4    24  0   0.1%   0.850 GC:3    +
   21    32  0   0.1%   1.311 AU:3    +
   25    33  0   0.1%   0.526 CG:3    +
    4    26  0   0.1%   0.855 GC:3    +
   23    33  0   0.1%   0.971 CG:3    +
   22    34  0   0.1%   1.245 AU:3    +
   12    20  0   0.1%   0.749 CG:3    +
   20    24  0   0.0%   0.427 GC:3    +
    2    16  0   0.0%   0.078 AU:3    +
   29    33  0   0.0%   0.666 UG:3    +
   28    34  0   0.0%   0.448 AU:3    +
   21    29  0   0.0%   0.534 AU:3    +
   20    30  0   0.0%   0.501 GU:3    +
   16    20  0   0.0%   0.747 UG:3    +
   17    32  0   0.0%   0.442 AU:3    +
   17    34  0   0.0%   0.414 AU:3    +
    4    16  0   0.0%   0.417 GU:3    +
   15    21  0   0.0%   0.406 UA:3    +
   14    24  0   0.0%   0.322 GC:3    +
    3    17  0   0.0%   0.395 UA:3    +
    3    33  0   0.0%   0.455 UG:3    +
   14    26  0   0.0%   0.324 GC:3    +
   16    33  0   0.0%   0.618 UG:3    +
   18    31  0   0.0%   0.171 AU:3    +
    2    34  0   0.0%   0.095 AU:3    +
    5    28  0   0.0%   0.781 UA:3    +
    6    13  0   0.0%   0.323 UA:3    +
    4    29  0   0.0%   0.857 GU:3    +
   17    30  0   0.0%   0.339 AU:3    +
   18    29  0   0.0%   0.124 AU:3    +
    1    20  0   0.0%   0.072 CG:3    +
    6    27  0   0.0%   0.427 UA:3    +
    5    14  0   0.0%   0.423 UG:3    +
    6    11  0   0.0%   0.348 UA:3    +
   10    28  0   0.0%   0.367 UA:3    +
   16    28  0   0.0%   0.530 UA:3    +
    9    29  0   0.0%   0.187 AU:3    +
   14    30  0   0.0%   0.358 GU:3    +
    5    17  0   0.0%   0.352 UA:3    +
   14    25  0   0.0%   0.315 GC:3    +
   28    32  0   0.0%   0.597 AU:3    +
   17    29  0   0.0%   0.352 AU:3    +
   27    34  0   0.0%   0.535 AU:3    +
   16    22  0   0.0%   0.970 UA:3    +
   13    31  0   0.0%   0.337 AU:3    +
   27    31  0   0.0%   0.472 AU:3    +
    4    25  0   0.0%   0.839 GC:3    +
    3    21  0   0.0%   0.424 UA:3    +
   10    27  0   0.0%   0.363 UA:3    +
    4    32  0   0.0%   0.856 GU:3    +
   18    30  0   0.0%   0.107 AU:3    +
    3    18  0   0.0%   0.393 UA:3    +
   17    31  0   0.0%   0.397 AU:3    +
   18    32  0   0.0%   0.208 AU:3    +
   20    29  0   0.0%   0.510 GU:3    +
    6    20  0   0.0%   0.092 UG:3    +
   15    20  0   0.0%   0.447 UG:3    +
    6    14  0   0.0%   0.081 UG:3    +
    5    21  0   0.0%   0.413 UA:3    +
    4    30  0   0.0%   0.846 GU:3    +
   11    30  0   0.0%   0.599 AU:3    +
    2    31  0   0.0%   0.081 AU:3    +
    5    13  0   0.0%   0.659 UA:3    +
   13    29  0   0.0%   0.330 AU:3    +
    4    15  0   0.0%   0.421 GU:3    +
   10    21  0   0.0%   0.706 UA:3    +
    2    30  0   0.0%   0.081 AU:3    +
    7    33  0   0.0%   0.380 CG:3    +
   22    32  0   0.0%   1.294 AU:3    +
   10    22  0   0.0%   0.705 UA:3    +
   11    31  0   0.0%   0.598 AU:3    +
    6    18  0   0.0%   0.124 UA:3    +
    3    22  0   0.0%   0.423 UA:3    +
   15    27  0   0.0%   0.202 UA:3    +
    6    22  0   0.0%   0.768 UA:3    +
    2     6  0   0.0%   0.001 AU:3    +
    9    30  0   0.0%   0.175 AU:3    +
   14    32  0   0.0%   0.531 GU:3    +
    9    31  0   0.0%   0.175 AU:3    +
    5    33  0   0.0%   0.779 UG:3    +
   15    33  0   0.0%   0.335 UG:3    +
    6    28  0   0.0%   0.427 UA:3    +
   11    29  0   0.0%   0.608 AU:3    +
    4    31  0   0.0%   0.846 GU:3    +
   14    34  0   0.0%   0.501 GU:3    +
   13    34  0   0.0%   0.509 AU:3    +
   21    34  0   0.0%   1.243 AU:3    +
   10    20  0   0.0%   0.749 UG:3    +
   20    34  0   0.0%   1.216 GU:3    +
    5    27  0   0.0%   0.774 UA:3    +
    4    34  0   0.0%   0.848 GU:3    +
    5    20  0   0.0%   0.442 UG:3    +
    6    33  0   0.0%   0.427 UG:3    +
...((((............))))...........
