3 sequence; length of alignment 118
alifold output
   67    80  0  92.7%   0.410 CG:3   
   68    79  0  92.7%   0.401 CG:3   
   66    81  0  92.5%   0.428 CG:3   
   69    78  0  89.7%   0.469 UA:3   
   65    82  0  79.9%   0.793 UA:3   
   51    59  0  52.5%   1.291 GC:3    +
   50    60  0  51.3%   1.294 AU:3    +
   46    63  0  50.0%   1.056 AU:3    +
   45    64  0  50.0%   1.267 GC:3    +
   52    58  0  49.3%   1.316 AU:3    +
   10    17  0  48.8%   1.055 CG:3   
    9    18  0  48.8%   1.069 GU:3   
    8    19  0  48.7%   1.174 UA:3   
    7    20  0  48.2%   1.173 GC:3   
   47    62  0  46.9%   1.071 AU:3    +
   37   105  0  36.6%   2.448 CG:3   
   36   106  0  36.6%   2.389 CG:3   
   38   104  0  36.6%   2.165 AU:3   
   39   103  0  36.5%   2.021 CG:3   
   51    91  0  34.7%   1.811 GC:3   
   56    86  0  34.5%   2.277 CG:3   
   57    85  0  34.5%   2.016 CG:3   
   55    87  0  34.2%   2.204 UG:3   
   35   107  0  34.1%   2.395 AU:3   
   50    92  0  33.5%   1.847 AU:3   
   54    88  0  33.2%   2.194 AU:3   
   58    84  0  31.2%   2.033 UA:3   
   52    90  0  31.1%   2.326 AU:3   
   45    99  0  29.5%   1.904 GC:3   
   46    98  0  28.9%   1.561 AU:3   
   49    61  0  28.4%   1.594 UA:3    +
   48    95  0  27.3%   1.532 UA:3   
   44   100  0  27.0%   1.661 UA:3   
   49    94  0  26.6%   1.814 UA:3   
   47    96  0  26.1%   1.537 AU:3   
   97   107  0  24.6%   2.473 AU:3    +
   98   106  0  24.6%   2.822 UG:3    +
   99   105  0  24.5%   2.947 CG:3    +
   96   108  0  24.5%   2.282 UA:3    +
   48    61  0  24.5%   1.036 UA:3    +
   11    16  0  24.3%   1.160 GU:3    +
   95   109  0  23.4%   2.467 AU:3    +
   35    88  0  22.4%   1.907 AU:3    +
   36    87  0  22.3%   2.024 CG:3    +
   34    89  0  22.3%   1.841 CG:3    +
   37    86  0  22.3%   2.114 CG:3    +
   93   111  0  21.3%   2.327 CG:3    +
   20   106  0  20.3%   1.814 CG:3    +
   19   107  0  20.3%   1.833 AU:3    +
   21   105  0  20.3%   1.469 CG:3    +
   33    90  0  20.3%   1.498 AU:3    +
   18   108  0  20.2%   1.723 UA:3    +
   92   112  0  19.8%   2.032 UA:3    +
   31   111  0  19.6%   1.554 CG:3    +
    7    39  0  18.5%   1.531 GC:3    +
    8    38  0  18.5%   1.509 UA:3    +
    9    37  0  18.5%   1.429 GC:3    +
   17   109  0  18.5%   1.831 GU:3    +
    6    40  0  18.3%   1.059 AU:3    +
   11    36  0  18.1%   1.474 GC:3    +
   12    35  0  18.0%   1.022 UA:3    +
   30   112  0  18.0%   1.375 UA:3    +
   13    34  0  17.3%   1.183 GC:3    +
    5    41  0  16.9%   0.907 AU:3    +
  100   104  0  16.1%   2.914 AU:3    +
   24    89  0  16.0%   1.248 CG:3    +
   25    88  0  15.7%   1.352 AU:3    +
   23    90  0  14.5%   1.089 AU:3    +
   22   104  0  14.4%   1.132 AU:3    +
   39    85  0  13.2%   1.621 CG:3    +
    2   106  0  12.7%   1.037 CG:3    +
    3   105  0  12.7%   1.037 CG:3    +
    4    42  0  12.1%   0.783 AU:3    +
   40    84  0  11.3%   1.411 UA:3    +
    1   107  0  11.3%   0.909 AU:3    +
   24   103  0  10.3%   1.277 CG:3    +
    7   114  0  10.1%   1.766 GC:3    +
   25   102  0   9.8%   1.402 AU:3    +
   11   110  0   9.4%   1.611 GC:3    +
   10   111  0   9.3%   1.037 CG:3    +
    6   115  0   9.3%   1.329 AU:3    +
   29    85  0   9.1%   1.203 CG:3    +
   28    86  0   9.0%   1.584 CG:3    +
   27    87  0   8.8%   1.558 CG:3    +
    8   113  0   8.3%   1.673 UA:3    +
   43    51  0   8.3%   0.635 CG:3    +
    4   104  0   8.2%   0.899 AU:3    +
   42    52  0   8.1%   0.886 UA:3    +
   44    50  0   8.1%   0.665 UA:3    +
   30    84  0   8.0%   0.809 UA:3    +
   26    87  0   7.8%   1.134 UG:3    +
   27    86  0   7.7%   1.178 CG:3    +
   11   114  0   7.5%   1.985 GC:3    +
   28    85  0   7.5%   0.851 CG:3    +
   12   113  0   7.5%   1.415 UA:3    +
   17    24  0   7.5%   0.985 GC:3    +
   41    53  0   7.3%   0.885 UA:3    +
   33   109  0   7.2%   1.446 AU:3    +
   16    25  0   6.9%   1.021 UA:3    +
   18    23  0   6.8%   0.964 UA:3    +
   88    97  0   5.9%   2.005 UA:3    +
   87    98  0   5.9%   2.554 GU:3    +
   71    77  0   5.8%   0.557 AU:3    +
   86    99  0   5.8%   2.713 GC:3    +
   89    96  0   5.7%   1.921 GU:3    +
   45    49  0   5.6%   0.558 GU:3    +
    8   100  0   5.5%   1.361 UA:3    +
    7   101  0   5.4%   1.387 GU:3    +
    9    99  0   5.4%   1.281 GC:3    +
    8   117  0   5.3%   1.726 UA:3    +
    2    87  0   5.2%   0.559 CG:3    +
    3    86  0   5.2%   0.622 CG:3    +
   23   104  0   5.2%   1.485 AU:3    +
    7   118  0   5.2%   1.762 GC:3    +
   90    95  0   5.1%   2.075 UA:3    +
   40    54  0   4.9%   0.761 UA:3    +
   72    76  0   4.7%   0.528 UA:3    +
    1    88  0   4.7%   0.455 AU:3    +
    6   102  0   4.5%   0.868 AU:3    +
   84   102  0   4.4%   2.023 AU:3    +
   83   103  0   4.4%   1.262 CG:3    +
   15   111  0   4.4%   0.836 CG:3    +
   94   102  0   4.2%   1.616 AU:3    +
   93   103  0   4.2%   1.579 CG:3    +
   91   116  0   4.1%   1.483 CG:3    +
   95   101  0   4.0%   1.379 AU:3    +
   90   117  0   4.0%   2.126 UA:3    +
   28    80  0   4.0%   0.450 CG:3    +
   27    81  0   4.0%   0.493 CG:3    +
   29    79  0   4.0%   0.519 CG:3    +
   20    87  0   3.9%   0.934 CG:3    +
   21    86  0   3.9%   0.659 CG:3    +
   19    88  0   3.9%   0.943 AU:3    +
   26    82  0   3.8%   0.504 UA:3    +
   89   118  0   3.8%   1.856 GC:3    +
   30    78  0   3.7%   0.426 UA:3    +
   13    93  0   3.5%   0.885 GC:3    +
   85   101  0   3.5%   1.953 GU:3    +
   12    94  0   3.4%   0.753 UA:3    +
   14    92  0   3.3%   0.628 AU:3    +
   18    89  0   3.3%   0.957 UG:3    +
  110   116  0   3.2%   1.340 CG:3    +
   96   100  0   3.1%   1.631 UA:3    +
    7    15  0   3.0%   0.328 GC:3    +
    8    14  0   3.0%   0.333 UA:3    +
    6    16  0   2.8%   0.301 AU:3    +
   14    26  0   2.8%   0.421 AU:3    +
   27   116  0   2.8%   1.161 CG:3    +
   13    27  0   2.6%   0.339 GC:3    +
  109   117  0   2.6%   1.743 UA:3    +
    3   116  0   2.5%   0.806 CG:3    +
   59    85  0   2.4%   1.859 CG:3    +
   82   104  0   2.4%   1.880 AU:3    +
   26   117  0   2.3%   0.957 UA:3    +
   60    84  0   2.3%   1.549 UA:3    +
   83    89  0   2.2%   1.161 CG:3    +
   82    90  0   2.1%   1.717 AU:3    +
   81    91  0   2.1%   0.965 GC:3    +
   80    92  0   2.1%   1.072 GU:3    +
   42   100  0   2.1%   0.969 UA:3    +
   89   114  0   2.0%   1.989 GC:3    +
   90   113  0   2.0%   2.045 UA:3    +
   79    93  0   1.9%   0.715 GC:3    +
   63    84  0   1.9%   1.616 UA:3    +
    4   115  0   1.9%   0.718 AU:3    +
   58    86  0   1.9%   2.588 UG:3    +
   57    87  0   1.9%   2.191 CG:3    +
   74   106  0   1.9%   1.232 CG:3    +
   73   107  0   1.9%   1.218 AU:3    +
   75   105  0   1.9%   1.312 UG:3    +
   76   104  0   1.9%   1.519 AU:3    +
   72   108  0   1.9%   0.713 UA:3    +
   77   103  0   1.9%   1.112 UG:3    +
   78   102  0   1.8%   0.900 AU:3    +
   71   109  0   1.8%   0.934 AU:3    +
   91   105  0   1.6%   1.832 CG:3    +
   88   108  0   1.6%   2.182 UA:3    +
    3    85  0   1.6%   0.229 CG:3    +
   87   109  0   1.6%   2.581 GU:3    +
    2    86  0   1.6%   0.228 CG:3    +
   86   110  0   1.6%   2.329 GC:3    +
   32    76  0   1.5%   0.367 UA:3    +
   70   111  0   1.5%   0.988 CG:3    +
   84   115  0   1.5%   1.867 AU:3    +
   83   116  0   1.5%   0.850 CG:3    +
   85   114  0   1.5%   2.114 GC:3    +
   89   107  0   1.5%   2.393 GU:3    +
   51    93  0   1.5%   1.349 GC:3    +
   33    75  0   1.5%   0.310 AU:3    +
   90   106  0   1.4%   2.563 UG:3    +
   84    88  0   1.4%   2.565 AU:3    +
   52    92  0   1.4%   1.624 AU:3    +
   69   112  0   1.4%   0.627 UA:3    +
   17    29  0   1.3%   0.831 GC:3    +
   17    91  0   1.3%   0.932 GC:3    +
  111   115  0   1.2%   1.907 GU:3    +
    7    34  0   1.2%   0.697 GC:3    +
   17    31  0   1.2%   0.868 GC:3    +
    8    33  0   1.2%   0.674 UA:3    +
   48    94  0   1.0%   0.665 UA:3    +
   14    32  0   1.0%   0.444 AU:3    +
   51    57  0   1.0%   0.367 GC:3    +
   11    29  0   1.0%   0.629 GC:3    +
   50    58  0   1.0%   0.359 AU:3    +
   54    90  0   1.0%   1.676 AU:3    +
   55    89  0   1.0%   1.334 UG:3    +
   24   116  0   1.0%   1.057 CG:3    +
    9    32  0   1.0%   0.599 GU:3    +
   11    20  0   0.9%   0.855 GC:3    +
   12    19  0   0.9%   0.497 UA:3    +
   25   115  0   0.9%   1.249 AU:3    +
   38    88  0   0.9%   1.366 AU:3    +
   39    87  0   0.9%   1.753 CG:3    +
   37    89  0   0.9%   1.563 CG:3    +
   44    84  0   0.8%   0.852 UA:3    +
   43    85  0   0.8%   1.131 CG:3    +
   40    86  0   0.8%   1.936 UG:3    +
   57    86  0   0.7%   2.075 CG:3    +
   56    87  0   0.7%   1.946 CG:3    +
   60    82  0   0.7%   0.651 UA:3    +
   13    18  0   0.7%   0.469 GU:3    +
   14   107  0   0.7%   0.793 AU:3    +
   15   106  0   0.7%   0.508 CG:3    +
   45    83  0   0.7%   0.690 GC:3    +
   11    98  0   0.7%   0.988 GU:3    +
   12    97  0   0.7%   0.645 UA:3    +
   10   116  0   0.7%   0.789 CG:3    +
   11    28  0   0.7%   0.530 GC:3    +
   41    85  0   0.6%   1.365 UG:3    +
   13   110  0   0.6%   1.016 GC:3    +
   28   116  0   0.6%   1.005 CG:3    +
   16   105  0   0.6%   1.062 UG:3    +
   93   116  0   0.6%   1.454 CG:3    +
   13    96  0   0.6%   0.749 GU:3    +
   94   115  0   0.6%   1.275 AU:3    +
   26    97  0   0.6%   0.605 UA:3    +
   60    78  0   0.6%   0.574 UA:3    +
   61    77  0   0.6%   0.811 AU:3    +
   59    79  0   0.5%   0.575 CG:3    +
   26   100  0   0.5%   0.757 UA:3    +
   62    76  0   0.5%   0.530 UA:3    +
    9    21  0   0.5%   0.460 GC:3    +
   17   110  0   0.5%   1.515 GC:3    +
   49    95  0   0.5%   1.395 UA:3    +
   17    93  0   0.5%   1.009 GC:3    +
   13    99  0   0.5%   0.908 GC:3    +
   47    63  0   0.5%   0.784 AU:3    +
   14    98  0   0.5%   0.520 AU:3    +
   92   117  0   0.5%   1.476 UA:3    +
   32    95  0   0.5%   0.418 UA:3    +
   12   100  0   0.5%   0.810 UA:3    +
   96   103  0   0.5%   1.821 UG:3    +
   16    94  0   0.5%   0.850 UA:3    +
   89   110  0   0.5%   1.634 GC:3    +
   97   102  0   0.5%   1.142 AU:3    +
   88   111  0   0.5%   2.555 UG:3    +
    9    29  0   0.4%   0.478 GC:3    +
   42    84  0   0.4%   1.006 UA:3    +
   14   109  0   0.4%   0.544 AU:3    +
    7    24  0   0.4%   0.552 GC:3    +
    7    31  0   0.4%   0.587 GC:3    +
   32    94  0   0.4%   0.486 UA:3    +
   25    98  0   0.4%   0.635 AU:3    +
   11    34  0   0.4%   0.638 GC:3    +
   12   111  0   0.4%   0.900 UG:3    +
   17    96  0   0.4%   0.950 GU:3    +
    6    32  0   0.4%   0.170 AU:3    +
   12    33  0   0.4%   0.190 UA:3    +
   95   104  0   0.4%   2.047 AU:3    +
   89    99  0   0.4%   1.907 GC:3    +
   88   100  0   0.4%   2.265 UA:3    +
   14    30  0   0.4%   0.277 AU:3    +
   51    64  0   0.4%   1.025 GC:3    +
   18    33  0   0.4%   0.731 UA:3    +
   52    63  0   0.4%   1.004 AU:3    +
   25   101  0   0.4%   0.785 AU:3    +
   16    97  0   0.4%   0.785 UA:3    +
   18    95  0   0.4%   0.797 UA:3    +
   87   101  0   0.4%   2.173 GU:3    +
   11   101  0   0.4%   1.141 GU:3    +
   64    85  0   0.4%   1.771 CG:3    +
   17    90  0   0.4%   0.806 GU:3    +
   53    62  0   0.4%   0.621 AU:3    +
   21   116  0   0.4%   0.718 CG:3    +
    8    22  0   0.3%   0.532 UA:3    +
   19    32  0   0.3%   0.595 AU:3    +
   13    31  0   0.3%   0.275 GC:3    +
   91   111  0   0.3%   1.541 CG:3    +
   11    96  0   0.3%   0.922 GU:3    +
   13    28  0   0.3%   0.242 GC:3    +
   86   102  0   0.3%   2.509 GU:3    +
   32    78  0   0.3%   0.416 UA:3    +
   56    81  0   0.3%   0.218 CG:3    +
   31    79  0   0.3%   0.323 CG:3    +
   57    80  0   0.3%   0.256 CG:3    +
   30    80  0   0.3%   0.366 UG:3    +
   17    34  0   0.3%   1.142 GC:3    +
    8    23  0   0.3%   0.548 UA:3    +
   29    81  0   0.3%   0.446 CG:3    +
   62    85  0   0.3%   1.799 UG:3    +
   22   115  0   0.3%   0.715 AU:3    +
   33    77  0   0.3%   0.239 AU:3    +
   37    45  0   0.3%   0.405 CG:3    +
   11   115  0   0.3%   1.719 GU:3    +
   58    85  0   0.3%   2.043 UG:3    +
   38    44  0   0.3%   0.394 AU:3    +
   14    90  0   0.3%   0.324 AU:3    +
   46    96  0   0.3%   0.507 AU:3    +
   13    91  0   0.3%   0.556 GC:3    +
   84   104  0   0.3%   2.523 AU:3    +
   12    95  0   0.3%   0.572 UA:3    +
   55    82  0   0.3%   0.208 UA:3    +
   15    89  0   0.3%   0.168 CG:3    +
   16   111  0   0.3%   1.175 UG:3    +
    9    31  0   0.3%   0.497 GC:3    +
   29   116  0   0.3%   0.891 CG:3    +
   87   114  0   0.2%   2.392 GC:3    +
   83   105  0   0.2%   1.378 CG:3    +
   88   113  0   0.2%   2.123 UA:3    +
   50    65  0   0.2%   0.654 AU:3    +
   90   112  0   0.2%   1.801 UA:3    +
    7    21  0   0.2%   0.511 GC:3    +
   11    15  0   0.2%   0.160 GC:3    +
   20   103  0   0.2%   0.586 CG:3    +
   31    51  0   0.2%   0.166 CG:3    +
   32    50  0   0.2%   0.199 UA:3    +
   19   104  0   0.2%   0.827 AU:3    +
   58    80  0   0.2%   0.622 UG:3    +
   79   101  0   0.2%   0.602 GU:3    +
   63    86  0   0.2%   2.164 UG:3    +
   33    49  0   0.2%   0.148 AU:3    +
   57    81  0   0.2%   0.281 CG:3    +
   66   116  0   0.2%   0.496 CG:3    +
   22   102  0   0.2%   0.237 AU:3    +
   62    82  0   0.2%   0.651 UA:3    +
   17    27  0   0.2%   0.696 GC:3    +
   56    89  0   0.2%   1.317 CG:3    +
   42    82  0   0.2%   0.643 UA:3    +
    2    11  0   0.2%   0.049 CG:3    +
   62    87  0   0.2%   2.050 UG:3    +
    3    45  0   0.2%   0.058 CG:3    +
   17   104  0   0.2%   1.106 GU:3    +
   61    88  0   0.2%   2.079 AU:3    +
   23   101  0   0.2%   0.710 AU:3    +
   30    52  0   0.2%   0.084 UA:3    +
   76    96  0   0.2%   0.727 AU:3    +
   21   103  0   0.2%   0.250 CG:3    +
   16    35  0   0.2%   0.992 UA:3    +
    1    12  0   0.2%   0.043 AU:3    +
    3     9  0   0.2%   0.036 CG:3    +
   65   117  0   0.2%   0.521 UA:3    +
   77    95  0   0.2%   0.709 UA:3    +
   86   115  0   0.2%   2.408 GU:3    +
  106   114  0   0.2%   2.137 GC:3    +
    2     7  0   0.2%   0.032 CG:3    +
   75    97  0   0.2%   0.216 UA:3    +
   27   111  0   0.2%   1.089 CG:3    +
   10   103  0   0.2%   0.383 CG:3    +
  107   113  0   0.2%   2.018 UA:3    +
   17    32  0   0.2%   0.852 GU:3    +
   35    44  0   0.2%   0.370 AU:3    +
   16    33  0   0.2%   0.743 UA:3    +
   29   111  0   0.2%   0.954 CG:3    +
    4    44  0   0.2%   0.303 AU:3    +
   34   111  0   0.2%   1.533 CG:3    +
   34    45  0   0.2%   0.450 CG:3    +
   62    84  0   0.2%   1.418 UA:3    +
   91   106  0   0.2%   1.774 CG:3    +
   26   112  0   0.2%   0.551 UA:3    +
   85    93  0   0.2%   1.684 GC:3    +
   86    92  0   0.1%   2.324 GU:3    +
    1     8  0   0.1%   0.029 AU:3    +
   45    98  0   0.1%   0.744 GU:3    +
   87    91  0   0.1%   2.132 GC:3    +
   17    28  0   0.1%   0.659 GC:3    +
  105   115  0   0.1%   2.059 GU:3    +
   60    89  0   0.1%   1.398 UG:3    +
   65    84  0   0.1%   1.289 UA:3    +
   31   116  0   0.1%   0.857 CG:3    +
   32    82  0   0.1%   0.409 UA:3    +
   30    95  0   0.1%   0.481 UA:3    +
    9   104  0   0.1%   1.197 GU:3    +
   99   116  0   0.1%   1.727 CG:3    +
   92   105  0   0.1%   1.837 UG:3    +
   53    58  0   0.1%   0.621 AU:3    +
   11    31  0   0.1%   0.574 GC:3    +
   30    97  0   0.1%   0.535 UA:3    +
   63    82  0   0.1%   0.643 UA:3    +
   42    86  0   0.1%   1.672 UG:3    +
   13    32  0   0.1%   0.281 GU:3    +
   30   117  0   0.1%   1.025 UA:3    +
    9    24  0   0.1%   0.438 GC:3    +
    4     8  0   0.1%   0.033 AU:3    +
  100   115  0   0.1%   1.600 AU:3    +
   30    94  0   0.1%   0.571 UA:3    +
    2   116  0   0.1%   0.540 CG:3    +
   71    75  0   0.1%   0.092 AU:3    +
   18    25  0   0.1%   0.797 UA:3    +
   43    81  0   0.1%   0.383 CG:3    +
    8    25  0   0.1%   0.534 UA:3    +
   98   117  0   0.1%   1.437 UA:3    +
   11    93  0   0.1%   0.878 GC:3    +
   31    45  0   0.1%   0.156 CG:3    +
    3   111  0   0.1%   0.538 CG:3    +
   12   117  0   0.1%   0.997 UA:3    +
   11   118  0   0.1%   1.556 GC:3    +
   70   103  0   0.1%   0.680 CG:3    +
   64    81  0   0.1%   0.584 CG:3    +
    7    26  0   0.1%   0.531 GU:3    +
   32   108  0   0.1%   0.674 UA:3    +
  103   110  0   0.1%   1.424 GC:3    +
   17    26  0   0.1%   0.692 GU:3    +
   39    45  0   0.1%   0.390 CG:3    +
   68   105  0   0.1%   1.095 CG:3    +
  102   111  0   0.1%   2.040 UG:3    +
   71   102  0   0.1%   0.602 AU:3    +
   67   106  0   0.1%   1.096 CG:3    +
   30   113  0   0.1%   1.169 UA:3    +
   17    21  0   0.1%   0.422 GC:3    +
   30    46  0   0.1%   0.061 UA:3    +
   13    24  0   0.1%   0.101 GC:3    +
   13   114  0   0.1%   1.177 GC:3    +
  104   113  0   0.1%   2.080 UA:3    +
  103   114  0   0.1%   1.651 GC:3    +
   12    25  0   0.1%   0.093 UA:3    +
   17    30  0   0.1%   0.687 GU:3    +
   16    22  0   0.1%   0.487 UA:3    +
   12    38  0   0.1%   0.734 UA:3    +
   53    90  0   0.1%   1.257 AU:3    +
   11   102  0   0.1%   1.103 GU:3    +
  101   112  0   0.1%   1.249 UA:3    +
   11    39  0   0.1%   1.180 GC:3    +
   13    37  0   0.1%   0.831 GC:3    +
   73    77  0   0.1%   0.234 AU:3    +
   19    26  0   0.1%   0.534 AU:3    +
   11    26  0   0.1%   0.448 GU:3    +
   14   115  0   0.1%   0.831 AU:3    +
   44    97  0   0.1%   0.414 UA:3    +
   45    93  0   0.1%   0.786 GC:3    +
   37    85  0   0.1%   0.840 CG:3    +
   88   117  0   0.1%   1.971 UA:3    +
   87   118  0   0.1%   2.041 GC:3    +
   19    92  0   0.1%   0.677 AU:3    +
   18   103  0   0.1%   0.767 UG:3    +
   13    21  0   0.1%   0.098 GC:3    +
   45    96  0   0.1%   0.718 GU:3    +
   48    97  0   0.1%   0.866 UA:3    +
   65    80  0   0.1%   0.225 UG:3    +
   66    79  0   0.1%   0.199 CG:3    +
   45    70  0   0.1%   0.593 GC:3    +
   44    94  0   0.1%   0.480 UA:3    +
   11    24  0   0.1%   0.460 GC:3    +
   51    58  0   0.1%   0.333 GU:3    +
   18   105  0   0.1%   1.054 UG:3    +
   46    69  0   0.1%   0.378 AU:3    +
   19   102  0   0.1%   0.722 AU:3    +
   93   105  0   0.1%   1.625 CG:3    +
   12    23  0   0.1%   0.093 UA:3    +
    9    36  0   0.1%   0.502 GC:3    +
    5   102  0   0.1%   0.320 AU:3    +
   21    85  0   0.1%   0.132 CG:3    +
   95   102  0   0.1%   1.533 AU:3    +
    3    13  0   0.1%   0.025 CG:3    +
   23   102  0   0.1%   0.684 AU:3    +
   20    86  0   0.1%   0.628 CG:3    +
   70    79  0   0.1%   0.278 CG:3    +
   14    96  0   0.1%   0.464 AU:3    +
   32   112  0   0.1%   0.667 UA:3    +
   12    22  0   0.1%   0.090 UA:3    +
   45    66  0   0.0%   0.586 GC:3    +
   36    86  0   0.0%   1.093 CG:3    +
   44    71  0   0.0%   0.256 UA:3    +
   46    65  0   0.0%   0.372 AU:3    +
    9   115  0   0.0%   1.291 GU:3    +
    4    12  0   0.0%   0.030 AU:3    +
   33   107  0   0.0%   1.157 AU:3    +
    8   105  0   0.0%   1.317 UG:3    +
   32   111  0   0.0%   1.093 UG:3    +
  111   118  0   0.0%   1.587 GC:3    +
   59    87  0   0.0%   2.031 CG:3    +
   43   111  0   0.0%   1.036 CG:3    +
   67   116  0   0.0%   0.481 CG:3    +
    2    17  0   0.0%   0.035 CG:3    +
   41    84  0   0.0%   0.966 UA:3    +
   46    92  0   0.0%   0.502 AU:3    +
    9    28  0   0.0%   0.411 GC:3    +
   13    29  0   0.0%   0.251 GC:3    +
   60    86  0   0.0%   2.144 UG:3    +
   81    99  0   0.0%   0.918 GC:3    +
   64   116  0   0.0%   0.778 CG:3    +
   72    78  0   0.0%   0.423 UA:3    +
    7    29  0   0.0%   0.524 GC:3    +
    5   115  0   0.0%   0.399 AU:3    +
   82    98  0   0.0%   0.957 AU:3    +
    6   101  0   0.0%   0.450 AU:3    +
   19    30  0   0.0%   0.444 AU:3    +
   38    55  0   0.0%   0.347 AU:3    +
   68    80  0   0.0%   0.346 CG:3    +
    6   107  0   0.0%   0.839 AU:3    +
   93   106  0   0.0%   1.609 CG:3    +
   11    30  0   0.0%   0.520 GU:3    +
   28   111  0   0.0%   1.035 CG:3    +
   67    81  0   0.0%   0.355 CG:3    +
   47    98  0   0.0%   1.199 AU:3    +
    1    18  0   0.0%   0.030 AU:3    +
  105   110  0   0.0%   1.908 GC:3    +
   41    82  0   0.0%   0.645 UA:3    +
   69    80  0   0.0%   0.384 UG:3    +
  104   116  0   0.0%   2.187 UG:3    +
   59    86  0   0.0%   2.099 CG:3    +
   32    97  0   0.0%   0.422 UA:3    +
   68    81  0   0.0%   0.358 CG:3    +
   92   113  0   0.0%   1.502 UA:3    +
   41    87  0   0.0%   1.624 UG:3    +
   60    85  0   0.0%   1.816 UG:3    +
   43   116  0   0.0%   0.631 CG:3    +
   94   104  0   0.0%   1.945 AU:3    +
   42   112  0   0.0%   0.928 UA:3    +
    6    30  0   0.0%   0.110 AU:3    +
    2    45  0   0.0%   0.037 CG:3    +
   63   117  0   0.0%   0.776 UA:3    +
   26   113  0   0.0%   0.938 UA:3    +
   46    62  0   0.0%   0.020 AU:3    +
   63    81  0   0.0%   0.598 UG:3    +
   92   106  0   0.0%   1.818 UG:3    +
   41   100  0   0.0%   0.764 UA:3    +
    9   118  0   0.0%   1.144 GC:3    +
   66    80  0   0.0%   0.209 CG:3    +
   44    80  0   0.0%   0.408 UG:3    +
   55    61  0   0.0%   0.717 UA:3    +
  104   111  0   0.0%   2.778 UG:3    +
   67    79  0   0.0%   0.194 CG:3    +
   51    56  0   0.0%   0.231 GC:3    +
   22    92  0   0.0%   0.163 AU:3    +
    2   111  0   0.0%   0.521 CG:3    +
   30   108  0   0.0%   0.767 UA:3    +
   45    63  0   0.0%   0.233 GU:3    +
   54    62  0   0.0%   0.536 AU:3    +
    9   107  0   0.0%   1.230 GU:3    +
   39    89  0   0.0%   1.448 CG:3    +
   22    26  0   0.0%   0.166 AU:3    +
   10   106  0   0.0%   0.630 CG:3    +
   64   111  0   0.0%   1.177 CG:3    +
   84   101  0   0.0%   1.366 AU:3    +
   63   112  0   0.0%   0.838 UA:3    +
    8   108  0   0.0%   1.055 UA:3    +
   69    79  0   0.0%   0.371 UG:3    +
   32    84  0   0.0%   0.475 UA:3    +
   50   115  0   0.0%   1.387 AU:3    +
   38    90  0   0.0%   1.038 AU:3    +
   64    80  0   0.0%   0.561 CG:3    +
   65    73  0   0.0%   0.027 UA:3    +
   49   116  0   0.0%   1.284 UG:3    +
   26    95  0   0.0%   0.502 UA:3    +
   51   114  0   0.0%   1.510 GC:3    +
   62   113  0   0.0%   0.884 UA:3    +
   90   108  0   0.0%   1.848 UA:3    +
   18    97  0   0.0%   0.801 UA:3    +
   30   111  0   0.0%   0.871 UG:3    +
    7   109  0   0.0%   1.076 GU:3    +
   94   109  0   0.0%   1.391 AU:3    +
   24    85  0   0.0%   0.312 CG:3    +
    4    18  0   0.0%   0.022 AU:3    +
   19    96  0   0.0%   0.635 AU:3    +
   31    85  0   0.0%   0.651 CG:3    +
   16    23  0   0.0%   0.480 UA:3    +
   26    89  0   0.0%   0.885 UG:3    +
   17    98  0   0.0%   0.920 GU:3    +
   35    90  0   0.0%   1.325 AU:3    +
   40    85  0   0.0%   1.480 UG:3    +
   59   116  0   0.0%   0.836 CG:3    +
   22    90  0   0.0%   0.079 AU:3    +
   49    97  0   0.0%   1.027 UA:3    +
   67    86  0   0.0%   1.734 CG:3    +
   68    85  0   0.0%   1.435 CG:3    +
   85    91  0   0.0%   1.883 GC:3    +
    3    17  0   0.0%   0.026 CG:3    +
   26   116  0   0.0%   0.737 UG:3    +
   45    56  0   0.0%   0.228 GC:3    +
   65    79  0   0.0%   0.207 UG:3    +
   35    75  0   0.0%   0.404 AU:3    +
   66    87  0   0.0%   1.665 CG:3    +
   42   117  0   0.0%   0.860 UA:3    +
   69    76  0   0.0%   0.104 UA:3    +
   48   117  0   0.0%   1.018 UA:3    +
   91   103  0   0.0%   1.410 CG:3    +
    5    42  0   0.0%   0.565 AU:3    +
   86    91  0   0.0%   2.184 GC:3    +
   46    55  0   0.0%   0.018 AU:3    +
   57    89  0   0.0%   1.428 CG:3    +
   34    87  0   0.0%   1.110 CG:3    +
   34   103  0   0.0%   1.027 CG:3    +
   25    90  0   0.0%   0.825 AU:3    +
    9   114  0   0.0%   1.214 GC:3    +
   33   104  0   0.0%   1.210 AU:3    +
   58    87  0   0.0%   2.444 UG:3    +
   32   105  0   0.0%   0.951 UG:3    +
   33    88  0   0.0%   0.770 AU:3    +
   31   106  0   0.0%   0.791 CG:3    +
   69    84  0   0.0%   1.177 UA:3    +
   66   111  0   0.0%   0.864 CG:3    +
    7   102  0   0.0%   1.217 GU:3    +
   22   101  0   0.0%   0.228 AU:3    +
   12   108  0   0.0%   0.608 UA:3    +
   58   117  0   0.0%   1.150 UA:3    +
   87    93  0   0.0%   1.901 GC:3    +
    8   116  0   0.0%   1.365 UG:3    +
   23    30  0   0.0%   0.250 AU:3    +
   69   111  0   0.0%   0.895 UG:3    +
   22    88  0   0.0%   0.308 AU:3    +
   13   109  0   0.0%   0.706 GU:3    +
   21    89  0   0.0%   0.318 CG:3    +
   44    82  0   0.0%   0.407 UA:3    +
    1    26  0   0.0%   0.029 AU:3    +
   86    93  0   0.0%   1.977 GC:3    +
   65   112  0   0.0%   0.555 UA:3    +
   53    88  0   0.0%   1.169 AU:3    +
    2     9  0   0.0%   0.016 CG:3    +
    7    43  0   0.0%   0.911 GC:3    +
   25    96  0   0.0%   0.583 AU:3    +
   84    92  0   0.0%   1.765 AU:3    +
   88    95  0   0.0%   1.854 UA:3    +
  103   118  0   0.0%   1.341 GC:3    +
   12   112  0   0.0%   0.631 UA:3    +
   33    92  0   0.0%   0.655 AU:3    +
   35   102  0   0.0%   1.082 AU:3    +
    6    44  0   0.0%   0.454 AU:3    +
   25    32  0   0.0%   0.366 AU:3    +
   33    60  0   0.0%   0.127 AU:3    +
   53    63  0   0.0%   0.624 AU:3    +
   32   113  0   0.0%   0.753 UA:3    +
   89   115  0   0.0%   1.788 GU:3    +
   34   116  0   0.0%   1.119 CG:3    +
    8   112  0   0.0%   1.055 UA:3    +
  108   115  0   0.0%   1.348 AU:3    +
   32    61  0   0.0%   0.176 UA:3    +
   50    96  0   0.0%   1.444 AU:3    +
  104   117  0   0.0%   2.006 UA:3    +
  105   114  0   0.0%   2.127 GC:3    +
   42    81  0   0.0%   0.619 UG:3    +
   70   116  0   0.0%   0.473 CG:3    +
   68   111  0   0.0%   0.866 CG:3    +
   85    92  0   0.0%   1.999 GU:3    +
   54    63  0   0.0%   0.554 AU:3    +
   35    42  0   0.0%   0.586 AU:3    +
   87    96  0   0.0%   2.062 GU:3    +
   23    32  0   0.0%   0.366 AU:3    +
   30    86  0   0.0%   1.173 UG:3    +
   43    80  0   0.0%   0.361 CG:3    +
   87    99  0   0.0%   2.477 GC:3    +
   67   111  0   0.0%   0.865 CG:3    +
   90    97  0   0.0%   1.594 UA:3    +
   34   106  0   0.0%   1.377 CG:3    +
   29    86  0   0.0%   1.266 CG:3    +
   36    45  0   0.0%   0.352 CG:3    +
   32    38  0   0.0%   0.479 UA:3    +
   29    87  0   0.0%   1.200 CG:3    +
   68   116  0   0.0%   0.478 CG:3    +
   33    96  0   0.0%   0.613 AU:3    +
   28    87  0   0.0%   1.303 CG:3    +
   72   100  0   0.0%   0.802 UA:3    +
   85    99  0   0.0%   1.922 GC:3    +
   32    89  0   0.0%   0.699 UG:3    +
   44    79  0   0.0%   0.401 UG:3    +
   84    96  0   0.0%   1.596 AU:3    +
   41   113  0   0.0%   0.964 UA:3    +
   51    92  0   0.0%   1.500 GU:3    +
   36    89  0   0.0%   1.422 CG:3    +
   69   117  0   0.0%   0.456 UA:3    +
    1    44  0   0.0%   0.029 AU:3    +
    9   110  0   0.0%   0.980 GC:3    +
    6    41  0   0.0%   0.742 AU:3    +
   13    20  0   0.0%   0.440 GC:3    +
   89    93  0   0.0%   1.272 GC:3    +
   85   118  0   0.0%   1.716 GC:3    +
   33    40  0   0.0%   0.421 AU:3    +
    4    41  0   0.0%   0.019 AU:3    +
   71   104  0   0.0%   1.232 AU:3    +
   72   103  0   0.0%   0.811 UG:3    +
   70   105  0   0.0%   1.022 CG:3    +
    4    16  0   0.0%   0.015 AU:3    +
   35    40  0   0.0%   0.638 AU:3    +
   33    42  0   0.0%   0.368 AU:3    +
   17   114  0   0.0%   1.644 GC:3    +
   71   115  0   0.0%   0.655 AU:3    +
   77    97  0   0.0%   0.355 UA:3    +
   22    30  0   0.0%   0.073 AU:3    +
   26    33  0   0.0%   0.239 UA:3    +
    9    34  0   0.0%   0.542 GC:3    +
   99   111  0   0.0%   2.306 CG:3    +
   25    30  0   0.0%   0.250 AU:3    +
   73   102  0   0.0%   0.422 AU:3    +
   78    96  0   0.0%   0.739 AU:3    +
    7    99  0   0.0%   0.911 GC:3    +
   88    94  0   0.0%   1.959 UA:3    +
   74    80  0   0.0%   0.276 CG:3    +
   40   103  0   0.0%   1.405 UG:3    +
   40    53  0   0.0%   0.320 UA:3    +
   45    59  0   0.0%   0.227 GC:3    +
   87    92  0   0.0%   2.239 GU:3    +
    6    26  0   0.0%   0.106 AU:3    +
   63    85  0   0.0%   1.821 UG:3    +
   92   111  0   0.0%   1.553 UG:3    +
   98   112  0   0.0%   1.707 UA:3    +
   11    27  0   0.0%   0.430 GC:3    +
   18   113  0   0.0%   1.477 UA:3    +
   94   101  0   0.0%   0.953 AU:3    +
   35    41  0   0.0%   0.630 AU:3    +
   71   101  0   0.0%   0.399 AU:3    +
    8    35  0   0.0%   0.573 UA:3    +
   86    90  0   0.0%   2.803 GU:3    +
   16    95  0   0.0%   0.704 UA:3    +
    8   111  0   0.0%   1.063 UG:3    +
   46    58  0   0.0%   0.015 AU:3    +
    5    26  0   0.0%   0.006 AU:3    +
   88   116  0   0.0%   2.132 UG:3    +
   99   106  0   0.0%   2.587 CG:3    +
   41    52  0   0.0%   0.322 UA:3    +
   30    82  0   0.0%   0.328 UA:3    +
    7    36  0   0.0%   0.595 GC:3    +
   40    46  0   0.0%   0.324 UA:3    +
   76    98  0   0.0%   0.711 AU:3    +
   26   108  0   0.0%   0.847 UA:3    +
   30    85  0   0.0%   0.892 UG:3    +
   86    98  0   0.0%   2.133 GU:3    +
    5    40  0   0.0%   0.005 AU:3    +
   98   103  0   0.0%   1.662 UG:3    +
   41    45  0   0.0%   0.367 UG:3    +
   97   104  0   0.0%   1.569 AU:3    +
   45   110  0   0.0%   1.283 GC:3    +
    4   102  0   0.0%   0.285 AU:3    +
   39    86  0   0.0%   1.699 CG:3    +
   41    46  0   0.0%   0.316 UA:3    +
   75    79  0   0.0%   0.341 UG:3    +
    3   103  0   0.0%   0.253 CG:3    +
    3    11  0   0.0%   0.027 CG:3    +
   25   109  0   0.0%   1.117 AU:3    +
   35   115  0   0.0%   1.437 AU:3    +
   11    21  0   0.0%   0.459 GC:3    +
   80    99  0   0.0%   0.904 GC:3    +
    5   101  0   0.0%   0.309 AU:3    +
   19    90  0   0.0%   0.588 AU:3    +
   16   112  0   0.0%   0.758 UA:3    +
   69   106  0   0.0%   1.118 UG:3    +
   80    93  0   0.0%   0.653 GC:3    +
   87   115  0   0.0%   2.332 GU:3    +
   31    81  0   0.0%   0.306 CG:3    +
   65    81  0   0.0%   0.230 UG:3    +
   40    47  0   0.0%   0.318 UA:3    +
   92    97  0   0.0%   0.942 UA:3    +
  107   116  0   0.0%   2.106 UG:3    +
   38    58  0   0.0%   0.343 AU:3    +
    9    41  0   0.0%   1.110 GU:3    +
   41    54  0   0.0%   0.650 UA:3    +
   87   110  0   0.0%   2.195 GC:3    +
    9    30  0   0.0%   0.432 GU:3    +
   64    79  0   0.0%   0.549 CG:3    +
   29    45  0   0.0%   0.151 CG:3    +
   54    60  0   0.0%   0.497 AU:3    +
   69   113  0   0.0%   0.593 UA:3    +
    9    27  0   0.0%   0.402 GC:3    +
   66   106  0   0.0%   1.084 CG:3    +
   43    86  0   0.0%   1.410 CG:3    +
   67   105  0   0.0%   1.076 CG:3    +
   30    35  0   0.0%   0.364 UA:3    +
    5   104  0   0.0%   0.519 AU:3    +
   38    42  0   0.0%   0.582 AU:3    +
    2    85  0   0.0%   0.033 CG:3    +
   18    22  0   0.0%   0.424 UA:3    +
   36    80  0   0.0%   0.465 CG:3    +
   37    79  0   0.0%   0.484 CG:3    +
   89   109  0   0.0%   1.881 GU:3    +
    8   103  0   0.0%   1.046 UG:3    +
    3     7  0   0.0%   0.013 CG:3    +
   38    72  0   0.0%   0.344 AU:3    +
   63    80  0   0.0%   0.586 UG:3    +
   18    94  0   0.0%   0.858 UA:3    +
   40    45  0   0.0%   0.375 UG:3    +
   41   103  0   0.0%   1.196 UG:3    +
    5    18  0   0.0%   0.008 AU:3    +
   58    79  0   0.0%   0.562 UG:3    +
   48    54  0   0.0%   0.151 UA:3    +
    4    26  0   0.0%   0.018 AU:3    +
   13   107  0   0.0%   0.951 GU:3    +
   65    78  0   0.0%   0.193 UA:3    +
   33    44  0   0.0%   0.124 AU:3    +
   46   109  0   0.0%   1.280 AU:3    +
   44    85  0   0.0%   1.130 UG:3    +
   16   113  0   0.0%   1.157 UA:3    +
  101   108  0   0.0%   1.329 UA:3    +
   20    89  0   0.0%   0.658 CG:3    +
  100   109  0   0.0%   2.089 AU:3    +
   90   116  0   0.0%   1.912 UG:3    +
    5    16  0   0.0%   0.003 AU:3    +
   99   103  0   0.0%   1.770 CG:3    +
    9    15  0   0.0%   0.120 GC:3    +
  101   113  0   0.0%   1.023 UA:3    +
    7    27  0   0.0%   0.515 GC:3    +
   35    92  0   0.0%   0.800 AU:3    +
  102   113  0   0.0%   1.324 UA:3    +
  102   112  0   0.0%   1.544 UA:3    +
   45    65  0   0.0%   0.576 GU:3    +
   90    94  0   0.0%   1.727 UA:3    +
   21   111  0   0.0%   0.929 CG:3    +
   47    55  0   0.0%   0.009 AU:3    +
    1   115  0   0.0%   0.418 AU:3    +
   86   118  0   0.0%   2.094 GC:3    +
   42    53  0   0.0%   0.660 UA:3    +
   43    79  0   0.0%   0.357 CG:3    +
   43   103  0   0.0%   0.909 CG:3    +
   62    81  0   0.0%   0.600 UG:3    +
   41    47  0   0.0%   0.310 UA:3    +
   40    82  0   0.0%   0.601 UA:3    +
   24   111  0   0.0%   1.174 CG:3    +
   53    92  0   0.0%   0.787 AU:3    +
   42    80  0   0.0%   0.616 UG:3    +
   42    46  0   0.0%   0.270 UA:3    +
    2   105  0   0.0%   0.253 CG:3    +
   44   111  0   0.0%   1.430 UG:3    +
   74    79  0   0.0%   0.268 CG:3    +
   44    78  0   0.0%   0.391 UA:3    +
    9   102  0   0.0%   1.113 GU:3    +
    3   106  0   0.0%   0.776 CG:3    +
   23   115  0   0.0%   1.007 AU:3    +
   59    89  0   0.0%   1.333 CG:3    +
   33    41  0   0.0%   0.413 AU:3    +
   49    53  0   0.0%   0.369 UA:3    +
   32    80  0   0.0%   0.405 UG:3    +
   65   108  0   0.0%   0.557 UA:3    +
   39    51  0   0.0%   0.340 CG:3    +
   40    50  0   0.0%   0.331 UA:3    +
   50    75  0   0.0%   0.686 AU:3    +
   42    51  0   0.0%   0.277 UG:3    +
   41    81  0   0.0%   0.650 UG:3    +
   35    58  0   0.0%   0.337 AU:3    +
   35    72  0   0.0%   0.338 AU:3    +
   65   116  0   0.0%   0.592 UG:3    +
   51    74  0   0.0%   0.637 GC:3    +
   23    98  0   0.0%   0.555 AU:3    +
    8    97  0   0.0%   0.886 UA:3    +
   81    98  0   0.0%   0.822 GU:3    +
   32    46  0   0.0%   0.165 UA:3    +
   49    76  0   0.0%   0.599 UA:3    +
   53    60  0   0.0%   0.549 AU:3    +
   78   101  0   0.0%   0.493 AU:3    +
    9    96  0   0.0%   0.807 GU:3    +
   64    86  0   0.0%   2.050 CG:3    +
   97   101  0   0.0%   0.794 AU:3    +
   74    81  0   0.0%   0.282 CG:3    +
   89    98  0   0.0%   1.756 GU:3    +
   13    36  0   0.0%   0.816 GC:3    +
   22    32  0   0.0%   0.188 AU:3    +
   11   109  0   0.0%   0.948 GU:3    +
    7    28  0   0.0%   0.515 GC:3    +
    7    98  0   0.0%   0.909 GU:3    +
   62    71  0   0.0%   0.386 UA:3    +
   61    72  0   0.0%   0.709 AU:3    +
    3    89  0   0.0%   0.252 CG:3    +
    3    87  0   0.0%   0.405 CG:3    +
   32    47  0   0.0%   0.159 UA:3    +
    2    89  0   0.0%   0.252 CG:3    +
   83    87  0   0.0%   1.615 CG:3    +
   75    80  0   0.0%   0.347 UG:3    +
   38    69  0   0.0%   0.342 AU:3    +
   29   105  0   0.0%   1.128 CG:3    +
   28   106  0   0.0%   1.233 CG:3    +
    4   109  0   0.0%   0.489 AU:3    +
   33   115  0   0.0%   1.116 AU:3    +
    7   110  0   0.0%   1.072 GC:3    +
    2    13  0   0.0%   0.026 CG:3    +
   30    38  0   0.0%   0.362 UA:3    +
  106   110  0   0.0%   1.886 GC:3    +
   51    60  0   0.0%   0.959 GU:3    +
   34    81  0   0.0%   0.555 CG:3    +
   96   105  0   0.0%   1.941 UG:3    +
   26    94  0   0.0%   0.599 UA:3    +
   60    73  0   0.0%   0.347 UA:3    +
  106   115  0   0.0%   2.031 GU:3    +
   54    58  0   0.0%   0.560 AU:3    +
   17    99  0   0.0%   1.041 GC:3    +
   35   109  0   0.0%   1.576 AU:3    +
   17    92  0   0.0%   0.917 GU:3    +
   20   105  0   0.0%   0.842 CG:3    +
   29    80  0   0.0%   0.392 CG:3    +
  102   116  0   0.0%   1.434 UG:3    +
   86   114  0   0.0%   2.419 GC:3    +
    1    90  0   0.0%   0.171 AU:3    +
   82    88  0   0.0%   1.725 AU:3    +
   32   116  0   0.0%   0.697 UG:3    +
   79    99  0   0.0%   0.890 GC:3    +
   37   116  0   0.0%   1.446 CG:3    +
    6    12  0   0.0%   0.016 AU:3    +
   13   115  0   0.0%   1.060 GU:3    +
  109   116  0   0.0%   1.642 UG:3    +
   85   110  0   0.0%   1.769 GC:3    +
    9    26  0   0.0%   0.411 GU:3    +
   40   100  0   0.0%   0.968 UA:3    +
  101   117  0   0.0%   0.955 UA:3    +
   96   113  0   0.0%   1.626 UA:3    +
   65    85  0   0.0%   1.571 UG:3    +
   94    98  0   0.0%   1.209 AU:3    +
   92   100  0   0.0%   1.323 UA:3    +
   14    18  0   0.0%   0.498 AU:3    +
   83   111  0   0.0%   1.115 CG:3    +
   36    81  0   0.0%   0.465 CG:3    +
   37    80  0   0.0%   0.485 CG:3    +
   16   108  0   0.0%   0.742 UA:3    +
   38   115  0   0.0%   1.146 AU:3    +
   28    81  0   0.0%   0.322 CG:3    +
   44    53  0   0.0%   0.438 UA:3    +
   23    88  0   0.0%   0.481 AU:3    +
   27    89  0   0.0%   1.076 CG:3    +
   59    81  0   0.0%   0.557 CG:3    +
   13    98  0   0.0%   0.707 GU:3    +
   45   114  0   0.0%   1.436 GC:3    +
    4    88  0   0.0%   0.425 AU:3    +
   58    82  0   0.0%   0.593 UA:3    +
   35    60  0   0.0%   0.338 AU:3    +
   21    87  0   0.0%   0.465 CG:3    +
   85   115  0   0.0%   2.007 GU:3    +
  109   113  0   0.0%   1.544 UA:3    +
   45    57  0   0.0%   0.225 GC:3    +
   23    92  0   0.0%   0.611 AU:3    +
   15   116  0   0.0%   0.446 CG:3    +
   42    97  0   0.0%   0.612 UA:3    +
    7    32  0   0.0%   0.564 GU:3    +
   42    47  0   0.0%   0.263 UA:3    +
    5    44  0   0.0%   0.318 AU:3    +
   11    99  0   0.0%   1.077 GC:3    +
    5   109  0   0.0%   0.313 AU:3    +
    8    13  0   0.0%   0.023 UG:3    +
   42    73  0   0.0%   0.467 UA:3    +
   42    85  0   0.0%   1.299 UG:3    +
   13    26  0   0.0%   0.070 GU:3    +
   29   103  0   0.0%   0.780 CG:3    +
   32    45  0   0.0%   0.181 UG:3    +
   77    94  0   0.0%   0.795 UA:3    +
   86   109  0   0.0%   2.455 GU:3    +
    9   101  0   0.0%   1.127 GU:3    +
    4    32  0   0.0%   0.016 AU:3    +
   28    89  0   0.0%   1.033 CG:3    +
  107   112  0   0.0%   2.202 UA:3    +
   16   100  0   0.0%   0.892 UA:3    +
   43    87  0   0.0%   1.337 CG:3    +
    5    32  0   0.0%   0.003 AU:3    +
   63    87  0   0.0%   2.077 UG:3    +
   68   103  0   0.0%   0.729 CG:3    +
   42    87  0   0.0%   1.592 UG:3    +
   41    86  0   0.0%   1.683 UG:3    +
   39   106  0   0.0%   2.003 CG:3    +
   47    77  0   0.0%   0.402 AU:3    +
   57    79  0   0.0%   0.198 CG:3    +
   39    79  0   0.0%   0.473 CG:3    +
   56    80  0   0.0%   0.158 CG:3    +
   41    97  0   0.0%   0.642 UA:3    +
   41    50  0   0.0%   0.322 UA:3    +
   40    78  0   0.0%   0.607 UA:3    +
   44    86  0   0.0%   1.447 UG:3    +
   65    71  0   0.0%   0.024 UA:3    +
   40   105  0   0.0%   1.750 UG:3    +
   12   116  0   0.0%   0.957 UG:3    +
   35    48  0   0.0%   0.336 AU:3    +
   38   107  0   0.0%   1.738 AU:3    +
   58    78  0   0.0%   0.552 UA:3    +
  106   118  0   0.0%   1.808 GC:3    +
   51    90  0   0.0%   1.286 GU:3    +
    2   103  0   0.0%   0.252 CG:3    +
   56    85  0   0.0%   0.859 CG:3    +
   48    76  0   0.0%   0.411 UA:3    +
  107   117  0   0.0%   1.925 UA:3    +
  104   112  0   0.0%   2.283 UA:3    +
   44   117  0   0.0%   0.919 UA:3    +
   82    96  0   0.0%   0.954 AU:3    +
   45   102  0   0.0%   1.402 GU:3    +
    9    98  0   0.0%   0.807 GU:3    +
   11    32  0   0.0%   0.586 GU:3    +
   46   101  0   0.0%   0.966 AU:3    +
   35   104  0   0.0%   1.352 AU:3    +
    1   104  0   0.0%   0.170 AU:3    +
   16    89  0   0.0%   0.677 UG:3    +
   73    98  0   0.0%   0.468 AU:3    +
   80    98  0   0.0%   0.815 GU:3    +
   45    62  0   0.0%   0.226 GU:3    +
   17   118  0   0.0%   1.371 GC:3    +
   36   103  0   0.0%   0.937 CG:3    +
   17    83  0   0.0%   0.728 GC:3    +
   16    84  0   0.0%   0.660 UA:3    +
    5    12  0   0.0%   0.015 AU:3    +
   13    30  0   0.0%   0.177 GU:3    +
   27   106  0   0.0%   1.274 CG:3    +
   28   105  0   0.0%   1.231 CG:3    +
   15    85  0   0.0%   0.187 CG:3    +
   43   106  0   0.0%   1.255 CG:3    +
   60    80  0   0.0%   0.560 UG:3    +
   56   111  0   0.0%   1.210 CG:3    +
   18   117  0   0.0%   1.236 UA:3    +
   34   105  0   0.0%   1.372 CG:3    +
   47    65  0   0.0%   0.388 AU:3    +
   36   105  0   0.0%   1.284 CG:3    +
   55   112  0   0.0%   0.766 UA:3    +
   44    51  0   0.0%   0.465 UG:3    +
   31   103  0   0.0%   0.438 CG:3    +
   37    87  0   0.0%   1.710 CG:3    +
   27   103  0   0.0%   0.926 CG:3    +
   75   100  0   0.0%   0.735 UA:3    +
  102   117  0   0.0%   1.255 UA:3    +
  102   108  0   0.0%   1.627 UA:3    +
   69    73  0   0.0%   0.008 UA:3    +
   30   116  0   0.0%   1.100 UG:3    +
   24    87  0   0.0%   0.519 CG:3    +
   88   112  0   0.0%   2.056 UA:3    +
   43   105  0   0.0%   1.254 CG:3    +
   32   117  0   0.0%   0.597 UA:3    +
   26   103  0   0.0%   0.794 UG:3    +
   73   101  0   0.0%   0.228 AU:3    +
   92   103  0   0.0%   1.522 UG:3    +
   64    89  0   0.0%   1.275 CG:3    +
    7   115  0   0.0%   1.604 GU:3    +
   65   113  0   0.0%   0.638 UA:3    +
   45    77  0   0.0%   0.602 GU:3    +
   44    52  0   0.0%   0.461 UA:3    +
   44    95  0   0.0%   0.375 UA:3    +
   68   106  0   0.0%   1.090 CG:3    +
   50    55  0   0.0%   0.224 AU:3    +
   32   100  0   0.0%   0.534 UA:3    +
   78    98  0   0.0%   0.732 AU:3    +
   35    55  0   0.0%   0.336 AU:3    +
   60    76  0   0.0%   0.412 UA:3    +
   44   105  0   0.0%   1.654 UG:3    +
   40    71  0   0.0%   0.466 UA:3    +
   70    81  0   0.0%   0.287 CG:3    +
   61    75  0   0.0%   0.771 AU:3    +
   92   108  0   0.0%   1.143 UA:3    +
   52    60  0   0.0%   0.910 AU:3    +
   17    88  0   0.0%   0.871 GU:3    +
   25   104  0   0.0%   1.446 AU:3    +
   24    86  0   0.0%   0.587 CG:3    +
   82   107  0   0.0%   1.639 AU:3    +
   41    51  0   0.0%   0.322 UG:3    +
   56   116  0   0.0%   0.805 CG:3    +
   45    67  0   0.0%   0.579 GC:3    +
   48    53  0   0.0%   0.194 UA:3    +
   85   102  0   0.0%   2.106 GU:3    +
   42   103  0   0.0%   1.242 UG:3    +
   40    76  0   0.0%   0.530 UA:3    +
   61    65  0   0.0%   0.725 AU:3    +
   45    91  0   0.0%   0.692 GC:3    +
  103   107  0   0.0%   2.497 GU:3    +
   30    79  0   0.0%   0.311 UG:3    +
   67    85  0   0.0%   1.429 CG:3    +
   59   111  0   0.0%   1.236 CG:3    +
   29    51  0   0.0%   0.135 CG:3    +
    7    30  0   0.0%   0.521 GU:3    +
    9    93  0   0.0%   0.806 GC:3    +
   42    50  0   0.0%   0.276 UA:3    +
   18    82  0   0.0%   0.605 UA:3    +
   66    86  0   0.0%   1.735 CG:3    +
   40    52  0   0.0%   0.329 UA:3    +
   38    77  0   0.0%   0.360 AU:3    +
    6   109  0   0.0%   0.587 AU:3    +
   33    62  0   0.0%   0.124 AU:3    +
   46    90  0   0.0%   1.019 AU:3    +
   31    89  0   0.0%   0.587 CG:3    +
   58   112  0   0.0%   1.213 UA:3    +
   30    50  0   0.0%   0.049 UA:3    +
   55   117  0   0.0%   0.699 UA:3    +
   33    72  0   0.0%   0.124 AU:3    +
    6   104  0   0.0%   0.789 AU:3    +
   22    98  0   0.0%   0.104 AU:3    +
   21   106  0   0.0%   1.145 CG:3    +
   83   106  0   0.0%   1.350 CG:3    +
   26    35  0   0.0%   0.453 UA:3    +
   30   100  0   0.0%   0.644 UA:3    +
   37   103  0   0.0%   0.997 CG:3    +
   47   107  0   0.0%   1.721 AU:3    +
   48   106  0   0.0%   1.749 UG:3    +
   28   103  0   0.0%   0.884 CG:3    +
   32    73  0   0.0%   0.174 UA:3    +
    1   109  0   0.0%   0.417 AU:3    +
   31    80  0   0.0%   0.304 CG:3    +
   40    51  0   0.0%   0.331 UG:3    +
   15   103  0   0.0%   0.148 CG:3    +
   38   102  0   0.0%   0.790 AU:3    +
    8    94  0   0.0%   0.884 UA:3    +
  101   116  0   0.0%   1.133 UG:3    +
   14   104  0   0.0%   0.648 AU:3    +
   63    73  0   0.0%   0.400 UA:3    +
   34    80  0   0.0%   0.554 CG:3    +
   52    65  0   0.0%   0.605 AU:3    +
   51    66  0   0.0%   0.640 GC:3    +
   74   103  0   0.0%   0.661 CG:3    +
    9    20  0   0.0%   0.716 GC:3    +
   82   102  0   0.0%   0.973 AU:3    +
   72    82  0   0.0%   0.553 UA:3    +
   17   107  0   0.0%   1.156 GU:3    +
   24   105  0   0.0%   1.390 CG:3    +
   23   107  0   0.0%   1.272 AU:3    +
   69   103  0   0.0%   0.762 UG:3    +
   44   116  0   0.0%   1.022 UG:3    +
   45    68  0   0.0%   0.579 GC:3    +
   69    82  0   0.0%   0.514 UA:3    +
   11    92  0   0.0%   0.856 GU:3    +
   30    81  0   0.0%   0.348 UG:3    +
   32    79  0   0.0%   0.403 UG:3    +
   33    48  0   0.0%   0.110 AU:3    +
   24   106  0   0.0%   1.390 CG:3    +
   49    54  0   0.0%   0.324 UA:3    +
   73   104  0   0.0%   1.054 AU:3    +
   55    81  0   0.0%   0.166 UG:3    +
   90   111  0   0.0%   2.233 UG:3    +
   46   102  0   0.0%   1.151 AU:3    +
    5    30  0   0.0%   0.003 AU:3    +
   44   112  0   0.0%   0.988 UA:3    +
   41   112  0   0.0%   0.873 UA:3    +
   15   105  0   0.0%   0.402 CG:3    +
  103   115  0   0.0%   1.551 GU:3    +
  100   107  0   0.0%   2.541 AU:3    +
   38    48  0   0.0%   0.338 AU:3    +
   47   101  0   0.0%   0.955 AU:3    +
  101   106  0   0.0%   2.003 UG:3    +
   62    86  0   0.0%   2.088 UG:3    +
   90   100  0   0.0%   1.975 UA:3    +
   56   106  0   0.0%   1.436 CG:3    +
   57   105  0   0.0%   1.555 CG:3    +
   48    89  0   0.0%   1.153 UG:3    +
   51   110  0   0.0%   1.350 GC:3    +
   17    36  0   0.0%   1.042 GC:3    +
   52    62  0   0.0%   0.924 AU:3    +
   42   111  0   0.0%   1.360 UG:3    +
   22    96  0   0.0%   0.117 AU:3    +
   80    90  0   0.0%   1.338 GU:3    +
    7    83  0   0.0%   0.908 GC:3    +
   79    91  0   0.0%   0.707 GC:3    +
   47    90  0   0.0%   1.033 AU:3    +
   40   113  0   0.0%   1.169 UA:3    +
   27    45  0   0.0%   0.124 CG:3    +
   18    35  0   0.0%   0.925 UA:3    +
    9    16  0   0.0%   0.115 GU:3    +
   38   101  0   0.0%   0.604 AU:3    +
   42    95  0   0.0%   0.588 UA:3    +
   52   109  0   0.0%   1.541 AU:3    +
   44   113  0   0.0%   1.074 UA:3    +
  104   108  0   0.0%   2.371 UA:3    +
   49   105  0   0.0%   1.909 UG:3    +
    1    42  0   0.0%   0.026 AU:3    +
   65    87  0   0.0%   1.794 UG:3    +
   48   100  0   0.0%   1.402 UA:3    +
   59    80  0   0.0%   0.552 CG:3    +
   19   101  0   0.0%   0.739 AU:3    +
   35    77  0   0.0%   0.357 AU:3    +
   41    71  0   0.0%   0.501 UA:3    +
  107   111  0   0.0%   2.695 UG:3    +
    8    95  0   0.0%   0.884 UA:3    +
   60    87  0   0.0%   2.066 UG:3    +
   12    17  0   0.0%   0.371 UG:3    +
   26    46  0   0.0%   0.132 UA:3    +
   95   107  0   0.0%   1.897 AU:3    +
   72    79  0   0.0%   0.415 UG:3    +
   51    63  0   0.0%   0.989 GU:3    +
   72    97  0   0.0%   0.260 UA:3    +
    3    51  0   0.0%   0.031 CG:3    +
    7    40  0   0.0%   1.218 GU:3    +
    6    92  0   0.0%   0.440 AU:3    +
   92   116  0   0.0%   1.573 UG:3    +
   85    90  0   0.0%   2.502 GU:3    +
   44    61  0   0.0%   0.246 UA:3    +
   46   115  0   0.0%   1.139 AU:3    +
    5   107  0   0.0%   0.558 AU:3    +
    7    96  0   0.0%   0.908 GU:3    +
   20   116  0   0.0%   1.003 CG:3    +
   70    80  0   0.0%   0.281 CG:3    +
   89   101  0   0.0%   1.519 GU:3    +
    7    91  0   0.0%   0.908 GC:3    +
   71    98  0   0.0%   0.636 AU:3    +
   50    90  0   0.0%   1.271 AU:3    +
   47    92  0   0.0%   0.510 AU:3    +
   86   101  0   0.0%   2.184 GU:3    +
   25   107  0   0.0%   1.386 AU:3    +
   27    85  0   0.0%   0.310 CG:3    +
   17   101  0   0.0%   1.038 GU:3    +
   64    87  0   0.0%   1.974 CG:3    +
   11    18  0   0.0%   0.727 GU:3    +
   73    96  0   0.0%   0.463 AU:3    +
   96   106  0   0.0%   1.923 UG:3    +
   32    85  0   0.0%   0.757 UG:3    +
   41    73  0   0.0%   0.501 UA:3    +
   10    89  0   0.0%   0.351 CG:3    +
   18   100  0   0.0%   0.925 UA:3    +
   31    86  0   0.0%   0.926 CG:3    +
   30    53  0   0.0%   0.061 UA:3    +
   78    92  0   0.0%   0.826 AU:3    +
    8    82  0   0.0%   0.884 UA:3    +
    3    79  0   0.0%   0.031 CG:3    +
    2    80  0   0.0%   0.031 CG:3    +
   95   115  0   0.0%   1.615 AU:3    +
   72    81  0   0.0%   0.427 UG:3    +
    7    12  0   0.0%   0.027 GU:3    +
    9    40  0   0.0%   1.116 GU:3    +
   52    88  0   0.0%   1.527 AU:3    +
  105   118  0   0.0%   1.827 GC:3    +
   38    60  0   0.0%   0.343 AU:3    +
   55    86  0   0.0%   1.177 UG:3    +
   66    85  0   0.0%   1.436 CG:3    +
   60    79  0   0.0%   0.554 UG:3    +
   86    96  0   0.0%   2.135 GU:3    +
    6    42  0   0.0%   0.695 AU:3    +
   20   111  0   0.0%   1.272 CG:3    +
   63    71  0   0.0%   0.403 UA:3    +
   97   109  0   0.0%   1.674 AU:3    +
   98   108  0   0.0%   1.802 UA:3    +
    4    30  0   0.0%   0.015 AU:3    +
   69   105  0   0.0%   1.114 UG:3    +
   32   103  0   0.0%   0.599 UG:3    +
   63    76  0   0.0%   0.492 UA:3    +
   54   107  0   0.0%   1.549 AU:3    +
   26   111  0   0.0%   0.925 UG:3    +
   54    92  0   0.0%   1.120 AU:3    +
   14   101  0   0.0%   0.615 AU:3    +
   36    79  0   0.0%   0.463 CG:3    +
   72   105  0   0.0%   1.155 UG:3    +
   61   115  0   0.0%   1.140 AU:3    +
   51    70  0   0.0%   0.640 GC:3    +
   12   106  0   0.0%   0.865 UG:3    +
   82   115  0   0.0%   0.975 AU:3    +
   44    54  0   0.0%   0.393 UA:3    +
   50   104  0   0.0%   2.032 AU:3    +
   13   102  0   0.0%   0.851 GU:3    +
   24    45  0   0.0%   0.250 CG:3    +
   26   106  0   0.0%   1.141 UG:3    +
    7    37  0   0.0%   0.594 GC:3    +
   27   105  0   0.0%   1.274 CG:3    +
   10   105  0   0.0%   0.626 CG:3    +
   84    90  0   0.0%   2.271 AU:3    +
   17    39  0   0.0%   1.046 GC:3    +
   79    92  0   0.0%   0.822 GU:3    +
    6    18  0   0.0%   0.106 AU:3    +
   40    97  0   0.0%   0.853 UA:3    +
    9    43  0   0.0%   0.807 GC:3    +
   72    80  0   0.0%   0.421 UG:3    +
   82   101  0   0.0%   0.723 AU:3    +
   68    86  0   0.0%   1.732 CG:3    +
   30    47  0   0.0%   0.049 UA:3    +
   67    87  0   0.0%   1.656 CG:3    +
   52    69  0   0.0%   0.592 AU:3    +
   98   105  0   0.0%   1.805 UG:3    +
   18    87  0   0.0%   0.759 UG:3    +
   42   106  0   0.0%   1.589 UG:3    +
   57   116  0   0.0%   0.925 CG:3    +
   25    44  0   0.0%   0.222 AU:3    +
   62   117  0   0.0%   0.728 UA:3    +
   11    91  0   0.0%   0.856 GC:3    +
   45   118  0   0.0%   1.163 GC:3    +
   37    51  0   0.0%   0.349 CG:3    +
    9    90  0   0.0%   0.806 GU:3    +
   18    38  0   0.0%   0.923 UA:3    +
   47    60  0   0.0%   0.004 AU:3    +
   58    89  0   0.0%   1.750 UG:3    +
   16   116  0   0.0%   0.891 UG:3    +
   55    95  0   0.0%   0.893 UA:3    +
  103   109  0   0.0%   2.043 GU:3    +
   39   116  0   0.0%   1.366 CG:3    +
   55   106  0   0.0%   1.433 UG:3    +
   62    73  0   0.0%   0.382 UA:3    +
   48   113  0   0.0%   1.168 UA:3    +
   69    85  0   0.0%   1.466 UG:3    +
   23   109  0   0.0%   1.000 AU:3    +
   49   112  0   0.0%   1.243 UA:3    +
   40    73  0   0.0%   0.466 UA:3    +
   65    86  0   0.0%   1.869 UG:3    +
   34    85  0   0.0%   0.896 CG:3    +
   54    96  0   0.0%   1.019 AU:3    +
   63   116  0   0.0%   0.871 UG:3    +
    7   104  0   0.0%   1.275 GU:3    +
   85    98  0   0.0%   1.831 GU:3    +
   56   105  0   0.0%   1.435 CG:3    +
   96   111  0   0.0%   2.330 UG:3    +
   33    63  0   0.0%   0.124 AU:3    +
   80    91  0   0.0%   0.713 GC:3    +
    7    16  0   0.0%   0.219 GU:3    +
   33    55  0   0.0%   0.122 AU:3    +
   21    45  0   0.0%   0.069 CG:3    +
    4   107  0   0.0%   0.735 AU:3    +
   49    73  0   0.0%   0.533 UA:3    +
    1    32  0   0.0%   0.026 AU:3    +
   41    76  0   0.0%   0.566 UA:3    +
   22    44  0   0.0%   0.047 AU:3    +
   23    96  0   0.0%   0.567 AU:3    +
   27    80  0   0.0%   0.109 CG:3    +
   79    98  0   0.0%   0.803 GU:3    +
    1    30  0   0.0%   0.026 AU:3    +
   13   118  0   0.0%   0.900 GC:3    +
   46    60  0   0.0%   0.014 AU:3    +
   79    96  0   0.0%   0.809 GU:3    +
    5    92  0   0.0%   0.306 AU:3    +
   50    72  0   0.0%   0.622 AU:3    +
   49    89  0   0.0%   1.341 UG:3    +
   51    99  0   0.0%   1.613 GC:3    +
   45    60  0   0.0%   0.227 GU:3    +
   12   103  0   0.0%   0.613 UG:3    +
   42   116  0   0.0%   0.956 UG:3    +
    5    98  0   0.0%   0.306 AU:3    +
   40    61  0   0.0%   0.467 UA:3    +
   53    72  0   0.0%   0.226 AU:3    +
   90   105  0   0.0%   2.396 UG:3    +
   51    55  0   0.0%   0.227 GU:3    +
   59   106  0   0.0%   1.462 CG:3    +
   52    98  0   0.0%   1.468 AU:3    +
   33    58  0   0.0%   0.122 AU:3    +
   28    79  0   0.0%   0.066 CG:3    +
   60   116  0   0.0%   0.880 UG:3    +
   85    96  0   0.0%   1.835 GU:3    +
   55    84  0   0.0%   0.543 UA:3    +
   26    81  0   0.0%   0.132 UG:3    +
   62    80  0   0.0%   0.594 UG:3    +
   60   105  0   0.0%   1.508 UG:3    +
   30    87  0   0.0%   1.103 UG:3    +
   52   102  0   0.0%   1.413 AU:3    +
   84    98  0   0.0%   1.590 AU:3    +
   62    78  0   0.0%   0.579 UA:3    +
   14   102  0   0.0%   0.586 AU:3    +
   35    62  0   0.0%   0.337 AU:3    +
   11    88  0   0.0%   0.999 GU:3    +
  105   109  0   0.0%   2.531 GU:3    +
    8    17  0   0.0%   0.128 UG:3    +
   51    83  0   0.0%   0.672 GC:3    +
    1    49  0   0.0%   0.027 AU:3    +
   55    94  0   0.0%   1.012 UA:3    +
   38    49  0   0.0%   0.350 AU:3    +
   50    62  0   0.0%   0.965 AU:3    +
   17   102  0   0.0%   1.008 GU:3    +
   98   111  0   0.0%   2.195 UG:3    +
   53   101  0   0.0%   0.450 AU:3    +
   13    92  0   0.0%   0.524 GU:3    +
   25    41  0   0.0%   0.513 AU:3    +
   38    65  0   0.0%   0.341 AU:3    +
    9    83  0   0.0%   0.806 GC:3    +
   98   113  0   0.0%   1.491 UA:3    +
   48   112  0   0.0%   1.082 UA:3    +
   33   101  0   0.0%   0.749 AU:3    +
   40    87  0   0.0%   1.830 UG:3    +
   11   104  0   0.0%   1.159 GU:3    +
   41   117  0   0.0%   0.806 UA:3    +
  101   105  0   0.0%   2.020 UG:3    +
   45   115  0   0.0%   1.390 GU:3    +
   26    86  0   0.0%   0.605 UG:3    +
   35    49  0   0.0%   0.348 AU:3    +
   61   104  0   0.0%   1.790 AU:3    +
   58    81  0   0.0%   0.613 UG:3    +
   41    61  0   0.0%   0.503 UA:3    +
   50    88  0   0.0%   1.562 AU:3    +
   22   109  0   0.0%   0.674 AU:3    +
   49   111  0   0.0%   1.685 UG:3    +
   36    85  0   0.0%   0.806 CG:3    +
    4    92  0   0.0%   0.282 AU:3    +
   11    37  0   0.0%   1.162 GC:3    +
   25    92  0   0.0%   0.622 AU:3    +
    8    84  0   0.0%   0.884 UA:3    +
   10    87  0   0.0%   0.504 CG:3    +
   62    89  0   0.0%   1.339 UG:3    +
   44   103  0   0.0%   1.308 UG:3    +
   69    81  0   0.0%   0.388 UG:3    +
   52    72  0   0.0%   0.588 AU:3    +
    4   101  0   0.0%   0.282 AU:3    +
   96   112  0   0.0%   1.840 UA:3    +
   61    96  0   0.0%   1.201 AU:3    +
   33    98  0   0.0%   0.619 AU:3    +
   62    95  0   0.0%   0.919 UA:3    +
   25    42  0   0.0%   0.466 AU:3    +
   34    79  0   0.0%   0.553 CG:3    +
    1    48  0   0.0%   0.027 AU:3    +
    9    88  0   0.0%   0.948 GU:3    +
   85   104  0   0.0%   2.711 GU:3    +
   74    85  0   0.0%   1.357 CG:3    +
   42   113  0   0.0%   1.011 UA:3    +
   89   102  0   0.0%   1.786 GU:3    +
   75    84  0   0.0%   1.137 UA:3    +
   37   111  0   0.0%   1.852 CG:3    +
   94   107  0   0.0%   1.836 AU:3    +
   48    52  0   0.0%   0.217 UA:3    +
   39   105  0   0.0%   2.001 CG:3    +
   34    51  0   0.0%   0.420 CG:3    +
   19   115  0   0.0%   1.225 AU:3    +
    4    40  0   0.0%   0.016 AU:3    +
   18   116  0   0.0%   1.210 UG:3    +
   61    90  0   0.0%   1.812 AU:3    +
   87   102  0   0.0%   2.419 GU:3    +
   60    97  0   0.0%   0.623 UA:3    +
   61   109  0   0.0%   1.279 AU:3    +
   63    79  0   0.0%   0.578 UG:3    +
   48    82  0   0.0%   0.497 UA:3    +
   66   105  0   0.0%   1.081 CG:3    +
   15    87  0   0.0%   0.274 CG:3    +
   97   115  0   0.0%   1.162 AU:3    +
   16   106  0   0.0%   1.037 UG:3    +
   36   111  0   0.0%   1.791 CG:3    +
   75    95  0   0.0%   0.530 UA:3    +
   16   117  0   0.0%   0.916 UA:3    +
   47    88  0   0.0%   1.324 AU:3    +
   42    76  0   0.0%   0.531 UA:3    +
   96   117  0   0.0%   1.550 UA:3    +
   20    85  0   0.0%   0.464 CG:3    +
   60    81  0   0.0%   0.565 UG:3    +
   54    65  0   0.0%   0.173 AU:3    +
   63    94  0   0.0%   1.077 UA:3    +
   62   108  0   0.0%   0.800 UA:3    +
   47   115  0   0.0%   1.128 AU:3    +
   61   107  0   0.0%   1.731 AU:3    +
   62   103  0   0.0%   1.112 UG:3    +
   47    58  0   0.0%   0.005 AU:3    +
   33   102  0   0.0%   0.933 AU:3    +
   63   111  0   0.0%   1.272 UG:3    +
   26    54  0   0.0%   0.132 UA:3    +
   29    89  0   0.0%   0.929 CG:3    +
    9    91  0   0.0%   0.806 GC:3    +
    6    98  0   0.0%   0.439 AU:3    +
   48    87  0   0.0%   1.425 UG:3    +
   42    71  0   0.0%   0.466 UA:3    +
   62   112  0   0.0%   0.792 UA:3    +
    5    90  0   0.0%   0.307 AU:3    +
    2    51  0   0.0%   0.031 CG:3    +
   50    63  0   0.0%   0.982 AU:3    +
   55   108  0   0.0%   0.774 UA:3    +
   13    43  0   0.0%   0.509 GC:3    +
   67   103  0   0.0%   0.728 CG:3    +
   38    62  0   0.0%   0.341 AU:3    +
   23    40  0   0.0%   0.521 AU:3    +
   55    71  0   0.0%   0.012 UA:3    +
   14    42  0   0.0%   0.531 AU:3    +
   65    89  0   0.0%   1.095 UG:3    +
   60   108  0   0.0%   0.850 UA:3    +
   35   101  0   0.0%   0.894 AU:3    +
    7    41  0   0.0%   1.209 GU:3    +
   26    84  0   0.0%   0.256 UA:3    +
   31   105  0   0.0%   0.785 CG:3    +
   74   111  0   0.0%   0.921 CG:3    +
   54    72  0   0.0%   0.155 AU:3    +
   16    86  0   0.0%   0.878 UG:3    +
   81    90  0   0.0%   1.344 GU:3    +
    4    90  0   0.0%   0.283 AU:3    +
......((((......))))..............(((((....(((((((((.(((((......(((((........))))).))))).))).))).)))..)))))...........
