3 sequence; length of alignment 34
alifold output
    3    25  0  93.0%   0.228 CG:3   
    4    24  0  92.8%   0.259 GC:3   
   10    18  0  92.6%   0.248 UA:3   
   11    17  0  92.0%   0.264 CG:3   
    9    19  0  89.0%   0.318 UA:3   
    6    22  0  87.4%   0.382 GC:3   
    2    26  0  81.3%   0.530 UA:3   
   10    26  0   3.7%   0.644 UA:3    +
   11    25  0   3.7%   0.541 CG:3    +
    9    27  0   3.7%   0.540 UG:3    +
    8    28  0   3.5%   0.387 AU:3    +
    6    30  0   3.1%   0.522 GC:3    +
    5    31  0   2.7%   0.384 UA:3    +
    3    33  0   2.0%   0.350 CG:3    +
   15    21  0   1.1%   0.220 CG:3    +
   12    17  0   0.9%   0.248 CG:3    +
    2    34  0   0.9%   0.327 UG:3    +
    4    15  0   0.8%   0.120 GC:3    +
    5    14  0   0.8%   0.122 UA:3    +
    6    24  0   0.6%   0.302 GC:3    +
    7    23  0   0.6%   0.094 AU:3    +
   17    24  0   0.6%   0.365 GC:3    +
    9    20  0   0.6%   0.199 UA:3    +
   13    23  0   0.5%   0.125 AU:3    +
   29    34  0   0.5%   0.182 CG:3    +
   18    23  0   0.5%   0.265 AU:3    +
    5    25  0   0.5%   0.210 UG:3    +
    3    17  0   0.5%   0.078 CG:3    +
   10    19  0   0.5%   0.259 UA:3    +
    1    28  0   0.5%   0.074 AU:3    +
    2    18  0   0.4%   0.071 UA:3    +
   17    22  0   0.4%   0.347 GC:3    +
   16    23  0   0.4%   0.139 AU:3    +
    3    27  0   0.4%   0.166 CG:3    +
    6    29  0   0.3%   0.228 GC:3    +
   29    33  0   0.3%   0.174 CG:3    +
    7    28  0   0.2%   0.090 AU:3    +
    4    30  0   0.2%   0.154 GC:3    +
   24    33  0   0.2%   0.253 CG:3    +
    2    27  0   0.2%   0.224 UG:3    +
   12    21  0   0.2%   0.096 CG:3    +
   22    33  0   0.2%   0.266 CG:3    +
    6    12  0   0.1%   0.031 GC:3    +
   23    32  0   0.1%   0.146 UA:3    +
    6    15  0   0.1%   0.079 GC:3    +
    5    21  0   0.1%   0.083 UG:3    +
    4    22  0   0.1%   0.069 GC:3    +
    5    16  0   0.1%   0.072 UA:3    +
   28    34  0   0.1%   0.245 UG:3    +
   25    30  0   0.1%   0.362 GC:3    +
    5    13  0   0.1%   0.021 UA:3    +
   15    27  0   0.1%   0.273 CG:3    +
   14    28  0   0.1%   0.212 AU:3    +
   22    27  0   0.1%   0.326 CG:3    +
    3    34  0   0.1%   0.248 CG:3    +
   10    17  0   0.1%   0.043 UG:3    +
   21    28  0   0.1%   0.247 GU:3    +
    9    18  0   0.1%   0.039 UA:3    +
   23    34  0   0.1%   0.183 UG:3    +
    5    32  0   0.0%   0.198 UA:3    +
   14    23  0   0.0%   0.108 AU:3    +
   12    33  0   0.0%   0.152 CG:3    +
   11    34  0   0.0%   0.255 CG:3    +
   12    25  0   0.0%   0.286 CG:3    +
    9    21  0   0.0%   0.155 UG:3    +
   30    34  0   0.0%   0.221 CG:3    +
   28    33  0   0.0%   0.275 UG:3    +
    6    23  0   0.0%   0.143 GU:3    +
   10    20  0   0.0%   0.137 UA:3    +
   17    29  0   0.0%   0.229 GC:3    +
   18    28  0   0.0%   0.289 AU:3    +
   15    25  0   0.0%   0.321 CG:3    +
    6    11  0   0.0%   0.005 GC:3    +
   10    16  0   0.0%   0.013 UA:3    +
    9    17  0   0.0%   0.030 UG:3    +
    4    11  0   0.0%   0.003 GC:3    +
   28    32  0   0.0%   0.182 UA:3    +
    2    19  0   0.0%   0.027 UA:3    +
    9    16  0   0.0%   0.012 UA:3    +
    4    12  0   0.0%   0.003 GC:3    +
   22    34  0   0.0%   0.215 CG:3    +
    9    26  0   0.0%   0.312 UA:3    +
    2    32  0   0.0%   0.206 UA:3    +
   21    30  0   0.0%   0.198 GC:3    +
   10    25  0   0.0%   0.200 UG:3    +
   17    30  0   0.0%   0.326 GC:3    +
    2    16  0   0.0%   0.002 UA:3    +
    4    29  0   0.0%   0.122 GC:3    +
   11    21  0   0.0%   0.091 CG:3    +
    2    31  0   0.0%   0.205 UA:3    +
    4    23  0   0.0%   0.052 GU:3    +
   23    33  0   0.0%   0.215 UG:3    +
    2    17  0   0.0%   0.002 UG:3    +
   21    29  0   0.0%   0.099 GC:3    +
   12    27  0   0.0%   0.220 CG:3    +
    2    33  0   0.0%   0.206 UG:3    +
   13    28  0   0.0%   0.189 AU:3    +
   24    34  0   0.0%   0.195 CG:3    +
   25    29  0   0.0%   0.242 GC:3    +
   11    27  0   0.0%   0.356 CG:3    +
   11    33  0   0.0%   0.282 CG:3    +
   10    31  0   0.0%   0.327 UA:3    +
    5    20  0   0.0%   0.055 UA:3    +
   15    33  0   0.0%   0.189 CG:3    +
    9    32  0   0.0%   0.269 UA:3    +
    8    23  0   0.0%   0.033 AU:3    +
   17    23  0   0.0%   0.260 GU:3    +
    5    26  0   0.0%   0.259 UA:3    +
   10    32  0   0.0%   0.233 UA:3    +
    5    33  0   0.0%   0.270 UG:3    +
   15    34  0   0.0%   0.155 CG:3    +
    9    33  0   0.0%   0.344 UG:3    +
   10    34  0   0.0%   0.275 UG:3    +
    3    21  0   0.0%   0.026 CG:3    +
   19    28  0   0.0%   0.291 AU:3    +
    5    19  0   0.0%   0.056 UA:3    +
   20    28  0   0.0%   0.192 AU:3    +
   23    31  0   0.0%   0.211 UA:3    +
   10    21  0   0.0%   0.116 UG:3    +
    5    18  0   0.0%   0.078 UA:3    +
   19    23  0   0.0%   0.243 AU:3    +
    2    25  0   0.0%   0.025 UG:3    +
    2     8  0   0.0%   0.000 UA:3    +
    2    13  0   0.0%   0.000 UA:3    +
    4    10  0   0.0%   0.000 GU:3    +
    9    14  0   0.0%   0.039 UA:3    +
    1    10  0   0.0%   0.000 AU:3    +
    1     9  0   0.0%   0.000 AU:3    +
   12    34  0   0.0%   0.117 CG:3    +
    4    28  0   0.0%   0.145 GU:3    +
   10    33  0   0.0%   0.308 UG:3    +
   10    14  0   0.0%   0.039 UA:3    +
   10    27  0   0.0%   0.382 UG:3    +
    2     7  0   0.0%   0.000 UA:3    +
    9    13  0   0.0%   0.007 UA:3    +
   23    27  0   0.0%   0.278 UG:3    +
   16    28  0   0.0%   0.192 AU:3    +
    2    20  0   0.0%   0.025 UA:3    +
    5    27  0   0.0%   0.121 UG:3    +
    5    34  0   0.0%   0.237 UG:3    +
    2    14  0   0.0%   0.000 UA:3    +
    5    17  0   0.0%   0.081 UG:3    +
    6    10  0   0.0%   0.000 GU:3    +
    6    28  0   0.0%   0.195 GU:3    +
    9    34  0   0.0%   0.311 UG:3    +
    1     5  0   0.0%   0.000 AU:3    +
    9    31  0   0.0%   0.363 UA:3    +
    1    23  0   0.0%   0.000 AU:3    +
    4     9  0   0.0%   0.000 GU:3    +
.(((.(..(((.....)))..).)))........
