3 sequence; length of alignment 86
alifold output
   10    61  0 100.0%   0.001 CG:3   
   12    59  0 100.0%   0.001 CG:3   
    9    62  0 100.0%   0.002 GC:3   
   11    60  0 100.0%   0.002 AU:3   
    8    63  0  99.9%   0.004 GC:3   
   16    54  0  99.9%   0.004 GC:3   
   17    53  0  99.8%   0.006 UA:3   
   15    55  0  99.8%   0.006 UA:3   
   29    42  0  99.5%   0.060 GC:3   
   30    41  0  99.5%   0.060 CG:3   
    7    64  0  99.4%   0.025 GC:3   
   31    40  0  99.3%   0.060 CG:3   
   28    43  0  99.3%   0.062 UA:3   
   27    44  0  98.9%   0.060 UA:3   
   14    56  0  98.4%   0.047 GC:3   
   18    52  0  98.3%   0.052 CG:3   
   13    58  0  97.2%   0.181 GC:3   
   26    45  0  91.3%   0.278 GU:3   
   22    49  0  84.4%   0.761 CG:3   
   24    47  0  84.1%   1.018 GC:3   
   23    48  0  84.0%   0.733 GU:3   
   21    50  0  78.5%   1.004 UG:3   
    3    70  0  49.0%   1.211 GC:3    +
    4    69  0  48.6%   1.196 AU:3    +
    2    71  0  45.7%   1.226 GU:3    +
    2    80  0  38.0%   1.575 GC:3   
    3    79  0  38.0%   1.567 GC:3   
    1    81  0  33.9%   1.501 AU:3   
    4    78  0  32.4%   1.547 AU:3   
   70    75  0  22.4%   1.570 CG:3   
   69    76  0  20.4%   1.584 UG:3   
   74    81  0  20.2%   1.609 GU:3    +
   75    80  0  20.2%   2.101 GC:3    +
    1    72  0  19.8%   1.031 AU:3    +
   73    82  0  19.2%   1.080 UA:3    +
   68    77  0  18.1%   1.286 AU:3   
   24    46  0  15.4%   0.876 GC:3    +
   23    47  0  15.3%   0.870 GC:3    +
   19    50  0  14.0%   0.832 CG:3    +
    5    77  0  12.7%   1.017 GU:3    +
   20    49  0  12.5%   0.782 UG:3    +
   72    83  0  10.6%   1.146 UG:3    +
   80    85  0   5.9%   1.530 CG:3    +
   67    78  0   5.7%   0.963 AU:3    +
   79    86  0   5.7%   1.160 CG:3    +
   74    80  0   5.0%   0.939 GC:3    +
   33    38  0   4.9%   0.470 UG:3    +
   75    79  0   4.9%   1.284 GC:3    +
   76    84  0   4.7%   1.122 GC:3    +
   77    83  0   4.6%   1.344 UG:3    +
    6    76  0   4.0%   0.466 UG:3    +
   75    84  0   3.4%   1.342 GC:3    +
    5    66  0   3.2%   0.469 GU:3    +
   70    85  0   3.0%   1.153 CG:3    +
   13    57  0   2.7%   0.293 GU:3    +
   78    82  0   2.7%   1.238 UA:3    +
   34    39  0   2.7%   0.312 GC:3    +
   20    50  0   2.4%   0.806 UG:3    +
   26    46  0   2.0%   0.637 GC:3    +
    2    70  0   2.0%   0.243 GC:3    +
   77    82  0   1.7%   1.140 UA:3    +
    3    69  0   1.7%   0.236 GU:3    +
   67    73  0   1.7%   0.264 AU:3    +
   66    74  0   1.7%   0.404 UG:3    +
    5    65  0   1.7%   0.225 GU:3    +
   21    49  0   1.6%   0.464 UG:3    +
    1    71  0   1.5%   0.195 AU:3    +
   14    57  0   1.5%   0.298 GU:3    +
   19    52  0   1.3%   0.470 CG:3    +
   65    75  0   1.2%   0.285 UG:3    +
   69    86  0   1.2%   0.945 UG:3    +
    4    66  0   1.1%   0.179 AU:3    +
   73    86  0   1.1%   0.676 UG:3    +
   68    72  0   1.0%   0.511 AU:3    +
   74    84  0   0.9%   0.720 GC:3    +
   73    85  0   0.7%   0.641 UG:3    +
    6    67  0   0.6%   0.091 UA:3    +
   70    76  0   0.6%   1.367 CG:3    +
   71    75  0   0.5%   0.955 UG:3    +
    6    68  0   0.4%   0.100 UA:3    +
   26    42  0   0.4%   0.066 GC:3    +
   27    41  0   0.4%   0.066 UG:3    +
   29    39  0   0.4%   0.066 GC:3    +
   28    40  0   0.4%   0.066 UG:3    +
   30    38  0   0.4%   0.065 CG:3    +
    5    70  0   0.4%   0.687 GC:3    +
    4    71  0   0.4%   0.896 AU:3    +
   25    43  0   0.3%   0.056 UA:3    +
    3    72  0   0.3%   0.820 GU:3    +
   70    74  0   0.3%   0.590 CG:3    +
    6    75  0   0.3%   0.114 UG:3    +
   76    80  0   0.3%   1.407 GC:3    +
   75    81  0   0.3%   1.678 GU:3    +
   31    36  0   0.3%   0.048 CG:3    +
    5    69  0   0.2%   0.659 GU:3    +
   64    76  0   0.2%   0.191 CG:3    +
   79    85  0   0.2%   0.721 CG:3    +
   72    82  0   0.2%   0.448 UA:3    +
    3    66  0   0.2%   0.043 GU:3    +
    4    77  0   0.2%   0.471 AU:3    +
    4    65  0   0.2%   0.040 AU:3    +
   68    73  0   0.2%   0.197 AU:3    +
    1    73  0   0.2%   0.425 AU:3    +
    2    73  0   0.2%   0.501 GU:3    +
   72    86  0   0.2%   0.749 UG:3    +
   69    75  0   0.2%   0.570 UG:3    +
   71    85  0   0.2%   0.625 UG:3    +
   65    74  0   0.2%   0.128 UG:3    +
   70    86  0   0.2%   1.029 CG:3    +
   66    75  0   0.2%   0.356 UG:3    +
    2    72  0   0.1%   0.795 GU:3    +
   70    83  0   0.1%   0.861 CG:3    +
   71    82  0   0.1%   0.500 UA:3    +
    2    69  0   0.1%   0.030 GU:3    +
    6    74  0   0.1%   0.077 UG:3    +
   30    50  0   0.1%   0.609 CG:3    +
   35    46  0   0.1%   0.401 GC:3    +
   31    49  0   0.1%   0.521 CG:3    +
   34    47  0   0.1%   0.552 GC:3    +
   36    45  0   0.1%   0.128 GU:3    +
   29    51  0   0.1%   0.050 GU:3    +
   74    79  0   0.1%   0.504 GC:3    +
   37    44  0   0.1%   0.043 UA:3    +
   65    76  0   0.1%   0.319 UG:3    +
   32    48  0   0.1%   0.173 AU:3    +
   71    83  0   0.1%   0.514 UG:3    +
   26    54  0   0.1%   0.207 GC:3    +
   27    53  0   0.1%   0.057 UA:3    +
   25    55  0   0.1%   0.046 UA:3    +
   24    56  0   0.1%   0.477 GC:3    +
   28    52  0   0.1%   0.125 UG:3    +
   23    46  0   0.1%   0.021 GC:3    +
   24    45  0   0.1%   0.019 GU:3    +
   80    86  0   0.1%   1.342 CG:3    +
   78    86  0   0.1%   0.776 UG:3    +
   81    85  0   0.1%   1.064 UG:3    +
   64    75  0   0.1%   0.049 CG:3    +
   23    57  0   0.1%   0.615 GU:3    +
    2    79  0   0.1%   0.482 GC:3    +
    3    78  0   0.1%   0.469 GU:3    +
   32    37  0   0.1%   0.014 AU:3    +
    5    64  0   0.1%   0.013 GC:3    +
   25    44  0   0.1%   0.031 UA:3    +
   33    40  0   0.1%   0.190 UG:3    +
   35    39  0   0.1%   0.131 GC:3    +
    3    80  0   0.0%   1.205 GC:3    +
    1    69  0   0.0%   0.012 AU:3    +
    5    84  0   0.0%   0.497 GC:3    +
    2    81  0   0.0%   1.216 GU:3    +
    6    83  0   0.0%   0.217 UG:3    +
    7    65  0   0.0%   0.100 GU:3    +
   22    50  0   0.0%   0.709 CG:3    +
   66    82  0   0.0%   0.265 UA:3    +
   19    49  0   0.0%   0.008 CG:3    +
    8    64  0   0.0%   0.020 GC:3    +
   31    38  0   0.0%   0.044 CG:3    +
   67    72  0   0.0%   0.386 AU:3    +
   67    77  0   0.0%   0.383 AU:3    +
    5    80  0   0.0%   0.859 GC:3    +
   63    76  0   0.0%   0.139 CG:3    +
    4    81  0   0.0%   1.187 AU:3    +
   67    81  0   0.0%   0.644 AU:3    +
    3    65  0   0.0%   0.007 GU:3    +
   18    50  0   0.0%   0.006 CG:3    +
   73    83  0   0.0%   0.686 UG:3    +
    7    66  0   0.0%   0.191 GU:3    +
   72    85  0   0.0%   0.770 UG:3    +
   65    83  0   0.0%   0.168 UG:3    +
   71    76  0   0.0%   0.980 UG:3    +
    2    66  0   0.0%   0.007 GU:3    +
    2    84  0   0.0%   0.847 GC:3    +
   76    81  0   0.0%   1.244 GU:3    +
   64    74  0   0.0%   0.025 CG:3    +
    9    63  0   0.0%   0.006 GC:3    +
   78    85  0   0.0%   0.788 UG:3    +
    3    71  0   0.0%   0.859 GU:3    +
   63    75  0   0.0%   0.024 CG:3    +
    3    84  0   0.0%   0.835 GC:3    +
   27    43  0   0.0%   0.044 UA:3    +
   68    78  0   0.0%   0.926 AU:3    +
    2    65  0   0.0%   0.003 GU:3    +
   69    74  0   0.0%   0.538 UG:3    +
    7    63  0   0.0%   0.003 GC:3    +
   65    82  0   0.0%   0.162 UA:3    +
   78    83  0   0.0%   1.037 UG:3    +
   79    83  0   0.0%   0.935 CG:3    +
   62    76  0   0.0%   0.132 CG:3    +
   66    76  0   0.0%   0.411 UG:3    +
    1    66  0   0.0%   0.003 AU:3    +
    1     6  0   0.0%   0.002 AU:3    +
   10    16  0   0.0%   0.002 CG:3    +
    8    18  0   0.0%   0.002 GC:3    +
    9    17  0   0.0%   0.002 GU:3    +
    7    19  0   0.0%   0.002 GC:3    +
   77    86  0   0.0%   0.926 UG:3    +
   72    76  0   0.0%   0.907 UG:3    +
   61    77  0   0.0%   0.277 GU:3    +
   69    85  0   0.0%   0.785 UG:3    +
   67    71  0   0.0%   0.475 AU:3    +
   24    48  0   0.0%   0.587 GU:3    +
    5    79  0   0.0%   0.856 GC:3    +
    8    62  0   0.0%   0.002 GC:3    +
   11    15  0   0.0%   0.001 AU:3    +
   81    86  0   0.0%   1.021 UG:3    +
   71    86  0   0.0%   0.563 UG:3    +
    5    78  0   0.0%   0.853 GU:3    +
   28    44  0   0.0%   0.045 UA:3    +
   31    35  0   0.0%   0.001 CG:3    +
   23    58  0   0.0%   0.475 GC:3    +
    4    72  0   0.0%   0.783 AU:3    +
   16    22  0   0.0%   0.002 GC:3    +
   77    85  0   0.0%   0.951 UG:3    +
    3    73  0   0.0%   0.478 GU:3    +
    4    21  0   0.0%   0.001 AU:3    +
    3    22  0   0.0%   0.001 GC:3    +
    3    64  0   0.0%   0.001 GC:3    +
   22    59  0   0.0%   0.148 CG:3    +
   30    36  0   0.0%   0.001 CG:3    +
    5    71  0   0.0%   0.661 GU:3    +
   66    85  0   0.0%   0.261 UG:3    +
    5    20  0   0.0%   0.001 GU:3    +
    5    73  0   0.0%   0.243 GU:3    +
   59    84  0   0.0%   0.007 GC:3    +
   60    83  0   0.0%   0.004 UG:3    +
   58    85  0   0.0%   0.029 CG:3    +
   31    41  0   0.0%   0.053 CG:3    +
   74    78  0   0.0%   0.643 GU:3    +
    5    72  0   0.0%   0.568 GU:3    +
   29    37  0   0.0%   0.001 GU:3    +
   30    40  0   0.0%   0.044 CG:3    +
   14    22  0   0.0%   0.001 GC:3    +
    1    77  0   0.0%   0.402 AU:3    +
   64    83  0   0.0%   0.037 CG:3    +
   38    42  0   0.0%   0.200 GC:3    +
   66    83  0   0.0%   0.265 UG:3    +
   17    52  0   0.0%   0.001 UG:3    +
   66    86  0   0.0%   0.261 UG:3    +
   65    86  0   0.0%   0.162 UG:3    +
   20    52  0   0.0%   0.425 UG:3    +
   14    18  0   0.0%   0.001 GC:3    +
    1    78  0   0.0%   0.402 AU:3    +
   13    19  0   0.0%   0.001 GC:3    +
    5    81  0   0.0%   0.856 GU:3    +
    7    73  0   0.0%   0.037 GU:3    +
   15    23  0   0.0%   0.001 UG:3    +
   16    56  0   0.0%   0.018 GC:3    +
    1    65  0   0.0%   0.001 AU:3    +
    4    73  0   0.0%   0.457 AU:3    +
   37    43  0   0.0%   0.031 UA:3    +
   69    83  0   0.0%   0.788 UG:3    +
   23    45  0   0.0%   0.000 GU:3    +
   17    55  0   0.0%   0.004 UA:3    +
    2     6  0   0.0%   0.001 GU:3    +
    7    80  0   0.0%   0.386 GC:3    +
    2    77  0   0.0%   0.467 GU:3    +
   59    79  0   0.0%   0.374 GC:3    +
    8    79  0   0.0%   0.378 GC:3    +
    6    82  0   0.0%   0.208 UA:3    +
    3    81  0   0.0%   1.200 GU:3    +
   14    21  0   0.0%   0.001 GU:3    +
   14    19  0   0.0%   0.001 GC:3    +
    2    64  0   0.0%   0.000 GC:3    +
    2    78  0   0.0%   0.467 GU:3    +
   13    22  0   0.0%   0.001 GC:3    +
   65    85  0   0.0%   0.162 UG:3    +
    6    85  0   0.0%   0.211 UG:3    +
   18    23  0   0.0%   0.001 CG:3    +
   28    38  0   0.0%   0.000 UG:3    +
    7    77  0   0.0%   0.287 GU:3    +
    3    77  0   0.0%   0.454 GU:3    +
    8    65  0   0.0%   0.091 GU:3    +
    7    70  0   0.0%   0.460 GC:3    +
   14    58  0   0.0%   0.105 GC:3    +
   68    81  0   0.0%   0.765 AU:3    +
    8    80  0   0.0%   0.377 GC:3    +
    7    81  0   0.0%   0.385 GU:3    +
    5    22  0   0.0%   0.001 GC:3    +
    3    63  0   0.0%   0.000 GC:3    +
   26    47  0   0.0%   0.617 GC:3    +
   19    26  0   0.0%   0.001 CG:3    +
   69    82  0   0.0%   0.786 UA:3    +
    7    79  0   0.0%   0.386 GC:3    +
    2    22  0   0.0%   0.000 GC:3    +
   19    23  0   0.0%   0.001 CG:3    +
    9    79  0   0.0%   0.376 GC:3    +
    3    21  0   0.0%   0.000 GU:3    +
    4    20  0   0.0%   0.000 AU:3    +
    6    86  0   0.0%   0.211 UG:3    +
   57    86  0   0.0%   0.164 UG:3    +
    5    21  0   0.0%   0.001 GU:3    +
    7    72  0   0.0%   0.362 GU:3    +
    7    84  0   0.0%   0.019 GC:3    +
   13    56  0   0.0%   0.000 GC:3    +
   19    24  0   0.0%   0.001 CG:3    +
   16    21  0   0.0%   0.001 GU:3    +
((((..((((((((((((..((((.((((((........)))))).)))).))))).)))))))...(((....))))))).....
