3 sequence; length of alignment 73
alifold output
    7    52  0 100.0%   0.000 GC:3   
    6    53  0 100.0%   0.000 GC:3   
   20    40  0 100.0%   0.000 CG:3   
   19    41  0 100.0%   0.000 GC:3   
   11    48  0 100.0%   0.000 CG:3   
   10    49  0 100.0%   0.001 UA:3   
    8    51  0  99.9%   0.003 AU:3   
    5    54  0  99.9%   0.004 UA:3   
   17    43  0  99.8%   0.017 CG:3   
    9    50  0  99.8%   0.006 GU:3   
   18    42  0  99.7%   0.014 UG:3   
   24    37  0  99.7%   0.010 GC:3   
   25    36  0  99.7%   0.029 CG:3   
   26    35  0  99.6%   0.051 CG:3   
    4    55  0  99.5%   0.031 GC:3   
   12    47  0  99.2%   0.023 CG:3   
   21    39  0  96.4%   0.107 AU:3   
   27    34  0  95.6%   0.171 UG:3   
   14    46  0  95.0%   0.165 GC:3   
   59    67  0  91.6%   0.329 GC:3   
   60    66  0  91.4%   0.278 AU:3   
   16    44  0  89.7%   0.299 UG:3   
   61    65  0  87.4%   0.370 GC:3   
   15    45  0  86.4%   0.405 GU:3   
   58    68  0  74.2%   0.676 UA:3   
   28    33  0  59.3%   0.952 UA:3   
    2    57  0  53.3%   1.024 UA:3   
   23    38  0  51.1%   1.382 UA:3    +
   22    38  0  47.9%   1.058 UA:3   
    1    59  0   0.9%   0.143 CG:3    +
   15    46  0   0.8%   0.285 GC:3    +
   56    67  0   0.5%   0.121 GC:3    +
    1    71  0   0.5%   0.147 CG:3    +
   57    66  0   0.5%   0.416 AU:3    +
    2    70  0   0.5%   0.434 UA:3    +
   27    33  0   0.4%   0.064 UA:3    +
   26    34  0   0.4%   0.063 CG:3    +
   14    45  0   0.4%   0.067 GU:3    +
   25    35  0   0.3%   0.057 CG:3    +
    2    56  0   0.3%   0.068 UG:3    +
    3    55  0   0.3%   0.046 GC:3    +
    1    56  0   0.2%   0.040 CG:3    +
   58    69  0   0.2%   0.265 UA:3    +
   61    67  0   0.2%   0.265 GC:3    +
   59    63  0   0.2%   0.078 GC:3    +
   58    64  0   0.1%   0.031 UA:3    +
   67    71  0   0.1%   0.192 CG:3    +
   29    33  0   0.1%   0.358 UA:3    +
   66    72  0   0.1%   0.148 UA:3    +
   28    34  0   0.1%   0.397 UG:3    +
   65    71  0   0.1%   0.186 CG:3    +
    1    61  0   0.1%   0.079 CG:3    +
   13    45  0   0.1%   0.020 AU:3    +
   66    70  0   0.1%   0.160 UA:3    +
   16    43  0   0.1%   0.019 UG:3    +
   17    42  0   0.1%   0.018 CG:3    +
   59    65  0   0.1%   0.075 GC:3    +
   55    71  0   0.1%   0.066 CG:3    +
   62    66  0   0.1%   0.126 GU:3    +
    2    60  0   0.1%   0.366 UA:3    +
   56    63  0   0.0%   0.043 GC:3    +
   17    44  0   0.0%   0.115 CG:3    +
   63    71  0   0.0%   0.057 CG:3    +
   56    65  0   0.0%   0.043 GC:3    +
   18    43  0   0.0%   0.016 UG:3    +
   58    70  0   0.0%   0.273 UA:3    +
   62    67  0   0.0%   0.129 GC:3    +
    3    58  0   0.0%   0.018 GU:3    +
    1    62  0   0.0%   0.067 CG:3    +
    4    58  0   0.0%   0.009 GU:3    +
    3    67  0   0.0%   0.019 GC:3    +
    2    68  0   0.0%   0.361 UA:3    +
   29    34  0   0.0%   0.083 UG:3    +
    3    63  0   0.0%   0.018 GC:3    +
    2    72  0   0.0%   0.387 UA:3    +
    2    59  0   0.0%   0.399 UG:3    +
    2    69  0   0.0%   0.362 UA:3    +
   58    72  0   0.0%   0.247 UA:3    +
    2    64  0   0.0%   0.360 UA:3    +
   61    66  0   0.0%   0.237 GU:3    +
   12    48  0   0.0%   0.009 CG:3    +
    5    57  0   0.0%   0.338 UA:3    +
    2    61  0   0.0%   0.367 UG:3    +
   58    71  0   0.0%   0.279 UG:3    +
   27    35  0   0.0%   0.088 UG:3    +
   66    71  0   0.0%   0.166 UG:3    +
   24    32  0   0.0%   0.001 GC:3    +
   25    31  0   0.0%   0.001 CG:3    +
   23    33  0   0.0%   0.001 UA:3    +
   59    66  0   0.0%   0.088 GU:3    +
    2    71  0   0.0%   0.413 UG:3    +
   26    36  0   0.0%   0.029 CG:3    +
   58    73  0   0.0%   0.246 UA:3    +
    2    73  0   0.0%   0.386 UA:3    +
   56    66  0   0.0%   0.038 GU:3    +
   27    31  0   0.0%   0.001 UG:3    +
   58    62  0   0.0%   0.003 UG:3    +
   66    73  0   0.0%   0.131 UA:3    +
    3    65  0   0.0%   0.017 GC:3    +
   22    34  0   0.0%   0.000 UG:3    +
   55    61  0   0.0%   0.029 CG:3    +
   55    62  0   0.0%   0.022 CG:3    +
    4    66  0   0.0%   0.006 GU:3    +
   23    36  0   0.0%   0.000 UG:3    +
    4    65  0   0.0%   0.006 GC:3    +
    3    66  0   0.0%   0.017 GU:3    +
    5    64  0   0.0%   0.002 UA:3    +
   11    47  0   0.0%   0.000 CG:3    +
    8    50  0   0.0%   0.000 AU:3    +
   25    34  0   0.0%   0.000 CG:3    +
   28    35  0   0.0%   0.341 UG:3    +
.(.(((((((((.(((((((((.(((((....))))))))))))))))))))))).)((((...)))).....
