3 sequence; length of alignment 34
alifold output
   12    32  0  51.2%   1.309 GC:3   
   13    31  0  50.9%   1.318 CG:3   
   16    28  0  48.9%   1.339 CG:3   
   15    29  0  48.6%   1.633 GC:3   
   17    27  0  41.2%   1.991 GU:3   
   19    28  0  21.2%   1.635 CG:3    +
   20    27  0  20.4%   1.649 AU:3    +
   15    32  0  18.6%   1.995 GC:3    +
    4    22  0  18.2%   0.939 UA:3    +
    3    23  0  18.2%   0.933 AU:3    +
    2    24  0  18.2%   1.008 GC:3    +
    5    21  0  18.2%   0.937 CG:3    +
   16    31  0  18.1%   1.836 CG:3    +
   21    26  0  13.5%   1.458 GU:3    +
    9    17  0  10.9%   1.070 CG:3    +
    8    18  0  10.7%   0.864 AU:3    +
   13    28  0   9.3%   0.706 CG:3    +
   12    29  0   9.3%   0.720 GC:3    +
   14    27  0   9.2%   0.707 AU:3    +
   17    24  0   8.4%   1.357 GC:3    +
   15    26  0   8.3%   0.803 GU:3    +
    7    17  0   5.4%   0.519 CG:3    +
    6    18  0   4.7%   0.436 AU:3    +
    9    15  0   4.7%   0.473 CG:3    +
   17    29  0   4.6%   2.006 GC:3    +
   16    30  0   4.0%   0.816 CG:3    +
    9    31  0   0.8%   0.596 CG:3    +
    2     9  0   0.8%   0.151 GC:3    +
   18    28  0   0.8%   1.120 UG:3    +
    2     7  0   0.6%   0.093 GC:3    +
   20    26  0   0.6%   0.375 AU:3    +
   20    25  0   0.6%   0.120 AU:3    +
   16    21  0   0.5%   0.401 CG:3    +
    9    28  0   0.5%   0.514 CG:3    +
   10    27  0   0.5%   0.093 AU:3    +
   11    26  0   0.5%   0.093 AU:3    +
   10    34  0   0.5%   0.118 AU:3    +
    7    30  0   0.4%   0.291 CG:3    +
   17    32  0   0.4%   1.879 GC:3    +
   18    31  0   0.4%   1.212 UG:3    +
   19    30  0   0.4%   0.578 CG:3    +
   17    26  0   0.4%   0.923 GU:3    +
   12    25  0   0.4%   0.103 GU:3    +
   21    25  0   0.3%   0.458 GU:3    +
   11    34  0   0.2%   0.110 AU:3    +
   22    27  0   0.2%   1.309 AU:3    +
   28    32  0   0.2%   1.692 GC:3    +
    7    12  0   0.2%   0.072 CG:3    +
   14    23  0   0.2%   0.342 AU:3    +
    9    30  0   0.1%   0.517 CG:3    +
   27    33  0   0.1%   0.996 UA:3    +
    5    30  0   0.1%   0.346 CG:3    +
   12    24  0   0.1%   0.359 GC:3    +
   11    25  0   0.1%   0.025 AU:3    +
   21    27  0   0.1%   1.593 GU:3    +
   22    26  0   0.1%   0.897 AU:3    +
   18    22  0   0.1%   0.719 UA:3    +
    5    12  0   0.1%   0.023 CG:3    +
    7    28  0   0.1%   0.222 CG:3    +
   10    26  0   0.1%   0.021 AU:3    +
    4    31  0   0.1%   0.338 UG:3    +
    8    27  0   0.1%   0.259 AU:3    +
   17    23  0   0.1%   0.742 GU:3    +
   14    34  0   0.1%   0.299 AU:3    +
    2    32  0   0.1%   0.407 GC:3    +
    4    33  0   0.1%   0.341 UA:3    +
    2    13  0   0.1%   0.085 GC:3    +
    3    34  0   0.1%   0.327 AU:3    +
   13    30  0   0.1%   0.288 CG:3    +
   12    16  0   0.1%   0.033 GC:3    +
    7    31  0   0.0%   0.252 CG:3    +
    1    30  0   0.0%   0.017 CG:3    +
   15    24  0   0.0%   0.475 GC:3    +
   21    29  0   0.0%   1.361 GC:3    +
    1    12  0   0.0%   0.010 CG:3    +
    5    31  0   0.0%   0.342 CG:3    +
    8    34  0   0.0%   0.261 AU:3    +
    4    11  0   0.0%   0.011 UA:3    +
   14    25  0   0.0%   0.046 AU:3    +
    2    19  0   0.0%   0.083 GC:3    +
    3    18  0   0.0%   0.007 AU:3    +
    1    28  0   0.0%   0.010 CG:3    +
    2    29  0   0.0%   0.395 GC:3    +
   17    25  0   0.0%   0.656 GU:3    +
   13    17  0   0.0%   0.413 CG:3    +
    4    17  0   0.0%   0.012 UG:3    +
    7    15  0   0.0%   0.047 CG:3    +
   12    18  0   0.0%   0.416 GU:3    +
   15    25  0   0.0%   0.186 GU:3    +
    6    34  0   0.0%   0.154 AU:3    +
    4    10  0   0.0%   0.005 UA:3    +
   18    30  0   0.0%   0.616 UG:3    +
   12    34  0   0.0%   0.669 GU:3    +
   15    34  0   0.0%   1.079 GU:3    +
    4     8  0   0.0%   0.003 UA:3    +
   14    26  0   0.0%   0.048 AU:3    +
   15    23  0   0.0%   0.469 GU:3    +
   13    21  0   0.0%   0.319 CG:3    +
    4    14  0   0.0%   0.008 UA:3    +
   25    30  0   0.0%   0.285 UG:3    +
    5    17  0   0.0%   0.011 CG:3    +
   25    31  0   0.0%   0.814 UG:3    +
   26    30  0   0.0%   0.771 UG:3    +
   11    18  0   0.0%   0.390 AU:3    +
   24    30  0   0.0%   0.733 CG:3    +
    5    15  0   0.0%   0.009 CG:3    +
   26    33  0   0.0%   0.575 UA:3    +
    2    16  0   0.0%   0.077 GC:3    +
    4    12  0   0.0%   0.010 UG:3    +
   26    31  0   0.0%   1.299 UG:3    +
   23    31  0   0.0%   1.058 UG:3    +
    1    31  0   0.0%   0.011 CG:3    +
    1    17  0   0.0%   0.005 CG:3    +
    2    27  0   0.0%   0.390 GU:3    +
   24    31  0   0.0%   1.262 CG:3    +
    1    21  0   0.0%   0.005 CG:3    +
   10    18  0   0.0%   0.388 AU:3    +
    3    26  0   0.0%   0.313 AU:3    +
    1    15  0   0.0%   0.004 CG:3    +
   21    32  0   0.0%   1.324 GC:3    +
   25    33  0   0.0%   0.089 UA:3    +
   12    19  0   0.0%   0.029 GC:3    +
   27    31  0   0.0%   1.694 UG:3    +
   15    19  0   0.0%   0.149 GC:3    +
   23    28  0   0.0%   1.302 UG:3    +
   30    34  0   0.0%   0.259 GU:3    +
    5    28  0   0.0%   0.320 CG:3    +
   28    34  0   0.0%   1.041 GU:3    +
    6    27  0   0.0%   0.145 AU:3    +
    9    21  0   0.0%   0.736 CG:3    +
    2    34  0   0.0%   0.397 GU:3    +
    4    20  0   0.0%   0.008 UA:3    +
   10    25  0   0.0%   0.002 AU:3    +
   12    26  0   0.0%   0.087 GU:3    +
    7    21  0   0.0%   0.511 CG:3    +
    2    25  0   0.0%   0.389 GU:3    +
   11    27  0   0.0%   0.069 AU:3    +
    4    30  0   0.0%   0.322 UG:3    +
    3    27  0   0.0%   0.313 AU:3    +
   24    28  0   0.0%   1.505 CG:3    +
   23    33  0   0.0%   0.333 UA:3    +
   19    31  0   0.0%   1.084 CG:3    +
   12    23  0   0.0%   0.337 GU:3    +
    4    15  0   0.0%   0.007 UG:3    +
   15    27  0   0.0%   0.611 GU:3    +
   22    34  0   0.0%   0.391 AU:3    +
    2    26  0   0.0%   0.389 GU:3    +
   12    27  0   0.0%   0.088 GU:3    +
    4    21  0   0.0%   0.009 UG:3    +
    3    25  0   0.0%   0.313 AU:3    +
   11    23  0   0.0%   0.314 AU:3    +
    2    23  0   0.0%   0.079 GU:3    +
   14    18  0   0.0%   0.389 AU:3    +
   18    33  0   0.0%   0.464 UA:3    +
...........((.(((.........))).))..
