3 sequence; length of alignment 34
alifold output
    3    12  0  87.7%   0.420 GU:2    AU:1   
    4    11  0  87.4%   0.446 GC:3   
    2    13  0  87.1%   0.429 GC:3   
   15    27  0  81.6%   0.820 GC:3   
   16    26  0  81.3%   0.820 GC:3   
   14    28  0  81.1%   0.844 GC:3   
   19    32  0   5.4%   0.901 GC:3    +
   18    33  0   5.4%   0.699 CG:3    +
   20    31  0   4.8%   0.632 UG:3    +
   15    26  0   4.6%   0.466 GC:3    +
   14    27  0   4.5%   0.595 GC:3    +
   16    25  0   4.4%   0.442 GU:3    +
   14    30  0   4.4%   0.940 GC:3    +
    1    14  0   4.2%   0.399 UG:3    +
   13    31  0   4.2%   0.563 CG:3    +
   11    33  0   4.0%   0.586 CG:3    +
   17    34  0   3.9%   0.559 UA:3    +
   15    29  0   3.4%   0.806 GU:3    +
   16    28  0   3.4%   1.013 GC:3    +
   19    24  0   3.3%   0.433 GU:3    +
   10    34  0   2.9%   0.390 UA:3    +
   19    23  0   2.1%   0.261 GU:3    +
    3    10  0   0.8%   0.156 GU:2    AU:1    +
   15    28  0   1.7%   0.747 GC:3    +
   16    27  0   1.7%   0.857 GC:3    +
    3    29  0   0.4%   0.278 GU:2    AU:1    +
   22    29  0   1.4%   0.367 AU:3    +
   14    32  0   1.3%   0.817 GC:3    +
    3     9  0   0.3%   0.060 GU:2    AU:1    +
    3    20  0   0.3%   0.235 GU:2    AU:1    +
   13    33  0   1.2%   0.583 CG:3    +
   19    26  0   1.2%   0.731 GC:3    +
   16    30  0   1.2%   0.843 GC:3    +
    3     7  0   0.1%   0.025 GU:2    AU:1    +
    3    17  0   0.0%   0.190 GU:2    AU:1    +
    3    24  0   0.0%   0.204 GU:2    AU:1    +
    3    25  0   0.0%   0.205 GU:2    AU:1    +
    2    11  0   0.9%   0.151 GC:3    +
   19    25  0   0.9%   0.469 GU:3    +
   12    34  0   0.8%   0.357 UA:3    +
   19    27  0   0.7%   0.793 GC:3    +
   14    29  0   0.6%   0.592 GU:3    +
    4     9  0   0.5%   0.108 GU:3    +
    2    30  0   0.4%   0.280 GC:3    +
   21    31  0   0.4%   0.406 CG:3    +
    4    28  0   0.3%   0.251 GC:3    +
    4     8  0   0.3%   0.063 GC:3    +
    8    15  0   0.3%   0.083 CG:3    +
    2    21  0   0.3%   0.237 GC:3    +
    7    16  0   0.3%   0.056 UG:3    +
    8    33  0   0.2%   0.096 CG:3    +
    9    14  0   0.2%   0.218 UG:3    +
    1    22  0   0.2%   0.172 UA:3    +
    2     8  0   0.2%   0.037 GC:3    +
    1    31  0   0.2%   0.181 UG:3    +
    7    34  0   0.2%   0.059 UA:3    +
   19    30  0   0.2%   0.593 GC:3    +
   11    31  0   0.2%   0.215 CG:3    +
    2    10  0   0.2%   0.046 GU:3    +
   18    31  0   0.2%   0.204 CG:3    +
    4    26  0   0.2%   0.203 GC:3    +
    2    28  0   0.2%   0.235 GC:3    +
   16    32  0   0.1%   0.662 GC:3    +
   13    19  0   0.1%   0.156 CG:3    +
   14    18  0   0.1%   0.174 GC:3    +
    4    13  0   0.1%   0.306 GC:3    +
   19    28  0   0.1%   0.740 GC:3    +
   17    22  0   0.1%   0.046 UA:3    +
   28    33  0   0.1%   0.776 CG:3    +
    4    10  0   0.1%   0.106 GU:3    +
   26    33  0   0.1%   0.753 CG:3    +
   14    21  0   0.1%   0.185 GC:3    +
   15    20  0   0.0%   0.046 GU:3    +
   15    30  0   0.0%   0.692 GC:3    +
   25    34  0   0.0%   0.476 UA:3    +
    2    32  0   0.0%   0.246 GC:3    +
    2    12  0   0.0%   0.075 GU:3    +
   16    29  0   0.0%   0.691 GU:3    +
   11    19  0   0.0%   0.173 CG:3    +
   17    31  0   0.0%   0.187 UG:3    +
   16    24  0   0.0%   0.031 GU:3    +
    1    33  0   0.0%   0.165 UG:3    +
    4    30  0   0.0%   0.231 GC:3    +
   10    33  0   0.0%   0.092 UG:3    +
   10    31  0   0.0%   0.084 UG:3    +
    8    16  0   0.0%   0.070 CG:3    +
   12    31  0   0.0%   0.151 UG:3    +
   15    25  0   0.0%   0.034 GU:3    +
   14    26  0   0.0%   0.177 GC:3    +
    9    33  0   0.0%   0.081 UG:3    +
    9    15  0   0.0%   0.080 UG:3    +
    9    34  0   0.0%   0.077 UA:3    +
    4    18  0   0.0%   0.177 GC:3    +
   16    21  0   0.0%   0.046 GC:3    +
    2     9  0   0.0%   0.018 GU:3    +
   15    21  0   0.0%   0.049 GC:3    +
   16    23  0   0.0%   0.026 GU:3    +
    8    14  0   0.0%   0.169 CG:3    +
    7    15  0   0.0%   0.014 UG:3    +
    4    32  0   0.0%   0.212 GC:3    +
    5    31  0   0.0%   0.016 UG:3    +
   15    32  0   0.0%   0.590 GC:3    +
   10    22  0   0.0%   0.081 UA:3    +
   29    33  0   0.0%   0.608 UG:3    +
   10    14  0   0.0%   0.214 UG:3    +
   21    33  0   0.0%   0.410 CG:3    +
   15    24  0   0.0%   0.030 GU:3    +
    1    15  0   0.0%   0.136 UG:3    +
   27    33  0   0.0%   0.794 CG:3    +
   16    20  0   0.0%   0.039 GU:3    +
   20    34  0   0.0%   0.452 UA:3    +
    4    12  0   0.0%   0.284 GU:3    +
   29    34  0   0.0%   0.521 UA:3    +
   12    33  0   0.0%   0.272 UG:3    +
    2    18  0   0.0%   0.191 GC:3    +
   14    25  0   0.0%   0.163 GU:3    +
   27    31  0   0.0%   0.765 CG:3    +
   26    31  0   0.0%   0.719 CG:3    +
    2     7  0   0.0%   0.001 GU:3    +
    9    31  0   0.0%   0.072 UG:3    +
    8    19  0   0.0%   0.052 CG:3    +
   11    16  0   0.0%   0.184 CG:3    +
    1    34  0   0.0%   0.161 UA:3    +
    1    19  0   0.0%   0.135 UG:3    +
    5    15  0   0.0%   0.002 UG:3    +
   24    33  0   0.0%   0.481 UG:3    +
    7    22  0   0.0%   0.039 UA:3    +
    4    29  0   0.0%   0.225 GU:3    +
   19    29  0   0.0%   0.515 GU:3    +
   23    34  0   0.0%   0.369 UA:3    +
    8    31  0   0.0%   0.064 CG:3    +
    4    27  0   0.0%   0.194 GC:3    +
    2    27  0   0.0%   0.207 GC:3    +
   23    31  0   0.0%   0.426 UG:3    +
   11    15  0   0.0%   0.186 CG:3    +
    4    25  0   0.0%   0.174 GU:3    +
    1    16  0   0.0%   0.134 UG:3    +
   10    16  0   0.0%   0.081 UG:3    +
   10    19  0   0.0%   0.065 UG:3    +
    5    22  0   0.0%   0.013 UA:3    +
   15    23  0   0.0%   0.027 GU:3    +
    2    20  0   0.0%   0.190 GU:3    +
   25    33  0   0.0%   0.547 UG:3    +
    9    22  0   0.0%   0.071 UA:3    +
    2    29  0   0.0%   0.216 GU:3    +
    4    23  0   0.0%   0.173 GU:3    +
    5    19  0   0.0%   0.001 UG:3    +
   24    31  0   0.0%   0.457 UG:3    +
    7    33  0   0.0%   0.028 UG:3    +
   24    34  0   0.0%   0.400 UA:3    +
   17    33  0   0.0%   0.227 UG:3    +
    2    26  0   0.0%   0.206 GC:3    +
   14    23  0   0.0%   0.161 GU:3    +
   14    24  0   0.0%   0.162 GU:3    +
    4    21  0   0.0%   0.189 GC:3    +
    2    25  0   0.0%   0.206 GU:3    +
    4    24  0   0.0%   0.173 GU:3    +
   14    20  0   0.0%   0.173 GU:3    +
   12    19  0   0.0%   0.122 UG:3    +
   25    31  0   0.0%   0.524 UG:3    +
   12    22  0   0.0%   0.133 UA:3    +
    4    20  0   0.0%   0.189 GU:3    +
    5    34  0   0.0%   0.002 UA:3    +
   10    15  0   0.0%   0.084 UG:3    +
    9    16  0   0.0%   0.075 UG:3    +
    7    14  0   0.0%   0.142 UG:3    +
    4    17  0   0.0%   0.172 GU:3    +
    5    14  0   0.0%   0.133 UG:3    +
    5    16  0   0.0%   0.001 UG:3    +
    5    33  0   0.0%   0.004 UG:3    +
    7    31  0   0.0%   0.038 UG:3    +
    6    17  1   0.2%   0.047 AU:2    +
    3    27  1   0.2%   0.234 GC:2    +
    6    10  1   0.1%   0.077 AU:2    +
    3    11  1   0.1%   0.123 GC:2    +
    3     8  1   0.0%   0.028 GC:2    +
    3    13  1   0.0%   0.311 GC:2    +
    6    24  1   0.0%   0.023 AU:2    +
    6    25  1   0.0%   0.023 AU:2    +
    6    23  1   0.0%   0.021 AU:2    +
    3    30  1   0.0%   0.258 GC:2    +
    3    28  1   0.0%   0.225 GC:2    +
    3    26  1   0.0%   0.205 GC:2    +
    6    29  1   0.0%   0.044 AU:2    +
    3    32  1   0.0%   0.239 GC:2    +
    1     6  1   0.0%   0.000 UA:2    +
    6    12  1   0.0%   0.127 AU:2    +
    3    21  1   0.0%   0.220 GC:2    +
    3    18  1   0.0%   0.189 GC:2    +
.(((......)))(((.........)))......
