3 sequence; length of alignment 67
alifold output
   22    39  0  83.7%   0.841 GC:3   
   21    40  0  83.7%   0.754 UA:3   
   20    41  0  83.6%   0.950 CG:3   
   17    44  0  83.1%   0.556 AU:3   
   16    45  0  82.7%   0.797 GC:3   
   18    43  0  82.3%   0.815 AU:3   
   23    38  0  82.2%   1.045 UG:3   
   25    35  0  81.2%   0.867 CG:3   
   24    36  0  81.1%   0.912 CG:3   
    4    60  0  60.6%   1.438 GC:3   
    5    59  0  59.8%   1.344 GC:3   
    3    61  0  52.2%   1.380 UA:3   
   13    52  0  50.1%   1.890 UA:3    +
   12    53  0  50.0%   1.979 CG:3    +
   11    54  0  49.8%   1.955 GC:3    +
   14    51  0  49.7%   1.975 GC:3    +
    7    56  0  43.5%   1.529 GC:3   
    6    57  0  43.5%   1.468 AU:3   
    9    54  0  28.1%   1.872 GC:3   
   10    53  0  28.0%   1.706 CG:3   
    9    56  0  22.0%   2.311 GC:3    +
    8    58  0  15.7%   1.352 CG:3    +
    7    59  0  15.1%   2.162 GC:3    +
    2    53  0   8.5%   0.826 CG:3    +
    1    54  0   8.5%   0.817 GC:3    +
    5    24  0   8.3%   0.627 GC:3    +
    3    52  0   8.3%   0.774 UA:3    +
    4    25  0   8.3%   0.637 GC:3    +
   14    49  0   8.0%   1.091 GU:3    +
    4    51  0   7.9%   0.861 GC:3    +
   13    50  0   7.5%   1.033 UA:3    +
    6    23  0   7.3%   0.585 AU:3    +
   29    64  0   6.5%   1.151 GC:3    +
   28    65  0   6.3%   0.758 UA:3    +
   30    63  0   6.1%   0.956 AU:3    +
   27    66  0   6.0%   0.652 AU:3    +
    4    64  0   5.5%   1.435 GC:3    +
    5    63  0   5.0%   1.285 GU:3    +
    7    57  0   5.0%   1.604 GU:3    +
   41    56  0   4.9%   1.596 GC:3    +
   40    57  0   4.9%   1.557 AU:3    +
   39    58  0   4.6%   1.441 CG:3    +
    5    60  0   4.6%   1.398 GC:3    +
   38    59  0   4.6%   1.836 GC:3    +
    3    65  0   4.5%   1.145 UA:3    +
   10    19  0   4.4%   0.550 CG:3    +
    9    20  0   4.4%   0.596 GC:3    +
   42    54  0   4.4%   1.954 GC:3    +
   43    53  0   4.4%   2.111 UG:3    +
    9    57  0   4.2%   2.183 GU:3    +
   12    19  0   4.1%   0.576 CG:3    +
   11    20  0   4.1%   0.564 GC:3    +
   13    18  0   4.1%   0.461 UA:3    +
    1    64  0   4.0%   0.841 GC:3    +
   26    67  0   3.6%   0.597 GU:3    +
   44    52  0   3.6%   1.358 UA:3    +
   14    39  0   3.5%   0.617 GC:3    +
   15    38  0   3.5%   0.627 CG:3    +
    8    22  0   3.5%   0.576 CG:3    +
   13    40  0   3.5%   0.600 UA:3    +
   35    60  0   3.5%   1.186 GC:3    +
   12    41  0   3.4%   0.589 CG:3    +
   36    59  0   3.4%   1.553 GC:3    +
   16    37  0   3.4%   0.497 GC:3    +
    9    21  0   3.3%   0.652 GU:3    +
   37    58  0   3.3%   1.048 CG:3    +
    8    14  0   3.1%   0.401 CG:3    +
    7    15  0   3.1%   0.411 GC:3    +
   36    60  0   3.1%   1.439 GC:3    +
    3    26  0   2.9%   0.326 UG:3    +
   10    58  0   2.7%   1.369 CG:3    +
   30    44  0   2.7%   0.630 AU:3    +
   31    43  0   2.7%   0.671 AU:3    +
   32    42  0   2.7%   0.570 CG:3    +
    9    59  0   2.7%   2.342 GC:3    +
   29    45  0   2.6%   0.752 GC:3    +
   33    41  0   2.5%   0.707 UG:3    +
   22    51  0   2.5%   1.273 GC:3    +
   21    52  0   2.5%   1.170 UA:3    +
   20    53  0   2.4%   1.812 CG:3    +
   19    54  0   2.4%   1.611 GC:3    +
   14    46  0   2.4%   0.667 GU:3    +
   11    51  0   2.4%   0.708 GC:3    +
   25    36  0   2.4%   0.938 CG:3    +
    5    45  0   2.3%   0.488 GC:3    +
   23    50  0   2.3%   0.991 UA:3    +
    6    44  0   2.3%   0.469 AU:3    +
    7    43  0   2.3%   0.498 GU:3    +
    8    42  0   2.2%   0.605 CG:3    +
   24    29  0   2.2%   0.506 CG:3    +
   13    47  0   2.2%   0.631 UA:3    +
   42    51  0   2.1%   1.255 GC:3    +
   10    42  0   2.0%   0.651 CG:3    +
   43    50  0   2.0%   0.954 UA:3    +
    9    43  0   2.0%   0.806 GU:3    +
   23    30  0   2.0%   0.495 UA:3    +
   39    53  0   2.0%   1.676 CG:3    +
   14    54  0   2.0%   2.153 GC:3    +
   15    53  0   2.0%   1.483 CG:3    +
   38    54  0   1.9%   1.691 GC:3    +
   13    55  0   1.9%   1.219 UA:3    +
    5    64  0   1.7%   1.456 GC:3    +
    6    63  0   1.7%   1.125 AU:3    +
    1     8  0   1.7%   0.208 GC:3    +
    2     7  0   1.7%   0.208 CG:3    +
   11    57  0   1.7%   1.541 GU:3    +
    1    10  0   1.5%   0.255 GC:3    +
    2     9  0   1.5%   0.255 CG:3    +
   27    33  0   1.4%   0.262 AU:3    +
   27    48  0   1.4%   0.363 AU:3    +
   28    47  0   1.3%   0.298 UA:3    +
   15    58  0   1.3%   0.985 CG:3    +
    7    45  0   1.3%   0.581 GC:3    +
    9    15  0   1.2%   0.398 GC:3    +
   14    59  0   1.2%   1.992 GC:3    +
   26    49  0   1.2%   0.607 GU:3    +
   10    14  0   1.2%   0.345 CG:3    +
   10    38  0   1.2%   0.434 CG:3    +
   11    37  0   1.2%   0.343 GC:3    +
   12    36  0   1.2%   0.352 CG:3    +
    9    39  0   1.2%   0.593 GC:3    +
    9    13  0   1.2%   0.231 GU:3    +
   13    35  0   1.2%   0.374 UG:3    +
   16    57  0   1.1%   1.234 GU:3    +
   22    32  0   1.1%   0.316 GC:3    +
    7    23  0   1.0%   0.520 GU:3    +
   45    53  0   1.0%   1.868 CG:3    +
   46    52  0   1.0%   1.115 UA:3    +
    4    59  0   0.9%   0.631 GC:3    +
   38    57  0   0.9%   1.372 GU:3    +
    6    46  0   0.9%   0.452 AU:3    +
   20    35  0   0.9%   0.529 CG:3    +
   21    34  0   0.9%   0.270 UA:3    +
    8    16  0   0.9%   0.305 CG:3    +
   23    31  0   0.8%   0.453 UA:3    +
   14    48  0   0.8%   0.565 GU:3    +
   20    29  0   0.7%   0.404 CG:3    +
   43    55  0   0.7%   0.833 UA:3    +
   42    56  0   0.6%   1.493 GC:3    +
    7    60  0   0.6%   1.765 GC:3    +
    4    46  0   0.6%   0.321 GU:3    +
   33    62  0   0.6%   0.382 UA:3    +
    1    63  0   0.5%   0.511 GU:3    +
    6    48  0   0.5%   0.419 AU:3    +
    5    49  0   0.5%   0.396 GU:3    +
    3    62  0   0.5%   0.777 UA:3    +
   36    56  0   0.5%   1.173 GC:3    +
   35    57  0   0.5%   1.169 GU:3    +
   26    33  0   0.5%   0.270 GU:3    +
   41    57  0   0.5%   1.608 GU:3    +
    1    37  0   0.5%   0.238 GC:3    +
    2    36  0   0.4%   0.246 CG:3    +
   16    49  0   0.4%   0.653 GU:3    +
   22    33  0   0.4%   0.280 GU:3    +
   19    32  0   0.4%   0.368 GC:3    +
   26    32  0   0.4%   0.274 GC:3    +
   18    33  0   0.4%   0.213 AU:3    +
    2    58  0   0.4%   0.473 CG:3    +
    1    59  0   0.4%   0.465 GC:3    +
    8    53  0   0.4%   0.704 CG:3    +
    7    54  0   0.4%   0.671 GC:3    +
   17    48  0   0.3%   0.304 AU:3    +
    3    35  0   0.3%   0.178 UG:3    +
    1    12  0   0.3%   0.186 GC:3    +
    2    11  0   0.3%   0.185 CG:3    +
   11    39  0   0.2%   0.309 GC:3    +
    3    47  0   0.2%   0.183 UA:3    +
   15    36  0   0.2%   0.311 CG:3    +
   14    37  0   0.2%   0.303 GC:3    +
   33    61  0   0.2%   0.641 UA:3    +
   28    34  0   0.2%   0.102 UA:3    +
   12    38  0   0.2%   0.317 CG:3    +
    7    48  0   0.2%   0.464 GU:3    +
   29    33  0   0.2%   0.311 GU:3    +
   46    50  0   0.2%   0.595 UA:3    +
   41    51  0   0.2%   1.137 GC:3    +
    5    56  0   0.2%   0.388 GC:3    +
    6    49  0   0.2%   0.420 AU:3    +
   21    30  0   0.2%   0.156 UA:3    +
    4    57  0   0.2%   0.500 GU:3    +
   20    36  0   0.2%   0.491 CG:3    +
   41    54  0   0.1%   1.590 GC:3    +
   27    46  0   0.1%   0.279 AU:3    +
   25    29  0   0.1%   0.375 CG:3    +
   58    64  0   0.1%   1.320 GC:3    +
   21    35  0   0.1%   0.326 UG:3    +
   19    37  0   0.1%   0.544 GC:3    +
    4    56  0   0.1%   0.486 GC:3    +
    7    46  0   0.1%   0.480 GU:3    +
    2    19  0   0.1%   0.179 CG:3    +
    1    20  0   0.1%   0.179 GC:3    +
    3    18  0   0.1%   0.029 UA:3    +
   57    65  0   0.1%   1.360 UA:3    +
    7    12  0   0.1%   0.116 GC:3    +
    6    13  0   0.1%   0.025 AU:3    +
    2    26  0   0.1%   0.184 CG:3    +
   16    32  0   0.1%   0.080 GC:3    +
    5    48  0   0.1%   0.333 GU:3    +
   43    52  0   0.1%   1.181 UA:3    +
   35    39  0   0.1%   0.659 GC:3    +
   11    56  0   0.1%   1.411 GC:3    +
   13    61  0   0.1%   1.426 UA:3    +
   11    59  0   0.1%   1.524 GC:3    +
   12    58  0   0.1%   1.131 CG:3    +
   35    64  0   0.1%   1.023 GC:3    +
   15    22  0   0.1%   0.320 CG:3    +
   19    45  0   0.1%   0.650 GC:3    +
   27    63  0   0.1%   0.404 AU:3    +
   36    63  0   0.1%   1.066 GU:3    +
   26    64  0   0.1%   0.610 GC:3    +
   11    49  0   0.1%   0.290 GU:3    +
    4    10  0   0.1%   0.083 GC:3    +
   18    46  0   0.1%   0.523 AU:3    +
   24    38  0   0.1%   0.835 CG:3    +
   14    23  0   0.1%   0.432 GU:3    +
    1    60  0   0.1%   0.439 GC:3    +
   34    57  0   0.1%   0.853 AU:3    +
   35    56  0   0.1%   1.052 GC:3    +
   28    62  0   0.1%   0.130 UA:3    +
   11    43  0   0.1%   0.408 GU:3    +
   19    43  0   0.1%   0.666 GU:3    +
   33    58  0   0.1%   0.735 UG:3    +
    9    45  0   0.1%   0.724 GC:3    +
    9    60  0   0.1%   1.989 GC:3    +
    1    15  0   0.1%   0.164 GC:3    +
    2    14  0   0.1%   0.163 CG:3    +
   26    37  0   0.1%   0.402 GC:3    +
   14    60  0   0.1%   1.625 GC:3    +
    8    41  0   0.1%   0.360 CG:3    +
   20    26  0   0.1%   0.414 CG:3    +
   18    44  0   0.1%   0.582 AU:3    +
   10    22  0   0.1%   0.394 CG:3    +
    1    67  0   0.1%   0.600 GU:3    +
    5    25  0   0.1%   0.432 GC:3    +
   16    21  0   0.1%   0.172 GU:3    +
    3    34  0   0.0%   0.128 UA:3    +
    5    32  0   0.0%   0.229 GC:3    +
    4    33  0   0.0%   0.235 GU:3    +
   62    67  0   0.0%   0.201 AU:3    +
   31    63  0   0.0%   0.579 AU:3    +
   12    42  0   0.0%   0.525 CG:3    +
   14    20  0   0.0%   0.458 GC:3    +
   21    27  0   0.0%   0.131 UA:3    +
   15    19  0   0.0%   0.465 CG:3    +
   16    25  0   0.0%   0.276 GC:3    +
   28    35  0   0.0%   0.335 UG:3    +
   20    42  0   0.0%   0.705 CG:3    +
    4    15  0   0.0%   0.028 GC:3    +
   15    26  0   0.0%   0.307 CG:3    +
    9    23  0   0.0%   0.671 GU:3    +
   22    37  0   0.0%   0.430 GC:3    +
   25    38  0   0.0%   0.852 CG:3    +
    2    35  0   0.0%   0.181 CG:3    +
   21    31  0   0.0%   0.144 UA:3    +
   29    46  0   0.0%   0.450 GU:3    +
   38    56  0   0.0%   1.200 GC:3    +
    4     8  0   0.0%   0.078 GC:3    +
   24    35  0   0.0%   0.430 CG:3    +
    1    66  0   0.0%   0.592 GU:3    +
   44    53  0   0.0%   1.792 UG:3    +
    8    29  0   0.0%   0.353 CG:3    +
    9    44  0   0.0%   0.660 GU:3    +
    6    43  0   0.0%   0.209 AU:3    +
    5    44  0   0.0%   0.228 GU:3    +
   53    59  0   0.0%   2.444 GC:3    +
   54    58  0   0.0%   2.071 CG:3    +
    9    46  0   0.0%   0.660 GU:3    +
   37    53  0   0.0%   1.333 CG:3    +
   36    54  0   0.0%   1.473 GC:3    +
    4    63  0   0.0%   0.861 GU:3    +
    5    12  0   0.0%   0.029 GC:3    +
   11    60  0   0.0%   1.251 GC:3    +
   10    41  0   0.0%   0.337 CG:3    +
    1    28  0   0.0%   0.170 GU:3    +
    4    12  0   0.0%   0.034 GC:3    +
    9    28  0   0.0%   0.437 GU:3    +
   19    28  0   0.0%   0.298 GU:3    +
    7    20  0   0.0%   0.200 GC:3    +
   16    46  0   0.0%   0.515 GU:3    +
    8    19  0   0.0%   0.236 CG:3    +
    2    29  0   0.0%   0.176 CG:3    +
   10    26  0   0.0%   0.385 CG:3    +
    9    64  0   0.0%   1.862 GC:3    +
   33    40  0   0.0%   0.421 UA:3    +
   23    36  0   0.0%   0.479 UG:3    +
   57    62  0   0.0%   1.085 UA:3    +
    4    13  0   0.0%   0.017 GU:3    +
   11    25  0   0.0%   0.373 GC:3    +
    5    15  0   0.0%   0.018 GC:3    +
    3    16  0   0.0%   0.009 UG:3    +
   11    15  0   0.0%   0.197 GC:3    +
   12    22  0   0.0%   0.290 CG:3    +
   11    48  0   0.0%   0.284 GU:3    +
    5    10  0   0.0%   0.073 GC:3    +
    3     9  0   0.0%   0.067 UG:3    +
    8    26  0   0.0%   0.455 CG:3    +
    9    25  0   0.0%   0.643 GC:3    +
   11    64  0   0.0%   1.126 GC:3    +
   11    23  0   0.0%   0.399 GU:3    +
   16    56  0   0.0%   1.088 GC:3    +
    3    58  0   0.0%   0.387 UG:3    +
   22    28  0   0.0%   0.144 GU:3    +
   13    34  0   0.0%   0.201 UA:3    +
   23    27  0   0.0%   0.260 UA:3    +
   16    33  0   0.0%   0.070 GU:3    +
   16    48  0   0.0%   0.426 GU:3    +
   62    66  0   0.0%   0.242 AU:3    +
   13    38  0   0.0%   0.320 UG:3    +
   34    63  0   0.0%   0.504 AU:3    +
   29    60  0   0.0%   0.748 GC:3    +
   32    41  0   0.0%   0.386 CG:3    +
   10    16  0   0.0%   0.170 CG:3    +
   21    41  0   0.0%   0.616 UG:3    +
   14    33  0   0.0%   0.186 GU:3    +
   18    28  0   0.0%   0.148 AU:3    +
    6    21  0   0.0%   0.011 AU:3    +
   16    24  0   0.0%   0.261 GC:3    +
   14    56  0   0.0%   1.792 GC:3    +
   17    23  0   0.0%   0.254 AU:3    +
    4    66  0   0.0%   0.994 GU:3    +
    3    27  0   0.0%   0.118 UA:3    +
   61    67  0   0.0%   0.492 AU:3    +
   42    48  0   0.0%   0.442 GU:3    +
   13    41  0   0.0%   0.492 UG:3    +
    3    11  0   0.0%   0.023 UG:3    +
   12    35  0   0.0%   0.189 CG:3    +
   51    58  0   0.0%   1.563 CG:3    +
   17    46  0   0.0%   0.336 AU:3    +
   43    47  0   0.0%   0.593 UA:3    +
   41    49  0   0.0%   0.699 GU:3    +
    4    45  0   0.0%   0.230 GC:3    +
    9    37  0   0.0%   0.457 GC:3    +
   10    36  0   0.0%   0.297 CG:3    +
    8    38  0   0.0%   0.348 CG:3    +
    7    39  0   0.0%   0.239 GC:3    +
   28    36  0   0.0%   0.395 UG:3    +
   26    48  0   0.0%   0.284 GU:3    +
   52    57  0   0.0%   1.837 AU:3    +
   15    35  0   0.0%   0.265 CG:3    +
   14    32  0   0.0%   0.185 GC:3    +
    9    51  0   0.0%   0.776 GC:3    +
   29    37  0   0.0%   0.376 GC:3    +
   28    61  0   0.0%   0.435 UA:3    +
   12    16  0   0.0%   0.077 CG:3    +
   42    49  0   0.0%   0.599 GU:3    +
   17    49  0   0.0%   0.448 AU:3    +
   37    42  0   0.0%   0.496 CG:3    +
    1    51  0   0.0%   0.192 GC:3    +
   14    28  0   0.0%   0.185 GU:3    +
    7    25  0   0.0%   0.448 GC:3    +
   21    29  0   0.0%   0.167 UG:3    +
    4    49  0   0.0%   0.262 GU:3    +
    5    51  0   0.0%   0.547 GC:3    +
   61    66  0   0.0%   0.539 AU:3    +
   35    45  0   0.0%   0.721 GC:3    +
   34    46  0   0.0%   0.261 AU:3    +
   30    66  0   0.0%   0.532 AU:3    +
   41    48  0   0.0%   0.540 GU:3    +
   33    47  0   0.0%   0.401 UA:3    +
   14    25  0   0.0%   0.393 GC:3    +
   40    49  0   0.0%   0.595 AU:3    +
   44    50  0   0.0%   0.712 UA:3    +
   32    58  0   0.0%   0.682 CG:3    +
   17    57  0   0.0%   0.951 AU:3    +
   29    67  0   0.0%   0.554 GU:3    +
   16    59  0   0.0%   1.228 GC:3    +
   31    66  0   0.0%   0.319 AU:3    +
   21    38  0   0.0%   0.379 UG:3    +
    5    46  0   0.0%   0.344 GU:3    +
   35    63  0   0.0%   0.892 GU:3    +
   36    43  0   0.0%   0.800 GU:3    +
   38    60  0   0.0%   1.343 GC:3    +
    6    66  0   0.0%   0.810 AU:3    +
    7    49  0   0.0%   0.441 GU:3    +
    3     7  0   0.0%   0.071 UG:3    +
   13    62  0   0.0%   1.100 UA:3    +
    7    24  0   0.0%   0.443 GC:3    +
   19    25  0   0.0%   0.504 GC:3    +
   30    67  0   0.0%   0.483 AU:3    +
    1    49  0   0.0%   0.191 GU:3    +
    5    67  0   0.0%   1.032 GU:3    +
    7    21  0   0.0%   0.190 GU:3    +
    7    32  0   0.0%   0.241 GC:3    +
   23    29  0   0.0%   0.296 UG:3    +
   27    67  0   0.0%   0.435 AU:3    +
    6    33  0   0.0%   0.206 AU:3    +
   36    44  0   0.0%   0.714 GU:3    +
   46    53  0   0.0%   1.620 UG:3    +
   11    63  0   0.0%   1.011 GU:3    +
   11    46  0   0.0%   0.318 GU:3    +
   18    23  0   0.0%   0.390 AU:3    +
   13    17  0   0.0%   0.063 UA:3    +
   21    26  0   0.0%   0.242 UG:3    +
   16    51  0   0.0%   0.999 GC:3    +
   44    55  0   0.0%   0.581 UA:3    +
   16    44  0   0.0%   0.270 GU:3    +
   48    52  0   0.0%   0.987 UA:3    +
   19    46  0   0.0%   0.515 GU:3    +
    7    64  0   0.0%   1.611 GC:3    +
   11    45  0   0.0%   0.381 GC:3    +
   11    21  0   0.0%   0.269 GU:3    +
   10    29  0   0.0%   0.275 CG:3    +
   18    48  0   0.0%   0.442 AU:3    +
   26    66  0   0.0%   0.240 GU:3    +
   55    67  0   0.0%   0.236 AU:3    +
   42    59  0   0.0%   1.594 GC:3    +
   41    60  0   0.0%   1.285 GC:3    +
   43    58  0   0.0%   1.427 UG:3    +
   13    26  0   0.0%   0.306 UG:3    +
    4    48  0   0.0%   0.260 GU:3    +
   17    43  0   0.0%   0.174 AU:3    +
    3    50  0   0.0%   0.154 UA:3    +
   33    65  0   0.0%   0.609 UA:3    +
    7    28  0   0.0%   0.239 GU:3    +
   14    24  0   0.0%   0.385 GC:3    +
   17    33  0   0.0%   0.009 AU:3    +
   11    28  0   0.0%   0.162 GU:3    +
   36    64  0   0.0%   1.173 GC:3    +
   27    49  0   0.0%   0.460 AU:3    +
   11    44  0   0.0%   0.324 GU:3    +
   57    61  0   0.0%   1.381 UA:3    +
   41    45  0   0.0%   0.780 GC:3    +
   38    51  0   0.0%   1.092 GC:3    +
   14    45  0   0.0%   0.463 GC:3    +
    4    23  0   0.0%   0.017 GU:3    +
   40    46  0   0.0%   0.467 AU:3    +
    7    44  0   0.0%   0.414 GU:3    +
   15    29  0   0.0%   0.193 CG:3    +
   25    41  0   0.0%   0.765 CG:3    +
   24    42  0   0.0%   0.644 CG:3    +
   58    63  0   0.0%   1.180 GU:3    +
    9    24  0   0.0%   0.634 GC:3    +
   28    38  0   0.0%   0.390 UG:3    +
   32    36  0   0.0%   0.472 CG:3    +
   55    66  0   0.0%   0.285 AU:3    +
    7    66  0   0.0%   1.256 GU:3    +
    9    48  0   0.0%   0.620 GU:3    +
   19    39  0   0.0%   0.506 GC:3    +
   20    38  0   0.0%   0.566 CG:3    +
   18    57  0   0.0%   1.107 AU:3    +
    1    32  0   0.0%   0.165 GC:3    +
   26    46  0   0.0%   0.358 GU:3    +
   58    67  0   0.0%   0.875 GU:3    +
    6    28  0   0.0%   0.204 AU:3    +
    2    22  0   0.0%   0.163 CG:3    +
   29    51  0   0.0%   0.981 GC:3    +
    6    67  0   0.0%   0.810 AU:3    +
    4    20  0   0.0%   0.025 GC:3    +
   17    28  0   0.0%   0.008 AU:3    +
   55    63  0   0.0%   0.550 AU:3    +
   16    28  0   0.0%   0.060 GU:3    +
   53    60  0   0.0%   2.087 GC:3    +
   49    61  0   0.0%   0.689 UA:3    +
    4    24  0   0.0%   0.017 GC:3    +
    1    23  0   0.0%   0.163 GU:3    +
   11    24  0   0.0%   0.362 GC:3    +
    4    67  0   0.0%   0.993 GU:3    +
   35    44  0   0.0%   0.658 GU:3    +
   48    62  0   0.0%   0.231 UA:3    +
    4    32  0   0.0%   0.224 GC:3    +
   28    52  0   0.0%   0.733 UA:3    +
   19    33  0   0.0%   0.339 GU:3    +
    2    16  0   0.0%   0.154 CG:3    +
   19    44  0   0.0%   0.575 GU:3    +
    5    57  0   0.0%   0.367 GU:3    +
   35    59  0   0.0%   1.157 GC:3    +
    7    63  0   0.0%   1.501 GU:3    +
   31    48  0   0.0%   0.309 AU:3    +
   30    49  0   0.0%   0.510 AU:3    +
   58    66  0   0.0%   0.924 GU:3    +
   34    66  0   0.0%   0.245 AU:3    +
   14    57  0   0.0%   1.791 GU:3    +
    1    48  0   0.0%   0.190 GU:3    +
   47    63  0   0.0%   0.597 AU:3    +
   31    49  0   0.0%   0.465 AU:3    +
   29    49  0   0.0%   0.575 GU:3    +
    3    17  0   0.0%   0.005 UA:3    +
   13    27  0   0.0%   0.194 UA:3    +
   23    34  0   0.0%   0.418 UA:3    +
   22    54  0   0.0%   1.549 GC:3    +
    5    23  0   0.0%   0.007 GU:3    +
    5    66  0   0.0%   1.030 GU:3    +
    1    25  0   0.0%   0.163 GC:3    +
   30    48  0   0.0%   0.354 AU:3    +
   29    66  0   0.0%   0.602 GU:3    +
   16    20  0   0.0%   0.329 GC:3    +
   26    51  0   0.0%   0.960 GC:3    +
   23    53  0   0.0%   1.721 UG:3    +
    9    63  0   0.0%   1.747 GU:3    +
    3    14  0   0.0%   0.008 UG:3    +
   13    65  0   0.0%   1.213 UA:3    +
   21    55  0   0.0%   0.508 UA:3    +
   19    24  0   0.0%   0.493 GC:3    +
   15    42  0   0.0%   0.489 CG:3    +
   28    50  0   0.0%   0.369 UA:3    +
   16    64  0   0.0%   0.775 GC:3    +
   40    48  0   0.0%   0.437 AU:3    +
    9    66  0   0.0%   1.503 GU:3    +
   17    63  0   0.0%   0.429 AU:3    +
   13    29  0   0.0%   0.198 UG:3    +
   19    56  0   0.0%   1.146 GC:3    +
   12    26  0   0.0%   0.278 CG:3    +
   14    43  0   0.0%   0.484 GU:3    +
    1    56  0   0.0%   0.400 GC:3    +
   46    55  0   0.0%   0.364 UA:3    +
   18    49  0   0.0%   0.604 AU:3    +
   50    57  0   0.0%   1.392 AU:3    +
    7    13  0   0.0%   0.087 GU:3    +
   19    48  0   0.0%   0.439 GU:3    +
   21    36  0   0.0%   0.293 UG:3    +
   26    45  0   0.0%   0.487 GC:3    +
   49    58  0   0.0%   1.064 UG:3    +
    3    55  0   0.0%   0.361 UA:3    +
    3    29  0   0.0%   0.118 UG:3    +
   35    66  0   0.0%   0.639 GU:3    +
    5    54  0   0.0%   0.554 GC:3    +
    4    54  0   0.0%   0.669 GC:3    +
   16    60  0   0.0%   0.907 GC:3    +
   16    54  0   0.0%   1.370 GC:3    +
   27    44  0   0.0%   0.317 AU:3    +
   37    41  0   0.0%   0.595 CG:3    +
    3    30  0   0.0%   0.116 UA:3    +
   33    38  0   0.0%   0.509 UG:3    +
   29    44  0   0.0%   0.402 GU:3    +
   31    67  0   0.0%   0.270 AU:3    +
   48    53  0   0.0%   1.536 UG:3    +
   17    21  0   0.0%   0.120 AU:3    +
    1    13  0   0.0%   0.150 GU:3    +
    5    13  0   0.0%   0.006 GU:3    +
   30    43  0   0.0%   0.425 AU:3    +
    9    49  0   0.0%   0.611 GU:3    +
   34    67  0   0.0%   0.195 AU:3    +
   14    64  0   0.0%   1.490 GC:3    +
    4    28  0   0.0%   0.226 GU:3    +
   32    38  0   0.0%   0.467 CG:3    +
   26    54  0   0.0%   1.328 GC:3    +
   42    46  0   0.0%   0.467 GU:3    +
   29    39  0   0.0%   0.486 GC:3    +
   36    57  0   0.0%   1.197 GU:3    +
   33    42  0   0.0%   0.513 UG:3    +
    1    24  0   0.0%   0.163 GC:3    +
   53    64  0   0.0%   1.920 GC:3    +
    5    20  0   0.0%   0.014 GC:3    +
    5    28  0   0.0%   0.220 GU:3    +
   28    40  0   0.0%   0.296 UA:3    +
    3    31  0   0.0%   0.116 UA:3    +
   16    23  0   0.0%   0.299 GU:3    +
    4    21  0   0.0%   0.017 GU:3    +
    5    43  0   0.0%   0.221 GU:3    +
   29    63  0   0.0%   0.508 GU:3    +
   48    55  0   0.0%   0.280 UA:3    +
    5    33  0   0.0%   0.225 GU:3    +
   26    39  0   0.0%   0.509 GC:3    +
   13    30  0   0.0%   0.193 UA:3    +
   23    52  0   0.0%   1.267 UA:3    +
   22    43  0   0.0%   0.694 GU:3    +
   26    60  0   0.0%   0.723 GC:3    +
    2    38  0   0.0%   0.199 CG:3    +
    1    39  0   0.0%   0.190 GC:3    +
   48    61  0   0.0%   0.532 UA:3    +
   13    22  0   0.0%   0.316 UG:3    +
   31    44  0   0.0%   0.488 AU:3    +
..(((((.((.....(((.((((((.........)).)))).))).......)).)).)))......
