3 sequence; length of alignment 34
alifold output
    7    20  0  52.2%   1.095 CG:3   
    8    19  0  51.1%   1.102 UA:3   
    2    27  0  46.5%   1.081 GC:3   
    3    26  0  46.4%   1.122 GC:3   
    1    28  0  41.5%   1.099 AU:3   
    6    21  0  39.9%   1.129 UA:3   
    7    23  0  34.7%   1.695 CG:3    +
    8    22  0  33.8%   1.758 UA:3    +
    5    26  0  30.8%   2.033 GC:3    +
    4    27  0  30.8%   2.418 GC:3    +
    3    28  0  28.8%   2.424 GU:3    +
    6    25  0  28.4%   1.818 UA:3    +
    9    18  0  27.7%   1.480 GU:3   
   10    16  0  25.4%   1.074 UA:3    +
    9    17  0  25.0%   1.115 GC:3    +
   11    19  0  21.6%   1.466 UA:3    +
   12    18  0  20.7%   1.401 AU:3    +
    4    24  0  19.3%   1.031 GC:3    +
    3    27  0  16.1%   1.643 GC:3    +
    4    26  0  16.0%   1.628 GC:3    +
    2    28  0  15.0%   1.588 GU:3    +
   10    20  0  13.9%   1.593 UG:3    +
    5    24  0  12.6%   1.139 GC:3    +
    6    23  0   6.5%   1.099 UG:3    +
    6    22  0   6.2%   0.912 UA:3    +
    9    31  0   5.0%   1.256 GC:3    +
   10    30  0   5.0%   1.304 UA:3    +
   11    29  0   4.9%   0.979 UA:3    +
   12    28  0   4.7%   1.768 AU:3    +
   14    26  0   4.7%   1.529 GC:3    +
   15    25  0   4.5%   0.835 UA:3    +
    8    32  0   4.2%   1.309 UA:3    +
   17    23  0   4.1%   1.452 CG:3    +
   18    22  0   3.4%   1.712 UA:3    +
   11    20  0   2.3%   1.258 UG:3    +
   10    21  0   2.1%   1.380 UA:3    +
   10    19  0   2.1%   0.932 UA:3    +
    7    14  0   1.7%   0.217 CG:3    +
    9    24  0   1.7%   1.500 GC:3    +
   10    23  0   1.7%   1.552 UG:3    +
    8    13  0   1.7%   0.212 UA:3    +
    8    21  0   1.7%   0.990 UA:3    +
   11    22  0   1.4%   1.197 UA:3    +
   11    16  0   1.1%   0.526 UA:3    +
    8    25  0   0.9%   1.354 UA:3    +
    4    17  0   0.9%   0.133 GC:3    +
    3    18  0   0.8%   0.119 GU:3    +
    2    31  0   0.7%   0.757 GC:3    +
    5    17  0   0.6%   0.133 GC:3    +
    6    16  0   0.5%   0.086 UA:3    +
    4    18  0   0.5%   0.162 GU:3    +
   13    18  0   0.3%   0.865 AU:3    +
   20    27  0   0.2%   1.761 GC:3    +
   19    28  0   0.2%   1.948 AU:3    +
    8    23  0   0.2%   1.433 UG:3    +
   14    24  0   0.2%   0.761 GC:3    +
   15    23  0   0.2%   0.661 UG:3    +
    3    24  0   0.1%   0.066 GC:3    +
   18    29  0   0.1%   1.050 UA:3    +
    2     7  0   0.1%   0.016 GC:3    +
    2    26  0   0.1%   0.022 GC:3    +
   11    21  0   0.1%   0.996 UA:3    +
    6    34  0   0.1%   1.117 UA:3    +
   14    27  0   0.0%   1.250 GC:3    +
   10    22  0   0.0%   1.333 UA:3    +
    1     8  0   0.0%   0.010 AU:3    +
   13    28  0   0.0%   1.245 AU:3    +
    6    33  0   0.0%   1.110 UA:3    +
   15    20  0   0.0%   0.711 UG:3    +
    3    31  0   0.0%   1.097 GC:3    +
   14    18  0   0.0%   0.840 GU:3    +
   15    19  0   0.0%   0.760 UA:3    +
    8    20  0   0.0%   0.761 UG:3    +
    2    24  0   0.0%   0.011 GC:3    +
    3    17  0   0.0%   0.005 GC:3    +
   23    27  0   0.0%   1.802 GC:3    +
    2    18  0   0.0%   0.010 GU:3    +
   22    28  0   0.0%   1.889 AU:3    +
    5    27  0   0.0%   1.669 GC:3    +
    4    28  0   0.0%   2.054 GU:3    +
   10    14  0   0.0%   0.074 UG:3    +
   14    31  0   0.0%   0.418 GC:3    +
   15    30  0   0.0%   0.306 UA:3    +
    8    33  0   0.0%   1.047 UA:3    +
   18    23  0   0.0%   1.650 UG:3    +
   15    21  0   0.0%   0.526 UA:3    +
    6    20  0   0.0%   0.031 UG:3    +
    3     7  0   0.0%   0.007 GC:3    +
    9    15  0   0.0%   0.002 GU:3    +
   20    24  0   0.0%   1.374 GC:3    +
   28    33  0   0.0%   1.174 UA:3    +
    2    17  0   0.0%   0.007 GC:3    +
   23    31  0   0.0%   0.958 GC:3    +
   15    22  0   0.0%   0.609 UA:3    +
    1    18  0   0.0%   0.005 AU:3    +
    2     8  0   0.0%   0.010 GU:3    +
   20    26  0   0.0%   1.866 GC:3    +
    8    14  0   0.0%   0.144 UG:3    +
    5    15  0   0.0%   0.001 GU:3    +
    8    16  0   0.0%   0.103 UA:3    +
   20    31  0   0.0%   0.906 GC:3    +
    5    31  0   0.0%   0.691 GC:3    +
    1     6  0   0.0%   0.001 AU:3    +
    6    30  0   0.0%   1.103 UA:3    +
   28    32  0   0.0%   1.303 UA:3    +
   11    23  0   0.0%   1.159 UG:3    +
   28    34  0   0.0%   1.174 UA:3    +
   21    28  0   0.0%   1.689 AU:3    +
   18    25  0   0.0%   1.422 UA:3    +
    4    31  0   0.0%   1.081 GC:3    +
    5    28  0   0.0%   1.663 GU:3    +
    6    19  0   0.0%   0.029 UA:3    +
   23    28  0   0.0%   1.939 GU:3    +
    6    32  0   0.0%   1.103 UA:3    +
    2     6  0   0.0%   0.000 GU:3    +
    6    13  0   0.0%   0.000 UA:3    +
    9    27  0   0.0%   1.787 GC:3    +
    4    15  0   0.0%   0.000 GU:3    +
    3     8  0   0.0%   0.004 GU:3    +
    3    10  0   0.0%   0.001 GU:3    +
   20    28  0   0.0%   1.886 GU:3    +
    8    12  0   0.0%   0.004 UA:3    +
    2    11  0   0.0%   0.006 GU:3    +
   10    25  0   0.0%   1.258 UA:3    +
    9    26  0   0.0%   1.790 GC:3    +
   15    32  0   0.0%   0.289 UA:3    +
    4    10  0   0.0%   0.000 GU:3    +
    3    11  0   0.0%   0.001 GU:3    +
    2    10  0   0.0%   0.006 GU:3    +
    8    34  0   0.0%   1.047 UA:3    +
    4     8  0   0.0%   0.004 GU:3    +
   18    30  0   0.0%   1.038 UA:3    +
    1    11  0   0.0%   0.003 AU:3    +
    5    11  0   0.0%   0.000 GU:3    +
    4    11  0   0.0%   0.000 GU:3    +
    6    14  0   0.0%   0.000 UG:3    +
(((..((((........))))....)))......
