3 sequence; length of alignment 74
alifold output
    5    64  0 100.0%   0.000 CG:3   
    4    65  0 100.0%   0.000 GC:3   
    8    61  0 100.0%   0.000 GC:3   
   18    54  0 100.0%   0.000 GC:3   
    7    62  0 100.0%   0.000 CG:3   
    6    63  0 100.0%   0.001 AU:3   
    9    60  0  99.9%   0.002 AU:3   
   17    55  0  99.9%   0.003 UA:3   
   32    41  0  99.9%   0.003 UA:3   
   29    44  0  99.9%   0.005 AU:3   
   28    45  0  99.9%   0.005 GC:3   
   31    42  0  99.8%   0.006 UA:3   
   30    43  0  99.8%   0.007 AU:3   
   19    53  0  99.7%   0.008 GC:3   
    3    66  0  99.7%   0.008 GU:3   
   33    40  0  99.7%   0.008 CG:3   
   10    59  0  99.5%   0.027 GC:3   
   16    56  0  99.4%   0.046 CG:3   
    2    67  0  99.1%   0.027 AU:3   
    1    68  0  97.3%   0.080 CG:3   
   24    48  0  96.3%   0.114 UA:3   
   25    47  0  96.2%   0.116 GU:3   
   23    49  0  92.0%   0.332 AU:3   
   26    46  0  91.5%   0.250 AU:3   
   15    57  0  90.7%   0.503 CG:3   
   12    58  0  71.5%   0.731 GC:3   
   20    51  0  16.7%   0.901 AU:3    +
   21    50  0  15.1%   0.860 UG:3    +
   21    52  0  10.4%   0.997 UA:3    +
   22    51  0   9.3%   1.060 GU:3    +
   13    57  0   8.1%   0.623 UG:3    +
   22    49  0   2.6%   0.292 GU:3    +
   26    47  0   0.8%   0.240 AU:3    +
   14    56  0   0.3%   0.050 UG:3    +
   11    57  0   0.2%   0.036 CG:3    +
   14    57  0   0.2%   0.267 UG:3    +
   10    58  0   0.2%   0.034 GC:3    +
   15    56  0   0.2%   0.051 CG:3    +
   23    51  0   0.1%   0.630 AU:3    +
   24    50  0   0.1%   0.350 UG:3    +
   22    47  0   0.1%   0.014 GU:3    +
   21    48  0   0.1%   0.014 UA:3    +
   23    46  0   0.1%   0.013 AU:3    +
   20    49  0   0.1%   0.013 AU:3    +
   12    59  0   0.1%   0.258 GC:3    +
   25    49  0   0.0%   0.224 GU:3    +
   26    49  0   0.0%   0.303 AU:3    +
   28    44  0   0.0%   0.003 GU:3    +
   27    48  0   0.0%   0.044 UA:3    +
   69    73  0   0.0%   0.003 UA:3    +
   25    46  0   0.0%   0.007 GU:3    +
   29    43  0   0.0%   0.002 AU:3    +
   24    52  0   0.0%   0.283 UA:3    +
   25    51  0   0.0%   0.572 GU:3    +
   34    40  0   0.0%   0.004 UG:3    +
    2    66  0   0.0%   0.001 AU:3    +
   23    47  0   0.0%   0.010 AU:3    +
   25    45  0   0.0%   0.001 GC:3    +
   35    40  0   0.0%   0.004 UG:3    +
   18    53  0   0.0%   0.001 GC:3    +
   28    47  0   0.0%   0.083 GU:3    +
    3    65  0   0.0%   0.001 GC:3    +
   21    26  0   0.0%   0.001 UA:3    +
   26    44  0   0.0%   0.001 AU:3    +
    2    72  0   0.0%   0.010 AU:3    +
   20    27  0   0.0%   0.001 AU:3    +
    3    71  0   0.0%   0.003 GC:3    +
   34    41  0   0.0%   0.002 UA:3    +
   68    74  0   0.0%   0.027 GU:3    +
    2    69  0   0.0%   0.010 AU:3    +
   10    60  0   0.0%   0.018 GU:3    +
   29    46  0   0.0%   0.089 AU:3    +
    3    67  0   0.0%   0.012 GU:3    +
   13    56  0   0.0%   0.000 UG:3    +
   13    55  0   0.0%   0.000 UA:3    +
   32    40  0   0.0%   0.000 UG:3    +
    2    70  0   0.0%   0.010 AU:3    +
   68    72  0   0.0%   0.027 GU:3    +
   26    38  0   0.0%   0.000 AU:3    +
   25    39  0   0.0%   0.000 GC:3    +
   27    37  0   0.0%   0.000 UG:3    +
   35    41  0   0.0%   0.002 UA:3    +
   12    60  0   0.0%   0.245 GU:3    +
   29    35  0   0.0%   0.000 AU:3    +
   31    41  0   0.0%   0.000 UA:3    +
   67    73  0   0.0%   0.009 UA:3    +
   16    57  0   0.0%   0.322 CG:3    +
   33    37  0   0.0%   0.000 CG:3    +
   24    40  0   0.0%   0.000 UG:3    +
   19    54  0   0.0%   0.003 GC:3    +
    9    66  0   0.0%   0.004 AU:3    +
    7    68  0   0.0%   0.027 CG:3    +
    8    67  0   0.0%   0.009 GU:3    +
   10    65  0   0.0%   0.017 GC:3    +
   11    64  0   0.0%   0.012 CG:3    +
    6    69  0   0.0%   0.001 AU:3    +
   30    34  0   0.0%   0.000 AU:3    +
   12    63  0   0.0%   0.245 GU:3    +
   28    46  0   0.0%   0.089 GU:3    +
   28    39  0   0.0%   0.000 GC:3    +
   29    38  0   0.0%   0.000 AU:3    +
   34    42  0   0.0%   0.003 UA:3    +
   27    40  0   0.0%   0.000 UG:3    +
   18    51  0   0.0%   0.000 GU:3    +
   23    38  0   0.0%   0.000 AU:3    +
   22    39  0   0.0%   0.000 GC:3    +
   24    37  0   0.0%   0.000 UG:3    +
   26    35  0   0.0%   0.000 AU:3    +
   17    52  0   0.0%   0.000 UA:3    +
   14    55  0   0.0%   0.000 UA:3    +
    4    70  0   0.0%   0.000 GU:3    +
   22    45  0   0.0%   0.000 GC:3    +
   23    44  0   0.0%   0.000 AU:3    +
    4    71  0   0.0%   0.000 GC:3    +
    3    72  0   0.0%   0.003 GU:3    +
   17    56  0   0.0%   0.035 UG:3    +
   30    44  0   0.0%   0.005 AU:3    +
    3    69  0   0.0%   0.003 GU:3    +
   32    42  0   0.0%   0.003 UA:3    +
   27    50  0   0.0%   0.296 UG:3    +
   22    53  0   0.0%   0.323 GC:3    +
   21    40  0   0.0%   0.000 UG:3    +
   26    51  0   0.0%   0.652 AU:3    +
   26    43  0   0.0%   0.000 AU:3    +
   25    44  0   0.0%   0.000 GU:3    +
((((((((((.(..(((((...((((.((((((......))))))))))...))))))))))))))))......
