3 sequence; length of alignment 62
alifold output
   12    51  0  97.6%   0.163 CG:3   
   11    52  0  97.5%   0.165 CG:3   
   14    49  0  97.5%   0.168 GC:3   
   13    50  0  97.4%   0.171 GU:3   
   10    53  0  92.8%   0.244 UA:3   
    4    57  0  92.5%   0.221 GC:3   
    5    56  0  92.2%   0.227 CG:3   
   15    48  0  91.2%   0.345 UG:3   
    3    58  0  90.6%   0.284 AU:3   
    8    54  0  89.7%   0.319 CG:3   
    7    55  0  89.4%   0.329 UA:3   
   17    45  0  86.3%   0.673 GC:3   
   18    44  0  85.8%   0.804 GC:3   
   20    43  0  82.7%   0.909 GC:3   
   21    42  0  81.6%   0.955 GU:3   
    2    59  0  77.1%   0.631 GU:3   
   16    46  0  75.0%   0.742 UA:3   
   22    41  0  66.7%   0.909 CG:3   
   30    39  0  65.2%   1.192 GC:3   
   29    40  0  65.2%   1.204 GC:3   
   28    41  0  24.0%   1.577 CG:3    +
   19    42  0   8.3%   0.625 AU:3    +
   18    43  0   8.2%   0.622 GC:3    +
   17    44  0   7.7%   0.688 GC:3    +
   27    37  0   7.2%   0.888 CG:3    +
   26    38  0   6.9%   0.790 AU:3    +
    5    60  0   5.3%   0.544 CG:3    +
    4    61  0   5.3%   0.575 GC:3    +
    6    59  0   5.1%   0.678 AU:3    +
   29    34  0   3.1%   0.424 GC:3    +
   30    34  0   3.1%   0.528 GC:3    +
   20    40  0   3.0%   0.428 GC:3    +
   21    39  0   3.0%   0.434 GC:3    +
   28    37  0   2.9%   0.777 CG:3    +
   18    45  0   2.8%   0.772 GC:3    +
   32    38  0   2.8%   0.698 AU:3    +
   21    43  0   2.7%   1.053 GC:3    +
   20    44  0   2.6%   1.007 GC:3    +
   33    37  0   2.5%   0.833 UG:3    +
   14    27  0   2.4%   0.270 GC:3    +
   13    28  0   2.4%   0.270 GC:3    +
   12    29  0   2.4%   0.270 CG:3    +
   15    26  0   2.4%   0.269 UA:3    +
   11    30  0   2.4%   0.268 CG:3    +
   16    25  0   2.4%   0.269 UA:3    +
   22    37  0   2.3%   0.270 CG:3    +
   17    24  0   2.2%   0.260 GU:3    +
   37    57  0   2.1%   0.905 GC:3    +
   36    58  0   2.1%   0.362 AU:3    +
   35    59  0   2.1%   0.622 AU:3    +
   34    60  0   2.0%   0.609 CG:3    +
   43    52  0   1.8%   0.720 CG:3    +
   44    51  0   1.8%   0.691 CG:3    +
   42    53  0   1.8%   0.788 UA:3    +
   23    38  0   1.6%   0.279 AU:3    +
   24    37  0   1.6%   0.423 UG:3    +
   38    56  0   1.5%   0.757 UG:3    +
   26    42  0   1.3%   0.884 AU:3    +
   21    40  0   1.1%   0.438 GC:3    +
   31    37  0   0.9%   0.625 UG:3    +
   21    27  0   0.9%   0.249 GC:3    +
   40    54  0   0.9%   0.694 CG:3    +
   20    28  0   0.8%   0.242 GC:3    +
   23    42  0   0.8%   0.609 AU:3    +
   21    38  0   0.8%   0.160 GU:3    +
   27    41  0   0.7%   0.747 CG:3    +
   20    39  0   0.7%   0.184 GC:3    +
   20    27  0   0.7%   0.194 GC:3    +
    8    56  0   0.7%   0.294 CG:3    +
    2    61  0   0.6%   0.314 GC:3    +
   10    32  0   0.6%   0.101 UA:3    +
   25    38  0   0.6%   0.322 AU:3    +
    9    33  0   0.6%   0.101 GU:3    +
   24    32  0   0.6%   0.217 UA:3    +
   39    56  0   0.6%   0.719 CG:3    +
   23    33  0   0.6%   0.129 AU:3    +
   25    31  0   0.5%   0.187 AU:3    +
   45    51  0   0.4%   0.412 CG:3    +
    7    54  0   0.4%   0.070 UG:3    +
   44    52  0   0.3%   0.680 CG:3    +
   20    42  0   0.3%   0.477 GU:3    +
   43    54  0   0.3%   0.746 CG:3    +
   46    50  0   0.3%   0.304 AU:3    +
   42    55  0   0.2%   0.715 UA:3    +
    7    56  0   0.2%   0.246 UG:3    +
   21    44  0   0.2%   0.959 GC:3    +
   20    45  0   0.2%   0.751 GC:3    +
    1    59  0   0.2%   0.037 AU:3    +
   40    51  0   0.2%   0.498 CG:3    +
   39    52  0   0.2%   0.490 CG:3    +
   24    41  0   0.2%   0.508 UG:3    +
   24    36  0   0.2%   0.160 UA:3    +
   38    53  0   0.1%   0.531 UA:3    +
   41    50  0   0.1%   0.721 GU:3    +
    9    31  0   0.1%   0.023 GU:3    +
    2    58  0   0.1%   0.032 GU:3    +
   24    35  0   0.1%   0.145 UA:3    +
   31    36  0   0.1%   0.075 UA:3    +
    3    59  0   0.1%   0.330 AU:3    +
   25    42  0   0.1%   0.597 AU:3    +
    9    57  0   0.1%   0.131 GC:3    +
    2     8  0   0.1%   0.018 GC:3    +
   23    31  0   0.1%   0.029 AU:3    +
   24    30  0   0.1%   0.195 UG:3    +
   29    39  0   0.1%   0.366 GC:3    +
   26    33  0   0.1%   0.169 AU:3    +
    3     7  0   0.1%   0.014 AU:3    +
   17    22  0   0.1%   0.013 GC:3    +
   30    38  0   0.1%   0.543 GU:3    +
   49    56  0   0.1%   0.264 CG:3    +
   48    57  0   0.1%   0.268 GC:3    +
   50    55  0   0.1%   0.184 UA:3    +
   10    56  0   0.0%   0.241 UG:3    +
   33    62  0   0.0%   0.175 UA:3    +
   39    54  0   0.0%   0.569 CG:3    +
   16    23  0   0.0%   0.010 UA:3    +
   29    38  0   0.0%   0.538 GU:3    +
   45    60  0   0.0%   0.503 CG:3    +
   46    59  0   0.0%   0.695 AU:3    +
   41    49  0   0.0%   0.701 GC:3    +
   43    48  0   0.0%   0.561 CG:3    +
    7    32  0   0.0%   0.013 UA:3    +
   18    22  0   0.0%   0.013 GC:3    +
   38    55  0   0.0%   0.552 UA:3    +
   23    47  0   0.0%   0.154 AU:3    +
   29    33  0   0.0%   0.168 GU:3    +
   22    48  0   0.0%   0.460 CG:3    +
   42    48  0   0.0%   0.589 UG:3    +
    6    33  0   0.0%   0.008 AU:3    +
   18    47  0   0.0%   0.453 GU:3    +
   21    49  0   0.0%   0.543 GC:3    +
   24    46  0   0.0%   0.439 UA:3    +
   13    49  0   0.0%   0.097 GC:3    +
   31    35  0   0.0%   0.057 UA:3    +
   18    39  0   0.0%   0.013 GC:3    +
   17    40  0   0.0%   0.098 GC:3    +
    2    39  0   0.0%   0.014 GC:3    +
   19    24  0   0.0%   0.092 AU:3    +
   19    38  0   0.0%   0.013 AU:3    +
    3    38  0   0.0%   0.013 AU:3    +
   16    41  0   0.0%   0.099 UG:3    +
    6    58  0   0.0%   0.107 AU:3    +
    9    34  0   0.0%   0.045 GC:3    +
   20    50  0   0.0%   0.530 GU:3    +
   22    29  0   0.0%   0.102 CG:3    +
   30    40  0   0.0%   0.926 GC:3    +
    5    37  0   0.0%   0.007 CG:3    +
   16    48  0   0.0%   0.399 UG:3    +
    5     9  0   0.0%   0.005 CG:3    +
    4    10  0   0.0%   0.006 GU:3    +
   15    46  0   0.0%   0.095 UA:3    +
    4    38  0   0.0%   0.009 GU:3    +
   25    33  0   0.0%   0.183 AU:3    +
   17    47  0   0.0%   0.423 GU:3    +
   10    54  0   0.0%   0.226 UG:3    +
   10    52  0   0.0%   0.038 UG:3    +
   22    30  0   0.0%   0.101 CG:3    +
   30    49  0   0.0%   0.519 GC:3    +
   31    48  0   0.0%   0.186 UG:3    +
   29    50  0   0.0%   0.521 GU:3    +
   32    47  0   0.0%   0.174 AU:3    +
    3    10  0   0.0%   0.007 AU:3    +
   11    51  0   0.0%   0.092 CG:3    +
   43    51  0   0.0%   0.503 CG:3    +
    2    40  0   0.0%   0.012 GC:3    +
   42    52  0   0.0%   0.535 UG:3    +
   33    46  0   0.0%   0.384 UA:3    +
    7    35  0   0.0%   0.010 UA:3    +
   28    51  0   0.0%   0.601 CG:3    +
   27    52  0   0.0%   0.420 CG:3    +
    4    58  0   0.0%   0.175 GU:3    +
   48    61  0   0.0%   0.290 GC:3    +
   49    60  0   0.0%   0.276 CG:3    +
    2    11  0   0.0%   0.008 GC:3    +
    3    33  0   0.0%   0.007 AU:3    +
   18    42  0   0.0%   0.008 GU:3    +
    2    34  0   0.0%   0.009 GC:3    +
   21    28  0   0.0%   0.173 GC:3    +
   21    57  0   0.0%   0.591 GC:3    +
   22    56  0   0.0%   0.497 CG:3    +
   20    58  0   0.0%   0.601 GU:3    +
   10    55  0   0.0%   0.208 UA:3    +
   52    57  0   0.0%   0.298 GC:3    +
   17    43  0   0.0%   0.094 GC:3    +
   26    31  0   0.0%   0.133 AU:3    +
   19    59  0   0.0%   0.584 AU:3    +
   51    58  0   0.0%   0.313 GU:3    +
   41    57  0   0.0%   0.836 GC:3    +
   40    56  0   0.0%   0.709 CG:3    +
   11    18  0   0.0%   0.002 CG:3    +
   12    17  0   0.0%   0.001 CG:3    +
   17    61  0   0.0%   0.609 GC:3    +
   10    19  0   0.0%   0.004 UA:3    +
   47    62  0   0.0%   0.014 UA:3    +
   34    41  0   0.0%   0.882 CG:3    +
   21    31  0   0.0%   0.051 GU:3    +
   34    54  0   0.0%   0.340 CG:3    +
   42    54  0   0.0%   0.731 UG:3    +
   33    55  0   0.0%   0.265 UA:3    +
   37    61  0   0.0%   0.851 GC:3    +
   18    27  0   0.0%   0.094 GC:3    +
   38    60  0   0.0%   0.741 UG:3    +
    4     8  0   0.0%   0.007 GC:3    +
   14    47  0   0.0%   0.091 GU:3    +
    7    53  0   0.0%   0.010 UA:3    +
   37    43  0   0.0%   1.040 GC:3    +
   17    28  0   0.0%   0.181 GC:3    +
    9    61  0   0.0%   0.235 GC:3    +
   37    49  0   0.0%   0.611 GC:3    +
   19    47  0   0.0%   0.217 AU:3    +
    5    48  0   0.0%   0.004 CG:3    +
    4    49  0   0.0%   0.005 GC:3    +
   31    62  0   0.0%   0.097 UA:3    +
    6    47  0   0.0%   0.004 AU:3    +
    2    43  0   0.0%   0.011 GC:3    +
    3    42  0   0.0%   0.009 AU:3    +
   11    54  0   0.0%   0.234 CG:3    +
   16    62  0   0.0%   0.312 UA:3    +
    3    50  0   0.0%   0.009 AU:3    +
   20    24  0   0.0%   0.088 GU:3    +
    1    58  0   0.0%   0.001 AU:3    +
    7    46  0   0.0%   0.009 UA:3    +
   36    50  0   0.0%   0.046 AU:3    +
   38    48  0   0.0%   0.523 UG:3    +
   41    61  0   0.0%   0.864 GC:3    +
    8    52  0   0.0%   0.008 CG:3    +
    2    57  0   0.0%   0.011 GC:3    +
   24    29  0   0.0%   0.180 UG:3    +
   30    61  0   0.0%   0.677 GC:3    +
   20    31  0   0.0%   0.082 GU:3    +
    8    21  0   0.0%   0.007 CG:3    +
   42    56  0   0.0%   0.800 UG:3    +
   24    55  0   0.0%   0.319 UA:3    +
    4    34  0   0.0%   0.003 GC:3    +
   34    52  0   0.0%   0.246 CG:3    +
   30    43  0   0.0%   0.948 GC:3    +
   31    60  0   0.0%   0.251 UG:3    +
   21    34  0   0.0%   0.046 GC:3    +
   20    34  0   0.0%   0.078 GC:3    +
   21    45  0   0.0%   0.749 GC:3    +
   42    60  0   0.0%   0.816 UG:3    +
    5    54  0   0.0%   0.004 CG:3    +
   33    53  0   0.0%   0.233 UA:3    +
   37    44  0   0.0%   1.018 GC:3    +
   32    59  0   0.0%   0.537 AU:3    +
   24    54  0   0.0%   0.337 UG:3    +
   29    44  0   0.0%   0.929 GC:3    +
   14    57  0   0.0%   0.194 GC:3    +
   21    33  0   0.0%   0.076 GU:3    +
   15    56  0   0.0%   0.302 UG:3    +
   13    58  0   0.0%   0.218 GU:3    +
    6    31  0   0.0%   0.001 AU:3    +
    8    37  0   0.0%   0.009 CG:3    +
   16    55  0   0.0%   0.412 UA:3    +
    7    37  0   0.0%   0.010 UG:3    +
   32    42  0   0.0%   0.656 AU:3    +
    6    38  0   0.0%   0.007 AU:3    +
    5    14  0   0.0%   0.002 CG:3    +
    4    15  0   0.0%   0.002 GU:3    +
   45    52  0   0.0%   0.392 CG:3    +
   33    41  0   0.0%   0.824 UG:3    +
   44    48  0   0.0%   0.534 CG:3    +
   10    60  0   0.0%   0.266 UG:3    +
   40    52  0   0.0%   0.487 CG:3    +
    4    39  0   0.0%   0.006 GC:3    +
    4    59  0   0.0%   0.296 GU:3    +
    7    36  0   0.0%   0.009 UA:3    +
   18    40  0   0.0%   0.009 GC:3    +
    1    10  0   0.0%   0.000 AU:3    +
   19    33  0   0.0%   0.036 AU:3    +
   29    45  0   0.0%   0.731 GC:3    +
   30    44  0   0.0%   0.926 GC:3    +
    9    58  0   0.0%   0.146 GU:3    +
    1     7  0   0.0%   0.000 AU:3    +
   29    43  0   0.0%   0.950 GC:3    +
    3    16  0   0.0%   0.006 AU:3    +
   41    47  0   0.0%   0.670 GU:3    +
    7    23  0   0.0%   0.005 UA:3    +
    4    31  0   0.0%   0.002 GU:3    +
   42    46  0   0.0%   0.712 UA:3    +
    2    10  0   0.0%   0.006 GU:3    +
   18    24  0   0.0%   0.088 GU:3    +
   34    51  0   0.0%   0.245 CG:3    +
    9    44  0   0.0%   0.041 GC:3    +
    8    13  0   0.0%   0.007 CG:3    +
   18    34  0   0.0%   0.007 GC:3    +
    8    41  0   0.0%   0.007 CG:3    +
   17    34  0   0.0%   0.093 GC:3    +
    9    40  0   0.0%   0.041 GC:3    +
   16    35  0   0.0%   0.093 UA:3    +
    6    24  0   0.0%   0.000 AU:3    +
    4    40  0   0.0%   0.005 GC:3    +
   16    29  0   0.0%   0.182 UG:3    +
    7    14  0   0.0%   0.005 UG:3    +
   36    42  0   0.0%   0.508 AU:3    +
    6    15  0   0.0%   0.000 AU:3    +
   30    42  0   0.0%   0.978 GU:3    +
   56    61  0   0.0%   0.412 GC:3    +
   18    33  0   0.0%   0.037 GU:3    +
   37    58  0   0.0%   0.844 GU:3    +
   20    47  0   0.0%   0.503 GU:3    +
   15    25  0   0.0%   0.000 UA:3    +
   36    59  0   0.0%   0.550 AU:3    +
   41    45  0   0.0%   0.903 GC:3    +
   51    57  0   0.0%   0.296 GC:3    +
   46    58  0   0.0%   0.417 AU:3    +
   13    40  0   0.0%   0.091 GC:3    +
   14    39  0   0.0%   0.093 GC:3    +
   12    41  0   0.0%   0.091 CG:3    +
   39    48  0   0.0%   0.518 CG:3    +
   35    50  0   0.0%   0.039 AU:3    +
   37    45  0   0.0%   0.820 GC:3    +
    4    33  0   0.0%   0.003 GU:3    +
   40    48  0   0.0%   0.527 CG:3    +
    9    22  0   0.0%   0.002 GC:3    +
   39    51  0   0.0%   0.454 CG:3    +
   33    60  0   0.0%   0.320 UG:3    +
    3    31  0   0.0%   0.006 AU:3    +
   54    61  0   0.0%   0.369 GC:3    +
    5    41  0   0.0%   0.003 CG:3    +
   18    28  0   0.0%   0.094 GC:3    +
   10    21  0   0.0%   0.003 UG:3    +
   11    20  0   0.0%   0.001 CG:3    +
    5    30  0   0.0%   0.002 CG:3    +
   35    42  0   0.0%   0.502 AU:3    +
   14    43  0   0.0%   0.090 GC:3    +
   16    54  0   0.0%   0.430 UG:3    +
    2     7  0   0.0%   0.000 GU:3    +
   12    52  0   0.0%   0.140 CG:3    +
   13    44  0   0.0%   0.090 GC:3    +
   15    55  0   0.0%   0.276 UA:3    +
    4    42  0   0.0%   0.004 GU:3    +
   44    60  0   0.0%   0.764 CG:3    +
   12    18  0   0.0%   0.001 CG:3    +
    2    31  0   0.0%   0.007 GU:3    +
    8    20  0   0.0%   0.006 CG:3    +
   37    42  0   0.0%   1.071 GU:3    +
   17    27  0   0.0%   0.180 GC:3    +
   34    56  0   0.0%   0.347 CG:3    +
   35    58  0   0.0%   0.110 AU:3    +
   51    61  0   0.0%   0.320 GC:3    +
   10    35  0   0.0%   0.036 UA:3    +
   15    36  0   0.0%   0.090 UA:3    +
   43    60  0   0.0%   0.786 CG:3    +
   10    30  0   0.0%   0.003 UG:3    +
   13    57  0   0.0%   0.197 GC:3    +
    9    45  0   0.0%   0.041 GC:3    +
   20    38  0   0.0%   0.080 GU:3    +
   31    41  0   0.0%   0.756 UG:3    +
   11    29  0   0.0%   0.001 CG:3    +
   33    52  0   0.0%   0.190 UG:3    +
   53    59  0   0.0%   0.605 AU:3    +
    6    10  0   0.0%   0.002 AU:3    +
   38    52  0   0.0%   0.460 UG:3    +
   21    47  0   0.0%   0.513 GU:3    +
   19    50  0   0.0%   0.238 AU:3    +
   16    26  0   0.0%   0.182 UA:3    +
    1    33  0   0.0%   0.000 AU:3    +
   14    44  0   0.0%   0.090 GC:3    +
   13    45  0   0.0%   0.090 GC:3    +
    1    31  0   0.0%   0.000 AU:3    +
    7    30  0   0.0%   0.005 UG:3    +
.((((.((.(((((((((.(((......((........)))))))).))))))))))))...
