3 sequence; length of alignment 34
alifold output
   11    19  0  99.3%   0.024 UA:3   
   10    20  0  99.2%   0.024 UA:3   
   12    18  0  98.8%   0.037 CG:3   
    9    21  0  98.0%   0.062 GC:3   
    3    28  0  93.2%   0.456 CG:3   
    4    27  0  92.8%   0.489 UG:3   
    8    23  0  83.6%   0.737 GC:3   
    7    24  0  82.0%   0.626 AU:3   
    2    29  0  81.6%   0.611 UA:3   
    5    26  0  77.7%   0.725 UA:3   
    8    22  0  14.8%   0.856 GU:3    +
    3    27  0   4.4%   0.423 CG:3    +
    6    24  0   4.2%   0.398 AU:3    +
    4    26  0   4.1%   0.400 UA:3    +
    2    28  0   2.8%   0.336 UG:3    +
    9    22  0   1.3%   0.474 GU:3    +
    9    32  0   0.5%   0.160 GC:3    +
    8    33  0   0.5%   0.518 GC:3    +
   12    28  0   0.4%   0.271 CG:3    +
   11    29  0   0.4%   0.246 UA:3    +
   13    27  0   0.4%   0.305 CG:3    +
   27    33  0   0.4%   0.346 GC:3    +
   28    32  0   0.4%   0.323 GC:3    +
    1    28  0   0.4%   0.072 CG:3    +
   13    18  0   0.3%   0.059 CG:3    +
   18    25  0   0.2%   0.065 GC:3    +
   19    24  0   0.1%   0.335 AU:3    +
   14    27  0   0.1%   0.268 CG:3    +
   13    28  0   0.1%   0.276 CG:3    +
    2    27  0   0.1%   0.033 UG:3    +
   18    23  0   0.1%   0.195 GC:3    +
    1    27  0   0.1%   0.017 CG:3    +
    2    26  0   0.1%   0.016 UA:3    +
    7    22  0   0.1%   0.013 AU:3    +
    8    32  0   0.1%   0.450 GC:3    +
   23    28  0   0.0%   0.389 CG:3    +
    9    31  0   0.0%   0.088 GU:3    +
   16    24  0   0.0%   0.307 AU:3    +
    8    21  0   0.0%   0.010 GC:3    +
   28    33  0   0.0%   0.303 GC:3    +
   22    29  0   0.0%   0.541 UA:3    +
   19    31  0   0.0%   0.025 AU:3    +
   18    32  0   0.0%   0.078 GC:3    +
   20    30  0   0.0%   0.013 AU:3    +
    5    28  0   0.0%   0.389 UG:3    +
    4    29  0   0.0%   0.371 UA:3    +
    5    27  0   0.0%   0.418 UG:3    +
   11    20  0   0.0%   0.019 UA:3    +
   11    18  0   0.0%   0.003 UG:3    +
   15    24  0   0.0%   0.298 AU:3    +
    1     8  0   0.0%   0.002 CG:3    +
    8    14  0   0.0%   0.003 GC:3    +
   27    32  0   0.0%   0.285 GC:3    +
    8    25  0   0.0%   0.439 GC:3    +
    2     7  0   0.0%   0.002 UA:3    +
    9    13  0   0.0%   0.002 GC:3    +
   10    19  0   0.0%   0.002 UA:3    +
    4    28  0   0.0%   0.391 UG:3    +
    9    17  0   0.0%   0.002 GC:3    +
   10    16  0   0.0%   0.002 UA:3    +
   30    34  0   0.0%   0.003 UA:3    +
    8    24  0   0.0%   0.734 GU:3    +
   21    28  0   0.0%   0.244 CG:3    +
   11    15  0   0.0%   0.001 UA:3    +
    9    23  0   0.0%   0.227 GC:3    +
   22    27  0   0.0%   0.595 UG:3    +
   10    29  0   0.0%   0.177 UA:3    +
    9    30  0   0.0%   0.078 GU:3    +
   23    27  0   0.0%   0.408 CG:3    +
   18    22  0   0.0%   0.371 GU:3    +
   11    28  0   0.0%   0.200 UG:3    +
   12    27  0   0.0%   0.232 CG:3    +
    8    31  0   0.0%   0.439 GU:3    +
    3     8  0   0.0%   0.001 CG:3    +
    8    17  0   0.0%   0.002 GC:3    +
   18    24  0   0.0%   0.334 GU:3    +
   22    28  0   0.0%   0.565 UG:3    +
    6    22  0   0.0%   0.000 AU:3    +
   15    22  0   0.0%   0.343 AU:3    +
   16    22  0   0.0%   0.343 AU:3    +
   17    27  0   0.0%   0.252 CG:3    +
    3    18  0   0.0%   0.000 CG:3    +
    2    19  0   0.0%   0.001 UA:3    +
    9    24  0   0.0%   0.373 GU:3    +
    9    33  0   0.0%   0.131 GC:3    +
   21    27  0   0.0%   0.273 CG:3    +
   22    26  0   0.0%   0.676 UA:3    +
   14    18  0   0.0%   0.029 CG:3    +
    2    34  0   0.0%   0.279 UA:3    +
    1     9  0   0.0%   0.001 CG:3    +
    2     8  0   0.0%   0.002 UG:3    +
    2     9  0   0.0%   0.001 UG:3    +
    7    30  0   0.0%   0.168 AU:3    +
    2     6  0   0.0%   0.000 UA:3    +
   26    31  0   0.0%   0.338 AU:3    +
    6    31  0   0.0%   0.133 AU:3    +
    3     9  0   0.0%   0.000 CG:3    +
    5    29  0   0.0%   0.366 UA:3    +
   18    33  0   0.0%   0.071 GC:3    +
    4     8  0   0.0%   0.001 UG:3    +
   14    28  0   0.0%   0.230 CG:3    +
    5    34  0   0.0%   0.199 UA:3    +
   24    29  0   0.0%   0.502 UA:3    +
   11    16  0   0.0%   0.001 UA:3    +
    7    31  0   0.0%   0.168 AU:3    +
    8    13  0   0.0%   0.001 GC:3    +
   20    31  0   0.0%   0.015 AU:3    +
    9    14  0   0.0%   0.002 GC:3    +
   20    24  0   0.0%   0.318 AU:3    +
   24    28  0   0.0%   0.534 UG:3    +
    4    34  0   0.0%   0.203 UA:3    +
   19    30  0   0.0%   0.018 AU:3    +
   27    31  0   0.0%   0.257 GU:3    +
.((((.((((((.....)))).)).)))).....
