3 sequence; length of alignment 38
alifold output
   22    35  0 100.0%   0.002 GC:3   
   23    34  0  99.9%   0.005 UA:3   
   25    32  0  99.8%   0.006 UA:3   
   24    33  0  99.7%   0.009 UA:3   
   26    31  0  99.6%   0.014 CG:3   
   21    36  0  98.6%   0.044 UA:3   
   20    37  0  94.3%   0.170 AU:3   
   19    38  0  65.4%   0.839 AU:3   
    2    15  0  48.9%   1.242 GC:3   
    3    14  0  48.9%   1.147 GC:3   
    1    16  0  48.8%   1.147 GC:3   
    1    18  0  30.4%   1.791 GC:3    +
    3    16  0  25.1%   2.406 GC:3    +
    2    17  0  25.1%   2.078 GU:3    +
    4    15  0  24.9%   2.150 GC:3    +
    3    15  0  21.9%   1.793 GC:3    +
    2    16  0  21.8%   1.793 GC:3    +
    4    14  0  21.8%   1.444 GC:3    +
    6    14  0  15.6%   1.803 GC:3    +
    5    11  0  13.6%   0.814 CG:3    +
    1    17  0  12.4%   1.222 GU:3    +
    6    10  0   5.3%   0.468 GU:3    +
    2    14  0   2.7%   0.290 GC:3    +
    1    15  0   2.6%   0.289 GC:3    +
    7    17  0   1.0%   0.760 AU:3    +
    6    18  0   1.0%   0.978 GC:3    +
    8    16  0   1.0%   1.205 GC:3    +
    8    14  0   0.4%   1.129 GC:3    +
    2    18  0   0.3%   1.542 GC:3    +
    4    16  0   0.3%   1.761 GC:3    +
    3    17  0   0.3%   1.687 GU:3    +
    6    15  0   0.2%   1.614 GC:3    +
   19    37  0   0.1%   0.014 AU:3    +
   11    18  0   0.0%   0.708 GC:3    +
   20    38  0   0.0%   0.342 AU:3    +
   12    17  0   0.0%   0.678 AU:3    +
   10    19  0   0.0%   0.162 UA:3    +
    8    15  0   0.0%   1.163 GC:3    +
    8    18  0   0.0%   0.496 GC:3    +
    9    17  0   0.0%   0.672 AU:3    +
   22    28  0   0.0%   0.003 GC:3    +
   21    29  0   0.0%   0.003 UG:3    +
   23    27  0   0.0%   0.003 UA:3    +
    4    10  0   0.0%   0.002 GU:3    +
   18    31  0   0.0%   0.433 CG:3    +
   17    32  0   0.0%   0.674 UA:3    +
   20    30  0   0.0%   0.002 AU:3    +
   11    16  0   0.0%   1.366 GC:3    +
    3    18  0   0.0%   1.429 GC:3    +
   19    30  0   0.0%   0.003 AU:3    +
    4    17  0   0.0%   1.321 GU:3    +
   11    15  0   0.0%   1.413 GC:3    +
    6    16  0   0.0%   1.508 GC:3    +
    5    22  0   0.0%   0.273 CG:3    +
    4    23  0   0.0%   0.698 GU:3    +
    3    24  0   0.0%   1.048 GU:3    +
    2    25  0   0.0%   1.145 GU:3    +
    1    26  0   0.0%   1.068 GC:3    +
    1     5  0   0.0%   0.001 GC:3    +
   25    31  0   0.0%   0.002 UG:3    +
    6    21  0   0.0%   0.507 GU:3    +
   24    32  0   0.0%   0.002 UA:3    +
    4    18  0   0.0%   1.078 GC:3    +
   23    33  0   0.0%   0.001 UA:3    +
    1    14  0   0.0%   0.000 GC:3    +
    3    10  0   0.0%   0.000 GU:3    +
   31    35  0   0.0%   0.006 GC:3    +
   30    36  0   0.0%   0.015 UA:3    +
   25    33  0   0.0%   0.005 UA:3    +
   29    37  0   0.0%   0.060 GU:3    +
    7    25  0   0.0%   0.046 AU:3    +
    8    24  0   0.0%   0.068 GU:3    +
    6    26  0   0.0%   0.507 GC:3    +
   24    34  0   0.0%   0.005 UA:3    +
    9    23  0   0.0%   0.001 AU:3    +
   24    31  0   0.0%   0.001 UG:3    +
    4    28  0   0.0%   0.698 GC:3    +
   29    35  0   0.0%   0.001 GC:3    +
   10    22  0   0.0%   0.159 UG:3    +
   30    34  0   0.0%   0.002 UA:3    +
    5    29  0   0.0%   0.272 CG:3    +
   11    26  0   0.0%   0.276 GC:3    +
   10    27  0   0.0%   0.158 UA:3    +
    4    30  0   0.0%   0.698 GU:3    +
    6    28  0   0.0%   0.506 GC:3    +
   12    25  0   0.0%   0.003 AU:3    +
   17    36  0   0.0%   0.673 UA:3    +
   17    33  0   0.0%   0.673 UA:3    +
   13    24  0   0.0%   0.000 AU:3    +
    2    30  0   0.0%   1.144 GU:3    +
   22    26  0   0.0%   0.001 GC:3    +
    1    35  0   0.0%   1.067 GC:3    +
(((..........)))..((((((((....))))))))
