3 sequence; length of alignment 38
alifold output
    8    33  0  97.9%   0.069 GC:3   
    7    34  0  97.7%   0.071 UG:3   
    6    35  0  97.7%   0.116 AU:3   
    5    36  0  97.3%   0.171 GC:3   
    9    32  0  96.6%   0.118 CG:3   
   10    31  0  94.8%   0.182 CG:3   
   12    19  0  77.6%   0.592 GC:3   
   13    18  0  77.0%   0.615 CG:3   
   11    20  0  70.0%   0.792 CG:3   
   13    28  0  10.9%   0.946 CG:3    +
   12    29  0  10.2%   0.899 GU:3    +
   21    29  0   9.8%   1.124 AU:3    +
   22    28  0   9.6%   1.184 UG:3    +
   20    30  0   9.0%   1.130 GC:3    +
   19    28  0   5.2%   1.090 CG:3    +
   19    25  0   3.8%   0.610 CG:3    +
   12    30  0   3.7%   0.803 GC:3    +
   18    29  0   3.6%   0.897 GU:3    +
   25    30  0   3.6%   0.965 GC:3    +
   11    31  0   2.6%   0.649 CG:3    +
   16    30  0   2.6%   0.432 GC:3    +
   17    29  0   2.0%   0.508 AU:3    +
   13    32  0   2.0%   0.771 CG:3    +
   12    33  0   2.0%   0.812 GC:3    +
   14    31  0   2.0%   0.471 CG:3    +
   11    34  0   1.8%   0.643 CG:3    +
   10    32  0   1.3%   0.284 CG:3    +
    1    37  0   1.3%   0.174 CG:3    +
   14    28  0   1.1%   0.451 CG:3    +
    2    36  0   1.1%   0.157 GC:3    +
    3    35  0   1.0%   0.136 AU:3    +
   17    22  0   0.6%   0.097 AU:3    +
   14    25  0   0.6%   0.110 CG:3    +
   11    16  0   0.4%   0.079 CG:3    +
   19    31  0   0.4%   0.763 CG:3    +
   24    29  0   0.3%   0.719 AU:3    +
   11    28  0   0.2%   0.341 CG:3    +
    4    10  0   0.2%   0.044 GC:3    +
    5     9  0   0.2%   0.043 GC:3    +
    5    10  0   0.2%   0.060 GC:3    +
    4    36  0   0.2%   0.109 GC:3    +
    4    11  0   0.2%   0.049 GC:3    +
   11    18  0   0.2%   0.065 CG:3    +
   22    27  0   0.1%   0.068 UA:3    +
   15    29  0   0.1%   0.256 AU:3    +
   14    20  0   0.1%   0.271 CG:3    +
    8    36  0   0.1%   0.125 GC:3    +
   18    30  0   0.1%   0.570 GC:3    +
   14    18  0   0.1%   0.225 CG:3    +
   15    22  0   0.0%   0.011 AU:3    +
   23    29  0   0.0%   0.678 AU:3    +
    5    33  0   0.0%   0.037 GC:3    +
   11    25  0   0.0%   0.304 CG:3    +
   22    26  0   0.0%   0.046 UA:3    +
    4     9  0   0.0%   0.009 GC:3    +
   13    25  0   0.0%   0.215 CG:3    +
    9    37  0   0.0%   0.118 CG:3    +
   25    29  0   0.0%   0.857 GU:3    +
    7    37  0   0.0%   0.088 UG:3    +
   18    33  0   0.0%   0.451 GC:3    +
   18    22  0   0.0%   0.257 GU:3    +
   10    37  0   0.0%   0.203 CG:3    +
   16    36  0   0.0%   0.216 GC:3    +
   17    35  0   0.0%   0.184 AU:3    +
    6    29  0   0.0%   0.005 AU:3    +
    7    28  0   0.0%   0.005 UG:3    +
    5    30  0   0.0%   0.029 GC:3    +
    2    11  0   0.0%   0.006 GC:3    +
   13    20  0   0.0%   0.455 CG:3    +
   19    32  0   0.0%   0.668 CG:3    +
    2    33  0   0.0%   0.008 GC:3    +
    5    35  0   0.0%   0.078 GU:3    +
   10    25  0   0.0%   0.030 CG:3    +
    1    34  0   0.0%   0.005 CG:3    +
    2    10  0   0.0%   0.004 GC:3    +
    2    30  0   0.0%   0.007 GC:3    +
    3    29  0   0.0%   0.003 AU:3    +
    1    31  0   0.0%   0.004 CG:3    +
    7    38  0   0.0%   0.029 UA:3    +
    8    30  0   0.0%   0.005 GC:3    +
   10    28  0   0.0%   0.031 CG:3    +
   16    22  0   0.0%   0.029 GU:3    +
    2    13  0   0.0%   0.005 GC:3    +
    1    12  0   0.0%   0.002 CG:3    +
   10    34  0   0.0%   0.162 CG:3    +
    2     9  0   0.0%   0.002 GC:3    +
   10    18  0   0.0%   0.028 CG:3    +
    9    18  0   0.0%   0.018 CG:3    +
    8    19  0   0.0%   0.002 GC:3    +
    9    34  0   0.0%   0.076 CG:3    +
   16    29  0   0.0%   0.266 GU:3    +
    8    35  0   0.0%   0.093 GU:3    +
   10    16  0   0.0%   0.027 CG:3    +
    4    14  0   0.0%   0.028 GC:3    +
    5    13  0   0.0%   0.026 GC:3    +
    7    31  0   0.0%   0.004 UG:3    +
    1     8  0   0.0%   0.001 CG:3    +
   14    37  0   0.0%   0.234 CG:3    +
   30    37  0   0.0%   0.625 CG:3    +
   31    36  0   0.0%   0.341 GC:3    +
    7    24  0   0.0%   0.001 UA:3    +
   20    29  0   0.0%   0.697 GU:3    +
   11    37  0   0.0%   0.540 CG:3    +
   12    36  0   0.0%   0.725 GC:3    +
    9    28  0   0.0%   0.019 CG:3    +
   29    38  0   0.0%   0.691 UA:3    +
   16    35  0   0.0%   0.188 GU:3    +
    2    14  0   0.0%   0.004 GC:3    +
   16    33  0   0.0%   0.222 GC:3    +
   20    36  0   0.0%   0.567 GC:3    +
   21    35  0   0.0%   0.300 AU:3    +
    2     7  0   0.0%   0.000 GU:3    +
   22    34  0   0.0%   0.370 UG:3    +
   19    37  0   0.0%   0.562 CG:3    +
    1     5  0   0.0%   0.000 CG:3    +
    9    25  0   0.0%   0.018 CG:3    +
    5    11  0   0.0%   0.036 GC:3    +
    7    20  0   0.0%   0.001 UG:3    +
    4    33  0   0.0%   0.029 GC:3    +
   14    34  0   0.0%   0.265 CG:3    +
   13    31  0   0.0%   0.595 CG:3    +
    4    35  0   0.0%   0.073 GU:3    +
   10    20  0   0.0%   0.027 CG:3    +
    8    29  0   0.0%   0.003 GU:3    +
   13    34  0   0.0%   0.621 CG:3    +
   13    37  0   0.0%   0.589 CG:3    +
   12    22  0   0.0%   0.198 GU:3    +
    7    25  0   0.0%   0.001 UG:3    +
    9    31  0   0.0%   0.019 CG:3    +
   15    35  0   0.0%   0.079 AU:3    +
    1    16  0   0.0%   0.001 CG:3    +
    7    32  0   0.0%   0.003 UG:3    +
   22    31  0   0.0%   0.520 UG:3    +
    6    22  0   0.0%   0.000 AU:3    +
   12    35  0   0.0%   0.701 GU:3    +
    8    14  0   0.0%   0.001 GC:3    +
   14    32  0   0.0%   0.338 CG:3    +
    3     7  0   0.0%   0.000 AU:3    +
   19    34  0   0.0%   0.593 CG:3    +
   20    33  0   0.0%   0.578 GC:3    +
    7    15  0   0.0%   0.000 UA:3    +
    7    21  0   0.0%   0.000 UA:3    +
    4    13  0   0.0%   0.027 GC:3    +
    7    12  0   0.0%   0.001 UG:3    +
    8    22  0   0.0%   0.001 GU:3    +
   25    36  0   0.0%   0.379 GC:3    +
   26    35  0   0.0%   0.074 AU:3    +
   18    35  0   0.0%   0.415 GU:3    +
    7    23  0   0.0%   0.000 UA:3    +
    9    16  0   0.0%   0.017 CG:3    +
....(((((((((....)))..........))))))..
