3 sequence; length of alignment 44
alifold output
   11    30  0  59.1%   1.192 GC:3    +
   12    29  0  58.2%   1.087 CG:3    +
   10    31  0  52.6%   1.319 AU:3    +
   18    26  0  21.7%   1.769 CG:3    +
   19    25  0  21.3%   1.691 UA:3    +
   14    25  0  13.4%   0.828 UA:3    +
   13    26  0  13.4%   0.908 CG:3    +
   16    25  0  11.9%   1.117 UA:3    +
   15    26  0   9.8%   1.167 UG:3    +
   10    19  0   2.3%   0.339 AU:3    +
   11    18  0   2.3%   0.331 GC:3    +
   10    33  0   2.0%   0.901 AU:3    +
   11    32  0   2.0%   0.802 GC:3    +
    9    34  0   1.9%   0.461 AU:3    +
    9    20  0   1.9%   0.292 AU:3    +
   26    32  0   1.5%   1.327 GC:3    +
   11    27  0   1.5%   0.423 GU:3    +
   12    26  0   1.4%   0.222 CG:3    +
   25    33  0   1.3%   1.240 AU:3    +
   10    28  0   1.2%   0.472 AU:3    +
   15    25  0   1.1%   0.453 UA:3    +
    8    29  0   1.1%   0.204 CG:3    +
    2    10  0   1.1%   0.150 UA:3    +
    9    28  0   1.0%   0.315 AU:3    +
    1    11  0   1.0%   0.143 CG:3    +
   17    22  0   1.0%   0.173 UA:3    +
    3     9  0   0.9%   0.135 UA:3    +
   14    26  0   0.9%   0.776 UG:3    +
   13    29  0   0.9%   0.793 CG:3    +
   10    27  0   0.9%   0.324 AU:3    +
    7    35  0   0.8%   0.132 UA:3    +
    6    36  0   0.7%   0.173 AU:3    +
   11    23  0   0.7%   0.267 GC:3    +
   10    24  0   0.7%   0.268 AU:3    +
    5    29  0   0.6%   0.096 CG:3    +
    6    28  0   0.5%   0.095 AU:3    +
    9    33  0   0.5%   0.292 AU:3    +
   23    29  0   0.5%   0.611 CG:3    +
   21    26  0   0.5%   1.106 CG:3    +
   16    26  0   0.5%   0.999 UG:3    +
   17    25  0   0.5%   0.720 UA:3    +
   25    34  0   0.5%   1.179 AU:3    +
   24    35  0   0.5%   0.160 UA:3    +
    8    26  0   0.4%   0.089 CG:3    +
   26    38  0   0.3%   1.226 GC:3    +
   21    29  0   0.3%   0.561 CG:3    +
   26    33  0   0.3%   1.352 GU:3    +
   27    35  0   0.3%   0.232 UA:3    +
   26    36  0   0.3%   1.245 GU:3    +
   22    28  0   0.3%   0.254 AU:3    +
   17    26  0   0.3%   0.802 UG:3    +
   25    39  0   0.3%   1.108 AU:3    +
   18    29  0   0.3%   0.926 CG:3    +
   25    37  0   0.2%   1.089 AU:3    +
    6    34  0   0.2%   0.087 AU:3    +
   26    30  0   0.2%   1.394 GC:3    +
   15    29  0   0.2%   0.772 UG:3    +
    1    26  0   0.2%   0.080 CG:3    +
    2    25  0   0.2%   0.092 UA:3    +
    3    10  0   0.2%   0.124 UA:3    +
   25    31  0   0.2%   1.330 AU:3    +
   29    41  0   0.1%   0.576 GC:3    +
    4     9  0   0.1%   0.076 UA:3    +
   16    22  0   0.1%   0.058 UA:3    +
   29    38  0   0.1%   0.581 GC:3    +
    6    33  0   0.1%   0.069 AU:3    +
    6    37  0   0.1%   0.125 AU:3    +
   28    42  0   0.1%   0.184 UA:3    +
    7    22  0   0.1%   0.023 UA:3    +
    9    31  0   0.1%   0.219 AU:3    +
   15    22  0   0.1%   0.042 UA:3    +
    2    11  0   0.1%   0.121 UG:3    +
   28    35  0   0.1%   0.258 UA:3    +
   10    16  0   0.1%   0.090 AU:3    +
   22    36  0   0.1%   0.153 AU:3    +
   26    41  0   0.1%   1.205 GC:3    +
    6    31  0   0.1%   0.055 AU:3    +
   29    34  0   0.1%   0.657 GU:3    +
   36    42  0   0.1%   0.102 UA:3    +
    9    17  0   0.1%   0.081 AU:3    +
    5    11  0   0.1%   0.073 CG:3    +
   35    43  0   0.1%   0.120 AU:3    +
   11    38  0   0.1%   0.665 GC:3    +
   14    29  0   0.1%   0.769 UG:3    +
   35    44  0   0.1%   0.121 AU:3    +
   10    39  0   0.1%   0.728 AU:3    +
   20    25  0   0.1%   1.032 UA:3    +
    9    16  0   0.1%   0.072 AU:3    +
   10    15  0   0.1%   0.079 AU:3    +
   19    26  0   0.1%   1.449 UG:3    +
   11    15  0   0.0%   0.081 GU:3    +
   10    34  0   0.0%   0.804 AU:3    +
   26    40  0   0.0%   1.193 GC:3    +
    3    35  0   0.0%   0.072 UA:3    +
    4    35  0   0.0%   0.030 UA:3    +
    9    37  0   0.0%   0.321 AU:3    +
    2     9  0   0.0%   0.010 UA:3    +
   10    17  0   0.0%   0.088 AU:3    +
    6    15  0   0.0%   0.009 AU:3    +
   11    33  0   0.0%   0.771 GU:3    +
   26    43  0   0.0%   1.202 GU:3    +
    4    25  0   0.0%   0.033 UA:3    +
   10    36  0   0.0%   0.757 AU:3    +
    9    36  0   0.0%   0.344 AU:3    +
   27    42  0   0.0%   0.134 UA:3    +
   11    16  0   0.0%   0.084 GU:3    +
    3    25  0   0.0%   0.074 UA:3    +
    4    10  0   0.0%   0.075 UA:3    +
   16    29  0   0.0%   0.763 UG:3    +
    2    35  0   0.0%   0.078 UA:3    +
   11    21  0   0.0%   0.164 GC:3    +
   33    42  0   0.0%   0.212 UA:3    +
   37    42  0   0.0%   0.057 UA:3    +
    3    26  0   0.0%   0.076 UG:3    +
   26    34  0   0.0%   1.264 GU:3    +
   22    37  0   0.0%   0.116 AU:3    +
    2    26  0   0.0%   0.086 UG:3    +
   14    22  0   0.0%   0.015 UA:3    +
    9    15  0   0.0%   0.065 AU:3    +
    1    29  0   0.0%   0.063 CG:3    +
    3    11  0   0.0%   0.113 UG:3    +
   25    44  0   0.0%   1.074 AU:3    +
    5    26  0   0.0%   0.025 CG:3    +
   11    28  0   0.0%   0.390 GU:3    +
   29    40  0   0.0%   0.547 GC:3    +
   34    42  0   0.0%   0.144 UA:3    +
   22    31  0   0.0%   0.445 AU:3    +
   10    14  0   0.0%   0.066 AU:3    +
    6    27  0   0.0%   0.011 AU:3    +
   10    20  0   0.0%   0.242 AU:3    +
    7    42  0   0.0%   0.052 UA:3    +
    7    26  0   0.0%   0.027 UG:3    +
   11    19  0   0.0%   0.248 GU:3    +
   29    36  0   0.0%   0.597 GU:3    +
    6    43  0   0.0%   0.112 AU:3    +
   22    34  0   0.0%   0.184 AU:3    +
   26    37  0   0.0%   1.191 GU:3    +
    6    20  0   0.0%   0.009 AU:3    +
   20    26  0   0.0%   1.106 UG:3    +
    2     6  0   0.0%   0.003 UA:3    +
   14    35  0   0.0%   0.371 UA:3    +
   11    41  0   0.0%   0.659 GC:3    +
    9    14  0   0.0%   0.060 AU:3    +
    4    11  0   0.0%   0.070 UG:3    +
   11    31  0   0.0%   0.923 GU:3    +
   11    20  0   0.0%   0.236 GU:3    +
    6    24  0   0.0%   0.009 AU:3    +
    6    16  0   0.0%   0.006 AU:3    +
   26    31  0   0.0%   1.426 GU:3    +
   24    29  0   0.0%   0.559 UG:3    +
   22    27  0   0.0%   0.178 AU:3    +
    6    17  0   0.0%   0.007 AU:3    +
   26    44  0   0.0%   1.199 GU:3    +
   29    33  0   0.0%   0.715 GU:3    +
   15    35  0   0.0%   0.357 UA:3    +
   35    39  0   0.0%   0.124 AU:3    +
   19    29  0   0.0%   0.898 UG:3    +
   11    17  0   0.0%   0.079 GU:3    +
   20    29  0   0.0%   0.558 UG:3    +
   25    36  0   0.0%   1.087 AU:3    +
    9    39  0   0.0%   0.309 AU:3    +
   31    35  0   0.0%   0.464 UA:3    +
   10    37  0   0.0%   0.727 AU:3    +
   29    37  0   0.0%   0.558 GU:3    +
   10    43  0   0.0%   0.721 AU:3    +
    9    44  0   0.0%   0.309 AU:3    +
    2    42  0   0.0%   0.076 UA:3    +
   11    36  0   0.0%   0.694 GU:3    +
   24    42  0   0.0%   0.066 UA:3    +
    9    24  0   0.0%   0.145 AU:3    +
   16    35  0   0.0%   0.354 UA:3    +
   11    40  0   0.0%   0.657 GC:3    +
   16    42  0   0.0%   0.309 UA:3    +
   17    29  0   0.0%   0.556 UG:3    +
    9    19  0   0.0%   0.070 AU:3    +
    6    39  0   0.0%   0.110 AU:3    +
   11    34  0   0.0%   0.741 GU:3    +
   19    35  0   0.0%   0.473 UA:3    +
    6    14  0   0.0%   0.002 AU:3    +
   22    39  0   0.0%   0.106 AU:3    +
   25    43  0   0.0%   1.071 AU:3    +
    2    29  0   0.0%   0.075 UG:3    +
    9    43  0   0.0%   0.309 AU:3    +
   17    42  0   0.0%   0.103 UA:3    +
    3    42  0   0.0%   0.065 UA:3    +
   11    24  0   0.0%   0.232 GU:3    +
    7    11  0   0.0%   0.063 UG:3    +
    4    22  0   0.0%   0.014 UA:3    +
    6    19  0   0.0%   0.006 AU:3    +
    7    29  0   0.0%   0.041 UG:3    +
    4    26  0   0.0%   0.030 UG:3    +
   22    33  0   0.0%   0.209 AU:3    +
    3    29  0   0.0%   0.063 UG:3    +
   31    42  0   0.0%   0.379 UA:3    +
   17    35  0   0.0%   0.148 UA:3    +
   20    35  0   0.0%   0.132 UA:3    +
   20    42  0   0.0%   0.087 UA:3    +
    7    25  0   0.0%   0.024 UA:3    +
   15    42  0   0.0%   0.311 UA:3    +
    9    27  0   0.0%   0.145 AU:3    +
   29    39  0   0.0%   0.562 GU:3    +
    4    29  0   0.0%   0.018 UG:3    +
    4    42  0   0.0%   0.020 UA:3    +
   26    39  0   0.0%   1.206 GU:3    +
    6    44  0   0.0%   0.110 AU:3    +
   19    42  0   0.0%   0.427 UA:3    +
   22    43  0   0.0%   0.103 AU:3    +
    3    22  0   0.0%   0.056 UA:3    +
   14    42  0   0.0%   0.325 UA:3    +
   11    39  0   0.0%   0.661 GU:3    +
   11    37  0   0.0%   0.664 GU:3    +
   29    43  0   0.0%   0.555 GU:3    +
   10    44  0   0.0%   0.720 AU:3    +
   22    44  0   0.0%   0.102 AU:3    +
   11    43  0   0.0%   0.660 GU:3    +
    2    22  0   0.0%   0.060 UA:3    +
   29    44  0   0.0%   0.553 GU:3    +
   11    44  0   0.0%   0.658 GU:3    +
............................................
