3 sequence; length of alignment 63
alifold output
   14    56  0  90.1%   0.373 GC:3   
   15    55  0  87.8%   0.420 CG:3   
   16    54  0  85.3%   0.412 CG:3   
   17    53  0  82.5%   0.485 CG:3   
   22    49  0  78.0%   0.958 CG:3   
   21    50  0  77.5%   0.941 UA:3   
   20    51  0  68.5%   1.062 UA:3   
   26    44  0  13.1%   1.227 GC:3    +
   27    43  0  12.3%   1.046 UA:3    +
   25    34  0  10.7%   0.825 AU:3    +
   24    35  0  10.5%   0.798 AU:3    +
   26    33  0  10.1%   0.794 GU:3    +
   18    53  0   9.8%   0.884 CG:3    +
   23    36  0   9.6%   0.818 AU:3    +
   27    32  0   9.1%   0.683 UA:3    +
   17    54  0   7.4%   0.875 CG:3    +
   26    48  0   6.5%   1.379 GC:3    +
   27    47  0   5.8%   1.189 UG:3    +
   16    55  0   4.8%   0.692 CG:3    +
   56    61  0   4.8%   0.647 CG:3    +
   55    62  0   4.8%   0.866 GC:3    +
   33    40  0   4.0%   0.716 UA:3    +
   32    41  0   3.6%   0.720 AU:3    +
   54    63  0   3.3%   0.817 GC:3    +
   20    50  0   3.2%   0.502 UA:3    +
   34    39  0   3.0%   0.734 UA:3    +
   21    49  0   2.8%   0.576 UG:3    +
    9    22  0   2.8%   0.412 GC:3    +
   10    21  0   2.8%   0.305 AU:3    +
   45    53  0   2.7%   0.823 CG:3    +
   46    52  0   2.6%   0.388 AU:3    +
   11    20  0   2.6%   0.290 AU:3    +
   24    36  0   2.5%   0.799 AU:3    +
   25    35  0   2.5%   0.852 AU:3    +
   44    54  0   2.4%   0.924 CG:3    +
   23    37  0   2.4%   0.635 AU:3    +
   26    34  0   2.3%   0.828 GU:3    +
    8    23  0   2.3%   0.269 UA:3    +
   26    45  0   2.0%   0.931 GC:3    +
   14    48  0   1.9%   0.232 GC:3    +
   15    47  0   1.8%   0.224 CG:3    +
   13    49  0   1.8%   0.231 CG:3    +
   38    49  0   1.2%   0.686 CG:3    +
   15    61  0   1.2%   0.376 CG:3    +
   14    62  0   1.2%   0.380 GC:3    +
   37    50  0   1.2%   0.758 UA:3    +
   29    41  0   1.1%   0.210 AU:3    +
   19    53  0   1.1%   0.624 CG:3    +
   18    54  0   1.0%   0.736 CG:3    +
    1     9  0   1.0%   0.138 CG:3    +
   17    55  0   1.0%   0.750 CG:3    +
    9    62  0   0.9%   0.373 GC:3    +
   24    34  0   0.8%   0.138 AU:3    +
   25    33  0   0.8%   0.148 AU:3    +
   36    51  0   0.8%   0.874 UA:3    +
   23    35  0   0.8%   0.210 AU:3    +
   22    47  0   0.8%   0.329 CG:3    +
    4     9  0   0.8%   0.170 CG:3    +
   26    35  0   0.7%   0.841 GU:3    +
   25    36  0   0.7%   0.821 AU:3    +
   32    37  0   0.7%   0.528 AU:3    +
   34    40  0   0.6%   0.746 UA:3    +
   19    47  0   0.6%   0.190 CG:3    +
   24    37  0   0.6%   0.569 AU:3    +
   19    49  0   0.6%   0.244 CG:3    +
   18    49  0   0.5%   0.165 CG:3    +
   20    46  0   0.5%   0.222 UA:3    +
   38    47  0   0.5%   0.448 CG:3    +
   30    37  0   0.5%   0.269 AU:3    +
   35    39  0   0.5%   0.650 UA:3    +
   28    47  0   0.5%   0.400 CG:3    +
   31    36  0   0.4%   0.484 AU:3    +
   28    49  0   0.4%   0.530 CG:3    +
   30    36  0   0.4%   0.454 AU:3    +
    8    59  0   0.4%   0.191 UA:3    +
   27    50  0   0.4%   1.079 UA:3    +
    7    60  0   0.4%   0.079 AU:3    +
   35    42  0   0.4%   0.567 UA:3    +
   29    37  0   0.4%   0.219 AU:3    +
   19    26  0   0.4%   0.089 CG:3    +
   10    60  0   0.3%   0.219 AU:3    +
   33    51  0   0.3%   0.777 UA:3    +
   48    55  0   0.3%   0.622 CG:3    +
   47    56  0   0.3%   0.536 GC:3    +
   32    52  0   0.3%   0.456 AU:3    +
   34    50  0   0.3%   0.934 UA:3    +
   20    25  0   0.3%   0.151 UA:3    +
   33    42  0   0.3%   0.484 UA:3    +
   35    49  0   0.3%   0.993 UG:3    +
   34    43  0   0.3%   0.853 UA:3    +
    4    26  0   0.3%   0.085 CG:3    +
   34    42  0   0.2%   0.590 UA:3    +
   27    40  0   0.2%   0.316 UA:3    +
   31    35  0   0.2%   0.463 AU:3    +
   21    39  0   0.2%   0.161 UA:3    +
   31    37  0   0.2%   0.266 AU:3    +
   26    41  0   0.2%   0.461 GU:3    +
    3    27  0   0.2%   0.051 AU:3    +
   27    46  0   0.2%   0.601 UA:3    +
   20    40  0   0.2%   0.160 UA:3    +
   30    41  0   0.2%   0.169 AU:3    +
   33    43  0   0.2%   0.734 UA:3    +
    9    38  0   0.2%   0.256 GC:3    +
   10    37  0   0.2%   0.149 AU:3    +
    2     9  0   0.2%   0.088 UG:3    +
    9    13  0   0.2%   0.128 GC:3    +
   31    41  0   0.2%   0.170 AU:3    +
    3     8  0   0.2%   0.032 AU:3    +
    8    39  0   0.2%   0.138 UA:3    +
   32    36  0   0.2%   0.670 AU:3    +
   36    42  0   0.2%   0.526 UA:3    +
   41    46  0   0.1%   0.296 UA:3    +
   11    36  0   0.1%   0.132 AU:3    +
    4    61  0   0.1%   0.083 CG:3    +
    5    60  0   0.1%   0.030 AU:3    +
   11    60  0   0.1%   0.192 AU:3    +
   33    39  0   0.1%   0.339 UA:3    +
   21    40  0   0.1%   0.159 UA:3    +
   35    50  0   0.1%   0.879 UA:3    +
   36    49  0   0.1%   0.944 UG:3    +
    9    28  0   0.1%   0.234 GC:3    +
   12    61  0   0.1%   0.046 CG:3    +
   27    42  0   0.1%   0.292 UA:3    +
   29    36  0   0.1%   0.405 AU:3    +
    8    57  0   0.1%   0.140 UA:3    +
   21    51  0   0.1%   0.718 UA:3    +
   35    43  0   0.1%   0.792 UA:3    +
   30    35  0   0.1%   0.435 AU:3    +
   34    51  0   0.1%   0.876 UA:3    +
    9    56  0   0.1%   0.252 GC:3    +
   41    57  0   0.1%   0.258 UA:3    +
   13    61  0   0.1%   0.128 CG:3    +
    8    29  0   0.1%   0.119 UA:3    +
   10    27  0   0.1%   0.138 AU:3    +
   35    40  0   0.1%   0.672 UA:3    +
   26    38  0   0.1%   0.438 GC:3    +
   24    33  0   0.1%   0.022 AU:3    +
   23    34  0   0.1%   0.107 AU:3    +
    9    60  0   0.1%   0.284 GU:3    +
   38    61  0   0.1%   0.198 CG:3    +
   39    60  0   0.1%   0.253 AU:3    +
   37    46  0   0.1%   0.298 UA:3    +
   27    39  0   0.1%   0.286 UA:3    +
    2    11  0   0.1%   0.035 UA:3    +
   20    47  0   0.1%   0.286 UG:3    +
   26    36  0   0.1%   0.777 GU:3    +
    2    10  0   0.1%   0.030 UA:3    +
   21    46  0   0.1%   0.171 UA:3    +
   44    49  0   0.1%   0.813 CG:3    +
   25    37  0   0.0%   0.567 AU:3    +
   37    42  0   0.0%   0.316 UA:3    +
    2     7  0   0.0%   0.013 UA:3    +
   29    35  0   0.0%   0.427 AU:3    +
   20    49  0   0.0%   0.313 UG:3    +
    8    61  0   0.0%   0.168 UG:3    +
   36    43  0   0.0%   0.748 UA:3    +
   12    53  0   0.0%   0.015 CG:3    +
   36    47  0   0.0%   0.798 UG:3    +
   12    26  0   0.0%   0.026 CG:3    +
   20    42  0   0.0%   0.143 UA:3    +
   25    52  0   0.0%   0.448 AU:3    +
   14    19  0   0.0%   0.012 GC:3    +
   36    50  0   0.0%   0.821 UA:3    +
   25    41  0   0.0%   0.440 AU:3    +
   26    52  0   0.0%   0.969 GU:3    +
   37    49  0   0.0%   0.728 UG:3    +
   30    34  0   0.0%   0.387 AU:3    +
   53    63  0   0.0%   0.559 GC:3    +
   44    55  0   0.0%   0.679 CG:3    +
   21    47  0   0.0%   0.253 UG:3    +
   23    52  0   0.0%   0.458 AU:3    +
   35    51  0   0.0%   0.817 UA:3    +
   45    54  0   0.0%   0.658 CG:3    +
    9    63  0   0.0%   0.293 GC:3    +
   10    52  0   0.0%   0.132 AU:3    +
   21    42  0   0.0%   0.138 UA:3    +
   20    43  0   0.0%   0.143 UA:3    +
   54    62  0   0.0%   0.578 GC:3    +
    7    33  0   0.0%   0.011 AU:3    +
   18    26  0   0.0%   0.033 CG:3    +
    6    34  0   0.0%   0.009 AU:3    +
   21    30  0   0.0%   0.111 UA:3    +
   26    56  0   0.0%   1.060 GC:3    +
   11    27  0   0.0%   0.127 AU:3    +
   38    53  0   0.0%   0.552 CG:3    +
   27    31  0   0.0%   0.033 UA:3    +
   20    39  0   0.0%   0.134 UA:3    +
   27    55  0   0.0%   1.044 UG:3    +
   36    40  0   0.0%   0.640 UA:3    +
   41    47  0   0.0%   0.605 UG:3    +
   39    52  0   0.0%   0.210 AU:3    +
   27    51  0   0.0%   1.002 UA:3    +
   18    47  0   0.0%   0.085 CG:3    +
   14    60  0   0.0%   0.247 GU:3    +
   45    49  0   0.0%   0.623 CG:3    +
    8    32  0   0.0%   0.110 UA:3    +
   28    54  0   0.0%   0.441 CG:3    +
   20    31  0   0.0%   0.121 UA:3    +
   14    18  0   0.0%   0.008 GC:3    +
   37    47  0   0.0%   0.591 UG:3    +
    5    35  0   0.0%   0.006 AU:3    +
   41    51  0   0.0%   0.568 UA:3    +
   40    52  0   0.0%   0.248 AU:3    +
   15    26  0   0.0%   0.027 CG:3    +
   29    34  0   0.0%   0.389 AU:3    +
   13    26  0   0.0%   0.035 CG:3    +
   23    41  0   0.0%   0.451 AU:3    +
   14    27  0   0.0%   0.034 GU:3    +
    2     6  0   0.0%   0.004 UA:3    +
   13    53  0   0.0%   0.094 CG:3    +
   12    54  0   0.0%   0.011 CG:3    +
   48    53  0   0.0%   0.803 CG:3    +
   33    46  0   0.0%   0.498 UA:3    +
   22    26  0   0.0%   0.152 CG:3    +
    2    29  0   0.0%   0.031 UA:3    +
   22    53  0   0.0%   0.781 CG:3    +
   29    52  0   0.0%   0.109 AU:3    +
   37    43  0   0.0%   0.537 UA:3    +
    9    16  0   0.0%   0.111 GC:3    +
   41    50  0   0.0%   0.639 UA:3    +
   34    53  0   0.0%   1.024 UG:3    +
   28    53  0   0.0%   0.503 CG:3    +
   40    60  0   0.0%   0.282 AU:3    +
   14    52  0   0.0%   0.091 GU:3    +
   34    58  0   0.0%   0.579 UA:3    +
   41    59  0   0.0%   0.263 UA:3    +
    1    26  0   0.0%   0.049 CG:3    +
   33    59  0   0.0%   0.496 UA:3    +
   19    54  0   0.0%   0.513 CG:3    +
    2    25  0   0.0%   0.029 UA:3    +
   41    58  0   0.0%   0.240 UA:3    +
   18    55  0   0.0%   0.619 CG:3    +
   32    60  0   0.0%   0.471 AU:3    +
   20    53  0   0.0%   0.988 UG:3    +
   21    29  0   0.0%   0.113 UA:3    +
   48    61  0   0.0%   0.362 CG:3    +
   47    62  0   0.0%   0.494 GC:3    +
    4    53  0   0.0%   0.056 CG:3    +
   35    57  0   0.0%   0.528 UA:3    +
    6    41  0   0.0%   0.008 AU:3    +
    9    18  0   0.0%   0.111 GC:3    +
    9    15  0   0.0%   0.109 GC:3    +
   20    30  0   0.0%   0.118 UA:3    +
   14    22  0   0.0%   0.109 GC:3    +
    5    52  0   0.0%   0.005 AU:3    +
   26    37  0   0.0%   0.544 GU:3    +
   29    33  0   0.0%   0.293 AU:3    +
   36    46  0   0.0%   0.495 UA:3    +
   44    53  0   0.0%   0.722 CG:3    +
   20    26  0   0.0%   0.162 UG:3    +
   34    46  0   0.0%   0.596 UA:3    +
   34    49  0   0.0%   1.003 UG:3    +
   17    26  0   0.0%   0.026 CG:3    +
    4    14  0   0.0%   0.039 CG:3    +
   21    26  0   0.0%   0.150 UG:3    +
   21    25  0   0.0%   0.122 UA:3    +
   33    50  0   0.0%   0.782 UA:3    +
   45    61  0   0.0%   0.270 CG:3    +
   46    60  0   0.0%   0.233 AU:3    +
    8    14  0   0.0%   0.013 UG:3    +
   43    52  0   0.0%   0.340 AU:3    +
   35    46  0   0.0%   0.537 UA:3    +
    7    41  0   0.0%   0.010 AU:3    +
   17    49  0   0.0%   0.076 CG:3    +
   24    52  0   0.0%   0.417 AU:3    +
   37    54  0   0.0%   0.679 UG:3    +
   31    52  0   0.0%   0.083 AU:3    +
   33    47  0   0.0%   0.794 UG:3    +
   16    53  0   0.0%   0.009 CG:3    +
    8    24  0   0.0%   0.099 UA:3    +
   35    47  0   0.0%   0.833 UG:3    +
    8    58  0   0.0%   0.127 UA:3    +
    6    35  0   0.0%   0.007 AU:3    +
    7    34  0   0.0%   0.010 AU:3    +
   23    27  0   0.0%   0.112 AU:3    +
   24    41  0   0.0%   0.412 AU:3    +
   34    47  0   0.0%   0.891 UG:3    +
   49    60  0   0.0%   0.614 GU:3    +
   21    31  0   0.0%   0.108 UA:3    +
    6    27  0   0.0%   0.017 AU:3    +
   20    29  0   0.0%   0.124 UA:3    +
   15    54  0   0.0%   0.079 CG:3    +
   36    55  0   0.0%   0.810 UG:3    +
    6    60  0   0.0%   0.016 AU:3    +
    5    36  0   0.0%   0.003 AU:3    +
   20    32  0   0.0%   0.121 UA:3    +
    6    36  0   0.0%   0.006 AU:3    +
   23    33  0   0.0%   0.090 AU:3    +
    7    35  0   0.0%   0.010 AU:3    +
   21    43  0   0.0%   0.134 UA:3    +
    1    61  0   0.0%   0.049 CG:3    +
    7    27  0   0.0%   0.019 AU:3    +
    8    40  0   0.0%   0.118 UA:3    +
   47    52  0   0.0%   0.512 GU:3    +
    9    19  0   0.0%   0.111 GC:3    +
    9    17  0   0.0%   0.109 GC:3    +
   52    59  0   0.0%   0.160 UA:3    +
    8    51  0   0.0%   0.119 UA:3    +
   11    52  0   0.0%   0.116 AU:3    +
    7    52  0   0.0%   0.010 AU:3    +
   20    24  0   0.0%   0.097 UA:3    +
    5    37  0   0.0%   0.004 AU:3    +
   30    52  0   0.0%   0.090 AU:3    +
   14    33  0   0.0%   0.012 GU:3    +
   36    58  0   0.0%   0.502 UA:3    +
   16    47  0   0.0%   0.076 CG:3    +
   26    62  0   0.0%   1.051 GC:3    +
    5    27  0   0.0%   0.015 AU:3    +
   16    26  0   0.0%   0.025 CG:3    +
    2    30  0   0.0%   0.029 UA:3    +
    7    20  0   0.0%   0.005 AU:3    +
   12    49  0   0.0%   0.004 CG:3    +
   14    28  0   0.0%   0.017 GC:3    +
    3    60  0   0.0%   0.025 AU:3    +
    2    61  0   0.0%   0.031 UG:3    +
   37    57  0   0.0%   0.306 UA:3    +
    2    57  0   0.0%   0.030 UA:3    +
    6    21  0   0.0%   0.002 AU:3    +
   35    59  0   0.0%   0.542 UA:3    +
   42    52  0   0.0%   0.117 AU:3    +
   16    61  0   0.0%   0.366 CG:3    +
   51    60  0   0.0%   0.412 AU:3    +
   48    54  0   0.0%   0.728 CG:3    +
   27    61  0   0.0%   0.814 UG:3    +
    8    26  0   0.0%   0.115 UG:3    +
   12    55  0   0.0%   0.009 CG:3    +
   37    61  0   0.0%   0.379 UG:3    +
   13    54  0   0.0%   0.089 CG:3    +
    9    52  0   0.0%   0.233 GU:3    +
   21    54  0   0.0%   0.823 UG:3    +
   35    58  0   0.0%   0.520 UA:3    +
   14    45  0   0.0%   0.010 GC:3    +
   36    61  0   0.0%   0.582 UG:3    +
   37    58  0   0.0%   0.300 UA:3    +
   28    61  0   0.0%   0.140 CG:3    +
    1    47  0   0.0%   0.048 CG:3    +
   38    55  0   0.0%   0.412 CG:3    +
    8    54  0   0.0%   0.119 UG:3    +
    2    46  0   0.0%   0.029 UA:3    +
   10    20  0   0.0%   0.005 AU:3    +
   36    57  0   0.0%   0.508 UA:3    +
   13    47  0   0.0%   0.013 CG:3    +
   29    60  0   0.0%   0.158 AU:3    +
    8    53  0   0.0%   0.119 UG:3    +
   35    53  0   0.0%   0.964 UG:3    +
   11    35  0   0.0%   0.105 AU:3    +
   10    35  0   0.0%   0.114 AU:3    +
    4    55  0   0.0%   0.055 CG:3    +
   36    59  0   0.0%   0.523 UA:3    +
   34    59  0   0.0%   0.600 UA:3    +
   11    34  0   0.0%   0.105 AU:3    +
    9    48  0   0.0%   0.232 GC:3    +
    1    14  0   0.0%   0.047 CG:3    +
   14    63  0   0.0%   0.235 GC:3    +
   41    49  0   0.0%   0.760 UG:3    +
   14    21  0   0.0%   0.107 GU:3    +
   10    36  0   0.0%   0.113 AU:3    +
    6    33  0   0.0%   0.003 AU:3    +
   10    34  0   0.0%   0.114 AU:3    +
   33    53  0   0.0%   0.917 UG:3    +
    9    36  0   0.0%   0.220 GU:3    +
    2    31  0   0.0%   0.029 UA:3    +
    2    42  0   0.0%   0.029 UA:3    +
   37    55  0   0.0%   0.607 UG:3    +
    3    41  0   0.0%   0.025 AU:3    +
   37    51  0   0.0%   0.632 UA:3    +
   27    49  0   0.0%   1.138 UG:3    +
   43    60  0   0.0%   0.374 AU:3    +
    2    53  0   0.0%   0.030 UG:3    +
    5    34  0   0.0%   0.001 AU:3    +
   11    33  0   0.0%   0.104 AU:3    +
    9    35  0   0.0%   0.221 GU:3    +
    8    30  0   0.0%   0.105 UA:3    +
   21    32  0   0.0%   0.108 UA:3    +
   42    60  0   0.0%   0.151 AU:3    +
    2    24  0   0.0%   0.026 UA:3    +
   53    62  0   0.0%   0.645 GC:3    +
   44    61  0   0.0%   0.451 CG:3    +
    9    45  0   0.0%   0.232 GC:3    +
    3    37  0   0.0%   0.025 AU:3    +
    9    21  0   0.0%   0.111 GU:3    +
    7    36  0   0.0%   0.009 AU:3    +
   41    61  0   0.0%   0.324 UG:3    +
   33    54  0   0.0%   0.852 UG:3    +
   38    54  0   0.0%   0.483 CG:3    +
   14    20  0   0.0%   0.102 GU:3    +
    1    53  0   0.0%   0.048 CG:3    +
    1    54  0   0.0%   0.048 CG:3    +
    3    52  0   0.0%   0.025 AU:3    +
   20    55  0   0.0%   0.852 UG:3    +
    2    58  0   0.0%   0.030 UA:3    +
   55    63  0   0.0%   0.594 GC:3    +
    8    46  0   0.0%   0.118 UA:3    +
    6    37  0   0.0%   0.006 AU:3    +
   27    54  0   0.0%   1.110 UG:3    +
    8    49  0   0.0%   0.118 UG:3    +
    6    20  0   0.0%   0.002 AU:3    +
   52    58  0   0.0%   0.138 UA:3    +
    8    50  0   0.0%   0.118 UA:3    +
    5    21  0   0.0%   0.000 AU:3    +
    9    37  0   0.0%   0.220 GU:3    +
   12    47  0   0.0%   0.004 CG:3    +
   37    59  0   0.0%   0.321 UA:3    +
    8    25  0   0.0%   0.099 UA:3    +
    2    59  0   0.0%   0.030 UA:3    +
   14    44  0   0.0%   0.010 GC:3    +
   35    61  0   0.0%   0.600 UG:3    +
   41    53  0   0.0%   0.678 UG:3    +
   16    49  0   0.0%   0.075 CG:3    +
   11    21  0   0.0%   0.200 AU:3    +
   14    34  0   0.0%   0.012 GU:3    +
   34    57  0   0.0%   0.583 UA:3    +
   55    60  0   0.0%   0.405 GU:3    +
   14    35  0   0.0%   0.012 GU:3    +
    7    21  0   0.0%   0.005 AU:3    +
    5    41  0   0.0%   0.003 AU:3    +
   33    58  0   0.0%   0.472 UA:3    +
   41    55  0   0.0%   0.539 UG:3    +
   13    55  0   0.0%   0.087 CG:3    +
    2    26  0   0.0%   0.028 UG:3    +
   22    61  0   0.0%   0.416 CG:3    +
    8    31  0   0.0%   0.105 UA:3    +
   26    63  0   0.0%   0.958 GC:3    +
   15    49  0   0.0%   0.150 CG:3    +
    2    32  0   0.0%   0.029 UA:3    +
   17    47  0   0.0%   0.076 CG:3    +
   23    60  0   0.0%   0.514 AU:3    +
   49    56  0   0.0%   0.662 GC:3    +
   33    49  0   0.0%   0.904 UG:3    +
   10    33  0   0.0%   0.113 AU:3    +
    9    34  0   0.0%   0.221 GU:3    +
   21    53  0   0.0%   0.887 UG:3    +
   19    55  0   0.0%   0.441 CG:3    +
    4    49  0   0.0%   0.053 CG:3    +
   14    38  0   0.0%   0.022 GC:3    +
    2    39  0   0.0%   0.029 UA:3    +
   22    54  0   0.0%   0.714 CG:3    +
   34    61  0   0.0%   0.658 UG:3    +
    1    55  0   0.0%   0.048 CG:3    +
   15    53  0   0.0%   0.082 CG:3    +
    7    37  0   0.0%   0.008 AU:3    +
   49    62  0   0.0%   0.637 GC:3    +
   34    54  0   0.0%   0.957 UG:3    +
    3    36  0   0.0%   0.024 AU:3    +
    4    47  0   0.0%   0.053 CG:3    +
   36    53  0   0.0%   0.946 UG:3    +
   28    55  0   0.0%   0.368 CG:3    +
   22    55  0   0.0%   0.643 CG:3    +
   21    55  0   0.0%   0.751 UG:3    +
   20    54  0   0.0%   0.923 UG:3    +
    1    49  0   0.0%   0.048 CG:3    +
   52    57  0   0.0%   0.150 UA:3    +
   33    61  0   0.0%   0.553 UG:3    +
    2    40  0   0.0%   0.029 UA:3    +
    6    52  0   0.0%   0.007 AU:3    +
    4    54  0   0.0%   0.054 CG:3    +
    2    14  0   0.0%   0.026 UG:3    +
    3    34  0   0.0%   0.024 AU:3    +
   50    60  0   0.0%   0.485 AU:3    +
    5    33  0   0.0%   0.000 AU:3    +
   21    57  0   0.0%   0.451 UA:3    +
   11    37  0   0.0%   0.124 AU:3    +
   20    58  0   0.0%   0.545 UA:3    +
   33    55  0   0.0%   0.781 UG:3    +
    2    43  0   0.0%   0.029 UA:3    +
.............((((..(((..........................))).)))).......
