3 sequence; length of alignment 41
alifold output
    7    28  0 100.0%   0.000 CG:3   
   10    25  0 100.0%   0.002 GC:3   
    6    29  0  99.9%   0.002 UA:3   
    8    27  0  99.9%   0.003 UG:3   
    9    26  0  99.9%   0.003 AU:3   
   11    24  0  99.7%   0.009 GC:3   
    5    30  0  99.6%   0.015 GC:3   
    4    31  0  79.3%   0.559 GU:3   
   15    21  0  73.8%   1.009 GC:3   
   14    22  0  73.1%   1.054 UA:3   
   16    20  0  59.9%   1.257 UA:3   
   13    21  0  22.7%   1.009 GC:3    +
   14    20  0  22.5%   1.038 UA:3    +
    3    33  0  20.0%   0.966 CG:3    +
    4    32  0  10.1%   0.914 GU:3    +
   33    40  0   1.0%   0.511 GC:3    +
   33    37  0   0.6%   0.441 GC:3    +
   14    19  0   0.6%   0.092 UA:3    +
   32    38  0   0.5%   0.347 UA:3    +
    2    37  0   0.3%   0.078 GC:3    +
    2    32  0   0.3%   0.069 GU:3    +
    1    32  0   0.2%   0.042 AU:3    +
    5    31  0   0.2%   0.230 GU:3    +
   33    39  0   0.2%   0.394 GC:3    +
    2    40  0   0.1%   0.065 GC:3    +
   14    23  0   0.1%   0.615 UG:3    +
    1    41  0   0.1%   0.031 AU:3    +
    2    39  0   0.1%   0.052 GC:3    +
    2    31  0   0.0%   0.012 GU:3    +
    4    30  0   0.0%   0.011 GC:3    +
    4    40  0   0.0%   0.440 GC:3    +
   13    24  0   0.0%   0.350 GC:3    +
    5    39  0   0.0%   0.031 GC:3    +
    4    37  0   0.0%   0.446 GC:3    +
   34    41  0   0.0%   0.013 AU:3    +
   16    23  0   0.0%   0.320 UG:3    +
   11    25  0   0.0%   0.009 GC:3    +
   17    22  0   0.0%   0.234 UA:3    +
   35    41  0   0.0%   0.013 AU:3    +
    6    38  0   0.0%   0.005 UA:3    +
    4    39  0   0.0%   0.429 GC:3    +
   10    24  0   0.0%   0.003 GC:3    +
   36    41  0   0.0%   0.014 AU:3    +
   15    24  0   0.0%   0.234 GC:3    +
   14    18  0   0.0%   0.003 UA:3    +
   32    36  0   0.0%   0.265 UA:3    +
   33    41  0   0.0%   0.418 GU:3    +
    1    31  0   0.0%   0.001 AU:3    +
   10    26  0   0.0%   0.004 GU:3    +
    2    30  0   0.0%   0.001 GC:3    +
   31    38  0   0.0%   0.203 UA:3    +
   17    23  0   0.0%   0.011 UG:3    +
   31    36  0   0.0%   0.202 UA:3    +
    5    37  0   0.0%   0.039 GC:3    +
   12    17  0   0.0%   0.001 AU:3    +
   31    35  0   0.0%   0.201 UA:3    +
   16    22  0   0.0%   0.537 UA:3    +
    2    41  0   0.0%   0.057 GU:3    +
    6    36  0   0.0%   0.001 UA:3    +
   13    25  0   0.0%   0.342 GC:3    +
    4    41  0   0.0%   0.432 GU:3    +
   13    30  0   0.0%   0.348 GC:3    +
   12    31  0   0.0%   0.201 AU:3    +
   14    29  0   0.0%   0.603 UA:3    +
   11    32  0   0.0%   0.267 GU:3    +
   12    26  0   0.0%   0.002 AU:3    +
   12    16  0   0.0%   0.000 AU:3    +
    5    32  0   0.0%   0.279 GU:3    +
   16    27  0   0.0%   0.310 UG:3    +
    5    40  0   0.0%   0.030 GC:3    +
    7    27  0   0.0%   0.000 CG:3    +
   15    37  0   0.0%   0.247 GC:3    +
   14    38  0   0.0%   0.604 UA:3    +
   16    36  0   0.0%   0.310 UA:3    +
   13    39  0   0.0%   0.348 GC:3    +
   17    35  0   0.0%   0.002 UA:3    +
...((((((((..(((...))).))))))))..........
