3 sequence; length of alignment 34
alifold output
    9    20  0  64.5%   1.619 GC:3   
    8    21  0  63.8%   1.381 GU:3   
   12    18  0  61.4%   1.317 CG:3   
   11    19  0  60.0%   1.232 AU:3   
    2    28  0  55.6%   1.714 CG:3   
    7    22  0  55.5%   1.132 UA:3   
    3    27  0  55.4%   1.848 CG:3   
    1    29  0  48.7%   1.350 UA:3   
    5    25  0  26.8%   1.723 AU:3   
    3    26  0  24.6%   1.213 CG:3    +
    2    27  0  24.4%   1.139 CG:3    +
    5    19  0  16.3%   0.961 AU:3    +
    4    25  0  16.2%   1.253 GU:3    +
    4    20  0  16.2%   0.958 GC:3    +
    6    18  0  15.7%   0.939 CG:3    +
    1    28  0  15.0%   0.868 UG:3    +
    8    17  0  13.5%   1.119 GC:3    +
    9    16  0  12.7%   1.061 GU:3    +
   10    15  0  11.5%   0.853 UA:3    +
   14    26  0  10.7%   1.205 CG:3    +
   13    27  0  10.6%   1.456 UG:3    +
   12    28  0  10.5%   1.628 CG:3    +
   15    25  0  10.5%   1.715 AU:3    +
   16    24  0   9.7%   1.047 UA:3    +
    8    14  0   3.3%   0.448 GC:3    +
    7    15  0   3.1%   0.320 UA:3    +
    3     8  0   2.9%   0.312 CG:3    +
    2     9  0   2.8%   0.307 CG:3    +
    9    33  0   2.8%   1.195 GC:3    +
   10    32  0   2.8%   0.725 UG:3    +
    7    23  0   1.8%   0.701 UA:3    +
    8    33  0   1.8%   1.065 GC:3    +
    4    17  0   1.8%   0.218 GC:3    +
    5    16  0   1.8%   0.215 AU:3    +
    6    32  0   1.7%   0.507 CG:3    +
    7    31  0   1.7%   0.773 UA:3    +
    3    18  0   1.7%   0.313 CG:3    +
   17    26  0   1.4%   1.120 CG:3    +
    9    13  0   1.4%   0.289 GU:3    +
   18    25  0   1.3%   1.780 GU:3    +
   14    28  0   1.2%   1.391 CG:3    +
   13    29  0   1.2%   0.834 UA:3    +
   19    24  0   1.2%   1.009 UA:3    +
   16    27  0   1.1%   1.652 UG:3    +
    7    34  0   1.1%   0.779 UA:3    +
   26    33  0   1.0%   1.028 GC:3    +
    7    18  0   1.0%   0.600 UG:3    +
   10    31  0   0.9%   0.511 UA:3    +
    4    33  0   0.9%   0.790 GC:3    +
   20    28  0   0.7%   1.643 CG:3    +
   21    27  0   0.7%   1.431 UG:3    +
    9    21  0   0.7%   1.135 GU:3    +
   25    34  0   0.7%   1.093 UA:3    +
   19    29  0   0.6%   1.213 UA:3    +
   10    29  0   0.4%   0.687 UA:3    +
    9    14  0   0.4%   0.345 GC:3    +
   10    30  0   0.3%   0.355 UA:3    +
    8    16  0   0.3%   0.342 GU:3    +
   10    18  0   0.2%   0.694 UG:3    +
    8    20  0   0.2%   0.839 GC:3    +
   20    27  0   0.2%   1.614 CG:3    +
   21    26  0   0.2%   1.024 UG:3    +
   27    33  0   0.2%   1.319 GC:3    +
   20    26  0   0.2%   1.276 CG:3    +
    7    24  0   0.1%   0.580 UA:3    +
   28    33  0   0.1%   1.257 GC:3    +
   19    28  0   0.1%   1.612 UG:3    +
    9    19  0   0.1%   0.775 GU:3    +
    1    30  0   0.1%   0.672 UA:3    +
   17    28  0   0.1%   1.336 CG:3    +
   19    27  0   0.1%   1.658 UG:3    +
   16    29  0   0.1%   1.080 UA:3    +
   12    32  0   0.1%   0.733 CG:3    +
    1    11  0   0.1%   0.020 UA:3    +
   13    31  0   0.1%   0.488 UA:3    +
    3     9  0   0.1%   0.222 CG:3    +
    9    17  0   0.1%   0.807 GC:3    +
    1    23  0   0.1%   0.023 UA:3    +
   16    23  0   0.1%   0.442 UA:3    +
   10    22  0   0.1%   0.602 UA:3    +
   11    21  0   0.0%   0.647 AU:3    +
   12    27  0   0.0%   0.986 CG:3    +
    2     8  0   0.0%   0.009 CG:3    +
    6    26  0   0.0%   0.646 CG:3    +
   14    18  0   0.0%   0.863 CG:3    +
   19    26  0   0.0%   1.323 UG:3    +
    7    32  0   0.0%   0.711 UG:3    +
    6    28  0   0.0%   0.912 CG:3    +
    7    27  0   0.0%   1.241 UG:3    +
    9    25  0   0.0%   1.434 GU:3    +
   10    24  0   0.0%   0.283 UA:3    +
   13    18  0   0.0%   0.785 UG:3    +
   11    16  0   0.0%   0.362 AU:3    +
   19    23  0   0.0%   0.698 UA:3    +
    4    14  0   0.0%   0.006 GC:3    +
    2    26  0   0.0%   0.109 CG:3    +
    5    13  0   0.0%   0.005 AU:3    +
   18    33  0   0.0%   0.997 GC:3    +
    1     9  0   0.0%   0.004 UG:3    +
    1    27  0   0.0%   0.017 UG:3    +
   17    27  0   0.0%   1.379 CG:3    +
   25    30  0   0.0%   0.975 UA:3    +
    8    13  0   0.0%   0.111 GU:3    +
   19    32  0   0.0%   0.899 UG:3    +
   25    31  0   0.0%   1.068 UA:3    +
    1    22  0   0.0%   0.010 UA:3    +
   21    31  0   0.0%   0.495 UA:3    +
    1    31  0   0.0%   0.659 UA:3    +
   20    32  0   0.0%   0.833 CG:3    +
   13    30  0   0.0%   0.384 UA:3    +
    3    28  0   0.0%   1.461 CG:3    +
   17    32  0   0.0%   0.598 CG:3    +
    6    27  0   0.0%   0.968 CG:3    +
   16    28  0   0.0%   1.540 UG:3    +
    7    26  0   0.0%   0.912 UG:3    +
    4    21  0   0.0%   0.370 GU:3    +
   21    30  0   0.0%   0.402 UA:3    +
   21    28  0   0.0%   1.331 UG:3    +
    5    21  0   0.0%   0.371 AU:3    +
    8    12  0   0.0%   0.108 GC:3    +
   14    27  0   0.0%   1.295 CG:3    +
   13    26  0   0.0%   0.417 UG:3    +
   16    22  0   0.0%   0.684 UA:3    +
   12    26  0   0.0%   0.652 CG:3    +
   25    32  0   0.0%   1.129 UG:3    +
   13    28  0   0.0%   1.154 UG:3    +
    3    32  0   0.0%   0.851 CG:3    +
    7    30  0   0.0%   0.572 UA:3    +
    1    24  0   0.0%   0.014 UA:3    +
    8    25  0   0.0%   1.455 GU:3    +
   14    32  0   0.0%   0.612 CG:3    +
    1    32  0   0.0%   0.659 UG:3    +
    4    12  0   0.0%   0.001 GC:3    +
    2    18  0   0.0%   0.105 CG:3    +
   16    30  0   0.0%   0.668 UA:3    +
   16    32  0   0.0%   0.821 UG:3    +
   10    28  0   0.0%   0.884 UG:3    +
    8    19  0   0.0%   0.804 GU:3    +
   21    29  0   0.0%   0.838 UA:3    +
   10    34  0   0.0%   0.501 UA:3    +
   19    30  0   0.0%   0.743 UA:3    +
    1     8  0   0.0%   0.001 UG:3    +
   10    23  0   0.0%   0.345 UA:3    +
    7    29  0   0.0%   0.914 UA:3    +
    5    10  0   0.0%   0.001 AU:3    +
    7    11  0   0.0%   0.007 UA:3    +
    2    32  0   0.0%   0.777 CG:3    +
   15    19  0   0.0%   0.967 AU:3    +
   16    31  0   0.0%   0.761 UA:3    +
    4    19  0   0.0%   0.074 GU:3    +
   13    32  0   0.0%   0.542 UG:3    +
    4    10  0   0.0%   0.000 GU:3    +
    1    34  0   0.0%   0.658 UA:3    +
   25    29  0   0.0%   1.409 UA:3    +
    1     5  0   0.0%   0.000 UA:3    +
    1    26  0   0.0%   0.014 UG:3    +
   21    32  0   0.0%   0.556 UG:3    +
   16    26  0   0.0%   1.172 UG:3    +
   16    34  0   0.0%   0.689 UA:3    +
   15    21  0   0.0%   0.681 AU:3    +
   13    22  0   0.0%   0.396 UA:3    +
   13    34  0   0.0%   0.411 UA:3    +
    4    13  0   0.0%   0.000 GU:3    +
   10    26  0   0.0%   0.619 UG:3    +
   19    31  0   0.0%   0.835 UA:3    +
   11    25  0   0.0%   0.969 AU:3    +
   19    34  0   0.0%   0.765 UA:3    +
   21    34  0   0.0%   0.422 UA:3    +
   13    23  0   0.0%   0.142 UA:3    +
   13    24  0   0.0%   0.077 UA:3    +
    4    16  0   0.0%   0.002 GU:3    +
   10    27  0   0.0%   0.944 UG:3    +
(((.(.(((.((.....)))))..).))).....
