3 sequence; length of alignment 34
alifold output
    6    13  0  73.8%   0.715 GC:3    +
    7    12  0  73.6%   0.731 CG:3    +
    5    14  1  50.9%   1.344 AU:2    +
   17    27  0  38.0%   1.746 GU:3    +
   16    28  0  37.6%   1.521 GC:3    +
   20    25  0  29.1%   1.688 GC:3    +
   18    26  0  29.0%   1.714 CG:3    +
    4    15  0  27.6%   1.676 GU:3    +
   19    26  0  20.3%   1.704 CG:3    +
    3    15  0  17.6%   0.972 AU:3    +
    4    14  0  16.5%   0.902 GC:1    GU:2    +
    2    16  1  16.2%   0.939 CG:2    +
   15    29  0  13.9%   1.672 UG:3    +
    1    18  0  12.5%   0.847 GC:2    --:1    +
   10    19  0  12.0%   0.878 GC:3   
    9    20  0  11.8%   0.819 UG:3   
   12    18  0  11.7%   1.341 GC:3   
    2    17  1  12.2%   1.119 CG:2    +
    8    21  0  11.6%   0.812 AU:3   
   13    17  0  11.6%   1.329 CG:3   
    4    25  0  10.3%   1.428 GC:3   
   27    33  0  10.0%   1.618 UA:3    +
   28    32  0   9.9%   1.850 CG:3    +
   26    34  0   9.8%   1.687 GC:3    +
    5    24  1  10.2%   1.103 AU:2   
    6    23  0   8.9%   0.974 GU:3   
   25    32  0   7.6%   1.573 CG:3    +
   24    33  0   6.5%   1.169 UA:3    +
   21    33  0   5.4%   0.948 UA:3    +
   22    32  0   5.4%   0.646 UG:3    +
   20    34  0   5.4%   1.353 GC:3    +
   23    31  0   5.0%   0.893 UA:3    +
   17    28  0   4.5%   1.804 GC:3    +
   20    28  0   3.1%   1.557 GC:3    +
   19    29  0   2.9%   1.410 CG:3    +
   12    30  0   2.8%   0.857 GU:3    +
   13    29  0   2.7%   0.846 CG:3    +
   11    31  0   2.6%   0.363 UA:3    +
   11    33  0   2.4%   0.513 UA:3    +
   10    34  0   2.3%   0.593 GC:3    +
   13    32  0   1.8%   0.856 CG:3    +
    9    33  0   1.8%   0.524 UA:3    +
   14    32  0   0.6%   0.899 CG:1    UG:2    +
   17    30  0   1.6%   1.458 GU:3    +
   18    29  0   1.5%   1.530 CG:3    +
   10    14  0   0.1%   0.685 GC:1    GU:2    +
   14    31  1   1.5%   0.948 UA:2    +
   14    29  0   0.0%   0.784 CG:1    UG:2    +
    6    14  0   0.0%   0.878 GC:1    GU:2    +
   14    20  0   0.0%   0.952 CG:1    UG:2    +
   14    26  0   0.0%   0.689 CG:1    UG:2    +
    6    18  0   0.8%   0.614 GC:3    +
    7    17  0   0.7%   0.643 CG:3    +
   16    25  0   0.7%   0.697 GC:3    +
   15    31  0   0.7%   1.263 UA:3    +
    4    19  0   0.6%   0.788 GC:3    +
    3    11  0   0.6%   0.128 AU:3    +
    8    15  0   0.6%   0.760 AU:3    +
    1    13  0   0.6%   0.129 GC:2    --:1    +
    1    28  0   0.6%   0.457 GC:2    --:1    +
   25    29  0   0.6%   1.318 CG:3    +
    7    16  0   0.6%   0.631 CG:3    +
   16    30  0   0.6%   0.948 GU:3    +
    1    19  0   0.5%   0.411 GC:2    --:1    +
   11    17  0   0.5%   0.418 UG:3    +
   17    24  0   0.5%   0.897 GU:3    +
    7    20  0   0.5%   0.389 CG:3    +
    6    21  0   0.4%   0.351 GU:3    +
   10    18  0   0.4%   0.405 GC:3    +
   15    26  0   0.4%   0.805 UG:3    +
    1     7  0   0.4%   0.065 GC:2    --:1    +
    4    23  0   0.4%   0.759 GU:3    +
    3     9  0   0.3%   0.055 AU:3    +
   13    20  0   0.3%   0.844 CG:3    +
   12    21  0   0.3%   0.843 GU:3    +
   20    24  0   0.3%   0.621 GU:3    +
    3    24  0   0.2%   0.411 AU:3    +
   10    25  0   0.2%   0.594 GC:3    +
    9    26  0   0.2%   0.345 UG:3    +
    1    11  0   0.2%   0.062 GU:2    --:1    +
    8    27  0   0.2%   0.352 AU:3    +
    4    28  0   0.2%   1.024 GC:3    +
    7    29  0   0.2%   0.389 CG:3    +
    6    30  0   0.2%   0.577 GU:3    +
    2    12  1   0.6%   0.121 CG:2    +
   23    32  0   0.1%   0.712 UG:3    +
    7    26  0   0.1%   0.374 CG:3    +
   19    32  0   0.1%   0.888 CG:3    +
   22    33  0   0.1%   0.545 UA:3    +
   24    31  0   0.1%   0.669 UA:3    +
    6    27  0   0.1%   0.569 GU:3    +
   12    34  0   0.1%   0.743 GC:3    +
    6    25  0   0.1%   0.775 GC:3    +
    6    22  0   0.1%   0.338 GU:3    +
    4    13  0   0.1%   0.048 GC:3    +
    3    27  0   0.1%   0.403 AU:3    +
    1    30  0   0.1%   0.412 GU:2    --:1    +
    1    27  0   0.1%   0.376 GU:2    --:1    +
   21    26  0   0.1%   1.055 UG:3    +
   22    31  0   0.1%   0.246 UA:3    +
    3    21  0   0.1%   0.375 AU:3    +
    4    18  0   0.1%   0.932 GC:3    +
   10    15  0   0.1%   0.735 GU:3    +
   29    34  0   0.1%   1.097 GC:3    +
    9    16  0   0.1%   0.367 UG:3    +
   18    32  0   0.1%   1.130 CG:3    +
   24    29  0   0.1%   0.870 UG:3    +
    4    24  0   0.0%   0.742 GU:3    +
   10    28  0   0.0%   0.379 GC:3    +
    1    25  0   0.0%   0.367 GC:2    --:1    +
    9    29  0   0.0%   0.328 UG:3    +
    8    30  0   0.0%   0.326 AU:3    +
   21    32  0   0.0%   0.443 UG:3    +
   15    32  0   0.0%   1.155 UG:3    +
   17    25  0   0.0%   0.898 GC:3    +
    6    28  0   0.0%   0.583 GC:3    +
   11    32  0   0.0%   0.182 UG:3    +
    3    30  0   0.0%   0.399 AU:3    +
   23    33  0   0.0%   0.741 UA:3    +
    7    32  0   0.0%   0.367 CG:3    +
   13    26  0   0.0%   0.567 CG:3    +
   22    26  0   0.0%   0.785 UG:3    +
   12    27  0   0.0%   0.578 GU:3    +
   20    27  0   0.0%   1.091 GU:3    +
    6    34  0   0.0%   0.552 GC:3    +
    8    22  0   0.0%   0.316 AU:3    +
   24    32  0   0.0%   0.607 UG:3    +
   10    30  0   0.0%   0.354 GU:3    +
    9    31  0   0.0%   0.308 UA:3    +
    1    21  0   0.0%   0.360 GU:2    --:1    +
    4    22  0   0.0%   0.701 GU:3    +
   12    19  0   0.0%   0.829 GC:3    +
    3    23  0   0.0%   0.369 AU:3    +
   10    23  0   0.0%   0.554 GU:3    +
   12    28  0   0.0%   0.584 GC:3    +
   15    33  0   0.0%   1.202 UA:3    +
    1     9  0   0.0%   0.025 GU:2    --:1    +
   11    20  0   0.0%   0.355 UG:3    +
   16    34  0   0.0%   0.865 GC:3    +
   16    23  0   0.0%   0.577 GU:3    +
   16    21  0   0.0%   0.630 GU:3    +
    1    15  0   0.0%   0.070 GU:2    --:1    +
   11    29  0   0.0%   0.098 UG:3    +
   17    22  0   0.0%   0.605 GU:3    +
   17    34  0   0.0%   1.272 GC:3    +
   26    30  0   0.0%   0.970 GU:3    +
    4    34  0   0.0%   0.972 GC:3    +
   27    31  0   0.0%   0.774 UA:3    +
    8    24  0   0.0%   0.537 AU:3    +
   27    32  0   0.0%   0.913 UG:3    +
    3    22  0   0.0%   0.367 AU:3    +
   22    29  0   0.0%   0.603 UG:3    +
   12    25  0   0.0%   0.788 GC:3    +
   17    23  0   0.0%   0.817 GU:3    +
   11    26  0   0.0%   0.107 UG:3    +
    6    19  0   0.0%   0.332 GC:3    +
    4    30  0   0.0%   0.978 GU:3    +
    4    21  0   0.0%   0.703 GU:3    +
   11    16  0   0.0%   0.376 UG:3    +
    4    27  0   0.0%   0.968 GU:3    +
   23    29  0   0.0%   0.813 UG:3    +
   16    22  0   0.0%   0.364 GU:3    +
    9    32  0   0.0%   0.310 UG:3    +
   21    31  0   0.0%   0.502 UA:3    +
   16    27  0   0.0%   0.414 GU:3    +
   16    24  0   0.0%   0.585 GU:3    +
    6    24  0   0.0%   0.769 GU:3    +
   12    23  0   0.0%   0.773 GU:3    +
   17    21  0   0.0%   0.869 GU:3    +
    8    23  0   0.0%   0.526 AU:3    +
    6    11  0   0.0%   0.052 GU:3    +
   15    20  0   0.0%   1.001 UG:3    +
   10    22  0   0.0%   0.341 GU:3    +
   10    21  0   0.0%   0.590 GU:3    +
    1    22  0   0.0%   0.358 GU:2    --:1    +
    1    34  0   0.0%   0.402 GC:2    --:1    +
   21    29  0   0.0%   0.870 UG:3    +
   12    22  0   0.0%   0.561 GU:3    +
    4     9  0   0.0%   0.020 GU:3    +
    1    23  0   0.0%   0.358 GU:2    --:1    +
   20    30  0   0.0%   1.003 GU:3    +
    1    14  0   0.0%   0.067 GU:2    --:1    +
    4    11  0   0.0%   0.046 GU:3    +
    9    17  0   0.0%   0.328 UG:3    +
   10    24  0   0.0%   0.562 GU:3    +
    1    24  0   0.0%   0.357 GU:2    --:1    +
    6    15  0   0.0%   0.897 GU:3    +
   12    24  0   0.0%   0.781 GU:3    +
    5    22  1   0.4%   0.427 AU:2    +
    2    10  1   0.3%   0.059 CG:2    +
    5    27  1   0.2%   0.663 AU:2    +
    5     9  1   0.2%   0.052 AU:2    +
    2    26  1   0.1%   0.636 CG:2    +
    2    29  1   0.1%   0.637 CG:2    +
    5    23  1   0.1%   0.418 AU:2    +
    2     6  1   0.1%   0.015 CG:2    +
    3    14  1   0.1%   0.063 AU:2    +
    5    15  1   0.1%   1.030 AU:2    +
    2    20  1   0.0%   0.613 CG:2    +
    2    32  1   0.0%   0.628 CG:2    +
   14    33  1   0.0%   0.919 UA:2    +
    5    11  1   0.0%   0.058 AU:2    +
    5    21  1   0.0%   0.367 AU:2    +
    5    30  1   0.0%   0.640 AU:2    +
    8    14  1   0.0%   0.647 AU:2    +
...(((.(((.((...))))).))).........
