3 sequence; length of alignment 34
alifold output
    5    28  0  99.3%   0.021 GU:1    AU:2   
   13    19  0  99.7%   0.010 GC:3   
   11    21  0  99.6%   0.012 CG:3   
    6    27  0  99.4%   0.020 GC:3   
   12    20  1  99.6%   0.013 UA:2   
    4    29  0  99.0%   0.033 GU:3   
    3    30  0  98.5%   0.045 AU:3   
    9    24  0  97.5%   0.126 UA:3   
    2    31  1  97.3%   0.081 GC:2   
   10    23  0  96.3%   0.137 UA:3   
    8    25  1  95.1%   0.168 UG:2   
   14    18  0  75.5%   0.638 AU:3   
    1    32  0  15.3%   0.863 UG:2    --:1    +
    5    29  0   0.4%   0.090 GU:1    AU:2    +
   12    21  0   0.1%   0.034 CG:1    UG:2    +
    5    30  0   0.1%   0.081 GU:1    AU:2    +
    5    12  0   0.0%   0.002 GC:1    AU:2    +
    5    10  0   0.0%   0.001 GU:1    AU:2    +
   12    32  0   0.0%   0.303 CG:1    UG:2    +
    5    18  0   0.0%   0.001 GU:1    AU:2    +
    5    16  0   0.0%   0.001 GU:1    AU:2    +
    6    12  0   0.0%   0.001 GC:1    GU:2    +
    5    17  0   0.0%   0.001 GU:1    AU:2    +
    8    26  0   0.6%   0.165 UG:3    +
    7    27  0   0.6%   0.097 GC:3    +
    6    28  0   0.5%   0.094 GU:3    +
    9    23  0   0.5%   0.079 UA:3    +
    8    24  0   0.5%   0.074 UA:3    +
    4    30  0   0.3%   0.082 GU:3    +
   10    24  0   0.3%   0.138 UA:3    +
    4    31  0   0.1%   0.080 GC:3    +
    6    29  0   0.0%   0.077 GU:3    +
    1    34  0   0.0%   0.294 UA:2    --:1    +
   13    22  0   0.0%   0.009 GC:3    +
   15    22  0   0.0%   0.006 GC:3    +
   16    21  0   0.0%   0.016 UG:3    +
   26    33  0   0.0%   0.039 GC:3    +
   27    32  0   0.0%   0.328 CG:3    +
   15    27  0   0.0%   0.040 GC:3    +
   16    26  0   0.0%   0.034 UG:3    +
   14    28  0   0.0%   0.248 AU:3    +
   21    27  0   0.0%   0.052 GC:3    +
   22    26  0   0.0%   0.036 CG:3    +
   13    29  0   0.0%   0.045 GU:3    +
   20    28  0   0.0%   0.040 AU:3    +
    3    29  0   0.0%   0.002 AU:3    +
   18    24  0   0.0%   0.281 UA:3    +
    6    11  0   0.0%   0.002 GC:3    +
    7    28  0   0.0%   0.065 GU:3    +
    4    33  0   0.0%   0.043 GC:3    +
   15    19  0   0.0%   0.004 GC:3    +
    4    11  0   0.0%   0.001 GC:3    +
   13    31  0   0.0%   0.041 GC:3    +
   14    30  0   0.0%   0.253 AU:3    +
   15    33  0   0.0%   0.008 GC:3    +
   16    32  0   0.0%   0.291 UG:3    +
   15    29  0   0.0%   0.041 GU:3    +
   13    18  0   0.0%   0.001 GU:3    +
    4    27  0   0.0%   0.001 GC:3    +
    3    28  0   0.0%   0.001 AU:3    +
    4    28  0   0.0%   0.002 GU:3    +
   22    32  0   0.0%   0.292 CG:3    +
   21    33  0   0.0%   0.019 GC:3    +
   11    26  0   0.0%   0.036 CG:3    +
    4    19  0   0.0%   0.001 GC:3    +
    6    17  0   0.0%   0.001 GU:3    +
    7    16  0   0.0%   0.001 GU:3    +
    7    33  0   0.0%   0.036 GC:3    +
    8    32  0   0.0%   0.391 UG:3    +
    8    23  0   0.0%   0.000 UA:3    +
    3    18  0   0.0%   0.001 AU:3    +
    7    22  0   0.0%   0.000 GC:3    +
    4    17  0   0.0%   0.001 GU:3    +
    6    31  0   0.0%   0.071 GC:3    +
    9    26  0   0.0%   0.107 UG:3    +
    7    30  0   0.0%   0.070 GU:3    +
    8    21  0   0.0%   0.000 UG:3    +
    8    15  0   0.0%   0.000 UG:3    +
   23    30  0   0.0%   0.104 AU:3    +
    1    20  0   0.0%   0.000 UA:2    --:1    +
    9    14  0   0.0%   0.000 UA:3    +
    9    20  0   0.0%   0.000 UA:3    +
   24    29  0   0.0%   0.106 AU:3    +
    8    14  0   0.0%   0.000 UA:3    +
    1    14  0   0.0%   0.000 UA:2    --:1    +
   10    26  0   0.0%   0.085 UG:3    +
    3    10  0   0.0%   0.000 AU:3    +
    7    11  0   0.0%   0.001 GC:3    +
    9    13  0   0.0%   0.000 UG:3    +
   13    17  0   0.0%   0.000 GU:3    +
   10    21  0   0.0%   0.000 UG:3    +
    6    16  0   0.0%   0.001 GU:3    +
   16    20  0   0.0%   0.005 UA:3    +
   24    30  0   0.0%   0.106 AU:3    +
    4     9  0   0.0%   0.000 GU:3    +
    4    18  0   0.0%   0.001 GU:3    +
   17    24  0   0.0%   0.067 UA:3    +
   18    23  0   0.0%   0.278 UA:3    +
    9    25  1   0.5%   0.174 UG:2    +
    2    33  1   0.1%   0.040 GC:2    +
   12    23  1   0.0%   0.081 UA:2    +
   17    25  1   0.0%   0.075 UG:2    +
    2    30  1   0.0%   0.001 GU:2    +
    3    12  1   0.0%   0.001 AU:2    +
   12    25  1   0.0%   0.088 UG:2    +
    2    29  1   0.0%   0.001 GU:2    +
    2    19  1   0.0%   0.000 GC:2    +
   10    25  1   0.0%   0.127 UG:2    +
   12    24  1   0.0%   0.081 UA:2    +
   11    25  1   0.0%   0.077 CG:2    +
    2    11  1   0.0%   0.000 GC:2    +
.(((((.(((((((...)))).))).)))))...
