3 sequence; length of alignment 34
alifold output
    3    22  0  46.8%   1.363 AU:3   
    4    21  0  46.8%   1.368 CG:3   
    2    23  0  46.7%   1.367 GC:3   
   27    32  0  38.4%   1.440 CG:3    +
   26    33  0  36.8%   1.363 UA:3    +
   25    34  0  28.9%   1.216 AU:3    +
    6    22  0  28.4%   1.431 AU:3    +
    5    23  0  28.3%   1.506 GC:3    +
    7    21  0  27.9%   1.487 CG:3    +
   10    17  0  21.4%   1.304 GC:3    +
   11    16  0  19.5%   1.451 UG:3    +
    4    10  0  16.5%   0.893 CG:3    +
    3    11  0  16.4%   0.891 AU:3    +
    2    12  0  15.2%   0.872 GU:3    +
   10    19  0  13.1%   1.491 GC:3    +
   11    18  0  11.8%   1.390 UA:3    +
   17    29  0   5.1%   0.853 CG:3    +
   16    30  0   5.1%   1.028 GC:3    +
   23    32  0   3.7%   1.175 CG:3    +
   22    33  0   3.6%   1.163 UA:3    +
    8    16  0   3.4%   0.416 CG:3    +
   21    34  0   3.1%   1.194 GU:3    +
    2    27  0   2.5%   0.933 GC:3    +
    3    26  0   2.4%   0.927 AU:3    +
    5    19  0   1.5%   0.204 GC:3    +
    7    16  0   1.4%   0.188 CG:3    +
   21    30  0   1.2%   1.155 GC:3    +
   22    29  0   1.1%   1.082 UG:3    +
   21    27  0   0.7%   0.953 GC:3    +
    8    31  0   0.7%   0.260 CG:3    +
    7    32  0   0.6%   0.527 CG:3    +
    8    21  0   0.4%   0.894 CG:3    +
   17    21  0   0.3%   1.139 CG:3    +
    4    31  0   0.3%   0.721 CG:3    +
   16    22  0   0.3%   1.281 GU:3    +
    5    30  0   0.3%   0.505 GC:3    +
   10    30  0   0.3%   0.987 GC:3    +
   11    29  0   0.3%   0.965 UG:3    +
   11    15  0   0.2%   0.344 UA:3    +
   20    26  0   0.2%   0.157 AU:3    +
   19    32  0   0.2%   0.444 CG:3    +
    5    17  0   0.2%   0.045 GC:3    +
   19    31  0   0.2%   0.441 CG:3    +
   21    28  0   0.2%   0.843 GC:3    +
   19    29  0   0.2%   0.549 CG:3    +
   11    25  0   0.2%   0.922 UA:3    +
   27    31  0   0.2%   0.247 CG:3    +
   17    31  0   0.2%   0.599 CG:3    +
   10    26  0   0.2%   1.023 GU:3    +
   12    24  0   0.2%   0.338 UA:3    +
   23    31  0   0.2%   0.832 CG:3    +
   12    16  0   0.1%   0.818 UG:3    +
    4    29  0   0.1%   0.683 CG:3    +
    7    29  0   0.1%   0.452 CG:3    +
   17    32  0   0.1%   0.590 CG:3    +
    5    28  0   0.1%   0.466 GC:3    +
   16    23  0   0.1%   1.260 GC:3    +
   28    32  0   0.1%   0.614 CG:3    +
   22    32  0   0.1%   0.868 UG:3    +
    2    30  0   0.1%   0.774 GC:3    +
    2     8  0   0.1%   0.020 GC:3    +
   11    33  0   0.1%   0.934 UA:3    +
   23    29  0   0.1%   0.985 CG:3    +
    2    28  0   0.1%   0.766 GC:3    +
   12    32  0   0.1%   0.370 UG:3    +
   10    34  0   0.1%   0.951 GU:3    +
   26    32  0   0.1%   0.333 UG:3    +
   24    34  0   0.1%   0.148 AU:3    +
    1    34  0   0.1%   0.016 AU:3    +
    4    16  0   0.1%   0.309 CG:3    +
   10    28  0   0.0%   0.933 GC:3    +
   12    18  0   0.0%   0.564 UA:3    +
   11    20  0   0.0%   0.895 UA:3    +
   10    27  0   0.0%   1.009 GC:3    +
    2    17  0   0.0%   0.305 GC:3    +
    5    12  0   0.0%   0.298 GU:3    +
   15    22  0   0.0%   0.739 AU:3    +
    6    11  0   0.0%   0.305 AU:3    +
    1    12  0   0.0%   0.006 AU:3    +
   10    23  0   0.0%   1.614 GC:3    +
    1    26  0   0.0%   0.008 AU:3    +
   14    26  0   0.0%   0.114 AU:3    +
    2     7  0   0.0%   0.006 GC:3    +
    2    11  0   0.0%   0.013 GU:3    +
    5    27  0   0.0%   0.533 GC:3    +
    6    26  0   0.0%   0.459 AU:3    +
   12    20  0   0.0%   0.313 UA:3    +
   12    33  0   0.0%   0.334 UA:3    +
   13    22  0   0.0%   0.718 AU:3    +
   14    22  0   0.0%   0.719 AU:3    +
    2    26  0   0.0%   0.661 GU:3    +
   21    26  0   0.0%   0.881 GU:3    +
    8    32  0   0.0%   0.212 CG:3    +
    4    32  0   0.0%   0.687 CG:3    +
   12    21  0   0.0%   1.042 UG:3    +
   16    28  0   0.0%   0.552 GC:3    +
   26    31  0   0.0%   0.213 UG:3    +
    8    29  0   0.0%   0.161 CG:3    +
   13    34  0   0.0%   0.015 AU:3    +
    9    26  0   0.0%   0.098 AU:3    +
   20    34  0   0.0%   0.035 AU:3    +
   14    34  0   0.0%   0.017 AU:3    +
   12    25  0   0.0%   0.330 UA:3    +
   18    26  0   0.0%   0.367 AU:3    +
    3    12  0   0.0%   0.587 AU:3    +
   15    34  0   0.0%   0.032 AU:3    +
    2    19  0   0.0%   0.301 GC:3    +
   15    26  0   0.0%   0.128 AU:3    +
    6    34  0   0.0%   0.368 AU:3    +
   16    34  0   0.0%   0.700 GU:3    +
   11    21  0   0.0%   1.623 UG:3    +
    7    31  0   0.0%   0.447 CG:3    +
    9    22  0   0.0%   0.715 AU:3    +
   11    24  0   0.0%   0.891 UA:3    +
   29    34  0   0.0%   0.739 GU:3    +
   18    22  0   0.0%   0.994 AU:3    +
   18    34  0   0.0%   0.272 AU:3    +
   13    26  0   0.0%   0.109 AU:3    +
    5    34  0   0.0%   0.469 GU:3    +
   16    27  0   0.0%   0.630 GC:3    +
    6    12  0   0.0%   0.295 AU:3    +
    5    11  0   0.0%   0.299 GU:3    +
   12    31  0   0.0%   0.371 UG:3    +
   22    31  0   0.0%   0.862 UG:3    +
    5    22  0   0.0%   0.435 GU:3    +
   11    32  0   0.0%   0.951 UG:3    +
   12    29  0   0.0%   0.352 UG:3    +
    9    34  0   0.0%   0.007 AU:3    +
    3    34  0   0.0%   0.747 AU:3    +
   10    22  0   0.0%   1.608 GU:3    +
    2    34  0   0.0%   0.765 GU:3    +
   16    26  0   0.0%   0.642 GU:3    +
    2    22  0   0.0%   0.300 GU:3    +
    1    11  0   0.0%   0.000 AU:3    +
   11    31  0   0.0%   0.968 UG:3    +
    1    22  0   0.0%   0.002 AU:3    +
.(((................)))...........
