3 sequence; length of alignment 63
alifold output
   11    19  0 100.0%   0.001 GC:3   
   12    18  0  99.9%   0.002 CG:3   
    9    21  0  99.9%   0.003 CG:3   
   10    20  0  99.9%   0.002 UA:3   
    8    22  0  96.4%   0.109 CG:3   
   34    61  0  95.7%   0.339 GC:3   
   33    62  0  94.6%   0.368 GC:3   
   38    57  0  90.8%   0.692 CG:3   
   35    60  0  89.9%   0.472 AU:3   
   37    58  0  87.1%   0.778 UA:3   
   13    17  0  65.6%   0.829 AU:3   
   32    63  0  60.8%   1.117 UA:3   
   43    53  0  54.5%   1.026 GC:3   
   44    52  0  54.2%   1.024 GC:3   
   45    52  0  45.2%   1.436 GC:3    +
   44    53  0  44.9%   1.757 GC:3    +
   46    51  0  41.2%   1.118 UA:3    +
    2    30  0   6.5%   0.538 CG:3    +
   37    57  0   5.5%   0.582 UG:3    +
   38    56  0   5.5%   0.589 CG:3    +
    1    31  0   5.4%   0.488 UA:3    +
   36    58  0   5.4%   0.567 UA:3    +
    5    30  0   5.0%   0.633 CG:3    +
    4    31  0   4.9%   0.699 UA:3    +
    3    32  0   4.1%   0.394 AU:3    +
    6    26  0   3.7%   0.442 UA:3    +
   35    59  0   3.5%   0.425 AU:3    +
    7    25  0   3.2%   0.390 UA:3    +
   24    33  0   2.1%   0.367 CG:3    +
   23    34  0   2.1%   0.293 CG:3    +
    5    57  0   1.9%   0.394 CG:3    +
    2    33  0   1.9%   0.405 CG:3    +
    6    56  0   1.9%   0.424 UG:3    +
    4    58  0   1.9%   0.479 UA:3    +
    7    55  0   1.8%   0.433 UA:3    +
   25    32  0   1.8%   0.513 AU:3    +
    3    59  0   1.6%   0.331 AU:3    +
    8    54  0   1.5%   0.236 CG:3    +
   34    60  0   1.4%   0.289 GU:3    +
    7    28  0   1.3%   0.373 UA:3    +
   24    30  0   1.0%   0.516 CG:3    +
   33    61  0   1.0%   0.300 GC:3    +
    4    28  0   1.0%   0.193 UA:3    +
    6    25  0   0.8%   0.137 UA:3    +
    4    26  0   0.8%   0.129 UA:3    +
   23    30  0   0.6%   0.440 CG:3    +
    7    26  0   0.4%   0.341 UA:3    +
    1    34  0   0.3%   0.229 UG:3    +
    4    25  0   0.3%   0.050 UA:3    +
    6    28  0   0.3%   0.258 UA:3    +
   43    52  0   0.2%   0.060 GC:3    +
   46    50  0   0.2%   0.049 UA:3    +
   38    43  0   0.2%   0.046 CG:3    +
    7    30  0   0.1%   0.554 UG:3    +
    6    31  0   0.1%   0.508 UA:3    +
   56    62  0   0.1%   0.323 GC:3    +
   57    61  0   0.1%   0.446 GC:3    +
   30    38  0   0.1%   0.444 GC:3    +
   31    37  0   0.1%   0.336 AU:3    +
    1    30  0   0.1%   0.024 UG:3    +
    1    28  0   0.1%   0.016 UA:3    +
   38    48  0   0.1%   0.036 CG:3    +
   37    49  0   0.1%   0.028 UA:3    +
   37    44  0   0.1%   0.027 UG:3    +
   36    45  0   0.1%   0.023 UG:3    +
   35    46  0   0.1%   0.019 AU:3    +
   36    50  0   0.1%   0.022 UA:3    +
   34    52  0   0.1%   0.114 GC:3    +
   33    53  0   0.1%   0.173 GC:3    +
   38    54  0   0.1%   0.110 CG:3    +
   23    45  0   0.0%   0.125 CG:3    +
   24    44  0   0.0%   0.141 CG:3    +
   37    55  0   0.0%   0.109 UA:3    +
    6    55  0   0.0%   0.205 UA:3    +
    5    54  0   0.0%   0.166 CG:3    +
   22    46  0   0.0%   0.057 GU:3    +
    5    56  0   0.0%   0.170 CG:3    +
    4    55  0   0.0%   0.259 UA:3    +
    7    54  0   0.0%   0.220 UG:3    +
    2    57  0   0.0%   0.267 CG:3    +
   36    56  0   0.0%   0.103 UG:3    +
    1    58  0   0.0%   0.201 UA:3    +
   22    29  0   0.0%   0.047 GC:3    +
   30    62  0   0.0%   0.437 GC:3    +
   22    36  0   0.0%   0.049 GU:3    +
   33    38  0   0.0%   0.173 GC:3    +
    6    42  0   0.0%   0.193 UA:3    +
    5    43  0   0.0%   0.158 CG:3    +
    7    41  0   0.0%   0.211 UA:3    +
   54    61  0   0.0%   0.174 GC:3    +
   32    39  0   0.0%   0.213 UA:3    +
   32    54  0   0.0%   0.283 UG:3    +
   55    60  0   0.0%   0.250 AU:3    +
    7    31  0   0.0%   0.521 UA:3    +
    8    40  0   0.0%   0.043 CG:3    +
    4    57  0   0.0%   0.260 UG:3    +
   22    27  0   0.0%   0.043 GC:3    +
   43    62  0   0.0%   0.419 GC:3    +
   44    61  0   0.0%   0.795 GC:3    +
    5    40  0   0.0%   0.155 CG:3    +
    4    41  0   0.0%   0.250 UA:3    +
   45    60  0   0.0%   0.531 GU:3    +
   49    60  0   0.0%   0.169 AU:3    +
    1    26  0   0.0%   0.004 UA:3    +
   48    61  0   0.0%   0.101 GC:3    +
    6    39  0   0.0%   0.189 UA:3    +
   50    59  0   0.0%   0.205 AU:3    +
    7    22  0   0.0%   0.004 UG:3    +
   40    61  0   0.0%   0.097 GC:3    +
   41    60  0   0.0%   0.165 AU:3    +
   40    53  0   0.0%   0.012 GC:3    +
   29    56  0   0.0%   0.088 CG:3    +
   26    32  0   0.0%   0.388 AU:3    +
    8    21  0   0.0%   0.003 CG:3    +
   52    57  0   0.0%   1.041 CG:3    +
    5    44  0   0.0%   0.157 CG:3    +
    4    45  0   0.0%   0.251 UG:3    +
   29    43  0   0.0%   0.011 CG:3    +
   28    32  0   0.0%   0.330 AU:3    +
   27    33  0   0.0%   0.163 CG:3    +
    3    46  0   0.0%   0.135 AU:3    +
    2    54  0   0.0%   0.258 CG:3    +
    6    43  0   0.0%   0.194 UG:3    +
   39    46  0   0.0%   0.016 AU:3    +
   34    62  0   0.0%   0.266 GC:3    +
    1    25  0   0.0%   0.003 UA:3    +
   48    53  0   0.0%   0.704 GC:3    +
   42    59  0   0.0%   0.191 AU:3    +
    1    55  0   0.0%   0.194 UA:3    +
   22    38  0   0.0%   0.047 GC:3    +
    2    56  0   0.0%   0.258 CG:3    +
    8    30  0   0.0%   0.382 CG:3    +
   39    59  0   0.0%   0.191 AU:3    +
    2    48  0   0.0%   0.257 CG:3    +
   29    40  0   0.0%   0.010 CG:3    +
    7    42  0   0.0%   0.209 UA:3    +
    3     7  0   0.0%   0.002 AU:3    +
    1    49  0   0.0%   0.193 UA:3    +
   10    39  0   0.0%   0.004 UA:3    +
   11    38  0   0.0%   0.002 GC:3    +
    2    43  0   0.0%   0.256 CG:3    +
    9    40  0   0.0%   0.006 CG:3    +
   14    31  0   0.0%   0.317 UA:3    +
   15    30  0   0.0%   0.346 CG:3    +
   13    32  0   0.0%   0.409 AU:3    +
    6    30  0   0.0%   0.512 UG:3    +
   12    33  0   0.0%   0.078 CG:3    +
   37    42  0   0.0%   0.012 UA:3    +
   18    27  0   0.0%   0.002 GC:3    +
   17    28  0   0.0%   0.401 UA:3    +
    4    30  0   0.0%   0.283 UG:3    +
   36    42  0   0.0%   0.008 UA:3    +
    1    57  0   0.0%   0.194 UG:3    +
   10    47  0   0.0%   0.003 UA:3    +
   11    46  0   0.0%   0.003 GU:3    +
    9    48  0   0.0%   0.004 CG:3    +
   12    45  0   0.0%   0.004 CG:3    +
   37    41  0   0.0%   0.012 UA:3    +
   29    34  0   0.0%   0.105 CG:3    +
   36    43  0   0.0%   0.010 UG:3    +
   18    38  0   0.0%   0.003 GC:3    +
   17    39  0   0.0%   0.280 UA:3    +
   57    62  0   0.0%   0.403 GC:3    +
   54    62  0   0.0%   0.137 GC:3    +
   44    62  0   0.0%   0.761 GC:3    +
   45    61  0   0.0%   0.462 GC:3    +
    3    60  0   0.0%   0.200 AU:3    +
    1    35  0   0.0%   0.191 UA:3    +
   56    61  0   0.0%   0.337 GC:3    +
   29    57  0   0.0%   0.088 CG:3    +
   26    59  0   0.0%   0.251 AU:3    +
   14    35  0   0.0%   0.002 UA:3    +
   13    36  0   0.0%   0.278 AU:3    +
    9    22  0   0.0%   0.039 CG:3    +
    5    22  0   0.0%   0.001 CG:3    +
   15    34  0   0.0%   0.022 CG:3    +
   25    60  0   0.0%   0.240 AU:3    +
    5    34  0   0.0%   0.171 CG:3    +
    4    35  0   0.0%   0.247 UA:3    +
   20    37  0   0.0%   0.002 AU:3    +
    2    40  0   0.0%   0.254 CG:3    +
   45    53  0   0.0%   1.065 GC:3    +
    2    34  0   0.0%   0.274 CG:3    +
    6    33  0   0.0%   0.262 UG:3    +
   21    27  0   0.0%   0.003 GC:3    +
    3    36  0   0.0%   0.133 AU:3    +
    1    41  0   0.0%   0.191 UA:3    +
    4    44  0   0.0%   0.248 UG:3    +
    1    63  0   0.0%   0.196 UA:3    +
   36    41  0   0.0%   0.007 UA:3    +
   21    29  0   0.0%   0.003 GC:3    +
   24    43  0   0.0%   0.132 CG:3    +
   27    40  0   0.0%   0.008 CG:3    +
   37    43  0   0.0%   0.014 UG:3    +
   30    61  0   0.0%   0.430 GC:3    +
   38    44  0   0.0%   0.031 CG:3    +
   22    37  0   0.0%   0.045 GU:3    +
   24    56  0   0.0%   0.212 CG:3    +
   23    57  0   0.0%   0.198 CG:3    +
   27    43  0   0.0%   0.008 CG:3    +
   10    35  0   0.0%   0.002 UA:3    +
   31    60  0   0.0%   0.324 AU:3    +
   15    40  0   0.0%   0.005 CG:3    +
   27    57  0   0.0%   0.086 CG:3    +
   37    56  0   0.0%   0.106 UG:3    +
   27    34  0   0.0%   0.104 CG:3    +
   14    41  0   0.0%   0.005 UA:3    +
   36    57  0   0.0%   0.098 UG:3    +
   23    44  0   0.0%   0.114 CG:3    +
   41    46  0   0.0%   0.015 AU:3    +
    5    48  0   0.0%   0.156 CG:3    +
   16    32  0   0.0%   0.132 AU:3    +
   17    31  0   0.0%   0.593 UA:3    +
    6    22  0   0.0%   0.001 UG:3    +
    4    49  0   0.0%   0.250 UA:3    +
   21    38  0   0.0%   0.004 GC:3    +
   21    36  0   0.0%   0.003 GU:3    +
    6    47  0   0.0%   0.190 UA:3    +
   40    52  0   0.0%   0.009 GC:3    +
   19    30  0   0.0%   0.345 CG:3    +
   37    45  0   0.0%   0.023 UG:3    +
   27    45  0   0.0%   0.009 CG:3    +
   26    46  0   0.0%   0.189 AU:3    +
   15    33  0   0.0%   0.078 CG:3    +
   47    59  0   0.0%   0.187 AU:3    +
    8    57  0   0.0%   0.183 CG:3    +
   46    58  0   0.0%   0.743 UA:3    +
    9    56  0   0.0%   0.082 CG:3    +
    7    58  0   0.0%   0.359 UA:3    +
   10    21  0   0.0%   0.003 UG:3    +
   40    59  0   0.0%   0.191 GU:3    +
   40    46  0   0.0%   0.015 GU:3    +
   29    33  0   0.0%   0.162 CG:3    +
   52    56  0   0.0%   0.952 CG:3    +
   45    59  0   0.0%   0.555 GU:3    +
    4    63  0   0.0%   0.328 UA:3    +
   10    55  0   0.0%   0.082 UA:3    +
   41    59  0   0.0%   0.190 AU:3    +
   15    43  0   0.0%   0.005 CG:3    +
   21    37  0   0.0%   0.003 GU:3    +
    6    21  0   0.0%   0.000 UG:3    +
   34    38  0   0.0%   0.112 GC:3    +
   24    34  0   0.0%   0.229 CG:3    +
    7    63  0   0.0%   0.282 UA:3    +
   30    37  0   0.0%   0.424 GU:3    +
    1    44  0   0.0%   0.191 UG:3    +
   37    54  0   0.0%   0.091 UG:3    +
   48    52  0   0.0%   0.715 GC:3    +
   43    61  0   0.0%   0.449 GC:3    +
   40    60  0   0.0%   0.164 GU:3    +
    4    22  0   0.0%   0.000 UG:3    +
   14    44  0   0.0%   0.003 UG:3    +
   36    55  0   0.0%   0.093 UA:3    +
   31    36  0   0.0%   0.319 AU:3    +
   32    41  0   0.0%   0.211 UA:3    +
   44    60  0   0.0%   0.860 GU:3    +
   38    45  0   0.0%   0.031 CG:3    +
    6    63  0   0.0%   0.269 UA:3    +
   46    55  0   0.0%   0.471 UA:3    +
   22    32  0   0.0%   0.173 GU:3    +
   14    34  0   0.0%   0.021 UG:3    +
    5    21  0   0.0%   0.000 CG:3    +
   36    40  0   0.0%   0.008 UG:3    +
   24    48  0   0.0%   0.133 CG:3    +
   39    60  0   0.0%   0.163 AU:3    +
   26    36  0   0.0%   0.186 AU:3    +
   14    42  0   0.0%   0.004 UA:3    +
   34    59  0   0.0%   0.172 GU:3    +
   24    40  0   0.0%   0.132 CG:3    +
   29    54  0   0.0%   0.076 CG:3    +
    2    22  0   0.0%   0.000 CG:3    +
   40    62  0   0.0%   0.063 GC:3    +
    7    56  0   0.0%   0.361 UG:3    +
   25    37  0   0.0%   0.239 AU:3    +
   30    53  0   0.0%   0.429 GC:3    +
   23    33  0   0.0%   0.109 CG:3    +
    7    57  0   0.0%   0.363 UG:3    +
   47    60  0   0.0%   0.160 AU:3    +
   49    59  0   0.0%   0.192 AU:3    +
    2    45  0   0.0%   0.255 CG:3    +
    5    33  0   0.0%   0.226 CG:3    +
    6    58  0   0.0%   0.346 UA:3    +
    2    44  0   0.0%   0.255 CG:3    +
   54    60  0   0.0%   0.238 GU:3    +
   29    44  0   0.0%   0.010 CG:3    +
   48    59  0   0.0%   0.193 GU:3    +
   20    36  0   0.0%   0.001 AU:3    +
   55    59  0   0.0%   0.271 AU:3    +
   23    40  0   0.0%   0.116 CG:3    +
   48    60  0   0.0%   0.167 GU:3    +
    6    20  0   0.0%   0.000 UA:3    +
   36    51  0   0.0%   0.013 UA:3    +
   51    59  0   0.0%   0.553 AU:3    +
   27    44  0   0.0%   0.009 CG:3    +
    9    43  0   0.0%   0.005 CG:3    +
    8    56  0   0.0%   0.182 CG:3    +
   48    62  0   0.0%   0.065 GC:3    +
   12    22  0   0.0%   0.038 CG:3    +
   10    42  0   0.0%   0.004 UA:3    +
   50    60  0   0.0%   0.178 AU:3    +
   23    43  0   0.0%   0.116 CG:3    +
   45    62  0   0.0%   0.428 GC:3    +
   11    23  0   0.0%   0.000 GC:3    +
    8    44  0   0.0%   0.040 CG:3    +
    1    45  0   0.0%   0.191 UG:3    +
    8    45  0   0.0%   0.040 CG:3    +
    9    44  0   0.0%   0.003 CG:3    +
   37    50  0   0.0%   0.022 UA:3    +
   43    59  0   0.0%   0.546 GU:3    +
    7    45  0   0.0%   0.207 UG:3    +
   46    63  0   0.0%   0.690 UA:3    +
    7    20  0   0.0%   0.001 UA:3    +
    5    45  0   0.0%   0.156 CG:3    +
    7    40  0   0.0%   0.205 UG:3    +
   10    43  0   0.0%   0.005 UG:3    +
    4    54  0   0.0%   0.250 UG:3    +
   29    45  0   0.0%   0.010 CG:3    +
    6    44  0   0.0%   0.191 UG:3    +
   19    33  0   0.0%   0.077 CG:3    +
    7    49  0   0.0%   0.207 UA:3    +
   36    49  0   0.0%   0.010 UA:3    +
   20    32  0   0.0%   0.133 AU:3    +
   37    48  0   0.0%   0.014 UG:3    +
   28    46  0   0.0%   0.129 AU:3    +
.......((((((...)))))).........((((.((....((.......))...)).))))
