3 sequence; length of alignment 153
alifold output
   98   119  0  99.7%   0.016 GC:3   
   99   118  0  99.6%   0.016 AU:3   
   35    80  0  99.6%   0.023 CG:3   
   34    81  0  99.6%   0.026 CG:3   
   36    79  0  99.4%   0.028 AU:3   
  100   117  0  99.2%   0.037 UA:3   
   33    82  0  98.6%   0.085 GC:3   
   37    78  0  97.9%   0.076 GC:3   
  101   116  0  97.2%   0.103 UA:3   
   97   120  0  94.8%   0.209 UA:3   
   10   144  0  93.1%   0.359 CG:3   
    9   145  0  93.1%   0.361 CG:3   
   11   143  0  89.8%   0.561 UA:3   
  105   112  0  87.2%   0.873 CG:3   
  104   113  0  84.4%   0.902 UA:3   
    4   150  0  82.9%   0.794 UG:3   
    3   151  0  82.9%   0.821 GC:3   
   12   142  0  80.1%   0.815 AU:3   
    5   149  0  78.1%   0.958 UA:3   
   96   121  0  77.9%   0.696 UA:3   
  102   115  0  68.1%   0.999 UA:3   
   87   134  0  61.2%   1.660 CG:3   
   88   133  0  61.1%   1.410 CG:3   
   86   135  0  61.1%   1.650 UA:3   
   85   136  0  61.0%   1.705 GU:3   
   84   137  0  60.6%   1.569 CG:3   
   13   141  0  58.5%   1.330 UA:3   
   43    53  0  53.4%   1.049 CG:3   
   42    54  0  53.0%   1.040 CG:3   
   44    52  0  51.1%   1.123 UA:3   
   21    30  0  50.2%   1.378 UA:3   
   20    31  0  50.0%   1.399 GC:3   
   22    29  0  49.5%   1.080 UG:3   
   23    28  0  41.4%   1.457 AU:3   
   31    85  0  38.6%   1.455 CG:3    +
   30    86  0  38.5%   1.453 AU:3    +
   53    64  0  38.3%   1.515 GC:3    +
   29    87  0  37.8%   1.479 GC:3    +
   52    65  0  37.7%   1.539 AU:3    +
   32    84  0  37.6%   1.560 GC:3    +
   39    76  0  35.4%   1.125 CG:3    +
   40    75  0  34.5%   1.297 UA:3    +
   83   138  0  33.9%   1.524 UA:3   
   66    74  0  32.9%   1.863 AU:3   
   65    75  0  32.9%   2.300 UA:3   
   92   124  0  32.8%   1.393 AU:3   
   64    76  0  32.4%   2.297 CG:3   
   46    73  0  31.7%   1.283 AU:3    +
   67    73  0  31.6%   1.504 AU:3   
   47    72  0  31.5%   1.360 UA:3    +
   45    74  0  31.1%   1.748 GU:3    +
   93   123  0  31.0%   1.377 UG:3   
   44    75  0  30.0%   1.991 UA:3    +
   41    74  0  29.4%   1.216 GU:3    +
   43    76  0  29.2%   1.840 CG:3    +
   91   125  0  28.5%   1.450 GU:3   
   54    62  0  28.3%   1.588 GC:3    +
   48    71  0  28.0%   1.258 AU:3    +
   14   134  0  27.6%   1.126 CG:3    +
   15   133  0  27.5%   1.165 CG:3    +
   55    61  0  26.1%   1.219 AU:3    +
   20    27  0  24.9%   1.051 GC:3    +
   32    83  0  24.6%   1.147 GU:3    +
   13   135  0  24.5%   1.043 UA:3    +
   19    28  0  23.4%   1.041 AU:3    +
   21    26  0  21.3%   0.995 UA:3    +
   49    68  0  15.8%   0.910 CG:3    +
   94   125  0  14.4%   1.776 AU:3    +
   95   124  0  13.8%   1.659 AU:3    +
   12   136  0  13.5%   0.812 AU:3    +
   89   127  0  13.4%   1.111 GC:3    +
   93   126  0  13.1%   1.402 UG:3    +
   91   127  0  13.1%   1.569 GC:3    +
  105   110  0  12.2%   0.786 CG:3    +
  104   111  0  12.1%   0.787 UA:3    +
  103   112  0  10.8%   0.738 UG:3    +
   96   123  0   9.6%   1.509 UG:3    +
   62    68  0   8.7%   1.616 CG:3    +
    2   151  0   7.6%   0.745 GC:3    +
   45    50  0   7.6%   0.612 GC:3    +
   61    69  0   7.6%   1.166 UA:3    +
    4   149  0   7.2%   0.706 UA:3    +
  102   113  0   7.1%   0.584 UA:3    +
    5   148  0   6.7%   0.555 UG:3    +
   50    68  0   5.5%   0.995 CG:3    +
   27    89  0   5.1%   0.812 CG:3    +
    3     9  0   5.1%   0.455 GC:3    +
    2    10  0   5.0%   0.455 GC:3    +
    2   153  0   5.0%   0.801 GC:3    +
   89   131  0   4.8%   1.126 GC:3    +
  123   131  0   4.5%   1.600 GC:3    +
   27   123  0   4.5%   1.011 CG:3    +
   26   124  0   4.5%   0.767 AU:3    +
  124   130  0   4.4%   1.561 UA:3    +
   46    71  0   4.4%   0.494 AU:3    +
   25   125  0   4.4%   0.436 AU:3    +
   47    70  0   4.3%   0.506 UA:3    +
   11   137  0   4.1%   0.527 UG:3    +
    4     8  0   4.1%   0.393 UA:3    +
   28   122  0   3.9%   1.205 UG:3    +
    1    11  0   3.8%   0.374 AU:3    +
   20   131  0   3.8%   1.202 GC:3    +
   21   130  0   3.7%   1.221 UA:3    +
   15   137  0   3.3%   0.952 CG:3    +
   22   129  0   3.2%   0.873 UA:3    +
  125   129  0   3.1%   1.503 UA:3    +
   92   125  0   3.0%   1.332 AU:3    +
   41    57  0   3.0%   0.334 GC:3    +
   22    94  0   2.9%   0.681 UA:3    +
   94   124  0   2.9%   1.051 AU:3    +
   16   136  0   2.8%   0.596 AU:3    +
   14   146  0   2.8%   0.836 CG:3    +
   21    95  0   2.8%   0.992 UA:3    +
   15   145  0   2.8%   1.042 CG:3    +
   23    93  0   2.7%   0.669 AU:3    +
  122   131  0   2.7%   0.911 GC:3    +
   40    58  0   2.6%   0.373 UA:3    +
   13   147  0   2.4%   1.002 UA:3    +
  126   131  0   2.4%   1.213 GC:3    +
   89   125  0   2.4%   0.605 GU:3    +
   20    96  0   2.3%   0.980 GU:3    +
   90   124  0   2.3%   0.501 AU:3    +
   88   126  0   2.2%   0.318 CG:3    +
  125   132  0   2.0%   1.410 UA:3    +
   44    51  0   1.9%   0.252 UG:3    +
   56    61  0   1.6%   0.711 AU:3    +
   51    62  0   1.6%   0.350 GC:3    +
   52    61  0   1.6%   0.598 AU:3    +
  122   127  0   1.5%   0.982 GC:3    +
   27    91  0   1.4%   0.700 CG:3    +
   15    32  0   1.3%   0.216 CG:3    +
   54    64  0   1.3%   1.284 GC:3    +
   97   122  0   1.3%   0.462 UG:3    +
   53    65  0   1.2%   1.309 GU:3    +
   28    90  0   1.2%   0.910 UA:3    +
   19    97  0   1.0%   0.482 AU:3    +
   40    77  0   0.9%   0.696 UA:3    +
   45    62  0   0.9%   0.352 GC:3    +
   46    61  0   0.9%   0.131 AU:3    +
   44    72  0   0.8%   0.621 UA:3    +
    9   146  0   0.8%   0.347 CG:3    +
   40    55  0   0.8%   0.136 UA:3    +
   10   145  0   0.8%   0.411 CG:3    +
   47    60  0   0.8%   0.122 UA:3    +
   45    71  0   0.8%   0.368 GU:3    +
   91   131  0   0.8%   1.139 GC:3    +
   44    63  0   0.7%   0.557 UA:3    +
   15   144  0   0.7%   0.774 CG:3    +
   14   145  0   0.7%   0.654 CG:3    +
   40    56  0   0.7%   0.159 UA:3    +
   41    78  0   0.7%   0.618 GC:3    +
   11   144  0   0.6%   0.528 UG:3    +
   22   128  0   0.6%   0.577 UA:3    +
   21   129  0   0.6%   0.912 UA:3    +
   47    69  0   0.5%   0.154 UA:3    +
   14   137  0   0.5%   0.629 CG:3    +
  124   133  0   0.5%   1.920 UG:3    +
   33    83  0   0.5%   0.469 GU:3    +
   21   135  0   0.5%   1.397 UA:3    +
   59    71  0   0.5%   0.615 AU:3    +
   60    71  0   0.5%   0.677 AU:3    +
   20   136  0   0.5%   1.409 GU:3    +
  125   134  0   0.4%   1.990 UG:3    +
  124   135  0   0.4%   1.930 UA:3    +
   95   125  0   0.4%   1.453 AU:3    +
   22   134  0   0.4%   1.055 UG:3    +
   91   124  0   0.4%   0.407 GU:3    +
   13   138  0   0.4%   0.426 UA:3    +
  123   136  0   0.4%   1.695 GU:3    +
   90   125  0   0.4%   0.472 AU:3    +
   20   127  0   0.4%   0.871 GC:3    +
   53    62  0   0.4%   0.555 GC:3    +
   21   126  0   0.4%   0.858 UG:3    +
   61    70  0   0.4%   0.944 UA:3    +
   13   146  0   0.4%   0.801 UG:3    +
   14    32  0   0.4%   0.069 CG:3    +
   21   139  0   0.3%   1.074 UA:3    +
  127   137  0   0.3%   1.301 CG:3    +
   15    29  0   0.3%   0.073 CG:3    +
   20   140  0   0.3%   1.066 GU:3    +
   29    88  0   0.3%   0.799 GC:3    +
   51    64  0   0.3%   0.218 GC:3    +
   27   133  0   0.3%   1.131 CG:3    +
  128   136  0   0.3%   0.862 AU:3    +
   96   122  0   0.3%   0.505 UG:3    +
   22   138  0   0.3%   0.734 UA:3    +
   28   132  0   0.3%   0.988 UA:3    +
   10   150  0   0.3%   0.481 CG:3    +
  131   137  0   0.3%   1.309 CG:3    +
   11   149  0   0.3%   0.834 UA:3    +
   14    33  0   0.3%   0.075 CG:3    +
   16    28  0   0.3%   0.050 AU:3    +
   65    72  0   0.2%   0.914 UA:3    +
   66    71  0   0.2%   0.643 AU:3    +
  127   133  0   0.2%   1.387 CG:3    +
  124   139  0   0.2%   1.282 UA:3    +
  125   138  0   0.2%   1.714 UA:3    +
   16   140  0   0.2%   0.173 AU:3    +
   43    54  0   0.2%   0.741 CG:3    +
   44    53  0   0.2%   0.824 UG:3    +
  123   140  0   0.2%   1.014 GU:3    +
   97   121  0   0.2%   0.352 UA:3    +
   42    76  0   0.2%   0.769 CG:3    +
   48    65  0   0.2%   0.038 AU:3    +
   28    89  0   0.2%   0.922 UG:3    +
   89   105  0   0.2%   0.209 GC:3    +
   90   104  0   0.2%   0.102 AU:3    +
   47    66  0   0.2%   0.079 UA:3    +
   88   106  0   0.2%   0.060 CG:3    +
   91   103  0   0.2%   0.115 GU:3    +
   33    42  0   0.2%   0.051 GC:3    +
   34    41  0   0.2%   0.035 CG:3    +
   32    43  0   0.2%   0.118 GC:3    +
   54    61  0   0.2%   0.511 GU:3    +
   92   102  0   0.2%   0.050 AU:3    +
  132   136  0   0.2%   0.916 AU:3    +
   61    77  0   0.2%   0.843 UA:3    +
   62    76  0   0.2%   1.486 CG:3    +
   93   128  0   0.2%   0.829 UA:3    +
  127   134  0   0.2%   1.391 CG:3    +
   57    68  0   0.1%   0.614 CG:3    +
   39    53  0   0.1%   0.038 CG:3    +
   32    82  0   0.1%   0.129 GC:3    +
   43    68  0   0.1%   0.402 CG:3    +
   15    20  0   0.1%   0.032 CG:3    +
   40    52  0   0.1%   0.032 UA:3    +
  144   151  0   0.1%   0.528 GC:3    +
   44    67  0   0.1%   0.509 UA:3    +
   29   131  0   0.1%   0.915 GC:3    +
   13   139  0   0.1%   0.404 UA:3    +
   18   142  0   0.1%   0.229 AU:3    +
   10   148  0   0.1%   0.473 CG:3    +
   15   122  0   0.1%   0.119 CG:3    +
   11   147  0   0.1%   0.424 UA:3    +
   14   123  0   0.1%   0.079 CG:3    +
  101   115  0   0.1%   0.032 UA:3    +
   41    62  0   0.1%   0.149 GC:3    +
   21    92  0   0.1%   0.709 UA:3    +
  103   113  0   0.1%   0.469 UA:3    +
   27    32  0   0.1%   0.443 CG:3    +
   20    93  0   0.1%   0.731 GU:3    +
  125   135  0   0.1%   1.972 UA:3    +
   18   136  0   0.1%   0.406 AU:3    +
  110   119  0   0.1%   0.284 GC:3    +
   27   122  0   0.1%   0.604 CG:3    +
  111   118  0   0.1%   0.283 AU:3    +
   22    91  0   0.1%   0.383 UG:3    +
   36    44  0   0.1%   0.022 AU:3    +
   37    43  0   0.1%   0.034 GC:3    +
   17   140  0   0.1%   0.056 AU:3    +
   35    45  0   0.1%   0.022 CG:3    +
   12   140  0   0.1%   0.294 AU:3    +
   60    73  0   0.1%   0.471 AU:3    +
  125   130  0   0.1%   1.429 UA:3    +
   32    50  0   0.1%   0.114 GC:3    +
   33    49  0   0.1%   0.046 GC:3    +
   28   121  0   0.1%   0.824 UA:3    +
   40    63  0   0.1%   0.204 UA:3    +
   44    69  0   0.1%   0.507 UA:3    +
   49   123  0   0.1%   0.482 CG:3    +
   48   124  0   0.1%   0.541 AU:3    +
   50   122  0   0.1%   0.531 CG:3    +
   45   127  0   0.1%   0.702 GC:3    +
   24   136  0   0.1%   0.445 AU:3    +
  119   134  0   0.1%   0.716 CG:3    +
   64    68  0   0.1%   1.152 CG:3    +
   44    70  0   0.1%   0.512 UA:3    +
   44   128  0   0.1%   0.954 UA:3    +
  118   135  0   0.1%   0.701 UA:3    +
   93   122  0   0.1%   0.292 UG:3    +
  145   151  0   0.1%   0.627 GC:3    +
   49    54  0   0.1%   0.387 CG:3    +
   39   133  0   0.1%   0.786 CG:3    +
   40   132  0   0.1%   0.646 UA:3    +
   41   131  0   0.1%   0.683 GC:3    +
   14    29  0   0.1%   0.021 CG:3    +
   23   125  0   0.1%   0.489 AU:3    +
   36   136  0   0.1%   0.449 AU:3    +
   35   137  0   0.1%   0.306 CG:3    +
  117   136  0   0.1%   0.754 AU:3    +
   31    51  0   0.1%   0.363 CG:3    +
   90    96  0   0.1%   0.166 AU:3    +
   38    61  0   0.1%   0.017 AU:3    +
   42    53  0   0.1%   0.050 CG:3    +
   42    51  0   0.1%   0.034 CG:3    +
  100   116  0   0.1%   0.023 UA:3    +
   61    72  0   0.1%   1.181 UA:3    +
   45    73  0   0.1%   0.313 GU:3    +
   62    80  0   0.1%   0.746 CG:3    +
   59    74  0   0.1%   0.778 AU:3    +
    9   123  0   0.1%   0.168 CG:3    +
   45    49  0   0.1%   0.032 GC:3    +
   10   122  0   0.1%   0.166 CG:3    +
    8   124  0   0.1%   0.146 AU:3    +
   22   126  0   0.1%   0.512 UG:3    +
   51    57  0   0.1%   0.217 GC:3    +
   93   129  0   0.1%   0.923 UA:3    +
   17   136  0   0.1%   0.395 AU:3    +
   37    62  0   0.1%   0.024 GC:3    +
   41    73  0   0.1%   0.145 GU:3    +
   25    93  0   0.1%   0.124 AU:3    +
   24   125  0   0.1%   0.035 AU:3    +
   47    67  0   0.1%   0.081 UA:3    +
   63    79  0   0.1%   0.068 AU:3    +
   18    28  0   0.1%   0.031 AU:3    +
    7   125  0   0.1%   0.013 AU:3    +
   22   137  0   0.1%   0.935 UG:3    +
   85   131  0   0.1%   0.525 GC:3    +
   21   138  0   0.1%   1.041 UA:3    +
   24   124  0   0.1%   0.025 AU:3    +
   11   121  0   0.1%   0.139 UA:3    +
   86   130  0   0.1%   0.511 UA:3    +
   89    97  0   0.1%   0.230 GU:3    +
   18   140  0   0.1%   0.056 AU:3    +
   83   139  0   0.1%   0.784 UA:3    +
  103   115  0   0.1%   0.547 UA:3    +
  146   151  0   0.1%   0.547 GC:3    +
   51    65  0   0.1%   0.206 GU:3    +
   59    73  0   0.1%   0.421 AU:3    +
   47    68  0   0.0%   0.086 UG:3    +
   16    22  0   0.0%   0.013 AU:3    +
   23   136  0   0.0%   0.892 AU:3    +
   39    45  0   0.0%   0.019 CG:3    +
  123   127  0   0.0%   1.388 GC:3    +
   84    89  0   0.0%   0.545 CG:3    +
   58    65  0   0.0%   0.554 AU:3    +
   21   133  0   0.0%   1.340 UG:3    +
   83    90  0   0.0%   0.439 UA:3    +
    3   153  0   0.0%   0.473 GC:3    +
   68    74  0   0.0%   1.817 GU:3    +
   39    54  0   0.0%   0.029 CG:3    +
   40    67  0   0.0%   0.202 UA:3    +
   39    68  0   0.0%   0.028 CG:3    +
   21   128  0   0.0%   0.827 UA:3    +
   67    74  0   0.0%   1.495 AU:3    +
    4   152  0   0.0%   0.493 UA:3    +
   82    91  0   0.0%   0.106 CG:3    +
   69    73  0   0.0%   1.000 AU:3    +
   79   143  0   0.0%   0.127 UA:3    +
   78   144  0   0.0%   0.205 CG:3    +
   61    81  0   0.0%   0.797 UG:3    +
  104   112  0   0.0%   0.524 UG:3    +
  102   116  0   0.0%   0.509 UA:3    +
   80   142  0   0.0%   0.220 GU:3    +
   59    65  0   0.0%   0.461 AU:3    +
   40    53  0   0.0%   0.036 UG:3    +
   11   141  0   0.0%   0.275 UA:3    +
   13    30  0   0.0%   0.012 UA:3    +
   41    50  0   0.0%   0.028 GC:3    +
   43    51  0   0.0%   0.039 CG:3    +
   20   151  0   0.0%   1.355 GC:3    +
   21   150  0   0.0%   1.212 UG:3    +
   17   142  0   0.0%   0.211 AU:3    +
   65    70  0   0.0%   0.628 UA:3    +
   56    73  0   0.0%   0.489 AU:3    +
   22   132  0   0.0%   0.631 UA:3    +
   24    28  0   0.0%   0.735 AU:3    +
   28    53  0   0.0%   0.741 UG:3    +
   60    65  0   0.0%   0.501 AU:3    +
   19   140  0   0.0%   0.434 AU:3    +
   27    54  0   0.0%   0.365 CG:3    +
   17    22  0   0.0%   0.016 AU:3    +
   56    65  0   0.0%   0.554 AU:3    +
   17    21  0   0.0%   0.010 AU:3    +
    2     9  0   0.0%   0.008 GC:3    +
   22   149  0   0.0%   1.077 UA:3    +
   14    20  0   0.0%   0.010 CG:3    +
   58    74  0   0.0%   0.839 AU:3    +
   45    57  0   0.0%   0.327 GC:3    +
  133   140  0   0.0%   0.809 GU:3    +
   26    93  0   0.0%   0.452 AU:3    +
   68    73  0   0.0%   1.463 GU:3    +
   25   124  0   0.0%   0.025 AU:3    +
   55    74  0   0.0%   1.127 AU:3    +
    9   150  0   0.0%   0.431 CG:3    +
  144   153  0   0.0%   0.312 GC:3    +
   27   144  0   0.0%   0.878 CG:3    +
   66    73  0   0.0%   0.425 AU:3    +
   44    58  0   0.0%   0.542 UA:3    +
   21    25  0   0.0%   0.011 UA:3    +
   28   143  0   0.0%   1.057 UA:3    +
   54    87  0   0.0%   1.166 GC:3    +
   54    65  0   0.0%   1.233 GU:3    +
   53    88  0   0.0%   0.842 GC:3    +
   40    76  0   0.0%   0.937 UG:3    +
   11   138  0   0.0%   0.270 UA:3    +
   93   121  0   0.0%   0.136 UA:3    +
   22    26  0   0.0%   0.344 UA:3    +
   15    80  0   0.0%   0.093 CG:3    +
    3   131  0   0.0%   0.162 GC:3    +
    4   130  0   0.0%   0.139 UA:3    +
   19   136  0   0.0%   0.780 AU:3    +
   14    81  0   0.0%   0.052 CG:3    +
   55    65  0   0.0%   0.840 AU:3    +
   88    98  0   0.0%   0.030 CG:3    +
   21    99  0   0.0%   0.800 UA:3    +
   58    71  0   0.0%   0.640 AU:3    +
   22    98  0   0.0%   0.479 UG:3    +
   20   100  0   0.0%   0.810 GU:3    +
   23    97  0   0.0%   0.517 AU:3    +
   19   101  0   0.0%   0.395 AU:3    +
  101   117  0   0.0%   0.056 UA:3    +
   58    73  0   0.0%   0.486 AU:3    +
  100   115  0   0.0%   0.011 UA:3    +
   93   130  0   0.0%   0.907 UA:3    +
   18   102  0   0.0%   0.013 AU:3    +
   16    79  0   0.0%   0.026 AU:3    +
   55    86  0   0.0%   0.773 AU:3    +
   24    96  0   0.0%   0.099 AU:3    +
   88   122  0   0.0%   0.193 CG:3    +
  126   151  0   0.0%   0.832 GC:3    +
  127   150  0   0.0%   0.859 CG:3    +
   17   103  0   0.0%   0.013 AU:3    +
    5   129  0   0.0%   0.007 UA:3    +
    5   143  0   0.0%   0.009 UA:3    +
    6   142  0   0.0%   0.006 AU:3    +
  124   129  0   0.0%   1.166 UA:3    +
   61    67  0   0.0%   0.565 UA:3    +
   10   137  0   0.0%   0.162 CG:3    +
    5   147  0   0.0%   0.012 UA:3    +
    2    15  0   0.0%   0.159 GC:3    +
    3    14  0   0.0%   0.157 GC:3    +
   69    74  0   0.0%   1.347 AU:3    +
   15   134  0   0.0%   0.814 CG:3    +
   96   120  0   0.0%   0.103 UA:3    +
   29   142  0   0.0%   0.968 GU:3    +
    5   150  0   0.0%   0.543 UG:3    +
  112   119  0   0.0%   0.380 GC:3    +
   87    91  0   0.0%   0.451 CG:3    +
   42    68  0   0.0%   0.367 CG:3    +
   21   134  0   0.0%   1.339 UG:3    +
   67    71  0   0.0%   0.623 AU:3    +
  119   137  0   0.0%   0.609 CG:3    +
   24    93  0   0.0%   0.114 AU:3    +
   57    76  0   0.0%   0.871 CG:3    +
   61    66  0   0.0%   0.558 UA:3    +
   16   104  0   0.0%   0.026 AU:3    +
   47    51  0   0.0%   0.096 UG:3    +
  114   139  0   0.0%   0.039 UA:3    +
   86    92  0   0.0%   0.386 UA:3    +
   84    91  0   0.0%   0.451 CG:3    +
   22   133  0   0.0%   0.988 UG:3    +
    4   148  0   0.0%   0.141 UG:3    +
   29    35  0   0.0%   0.377 GC:3    +
   28    36  0   0.0%   0.733 UA:3    +
  113   140  0   0.0%   0.402 AU:3    +
  103   110  0   0.0%   0.018 UG:3    +
   65    69  0   0.0%   0.689 UA:3    +
   98   105  0   0.0%   0.020 GC:3    +
   14    54  0   0.0%   0.049 CG:3    +
   15    53  0   0.0%   0.089 CG:3    +
  120   136  0   0.0%   0.788 AU:3    +
   88   134  0   0.0%   1.111 CG:3    +
   27    37  0   0.0%   0.358 CG:3    +
  102   111  0   0.0%   0.018 UA:3    +
  121   136  0   0.0%   0.957 AU:3    +
   50    80  0   0.0%   0.377 CG:3    +
   49    81  0   0.0%   0.321 CG:3    +
   99   104  0   0.0%   0.019 AU:3    +
   63    71  0   0.0%   0.631 AU:3    +
   40    51  0   0.0%   0.011 UG:3    +
   42    81  0   0.0%   0.383 CG:3    +
   40    59  0   0.0%   0.188 UA:3    +
   41    82  0   0.0%   0.557 GC:3    +
  118   138  0   0.0%   0.435 UA:3    +
   16    21  0   0.0%   0.004 AU:3    +
   85    93  0   0.0%   0.489 GU:3    +
   61    68  0   0.0%   1.028 UG:3    +
   13    18  0   0.0%   0.004 UA:3    +
  113   118  0   0.0%   0.355 AU:3    +
    4   144  0   0.0%   0.139 UG:3    +
  101   112  0   0.0%   0.008 UG:3    +
   37    57  0   0.0%   0.013 GC:3    +
   27   134  0   0.0%   1.121 CG:3    +
  103   111  0   0.0%   0.020 UA:3    +
  129   136  0   0.0%   1.035 AU:3    +
  125   137  0   0.0%   1.848 UG:3    +
  126   136  0   0.0%   1.229 GU:3    +
  132   140  0   0.0%   0.192 AU:3    +
   97   106  0   0.0%   0.071 UG:3    +
   29    84  0   0.0%   0.378 GC:3    +
   43    80  0   0.0%   0.748 CG:3    +
  100   113  0   0.0%   0.008 UA:3    +
  125   152  0   0.0%   1.279 UA:3    +
    5    12  0   0.0%   0.003 UA:3    +
   17    28  0   0.0%   0.025 AU:3    +
   41    71  0   0.0%   0.133 GU:3    +
    6    11  0   0.0%   0.128 AU:3    +
   57    85  0   0.0%   0.498 CG:3    +
  124   138  0   0.0%   1.623 UA:3    +
   94   100  0   0.0%   0.111 AU:3    +
  136   141  0   0.0%   1.109 UA:3    +
   14   148  0   0.0%   0.772 CG:3    +
   53    78  0   0.0%   0.873 GC:3    +
   28   133  0   0.0%   1.332 UG:3    +
   16   142  0   0.0%   0.321 AU:3    +
  102   112  0   0.0%   0.020 UG:3    +
   81   140  0   0.0%   0.071 GU:3    +
  135   142  0   0.0%   0.910 AU:3    +
   20    57  0   0.0%   0.709 GC:3    +
   21    56  0   0.0%   0.686 UA:3    +
   19    96  0   0.0%   0.345 AU:3    +
    5   146  0   0.0%   0.009 UG:3    +
   18    22  0   0.0%   0.011 AU:3    +
   96   107  0   0.0%   0.101 UA:3    +
   13    19  0   0.0%   0.005 UA:3    +
   13   149  0   0.0%   1.210 UA:3    +
   56    74  0   0.0%   0.837 AU:3    +
   22    55  0   0.0%   0.362 UA:3    +
    3    10  0   0.0%   0.304 GC:3    +
  104   109  0   0.0%   0.018 UA:3    +
   14   133  0   0.0%   0.061 CG:3    +
   99   114  0   0.0%   0.007 AU:3    +
   11   148  0   0.0%   0.600 UG:3    +
   92    97  0   0.0%   0.068 AU:3    +
  125   133  0   0.0%   1.940 UG:3    +
   21    94  0   0.0%   0.696 UA:3    +
    3   127  0   0.0%   0.156 GC:3    +
   13    55  0   0.0%   0.009 UA:3    +
   22    92  0   0.0%   0.379 UA:3    +
   49    53  0   0.0%   0.385 CG:3    +
  145   153  0   0.0%   0.407 GC:3    +
   47    56  0   0.0%   0.041 UA:3    +
   89    93  0   0.0%   0.288 GU:3    +
   21    29  0   0.0%   0.363 UG:3    +
   20    88  0   0.0%   0.710 GC:3    +
   52    79  0   0.0%   0.798 AU:3    +
   87   123  0   0.0%   0.536 CG:3    +
  101   113  0   0.0%   0.009 UA:3    +
  135   140  0   0.0%   0.786 AU:3    +
    4   126  0   0.0%   0.134 UG:3    +
    4   147  0   0.0%   0.139 UA:3    +
   47    55  0   0.0%   0.046 UA:3    +
   14    91  0   0.0%   0.051 CG:3    +
   63    74  0   0.0%   0.782 AU:3    +
   22    90  0   0.0%   0.363 UA:3    +
  104   110  0   0.0%   0.019 UG:3    +
   16   125  0   0.0%   0.030 AU:3    +
   14   106  0   0.0%   0.051 CG:3    +
    2    11  0   0.0%   0.280 GU:3    +
   28    91  0   0.0%   0.872 UG:3    +
   54    84  0   0.0%   1.161 GC:3    +
   41    64  0   0.0%   0.131 GC:3    +
   52    86  0   0.0%   1.158 AU:3    +
   18    97  0   0.0%   0.009 AU:3    +
  148   153  0   0.0%   0.354 GC:3    +
   51    87  0   0.0%   0.556 GC:3    +
   30    83  0   0.0%   0.352 AU:3    +
   60    74  0   0.0%   0.811 AU:3    +
   21   132  0   0.0%   0.975 UA:3    +
   55    83  0   0.0%   0.772 AU:3    +
   15   126  0   0.0%   0.101 CG:3    +
   26   125  0   0.0%   0.629 AU:3    +
   83    92  0   0.0%   0.388 UA:3    +
   13    92  0   0.0%   0.009 UA:3    +
   94   101  0   0.0%   0.111 AU:3    +
   34   123  0   0.0%   0.171 CG:3    +
   33   124  0   0.0%   0.228 GU:3    +
   35   122  0   0.0%   0.160 CG:3    +
   23   124  0   0.0%   0.474 AU:3    +
   32   125  0   0.0%   0.979 GU:3    +
    4   139  0   0.0%   0.137 UA:3    +
   31   126  0   0.0%   0.749 CG:3    +
   44    68  0   0.0%   0.504 UG:3    +
  124   134  0   0.0%   1.874 UG:3    +
   78    85  0   0.0%   0.427 CG:3    +
   77    86  0   0.0%   0.428 AU:3    +
   84   148  0   0.0%   0.875 CG:3    +
   83   149  0   0.0%   1.151 UA:3    +
    5   138  0   0.0%   0.005 UA:3    +
   82   150  0   0.0%   0.210 CG:3    +
    3   140  0   0.0%   0.158 GU:3    +
   53    57  0   0.0%   0.488 GC:3    +
   76    87  0   0.0%   1.492 GC:3    +
   81   151  0   0.0%   0.372 GC:3    +
   55    71  0   0.0%   0.929 AU:3    +
  124   132  0   0.0%   1.182 UA:3    +
   90    97  0   0.0%   0.119 AU:3    +
   15   146  0   0.0%   0.864 CG:3    +
   11   139  0   0.0%   0.268 UA:3    +
   12    93  0   0.0%   0.003 AU:3    +
   41    49  0   0.0%   0.020 GC:3    +
   20    39  0   0.0%   0.707 GC:3    +
   17   124  0   0.0%   0.016 AU:3    +
   21    38  0   0.0%   0.685 UA:3    +
    8   140  0   0.0%   0.139 AU:3    +
   63    73  0   0.0%   0.435 AU:3    +
   96   126  0   0.0%   0.917 UG:3    +
   13    17  0   0.0%   0.002 UA:3    +
   79    94  0   0.0%   0.122 UA:3    +
   57    80  0   0.0%   0.137 CG:3    +
   19   142  0   0.0%   0.590 AU:3    +
   19    40  0   0.0%   0.343 AU:3    +
   28   128  0   0.0%   0.970 UA:3    +
    2   131  0   0.0%   0.158 GC:3    +
   56    71  0   0.0%   0.640 AU:3    +
   56    86  0   0.0%   0.481 AU:3    +
   58    79  0   0.0%   0.118 AU:3    +
  113   124  0   0.0%   1.356 AU:3    +
  114   123  0   0.0%   0.752 UG:3    +
   88   144  0   0.0%   0.567 CG:3    +
   55    73  0   0.0%   0.771 AU:3    +
   10   133  0   0.0%   0.158 CG:3    +
   70    74  0   0.0%   1.277 AU:3    +
    9   134  0   0.0%   0.160 CG:3    +
   87   145  0   0.0%   0.919 CG:3    +
   40    72  0   0.0%   0.197 UA:3    +
   15    89  0   0.0%   0.090 CG:3    +
   40    46  0   0.0%   0.003 UA:3    +
   92   101  0   0.0%   0.017 AU:3    +
  146   153  0   0.0%   0.324 GC:3    +
   29   127  0   0.0%   0.786 GC:3    +
   95   100  0   0.0%   0.105 AU:3    +
  122   136  0   0.0%   1.126 GU:3    +
   91    96  0   0.0%   0.174 GU:3    +
   21    91  0   0.0%   0.688 UG:3    +
   86   146  0   0.0%   0.841 UG:3    +
   13   107  0   0.0%   0.010 UA:3    +
   51    79  0   0.0%   0.195 GU:3    +
  124   128  0   0.0%   1.066 UA:3    +
   22    95  0   0.0%   0.573 UA:3    +
   13   137  0   0.0%   0.488 UG:3    +
   89   124  0   0.0%   0.347 GU:3    +
   11   132  0   0.0%   0.133 UA:3    +
   27   145  0   0.0%   0.981 CG:3    +
   20    28  0   0.0%   0.721 GU:3    +
  130   136  0   0.0%   1.054 AU:3    +
   50    54  0   0.0%   0.570 CG:3    +
   57    81  0   0.0%   0.137 CG:3    +
   37    42  0   0.0%   0.015 GC:3    +
   92    96  0   0.0%   0.110 AU:3    +
   80    88  0   0.0%   0.038 GC:3    +
   53    61  0   0.0%   0.487 GU:3    +
  125   139  0   0.0%   1.321 UA:3    +
   81    87  0   0.0%   0.386 GC:3    +
   33    39  0   0.0%   0.018 GC:3    +
   13   134  0   0.0%   0.011 UG:3    +
   32    40  0   0.0%   0.085 GU:3    +
  122   140  0   0.0%   0.450 GU:3    +
  112   125  0   0.0%   1.399 GU:3    +
  124   137  0   0.0%   1.794 UG:3    +
   28   144  0   0.0%   1.093 UG:3    +
  137   151  0   0.0%   0.983 GC:3    +
   97   123  0   0.0%   0.924 UG:3    +
   91   119  0   0.0%   0.091 GC:3    +
   11   150  0   0.0%   0.599 UG:3    +
   92   118  0   0.0%   0.026 AU:3    +
   80    93  0   0.0%   0.132 GU:3    +
   59    83  0   0.0%   0.412 AU:3    +
   93    99  0   0.0%   0.121 UA:3    +
  110   127  0   0.0%   0.832 GC:3    +
  134   140  0   0.0%   0.803 GU:3    +
  138   142  0   0.0%   0.630 AU:3    +
   11    94  0   0.0%   0.128 UA:3    +
   91   102  0   0.0%   0.081 GU:3    +
   88   137  0   0.0%   1.011 CG:3    +
   85   127  0   0.0%   0.401 GC:3    +
   92   100  0   0.0%   0.016 AU:3    +
   25   136  0   0.0%   0.566 AU:3    +
   22   130  0   0.0%   0.747 UA:3    +
   27    53  0   0.0%   0.357 CG:3    +
   31    41  0   0.0%   0.348 CG:3    +
   22    30  0   0.0%   0.708 UA:3    +
   80   140  0   0.0%   0.071 GU:3    +
   93   117  0   0.0%   0.119 UA:3    +
   10   146  0   0.0%   0.306 CG:3    +
   86   126  0   0.0%   0.402 UG:3    +
   36    40  0   0.0%   0.003 AU:3    +
  120   125  0   0.0%   1.085 AU:3    +
   91   101  0   0.0%   0.080 GU:3    +
   78    91  0   0.0%   0.128 CG:3    +
  128   140  0   0.0%   0.142 AU:3    +
   22    37  0   0.0%   0.360 UG:3    +
   47    52  0   0.0%   0.356 UA:3    +
   28    52  0   0.0%   0.732 UA:3    +
   28    92  0   0.0%   0.811 UA:3    +
  133   142  0   0.0%   0.930 GU:3    +
    9   144  0   0.0%   0.161 CG:3    +
    9   148  0   0.0%   0.451 CG:3    +
   41    47  0   0.0%   0.013 GU:3    +
   18   125  0   0.0%   0.016 AU:3    +
  131   144  0   0.0%   0.813 CG:3    +
   38    47  0   0.0%   0.002 AU:3    +
   46    65  0   0.0%   0.044 AU:3    +
   13    20  0   0.0%   0.004 UG:3    +
   79    90  0   0.0%   0.072 UA:3    +
   71    77  0   0.0%   0.658 UA:3    +
   89    96  0   0.0%   0.261 GU:3    +
   32    39  0   0.0%   0.084 GC:3    +
   91    97  0   0.0%   0.131 GU:3    +
   19   124  0   0.0%   0.397 AU:3    +
   39    51  0   0.0%   0.011 CG:3    +
   35    41  0   0.0%   0.014 CG:3    +
    5   128  0   0.0%   0.002 UA:3    +
   40    48  0   0.0%   0.003 UA:3    +
   27   126  0   0.0%   0.744 CG:3    +
   14   144  0   0.0%   0.542 CG:3    +
   20    78  0   0.0%   0.708 GC:3    +
   11   145  0   0.0%   0.505 UG:3    +
  131   145  0   0.0%   0.914 CG:3    +
  121   140  0   0.0%   0.279 AU:3    +
   41    65  0   0.0%   0.131 GU:3    +
   21    77  0   0.0%   0.686 UA:3    +
   21    90  0   0.0%   0.686 UA:3    +
   38    86  0   0.0%   0.375 AU:3    +
   39    85  0   0.0%   0.758 CG:3    +
   44    66  0   0.0%   0.480 UA:3    +
   95   101  0   0.0%   0.105 AU:3    +
  131   146  0   0.0%   0.833 CG:3    +
   37    87  0   0.0%   0.404 GC:3    +
   16    97  0   0.0%   0.023 AU:3    +
   64    81  0   0.0%   0.826 CG:3    +
   23   140  0   0.0%   0.530 AU:3    +
   65    80  0   0.0%   0.856 UG:3    +
   21   122  0   0.0%   0.810 UG:3    +
   79    89  0   0.0%   0.180 UG:3    +
  121   125  0   0.0%   1.253 AU:3    +
   47    59  0   0.0%   0.007 UA:3    +
   68    78  0   0.0%   0.761 GC:3    +
  137   142  0   0.0%   0.824 GU:3    +
   72    93  0   0.0%   0.540 AU:3    +
   73    92  0   0.0%   0.773 UA:3    +
   38    74  0   0.0%   0.007 AU:3    +
   27   148  0   0.0%   0.933 CG:3    +
   28   147  0   0.0%   1.056 UA:3    +
   74    91  0   0.0%   1.181 UG:3    +
   45    65  0   0.0%   0.257 GU:3    +
   50    81  0   0.0%   0.376 CG:3    +
   84   133  0   0.0%   0.761 CG:3    +
  119   126  0   0.0%   0.393 CG:3    +
   20   142  0   0.0%   1.188 GU:3    +
   20    82  0   0.0%   0.708 GC:3    +
   21    81  0   0.0%   0.688 UG:3    +
   40    60  0   0.0%   0.186 UA:3    +
   21   141  0   0.0%   1.344 UA:3    +
   28    32  0   0.0%   0.812 UG:3    +
   14    89  0   0.0%   0.049 CG:3    +
   21    60  0   0.0%   0.685 UA:3    +
   90   103  0   0.0%   0.068 AU:3    +
  136   143  0   0.0%   0.894 UA:3    +
   17    96  0   0.0%   0.008 AU:3    +
   96   117  0   0.0%   0.100 UA:3    +
   65    76  0   0.0%   1.960 UG:3    +
   71    76  0   0.0%   1.722 UG:3    +
   41    61  0   0.0%   0.127 GU:3    +
   71    94  0   0.0%   0.708 UA:3    +
   19    79  0   0.0%   0.344 AU:3    +
   22    80  0   0.0%   0.363 UG:3    +
  129   140  0   0.0%   0.329 AU:3    +
   97   116  0   0.0%   0.057 UA:3    +
   79   141  0   0.0%   0.335 UA:3    +
   22   141  0   0.0%   0.988 UA:3    +
  117   124  0   0.0%   1.024 AU:3    +
   12    21  0   0.0%   0.002 AU:3    +
   15    33  0   0.0%   0.101 CG:3    +
   22    59  0   0.0%   0.361 UA:3    +
   31   144  0   0.0%   0.859 CG:3    +
   22    89  0   0.0%   0.362 UG:3    +
   20    61  0   0.0%   0.708 GU:3    +
   15    98  0   0.0%   0.090 CG:3    +
   90   102  0   0.0%   0.068 AU:3    +
   44    59  0   0.0%   0.445 UA:3    +
   66    79  0   0.0%   0.411 AU:3    +
  116   125  0   0.0%   1.069 AU:3    +
  118   123  0   0.0%   0.763 UG:3    +
   23    79  0   0.0%   0.368 AU:3    +
   15   148  0   0.0%   0.897 CG:3    +
   71    75  0   0.0%   1.697 UA:3    +
   22   139  0   0.0%   0.700 UA:3    +
   97   115  0   0.0%   0.057 UA:3    +
   17    97  0   0.0%   0.008 AU:3    +
   89   136  0   0.0%   1.416 GU:3    +
   67    79  0   0.0%   0.402 AU:3    +
   37    79  0   0.0%   0.044 GU:3    +
   81    88  0   0.0%   0.036 GC:3    +
   19    93  0   0.0%   0.343 AU:3    +
   95   118  0   0.0%   0.102 AU:3    +
   39    80  0   0.0%   0.396 CG:3    +
    4   129  0   0.0%   0.133 UA:3    +
   13   145  0   0.0%   0.807 UG:3    +
   42   145  0   0.0%   0.617 CG:3    +
  140   147  0   0.0%   0.179 UA:3    +
    4    12  0   0.0%   0.132 UA:3    +
   53    82  0   0.0%   0.842 GC:3    +
   40   147  0   0.0%   0.716 UA:3    +
  130   140  0   0.0%   0.349 AU:3    +
   43   144  0   0.0%   0.878 CG:3    +
   39   148  0   0.0%   0.590 CG:3    +
   52    83  0   0.0%   1.159 AU:3    +
  136   152  0   0.0%   0.794 UA:3    +
   14   122  0   0.0%   0.055 CG:3    +
   65    77  0   0.0%   0.896 UA:3    +
   44    48  0   0.0%   0.008 UA:3    +
   51    84  0   0.0%   0.555 GC:3    +
   38    44  0   0.0%   0.008 AU:3    +
   38    73  0   0.0%   0.007 AU:3    +
   44   143  0   0.0%   1.009 UA:3    +
   97   112  0   0.0%   0.056 UG:3    +
   39    81  0   0.0%   0.396 CG:3    +
   96   113  0   0.0%   0.099 UA:3    +
   31    45  0   0.0%   0.348 CG:3    +
  140   149  0   0.0%   0.480 UA:3    +
   50    91  0   0.0%   0.437 CG:3    +
  142   147  0   0.0%   0.302 UA:3    +
   93   132  0   0.0%   0.800 UA:3    +
   96   116  0   0.0%   0.099 UA:3    +
   88   123  0   0.0%   0.199 CG:3    +
   15   106  0   0.0%   0.091 CG:3    +
  103   109  0   0.0%   0.015 UA:3    +
   98   114  0   0.0%   0.006 GU:3    +
   18    96  0   0.0%   0.007 AU:3    +
   40    80  0   0.0%   0.616 UG:3    +
   22   121  0   0.0%   0.480 UA:3    +
   22    76  0   0.0%   0.361 UG:3    +
   74    89  0   0.0%   1.275 UG:3    +
    6   140  0   0.0%   0.002 AU:3    +
    8    21  0   0.0%   0.131 AU:3    +
   93   135  0   0.0%   1.445 UA:3    +
   89   103  0   0.0%   0.175 GU:3    +
   14    37  0   0.0%   0.045 CG:3    +
    9    20  0   0.0%   0.154 CG:3    +
   92   136  0   0.0%   1.224 AU:3    +
   95   114  0   0.0%   0.101 AU:3    +
  142   149  0   0.0%   0.603 UA:3    +
   88   145  0   0.0%   0.668 CG:3    +
   84   134  0   0.0%   0.759 CG:3    +
   81    93  0   0.0%   0.130 GU:3    +
   87   146  0   0.0%   0.838 CG:3    +
   15    91  0   0.0%   0.090 CG:3    +
    3   142  0   0.0%   0.158 GU:3    +
   12    22  0   0.0%   0.002 AU:3    +
   73    90  0   0.0%   0.819 UA:3    +
    4   141  0   0.0%   0.136 UA:3    +
   40    45  0   0.0%   0.012 UG:3    +
    5   141  0   0.0%   0.005 UA:3    +
   13    90  0   0.0%   0.008 UA:3    +
   22   135  0   0.0%   1.019 UA:3    +
   32   140  0   0.0%   0.879 GU:3    +
    3    13  0   0.0%   0.152 GU:3    +
   92   140  0   0.0%   0.553 AU:3    +
   86   147  0   0.0%   0.781 UA:3    +
   37    82  0   0.0%   0.059 GC:3    +
  100   109  0   0.0%   0.004 UA:3    +
   47    63  0   0.0%   0.086 UA:3    +
    7    22  0   0.0%   0.000 AU:3    +
  101   108  0   0.0%   0.004 UA:3    +
   40    54  0   0.0%   0.024 UG:3    +
  102   110  0   0.0%   0.015 UG:3    +
   93   139  0   0.0%   0.807 UA:3    +
   27   150  0   0.0%   0.918 CG:3    +
    3    27  0   0.0%   0.154 GC:3    +
    2    14  0   0.0%   0.155 GC:3    +
   45    78  0   0.0%   0.716 GC:3    +
   94   102  0   0.0%   0.121 AU:3    +
   22    32  0   0.0%   0.434 UG:3    +
   28   149  0   0.0%   1.356 UA:3    +
    4    26  0   0.0%   0.132 UA:3    +
  140   144  0   0.0%   0.220 UG:3    +
  142   152  0   0.0%   0.206 UA:3    +
   11    18  0   0.0%   0.127 UA:3    +
   27    33  0   0.0%   0.369 CG:3    +
   40    66  0   0.0%   0.192 UA:3    +
  123   151  0   0.0%   1.286 GC:3    +
  124   150  0   0.0%   1.401 UG:3    +
   28    94  0   0.0%   0.906 UA:3    +
   46    74  0   0.0%   1.268 AU:3    +
   44    55  0   0.0%   0.482 UA:3    +
   19    83  0   0.0%   0.342 AU:3    +
  104   108  0   0.0%   0.015 UA:3    +
   47    53  0   0.0%   0.373 UG:3    +
  109   114  0   0.0%   0.003 AU:3    +
   28    85  0   0.0%   0.734 UG:3    +
  140   145  0   0.0%   0.320 UG:3    +
  125   149  0   0.0%   1.674 UA:3    +
   19   125  0   0.0%   0.397 AU:3    +
    2    28  0   0.0%   0.156 GU:3    +
   47    54  0   0.0%   0.361 UG:3    +
   45   142  0   0.0%   0.862 GU:3    +
   45    64  0   0.0%   0.257 GC:3    +
  101   111  0   0.0%   0.005 UA:3    +
   73    77  0   0.0%   0.818 UA:3    +
    5    25  0   0.0%   0.001 UA:3    +
    9   137  0   0.0%   0.160 CG:3    +
   84   110  0   0.0%   0.375 CG:3    +
  102   107  0   0.0%   0.015 UA:3    +
   83   111  0   0.0%   0.377 UA:3    +
   13   143  0   0.0%   0.798 UA:3    +
   28    54  0   0.0%   0.738 UG:3    +
  124   141  0   0.0%   1.538 UA:3    +
    5   152  0   0.0%   0.388 UA:3    +
   38    79  0   0.0%   0.015 AU:3    +
   99   124  0   0.0%   1.021 AU:3    +
   82   112  0   0.0%   0.029 CG:3    +
   13    32  0   0.0%   0.006 UG:3    +
  100   123  0   0.0%   0.770 UG:3    +
  103   116  0   0.0%   0.304 UA:3    +
   27   146  0   0.0%   0.900 CG:3    +
  115   140  0   0.0%   0.333 AU:3    +
  116   140  0   0.0%   0.094 AU:3    +
  123   142  0   0.0%   1.128 GU:3    +
    4   146  0   0.0%   0.137 UG:3    +
   11    23  0   0.0%   0.127 UA:3    +
   12   125  0   0.0%   0.007 AU:3    +
  114   141  0   0.0%   0.322 UA:3    +
    4    30  0   0.0%   0.132 UA:3    +
  101   122  0   0.0%   0.276 UG:3    +
    3    31  0   0.0%   0.154 GC:3    +
   87   133  0   0.0%   0.760 CG:3    +
   44    54  0   0.0%   0.798 UG:3    +
  126   140  0   0.0%   0.542 GU:3    +
    5    29  0   0.0%   0.001 UG:3    +
   38    71  0   0.0%   0.007 AU:3    +
    7   140  0   0.0%   0.006 AU:3    +
   13   123  0   0.0%   0.014 UG:3    +
   29    86  0   0.0%   0.376 GU:3    +
   52    73  0   0.0%   1.161 AU:3    +
   11    19  0   0.0%   0.127 UA:3    +
   28   129  0   0.0%   1.076 UA:3    +
  123   153  0   0.0%   1.083 GC:3    +
  132   142  0   0.0%   0.316 AU:3    +
   30   140  0   0.0%   0.772 AU:3    +
   28   145  0   0.0%   1.196 UG:3    +
   36    83  0   0.0%   0.385 AU:3    +
   98   125  0   0.0%   1.041 GU:3    +
   79   132  0   0.0%   0.043 UA:3    +
   13    38  0   0.0%   0.007 UA:3    +
   80   131  0   0.0%   0.157 GC:3    +
   84   126  0   0.0%   0.403 CG:3    +
   78   133  0   0.0%   0.442 CG:3    +
   86   128  0   0.0%   0.414 UA:3    +
   22   143  0   0.0%   0.769 UA:3    +
  131   148  0   0.0%   0.866 CG:3    +
   12   124  0   0.0%   0.007 AU:3    +
   22   123  0   0.0%   0.489 UG:3    +
    6    28  0   0.0%   0.001 AU:3    +
   13   148  0   0.0%   1.003 UG:3    +
   23   142  0   0.0%   0.669 AU:3    +
   48    73  0   0.0%   0.744 AU:3    +
  107   124  0   0.0%   1.014 AU:3    +
    7   136  0   0.0%   0.005 AU:3    +
   47    58  0   0.0%   0.101 UA:3    +
   21   144  0   0.0%   1.162 UG:3    +
  127   144  0   0.0%   0.816 CG:3    +
   18    93  0   0.0%   0.007 AU:3    +
   22   122  0   0.0%   0.489 UG:3    +
   83   135  0   0.0%   0.747 UA:3    +
   33   127  0   0.0%   0.097 GC:3    +
   17   125  0   0.0%   0.015 AU:3    +
   44    56  0   0.0%   0.476 UA:3    +
    6   125  0   0.0%   0.001 AU:3    +
   20   124  0   0.0%   0.812 GU:3    +
  106   125  0   0.0%   1.045 GU:3    +
  113   142  0   0.0%   0.542 AU:3    +
   86   132  0   0.0%   0.404 UA:3    +
   21   137  0   0.0%   1.276 UG:3    +
   59    79  0   0.0%   0.049 AU:3    +
   38    65  0   0.0%   0.007 AU:3    +
   30    44  0   0.0%   0.350 AU:3    +
   89   119  0   0.0%   0.186 GC:3    +
  102   121  0   0.0%   0.690 UA:3    +
   70    93  0   0.0%   0.281 AU:3    +
  117   140  0   0.0%   0.074 AU:3    +
   90   118  0   0.0%   0.078 AU:3    +
   96   128  0   0.0%   0.588 UA:3    +
  105   126  0   0.0%   0.769 CG:3    +
  107   114  0   0.0%   0.003 AU:3    +
   34   126  0   0.0%   0.044 CG:3    +
   29    62  0   0.0%   0.375 GC:3    +
   20    62  0   0.0%   0.708 GC:3    +
    5   126  0   0.0%   0.002 UG:3    +
   32    88  0   0.0%   0.843 GC:3    +
   41    79  0   0.0%   0.538 GU:3    +
   30    61  0   0.0%   0.350 AU:3    +
   85   125  0   0.0%   0.525 GU:3    +
   50    85  0   0.0%   0.735 CG:3    +
   52    71  0   0.0%   1.319 AU:3    +
   31   146  0   0.0%   0.882 CG:3    +
  102   109  0   0.0%   0.014 UA:3    +
   60    79  0   0.0%   0.085 AU:3    +
  102   117  0   0.0%   0.480 UA:3    +
   31   145  0   0.0%   0.963 CG:3    +
   51    71  0   0.0%   0.718 GU:3    +
   96   129  0   0.0%   0.684 UA:3    +
    5   145  0   0.0%   0.006 UG:3    +
   26   136  0   0.0%   0.894 AU:3    +
   18   124  0   0.0%   0.015 AU:3    +
   93   141  0   0.0%   1.092 UA:3    +
  140   148  0   0.0%   0.272 UG:3    +
   91   105  0   0.0%   0.102 GC:3    +
   51    74  0   0.0%   0.909 GU:3    +
   13    33  0   0.0%   0.006 UG:3    +
   71    92  0   0.0%   0.612 UA:3    +
   75   136  0   0.0%   1.519 AU:3    +
  122   142  0   0.0%   0.589 GU:3    +
   28    95  0   0.0%   0.902 UA:3    +
   92   104  0   0.0%   0.038 AU:3    +
   20    97  0   0.0%   0.851 GU:3    +
  103   120  0   0.0%   0.319 UA:3    +
   31    89  0   0.0%   0.884 CG:3    +
  114   138  0   0.0%   0.416 UA:3    +
  101   110  0   0.0%   0.004 UG:3    +
   44    60  0   0.0%   0.444 UA:3    +
   83   134  0   0.0%   0.761 UG:3    +
   87   126  0   0.0%   0.403 CG:3    +
    5   144  0   0.0%   0.007 UG:3    +
  103   108  0   0.0%   0.014 UA:3    +
   10    20  0   0.0%   0.152 CG:3    +
    7   142  0   0.0%   0.007 AU:3    +
   24   140  0   0.0%   0.074 AU:3    +
   94   140  0   0.0%   0.545 AU:3    +
   76    82  0   0.0%   1.145 GC:3    +
  115   125  0   0.0%   1.308 AU:3    +
  140   146  0   0.0%   0.239 UG:3    +
   74   137  0   0.0%   1.394 UG:3    +
   54    74  0   0.0%   1.514 GU:3    +
   28   123  0   0.0%   1.087 UG:3    +
  122   151  0   0.0%   0.747 GC:3    +
   29   151  0   0.0%   1.128 GC:3    +
    5   137  0   0.0%   0.004 UG:3    +
   11    17  0   0.0%   0.127 UA:3    +
   33    87  0   0.0%   0.441 GC:3    +
  106   119  0   0.0%   0.018 GC:3    +
   15   150  0   0.0%   0.879 CG:3    +
   17   100  0   0.0%   0.008 AU:3    +
   92   142  0   0.0%   0.695 AU:3    +
   31   123  0   0.0%   0.874 CG:3    +
   30   124  0   0.0%   0.871 AU:3    +
  100   112  0   0.0%   0.005 UG:3    +
  112   127  0   0.0%   0.932 GC:3    +
  142   148  0   0.0%   0.396 UG:3    +
   89   104  0   0.0%   0.175 GU:3    +
  124   149  0   0.0%   1.622 UA:3    +
   74    94  0   0.0%   1.216 UA:3    +
   75    93  0   0.0%   1.210 AU:3    +
  125   141  0   0.0%   1.590 UA:3    +
   20   125  0   0.0%   0.812 GU:3    +
  114   126  0   0.0%   0.382 UG:3    +
  102   108  0   0.0%   0.014 UA:3    +
  107   118  0   0.0%   0.006 AU:3    +
    4   138  0   0.0%   0.135 UA:3    +
  121   142  0   0.0%   0.420 AU:3    +
   21    32  0   0.0%   0.758 UG:3    +
  100   111  0   0.0%   0.004 UA:3    +
   21   123  0   0.0%   0.809 UG:3    +
  116   124  0   0.0%   1.050 AU:3    +
   25   140  0   0.0%   0.201 AU:3    +
   21    33  0   0.0%   0.699 UG:3    +
   20    34  0   0.0%   0.706 GC:3    +
   14   126  0   0.0%   0.059 CG:3    +
  118   139  0   0.0%   0.054 UA:3    +
  101   109  0   0.0%   0.004 UA:3    +
   33   151  0   0.0%   0.429 GC:3    +
   44    77  0   0.0%   0.945 UA:3    +
    4   145  0   0.0%   0.137 UG:3    +
   16   101  0   0.0%   0.022 AU:3    +
   34   150  0   0.0%   0.196 CG:3    +
   28   130  0   0.0%   1.059 UA:3    +
  124   152  0   0.0%   1.224 UA:3    +
   95   102  0   0.0%   0.115 AU:3    +
   47   141  0   0.0%   0.909 UA:3    +
   61    75  0   0.0%   1.495 UA:3    +
   11    16  0   0.0%   0.126 UA:3    +
   28    75  0   0.0%   0.734 UA:3    +
   73   138  0   0.0%   0.810 UA:3    +
    1     5  0   0.0%   0.000 AU:3    +
   40    68  0   0.0%   0.199 UG:3    +
   27    76  0   0.0%   0.358 CG:3    +
   61    80  0   0.0%   0.787 UG:3    +
  125   148  0   0.0%   1.467 UG:3    +
   15    45  0   0.0%   0.085 CG:3    +
   29    74  0   0.0%   0.375 GU:3    +
  133   151  0   0.0%   1.089 GC:3    +
  136   144  0   0.0%   0.932 UG:3    +
    6   136  0   0.0%   0.001 AU:3    +
   39   123  0   0.0%   0.544 CG:3    +
   15   123  0   0.0%   0.111 CG:3    +
    4   143  0   0.0%   0.136 UA:3    +
   73    95  0   0.0%   0.863 UA:3    +
   29   125  0   0.0%   0.915 GU:3    +
  142   150  0   0.0%   0.382 UG:3    +
   27   137  0   0.0%   1.013 CG:3    +
   40    70  0   0.0%   0.195 UA:3    +
   38   124  0   0.0%   0.161 AU:3    +
   97   126  0   0.0%   0.555 UG:3    +
   36    61  0   0.0%   0.009 AU:3    +
   16   100  0   0.0%   0.022 AU:3    +
   97   128  0   0.0%   0.227 UA:3    +
   26    96  0   0.0%   0.425 AU:3    +
   95   136  0   0.0%   1.124 AU:3    +
  134   142  0   0.0%   0.925 GU:3    +
   13    24  0   0.0%   0.003 UA:3    +
  120   124  0   0.0%   1.065 AU:3    +
   28    63  0   0.0%   0.734 UA:3    +
   23    96  0   0.0%   0.553 AU:3    +
   37    61  0   0.0%   0.010 GU:3    +
   95   140  0   0.0%   0.454 AU:3    +
   90   136  0   0.0%   0.913 AU:3    +
   48   140  0   0.0%   0.430 AU:3    +
   16    44  0   0.0%   0.020 AU:3    +
   28   126  0   0.0%   0.960 UG:3    +
   34    85  0   0.0%   0.383 CG:3    +
    7   124  0   0.0%   0.000 AU:3    +
   54   119  0   0.0%   0.793 GC:3    +
  100   110  0   0.0%   0.004 UG:3    +
   53    73  0   0.0%   1.190 GU:3    +
   28   152  0   0.0%   0.958 UA:3    +
   96   139  0   0.0%   0.570 UA:3    +
  111   140  0   0.0%   0.321 AU:3    +
  136   145  0   0.0%   1.032 UG:3    +
  126   142  0   0.0%   0.669 GU:3    +
  120   140  0   0.0%   0.111 AU:3    +
  125   143  0   0.0%   1.376 UA:3    +
   61    76  0   0.0%   1.510 UG:3    +
  103   107  0   0.0%   0.015 UA:3    +
   30    73  0   0.0%   0.350 AU:3    +
   40   122  0   0.0%   0.755 UG:3    +
   13   128  0   0.0%   0.009 UA:3    +
   10    53  0   0.0%   0.152 CG:3    +
    9    54  0   0.0%   0.154 CG:3    +
    2    27  0   0.0%   0.156 GC:3    +
   30   142  0   0.0%   0.912 AU:3    +
    4   128  0   0.0%   0.132 UA:3    +
   55   118  0   0.0%   0.401 AU:3    +
   27    85  0   0.0%   0.358 CG:3    +
   83   141  0   0.0%   1.066 UA:3    +
   37   125  0   0.0%   0.190 GU:3    +
   13    25  0   0.0%   0.003 UA:3    +
  119   133  0   0.0%   0.699 CG:3    +
   13    23  0   0.0%   0.003 UA:3    +
   14   150  0   0.0%   0.753 CG:3    +
    1   142  0   0.0%   0.125 AU:3    +
  104   115  0   0.0%   0.694 UA:3    +
   96   135  0   0.0%   1.208 UA:3    +
   32    44  0   0.0%   0.095 GU:3    +
   14   112  0   0.0%   0.050 CG:3    +
   60    83  0   0.0%   0.447 AU:3    +
    1    28  0   0.0%   0.125 AU:3    +
   93   120  0   0.0%   0.119 UA:3    +
   11    52  0   0.0%   0.127 UA:3    +
   29    42  0   0.0%   0.375 GC:3    +
   94   103  0   0.0%   0.121 AU:3    +
   58    83  0   0.0%   0.480 AU:3    +
   11   126  0   0.0%   0.132 UG:3    +
   26    86  0   0.0%   0.332 AU:3    +
   15    37  0   0.0%   0.086 CG:3    +
   13   130  0   0.0%   0.011 UA:3    +
   29    83  0   0.0%   0.375 GU:3    +
   48    74  0   0.0%   1.093 AU:3    +
   10    37  0   0.0%   0.152 CG:3    +
   11    36  0   0.0%   0.127 UA:3    +
   64    80  0   0.0%   0.827 CG:3    +
   26   140  0   0.0%   0.529 AU:3    +
   17    93  0   0.0%   0.008 AU:3    +
  127   146  0   0.0%   0.836 CG:3    +
   97   138  0   0.0%   0.589 UA:3    +
   53   119  0   0.0%   0.819 GC:3    +
   98   127  0   0.0%   0.574 GC:3    +
   22    45  0   0.0%   0.359 UG:3    +
   33    43  0   0.0%   0.039 GC:3    +
   21    46  0   0.0%   0.684 UA:3    +
   11   109  0   0.0%   0.127 UA:3    +
   13   113  0   0.0%   0.009 UA:3    +
  112   140  0   0.0%   0.422 GU:3    +
   10   110  0   0.0%   0.152 CG:3    +
  108   114  0   0.0%   0.002 AU:3    +
   14    45  0   0.0%   0.045 CG:3    +
   23    44  0   0.0%   0.365 AU:3    +
   46   140  0   0.0%   0.599 AU:3    +
  109   118  0   0.0%   0.006 AU:3    +
   20    47  0   0.0%   0.706 GU:3    +
  140   150  0   0.0%   0.259 UG:3    +
   13    46  0   0.0%   0.007 UA:3    +
   22    58  0   0.0%   0.360 UA:3    +
   47    75  0   0.0%   1.320 UA:3    +
   86   129  0   0.0%   0.516 UA:3    +
   80   153  0   0.0%   0.172 GC:3    +
   47   139  0   0.0%   0.621 UA:3    +
    3    61  0   0.0%   0.154 GU:3    +
  111   142  0   0.0%   0.463 AU:3    +
    2    62  0   0.0%   0.156 GC:3    +
   17   101  0   0.0%   0.008 AU:3    +
   20    42  0   0.0%   0.706 GC:3    +
    4    60  0   0.0%   0.132 UA:3    +
   41   151  0   0.0%   0.892 GC:3    +
   96   130  0   0.0%   0.668 UA:3    +
   53    71  0   0.0%   1.348 GU:3    +
   31   150  0   0.0%   0.900 CG:3    +
   21    41  0   0.0%   0.684 UG:3    +
   72    96  0   0.0%   0.515 AU:3    +
   40    69  0   0.0%   0.195 UA:3    +
   28    46  0   0.0%   0.731 UA:3    +
   12   114  0   0.0%   0.002 AU:3    +
    5    24  0   0.0%   0.001 UA:3    +
   42   150  0   0.0%   0.554 CG:3    +
   32   151  0   0.0%   1.179 GC:3    +
   46   142  0   0.0%   0.739 AU:3    +
   50   145  0   0.0%   0.615 CG:3    +
   25    96  0   0.0%   0.098 AU:3    +
  125   146  0   0.0%   1.434 UG:3    +
   49   146  0   0.0%   0.478 CG:3    +
   93   115  0   0.0%   0.118 UA:3    +
   54    82  0   0.0%   0.815 GC:3    +
   54    78  0   0.0%   0.846 GC:3    +
  127   148  0   0.0%   0.869 CG:3    +
   83   128  0   0.0%   0.418 UA:3    +
   79    95  0   0.0%   0.116 UA:3    +
    8   142  0   0.0%   0.139 AU:3    +
   25    97  0   0.0%   0.056 AU:3    +
   12    47  0   0.0%   0.002 AU:3    +
   18   100  0   0.0%   0.008 AU:3    +
   47   126  0   0.0%   0.619 UG:3    +
  101   138  0   0.0%   0.457 UA:3    +
   20   153  0   0.0%   1.151 GC:3    +
  100   139  0   0.0%   0.054 UA:3    +
   97   117  0   0.0%   0.057 UA:3    +
   14    98  0   0.0%   0.049 CG:3    +
   21    59  0   0.0%   0.685 UA:3    +
   48    93  0   0.0%   0.485 AU:3    +
   15   110  0   0.0%   0.090 CG:3    +
   32    49  0   0.0%   0.095 GC:3    +
    5    59  0   0.0%   0.001 UA:3    +
   31    37  0   0.0%   0.348 CG:3    +
  127   145  0   0.0%   0.917 CG:3    +
   16   124  0   0.0%   0.029 AU:3    +
  114   121  0   0.0%   0.221 UA:3    +
   99   140  0   0.0%   0.064 AU:3    +
   93    98  0   0.0%   0.122 UG:3    +
  142   146  0   0.0%   0.363 UG:3    +
  124   144  0   0.0%   1.363 UG:3    +
   21   152  0   0.0%   1.033 UA:3    +
   47    94  0   0.0%   0.697 UA:3    +
   37    74  0   0.0%   0.015 GU:3    +
  105   122  0   0.0%   0.621 CG:3    +
   90   140  0   0.0%   0.242 AU:3    +
   13   150  0   0.0%   0.987 UG:3    +
  140   152  0   0.0%   0.082 UA:3    +
  100   135  0   0.0%   0.692 UA:3    +
   99   136  0   0.0%   0.735 AU:3    +
    8   136  0   0.0%   0.136 AU:3    +
  124   147  0   0.0%   1.322 UA:3    +
   24    74  0   0.0%   0.003 AU:3    +
   90   142  0   0.0%   0.385 AU:3    +
   28   148  0   0.0%   1.149 UG:3    +
   33    47  0   0.0%   0.028 GU:3    +
   23    74  0   0.0%   0.365 AU:3    +
   94   114  0   0.0%   0.108 AU:3    +
   87   122  0   0.0%   0.526 CG:3    +
  101   134  0   0.0%   0.730 UG:3    +
   40   152  0   0.0%   0.618 UA:3    +
   34    80  0   0.0%   0.014 CG:3    +
   24    40  0   0.0%   0.004 AU:3    +
   96   132  0   0.0%   0.563 UA:3    +
  102   137  0   0.0%   1.056 UG:3    +
  115   124  0   0.0%   1.288 AU:3    +
   72    79  0   0.0%   0.439 AU:3    +
   72   140  0   0.0%   0.479 AU:3    +
   74    80  0   0.0%   1.126 UG:3    +
   29   140  0   0.0%   0.825 GU:3    +
   20    64  0   0.0%   0.708 GC:3    +
   16    93  0   0.0%   0.023 AU:3    +
   92   103  0   0.0%   0.039 AU:3    +
  116   136  0   0.0%   0.763 AU:3    +
   18   101  0   0.0%   0.008 AU:3    +
   52    74  0   0.0%   1.511 AU:3    +
   98   118  0   0.0%   0.007 GU:3    +
   25    73  0   0.0%   0.003 AU:3    +
   34   137  0   0.0%   0.293 CG:3    +
  109   124  0   0.0%   1.014 AU:3    +
   97   134  0   0.0%   0.861 UG:3    +
  102   129  0   0.0%   0.617 UA:3    +
  105   134  0   0.0%   1.075 CG:3    +
   32    87  0   0.0%   1.191 GC:3    +
  110   131  0   0.0%   0.595 GC:3    +
   53    79  0   0.0%   0.826 GU:3    +
  136   147  0   0.0%   0.891 UA:3    +
  130   142  0   0.0%   0.475 AU:3    +
  104   135  0   0.0%   1.089 UA:3    +
  134   151  0   0.0%   1.084 GC:3    +
   21    63  0   0.0%   0.685 UA:3    +
   19    65  0   0.0%   0.342 AU:3    +
  103   128  0   0.0%   0.319 UA:3    +
   75    83  0   0.0%   1.467 AU:3    +
   44   132  0   0.0%   0.934 UA:3    +
   43   133  0   0.0%   1.124 CG:3    +
   61   113  0   0.0%   0.781 UA:3    +
   71   141  0   0.0%   0.921 UA:3    +
   62   112  0   0.0%   0.726 CG:3    +
   42   134  0   0.0%   0.758 CG:3    +
   29    34  0   0.0%   0.374 GC:3    +
   24    97  0   0.0%   0.055 AU:3    +
   17   102  0   0.0%   0.008 AU:3    +
   71    80  0   0.0%   0.618 UG:3    +
  136   149  0   0.0%   1.191 UA:3    +
   45   131  0   0.0%   0.808 GC:3    +
   16    96  0   0.0%   0.022 AU:3    +
  104   128  0   0.0%   0.470 UA:3    +
   56   124  0   0.0%   0.270 AU:3    +
   57   123  0   0.0%   0.288 CG:3    +
   13    26  0   0.0%   0.003 UA:3    +
  108   125  0   0.0%   1.032 AU:3    +
   68   105  0   0.0%   0.705 GC:3    +
   55   125  0   0.0%   0.555 AU:3    +
   28   135  0   0.0%   1.321 UA:3    +
   30    47  0   0.0%   0.350 AU:3    +
   33    86  0   0.0%   0.440 GU:3    +
   69   104  0   0.0%   0.237 AU:3    +
   24    73  0   0.0%   0.003 AU:3    +
    5    23  0   0.0%   0.001 UA:3    +
    3   118  0   0.0%   0.154 GU:3    +
   51    61  0   0.0%   0.145 GU:3    +
   13    99  0   0.0%   0.008 UA:3    +
    2   119  0   0.0%   0.156 GC:3    +
   31    80  0   0.0%   0.355 CG:3    +
  118   128  0   0.0%   0.064 UA:3    +
   28   120  0   0.0%   0.802 UA:3    +
   22    75  0   0.0%   0.360 UA:3    +
   60   114  0   0.0%   0.075 AU:3    +
    4   117  0   0.0%   0.132 UA:3    +
  137   153  0   0.0%   0.777 GC:3    +
   29    82  0   0.0%   0.375 GC:3    +
  108   124  0   0.0%   1.013 AU:3    +
   73   139  0   0.0%   0.792 UA:3    +
    3    42  0   0.0%   0.154 GC:3    +
   51    73  0   0.0%   0.560 GU:3    +
   53   127  0   0.0%   0.848 GC:3    +
    2    43  0   0.0%   0.156 GC:3    +
  107   125  0   0.0%   1.033 AU:3    +
    6    22  0   0.0%   0.001 AU:3    +
  103   129  0   0.0%   0.415 UA:3    +
   21    89  0   0.0%   0.686 UG:3    +
    4    41  0   0.0%   0.131 UG:3    +
   75    79  0   0.0%   1.109 AU:3    +
   22   148  0   0.0%   0.865 UG:3    +
   32    79  0   0.0%   0.104 GU:3    +
    2   127  0   0.0%   0.156 GC:3    +
   16   102  0   0.0%   0.022 AU:3    +
  118   134  0   0.0%   0.699 UG:3    +
   70   103  0   0.0%   0.167 AU:3    +
   33    78  0   0.0%   0.034 GC:3    +
   93   138  0   0.0%   1.187 UA:3    +
   74    90  0   0.0%   1.166 UA:3    +
   83   132  0   0.0%   0.403 UA:3    +
   54   118  0   0.0%   0.793 GU:3    +
  129   142  0   0.0%   0.455 AU:3    +
  106   114  0   0.0%   0.015 GU:3    +
   83   137  0   0.0%   0.659 UG:3    +
   47    77  0   0.0%   0.636 UA:3    +
   13    29  0   0.0%   0.003 UG:3    +
   79   139  0   0.0%   0.045 UA:3    +
   77    96  0   0.0%   0.147 AU:3    +
   74    98  0   0.0%   1.113 UG:3    +
  102   133  0   0.0%   1.156 UG:3    +
  101   130  0   0.0%   0.175 UA:3    +
   73    99  0   0.0%   0.765 UA:3    +
    9   112  0   0.0%   0.154 CG:3    +
    5   116  0   0.0%   0.001 UA:3    +
   64   110  0   0.0%   0.813 CG:3    +
   70   142  0   0.0%   0.360 AU:3    +
  125   147  0   0.0%   1.374 UA:3    +
   45    82  0   0.0%   0.686 GC:3    +
  117   125  0   0.0%   1.043 AU:3    +
   75    97  0   0.0%   1.144 AU:3    +
   37    84  0   0.0%   0.404 GC:3    +
   77    93  0   0.0%   0.171 AU:3    +
   44    76  0   0.0%   1.644 UG:3    +
    4    25  0   0.0%   0.131 UA:3    +
    1    44  0   0.0%   0.125 AU:3    +
   38    83  0   0.0%   0.378 AU:3    +
   19   100  0   0.0%   0.389 AU:3    +
   51    78  0   0.0%   0.240 GC:3    +
    2   142  0   0.0%   0.157 GU:3    +
   37    50  0   0.0%   0.015 GC:3    +
   21   149  0   0.0%   1.425 UA:3    +
  105   145  0   0.0%   0.632 CG:3    +
..(((...(((((......((((....)))).(((((....(((.......))).........((((.....)))).)))))((((((..(((..(((((((.((......)).))))))).))).......))))))..)))))...)))..
