3 sequence; length of alignment 34
alifold output
    7    28  0  75.8%   0.682 UA:3   
    6    29  0  75.7%   0.670 CG:3   
    8    27  0  75.6%   0.725 CG:3   
    4    32  0  62.6%   1.496 GC:3   
    5    31  0  62.2%   1.177 AU:3   
    3    33  0  54.7%   1.430 GU:3   
   15    23  1  20.6%   1.313 GC:2    +
   14    24  0  20.0%   1.034 UA:3    +
   13    28  0  19.1%   1.176 UA:3    +
   14    27  0  19.1%   1.557 UG:3    +
   15    26  1  19.6%   1.631 GC:2    +
   12    29  0  18.9%   1.175 CG:3    +
   16    25  0  18.7%   1.668 AU:3    +
   16    22  0  18.4%   1.238 AU:3    +
   15    21  0   7.5%   0.778 GC:1    GU:1    AU:1    +
    3    32  0   7.8%   0.839 GC:3    +
    4    31  0   6.6%   0.878 GU:3    +
   16    20  0   5.2%   0.608 AU:3    +
    4    30  0   3.8%   0.488 GC:2    GU:1    +
   10    25  0   3.9%   0.501 AU:3    +
    3    31  0   2.9%   0.444 GU:3    +
    9    22  0   1.4%   0.242 GU:1    AU:2    +
    3    18  0   2.3%   0.290 GC:3    +
    4    17  0   2.3%   0.265 GC:3    +
    9    14  0   1.0%   0.143 GU:1    AU:2    +
    9    25  0   0.9%   0.257 GU:1    AU:2    +
   15    20  0   0.5%   0.242 GU:2    AU:1    +
   21    29  0   0.4%   0.881 CG:1    UG:2    +
   11    20  0   1.4%   0.186 AU:3    +
   15    22  0   0.3%   0.438 GU:2    AU:1    +
    9    34  0   0.1%   0.206 GU:1    AU:2    +
    7    16  0   1.1%   0.153 UA:3    +
    4    21  0   0.0%   0.105 GC:1    GU:2    +
    9    33  0   0.0%   0.511 GU:1    AU:2    +
   21    27  0   0.0%   0.834 CG:1    UG:2    +
    9    31  0   0.0%   0.750 GU:1    AU:2    +
    3    30  0   0.0%   0.144 GC:2    GU:1    +
    9    20  0   0.0%   0.054 GU:1    AU:2    +
    9    13  0   0.0%   0.006 GU:1    AU:2    +
    7    15  0   0.0%   0.040 UG:2    UA:1    +
   15    34  0   0.0%   0.999 GU:2    AU:1    +
    3    21  0   0.0%   0.119 GC:1    GU:2    +
   15    25  0   0.0%   0.860 GU:2    AU:1    +
   15    31  0   0.0%   1.607 GU:2    AU:1    +
   15    33  0   0.0%   1.329 GU:2    AU:1    +
   10    21  1   1.5%   0.199 AU:2    +
    8    15  1   1.3%   0.228 CG:2    +
   10    31  0   0.6%   0.867 AU:3    +
   22    28  0   0.5%   1.010 UA:3    +
   23    27  0   0.5%   0.958 CG:3    +
   11    25  0   0.4%   0.312 AU:3    +
   11    31  0   0.3%   0.755 AU:3    +
    3     8  0   0.3%   0.052 GC:3    +
    6    15  1   0.7%   0.110 CG:2    +
    2    27  0   0.2%   0.042 CG:3    +
    3    26  0   0.2%   0.163 GC:3    +
   10    33  0   0.2%   0.594 AU:3    +
    3    12  0   0.2%   0.047 GC:3    +
   14    19  0   0.1%   0.081 UA:3    +
   13    24  0   0.1%   0.035 UA:3    +
    4    25  0   0.1%   0.126 GU:3    +
    9    30  1   0.1%   0.303 GC:1    AU:1    +
    3    34  0   0.1%   0.787 GU:3    +
    9    21  1   0.1%   0.067 GU:1    AU:1    +
   10    20  0   0.1%   0.018 AU:3    +
   27    32  0   0.0%   1.083 GC:3    +
   11    22  0   0.0%   0.144 AU:3    +
   10    22  0   0.0%   0.144 AU:3    +
    5    20  0   0.0%   0.012 AU:3    +
   18    27  0   0.0%   0.642 CG:3    +
   20    28  0   0.0%   0.787 UA:3    +
    4     8  0   0.0%   0.025 GC:3    +
   11    33  0   0.0%   0.462 AU:3    +
    4    26  0   0.0%   0.131 GC:3    +
   13    19  0   0.0%   0.013 UA:3    +
    5    25  0   0.0%   0.023 AU:3    +
    4    12  0   0.0%   0.020 GC:3    +
   19    31  0   0.0%   0.652 AU:3    +
    3    22  0   0.0%   0.126 GU:3    +
    4    23  0   0.0%   0.107 GC:3    +
    3    13  0   0.0%   0.034 GU:3    +
    5    22  0   0.0%   0.015 AU:3    +
   10    34  0   0.0%   0.259 AU:3    +
    8    29  0   0.0%   0.508 CG:3    +
   20    24  0   0.0%   0.586 UA:3    +
    1    29  0   0.0%   0.007 CG:3    +
   12    27  0   0.0%   0.243 CG:3    +
   16    31  0   0.0%   1.472 AU:3    +
    5    33  0   0.0%   0.641 AU:3    +
    3    23  0   0.0%   0.126 GC:3    +
    3    14  0   0.0%   0.034 GU:3    +
    4    13  0   0.0%   0.012 GU:3    +
    4    34  0   0.0%   0.721 GU:3    +
   19    25  0   0.0%   0.533 AU:3    +
   17    29  0   0.0%   0.622 CG:3    +
    4    22  0   0.0%   0.104 GU:3    +
    4    33  0   0.0%   1.043 GU:3    +
   18    29  0   0.0%   0.626 CG:3    +
    3    17  0   0.0%   0.034 GC:3    +
   23    29  0   0.0%   0.915 CG:3    +
    4    18  0   0.0%   0.181 GC:3    +
    7    29  0   0.0%   0.477 UG:3    +
    7    24  0   0.0%   0.054 UA:3    +
   28    33  0   0.0%   0.908 AU:3    +
   27    34  0   0.0%   0.603 GU:3    +
    5    14  0   0.0%   0.004 AU:3    +
    5    13  0   0.0%   0.005 AU:3    +
   22    27  0   0.0%   0.954 UG:3    +
   10    14  0   0.0%   0.050 AU:3    +
   17    27  0   0.0%   0.632 CG:3    +
   20    29  0   0.0%   0.788 UG:3    +
    2    29  0   0.0%   0.018 CG:3    +
   16    33  0   0.0%   1.190 AU:3    +
    5    34  0   0.0%   0.315 AU:3    +
    4    14  0   0.0%   0.009 GU:3    +
   11    34  0   0.0%   0.129 AU:3    +
    6    27  0   0.0%   0.051 CG:3    +
    7    11  0   0.0%   0.001 UA:3    +
    3    20  0   0.0%   0.119 GU:3    +
    4    20  0   0.0%   0.095 GU:3    +
   14    28  0   0.0%   1.224 UA:3    +
   20    27  0   0.0%   0.799 UG:3    +
   24    31  0   0.0%   0.968 AU:3    +
    3     7  0   0.0%   0.001 GU:3    +
    1    27  0   0.0%   0.001 CG:3    +
   13    29  0   0.0%   0.864 UG:3    +
   28    34  0   0.0%   0.577 AU:3    +
   19    33  0   0.0%   0.367 AU:3    +
   29    33  0   0.0%   0.909 GU:3    +
   22    29  0   0.0%   0.985 UG:3    +
   27    33  0   0.0%   0.932 GU:3    +
   24    33  0   0.0%   0.684 AU:3    +
   15    30  1   0.0%   1.110 GC:1    GU:1    +
   29    34  0   0.0%   0.578 GU:3    +
    7    19  0   0.0%   0.052 UA:3    +
   13    27  0   0.0%   0.244 UG:3    +
   24    34  0   0.0%   0.353 AU:3    +
    7    27  0   0.0%   0.066 UG:3    +
   16    34  0   0.0%   0.859 AU:3    +
   19    34  0   0.0%   0.036 AU:3    +
   27    31  0   0.0%   1.211 GU:3    +
    3    25  0   0.0%   0.123 GU:3    +
   25    29  0   0.0%   1.075 UG:3    +
   14    29  0   0.0%   1.228 UG:3    +
   16    21  1   0.1%   0.496 AU:2    +
   11    21  1   0.0%   0.139 AU:2    +
   15    32  1   0.0%   1.475 GC:2    +
    2    15  1   0.0%   0.005 CG:2    +
    5    21  1   0.0%   0.010 AU:2    +
    1    15  1   0.0%   0.001 CG:2    +
   21    28  1   0.0%   0.810 UA:2    +
..((((((..................))).))).
