3 sequence; length of alignment 133
alifold output
   12    37  0  99.6%   0.029 GC:3   
   13    36  0  99.6%   0.029 UA:3   
   14    35  0  99.6%   0.036 CG:3   
   71    99  0  99.3%   0.039 CG:3   
   19    28  0  99.2%   0.044 AU:3   
   70   100  0  99.2%   0.037 UA:3   
   20    27  0  99.1%   0.046 GC:3   
   18    29  0  99.0%   0.043 GC:3   
   11    38  0  99.0%   0.055 GC:3   
   72    98  0  98.8%   0.049 GC:3   
   69   101  0  98.5%   0.052 AU:3   
   73    97  0  98.3%   0.056 UG:3   
   16    32  0  97.1%   0.186 GC:3   
   17    31  0  97.1%   0.171 GC:3   
   47    56  0  93.1%   0.407 GC:3   
   48    55  0  93.1%   0.394 GC:3   
   46    57  0  93.1%   0.250 GC:3   
    5   115  0  93.0%   0.420 GC:3   
    4   116  0  93.0%   0.276 GC:3   
   49    54  0  92.5%   0.227 CG:3   
   68   102  0  91.1%   0.257 UA:3   
   74    96  0  89.9%   0.294 UA:3   
    3   117  0  89.7%   0.626 UG:3   
    2   118  0  89.2%   0.752 CG:3   
    9   112  0  89.0%   0.556 CG:3   
    6   114  0  89.0%   0.535 CG:3   
    8   113  0  88.9%   0.613 GC:3   
   45    58  0  86.7%   0.549 UA:3   
  125   131  0  77.9%   0.653 CG:3   
   21    26  0  77.9%   0.604 AU:3   
  124   132  0  77.8%   0.641 UA:3   
   10   111  0  75.9%   0.655 AU:3   
  123   133  0  75.3%   0.694 CG:3   
   42    60  0  67.1%   1.027 CG:3   
   41    61  0  58.7%   1.035 UA:3   
   64   105  0  56.4%   1.063 CG:3   
   63   106  0  56.2%   1.063 GC:3   
   65   104  0  56.1%   0.990 GC:3   
   77    93  0  54.5%   1.009 CG:3   
   81    91  0  52.7%   1.752 CG:3    +
   82    90  0  52.5%   1.757 UG:3    +
   83    89  0  51.2%   1.761 UA:3    +
   80    92  0  50.9%   1.411 UA:3    +
   15    34  0  50.5%   1.407 UA:3   
   15    33  0  48.3%   1.084 UA:3    +
   43    59  0  45.2%   1.290 AU:3   
   44    59  0  43.4%   1.653 GU:3    +
   64   107  0  41.4%   1.588 CG:3    +
   65   106  0  41.4%   1.771 GC:3    +
   63   108  0  41.2%   2.047 GC:3    +
   81    90  0  39.2%   1.107 CG:3   
   82    89  0  38.3%   1.110 UA:3   
   80    91  0  37.0%   1.117 UG:3   
   66   104  0  33.0%   1.440 GC:3    +
   83    88  0  30.1%   1.088 UA:3   
   76    95  0  23.8%   1.029 GC:3    +
    1   120  0  16.8%   1.068 CG:3    +
   62   108  0  11.6%   1.321 GC:3    +
   60   108  0   9.0%   1.001 GC:3    +
   59   109  0   7.7%   1.390 UA:3    +
   81    93  0   7.4%   1.615 CG:3    +
   82    92  0   7.3%   1.630 UA:3    +
   83    91  0   7.2%   1.986 UG:3    +
   80    94  0   7.2%   1.293 UA:3    +
   42    62  0   7.0%   1.120 CG:3    +
   51   116  0   6.7%   0.630 GC:3    +
   50   117  0   6.7%   0.769 CG:3    +
   52   115  0   6.7%   0.627 GC:3    +
   49   118  0   6.7%   0.841 CG:3    +
   54   113  0   6.6%   0.725 GC:3    +
   58   110  0   6.6%   0.692 AU:3    +
   55   112  0   6.4%   0.709 CG:3    +
    7    43  0   6.2%   0.599 UA:3    +
    8    42  0   6.0%   0.607 GC:3    +
    6    44  0   5.9%   0.596 CG:3    +
    5    45  0   5.6%   0.554 GU:3    +
    9    40  0   5.4%   0.525 CG:3    +
    3    47  0   4.8%   0.574 UG:3    +
    2    48  0   4.7%   0.568 CG:3    +
    7   114  0   3.9%   0.771 UG:3    +
   78    95  0   3.9%   0.733 GC:3    +
    1   118  0   3.0%   0.378 CG:3    +
    2   117  0   2.9%   0.549 CG:3    +
   85    89  0   2.8%   1.013 UA:3    +
    8   108  0   1.8%   0.445 GC:3    +
    9   107  0   1.8%   0.388 CG:3    +
   41    63  0   1.8%   0.699 UG:3    +
   40    64  0   1.8%   0.440 GC:3    +
   41    62  0   1.8%   0.627 UG:3    +
    7   109  0   1.8%   0.429 UA:3    +
   16    31  0   1.6%   0.236 GC:3    +
  107   113  0   0.9%   0.888 GC:3    +
  108   112  0   0.9%   1.369 CG:3    +
    4    42  0   0.9%   0.140 GC:3    +
   77    97  0   0.9%   0.493 CG:3    +
    5    41  0   0.9%   0.139 GU:3    +
    6    40  0   0.9%   0.139 CG:3    +
    3    43  0   0.9%   0.138 UA:3    +
    2    47  0   0.9%   0.189 CG:3    +
    7    39  0   0.9%   0.123 UG:3    +
    1    48  0   0.8%   0.146 CG:3    +
    2    44  0   0.8%   0.124 CG:3    +
    8    41  0   0.8%   0.176 GU:3    +
   68   103  0   0.8%   0.204 UA:3    +
   76    98  0   0.8%   0.473 GC:3    +
    3    46  0   0.6%   0.163 UG:3    +
  123   131  0   0.5%   0.109 CG:3    +
   61   110  0   0.5%   0.611 AU:3    +
  124   130  0   0.5%   0.107 UA:3    +
   72   104  0   0.4%   0.789 GC:3    +
   62   110  0   0.4%   0.839 GU:3    +
   73   103  0   0.4%   0.134 UA:3    +
   74   102  0   0.4%   0.260 UA:3    +
   71   105  0   0.4%   0.418 CG:3    +
   17    32  0   0.4%   0.141 GC:3    +
   18    31  0   0.4%   0.189 GC:3    +
   47   124  0   0.4%   0.339 GU:3    +
   46   125  0   0.4%   0.183 GC:3    +
   48   123  0   0.4%   0.328 GC:3    +
   20    29  0   0.4%   0.093 GC:3    +
   75   101  0   0.3%   0.076 AU:3    +
   21    28  0   0.3%   0.279 AU:3    +
   11   110  0   0.3%   0.092 GU:3    +
   60   111  0   0.3%   0.766 GU:3    +
   14    24  0   0.3%   0.053 CG:3    +
   13    25  0   0.3%   0.053 UA:3    +
   15    23  0   0.3%   0.053 UG:3    +
   12    26  0   0.3%   0.053 GU:3    +
   45   126  0   0.3%   0.358 UA:3    +
   16    22  0   0.3%   0.053 GC:3    +
   11    27  0   0.3%   0.053 GC:3    +
   10    28  0   0.3%   0.049 AU:3    +
    4    45  0   0.3%   0.104 GU:3    +
  120   125  0   0.3%   0.375 GC:3    +
   56   112  0   0.2%   0.405 CG:3    +
    5    31  0   0.2%   0.041 GC:3    +
    4    32  0   0.2%   0.042 GC:3    +
    6    30  0   0.2%   0.040 CG:3    +
   39    64  0   0.2%   0.098 GC:3    +
    3    33  0   0.2%   0.034 UA:3    +
    1    46  0   0.2%   0.036 CG:3    +
    1    47  0   0.2%   0.046 CG:3    +
   71    78  0   0.2%   0.039 CG:3    +
    2    46  0   0.2%   0.087 CG:3    +
   98   107  0   0.2%   0.537 CG:3    +
   72    77  0   0.2%   0.037 GC:3    +
   97   108  0   0.2%   1.018 GC:3    +
   99   106  0   0.2%   0.763 GC:3    +
   70    79  0   0.1%   0.034 UA:3    +
   38   117  0   0.1%   0.263 CG:3    +
   39   116  0   0.1%   0.173 GC:3    +
   40    49  0   0.1%   0.231 GC:3    +
   39    50  0   0.1%   0.081 GC:3    +
   41    48  0   0.1%   0.297 UG:3    +
   37   118  0   0.1%   0.250 CG:3    +
   42    47  0   0.1%   0.438 CG:3    +
  106   112  0   0.1%   1.056 CG:3    +
  105   113  0   0.1%   0.675 GC:3    +
   40   115  0   0.1%   0.383 GC:3    +
    8    29  0   0.1%   0.027 GC:3    +
   62   106  0   0.1%   0.294 GC:3    +
   38    65  0   0.1%   0.049 CG:3    +
   61   111  0   0.1%   0.601 AU:3    +
    9    39  0   0.1%   0.068 CG:3    +
   84    95  0   0.1%   0.494 GC:3    +
   85    94  0   0.1%   0.318 UA:3    +
   41   114  0   0.1%   0.811 UG:3    +
   37    66  0   0.1%   0.031 CG:3    +
   10   110  0   0.1%   0.041 AU:3    +
  106   114  0   0.1%   0.997 CG:3    +
   83    96  0   0.1%   1.018 UA:3    +
   60   110  0   0.1%   0.717 GU:3    +
  105   115  0   0.1%   0.647 GC:3    +
   98   105  0   0.1%   0.423 CG:3    +
   97   106  0   0.1%   0.789 GC:3    +
   99   104  0   0.1%   0.748 GC:3    +
    8    38  0   0.1%   0.029 GC:3    +
   69    80  0   0.1%   0.019 AU:3    +
  120   128  0   0.1%   0.336 GC:3    +
   78    98  0   0.1%   0.203 GC:3    +
   77    99  0   0.1%   0.411 CG:3    +
  128   133  0   0.1%   0.235 CG:3    +
   42   112  0   0.1%   0.795 CG:3    +
  107   111  0   0.1%   0.716 GU:3    +
    2   120  0   0.1%   0.756 CG:3    +
   43   111  0   0.1%   0.795 AU:3    +
   51    57  0   0.1%   0.083 GC:3    +
   50    54  0   0.1%   0.094 CG:3    +
   65    71  0   0.1%   0.022 GC:3    +
   52    56  0   0.1%   0.082 GC:3    +
   83    90  0   0.1%   1.425 UG:3    +
   66   106  0   0.1%   1.094 GC:3    +
    2    35  0   0.1%   0.014 CG:3    +
   64    72  0   0.0%   0.098 CG:3    +
   63    73  0   0.0%   0.087 GU:3    +
   38    51  0   0.0%   0.028 CG:3    +
   74    97  0   0.0%   0.129 UG:3    +
   40   108  0   0.0%   0.371 GC:3    +
   41    60  0   0.0%   0.104 UG:3    +
   37    52  0   0.0%   0.013 CG:3    +
    3   119  0   0.0%   0.337 UA:3    +
   58   111  0   0.0%   0.527 AU:3    +
   62    74  0   0.0%   0.272 GU:3    +
   38    66  0   0.0%   0.048 CG:3    +
   41   107  0   0.0%   0.637 UG:3    +
   56    62  0   0.0%   0.339 CG:3    +
   55    63  0   0.0%   0.148 CG:3    +
   54    64  0   0.0%   0.169 GC:3    +
   66    81  0   0.0%   0.022 GC:3    +
   87    93  0   0.0%   0.533 CG:3    +
   44   110  0   0.0%   0.604 GU:3    +
   82    97  0   0.0%   0.973 UG:3    +
   63   115  0   0.0%   1.037 GC:3    +
   64   114  0   0.0%   1.028 CG:3    +
   62   116  0   0.0%   0.815 GC:3    +
   65   113  0   0.0%   1.005 GC:3    +
    1    35  0   0.0%   0.008 CG:3    +
   32    39  0   0.0%   0.121 CG:3    +
   31    40  0   0.0%   0.340 CG:3    +
   65    82  0   0.0%   0.021 GU:3    +
   67    80  0   0.0%   0.008 AU:3    +
   18    27  0   0.0%   0.025 GC:3    +
    9    30  0   0.0%   0.021 CG:3    +
   19    26  0   0.0%   0.025 AU:3    +
  119   124  0   0.0%   0.034 AU:3    +
   65   108  0   0.0%   1.625 GC:3    +
    8    31  0   0.0%   0.029 GC:3    +
   57   112  0   0.0%   0.380 CG:3    +
   45   109  0   0.0%   0.380 UA:3    +
   81    99  0   0.0%   0.919 CG:3    +
   80   100  0   0.0%   0.929 UA:3    +
   85    90  0   0.0%   0.819 UG:3    +
    3    34  0   0.0%   0.018 UA:3    +
  118   125  0   0.0%   0.427 GC:3    +
   60   113  0   0.0%   0.804 GC:3    +
   80    89  0   0.0%   0.014 UA:3    +
   17    28  0   0.0%   0.022 GU:3    +
   16    29  0   0.0%   0.032 GC:3    +
   66    70  0   0.0%   0.018 GU:3    +
   30    41  0   0.0%   0.106 GU:3    +
   77   105  0   0.0%   0.747 CG:3    +
   76   106  0   0.0%   1.094 GC:3    +
   79   101  0   0.0%   0.053 AU:3    +
   78   104  0   0.0%   0.863 GC:3    +
    7   112  0   0.0%   0.292 UG:3    +
   39   108  0   0.0%   0.154 GC:3    +
   45   122  0   0.0%   0.309 UA:3    +
   67   111  0   0.0%   0.256 AU:3    +
   80    90  0   0.0%   0.016 UG:3    +
   38    62  0   0.0%   0.026 CG:3    +
   77    91  0   0.0%   0.019 CG:3    +
   22    30  0   0.0%   0.039 CG:3    +
   23    29  0   0.0%   0.066 GC:3    +
  125   133  0   0.0%   0.453 CG:3    +
   12   108  0   0.0%   0.100 GC:3    +
   23    27  0   0.0%   0.050 GC:3    +
   77    84  0   0.0%   0.016 CG:3    +
   82    88  0   0.0%   0.008 UA:3    +
  104   114  0   0.0%   0.968 CG:3    +
   76    85  0   0.0%   0.007 GU:3    +
   67   110  0   0.0%   0.276 AU:3    +
   68    79  0   0.0%   0.005 UA:3    +
   66   108  0   0.0%   1.305 GC:3    +
   60   125  0   0.0%   0.540 GC:3    +
   61   124  0   0.0%   0.375 AU:3    +
   68   109  0   0.0%   0.402 UA:3    +
   46   108  0   0.0%   0.200 GC:3    +
   30    77  0   0.0%   0.024 GC:3    +
   55   114  0   0.0%   0.488 CG:3    +
   31    76  0   0.0%   0.140 CG:3    +
   29    78  0   0.0%   0.048 CG:3    +
   62   123  0   0.0%   0.578 GC:3    +
   35    71  0   0.0%   0.014 GC:3    +
   36    70  0   0.0%   0.007 AU:3    +
   13   107  0   0.0%   0.098 UG:3    +
   10    41  0   0.0%   0.101 AU:3    +
   44   123  0   0.0%   0.575 GC:3    +
   64   112  0   0.0%   1.087 CG:3    +
   63   113  0   0.0%   1.060 GC:3    +
   48   106  0   0.0%   0.264 GC:3    +
  124   131  0   0.0%   0.085 UG:3    +
   65   111  0   0.0%   0.955 GU:3    +
   59   126  0   0.0%   0.941 UA:3    +
   90    95  0   0.0%   1.193 GC:3    +
   83    92  0   0.0%   1.438 UA:3    +
   49   105  0   0.0%   0.086 CG:3    +
  104   117  0   0.0%   1.118 CG:3    +
   28    79  0   0.0%   0.049 UA:3    +
   66   111  0   0.0%   0.637 GU:3    +
   71    76  0   0.0%   0.010 CG:3    +
   78    83  0   0.0%   0.015 GU:3    +
   54   115  0   0.0%   0.520 GC:3    +
   66   110  0   0.0%   0.658 GU:3    +
   77    90  0   0.0%   0.016 CG:3    +
   24    28  0   0.0%   0.065 GU:3    +
   82    91  0   0.0%   1.420 UG:3    +
  124   129  0   0.0%   0.029 UA:3    +
   73   100  0   0.0%   0.033 UA:3    +
  108   114  0   0.0%   1.222 CG:3    +
  107   115  0   0.0%   0.772 GC:3    +
   72   101  0   0.0%   0.044 GU:3    +
    7    30  0   0.0%   0.015 UG:3    +
    8   106  0   0.0%   0.228 GC:3    +
    9   105  0   0.0%   0.171 CG:3    +
   77   107  0   0.0%   0.841 CG:3    +
   76   108  0   0.0%   1.304 GC:3    +
   43   124  0   0.0%   0.579 AU:3    +
   67    82  0   0.0%   0.007 AU:3    +
   46   123  0   0.0%   0.121 GC:3    +
   44   128  0   0.0%   0.575 GC:3    +
   74    99  0   0.0%   0.114 UG:3    +
   39    45  0   0.0%   0.230 GU:3    +
   74    93  0   0.0%   0.006 UG:3    +
  105   116  0   0.0%   0.635 GC:3    +
   64    76  0   0.0%   0.094 CG:3    +
   63    77  0   0.0%   0.082 GC:3    +
   15    30  0   0.0%   0.036 UG:3    +
   33    74  0   0.0%   0.364 AU:3    +
   34    73  0   0.0%   0.349 AU:3    +
    4     9  0   0.0%   0.002 GC:3    +
    3    10  0   0.0%   0.001 UA:3    +
   73    96  0   0.0%   0.007 UA:3    +
   70   107  0   0.0%   0.466 UG:3    +
   95   107  0   0.0%   0.923 CG:3    +
   66    83  0   0.0%   0.018 GU:3    +
   78   106  0   0.0%   0.853 GC:3    +
    7   107  0   0.0%   0.216 UG:3    +
   40   110  0   0.0%   0.315 GU:3    +
    2    11  0   0.0%   0.001 CG:3    +
   67    73  0   0.0%   0.006 AU:3    +
    1    12  0   0.0%   0.001 CG:3    +
   74    94  0   0.0%   0.007 UA:3    +
   80    93  0   0.0%   1.056 UG:3    +
   73    94  0   0.0%   0.006 UA:3    +
  117   123  0   0.0%   0.419 GC:3    +
    6   112  0   0.0%   0.224 CG:3    +
   41   109  0   0.0%   0.630 UA:3    +
   72   106  0   0.0%   0.755 GC:3    +
   68    72  0   0.0%   0.005 UG:3    +
   59   112  0   0.0%   1.224 UG:3    +
    8   111  0   0.0%   0.301 GU:3    +
   71   107  0   0.0%   0.492 CG:3    +
    1   131  0   0.0%   0.470 CG:3    +
   66    74  0   0.0%   0.018 GU:3    +
    5   113  0   0.0%   0.218 GC:3    +
   62   111  0   0.0%   0.793 GU:3    +
   73   105  0   0.0%   0.396 UG:3    +
   72    95  0   0.0%   0.016 GC:3    +
   45   127  0   0.0%   0.324 UA:3    +
   66    71  0   0.0%   0.019 GC:3    +
   67   101  0   0.0%   0.005 AU:3    +
    8    64  0   0.0%   0.227 GC:3    +
   70   109  0   0.0%   0.296 UA:3    +
    9    63  0   0.0%   0.169 CG:3    +
   42   107  0   0.0%   0.753 CG:3    +
   42   114  0   0.0%   0.919 CG:3    +
    4   115  0   0.0%   0.073 GC:3    +
   57    62  0   0.0%   0.334 CG:3    +
   12    38  0   0.0%   0.039 GC:3    +
  117   128  0   0.0%   0.396 GC:3    +
   13    35  0   0.0%   0.025 UG:3    +
    7    65  0   0.0%   0.215 UG:3    +
   69   110  0   0.0%   0.291 AU:3    +
  117   125  0   0.0%   0.417 GC:3    +
  118   123  0   0.0%   0.422 GC:3    +
   87    91  0   0.0%   0.899 CG:3    +
   64    84  0   0.0%   0.092 CG:3    +
    1   117  0   0.0%   0.066 CG:3    +
   11   108  0   0.0%   0.102 GC:3    +
   29    35  0   0.0%   0.055 CG:3    +
   63    85  0   0.0%   0.081 GU:3    +
    2   131  0   0.0%   0.450 CG:3    +
   93   108  0   0.0%   1.444 GC:3    +
   72   108  0   0.0%   0.968 GC:3    +
  124   133  0   0.0%   0.465 UG:3    +
    7    33  0   0.0%   0.012 UA:3    +
    6    66  0   0.0%   0.223 CG:3    +
   40    59  0   0.0%   0.213 GU:3    +
   73   107  0   0.0%   0.492 UG:3    +
   52    57  0   0.0%   0.079 GC:3    +
   41    94  0   0.0%   0.555 UA:3    +
   40    95  0   0.0%   0.284 GC:3    +
   42    93  0   0.0%   0.675 CG:3    +
   65    83  0   0.0%   0.017 GU:3    +
   69    74  0   0.0%   0.005 AU:3    +
    3   118  0   0.0%   0.534 UG:3    +
    6    35  0   0.0%   0.020 CG:3    +
  118   124  0   0.0%   0.421 GU:3    +
    3   130  0   0.0%   0.332 UA:3    +
   51   104  0   0.0%   0.009 GC:3    +
   68    75  0   0.0%   0.001 UA:3    +
   28    36  0   0.0%   0.050 UA:3    +
  120   124  0   0.0%   0.331 GU:3    +
   29    60  0   0.0%   0.044 CG:3    +
    7    34  0   0.0%   0.003 UA:3    +
   28    61  0   0.0%   0.047 UA:3    +
  117   124  0   0.0%   0.418 GU:3    +
   71    91  0   0.0%   0.018 CG:3    +
   39   111  0   0.0%   0.286 GU:3    +
    5    37  0   0.0%   0.014 GC:3    +
    4    38  0   0.0%   0.015 GC:3    +
   62   113  0   0.0%   0.836 GC:3    +
   56   114  0   0.0%   0.329 CG:3    +
    8    32  0   0.0%   0.025 GC:3    +
    3    39  0   0.0%   0.014 UG:3    +
   70    92  0   0.0%   0.013 UA:3    +
   27    62  0   0.0%   0.031 CG:3    +
   73    89  0   0.0%   0.005 UA:3    +
   46    56  0   0.0%   0.051 GC:3    +
   30    64  0   0.0%   0.022 GC:3    +
   31    63  0   0.0%   0.137 CG:3    +
   32    62  0   0.0%   0.068 CG:3    +
    2    40  0   0.0%   0.005 CG:3    +
   78    87  0   0.0%   0.013 GC:3    +
   38    44  0   0.0%   0.224 CG:3    +
   29    65  0   0.0%   0.045 CG:3    +
   40   113  0   0.0%   0.393 GC:3    +
   44   108  0   0.0%   0.650 GC:3    +
   35   125  0   0.0%   0.013 GC:3    +
   74    88  0   0.0%   0.005 UA:3    +
   40    45  0   0.0%   0.379 GU:3    +
   82    93  0   0.0%   1.427 UG:3    +
   68   107  0   0.0%   0.570 UG:3    +
   36   124  0   0.0%   0.006 AU:3    +
   47    55  0   0.0%   0.208 GC:3    +
   76    81  0   0.0%   0.006 GC:3    +
    7    40  0   0.0%   0.084 UG:3    +
   14   107  0   0.0%   0.096 CG:3    +
   74   100  0   0.0%   0.115 UA:3    +
   75    82  0   0.0%   0.004 AU:3    +
   66    82  0   0.0%   0.019 GU:3    +
   80    88  0   0.0%   0.009 UA:3    +
   20    28  0   0.0%   0.035 GU:3    +
   47   125  0   0.0%   0.317 GC:3    +
   84    98  0   0.0%   0.065 GC:3    +
   11    37  0   0.0%   0.019 GC:3    +
   30    59  0   0.0%   0.021 GU:3    +
   81    97  0   0.0%   0.962 CG:3    +
   51    56  0   0.0%   0.071 GC:3    +
   65   116  0   0.0%   0.973 GC:3    +
   44   113  0   0.0%   0.677 GC:3    +
   83    99  0   0.0%   0.922 UG:3    +
   85    97  0   0.0%   0.177 UG:3    +
   54   108  0   0.0%   0.161 GC:3    +
   30    42  0   0.0%   0.232 GC:3    +
   55   107  0   0.0%   0.148 CG:3    +
   20    31  0   0.0%   0.164 GC:3    +
   85    91  0   0.0%   1.001 UG:3    +
    6   120  0   0.0%   0.631 CG:3    +
    7   119  0   0.0%   0.418 UA:3    +
    4   128  0   0.0%   0.141 GC:3    +
   65   110  0   0.0%   0.975 GU:3    +
   45   107  0   0.0%   0.379 UG:3    +
   82   100  0   0.0%   0.917 UA:3    +
  101   105  0   0.0%   0.394 UG:3    +
    9   117  0   0.0%   0.547 CG:3    +
   39   110  0   0.0%   0.102 GU:3    +
   64   117  0   0.0%   1.176 CG:3    +
   46   128  0   0.0%   0.141 GC:3    +
   17    22  0   0.0%   0.018 GC:3    +
   47   123  0   0.0%   0.276 GC:3    +
   41    58  0   0.0%   0.094 UA:3    +
   48   124  0   0.0%   0.306 GU:3    +
    1   133  0   0.0%   0.470 CG:3    +
   52   116  0   0.0%   0.448 GC:3    +
   12    55  0   0.0%   0.022 GC:3    +
   65    81  0   0.0%   0.014 GC:3    +
   45   112  0   0.0%   0.414 UG:3    +
   65    77  0   0.0%   0.015 GC:3    +
   11    56  0   0.0%   0.029 GC:3    +
   59   119  0   0.0%   0.924 UA:3    +
   50   105  0   0.0%   0.016 CG:3    +
   39    59  0   0.0%   0.062 GU:3    +
   66   115  0   0.0%   0.651 GC:3    +
   41    79  0   0.0%   0.555 UA:3    +
   42    78  0   0.0%   0.676 CG:3    +
   40    80  0   0.0%   0.284 GU:3    +
   18    32  0   0.0%   0.100 GC:3    +
   96   110  0   0.0%   0.374 AU:3    +
   39    81  0   0.0%   0.074 GC:3    +
    3   129  0   0.0%   0.331 UA:3    +
   14   105  0   0.0%   0.023 CG:3    +
   45   129  0   0.0%   0.324 UA:3    +
   77   112  0   0.0%   0.701 CG:3    +
   76   113  0   0.0%   0.678 GC:3    +
  100   110  0   0.0%   0.281 AU:3    +
   60    77  0   0.0%   0.273 GC:3    +
   36    68  0   0.0%   0.004 AU:3    +
   42    63  0   0.0%   0.748 CG:3    +
   99   111  0   0.0%   0.279 GU:3    +
   39   106  0   0.0%   0.075 GC:3    +
   68   100  0   0.0%   0.002 UA:3    +
   78   111  0   0.0%   0.394 GU:3    +
   44    57  0   0.0%   0.207 GC:3    +
  101   109  0   0.0%   0.312 UA:3    +
   98   112  0   0.0%   0.377 CG:3    +
   97   113  0   0.0%   0.372 GC:3    +
   66    77  0   0.0%   0.016 GC:3    +
    1    44  0   0.0%   0.003 CG:3    +
   13    54  0   0.0%   0.022 UG:3    +
   56    63  0   0.0%   0.150 CG:3    +
   45   121  0   0.0%   0.304 UA:3    +
   38    60  0   0.0%   0.021 CG:3    +
   28    43  0   0.0%   0.260 UA:3    +
   12    31  0   0.0%   0.034 GC:3    +
   11    32  0   0.0%   0.032 GC:3    +
  105   110  0   0.0%   0.626 GU:3    +
   79   110  0   0.0%   0.284 AU:3    +
   82    96  0   0.0%   1.000 UA:3    +
   82    86  0   0.0%   0.004 UA:3    +
   41   112  0   0.0%   0.664 UG:3    +
   68   105  0   0.0%   0.451 UG:3    +
   30   106  0   0.0%   0.023 GC:3    +
   49   120  0   0.0%   0.568 CG:3    +
   31   105  0   0.0%   0.138 CG:3    +
   55    62  0   0.0%   0.327 CG:3    +
   68    84  0   0.0%   0.002 UG:3    +
   61    70  0   0.0%   0.314 AU:3    +
   60    71  0   0.0%   0.273 GC:3    +
   64   120  0   0.0%   1.088 CG:3    +
   29   107  0   0.0%   0.120 CG:3    +
   65    70  0   0.0%   0.011 GU:3    +
  113   118  0   0.0%   0.740 CG:3    +
    5    49  0   0.0%   0.217 GC:3    +
    4    50  0   0.0%   0.072 GC:3    +
   50   118  0   0.0%   0.592 CG:3    +
    6    48  0   0.0%   0.407 CG:3    +
   73   109  0   0.0%   0.321 UA:3    +
    5   116  0   0.0%   0.352 GC:3    +
  103   110  0   0.0%   0.333 AU:3    +
   67    85  0   0.0%   0.004 AU:3    +
   72   110  0   0.0%   0.321 GU:3    +
    8   110  0   0.0%   0.300 GU:3    +
    7    47  0   0.0%   0.412 UG:3    +
   13    30  0   0.0%   0.034 UG:3    +
   65    95  0   0.0%   0.017 GC:3    +
   70   103  0   0.0%   0.060 UA:3    +
    3    51  0   0.0%   0.230 UG:3    +
   93   110  0   0.0%   0.797 GU:3    +
   46   124  0   0.0%   0.120 GU:3    +
    2    52  0   0.0%   0.240 CG:3    +
   92   110  0   0.0%   0.806 AU:3    +
  113   120  0   0.0%   0.647 CG:3    +
   29    39  0   0.0%   0.093 CG:3    +
   30    38  0   0.0%   0.035 GC:3    +
   14    20  0   0.0%   0.000 CG:3    +
   85    92  0   0.0%   0.640 UA:3    +
   66    80  0   0.0%   0.014 GU:3    +
   64    78  0   0.0%   0.093 CG:3    +
   13    21  0   0.0%   0.000 UA:3    +
   11    57  0   0.0%   0.029 GC:3    +
   80   109  0   0.0%   1.189 UA:3    +
   12    22  0   0.0%   0.001 GC:3    +
   67    74  0   0.0%   0.004 AU:3    +
   27    35  0   0.0%   0.041 CG:3    +
   45    60  0   0.0%   0.572 UG:3    +
   38    46  0   0.0%   0.067 CG:3    +
   12    56  0   0.0%   0.023 GC:3    +
   39   104  0   0.0%   0.074 GC:3    +
   37    47  0   0.0%   0.202 CG:3    +
   74    86  0   0.0%   0.004 UA:3    +
   26    36  0   0.0%   0.219 UA:3    +
   28    66  0   0.0%   0.047 UG:3    +
   28    34  0   0.0%   0.393 UA:3    +
    6   118  0   0.0%   0.533 CG:3    +
    7   117  0   0.0%   0.615 UG:3    +
   65    87  0   0.0%   0.016 GC:3    +
   45   120  0   0.0%   0.607 UG:3    +
  118   128  0   0.0%   0.401 GC:3    +
   12   106  0   0.0%   0.023 GC:3    +
   24    37  0   0.0%   0.023 GC:3    +
   15    19  0   0.0%   0.000 UA:3    +
   67    83  0   0.0%   0.004 AU:3    +
   23    38  0   0.0%   0.037 GC:3    +
   59   114  0   0.0%   1.160 UG:3    +
    7    44  0   0.0%   0.421 UG:3    +
   94   110  0   0.0%   0.468 AU:3    +
    9    62  0   0.0%   0.169 CG:3    +
   40   128  0   0.0%   0.297 GC:3    +
   62    87  0   0.0%   0.266 GC:3    +
   35   123  0   0.0%   0.012 GC:3    +
    2   133  0   0.0%   0.449 CG:3    +
   35    42  0   0.0%   0.223 GC:3    +
    8   116  0   0.0%   0.472 GC:3    +
   75    80  0   0.0%   0.008 AU:3    +
   14   118  0   0.0%   0.228 CG:3    +
   59   107  0   0.0%   0.800 UG:3    +
    3    48  0   0.0%   0.415 UG:3    +
   83    93  0   0.0%   1.424 UG:3    +
   76   104  0   0.0%   1.099 GC:3    +
   75    85  0   0.0%   0.001 AU:3    +
    4    64  0   0.0%   0.072 GC:3    +
   41   127  0   0.0%   0.565 UA:3    +
    6    62  0   0.0%   0.222 CG:3    +
   70   102  0   0.0%   0.106 UA:3    +
    7    61  0   0.0%   0.214 UA:3    +
   82    94  0   0.0%   1.094 UA:3    +
   69    83  0   0.0%   0.007 AU:3    +
    3    65  0   0.0%   0.230 UG:3    +
   80   102  0   0.0%   1.024 UA:3    +
   91    95  0   0.0%   1.375 GC:3    +
    4   125  0   0.0%   0.140 GC:3    +
    2    66  0   0.0%   0.240 CG:3    +
   15   117  0   0.0%   0.916 UG:3    +
   13    94  0   0.0%   0.022 UA:3    +
   14    93  0   0.0%   0.022 CG:3    +
   12    95  0   0.0%   0.022 GC:3    +
   34   124  0   0.0%   0.348 AU:3    +
   55    60  0   0.0%   0.338 CG:3    +
   11    42  0   0.0%   0.240 GC:3    +
   12   104  0   0.0%   0.022 GC:3    +
   99   108  0   0.0%   0.958 GC:3    +
   13   119  0   0.0%   0.026 UA:3    +
   56    60  0   0.0%   0.342 CG:3    +
   60    87  0   0.0%   0.272 GC:3    +
    2    65  0   0.0%   0.240 CG:3    +
    1    66  0   0.0%   0.065 CG:3    +
    3   132  0   0.0%   0.332 UA:3    +
   16   116  0   0.0%   0.183 GC:3    +
   35    68  0   0.0%   0.011 GU:3    +
   79    85  0   0.0%   0.014 AU:3    +
    8    28  0   0.0%   0.000 GU:3    +
   80    96  0   0.0%   1.010 UA:3    +
    3   126  0   0.0%   0.331 UA:3    +
    6    54  0   0.0%   0.222 CG:3    +
    7    53  0   0.0%   0.214 UA:3    +
   43   110  0   0.0%   0.599 AU:3    +
   36    41  0   0.0%   0.088 AU:3    +
   34    68  0   0.0%   0.348 AU:3    +
   37    63  0   0.0%   0.008 CG:3    +
   13   105  0   0.0%   0.023 UG:3    +
   13   109  0   0.0%   0.095 UA:3    +
    5    55  0   0.0%   0.217 GC:3    +
   92   111  0   0.0%   0.785 AU:3    +
   80    84  0   0.0%   0.010 UG:3    +
   83    94  0   0.0%   1.091 UA:3    +
   48   115  0   0.0%   0.339 GC:3    +
   47   116  0   0.0%   0.351 GC:3    +
    4    56  0   0.0%   0.072 GC:3    +
   59   120  0   0.0%   1.224 UG:3    +
   17   115  0   0.0%   0.121 GC:3    +
   39   113  0   0.0%   0.181 GC:3    +
   65    85  0   0.0%   0.016 GU:3    +
  105   111  0   0.0%   0.604 GU:3    +
   27    44  0   0.0%   0.237 CG:3    +
   49   114  0   0.0%   0.322 CG:3    +
   73   102  0   0.0%   0.108 UA:3    +
   30    55  0   0.0%   0.021 GC:3    +
   31    54  0   0.0%   0.136 CG:3    +
   11   106  0   0.0%   0.029 GC:3    +
   74    78  0   0.0%   0.016 UG:3    +
   41    67  0   0.0%   0.554 UA:3    +
   42    66  0   0.0%   0.686 CG:3    +
   74    79  0   0.0%   0.016 UA:3    +
   15    92  0   0.0%   0.715 UA:3    +
    9    51  0   0.0%   0.169 CG:3    +
   38    47  0   0.0%   0.215 CG:3    +
   37    48  0   0.0%   0.189 CG:3    +
  104   118  0   0.0%   1.121 CG:3    +
   13   103  0   0.0%   0.022 UA:3    +
   72    87  0   0.0%   0.015 GC:3    +
   40    68  0   0.0%   0.284 GU:3    +
   91   111  0   0.0%   1.146 GU:3    +
   66    95  0   0.0%   0.018 GC:3    +
   53    59  0   0.0%   0.722 AU:3    +
   23    32  0   0.0%   0.086 GC:3    +
   24    31  0   0.0%   0.152 GC:3    +
   63   110  0   0.0%   1.037 GU:3    +
   80    97  0   0.0%   0.976 UG:3    +
   84   108  0   0.0%   0.927 GC:3    +
   73    86  0   0.0%   0.005 UA:3    +
   15    39  0   0.0%   0.764 UG:3    +
   16    38  0   0.0%   0.132 GC:3    +
   14    40  0   0.0%   0.221 CG:3    +
   28    40  0   0.0%   0.246 UG:3    +
   17    37  0   0.0%   0.057 GC:3    +
   39   128  0   0.0%   0.086 GC:3    +
   48   125  0   0.0%   0.305 GC:3    +
  110   121  0   0.0%   0.270 UA:3    +
   85   107  0   0.0%   0.556 UG:3    +
   11   111  0   0.0%   0.257 GU:3    +
   59    88  0   0.0%   0.722 UA:3    +
   22    39  0   0.0%   0.068 CG:3    +
   35    56  0   0.0%   0.011 GC:3    +
   94   111  0   0.0%   0.446 AU:3    +
   62    81  0   0.0%   0.266 GC:3    +
   59    72  0   0.0%   0.722 UG:3    +
   12    27  0   0.0%   0.036 GC:3    +
   75    83  0   0.0%   0.001 AU:3    +
   17    29  0   0.0%   0.013 GC:3    +
  111   120  0   0.0%   0.556 UG:3    +
   44   125  0   0.0%   0.574 GC:3    +
   73    79  0   0.0%   0.017 UA:3    +
   35    55  0   0.0%   0.011 GC:3    +
   27    66  0   0.0%   0.031 CG:3    +
   11   104  0   0.0%   0.029 GC:3    +
   12   110  0   0.0%   0.050 GU:3    +
   14    54  0   0.0%   0.022 CG:3    +
   40    55  0   0.0%   0.212 GC:3    +
   26    67  0   0.0%   0.215 UA:3    +
   39    56  0   0.0%   0.062 GC:3    +
   30   108  0   0.0%   0.097 GC:3    +
   31   107  0   0.0%   0.212 CG:3    +
   61    82  0   0.0%   0.313 AU:3    +
   45    61  0   0.0%   0.614 UA:3    +
   63    80  0   0.0%   0.080 GU:3    +
   20    26  0   0.0%   0.020 GU:3    +
   52   110  0   0.0%   0.037 GU:3    +
   85    93  0   0.0%   0.628 UG:3    +
   25    68  0   0.0%   0.018 AU:3    +
   55    66  0   0.0%   0.081 CG:3    +
   56    65  0   0.0%   0.083 CG:3    +
   23    71  0   0.0%   0.021 GC:3    +
   22    72  0   0.0%   0.019 CG:3    +
   21    73  0   0.0%   0.214 AU:3    +
   58    73  0   0.0%   0.124 AU:3    +
   59   121  0   0.0%   0.920 UA:3    +
   93   111  0   0.0%   0.775 GU:3    +
   66   113  0   0.0%   0.681 GC:3    +
  104   112  0   0.0%   1.027 CG:3    +
   71    90  0   0.0%   0.017 CG:3    +
   66    73  0   0.0%   0.018 GU:3    +
   66   101  0   0.0%   0.017 GU:3    +
   83   109  0   0.0%   1.181 UA:3    +
   65    74  0   0.0%   0.017 GU:3    +
   84   101  0   0.0%   0.048 GU:3    +
   50    65  0   0.0%   0.023 CG:3    +
   57   114  0   0.0%   0.313 CG:3    +
   51   111  0   0.0%   0.223 GU:3    +
   20    74  0   0.0%   0.030 GU:3    +
   85   100  0   0.0%   0.123 UA:3    +
   60   106  0   0.0%   0.273 GC:3    +
   83   102  0   0.0%   1.015 UA:3    +
    3    44  0   0.0%   0.095 UG:3    +
   50   112  0   0.0%   0.124 CG:3    +
   44   111  0   0.0%   0.787 GU:3    +
   57    90  0   0.0%   0.071 CG:3    +
   57    65  0   0.0%   0.081 CG:3    +
   83   129  0   0.0%   0.908 UA:3    +
   84   128  0   0.0%   0.011 GC:3    +
   82   130  0   0.0%   0.906 UA:3    +
   81   131  0   0.0%   0.903 CG:3    +
   56    91  0   0.0%   0.074 CG:3    +
   76    82  0   0.0%   0.006 GU:3    +
   56    66  0   0.0%   0.085 CG:3    +
    7    96  0   0.0%   0.214 UA:3    +
    8    95  0   0.0%   0.226 GC:3    +
   16    57  0   0.0%   0.115 GC:3    +
   17    56  0   0.0%   0.054 GC:3    +
   55    65  0   0.0%   0.079 CG:3    +
   11    28  0   0.0%   0.034 GU:3    +
    6    97  0   0.0%   0.223 CG:3    +
    9    60  0   0.0%   0.168 CG:3    +
    5    98  0   0.0%   0.217 GC:3    +
   35   116  0   0.0%   0.080 GC:3    +
   51    55  0   0.0%   0.071 GC:3    +
   15    53  0   0.0%   0.715 UA:3    +
   18    55  0   0.0%   0.034 GC:3    +
   95   112  0   0.0%   0.783 CG:3    +
   14   120  0   0.0%   0.326 CG:3    +
   60    83  0   0.0%   0.272 GU:3    +
   24    70  0   0.0%   0.019 GU:3    +
   40   111  0   0.0%   0.498 GU:3    +
   96   111  0   0.0%   0.352 AU:3    +
    3   120  0   0.0%   0.635 UG:3    +
    8    77  0   0.0%   0.226 GC:3    +
    9    76  0   0.0%   0.169 CG:3    +
   33    73  0   0.0%   0.363 AU:3    +
   37    62  0   0.0%   0.008 CG:3    +
  116   120  0   0.0%   0.566 CG:3    +
   85   127  0   0.0%   0.112 UA:3    +
   44    64  0   0.0%   0.654 GC:3    +
   15    58  0   0.0%   0.715 UA:3    +
   70   105  0   0.0%   0.346 UG:3    +
   72    80  0   0.0%   0.022 GU:3    +
   45   119  0   0.0%   0.307 UA:3    +
   74    84  0   0.0%   0.005 UG:3    +
   42    52  0   0.0%   0.224 CG:3    +
   90   113  0   0.0%   1.006 GC:3    +
   68    92  0   0.0%   0.002 UA:3    +
   42    46  0   0.0%   0.262 CG:3    +
  111   118  0   0.0%   0.649 UG:3    +
   82   103  0   0.0%   0.969 UA:3    +
   13   121  0   0.0%   0.023 UA:3    +
   42   131  0   0.0%   0.681 CG:3    +
   80    86  0   0.0%   0.008 UA:3    +
    9    65  0   0.0%   0.169 CG:3    +
   66    87  0   0.0%   0.017 GC:3    +
   50    66  0   0.0%   0.025 CG:3    +
   62    71  0   0.0%   0.264 GC:3    +
   20    42  0   0.0%   0.242 GC:3    +
   39    95  0   0.0%   0.074 GC:3    +
    3   121  0   0.0%   0.331 UA:3    +
   21    41  0   0.0%   0.296 AU:3    +
   63   104  0   0.0%   0.081 GC:3    +
   74    92  0   0.0%   0.005 UA:3    +
   41    54  0   0.0%   0.094 UG:3    +
    5   124  0   0.0%   0.285 GU:3    +
   39    68  0   0.0%   0.074 GU:3    +
  110   119  0   0.0%   0.274 UA:3    +
   76    87  0   0.0%   0.004 GC:3    +
   80   132  0   0.0%   0.916 UA:3    +
    2    39  0   0.0%   0.004 CG:3    +
   40   106  0   0.0%   0.285 GC:3    +
.(((((.((((((((((((((....)))).)).)))))..(((.(((((....)))))))).(((..(((((((..(..((((....)))).)..))))))).)))....))))))))....(((.....)))
