3 sequence; length of alignment 87
alifold output
   44    65  0 100.0%   0.000 CG:3   
   47    62  0 100.0%   0.004 GC:3   
   43    66  0  99.9%   0.003 UA:3   
   45    64  0  99.9%   0.004 AU:3   
   46    63  0  99.9%   0.004 AU:3   
   42    67  0  99.7%   0.008 UA:3   
   48    61  0  99.5%   0.019 GC:3   
   41    68  0  99.4%   0.039 CG:3   
   12    19  0  91.6%   0.263 AU:3   
   11    20  0  91.5%   0.293 CG:3   
   13    18  0  91.3%   0.279 CG:3   
   10    21  0  89.4%   0.361 CG:3   
   40    69  0  74.5%   0.953 UA:3   
   36    72  0  57.1%   1.038 AU:3   
   35    73  0  56.3%   1.113 AU:3   
   37    71  0  54.8%   1.008 CG:3   
   34    74  0  51.8%   1.409 GU:3   
    4    27  0  48.0%   1.082 GC:3    +
    3    28  0  47.7%   1.071 UA:3    +
    2    29  0  46.9%   1.068 AU:3    +
    5    26  0  46.3%   1.082 UA:3    +
   24    81  0  42.9%   1.225 CG:3   
   23    82  0  42.9%   1.675 GC:3   
   25    80  0  42.8%   1.391 CG:3   
    1    30  0  41.6%   1.152 GU:3    +
   51    58  0  38.6%   1.103 CG:3    +
   22    83  0  38.3%   1.116 AU:3   
    8    23  0  35.0%   1.161 CG:3    +
   71    82  0  26.6%   2.205 GC:3    +
   72    81  0  26.5%   2.105 UG:3    +
   70    83  0  25.3%   1.637 AU:3    +
   73    80  0  23.6%   2.108 UG:3    +
   69    84  0  17.5%   1.504 AU:3    +
   74    79  0  16.5%   1.600 UA:3    +
   32    39  0  15.9%   0.954 CG:3    +
   33    38  0  15.7%   1.165 GC:3    +
   31    76  0  14.1%   1.361 GC:3    +
   31    40  0  13.0%   1.066 GU:3    +
   32    85  0   8.6%   1.157 CG:3    +
   31    86  0   8.5%   1.740 GC:3    +
   52    58  0   7.6%   0.958 CG:3    +
   18    27  0   7.5%   1.041 GC:3    +
   19    26  0   7.5%   1.027 UA:3    +
   13    31  0   7.4%   0.681 CG:3    +
   20    25  0   7.4%   0.700 GC:3    +
   14    30  0   7.4%   0.958 AU:3    +
   11    33  0   7.1%   0.707 CG:3    +
   10    34  0   7.0%   0.731 CG:3    +
   15    29  0   6.9%   0.913 GU:3    +
   33    84  0   6.5%   1.523 GU:3    +
   38    71  0   6.0%   1.170 CG:3    +
   33    76  0   5.2%   1.357 GC:3    +
   17    28  0   4.0%   0.871 UA:3    +
   31    82  0   3.9%   1.727 GC:3    +
   32    81  0   3.9%   1.185 CG:3    +
   16    28  0   3.5%   0.704 UA:3    +
   30    79  0   3.0%   0.991 UA:3    +
   36    73  0   3.0%   1.038 AU:3    +
   31    78  0   2.9%   1.204 GU:3    +
   81    86  0   2.9%   1.672 GC:3    +
   80    87  0   2.8%   1.286 GC:3    +
    9    23  0   2.8%   0.746 CG:3    +
   34    83  0   2.6%   1.448 GU:3    +
   35    74  0   2.6%   1.099 AU:3    +
   34    76  0   2.4%   1.353 GC:3    +
   33    77  0   2.3%   1.100 GU:3    +
   21    84  0   2.0%   0.397 GU:3    +
   29    79  0   1.8%   0.773 UA:3    +
   71    76  0   1.8%   1.248 GC:3    +
   70    77  0   1.7%   0.397 AU:3    +
   37    81  0   1.5%   1.161 CG:3    +
   38    80  0   1.5%   1.202 CG:3    +
   34    73  0   1.5%   0.440 GU:3    +
   35    72  0   1.4%   0.203 AU:3    +
   33    74  0   1.3%   0.748 GU:3    +
    4    82  0   1.3%   0.584 GC:3    +
   28    77  0   1.2%   0.762 AU:3    +
   69    78  0   1.2%   0.583 AU:3    +
    5    81  0   1.1%   0.541 UG:3    +
    6    80  0   1.1%   0.194 CG:3    +
   28    78  0   1.1%   0.822 AU:3    +
   37    80  0   0.7%   0.932 CG:3    +
   23    32  0   0.6%   0.603 GC:3    +
   24    31  0   0.6%   0.295 CG:3    +
   30    75  0   0.6%   0.666 UA:3    +
    3    39  0   0.5%   0.445 UG:3    +
    9    21  0   0.5%   0.116 CG:3    +
    4    38  0   0.5%   0.465 GC:3    +
   34    86  0   0.5%   1.232 GC:3    +
   33    87  0   0.5%   1.149 GC:3    +
    2    40  0   0.5%   0.436 AU:3    +
    4    86  0   0.5%   0.556 GC:3    +
   76    81  0   0.5%   1.689 CG:3    +
    5    85  0   0.4%   0.511 UG:3    +
   26    78  0   0.4%   0.627 AU:3    +
   10    20  0   0.3%   0.073 CG:3    +
    1    41  0   0.3%   0.492 GC:3    +
   27    33  0   0.3%   0.852 CG:3    +
    7    80  0   0.3%   0.162 CG:3    +
    6    81  0   0.3%   0.202 CG:3    +
    1     8  0   0.3%   0.080 GC:3    +
   34    82  0   0.3%   1.357 GC:3    +
    7    23  0   0.3%   0.079 CG:3    +
    6    34  0   0.3%   0.078 CG:3    +
   11    18  0   0.3%   0.054 CG:3    +
    7    33  0   0.3%   0.083 CG:3    +
   31    74  0   0.3%   0.561 GU:3    +
   76    85  0   0.3%   0.957 CG:3    +
   31    77  0   0.3%   0.908 GU:3    +
   23    86  0   0.3%   0.982 GC:3    +
   24    85  0   0.2%   0.488 CG:3    +
   80    86  0   0.2%   1.294 GC:3    +
   35    83  0   0.2%   1.042 AU:3    +
    5    35  0   0.2%   0.408 UA:3    +
    1     6  0   0.2%   0.042 GC:3    +
   12    17  0   0.2%   0.048 AU:3    +
    8    80  0   0.2%   0.521 CG:3    +
    7    81  0   0.2%   0.181 CG:3    +
   35    84  0   0.2%   0.865 AU:3    +
    1     7  0   0.2%   0.050 GC:3    +
   36    83  0   0.2%   0.987 AU:3    +
    6    23  0   0.2%   0.052 CG:3    +
   29    80  0   0.2%   1.119 UG:3    +
   22    84  0   0.2%   0.503 AU:3    +
    9    33  0   0.2%   0.207 CG:3    +
    8    34  0   0.2%   0.459 CG:3    +
    9    80  0   0.2%   0.286 CG:3    +
    8    81  0   0.2%   0.542 CG:3    +
   34    78  0   0.2%   0.956 GU:3    +
   33    83  0   0.2%   1.274 GU:3    +
    1    32  0   0.2%   0.453 GC:3    +
   35    78  0   0.2%   0.724 AU:3    +
    2    84  0   0.1%   0.431 AU:3    +
   25    33  0   0.1%   0.457 CG:3    +
    4    37  0   0.1%   0.404 GC:3    +
   24    34  0   0.1%   0.289 CG:3    +
   35    77  0   0.1%   0.682 AU:3    +
    9    34  0   0.1%   0.222 CG:3    +
   39    76  0   0.1%   0.879 GC:3    +
   33    86  0   0.1%   1.346 GC:3    +
   34    84  0   0.1%   1.185 GU:3    +
    2    83  0   0.1%   0.411 AU:3    +
    1    86  0   0.1%   0.488 GC:3    +
    5    36  0   0.1%   0.406 UA:3    +
   36    77  0   0.1%   0.637 AU:3    +
    1    84  0   0.1%   0.480 GU:3    +
    4    13  0   0.1%   0.036 GC:3    +
   10    33  0   0.1%   0.179 CG:3    +
    1     9  0   0.1%   0.067 GC:3    +
    9    20  0   0.1%   0.044 CG:3    +
    8    21  0   0.1%   0.050 CG:3    +
    5    12  0   0.1%   0.023 UA:3    +
   29    75  0   0.1%   0.568 UA:3    +
    4     9  0   0.1%   0.031 GC:3    +
   73    79  0   0.1%   0.701 UA:3    +
   40    70  0   0.1%   0.534 UA:3    +
    3    14  0   0.1%   0.021 UA:3    +
   18    86  0   0.1%   0.353 GC:3    +
   71    86  0   0.1%   1.263 GC:3    +
   72    85  0   0.1%   1.036 UG:3    +
   39    78  0   0.1%   0.560 GU:3    +
   36    74  0   0.1%   0.964 AU:3    +
   32    80  0   0.1%   0.826 CG:3    +
    7    34  0   0.1%   0.082 CG:3    +
    8    33  0   0.1%   0.431 CG:3    +
   27    31  0   0.1%   0.798 CG:3    +
   19    85  0   0.1%   0.328 UG:3    +
   33    78  0   0.1%   1.047 GU:3    +
   68    86  0   0.1%   0.329 GC:3    +
   31    38  0   0.1%   0.282 GC:3    +
   76    80  0   0.1%   1.542 CG:3    +
   40    75  0   0.1%   0.570 UA:3    +
   39    86  0   0.1%   0.664 GC:3    +
   34    72  0   0.0%   0.262 GU:3    +
   72    80  0   0.0%   0.980 UG:3    +
   34    38  0   0.0%   0.575 GC:3    +
   40    85  0   0.0%   0.804 UG:3    +
    4    25  0   0.0%   0.030 GC:3    +
   18    87  0   0.0%   0.319 GC:3    +
   33    73  0   0.0%   0.565 GU:3    +
   13    20  0   0.0%   0.214 CG:3    +
   27    81  0   0.0%   1.048 CG:3    +
   74    80  0   0.0%   1.747 UG:3    +
   20    84  0   0.0%   0.340 GU:3    +
   14    19  0   0.0%   0.096 AU:3    +
    3    26  0   0.0%   0.017 UA:3    +
   27    34  0   0.0%   0.821 CG:3    +
   71    78  0   0.0%   0.846 GU:3    +
   34    77  0   0.0%   0.908 GU:3    +
    1    87  0   0.0%   0.479 GC:3    +
    6    21  0   0.0%   0.022 CG:3    +
   79    84  0   0.0%   1.118 AU:3    +
    7    20  0   0.0%   0.020 CG:3    +
   27    80  0   0.0%   1.043 CG:3    +
    2    30  0   0.0%   0.729 AU:3    +
   78    85  0   0.0%   0.565 UG:3    +
    6    85  0   0.0%   0.146 CG:3    +
   70    84  0   0.0%   1.055 AU:3    +
    4     8  0   0.0%   0.025 GC:3    +
   30    35  0   0.0%   0.587 UA:3    +
   70    78  0   0.0%   0.343 AU:3    +
   72    79  0   0.0%   0.577 UA:3    +
   33    37  0   0.0%   0.278 GC:3    +
   11    31  0   0.0%   0.109 CG:3    +
   32    71  0   0.0%   0.343 CG:3    +
   31    72  0   0.0%   0.517 GU:3    +
    7    21  0   0.0%   0.023 CG:3    +
    8    20  0   0.0%   0.029 CG:3    +
   26    83  0   0.0%   0.967 AU:3    +
   71    77  0   0.0%   0.830 GU:3    +
   73    81  0   0.0%   1.857 UG:3    +
   26    77  0   0.0%   0.564 AU:3    +
    9    31  0   0.0%   0.157 CG:3    +
   39    74  0   0.0%   0.850 GU:3    +
   21    86  0   0.0%   0.267 GC:3    +
   26    30  0   0.0%   1.124 AU:3    +
   33    82  0   0.0%   1.414 GC:3    +
   39    72  0   0.0%   0.718 GU:3    +
   12    30  0   0.0%   0.474 AU:3    +
    1    27  0   0.0%   0.060 GC:3    +
   30    80  0   0.0%   1.180 UG:3    +
   27    85  0   0.0%   0.643 CG:3    +
    9    18  0   0.0%   0.020 CG:3    +
   28    84  0   0.0%   0.819 AU:3    +
   31    37  0   0.0%   0.254 GC:3    +
   31    87  0   0.0%   1.275 GC:3    +
   33    72  0   0.0%   0.561 GU:3    +
    4    11  0   0.0%   0.014 GC:3    +
   25    31  0   0.0%   0.434 CG:3    +
   20    87  0   0.0%   0.328 GC:3    +
   15    86  0   0.0%   0.228 GC:3    +
    7    85  0   0.0%   0.118 CG:3    +
   29    36  0   0.0%   0.557 UA:3    +
   16    85  0   0.0%   0.156 UG:3    +
    5    22  0   0.0%   0.012 UA:3    +
   20    27  0   0.0%   0.862 GC:3    +
    8    85  0   0.0%   0.471 CG:3    +
   15    30  0   0.0%   0.753 GU:3    +
   30    39  0   0.0%   0.605 UG:3    +
   38    85  0   0.0%   0.833 CG:3    +
    9    85  0   0.0%   0.218 CG:3    +
    8    31  0   0.0%   0.402 CG:3    +
    6    39  0   0.0%   0.076 CG:3    +
   19    28  0   0.0%   0.880 UA:3    +
   39    73  0   0.0%   0.827 GU:3    +
   39    77  0   0.0%   0.521 GU:3    +
    3    12  0   0.0%   0.004 UA:3    +
    1    38  0   0.0%   0.437 GC:3    +
    4    76  0   0.0%   0.416 GC:3    +
    2    16  0   0.0%   0.004 AU:3    +
   20    86  0   0.0%   0.360 GC:3    +
   15    32  0   0.0%   0.202 GC:3    +
    4    83  0   0.0%   0.482 GU:3    +
    1    17  0   0.0%   0.058 GU:3    +
   16    31  0   0.0%   0.321 UG:3    +
   18    29  0   0.0%   0.843 GU:3    +
   39    82  0   0.0%   0.917 GC:3    +
    5    75  0   0.0%   0.392 UA:3    +
   26    84  0   0.0%   0.698 AU:3    +
   21    37  0   0.0%   0.152 GC:3    +
   20    38  0   0.0%   0.342 GC:3    +
    1    10  0   0.0%   0.055 GC:3    +
   27    71  0   0.0%   0.581 CG:3    +
    7    39  0   0.0%   0.087 CG:3    +
   26    72  0   0.0%   0.560 AU:3    +
    4    87  0   0.0%   0.503 GC:3    +
    3    85  0   0.0%   0.395 UG:3    +
    4    84  0   0.0%   0.492 GU:3    +
   40    81  0   0.0%   1.181 UG:3    +
   25    85  0   0.0%   0.628 CG:3    +
   18    25  0   0.0%   0.109 GC:3    +
   38    81  0   0.0%   1.216 CG:3    +
   17    26  0   0.0%   0.376 UA:3    +
   35    40  0   0.0%   0.312 AU:3    +
   48    57  0   0.0%   0.006 GC:3    +
   48    55  0   0.0%   0.004 GC:3    +
   48    56  0   0.0%   0.005 GC:3    +
   40    79  0   0.0%   0.707 UA:3    +
   38    47  0   0.0%   0.330 CG:3    +
   37    48  0   0.0%   0.017 CG:3    +
   75    84  0   0.0%   0.667 AU:3    +
    9    81  0   0.0%   0.278 CG:3    +
   27    39  0   0.0%   0.611 CG:3    +
   21    83  0   0.0%   0.153 GU:3    +
   34    51  0   0.0%   0.248 GC:3    +
   33    52  0   0.0%   0.555 GC:3    +
   34    41  0   0.0%   0.267 GC:3    +
   54    82  0   0.0%   0.571 GC:3    +
   55    81  0   0.0%   0.657 CG:3    +
   10    80  0   0.0%   0.410 CG:3    +
   56    80  0   0.0%   0.582 CG:3    +
   31    41  0   0.0%   0.530 GC:3    +
   10    18  0   0.0%   0.006 CG:3    +
   47    56  0   0.0%   0.003 GC:3    +
    1    13  0   0.0%   0.055 GC:3    +
   47    57  0   0.0%   0.004 GC:3    +
   25    81  0   0.0%   1.031 CG:3    +
   33    40  0   0.0%   0.845 GU:3    +
    1    82  0   0.0%   0.456 GC:3    +
   75    83  0   0.0%   0.905 AU:3    +
   53    83  0   0.0%   0.514 AU:3    +
    3    15  0   0.0%   0.010 UG:3    +
    1    29  0   0.0%   0.059 GU:3    +
    4    24  0   0.0%   0.021 GC:3    +
   37    85  0   0.0%   0.713 CG:3    +
   36    84  0   0.0%   0.778 AU:3    +
    9    39  0   0.0%   0.204 CG:3    +
   24    33  0   0.0%   0.264 CG:3    +
   63    70  0   0.0%   0.010 UA:3    +
   29    81  0   0.0%   1.099 UG:3    +
   19    39  0   0.0%   0.312 UG:3    +
   64    69  0   0.0%   0.223 UA:3    +
   39    84  0   0.0%   0.664 GU:3    +
   41    80  0   0.0%   0.606 CG:3    +
   11    80  0   0.0%   0.384 CG:3    +
   10    81  0   0.0%   0.412 CG:3    +
   26    40  0   0.0%   0.584 AU:3    +
   30    36  0   0.0%   0.580 UA:3    +
   62    71  0   0.0%   0.505 CG:3    +
   47    61  0   0.0%   0.004 GC:3    +
   77    85  0   0.0%   0.547 UG:3    +
    5    23  0   0.0%   0.010 UG:3    +
   33    42  0   0.0%   0.553 GU:3    +
   69    83  0   0.0%   0.787 AU:3    +
   74    85  0   0.0%   1.098 UG:3    +
   23    83  0   0.0%   1.271 GU:3    +
    8    39  0   0.0%   0.446 CG:3    +
   81    87  0   0.0%   1.275 GC:3    +
   74    81  0   0.0%   1.828 UG:3    +
   31    73  0   0.0%   0.513 GU:3    +
    4    10  0   0.0%   0.011 GC:3    +
   42    79  0   0.0%   0.185 UA:3    +
   22    30  0   0.0%   0.566 AU:3    +
   16    36  0   0.0%   0.129 UA:3    +
   15    37  0   0.0%   0.200 GC:3    +
    8    18  0   0.0%   0.022 CG:3    +
   17    35  0   0.0%   0.159 UA:3    +
   19    33  0   0.0%   0.510 UG:3    +
   20    32  0   0.0%   0.323 GC:3    +
    1    76  0   0.0%   0.455 GC:3    +
    5    39  0   0.0%   0.416 UG:3    +
   69    74  0   0.0%   0.739 AU:3    +
   11    34  0   0.0%   0.519 CG:3    +
   18    24  0   0.0%   0.105 GC:3    +
   30    34  0   0.0%   0.807 UG:3    +
   29    35  0   0.0%   0.559 UA:3    +
   70    74  0   0.0%   0.527 AU:3    +
   19    23  0   0.0%   0.581 UG:3    +
    1    37  0   0.0%   0.433 GC:3    +
   23    29  0   0.0%   1.040 GU:3    +
   20    24  0   0.0%   0.118 GC:3    +
   59    74  0   0.0%   0.518 AU:3    +
   60    73  0   0.0%   0.498 AU:3    +
    3    36  0   0.0%   0.366 UA:3    +
   34    40  0   0.0%   0.538 GU:3    +
   48    62  0   0.0%   0.010 GC:3    +
    1    78  0   0.0%   0.455 GU:3    +
   32    54  0   0.0%   0.336 CG:3    +
    2    77  0   0.0%   0.386 AU:3    +
   31    55  0   0.0%   0.511 GC:3    +
   77    81  0   0.0%   1.285 UG:3    +
   10    31  0   0.0%   0.126 CG:3    +
   11    21  0   0.0%   0.239 CG:3    +
   13    39  0   0.0%   0.320 CG:3    +
   15    76  0   0.0%   0.192 GC:3    +
   15    27  0   0.0%   0.356 GC:3    +
   60    72  0   0.0%   0.390 AU:3    +
   21    25  0   0.0%   0.337 GC:3    +
   30    81  0   0.0%   1.168 UG:3    +
   14    77  0   0.0%   0.204 AU:3    +
   59    73  0   0.0%   0.497 AU:3    +
   16    26  0   0.0%   0.362 UA:3    +
   29    33  0   0.0%   0.802 UG:3    +
   16    75  0   0.0%   0.122 UA:3    +
   62    80  0   0.0%   0.580 CG:3    +
    1    11  0   0.0%   0.053 GC:3    +
   61    81  0   0.0%   0.661 CG:3    +
   25    34  0   0.0%   0.447 CG:3    +
   58    76  0   0.0%   1.096 GC:3    +
   39    87  0   0.0%   0.390 GC:3    +
   40    68  0   0.0%   0.294 UG:3    +
   58    74  0   0.0%   1.082 GU:3    +
   12    40  0   0.0%   0.130 AU:3    +
   63    79  0   0.0%   0.184 UA:3    +
    4    29  0   0.0%   0.732 GU:3    +
    1     5  0   0.0%   0.001 GU:3    +
    5    28  0   0.0%   0.719 UA:3    +
   79    83  0   0.0%   1.350 AU:3    +
   54    61  0   0.0%   0.006 GC:3    +
   10    15  0   0.0%   0.003 CG:3    +
   34    87  0   0.0%   0.939 GC:3    +
    4    40  0   0.0%   0.438 GU:3    +
   14    29  0   0.0%   0.366 AU:3    +
   58    84  0   0.0%   0.879 GU:3    +
   66    73  0   0.0%   0.499 AU:3    +
   65    74  0   0.0%   0.518 GU:3    +
   59    83  0   0.0%   0.514 AU:3    +
    2    78  0   0.0%   0.386 AU:3    +
   58    78  0   0.0%   0.771 GU:3    +
   61    71  0   0.0%   0.509 CG:3    +
   47    63  0   0.0%   0.005 GU:3    +
   57    85  0   0.0%   0.273 CG:3    +
   33    41  0   0.0%   0.572 GC:3    +
   64    75  0   0.0%   0.044 UA:3    +
   69    77  0   0.0%   0.401 AU:3    +
   22    29  0   0.0%   0.544 AU:3    +
   67    72  0   0.0%   0.392 AU:3    +
   23    27  0   0.0%   1.047 GC:3    +
   29    71  0   0.0%   0.547 UG:3    +
   59    77  0   0.0%   0.180 AU:3    +
   16    23  0   0.0%   0.498 UG:3    +
   15    24  0   0.0%   0.002 GC:3    +
   28    72  0   0.0%   0.601 AU:3    +
   68    76  0   0.0%   0.538 GC:3    +
   30    70  0   0.0%   0.571 UA:3    +
   17    22  0   0.0%   0.016 UA:3    +
   80    84  0   0.0%   1.556 GU:3    +
   23    87  0   0.0%   0.916 GC:3    +
    1    16  0   0.0%   0.054 GU:3    +
    6    15  0   0.0%   0.015 CG:3    +
   68    87  0   0.0%   0.049 GC:3    +
   36    40  0   0.0%   0.305 AU:3    +
    8    15  0   0.0%   0.021 CG:3    +
   13    33  0   0.0%   0.518 CG:3    +
   31    84  0   0.0%   1.166 GU:3    +
   67    77  0   0.0%   0.182 AU:3    +
    2    19  0   0.0%   0.002 AU:3    +
   68    84  0   0.0%   0.322 GU:3    +
    3    18  0   0.0%   0.009 UG:3    +
   42    68  0   0.0%   0.010 UG:3    +
    4    32  0   0.0%   0.386 GC:3    +
   30    85  0   0.0%   0.763 UG:3    +
   71    83  0   0.0%   1.793 GU:3    +
   41    71  0   0.0%   0.530 CG:3    +
   15    82  0   0.0%   0.248 GC:3    +
   13    85  0   0.0%   0.320 CG:3    +
    5    31  0   0.0%   0.366 UG:3    +
   36    78  0   0.0%   0.652 AU:3    +
    2    72  0   0.0%   0.385 AU:3    +
   16    81  0   0.0%   0.214 UG:3    +
    9    15  0   0.0%   0.016 CG:3    +
   29    39  0   0.0%   0.577 UG:3    +
   29    70  0   0.0%   0.545 UA:3    +
   43    67  0   0.0%   0.004 UA:3    +
   11    15  0   0.0%   0.003 CG:3    +
   42    70  0   0.0%   0.011 UA:3    +
   26    74  0   0.0%   0.558 AU:3    +
   46    64  0   0.0%   0.003 AU:3    +
   28    74  0   0.0%   0.600 AU:3    +
   48    86  0   0.0%   0.317 GC:3    +
   47    87  0   0.0%   0.040 GC:3    +
   15    87  0   0.0%   0.195 GC:3    +
   38    68  0   0.0%   0.328 CG:3    +
    3    71  0   0.0%   0.392 UG:3    +
   10    23  0   0.0%   0.618 CG:3    +
   28    40  0   0.0%   0.627 AU:3    +
   14    83  0   0.0%   0.213 AU:3    +
   66    78  0   0.0%   0.208 AU:3    +
    1    73  0   0.0%   0.454 GU:3    +
   11    85  0   0.0%   0.322 CG:3    +
    4    41  0   0.0%   0.431 GC:3    +
   30    69  0   0.0%   0.570 UA:3    +
    1    83  0   0.0%   0.455 GU:3    +
   12    16  0   0.0%   0.010 AU:3    +
    3    79  0   0.0%   0.392 UA:3    +
   40    71  0   0.0%   1.023 UG:3    +
   14    84  0   0.0%   0.222 AU:3    +
    7    71  0   0.0%   0.056 CG:3    +
   31    83  0   0.0%   1.433 GU:3    +
    1    74  0   0.0%   0.454 GU:3    +
    9    71  0   0.0%   0.173 CG:3    +
   10    85  0   0.0%   0.349 CG:3    +
   69    73  0   0.0%   0.718 AU:3    +
   73    85  0   0.0%   1.124 UG:3    +
    4    78  0   0.0%   0.414 GU:3    +
   51    85  0   0.0%   0.640 CG:3    +
    1    40  0   0.0%   0.434 GU:3    +
   23    37  0   0.0%   0.540 GC:3    +
   29    85  0   0.0%   0.693 UG:3    +
    3    75  0   0.0%   0.392 UA:3    +
    2    73  0   0.0%   0.385 AU:3    +
   12    84  0   0.0%   0.123 AU:3    +
   28    83  0   0.0%   1.083 AU:3    +
    4    17  0   0.0%   0.021 GU:3    +
   21    87  0   0.0%   0.229 GC:3    +
    8    71  0   0.0%   0.416 CG:3    +
    3    33  0   0.0%   0.365 UG:3    +
   29    34  0   0.0%   0.784 UG:3    +
   23    38  0   0.0%   0.558 GC:3    +
    4    74  0   0.0%   0.412 GU:3    +
   17    80  0   0.0%   0.237 UG:3    +
   59    78  0   0.0%   0.208 AU:3    +
    2    17  0   0.0%   0.003 AU:3    +
   13    34  0   0.0%   0.517 CG:3    +
   60    77  0   0.0%   0.180 AU:3    +
    6    33  0   0.0%   0.028 CG:3    +
    3    81  0   0.0%   0.392 UG:3    +
    1    25  0   0.0%   0.055 GC:3    +
    6    20  0   0.0%   0.014 CG:3    +
    3    35  0   0.0%   0.365 UA:3    +
    7    15  0   0.0%   0.013 CG:3    +
   12    29  0   0.0%   0.458 AU:3    +
   42    66  0   0.0%   0.001 UA:3    +
    5    79  0   0.0%   0.390 UA:3    +
   71    87  0   0.0%   0.975 GC:3    +
    6    71  0   0.0%   0.046 CG:3    +
   43    69  0   0.0%   0.221 UA:3    +
   23    76  0   0.0%   0.531 GC:3    +
   18    40  0   0.0%   0.326 GU:3    +
   52    85  0   0.0%   0.469 CG:3    +
   22    77  0   0.0%   0.003 AU:3    +
   41    48  0   0.0%   0.022 CG:3    +
   17    85  0   0.0%   0.177 UG:3    +
    3    22  0   0.0%   0.009 UA:3    +
   24    80  0   0.0%   0.135 CG:3    +
   68    78  0   0.0%   0.214 GU:3    +
   21    30  0   0.0%   0.703 GU:3    +
   42    47  0   0.0%   0.001 UG:3    +
   12    78  0   0.0%   0.104 AU:3    +
    5    34  0   0.0%   0.366 UG:3    +
   39    83  0   0.0%   0.860 GU:3    +
   40    49  0   0.0%   0.294 UA:3    +
   63    69  0   0.0%   0.221 UA:3    +
    7    18  0   0.0%   0.012 CG:3    +
   71    84  0   0.0%   1.554 GU:3    +
    2    74  0   0.0%   0.385 AU:3    +
   26    73  0   0.0%   0.558 AU:3    +
    5    80  0   0.0%   0.390 UG:3    +
   24    71  0   0.0%   0.043 CG:3    +
   23    72  0   0.0%   0.529 GU:3    +
   44    68  0   0.0%   0.007 CG:3    +
   64    68  0   0.0%   0.008 UG:3    +
   24    39  0   0.0%   0.073 CG:3    +
   37    68  0   0.0%   0.016 CG:3    +
   65    78  0   0.0%   0.207 GU:3    +
   23    30  0   0.0%   1.061 GU:3    +
   53    84  0   0.0%   0.315 AU:3    +
   23    40  0   0.0%   0.555 GU:3    +
   48    52  0   0.0%   0.002 GC:3    +
   33    57  0   0.0%   0.553 GC:3    +
   22    73  0   0.0%   0.002 AU:3    +
   34    56  0   0.0%   0.246 GC:3    +
   32    58  0   0.0%   0.336 CG:3    +
   57    65  0   0.0%   0.002 CG:3    +
   64    79  0   0.0%   0.183 UA:3    +
   58    64  0   0.0%   0.565 GU:3    +
   66    77  0   0.0%   0.180 AU:3    +
   31    44  0   0.0%   0.510 GC:3    +
   68    74  0   0.0%   0.524 GU:3    +
   40    80  0   0.0%   1.103 UG:3    +
   29    69  0   0.0%   0.545 UA:3    +
   15    83  0   0.0%   0.200 GU:3    +
   21    76  0   0.0%   0.142 GC:3    +
    1    77  0   0.0%   0.454 GU:3    +
   20    77  0   0.0%   0.313 GU:3    +
   45    63  0   0.0%   0.000 AU:3    +
    5    14  0   0.0%   0.014 UA:3    +
    3    31  0   0.0%   0.365 UG:3    +
    1    24  0   0.0%   0.055 GC:3    +
   28    73  0   0.0%   0.600 AU:3    +
.........((((....))))((((........((((..(((((((((............))))))))).)))).....))))....
