3 sequence; length of alignment 42
alifold output
    4    12  0  78.4%   0.667 CG:3   
    3    13  0  78.3%   0.750 AU:3   
    2    14  0  76.6%   0.708 CG:3   
   18    37  0  56.4%   1.112 AU:3   
   19    36  0  56.3%   1.267 GC:3   
   17    38  0  56.1%   1.091 CG:3   
   25    32  0  49.8%   1.294 GC:3   
   26    31  0  49.5%   1.160 CG:3   
   20    35  0  40.1%   1.612 GU:3   
   24    33  0  38.1%   1.602 UG:3   
   25    34  0  35.0%   1.964 GC:3    +
   26    33  0  35.0%   2.199 CG:3    +
   20    39  0  32.0%   1.980 GC:3    +
   21    38  0  31.5%   1.755 UG:3    +
   19    40  0  30.6%   2.108 GU:3    +
   18    41  0  21.1%   1.788 AU:3    +
   16    40  0  14.4%   0.931 AU:3    +
   15    41  0  14.1%   0.999 AU:3    +
   20    34  0  13.5%   1.055 GC:3    +
   21    33  0  11.9%   0.873 UG:3    +
   14    42  0  11.1%   1.064 GC:3    +
   32    38  0   7.8%   1.714 CG:3    +
   31    39  0   7.8%   1.412 GC:3    +
   30    40  0   6.7%   1.467 AU:3    +
   20    28  0   4.2%   0.500 GC:3    +
   19    29  0   4.2%   0.560 GC:3    +
   24    30  0   4.0%   0.476 UA:3    +
   25    29  0   3.9%   0.631 GC:3    +
   33    37  0   3.0%   1.728 GU:3    +
    2    12  0   2.6%   0.286 CG:3    +
    1    13  0   2.3%   0.263 AU:3    +
    3    11  0   2.3%   0.260 AU:3    +
   15    40  0   2.1%   0.294 AU:3    +
    6    17  0   1.1%   0.194 GC:3    +
    5    18  0   1.1%   0.161 UA:3    +
    4    19  0   1.1%   0.341 CG:3    +
   17    25  0   0.9%   0.195 CG:3    +
   18    24  0   0.8%   0.193 AU:3    +
   14    41  0   0.8%   0.408 GU:3    +
   20    26  0   0.7%   0.165 GC:3    +
   19    26  0   0.6%   0.159 GC:3    +
   21    25  0   0.6%   0.179 UG:3    +
   19    27  0   0.6%   0.248 GU:3    +
   14    28  0   0.6%   0.309 GC:3    +
   15    27  0   0.6%   0.104 AU:3    +
   18    27  0   0.6%   0.224 AU:3    +
   13    33  0   0.5%   0.389 UG:3    +
   12    34  0   0.5%   0.421 GC:3    +
   14    32  0   0.5%   0.335 GC:3    +
    6    10  0   0.5%   0.084 GU:3    +
   23    35  0   0.5%   0.489 AU:3    +
   12    29  0   0.4%   0.388 GC:3    +
   22    33  0   0.4%   0.389 UG:3    +
    2    20  0   0.4%   0.365 CG:3    +
   33    39  0   0.3%   1.813 GC:3    +
   34    38  0   0.3%   1.658 CG:3    +
   19    35  0   0.3%   0.338 GU:3    +
   11    30  0   0.3%   0.183 UA:3    +
   19    39  0   0.3%   0.682 GC:3    +
    1    21  0   0.3%   0.139 AU:3    +
   18    40  0   0.3%   0.875 AU:3    +
   23    37  0   0.2%   0.423 AU:3    +
    6    11  0   0.2%   0.159 GU:3    +
   20    36  0   0.2%   1.217 GC:3    +
   12    17  0   0.2%   0.374 GC:3    +
   25    39  0   0.2%   1.351 GC:3    +
   26    38  0   0.2%   1.525 CG:3    +
   30    37  0   0.2%   0.556 AU:3    +
   21    31  0   0.2%   0.126 UG:3    +
   31    36  0   0.2%   0.782 GC:3    +
   20    32  0   0.2%   0.264 GC:3    +
   29    38  0   0.2%   1.045 CG:3    +
   11    18  0   0.2%   0.188 UA:3    +
   19    37  0   0.2%   0.971 GU:3    +
   22    30  0   0.1%   0.074 UA:3    +
   10    31  0   0.1%   0.075 UG:3    +
   22    38  0   0.1%   0.778 UG:3    +
    6    36  0   0.1%   0.132 GC:3    +
    7    35  0   0.1%   0.033 AU:3    +
   14    22  0   0.1%   0.240 GU:3    +
   13    23  0   0.1%   0.311 UA:3    +
    5    30  0   0.1%   0.089 UA:3    +
    4    31  0   0.1%   0.270 CG:3    +
    6    29  0   0.1%   0.121 GC:3    +
   12    24  0   0.1%   0.325 GU:3    +
   27    31  0   0.1%   0.513 UG:3    +
    5     9  0   0.1%   0.022 UA:3    +
   15    21  0   0.1%   0.051 AU:3    +
   10    19  0   0.1%   0.101 UG:3    +
   19    28  0   0.1%   0.173 GC:3    +
   24    31  0   0.1%   0.240 UG:3    +
    7    41  0   0.1%   0.036 AU:3    +
    6    42  0   0.1%   0.137 GC:3    +
   17    31  0   0.1%   0.141 CG:3    +
   16    41  0   0.1%   0.623 AU:3    +
    8    40  0   0.1%   0.022 AU:3    +
    2    33  0   0.1%   0.338 CG:3    +
   19    34  0   0.1%   0.307 GC:3    +
   12    32  0   0.1%   0.346 GC:3    +
   14    39  0   0.1%   0.297 GC:3    +
   13    31  0   0.1%   0.324 UG:3    +
   18    35  0   0.1%   0.153 AU:3    +
   11    25  0   0.0%   0.134 UG:3    +
   22    31  0   0.0%   0.076 UG:3    +
    2    38  0   0.0%   0.338 CG:3    +
   12    42  0   0.0%   0.383 GC:3    +
   20    27  0   0.0%   0.164 GU:3    +
    4    14  0   0.0%   0.404 CG:3    +
    9    37  0   0.0%   0.024 AU:3    +
    3    37  0   0.0%   0.293 AU:3    +
    6    22  0   0.0%   0.105 GU:3    +
   11    33  0   0.0%   0.154 UG:3    +
    4    38  0   0.0%   0.267 CG:3    +
    7    21  0   0.0%   0.031 AU:3    +
    5    23  0   0.0%   0.072 UA:3    +
    4    20  0   0.0%   0.272 CG:3    +
    6    39  0   0.0%   0.124 GC:3    +
    3    21  0   0.0%   0.304 AU:3    +
   12    39  0   0.0%   0.376 GC:3    +
    5    19  0   0.0%   0.117 UG:3    +
    2    25  0   0.0%   0.329 CG:3    +
    9    21  0   0.0%   0.040 AU:3    +
    3    24  0   0.0%   0.289 AU:3    +
    8    22  0   0.0%   0.017 AU:3    +
    7    22  0   0.0%   0.017 AU:3    +
   10    20  0   0.0%   0.067 UG:3    +
    6    34  0   0.0%   0.112 GC:3    +
    1    22  0   0.0%   0.111 AU:3    +
   11    16  0   0.0%   0.111 UA:3    +
    8    21  0   0.0%   0.030 AU:3    +
   19    41  0   0.0%   1.662 GU:3    +
    5    12  0   0.0%   0.299 UG:3    +
    4    25  0   0.0%   0.253 CG:3    +
   14    34  0   0.0%   0.310 GC:3    +
   13    38  0   0.0%   0.338 UG:3    +
    7    11  0   0.0%   0.106 AU:3    +
   11    19  0   0.0%   0.179 UG:3    +
    8    13  0   0.0%   0.286 AU:3    +
   30    41  0   0.0%   1.023 AU:3    +
    7    13  0   0.0%   0.286 AU:3    +
   20    29  0   0.0%   0.367 GC:3    +
    9    13  0   0.0%   0.295 AU:3    +
    2     6  0   0.0%   0.004 CG:3    +
   14    29  0   0.0%   0.282 GC:3    +
    7    27  0   0.0%   0.012 AU:3    +
    3    10  0   0.0%   0.004 AU:3    +
   14    36  0   0.0%   0.290 GC:3    +
   15    35  0   0.0%   0.053 AU:3    +
   12    36  0   0.0%   0.376 GC:3    +
    5    15  0   0.0%   0.013 UA:3    +
   19    42  0   0.0%   1.257 GC:3    +
    6    28  0   0.0%   0.100 GC:3    +
   10    16  0   0.0%   0.033 UA:3    +
   12    26  0   0.0%   0.310 GC:3    +
   15    22  0   0.0%   0.030 AU:3    +
   13    25  0   0.0%   0.303 UG:3    +
   10    15  0   0.0%   0.033 UA:3    +
    6    13  0   0.0%   0.325 GU:3    +
   13    30  0   0.0%   0.322 UA:3    +
   17    33  0   0.0%   0.147 CG:3    +
   11    15  0   0.0%   0.107 UA:3    +
   20    41  0   0.0%   1.884 GU:3    +
   16    27  0   0.0%   0.039 AU:3    +
   16    21  0   0.0%   0.039 AU:3    +
   10    38  0   0.0%   0.057 UG:3    +
   23    41  0   0.0%   0.713 AU:3    +
   14    40  0   0.0%   0.291 GU:3    +
    8    27  0   0.0%   0.009 AU:3    +
   16    37  0   0.0%   0.014 AU:3    +
   31    40  0   0.0%   1.541 GU:3    +
    5    14  0   0.0%   0.218 UG:3    +
    7    40  0   0.0%   0.019 AU:3    +
    6    32  0   0.0%   0.107 GC:3    +
   31    41  0   0.0%   1.275 GU:3    +
    6    41  0   0.0%   0.121 GU:3    +
   19    32  0   0.0%   0.296 GC:3    +
   21    30  0   0.0%   0.094 UA:3    +
    9    27  0   0.0%   0.014 AU:3    +
   28    33  0   0.0%   1.219 CG:3    +
   14    37  0   0.0%   0.286 GU:3    +
   12    41  0   0.0%   0.376 GU:3    +
   19    24  0   0.0%   0.112 GU:3    +
   14    24  0   0.0%   0.227 GU:3    +
    5    16  0   0.0%   0.012 UA:3    +
   20    40  0   0.0%   1.970 GU:3    +
   20    37  0   0.0%   1.200 GU:3    +
   10    14  0   0.0%   0.237 UG:3    +
    9    24  0   0.0%   0.014 AU:3    +
   25    42  0   0.0%   1.191 GC:3    +
    5    33  0   0.0%   0.080 UG:3    +
   10    23  0   0.0%   0.043 UA:3    +
   23    27  0   0.0%   0.109 AU:3    +
   15    24  0   0.0%   0.022 AU:3    +
   12    22  0   0.0%   0.309 GU:3    +
   11    23  0   0.0%   0.122 UA:3    +
   25    36  0   0.0%   1.271 GC:3    +
   15    37  0   0.0%   0.050 AU:3    +
   23    40  0   0.0%   0.799 AU:3    +
    9    35  0   0.0%   0.020 AU:3    +
    8    37  0   0.0%   0.010 AU:3    +
    1     5  0   0.0%   0.001 AU:3    +
    9    40  0   0.0%   0.021 AU:3    +
   27    33  0   0.0%   1.152 UG:3    +
    8    41  0   0.0%   0.018 AU:3    +
   16    22  0   0.0%   0.023 AU:3    +
    1    41  0   0.0%   0.108 AU:3    +
   14    26  0   0.0%   0.218 GC:3    +
    7    37  0   0.0%   0.021 AU:3    +
   20    42  0   0.0%   1.479 GC:3    +
    1    10  0   0.0%   0.001 AU:3    +
    6    26  0   0.0%   0.098 GC:3    +
    6    24  0   0.0%   0.100 GU:3    +
   10    18  0   0.0%   0.081 UA:3    +
   25    41  0   0.0%   1.596 GU:3    +
    6    40  0   0.0%   0.120 GU:3    +
   12    28  0   0.0%   0.310 GC:3    +
   13    18  0   0.0%   0.346 UA:3    +
   13    20  0   0.0%   0.311 UG:3    +
    1    40  0   0.0%   0.107 AU:3    +
    2    19  0   0.0%   0.301 CG:3    +
   29    33  0   0.0%   1.343 CG:3    +
    1    11  0   0.0%   0.001 AU:3    +
   10    30  0   0.0%   0.048 UA:3    +
   25    35  0   0.0%   1.350 GU:3    +
    8    35  0   0.0%   0.014 AU:3    +
   11    20  0   0.0%   0.144 UG:3    +
   11    31  0   0.0%   0.157 UG:3    +
   20    24  0   0.0%   0.078 GU:3    +
    3    40  0   0.0%   0.288 AU:3    +
   10    25  0   0.0%   0.044 UG:3    +
   12    40  0   0.0%   0.374 GU:3    +
   30    35  0   0.0%   0.592 AU:3    +
    1    24  0   0.0%   0.107 AU:3    +
   31    42  0   0.0%   0.867 GC:3    +
   16    24  0   0.0%   0.015 AU:3    +
   10    33  0   0.0%   0.054 UG:3    +
    7    24  0   0.0%   0.011 AU:3    +
    5    25  0   0.0%   0.070 UG:3    +
    5    38  0   0.0%   0.081 UG:3    +
    9    41  0   0.0%   0.022 AU:3    +
   14    21  0   0.0%   0.235 GU:3    +
   11    38  0   0.0%   0.150 UG:3    +
    3    41  0   0.0%   0.288 AU:3    +
   16    35  0   0.0%   0.015 AU:3    +
   13    19  0   0.0%   0.344 UG:3    +
    1    35  0   0.0%   0.107 AU:3    +
    6    35  0   0.0%   0.108 GU:3    +
   38    42  0   0.0%   1.201 GC:3    +
   12    21  0   0.0%   0.326 GU:3    +
   33    42  0   0.0%   1.426 GC:3    +
   18    22  0   0.0%   0.079 AU:3    +
    3    27  0   0.0%   0.284 AU:3    +
    6    37  0   0.0%   0.119 GU:3    +
    3    22  0   0.0%   0.284 AU:3    +
    9    22  0   0.0%   0.020 AU:3    +
   25    40  0   0.0%   1.683 GU:3    +
   28    38  0   0.0%   0.888 CG:3    +
   33    40  0   0.0%   2.100 GU:3    +
    1    27  0   0.0%   0.107 AU:3    +
   14    27  0   0.0%   0.219 GU:3    +
    4    33  0   0.0%   0.260 CG:3    +
   24    38  0   0.0%   1.261 UG:3    +
   12    37  0   0.0%   0.372 GU:3    +
    6    21  0   0.0%   0.114 GU:3    +
   31    35  0   0.0%   0.828 GU:3    +
    1    37  0   0.0%   0.107 AU:3    +
    3    35  0   0.0%   0.284 AU:3    +
   31    37  0   0.0%   0.781 GU:3    +
.(((.......)))..((((...(((....))).))))....
