3 sequence; length of alignment 34
alifold output
    3    26  0  98.4%   0.049 CG:3   
    2    27  0  98.2%   0.054 GU:3   
    4    25  0  97.9%   0.062 CG:3   
    1    28  0  97.5%   0.074 GC:3   
   12    19  0  39.3%   1.863 GC:3    +
   11    20  0  39.2%   1.836 GC:3    +
   13    18  0  39.1%   1.727 GC:3    +
   10    21  0  34.8%   1.489 GU:3    +
   10    22  0  33.4%   2.075 GC:3   
   12    20  0  32.1%   2.557 GC:3   
   13    19  0  32.1%   2.454 GC:3   
   11    21  0  32.0%   2.215 GU:3   
   14    18  1  26.8%   1.809 GC:2   
   10    20  0  26.2%   1.086 GC:3    +
   11    19  0  26.2%   1.119 GC:3    +
   12    18  0  26.1%   1.112 GC:3    +
   13    17  0  10.9%   0.754 GU:3    +
    7    22  1   9.6%   0.676 GC:2    +
    7    24  1   8.5%   0.894 GC:2    +
   13    20  0   1.6%   2.255 GC:3    +
   11    22  0   1.5%   1.900 GC:3    +
    4    29  0   1.5%   0.211 CG:3    +
    3    30  0   1.5%   0.205 CG:3    +
   12    21  0   1.5%   2.030 GU:3    +
    5    23  0   1.3%   0.174 AU:3    +
   10    23  0   1.3%   1.385 GU:3    +
   14    21  0   0.0%   1.243 GU:2    AU:1    +
   14    19  1   1.5%   1.659 GC:2    +
    5    27  0   1.0%   0.215 AU:3    +
   15    21  0   0.0%   0.811 GU:1    AU:2    +
    6    26  0   1.0%   0.165 UG:3    +
    2    32  0   0.7%   0.143 GC:3    +
   11    18  0   0.7%   0.100 GC:3    +
   10    19  0   0.7%   0.100 GC:3    +
    1    33  0   0.5%   0.123 GU:3    +
   12    17  0   0.5%   0.082 GU:3    +
   10    24  0   0.5%   1.458 GC:3    +
   11    23  0   0.3%   1.387 GU:3    +
   12    22  0   0.3%   1.880 GC:3    +
    7    23  1   0.8%   0.401 GU:2    +
    1    32  0   0.2%   0.066 GC:3    +
    6    25  0   0.2%   0.054 UG:3    +
   13    21  0   0.2%   1.870 GU:3    +
    9    25  0   0.1%   0.058 UG:3    +
    8    26  0   0.1%   0.082 UG:3    +
    2    28  0   0.1%   0.058 GC:3    +
   13    22  0   0.0%   1.734 GC:3    +
   12    23  0   0.0%   1.371 GU:3    +
   11    24  0   0.0%   1.442 GC:3    +
    8    25  0   0.0%   0.042 UG:3    +
    4    26  0   0.0%   0.041 CG:3    +
   24    30  0   0.0%   0.305 CG:3    +
   23    31  0   0.0%   0.179 UA:3    +
   29    34  0   0.0%   0.067 GU:2    --:1    +
    3    29  0   0.0%   0.019 CG:3    +
    4    30  0   0.0%   0.150 CG:3    +
   29    33  0   0.0%   0.095 GU:3    +
    9    26  0   0.0%   0.078 UG:3    +
   26    32  0   0.0%   0.120 GC:3    +
    5    21  0   0.0%   0.002 AU:3    +
   25    33  0   0.0%   0.072 GU:3    +
   27    31  0   0.0%   0.067 UA:3    +
   25    32  0   0.0%   0.093 GC:3    +
    5     9  0   0.0%   0.001 AU:3    +
   30    34  0   0.0%   0.067 GU:2    --:1    +
   22    30  0   0.0%   0.741 CG:3    +
   24    29  0   0.0%   0.302 CG:3    +
   23    29  0   0.0%   0.239 UG:3    +
    4    10  0   0.0%   0.001 CG:3    +
   21    31  0   0.0%   0.812 UA:3    +
    3    11  0   0.0%   0.001 CG:3    +
   23    30  0   0.0%   0.239 UG:3    +
   12    24  0   0.0%   1.431 GC:3    +
   13    23  0   0.0%   1.230 GU:3    +
    6    29  0   0.0%   0.121 UG:3    +
    8    31  0   0.0%   0.009 UA:3    +
    9    30  0   0.0%   0.072 UG:3    +
    1    34  0   0.0%   0.067 GU:2    --:1    +
    1    27  0   0.0%   0.000 GU:3    +
    3    25  0   0.0%   0.000 CG:3    +
   10    18  0   0.0%   0.000 GC:3    +
    2    33  0   0.0%   0.087 GU:3    +
   11    17  0   0.0%   0.000 GU:3    +
   18    30  0   0.0%   1.167 CG:3    +
   19    29  0   0.0%   1.243 CG:3    +
   22    29  0   0.0%   0.740 CG:3    +
   17    31  0   0.0%   0.270 UA:3    +
    4    11  0   0.0%   0.000 CG:3    +
    1    24  0   0.0%   0.000 GC:3    +
    3    12  0   0.0%   0.000 CG:3    +
   22    26  0   0.0%   0.745 CG:3    +
   20    29  0   0.0%   1.223 CG:3    +
    2    23  0   0.0%   0.000 GU:3    +
   19    30  0   0.0%   1.243 CG:3    +
   21    30  0   0.0%   0.874 UG:3    +
    2     8  0   0.0%   0.000 GU:3    +
   20    25  0   0.0%   1.202 CG:3    +
   19    26  0   0.0%   1.248 CG:3    +
    1     9  0   0.0%   0.000 GU:3    +
    6    10  0   0.0%   0.000 UG:3    +
   11    28  0   0.0%   1.232 GC:3    +
    3    13  0   0.0%   0.000 CG:3    +
    4    12  0   0.0%   0.000 CG:3    +
   14    20  1   0.2%   1.596 GC:2    +
    7    21  1   0.0%   0.008 GU:2    +
    7    27  1   0.0%   0.542 GU:2    +
    7    28  1   0.0%   0.507 GC:2    +
    7    20  1   0.0%   0.000 GC:2    +
   14    22  1   0.0%   1.106 GC:2    +
    7    32  1   0.0%   0.526 GC:2    +
    3     7  1   0.0%   0.000 CG:2    +
((((.....(((((...)))))..))))......
