3 sequence; length of alignment 34
alifold output
   17    24  0  96.8%   0.127 AU:3   
   16    25  0  96.4%   0.136 CG:3   
   18    23  0  96.0%   0.151 GC:3   
   14    27  0  62.5%   1.186 GC:3   
   11    30  0  60.5%   1.230 GC:3   
   10    31  0  51.8%   1.071 UA:3   
   14    29  0  28.4%   1.710 GC:3    +
   13    30  0  28.3%   1.754 GC:3    +
   15    28  0  24.9%   1.213 UA:3    +
    6    12  0   6.5%   0.614 UA:3    +
    7    11  0   6.5%   0.610 CG:3    +
    5    13  0   6.0%   0.589 UG:3    +
    4    14  0   5.9%   0.582 CG:3    +
    3    15  0   5.1%   0.457 AU:3    +
   13    29  0   3.0%   0.599 GC:3    +
   13    27  0   1.2%   0.402 GC:3    +
   14    26  0   1.1%   0.359 GU:3    +
    5    12  0   0.9%   0.128 UA:3    +
    4    11  0   0.8%   0.122 CG:3    +
    4    13  0   0.8%   0.158 CG:3    +
   10    33  0   0.7%   0.535 UA:3    +
    6    11  0   0.7%   0.152 UG:3    +
   18    27  0   0.5%   0.517 GC:3    +
   19    26  0   0.5%   0.189 AU:3    +
   11    27  0   0.5%   0.357 GC:3    +
   12    26  0   0.4%   0.306 AU:3    +
   10    32  0   0.4%   0.472 UA:3    +
   10    17  0   0.4%   0.071 UA:3    +
   11    16  0   0.4%   0.320 GC:3    +
    9    18  0   0.4%   0.066 CG:3    +
   10    28  0   0.4%   0.087 UA:3    +
   17    26  0   0.3%   0.192 AU:3    +
    6    32  0   0.2%   0.266 UA:3    +
   19    24  0   0.2%   0.077 AU:3    +
    5    33  0   0.2%   0.251 UA:3    +
   11    29  0   0.2%   0.340 GC:3    +
    6    33  0   0.1%   0.262 UA:3    +
   25    30  0   0.1%   0.723 GC:3    +
   11    23  0   0.1%   0.293 GC:3    +
   12    22  0   0.1%   0.236 AU:3    +
   24    31  0   0.1%   0.412 UA:3    +
   13    21  0   0.1%   0.225 GU:3    +
   14    23  0   0.1%   0.191 GC:3    +
    9    25  0   0.1%   0.038 CG:3    +
   11    34  0   0.1%   0.635 GC:3    +
    5    32  0   0.1%   0.227 UA:3    +
    8    26  0   0.1%   0.017 AU:3    +
   13    24  0   0.0%   0.231 GU:3    +
    1     6  0   0.0%   0.009 AU:3    +
    3    10  0   0.0%   0.010 AU:3    +
    2    17  0   0.0%   0.015 UA:3    +
    6    31  0   0.0%   0.225 UA:3    +
    5    11  0   0.0%   0.049 UG:3    +
    2    11  0   0.0%   0.008 UG:3    +
    2    12  0   0.0%   0.010 UA:3    +
    7    13  0   0.0%   0.391 CG:3    +
   13    23  0   0.0%   0.227 GC:3    +
   14    22  0   0.0%   0.180 GU:3    +
   14    24  0   0.0%   0.188 GU:3    +
   12    24  0   0.0%   0.233 AU:3    +
    6    19  0   0.0%   0.221 UA:3    +
    2     8  0   0.0%   0.004 UA:3    +
    4    25  0   0.0%   0.252 CG:3    +
   26    33  0   0.0%   0.184 UA:3    +
    7    18  0   0.0%   0.184 CG:3    +
   25    34  0   0.0%   0.058 GC:3    +
    5    20  0   0.0%   0.217 UA:3    +
    3    26  0   0.0%   0.160 AU:3    +
    2    25  0   0.0%   0.013 UG:3    +
    1    10  0   0.0%   0.006 AU:3    +
    3    24  0   0.0%   0.157 AU:3    +
    1    26  0   0.0%   0.008 AU:3    +
   18    24  0   0.0%   0.104 GU:3    +
    9    14  0   0.0%   0.171 CG:3    +
    8    15  0   0.0%   0.156 AU:3    +
   21    25  0   0.0%   0.051 UG:3    +
   20    26  0   0.0%   0.129 AU:3    +
    2    32  0   0.0%   0.013 UA:3    +
    7    25  0   0.0%   0.184 CG:3    +
    8    24  0   0.0%   0.005 AU:3    +
   18    30  0   0.0%   0.754 GC:3    +
   20    24  0   0.0%   0.055 AU:3    +
    9    13  0   0.0%   0.211 CG:3    +
    6    14  0   0.0%   0.384 UG:3    +
   24    33  0   0.0%   0.113 UA:3    +
    1     5  0   0.0%   0.001 AU:3    +
   15    20  0   0.0%   0.155 UA:3    +
    5    31  0   0.0%   0.215 UA:3    +
    2    20  0   0.0%   0.010 UA:3    +
    6    28  0   0.0%   0.219 UA:3    +
   24    32  0   0.0%   0.100 UA:3    +
   22    32  0   0.0%   0.050 UA:3    +
   22    31  0   0.0%   0.352 UA:3    +
   14    21  0   0.0%   0.175 GU:3    +
   14    30  0   0.0%   1.541 GC:3    +
    1    21  0   0.0%   0.005 AU:3    +
    2    19  0   0.0%   0.010 UA:3    +
   21    32  0   0.0%   0.048 UA:3    +
   15    25  0   0.0%   0.161 UG:3    +
   22    33  0   0.0%   0.062 UA:3    +
    1    15  0   0.0%   0.005 AU:3    +
   21    33  0   0.0%   0.061 UA:3    +
    4    18  0   0.0%   0.248 CG:3    +
    2    18  0   0.0%   0.010 UG:3    +
    5    17  0   0.0%   0.216 UA:3    +
    2    14  0   0.0%   0.007 UG:3    +
    7    14  0   0.0%   0.348 CG:3    +
    2    31  0   0.0%   0.011 UA:3    +
   26    31  0   0.0%   0.475 UA:3    +
   26    32  0   0.0%   0.167 UA:3    +
   18    26  0   0.0%   0.162 GU:3    +
    2    33  0   0.0%   0.012 UA:3    +
   18    22  0   0.0%   0.031 GU:3    +
   25    29  0   0.0%   0.518 GC:3    +
   12    21  0   0.0%   0.222 AU:3    +
    6    13  0   0.0%   0.424 UG:3    +
   13    22  0   0.0%   0.221 GU:3    +
   17    22  0   0.0%   0.032 AU:3    +
   18    29  0   0.0%   0.564 GC:3    +
   15    33  0   0.0%   0.553 UA:3    +
   11    22  0   0.0%   0.278 GU:3    +
   14    34  0   0.0%   0.884 GC:3    +
   15    19  0   0.0%   0.155 UA:3    +
   13    26  0   0.0%   0.251 GU:3    +
    2    13  0   0.0%   0.006 UG:3    +
    6    20  0   0.0%   0.219 UA:3    +
    8    21  0   0.0%   0.003 AU:3    +
    2    28  0   0.0%   0.011 UA:3    +
    3    22  0   0.0%   0.155 AU:3    +
   17    21  0   0.0%   0.030 AU:3    +
    5    19  0   0.0%   0.213 UA:3    +
    6    17  0   0.0%   0.219 UA:3    +
   13    34  0   0.0%   0.740 GC:3    +
   21    28  0   0.0%   0.374 UA:3    +
   15    31  0   0.0%   0.843 UA:3    +
    5    18  0   0.0%   0.213 UG:3    +
    5    28  0   0.0%   0.214 UA:3    +
   11    26  0   0.0%   0.289 GU:3    +
    5    14  0   0.0%   0.380 UG:3    +
   22    28  0   0.0%   0.375 UA:3    +
   10    19  0   0.0%   0.027 UA:3    +
    8    22  0   0.0%   0.003 AU:3    +
   10    25  0   0.0%   0.033 UG:3    +
   18    34  0   0.0%   0.096 GC:3    +
   15    32  0   0.0%   0.540 UA:3    +
   24    28  0   0.0%   0.420 UA:3    +
    3    21  0   0.0%   0.155 AU:3    +
    1    24  0   0.0%   0.005 AU:3    +
    6    18  0   0.0%   0.216 UG:3    +
   21    31  0   0.0%   0.350 UA:3    +
.........((..(.(((....))).)..))...
