3 sequence; length of alignment 61
alifold output
   27    39  0  77.7%   1.146 GC:3   
   28    38  0  77.6%   0.866 UA:3   
   29    37  0  77.4%   0.880 UA:3   
   26    40  0  76.3%   1.101 UA:3   
   30    36  0  75.6%   1.075 AU:3   
   17    48  0  69.3%   1.116 CG:3   
   16    49  0  69.3%   1.307 AU:3   
   15    50  0  69.1%   1.288 UG:3   
   14    51  0  68.3%   1.281 UA:3   
   25    41  0  64.4%   1.092 UA:3   
   18    47  0  63.9%   1.413 UG:3   
   13    52  0  61.0%   1.453 GU:3   
   10    54  0  49.1%   1.284 AU:3   
    9    55  0  49.0%   1.284 CG:3   
   31    35  0  43.9%   1.617 AU:3   
   11    53  0  38.3%   1.374 AU:3   
   13    39  0  12.1%   1.045 GC:3    +
   14    38  0  12.1%   0.770 UA:3    +
   15    37  0  12.0%   0.771 UA:3    +
    2    50  0  11.7%   0.801 CG:3    +
    3    49  0  11.7%   0.811 AU:3    +
    4    48  0  11.6%   0.936 UG:3    +
   16    36  0  11.4%   0.797 AU:3    +
    5    47  0  11.4%   0.898 CG:3    +
   12    40  0  11.1%   0.990 UA:3    +
    1    51  0   9.7%   0.695 UA:3    +
   12    24  0   8.7%   0.677 UA:3    +
   11    25  0   8.7%   0.679 AU:3    +
   50    57  0   8.6%   1.485 GC:3    +
   49    58  0   8.6%   1.707 UG:3    +
   48    59  0   8.6%   1.521 GC:3    +
   10    26  0   8.6%   0.639 AU:3    +
   13    23  0   8.5%   0.692 GC:3    +
    9    27  0   8.4%   0.627 CG:3    +
   51    56  0   6.8%   1.641 AU:3    +
   19    33  0   5.9%   0.909 UA:3    +
   20    32  0   5.8%   0.970 UG:3    +
   18    34  0   5.5%   0.624 UA:3    +
   13    59  0   5.2%   1.314 GC:3    +
    5    32  0   5.1%   0.470 CG:3    +
   14    58  0   5.0%   1.274 UG:3    +
   12    60  0   4.9%   1.091 UA:3    +
   17    55  0   4.7%   1.188 CG:3    +
   21    31  0   4.6%   0.829 UA:3    +
   16    56  0   4.5%   1.015 AU:3    +
   44    50  0   4.4%   1.161 CG:3    +
    4    33  0   4.4%   0.465 UA:3    +
   39    55  0   4.4%   1.440 CG:3    +
   40    54  0   4.4%   1.375 AU:3    +
   43    51  0   4.3%   1.152 UA:3    +
    6    31  0   4.2%   0.431 UA:3    +
   41    53  0   4.0%   1.095 AU:3    +
   38    56  0   3.9%   1.022 AU:3    +
   11    61  0   3.8%   1.229 AU:3    +
    6    58  0   3.6%   0.665 UG:3    +
   11    54  0   3.3%   1.319 AU:3    +
   23    47  0   3.0%   1.115 CG:3    +
   22    48  0   2.9%   0.999 CG:3    +
    7    58  0   2.7%   0.576 CG:3    +
   17    32  0   2.5%   0.523 CG:3    +
   18    31  0   2.5%   0.492 UA:3    +
   19    30  0   2.4%   0.303 UA:3    +
    4    60  0   2.3%   0.714 UA:3    +
    7    32  0   2.2%   0.422 CG:3    +
    8    31  0   2.1%   0.386 UA:3    +
   21    33  0   2.0%   0.895 UA:3    +
    6    33  0   2.0%   0.547 UA:3    +
    3    61  0   2.0%   0.554 AU:3    +
   22    32  0   2.0%   0.889 CG:3    +
   20    34  0   1.9%   0.687 UA:3    +
   22    27  0   1.8%   0.449 CG:3    +
   19    51  0   1.6%   1.050 UA:3    +
   24    49  0   1.5%   1.021 AU:3    +
   20    50  0   1.5%   1.057 UG:3    +
   25    48  0   1.4%   1.338 UG:3    +
   26    47  0   1.2%   1.280 UG:3    +
   23    50  0   1.2%   1.131 CG:3    +
   27    46  0   1.2%   0.659 GC:3    +
   21    51  0   1.2%   1.033 UA:3    +
    5    58  0   1.0%   0.559 CG:3    +
   32    44  0   0.9%   0.794 GC:3    +
   31    45  0   0.9%   1.036 AU:3    +
   33    43  0   0.9%   0.713 AU:3    +
   20    31  0   0.9%   0.487 UA:3    +
   21    30  0   0.8%   0.258 UA:3    +
   19    32  0   0.8%   0.566 UG:3    +
    3    12  0   0.8%   0.118 AU:3    +
   22    50  0   0.8%   0.983 CG:3    +
   24    43  0   0.8%   0.372 AU:3    +
    2    13  0   0.8%   0.112 CG:3    +
   18    33  0   0.8%   0.439 UA:3    +
    4    11  0   0.7%   0.107 UA:3    +
   16    20  0   0.7%   0.108 AU:3    +
   24    45  0   0.6%   0.384 AU:3    +
   11    56  0   0.6%   0.840 AU:3    +
   12    55  0   0.6%   0.965 UG:3    +
    6    30  0   0.5%   0.085 UA:3    +
   19    47  0   0.4%   0.944 UG:3    +
   24    29  0   0.4%   0.294 AU:3    +
    6    60  0   0.3%   0.513 UA:3    +
   19    34  0   0.3%   0.532 UA:3    +
   20    33  0   0.3%   0.742 UA:3    +
   21    32  0   0.3%   0.790 UG:3    +
   35    51  0   0.3%   1.079 UA:3    +
   34    52  0   0.3%   0.631 AU:3    +
   36    50  0   0.3%   1.215 UG:3    +
   55    59  0   0.3%   1.126 GC:3    +
   33    53  0   0.3%   1.004 AU:3    +
   13    22  0   0.2%   0.093 GC:3    +
   32    54  0   0.2%   1.228 GU:3    +
    9    58  0   0.2%   0.887 CG:3    +
   23    48  0   0.2%   0.992 CG:3    +
   54    60  0   0.2%   0.950 UA:3    +
   27    59  0   0.2%   0.747 GC:3    +
    7    55  0   0.2%   0.142 CG:3    +
   28    58  0   0.2%   0.707 UG:3    +
   35    41  0   0.2%   0.720 UA:3    +
   20    51  0   0.2%   1.013 UA:3    +
   36    58  0   0.2%   0.999 UG:3    +
    2    32  0   0.2%   0.071 CG:3    +
   24    28  0   0.2%   0.255 AU:3    +
   21    50  0   0.2%   0.905 UG:3    +
   23    27  0   0.2%   0.531 CG:3    +
   42    47  0   0.2%   0.794 CG:3    +
   26    60  0   0.2%   0.782 UA:3    +
    1    33  0   0.2%   0.031 UA:3    +
   39    47  0   0.2%   1.221 CG:3    +
   42    48  0   0.2%   0.761 CG:3    +
   36    40  0   0.1%   0.965 UA:3    +
    8    58  0   0.1%   0.399 UG:3    +
   16    54  0   0.1%   1.043 AU:3    +
    3    35  0   0.1%   0.069 AU:3    +
   39    48  0   0.1%   1.187 CG:3    +
   37    49  0   0.1%   1.054 AU:3    +
   41    49  0   0.1%   0.920 AU:3    +
   43    47  0   0.1%   0.875 UG:3    +
   15    55  0   0.1%   0.945 UG:3    +
    3    36  0   0.1%   0.075 AU:3    +
   20    30  0   0.1%   0.186 UA:3    +
   32    42  0   0.1%   0.687 GC:3    +
   19    31  0   0.1%   0.425 UA:3    +
    4    34  0   0.1%   0.203 UA:3    +
   25    34  0   0.1%   0.510 UA:3    +
   25    30  0   0.1%   0.404 UA:3    +
   26    33  0   0.1%   0.775 UA:3    +
   24    35  0   0.1%   0.284 AU:3    +
   18    32  0   0.1%   0.453 UG:3    +
   31    43  0   0.1%   0.937 AU:3    +
    4    58  0   0.1%   0.466 UG:3    +
   10    53  0   0.1%   0.246 AU:3    +
    7    13  0   0.1%   0.059 CG:3    +
   31    36  0   0.1%   1.353 AU:3    +
   23    32  0   0.1%   0.883 CG:3    +
   38    49  0   0.1%   1.050 AU:3    +
   22    47  0   0.1%   0.753 CG:3    +
    5    50  0   0.1%   0.671 CG:3    +
    4    51  0   0.1%   0.678 UA:3    +
   10    56  0   0.1%   0.599 AU:3    +
   25    40  0   0.1%   0.493 UA:3    +
   50    59  0   0.1%   1.448 GC:3    +
   26    31  0   0.1%   0.732 UA:3    +
   30    35  0   0.1%   0.216 AU:3    +
    2    58  0   0.1%   0.317 CG:3    +
   13    42  0   0.1%   0.548 GC:3    +
   11    28  0   0.1%   0.269 AU:3    +
   16    21  0   0.1%   0.052 AU:3    +
   12    27  0   0.1%   0.474 UG:3    +
   49    60  0   0.1%   1.095 UA:3    +
    3    52  0   0.1%   0.322 AU:3    +
    7    48  0   0.1%   0.357 CG:3    +
   14    41  0   0.1%   0.272 UA:3    +
   18    51  0   0.1%   1.092 UA:3    +
   19    50  0   0.1%   0.878 UG:3    +
   11    52  0   0.1%   0.278 AU:3    +
   48    61  0   0.1%   1.152 GU:3    +
   10    29  0   0.1%   0.230 AU:3    +
    8    47  0   0.1%   0.351 UG:3    +
    8    60  0   0.1%   0.226 UA:3    +
   28    41  0   0.0%   0.518 UA:3    +
   27    42  0   0.0%   0.514 GC:3    +
   13    57  0   0.0%   0.859 GC:3    +
    8    55  0   0.0%   0.124 UG:3    +
   16    35  0   0.0%   0.062 AU:3    +
   11    20  0   0.0%   0.051 AU:3    +
    2    55  0   0.0%   0.310 CG:3    +
   13    26  0   0.0%   0.494 GU:3    +
   29    40  0   0.0%   0.692 UA:3    +
    5    48  0   0.0%   0.662 CG:3    +
   13    54  0   0.0%   1.318 GU:3    +
   47    61  0   0.0%   0.988 GU:3    +
   13    53  0   0.0%   1.224 GU:3    +
   25    31  0   0.0%   0.727 UA:3    +
    6    47  0   0.0%   0.499 UG:3    +
    3    54  0   0.0%   0.323 AU:3    +
   26    30  0   0.0%   0.399 UA:3    +
   21    48  0   0.0%   0.810 UG:3    +
   47    57  0   0.0%   0.780 GC:3    +
    8    30  0   0.0%   0.039 UA:3    +
   10    21  0   0.0%   0.013 AU:3    +
    5    13  0   0.0%   0.046 CG:3    +
   35    60  0   0.0%   0.697 UA:3    +
   30    43  0   0.0%   0.445 AU:3    +
   46    58  0   0.0%   0.541 CG:3    +
    5    55  0   0.0%   0.423 CG:3    +
   10    43  0   0.0%   0.230 AU:3    +
   32    39  0   0.0%   1.112 GC:3    +
   34    61  0   0.0%   0.502 AU:3    +
   12    58  0   0.0%   0.838 UG:3    +
   12    51  0   0.0%   0.744 UA:3    +
   47    59  0   0.0%   0.944 GC:3    +
   48    56  0   0.0%   1.031 GU:3    +
   17    47  0   0.0%   0.357 CG:3    +
    3    56  0   0.0%   0.323 AU:3    +
   30    56  0   0.0%   0.582 AU:3    +
   15    40  0   0.0%   0.510 UA:3    +
   17    27  0   0.0%   0.219 CG:3    +
   32    46  0   0.0%   0.765 GC:3    +
   20    47  0   0.0%   0.923 UG:3    +
   15    24  0   0.0%   0.219 UA:3    +
   33    45  0   0.0%   0.658 AU:3    +
   11    19  0   0.0%   0.044 AU:3    +
    1    60  0   0.0%   0.247 UA:3    +
    4    31  0   0.0%   0.044 UA:3    +
    1    37  0   0.0%   0.017 UA:3    +
   46    50  0   0.0%   0.900 CG:3    +
   56    60  0   0.0%   0.792 UA:3    +
   15    33  0   0.0%   0.235 UA:3    +
   39    50  0   0.0%   1.177 CG:3    +
   45    51  0   0.0%   0.862 UA:3    +
   10    20  0   0.0%   0.008 AU:3    +
   26    41  0   0.0%   0.730 UA:3    +
   14    34  0   0.0%   0.015 UA:3    +
   14    50  0   0.0%   0.525 UG:3    +
    7    50  0   0.0%   0.355 CG:3    +
    3     8  0   0.0%   0.004 AU:3    +
    6    51  0   0.0%   0.481 UA:3    +
   16    28  0   0.0%   0.048 AU:3    +
   55    61  0   0.0%   0.928 GU:3    +
    7    47  0   0.0%   0.345 CG:3    +
   18    48  0   0.0%   1.098 UG:3    +
   32    57  0   0.0%   0.730 GC:3    +
    9    50  0   0.0%   0.472 CG:3    +
    4    30  0   0.0%   0.041 UA:3    +
   13    35  0   0.0%   0.290 GU:3    +
   20    27  0   0.0%   0.259 UG:3    +
   12    41  0   0.0%   0.505 UA:3    +
   46    55  0   0.0%   0.752 CG:3    +
   42    50  0   0.0%   0.741 CG:3    +
   47    54  0   0.0%   1.397 GU:3    +
   40    49  0   0.0%   1.060 AU:3    +
    8    51  0   0.0%   0.328 UA:3    +
   10    45  0   0.0%   0.228 AU:3    +
   11    18  0   0.0%   0.040 AU:3    +
   10    19  0   0.0%   0.006 AU:3    +
   10    49  0   0.0%   0.480 AU:3    +
   33    56  0   0.0%   0.779 AU:3    +
    4    55  0   0.0%   0.448 UG:3    +
   11    43  0   0.0%   0.266 AU:3    +
   36    60  0   0.0%   0.789 UA:3    +
   48    53  0   0.0%   1.239 GU:3    +
   42    55  0   0.0%   0.732 CG:3    +
   13    46  0   0.0%   0.542 GC:3    +
    9    47  0   0.0%   0.468 CG:3    +
   45    60  0   0.0%   0.355 UA:3    +
    1    34  0   0.0%   0.014 UA:3    +
   10    61  0   0.0%   0.669 AU:3    +
   41    56  0   0.0%   0.756 AU:3    +
   36    41  0   0.0%   0.794 UA:3    +
   25    32  0   0.0%   0.877 UG:3    +
   38    52  0   0.0%   0.788 AU:3    +
   53    60  0   0.0%   0.806 UA:3    +
   25    47  0   0.0%   1.203 UG:3    +
   35    58  0   0.0%   0.883 UG:3    +
   28    37  0   0.0%   0.278 UA:3    +
    4    13  0   0.0%   0.076 UG:3    +
   32    59  0   0.0%   0.893 GC:3    +
    3    14  0   0.0%   0.042 AU:3    +
   21    27  0   0.0%   0.227 UG:3    +
   49    55  0   0.0%   1.290 UG:3    +
   28    34  0   0.0%   0.291 UA:3    +
   13    20  0   0.0%   0.056 GU:3    +
    1    10  0   0.0%   0.002 UA:3    +
    6    10  0   0.0%   0.003 UA:3    +
    6    11  0   0.0%   0.038 UA:3    +
   34    43  0   0.0%   0.366 AU:3    +
   48    57  0   0.0%   0.728 GC:3    +
   37    53  0   0.0%   0.861 AU:3    +
   12    47  0   0.0%   0.761 UG:3    +
   21    47  0   0.0%   0.860 UG:3    +
   27    35  0   0.0%   0.324 GU:3    +
   41    52  0   0.0%   0.646 AU:3    +
   29    47  0   0.0%   0.965 UG:3    +
   35    55  0   0.0%   0.973 UG:3    +
   37    56  0   0.0%   0.650 AU:3    +
   34    56  0   0.0%   0.471 AU:3    +
   40    45  0   0.0%   0.549 AU:3    +
    4    10  0   0.0%   0.002 UA:3    +
   15    34  0   0.0%   0.017 UA:3    +
   29    33  0   0.0%   0.565 UA:3    +
    9    48  0   0.0%   0.470 CG:3    +
   35    40  0   0.0%   0.851 UA:3    +
    6    48  0   0.0%   0.499 UG:3    +
    9    13  0   0.0%   0.049 CG:3    +
   53    58  0   0.0%   1.214 UG:3    +
   27    36  0   0.0%   0.559 GU:3    +
    6    55  0   0.0%   0.255 UG:3    +
    4    32  0   0.0%   0.053 UG:3    +
   26    37  0   0.0%   0.488 UA:3    +
   13    19  0   0.0%   0.052 GU:3    +
   41    45  0   0.0%   0.385 AU:3    +
   30    45  0   0.0%   0.431 AU:3    +
    3    15  0   0.0%   0.042 AU:3    +
   37    54  0   0.0%   0.959 AU:3    +
    8    48  0   0.0%   0.350 UG:3    +
   15    51  0   0.0%   1.015 UA:3    +
   15    30  0   0.0%   0.035 UA:3    +
    1    38  0   0.0%   0.015 UA:3    +
   40    53  0   0.0%   0.868 AU:3    +
    4    16  0   0.0%   0.038 UA:3    +
   32    36  0   0.0%   1.128 GU:3    +
   13    21  0   0.0%   0.054 GU:3    +
   25    38  0   0.0%   0.489 UA:3    +
   14    31  0   0.0%   0.219 UA:3    +
   38    53  0   0.0%   0.855 AU:3    +
   11    45  0   0.0%   0.263 AU:3    +
   29    38  0   0.0%   0.679 UA:3    +
   13    44  0   0.0%   0.540 GC:3    +
   36    55  0   0.0%   1.056 UG:3    +
   19    24  0   0.0%   0.219 UA:3    +
    1    58  0   0.0%   0.242 UG:3    +
    6    34  0   0.0%   0.251 UA:3    +
    2    47  0   0.0%   0.050 CG:3    +
    4    37  0   0.0%   0.189 UA:3    +
   10    15  0   0.0%   0.003 AU:3    +
   20    24  0   0.0%   0.256 UA:3    +
   26    32  0   0.0%   0.875 UG:3    +
   21    41  0   0.0%   0.293 UA:3    +
   15    58  0   0.0%   0.976 UG:3    +
    6    32  0   0.0%   0.327 UG:3    +
   54    58  0   0.0%   1.321 UG:3    +
   27    44  0   0.0%   0.503 GC:3    +
   50    54  0   0.0%   1.472 GU:3    +
   52    58  0   0.0%   1.018 UG:3    +
   11    21  0   0.0%   0.046 AU:3    +
    8    41  0   0.0%   0.088 UA:3    +
   39    58  0   0.0%   1.087 CG:3    +
   10    52  0   0.0%   0.232 AU:3    +
   16    29  0   0.0%   0.046 AU:3    +
   25    33  0   0.0%   0.755 UA:3    +
    6    13  0   0.0%   0.043 UG:3    +
   14    24  0   0.0%   0.214 UA:3    +
   52    60  0   0.0%   0.609 UA:3    +
   44    48  0   0.0%   0.759 CG:3    +
   13    18  0   0.0%   0.050 GU:3    +
   34    53  0   0.0%   0.682 AU:3    +
   12    33  0   0.0%   0.484 UA:3    +
   17    50  0   0.0%   0.865 CG:3    +
   24    61  0   0.0%   0.592 AU:3    +
   43    60  0   0.0%   0.512 UA:3    +
   21    34  0   0.0%   0.550 UA:3    +
   33    54  0   0.0%   1.088 AU:3    +
   29    34  0   0.0%   0.298 UA:3    +
   18    55  0   0.0%   1.141 UG:3    +
   38    45  0   0.0%   0.530 AU:3    +
   27    57  0   0.0%   0.558 GC:3    +
   12    37  0   0.0%   0.259 UA:3    +
   18    24  0   0.0%   0.217 UA:3    +
    8    33  0   0.0%   0.314 UA:3    +
   13    36  0   0.0%   0.287 GU:3    +
   19    41  0   0.0%   0.333 UA:3    +
   13    25  0   0.0%   0.486 GU:3    +
    8    13  0   0.0%   0.049 UG:3    +
    9    32  0   0.0%   0.458 CG:3    +
    3    53  0   0.0%   0.314 AU:3    +
   20    48  0   0.0%   0.865 UG:3    +
   31    56  0   0.0%   1.101 AU:3    +
   11    35  0   0.0%   0.269 AU:3    +
   19    48  0   0.0%   0.865 UG:3    +
   25    60  0   0.0%   0.842 UA:3    +
   37    43  0   0.0%   0.550 AU:3    +
   33    61  0   0.0%   0.803 AU:3    +
   18    50  0   0.0%   1.099 UG:3    +
   10    36  0   0.0%   0.231 AU:3    +
   12    34  0   0.0%   0.266 UA:3    +
    7    27  0   0.0%   0.007 CG:3    +
   28    48  0   0.0%   0.915 UG:3    +
    1    16  0   0.0%   0.001 UA:3    +
   14    55  0   0.0%   0.927 UG:3    +
   18    37  0   0.0%   0.553 UA:3    +
   38    43  0   0.0%   0.547 AU:3    +
   20    41  0   0.0%   0.355 UA:3    +
   10    18  0   0.0%   0.003 AU:3    +
   11    15  0   0.0%   0.038 AU:3    +
   37    52  0   0.0%   0.792 AU:3    +
   51    61  0   0.0%   1.180 AU:3    +
    1    11  0   0.0%   0.001 UA:3    +
   14    60  0   0.0%   0.934 UA:3    +
   13    17  0   0.0%   0.048 GC:3    +
    1    55  0   0.0%   0.241 UG:3    +
   37    61  0   0.0%   0.675 AU:3    +
   13    61  0   0.0%   1.210 GU:3    +
   14    37  0   0.0%   0.005 UA:3    +
   26    58  0   0.0%   0.942 UG:3    +
    6    16  0   0.0%   0.002 UA:3    +
   31    54  0   0.0%   1.398 AU:3    +
    6    41  0   0.0%   0.242 UA:3    +
   25    51  0   0.0%   1.211 UA:3    +
   16    25  0   0.0%   0.252 AU:3    +
   18    27  0   0.0%   0.217 UG:3    +
   13    56  0   0.0%   0.884 GU:3    +
   23    55  0   0.0%   0.950 CG:3    +
   16    43  0   0.0%   0.297 AU:3    +
   26    50  0   0.0%   1.175 UG:3    +
   36    47  0   0.0%   1.222 UG:3    +
   24    52  0   0.0%   0.697 AU:3    +
   24    54  0   0.0%   0.864 AU:3    +
   36    51  0   0.0%   1.146 UA:3    +
   37    45  0   0.0%   0.532 AU:3    +
   19    27  0   0.0%   0.219 UG:3    +
   32    53  0   0.0%   1.086 GU:3    +
   43    58  0   0.0%   0.712 UG:3    +
   42    58  0   0.0%   0.514 CG:3    +
   16    53  0   0.0%   0.924 AU:3    +
    8    27  0   0.0%   0.002 UG:3    +
   11    26  0   0.0%   0.466 AU:3    +
   32    43  0   0.0%   0.715 GU:3    +
   12    16  0   0.0%   0.040 UA:3    +
    8    16  0   0.0%   0.002 UA:3    +
   10    14  0   0.0%   0.003 AU:3    +
   44    55  0   0.0%   0.875 CG:3    +
   29    58  0   0.0%   0.691 UG:3    +
   29    50  0   0.0%   0.912 UG:3    +
    8    32  0   0.0%   0.335 UG:3    +
   27    49  0   0.0%   1.124 GU:3    +
   28    51  0   0.0%   0.849 UA:3    +
   44    58  0   0.0%   0.658 CG:3    +
   20    40  0   0.0%   0.595 UA:3    +
   30    49  0   0.0%   0.969 AU:3    +
   19    55  0   0.0%   0.973 UG:3    +
   18    30  0   0.0%   0.034 UA:3    +
   20    37  0   0.0%   0.605 UA:3    +
    3    19  0   0.0%   0.042 AU:3    +
   14    30  0   0.0%   0.033 UA:3    +
    8    24  0   0.0%   0.002 UA:3    +
    4    47  0   0.0%   0.187 UG:3    +
   19    38  0   0.0%   0.582 UA:3    +
   10    25  0   0.0%   0.008 AU:3    +
   27    52  0   0.0%   0.864 GU:3    +
   33    52  0   0.0%   0.892 AU:3    +
   19    37  0   0.0%   0.583 UA:3    +
   29    55  0   0.0%   0.783 UG:3    +
   47    52  0   0.0%   1.093 GU:3    +
   12    30  0   0.0%   0.288 UA:3    +
   35    48  0   0.0%   1.097 UG:3    +
   13    29  0   0.0%   0.281 GU:3    +
   28    33  0   0.0%   0.556 UA:3    +
   18    41  0   0.0%   0.301 UA:3    +
   43    50  0   0.0%   0.804 UG:3    +
    1    40  0   0.0%   0.014 UA:3    +
   34    49  0   0.0%   0.843 AU:3    +
   48    54  0   0.0%   1.345 GU:3    +
   30    54  0   0.0%   0.875 AU:3    +
   29    60  0   0.0%   0.499 UA:3    +
   34    54  0   0.0%   0.780 AU:3    +
   26    34  0   0.0%   0.500 UA:3    +
   21    40  0   0.0%   0.532 UA:3    +
    3    20  0   0.0%   0.042 AU:3    +
    3    26  0   0.0%   0.042 AU:3    +
   18    38  0   0.0%   0.552 UA:3    +
    2    27  0   0.0%   0.037 CG:3    +
   43    48  0   0.0%   0.816 UG:3    +
   26    48  0   0.0%   1.187 UG:3    +
   34    45  0   0.0%   0.348 AU:3    +
   28    47  0   0.0%   0.955 UG:3    +
    6    24  0   0.0%   0.002 UA:3    +
   41    54  0   0.0%   1.074 AU:3    +
   31    61  0   0.0%   1.127 AU:3    +
    3    21  0   0.0%   0.042 AU:3    +
   15    38  0   0.0%   0.516 UA:3    +
   31    53  0   0.0%   1.299 AU:3    +
   12    48  0   0.0%   0.762 UG:3    +
   28    32  0   0.0%   0.670 UG:3    +
   19    40  0   0.0%   0.573 UA:3    +
   45    50  0   0.0%   0.917 UG:3    +
    3    18  0   0.0%   0.041 AU:3    +
    3    28  0   0.0%   0.042 AU:3    +
   15    60  0   0.0%   0.786 UA:3    +
   50    56  0   0.0%   1.153 GU:3    +
    1    13  0   0.0%   0.001 UG:3    +
    1    32  0   0.0%   0.001 UG:3    +
   16    26  0   0.0%   0.253 AU:3    +
    3    45  0   0.0%   0.059 AU:3    +
   11    49  0   0.0%   0.513 AU:3    +
   16    52  0   0.0%   0.857 AU:3    +
    8    40  0   0.0%   0.087 UA:3    +
   47    56  0   0.0%   1.075 GU:3    +
   29    41  0   0.0%   0.523 UA:3    +
   47    53  0   0.0%   1.287 GU:3    +
   32    45  0   0.0%   0.780 GU:3    +
   11    36  0   0.0%   0.268 AU:3    +
    4    24  0   0.0%   0.037 UA:3    +
   15    27  0   0.0%   0.216 UG:3    +
   21    60  0   0.0%   0.612 UA:3    +
   15    41  0   0.0%   0.267 UA:3    +
   17    58  0   0.0%   0.942 CG:3    +
   28    60  0   0.0%   0.502 UA:3    +
   18    60  0   0.0%   0.847 UA:3    +
   32    61  0   0.0%   0.930 GU:3    +
   20    60  0   0.0%   0.684 UA:3    +
   19    60  0   0.0%   0.679 UA:3    +
   21    38  0   0.0%   0.542 UA:3    +
    1    31  0   0.0%   0.001 UA:3    +
    3    43  0   0.0%   0.059 AU:3    +
   40    52  0   0.0%   0.800 AU:3    +
   32    52  0   0.0%   1.019 GU:3    +
    3    25  0   0.0%   0.042 AU:3    +
    8    37  0   0.0%   0.089 UA:3    +
   24    36  0   0.0%   0.512 AU:3    +
    3    29  0   0.0%   0.042 AU:3    +
   26    38  0   0.0%   0.486 UA:3    +
   28    40  0   0.0%   0.673 UA:3    +
    4    38  0   0.0%   0.187 UA:3    +
   48    52  0   0.0%   1.043 GU:3    +
   35    47  0   0.0%   1.137 UG:3    +
   14    33  0   0.0%   0.229 UA:3    +
    5    27  0   0.0%   0.003 CG:3    +
   21    37  0   0.0%   0.543 UA:3    +
   15    47  0   0.0%   0.519 UG:3    +
   38    54  0   0.0%   0.952 AU:3    +
   15    31  0   0.0%   0.220 UA:3    +
   15    32  0   0.0%   0.251 UG:3    +
    8    34  0   0.0%   0.096 UA:3    +
    1    41  0   0.0%   0.014 UA:3    +
    6    37  0   0.0%   0.244 UA:3    +
    1    50  0   0.0%   0.014 UG:3    +
   10    28  0   0.0%   0.218 AU:3    +
   12    38  0   0.0%   0.257 UA:3    +
    4    41  0   0.0%   0.187 UA:3    +
   14    32  0   0.0%   0.250 UG:3    +
   20    38  0   0.0%   0.604 UA:3    +
........(((.((((((......(((((((...))))))).....)))))))))......
