3 sequence; length of alignment 59
alifold output
   10    39  0  93.6%   0.270 CG:3   
    9    40  0  93.0%   0.321 UG:3   
    8    41  0  93.0%   0.405 CG:3   
   11    38  0  92.2%   0.253 GC:3   
    7    42  0  89.0%   0.549 UA:3   
   46    55  0  87.9%   0.517 GC:3   
   47    54  0  87.9%   0.501 GC:3   
   16    32  0  78.9%   0.584 UA:3   
   15    33  0  78.9%   0.604 GC:3   
   17    31  0  78.4%   0.620 GC:3   
   48    53  0  76.9%   0.772 UA:3   
   45    56  0  74.0%   0.946 UA:3   
    6    43  0  61.0%   1.256 UA:3   
   19    30  0  29.2%   1.299 UG:3   
   20    29  0  28.6%   1.257 UA:3   
   22    28  0  14.7%   1.103 GU:3    +
   21    29  0  13.7%   1.549 UA:3    +
   23    27  0  12.7%   1.136 UA:3    +
   22    31  0  12.2%   1.467 GC:3    +
   23    30  0  11.9%   1.637 UG:3    +
   21    32  0  11.6%   1.475 UA:3    +
   21    27  0  10.4%   0.823 UA:3    +
    3    44  0  10.3%   0.719 GC:3    +
   13    36  0  10.0%   0.710 AU:3    +
   20    30  0   8.5%   1.421 UG:3    +
    4    43  0   8.3%   0.635 UA:3    +
   22    26  0   7.6%   0.598 GU:3    +
   13    37  0   7.4%   0.830 AU:3    +
   17    33  0   7.2%   0.981 GC:3    +
   16    34  0   7.0%   0.767 UA:3    +
   24    29  0   6.9%   1.340 UA:3    +
   22    33  0   6.5%   1.657 GC:3    +
   49    55  0   6.3%   0.877 GC:3    +
   23    32  0   6.3%   1.492 UA:3    +
   21    34  0   6.2%   1.605 UA:3    +
   50    54  0   6.1%   0.841 GC:3    +
    3    58  0   5.6%   0.832 GC:3    +
   14    36  0   5.5%   0.735 GU:3    +
   20    35  0   5.3%   1.403 UA:3    +
    4    57  0   5.3%   0.734 UA:3    +
   17    38  0   4.8%   1.050 GC:3    +
   18    37  0   4.7%   1.021 AU:3    +
   48    56  0   4.4%   1.046 UA:3    +
   18    36  0   4.1%   0.937 AU:3    +
   19    29  0   4.1%   0.461 UA:3    +
   17    37  0   4.0%   1.041 GU:3    +
   19    35  0   3.9%   1.021 UA:3    +
   46    58  0   3.7%   0.759 GC:3    +
    2    59  0   3.7%   0.441 UA:3    +
   20    34  0   3.5%   1.165 UA:3    +
    8    50  0   2.9%   0.531 CG:3    +
    5    42  0   2.8%   0.307 UA:3    +
    7    51  0   2.7%   0.553 UA:3    +
   13    45  0   2.6%   0.730 AU:3    +
   14    44  0   2.5%   0.748 GC:3    +
   12    46  0   2.5%   0.314 CG:3    +
   25    30  0   2.3%   1.140 CG:3    +
    5    56  0   2.2%   0.467 UA:3    +
   45    59  0   2.2%   0.750 UA:3    +
    9    49  0   1.9%   0.355 UG:3    +
   15    36  0   1.8%   0.829 GU:3    +
   16    35  0   1.7%   0.606 UA:3    +
    6    41  0   1.7%   0.213 UG:3    +
   16    39  0   1.6%   0.807 UG:3    +
   19    27  0   1.5%   0.197 UA:3    +
    7    40  0   1.5%   0.191 UG:3    +
   47    58  0   1.4%   0.695 GC:3    +
   11    48  0   1.4%   0.293 GU:3    +
   10    49  0   1.4%   0.383 CG:3    +
    8    39  0   1.3%   0.180 CG:3    +
   12    47  0   1.3%   0.326 CG:3    +
   18    28  0   1.2%   0.188 AU:3    +
   15    44  0   1.1%   0.778 GC:3    +
   14    37  0   1.1%   0.525 GU:3    +
    3    55  0   1.1%   0.442 GC:3    +
   20    27  0   1.0%   0.205 UA:3    +
   14    45  0   0.9%   0.559 GU:3    +
   48    57  0   0.9%   0.716 UA:3    +
   16    43  0   0.9%   1.214 UA:3    +
    2    56  0   0.9%   0.157 UA:3    +
    6    42  0   0.8%   0.287 UA:3    +
    8    40  0   0.7%   0.233 CG:3    +
    3    54  0   0.7%   0.368 GC:3    +
    4    53  0   0.7%   0.343 UA:3    +
    5    43  0   0.7%   0.413 UA:3    +
    7    41  0   0.6%   0.232 UG:3    +
    7    50  0   0.4%   0.282 UG:3    +
    6    51  0   0.4%   0.495 UA:3    +
    8    49  0   0.4%   0.246 CG:3    +
   10    47  0   0.4%   0.167 CG:3    +
    5    53  0   0.4%   0.254 UA:3    +
   24    42  0   0.4%   0.526 UA:3    +
   23    43  0   0.4%   1.348 UA:3    +
   25    41  0   0.4%   0.347 CG:3    +
   22    44  0   0.4%   1.359 GC:3    +
   26    40  0   0.4%   0.436 UG:3    +
    9    50  0   0.3%   0.365 UG:3    +
   15    31  0   0.3%   0.075 GC:3    +
   16    30  0   0.3%   0.063 UG:3    +
    9    39  0   0.3%   0.111 UG:3    +
   15    54  0   0.3%   0.430 GC:3    +
   14    55  0   0.3%   0.465 GC:3    +
   16    53  0   0.2%   0.699 UA:3    +
   18    24  0   0.2%   0.053 AU:3    +
   21    30  0   0.2%   1.149 UG:3    +
   17    52  0   0.2%   0.728 GU:3    +
   17    25  0   0.2%   0.050 GC:3    +
    3    12  0   0.2%   0.036 GC:3    +
   19    47  0   0.2%   0.828 UG:3    +
   18    48  0   0.2%   0.455 AU:3    +
    2    47  0   0.2%   0.047 UG:3    +
   49    58  0   0.2%   0.732 GC:3    +
    4    11  0   0.2%   0.033 UG:3    +
   14    33  0   0.2%   0.043 GC:3    +
    2    13  0   0.1%   0.029 UA:3    +
    1    48  0   0.1%   0.032 AU:3    +
   20    46  0   0.1%   1.023 UG:3    +
    3    52  0   0.1%   0.280 GU:3    +
    4    51  0   0.1%   0.249 UA:3    +
    5    50  0   0.1%   0.164 UG:3    +
   48    59  0   0.1%   0.690 UA:3    +
   19    32  0   0.1%   0.766 UA:3    +
   10    41  0   0.1%   0.263 CG:3    +
    2    53  0   0.1%   0.045 UA:3    +
   45    57  0   0.1%   0.550 UA:3    +
   12    39  0   0.1%   0.177 CG:3    +
   19    34  0   0.1%   0.768 UA:3    +
    9    42  0   0.1%   0.350 UA:3    +
    6    53  0   0.1%   0.520 UA:3    +
   24    30  0   0.1%   1.079 UG:3    +
   12    30  0   0.1%   0.035 CG:3    +
   49    54  0   0.1%   0.353 GC:3    +
   50    55  0   0.1%   0.699 GC:3    +
    6    49  0   0.1%   0.427 UG:3    +
   11    31  0   0.1%   0.033 GC:3    +
   16    42  0   0.1%   0.800 UA:3    +
   11    37  0   0.1%   0.037 GU:3    +
   10    15  0   0.1%   0.019 CG:3    +
   12    22  0   0.1%   0.026 CG:3    +
   13    21  0   0.1%   0.025 AU:3    +
    8    47  0   0.1%   0.192 CG:3    +
   14    20  0   0.1%   0.016 GU:3    +
   23    29  0   0.1%   1.042 UA:3    +
   15    37  0   0.0%   0.549 GU:3    +
    9    46  0   0.0%   0.111 UG:3    +
   11    23  0   0.0%   0.023 GU:3    +
    3    45  0   0.0%   0.264 GU:3    +
   29    36  0   0.0%   1.562 AU:3    +
    8    17  0   0.0%   0.014 CG:3    +
   16    27  0   0.0%   0.011 UA:3    +
   20    32  0   0.0%   0.823 UA:3    +
   15    28  0   0.0%   0.023 GU:3    +
   16    41  0   0.0%   0.720 UG:3    +
   14    38  0   0.0%   0.315 GC:3    +
   11    44  0   0.0%   0.345 GC:3    +
    7    18  0   0.0%   0.011 UA:3    +
   44    49  0   0.0%   0.580 CG:3    +
    3    31  0   0.0%   0.022 GC:3    +
    4    30  0   0.0%   0.020 UG:3    +
   19    51  0   0.0%   0.851 UA:3    +
   20    50  0   0.0%   1.067 UG:3    +
   10    17  0   0.0%   0.019 CG:3    +
   14    25  0   0.0%   0.015 GC:3    +
    5    29  0   0.0%   0.009 UA:3    +
   15    24  0   0.0%   0.017 GU:3    +
   21    49  0   0.0%   1.122 UG:3    +
    7    43  0   0.0%   0.752 UA:3    +
   13    26  0   0.0%   0.023 AU:3    +
   16    40  0   0.0%   0.706 UG:3    +
   15    38  0   0.0%   0.381 GC:3    +
    9    18  0   0.0%   0.013 UA:3    +
    1    45  0   0.0%   0.008 AU:3    +
    2    32  0   0.0%   0.017 UA:3    +
   47    55  0   0.0%   0.406 GC:3    +
   10    46  0   0.0%   0.094 CG:3    +
    4    46  0   0.0%   0.228 UG:3    +
   15    19  0   0.0%   0.014 GU:3    +
   11    58  0   0.0%   0.334 GC:3    +
    8    14  0   0.0%   0.006 CG:3    +
    9    51  0   0.0%   0.329 UA:3    +
    9    47  0   0.0%   0.120 UG:3    +
   11    45  0   0.0%   0.116 GU:3    +
   18    26  0   0.0%   0.031 AU:3    +
    5    46  0   0.0%   0.146 UG:3    +
   30    36  0   0.0%   1.560 GU:3    +
    9    13  0   0.0%   0.014 UA:3    +
   17    26  0   0.0%   0.028 GU:3    +
   11    36  0   0.0%   0.026 GU:3    +
   18    52  0   0.0%   0.390 AU:3    +
   27    36  0   0.0%   1.211 AU:3    +
   28    35  0   0.0%   0.698 UA:3    +
   19    40  0   0.0%   0.870 UG:3    +
   30    44  0   0.0%   1.360 GC:3    +
   29    45  0   0.0%   1.107 AU:3    +
   10    50  0   0.0%   0.318 CG:3    +
   22    38  0   0.0%   1.145 GC:3    +
    3    10  0   0.0%   0.005 GC:3    +
   21    39  0   0.0%   1.164 UG:3    +
    5    57  0   0.0%   0.415 UA:3    +
    7    15  0   0.0%   0.004 UG:3    +
   11    16  0   0.0%   0.015 GU:3    +
   20    40  0   0.0%   1.069 UG:3    +
    2    57  0   0.0%   0.077 UA:3    +
   10    40  0   0.0%   0.240 CG:3    +
   44    50  0   0.0%   0.569 CG:3    +
   25    50  0   0.0%   0.285 CG:3    +
   26    49  0   0.0%   0.393 UG:3    +
   29    37  0   0.0%   1.483 AU:3    +
   24    51  0   0.0%   0.368 UA:3    +
   17    36  0   0.0%   0.871 GU:3    +
   27    48  0   0.0%   0.694 AU:3    +
   19    41  0   0.0%   0.882 UG:3    +
    4    47  0   0.0%   0.237 UG:3    +
   28    46  0   0.0%   0.455 UG:3    +
   10    14  0   0.0%   0.007 CG:3    +
   45    49  0   0.0%   0.321 UG:3    +
    1     6  0   0.0%   0.003 AU:3    +
   46    54  0   0.0%   0.167 GC:3    +
   39    44  0   0.0%   0.618 GC:3    +
    6    56  0   0.0%   0.575 UA:3    +
   33    40  0   0.0%   0.761 CG:3    +
    2    46  0   0.0%   0.016 UG:3    +
   12    17  0   0.0%   0.021 CG:3    +
   19    39  0   0.0%   0.908 UG:3    +
    4    18  0   0.0%   0.013 UA:3    +
    5    17  0   0.0%   0.003 UG:3    +
   14    31  0   0.0%   0.021 GC:3    +
   30    38  0   0.0%   1.184 GC:3    +
   20    39  0   0.0%   1.106 UG:3    +
   12    40  0   0.0%   0.197 CG:3    +
   16    50  0   0.0%   0.739 UG:3    +
    3    19  0   0.0%   0.016 GU:3    +
   24    32  0   0.0%   0.832 UA:3    +
   26    39  0   0.0%   0.417 UG:3    +
   28    47  0   0.0%   0.452 UG:3    +
   23    51  0   0.0%   0.854 UA:3    +
   26    30  0   0.0%   1.156 UG:3    +
   24    50  0   0.0%   0.389 UG:3    +
   25    49  0   0.0%   0.291 CG:3    +
    9    15  0   0.0%   0.006 UG:3    +
    3     8  0   0.0%   0.002 GC:3    +
    2    11  0   0.0%   0.002 UG:3    +
   18    23  0   0.0%   0.012 AU:3    +
   16    29  0   0.0%   0.009 UA:3    +
   25    40  0   0.0%   0.275 CG:3    +
    2    43  0   0.0%   0.015 UA:3    +
   19    49  0   0.0%   0.875 UG:3    +
   22    52  0   0.0%   0.963 GU:3    +
   14    28  0   0.0%   0.013 GU:3    +
    8    15  0   0.0%   0.006 CG:3    +
   33    39  0   0.0%   0.780 CG:3    +
   41    58  0   0.0%   0.370 GC:3    +
    9    14  0   0.0%   0.005 UG:3    +
   40    54  0   0.0%   0.247 GC:3    +
   39    55  0   0.0%   0.281 GC:3    +
   31    39  0   0.0%   0.687 CG:3    +
   24    41  0   0.0%   0.391 UG:3    +
   30    37  0   0.0%   1.481 GU:3    +
    7    53  0   0.0%   0.396 UA:3    +
   19    50  0   0.0%   0.866 UG:3    +
   40    44  0   0.0%   0.598 GC:3    +
   39    45  0   0.0%   0.363 GU:3    +
   15    58  0   0.0%   0.529 GC:3    +
   23    42  0   0.0%   0.952 UA:3    +
   38    49  0   0.0%   0.397 CG:3    +
   38    46  0   0.0%   0.341 CG:3    +
   37    50  0   0.0%   0.685 UG:3    +
   36    51  0   0.0%   0.741 UA:3    +
   39    48  0   0.0%   0.298 GU:3    +
   20    47  0   0.0%   1.012 UG:3    +
    4    56  0   0.0%   0.310 UA:3    +
   16    57  0   0.0%   0.759 UA:3    +
   23    35  0   0.0%   1.051 UA:3    +
   12    41  0   0.0%   0.207 CG:3    +
   15    25  0   0.0%   0.016 GC:3    +
   22    36  0   0.0%   1.514 GU:3    +
   33    41  0   0.0%   0.770 CG:3    +
   14    26  0   0.0%   0.014 GU:3    +
   35    52  0   0.0%   0.381 AU:3    +
   27    37  0   0.0%   1.134 AU:3    +
   17    28  0   0.0%   0.028 GU:3    +
   21    53  0   0.0%   1.039 UA:3    +
   21    46  0   0.0%   1.062 UG:3    +
   24    34  0   0.0%   0.692 UA:3    +
   46    52  0   0.0%   0.138 GU:3    +
   50    58  0   0.0%   0.696 GC:3    +
    5    51  0   0.0%   0.158 UA:3    +
    1     5  0   0.0%   0.001 AU:3    +
    6    50  0   0.0%   0.426 UG:3    +
   45    53  0   0.0%   0.234 UA:3    +
    7    27  0   0.0%   0.005 UA:3    +
   12    49  0   0.0%   0.339 CG:3    +
    2    51  0   0.0%   0.026 UA:3    +
   28    39  0   0.0%   0.554 UG:3    +
   20    49  0   0.0%   1.069 UG:3    +
   13    48  0   0.0%   0.604 AU:3    +
    5    47  0   0.0%   0.153 UG:3    +
    1    52  0   0.0%   0.014 AU:3    +
    9    32  0   0.0%   0.008 UA:3    +
    9    41  0   0.0%   0.259 UG:3    +
   17    24  0   0.0%   0.011 GU:3    +
   13    28  0   0.0%   0.019 AU:3    +
    6    46  0   0.0%   0.417 UG:3    +
   14    19  0   0.0%   0.005 GU:3    +
    9    35  0   0.0%   0.006 UA:3    +
   32    37  0   0.0%   1.149 AU:3    +
    3    48  0   0.0%   0.265 GU:3    +
    8    46  0   0.0%   0.172 CG:3    +
   31    40  0   0.0%   0.666 CG:3    +
    7    49  0   0.0%   0.211 UG:3    +
   37    47  0   0.0%   0.634 UG:3    +
    4    42  0   0.0%   0.015 UA:3    +
    6    17  0   0.0%   0.002 UG:3    +
   31    41  0   0.0%   0.676 CG:3    +
   45    51  0   0.0%   0.285 UA:3    +
    6    57  0   0.0%   0.605 UA:3    +
    4    49  0   0.0%   0.225 UG:3    +
    5    18  0   0.0%   0.003 UA:3    +
   41    54  0   0.0%   0.255 GC:3    +
   40    55  0   0.0%   0.259 GC:3    +
    4    59  0   0.0%   0.545 UA:3    +
    3    33  0   0.0%   0.017 GC:3    +
   45    50  0   0.0%   0.309 UG:3    +
    5    59  0   0.0%   0.379 UA:3    +
   15    20  0   0.0%   0.014 GU:3    +
    4    32  0   0.0%   0.017 UA:3    +
   13    20  0   0.0%   0.012 AU:3    +
   32    36  0   0.0%   1.228 AU:3    +
    7    47  0   0.0%   0.217 UG:3    +
   26    32  0   0.0%   0.826 UA:3    +
   15    26  0   0.0%   0.015 GU:3    +
    2    34  0   0.0%   0.013 UA:3    +
    1     7  0   0.0%   0.002 AU:3    +
   14    58  0   0.0%   0.550 GC:3    +
    9    34  0   0.0%   0.006 UA:3    +
   25    47  0   0.0%   0.231 CG:3    +
   26    46  0   0.0%   0.335 UG:3    +
   21    47  0   0.0%   1.058 UG:3    +
   32    48  0   0.0%   0.705 AU:3    +
   31    49  0   0.0%   0.641 CG:3    +
    1    21  0   0.0%   0.002 AU:3    +
   33    47  0   0.0%   0.675 CG:3    +
    5    49  0   0.0%   0.141 UG:3    +
   27    45  0   0.0%   0.756 AU:3    +
    2    15  0   0.0%   0.010 UG:3    +
    1    16  0   0.0%   0.002 AU:3    +
    2    49  0   0.0%   0.025 UG:3    +
   21    35  0   0.0%   1.303 UA:3    +
   14    21  0   0.0%   0.013 GU:3    +
   52    57  0   0.0%   0.234 UA:3    +
   22    58  0   0.0%   1.104 GC:3    +
    5    41  0   0.0%   0.004 UG:3    +
   40    58  0   0.0%   0.360 GC:3    +
   17    55  0   0.0%   0.756 GC:3    +
   23    57  0   0.0%   0.878 UA:3    +
    4    13  0   0.0%   0.020 UA:3    +
   23    53  0   0.0%   0.803 UA:3    +
   22    54  0   0.0%   0.990 GC:3    +
   21    56  0   0.0%   1.082 UA:3    +
   13    19  0   0.0%   0.012 AU:3    +
   22    48  0   0.0%   1.018 GU:3    +
   22    55  0   0.0%   1.003 GC:3    +
   17    23  0   0.0%   0.011 GU:3    +
   20    41  0   0.0%   1.077 UG:3    +
    6    40  0   0.0%   0.002 UG:3    +
   15    45  0   0.0%   0.494 GU:3    +
   19    42  0   0.0%   0.953 UA:3    +
   21    50  0   0.0%   1.111 UG:3    +
    3    38  0   0.0%   0.017 GC:3    +
   20    51  0   0.0%   1.042 UA:3    +
    6    13  0   0.0%   0.011 UA:3    +
    5    14  0   0.0%   0.001 UG:3    +
   24    56  0   0.0%   0.360 UA:3    +
   17    58  0   0.0%   0.857 GC:3    +
   16    56  0   0.0%   0.728 UA:3    +
    4    50  0   0.0%   0.224 UG:3    +
   20    57  0   0.0%   1.066 UA:3    +
   33    46  0   0.0%   0.679 CG:3    +
    6    35  0   0.0%   0.002 UA:3    +
   43    52  0   0.0%   0.633 AU:3    +
   34    45  0   0.0%   0.630 AU:3    +
   42    52  0   0.0%   0.300 AU:3    +
    6    47  0   0.0%   0.424 UG:3    +
   21    59  0   0.0%   1.077 UA:3    +
   33    49  0   0.0%   0.735 CG:3    +
    6    59  0   0.0%   0.569 UA:3    +
    7    34  0   0.0%   0.005 UA:3    +
   52    56  0   0.0%   0.513 UA:3    +
   15    21  0   0.0%   0.014 GU:3    +
   26    35  0   0.0%   0.557 UA:3    +
   11    33  0   0.0%   0.021 GC:3    +
   34    48  0   0.0%   0.565 AU:3    +
   11    55  0   0.0%   0.214 GC:3    +
    6    18  0   0.0%   0.002 UA:3    +
   21    40  0   0.0%   1.123 UG:3    +
   20    42  0   0.0%   1.150 UA:3    +
   36    43  0   0.0%   1.213 UA:3    +
   26    34  0   0.0%   0.686 UA:3    +
   47    52  0   0.0%   0.133 GU:3    +
    7    13  0   0.0%   0.010 UA:3    +
   52    59  0   0.0%   0.238 UA:3    +
   37    42  0   0.0%   0.801 UA:3    +
   21    41  0   0.0%   1.132 UG:3    +
   16    59  0   0.0%   0.723 UA:3    +
   31    46  0   0.0%   0.585 CG:3    +
    6    14  0   0.0%   0.001 UG:3    +
    7    56  0   0.0%   0.454 UA:3    +
    7    17  0   0.0%   0.003 UG:3    +
    9    43  0   0.0%   0.640 UA:3    +
    5    11  0   0.0%   0.012 UG:3    +
   16    51  0   0.0%   0.716 UA:3    +
   32    45  0   0.0%   0.770 AU:3    +
    7    39  0   0.0%   0.005 UG:3    +
    4    15  0   0.0%   0.011 UG:3    +
   25    46  0   0.0%   0.234 CG:3    +
    6    29  0   0.0%   0.004 UA:3    +
    6    27  0   0.0%   0.001 UA:3    +
    2    39  0   0.0%   0.013 UG:3    +
    2    42  0   0.0%   0.013 UA:3    +
   38    50  0   0.0%   0.388 CG:3    +
   25    39  0   0.0%   0.314 CG:3    +
    5    30  0   0.0%   0.007 UG:3    +
    8    30  0   0.0%   0.009 CG:3    +
   10    30  0   0.0%   0.012 CG:3    +
   14    23  0   0.0%   0.011 GU:3    +
    9    29  0   0.0%   0.008 UA:3    +
   24    47  0   0.0%   0.337 UG:3    +
   28    34  0   0.0%   0.823 UA:3    +
   14    52  0   0.0%   0.379 GU:3    +
   19    43  0   0.0%   1.287 UA:3    +
   37    51  0   0.0%   0.662 UA:3    +
   24    40  0   0.0%   0.380 UG:3    +
   28    32  0   0.0%   0.963 UA:3    +
   19    46  0   0.0%   0.801 UG:3    +
    3     7  0   0.0%   0.000 GU:3    +
    7    14  0   0.0%   0.000 UG:3    +
    2    50  0   0.0%   0.025 UG:3    +
   22    37  0   0.0%   1.439 GU:3    +
   40    48  0   0.0%   0.276 GU:3    +
   11    28  0   0.0%   0.016 GU:3    +
   20    56  0   0.0%   1.036 UA:3    +
   31    47  0   0.0%   0.581 CG:3    +
   15    52  0   0.0%   0.357 GU:3    +
   27    52  0   0.0%   0.636 AU:3    +
   19    57  0   0.0%   0.873 UA:3    +
   28    51  0   0.0%   0.479 UA:3    +
    3    20  0   0.0%   0.014 GU:3    +
   30    48  0   0.0%   1.038 GU:3    +
   36    42  0   0.0%   0.879 UA:3    +
   26    53  0   0.0%   0.309 UA:3    +
   13    24  0   0.0%   0.016 AU:3    +
   24    35  0   0.0%   0.563 UA:3    +
   37    41  0   0.0%   0.729 UG:3    +
    3    21  0   0.0%   0.014 GU:3    +
   39    58  0   0.0%   0.381 GC:3    +
    5    15  0   0.0%   0.001 UG:3    +
    9    53  0   0.0%   0.265 UA:3    +
    6    15  0   0.0%   0.001 UG:3    +
   35    48  0   0.0%   0.437 AU:3    +
   21    42  0   0.0%   1.205 UA:3    +
   17    48  0   0.0%   0.748 GU:3    +
    9    27  0   0.0%   0.005 UA:3    +
    6    30  0   0.0%   0.004 UG:3    +
   23    40  0   0.0%   0.869 UG:3    +
   23    41  0   0.0%   0.878 UG:3    +
   36    47  0   0.0%   0.712 UG:3    +
   43    48  0   0.0%   0.690 AU:3    +
   23    39  0   0.0%   0.909 UG:3    +
    7    29  0   0.0%   0.007 UA:3    +
   23    49  0   0.0%   0.884 UG:3    +
   24    39  0   0.0%   0.420 UG:3    +
   13    23  0   0.0%   0.020 AU:3    +
    7    57  0   0.0%   0.484 UA:3    +
   21    51  0   0.0%   1.088 UA:3    +
   17    21  0   0.0%   0.012 GU:3    +
    6    11  0   0.0%   0.012 UG:3    +
    7    46  0   0.0%   0.209 UG:3    +
   28    43  0   0.0%   0.950 UA:3    +
   37    46  0   0.0%   0.637 UG:3    +
   20    43  0   0.0%   1.483 UA:3    +
.....((((((...(((.((........)))))....)))))).((((....))))...
