3 sequence; length of alignment 34
alifold output
   15    22  0  80.5%   0.924 GC:3   
   14    23  0  80.0%   0.811 GU:3   
   16    21  0  77.0%   1.077 AU:3   
   13    24  0  73.0%   0.715 UA:3   
    6    31  0  72.8%   1.012 AU:3   
    5    32  0  72.5%   1.044 CG:3   
    7    30  0  72.3%   1.290 CG:3   
   10    26  0  29.7%   1.095 AU:3    +
   11    25  0  28.7%   1.096 AU:3    +
    9    27  0  27.0%   1.290 UA:3    +
    8    14  0   8.9%   0.659 CG:3    +
    7    15  0   8.9%   0.648 CG:3    +
    8    17  0   8.3%   0.970 CG:3    +
    7    18  0   8.2%   0.915 CG:3    +
    9    16  0   7.8%   0.625 UA:3    +
    9    28  0   6.7%   1.127 UA:3    +
   24    31  0   6.6%   1.328 AU:3    +
   23    32  0   6.5%   1.125 UG:3    +
   25    30  0   6.3%   1.503 UG:3    +
   22    33  0   6.1%   1.061 CG:3    +
    3    19  0   5.9%   0.505 GC:3    +
   11    26  0   5.8%   1.215 AU:3    +
    5    30  0   5.5%   0.664 CG:3    +
    2    20  0   5.5%   0.485 UA:3    +
    4    31  0   5.4%   0.613 AU:3    +
    6    29  0   5.2%   0.469 AU:3    +
    3    22  0   4.5%   0.587 GC:3    +
    4    21  0   4.5%   0.546 AU:3    +
    1    21  0   4.0%   0.387 AU:3    +
    2    33  0   2.9%   0.490 UG:3    +
    5    17  0   2.7%   0.301 CG:3    +
    3    34  0   2.5%   0.587 GC:3    +
   19    30  0   2.4%   0.868 CG:3    +
   20    29  0   2.4%   0.609 AU:3    +
   21    28  0   2.1%   0.902 UA:3    +
   18    31  0   2.0%   0.926 GU:3    +
    5    18  0   2.0%   0.339 CG:3    +
   20    31  0   1.5%   0.929 AU:3    +
   19    32  0   1.5%   0.759 CG:3    +
   21    30  0   1.4%   1.250 UG:3    +
    8    32  0   1.3%   0.879 CG:3    +
    7    33  0   1.3%   0.948 CG:3    +
   17    34  0   0.9%   0.551 GC:3    +
    8    15  0   0.6%   0.522 CG:3    +
    9    14  0   0.5%   0.305 UG:3    +
   17    22  0   0.3%   0.681 GC:3    +
   16    23  0   0.3%   0.632 AU:3    +
    8    30  0   0.2%   0.888 CG:3    +
   22    30  0   0.2%   0.955 CG:3    +
   11    29  0   0.2%   0.724 AU:3    +
   10    29  0   0.2%   0.561 AU:3    +
    2    24  0   0.2%   0.197 UA:3    +
   10    25  0   0.2%   0.044 AU:3    +
    9    30  0   0.2%   1.203 UG:3    +
   14    22  0   0.2%   0.427 GC:3    +
   12    30  0   0.1%   0.449 CG:3    +
    1    25  0   0.1%   0.160 AU:3    +
   23    28  0   0.1%   0.493 UA:3    +
   11    31  0   0.1%   0.955 AU:3    +
    5    14  0   0.1%   0.024 CG:3    +
    5    33  0   0.1%   0.704 CG:3    +
   18    34  0   0.1%   0.525 GC:3    +
   13    27  0   0.1%   0.618 UA:3    +
   14    26  0   0.1%   0.995 GU:3    +
   19    33  0   0.1%   0.525 CG:3    +
    6    13  0   0.1%   0.020 AU:3    +
   22    32  0   0.1%   0.742 CG:3    +
    9    32  0   0.1%   1.089 UG:3    +
    8    33  0   0.1%   0.714 CG:3    +
   14    19  0   0.1%   0.439 GC:3    +
   10    31  0   0.1%   0.792 AU:3    +
   13    20  0   0.1%   0.185 UA:3    +
   15    21  0   0.1%   0.532 GU:3    +
   15    25  0   0.1%   0.822 GU:3    +
   15    34  0   0.1%   0.541 GC:3    +
    1    23  0   0.1%   0.141 AU:3    +
    7    32  0   0.0%   0.905 CG:3    +
    7    17  0   0.0%   0.326 CG:3    +
   21    33  0   0.0%   0.810 UG:3    +
   16    25  0   0.0%   0.809 AU:3    +
   15    26  0   0.0%   0.974 GU:3    +
    2    17  0   0.0%   0.009 UG:3    +
   18    22  0   0.0%   0.631 GC:3    +
   17    23  0   0.0%   0.536 GU:3    +
   12    33  0   0.0%   0.194 CG:3    +
   13    32  0   0.0%   0.559 UG:3    +
   26    32  0   0.0%   1.097 UG:3    +
   24    29  0   0.0%   0.514 AU:3    +
    3     8  0   0.0%   0.005 GC:3    +
    3    23  0   0.0%   0.319 GU:3    +
   23    30  0   0.0%   0.806 UG:3    +
   27    31  0   0.0%   1.092 AU:3    +
   10    23  0   0.0%   0.010 AU:3    +
    9    24  0   0.0%   0.243 UA:3    +
    7    14  0   0.0%   0.012 CG:3    +
    2    32  0   0.0%   0.180 UG:3    +
    9    15  0   0.0%   0.276 UG:3    +
   25    33  0   0.0%   0.926 UG:3    +
   14    25  0   0.0%   0.828 GU:3    +
   23    27  0   0.0%   0.568 UA:3    +
    3    12  0   0.0%   0.005 GC:3    +
   13    28  0   0.0%   0.434 UA:3    +
   14    34  0   0.0%   0.549 GC:3    +
    1    26  0   0.0%   0.144 AU:3    +
    3    26  0   0.0%   0.314 GU:3    +
    2    27  0   0.0%   0.177 UA:3    +
    3    31  0   0.0%   0.314 GU:3    +
    4    25  0   0.0%   0.150 AU:3    +
   25    32  0   0.0%   1.119 UG:3    +
    8    18  0   0.0%   0.739 CG:3    +
    9    17  0   0.0%   0.538 UG:3    +
   16    26  0   0.0%   0.956 AU:3    +
   17    25  0   0.0%   0.719 GU:3    +
   12    17  0   0.0%   0.312 CG:3    +
   26    33  0   0.0%   0.901 UG:3    +
    2    28  0   0.0%   0.177 UA:3    +
   14    31  0   0.0%   0.860 GU:3    +
    1    29  0   0.0%   0.144 AU:3    +
   12    18  0   0.0%   0.287 CG:3    +
   16    29  0   0.0%   0.597 AU:3    +
    3     9  0   0.0%   0.003 GU:3    +
   13    17  0   0.0%   0.318 UG:3    +
   17    21  0   0.0%   0.787 GU:3    +
    2    10  0   0.0%   0.001 UA:3    +
   12    32  0   0.0%   0.315 CG:3    +
    2    11  0   0.0%   0.001 UA:3    +
    5    15  0   0.0%   0.009 CG:3    +
    6    21  0   0.0%   0.276 AU:3    +
    2    30  0   0.0%   0.177 UG:3    +
    1    31  0   0.0%   0.144 AU:3    +
   26    30  0   0.0%   1.303 UG:3    +
    3    21  0   0.0%   0.301 GU:3    +
   21    27  0   0.0%   0.838 UA:3    +
   20    26  0   0.0%   0.704 AU:3    +
   17    31  0   0.0%   0.735 GU:3    +
    2    18  0   0.0%   0.004 UG:3    +
   15    23  0   0.0%   0.613 GU:3    +
   23    33  0   0.0%   0.752 UG:3    +
    2    16  0   0.0%   0.001 UA:3    +
   14    21  0   0.0%   0.527 GU:3    +
   30    34  0   0.0%   0.911 GC:3    +
    3     7  0   0.0%   0.000 GC:3    +
   15    19  0   0.0%   0.421 GC:3    +
   21    32  0   0.0%   0.985 UG:3    +
    6    23  0   0.0%   0.013 AU:3    +
   18    23  0   0.0%   0.492 GU:3    +
    4    23  0   0.0%   0.145 AU:3    +
   17    26  0   0.0%   0.867 GU:3    +
   18    25  0   0.0%   0.676 GU:3    +
    9    33  0   0.0%   0.957 UG:3    +
    4    13  0   0.0%   0.000 AU:3    +
    2     6  0   0.0%   0.000 UA:3    +
    4     9  0   0.0%   0.001 AU:3    +
   29    33  0   0.0%   0.628 UG:3    +
   11    21  0   0.0%   0.269 AU:3    +
   11    23  0   0.0%   0.008 AU:3    +
    1     9  0   0.0%   0.000 AU:3    +
   20    25  0   0.0%   0.555 AU:3    +
   16    31  0   0.0%   0.824 AU:3    +
    3    29  0   0.0%   0.313 GU:3    +
    2    15  0   0.0%   0.001 UG:3    +
    4    29  0   0.0%   0.140 AU:3    +
   13    18  0   0.0%   0.292 UG:3    +
   14    29  0   0.0%   0.632 GU:3    +
    6    25  0   0.0%   0.017 AU:3    +
   18    26  0   0.0%   0.825 GU:3    +
    9    20  0   0.0%   0.388 UA:3    +
    6    26  0   0.0%   0.009 AU:3    +
   18    29  0   0.0%   0.465 GU:3    +
    9    18  0   0.0%   0.512 UG:3    +
    3    13  0   0.0%   0.003 GU:3    +
    1    13  0   0.0%   0.000 AU:3    +
   13    33  0   0.0%   0.431 UG:3    +
    3    25  0   0.0%   0.320 GU:3    +
   13    30  0   0.0%   0.679 UG:3    +
   17    29  0   0.0%   0.508 GU:3    +
....(((.....((((....)))).....)))..
