3 sequence; length of alignment 43
alifold output
    6    16  0 100.0%   0.001 CG:3   
    7    15  0 100.0%   0.001 CG:3   
    5    17  0 100.0%   0.001 GC:3   
    8    14  0  99.9%   0.005 CG:3   
    4    18  0  96.6%   0.102 CG:3   
    3    19  0  95.8%   0.123 CG:3   
   28    39  0  93.8%   0.427 CG:3   
   27    40  0  93.8%   0.411 GC:3   
   29    38  0  93.5%   0.347 CG:3   
   21    27  0   4.1%   0.391 CG:3    +
   20    28  0   4.1%   0.433 GC:3    +
   19    29  0   3.6%   0.409 GC:3    +
   18    30  0   3.3%   0.374 GC:3    +
   24    43  0   1.4%   0.250 GC:3    +
   24    40  0   1.0%   0.194 GC:3    +
   25    39  0   1.0%   0.239 CG:3    +
   23    41  0   0.9%   0.156 UA:3    +
    4    38  0   0.7%   0.146 CG:3    +
    3    39  0   0.7%   0.158 CG:3    +
   30    38  0   0.7%   0.318 CG:3    +
   20    25  0   0.6%   0.106 GC:3    +
   32    36  0   0.6%   0.146 GC:3    +
   20    40  0   0.5%   0.255 GC:3    +
   21    39  0   0.5%   0.248 CG:3    +
   29    39  0   0.5%   0.428 CG:3    +
   27    36  0   0.5%   0.229 GC:3    +
   24    36  0   0.4%   0.071 GC:3    +
   23    37  0   0.4%   0.075 UA:3    +
    3    20  0   0.2%   0.075 CG:3    +
    4    19  0   0.1%   0.094 CG:3    +
   28    32  0   0.1%   0.152 CG:3    +
   23    42  0   0.1%   0.089 UA:3    +
    1    23  0   0.1%   0.016 AU:3    +
    2    23  0   0.0%   0.016 AU:3    +
   25    32  0   0.0%   0.044 CG:3    +
   38    43  0   0.0%   0.203 GC:3    +
   32    40  0   0.0%   0.180 GC:3    +
   19    25  0   0.0%   0.053 GC:3    +
    6    39  0   0.0%   0.039 CG:3    +
    5    40  0   0.0%   0.004 GC:3    +
    7    38  0   0.0%   0.040 CG:3    +
   16    28  0   0.0%   0.004 GC:3    +
   15    29  0   0.0%   0.004 GC:3    +
   17    27  0   0.0%   0.004 CG:3    +
   14    30  0   0.0%   0.005 GC:3    +
   20    43  0   0.0%   0.202 GC:3    +
   28    38  0   0.0%   0.176 CG:3    +
    4    32  0   0.0%   0.042 CG:3    +
   24    30  0   0.0%   0.116 GC:3    +
   23    31  0   0.0%   0.010 UA:3    +
   25    38  0   0.0%   0.075 CG:3    +
    3    38  0   0.0%   0.054 CG:3    +
   30    39  0   0.0%   0.345 CG:3    +
   20    29  0   0.0%   0.294 GC:3    +
   19    30  0   0.0%   0.284 GC:3    +
    8    15  0   0.0%   0.003 CG:3    +
   23    38  0   0.0%   0.069 UG:3    +
   18    25  0   0.0%   0.035 GC:3    +
    6    20  0   0.0%   0.012 CG:3    +
    7    19  0   0.0%   0.049 CG:3    +
    8    18  0   0.0%   0.037 CG:3    +
    5    21  0   0.0%   0.001 GC:3    +
    4    39  0   0.0%   0.111 CG:3    +
    3    32  0   0.0%   0.053 CG:3    +
   21    38  0   0.0%   0.168 CG:3    +
   21    32  0   0.0%   0.132 CG:3    +
    3    18  0   0.0%   0.001 CG:3    +
   23    35  0   0.0%   0.010 UA:3    +
    7    14  0   0.0%   0.000 CG:3    +
    7    16  0   0.0%   0.001 CG:3    +
   27    43  0   0.0%   0.276 GC:3    +
    6    15  0   0.0%   0.000 CG:3    +
   32    43  0   0.0%   0.102 GC:3    +
   20    36  0   0.0%   0.173 GC:3    +
   17    32  0   0.0%   0.002 CG:3    +
   39    43  0   0.0%   0.258 GC:3    +
   24    29  0   0.0%   0.121 GC:3    +
   23    34  0   0.0%   0.010 UA:3    +
   23    33  0   0.0%   0.010 UA:3    +
    3    24  0   0.0%   0.053 CG:3    +
   20    30  0   0.0%   0.287 GC:3    +
   24    28  0   0.0%   0.131 GC:3    +
   19    28  0   0.0%   0.050 GC:3    +
   19    40  0   0.0%   0.170 GC:3    +
   18    29  0   0.0%   0.036 GC:3    +
   23    32  0   0.0%   0.011 UG:3    +
    5    36  0   0.0%   0.001 GC:3    +
..((((((.....)))))).......(((........)))...
