3 sequence; length of alignment 34
alifold output
    3    19  0  96.6%   0.110 CG:3   
    4    18  0  96.4%   0.184 UA:3   
    2    20  0  96.3%   0.136 GC:3   
    5    17  0  96.0%   0.210 UA:3   
    1    21  0  85.3%   0.432 GU:3   
    6    16  0  83.5%   0.565 CG:3   
    8    15  0  20.3%   0.977 AU:3    +
    7    16  0  12.4%   0.967 CG:3    +
   22    28  0   4.1%   0.402 GC:3    +
   21    29  0   3.5%   0.505 UA:3    +
   20    30  0   3.1%   0.375 CG:3    +
   18    32  0   2.6%   0.325 AU:3    +
    6    11  0   2.3%   0.290 CG:3    +
   17    33  0   2.3%   0.311 AU:3    +
    5    12  0   2.2%   0.261 UA:3    +
    9    15  0   2.1%   0.574 AU:3    +
    4    13  0   1.7%   0.212 UA:3    +
   23    32  0   1.3%   0.287 AU:3    +
   22    33  0   1.2%   0.402 GU:3    +
   10    15  0   0.9%   0.544 GU:3    +
   24    33  0   0.5%   0.274 GU:3    +
   25    32  0   0.5%   0.266 AU:3    +
    1     7  0   0.4%   0.061 GC:3    +
    2     6  0   0.3%   0.060 GC:3    +
   19    32  0   0.3%   0.192 GU:3    +
   20    31  0   0.3%   0.217 CG:3    +
   21    30  0   0.3%   0.435 UG:3    +
    7    11  0   0.3%   0.164 CG:3    +
   18    33  0   0.3%   0.272 AU:3    +
   25    33  0   0.2%   0.266 AU:3    +
   26    33  0   0.2%   0.264 AU:3    +
   26    32  0   0.2%   0.251 AU:3    +
   21    34  0   0.2%   0.325 UA:3    +
   24    28  0   0.2%   0.179 GC:3    +
   27    32  0   0.1%   0.247 AU:3    +
    6    24  0   0.1%   0.287 CG:3    +
    5    25  0   0.1%   0.158 UA:3    +
   10    20  0   0.1%   0.115 GC:3    +
    9    21  0   0.1%   0.245 AU:3    +
    4    26  0   0.1%   0.133 UA:3    +
   23    33  0   0.1%   0.235 AU:3    +
   24    32  0   0.1%   0.213 GU:3    +
   16    33  0   0.1%   0.429 GU:3    +
   11    15  0   0.1%   0.574 GU:3    +
    3    11  0   0.1%   0.015 CG:3    +
    4    10  0   0.1%   0.017 UG:3    +
    2    15  0   0.1%   0.033 GU:3    +
   15    34  0   0.1%   0.467 UA:3    +
    3    31  0   0.0%   0.054 CG:3    +
    2    32  0   0.0%   0.074 GU:3    +
    3    16  0   0.0%   0.016 CG:3    +
   17    32  0   0.0%   0.053 AU:3    +
    1    28  0   0.0%   0.169 GC:3    +
    3    10  0   0.0%   0.008 CG:3    +
    4    30  0   0.0%   0.129 UG:3    +
    7    22  0   0.0%   0.304 CG:3    +
    1    20  0   0.0%   0.030 GC:3    +
    1    33  0   0.0%   0.171 GU:3    +
    5     9  0   0.0%   0.010 UA:3    +
    4     9  0   0.0%   0.007 UA:3    +
    2    28  0   0.0%   0.071 GC:3    +
   21    26  0   0.0%   0.161 UA:3    +
    6    10  0   0.0%   0.034 CG:3    +
    5    11  0   0.0%   0.014 UG:3    +
   27    33  0   0.0%   0.236 AU:3    +
    4    12  0   0.0%   0.013 UA:3    +
   11    20  0   0.0%   0.167 GC:3    +
   10    21  0   0.0%   0.210 GU:3    +
    8    21  0   0.0%   0.465 AU:3    +
    1    15  0   0.0%   0.025 GU:3    +
   21    27  0   0.0%   0.154 UA:3    +
   29    33  0   0.0%   0.343 AU:3    +
    5    29  0   0.0%   0.143 UA:3    +
    5    18  0   0.0%   0.168 UA:3    +
    4    14  0   0.0%   0.079 UA:3    +
    5    13  0   0.0%   0.159 UA:3    +
   22    32  0   0.0%   0.256 GU:3    +
    7    24  0   0.0%   0.309 CG:3    +
   21    31  0   0.0%   0.311 UG:3    +
    5    16  0   0.0%   0.095 UG:3    +
    3    30  0   0.0%   0.045 CG:3    +
    1     6  0   0.0%   0.001 GC:3    +
    4    17  0   0.0%   0.078 UA:3    +
    4    29  0   0.0%   0.121 UA:3    +
    2     7  0   0.0%   0.041 GC:3    +
    4    25  0   0.0%   0.114 UA:3    +
    6    22  0   0.0%   0.261 CG:3    +
   14    32  0   0.0%   0.005 AU:3    +
   15    31  0   0.0%   0.460 UG:3    +
    5    23  0   0.0%   0.132 UA:3    +
    3    24  0   0.0%   0.044 CG:3    +
    2    21  0   0.0%   0.197 GU:3    +
    5    24  0   0.0%   0.132 UG:3    +
   21    25  0   0.0%   0.156 UA:3    +
    4    23  0   0.0%   0.114 UA:3    +
   13    33  0   0.0%   0.072 AU:3    +
    1    32  0   0.0%   0.164 GU:3    +
    5    22  0   0.0%   0.132 UG:3    +
    5    14  0   0.0%   0.091 UA:3    +
    4    24  0   0.0%   0.114 UG:3    +
    5    10  0   0.0%   0.010 UG:3    +
    4    11  0   0.0%   0.011 UG:3    +
   14    33  0   0.0%   0.004 AU:3    +
    5    26  0   0.0%   0.147 UA:3    +
   16    28  0   0.0%   0.418 GC:3    +
    4    16  0   0.0%   0.081 UG:3    +
    7    30  0   0.0%   0.302 CG:3    +
    6    31  0   0.0%   0.273 CG:3    +
   15    29  0   0.0%   0.457 UA:3    +
   19    28  0   0.0%   0.039 GC:3    +
    4    27  0   0.0%   0.120 UA:3    +
    4    19  0   0.0%   0.146 UG:3    +
   19    33  0   0.0%   0.163 GU:3    +
   10    28  0   0.0%   0.067 GC:3    +
   11    33  0   0.0%   0.119 GU:3    +
   12    32  0   0.0%   0.091 AU:3    +
   20    24  0   0.0%   0.059 CG:3    +
   15    23  0   0.0%   0.456 UA:3    +
   12    21  0   0.0%   0.234 AU:3    +
   13    21  0   0.0%   0.215 AU:3    +
   16    32  0   0.0%   0.417 GU:3    +
   14    21  0   0.0%   0.148 AU:3    +
    4     8  0   0.0%   0.000 UA:3    +
    2    33  0   0.0%   0.069 GU:3    +
    7    19  0   0.0%   0.329 CG:3    +
   12    33  0   0.0%   0.089 AU:3    +
((((((.........)))))).............
