3 sequence; length of alignment 34
alifold output
   10    20  0  38.2%   1.162 GC:3   
    9    21  0  38.2%   1.109 AU:3   
    8    22  0  37.8%   1.488 GC:3   
   11    19  0  35.7%   1.129 UA:3   
    6    14  0  30.8%   1.090 AU:3    +
    7    13  0  30.7%   1.089 AU:3    +
    5    15  0  29.9%   1.087 UA:3    +
    8    12  0  29.4%   1.097 GC:3    +
   12    28  0  28.5%   1.667 CG:3    +
   13    27  0  28.2%   1.600 UA:3    +
   11    29  0  28.0%   1.466 UA:3    +
    4    16  0  24.8%   1.221 CG:3    +
   14    26  0  23.1%   1.429 UA:3    +
   10    30  0  22.3%   1.515 GU:3    +
   16    24  0   9.2%   1.429 GC:3    +
    8    32  0   7.6%   1.498 GC:3    +
    1    17  0   7.2%   0.573 GC:3    +
    2    16  0   5.8%   0.507 CG:3    +
   16    23  0   5.1%   1.073 GC:3    +
    8    31  0   4.6%   1.208 GC:3    +
    4    28  0   4.1%   0.868 CG:3    +
    5    27  0   3.8%   0.793 UA:3    +
    9    30  0   3.4%   0.721 AU:3    +
   25    31  0   1.5%   0.589 GC:3    +
   22    28  0   1.3%   1.176 CG:3    +
   26    30  0   1.2%   0.983 AU:3    +
   21    29  0   1.1%   0.954 UA:3    +
   17    25  0   1.1%   0.477 CG:3    +
    4    25  0   1.0%   0.518 CG:3    +
    2    28  0   0.9%   0.309 CG:3    +
   10    31  0   0.8%   1.003 GC:3    +
   20    28  0   0.8%   1.143 CG:3    +
    1    20  0   0.7%   0.302 GC:3    +
   21    27  0   0.7%   0.995 UA:3    +
    5    25  0   0.7%   0.542 UG:3    +
    3    28  0   0.7%   0.188 CG:3    +
    8    33  0   0.7%   1.203 GC:3    +
   15    21  0   0.7%   0.830 AU:3    +
   16    20  0   0.6%   1.057 GC:3    +
   25    32  0   0.6%   0.558 GC:3    +
   13    18  0   0.5%   0.459 UA:3    +
    3    25  0   0.4%   0.095 CG:3    +
   28    33  0   0.4%   0.816 GC:3    +
   16    22  0   0.4%   1.026 GC:3    +
   23    28  0   0.4%   0.893 CG:3    +
   12    16  0   0.4%   0.958 CG:3    +
   20    25  0   0.4%   0.675 CG:3    +
    5    26  0   0.3%   0.452 UA:3    +
    1    31  0   0.3%   0.292 GC:3    +
   25    33  0   0.2%   0.371 GC:3    +
   14    25  0   0.2%   0.524 UG:3    +
   10    17  0   0.2%   0.235 GC:3    +
    3    16  0   0.2%   0.211 CG:3    +
   11    18  0   0.2%   0.048 UA:3    +
   11    16  0   0.2%   0.559 UG:3    +
   25    34  0   0.1%   0.343 GC:3    +
    3     8  0   0.1%   0.031 CG:3    +
   13    26  0   0.1%   0.441 UA:3    +
    8    34  0   0.1%   1.159 GC:3    +
    8    23  0   0.1%   0.774 GC:3    +
    8    24  0   0.1%   0.781 GC:3    +
   24    28  0   0.1%   0.940 CG:3    +
    2    25  0   0.1%   0.194 CG:3    +
   14    18  0   0.1%   0.423 UA:3    +
   28    34  0   0.1%   0.758 GC:3    +
   17    28  0   0.1%   0.837 CG:3    +
    2     8  0   0.1%   0.015 CG:3    +
    4    10  0   0.0%   0.020 CG:3    +
   28    32  0   0.0%   0.942 GC:3    +
    2    10  0   0.0%   0.016 CG:3    +
   10    32  0   0.0%   0.976 GC:3    +
    1    22  0   0.0%   0.241 GC:3    +
    1    32  0   0.0%   0.268 GC:3    +
    5     9  0   0.0%   0.010 UA:3    +
    1    24  0   0.0%   0.246 GC:3    +
    4     8  0   0.0%   0.023 CG:3    +
   12    25  0   0.0%   0.499 CG:3    +
   11    26  0   0.0%   0.419 UA:3    +
   13    19  0   0.0%   0.769 UA:3    +
   10    22  0   0.0%   0.768 GC:3    +
    1    11  0   0.0%   0.008 GU:3    +
    1    23  0   0.0%   0.241 GC:3    +
   19    30  0   0.0%   0.833 AU:3    +
   18    30  0   0.0%   0.505 AU:3    +
    3    10  0   0.0%   0.018 CG:3    +
    8    20  0   0.0%   0.421 GC:3    +
    1    33  0   0.0%   0.267 GC:3    +
    7    21  0   0.0%   0.370 AU:3    +
    6    13  0   0.0%   0.005 AU:3    +
    8    17  0   0.0%   0.572 GC:3    +
    1    30  0   0.0%   0.244 GU:3    +
   10    33  0   0.0%   0.808 GC:3    +
   21    28  0   0.0%   1.055 UG:3    +
   21    26  0   0.0%   0.775 UA:3    +
   14    28  0   0.0%   1.295 UG:3    +
   13    29  0   0.0%   1.121 UA:3    +
   16    21  0   0.0%   0.993 GU:3    +
    7    14  0   0.0%   0.728 AU:3    +
    8    13  0   0.0%   0.744 GU:3    +
   14    19  0   0.0%   0.744 UA:3    +
    1    12  0   0.0%   0.006 GC:3    +
    5    28  0   0.0%   0.752 UG:3    +
   14    27  0   0.0%   1.208 UA:3    +
   21    25  0   0.0%   0.602 UG:3    +
    1    21  0   0.0%   0.231 GU:3    +
    5    29  0   0.0%   0.545 UA:3    +
   10    23  0   0.0%   0.403 GC:3    +
    1     5  0   0.0%   0.002 GU:3    +
   25    30  0   0.0%   0.655 GU:3    +
    7    30  0   0.0%   0.369 AU:3    +
    6    11  0   0.0%   0.004 AU:3    +
    8    14  0   0.0%   0.743 GU:3    +
   16    32  0   0.0%   1.184 GC:3    +
    7    11  0   0.0%   0.004 AU:3    +
    9    13  0   0.0%   0.369 AU:3    +
    8    30  0   0.0%   0.767 GU:3    +
    1    34  0   0.0%   0.264 GC:3    +
   16    33  0   0.0%   1.018 GC:3    +
    5    10  0   0.0%   0.014 UG:3    +
   10    34  0   0.0%   0.780 GC:3    +
   16    31  0   0.0%   1.179 GC:3    +
   10    24  0   0.0%   0.403 GC:3    +
   11    15  0   0.0%   0.365 UA:3    +
   11    28  0   0.0%   0.605 UG:3    +
    9    14  0   0.0%   0.368 AU:3    +
   13    28  0   0.0%   1.328 UG:3    +
    6    30  0   0.0%   0.367 AU:3    +
    5    16  0   0.0%   0.888 UG:3    +
   13    25  0   0.0%   0.507 UG:3    +
    8    21  0   0.0%   0.384 GU:3    +
   16    34  0   0.0%   0.989 GC:3    +
   11    27  0   0.0%   0.522 UA:3    +
    6    21  0   0.0%   0.365 AU:3    +
   16    30  0   0.0%   1.433 GU:3    +
   10    14  0   0.0%   0.374 GU:3    +
   15    30  0   0.0%   0.847 AU:3    +
    5    18  0   0.0%   0.365 UA:3    +
   10    21  0   0.0%   0.759 GU:3    +
    5    19  0   0.0%   0.365 UA:3    +
   14    29  0   0.0%   1.084 UA:3    +
.......((((.......))))............
