3 sequence; length of alignment 37
alifold output
    2    34  0  99.9%   0.004 CG:3   
    7    29  0  99.7%   0.026 CG:3   
    3    33  0  99.6%   0.012 UA:3   
    6    30  0  99.3%   0.060 CG:3   
    8    28  0  99.0%   0.030 AU:3   
   14    23  0  98.6%   0.094 GC:3   
    1    35  0  97.1%   0.085 CG:3   
   15    22  0  95.3%   0.201 AU:3   
    4    32  0  85.5%   0.404 UA:3   
    9    27  0  77.7%   0.589 UG:3   
   10    26  0  77.3%   0.598 CG:3   
   13    24  0  73.0%   1.060 UA:3    +
   16    21  0  59.1%   0.965 AU:3   
   11    25  0  51.6%   1.024 UA:3   
   12    25  0  47.5%   1.753 UA:3    +
   12    24  0  26.0%   1.051 UA:3   
   11    26  0  22.6%   1.549 UG:3    +
   10    27  0  22.2%   1.398 CG:3    +
   15    21  0   0.6%   0.095 AU:3    +
   14    22  0   0.6%   0.116 GU:3    +
    5    30  0   0.4%   0.070 CG:3    +
   14    19  0   0.4%   0.064 GC:3    +
   13    20  0   0.4%   0.063 UA:3    +
    6    29  0   0.3%   0.050 CG:3    +
   16    22  0   0.2%   0.419 AU:3    +
    2    35  0   0.0%   0.037 CG:3    +
    3    34  0   0.0%   0.014 UG:3    +
    4    33  0   0.0%   0.145 UA:3    +
    3    32  0   0.0%   0.003 UA:3    +
   14    21  0   0.0%   0.024 GU:3    +
    1    37  0   0.0%   0.031 CG:3    +
    1    34  0   0.0%   0.002 CG:3    +
    5    34  0   0.0%   0.028 CG:3    +
   11    24  0   0.0%   0.000 UA:3    +
   13    25  0   0.0%   0.946 UA:3    +
    4    35  0   0.0%   0.168 UG:3    +
    7    30  0   0.0%   0.033 CG:3    +
    4    34  0   0.0%   0.141 UG:3    +
    3    35  0   0.0%   0.038 UG:3    +
    7    27  0   0.0%   0.000 CG:3    +
   12    26  0   0.0%   1.240 UG:3    +
    2    37  0   0.0%   0.005 CG:3    +
    9    26  0   0.0%   0.000 UG:3    +
   12    20  0   0.0%   0.000 UA:3    +
    5    35  0   0.0%   0.054 CG:3    +
   17    24  0   0.0%   0.580 UA:3    +
   11    27  0   0.0%   1.208 UG:3    +
((((.(((((((.(((....)))))))))).))))..
