3 sequence; length of alignment 60
alifold output
    2    13  0  72.9%   0.801 GC:3   
    1    14  0  72.7%   0.806 GC:3   
    3    12  0  72.6%   0.703 UA:3   
    4    11  0  64.8%   0.858 UA:3   
   23    35  0  59.2%   0.992 CG:3   
   18    42  0  58.9%   0.960 UA:3   
   19    41  0  58.7%   0.961 CG:3   
   17    43  0  58.4%   0.964 UA:3   
   22    36  0  57.6%   0.999 UA:3   
   16    44  0  56.8%   1.018 CG:3   
   26    32  0  53.7%   1.397 CG:3   
   25    33  0  51.7%   1.218 AU:3   
   20    40  0  42.1%   1.503 GC:3   
   41    49  0  37.2%   1.446 GC:3    +
   40    50  0  36.8%   1.690 CG:3    +
   42    48  0  36.2%   1.567 AU:3    +
   30    58  0  34.4%   1.907 GC:3    +
   29    59  0  34.4%   1.374 GC:3    +
   32    57  0  34.3%   1.997 GC:3    +
   33    56  0  33.8%   1.917 UG:3    +
   21    39  0  32.6%   1.517 AU:3   
   34    55  0  32.3%   1.319 AU:3    +
   21    37  0  29.0%   1.140 AU:3    +
   35    54  0  26.5%   1.686 GU:3    +
   20    38  0  21.5%   1.071 GC:3    +
   28    60  0  21.3%   1.023 UA:3    +
   43    47  0  21.0%   1.417 AU:3    +
    2    57  0  17.8%   1.304 GC:3    +
    1    58  0  17.6%   1.301 GC:3    +
    3    56  0  16.9%   1.151 UG:3    +
   25    31  0   7.1%   0.575 AU:3    +
   24    32  0   7.0%   0.620 CG:3    +
   26    30  0   7.0%   0.605 CG:3    +
   37    53  0   5.9%   1.205 UG:3    +
   36    54  0   5.9%   1.407 AU:3    +
    1    59  0   5.2%   1.151 GC:3    +
    5    54  0   5.1%   0.476 AU:3    +
    2    58  0   5.0%   1.447 GC:3    +
    6    53  0   4.7%   0.464 UG:3    +
    5    55  0   3.5%   0.527 AU:3    +
    4    56  0   3.1%   0.928 UG:3    +
    9    50  0   2.7%   0.383 CG:3    +
    7    53  0   2.5%   0.499 CG:3    +
   35    55  0   1.9%   1.551 GU:3    +
   41    52  0   1.7%   0.976 GC:3    +
   11    48  0   1.7%   0.548 AU:3    +
   40    53  0   1.7%   1.459 CG:3    +
   42    51  0   1.6%   1.006 AU:3    +
   12    47  0   1.6%   0.459 AU:3    +
   50    57  0   1.5%   1.517 GC:3    +
    1     9  0   1.4%   0.231 GC:3    +
    2     8  0   1.4%   0.277 GC:3    +
   26    35  0   1.4%   1.061 CG:3    +
   27    34  0   1.3%   0.203 UA:3    +
   51    56  0   1.3%   1.236 UG:3    +
    2     7  0   1.1%   0.147 GC:3    +
    1     8  0   1.1%   0.146 GC:3    +
   35    52  0   0.6%   0.555 GC:3    +
   36    51  0   0.6%   0.507 AU:3    +
   30    57  0   0.6%   0.689 GC:3    +
   31    56  0   0.6%   0.780 UG:3    +
   29    58  0   0.6%   0.637 GC:3    +
   29    38  0   0.6%   0.453 GC:3    +
   30    37  0   0.6%   0.671 GU:3    +
   31    36  0   0.6%   0.607 UA:3    +
   24    35  0   0.6%   0.647 CG:3    +
   20    52  0   0.6%   0.868 GC:3    +
   21    51  0   0.6%   0.904 AU:3    +
   49    56  0   0.6%   1.353 CG:3    +
   19    53  0   0.5%   0.679 CG:3    +
   16    20  0   0.5%   0.107 CG:3    +
   22    50  0   0.5%   0.578 UG:3    +
    1    24  0   0.5%   0.423 GC:3    +
    2    23  0   0.5%   0.423 GC:3    +
   50    55  0   0.5%   1.249 GU:3    +
   15    21  0   0.4%   0.098 UA:3    +
   30    45  0   0.4%   0.341 GC:3    +
   29    46  0   0.4%   0.142 GC:3    +
   31    44  0   0.4%   0.643 UG:3    +
   10    48  0   0.4%   0.093 AU:3    +
   24    29  0   0.4%   0.106 CG:3    +
   11    47  0   0.4%   0.361 AU:3    +
   23    30  0   0.4%   0.103 CG:3    +
    7    20  0   0.4%   0.114 CG:3    +
    6    21  0   0.4%   0.076 UA:3    +
   38    53  0   0.4%   0.902 CG:3    +
   16    56  0   0.4%   0.842 CG:3    +
   35    40  0   0.3%   0.850 GC:3    +
   45    56  0   0.3%   0.965 CG:3    +
   45    50  0   0.3%   0.641 CG:3    +
   45    53  0   0.3%   0.661 CG:3    +
   44    57  0   0.3%   1.181 GC:3    +
   46    53  0   0.3%   0.663 CG:3    +
    5    22  0   0.3%   0.054 AU:3    +
    8    50  0   0.3%   0.167 CG:3    +
    8    53  0   0.3%   0.413 CG:3    +
   44    49  0   0.3%   0.796 GC:3    +
   50    59  0   0.3%   1.243 GC:3    +
   26    44  0   0.3%   0.975 CG:3    +
   27    43  0   0.3%   0.442 UA:3    +
   44    54  0   0.3%   1.136 GU:3    +
   28    42  0   0.3%   0.388 UA:3    +
   30    40  0   0.2%   0.658 GC:3    +
   12    48  0   0.2%   0.438 AU:3    +
   32    55  0   0.2%   0.715 GU:3    +
   22    34  0   0.2%   0.069 UA:3    +
   13    50  0   0.2%   0.395 CG:3    +
   32    38  0   0.2%   0.930 GC:3    +
   53    59  0   0.2%   1.190 GC:3    +
   12    51  0   0.2%   0.368 AU:3    +
   16    41  0   0.2%   0.067 CG:3    +
   20    26  0   0.2%   0.098 GC:3    +
   10    51  0   0.2%   0.082 AU:3    +
   43    55  0   0.2%   1.293 AU:3    +
   15    42  0   0.2%   0.063 UA:3    +
   37    50  0   0.2%   0.599 UG:3    +
   46    56  0   0.2%   0.943 CG:3    +
   44    51  0   0.2%   0.575 GU:3    +
   53    58  0   0.1%   1.489 GC:3    +
    4    10  0   0.1%   0.025 UA:3    +
    6    10  0   0.1%   0.034 UA:3    +
    2    45  0   0.1%   0.396 GC:3    +
    1    46  0   0.1%   0.399 GC:3    +
   20    49  0   0.1%   0.795 GC:3    +
   21    48  0   0.1%   0.912 AU:3    +
   19    50  0   0.1%   0.477 CG:3    +
   14    44  0   0.1%   0.261 CG:3    +
   13    53  0   0.1%   0.523 CG:3    +
   12    54  0   0.1%   0.504 AU:3    +
   50    58  0   0.1%   1.536 GC:3    +
   15    43  0   0.1%   0.059 UA:3    +
   11    55  0   0.1%   0.531 AU:3    +
   49    53  0   0.1%   1.000 CG:3    +
    3    11  0   0.1%   0.015 UA:3    +
    7    50  0   0.1%   0.087 CG:3    +
   21    27  0   0.1%   0.069 AU:3    +
   20    28  0   0.1%   0.089 GU:3    +
   25    37  0   0.1%   0.909 AU:3    +
   20    24  0   0.1%   0.094 GC:3    +
   10    55  0   0.1%   0.191 AU:3    +
    9    56  0   0.1%   0.590 CG:3    +
   42    47  0   0.1%   0.447 AU:3    +
    3    44  0   0.1%   0.259 UG:3    +
   30    59  0   0.1%   1.220 GC:3    +
    3    21  0   0.1%   0.249 UA:3    +
    9    53  0   0.1%   0.427 CG:3    +
   41    57  0   0.0%   1.494 GC:3    +
   11    54  0   0.0%   0.552 AU:3    +
   27    60  0   0.0%   0.100 UA:3    +
    4    20  0   0.0%   0.302 UG:3    +
   21    28  0   0.0%   0.072 AU:3    +
   16    35  0   0.0%   0.039 CG:3    +
   52    56  0   0.0%   1.100 CG:3    +
   20    55  0   0.0%   0.948 GU:3    +
   21    54  0   0.0%   0.993 AU:3    +
   19    56  0   0.0%   0.800 CG:3    +
   43    48  0   0.0%   1.160 AU:3    +
   17    34  0   0.0%   0.018 UA:3    +
   15    36  0   0.0%   0.037 UA:3    +
   22    53  0   0.0%   0.687 UG:3    +
   19    29  0   0.0%   0.014 CG:3    +
    2    26  0   0.0%   0.379 GC:3    +
   46    50  0   0.0%   0.614 CG:3    +
   53    57  0   0.0%   1.398 GC:3    +
    4    43  0   0.0%   0.306 UA:3    +
   41    46  0   0.0%   0.370 GC:3    +
   16    53  0   0.0%   0.636 CG:3    +
    3    25  0   0.0%   0.250 UA:3    +
   22    35  0   0.0%   0.052 UG:3    +
    2    22  0   0.0%   0.349 GU:3    +
    1    23  0   0.0%   0.351 GC:3    +
   14    29  0   0.0%   0.244 CG:3    +
   13    30  0   0.0%   0.241 CG:3    +
   11    17  0   0.0%   0.298 AU:3    +
   10    18  0   0.0%   0.028 AU:3    +
   12    31  0   0.0%   0.242 AU:3    +
   23    50  0   0.0%   0.539 CG:3    +
    9    29  0   0.0%   0.069 CG:3    +
   11    51  0   0.0%   0.405 AU:3    +
    8    30  0   0.0%   0.116 CG:3    +
   10    28  0   0.0%   0.029 AU:3    +
   41    55  0   0.0%   1.367 GU:3    +
   10    17  0   0.0%   0.024 AU:3    +
    1    27  0   0.0%   0.379 GU:3    +
   40    56  0   0.0%   1.680 CG:3    +
   47    56  0   0.0%   1.298 UG:3    +
   22    32  0   0.0%   0.032 UG:3    +
   11    18  0   0.0%   0.300 AU:3    +
   42    54  0   0.0%   1.476 AU:3    +
   19    32  0   0.0%   0.012 CG:3    +
   11    27  0   0.0%   0.301 AU:3    +
   34    54  0   0.0%   0.249 AU:3    +
   18    41  0   0.0%   0.029 UG:3    +
   41    48  0   0.0%   0.454 GU:3    +
   17    42  0   0.0%   0.029 UA:3    +
   21    31  0   0.0%   0.067 AU:3    +
   23    29  0   0.0%   0.042 CG:3    +
   44    52  0   0.0%   0.537 GC:3    +
   22    30  0   0.0%   0.032 UG:3    +
   28    35  0   0.0%   0.426 UG:3    +
   15    50  0   0.0%   0.186 UG:3    +
   27    36  0   0.0%   0.399 UA:3    +
   33    42  0   0.0%   0.691 UA:3    +
   12    17  0   0.0%   0.243 AU:3    +
   27    32  0   0.0%   0.542 UG:3    +
   14    20  0   0.0%   0.263 CG:3    +
   28    34  0   0.0%   0.092 UA:3    +
   25    47  0   0.0%   0.632 AU:3    +
    6    11  0   0.0%   0.299 UA:3    +
   29    40  0   0.0%   0.431 GC:3    +
   17    41  0   0.0%   0.027 UG:3    +
   26    50  0   0.0%   0.786 CG:3    +
    5    33  0   0.0%   0.021 AU:3    +
   20    31  0   0.0%   0.083 GU:3    +
   18    30  0   0.0%   0.015 UG:3    +
   20    27  0   0.0%   0.079 GU:3    +
    6    32  0   0.0%   0.034 UG:3    +
   29    33  0   0.0%   0.379 GU:3    +
   19    35  0   0.0%   0.015 CG:3    +
   48    53  0   0.0%   1.083 UG:3    +
   25    51  0   0.0%   0.599 AU:3    +
    4    12  0   0.0%   0.526 UA:3    +
   30    39  0   0.0%   0.618 GU:3    +
   28    41  0   0.0%   0.347 UG:3    +
    2    37  0   0.0%   0.376 GU:3    +
    3    36  0   0.0%   0.248 UA:3    +
   21    33  0   0.0%   0.064 AU:3    +
    1    38  0   0.0%   0.378 GC:3    +
   24    30  0   0.0%   0.086 CG:3    +
   32    58  0   0.0%   1.781 GC:3    +
   20    39  0   0.0%   0.412 GU:3    +
    4    34  0   0.0%   0.299 UA:3    +
   18    36  0   0.0%   0.016 UA:3    +
   41    58  0   0.0%   1.638 GC:3    +
    4    21  0   0.0%   0.302 UA:3    +
   25    48  0   0.0%   0.656 AU:3    +
   27    35  0   0.0%   0.480 UG:3    +
   15    20  0   0.0%   0.032 UG:3    +
   39    53  0   0.0%   0.858 UG:3    +
    4    35  0   0.0%   0.300 UG:3    +
   38    50  0   0.0%   0.562 CG:3    +
   32    59  0   0.0%   1.453 GC:3    +
   27    42  0   0.0%   0.400 UA:3    +
   18    25  0   0.0%   0.011 UA:3    +
   13    44  0   0.0%   0.241 CG:3    +
   16    50  0   0.0%   0.502 CG:3    +
    1    26  0   0.0%   0.374 GC:3    +
   13    20  0   0.0%   0.258 CG:3    +
   47    53  0   0.0%   1.016 UG:3    +
   41    59  0   0.0%   1.310 GC:3    +
   15    44  0   0.0%   0.060 UG:3    +
    7    41  0   0.0%   0.073 CG:3    +
    6    42  0   0.0%   0.035 UA:3    +
   14    50  0   0.0%   0.379 CG:3    +
    7    32  0   0.0%   0.073 CG:3    +
   44    58  0   0.0%   1.293 GC:3    +
   30    38  0   0.0%   0.610 GC:3    +
   28    32  0   0.0%   0.542 UG:3    +
   36    55  0   0.0%   1.142 AU:3    +
   24    50  0   0.0%   0.443 CG:3    +
    2     9  0   0.0%   0.171 GC:3    +
    1    19  0   0.0%   0.345 GC:3    +
   39    50  0   0.0%   0.555 UG:3    +
    9    20  0   0.0%   0.088 CG:3    +
   43    51  0   0.0%   0.827 AU:3    +
    1     7  0   0.0%   0.002 GC:3    +
   10    15  0   0.0%   0.019 AU:3    +
   51    60  0   0.0%   0.559 UA:3    +
    7    35  0   0.0%   0.073 CG:3    +
    6    36  0   0.0%   0.034 UA:3    +
    8    20  0   0.0%   0.134 CG:3    +
   31    60  0   0.0%   0.613 UA:3    +
   10    47  0   0.0%   0.026 AU:3    +
    5    37  0   0.0%   0.021 AU:3    +
   15    53  0   0.0%   0.313 UG:3    +
    2    18  0   0.0%   0.342 GU:3    +
    4    53  0   0.0%   0.302 UG:3    +
   47    60  0   0.0%   0.761 UA:3    +
    1    13  0   0.0%   0.111 GC:3    +
    1    15  0   0.0%   0.343 GU:3    +
    2    14  0   0.0%   0.573 GC:3    +
   55    60  0   0.0%   0.962 UA:3    +
   23    53  0   0.0%   0.664 CG:3    +
    1    16  0   0.0%   0.344 GC:3    +
   48    60  0   0.0%   0.824 UA:3    +
   32    40  0   0.0%   0.924 GC:3    +
    5    18  0   0.0%   0.002 AU:3    +
   17    21  0   0.0%   0.056 UA:3    +
   42    55  0   0.0%   1.375 AU:3    +
   43    54  0   0.0%   1.360 AU:3    +
   15    56  0   0.0%   0.464 UG:3    +
   17    25  0   0.0%   0.011 UA:3    +
   39    56  0   0.0%   1.208 UG:3    +
   44    59  0   0.0%   0.964 GC:3    +
   23    32  0   0.0%   0.059 CG:3    +
   50    54  0   0.0%   1.280 GU:3    +
   38    44  0   0.0%   0.749 CG:3    +
   19    30  0   0.0%   0.011 CG:3    +
   48    56  0   0.0%   1.360 UG:3    +
   29    39  0   0.0%   0.430 GU:3    +
    2    59  0   0.0%   0.995 GC:3    +
    3    35  0   0.0%   0.245 UG:3    +
   39    43  0   0.0%   0.708 UA:3    +
    1    57  0   0.0%   0.385 GC:3    +
    2     6  0   0.0%   0.001 GU:3    +
   35    49  0   0.0%   0.438 GC:3    +
   54    60  0   0.0%   1.041 UA:3    +
   36    48  0   0.0%   0.470 AU:3    +
   13    56  0   0.0%   0.669 CG:3    +
   17    56  0   0.0%   0.764 UG:3    +
   16    32  0   0.0%   0.030 CG:3    +
    6    50  0   0.0%   0.034 UG:3    +
   17    44  0   0.0%   0.662 UG:3    +
    5    51  0   0.0%   0.020 AU:3    +
    6    56  0   0.0%   0.586 UG:3    +
   18    43  0   0.0%   0.646 UA:3    +
    1    49  0   0.0%   0.384 GC:3    +
    2    16  0   0.0%   0.342 GC:3    +
   31    41  0   0.0%   0.554 UG:3    +
   20    33  0   0.0%   0.080 GU:3    +
    7    56  0   0.0%   0.579 CG:3    +
   44    48  0   0.0%   0.861 GU:3    +
    2    24  0   0.0%   0.396 GC:3    +
   15    25  0   0.0%   0.029 UA:3    +
   38    56  0   0.0%   1.233 CG:3    +
    1    52  0   0.0%   0.384 GC:3    +
   41    45  0   0.0%   0.362 GC:3    +
   16    29  0   0.0%   0.032 CG:3    +
   11    15  0   0.0%   0.290 AU:3    +
   35    57  0   0.0%   1.597 GC:3    +
   33    41  0   0.0%   0.676 UG:3    +
    1    17  0   0.0%   0.343 GU:3    +
    3    10  0   0.0%   0.001 UA:3    +
    2    48  0   0.0%   0.382 GU:3    +
   28    36  0   0.0%   0.340 UA:3    +
   37    56  0   0.0%   1.409 UG:3    +
   14    53  0   0.0%   0.507 CG:3    +
    2    15  0   0.0%   0.341 GU:3    +
   20    59  0   0.0%   0.968 GC:3    +
   26    41  0   0.0%   0.924 CG:3    +
   44    55  0   0.0%   1.017 GU:3    +
   41    47  0   0.0%   0.424 GU:3    +
   23    44  0   0.0%   0.696 CG:3    +
   15    60  0   0.0%   0.049 UA:3    +
   17    53  0   0.0%   0.595 UG:3    +
   18    34  0   0.0%   0.012 UA:3    +
   34    39  0   0.0%   0.446 AU:3    +
   32    39  0   0.0%   0.911 GU:3    +
   14    56  0   0.0%   0.659 CG:3    +
   32    37  0   0.0%   0.925 GU:3    +
    8    56  0   0.0%   0.554 CG:3    +
    2    19  0   0.0%   0.342 GC:3    +
   32    45  0   0.0%   0.574 GC:3    +
   15    34  0   0.0%   0.028 UA:3    +
   30    46  0   0.0%   0.318 GC:3    +
   29    47  0   0.0%   0.178 GU:3    +
    2    51  0   0.0%   0.382 GU:3    +
   33    44  0   0.0%   0.720 UG:3    +
    6    12  0   0.0%   0.244 UA:3    +
   31    43  0   0.0%   0.562 UA:3    +
   14    35  0   0.0%   0.239 CG:3    +
   16    30  0   0.0%   0.032 CG:3    +
   17    29  0   0.0%   0.012 UG:3    +
   33    43  0   0.0%   0.685 UA:3    +
   12    18  0   0.0%   0.241 AU:3    +
   15    30  0   0.0%   0.031 UG:3    +
   24    53  0   0.0%   0.568 CG:3    +
   10    54  0   0.0%   0.212 AU:3    +
   12    22  0   0.0%   0.255 AU:3    +
   35    46  0   0.0%   0.461 GC:3    +
   18    56  0   0.0%   0.758 UG:3    +
   34    47  0   0.0%   0.168 AU:3    +
   35    39  0   0.0%   0.779 GU:3    +
   39    60  0   0.0%   0.704 UA:3    +
   13    35  0   0.0%   0.236 CG:3    +
   32    49  0   0.0%   0.550 GC:3    +
   40    44  0   0.0%   0.774 CG:3    +
   41    54  0   0.0%   1.461 GU:3    +
   35    51  0   0.0%   0.486 GU:3    +
   35    59  0   0.0%   1.417 GC:3    +
   11    22  0   0.0%   0.312 AU:3    +
   35    58  0   0.0%   1.745 GC:3    +
    2    40  0   0.0%   0.374 GC:3    +
    5    17  0   0.0%   0.000 AU:3    +
    8    35  0   0.0%   0.113 CG:3    +
   20    57  0   0.0%   1.121 GC:3    +
   17    35  0   0.0%   0.016 UG:3    +
    6    20  0   0.0%   0.014 UG:3    +
   29    52  0   0.0%   0.117 GC:3    +
   32    54  0   0.0%   0.709 GU:3    +
   15    41  0   0.0%   0.030 UG:3    +
   31    50  0   0.0%   0.421 UG:3    +
   20    37  0   0.0%   0.080 GU:3    +
   21    55  0   0.0%   0.956 AU:3    +
   18    35  0   0.0%   0.013 UG:3    +
   22    29  0   0.0%   0.028 UG:3    +
   30    51  0   0.0%   0.343 GU:3    +
   17    36  0   0.0%   0.015 UA:3    +
   24    44  0   0.0%   0.603 CG:3    +
    2    49  0   0.0%   0.382 GC:3    +
    2    52  0   0.0%   0.382 GC:3    +
   29    45  0   0.0%   0.072 GC:3    +
   22    60  0   0.0%   0.387 UA:3    +
   10    33  0   0.0%   0.026 AU:3    +
    8    41  0   0.0%   0.112 CG:3    +
    1     6  0   0.0%   0.000 GU:3    +
   26    53  0   0.0%   0.910 CG:3    +
    2    46  0   0.0%   0.389 GC:3    +
   19    44  0   0.0%   0.654 CG:3    +
    2    38  0   0.0%   0.375 GC:3    +
   12    27  0   0.0%   0.240 AU:3    +
   18    60  0   0.0%   0.323 UA:3    +
    1    45  0   0.0%   0.376 GC:3    +
   18    53  0   0.0%   0.590 UG:3    +
   25    54  0   0.0%   0.708 AU:3    +
   28    53  0   0.0%   0.330 UG:3    +
   17    60  0   0.0%   0.329 UA:3    +
    5    15  0   0.0%   0.001 AU:3    +
   12    55  0   0.0%   0.464 AU:3    +
   20    58  0   0.0%   1.269 GC:3    +
   25    39  0   0.0%   0.905 AU:3    +
    6    41  0   0.0%   0.032 UG:3    +
   10    39  0   0.0%   0.024 AU:3    +
   11    28  0   0.0%   0.297 AU:3    +
   33    53  0   0.0%   0.645 UG:3    +
   11    39  0   0.0%   0.295 AU:3    +
   32    52  0   0.0%   0.572 GC:3    +
    9    35  0   0.0%   0.066 CG:3    +
   24    56  0   0.0%   0.708 CG:3    +
    1    47  0   0.0%   0.384 GU:3    +
   39    44  0   0.0%   0.742 UG:3    +
    1    39  0   0.0%   0.376 GU:3    +
    1    40  0   0.0%   0.376 GC:3    +
   25    55  0   0.0%   0.674 AU:3    +
    4    25  0   0.0%   0.298 UA:3    +
    3    53  0   0.0%   0.250 UG:3    +
   28    44  0   0.0%   0.381 UG:3    +
   12    39  0   0.0%   0.238 AU:3    +
    3    20  0   0.0%   0.238 UG:3    +
   31    35  0   0.0%   0.604 UG:3    +
   29    49  0   0.0%   0.095 GC:3    +
   23    41  0   0.0%   0.691 CG:3    +
   14    41  0   0.0%   0.237 CG:3    +
   27    50  0   0.0%   0.262 UG:3    +
   28    43  0   0.0%   0.369 UA:3    +
    2    39  0   0.0%   0.374 GU:3    +
    9    32  0   0.0%   0.066 CG:3    +
   17    32  0   0.0%   0.010 UG:3    +
   10    22  0   0.0%   0.042 AU:3    +
   11    37  0   0.0%   0.296 AU:3    +
    2    55  0   0.0%   0.382 GU:3    +
   22    42  0   0.0%   0.683 UA:3    +
   27    44  0   0.0%   0.438 UG:3    +
   30    48  0   0.0%   0.401 GU:3    +
   13    32  0   0.0%   0.236 CG:3    +
    4    42  0   0.0%   0.298 UA:3    +
   29    37  0   0.0%   0.399 GU:3    +
((((......)))).((((((((.((.....)).))..))))))................
