3 sequence; length of alignment 70
alifold output
   25    32  0  83.0%   0.572 GC:3   
   22    35  0  82.8%   0.599 UA:3   
   23    34  0  82.8%   0.693 UG:3   
   24    33  0  82.5%   0.723 UG:3   
   21    36  0  82.1%   0.589 UA:3   
   10    47  0  81.1%   0.710 AU:3   
    9    48  0  80.8%   0.752 CG:3   
   11    46  0  80.6%   0.658 CG:3   
   12    45  0  79.0%   0.753 UG:3   
   26    31  0  78.8%   0.647 AU:3   
   15    41  0  78.6%   0.744 GC:3   
    7    50  0  78.3%   0.835 CG:3   
   16    40  0  78.2%   0.791 AU:3   
   55    68  0  77.7%   1.402 UA:3   
   54    69  0  77.7%   1.227 GC:3   
   20    37  0  77.6%   0.654 GU:3   
   56    67  0  76.9%   1.231 CG:3   
   17    39  0  73.9%   0.964 GU:3   
    6    51  0  73.9%   0.753 AU:3   
   53    70  0  66.4%   1.577 CG:3   
   14    42  0  64.3%   1.068 UG:3   
   18    38  0  60.3%   1.082 GU:3   
   58    65  0  53.0%   1.655 GC:3   
   32    42  0  11.2%   1.180 CG:3    +
   33    41  0  11.1%   1.203 GC:3    +
   31    43  0  10.9%   1.058 UA:3    +
   20    53  0  10.5%   0.949 GC:3    +
   19    54  0  10.5%   0.782 CG:3    +
   18    55  0  10.5%   1.242 GU:3    +
   17    56  0  10.4%   1.255 GC:3    +
   34    40  0  10.3%   1.233 GU:3    +
   21    52  0  10.3%   0.999 UG:3    +
   59    65  0  10.2%   1.720 GC:3    +
   16    57  0  10.2%   1.079 AU:3    +
   28    46  0  10.2%   1.020 CG:3    +
   27    47  0  10.0%   1.015 GU:3    +
   58    66  0   9.0%   1.682 GU:3    +
   35    39  0   7.5%   1.086 AU:3    +
    9    67  0   7.0%   1.028 CG:3    +
   10    66  0   6.8%   0.978 AU:3    +
    8    68  0   6.1%   0.763 UA:3    +
    9    15  0   5.5%   0.481 CG:3    +
    8    16  0   5.5%   0.478 UA:3    +
    7    17  0   5.4%   0.489 CG:3    +
   14    59  0   4.3%   0.990 UG:3    +
   11    64  0   4.1%   0.756 CG:3    +
   53    64  0   4.0%   1.246 CG:3    +
   52    65  0   4.0%   1.025 GC:3    +
   54    63  0   4.0%   0.941 GU:3    +
   32    67  0   3.7%   0.992 CG:3    +
   31    68  0   3.7%   1.057 UA:3    +
   30    69  0   3.7%   0.454 GC:3    +
   33    66  0   3.7%   1.048 GU:3    +
   34    65  0   3.7%   0.862 GC:3    +
   50    61  0   3.6%   0.817 GU:3    +
   10    14  0   3.6%   0.374 AU:3    +
   49    62  0   3.6%   0.672 UA:3    +
   51    60  0   3.6%   0.867 UA:3    +
   46    65  0   3.6%   1.049 GC:3    +
   55    62  0   3.6%   1.094 UA:3    +
   47    64  0   3.6%   1.154 UG:3    +
   48    63  0   3.6%   0.777 GU:3    +
   41    58  0   3.4%   0.872 CG:3    +
   45    66  0   3.4%   0.943 GU:3    +
   40    59  0   3.4%   1.040 UG:3    +
   39    60  0   3.3%   0.989 UA:3    +
   46    53  0   3.2%   1.013 GC:3    +
   13    61  0   3.2%   0.428 GU:3    +
   53    58  0   3.1%   0.845 CG:3    +
   14    60  0   3.1%   1.039 UA:3    +
   12    62  0   3.0%   0.661 UA:3    +
   47    52  0   3.0%   1.025 UG:3    +
   42    69  0   3.0%   1.097 GC:3    +
   42    57  0   2.7%   1.100 GU:3    +
   44    55  0   2.7%   0.622 AU:3    +
    1    25  0   2.5%   0.276 CG:3    +
    2    24  0   2.5%   0.279 AU:3    +
    3    23  0   2.4%   0.277 AU:3    +
   41    70  0   2.4%   0.940 CG:3    +
    4    22  0   2.3%   0.270 AU:3    +
   37    62  0   2.0%   0.638 UA:3    +
    5    21  0   1.8%   0.226 AU:3    +
   13    28  0   1.8%   0.239 GC:3    +
   12    29  0   1.8%   0.231 UA:3    +
   11    30  0   1.8%   0.224 CG:3    +
   14    27  0   1.8%   0.366 UG:3    +
   14    43  0   1.7%   0.708 UA:3    +
   10    31  0   1.7%   0.334 AU:3    +
   36    63  0   1.6%   0.479 AU:3    +
   17    24  0   1.4%   0.477 GU:3    +
   12    44  0   1.4%   0.271 UA:3    +
   18    39  0   1.3%   0.864 GU:3    +
   13    63  0   1.2%   0.418 GU:3    +
   19    27  0   1.2%   0.253 CG:3    +
   18    28  0   1.2%   0.294 GC:3    +
   14    62  0   1.2%   1.082 UA:3    +
   15    61  0   1.1%   0.630 GU:3    +
    7    34  0   1.0%   0.341 CG:3    +
    9    64  0   1.0%   0.546 CG:3    +
    8    33  0   1.0%   0.312 UG:3    +
   17    41  0   1.0%   0.829 GC:3    +
   10    63  0   1.0%   0.512 AU:3    +
   11    45  0   0.9%   0.212 CG:3    +
   23    50  0   0.9%   0.638 UG:3    +
   18    40  0   0.8%   0.854 GU:3    +
   12    64  0   0.8%   0.751 UG:3    +
   24    50  0   0.8%   0.704 UG:3    +
   18    23  0   0.7%   0.242 GU:3    +
   17    40  0   0.6%   0.788 GU:3    +
    7    70  0   0.6%   0.569 CG:3    +
   28    48  0   0.5%   0.638 CG:3    +
   27    49  0   0.5%   0.489 GU:3    +
   29    47  0   0.4%   0.558 AU:3    +
   42    56  0   0.3%   0.842 GC:3    +
    9    33  0   0.3%   0.281 CG:3    +
    5    38  0   0.3%   0.171 AU:3    +
    4    39  0   0.3%   0.192 AU:3    +
   45    56  0   0.3%   0.571 GC:3    +
   25    49  0   0.3%   0.331 GU:3    +
    7    67  0   0.3%   0.515 CG:3    +
    6    37  0   0.3%   0.092 AU:3    +
   46    55  0   0.2%   0.936 GU:3    +
    7    13  0   0.2%   0.045 CG:3    +
   43    55  0   0.2%   0.605 AU:3    +
   48    53  0   0.2%   0.633 GC:3    +
    3    40  0   0.2%   0.179 AU:3    +
   47    54  0   0.2%   0.826 UG:3    +
    9    34  0   0.2%   0.299 CG:3    +
    8    35  0   0.2%   0.271 UA:3    +
    6    14  0   0.2%   0.040 AU:3    +
    7    20  0   0.2%   0.213 CG:3    +
    6    21  0   0.2%   0.130 AU:3    +
    8    34  0   0.2%   0.305 UG:3    +
    4    38  0   0.2%   0.157 AU:3    +
    1    52  0   0.2%   0.135 CG:3    +
    3    39  0   0.2%   0.158 AU:3    +
   41    59  0   0.2%   0.924 CG:3    +
    5    22  0   0.2%   0.202 AU:3    +
   44    57  0   0.2%   0.558 AU:3    +
   40    60  0   0.2%   0.925 UA:3    +
    7    48  0   0.2%   0.282 CG:3    +
    6    49  0   0.2%   0.082 AU:3    +
    5    37  0   0.2%   0.129 AU:3    +
   49    68  0   0.2%   0.528 UA:3    +
   48    69  0   0.2%   0.625 GC:3    +
    4    23  0   0.2%   0.215 AU:3    +
    5    51  0   0.2%   0.164 AU:3    +
    2    40  0   0.2%   0.135 AU:3    +
    9    25  0   0.2%   0.293 CG:3    +
    8    26  0   0.2%   0.194 UA:3    +
    7    27  0   0.2%   0.218 CG:3    +
    7    52  0   0.2%   0.493 CG:3    +
   10    24  0   0.1%   0.250 AU:3    +
   26    47  0   0.1%   0.404 AU:3    +
    3    24  0   0.1%   0.214 AU:3    +
    9    46  0   0.1%   0.242 CG:3    +
    2    51  0   0.1%   0.143 AU:3    +
   53    59  0   0.1%   0.798 CG:3    +
   45    53  0   0.1%   0.518 GC:3    +
    9    18  0   0.1%   0.191 CG:3    +
    3    38  0   0.1%   0.130 AU:3    +
   17    38  0   0.1%   0.304 GU:3    +
    4    37  0   0.1%   0.126 AU:3    +
   16    39  0   0.1%   0.238 AU:3    +
   58    63  0   0.1%   0.699 GU:3    +
   13    19  0   0.1%   0.037 GC:3    +
   57    67  0   0.1%   0.934 UG:3    +
    2    39  0   0.1%   0.117 AU:3    +
   28    45  0   0.1%   0.381 CG:3    +
   27    65  0   0.1%   0.431 GC:3    +
   28    64  0   0.1%   0.650 CG:3    +
   43    57  0   0.1%   0.698 AU:3    +
   12    20  0   0.1%   0.043 UG:3    +
   14    44  0   0.1%   0.647 UA:3    +
   26    66  0   0.1%   0.433 AU:3    +
   14    18  0   0.1%   0.168 UG:3    +
    9    50  0   0.1%   0.609 CG:3    +
   10    49  0   0.1%   0.401 AU:3    +
   29    63  0   0.1%   0.230 AU:3    +
   35    40  0   0.1%   0.917 AU:3    +
   34    56  0   0.1%   0.736 GC:3    +
   11    48  0   0.1%   0.502 CG:3    +
   33    57  0   0.1%   0.736 GU:3    +
   35    55  0   0.1%   0.633 AU:3    +
   20    38  0   0.1%   0.594 GU:3    +
   11    17  0   0.1%   0.178 CG:3    +
   18    41  0   0.1%   0.772 GC:3    +
   32    58  0   0.1%   0.437 CG:3    +
   22    52  0   0.1%   0.555 UG:3    +
   19    64  0   0.1%   0.549 CG:3    +
   20    63  0   0.1%   0.590 GU:3    +
   19    52  0   0.1%   0.104 CG:3    +
   18    53  0   0.1%   0.541 GC:3    +
    1    67  0   0.1%   0.127 CG:3    +
   34    41  0   0.1%   0.971 GC:3    +
   50    69  0   0.1%   0.673 GC:3    +
   15    40  0   0.1%   0.211 GU:3    +
   21    62  0   0.1%   0.675 UA:3    +
   13    65  0   0.1%   0.276 GC:3    +
   18    65  0   0.1%   0.789 GC:3    +
   12    16  0   0.1%   0.175 UA:3    +
   51    68  0   0.1%   0.709 UA:3    +
    2    66  0   0.1%   0.141 AU:3    +
   20    51  0   0.1%   0.492 GU:3    +
   11    59  0   0.1%   0.321 CG:3    +
   12    58  0   0.1%   0.355 UG:3    +
   16    23  0   0.1%   0.282 AU:3    +
   17    23  0   0.1%   0.293 GU:3    +
   13    69  0   0.1%   0.279 GC:3    +
   14    64  0   0.1%   1.105 UG:3    +
   57    64  0   0.1%   0.870 UG:3    +
   16    24  0   0.1%   0.295 AU:3    +
   12    60  0   0.0%   0.355 UA:3    +
   14    68  0   0.0%   1.057 UA:3    +
   31    45  0   0.0%   0.751 UG:3    +
   15    24  0   0.0%   0.286 GU:3    +
    4    51  0   0.0%   0.163 AU:3    +
   20    28  0   0.0%   0.159 GC:3    +
   21    27  0   0.0%   0.244 UG:3    +
   31    59  0   0.0%   0.663 UG:3    +
   59    63  0   0.0%   0.738 GU:3    +
   21    25  0   0.0%   0.207 UG:3    +
   26    49  0   0.0%   0.261 AU:3    +
   15    63  0   0.0%   0.529 GU:3    +
   20    69  0   0.0%   0.491 GC:3    +
   21    68  0   0.0%   0.691 UA:3    +
    7    64  0   0.0%   0.471 CG:3    +
   22    67  0   0.0%   0.500 UG:3    +
   41    50  0   0.0%   0.796 CG:3    +
   32    54  0   0.0%   0.650 CG:3    +
   33    53  0   0.0%   0.725 GC:3    +
   30    56  0   0.0%   0.326 GC:3    +
   29    57  0   0.0%   0.349 AU:3    +
   28    58  0   0.0%   0.417 CG:3    +
   19    70  0   0.0%   0.354 CG:3    +
   28    70  0   0.0%   0.451 CG:3    +
   17    22  0   0.0%   0.285 GU:3    +
   41    67  0   0.0%   0.973 CG:3    +
   11    18  0   0.0%   0.026 CG:3    +
   12    17  0   0.0%   0.181 UG:3    +
   24    59  0   0.0%   0.531 UG:3    +
   18    37  0   0.0%   0.158 GU:3    +
   23    60  0   0.0%   0.471 UA:3    +
   22    50  0   0.0%   0.486 UG:3    +
    8    50  0   0.0%   0.448 UG:3    +
    9    17  0   0.0%   0.326 CG:3    +
   59    66  0   0.0%   1.193 GU:3    +
   40    68  0   0.0%   0.975 UA:3    +
   31    60  0   0.0%   0.633 UA:3    +
   21    35  0   0.0%   0.122 UA:3    +
   17    66  0   0.0%   0.986 GU:3    +
   41    48  0   0.0%   0.723 CG:3    +
    3    21  0   0.0%   0.008 AU:3    +
   18    56  0   0.0%   1.011 GC:3    +
    8    18  0   0.0%   0.169 UG:3    +
    4    21  0   0.0%   0.010 AU:3    +
   14    58  0   0.0%   0.590 UG:3    +
   64    69  0   0.0%   0.951 GC:3    +
   38    60  0   0.0%   0.490 UA:3    +
   22    26  0   0.0%   0.130 UA:3    +
   17    57  0   0.0%   1.026 GU:3    +
   47    70  0   0.0%   0.813 UG:3    +
   39    59  0   0.0%   0.685 UG:3    +
    1    58  0   0.0%   0.116 CG:3    +
    3    22  0   0.0%   0.011 AU:3    +
   41    46  0   0.0%   0.921 CG:3    +
   16    66  0   0.0%   0.806 AU:3    +
    2    57  0   0.0%   0.132 AU:3    +
   54    65  0   0.0%   0.779 GC:3    +
   35    51  0   0.0%   0.637 AU:3    +
   18    22  0   0.0%   0.137 GU:3    +
   42    49  0   0.0%   0.608 GU:3    +
   30    61  0   0.0%   0.246 GU:3    +
   40    58  0   0.0%   0.564 UG:3    +
   26    57  0   0.0%   0.462 AU:3    +
   55    64  0   0.0%   0.985 UG:3    +
    2    22  0   0.0%   0.007 AU:3    +
   49    70  0   0.0%   0.338 UG:3    +
   22    34  0   0.0%   0.194 UG:3    +
    1    50  0   0.0%   0.100 CG:3    +
   25    41  0   0.0%   0.508 GC:3    +
    2    49  0   0.0%   0.119 AU:3    +
   27    56  0   0.0%   0.644 GC:3    +
   26    40  0   0.0%   0.502 AU:3    +
   32    59  0   0.0%   0.566 CG:3    +
   24    42  0   0.0%   0.630 UG:3    +
   12    43  0   0.0%   0.094 UA:3    +
    2    23  0   0.0%   0.009 AU:3    +
   58    69  0   0.0%   1.260 GC:3    +
   21    50  0   0.0%   0.474 UG:3    +
    5    39  0   0.0%   0.156 AU:3    +
    3    51  0   0.0%   0.154 AU:3    +
   23    43  0   0.0%   0.382 UA:3    +
    6    38  0   0.0%   0.085 AU:3    +
    7    46  0   0.0%   0.250 CG:3    +
   27    39  0   0.0%   0.472 GU:3    +
   11    58  0   0.0%   0.313 CG:3    +
    9    59  0   0.0%   0.407 CG:3    +
    6    47  0   0.0%   0.048 AU:3    +
   22    44  0   0.0%   0.344 UA:3    +
   12    70  0   0.0%   0.525 UG:3    +
    8    60  0   0.0%   0.255 UA:3    +
    4    40  0   0.0%   0.168 AU:3    +
   17    65  0   0.0%   0.794 GC:3    +
   42    47  0   0.0%   0.975 GU:3    +
   22    36  0   0.0%   0.437 UA:3    +
   28    52  0   0.0%   0.667 CG:3    +
   27    53  0   0.0%   0.643 GC:3    +
    1    42  0   0.0%   0.097 CG:3    +
   15    56  0   0.0%   0.368 GC:3    +
   16    55  0   0.0%   0.380 AU:3    +
   29    51  0   0.0%   0.357 AU:3    +
   23    35  0   0.0%   0.480 UA:3    +
   14    26  0   0.0%   0.155 UA:3    +
    6    66  0   0.0%   0.289 AU:3    +
   37    46  0   0.0%   0.659 UG:3    +
   11    67  0   0.0%   0.653 CG:3    +
   25    51  0   0.0%   0.535 GU:3    +
   16    38  0   0.0%   0.218 AU:3    +
    5    66  0   0.0%   0.136 AU:3    +
    7    18  0   0.0%   0.176 CG:3    +
   30    37  0   0.0%   0.311 GU:3    +
    8    45  0   0.0%   0.248 UG:3    +
   36    47  0   0.0%   0.604 AU:3    +
   29    38  0   0.0%   0.435 AU:3    +
   63    70  0   0.0%   0.848 UG:3    +
   15    39  0   0.0%   0.210 GU:3    +
   30    53  0   0.0%   0.320 GC:3    +
   56    64  0   0.0%   0.778 CG:3    +
   15    23  0   0.0%   0.270 GU:3    +
   38    45  0   0.0%   0.607 UG:3    +
   16    22  0   0.0%   0.273 AU:3    +
   12    46  0   0.0%   0.524 UG:3    +
    7    33  0   0.0%   0.200 CG:3    +
    1    13  0   0.0%   0.003 CG:3    +
   23    33  0   0.0%   0.217 UG:3    +
   31    36  0   0.0%   0.424 UA:3    +
   19    42  0   0.0%   0.352 CG:3    +
   19    30  0   0.0%   0.137 CG:3    +
   15    32  0   0.0%   0.172 GC:3    +
   35    63  0   0.0%   0.500 AU:3    +
   16    31  0   0.0%   0.244 AU:3    +
   31    44  0   0.0%   0.572 UA:3    +
   25    56  0   0.0%   0.521 GC:3    +
   24    48  0   0.0%   0.535 UG:3    +
   18    31  0   0.0%   0.185 GU:3    +
   44    66  0   0.0%   0.506 AU:3    +
   15    22  0   0.0%   0.270 GU:3    +
    2    12  0   0.0%   0.003 AU:3    +
   26    55  0   0.0%   0.458 AU:3    +
   16    21  0   0.0%   0.259 AU:3    +
   53    67  0   0.0%   0.969 CG:3    +
   15    19  0   0.0%   0.172 GC:3    +
   13    32  0   0.0%   0.098 GC:3    +
   18    24  0   0.0%   0.240 GU:3    +
   12    33  0   0.0%   0.154 UG:3    +
   11    34  0   0.0%   0.157 CG:3    +
   20    41  0   0.0%   0.472 GC:3    +
   11    20  0   0.0%   0.025 CG:3    +
   42    66  0   0.0%   0.979 GU:3    +
   14    20  0   0.0%   0.164 UG:3    +
   21    45  0   0.0%   0.498 UG:3    +
    1    70  0   0.0%   0.120 CG:3    +
   46    56  0   0.0%   0.837 GC:3    +
   14    33  0   0.0%   0.281 UG:3    +
    7    15  0   0.0%   0.018 CG:3    +
    1    15  0   0.0%   0.003 CG:3    +
   60    66  0   0.0%   1.030 AU:3    +
   31    52  0   0.0%   0.777 UG:3    +
   24    68  0   0.0%   0.563 UA:3    +
   37    60  0   0.0%   0.360 UA:3    +
   17    32  0   0.0%   0.241 GC:3    +
    8    67  0   0.0%   0.275 UG:3    +
   34    39  0   0.0%   0.564 GU:3    +
   38    59  0   0.0%   0.516 UG:3    +
   36    61  0   0.0%   0.333 AU:3    +
   24    34  0   0.0%   0.573 UG:3    +
    8    48  0   0.0%   0.260 UG:3    +
   37    50  0   0.0%   0.527 UG:3    +
   13    41  0   0.0%   0.099 GC:3    +
   39    44  0   0.0%   0.596 UA:3    +
   15    69  0   0.0%   0.427 GC:3    +
   57    62  0   0.0%   0.851 UA:3    +
    5    49  0   0.0%   0.121 AU:3    +
   19    46  0   0.0%   0.253 CG:3    +
   19    25  0   0.0%   0.112 CG:3    +
    2    14  0   0.0%   0.003 AU:3    +
   10    61  0   0.0%   0.377 AU:3    +
   38    62  0   0.0%   0.609 UA:3    +
   39    58  0   0.0%   0.548 UG:3    +
   54    66  0   0.0%   0.828 GU:3    +
   45    65  0   0.0%   0.411 GC:3    +
   18    47  0   0.0%   0.698 GU:3    +
   45    57  0   0.0%   0.638 GU:3    +
    9    58  0   0.0%   0.405 CG:3    +
   36    51  0   0.0%   0.426 AU:3    +
   52    69  0   0.0%   0.759 GC:3    +
   12    35  0   0.0%   0.103 UA:3    +
   46    69  0   0.0%   0.906 GC:3    +
   39    50  0   0.0%   0.815 UG:3    +
   15    57  0   0.0%   0.371 GU:3    +
   47    68  0   0.0%   0.982 UA:3    +
   41    45  0   0.0%   0.738 CG:3    +
   41    54  0   0.0%   0.745 CG:3    +
   42    53  0   0.0%   0.786 GC:3    +
   40    46  0   0.0%   0.959 UG:3    +
   13    57  0   0.0%   0.101 GU:3    +
    9    20  0   0.0%   0.185 CG:3    +
    4    49  0   0.0%   0.144 AU:3    +
   32    48  0   0.0%   0.622 CG:3    +
   37    54  0   0.0%   0.481 UG:3    +
   17    21  0   0.0%   0.264 GU:3    +
    2    55  0   0.0%   0.126 AU:3    +
    8    17  0   0.0%   0.319 UG:3    +
    7    59  0   0.0%   0.462 CG:3    +
   10    21  0   0.0%   0.213 AU:3    +
   52    61  0   0.0%   0.662 GU:3    +
   65    70  0   0.0%   1.367 CG:3    +
   51    62  0   0.0%   0.744 UA:3    +
   21    26  0   0.0%   0.110 UA:3    +
   50    63  0   0.0%   0.714 GU:3    +
   33    47  0   0.0%   0.908 GU:3    +
   49    64  0   0.0%   0.549 UG:3    +
    8    58  0   0.0%   0.254 UG:3    +
   48    65  0   0.0%   0.617 GC:3    +
   13    22  0   0.0%   0.129 GU:3    +
   32    50  0   0.0%   0.691 CG:3    +
    3    37  0   0.0%   0.106 AU:3    +
   33    49  0   0.0%   0.539 GU:3    +
    2    38  0   0.0%   0.098 AU:3    +
    1    27  0   0.0%   0.094 CG:3    +
   28    50  0   0.0%   0.682 CG:3    +
    8    59  0   0.0%   0.252 UG:3    +
   28    54  0   0.0%   0.634 CG:3    +
   27    31  0   0.0%   0.398 GU:3    +
   11    15  0   0.0%   0.163 CG:3    +
   28    67  0   0.0%   0.619 CG:3    +
    8    64  0   0.0%   0.257 UG:3    +
   27    51  0   0.0%   0.653 GU:3    +
   13    21  0   0.0%   0.116 GU:3    +
   39    48  0   0.0%   0.745 UG:3    +
   23    59  0   0.0%   0.493 UG:3    +
   36    55  0   0.0%   0.413 AU:3    +
   36    49  0   0.0%   0.233 AU:3    +
   37    48  0   0.0%   0.457 UG:3    +
   50    66  0   0.0%   0.854 GU:3    +
   29    66  0   0.0%   0.311 AU:3    +
   63    68  0   0.0%   0.957 UA:3    +
   29    49  0   0.0%   0.165 AU:3    +
   22    60  0   0.0%   0.396 UA:3    +
   45    55  0   0.0%   0.611 GU:3    +
    1    64  0   0.0%   0.113 CG:3    +
   10    57  0   0.0%   0.378 AU:3    +
   55    60  0   0.0%   0.740 UA:3    +
   23    48  0   0.0%   0.500 UG:3    +
   30    65  0   0.0%   0.098 GC:3    +
   17    37  0   0.0%   0.274 GU:3    +
    2    63  0   0.0%   0.128 AU:3    +
   59    69  0   0.0%   0.980 GC:3    +
    9    45  0   0.0%   0.215 CG:3    +
   34    57  0   0.0%   0.730 GU:3    +
    5    63  0   0.0%   0.130 AU:3    +
    9    52  0   0.0%   0.425 CG:3    +
   10    51  0   0.0%   0.624 AU:3    +
   19    48  0   0.0%   0.257 CG:3    +
   20    24  0   0.0%   0.202 GU:3    +
   11    50  0   0.0%   0.508 CG:3    +
   41    52  0   0.0%   0.773 CG:3    +
   18    49  0   0.0%   0.547 GU:3    +
   22    59  0   0.0%   0.425 UG:3    +
   29    37  0   0.0%   0.307 AU:3    +
   51    67  0   0.0%   0.719 UG:3    +
   20    32  0   0.0%   0.029 GC:3    +
   19    33  0   0.0%   0.131 CG:3    +
   32    52  0   0.0%   0.674 CG:3    +
   54    61  0   0.0%   0.541 GU:3    +
   44    51  0   0.0%   0.331 AU:3    +
   32    45  0   0.0%   0.645 CG:3    +
   33    51  0   0.0%   0.729 GU:3    +
    8    52  0   0.0%   0.273 UG:3    +
   42    51  0   0.0%   0.797 GU:3    +
    5    12  0   0.0%   0.002 AU:3    +
    3     8  0   0.0%   0.001 AU:3    +
   31    46  0   0.0%   0.925 UG:3    +
   21    60  0   0.0%   0.615 UA:3    +
   39    52  0   0.0%   0.797 UG:3    +
   23    58  0   0.0%   0.361 UG:3    +
   35    47  0   0.0%   0.811 AU:3    +
   12    42  0   0.0%   0.091 UG:3    +
   24    58  0   0.0%   0.392 UG:3    +
   62    66  0   0.0%   1.145 AU:3    +
   38    44  0   0.0%   0.432 UA:3    +
    8    62  0   0.0%   0.253 UA:3    +
   49    67  0   0.0%   0.528 UG:3    +
   14    70  0   0.0%   0.912 UG:3    +
   26    51  0   0.0%   0.472 AU:3    +
   31    64  0   0.0%   0.751 UG:3    +
    6    39  0   0.0%   0.081 AU:3    +
    3    12  0   0.0%   0.002 AU:3    +
    2    21  0   0.0%   0.002 AU:3    +
   57    70  0   0.0%   0.784 UG:3    +
    4    66  0   0.0%   0.150 AU:3    +
    1    59  0   0.0%   0.112 CG:3    +
   20    39  0   0.0%   0.556 GU:3    +
    5    23  0   0.0%   0.189 AU:3    +
    4    55  0   0.0%   0.146 AU:3    +
    3    55  0   0.0%   0.143 AU:3    +
    6    22  0   0.0%   0.130 AU:3    +
   27    69  0   0.0%   0.416 GC:3    +
    5    40  0   0.0%   0.143 AU:3    +
    4    24  0   0.0%   0.202 AU:3    +
   21    44  0   0.0%   0.332 UA:3    +
    3    49  0   0.0%   0.142 AU:3    +
   37    45  0   0.0%   0.479 UG:3    +
    2     8  0   0.0%   0.001 AU:3    +
   23    52  0   0.0%   0.617 UG:3    +
   12    59  0   0.0%   0.349 UG:3    +
   39    62  0   0.0%   0.884 UA:3    +
    9    13  0   0.0%   0.016 CG:3    +
    1    54  0   0.0%   0.110 CG:3    +
   24    52  0   0.0%   0.648 UG:3    +
   25    61  0   0.0%   0.442 GU:3    +
   20    61  0   0.0%   0.633 GU:3    +
   25    47  0   0.0%   0.435 GU:3    +
   39    43  0   0.0%   0.840 UA:3    +
   39    46  0   0.0%   0.946 UG:3    +
   37    44  0   0.0%   0.306 UA:3    +
   14    45  0   0.0%   0.805 UG:3    +
    4    12  0   0.0%   0.002 AU:3    +
   19    50  0   0.0%   0.269 CG:3    +
   35    49  0   0.0%   0.441 AU:3    +
   61    67  0   0.0%   0.834 UG:3    +
    3    66  0   0.0%   0.147 AU:3    +
   18    51  0   0.0%   0.775 GU:3    +
    8    46  0   0.0%   0.248 UG:3    +
   38    43  0   0.0%   0.677 UA:3    +
   14    25  0   0.0%   0.243 UG:3    +
   61    68  0   0.0%   0.802 UA:3    +
   45    51  0   0.0%   0.504 GU:3    +
   40    50  0   0.0%   0.827 UG:3    +
   11    70  0   0.0%   0.474 CG:3    +
   22    43  0   0.0%   0.344 UA:3    +
   38    48  0   0.0%   0.582 UG:3    +
   28    33  0   0.0%   0.356 CG:3    +
   29    55  0   0.0%   0.339 AU:3    +
   40    45  0   0.0%   0.781 UG:3    +
   44    49  0   0.0%   0.140 AU:3    +
    6    63  0   0.0%   0.281 AU:3    +
   40    70  0   0.0%   0.709 UG:3    +
   40    67  0   0.0%   1.002 UG:3    +
   20    49  0   0.0%   0.251 GU:3    +
   45    69  0   0.0%   0.621 GC:3    +
   16    49  0   0.0%   0.397 AU:3    +
   34    49  0   0.0%   0.540 GU:3    +
    7    58  0   0.0%   0.463 CG:3    +
   39    45  0   0.0%   0.768 UG:3    +
    5    14  0   0.0%   0.001 AU:3    +
   20    47  0   0.0%   0.402 GU:3    +
   49    60  0   0.0%   0.316 UA:3    +
   39    68  0   0.0%   0.943 UA:3    +
   48    61  0   0.0%   0.401 GU:3    +
    7    45  0   0.0%   0.246 CG:3    +
   27    32  0   0.0%   0.297 GC:3    +
   47    62  0   0.0%   0.800 UA:3    +
   38    46  0   0.0%   0.783 UG:3    +
   22    48  0   0.0%   0.466 UG:3    +
    6    61  0   0.0%   0.280 AU:3    +
   33    65  0   0.0%   0.499 GC:3    +
   24    62  0   0.0%   0.546 UA:3    +
   15    65  0   0.0%   0.426 GC:3    +
    1    20  0   0.0%   0.002 CG:3    +
    9    42  0   0.0%   0.214 CG:3    +
    1    18  0   0.0%   0.002 CG:3    +
   43    47  0   0.0%   0.755 AU:3    +
    6    12  0   0.0%   0.002 AU:3    +
   51    58  0   0.0%   0.399 UG:3    +
    8    44  0   0.0%   0.245 UA:3    +
   33    40  0   0.0%   0.523 GU:3    +
   52    66  0   0.0%   0.947 GU:3    +
   57    68  0   0.0%   0.894 UA:3    +
   38    50  0   0.0%   0.651 UG:3    +
   30    47  0   0.0%   0.510 GU:3    +
   46    63  0   0.0%   0.732 GU:3    +
    4     8  0   0.0%   0.001 AU:3    +
   37    43  0   0.0%   0.551 UA:3    +
   38    52  0   0.0%   0.634 UG:3    +
   23    42  0   0.0%   0.593 UG:3    +
   38    70  0   0.0%   0.405 UG:3    +
    8    43  0   0.0%   0.245 UA:3    +
   32    64  0   0.0%   0.651 CG:3    +
   38    42  0   0.0%   0.895 UG:3    +
   40    44  0   0.0%   0.607 UA:3    +
   28    34  0   0.0%   0.363 CG:3    +
   46    51  0   0.0%   0.684 GU:3    +
   14    36  0   0.0%   0.215 UA:3    +
   33    63  0   0.0%   0.596 GU:3    +
   13    37  0   0.0%   0.132 GU:3    +
   51    70  0   0.0%   0.518 UG:3    +
    8    36  0   0.0%   0.245 UA:3    +
   16    61  0   0.0%   0.771 AU:3    +
   32    46  0   0.0%   0.821 CG:3    +
   36    40  0   0.0%   0.701 AU:3    +
   19    67  0   0.0%   0.521 CG:3    +
   18    69  0   0.0%   0.779 GC:3    +
   33    69  0   0.0%   0.733 GC:3    +
    9    70  0   0.0%   0.666 CG:3    +
   30    49  0   0.0%   0.140 GU:3    +
   37    52  0   0.0%   0.509 UG:3    +
    4    63  0   0.0%   0.146 AU:3    +
   39    67  0   0.0%   0.976 UG:3    +
    6    23  0   0.0%   0.129 AU:3    +
   34    38  0   0.0%   0.595 GU:3    +
   15    31  0   0.0%   0.236 GU:3    +
   21    30  0   0.0%   0.174 UG:3    +
   37    64  0   0.0%   0.556 UG:3    +
    1    17  0   0.0%   0.002 CG:3    +
   22    29  0   0.0%   0.186 UA:3    +
   11    33  0   0.0%   0.146 CG:3    +
    5    24  0   0.0%   0.187 AU:3    +
   32    70  0   0.0%   0.574 CG:3    +
    8    70  0   0.0%   0.454 UG:3    +
   21    48  0   0.0%   0.458 UG:3    +
    5    61  0   0.0%   0.128 AU:3    +
   38    68  0   0.0%   0.667 UA:3    +
   24    67  0   0.0%   0.595 UG:3    +
    4    61  0   0.0%   0.145 AU:3    +
   13    23  0   0.0%   0.127 GU:3    +
   13    53  0   0.0%   0.097 GC:3    +
   61    70  0   0.0%   0.690 UG:3    +
   14    52  0   0.0%   0.598 UG:3    +
   43    49  0   0.0%   0.385 AU:3    +
   16    51  0   0.0%   0.625 AU:3    +
   21    46  0   0.0%   0.453 UG:3    +
   55    67  0   0.0%   0.833 UG:3    +
   23    67  0   0.0%   0.564 UG:3    +
   11    42  0   0.0%   0.083 CG:3    +
    7    54  0   0.0%   0.461 CG:3    +
   12    67  0   0.0%   0.698 UG:3    +
    8    13  0   0.0%   0.016 UG:3    +
   48    56  0   0.0%   0.522 GC:3    +
   15    21  0   0.0%   0.255 GU:3    +
   23    29  0   0.0%   0.220 UA:3    +
   13    66  0   0.0%   0.457 GU:3    +
   10    23  0   0.0%   0.224 AU:3    +
   20    65  0   0.0%   0.486 GC:3    +
   50    65  0   0.0%   0.672 GC:3    +
   52    57  0   0.0%   0.743 GU:3    +
    6    55  0   0.0%   0.281 AU:3    +
   11    27  0   0.0%   0.020 CG:3    +
   21    64  0   0.0%   0.738 UG:3    +
   12    26  0   0.0%   0.026 UA:3    +
   10    22  0   0.0%   0.225 AU:3    +
    1    45  0   0.0%   0.095 CG:3    +
   24    60  0   0.0%   0.499 UA:3    +
   51    64  0   0.0%   0.739 UG:3    +
   40    48  0   0.0%   0.758 UG:3    +
   30    38  0   0.0%   0.435 GU:3    +
   22    45  0   0.0%   0.506 UG:3    +
   15    38  0   0.0%   0.210 GU:3    +
   52    56  0   0.0%   0.662 GC:3    +
   23    68  0   0.0%   0.530 UA:3    +
   21    34  0   0.0%   0.176 UG:3    +
   39    70  0   0.0%   0.681 UG:3    +
    2    37  0   0.0%   0.097 AU:3    +
   30    39  0   0.0%   0.403 GU:3    +
   25    55  0   0.0%   0.518 GU:3    +
   13    47  0   0.0%   0.269 GU:3    +
   43    66  0   0.0%   0.661 AU:3    +
   24    29  0   0.0%   0.252 UA:3    +
    8    15  0   0.0%   0.002 UG:3    +
   19    34  0   0.0%   0.138 CG:3    +
   50    56  0   0.0%   0.577 GC:3    +
   25    69  0   0.0%   0.289 GC:3    +
   12    18  0   0.0%   0.024 UG:3    +
   23    44  0   0.0%   0.376 UA:3    +
   66    70  0   0.0%   1.068 UG:3    +
    1    48  0   0.0%   0.095 CG:3    +
    3    63  0   0.0%   0.142 AU:3    +
   55    59  0   0.0%   0.663 UG:3    +
   29    61  0   0.0%   0.264 AU:3    +
   22    68  0   0.0%   0.463 UA:3    +
   17    28  0   0.0%   0.309 GC:3    +
   25    31  0   0.0%   0.176 GU:3    +
    3    57  0   0.0%   0.144 AU:3    +
    1    34  0   0.0%   0.094 CG:3    +
   43    51  0   0.0%   0.575 AU:3    +
   52    63  0   0.0%   0.678 GU:3    +
   26    61  0   0.0%   0.381 AU:3    +
   25    53  0   0.0%   0.521 GC:3    +
   25    66  0   0.0%   0.475 GU:3    +
   22    30  0   0.0%   0.186 UG:3    +
   49    54  0   0.0%   0.325 UG:3    +
    1    33  0   0.0%   0.094 CG:3    +
   15    66  0   0.0%   0.611 GU:3    +
   22    62  0   0.0%   0.445 UA:3    +
   31    35  0   0.0%   0.431 UA:3    +
   20    40  0   0.0%   0.523 GU:3    +
   39    54  0   0.0%   0.767 UG:3    +
   23    30  0   0.0%   0.220 UG:3    +
   16    37  0   0.0%   0.210 AU:3    +
    2    47  0   0.0%   0.114 AU:3    +
    8    20  0   0.0%   0.176 UG:3    +
   29    40  0   0.0%   0.370 AU:3    +
   29    39  0   0.0%   0.402 AU:3    +
    6    40  0   0.0%   0.069 AU:3    +
   25    65  0   0.0%   0.291 GC:3    +
   25    57  0   0.0%   0.519 GU:3    +
   10    37  0   0.0%   0.233 AU:3    +
   27    55  0   0.0%   0.638 GU:3    +
    3    14  0   0.0%   0.001 AU:3    +
    5    55  0   0.0%   0.129 AU:3    +
    4    14  0   0.0%   0.001 AU:3    +
   56    70  0   0.0%   0.893 CG:3    +
   24    43  0   0.0%   0.413 UA:3    +
   15    51  0   0.0%   0.614 GU:3    +
   33    39  0   0.0%   0.555 GU:3    +
   38    67  0   0.0%   0.701 UG:3    +
   23    36  0   0.0%   0.469 UA:3    +
   14    46  0   0.0%   0.760 UG:3    +
   40    52  0   0.0%   0.809 UG:3    +
   12    68  0   0.0%   0.660 UA:3    +
   22    70  0   0.0%   0.321 UG:3    +
   23    62  0   0.0%   0.515 UA:3    +
   26    39  0   0.0%   0.529 AU:3    +
   24    30  0   0.0%   0.252 UG:3    +
   18    32  0   0.0%   0.117 GC:3    +
   63    67  0   0.0%   0.989 UG:3    +
   22    27  0   0.0%   0.253 UG:3    +
   30    51  0   0.0%   0.330 GU:3    +
   24    35  0   0.0%   0.512 UA:3    +
   22    33  0   0.0%   0.180 UG:3    +
    3    61  0   0.0%   0.142 AU:3    +
   27    38  0   0.0%   0.500 GU:3    +
   38    64  0   0.0%   0.605 UG:3    +
   12    48  0   0.0%   0.529 UG:3    +
   37    68  0   0.0%   0.618 UA:3    +
   33    38  0   0.0%   0.587 GU:3    +
   25    40  0   0.0%   0.555 GU:3    +
.....((.((((.(((((.(((((((....))))))))))))..)))).)).((((.(......).))))
