3 sequence; length of alignment 111
alifold output
   97   108  0 100.0%   0.002 CG:3   
   98   107  0 100.0%   0.002 CG:3   
   96   109  0 100.0%   0.003 CG:3   
   95   110  0  96.6%   0.154 UA:3   
   99   106  0  95.1%   0.150 AU:3   
   49    74  0  89.9%   0.457 GC:3   
   47    76  0  89.9%   0.675 CG:3   
   50    73  0  89.9%   0.412 GC:3   
   48    75  0  89.9%   0.655 AU:3   
   46    77  0  89.8%   0.680 GC:3   
   38    86  0  87.7%   0.590 GC:3   
   39    85  0  85.9%   0.749 UA:3   
   37    87  0  85.8%   0.787 UA:3   
   94   111  0  84.3%   0.754 GC:3   
   51    72  0  82.7%   0.603 AU:3   
   33    91  0  78.9%   0.855 UA:3   
   34    90  0  76.0%   1.173 GU:3   
   32    92  0  76.0%   0.898 UA:3   
   35    89  0  75.9%   1.384 GC:3   
   42    81  0  74.2%   0.858 UG:3   
   41    82  0  72.7%   0.842 AU:3   
   43    80  0  70.1%   0.980 UG:3   
   31    93  0  68.9%   1.015 AU:3   
   10    25  0  66.3%   0.866 AU:3   
   11    24  0  66.3%   1.098 UG:3   
   12    23  0  65.7%   1.040 GC:3   
    6    29  0  63.2%   1.094 GC:3   
    9    26  0  62.7%   1.126 UA:3   
  100   105  0  62.5%   0.897 AU:3   
    7    28  0  62.2%   1.136 UG:3   
   53    67  0  62.1%   1.186 GC:3   
   52    68  0  60.9%   1.159 AU:3   
   14    22  0  56.5%   1.049 AU:3   
   15    21  0  56.2%   1.123 UA:3   
   54    66  0  54.9%   1.283 AU:3   
   16    20  0  45.7%   1.335 UG:3   
   44    79  0  30.9%   1.357 GU:3    +
   56    63  0  12.0%   1.104 UG:3    +
   35    88  0  11.4%   1.007 GC:3    +
   34    89  0  11.3%   0.985 GC:3    +
   30    94  0  10.8%   1.138 UG:3    +
   53    71  0  10.2%   1.188 GC:3    +
   57    62  0   9.0%   0.926 AU:3    +
   56    65  0   7.3%   1.387 UA:3    +
   58    65  0   6.5%   1.093 UA:3    +
   56    64  0   6.2%   1.222 UG:3    +
   57    66  0   6.0%   1.509 AU:3    +
   28    36  0   5.8%   1.163 GC:3    +
   29    35  0   5.8%   1.069 CG:3    +
   27    37  0   5.5%   0.819 AU:3    +
   52    72  0   5.1%   1.050 AU:3    +
    5    24  0   4.9%   0.500 CG:3    +
    6    23  0   4.9%   0.519 GC:3    +
   30    34  0   4.7%   0.608 UG:3    +
    3    27  0   4.7%   0.477 UA:3    +
   13    28  0   4.6%   1.156 CG:3    +
    2    28  0   4.6%   0.468 CG:3    +
   12    29  0   4.6%   1.177 GC:3    +
   38    47  0   4.5%   0.684 GC:3    +
   37    48  0   4.5%   0.814 UA:3    +
   39    46  0   4.4%   0.721 UG:3    +
   36    49  0   4.4%   0.670 CG:3    +
    4    26  0   4.4%   0.482 UA:3    +
   13    46  0   4.3%   0.921 CG:3    +
   12    47  0   4.3%   1.094 GC:3    +
   70    77  0   4.3%   0.597 GC:3    +
   71    76  0   4.3%   0.846 CG:3    +
   81    88  0   4.2%   1.211 GC:3    +
   14    45  0   4.2%   0.869 AU:3    +
   80    89  0   4.2%   1.493 GC:3    +
   55    66  0   4.0%   1.100 AU:3    +
   20    67  0   3.9%   1.126 GC:3    +
   21    66  0   3.9%   0.966 AU:3    +
   22    65  0   3.9%   0.942 UA:3    +
   15    44  0   3.9%   0.973 UG:3    +
   23    64  0   3.8%   0.960 CG:3    +
   19    68  0   3.7%   0.579 AU:3    +
   82    87  0   3.7%   0.998 UA:3    +
   13    24  0   3.7%   0.968 CG:3    +
   12    25  0   3.7%   0.990 GU:3    +
   69    78  0   3.6%   0.516 GU:3    +
   40    45  0   3.5%   0.641 AU:3    +
   31    56  0   3.3%   0.500 AU:3    +
   32    55  0   3.3%   0.511 UA:3    +
   11    26  0   3.2%   1.157 UA:3    +
   33    54  0   3.2%   0.490 UA:3    +
   67    84  0   3.2%   0.917 CG:3    +
   68    83  0   3.2%   1.028 UA:3    +
   30    57  0   3.1%   0.641 UA:3    +
   66    85  0   3.0%   1.341 UA:3    +
   13    20  0   3.0%   0.452 CG:3    +
   69    82  0   2.9%   0.902 GU:3    +
   11    48  0   2.8%   0.888 UA:3    +
   71    80  0   2.7%   1.065 CG:3    +
   16    26  0   2.6%   1.289 UA:3    +
   15    27  0   2.6%   0.831 UA:3    +
    3    52  0   2.5%   0.487 UA:3    +
    4    51  0   2.5%   0.514 UA:3    +
    2    53  0   2.5%   0.489 CG:3    +
    5    50  0   2.5%   0.495 CG:3    +
   17    25  0   2.5%   0.738 AU:3    +
    8    58  0   2.3%   0.412 AU:3    +
    7    59  0   2.3%   0.762 UA:3    +
    9    57  0   2.3%   0.732 UA:3    +
    6    60  0   2.3%   0.817 GC:3    +
   10    56  0   2.3%   0.633 AU:3    +
   55    68  0   2.0%   1.072 AU:3    +
   21    42  0   2.0%   0.793 AU:3    +
   64    88  0   1.9%   0.995 GC:3    +
   63    89  0   1.9%   1.179 GC:3    +
   20    43  0   1.9%   0.976 GU:3    +
   58    63  0   1.8%   0.685 UG:3    +
   67    80  0   1.8%   0.943 CG:3    +
   22    41  0   1.8%   0.727 UA:3    +
   66    81  0   1.7%   1.280 UG:3    +
   65    82  0   1.6%   0.985 AU:3    +
   13    76  0   1.5%   0.833 CG:3    +
   12    77  0   1.5%   1.007 GC:3    +
   14    75  0   1.4%   0.731 AU:3    +
   56    69  0   1.4%   1.059 UG:3    +
   60    69  0   1.3%   0.415 CG:3    +
   55    62  0   1.3%   0.390 AU:3    +
   57    68  0   1.2%   1.276 AU:3    +
    2    63  0   1.2%   0.459 CG:3    +
    6    13  0   1.2%   0.164 GC:3    +
    1    64  0   1.2%   0.196 CG:3    +
    8    22  0   1.2%   0.183 AU:3    +
   11    55  0   1.1%   0.820 UA:3    +
   56    61  0   1.1%   0.398 UA:3    +
   61    68  0   1.1%   0.835 AU:3    +
   15    92  0   1.1%   0.837 UA:3    +
    7    12  0   1.1%   0.156 UG:3    +
   14    93  0   1.1%   0.754 AU:3    +
   16    91  0   1.1%   0.774 UA:3    +
    9    21  0   1.1%   0.225 UA:3    +
    7    48  0   1.0%   0.588 UA:3    +
   17    90  0   1.0%   0.363 AU:3    +
   13    94  0   1.0%   0.840 CG:3    +
   23    34  0   1.0%   0.610 CG:3    +
    5    53  0   0.9%   0.522 CG:3    +
   60    64  0   0.9%   0.660 CG:3    +
   22    35  0   0.9%   0.570 UG:3    +
    4    54  0   0.9%   0.454 UA:3    +
   24    33  0   0.9%   0.743 GU:3    +
   20    36  0   0.9%   0.745 GC:3    +
   11    19  0   0.9%   0.214 UA:3    +
   39    84  0   0.9%   0.438 UG:3    +
   19    37  0   0.8%   0.290 AU:3    +
   20    29  0   0.8%   1.119 GC:3    +
   43    81  0   0.8%   0.807 UG:3    +
   11    18  0   0.8%   0.159 UA:3    +
   19    30  0   0.8%   0.246 AU:3    +
   58    64  0   0.8%   0.679 UG:3    +
    5    20  0   0.7%   0.150 CG:3    +
   21    39  0   0.7%   0.625 AU:3    +
    3    55  0   0.7%   0.404 UA:3    +
    2    20  0   0.7%   0.106 CG:3    +
   22    38  0   0.7%   0.575 UG:3    +
    3    19  0   0.7%   0.107 UA:3    +
    4    21  0   0.7%   0.136 UA:3    +
   63    88  0   0.6%   0.811 GC:3    +
   16    40  0   0.6%   0.676 UA:3    +
   12    95  0   0.6%   0.968 GU:3    +
    4    18  0   0.6%   0.094 UA:3    +
   17    39  0   0.6%   0.280 AU:3    +
   15    41  0   0.6%   0.594 UA:3    +
    8    45  0   0.5%   0.207 AU:3    +
    9    44  0   0.5%   0.515 UG:3    +
    7    46  0   0.5%   0.495 UG:3    +
    6    47  0   0.5%   0.612 GC:3    +
    5    84  0   0.5%   0.433 CG:3    +
   74    80  0   0.5%   0.669 CG:3    +
   73    81  0   0.5%   0.564 CG:3    +
    4    61  0   0.5%   0.447 UA:3    +
   16    21  0   0.5%   0.912 UA:3    +
   13    38  0   0.5%   0.509 CG:3    +
   12    39  0   0.5%   0.689 GU:3    +
   76    82  0   0.5%   0.832 GU:3    +
   75    83  0   0.5%   0.430 UA:3    +
   77    81  0   0.5%   0.776 CG:3    +
   10    43  0   0.5%   0.416 AU:3    +
   24    60  0   0.5%   0.834 GC:3    +
   25    59  0   0.5%   0.722 UA:3    +
   69    89  0   0.5%   1.002 GC:3    +
   70    88  0   0.5%   0.600 GC:3    +
   74    84  0   0.5%   0.427 CG:3    +
   17    43  0   0.4%   0.316 AU:3    +
    4    85  0   0.4%   0.472 UA:3    +
   26    58  0   0.4%   0.858 AU:3    +
   18    42  0   0.4%   0.194 AU:3    +
   14    37  0   0.4%   0.421 AU:3    +
   10    16  0   0.4%   0.096 AU:3    +
   64    89  0   0.4%   1.159 GC:3    +
   13    44  0   0.4%   0.559 CG:3    +
   63    90  0   0.4%   0.911 GU:3    +
   10    30  0   0.4%   0.384 AU:3    +
   11    40  0   0.4%   0.567 UA:3    +
   84    89  0   0.4%   1.024 GC:3    +
   10    79  0   0.4%   0.528 AU:3    +
    9    17  0   0.4%   0.090 UA:3    +
   12    45  0   0.4%   0.743 GU:3    +
   83    90  0   0.4%   0.573 AU:3    +
   14    42  0   0.4%   0.436 AU:3    +
    9    31  0   0.4%   0.494 UA:3    +
   59    66  0   0.4%   0.934 AU:3    +
    9    80  0   0.4%   0.627 UG:3    +
   29    94  0   0.3%   0.762 CG:3    +
   72    83  0   0.3%   0.557 UA:3    +
   62    91  0   0.3%   0.634 UA:3    +
   15    20  0   0.3%   0.279 UG:3    +
   71    84  0   0.3%   0.748 CG:3    +
    4    31  0   0.3%   0.269 UA:3    +
   64    73  0   0.3%   0.606 GC:3    +
   63    74  0   0.3%   0.580 GC:3    +
    8    16  0   0.3%   0.067 AU:3    +
   17    33  0   0.3%   0.204 AU:3    +
   16    34  0   0.3%   0.609 UG:3    +
    7    17  0   0.3%   0.111 UA:3    +
   18    32  0   0.3%   0.154 AU:3    +
   79    91  0   0.3%   0.744 UA:3    +
   15    35  0   0.3%   0.562 UG:3    +
   19    42  0   0.3%   0.282 AU:3    +
    8    32  0   0.3%   0.152 AU:3    +
   65    72  0   0.3%   0.868 AU:3    +
   44    78  0   0.3%   0.277 GU:3    +
   82    91  0   0.3%   0.945 UA:3    +
   15    19  0   0.3%   0.145 UA:3    +
   14    43  0   0.3%   0.472 AU:3    +
   16    44  0   0.2%   0.817 UG:3    +
   32    91  0   0.2%   0.304 UA:3    +
    2    34  0   0.2%   0.226 CG:3    +
   18    43  0   0.2%   0.237 AU:3    +
   23    38  0   0.2%   0.589 CG:3    +
    1    35  0   0.2%   0.058 CG:3    +
   24    39  0   0.2%   0.777 GU:3    +
   28    95  0   0.2%   0.867 GU:3    +
   23    44  0   0.2%   0.743 CG:3    +
   13    53  0   0.2%   0.787 CG:3    +
   61    93  0   0.2%   0.511 AU:3    +
   23    28  0   0.2%   1.057 CG:3    +
   25    40  0   0.2%   0.638 UA:3    +
   78    92  0   0.2%   0.473 UA:3    +
   59    68  0   0.2%   0.759 AU:3    +
   63    86  0   0.2%   0.610 GC:3    +
   24    43  0   0.2%   0.871 GU:3    +
   40    82  0   0.2%   0.254 AU:3    +
   26    39  0   0.2%   0.828 AU:3    +
   11    21  0   0.2%   0.222 UA:3    +
   54    68  0   0.2%   0.968 AU:3    +
    8    25  0   0.2%   0.113 AU:3    +
   15    26  0   0.2%   0.970 UA:3    +
   60    94  0   0.2%   0.586 CG:3    +
   58    69  0   0.2%   0.516 UG:3    +
   53    68  0   0.2%   0.928 GU:3    +
   69    86  0   0.2%   0.539 GC:3    +
    9    24  0   0.2%   0.281 UG:3    +
   10    22  0   0.2%   0.113 AU:3    +
   60    76  0   0.2%   0.433 CG:3    +
    2    64  0   0.2%   0.439 CG:3    +
   61    75  0   0.2%   0.338 AU:3    +
   16    50  0   0.2%   0.743 UG:3    +
   15    51  0   0.2%   0.792 UA:3    +
   62    87  0   0.2%   0.468 UA:3    +
   20    47  0   0.2%   0.928 GC:3    +
   12    71  0   0.2%   0.828 GC:3    +
   26    33  0   0.2%   0.770 AU:3    +
   62    92  0   0.2%   0.629 UA:3    +
    3    63  0   0.2%   0.419 UG:3    +
   27    32  0   0.2%   0.337 AU:3    +
   13    70  0   0.2%   0.654 CG:3    +
   25    61  0   0.2%   0.643 UA:3    +
    7    26  0   0.2%   0.255 UA:3    +
   24    62  0   0.2%   0.729 GU:3    +
   42    80  0   0.1%   0.217 UG:3    +
   63    71  0   0.1%   0.690 GC:3    +
   39    83  0   0.1%   0.321 UA:3    +
    6    77  0   0.1%   0.673 GC:3    +
    7    76  0   0.1%   0.617 UG:3    +
   28    60  0   0.1%   0.925 GC:3    +
   15    52  0   0.1%   0.796 UA:3    +
    7    49  0   0.1%   0.527 UG:3    +
   21    43  0   0.1%   0.764 AU:3    +
   25    38  0   0.1%   0.636 UG:3    +
   16    51  0   0.1%   0.750 UA:3    +
   33    53  0   0.1%   0.286 UG:3    +
   26    62  0   0.1%   0.758 AU:3    +
   68    87  0   0.1%   0.935 UA:3    +
   10    45  0   0.1%   0.421 AU:3    +
    1    24  0   0.1%   0.031 CG:3    +
    2    49  0   0.1%   0.224 CG:3    +
   11    20  0   0.1%   0.191 UG:3    +
    1    50  0   0.1%   0.056 CG:3    +
    8    75  0   0.1%   0.262 AU:3    +
   25    63  0   0.1%   0.692 UG:3    +
   11    44  0   0.1%   0.577 UG:3    +
    9    46  0   0.1%   0.510 UG:3    +
   64    71  0   0.1%   0.726 GC:3    +
   64    86  0   0.1%   0.636 GC:3    +
   25    34  0   0.1%   0.625 UG:3    +
    8    82  0   0.1%   0.271 AU:3    +
   42    83  0   0.1%   0.444 UA:3    +
   15    24  0   0.1%   0.965 UG:3    +
    7    14  0   0.1%   0.075 UA:3    +
  100   104  0   0.1%   0.025 AU:3    +
   24    36  0   0.1%   0.701 GC:3    +
    6    15  0   0.1%   0.083 GU:3    +
    7    83  0   0.1%   0.625 UA:3    +
    8    30  0   0.1%   0.113 AU:3    +
   80    86  0   0.1%   0.685 GC:3    +
   14    25  0   0.1%   0.766 AU:3    +
    3    48  0   0.1%   0.218 UA:3    +
    7    31  0   0.1%   0.440 UA:3    +
   32    54  0   0.1%   0.146 UA:3    +
    9    81  0   0.1%   0.609 UG:3    +
   30    91  0   0.1%   0.412 UA:3    +
   99   105  0   0.1%   0.022 AU:3    +
   80    90  0   0.1%   0.963 GU:3    +
   12    43  0   0.1%   0.681 GU:3    +
    7    21  0   0.1%   0.133 UA:3    +
   81    89  0   0.1%   1.291 GC:3    +
   78    91  0   0.1%   0.449 UA:3    +
   19    45  0   0.1%   0.418 AU:3    +
   33    52  0   0.1%   0.226 UA:3    +
   23    63  0   0.1%   0.596 CG:3    +
   31    90  0   0.1%   0.253 AU:3    +
    6    86  0   0.1%   0.674 GC:3    +
   25    35  0   0.1%   0.628 UG:3    +
   59    95  0   0.1%   0.221 AU:3    +
   11    17  0   0.1%   0.064 UA:3    +
    6    32  0   0.1%   0.533 GU:3    +
   63    67  0   0.1%   0.851 GC:3    +
    5    12  0   0.1%   0.022 CG:3    +
    6    16  0   0.1%   0.086 GU:3    +
   25    31  0   0.1%   0.587 UA:3    +
    8    15  0   0.1%   0.028 AU:3    +
   79    87  0   0.1%   0.572 UA:3    +
   21    45  0   0.1%   0.799 AU:3    +
    5    28  0   0.1%   0.353 CG:3    +
    9    14  0   0.1%   0.027 UA:3    +
   66    92  0   0.1%   1.256 UA:3    +
    7    85  0   0.1%   0.647 UA:3    +
   26    37  0   0.1%   0.768 AU:3    +
   65    93  0   0.1%   0.928 AU:3    +
    9    28  0   0.1%   0.859 UG:3    +
    9    27  0   0.1%   0.556 UA:3    +
    9    19  0   0.1%   0.082 UA:3    +
   22    44  0   0.1%   0.768 UG:3    +
   37    85  0   0.1%   0.429 UA:3    +
   12    16  0   0.1%   0.121 GU:3    +
   24    29  0   0.1%   1.063 GC:3    +
   26    30  0   0.1%   0.750 AU:3    +
   33    51  0   0.1%   0.223 UA:3    +
   32    52  0   0.1%   0.194 UA:3    +
   28    58  0   0.1%   0.911 GU:3    +
   11    46  0   0.1%   0.581 UG:3    +
   67    81  0   0.1%   0.877 CG:3    +
    2    80  0   0.1%   0.380 CG:3    +
   45    80  0   0.1%   0.638 UG:3    +
    3    31  0   0.1%   0.204 UA:3    +
   24    32  0   0.1%   0.645 GU:3    +
    1    81  0   0.1%   0.107 CG:3    +
   17    72  0   0.1%   0.233 AU:3    +
   61    90  0   0.1%   0.436 AU:3    +
   10    82  0   0.1%   0.505 AU:3    +
   32    53  0   0.1%   0.244 UG:3    +
   24    42  0   0.1%   0.813 GU:3    +
   59    90  0   0.1%   0.431 AU:3    +
   11    81  0   0.1%   0.714 UG:3    +
    9    38  0   0.1%   0.436 UG:3    +
    8    39  0   0.1%   0.127 AU:3    +
   25    41  0   0.1%   0.669 UA:3    +
   12    36  0   0.1%   0.620 GC:3    +
    7    27  0   0.1%   0.253 UA:3    +
   24    37  0   0.1%   0.719 GU:3    +
   13    35  0   0.1%   0.455 CG:3    +
    9    83  0   0.1%   0.610 UA:3    +
   60    70  0   0.1%   0.257 CG:3    +
    2    84  0   0.1%   0.384 CG:3    +
   10    37  0   0.1%   0.347 AU:3    +
   58    91  0   0.1%   0.706 UA:3    +
    9    49  0   0.1%   0.500 UG:3    +
   19    43  0   0.1%   0.299 AU:3    +
   29    53  0   0.1%   0.813 CG:3    +
   12    82  0   0.1%   0.896 GU:3    +
    7    40  0   0.1%   0.417 UA:3    +
   13    81  0   0.1%   0.730 CG:3    +
   17    22  0   0.1%   0.448 AU:3    +
   43    83  0   0.1%   0.532 UA:3    +
    3    83  0   0.1%   0.361 UA:3    +
   11    31  0   0.0%   0.557 UA:3    +
   68    80  0   0.0%   1.027 UG:3    +
   30    52  0   0.0%   0.339 UA:3    +
   70    86  0   0.0%   0.328 GC:3    +
   63    72  0   0.0%   0.755 GU:3    +
    9    20  0   0.0%   0.119 UG:3    +
   11    83  0   0.0%   0.716 UA:3    +
   66    83  0   0.0%   0.905 UA:3    +
   29    34  0   0.0%   0.580 CG:3    +
    2    24  0   0.0%   0.057 CG:3    +
   71    81  0   0.0%   0.871 CG:3    +
    6    88  0   0.0%   0.672 GC:3    +
   20    42  0   0.0%   0.731 GU:3    +
    3    26  0   0.0%   0.052 UA:3    +
    5    49  0   0.0%   0.223 CG:3    +
    7    51  0   0.0%   0.599 UA:3    +
   10    32  0   0.0%   0.364 AU:3    +
    7    87  0   0.0%   0.622 UA:3    +
   18    33  0   0.0%   0.127 AU:3    +
    6    11  0   0.0%   0.014 GU:3    +
   19    32  0   0.0%   0.191 AU:3    +
    1     6  0   0.0%   0.009 CG:3    +
   17    42  0   0.0%   0.223 AU:3    +
   21    32  0   0.0%   0.510 AU:3    +
   42    84  0   0.0%   0.482 UG:3    +
   44    82  0   0.0%   0.877 GU:3    +
   33    40  0   0.0%   0.167 UA:3    +
    5    63  0   0.0%   0.412 CG:3    +
   32    41  0   0.0%   0.184 UA:3    +
    4    17  0   0.0%   0.011 UA:3    +
   22    31  0   0.0%   0.462 UA:3    +
    5    34  0   0.0%   0.221 CG:3    +
    6    33  0   0.0%   0.529 GU:3    +
   34    39  0   0.0%   0.374 GU:3    +
   52    66  0   0.0%   0.261 AU:3    +
   72    80  0   0.0%   0.817 UG:3    +
   20    33  0   0.0%   0.644 GU:3    +
    4    64  0   0.0%   0.466 UG:3    +
    6    36  0   0.0%   0.532 GC:3    +
   38    60  0   0.0%   0.360 GC:3    +
   39    59  0   0.0%   0.389 UA:3    +
   21    30  0   0.0%   0.530 AU:3    +
   42    55  0   0.0%   0.361 UA:3    +
   43    54  0   0.0%   0.359 UA:3    +
   56    70  0   0.0%   0.956 UG:3    +
    9    18  0   0.0%   0.068 UA:3    +
    7    35  0   0.0%   0.427 UG:3    +
   45    52  0   0.0%   0.458 UA:3    +
   40    58  0   0.0%   0.325 AU:3    +
   41    56  0   0.0%   0.324 AU:3    +
    4    50  0   0.0%   0.249 UG:3    +
   53    60  0   0.0%   0.301 GC:3    +
    3    18  0   0.0%   0.012 UA:3    +
    1    28  0   0.0%   0.021 CG:3    +
    4    48  0   0.0%   0.242 UA:3    +
    3    49  0   0.0%   0.219 UG:3    +
    2    50  0   0.0%   0.223 CG:3    +
   69    79  0   0.0%   0.654 GU:3    +
   31    42  0   0.0%   0.224 AU:3    +
    7    19  0   0.0%   0.116 UA:3    +
   25    57  0   0.0%   0.652 UA:3    +
   57    93  0   0.0%   0.962 AU:3    +
   26    56  0   0.0%   0.789 AU:3    +
   37    83  0   0.0%   0.407 UA:3    +
   24    58  0   0.0%   0.766 GU:3    +
   36    84  0   0.0%   0.406 CG:3    +
   58    92  0   0.0%   0.710 UA:3    +
   58    70  0   0.0%   0.450 UG:3    +
   29    44  0   0.0%   0.875 CG:3    +
   15    69  0   0.0%   0.690 UG:3    +
   22    40  0   0.0%   0.541 UA:3    +
   18    25  0   0.0%   0.586 AU:3    +
   28    45  0   0.0%   0.992 GU:3    +
    2    12  0   0.0%   0.008 CG:3    +
   14    33  0   0.0%   0.357 AU:3    +
  100   106  0   0.0%   0.356 AU:3    +
    3    65  0   0.0%   0.353 UA:3    +
   22    64  0   0.0%   0.630 UG:3    +
   13    34  0   0.0%   0.447 CG:3    +
   70    82  0   0.0%   0.603 GU:3    +
   61    66  0   0.0%   0.872 AU:3    +
    3    51  0   0.0%   0.212 UA:3    +
    9    50  0   0.0%   0.581 UG:3    +
   29    38  0   0.0%   0.740 CG:3    +
   52    58  0   0.0%   0.253 AU:3    +
   31    58  0   0.0%   0.308 AU:3    +
   28    39  0   0.0%   0.902 GU:3    +
   19    25  0   0.0%   0.611 AU:3    +
   30    59  0   0.0%   0.455 UA:3    +
    5    80  0   0.0%   0.356 CG:3    +
   72    85  0   0.0%   0.642 UA:3    +
    6    93  0   0.0%   0.671 GU:3    +
   28    56  0   0.0%   0.874 GU:3    +
    7    92  0   0.0%   0.622 UA:3    +
    3    10  0   0.0%   0.007 UA:3    +
    7    52  0   0.0%   0.596 UA:3    +
   22    27  0   0.0%   0.649 UA:3    +
   21    37  0   0.0%   0.531 AU:3    +
   36    44  0   0.0%   0.451 CG:3    +
   15    49  0   0.0%   0.694 UG:3    +
   30    92  0   0.0%   0.406 UA:3    +
   62    85  0   0.0%   0.471 UA:3    +
    4    35  0   0.0%   0.245 UG:3    +
   32    57  0   0.0%   0.402 UA:3    +
   35    45  0   0.0%   0.473 GU:3    +
   16    48  0   0.0%   0.762 UA:3    +
    5    81  0   0.0%   0.358 CG:3    +
    2     6  0   0.0%   0.008 CG:3    +
    7    18  0   0.0%   0.110 UA:3    +
    3     8  0   0.0%   0.004 UA:3    +
    4    81  0   0.0%   0.408 UG:3    +
   38    82  0   0.0%   0.257 GU:3    +
   36    50  0   0.0%   0.489 CG:3    +
    6    22  0   0.0%   0.078 GU:3    +
   45    81  0   0.0%   0.630 UG:3    +
   59    93  0   0.0%   0.475 AU:3    +
   18    45  0   0.0%   0.333 AU:3    +
   57    79  0   0.0%   1.034 AU:3    +
   27    58  0   0.0%   0.541 AU:3    +
   16    41  0   0.0%   0.620 UA:3    +
   10    15  0   0.0%   0.020 AU:3    +
   57    72  0   0.0%   0.958 AU:3    +
    4    14  0   0.0%   0.005 UA:3    +
   70    89  0   0.0%   0.773 GC:3    +
   19    39  0   0.0%   0.246 AU:3    +
   69    90  0   0.0%   0.698 GU:3    +
   86    94  0   0.0%   0.493 CG:3    +
   62    69  0   0.0%   0.430 UG:3    +
    8    43  0   0.0%   0.123 AU:3    +
   27    33  0   0.0%   0.349 AU:3    +
   33    92  0   0.0%   0.675 UA:3    +
   18    22  0   0.0%   0.469 AU:3    +
   30    54  0   0.0%   0.275 UA:3    +
    4    27  0   0.0%   0.353 UA:3    +
   22    28  0   0.0%   0.993 UG:3    +
    7    44  0   0.0%   0.414 UG:3    +
   87    93  0   0.0%   0.627 AU:3    +
   57    90  0   0.0%   0.910 AU:3    +
    8    33  0   0.0%   0.120 AU:3    +
   68    91  0   0.0%   1.058 UA:3    +
    6   111  0   0.0%   0.671 GC:3    +
    4    20  0   0.0%   0.073 UG:3    +
   13    80  0   0.0%   0.729 CG:3    +
    3    21  0   0.0%   0.044 UA:3    +
   16    24  0   0.0%   1.014 UG:3    +
   56    91  0   0.0%   1.203 UA:3    +
   20    45  0   0.0%   0.938 GU:3    +
   37    61  0   0.0%   0.419 UA:3    +
   52    62  0   0.0%   0.149 AU:3    +
   85    95  0   0.0%   0.333 AU:3    +
    6    62  0   0.0%   0.646 GU:3    +
   23    50  0   0.0%   0.632 CG:3    +
   16    69  0   0.0%   0.629 UG:3    +
   73    84  0   0.0%   0.355 CG:3    +
   23    35  0   0.0%   0.569 CG:3    +
   78    83  0   0.0%   0.348 UA:3    +
   62    70  0   0.0%   0.320 UG:3    +
   16    31  0   0.0%   0.592 UA:3    +
   77    84  0   0.0%   0.569 CG:3    +
   16    35  0   0.0%   0.595 UG:3    +
    1    20  0   0.0%   0.006 CG:3    +
    5    94  0   0.0%   0.378 CG:3    +
    5    46  0   0.0%   0.204 CG:3    +
   10    78  0   0.0%   0.464 AU:3    +
    6    79  0   0.0%   0.657 GU:3    +
   22    51  0   0.0%   0.677 UA:3    +
   23    84  0   0.0%   0.678 CG:3    +
   14    79  0   0.0%   0.628 AU:3    +
   69    88  0   0.0%   0.735 GC:3    +
   12    22  0   0.0%   0.131 GU:3    +
    6    45  0   0.0%   0.530 GU:3    +
   55    93  0   0.0%   0.779 AU:3    +
   42    92  0   0.0%   0.667 UA:3    +
   22    85  0   0.0%   0.720 UA:3    +
   43    91  0   0.0%   0.748 UA:3    +
   20    37  0   0.0%   0.724 GU:3    +
   56    92  0   0.0%   1.209 UA:3    +
   63    68  0   0.0%   1.064 GU:3    +
   11    41  0   0.0%   0.523 UA:3    +
    7   110  0   0.0%   0.621 UA:3    +
   11    27  0   0.0%   0.650 UA:3    +
   17    30  0   0.0%   0.177 AU:3    +
    3    28  0   0.0%   0.336 UG:3    +
    7    61  0   0.0%   0.617 UA:3    +
   34    86  0   0.0%   0.255 GC:3    +
    2    81  0   0.0%   0.378 CG:3    +
   41    93  0   0.0%   0.659 AU:3    +
   10    42  0   0.0%   0.343 AU:3    +
    3    61  0   0.0%   0.338 UA:3    +
   25    48  0   0.0%   0.717 UA:3    +
    3    80  0   0.0%   0.356 UG:3    +
   84    96  0   0.0%   0.262 GC:3    +
    2    35  0   0.0%   0.213 CG:3    +
    3    34  0   0.0%   0.213 UG:3    +
    6    30  0   0.0%   0.516 GU:3    +
    1    34  0   0.0%   0.018 CG:3    +
   20    89  0   0.0%   0.876 GC:3    +
    1    53  0   0.0%   0.042 CG:3    +
   17    79  0   0.0%   0.250 AU:3    +
   44    90  0   0.0%   0.874 GU:3    +
   64    68  0   0.0%   1.095 GU:3    +
   16    80  0   0.0%   0.656 UG:3    +
   30    55  0   0.0%   0.317 UA:3    +
   17    32  0   0.0%   0.172 AU:3    +
    8    90  0   0.0%   0.256 AU:3    +
   32    51  0   0.0%   0.191 UA:3    +
   76    86  0   0.0%   0.503 GC:3    +
   31    39  0   0.0%   0.192 AU:3    +
   33    87  0   0.0%   0.227 UA:3    +
   81    93  0   0.0%   0.900 GU:3    +
   32    38  0   0.0%   0.158 UG:3    +
    7    91  0   0.0%   0.618 UA:3    +
   56    94  0   0.0%   1.251 UG:3    +
   54    62  0   0.0%   0.189 AU:3    +
   15    81  0   0.0%   0.712 UG:3    +
   20    39  0   0.0%   0.718 GU:3    +
   30    40  0   0.0%   0.299 UA:3    +
   33    50  0   0.0%   0.211 UG:3    +
   19    90  0   0.0%   0.382 AU:3    +
   28    32  0   0.0%   0.675 GU:3    +
   46    78  0   0.0%   0.435 GU:3    +
   14    82  0   0.0%   0.622 AU:3    +
   80    93  0   0.0%   0.987 GU:3    +
   10    93  0   0.0%   0.493 AU:3    +
   11    92  0   0.0%   0.699 UA:3    +
   75    87  0   0.0%   0.362 UA:3    +
   73    80  0   0.0%   0.590 CG:3    +
    8    93  0   0.0%   0.259 AU:3    +
    3    12  0   0.0%   0.008 UG:3    +
    3    14  0   0.0%   0.006 UA:3    +
   18    68  0   0.0%   0.139 AU:3    +
   15    70  0   0.0%   0.697 UG:3    +
   16    27  0   0.0%   0.784 UA:3    +
    9    92  0   0.0%   0.595 UA:3    +
   72    87  0   0.0%   0.521 UA:3    +
    5    64  0   0.0%   0.411 CG:3    +
   38    88  0   0.0%   0.604 GC:3    +
   80    98  0   0.0%   0.653 GC:3    +
   74    81  0   0.0%   0.539 CG:3    +
   81    97  0   0.0%   0.565 GC:3    +
    3    92  0   0.0%   0.357 UA:3    +
    8    79  0   0.0%   0.248 AU:3    +
   12    86  0   0.0%   0.883 GC:3    +
    7    20  0   0.0%   0.152 UG:3    +
   12    30  0   0.0%   0.636 GU:3    +
    4    91  0   0.0%   0.426 UA:3    +
   27    56  0   0.0%   0.513 AU:3    +
   36    46  0   0.0%   0.404 CG:3    +
   39    87  0   0.0%   0.589 UA:3    +
   20    30  0   0.0%   0.679 GU:3    +
   59    82  0   0.0%   0.420 AU:3    +
   79    99  0   0.0%   0.420 UA:3    +
    9    91  0   0.0%   0.594 UA:3    +
   60    81  0   0.0%   0.533 CG:3    +
   10    90  0   0.0%   0.490 AU:3    +
    5    44  0   0.0%   0.202 CG:3    +
   29    70  0   0.0%   0.667 CG:3    +
   28    71  0   0.0%   0.807 GC:3    +
   35    47  0   0.0%   0.434 GC:3    +
   75    80  0   0.0%   0.679 UG:3    +
   56    80  0   0.0%   1.235 UG:3    +
   30    69  0   0.0%   0.344 UG:3    +
   18    39  0   0.0%   0.158 AU:3    +
   28    77  0   0.0%   0.870 GC:3    +
   30    83  0   0.0%   0.361 UA:3    +
   29    76  0   0.0%   0.730 CG:3    +
   27    78  0   0.0%   0.429 AU:3    +
   31    82  0   0.0%   0.205 AU:3    +
   18    78  0   0.0%   0.140 AU:3    +
   58    83  0   0.0%   0.477 UA:3    +
   44    86  0   0.0%   0.733 GC:3    +
   24    86  0   0.0%   0.717 GC:3    +
   29    84  0   0.0%   0.690 CG:3    +
   20    25  0   0.0%   1.077 GU:3    +
   32    81  0   0.0%   0.229 UG:3    +
   15    50  0   0.0%   0.772 UG:3    +
   45    85  0   0.0%   0.509 UA:3    +
   27    72  0   0.0%   0.431 AU:3    +
   25    85  0   0.0%   0.636 UA:3    +
   16    49  0   0.0%   0.634 UG:3    +
   41    78  0   0.0%   0.119 AU:3    +
   80    88  0   0.0%   0.897 GC:3    +
   11    87  0   0.0%   0.698 UA:3    +
    4    65  0   0.0%   0.401 UA:3    +
   40    79  0   0.0%   0.225 AU:3    +
   26    32  0   0.0%   0.722 AU:3    +
   16    70  0   0.0%   0.636 UG:3    +
   23    80  0   0.0%   0.674 CG:3    +
    6    43  0   0.0%   0.528 GU:3    +
   13    84  0   0.0%   0.735 CG:3    +
   15    38  0   0.0%   0.538 UG:3    +
   10    58  0   0.0%   0.549 AU:3    +
   26    79  0   0.0%   0.757 AU:3    +
    7    80  0   0.0%   0.607 UG:3    +
    2    44  0   0.0%   0.199 CG:3    +
   27    62  0   0.0%   0.445 AU:3    +
    9    59  0   0.0%   0.647 UA:3    +
   22    81  0   0.0%   0.712 UG:3    +
   55    95  0   0.0%   0.511 AU:3    +
   33    55  0   0.0%   0.419 UA:3    +
    3    87  0   0.0%   0.355 UA:3    +
   82    92  0   0.0%   0.904 UA:3    +
   14    39  0   0.0%   0.403 AU:3    +
   39    81  0   0.0%   0.297 UG:3    +
   21    82  0   0.0%   0.731 AU:3    +
   15    34  0   0.0%   0.511 UG:3    +
   33    80  0   0.0%   0.252 UG:3    +
    9    85  0   0.0%   0.621 UA:3    +
   58    94  0   0.0%   0.747 UG:3    +
   43    87  0   0.0%   0.623 UA:3    +
   37    49  0   0.0%   0.548 UG:3    +
    7    34  0   0.0%   0.422 UG:3    +
   66    87  0   0.0%   1.108 UA:3    +
    5    35  0   0.0%   0.217 CG:3    +
    7    57  0   0.0%   0.501 UA:3    +
    8    56  0   0.0%   0.150 AU:3    +
   49    89  0   0.0%   0.724 GC:3    +
   50    88  0   0.0%   0.473 GC:3    +
    9    48  0   0.0%   0.522 UA:3    +
   34    88  0   0.0%   0.250 GC:3    +
   10    39  0   0.0%   0.345 AU:3    +
   27    93  0   0.0%   0.480 AU:3    +
   50    71  0   0.0%   0.136 GC:3    +
   31    68  0   0.0%   0.309 AU:3    +
    6    58  0   0.0%   0.557 GU:3    +
   44    60  0   0.0%   0.350 GC:3    +
   45    59  0   0.0%   0.451 UA:3    +
   79    92  0   0.0%   0.717 UA:3    +
   51    68  0   0.0%   0.251 AU:3    +
   22    34  0   0.0%   0.440 UG:3    +
   17    68  0   0.0%   0.220 AU:3    +
   43    84  0   0.0%   0.565 UG:3    +
   54    58  0   0.0%   0.293 AU:3    +
   35    86  0   0.0%   0.270 GC:3    +
    1   109  0   0.0%   0.099 CG:3    +
    2    69  0   0.0%   0.366 CG:3    +
   11    38  0   0.0%   0.504 UG:3    +
    2   108  0   0.0%   0.377 CG:3    +
   81    86  0   0.0%   0.591 GC:3    +
   41    45  0   0.0%   0.442 AU:3    +
    9    41  0   0.0%   0.428 UA:3    +
    9    40  0   0.0%   0.432 UA:3    +
    3    91  0   0.0%   0.356 UA:3    +
    1    70  0   0.0%   0.093 CG:3    +
    4    10  0   0.0%   0.003 UA:3    +
   46    58  0   0.0%   0.442 GU:3    +
    3    17  0   0.0%   0.006 UA:3    +
    3    85  0   0.0%   0.355 UA:3    +
   13    69  0   0.0%   0.625 CG:3    +
    6    89  0   0.0%   0.666 GC:3    +
   66    70  0   0.0%   0.802 UG:3    +
   29    81  0   0.0%   0.682 CG:3    +
    1    12  0   0.0%   0.004 CG:3    +
   43    61  0   0.0%   0.232 UA:3    +
    8    42  0   0.0%   0.120 AU:3    +
   28    82  0   0.0%   0.815 GU:3    +
   34    79  0   0.0%   0.271 GU:3    +
   30    80  0   0.0%   0.371 UG:3    +
   89    94  0   0.0%   1.066 CG:3    +
    4    19  0   0.0%   0.068 UA:3    +
   24    93  0   0.0%   0.762 GU:3    +
    9    51  0   0.0%   0.570 UA:3    +
    3   107  0   0.0%   0.357 UG:3    +
   78   100  0   0.0%   0.163 UA:3    +
    2    38  0   0.0%   0.199 CG:3    +
   13    50  0   0.0%   0.719 CG:3    +
   17    45  0   0.0%   0.413 AU:3    +
   25    80  0   0.0%   0.635 UG:3    +
   57    82  0   0.0%   0.909 AU:3    +
    7    81  0   0.0%   0.608 UG:3    +
   48    90  0   0.0%   0.659 AU:3    +
   18    90  0   0.0%   0.186 AU:3    +
   38    43  0   0.0%   0.280 GU:3    +
   32    50  0   0.0%   0.191 UG:3    +
   25    92  0   0.0%   0.659 UA:3    +
   56    83  0   0.0%   0.983 UA:3    +
    2    94  0   0.0%   0.376 CG:3    +
   54    72  0   0.0%   0.823 AU:3    +
   58    81  0   0.0%   0.721 UG:3    +
   99   104  0   0.0%   0.002 AU:3    +
   11    54  0   0.0%   0.678 UA:3    +
    9    55  0   0.0%   0.506 UA:3    +
   11    57  0   0.0%   0.773 UA:3    +
   79    84  0   0.0%   0.632 UG:3    +
   65    90  0   0.0%   0.880 AU:3    +
    4    84  0   0.0%   0.405 UG:3    +
   21    25  0   0.0%   0.960 AU:3    +
    3    20  0   0.0%   0.076 UG:3    +
   25    76  0   0.0%   0.677 UG:3    +
   24    77  0   0.0%   0.781 GC:3    +
   57    95  0   0.0%   0.691 AU:3    +
   11    28  0   0.0%   0.946 UG:3    +
    4     8  0   0.0%   0.002 UA:3    +
   35    78  0   0.0%   0.263 GU:3    +
   62    84  0   0.0%   0.378 UG:3    +
   24    79  0   0.0%   0.734 GU:3    +
   31    79  0   0.0%   0.211 AU:3    +
   35    71  0   0.0%   0.271 GC:3    +
   36    70  0   0.0%   0.378 CG:3    +
   59    78  0   0.0%   0.172 AU:3    +
   33    64  0   0.0%   0.413 UG:3    +
   26    43  0   0.0%   0.883 AU:3    +
   12    74  0   0.0%   0.808 GC:3    +
   24    30  0   0.0%   0.655 GU:3    +
   18    30  0   0.0%   0.110 AU:3    +
   11    49  0   0.0%   0.662 UG:3    +
   84    88  0   0.0%   0.759 GC:3    +
    6    42  0   0.0%   0.527 GU:3    +
    4   110  0   0.0%   0.425 UA:3    +
   44   101  0   0.0%   0.610 GC:3    +
   43   102  0   0.0%   0.486 UA:3    +
   69    77  0   0.0%   0.305 GC:3    +
   32    65  0   0.0%   0.331 UA:3    +
   36    63  0   0.0%   0.446 CG:3    +
   12    73  0   0.0%   0.808 GC:3    +
   14    68  0   0.0%   0.543 AU:3    +
   42   103  0   0.0%   0.401 UA:3    +
   34    72  0   0.0%   0.250 GU:3    +
   24    47  0   0.0%   0.844 GC:3    +
   39    80  0   0.0%   0.302 UG:3    +
   24    88  0   0.0%   0.713 GC:3    +
   25    46  0   0.0%   0.734 UG:3    +
   69    74  0   0.0%   0.248 GC:3    +
   35    62  0   0.0%   0.281 GU:3    +
   41   104  0   0.0%   0.348 AU:3    +
    7    50  0   0.0%   0.601 UG:3    +
   26    75  0   0.0%   0.799 AU:3    +
   37    69  0   0.0%   0.385 UG:3    +
   20    86  0   0.0%   0.880 GC:3    +
   28    93  0   0.0%   0.850 GU:3    +
    5   109  0   0.0%   0.377 CG:3    +
   62    83  0   0.0%   0.342 UA:3    +
   44    56  0   0.0%   0.432 GU:3    +
   53    72  0   0.0%   1.027 GU:3    +
   18    72  0   0.0%   0.143 AU:3    +
   45    55  0   0.0%   0.535 UA:3    +
   19    33  0   0.0%   0.169 AU:3    +
   15    28  0   0.0%   1.082 UG:3    +
   33    48  0   0.0%   0.247 UA:3    +
   28    33  0   0.0%   0.693 GU:3    +
   52    56  0   0.0%   0.331 AU:3    +
   25    87  0   0.0%   0.609 UA:3    +
   11    91  0   0.0%   0.696 UA:3    +
   49    60  0   0.0%   0.294 GC:3    +
   26    45  0   0.0%   0.904 AU:3    +
   54    93  0   0.0%   0.818 AU:3    +
    1    63  0   0.0%   0.041 CG:3    +
   45   100  0   0.0%   0.341 UA:3    +
   22    26  0   0.0%   1.055 UA:3    +
   78    85  0   0.0%   0.421 UA:3    +
    9    94  0   0.0%   0.594 UG:3    +
    7    41  0   0.0%   0.410 UA:3    +
   34    47  0   0.0%   0.417 GC:3    +
   40   105  0   0.0%   0.210 AU:3    +
   60    80  0   0.0%   0.538 CG:3    +
   32    49  0   0.0%   0.101 UG:3    +
   28    86  0   0.0%   0.805 GC:3    +
   12    90  0   0.0%   0.877 GU:3    +
   43    57  0   0.0%   0.391 UA:3    +
   25    44  0   0.0%   0.777 UG:3    +
   55    72  0   0.0%   0.780 AU:3    +
   61    79  0   0.0%   0.544 AU:3    +
    4    28  0   0.0%   0.352 UG:3    +
    4    92  0   0.0%   0.426 UA:3    +
    1    84  0   0.0%   0.098 CG:3    +
   24   111  0   0.0%   0.711 GC:3    +
   15    31  0   0.0%   0.544 UA:3    +
   23    53  0   0.0%   0.662 CG:3    +
   55    82  0   0.0%   0.732 AU:3    +
   56    81  0   0.0%   1.228 UG:3    +
   20    88  0   0.0%   0.877 GC:3    +
   22    54  0   0.0%   0.601 UA:3    +
   76    93  0   0.0%   0.676 GU:3    +
   14    72  0   0.0%   0.543 AU:3    +
   42    85  0   0.0%   0.567 UA:3    +
   21    93  0   0.0%   0.766 AU:3    +
    8    78  0   0.0%   0.246 AU:3    +
    6    25  0   0.0%   0.224 GU:3    +
    3    44  0   0.0%   0.197 UG:3    +
   26    90  0   0.0%   0.779 AU:3    +
   45    61  0   0.0%   0.373 UA:3    +
   46    60  0   0.0%   0.442 GC:3    +
   48    56  0   0.0%   0.505 AU:3    +
    6    82  0   0.0%   0.655 GU:3    +
   20    32  0   0.0%   0.655 GU:3    +
    4    63  0   0.0%   0.458 UG:3    +
   23    94  0   0.0%   0.691 CG:3    +
   44    62  0   0.0%   0.246 GU:3    +
   15    48  0   0.0%   0.817 UA:3    +
   16    52  0   0.0%   0.727 UA:3    +
    3    54  0   0.0%   0.301 UA:3    +
   25    91  0   0.0%   0.656 UA:3    +
   72    81  0   0.0%   0.710 UG:3    +
    3    24  0   0.0%   0.055 UG:3    +
   47    53  0   0.0%   0.482 CG:3    +
   22    92  0   0.0%   0.741 UA:3    +
   10    33  0   0.0%   0.339 AU:3    +
   53    66  0   0.0%   0.302 GU:3    +
   36    81  0   0.0%   0.392 CG:3    +
   63    82  0   0.0%   0.717 GU:3    +
   25   110  0   0.0%   0.607 UA:3    +
    4    83  0   0.0%   0.404 UA:3    +
   27    42  0   0.0%   0.573 AU:3    +
   53    58  0   0.0%   0.296 GU:3    +
    5    38  0   0.0%   0.201 CG:3    +
   22    61  0   0.0%   0.586 UA:3    +
   23    49  0   0.0%   0.540 CG:3    +
   14    32  0   0.0%   0.372 AU:3    +
   12    56  0   0.0%   0.884 GU:3    +
   26    42  0   0.0%   0.845 AU:3    +
   37    80  0   0.0%   0.411 UG:3    +
   60    84  0   0.0%   0.323 CG:3    +
   31    66  0   0.0%   0.311 AU:3    +
   21    62  0   0.0%   0.587 AU:3    +
   40    90  0   0.0%   0.474 AU:3    +
    3    64  0   0.0%   0.410 UG:3    +
   35    82  0   0.0%   0.280 GU:3    +
   18    79  0   0.0%   0.163 AU:3    +
   77    94  0   0.0%   0.652 CG:3    +
   70    74  0   0.0%   0.138 GC:3    +
   64    79  0   0.0%   0.866 GU:3    +
   30    35  0   0.0%   0.481 UG:3    +
    8    95  0   0.0%   0.256 AU:3    +
   53    77  0   0.0%   0.882 GC:3    +
   52    78  0   0.0%   0.603 AU:3    +
   19    78  0   0.0%   0.335 AU:3    +
    3    84  0   0.0%   0.358 UG:3    +
   11    53  0   0.0%   0.771 UG:3    +
   89   108  0   0.0%   0.745 CG:3    +
   15    53  0   0.0%   0.833 UG:3    +
   53    73  0   0.0%   0.808 GC:3    +
   90   107  0   0.0%   0.328 UG:3    +
    4    55  0   0.0%   0.403 UA:3    +
   39    91  0   0.0%   0.712 UA:3    +
   88   109  0   0.0%   0.523 CG:3    +
   29    46  0   0.0%   0.828 CG:3    +
   28    47  0   0.0%   0.952 GC:3    +
   27    95  0   0.0%   0.457 AU:3    +
   62    81  0   0.0%   0.587 UG:3    +
   91   106  0   0.0%   0.326 AU:3    +
   22    50  0   0.0%   0.676 UG:3    +
   16    38  0   0.0%   0.584 UG:3    +
   11    80  0   0.0%   0.713 UG:3    +
   65    79  0   0.0%   0.907 AU:3    +
    7    24  0   0.0%   0.246 UG:3    +
   10    72  0   0.0%   0.461 AU:3    +
    4    87  0   0.0%   0.424 UA:3    +
   53    62  0   0.0%   0.194 GU:3    +
   18    37  0   0.0%   0.124 AU:3    +
   84    90  0   0.0%   0.586 GU:3    +
   33    49  0   0.0%   0.119 UG:3    +
   61    82  0   0.0%   0.420 AU:3    +
   11    51  0   0.0%   0.732 UA:3    +
   69    75  0   0.0%   0.310 GU:3    +
   51    58  0   0.0%   0.251 AU:3    +
   51    79  0   0.0%   0.673 AU:3    +
   15    40  0   0.0%   0.532 UA:3    +
   85    90  0   0.0%   0.606 AU:3    +
   43    63  0   0.0%   0.274 UG:3    +
   51    66  0   0.0%   0.253 AU:3    +
    4    53  0   0.0%   0.420 UG:3    +
   94   101  0   0.0%   0.323 GC:3    +
   16    46  0   0.0%   0.778 UG:3    +
   24    45  0   0.0%   0.879 GU:3    +
    1    94  0   0.0%   0.098 CG:3    +
    2   107  0   0.0%   0.376 CG:3    +
   66    91  0   0.0%   1.245 UA:3    +
    7    94  0   0.0%   0.619 UG:3    +
    1   108  0   0.0%   0.098 CG:3    +
    6    90  0   0.0%   0.666 GU:3    +
   76    90  0   0.0%   0.640 GU:3    +
   28    96  0   0.0%   0.810 GC:3    +
   92   105  0   0.0%   0.300 AU:3    +
   21    33  0   0.0%   0.487 AU:3    +
   20    77  0   0.0%   0.945 GC:3    +
   45    92  0   0.0%   0.607 UA:3    +
   75    91  0   0.0%   0.489 UA:3    +
   23    46  0   0.0%   0.687 CG:3    +
   11    52  0   0.0%   0.729 UA:3    +
   15    54  0   0.0%   0.726 UA:3    +
  102   106  0   0.0%   0.051 AU:3    +
   50    67  0   0.0%   0.251 GC:3    +
   44    93  0   0.0%   0.920 GU:3    +
   75    92  0   0.0%   0.488 UA:3    +
   93   102  0   0.0%   0.338 UA:3    +
   59    79  0   0.0%   0.543 AU:3    +
   95   100  0   0.0%   0.053 UA:3    +
   49    73  0   0.0%   0.170 GC:3    +
   16    53  0   0.0%   0.774 UG:3    +
    4    12  0   0.0%   0.004 UG:3    +
   70    78  0   0.0%   0.299 GU:3    +
   68    81  0   0.0%   1.016 UG:3    +
   50    60  0   0.0%   0.248 GC:3    +
   50    72  0   0.0%   0.130 GU:3    +
   38    68  0   0.0%   0.358 GU:3    +
   39    57  0   0.0%   0.465 UA:3    +
   41    79  0   0.0%   0.142 AU:3    +
   51    56  0   0.0%   0.333 AU:3    +
   49    72  0   0.0%   0.176 GU:3    +
   30    53  0   0.0%   0.383 UG:3    +
    3    57  0   0.0%   0.336 UA:3    +
   18    93  0   0.0%   0.191 AU:3    +
   38    58  0   0.0%   0.353 GU:3    +
   83    93  0   0.0%   0.561 AU:3    +
   35    90  0   0.0%   0.981 GU:3    +
   88    94  0   0.0%   0.843 CG:3    +
   53    86  0   0.0%   0.837 GC:3    +
   38    93  0   0.0%   0.661 GU:3    +
   73   109  0   0.0%   0.144 CG:3    +
   74   108  0   0.0%   0.167 CG:3    +
   39    92  0   0.0%   0.717 UA:3    +
   38    45  0   0.0%   0.304 GU:3    +
   53    89  0   0.0%   1.169 GC:3    +
   79    85  0   0.0%   0.673 UA:3    +
    3   110  0   0.0%   0.356 UA:3    +
   16    28  0   0.0%   1.127 UG:3    +
   37    44  0   0.0%   0.463 UG:3    +
    4    24  0   0.0%   0.081 UG:3    +
   27    90  0   0.0%   0.474 AU:3    +
   16    92  0   0.0%   0.727 UA:3    +
   47    63  0   0.0%   0.395 CG:3    +
   13    49  0   0.0%   0.638 CG:3    +
   52    90  0   0.0%   0.848 AU:3    +
   48    62  0   0.0%   0.319 AU:3    +
   65    78  0   0.0%   0.536 AU:3    +
    4    49  0   0.0%   0.241 UG:3    +
   42    64  0   0.0%   0.350 UG:3    +
   36   109  0   0.0%   0.369 CG:3    +
   64    90  0   0.0%   0.878 GU:3    +
   37   108  0   0.0%   0.520 UG:3    +
   39    44  0   0.0%   0.352 UG:3    +
   49    56  0   0.0%   0.377 GU:3    +
   62    76  0   0.0%   0.477 UG:3    +
    4    34  0   0.0%   0.242 UG:3    +
   51    62  0   0.0%   0.146 AU:3    +
   72   110  0   0.0%   0.364 UA:3    +
   37    84  0   0.0%   0.418 UG:3    +
   26    93  0   0.0%   0.783 AU:3    +
   22    87  0   0.0%   0.692 UA:3    +
   30    44  0   0.0%   0.446 UG:3    +
    9    84  0   0.0%   0.622 UG:3    +
   75   107  0   0.0%   0.203 UG:3    +
   49    68  0   0.0%   0.294 GU:3    +
   76    95  0   0.0%   0.393 GU:3    +
   35    77  0   0.0%   0.334 GC:3    +
   78    84  0   0.0%   0.379 UG:3    +
   66    80  0   0.0%   1.075 UG:3    +
   25    83  0   0.0%   0.623 UA:3    +
   76   101  0   0.0%   0.342 GC:3    +
    1    38  0   0.0%   0.031 CG:3    +
   31    43  0   0.0%   0.257 AU:3    +
    9    34  0   0.0%   0.442 UG:3    +
   17    37  0   0.0%   0.190 AU:3    +
   11    50  0   0.0%   0.742 UG:3    +
   64    82  0   0.0%   0.742 GU:3    +
   85    93  0   0.0%   0.615 AU:3    +
   12    88  0   0.0%   0.879 GC:3    +
   63    73  0   0.0%   0.527 GC:3    +
    4    40  0   0.0%   0.228 UA:3    +
   17    93  0   0.0%   0.322 AU:3    +
   24    89  0   0.0%   0.710 GC:3    +
   67    76  0   0.0%   0.610 CG:3    +
   32    94  0   0.0%   0.733 UG:3    +
   68    85  0   0.0%   1.037 UA:3    +
    6   101  0   0.0%   0.667 GC:3    +
   43    50  0   0.0%   0.312 UG:3    +
   36    76  0   0.0%   0.439 CG:3    +
    1    80  0   0.0%   0.093 CG:3    +
    7   107  0   0.0%   0.618 UG:3    +
   28   111  0   0.0%   0.812 GC:3    +
   34    78  0   0.0%   0.247 GU:3    +
   10    75  0   0.0%   0.470 AU:3    +
   12    42  0   0.0%   0.635 GU:3    +
   64    72  0   0.0%   0.776 GU:3    +
    9    52  0   0.0%   0.566 UA:3    +
   44    88  0   0.0%   0.860 GC:3    +
   27    39  0   0.0%   0.544 AU:3    +
   79    83  0   0.0%   0.599 UA:3    +
    3    41  0   0.0%   0.196 UA:3    +
   45    87  0   0.0%   0.478 UA:3    +
   39    65  0   0.0%   0.398 UA:3    +
   64    77  0   0.0%   0.644 GC:3    +
   28    89  0   0.0%   0.798 GC:3    +
   40    56  0   0.0%   0.399 AU:3    +
   54    82  0   0.0%   0.774 AU:3    +
   16    54  0   0.0%   0.666 UA:3    +
    5    69  0   0.0%   0.345 CG:3    +
   63    78  0   0.0%   0.469 GU:3    +
    7   100  0   0.0%   0.618 UA:3    +
   44    77  0   0.0%   0.299 GC:3    +
   11    85  0   0.0%   0.723 UA:3    +
   49    71  0   0.0%   0.181 GC:3    +
    6    56  0   0.0%   0.556 GU:3    +
   58    80  0   0.0%   0.727 UG:3    +
   14    30  0   0.0%   0.377 AU:3    +
   26    82  0   0.0%   0.748 AU:3    +
    7    55  0   0.0%   0.534 UA:3    +
   27    43  0   0.0%   0.611 AU:3    +
    7    54  0   0.0%   0.543 UA:3    +
   23    76  0   0.0%   0.715 CG:3    +
    8   106  0   0.0%   0.256 AU:3    +
   42    51  0   0.0%   0.278 UA:3    +
  101   107  0   0.0%   0.002 CG:3    +
    1    44  0   0.0%   0.031 CG:3    +
   24    75  0   0.0%   0.777 GU:3    +
   15    80  0   0.0%   0.715 UG:3    +
    7    53  0   0.0%   0.637 UG:3    +
   96   108  0   0.0%   0.002 CG:3    +
   63    93  0   0.0%   0.920 GU:3    +
   31    95  0   0.0%   0.493 AU:3    +
   75   102  0   0.0%   0.203 UA:3    +
   50    77  0   0.0%   0.390 GC:3    +
   45    54  0   0.0%   0.497 UA:3    +
   49    78  0   0.0%   0.286 GU:3    +
    3    50  0   0.0%   0.217 UG:3    +
   28    42  0   0.0%   0.927 GU:3    +
   14    90  0   0.0%   0.606 AU:3    +
   43    51  0   0.0%   0.314 UA:3    +
   12    89  0   0.0%   0.876 GC:3    +
   16    83  0   0.0%   0.645 UA:3    +
   12   111  0   0.0%   0.908 GC:3    +
    3    35  0   0.0%   0.211 UG:3    +
   38    66  0   0.0%   0.361 GU:3    +
   48    79  0   0.0%   0.784 AU:3    +
   22    48  0   0.0%   0.714 UA:3    +
    9    76  0   0.0%   0.568 UG:3    +
   36    53  0   0.0%   0.533 CG:3    +
   87    95  0   0.0%   0.341 AU:3    +
   48    58  0   0.0%   0.423 AU:3    +
   17    82  0   0.0%   0.242 AU:3    +
    7    84  0   0.0%   0.638 UG:3    +
   38    79  0   0.0%   0.260 GU:3    +
   68    84  0   0.0%   0.951 UG:3    +
   61    72  0   0.0%   0.458 AU:3    +
   47    80  0   0.0%   0.705 CG:3    +
   19    93  0   0.0%   0.386 AU:3    +
   38    42  0   0.0%   0.244 GU:3    +
   59    72  0   0.0%   0.468 AU:3    +
   12    93  0   0.0%   0.879 GU:3    +
   36    64  0   0.0%   0.558 CG:3    +
   80   101  0   0.0%   0.652 GC:3    +
   97   107  0   0.0%   0.001 CG:3    +
    6    71  0   0.0%   0.644 GC:3    +
    7   103  0   0.0%   0.618 UA:3    +
   79   102  0   0.0%   0.419 UA:3    +
   97   109  0   0.0%   0.002 CG:3    +
   11    61  0   0.0%   0.712 UA:3    +
   42    52  0   0.0%   0.273 UA:3    +
   15    55  0   0.0%   0.768 UA:3    +
    6    78  0   0.0%   0.654 GU:3    +
   12    60  0   0.0%   0.884 GC:3    +
   55    79  0   0.0%   0.855 AU:3    +
    6   104  0   0.0%   0.667 GU:3    +
   13    63  0   0.0%   0.689 CG:3    +
   20    79  0   0.0%   0.897 GU:3    +
   14    62  0   0.0%   0.543 AU:3    +
   10    62  0   0.0%   0.462 AU:3    +
   55    90  0   0.0%   0.730 AU:3    +
   21    78  0   0.0%   0.714 AU:3    +
   20   111  0   0.0%   0.875 GC:3    +
   46    71  0   0.0%   0.328 GC:3    +
   59    75  0   0.0%   0.316 AU:3    +
   14    78  0   0.0%   0.604 AU:3    +
   98   108  0   0.0%   0.002 CG:3    +
    7    70  0   0.0%   0.589 UG:3    +
   66    84  0   0.0%   0.933 UG:3    +
   30    63  0   0.0%   0.420 UG:3    +
   15    61  0   0.0%   0.710 UA:3    +
   58    87  0   0.0%   0.570 UA:3    +
   31    62  0   0.0%   0.204 AU:3    +
   40    78  0   0.0%   0.200 AU:3    +
   47    70  0   0.0%   0.326 CG:3    +
   45    51  0   0.0%   0.455 UA:3    +
   38    67  0   0.0%   0.361 GC:3    +
    4    38  0   0.0%   0.228 UG:3    +
   37    52  0   0.0%   0.498 UA:3    +
   28    90  0   0.0%   0.845 GU:3    +
   36   108  0   0.0%   0.368 CG:3    +
   37   107  0   0.0%   0.519 UG:3    +
   79    94  0   0.0%   0.738 UG:3    +
   78   103  0   0.0%   0.163 UA:3    +
   15    91  0   0.0%   0.689 UA:3    +
   54    79  0   0.0%   0.897 AU:3    +
   22    46  0   0.0%   0.733 UG:3    +
   12    75  0   0.0%   0.816 GU:3    +
    4    52  0   0.0%   0.419 UA:3    +
   33    41  0   0.0%   0.199 UA:3    +
   46    79  0   0.0%   0.804 GU:3    +
   72    84  0   0.0%   0.570 UG:3    +
   95   109  0   0.0%   0.054 UG:3    +
   58    76  0   0.0%   0.600 UG:3    +
   45    65  0   0.0%   0.463 UA:3    +
   64    93  0   0.0%   0.910 GU:3    +
   56    85  0   0.0%   1.107 UA:3    +
   43    53  0   0.0%   0.357 UG:3    +
   45    83  0   0.0%   0.384 UA:3    +
   42    54  0   0.0%   0.315 UA:3    +
   48    72  0   0.0%   0.304 AU:3    +
    5    76  0   0.0%   0.344 CG:3    +
    3    53  0   0.0%   0.394 UG:3    +
   29    64  0   0.0%   0.847 CG:3    +
   81    90  0   0.0%   0.869 GU:3    +
   49    58  0   0.0%   0.295 GU:3    +
   63    79  0   0.0%   0.840 GU:3    +
   55    78  0   0.0%   0.485 AU:3    +
   42    57  0   0.0%   0.355 UA:3    +
   23    81  0   0.0%   0.668 CG:3    +
   31    37  0   0.0%   0.305 AU:3    +
   40    66  0   0.0%   0.324 AU:3    +
   57    78  0   0.0%   0.660 AU:3    +
   43    52  0   0.0%   0.308 UA:3    +
    1    69  0   0.0%   0.092 CG:3    +
   63    95  0   0.0%   0.643 GU:3    +
   76   106  0   0.0%   0.342 GU:3    +
   37    63  0   0.0%   0.460 UG:3    +
   31    75  0   0.0%   0.253 AU:3    +
   11    65  0   0.0%   0.687 UA:3    +
   44    66  0   0.0%   0.353 GU:3    +
    2   109  0   0.0%   0.377 CG:3    +
   20    90  0   0.0%   0.922 GU:3    +
   37    59  0   0.0%   0.492 UA:3    +
   64    74  0   0.0%   0.588 GC:3    +
   63    75  0   0.0%   0.624 GU:3    +
   15    84  0   0.0%   0.719 UG:3    +
   33    84  0   0.0%   0.254 UG:3    +
   69    73  0   0.0%   0.248 GC:3    +
   23   109  0   0.0%   0.645 CG:3    +
   32    44  0   0.0%   0.292 UG:3    +
   50    89  0   0.0%   0.677 GC:3    +
   58    85  0   0.0%   0.600 UA:3    +
   54    90  0   0.0%   0.772 AU:3    +
   31    45  0   0.0%   0.280 AU:3    +
   68    92  0   0.0%   1.056 UA:3    +
    4   109  0   0.0%   0.425 UG:3    +
   22    83  0   0.0%   0.706 UA:3    +
   61    78  0   0.0%   0.172 AU:3    +
   32    61  0   0.0%   0.239 UA:3    +
    2    70  0   0.0%   0.366 CG:3    +
   19    79  0   0.0%   0.358 AU:3    +
    5   107  0   0.0%   0.376 CG:3    +
    3    69  0   0.0%   0.349 UG:3    +
    6    37  0   0.0%   0.526 GU:3    +
   72    76  0   0.0%   0.653 UG:3    +
   21    90  0   0.0%   0.761 AU:3    +
   49    67  0   0.0%   0.297 GC:3    +
   22   110  0   0.0%   0.689 UA:3    +
    9    63  0   0.0%   0.624 UG:3    +
   49    90  0   0.0%   0.531 GU:3    +
   84    93  0   0.0%   0.595 GU:3    +
   38   106  0   0.0%   0.351 GU:3    +
    3    59  0   0.0%   0.336 UA:3    +
   43    55  0   0.0%   0.394 UA:3    +
    3    38  0   0.0%   0.196 UG:3    +
   78    87  0   0.0%   0.302 UA:3    +
   48    68  0   0.0%   0.422 AU:3    +
   32    85  0   0.0%   0.234 UA:3    +
    5   108  0   0.0%   0.376 CG:3    +
    3    40  0   0.0%   0.196 UA:3    +
    4    41  0   0.0%   0.228 UA:3    +
   11    76  0   0.0%   0.694 UG:3    +
   63    77  0   0.0%   0.619 GC:3    +
   29    63  0   0.0%   0.735 CG:3    +
   38    89  0   0.0%   0.808 GC:3    +
   36    80  0   0.0%   0.397 CG:3    +
   12    37  0   0.0%   0.613 GU:3    +
    4    80  0   0.0%   0.404 UG:3    +
   10    66  0   0.0%   0.461 AU:3    +
   43    85  0   0.0%   0.652 UA:3    +
   24    90  0   0.0%   0.757 GU:3    +
   74   107  0   0.0%   0.167 CG:3    +
   73   108  0   0.0%   0.143 CG:3    +
   29    50  0   0.0%   0.771 CG:3    +
   34    93  0   0.0%   1.010 GU:3    +
   34    43  0   0.0%   0.432 GU:3    +
    4    44  0   0.0%   0.228 UG:3    +
    6    75  0   0.0%   0.644 GU:3    +
   34    67  0   0.0%   0.371 GC:3    +
   14    56  0   0.0%   0.629 AU:3    +
    4    70  0   0.0%   0.398 UG:3    +
   33    83  0   0.0%   0.240 UA:3    +
    9   110  0   0.0%   0.593 UA:3    +
   20    78  0   0.0%   0.874 GU:3    +
    3    81  0   0.0%   0.355 UG:3    +
   34    82  0   0.0%   0.263 GU:3    +
   76    89  0   0.0%   0.923 GC:3    +
   26    95  0   0.0%   0.761 AU:3    +
   41    58  0   0.0%   0.239 AU:3    +
   35    66  0   0.0%   0.387 GU:3    +
   22    49  0   0.0%   0.587 UG:3    +
   16    84  0   0.0%   0.657 UG:3    +
   33    65  0   0.0%   0.349 UA:3    +
   34    60  0   0.0%   0.365 GC:3    +
   30    38  0   0.0%   0.313 UG:3    +
   12    78  0   0.0%   0.872 GU:3    +
   45    57  0   0.0%   0.532 UA:3    +
   12    79  0   0.0%   0.894 GU:3    +
   11   110  0   0.0%   0.696 UA:3    +
   15    85  0   0.0%   0.717 UA:3    +
   44    58  0   0.0%   0.350 GU:3    +
   47    69  0   0.0%   0.319 CG:3    +
   38    62  0   0.0%   0.254 GU:3    +
   45    76  0   0.0%   0.407 UG:3    +
   11   103  0   0.0%   0.694 UA:3    +
    4   108  0   0.0%   0.425 UG:3    +
   10   104  0   0.0%   0.489 AU:3    +
   17    78  0   0.0%   0.225 AU:3    +
   50    74  0   0.0%   0.316 GC:3    +
    3    94  0   0.0%   0.356 UG:3    +
   35    42  0   0.0%   0.411 GU:3    +
   39    61  0   0.0%   0.308 UA:3    +
   12    96  0   0.0%   0.906 GC:3    +
   45    84  0   0.0%   0.420 UG:3    +
   24    73  0   0.0%   0.708 GC:3    +
   41    62  0   0.0%   0.135 AU:3    +
   46    56  0   0.0%   0.524 GU:3    +
   46    86  0   0.0%   0.539 GC:3    +
   33    61  0   0.0%   0.257 UA:3    +
   14    58  0   0.0%   0.630 AU:3    +
   50    56  0   0.0%   0.331 GU:3    +
   50    66  0   0.0%   0.250 GU:3    +
   38    90  0   0.0%   0.615 GU:3    +
   38    56  0   0.0%   0.435 GU:3    +
   15    57  0   0.0%   0.770 UA:3    +
   39    55  0   0.0%   0.465 UA:3    +
   15    83  0   0.0%   0.706 UA:3    +
   37    91  0   0.0%   0.779 UA:3    +
   43    59  0   0.0%   0.309 UA:3    +
   44    73  0   0.0%   0.226 GC:3    +
   22    52  0   0.0%   0.662 UA:3    +
   25   107  0   0.0%   0.605 UG:3    +
   25    94  0   0.0%   0.652 UG:3    +
   28    37  0   0.0%   1.014 GU:3    +
    6   106  0   0.0%   0.667 GU:3    +
    8   104  0   0.0%   0.256 AU:3    +
   53    74  0   0.0%   0.808 GC:3    +
   26    78  0   0.0%   0.732 AU:3    +
   27    45  0   0.0%   0.631 AU:3    +
   62    80  0   0.0%   0.593 UG:3    +
   26   106  0   0.0%   0.731 AU:3    +
   12   101  0   0.0%   0.906 GC:3    +
    9   103  0   0.0%   0.592 UA:3    +
   10    95  0   0.0%   0.489 AU:3    +
   72   109  0   0.0%   0.363 UG:3    +
.....((.((((.(((...))))))).)).(((((.(((.(((..(((((((((...........)))...))))))..)))..))).)))))(((((((....)))))))
