3 sequence; length of alignment 34
alifold output
    5    16  0  99.0%   0.045 UA:3   
    6    15  0  99.0%   0.049 CG:3   
    4    17  0  98.9%   0.034 AU:3   
    3    18  0  98.5%   0.047 GC:3   
    2    19  0  55.0%   1.025 UG:3   
   21    26  0  27.3%   1.439 GC:3    +
   20    27  0  27.3%   1.121 CG:3    +
    1    21  0  11.2%   0.772 CG:3    +
   20    30  0   3.2%   0.731 CG:3    +
    1    22  0   3.2%   0.614 CG:3    +
   24    30  0   3.1%   0.459 CG:3    +
   23    31  0   3.0%   0.435 AU:3    +
   19    31  0   2.8%   0.723 GU:3    +
    2    21  0   2.4%   0.846 UG:3    +
    8    14  0   1.7%   0.279 UA:3    +
    8    13  0   1.4%   0.197 UA:3    +
    9    13  0   1.2%   0.238 UA:3    +
    1    19  0   0.6%   0.102 CG:3    +
   19    26  0   0.6%   0.469 GC:3    +
    3    20  0   0.5%   0.099 GC:3    +
   18    27  0   0.5%   0.100 CG:3    +
   17    28  0   0.4%   0.086 UA:3    +
    6    12  0   0.2%   0.045 CG:3    +
    5    13  0   0.2%   0.041 UA:3    +
   25    30  0   0.2%   0.284 CG:3    +
    7    11  0   0.2%   0.034 AU:3    +
   22    26  0   0.1%   0.529 GC:3    +
   21    25  0   0.1%   0.364 GC:3    +
    1    30  0   0.1%   0.417 CG:3    +
   19    24  0   0.1%   0.384 GC:3    +
    2    29  0   0.1%   0.445 UA:3    +
    9    14  0   0.1%   0.148 UA:3    +
   14    31  0   0.1%   0.100 AU:3    +
   17    30  0   0.1%   0.065 UG:3    +
   16    31  0   0.1%   0.039 AU:3    +
    1    15  0   0.1%   0.013 CG:3    +
   26    30  0   0.1%   0.655 CG:3    +
    2    14  0   0.1%   0.012 UA:3    +
   22    31  0   0.0%   0.250 GU:3    +
   19    25  0   0.0%   0.381 GC:3    +
    1    27  0   0.0%   0.401 CG:3    +
    8    12  0   0.0%   0.024 UG:3    +
    8    16  0   0.0%   0.153 UA:3    +
    9    15  0   0.0%   0.084 UG:3    +
   10    31  0   0.0%   0.009 AU:3    +
    9    32  0   0.0%   0.072 UA:3    +
   11    30  0   0.0%   0.029 UG:3    +
   12    18  0   0.0%   0.040 GC:3    +
    7    17  0   0.0%   0.028 AU:3    +
    8    33  0   0.0%   0.144 UA:3    +
   13    17  0   0.0%   0.147 AU:3    +
   11    19  0   0.0%   0.380 UG:3    +
   21    31  0   0.0%   0.817 GU:3    +
    2    16  0   0.0%   0.009 UA:3    +
    2    22  0   0.0%   0.537 UG:3    +
    5    19  0   0.0%   0.388 UG:3    +
    6    22  0   0.0%   0.140 CG:3    +
   15    26  0   0.0%   0.021 GC:3    +
    5    23  0   0.0%   0.028 UA:3    +
   18    22  0   0.0%   0.133 CG:3    +
    8    15  0   0.0%   0.150 UG:3    +
   17    23  0   0.0%   0.019 UA:3    +
   27    31  0   0.0%   0.611 GU:3    +
   11    16  0   0.0%   0.027 UA:3    +
    4    11  0   0.0%   0.002 AU:3    +
   10    17  0   0.0%   0.015 AU:3    +
    3     9  0   0.0%   0.002 GU:3    +
    1    12  0   0.0%   0.001 CG:3    +
    5    10  0   0.0%   0.002 UA:3    +
    2    10  0   0.0%   0.001 UA:3    +
    2    13  0   0.0%   0.002 UA:3    +
    4     8  0   0.0%   0.001 AU:3    +
    2    23  0   0.0%   0.426 UA:3    +
   18    30  0   0.0%   0.061 CG:3    +
    2    28  0   0.0%   0.426 UA:3    +
   15    25  0   0.0%   0.019 GC:3    +
    3    25  0   0.0%   0.045 GC:3    +
   12    31  0   0.0%   0.024 GU:3    +
    4     9  0   0.0%   0.002 AU:3    +
   11    32  0   0.0%   0.020 UA:3    +
    2    33  0   0.0%   0.433 UA:3    +
    2    15  0   0.0%   0.010 UG:3    +
    6    19  0   0.0%   0.388 CG:3    +
    2    27  0   0.0%   0.429 UG:3    +
   12    20  0   0.0%   0.049 GC:3    +
    6    27  0   0.0%   0.030 CG:3    +
   11    34  0   0.0%   0.018 UA:3    +
    2    32  0   0.0%   0.433 UA:3    +
    5    28  0   0.0%   0.027 UA:3    +
   15    31  0   0.0%   0.028 GU:3    +
    3    26  0   0.0%   0.045 GC:3    +
    9    22  0   0.0%   0.177 UG:3    +
    8    23  0   0.0%   0.139 UA:3    +
   11    21  0   0.0%   0.348 UG:3    +
   15    24  0   0.0%   0.018 GC:3    +
   11    33  0   0.0%   0.019 UA:3    +
    8    30  0   0.0%   0.145 UG:3    +
   15    20  0   0.0%   0.046 GC:3    +
    9    29  0   0.0%   0.071 UA:3    +
    7    31  0   0.0%   0.014 AU:3    +
    6    21  0   0.0%   0.359 CG:3    +
    9    21  0   0.0%   0.398 UG:3    +
   12    26  0   0.0%   0.021 GC:3    +
    3    24  0   0.0%   0.044 GC:3    +
    9    16  0   0.0%   0.078 UA:3    +
   17    29  0   0.0%   0.046 UA:3    +
    2    30  0   0.0%   0.440 UG:3    +
    8    19  0   0.0%   0.500 UG:3    +
   17    33  0   0.0%   0.047 UA:3    +
   11    27  0   0.0%   0.017 UG:3    +
   13    31  0   0.0%   0.133 AU:3    +
    5    22  0   0.0%   0.137 UG:3    +
    5    14  0   0.0%   0.018 UA:3    +
    2    34  0   0.0%   0.433 UA:3    +
    8    22  0   0.0%   0.250 UG:3    +
    3    17  0   0.0%   0.001 GU:3    +
   17    32  0   0.0%   0.048 UA:3    +
    5    15  0   0.0%   0.018 UG:3    +
    5    12  0   0.0%   0.001 UG:3    +
    3    31  0   0.0%   0.044 GU:3    +
   11    29  0   0.0%   0.021 UA:3    +
    9    33  0   0.0%   0.069 UA:3    +
    8    21  0   0.0%   0.471 UG:3    +
    2     7  0   0.0%   0.000 UA:3    +
    4    31  0   0.0%   0.012 AU:3    +
    8    34  0   0.0%   0.140 UA:3    +
    9    19  0   0.0%   0.427 UG:3    +
   12    25  0   0.0%   0.021 GC:3    +
    8    29  0   0.0%   0.144 UA:3    +
    9    28  0   0.0%   0.065 UA:3    +
    5    30  0   0.0%   0.034 UG:3    +
    2    12  0   0.0%   0.001 UG:3    +
   12    24  0   0.0%   0.021 GC:3    +
    3    11  0   0.0%   0.001 GU:3    +
    6    30  0   0.0%   0.034 CG:3    +
.(((((........)))))...............
