3 sequence; length of alignment 34
alifold output
    7    28  0  96.6%   0.191 GC:3   
    6    29  0  96.5%   0.214 GC:3   
    8    27  0  95.7%   0.176 UG:3   
   12    23  0  89.9%   0.549 GC:3   
   11    24  0  88.8%   0.362 UA:3   
   13    22  0  87.3%   0.590 GU:3   
    5    30  0  82.6%   0.543 GU:3   
   14    21  0  76.5%   1.031 AU:3   
    9    26  0  61.2%   0.991 GU:3   
   13    20  0   8.8%   0.675 GC:3    +
   14    19  0   8.5%   0.654 AU:3    +
    4    33  0   7.9%   0.648 CG:3    +
   12    21  0   7.2%   0.588 GU:3    +
    5    32  0   6.5%   0.746 GC:3    +
   14    22  0   1.6%   0.750 AU:3    +
   13    23  0   1.5%   0.689 GC:3    +
   10    27  0   1.5%   0.240 CG:3    +
    9    28  0   1.5%   0.636 GC:3    +
    9    23  0   1.2%   0.174 GC:3    +
    8    24  0   1.0%   0.138 UA:3    +
    5    29  0   1.0%   0.147 GC:3    +
    7    29  0   1.0%   0.291 GC:3    +
    6    28  0   0.9%   0.157 GC:3    +
    6    30  0   0.8%   0.388 GU:3    +
    7    25  0   0.8%   0.118 GU:3    +
    2    33  0   0.8%   0.136 UG:3    +
   17    23  0   0.4%   0.297 GC:3    +
   16    24  0   0.4%   0.221 UA:3    +
   12    29  0   0.4%   0.498 GC:3    +
   13    28  0   0.4%   0.623 GC:3    +
    2    31  0   0.3%   0.062 UA:3    +
    9    32  0   0.3%   0.686 GC:3    +
    8    33  0   0.3%   0.398 UG:3    +
    7    34  0   0.3%   0.202 GC:3    +
   14    26  0   0.2%   0.864 AU:3    +
    6    26  0   0.2%   0.052 GU:3    +
   12    20  0   0.2%   0.047 GC:3    +
   13    19  0   0.2%   0.041 GU:3    +
    7    32  0   0.2%   0.341 GC:3    +
    3    30  0   0.2%   0.037 AU:3    +
    8    31  0   0.2%   0.148 UA:3    +
    5    34  0   0.2%   0.425 GC:3    +
   14    18  0   0.2%   0.041 AU:3    +
   10    17  0   0.1%   0.027 CG:3    +
    9    18  0   0.1%   0.025 GU:3    +
    9    30  0   0.1%   0.667 GU:3    +
    9    25  0   0.1%   0.123 GU:3    +
    1    33  0   0.1%   0.022 UG:3    +
   14    25  0   0.1%   0.558 AU:3    +
   12    25  0   0.1%   0.362 GU:3    +
   13    26  0   0.1%   0.744 GU:3    +
    1    31  0   0.1%   0.013 UA:3    +
    7    20  0   0.1%   0.013 GC:3    +
   15    24  0   0.1%   0.163 UA:3    +
   28    33  0   0.1%   0.440 CG:3    +
   27    34  0   0.0%   0.151 GC:3    +
    6    21  0   0.0%   0.013 GU:3    +
    5    28  0   0.0%   0.018 GC:3    +
    4    27  0   0.0%   0.011 CG:3    +
    7    30  0   0.0%   0.341 GU:3    +
    5    22  0   0.0%   0.009 GU:3    +
    5    26  0   0.0%   0.012 GU:3    +
   12    28  0   0.0%   0.456 GC:3    +
   11    31  0   0.0%   0.148 UA:3    +
    7    26  0   0.0%   0.064 GU:3    +
   12    30  0   0.0%   0.556 GU:3    +
   13    29  0   0.0%   0.588 GC:3    +
   12    22  0   0.0%   0.213 GU:3    +
    6    25  0   0.0%   0.010 GU:3    +
   13    21  0   0.0%   0.426 GU:3    +
   10    33  0   0.0%   0.335 CG:3    +
    9    34  0   0.0%   0.491 GC:3    +
    6    32  0   0.0%   0.319 GC:3    +
   15    27  0   0.0%   0.115 UG:3    +
    5    23  0   0.0%   0.007 GC:3    +
   17    22  0   0.0%   0.203 GU:3    +
   18    27  0   0.0%   0.131 UG:3    +
   17    28  0   0.0%   0.203 GC:3    +
   18    24  0   0.0%   0.198 UA:3    +
   17    25  0   0.0%   0.092 GU:3    +
    6    22  0   0.0%   0.009 GU:3    +
    5    11  0   0.0%   0.002 GU:3    +
    4    12  0   0.0%   0.001 CG:3    +
    9    29  0   0.0%   0.559 GC:3    +
    6    10  0   0.0%   0.002 GC:3    +
    9    22  0   0.0%   0.013 GU:3    +
    6    20  0   0.0%   0.002 GC:3    +
   12    26  0   0.0%   0.627 GU:3    +
   17    21  0   0.0%   0.410 GU:3    +
    5    21  0   0.0%   0.002 GU:3    +
   27    32  0   0.0%   0.320 GC:3    +
    4    17  0   0.0%   0.001 CG:3    +
   17    26  0   0.0%   0.374 GU:3    +
    7    19  0   0.0%   0.001 GU:3    +
   13    25  0   0.0%   0.462 GU:3    +
    5    16  0   0.0%   0.002 GU:3    +
    7    21  0   0.0%   0.009 GU:3    +
    6    15  0   0.0%   0.001 GU:3    +
    3    18  0   0.0%   0.001 AU:3    +
    6    34  0   0.0%   0.152 GC:3    +
   20    27  0   0.0%   0.343 CG:3    +
   26    33  0   0.0%   0.601 UG:3    +
    5    10  0   0.0%   0.001 GC:3    +
   13    18  0   0.0%   0.009 GU:3    +
    1     5  0   0.0%   0.000 UG:3    +
    3    26  0   0.0%   0.001 AU:3    +
    2    27  0   0.0%   0.000 UG:3    +
   16    27  0   0.0%   0.131 UG:3    +
    6    23  0   0.0%   0.007 GC:3    +
    7    22  0   0.0%   0.008 GU:3    +
   17    32  0   0.0%   0.245 GC:3    +
   19    24  0   0.0%   0.402 UA:3    +
   18    31  0   0.0%   0.059 UA:3    +
    8    14  0   0.0%   0.000 UA:3    +
   12    32  0   0.0%   0.542 GC:3    +
   11    27  0   0.0%   0.213 UG:3    +
    5    20  0   0.0%   0.001 GC:3    +
    7    15  0   0.0%   0.000 GU:3    +
    6    19  0   0.0%   0.001 GU:3    +
   16    33  0   0.0%   0.285 UG:3    +
   12    19  0   0.0%   0.001 GU:3    +
    4    13  0   0.0%   0.001 CG:3    +
    6    16  0   0.0%   0.001 GU:3    +
   29    33  0   0.0%   0.414 CG:3    +
    4     9  0   0.0%   0.000 CG:3    +
   12    18  0   0.0%   0.009 GU:3    +
    9    19  0   0.0%   0.009 GU:3    +
    3    25  0   0.0%   0.000 AU:3    +
    7    23  0   0.0%   0.006 GC:3    +
    2    24  0   0.0%   0.000 UA:3    +
    1    27  0   0.0%   0.000 UG:3    +
    9    21  0   0.0%   0.013 GU:3    +
    9    20  0   0.0%   0.013 GC:3    +
   11    33  0   0.0%   0.370 UG:3    +
    1     6  0   0.0%   0.000 UG:3    +
    8    13  0   0.0%   0.000 UG:3    +
   13    32  0   0.0%   0.648 GC:3    +
    7    18  0   0.0%   0.000 GU:3    +
    2     6  0   0.0%   0.000 UG:3    +
....(((((.((((......)))).)))))....
