3 sequence; length of alignment 34
alifold output
   11    30  0  96.9%   0.272 CG:3   
   10    31  0  96.2%   0.128 UA:3   
   12    29  0  95.9%   0.309 GC:3   
    9    32  0  92.2%   0.254 AU:3   
   18    25  0  89.2%   0.394 GC:3   
   19    24  0  88.9%   0.374 CG:3   
   17    26  0  88.7%   0.465 CG:3   
   13    28  0  86.5%   0.499 GU:3   
    8    33  0  63.7%   0.903 UG:3   
   19    26  0   8.2%   0.944 CG:3    +
   18    27  0   8.2%   0.951 GC:3    +
   20    25  0   7.8%   0.762 GC:3    +
    1     6  0   2.6%   0.289 CG:3    +
   13    27  0   2.3%   0.344 GC:3    +
    4    26  0   1.9%   0.242 CG:3    +
    3    27  0   1.9%   0.258 GC:3    +
   14    28  0   1.9%   0.383 AU:3    +
    6    23  0   1.8%   0.321 GC:3    +
    7    22  0   1.8%   0.219 AU:3    +
    2    29  0   1.5%   0.241 GC:3    +
    1    30  0   1.5%   0.307 CG:3    +
   12    17  0   1.3%   0.196 GC:3    +
   11    18  0   1.3%   0.195 CG:3    +
   13    29  0   1.1%   0.470 GC:3    +
   12    19  0   0.8%   0.194 GC:3    +
   11    20  0   0.8%   0.197 CG:3    +
   15    28  0   0.7%   0.335 AU:3    +
    4    33  0   0.6%   0.185 CG:3    +
    2    28  0   0.4%   0.099 GU:3    +
    5    32  0   0.4%   0.077 AU:3    +
    2    11  0   0.4%   0.070 GC:3    +
    1    12  0   0.4%   0.162 CG:3    +
   16    28  0   0.3%   0.313 AU:3    +
    8    34  0   0.2%   0.338 UA:3    +
   20    27  0   0.2%   0.656 GC:3    +
   21    26  0   0.2%   0.441 CG:3    +
    3    10  0   0.2%   0.044 GU:3    +
    4    24  0   0.2%   0.036 CG:3    +
    3    25  0   0.2%   0.052 GC:3    +
   18    29  0   0.2%   0.560 GC:3    +
   17    30  0   0.2%   0.299 CG:3    +
   11    33  0   0.1%   0.500 CG:3    +
   17    24  0   0.1%   0.100 CG:3    +
   12    32  0   0.1%   0.293 GU:3    +
    6    25  0   0.1%   0.213 GC:3    +
   18    23  0   0.1%   0.157 GC:3    +
   10    34  0   0.1%   0.090 UA:3    +
    6    21  0   0.1%   0.115 GC:3    +
    5    22  0   0.1%   0.018 AU:3    +
   12    28  0   0.1%   0.160 GU:3    +
    1    33  0   0.1%   0.194 CG:3    +
    2    27  0   0.0%   0.036 GC:3    +
    3    28  0   0.0%   0.135 GU:3    +
    9    22  0   0.0%   0.086 AU:3    +
    7    32  0   0.0%   0.103 AU:3    +
    2     8  0   0.0%   0.006 GU:3    +
    2    32  0   0.0%   0.121 GU:3    +
    8    20  0   0.0%   0.009 UG:3    +
   13    17  0   0.0%   0.063 GC:3    +
    1    26  0   0.0%   0.122 CG:3    +
    2    25  0   0.0%   0.029 GC:3    +
    3     8  0   0.0%   0.005 GU:3    +
   23    30  0   0.0%   0.188 CG:3    +
   15    32  0   0.0%   0.148 AU:3    +
   22    31  0   0.0%   0.121 UA:3    +
   24    29  0   0.0%   0.293 GC:3    +
   10    20  0   0.0%   0.019 UG:3    +
   27    33  0   0.0%   0.721 CG:3    +
    4    20  0   0.0%   0.003 CG:3    +
    3    21  0   0.0%   0.018 GC:3    +
   12    23  0   0.0%   0.193 GC:3    +
   11    24  0   0.0%   0.132 CG:3    +
    8    31  0   0.0%   0.007 UA:3    +
    6    11  0   0.0%   0.121 GC:3    +
   13    22  0   0.0%   0.084 GU:3    +
    6    29  0   0.0%   0.249 GC:3    +
    7    28  0   0.0%   0.098 AU:3    +
   16    32  0   0.0%   0.129 AU:3    +
    1    13  0   0.0%   0.120 CG:3    +
   29    33  0   0.0%   0.500 CG:3    +
    2    23  0   0.0%   0.026 GC:3    +
    6    32  0   0.0%   0.211 GU:3    +
    4    13  0   0.0%   0.002 CG:3    +
    1    24  0   0.0%   0.120 CG:3    +
    3    11  0   0.0%   0.039 GC:3    +
   13    23  0   0.0%   0.078 GC:3    +
    4    18  0   0.0%   0.002 CG:3    +
    3    19  0   0.0%   0.017 GC:3    +
   14    22  0   0.0%   0.082 AU:3    +
    2    22  0   0.0%   0.026 GU:3    +
   12    25  0   0.0%   0.140 GC:3    +
   19    33  0   0.0%   0.682 CG:3    +
   11    26  0   0.0%   0.197 CG:3    +
    5    10  0   0.0%   0.015 AU:3    +
   20    32  0   0.0%   0.368 GU:3    +
    4    12  0   0.0%   0.023 CG:3    +
   12    21  0   0.0%   0.125 GC:3    +
   28    34  0   0.0%   0.305 UA:3    +
    6    19  0   0.0%   0.098 GC:3    +
   13    19  0   0.0%   0.041 GC:3    +
    6    27  0   0.0%   0.263 GC:3    +
    5    28  0   0.0%   0.032 AU:3    +
    8    24  0   0.0%   0.017 UG:3    +
   21    33  0   0.0%   0.354 CG:3    +
    6    17  0   0.0%   0.097 GC:3    +
    2    17  0   0.0%   0.025 GC:3    +
    6    22  0   0.0%   0.110 GU:3    +
    3    23  0   0.0%   0.018 GC:3    +
   12    27  0   0.0%   0.198 GC:3    +
    4    30  0   0.0%   0.151 CG:3    +
   18    28  0   0.0%   0.656 GU:3    +
   14    32  0   0.0%   0.186 AU:3    +
    3    32  0   0.0%   0.109 GU:3    +
   13    21  0   0.0%   0.009 GC:3    +
   13    32  0   0.0%   0.377 GU:3    +
   19    30  0   0.0%   0.452 CG:3    +
    3    29  0   0.0%   0.169 GC:3    +
    8    15  0   0.0%   0.003 UA:3    +
   20    29  0   0.0%   0.420 GC:3    +
   17    33  0   0.0%   0.518 CG:3    +
   23    33  0   0.0%   0.416 CG:3    +
    1    18  0   0.0%   0.119 CG:3    +
   25    30  0   0.0%   0.427 CG:3    +
    2    21  0   0.0%   0.025 GC:3    +
   24    32  0   0.0%   0.240 GU:3    +
    2    10  0   0.0%   0.002 GU:3    +
   18    32  0   0.0%   0.497 GU:3    +
   12    22  0   0.0%   0.198 GU:3    +
   10    33  0   0.0%   0.375 UG:3    +
   15    22  0   0.0%   0.081 AU:3    +
   22    34  0   0.0%   0.104 UA:3    +
   25    33  0   0.0%   0.655 CG:3    +
    3    22  0   0.0%   0.017 GU:3    +
   10    30  0   0.0%   0.078 UG:3    +
   10    18  0   0.0%   0.015 UG:3    +
    2    19  0   0.0%   0.025 GC:3    +
    8    16  0   0.0%   0.003 UA:3    +
    1    20  0   0.0%   0.119 CG:3    +
    6    10  0   0.0%   0.111 GU:3    +
    8    14  0   0.0%   0.003 UA:3    +
    9    28  0   0.0%   0.029 AU:3    +
   26    32  0   0.0%   0.517 GU:3    +
   28    33  0   0.0%   0.615 UG:3    +
    3    17  0   0.0%   0.016 GC:3    +
   13    25  0   0.0%   0.024 GC:3    +
   10    15  0   0.0%   0.015 UA:3    +
   18    22  0   0.0%   0.139 GU:3    +
    8    13  0   0.0%   0.004 UG:3    +
.......((((((...(((....))).)))))).
