3 sequence; length of alignment 34
alifold output
    7    26  0  99.8%   0.007 CG:3   
   12    23  0  99.8%   0.008 GC:3   
    6    27  0  99.7%   0.008 AU:3   
   13    22  0  99.7%   0.012 AU:3   
    5    28  0  99.4%   0.017 CG:3   
   14    21  0  99.4%   0.022 GU:3   
    8    25  0  99.1%   0.028 CG:3   
   15    20  0  98.9%   0.035 CG:3   
   11    24  0  85.5%   0.403 UA:3   
    2    30  0  81.1%   0.512 UG:3   
    1    31  0  80.6%   0.521 GC:3   
    1    33  0   1.4%   0.386 GC:3    +
    3    31  0   0.7%   0.282 GC:3    +
    3    32  0   0.7%   0.173 GC:3    +
    1    32  0   0.7%   0.273 GC:3    +
    3    33  0   0.2%   0.163 GC:3    +
   15    30  0   0.2%   0.212 CG:3    +
   16    29  0   0.2%   0.032 UA:3    +
   14    31  0   0.2%   0.246 GC:3    +
   17    28  0   0.2%   0.037 CG:3    +
   12    33  0   0.1%   0.097 GC:3    +
    2    34  0   0.1%   0.195 UA:3    +
   11    34  0   0.1%   0.160 UA:3    +
    2    29  0   0.0%   0.008 UA:3    +
   10    21  0   0.0%   0.006 AU:3    +
   11    20  0   0.0%   0.006 UG:3    +
    9    22  0   0.0%   0.005 AU:3    +
    8    28  0   0.0%   0.021 CG:3    +
    9    27  0   0.0%   0.009 AU:3    +
    3     8  0   0.0%   0.003 GC:3    +
    5    30  0   0.0%   0.179 CG:3    +
    8    26  0   0.0%   0.015 CG:3    +
    2     9  0   0.0%   0.003 UA:3    +
   12    32  0   0.0%   0.073 GC:3    +
   19    27  0   0.0%   0.006 AU:3    +
   25    33  0   0.0%   0.090 GC:3    +
   26    32  0   0.0%   0.074 GC:3    +
   25    32  0   0.0%   0.079 GC:3    +
   26    31  0   0.0%   0.224 GC:3    +
   13    21  0   0.0%   0.003 AU:3    +
    7    30  0   0.0%   0.174 CG:3    +
   28    33  0   0.0%   0.097 GC:3    +
   21    25  0   0.0%   0.019 UG:3    +
   12    22  0   0.0%   0.003 GU:3    +
    1     8  0   0.0%   0.001 GC:3    +
    7    28  0   0.0%   0.009 CG:3    +
    7    25  0   0.0%   0.001 CG:3    +
    1     7  0   0.0%   0.001 GC:3    +
   18    26  0   0.0%   0.004 UG:3    +
    4    27  0   0.0%   0.001 AU:3    +
    2     6  0   0.0%   0.001 UA:3    +
    5    26  0   0.0%   0.001 CG:3    +
   22    29  0   0.0%   0.017 UA:3    +
   23    28  0   0.0%   0.020 CG:3    +
   21    30  0   0.0%   0.190 UG:3    +
   20    31  0   0.0%   0.233 GC:3    +
    5    12  0   0.0%   0.001 CG:3    +
   12    21  0   0.0%   0.002 GU:3    +
    2    10  0   0.0%   0.001 UA:3    +
    6    11  0   0.0%   0.001 AU:3    +
    1    11  0   0.0%   0.001 GU:3    +
    1     5  0   0.0%   0.000 GC:3    +
   13    18  0   0.0%   0.000 AU:3    +
   11    19  0   0.0%   0.000 UA:3    +
   12    18  0   0.0%   0.000 GU:3    +
   18    25  0   0.0%   0.009 UG:3    +
   12    17  0   0.0%   0.000 GC:3    +
   27    34  0   0.0%   0.018 UA:3    +
    1    15  0   0.0%   0.001 GC:3    +
    2    14  0   0.0%   0.001 UG:3    +
   21    26  0   0.0%   0.013 UG:3    +
    3     7  0   0.0%   0.000 GC:3    +
   16    20  0   0.0%   0.013 UG:3    +
   17    26  0   0.0%   0.003 CG:3    +
   14    32  0   0.0%   0.085 GC:3    +
   10    22  0   0.0%   0.004 AU:3    +
   18    28  0   0.0%   0.018 UG:3    +
   11    25  0   0.0%   0.145 UG:3    +
    2    28  0   0.0%   0.001 UG:3    +
   20    27  0   0.0%   0.018 GU:3    +
   14    18  0   0.0%   0.000 GU:3    +
   18    24  0   0.0%   0.134 UA:3    +
((..((((..(((((....))))))))).))...
