3 sequence; length of alignment 34
alifold output
    4    13  0  96.5%   0.103 CG:3   
    3    14  0  96.4%   0.105 CG:3   
    5    12  0  95.8%   0.123 AU:3   
    6    11  0  93.6%   0.186 UA:3   
    2    15  0  91.3%   0.258 AU:3   
   21    31  0  40.7%   1.487 GU:3   
   22    30  0  40.6%   1.689 GC:3   
   20    32  0  40.6%   1.532 CG:3   
   17    29  0  10.6%   0.970 UA:3    +
   16    30  0  10.6%   0.960 GC:3    +
   20    26  0   9.0%   0.869 CG:3    +
   18    28  1   8.5%   0.860 UG:1    UA:1    +
   16    24  0   6.4%   0.639 GC:3    +
   17    23  0   6.3%   0.605 UA:3    +
   18    22  0   5.1%   0.572 UG:3    +
   21    30  0   2.7%   0.749 GC:3    +
   24    33  0   2.5%   0.740 CG:3    +
    4    32  0   2.1%   0.314 CG:3    +
    3    33  0   2.1%   0.304 CG:3    +
    5    31  0   1.9%   0.312 AU:3    +
   20    33  0   1.6%   1.021 CG:3    +
   25    32  1   1.8%   0.818 UG:2    +
    8    26  0   1.3%   0.270 CG:3    +
   21    25  1   1.6%   0.349 GU:2    +
   22    31  0   1.1%   1.214 GU:3    +
    9    21  0   1.1%   0.205 CG:3    +
   10    20  0   1.1%   0.163 GC:3    +
    8    22  0   1.1%   0.202 CG:3    +
    7    27  1   1.3%   0.225 GC:2    +
    6    28  1   0.8%   0.216 UG:1    UA:1    +
   13    20  0   0.8%   0.250 GC:3    +
   12    21  0   0.7%   0.226 UG:3    +
    8    14  0   0.7%   0.143 CG:3    +
    9    13  0   0.7%   0.140 CG:3    +
    7    15  0   0.7%   0.198 GU:3    +
   26    31  0   0.6%   0.927 GU:3    +
   10    24  0   0.6%   0.161 GC:3    +
   24    32  0   0.6%   0.802 CG:3    +
    6    16  0   0.6%   0.156 UG:3    +
    5    17  0   0.5%   0.142 AU:3    +
   14    24  0   0.4%   0.211 GC:3    +
   15    23  0   0.4%   0.210 UA:3    +
    4    21  0   0.3%   0.092 CG:3    +
   11    18  0   0.3%   0.128 AU:3    +
    3    22  0   0.3%   0.095 CG:3    +
   24    34  0   0.3%   0.465 CG:3    +
   14    20  0   0.3%   0.227 GC:3    +
   17    26  0   0.3%   0.366 UG:3    +
   18    33  0   0.3%   0.561 UG:3    +
   18    34  0   0.3%   0.491 UG:3    +
    7    24  0   0.2%   0.088 GC:3    +
    1    20  0   0.2%   0.073 GC:3    +
    1    17  0   0.2%   0.049 GU:3    +
    4    26  0   0.2%   0.094 CG:3    +
   12    22  0   0.2%   0.189 UG:3    +
    7    30  0   0.2%   0.145 GC:3    +
   17    34  0   0.2%   0.534 UG:3    +
    1    15  0   0.1%   0.027 GU:3    +
   18    32  0   0.1%   0.513 UG:3    +
    1    18  0   0.1%   0.046 GU:3    +
    1    24  0   0.1%   0.067 GC:3    +
   17    33  0   0.1%   0.604 UG:3    +
   17    21  0   0.1%   0.176 UG:3    +
   26    30  0   0.1%   1.055 GC:3    +
   12    26  0   0.1%   0.190 UG:3    +
    9    32  0   0.1%   0.189 CG:3    +
    8    33  0   0.1%   0.248 CG:3    +
    4    33  0   0.1%   0.248 CG:3    +
    3    34  0   0.1%   0.157 CG:3    +
    2    17  0   0.1%   0.111 AU:3    +
   13    18  0   0.1%   0.112 GU:3    +
    6    29  0   0.1%   0.151 UA:3    +
   10    31  0   0.1%   0.174 GU:3    +
   20    34  0   0.1%   0.815 CG:3    +
    3    16  0   0.0%   0.044 CG:3    +
    6    23  0   0.0%   0.100 UA:3    +
   15    28  1   0.0%   0.210 UG:1    UA:1    +
    1    30  0   0.0%   0.058 GC:3    +
    6    26  0   0.0%   0.115 UG:3    +
    9    26  0   0.0%   0.164 CG:3    +
    9    33  0   0.0%   0.193 CG:3    +
    9    14  0   0.0%   0.111 CG:3    +
   14    30  0   0.0%   0.135 GC:3    +
    8    34  0   0.0%   0.159 CG:3    +
    8    16  0   0.0%   0.073 CG:3    +
   15    29  0   0.0%   0.176 UA:3    +
    6    10  0   0.0%   0.005 UG:3    +
   15    26  0   0.0%   0.247 UG:3    +
    7    17  0   0.0%   0.085 GU:3    +
   18    23  0   0.0%   0.388 UA:3    +
   16    20  0   0.0%   0.159 GC:3    +
   17    22  0   0.0%   0.140 UG:3    +
   12    29  0   0.0%   0.113 UA:3    +
   13    31  0   0.0%   0.221 GU:3    +
   30    34  0   0.0%   0.791 CG:3    +
   12    16  0   0.0%   0.080 UG:3    +
   11    17  0   0.0%   0.112 AU:3    +
   18    26  0   0.0%   0.288 UG:3    +
   11    31  0   0.0%   0.166 AU:3    +
    5    15  0   0.0%   0.136 AU:3    +
    4    16  0   0.0%   0.041 CG:3    +
    6    14  0   0.0%   0.101 UG:3    +
   23    31  0   0.0%   0.711 AU:3    +
   10    30  0   0.0%   0.098 GC:3    +
    3    26  0   0.0%   0.060 CG:3    +
    3    21  0   0.0%   0.040 CG:3    +
   12    28  1   0.0%   0.145 UG:1    UA:1    +
   18    29  0   0.0%   0.645 UA:3    +
   17    32  0   0.0%   0.578 UG:3    +
   13    30  0   0.0%   0.150 GC:3    +
   13    24  0   0.0%   0.166 GC:3    +
    2    18  0   0.0%   0.098 AU:3    +
   12    23  0   0.0%   0.100 UA:3    +
   15    22  0   0.0%   0.222 UG:3    +
   13    17  0   0.0%   0.119 GU:3    +
   16    31  0   0.0%   0.554 GU:3    +
   15    21  0   0.0%   0.246 UG:3    +
    9    22  0   0.0%   0.155 CG:3    +
    9    16  0   0.0%   0.072 CG:3    +
    5    18  0   0.0%   0.078 AU:3    +
   15    32  0   0.0%   0.257 UG:3    +
   10    18  0   0.0%   0.011 GU:3    +
   17    28  1   0.0%   0.292 UG:1    UA:1    +
    7    18  0   0.0%   0.046 GU:3    +
   12    32  0   0.0%   0.195 UG:3    +
    1    31  0   0.0%   0.055 GU:3    +
   14    18  0   0.0%   0.106 GU:3    +
    4    14  0   0.0%   0.070 CG:3    +
    3    32  0   0.0%   0.059 CG:3    +
   10    15  0   0.0%   0.130 GU:3    +
    4    22  0   0.0%   0.073 CG:3    +
   15    33  0   0.0%   0.263 UG:3    +
   15    34  0   0.0%   0.176 UG:3    +
    7    31  0   0.0%   0.198 GU:3    +
    6    32  0   0.0%   0.224 UG:3    +
    8    13  0   0.0%   0.035 CG:3    +
    8    32  0   0.0%   0.225 CG:3    +
    2    31  0   0.0%   0.089 AU:3    +
    4    10  0   0.0%   0.000 CG:3    +
    3     7  0   0.0%   0.000 CG:3    +
    7    12  0   0.0%   0.041 GU:3    +
    1     9  0   0.0%   0.000 GC:3    +
    6    34  0   0.0%   0.148 UG:3    +
   11    15  0   0.0%   0.190 AU:3    +
    4    34  0   0.0%   0.161 CG:3    +
    8    21  0   0.0%   0.057 CG:3    +
   14    31  0   0.0%   0.201 GU:3    +
    7    20  0   0.0%   0.051 GC:3    +
    6    21  0   0.0%   0.113 UG:3    +
    3    13  0   0.0%   0.000 CG:3    +
    1     8  0   0.0%   0.000 GC:3    +
    3    10  0   0.0%   0.000 CG:3    +
    6    13  0   0.0%   0.098 UG:3    +
    9    34  0   0.0%   0.104 CG:3    +
    2     6  0   0.0%   0.000 AU:3    +
   13    25  1   0.4%   0.186 GU:2    +
   21    27  1   0.3%   0.319 GC:2    +
   25    33  1   0.3%   0.509 UG:2    +
   16    27  1   0.3%   0.328 GC:2    +
    5    25  1   0.2%   0.105 AU:2    +
   15    19  1   0.2%   0.167 UA:2    +
   27    32  1   0.2%   0.702 CG:2    +
   19    31  1   0.1%   0.124 AU:2    +
   12    19  1   0.1%   0.059 UA:2    +
   27    33  1   0.1%   0.426 CG:2    +
   22    27  1   0.1%   0.348 GC:2    +
   25    34  1   0.0%   0.264 UG:2    +
   25    29  1   0.0%   0.354 UA:2    +
   27    34  1   0.0%   0.186 CG:2    +
   14    27  1   0.0%   0.179 GC:2    +
   10    27  1   0.0%   0.144 GC:2    +
   13    27  1   0.0%   0.196 GC:2    +
   10    25  1   0.0%   0.095 GU:2    +
    1    27  1   0.0%   0.055 GC:2    +
   16    25  1   0.0%   0.249 GU:2    +
    6    19  1   0.0%   0.095 UA:2    +
    7    25  1   0.0%   0.064 GU:2    +
   11    25  1   0.0%   0.095 AU:2    +
    1    25  1   0.0%   0.052 GU:2    +
   14    25  1   0.0%   0.147 GU:2    +
    2    25  1   0.0%   0.089 AU:2    +
.(((((....)))))....(((.......)))..
