3 sequence; length of alignment 40
alifold output
    4    34  0  61.7%   1.209 CG:3   
    3    35  0  61.7%   1.207 UA:3   
    2    36  0  61.4%   1.218 GC:3   
    5    33  0  61.1%   1.008 AU:3   
    6    32  0  52.3%   1.228 UA:3   
   12    24  0  25.4%   1.558 CG:3   
   11    25  0  25.1%   1.572 UG:3   
   10    26  0  24.4%   1.573 AU:3   
   15    24  0  23.8%   1.667 CG:3    +
   15    31  0  23.7%   1.905 CG:3    +
   14    32  0  23.7%   1.784 UA:3    +
   13    33  0  23.6%   1.964 GU:3    +
   12    34  0  23.0%   2.287 CG:3    +
   16    30  0  22.3%   2.064 GU:3    +
   13    23  0  22.3%   1.198 GU:3   
   11    35  0  21.9%   2.508 UA:3    +
   14    25  0  20.7%   1.405 UG:3    +
   16    23  0  20.3%   1.518 GU:3    +
   10    29  0  20.3%   2.166 AU:3    +
    9    30  0  19.7%   1.939 GU:3    +
   17    29  0  19.6%   1.962 GU:3    +
   11    28  0  18.6%   1.822 UG:3    +
    9    36  0  16.1%   2.191 GC:3    +
   17    22  0  12.7%   1.061 GU:3    +
    3    10  0  12.7%   0.788 UA:3    +
    4     9  0  12.7%   0.790 CG:3    +
    2    11  0  12.5%   0.779 GU:3    +
   15    20  0  12.1%   1.055 CG:3    +
    1    12  0  11.2%   0.737 GC:3    +
   14    35  0  10.7%   2.047 UA:3    +
   15    34  0  10.7%   2.389 CG:3    +
   13    36  0  10.7%   2.305 GC:3    +
   12    19  0  10.4%   0.981 CG:3    +
   11    20  0  10.4%   0.982 UG:3    +
   10    21  0  10.4%   0.971 AU:3    +
    7    38  0  10.3%   1.195 AU:3    +
    9    22  0   9.8%   0.958 GU:3    +
   16    33  0   9.2%   2.051 GU:3    +
   13    26  0   8.9%   1.377 GU:3    +
    6    39  0   8.2%   1.499 UG:3    +
    4    39  0   8.0%   1.218 CG:3    +
    5    38  0   7.8%   0.979 AU:3    +
    7    30  0   7.2%   0.696 AU:3    +
    8    29  0   7.0%   0.778 GU:3    +
    6    37  0   6.7%   1.047 UG:3    +
    8    23  0   5.5%   0.501 GU:3    +
    8    30  0   3.8%   0.969 GU:3    +
    6    31  0   3.7%   0.456 UG:3    +
   21    27  0   3.7%   0.687 UA:3    +
   19    29  0   3.4%   1.700 GU:3    +
    9    29  0   3.3%   1.078 GU:3    +
    3    40  0   3.0%   0.930 UG:3    +
   18    30  0   2.6%   1.399 GU:3    +
   12    37  0   2.3%   1.755 CG:3    +
   19    26  0   2.1%   1.128 GU:3    +
   22    27  0   2.1%   0.949 UA:3    +
   21    28  0   2.0%   1.031 UG:3    +
   21    32  0   1.7%   1.436 UA:3    +
   22    31  0   1.7%   1.380 UG:3    +
   12    28  0   1.7%   1.409 CG:3    +
   20    29  0   1.5%   1.840 GU:3    +
   20    33  0   1.5%   1.724 GU:3    +
   15    25  0   1.4%   1.530 CG:3    +
   15    39  0   1.4%   1.876 CG:3    +
   16    38  0   1.4%   1.578 GU:3    +
    8    36  0   1.4%   0.971 GC:3    +
   19    30  0   1.4%   1.782 GU:3    +
   18    36  0   1.2%   1.257 GC:3    +
   17    23  0   1.1%   1.258 GU:3    +
    4    31  0   1.0%   0.410 CG:3    +
    3    32  0   1.0%   0.407 UA:3    +
    7    29  0   1.0%   0.175 AU:3    +
    5    30  0   1.0%   0.152 AU:3    +
    2    33  0   1.0%   0.394 GU:3    +
   12    25  0   0.7%   1.319 CG:3    +
    4    40  0   0.6%   1.014 CG:3    +
   14    40  0   0.5%   1.163 UG:3    +
   18    22  0   0.5%   0.616 GU:3    +
   15    19  0   0.5%   0.321 CG:3    +
   16    21  0   0.4%   0.311 GU:3    +
   11    27  0   0.4%   0.942 UA:3    +
    1    38  0   0.4%   0.327 GU:3    +
   14    20  0   0.4%   0.309 UG:3    +
    7    26  0   0.4%   0.088 AU:3    +
   12    31  0   0.3%   1.182 CG:3    +
   11    32  0   0.3%   1.634 UA:3    +
   20    30  0   0.3%   1.844 GU:3    +
    6    25  0   0.3%   0.060 UG:3    +
   13    30  0   0.3%   1.300 GU:3    +
    6    27  0   0.3%   0.072 UA:3    +
   22    28  0   0.3%   1.144 UG:3    +
   21    35  0   0.3%   1.468 UA:3    +
   20    36  0   0.3%   1.709 GC:3    +
   10    33  0   0.2%   1.568 AU:3    +
   22    34  0   0.2%   1.643 UG:3    +
   17    36  0   0.2%   1.619 GC:3    +
    1    36  0   0.2%   0.287 GC:3    +
   16    36  0   0.2%   1.855 GC:3    +
   23    31  0   0.2%   1.547 UG:3    +
   21    25  0   0.2%   1.094 UG:3    +
   15    37  0   0.2%   1.581 CG:3    +
   22    32  0   0.2%   1.564 UA:3    +
   20    26  0   0.2%   1.250 GU:3    +
    5    26  0   0.2%   0.037 AU:3    +
   13    22  0   0.2%   0.278 GU:3    +
    8    38  0   0.2%   1.031 GU:3    +
    7    23  0   0.2%   0.036 AU:3    +
   18    29  0   0.2%   1.082 GU:3    +
   18    26  0   0.2%   0.683 GU:3    +
   24    30  0   0.2%   1.958 GU:3    +
   12    18  0   0.2%   0.293 CG:3    +
   23    27  0   0.2%   1.163 UA:3    +
   23    32  0   0.1%   1.778 UA:3    +
   24    29  0   0.1%   1.910 GU:3    +
   25    30  0   0.1%   2.056 GU:3    +
   11    19  0   0.1%   0.293 UG:3    +
   18    38  0   0.1%   0.784 GU:3    +
   15    28  0   0.1%   1.095 CG:3    +
   23    28  0   0.1%   1.411 UG:3    +
   12    17  0   0.1%   0.271 CG:3    +
   16    22  0   0.1%   0.300 GU:3    +
    9    23  0   0.1%   0.691 GU:3    +
   17    30  0   0.1%   1.711 GU:3    +
   10    38  0   0.1%   1.683 AU:3    +
   17    26  0   0.1%   0.944 GU:3    +
    8    22  0   0.1%   0.027 GU:3    +
   28    36  0   0.1%   1.525 GC:3    +
   11    18  0   0.1%   0.281 UG:3    +
   29    35  0   0.1%   2.107 UA:3    +
    6    24  0   0.1%   0.022 UG:3    +
   10    30  0   0.1%   1.870 AU:3    +
   30    34  0   0.1%   2.144 UG:3    +
   10    22  0   0.1%   0.750 AU:3    +
   25    29  0   0.1%   2.006 GU:3    +
   17    21  0   0.1%   0.289 GU:3    +
   19    36  0   0.1%   1.524 GC:3    +
   17    38  0   0.1%   1.223 GU:3    +
   15    40  0   0.1%   1.527 CG:3    +
   12    20  0   0.1%   0.748 CG:3    +
   25    36  0   0.0%   1.831 GC:3    +
   26    35  0   0.0%   1.609 UA:3    +
    9    21  0   0.0%   0.275 GU:3    +
   13    21  0   0.0%   0.248 GU:3    +
   14    27  0   0.0%   0.400 UA:3    +
    6    40  0   0.0%   1.033 UG:3    +
   13    38  0   0.0%   1.644 GU:3    +
   18    23  0   0.0%   0.938 GU:3    +
    9    26  0   0.0%   0.544 GU:3    +
   14    24  0   0.0%   0.390 UG:3    +
    4     8  0   0.0%   0.006 CG:3    +
   26    32  0   0.0%   1.552 UA:3    +
    4    24  0   0.0%   0.271 CG:3    +
    6    28  0   0.0%   0.047 UG:3    +
   12    39  0   0.0%   1.813 CG:3    +
   25    33  0   0.0%   1.806 GU:3    +
    5    23  0   0.0%   0.006 AU:3    +
   14    18  0   0.0%   0.024 UG:3    +
   16    29  0   0.0%   1.031 GU:3    +
    5    29  0   0.0%   0.018 AU:3    +
    3    25  0   0.0%   0.267 UG:3    +
   27    33  0   0.0%   1.246 AU:3    +
   17    33  0   0.0%   1.583 GU:3    +
    9    15  0   0.0%   0.268 GC:3    +
   24    36  0   0.0%   1.730 GC:3    +
   14    19  0   0.0%   0.251 UG:3    +
   24    33  0   0.0%   1.710 GU:3    +
    3     9  0   0.0%   0.004 UG:3    +
    8    26  0   0.0%   0.206 GU:3    +
   11    39  0   0.0%   1.955 UG:3    +
   11    37  0   0.0%   1.729 UG:3    +
   19    33  0   0.0%   1.450 GU:3    +
   10    14  0   0.0%   0.265 AU:3    +
    9    38  0   0.0%   1.702 GU:3    +
   11    24  0   0.0%   0.522 UG:3    +
   23    34  0   0.0%   1.824 UG:3    +
   11    40  0   0.0%   1.689 UG:3    +
   14    39  0   0.0%   1.349 UG:3    +
    4    28  0   0.0%   0.269 CG:3    +
   21    34  0   0.0%   1.430 UG:3    +
    7    22  0   0.0%   0.003 AU:3    +
    2    12  0   0.0%   0.507 GC:3    +
   26    34  0   0.0%   1.604 UG:3    +
   22    35  0   0.0%   1.626 UA:3    +
   27    38  0   0.0%   0.805 AU:3    +
   23    37  0   0.0%   1.216 UG:3    +
   26    31  0   0.0%   1.323 UG:3    +
   19    23  0   0.0%   1.161 GU:3    +
    1     6  0   0.0%   0.002 GU:3    +
   26    39  0   0.0%   1.187 UG:3    +
   23    35  0   0.0%   1.820 UA:3    +
   31    36  0   0.0%   1.632 GC:3    +
   21    31  0   0.0%   1.013 UG:3    +
    8    21  0   0.0%   0.004 GU:3    +
   16    26  0   0.0%   0.953 GU:3    +
    2    29  0   0.0%   0.262 GU:3    +
    3    39  0   0.0%   0.612 UG:3    +
    2    26  0   0.0%   0.261 GU:3    +
    1    30  0   0.0%   0.248 GU:3    +
   18    33  0   0.0%   1.086 GU:3    +
   30    37  0   0.0%   1.525 UG:3    +
   12    16  0   0.0%   0.247 CG:3    +
   11    17  0   0.0%   0.261 UG:3    +
    8    15  0   0.0%   0.003 GC:3    +
    3    28  0   0.0%   0.266 UG:3    +
    3    27  0   0.0%   0.266 UA:3    +
   30    35  0   0.0%   2.139 UA:3    +
    4    25  0   0.0%   0.268 CG:3    +
   10    23  0   0.0%   0.684 AU:3    +
    4    37  0   0.0%   0.614 CG:3    +
    7    21  0   0.0%   0.001 AU:3    +
    1    33  0   0.0%   0.248 GU:3    +
   36    40  0   0.0%   1.191 CG:3    +
   13    29  0   0.0%   1.236 GU:3    +
    7    33  0   0.0%   0.616 AU:3    +
   28    33  0   0.0%   1.486 GU:3    +
   32    38  0   0.0%   1.390 AU:3    +
    9    14  0   0.0%   0.264 GU:3    +
    2     6  0   0.0%   0.001 GU:3    +
    3     8  0   0.0%   0.001 UG:3    +
    1    29  0   0.0%   0.247 GU:3    +
   33    37  0   0.0%   1.274 UG:3    +
    1    11  0   0.0%   0.001 GU:3    +
    6    10  0   0.0%   0.263 UA:3    +
    5    11  0   0.0%   0.260 AU:3    +
   23    39  0   0.0%   1.403 UG:3    +
   25    38  0   0.0%   1.368 GU:3    +
   19    38  0   0.0%   1.079 GU:3    +
   24    38  0   0.0%   1.273 GU:3    +
   23    40  0   0.0%   1.106 UG:3    +
    2    38  0   0.0%   0.628 GU:3    +
    2    30  0   0.0%   0.262 GU:3    +
   22    39  0   0.0%   1.209 UG:3    +
    4    13  0   0.0%   0.265 CG:3    +
   29    34  0   0.0%   2.089 UG:3    +
   21    39  0   0.0%   1.038 UG:3    +
    3     7  0   0.0%   0.000 UA:3    +
    8    12  0   0.0%   0.249 GC:3    +
   11    31  0   0.0%   1.364 UG:3    +
   30    40  0   0.0%   1.415 UG:3    +
   14    28  0   0.0%   0.742 UG:3    +
    1    15  0   0.0%   0.247 GC:3    +
   30    39  0   0.0%   1.712 UG:3    +
   22    40  0   0.0%   0.912 UG:3    +
    4    19  0   0.0%   0.265 CG:3    +
    2    15  0   0.0%   0.261 GC:3    +
   21    40  0   0.0%   0.741 UG:3    +
    9    33  0   0.0%   1.284 GU:3    +
    2    14  0   0.0%   0.260 GU:3    +
   31    38  0   0.0%   1.164 GU:3    +
    7    14  0   0.0%   0.000 AU:3    +
   33    40  0   0.0%   1.164 UG:3    +
   12    40  0   0.0%   1.542 CG:3    +
    8    33  0   0.0%   0.828 GU:3    +
    4    18  0   0.0%   0.264 CG:3    +
   26    37  0   0.0%   0.998 UG:3    +
   34    38  0   0.0%   1.448 GU:3    +
    1    26  0   0.0%   0.246 GU:3    +
    3    20  0   0.0%   0.264 UG:3    +
    3    37  0   0.0%   0.611 UG:3    +
   29    40  0   0.0%   1.377 UG:3    +
    3    19  0   0.0%   0.264 UG:3    +
    7    11  0   0.0%   0.260 AU:3    +
    6    34  0   0.0%   0.801 UG:3    +
    8    14  0   0.0%   0.003 GU:3    +
   14    37  0   0.0%   1.207 UG:3    +
    3    24  0   0.0%   0.264 UG:3    +
   11    16  0   0.0%   0.260 UG:3    +
    6    13  0   0.0%   0.001 UG:3    +
   21    37  0   0.0%   0.850 UG:3    +
   33    39  0   0.0%   1.462 UG:3    +
    5    14  0   0.0%   0.000 AU:3    +
   29    39  0   0.0%   1.674 UG:3    +
    6    35  0   0.0%   0.801 UA:3    +
.(((((...((((.........)))).....)))))....
