3 sequence; length of alignment 34
alifold output
   14    23  0  96.3%   0.128 CG:3   
   13    24  0  94.9%   0.170 AU:3   
   15    22  0  94.5%   0.168 GC:3   
   12    25  0  84.5%   0.485 AU:3   
    7    29  0  72.7%   0.762 GC:3   
    8    28  0  71.1%   0.852 UA:3   
    5    32  0  43.4%   1.963 CG:3   
    4    33  0  38.2%   1.597 UA:3   
    5    31  0  33.5%   1.257 CG:3    +
    4    32  0  21.8%   1.313 UG:3    +
    3    32  0   5.8%   0.588 CG:3    +
    7    30  0   5.3%   0.765 GC:3    +
   17    21  0   3.6%   0.433 CG:3    +
    4    31  0   3.3%   0.411 UG:3    +
   10    26  0   2.7%   0.413 AU:3    +
   11    27  0   2.4%   0.326 UA:3    +
   16    22  0   2.3%   0.353 GC:3    +
   12    26  0   2.0%   0.546 AU:3    +
    9    29  0   1.9%   0.562 GC:3    +
   15    30  0   1.6%   0.447 GC:3    +
   16    29  0   1.6%   0.632 GC:3    +
   14    31  0   1.6%   0.779 CG:3    +
    9    26  0   1.5%   0.235 GU:3    +
   13    25  0   1.3%   0.421 AU:3    +
    8    27  0   1.2%   0.231 UA:3    +
   10    25  0   1.0%   0.151 AU:3    +
    7    17  0   0.7%   0.134 GC:3    +
    8    16  0   0.7%   0.135 UG:3    +
    6    18  0   0.7%   0.103 AU:3    +
    3    31  0   0.6%   0.159 CG:3    +
    9    30  0   0.6%   0.428 GC:3    +
    3    21  0   0.6%   0.121 CG:3    +
    4    20  0   0.6%   0.099 UA:3    +
    2    34  0   0.5%   0.110 AU:3    +
    8    31  0   0.4%   0.940 UG:3    +
    3     7  0   0.3%   0.059 CG:3    +
    2     8  0   0.3%   0.058 AU:3    +
    1     9  0   0.3%   0.051 UG:3    +
   22    31  0   0.3%   0.786 CG:3    +
   23    30  0   0.2%   0.348 GC:3    +
   18    27  0   0.2%   0.227 UA:3    +
    1    33  0   0.2%   0.056 UA:3    +
   12    24  0   0.1%   0.031 AU:3    +
    8    13  0   0.1%   0.045 UA:3    +
    7    14  0   0.1%   0.045 GC:3    +
    3     9  0   0.1%   0.060 CG:3    +
    5     9  0   0.1%   0.044 CG:3    +
    9    19  0   0.1%   0.054 GC:3    +
   10    18  0   0.1%   0.057 AU:3    +
    4    10  0   0.1%   0.018 UA:3    +
   11    28  0   0.1%   0.353 UA:3    +
    8    20  0   0.1%   0.111 UA:3    +
   17    23  0   0.1%   0.211 CG:3    +
    9    14  0   0.1%   0.052 GC:3    +
   20    25  0   0.1%   0.297 AU:3    +
   18    28  0   0.1%   0.314 UA:3    +
   20    26  0   0.0%   0.290 AU:3    +
   16    24  0   0.0%   0.195 GU:3    +
   11    33  0   0.0%   0.487 UA:3    +
   25    32  0   0.0%   1.127 UG:3    +
   24    33  0   0.0%   0.459 UA:3    +
   10    34  0   0.0%   0.192 AU:3    +
    5    23  0   0.0%   0.020 CG:3    +
    8    15  0   0.0%   0.038 UG:3    +
   23    29  0   0.0%   0.427 GC:3    +
   23    34  0   0.0%   0.104 GU:3    +
   21    25  0   0.0%   0.415 GU:3    +
   24    28  0   0.0%   0.324 UA:3    +
    3    23  0   0.0%   0.066 CG:3    +
   26    31  0   0.0%   0.863 UG:3    +
   14    21  0   0.0%   0.052 CG:3    +
   15    25  0   0.0%   0.312 GU:3    +
    2    26  0   0.0%   0.029 AU:3    +
    2    11  0   0.0%   0.025 AU:3    +
    5    15  0   0.0%   0.012 CG:3    +
    2    24  0   0.0%   0.027 AU:3    +
    1    27  0   0.0%   0.026 UA:3    +
   19    32  0   0.0%   0.874 CG:3    +
    7    22  0   0.0%   0.069 GC:3    +
    1    12  0   0.0%   0.022 UA:3    +
   18    33  0   0.0%   0.445 UA:3    +
    8    33  0   0.0%   0.770 UA:3    +
    5    21  0   0.0%   0.044 CG:3    +
   21    30  0   0.0%   0.415 GC:3    +
    7    34  0   0.0%   0.486 GU:3    +
    1    32  0   0.0%   0.026 UG:3    +
    1    23  0   0.0%   0.023 UG:3    +
    9    25  0   0.0%   0.045 GU:3    +
    8    32  0   0.0%   1.250 UG:3    +
    4    16  0   0.0%   0.010 UG:3    +
   26    32  0   0.0%   1.115 UG:3    +
    8    21  0   0.0%   0.105 UG:3    +
   19    23  0   0.0%   0.055 CG:3    +
   22    32  0   0.0%   1.023 CG:3    +
   10    24  0   0.0%   0.016 AU:3    +
    3    16  0   0.0%   0.030 CG:3    +
    6    11  0   0.0%   0.004 AU:3    +
    6    34  0   0.0%   0.066 AU:3    +
   25    33  0   0.0%   0.646 UA:3    +
    5    16  0   0.0%   0.012 CG:3    +
   11    23  0   0.0%   0.010 UG:3    +
    4    15  0   0.0%   0.008 UG:3    +
    1     6  0   0.0%   0.002 UA:3    +
   11    16  0   0.0%   0.041 UG:3    +
    1    10  0   0.0%   0.019 UA:3    +
    7    26  0   0.0%   0.069 GU:3    +
   19    31  0   0.0%   0.607 CG:3    +
   21    26  0   0.0%   0.402 GU:3    +
   20    24  0   0.0%   0.102 AU:3    +
   12    34  0   0.0%   0.264 AU:3    +
   26    33  0   0.0%   0.634 UA:3    +
    6    26  0   0.0%   0.038 AU:3    +
   18    32  0   0.0%   0.920 UG:3    +
   21    29  0   0.0%   0.532 GC:3    +
    9    17  0   0.0%   0.071 GC:3    +
   14    32  0   0.0%   0.977 CG:3    +
    7    19  0   0.0%   0.064 GC:3    +
    1     7  0   0.0%   0.001 UG:3    +
    4     9  0   0.0%   0.025 UG:3    +
   17    32  0   0.0%   1.022 CG:3    +
   15    24  0   0.0%   0.121 GU:3    +
    7    25  0   0.0%   0.066 GU:3    +
   11    31  0   0.0%   0.632 UG:3    +
   18    31  0   0.0%   0.656 UG:3    +
    1    31  0   0.0%   0.023 UG:3    +
    3    15  0   0.0%   0.028 CG:3    +
    7    11  0   0.0%   0.022 GU:3    +
   13    26  0   0.0%   0.356 AU:3    +
   25    31  0   0.0%   0.869 UG:3    +
   11    32  0   0.0%   0.960 UG:3    +
   27    34  0   0.0%   0.194 AU:3    +
   15    29  0   0.0%   0.368 GC:3    +
   15    19  0   0.0%   0.011 GC:3    +
    9    34  0   0.0%   0.242 GU:3    +
    4    21  0   0.0%   0.069 UG:3    +
    4    28  0   0.0%   0.038 UA:3    +
    2    18  0   0.0%   0.021 AU:3    +
    4    13  0   0.0%   0.006 UA:3    +
    9    22  0   0.0%   0.043 GC:3    +
   11    15  0   0.0%   0.008 UG:3    +
   28    34  0   0.0%   0.290 AU:3    +
    2    25  0   0.0%   0.023 AU:3    +
   24    32  0   0.0%   0.932 UG:3    +
    4    12  0   0.0%   0.008 UA:3    +
   16    30  0   0.0%   0.446 GC:3    +
   13    34  0   0.0%   0.150 AU:3    +
   18    23  0   0.0%   0.086 UG:3    +
    4    27  0   0.0%   0.040 UA:3    +
    8    12  0   0.0%   0.021 UA:3    +
    1    13  0   0.0%   0.019 UA:3    +
    1    20  0   0.0%   0.019 UA:3    +
    6    25  0   0.0%   0.035 AU:3    +
   24    31  0   0.0%   0.681 UG:3    +
   20    34  0   0.0%   0.077 AU:3    +
    8    23  0   0.0%   0.076 UG:3    +
    1    28  0   0.0%   0.022 UA:3    +
   16    34  0   0.0%   0.226 GU:3    +
   17    31  0   0.0%   0.758 CG:3    +
    7    24  0   0.0%   0.067 GU:3    +
   15    26  0   0.0%   0.300 GU:3    +
   16    25  0   0.0%   0.376 GU:3    +
    6    24  0   0.0%   0.037 AU:3    +
   11    20  0   0.0%   0.039 UA:3    +
    4    23  0   0.0%   0.041 UG:3    +
   12    18  0   0.0%   0.041 AU:3    +
    1    21  0   0.0%   0.019 UG:3    +
...((.((...((((......))))..))..)).
