3 sequence; length of alignment 34
alifold output
   12    32  0  81.1%   0.696 CG:3   
   11    33  0  81.1%   0.995 GC:3   
   13    31  0  80.9%   0.877 CG:3   
   10    34  0  79.7%   0.878 GC:3   
   15    23  0  23.1%   1.112 UG:2    UA:1    +
   16    22  0  23.2%   1.111 CG:3    +
   14    24  0  21.6%   1.005 UA:3    +
   10    29  0  18.5%   0.950 GC:2    GU:1    +
   11    28  0  18.4%   0.951 GC:3    +
    9    30  0  18.1%   0.937 AU:3    +
    8    31  0  15.5%   0.976 CG:3    +
   15    24  0   6.0%   1.194 UA:3    +
   16    23  1   6.1%   1.280 CG:2    +
    7    33  0   5.4%   0.490 GC:3    +
   17    22  0   3.4%   0.780 UG:3    +
    8    32  0   2.9%   0.717 CG:3    +
   23    29  0   1.5%   1.232 GC:2    AU:1    +
   18    24  0   2.0%   0.783 UA:3    +
   13    22  0   1.6%   0.211 CG:3    +
    1     8  0   1.6%   0.210 GC:3    +
   22    30  0   1.5%   1.078 GU:3    +
   19    23  1   1.9%   0.841 CG:2    +
   18    23  0   0.3%   0.661 UG:2    UA:1    +
   22    29  0   0.3%   0.921 GC:2    GU:1    +
   23    27  0   0.2%   0.729 GU:2    AU:1    +
   12    23  1   1.6%   0.208 CG:2    +
   14    23  0   0.1%   0.096 UG:2    UA:1    +
   17    23  0   0.1%   0.728 UG:2    UA:1    +
   23    30  0   0.0%   1.161 GU:2    AU:1    +
   11    29  0   0.0%   0.638 GC:2    GU:1    +
    6    23  0   0.0%   0.020 UG:2    UA:1    +
    7    29  0   0.0%   0.012 GC:2    GU:1    +
    1    29  0   0.0%   0.091 GC:2    GU:1    +
    3    29  0   0.0%   0.056 GC:2    GU:1    +
    3     8  0   0.8%   0.187 GC:3    +
   17    24  0   0.4%   0.695 UA:3    +
   21    31  0   0.3%   0.524 CG:3    +
   22    28  0   0.3%   0.905 GC:3    +
    5    32  0   0.2%   0.049 CG:3    +
   20    25  0   0.1%   0.040 AU:3    +
    1     5  0   0.1%   0.022 GC:3    +
   20    30  0   0.1%   0.355 AU:3    +
   10    16  0   0.1%   0.028 GC:3    +
    3    16  0   0.1%   0.061 GC:3    +
    9    17  0   0.1%   0.022 AU:3    +
    2    27  0   0.1%   0.029 AU:3    +
    1    28  0   0.1%   0.102 GC:3    +
    3    26  0   0.1%   0.067 GU:3    +
    4    15  0   0.1%   0.019 AU:3    +
    4    25  0   0.1%   0.022 AU:3    +
    3    34  0   0.1%   0.078 GC:3    +
   15    22  0   0.1%   0.102 UG:3    +
    3    33  0   0.1%   0.071 GC:3    +
    2    17  0   0.1%   0.020 AU:3    +
   20    26  0   0.1%   0.035 AU:3    +
    7    19  0   0.1%   0.019 GC:3    +
    6    22  0   0.1%   0.025 UG:3    +
    7    21  0   0.1%   0.020 GC:3    +
    6    20  0   0.0%   0.018 UA:3    +
    6    32  0   0.0%   0.040 UG:3    +
   20    27  0   0.0%   0.038 AU:3    +
   18    22  0   0.0%   0.553 UG:3    +
   19    31  0   0.0%   0.556 CG:3    +
    1    18  0   0.0%   0.088 GU:3    +
    6    31  0   0.0%   0.024 UG:3    +
    1    19  0   0.0%   0.091 GC:3    +
   11    15  0   0.0%   0.019 GU:3    +
    1     6  0   0.0%   0.015 GU:3    +
    2     6  0   0.0%   0.010 AU:3    +
   10    17  0   0.0%   0.027 GU:3    +
    7    12  0   0.0%   0.007 GC:3    +
    5    11  0   0.0%   0.016 CG:3    +
   11    16  0   0.0%   0.025 GC:3    +
    3    13  0   0.0%   0.047 GC:3    +
   15    20  0   0.0%   0.022 UA:3    +
    9    18  0   0.0%   0.017 AU:3    +
    6    10  0   0.0%   0.012 UG:3    +
    2    14  0   0.0%   0.008 AU:3    +
    2    18  0   0.0%   0.019 AU:3    +
   11    27  0   0.0%   0.019 GU:3    +
    7    34  0   0.0%   0.181 GC:3    +
   10    28  0   0.0%   0.023 GC:3    +
    1    15  0   0.0%   0.081 GU:3    +
    5    22  0   0.0%   0.015 CG:3    +
    5    10  0   0.0%   0.011 CG:3    +
   10    30  0   0.0%   0.640 GU:3    +
   14    20  0   0.0%   0.010 UA:3    +
    1    16  0   0.0%   0.082 GC:3    +
   10    19  0   0.0%   0.022 GC:3    +
    1    34  0   0.0%   0.094 GC:3    +
    2    15  0   0.0%   0.009 AU:3    +
   24    30  0   0.0%   0.983 AU:3    +
   18    32  0   0.0%   0.398 UG:3    +
    7    13  0   0.0%   0.007 GC:3    +
   19    32  0   0.0%   0.376 CG:3    +
   14    31  0   0.0%   0.808 UG:3    +
   11    18  0   0.0%   0.017 GU:3    +
   14    22  0   0.0%   0.079 UG:3    +
    3    17  0   0.0%   0.055 GU:3    +
    3    14  0   0.0%   0.046 GU:3    +
   22    27  0   0.0%   0.550 GU:3    +
   13    32  0   0.0%   0.530 CG:3    +
   12    22  0   0.0%   0.009 CG:3    +
    2    25  0   0.0%   0.013 AU:3    +
    7    30  0   0.0%   0.013 GU:3    +
   22    26  0   0.0%   0.549 GU:3    +
   10    33  0   0.0%   0.491 GC:3    +
    5    31  0   0.0%   0.017 CG:3    +
   16    31  0   0.0%   0.989 CG:3    +
    3    19  0   0.0%   0.053 GC:3    +
    1    26  0   0.0%   0.086 GU:3    +
    4    18  0   0.0%   0.011 AU:3    +
    3    12  0   0.0%   0.041 GC:3    +
    8    22  0   0.0%   0.113 CG:3    +
   10    21  0   0.0%   0.018 GC:3    +
   21    32  0   0.0%   0.311 CG:3    +
    1    33  0   0.0%   0.092 GC:3    +
    6    11  0   0.0%   0.010 UG:3    +
    6    24  0   0.0%   0.016 UA:3    +
   10    18  0   0.0%   0.019 GU:3    +
   11    25  0   0.0%   0.015 GU:3    +
   10    26  0   0.0%   0.019 GU:3    +
    9    26  0   0.0%   0.014 AU:3    +
   11    17  0   0.0%   0.021 GU:3    +
    9    27  0   0.0%   0.014 AU:3    +
    3    28  0   0.0%   0.061 GC:3    +
    4    27  0   0.0%   0.017 AU:3    +
    7    28  0   0.0%   0.018 GC:3    +
   10    25  0   0.0%   0.019 GU:3    +
    1    13  0   0.0%   0.077 GC:3    +
   22    34  0   0.0%   0.824 GC:3    +
    7    16  0   0.0%   0.010 GC:3    +
   11    19  0   0.0%   0.017 GC:3    +
   11    34  0   0.0%   0.681 GC:3    +
    7    14  0   0.0%   0.006 GU:3    +
    2    26  0   0.0%   0.013 AU:3    +
    3    25  0   0.0%   0.050 GU:3    +
   11    26  0   0.0%   0.015 GU:3    +
    1    21  0   0.0%   0.085 GC:3    +
   12    31  0   0.0%   0.362 CG:3    +
    1    27  0   0.0%   0.086 GU:3    +
   26    31  0   0.0%   0.496 UG:3    +
   17    31  0   0.0%   0.618 UG:3    +
    3    21  0   0.0%   0.050 GC:3    +
    4    14  0   0.0%   0.003 AU:3    +
    9    14  0   0.0%   0.003 AU:3    +
    2    30  0   0.0%   0.018 AU:3    +
   16    32  0   0.0%   0.811 CG:3    +
   25    31  0   0.0%   0.500 UG:3    +
   22    33  0   0.0%   0.967 GC:3    +
   25    32  0   0.0%   0.304 UG:3    +
   10    27  0   0.0%   0.019 GU:3    +
   15    32  0   0.0%   0.812 UG:3    +
    9    15  0   0.0%   0.008 AU:3    +
    3    15  0   0.0%   0.045 GU:3    +
   11    21  0   0.0%   0.013 GC:3    +
   10    14  0   0.0%   0.006 GU:3    +
   18    31  0   0.0%   0.573 UG:3    +
   15    31  0   0.0%   0.989 UG:3    +
    4    26  0   0.0%   0.017 AU:3    +
   23    28  1   0.3%   1.079 GC:2    +
    5    23  1   0.1%   0.024 CG:2    +
   13    23  1   0.0%   0.143 CG:2    +
   23    33  1   0.0%   1.110 GC:2    +
    8    23  1   0.0%   0.111 CG:2    +
.........((((.................))))
