3 sequence; length of alignment 34
alifold output
    9    19  0  93.8%   0.335 CG:3   
    8    20  0  93.3%   0.277 UA:3   
   10    18  0  93.3%   0.264 AU:3   
   11    17  0  90.7%   0.362 UA:3   
    7    21  0  84.1%   0.521 GC:3   
    2    32  0  47.9%   1.136 CG:3   
    3    31  0  47.1%   1.140 AU:3   
    1    33  0  46.6%   1.074 CG:3   
    4    30  0  44.1%   1.151 UG:3   
    5    29  0  36.0%   1.231 UA:3   
   24    32  0  26.9%   1.934 CG:3    +
   25    31  0  26.8%   1.680 AU:3    +
   26    30  0  26.3%   1.785 CG:3    +
   23    33  0  14.7%   1.984 UG:3    +
    6    23  0  14.1%   0.914 AU:3    +
   24    28  0  10.1%   0.946 CG:3    +
   23    29  0  10.1%   1.544 UA:3    +
   22    30  0   9.6%   1.371 CG:3    +
   27    32  0   9.2%   1.578 CG:3    +
   26    33  0   9.1%   1.868 CG:3    +
    7    22  0   7.2%   0.800 GC:3    +
    8    14  0   2.2%   0.252 UA:3    +
    7    15  0   2.2%   0.254 GU:3    +
    9    13  0   2.1%   0.252 CG:3    +
   13    24  0   2.1%   0.338 GC:3    +
    6    16  0   2.0%   0.240 AU:3    +
   14    23  0   2.0%   0.601 AU:3    +
    9    32  0   2.0%   0.788 CG:3    +
   10    31  0   1.9%   0.670 AU:3    +
    8    33  0   1.9%   0.808 UG:3    +
    7    34  0   1.9%   0.729 GC:3    +
   11    30  0   1.9%   0.683 UG:3    +
   12    25  0   1.8%   0.298 UA:3    +
    2    19  0   1.7%   0.214 CG:3    +
    3    18  0   1.7%   0.209 AU:3    +
   22    33  0   1.4%   1.173 CG:3    +
   12    29  0   1.4%   0.697 UA:3    +
   22    28  0   1.4%   0.454 CG:3    +
    5    17  0   1.2%   0.204 UA:3    +
    7    27  0   0.9%   0.589 GC:3    +
    9    28  0   0.9%   0.299 CG:3    +
    4    17  0   0.9%   0.129 UA:3    +
    8    29  0   0.8%   0.675 UA:3    +
    7    26  0   0.8%   0.536 GC:3    +
    5    25  0   0.8%   0.173 UA:3    +
   22    32  0   0.8%   1.056 CG:3    +
   21    33  0   0.6%   0.707 CG:3    +
   19    24  0   0.5%   0.295 GC:3    +
   18    25  0   0.5%   0.351 UA:3    +
   24    30  0   0.5%   1.082 CG:3    +
    8    25  0   0.4%   0.258 UA:3    +
    5    28  0   0.4%   0.160 UG:3    +
    6    31  0   0.3%   0.770 AU:3    +
    5    32  0   0.3%   0.889 UG:3    +
   21    32  0   0.3%   0.651 CG:3    +
    4    29  0   0.3%   0.098 UA:3    +
    4    33  0   0.2%   0.817 UG:3    +
   13    27  0   0.2%   0.252 GC:3    +
   23    32  0   0.1%   1.120 UG:3    +
   13    22  0   0.1%   0.301 GC:3    +
   12    17  0   0.1%   0.208 UA:3    +
   12    28  0   0.1%   0.174 UG:3    +
   27    33  0   0.1%   1.330 CG:3    +
    4    25  0   0.1%   0.062 UA:3    +
   11    29  0   0.1%   0.529 UA:3    +
   20    31  0   0.1%   0.529 AU:3    +
    3    23  0   0.0%   0.083 AU:3    +
    2    28  0   0.0%   0.087 CG:3    +
    1    28  0   0.0%   0.011 CG:3    +
   21    30  0   0.0%   0.597 CG:3    +
   23    28  0   0.0%   0.508 UG:3    +
    2    13  0   0.0%   0.009 CG:3    +
    3    12  0   0.0%   0.009 AU:3    +
   26    32  0   0.0%   1.261 CG:3    +
   16    25  0   0.0%   0.226 UA:3    +
    7    24  0   0.0%   0.427 GC:3    +
    5    30  0   0.0%   0.848 UG:3    +
   24    33  0   0.0%   1.542 CG:3    +
   13    21  0   0.0%   0.238 GC:3    +
    5    13  0   0.0%   0.008 UG:3    +
    6    12  0   0.0%   0.008 AU:3    +
    4    14  0   0.0%   0.005 UA:3    +
    6    15  0   0.0%   0.007 AU:3    +
   19    27  0   0.0%   0.218 GC:3    +
    2    33  0   0.0%   0.790 CG:3    +
    3    15  0   0.0%   0.007 AU:3    +
   18    28  0   0.0%   0.241 UG:3    +
   15    28  0   0.0%   0.167 UG:3    +
   12    19  0   0.0%   0.146 UG:3    +
   19    34  0   0.0%   0.240 GC:3    +
   11    20  0   0.0%   0.157 UA:3    +
    1    32  0   0.0%   0.008 CG:3    +
   10    23  0   0.0%   0.349 AU:3    +
    1    19  0   0.0%   0.003 CG:3    +
   18    33  0   0.0%   0.608 UG:3    +
   21    28  0   0.0%   0.229 CG:3    +
    7    11  0   0.0%   0.003 GU:3    +
   13    26  0   0.0%   0.217 GC:3    +
   12    20  0   0.0%   0.080 UA:3    +
   23    30  0   0.0%   1.263 UG:3    +
    4    28  0   0.0%   0.059 UG:3    +
   28    34  0   0.0%   0.452 GC:3    +
   19    26  0   0.0%   0.200 GC:3    +
   11    25  0   0.0%   0.158 UA:3    +
   17    23  0   0.0%   0.552 AU:3    +
   15    25  0   0.0%   0.228 UA:3    +
   15    20  0   0.0%   0.154 UA:3    +
    1    30  0   0.0%   0.006 CG:3    +
    2    30  0   0.0%   0.079 CG:3    +
    2     7  0   0.0%   0.002 CG:3    +
    8    28  0   0.0%   0.199 UG:3    +
   10    16  0   0.0%   0.081 AU:3    +
   16    28  0   0.0%   0.161 UG:3    +
   14    18  0   0.0%   0.220 AU:3    +
    5    19  0   0.0%   0.127 UG:3    +
   15    29  0   0.0%   0.577 UA:3    +
    4    20  0   0.0%   0.045 UA:3    +
    7    23  0   0.0%   0.700 GU:3    +
    6    18  0   0.0%   0.151 AU:3    +
   13    18  0   0.0%   0.222 GU:3    +
   16    20  0   0.0%   0.147 UA:3    +
   15    19  0   0.0%   0.219 UG:3    +
    5    33  0   0.0%   0.868 UG:3    +
   12    30  0   0.0%   0.590 UG:3    +
   19    23  0   0.0%   0.493 GU:3    +
   16    29  0   0.0%   0.571 UA:3    +
   30    34  0   0.0%   1.121 GC:3    +
    7    12  0   0.0%   0.006 GU:3    +
    8    13  0   0.0%   0.005 UG:3    +
   11    28  0   0.0%   0.162 UG:3    +
    5    10  0   0.0%   0.000 UA:3    +
    1     7  0   0.0%   0.000 CG:3    +
    4    19  0   0.0%   0.115 UG:3    +
   17    31  0   0.0%   0.642 AU:3    +
   15    30  0   0.0%   0.528 UG:3    +
   16    32  0   0.0%   0.531 UG:3    +
   18    30  0   0.0%   0.600 UG:3    +
    7    16  0   0.0%   0.164 GU:3    +
   14    31  0   0.0%   0.614 AU:3    +
    4    32  0   0.0%   0.781 UG:3    +
   10    15  0   0.0%   0.086 AU:3    +
   15    33  0   0.0%   0.533 UG:3    +
    6    11  0   0.0%   0.000 AU:3    +
   13    23  0   0.0%   0.378 GU:3    +
   11    19  0   0.0%   0.221 UG:3    +
    8    17  0   0.0%   0.179 UA:3    +
   12    33  0   0.0%   0.595 UG:3    +
    7    18  0   0.0%   0.153 GU:3    +
    4    10  0   0.0%   0.000 UA:3    +
    5    14  0   0.0%   0.003 UA:3    +
    3    11  0   0.0%   0.000 AU:3    +
    9    30  0   0.0%   0.550 CG:3    +
   18    29  0   0.0%   0.648 UA:3    +
    1    13  0   0.0%   0.000 CG:3    +
   18    32  0   0.0%   0.609 UG:3    +
    7    31  0   0.0%   0.877 GU:3    +
   19    31  0   0.0%   0.612 GU:3    +
    5    20  0   0.0%   0.056 UA:3    +
    3    16  0   0.0%   0.004 AU:3    +
(((((.(((((.....))))).......))))).
