3 sequence; length of alignment 34
alifold output
    6    28  0  92.7%   0.226 CG:3   
    7    27  0  92.6%   0.227 UA:3   
    5    29  0  91.7%   0.263 UG:3   
    8    26  0  91.1%   0.259 AU:3   
    4    30  0  90.6%   0.455 CG:3   
   12    21  0  86.1%   0.554 CG:3   
   11    22  0  85.9%   0.559 CG:3   
   10    24  0  67.9%   0.963 UG:3   
   14    20  0   6.0%   0.531 UA:3    +
    2    11  0   5.8%   0.496 GC:3    +
    3    10  0   5.8%   0.495 AU:3    +
    1    12  0   5.8%   0.496 GC:3    +
    4     9  0   5.7%   0.492 CG:3    +
   12    22  0   5.5%   0.907 CG:3    +
   12    24  0   1.5%   0.963 CG:3    +
   11    25  0   1.5%   0.590 CG:3    +
   11    24  0   1.2%   0.722 CG:3    +
   10    25  0   1.1%   0.581 UG:3    +
   13    23  0   1.0%   0.171 GU:3    +
   12    29  0   0.8%   0.759 CG:3    +
   11    30  0   0.8%   0.645 CG:3    +
   18    25  0   0.7%   0.286 CG:3    +
    4    33  0   0.7%   0.380 CG:3    +
   10    31  0   0.7%   0.603 UA:3    +
   14    27  0   0.7%   0.412 UA:3    +
   17    26  0   0.7%   0.240 AU:3    +
    3    34  0   0.6%   0.274 AU:3    +
   14    22  0   0.6%   0.584 UG:3    +
   18    24  0   0.6%   0.503 CG:3    +
   15    26  0   0.6%   0.179 GU:3    +
    6    30  0   0.5%   0.254 CG:3    +
    7    29  0   0.5%   0.260 UG:3    +
    5    32  0   0.5%   0.184 UA:3    +
   14    19  0   0.4%   0.068 UA:3    +
   19    23  0   0.4%   0.174 AU:3    +
    5    31  0   0.3%   0.147 UA:3    +
   18    22  0   0.3%   0.387 CG:3    +
   17    23  0   0.3%   0.122 AU:3    +
    4    29  0   0.3%   0.221 CG:3    +
    9    23  0   0.3%   0.216 GU:3    +
   13    18  0   0.2%   0.031 GC:3    +
   14    21  0   0.1%   0.345 UG:3    +
    2    34  0   0.1%   0.194 GU:3    +
    1    34  0   0.1%   0.187 GU:3    +
    6    25  0   0.1%   0.020 CG:3    +
    7    24  0   0.1%   0.019 UG:3    +
    4    28  0   0.1%   0.182 CG:3    +
    5    27  0   0.1%   0.018 UA:3    +
    6    33  0   0.1%   0.157 CG:3    +
    8    23  0   0.1%   0.015 AU:3    +
    7    32  0   0.1%   0.147 UA:3    +
    9    26  0   0.1%   0.279 GU:3    +
   14    29  0   0.0%   0.442 UG:3    +
   18    29  0   0.0%   0.274 CG:3    +
   18    28  0   0.0%   0.186 CG:3    +
   18    33  0   0.0%   0.148 CG:3    +
   23    32  0   0.0%   0.148 UA:3    +
   12    28  0   0.0%   0.603 CG:3    +
   11    29  0   0.0%   0.542 CG:3    +
    6    29  0   0.0%   0.181 CG:3    +
   17    34  0   0.0%   0.104 AU:3    +
   14    28  0   0.0%   0.353 UG:3    +
   21    26  0   0.0%   0.299 GU:3    +
    7    28  0   0.0%   0.161 UG:3    +
    5    30  0   0.0%   0.181 UG:3    +
    5    28  0   0.0%   0.017 UG:3    +
   10    30  0   0.0%   0.601 UG:3    +
   21    34  0   0.0%   0.192 GU:3    +
   16    23  0   0.0%   0.072 AU:3    +
   16    26  0   0.0%   0.124 AU:3    +
   20    26  0   0.0%   0.328 AU:3    +
    9    18  0   0.0%   0.167 GC:3    +
   10    17  0   0.0%   0.168 UA:3    +
   23    30  0   0.0%   0.270 UG:3    +
   14    25  0   0.0%   0.350 UG:3    +
   11    21  0   0.0%   0.169 CG:3    +
    6    21  0   0.0%   0.003 CG:3    +
    7    20  0   0.0%   0.002 UA:3    +
   10    27  0   0.0%   0.557 UA:3    +
   18    30  0   0.0%   0.260 CG:3    +
   23    28  0   0.0%   0.196 UG:3    +
   23    29  0   0.0%   0.281 UG:3    +
   23    31  0   0.0%   0.166 UA:3    +
   10    22  0   0.0%   0.168 UG:3    +
    1     6  0   0.0%   0.001 GC:3    +
    4    25  0   0.0%   0.166 CG:3    +
    3    26  0   0.0%   0.167 AU:3    +
    4    22  0   0.0%   0.165 CG:3    +
    3    23  0   0.0%   0.166 AU:3    +
    2     6  0   0.0%   0.002 GC:3    +
   26    32  0   0.0%   0.192 UA:3    +
    8    34  0   0.0%   0.136 AU:3    +
    1     7  0   0.0%   0.002 GU:3    +
   29    34  0   0.0%   0.223 GU:3    +
   14    30  0   0.0%   0.429 UG:3    +
    5    24  0   0.0%   0.002 UG:3    +
   14    32  0   0.0%   0.302 UA:3    +
   19    26  0   0.0%   0.200 AU:3    +
   27    34  0   0.0%   0.163 AU:3    +
   14    31  0   0.0%   0.326 UA:3    +
   24    34  0   0.0%   0.464 GU:3    +
   28    34  0   0.0%   0.137 GU:3    +
   12    30  0   0.0%   0.715 CG:3    +
   26    33  0   0.0%   0.202 UG:3    +
    5    22  0   0.0%   0.001 UG:3    +
   10    32  0   0.0%   0.545 UA:3    +
   26    31  0   0.0%   0.213 UA:3    +
   12    25  0   0.0%   0.634 CG:3    +
   11    15  0   0.0%   0.166 CG:3    +
   15    23  0   0.0%   0.068 GU:3    +
   13    26  0   0.0%   0.147 GU:3    +
   10    21  0   0.0%   0.167 UG:3    +
   14    33  0   0.0%   0.312 UG:3    +
   10    16  0   0.0%   0.166 UA:3    +
   22    26  0   0.0%   0.499 GU:3    +
    7    25  0   0.0%   0.014 UG:3    +
    7    33  0   0.0%   0.152 UG:3    +
   14    24  0   0.0%   0.614 UG:3    +
    7    30  0   0.0%   0.226 UG:3    +
    6    15  0   0.0%   0.001 CG:3    +
    5    21  0   0.0%   0.000 UG:3    +
   23    33  0   0.0%   0.156 UG:3    +
   25    34  0   0.0%   0.204 GU:3    +
    5    16  0   0.0%   0.000 UA:3    +
    4    24  0   0.0%   0.165 CG:3    +
   23    27  0   0.0%   0.220 UA:3    +
   26    30  0   0.0%   0.317 UG:3    +
    6    22  0   0.0%   0.003 CG:3    +
   20    34  0   0.0%   0.219 AU:3    +
    7    21  0   0.0%   0.002 UG:3    +
    7    31  0   0.0%   0.127 UA:3    +
    9    34  0   0.0%   0.231 GU:3    +
    5     9  0   0.0%   0.164 UG:3    +
   30    34  0   0.0%   0.210 GU:3    +
    6    24  0   0.0%   0.002 CG:3    +
    2     7  0   0.0%   0.001 GU:3    +
   19    34  0   0.0%   0.093 AU:3    +
   22    34  0   0.0%   0.390 GU:3    +
   13    34  0   0.0%   0.103 GU:3    +
    4    13  0   0.0%   0.164 CG:3    +
    5    33  0   0.0%   0.168 UG:3    +
    3    14  0   0.0%   0.165 AU:3    +
    7    19  0   0.0%   0.001 UA:3    +
    1    18  0   0.0%   0.166 GC:3    +
   16    34  0   0.0%   0.049 AU:3    +
    4    15  0   0.0%   0.164 CG:3    +
   15    34  0   0.0%   0.076 GU:3    +
    6    13  0   0.0%   0.001 CG:3    +
    5    25  0   0.0%   0.001 UG:3    +
    3     7  0   0.0%   0.000 AU:3    +
...(((((.(((........)).).)))))....
