3 sequence; length of alignment 34
alifold output
    9    31  0  47.9%   1.392 GC:3   
   10    30  0  47.7%   1.167 GC:3   
    8    32  0  46.4%   1.313 AU:3   
   15    31  0  42.3%   2.072 GC:3    +
   16    30  0  42.2%   2.020 GC:3    +
   14    32  0  41.0%   1.959 AU:3    +
   19    27  0  40.8%   1.628 GC:3    +
    7    33  0  40.0%   1.352 GU:3   
   20    26  0  39.8%   1.723 AU:3    +
   17    26  0  36.8%   1.444 AU:3   
   16    27  0  36.6%   1.410 GC:3   
   18    25  0  34.3%   1.385 AU:3   
   13    33  0  30.9%   1.720 AU:3    +
   21    25  0  23.1%   1.645 AU:3    +
   15    22  0  11.5%   0.785 GC:3    +
   14    23  0  11.1%   0.779 AU:3    +
    1     9  0   8.0%   0.619 CG:3    +
    2     8  0   8.0%   0.606 UA:3    +
    7    34  0   7.3%   1.187 GC:3    +
    3     7  0   6.8%   0.565 CG:3    +
    8    33  0   6.6%   1.508 AU:3    +
    9    32  0   5.8%   1.539 GU:3    +
   10    31  0   5.8%   1.302 GC:3    +
   12    29  0   3.1%   0.462 UA:3    +
   12    28  0   2.8%   0.341 UA:3    +
   16    22  0   1.8%   0.502 GC:3    +
   15    27  0   1.8%   0.640 GC:3    +
   15    23  0   1.8%   0.766 GU:3    +
   16    26  0   1.7%   0.498 GU:3    +
   17    25  0   1.6%   0.423 AU:3    +
    3     9  0   1.0%   0.552 CG:3    +
   13    26  0   1.0%   0.231 AU:3    +
   15    25  0   1.0%   0.606 GU:3    +
   14    25  0   1.0%   0.471 AU:3    +
   14    26  0   0.9%   0.536 AU:3    +
   17    23  0   0.9%   0.534 AU:3    +
   16    23  0   0.9%   0.566 GU:3    +
    6    24  0   0.7%   0.117 CG:3    +
    5    25  0   0.7%   0.104 AU:3    +
   18    32  0   0.7%   1.404 AU:3    +
   17    33  0   0.7%   1.505 AU:3    +
   19    31  0   0.7%   1.407 GC:3    +
   16    34  0   0.7%   1.248 GC:3    +
    2    10  0   0.6%   0.345 UG:3    +
   11    19  0   0.5%   0.098 CG:3    +
    4    26  0   0.5%   0.086 AU:3    +
   12    18  0   0.5%   0.089 UA:3    +
    1    10  0   0.5%   0.296 CG:3    +
   11    24  0   0.5%   0.151 CG:3    +
    9    22  0   0.5%   0.352 GC:3    +
    2     9  0   0.4%   0.476 UG:3    +
    8    23  0   0.4%   0.285 AU:3    +
    7    27  0   0.4%   0.283 GC:3    +
   13    25  0   0.4%   0.127 AU:3    +
    8    26  0   0.3%   0.309 AU:3    +
    7    23  0   0.3%   0.260 GU:3    +
   10    25  0   0.3%   0.168 GU:3    +
    1     7  0   0.2%   0.042 CG:3    +
    9    34  0   0.2%   1.079 GC:3    +
   10    34  0   0.2%   0.869 GC:3    +
    9    25  0   0.2%   0.368 GU:3    +
   20    25  0   0.1%   0.650 AU:3    +
    9    27  0   0.1%   0.368 GC:3    +
    6    15  0   0.1%   0.032 CG:3    +
    9    26  0   0.1%   0.385 GU:3    +
   10    33  0   0.1%   1.195 GU:3    +
   19    26  0   0.1%   0.674 GU:3    +
    3    10  0   0.1%   0.312 CG:3    +
   10    26  0   0.1%   0.166 GU:3    +
   18    23  0   0.1%   0.496 AU:3    +
   10    27  0   0.1%   0.145 GC:3    +
   19    23  0   0.1%   0.507 GU:3    +
   16    25  0   0.1%   0.316 GU:3    +
   15    26  0   0.1%   0.551 GU:3    +
   18    26  0   0.1%   1.016 AU:3    +
   19    25  0   0.1%   0.671 GU:3    +
   12    24  0   0.1%   0.110 UG:3    +
    7    11  0   0.1%   0.211 GC:3    +
   11    16  0   0.1%   0.020 CG:3    +
    7    30  0   0.0%   0.254 GC:3    +
    2    28  0   0.0%   0.275 UA:3    +
   14    33  0   0.0%   1.634 AU:3    +
   13    23  0   0.0%   0.051 AU:3    +
   15    30  0   0.0%   0.827 GC:3    +
   12    19  0   0.0%   0.074 UG:3    +
   24    30  0   0.0%   0.801 GC:3    +
    6    10  0   0.0%   0.073 CG:3    +
   21    26  0   0.0%   1.325 AU:3    +
   25    29  0   0.0%   1.086 UA:3    +
   23    29  0   0.0%   0.575 UA:3    +
   16    31  0   0.0%   1.819 GC:3    +
   15    32  0   0.0%   1.724 GU:3    +
    3    19  0   0.0%   0.249 CG:3    +
    9    30  0   0.0%   0.340 GC:3    +
    2    20  0   0.0%   0.268 UA:3    +
    7    31  0   0.0%   0.253 GC:3    +
    5    12  0   0.0%   0.006 AU:3    +
    4    33  0   0.0%   0.034 AU:3    +
   13    32  0   0.0%   0.600 AU:3    +
    1    15  0   0.0%   0.247 CG:3    +
    2    14  0   0.0%   0.261 UA:3    +
    5    33  0   0.0%   0.043 AU:3    +
    7    12  0   0.0%   0.209 GU:3    +
    2     7  0   0.0%   0.018 UG:3    +
    3    16  0   0.0%   0.244 CG:3    +
    1    19  0   0.0%   0.248 CG:3    +
    5    32  0   0.0%   0.040 AU:3    +
   11    15  0   0.0%   0.019 CG:3    +
    2    17  0   0.0%   0.262 UA:3    +
    2    18  0   0.0%   0.263 UA:3    +
    4    12  0   0.0%   0.003 AU:3    +
    7    32  0   0.0%   0.253 GU:3    +
   10    22  0   0.0%   0.097 GC:3    +
    6    16  0   0.0%   0.016 CG:3    +
   20    33  0   0.0%   1.340 AU:3    +
   19    34  0   0.0%   0.706 GC:3    +
    9    33  0   0.0%   1.401 GU:3    +
   21    32  0   0.0%   1.272 AU:3    +
    9    23  0   0.0%   0.342 GU:3    +
    3    15  0   0.0%   0.243 CG:3    +
   15    34  0   0.0%   1.046 GC:3    +
    8    12  0   0.0%   0.207 AU:3    +
    5    26  0   0.0%   0.066 AU:3    +
   16    33  0   0.0%   1.858 GU:3    +
   24    31  0   0.0%   0.989 GC:3    +
   17    32  0   0.0%   1.373 AU:3    +
   10    32  0   0.0%   1.144 GU:3    +
   23    28  0   0.0%   0.563 UA:3    +
   12    17  0   0.0%   0.007 UA:3    +
   12    21  0   0.0%   0.037 UA:3    +
    1    16  0   0.0%   0.245 CG:3    +
   19    30  0   0.0%   1.147 GC:3    +
    2    16  0   0.0%   0.260 UG:3    +
    3    24  0   0.0%   0.244 CG:3    +
   12    20  0   0.0%   0.038 UA:3    +
    2    15  0   0.0%   0.261 UG:3    +
    4    23  0   0.0%   0.002 AU:3    +
    2    29  0   0.0%   0.268 UA:3    +
    7    22  0   0.0%   0.205 GC:3    +
    6    19  0   0.0%   0.017 CG:3    +
    8    25  0   0.0%   0.258 AU:3    +
    7    26  0   0.0%   0.252 GU:3    +
   10    23  0   0.0%   0.110 GU:3    +
    2    13  0   0.0%   0.257 UA:3    +
   28    33  0   0.0%   1.064 AU:3    +
    4    32  0   0.0%   0.030 AU:3    +
    7    25  0   0.0%   0.257 GU:3    +
   24    33  0   0.0%   1.029 GU:3    +
   20    32  0   0.0%   1.307 AU:3    +
   19    33  0   0.0%   1.413 GU:3    +
    1    24  0   0.0%   0.245 CG:3    +
    4    25  0   0.0%   0.001 AU:3    +
   24    34  0   0.0%   0.319 GC:3    +
   12    16  0   0.0%   0.011 UG:3    +
   29    33  0   0.0%   1.073 AU:3    +
   28    32  0   0.0%   1.032 AU:3    +
    2    19  0   0.0%   0.263 UG:3    +
   15    33  0   0.0%   1.753 GU:3    +
   21    33  0   0.0%   1.303 AU:3    +
   16    32  0   0.0%   1.826 GU:3    +
   18    33  0   0.0%   1.401 AU:3    +
   19    32  0   0.0%   1.382 GU:3    +
......((((.....(((......)))..)))).
