3 sequence; length of alignment 40
alifold output
    5    33  0  99.7%   0.027 CG:3   
    6    32  0  99.6%   0.032 GC:3   
    4    34  0  99.1%   0.043 CG:3   
    7    31  0  96.8%   0.113 UG:3   
    1    37  0  92.0%   0.268 GC:3   
   18    25  0  91.0%   0.508 CG:3   
   17    26  0  90.9%   0.523 AU:3   
   16    27  0  89.5%   0.676 GC:3   
    2    36  0  88.2%   0.405 AU:3   
    8    30  0  85.5%   0.420 UG:3   
   13    28  0  74.0%   0.933 GC:3   
   12    29  0  73.9%   1.094 CG:3   
   19    24  0  66.1%   1.010 AU:3   
    9    29  0  18.6%   0.951 UG:3    +
   14    26  0   6.4%   0.615 AU:3    +
   13    27  0   6.4%   0.608 GC:3    +
   15    25  0   6.1%   0.639 UG:3    +
   16    24  0   3.3%   0.496 GU:3    +
   12    25  0   2.0%   0.242 CG:3    +
   11    26  0   1.9%   0.232 AU:3    +
   13    24  0   1.6%   0.213 GU:3    +
   12    30  0   1.3%   0.696 CG:3    +
   16    23  0   1.0%   0.189 GC:3    +
   15    22  0   0.9%   0.135 UA:3    +
    2    35  0   0.8%   0.123 AU:3    +
   16    21  0   0.8%   0.123 GU:3    +
   10    30  0   0.8%   0.315 UG:3    +
    9    30  0   0.7%   0.569 UG:3    +
    1    38  0   0.7%   0.212 GC:3    +
    1    36  0   0.6%   0.099 GU:3    +
    8    31  0   0.6%   0.265 UG:3    +
   15    29  0   0.3%   0.839 UG:3    +
   10    29  0   0.3%   0.373 UG:3    +
   16    28  0   0.3%   0.581 GC:3    +
    5    29  0   0.1%   0.033 CG:3    +
    4    30  0   0.1%   0.030 CG:3    +
    6    28  0   0.1%   0.034 GC:3    +
   17    24  0   0.1%   0.208 AU:3    +
   12    31  0   0.1%   0.466 CG:3    +
    9    31  0   0.1%   0.440 UG:3    +
    3    31  0   0.1%   0.025 UG:3    +
   20    25  0   0.1%   0.357 CG:3    +
    6    12  0   0.1%   0.017 GC:3    +
   10    31  0   0.1%   0.147 UG:3    +
   30    37  0   0.1%   0.373 GC:3    +
   29    38  0   0.1%   0.632 GC:3    +
    5    13  0   0.1%   0.018 CG:3    +
    7    11  0   0.1%   0.014 UA:3    +
   19    26  0   0.1%   0.627 AU:3    +
    1    32  0   0.1%   0.014 GC:3    +
    7    30  0   0.1%   0.027 UG:3    +
   25    32  0   0.1%   0.362 GC:3    +
   24    33  0   0.1%   0.481 UG:3    +
   23    34  0   0.1%   0.075 CG:3    +
   13    23  0   0.0%   0.021 GC:3    +
   26    31  0   0.0%   0.443 UG:3    +
    3    14  0   0.0%   0.010 UA:3    +
   22    35  0   0.0%   0.094 AU:3    +
    2    15  0   0.0%   0.010 AU:3    +
   16    20  0   0.0%   0.012 GC:3    +
   31    36  0   0.0%   0.243 GU:3    +
    4    13  0   0.0%   0.008 CG:3    +
    8    29  0   0.0%   0.019 UG:3    +
   14    24  0   0.0%   0.081 AU:3    +
    3    34  0   0.0%   0.017 UG:3    +
   17    21  0   0.0%   0.048 AU:3    +
   30    38  0   0.0%   0.328 GC:3    +
   31    37  0   0.0%   0.183 GC:3    +
   29    39  0   0.0%   0.594 GU:3    +
    4    33  0   0.0%   0.016 CG:3    +
   14    21  0   0.0%   0.010 AU:3    +
    7    14  0   0.0%   0.012 UA:3    +
    6    15  0   0.0%   0.013 GU:3    +
    8    13  0   0.0%   0.011 UG:3    +
    5    16  0   0.0%   0.009 CG:3    +
   15    30  0   0.0%   0.518 UG:3    +
   13    32  0   0.0%   0.490 GC:3    +
   12    33  0   0.0%   0.378 CG:3    +
    6    18  0   0.0%   0.009 GC:3    +
    7    17  0   0.0%   0.008 UA:3    +
    8    16  0   0.0%   0.005 UG:3    +
    2    39  0   0.0%   0.156 AU:3    +
    1    40  0   0.0%   0.149 GU:3    +
   13    20  0   0.0%   0.011 GC:3    +
   16    26  0   0.0%   0.457 GU:3    +
    1    39  0   0.0%   0.148 GU:3    +
   10    25  0   0.0%   0.002 UG:3    +
   11    24  0   0.0%   0.007 AU:3    +
   13    26  0   0.0%   0.157 GU:3    +
    1    35  0   0.0%   0.006 GU:3    +
   16    37  0   0.0%   0.397 GC:3    +
   17    36  0   0.0%   0.241 AU:3    +
    9    13  0   0.0%   0.010 UG:3    +
   11    15  0   0.0%   0.010 AU:3    +
   20    34  0   0.0%   0.023 CG:3    +
    8    14  0   0.0%   0.007 UA:3    +
   21    33  0   0.0%   0.049 UG:3    +
   23    31  0   0.0%   0.140 CG:3    +
   24    30  0   0.0%   0.742 UG:3    +
   19    35  0   0.0%   0.320 AU:3    +
   10    16  0   0.0%   0.003 UG:3    +
   10    14  0   0.0%   0.006 UA:3    +
    9    14  0   0.0%   0.006 UA:3    +
    3    17  0   0.0%   0.004 UA:3    +
    4    16  0   0.0%   0.003 CG:3    +
   23    30  0   0.0%   0.330 CG:3    +
    1    18  0   0.0%   0.001 GC:3    +
   33    38  0   0.0%   0.051 GC:3    +
    9    17  0   0.0%   0.002 UA:3    +
   24    29  0   0.0%   1.046 UG:3    +
   13    18  0   0.0%   0.011 GC:3    +
   10    22  0   0.0%   0.001 UA:3    +
   11    21  0   0.0%   0.006 AU:3    +
    9    16  0   0.0%   0.003 UG:3    +
   20    29  0   0.0%   0.593 CG:3    +
   34    38  0   0.0%   0.057 GC:3    +
    8    17  0   0.0%   0.003 UA:3    +
   33    39  0   0.0%   0.013 GU:3    +
   18    29  0   0.0%   0.670 CG:3    +
   20    30  0   0.0%   0.288 CG:3    +
    6    20  0   0.0%   0.008 GC:3    +
   21    29  0   0.0%   0.625 UG:3    +
   31    38  0   0.0%   0.137 GC:3    +
    7    19  0   0.0%   0.007 UA:3    +
    2     9  0   0.0%   0.000 AU:3    +
   18    34  0   0.0%   0.099 CG:3    +
   28    33  0   0.0%   0.258 CG:3    +
   17    35  0   0.0%   0.138 AU:3    +
    1    10  0   0.0%   0.000 GU:3    +
   30    39  0   0.0%   0.289 GU:3    +
   16    38  0   0.0%   0.352 GC:3    +
   17    39  0   0.0%   0.099 AU:3    +
   27    34  0   0.0%   0.291 CG:3    +
   16    36  0   0.0%   0.460 GU:3    +
   23    29  0   0.0%   0.634 CG:3    +
   13    21  0   0.0%   0.010 GU:3    +
    5    34  0   0.0%   0.030 CG:3    +
   15    19  0   0.0%   0.005 UA:3    +
   20    33  0   0.0%   0.016 CG:3    +
   21    30  0   0.0%   0.321 UG:3    +
    4    31  0   0.0%   0.019 CG:3    +
   16    40  0   0.0%   0.320 GU:3    +
    5    30  0   0.0%   0.024 CG:3    +
   20    31  0   0.0%   0.098 CG:3    +
    6    37  0   0.0%   0.097 GC:3    +
   27    31  0   0.0%   0.367 CG:3    +
    2    40  0   0.0%   0.155 AU:3    +
   14    39  0   0.0%   0.187 AU:3    +
   15    31  0   0.0%   0.327 UG:3    +
    1    20  0   0.0%   0.000 GC:3    +
   18    30  0   0.0%   0.365 CG:3    +
    6    38  0   0.0%   0.053 GC:3    +
    5    31  0   0.0%   0.022 CG:3    +
    1    28  0   0.0%   0.001 GC:3    +
   11    35  0   0.0%   0.122 AU:3    +
   12    34  0   0.0%   0.383 CG:3    +
   12    16  0   0.0%   0.008 CG:3    +
   13    37  0   0.0%   0.557 GC:3    +
   29    40  0   0.0%   0.591 GU:3    +
   29    37  0   0.0%   0.661 GC:3    +
   14    36  0   0.0%   0.328 AU:3    +
   10    17  0   0.0%   0.002 UA:3    +
    9    25  0   0.0%   0.001 UG:3    +
   30    36  0   0.0%   0.421 GU:3    +
    7    29  0   0.0%   0.016 UG:3    +
   13    40  0   0.0%   0.481 GU:3    +
   28    34  0   0.0%   0.264 CG:3    +
   33    37  0   0.0%   0.095 GC:3    +
   10    19  0   0.0%   0.001 UA:3    +
    2     8  0   0.0%   0.000 AU:3    +
   17    40  0   0.0%   0.099 AU:3    +
   10    33  0   0.0%   0.066 UG:3    +
    1     5  0   0.0%   0.000 GC:3    +
    8    33  0   0.0%   0.173 UG:3    +
    1     9  0   0.0%   0.000 GU:3    +
   31    35  0   0.0%   0.136 GU:3    +
    9    33  0   0.0%   0.362 UG:3    +
    9    34  0   0.0%   0.369 UG:3    +
   18    33  0   0.0%   0.093 CG:3    +
   19    39  0   0.0%   0.280 AU:3    +
    1    15  0   0.0%   0.000 GU:3    +
   19    36  0   0.0%   0.421 AU:3    +
    1    12  0   0.0%   0.000 GC:3    +
    7    34  0   0.0%   0.054 UG:3    +
   34    39  0   0.0%   0.019 GU:3    +
    8    25  0   0.0%   0.002 UG:3    +
   34    40  0   0.0%   0.017 GU:3    +
    8    34  0   0.0%   0.180 UG:3    +
((.(((((...((..((((....))))))))))).))...
