3 sequence; length of alignment 120
alifold output
    6    15  0  99.3%   0.022 CG:3   
    5    16  0  99.3%   0.026 CG:3   
    4    17  0  98.9%   0.036 CG:3   
    7    14  0  97.8%   0.065 AU:3   
   30    94  0  97.6%   0.111 CG:3   
   29    95  0  97.5%   0.115 UA:3   
   31    93  0  97.5%   0.111 UA:3   
   28    96  0  97.3%   0.105 UA:3   
   27    97  0  96.9%   0.121 CG:3   
   32    92  0  96.8%   0.151 GC:3   
    8    13  0  88.8%   0.318 AU:3   
    3    18  0  88.5%   0.324 GU:3   
   72    79  0  83.2%   1.019 UA:3   
   70    81  0  83.2%   1.160 AU:3   
   71    80  0  83.2%   1.135 AU:3   
   69    82  0  83.1%   1.266 CG:3   
   73    78  0  82.7%   1.037 GC:3   
   63    87  0  81.4%   1.004 GC:3   
   62    88  0  81.4%   1.166 GC:3   
   61    89  0  79.8%   1.150 UA:3   
   64    86  0  79.3%   0.720 AU:3   
   60    90  0  72.9%   1.321 UG:3   
   36    53  0  71.6%   0.823 GU:3   
   34    55  0  71.5%   0.814 UG:3   
   33    56  0  71.4%   0.829 GC:3   
   35    54  0  71.4%   0.819 UA:3   
   37    52  0  71.2%   0.791 GC:3   
   21   108  0  69.9%   0.948 GC:3   
   20   109  0  69.8%   1.004 GC:3   
   38    51  0  69.6%   0.819 UG:3   
   25   104  0  68.7%   0.939 GC:3   
   26   103  0  68.3%   1.004 GC:3   
   24   105  0  66.8%   0.908 AU:3   
   22   107  0  65.9%   0.986 UA:3   
   59    91  0  64.6%   1.524 AU:3   
   68    83  0  49.3%   1.947 GU:3   
   39    50  0  46.5%   1.329 GU:3   
   66    84  0  43.0%   1.358 GC:3    +
  112   118  0  36.1%   2.385 GC:3    +
  111   119  0  36.1%   2.799 GC:3    +
   66    85  0  32.9%   1.849 GC:3   
   67    83  0  31.3%   1.591 AU:3    +
  113   117  0  29.3%   1.777 UA:3    +
  111   118  0  28.8%   2.053 GC:3   
  110   119  0  28.6%   2.285 GC:3   
  101   112  0  27.9%   1.215 CG:3    +
  102   111  0  27.9%   1.291 CG:3    +
  103   110  0  27.7%   1.763 CG:3    +
  100   113  0  27.4%   1.189 AU:3    +
   99   114  0  23.8%   1.134 AU:3    +
  110   120  0  21.6%   2.260 GU:3    +
   33    91  0  18.7%   1.264 GU:3    +
   35    89  0  18.6%   1.251 UA:3    +
   36    88  0  18.6%   1.283 GC:3    +
   37    87  0  18.4%   1.317 GC:3    +
   34    90  0  16.5%   1.199 UG:3    +
   19   110  0  13.3%   1.002 UG:3    +
   43    82  0  13.0%   1.255 CG:3    +
   44    81  0  12.9%   1.150 GU:3    +
   45    80  0  12.8%   1.103 AU:3    +
   42    83  0  12.4%   1.334 GU:3    +
   21   118  0  11.9%   1.225 GC:3    +
   20   119  0  11.8%   1.262 GC:3    +
   22   117  0  10.8%   1.177 UA:3    +
   61    70  0   9.5%   0.918 UA:3    +
   62    69  0   9.5%   0.955 GC:3    +
   60    71  0   9.5%   0.937 UA:3    +
   59    72  0   9.5%   0.808 AU:3    +
   58    73  0   9.2%   1.066 UG:3    +
   56    75  0   8.5%   1.579 CG:3    +
   55    76  0   8.5%   1.275 GC:3    +
   46    79  0   8.0%   0.810 UA:3    +
   39    85  0   7.9%   1.379 GC:3    +
   43    51  0   7.9%   0.968 CG:3    +
   42    52  0   7.8%   1.098 GC:3    +
   44    50  0   7.4%   1.086 GU:3    +
   25   119  0   6.5%   1.249 GC:3    +
   26   118  0   6.5%   1.237 GC:3    +
   51    69  0   6.5%   1.083 GC:3    +
   52    68  0   6.5%   1.058 CG:3    +
   50    70  0   6.3%   1.166 UA:3    +
   48    73  0   6.1%   0.863 CG:3    +
   47    74  0   6.0%   0.634 UA:3    +
   49    71  0   5.6%   0.748 UA:3    +
   53    67  0   5.5%   0.823 UA:3    +
   45    49  0   5.4%   0.667 AU:3    +
   24   120  0   5.3%   0.818 AU:3    +
   39    48  0   4.9%   0.558 GC:3    +
   51    78  0   4.4%   1.208 GC:3    +
    2    20  0   4.2%   0.402 CG:3    +
   42    56  0   3.7%   1.198 GC:3    +
   43    55  0   3.7%   1.016 CG:3    +
   41    57  0   3.5%   0.473 CG:3    +
   50    79  0   3.2%   1.366 UA:3    +
   56    63  0   2.8%   0.946 CG:3    +
   42    48  0   2.6%   0.565 GC:3    +
    3    19  0   2.3%   0.395 GU:3    +
    2    21  0   2.1%   0.376 CG:3    +
   46    75  0   2.0%   0.361 UG:3    +
   57    65  0   1.9%   0.579 GU:3    +
    1    22  0   1.9%   0.253 AU:3    +
   58    64  0   1.9%   0.383 UA:3    +
   56    66  0   1.9%   0.957 CG:3    +
   37    56  0   1.8%   0.774 GC:3    +
   38    55  0   1.8%   0.779 UG:3    +
   26   102  0   1.2%   0.318 GC:3    +
   39    58  0   1.2%   0.827 GU:3    +
   39    56  0   1.2%   1.121 GC:3    +
   57    92  0   1.2%   0.531 GC:3    +
   38    59  0   1.1%   0.557 UA:3    +
   68    84  0   1.1%   1.206 GC:3    +
   40    55  0   1.1%   0.560 UG:3    +
   52    75  0   1.1%   0.953 CG:3    +
   51    76  0   1.1%   0.884 GC:3    +
   21    52  0   1.1%   0.229 GC:3    +
   22    51  0   1.1%   0.225 UG:3    +
   23    50  0   1.0%   0.149 AU:3    +
   24    49  0   1.0%   0.157 AU:3    +
   25    48  0   1.0%   0.165 GC:3    +
   53    74  0   1.0%   0.843 UA:3    +
   20    53  0   1.0%   0.283 GU:3    +
   41    82  0   1.0%   0.349 CG:3    +
   19    54  0   1.0%   0.252 UA:3    +
   56    62  0   1.0%   0.734 CG:3    +
   37    60  0   0.9%   0.472 GU:3    +
   25   103  0   0.9%   0.261 GC:3    +
   39    84  0   0.9%   0.862 GC:3    +
   55    65  0   0.9%   0.725 GU:3    +
   26    47  0   0.8%   0.143 GU:3    +
   44    84  0   0.8%   0.771 GC:3    +
   45    83  0   0.8%   0.947 AU:3    +
   36    43  0   0.7%   0.132 GC:3    +
   35    44  0   0.7%   0.163 UG:3    +
   63    84  0   0.7%   0.352 GC:3    +
   34    45  0   0.7%   0.173 UA:3    +
   62    85  0   0.7%   0.632 GC:3    +
   97   116  0   0.7%   0.270 GC:3    +
   42    47  0   0.7%   0.209 GU:3    +
   46    82  0   0.7%   0.818 UG:3    +
   33    46  0   0.7%   0.146 GU:3    +
  104   110  0   0.7%   1.081 CG:3    +
   38    57  0   0.6%   0.482 UG:3    +
  103   111  0   0.6%   1.263 CG:3    +
   36    56  0   0.6%   0.652 GC:3    +
   54    65  0   0.6%   0.471 AU:3    +
   38    54  0   0.6%   0.635 UA:3    +
   32    41  0   0.6%   0.107 GC:3    +
   18   111  0   0.6%   0.261 UG:3    +
   39    46  0   0.5%   0.141 GU:3    +
   40    45  0   0.5%   0.190 UA:3    +
   31    42  0   0.5%   0.091 UG:3    +
  102   112  0   0.5%   0.982 CG:3    +
   25   116  0   0.5%   0.527 GC:3    +
   64    83  0   0.5%   0.505 AU:3    +
   52    57  0   0.5%   0.775 CG:3    +
   51    58  0   0.5%   0.689 GU:3    +
    1    19  0   0.5%   0.077 AU:3    +
   48    97  0   0.5%   0.665 CG:3    +
   49    96  0   0.5%   0.564 UA:3    +
   42    49  0   0.5%   0.305 GU:3    +
   47    98  0   0.5%   0.388 UA:3    +
   21   101  0   0.5%   0.222 GC:3    +
   44    61  0   0.5%   0.391 GU:3    +
   30    44  0   0.5%   0.103 CG:3    +
   45    60  0   0.5%   0.413 AU:3    +
   43    62  0   0.5%   0.457 CG:3    +
   50    95  0   0.5%   1.042 UA:3    +
   18    55  0   0.5%   0.186 UG:3    +
   41    63  0   0.4%   0.253 CG:3    +
   29    45  0   0.4%   0.107 UA:3    +
   26   101  0   0.4%   0.176 GC:3    +
   40    64  0   0.4%   0.200 UA:3    +
   22   100  0   0.4%   0.213 UA:3    +
   39    53  0   0.4%   0.928 GU:3    +
   20   102  0   0.4%   0.279 GC:3    +
   25   102  0   0.4%   0.185 GC:3    +
    5   111  0   0.4%   0.082 CG:3    +
    4   112  0   0.4%   0.091 CG:3    +
    6   110  0   0.4%   0.080 CG:3    +
   46    99  0   0.4%   0.529 UA:3    +
   21   116  0   0.4%   0.499 GC:3    +
   22   115  0   0.4%   0.505 UA:3    +
   52    94  0   0.4%   0.850 CG:3    +
   37   118  0   0.4%   1.246 GC:3    +
   38   117  0   0.4%   0.785 UA:3    +
   39   116  0   0.4%   1.145 GC:3    +
   36   119  0   0.4%   1.211 GC:3    +
   53    93  0   0.4%   0.653 UA:3    +
   39    65  0   0.4%   0.773 GU:3    +
   48    75  0   0.4%   0.664 CG:3    +
   17    56  0   0.4%   0.084 GC:3    +
    3   113  0   0.4%   0.267 GU:3    +
   46    59  0   0.4%   0.222 UA:3    +
   57    61  0   0.4%   0.334 GU:3    +
   33    40  0   0.4%   0.073 GU:3    +
   49    74  0   0.3%   0.656 UA:3    +
   25   114  0   0.3%   0.485 GU:3    +
   69    75  0   0.3%   0.839 CG:3    +
   68    76  0   0.3%   0.516 GC:3    +
   40   115  0   0.3%   0.260 UA:3    +
   50    59  0   0.3%   0.773 UA:3    +
   26   113  0   0.3%   0.504 GU:3    +
   27   112  0   0.3%   0.142 CG:3    +
  111   116  0   0.3%   0.662 GC:3    +
   53    66  0   0.3%   0.390 UG:3    +
   23   114  0   0.3%   0.132 AU:3    +
   35    57  0   0.3%   0.348 UG:3    +
   56    94  0   0.3%   1.117 CG:3    +
   36    61  0   0.3%   0.380 GU:3    +
   23   105  0   0.3%   0.125 AU:3    +
   10   108  0   0.3%   0.064 GC:3    +
    9   109  0   0.3%   0.062 GC:3    +
   65    82  0   0.3%   0.602 UG:3    +
   32   109  0   0.3%   0.412 GC:3    +
   33   108  0   0.3%   0.961 GC:3    +
   39   106  0   0.3%   1.065 GC:3    +
   38   107  0   0.3%   0.802 UA:3    +
   37   108  0   0.3%   1.050 GC:3    +
   36   109  0   0.3%   1.017 GC:3    +
   42    81  0   0.3%   0.589 GU:3    +
   34   107  0   0.3%   0.937 UA:3    +
   31   110  0   0.2%   0.416 UG:3    +
   56    68  0   0.2%   1.001 CG:3    +
   55    69  0   0.2%   0.799 GC:3    +
   28    45  0   0.2%   0.056 UA:3    +
   40    59  0   0.2%   0.217 UA:3    +
   29    44  0   0.2%   0.048 UG:3    +
   30   111  0   0.2%   0.185 CG:3    +
   59    65  0   0.2%   0.337 AU:3    +
   44    77  0   0.2%   0.368 GC:3    +
   58    66  0   0.2%   0.342 UG:3    +
   50    73  0   0.2%   1.033 UG:3    +
   42   103  0   0.2%   1.235 GC:3    +
   44   101  0   0.2%   0.762 GC:3    +
   48    57  0   0.2%   0.544 CG:3    +
   66    81  0   0.2%   0.455 GU:3    +
   30    97  0   0.2%   0.132 CG:3    +
   29    98  0   0.2%   0.105 UA:3    +
   67    80  0   0.2%   0.473 AU:3    +
   16   102  0   0.2%   0.052 GC:3    +
   39    60  0   0.2%   0.780 GU:3    +
   28    99  0   0.2%   0.097 UA:3    +
   15   103  0   0.2%   0.058 GC:3    +
   17   101  0   0.2%   0.073 GC:3    +
   31    96  0   0.2%   0.123 UA:3    +
   35   110  0   0.2%   0.978 UG:3    +
   51    77  0   0.2%   0.832 GC:3    +
   49    54  0   0.2%   0.612 UA:3    +
   48    55  0   0.2%   0.865 CG:3    +
   39   101  0   0.2%   1.087 GC:3    +
   18   100  0   0.2%   0.169 UA:3    +
   40   100  0   0.2%   0.232 UA:3    +
   39    47  0   0.2%   0.132 GU:3    +
   28   111  0   0.2%   0.155 UG:3    +
   60    64  0   0.2%   0.231 UA:3    +
   33    41  0   0.2%   0.097 GC:3    +
   36   104  0   0.2%   0.986 GC:3    +
   48    62  0   0.2%   0.391 CG:3    +
   47    63  0   0.2%   0.160 UG:3    +
   37   103  0   0.2%   1.077 GC:3    +
   46    64  0   0.2%   0.161 UA:3    +
   21   103  0   0.2%   0.219 GC:3    +
   20   104  0   0.2%   0.263 GC:3    +
   42    84  0   0.2%   0.890 GC:3    +
   40    54  0   0.2%   0.402 UA:3    +
   16   113  0   0.2%   0.091 GU:3    +
   66    78  0   0.1%   0.291 GC:3    +
   15   114  0   0.1%   0.071 GU:3    +
   94   119  0   0.1%   0.572 GC:3    +
   45    65  0   0.1%   0.357 AU:3    +
   44    48  0   0.1%   0.407 GC:3    +
   11   106  0   0.1%   0.043 GC:3    +
   12   105  0   0.1%   0.036 AU:3    +
   42    50  0   0.1%   0.631 GU:3    +
   14   115  0   0.1%   0.064 UA:3    +
   37    58  0   0.1%   0.369 GU:3    +
   65    79  0   0.1%   0.539 UA:3    +
   42    85  0   0.1%   1.053 GC:3    +
   39    86  0   0.1%   1.001 GU:3    +
   45    50  0   0.1%   0.899 AU:3    +
   43    57  0   0.1%   0.574 CG:3    +
   98   114  0   0.1%   0.119 AU:3    +
   44    56  0   0.1%   0.863 GC:3    +
   24   113  0   0.1%   0.388 AU:3    +
   27    33  0   0.1%   0.034 CG:3    +
   93   120  0   0.1%   0.250 AU:3    +
   19    99  0   0.1%   0.187 UA:3    +
   42    58  0   0.1%   0.628 GU:3    +
   26    34  0   0.1%   0.033 GU:3    +
   34    39  0   0.1%   0.044 UG:3    +
   42    46  0   0.1%   0.125 GU:3    +
   55    92  0   0.1%   0.870 GC:3    +
  112   119  0   0.1%   2.041 GC:3    +
   26   116  0   0.1%   0.502 GC:3    +
   32    47  0   0.1%   0.109 GU:3    +
    9   119  0   0.1%   0.050 GC:3    +
   10   118  0   0.1%   0.056 GC:3    +
   29   112  0   0.1%   0.150 UG:3    +
   34   111  0   0.1%   0.725 UG:3    +
  110   116  0   0.1%   0.860 GC:3    +
   28    32  0   0.1%   0.029 UG:3    +
   56    90  0   0.1%   1.325 CG:3    +
   64    80  0   0.1%   0.407 AU:3    +
   55    91  0   0.1%   1.139 GU:3    +
   38    66  0   0.1%   0.465 UG:3    +
  111   120  0   0.1%   1.754 GU:3    +
   41    51  0   0.1%   0.381 CG:3    +
   11   118  0   0.1%   0.055 GC:3    +
   10   119  0   0.1%   0.067 GC:3    +
   20   116  0   0.1%   0.499 GC:3    +
   47    73  0   0.1%   0.134 UG:3    +
   58    63  0   0.1%   0.276 UG:3    +
   27    32  0   0.1%   0.022 CG:3    +
    8   120  0   0.1%   0.133 AU:3    +
   63    81  0   0.1%   0.446 GU:3    +
   51    72  0   0.1%   0.744 GU:3    +
   36    41  0   0.1%   0.070 GC:3    +
   25    35  0   0.1%   0.031 GU:3    +
    2    57  0   0.1%   0.233 CG:3    +
   19   117  0   0.1%   0.457 UA:3    +
   99   113  0   0.1%   0.128 AU:3    +
    9   120  0   0.1%   0.057 GU:3    +
   44    49  0   0.1%   0.187 GU:3    +
    3    56  0   0.1%   0.210 GC:3    +
   46    51  0   0.1%   0.604 UG:3    +
   32   113  0   0.1%   0.182 GU:3    +
    1    58  0   0.1%   0.116 AU:3    +
   15   106  0   0.1%   0.060 GC:3    +
   25    34  0   0.1%   0.021 GU:3    +
   92    97  0   0.1%   0.185 CG:3    +
    9   104  0   0.1%   0.020 GC:3    +
   10   103  0   0.1%   0.021 GC:3    +
   36    58  0   0.1%   0.347 GU:3    +
   11   102  0   0.1%   0.021 GC:3    +
   45    53  0   0.1%   0.604 AU:3    +
   46    74  0   0.1%   0.130 UA:3    +
  110   118  0   0.1%   1.214 GC:3    +
   15    58  0   0.1%   0.029 GU:3    +
   14   107  0   0.1%   0.044 UA:3    +
   29   110  0   0.1%   0.385 UG:3    +
   16   105  0   0.1%   0.059 GU:3    +
   11   108  0   0.1%   0.052 GC:3    +
   10   109  0   0.1%   0.060 GC:3    +
   17   104  0   0.1%   0.079 GC:3    +
    8   105  0   0.1%   0.124 AU:3    +
   58    62  0   0.1%   0.211 UG:3    +
    4    55  0   0.1%   0.027 CG:3    +
   24    35  0   0.1%   0.019 AU:3    +
   16   104  0   0.1%   0.046 GC:3    +
  104   111  0   0.1%   0.820 CG:3    +
   17   103  0   0.1%   0.082 GC:3    +
  103   112  0   0.1%   1.205 CG:3    +
   39    49  0   0.0%   0.272 GU:3    +
   36   103  0   0.0%   1.015 GC:3    +
   37   102  0   0.0%   0.834 GC:3    +
   27    39  0   0.0%   0.030 CG:3    +
   34    59  0   0.0%   0.316 UA:3    +
   20   118  0   0.0%   0.511 GC:3    +
   26    40  0   0.0%   0.024 GU:3    +
    5    10  0   0.0%   0.011 CG:3    +
    4    11  0   0.0%   0.011 CG:3    +
   15   104  0   0.0%   0.045 GC:3    +
   16   103  0   0.0%   0.049 GC:3    +
   33    52  0   0.0%   0.136 GC:3    +
   25    41  0   0.0%   0.028 GC:3    +
   34    51  0   0.0%   0.121 UG:3    +
  105   110  0   0.0%   1.038 UG:3    +
   30    36  0   0.0%   0.018 CG:3    +
   35    59  0   0.0%   0.323 UA:3    +
   13    45  0   0.0%   0.118 UA:3    +
   14    44  0   0.0%   0.033 UG:3    +
   15    43  0   0.0%   0.017 GC:3    +
   12    46  0   0.0%   0.010 AU:3    +
   17    41  0   0.0%   0.020 GC:3    +
   37    48  0   0.0%   0.071 GC:3    +
   48    94  0   0.0%   0.576 CG:3    +
   27    42  0   0.0%   0.031 CG:3    +
   15   105  0   0.0%   0.056 GU:3    +
   44    76  0   0.0%   0.335 GC:3    +
   47    95  0   0.0%   0.330 UA:3    +
   26    43  0   0.0%   0.029 GC:3    +
   36    49  0   0.0%   0.111 GU:3    +
   11    47  0   0.0%   0.013 GU:3    +
   91    98  0   0.0%   0.656 UA:3    +
    2   112  0   0.0%   0.235 CG:3    +
   20   103  0   0.0%   0.245 GC:3    +
   51    56  0   0.0%   1.086 GC:3    +
   21   102  0   0.0%   0.211 GC:3    +
   33    60  0   0.0%   0.329 GU:3    +
   30    39  0   0.0%   0.022 CG:3    +
   56    73  0   0.0%   0.992 CG:3    +
   10    48  0   0.0%   0.014 GC:3    +
   36    92  0   0.0%   0.699 GC:3    +
   48    63  0   0.0%   0.388 CG:3    +
   35    93  0   0.0%   0.657 UA:3    +
  100   114  0   0.0%   0.815 AU:3    +
   49    93  0   0.0%   0.481 UA:3    +
   53    70  0   0.0%   0.684 UA:3    +
   46    96  0   0.0%   0.483 UA:3    +
   29    37  0   0.0%   0.009 UG:3    +
   54    61  0   0.0%   0.394 AU:3    +
    9    49  0   0.0%   0.012 GU:3    +
   49    62  0   0.0%   0.301 UG:3    +
   25    30  0   0.0%   0.012 GC:3    +
   14    59  0   0.0%   0.034 UA:3    +
   47    64  0   0.0%   0.155 UA:3    +
   32    53  0   0.0%   0.109 GU:3    +
   53    71  0   0.0%   0.675 UA:3    +
   49    79  0   0.0%   0.656 UA:3    +
   44    52  0   0.0%   0.788 GC:3    +
   24    31  0   0.0%   0.011 AU:3    +
   41    66  0   0.0%   0.218 CG:3    +
   39    43  0   0.0%   0.071 GC:3    +
    1   113  0   0.0%   0.113 AU:3    +
    8    50  0   0.0%   0.117 AU:3    +
   21    27  0   0.0%   0.088 GC:3    +
   53    62  0   0.0%   0.368 UG:3    +
   33    43  0   0.0%   0.054 GC:3    +
   34    94  0   0.0%   0.635 UG:3    +
   57    72  0   0.0%   0.337 GU:3    +
   17   108  0   0.0%   0.086 GC:3    +
   16   109  0   0.0%   0.061 GC:3    +
   37   101  0   0.0%   0.765 GC:3    +
   44    53  0   0.0%   0.610 GU:3    +
   43    66  0   0.0%   0.423 CG:3    +
   17   102  0   0.0%   0.072 GC:3    +
   22    26  0   0.0%   0.083 UG:3    +
   40    67  0   0.0%   0.159 UA:3    +
   36   102  0   0.0%   0.791 GC:3    +
   18   107  0   0.0%   0.156 UA:3    +
   38   100  0   0.0%   0.498 UA:3    +
   57    91  0   0.0%   0.654 GU:3    +
   50    57  0   0.0%   0.823 UG:3    +
   42    86  0   0.0%   0.849 GU:3    +
   31    54  0   0.0%   0.085 UA:3    +
    2   110  0   0.0%   0.229 CG:3    +
   43    97  0   0.0%   0.729 CG:3    +
   41    97  0   0.0%   0.304 CG:3    +
   46    55  0   0.0%   0.606 UG:3    +
   20    38  0   0.0%   0.145 GU:3    +
   27    51  0   0.0%   0.080 CG:3    +
   26    52  0   0.0%   0.114 GC:3    +
   22    36  0   0.0%   0.084 UG:3    +
   37    43  0   0.0%   0.058 GC:3    +
   21    30  0   0.0%   0.089 GC:3    +
    8    14  0   0.0%   0.133 AU:3    +
   73    77  0   0.0%   0.447 GC:3    +
   13   112  0   0.0%   0.145 UG:3    +
   14   111  0   0.0%   0.065 UG:3    +
   12   113  0   0.0%   0.042 AU:3    +
   43    75  0   0.0%   0.416 CG:3    +
   25    53  0   0.0%   0.119 GU:3    +
   19    24  0   0.0%   0.119 UA:3    +
   40    98  0   0.0%   0.175 UA:3    +
   42    76  0   0.0%   0.543 GC:3    +
   30    55  0   0.0%   0.073 CG:3    +
   34    42  0   0.0%   0.058 UG:3    +
   38    42  0   0.0%   0.042 UG:3    +
    9    13  0   0.0%   0.112 GU:3    +
   47    54  0   0.0%   0.434 UA:3    +
   20    31  0   0.0%   0.142 GU:3    +
   58    93  0   0.0%   0.492 UA:3    +
  112   116  0   0.0%   0.593 GC:3    +
   52    63  0   0.0%   0.567 CG:3    +
   20    28  0   0.0%   0.140 GU:3    +
   32    43  0   0.0%   0.054 GC:3    +
    2    25  0   0.0%   0.220 CG:3    +
   23    35  0   0.0%   0.006 AU:3    +
   50    55  0   0.0%   1.156 UG:3    +
   47    51  0   0.0%   0.623 UG:3    +
   38    45  0   0.0%   0.089 UA:3    +
   42    78  0   0.0%   0.546 GC:3    +
   47    79  0   0.0%   0.501 UA:3    +
   37    41  0   0.0%   0.061 GC:3    +
   67    86  0   0.0%   0.741 AU:3    +
   32   102  0   0.0%   0.215 GC:3    +
   33   101  0   0.0%   0.706 GC:3    +
   44    78  0   0.0%   0.348 GC:3    +
   47    82  0   0.0%   0.646 UG:3    +
   41    55  0   0.0%   0.460 CG:3    +
   34   100  0   0.0%   0.648 UA:3    +
   26    56  0   0.0%   0.093 GC:3    +
   42    65  0   0.0%   0.561 GU:3    +
    2   111  0   0.0%   0.230 CG:3    +
   58    71  0   0.0%   0.382 UA:3    +
   27    55  0   0.0%   0.060 CG:3    +
   20   106  0   0.0%   0.245 GC:3    +
   46    54  0   0.0%   0.411 UA:3    +
   21   119  0   0.0%   0.972 GC:3    +
   26   119  0   0.0%   1.060 GC:3    +
   35    99  0   0.0%   0.652 UA:3    +
   46    57  0   0.0%   0.270 UG:3    +
   25   118  0   0.0%   0.719 GC:3    +
   28    54  0   0.0%   0.073 UA:3    +
   37   104  0   0.0%   1.012 GC:3    +
   55    60  0   0.0%   0.624 GU:3    +
   11   114  0   0.0%   0.032 GU:3    +
   45    58  0   0.0%   0.368 AU:3    +
   36   105  0   0.0%   0.992 GU:3    +
    6    51  0   0.0%   0.012 CG:3    +
   16   101  0   0.0%   0.012 GC:3    +
   54    72  0   0.0%   0.386 AU:3    +
   15   102  0   0.0%   0.024 GC:3    +
   15   119  0   0.0%   0.068 GC:3    +
   16   118  0   0.0%   0.063 GC:3    +
   68    85  0   0.0%   1.230 GC:3    +
   52    90  0   0.0%   1.053 CG:3    +
   24    34  0   0.0%   0.008 AU:3    +
   25   120  0   0.0%   0.796 GU:3    +
   51    91  0   0.0%   1.249 GU:3    +
   39   102  0   0.0%   1.130 GC:3    +
   66    87  0   0.0%   1.355 GC:3    +
   19   107  0   0.0%   0.182 UA:3    +
   42   102  0   0.0%   0.972 GC:3    +
    7    50  0   0.0%   0.026 AU:3    +
   20   120  0   0.0%   0.756 GU:3    +
   77    82  0   0.0%   0.555 CG:3    +
   50    71  0   0.0%   0.982 UA:3    +
   44   102  0   0.0%   0.793 GC:3    +
   37    46  0   0.0%   0.048 GU:3    +
   51    92  0   0.0%   0.971 GC:3    +
   55    77  0   0.0%   0.832 GC:3    +
   21   105  0   0.0%   0.198 GU:3    +
   39    52  0   0.0%   0.864 GC:3    +
   35    45  0   0.0%   0.130 UA:3    +
   53    79  0   0.0%   0.875 UA:3    +
   60    89  0   0.0%   0.640 UA:3    +
   53    97  0   0.0%   0.654 UG:3    +
    8    49  0   0.0%   0.111 AU:3    +
   43    68  0   0.0%   0.413 CG:3    +
   44    65  0   0.0%   0.350 GU:3    +
   39    78  0   0.0%   0.733 GC:3    +
   23   120  0   0.0%   0.101 AU:3    +
   26   104  0   0.0%   0.691 GC:3    +
   38    79  0   0.0%   0.455 UA:3    +
   35    42  0   0.0%   0.047 UG:3    +
   40    51  0   0.0%   0.363 UG:3    +
   25   101  0   0.0%   0.110 GC:3    +
   19    32  0   0.0%   0.119 UG:3    +
   36   106  0   0.0%   0.699 GC:3    +
   42    69  0   0.0%   0.540 GC:3    +
   30   110  0   0.0%   0.376 CG:3    +
   47    75  0   0.0%   0.375 UG:3    +
    3   116  0   0.0%   0.225 GC:3    +
   97   118  0   0.0%   0.591 GC:3    +
   24   114  0   0.0%   0.368 AU:3    +
   57    69  0   0.0%   0.517 GC:3    +
   60    67  0   0.0%   0.263 UA:3    +
   61    66  0   0.0%   0.187 UG:3    +
   20    27  0   0.0%   0.137 GC:3    +
   25   105  0   0.0%   0.707 GU:3    +
   40    44  0   0.0%   0.106 UG:3    +
   27    37  0   0.0%   0.020 CG:3    +
   58    68  0   0.0%   0.406 UG:3    +
   28   117  0   0.0%   0.325 UA:3    +
    7    13  0   0.0%   0.003 AU:3    +
   28    36  0   0.0%   0.013 UG:3    +
   11   104  0   0.0%   0.019 GC:3    +
   10   105  0   0.0%   0.019 GU:3    +
    9   106  0   0.0%   0.013 GC:3    +
   58    90  0   0.0%   0.742 UG:3    +
   34    89  0   0.0%   0.309 UA:3    +
   66    77  0   0.0%   0.149 GC:3    +
   22    98  0   0.0%   0.131 UA:3    +
   26    38  0   0.0%   0.016 GU:3    +
   24    58  0   0.0%   0.069 AU:3    +
    9    48  0   0.0%   0.005 GC:3    +
   11   116  0   0.0%   0.032 GC:3    +
   21   104  0   0.0%   0.201 GC:3    +
   39   103  0   0.0%   1.356 GC:3    +
   53    73  0   0.0%   0.698 UG:3    +
   26    48  0   0.0%   0.112 GC:3    +
   37   105  0   0.0%   1.026 GU:3    +
   53    89  0   0.0%   0.872 UA:3    +
   41    94  0   0.0%   0.283 CG:3    +
   13   115  0   0.0%   0.117 UA:3    +
   63    85  0   0.0%   0.437 GC:3    +
   47    57  0   0.0%   0.287 UG:3    +
   19   111  0   0.0%   0.498 UG:3    +
   36    47  0   0.0%   0.102 GU:3    +
   40    95  0   0.0%   0.182 UA:3    +
   19    26  0   0.0%   0.118 UG:3    +
   48    66  0   0.0%   0.359 CG:3    +
   13   107  0   0.0%   0.115 UA:3    +
   33    92  0   0.0%   0.671 GC:3    +
   32    48  0   0.0%   0.105 GC:3    +
   50    93  0   0.0%   0.972 UA:3    +
    3   118  0   0.0%   0.225 GC:3    +
   26   114  0   0.0%   0.474 GU:3    +
   47    67  0   0.0%   0.120 UA:3    +
   62    78  0   0.0%   0.457 GC:3    +
   63    77  0   0.0%   0.176 GC:3    +
   19    39  0   0.0%   0.119 UG:3    +
    2    26  0   0.0%   0.218 CG:3    +
   62    86  0   0.0%   0.363 GU:3    +
   61    67  0   0.0%   0.233 UA:3    +
   13   100  0   0.0%   0.114 UA:3    +
   19    25  0   0.0%   0.119 UG:3    +
   57   116  0   0.0%   0.469 GC:3    +
   38    44  0   0.0%   0.085 UG:3    +
    3   119  0   0.0%   0.225 GC:3    +
   40    82  0   0.0%   0.157 UG:3    +
   33    47  0   0.0%   0.128 GU:3    +
   48    82  0   0.0%   0.889 CG:3    +
   14    99  0   0.0%   0.031 UA:3    +
   58   115  0   0.0%   0.490 UA:3    +
   30    37  0   0.0%   0.013 CG:3    +
   94   118  0   0.0%   0.547 GC:3    +
   29   111  0   0.0%   0.152 UG:3    +
   61    79  0   0.0%   0.612 UA:3    +
   52    73  0   0.0%   0.893 CG:3    +
   20   105  0   0.0%   0.248 GU:3    +
   27    57  0   0.0%   0.035 CG:3    +
   35   107  0   0.0%   0.928 UA:3    +
   56    97  0   0.0%   1.105 CG:3    +
   29   115  0   0.0%   0.124 UA:3    +
   78    82  0   0.0%   0.832 CG:3    +
   31    45  0   0.0%   0.076 UA:3    +
   26    58  0   0.0%   0.075 GU:3    +
   31    36  0   0.0%   0.012 UG:3    +
   50    66  0   0.0%   0.653 UG:3    +
   42    77  0   0.0%   0.541 GC:3    +
   37    91  0   0.0%   1.008 GU:3    +
   49    55  0   0.0%   0.792 UG:3    +
   49    67  0   0.0%   0.265 UA:3    +
   10    47  0   0.0%   0.006 GU:3    +
   16   119  0   0.0%   0.063 GC:3    +
   39    83  0   0.0%   0.733 GU:3    +
    1    18  0   0.0%   0.001 AU:3    +
   50    64  0   0.0%   0.678 UA:3    +
   17   118  0   0.0%   0.077 GC:3    +
   33    58  0   0.0%   0.332 GU:3    +
   32   119  0   0.0%   0.561 GC:3    +
   33   118  0   0.0%   1.108 GC:3    +
   51    65  0   0.0%   0.585 GU:3    +
   21   106  0   0.0%   0.192 GC:3    +
   24    40  0   0.0%   0.011 AU:3    +
   10   106  0   0.0%   0.015 GC:3    +
   30    51  0   0.0%   0.089 CG:3    +
   36    48  0   0.0%   0.103 GC:3    +
   50    54  0   0.0%   0.961 UA:3    +
   42    53  0   0.0%   0.720 GU:3    +
   97   119  0   0.0%   0.597 GC:3    +
   25    49  0   0.0%   0.119 GU:3    +
  106   110  0   0.0%   0.754 CG:3    +
   25   113  0   0.0%   0.441 GU:3    +
   36    60  0   0.0%   0.331 GU:3    +
   32    58  0   0.0%   0.067 GU:3    +
   33    48  0   0.0%   0.129 GC:3    +
   42    80  0   0.0%   0.543 GU:3    +
   45    81  0   0.0%   0.858 AU:3    +
   54    81  0   0.0%   0.659 AU:3    +
   11   105  0   0.0%   0.019 GU:3    +
   43    63  0   0.0%   0.433 CG:3    +
   48    68  0   0.0%   0.350 CG:3    +
   54    58  0   0.0%   0.457 AU:3    +
   34   117  0   0.0%   0.878 UA:3    +
   53    59  0   0.0%   0.438 UA:3    +
    1   120  0   0.0%   0.110 AU:3    +
   18   117  0   0.0%   0.178 UA:3    +
   96   120  0   0.0%   0.246 AU:3    +
   37    61  0   0.0%   0.399 GU:3    +
   15   120  0   0.0%   0.064 GU:3    +
   63    69  0   0.0%   0.565 GC:3    +
   42   101  0   0.0%   0.917 GC:3    +
   36    52  0   0.0%   0.107 GC:3    +
  105   111  0   0.0%   0.797 UG:3    +
   54    60  0   0.0%   0.429 AU:3    +
   20   101  0   0.0%   0.203 GC:3    +
  104   112  0   0.0%   0.779 CG:3    +
   60    66  0   0.0%   0.216 UG:3    +
   57   118  0   0.0%   0.856 GC:3    +
   37    47  0   0.0%   0.061 GU:3    +
   28   100  0   0.0%   0.102 UA:3    +
    1   114  0   0.0%   0.110 AU:3    +
   20    30  0   0.0%   0.137 GC:3    +
   20   108  0   0.0%   0.252 GC:3    +
   37    53  0   0.0%   0.546 GU:3    +
   31    44  0   0.0%   0.075 UG:3    +
    2    94  0   0.0%   0.224 CG:3    +
    5     9  0   0.0%   0.001 CG:3    +
    4    10  0   0.0%   0.001 CG:3    +
    9   116  0   0.0%   0.030 GC:3    +
   53    82  0   0.0%   0.906 UG:3    +
   58   117  0   0.0%   0.707 UA:3    +
  102   110  0   0.0%   0.460 CG:3    +
   18    25  0   0.0%   0.111 UG:3    +
   21    29  0   0.0%   0.084 GU:3    +
   30    42  0   0.0%   0.016 CG:3    +
   50    74  0   0.0%   1.024 UA:3    +
  101   111  0   0.0%   0.182 CG:3    +
   25   106  0   0.0%   0.414 GC:3    +
   51    80  0   0.0%   1.195 GU:3    +
   52    62  0   0.0%   0.563 CG:3    +
   97   102  0   0.0%   0.213 GC:3    +
   39    61  0   0.0%   0.727 GU:3    +
   49    75  0   0.0%   0.547 UG:3    +
   35    39  0   0.0%   0.027 UG:3    +
    2    97  0   0.0%   0.224 CG:3    +
   61    90  0   0.0%   1.010 UG:3    +
   32    49  0   0.0%   0.105 GU:3    +
   39   104  0   0.0%   1.298 GC:3    +
    9   108  0   0.0%   0.012 GC:3    +
   19    98  0   0.0%   0.164 UA:3    +
   21   109  0   0.0%   0.699 GC:3    +
   33    38  0   0.0%   0.012 GU:3    +
   26   105  0   0.0%   0.714 GU:3    +
   47    62  0   0.0%   0.128 UG:3    +
   19   100  0   0.0%   0.184 UA:3    +
   58    94  0   0.0%   0.507 UG:3    +
   21    56  0   0.0%   0.161 GC:3    +
   52    82  0   0.0%   1.101 CG:3    +
   55    72  0   0.0%   0.600 GU:3    +
   42   104  0   0.0%   1.152 GC:3    +
    2     9  0   0.0%   0.001 CG:3    +
   26    30  0   0.0%   0.009 GC:3    +
   66    86  0   0.0%   1.068 GU:3    +
   22    55  0   0.0%   0.157 UG:3    +
   35    90  0   0.0%   0.922 UG:3    +
   41    62  0   0.0%   0.181 CG:3    +
   15   109  0   0.0%   0.062 GC:3    +
   16   108  0   0.0%   0.055 GC:3    +
   32    56  0   0.0%   0.084 GC:3    +
   55   118  0   0.0%   1.293 GC:3    +
    5    11  0   0.0%   0.008 CG:3    +
    6    10  0   0.0%   0.005 CG:3    +
   24    50  0   0.0%   0.110 AU:3    +
   38    67  0   0.0%   0.453 UA:3    +
   15   116  0   0.0%   0.053 GC:3    +
   51    83  0   0.0%   1.228 GU:3    +
   45    61  0   0.0%   0.347 AU:3    +
    2    17  0   0.0%   0.001 CG:3    +
   25    31  0   0.0%   0.010 GU:3    +
   58    67  0   0.0%   0.374 UA:3    +
   57    84  0   0.0%   0.417 GC:3    +
   34    57  0   0.0%   0.309 UG:3    +
   62    84  0   0.0%   0.406 GC:3    +
   26   108  0   0.0%   0.678 GC:3    +
   25   109  0   0.0%   0.671 GC:3    +
   40    79  0   0.0%   0.156 UA:3    +
    4    16  0   0.0%   0.005 CG:3    +
   68    77  0   0.0%   0.243 GC:3    +
   21    43  0   0.0%   0.089 GC:3    +
    6   111  0   0.0%   0.057 CG:3    +
   14   117  0   0.0%   0.046 UA:3    +
   22    42  0   0.0%   0.080 UG:3    +
   46    63  0   0.0%   0.131 UG:3    +
   58    74  0   0.0%   0.675 UA:3    +
   19    23  0   0.0%   0.114 UA:3    +
   74    83  0   0.0%   1.278 AU:3    +
   94   116  0   0.0%   0.158 GC:3    +
   73    84  0   0.0%   1.113 GC:3    +
   44    80  0   0.0%   0.344 GU:3    +
    5   112  0   0.0%   0.061 CG:3    +
   28    97  0   0.0%   0.083 UG:3    +
   68    78  0   0.0%   0.366 GC:3    +
   46    73  0   0.0%   0.117 UG:3    +
   59    81  0   0.0%   0.633 AU:3    +
   70    80  0   0.0%   0.686 AU:3    +
   53    96  0   0.0%   0.645 UA:3    +
   56    82  0   0.0%   1.356 CG:3    +
   18   110  0   0.0%   0.173 UG:3    +
   94   101  0   0.0%   0.163 GC:3    +
   28    44  0   0.0%   0.013 UG:3    +
   16    77  0   0.0%   0.008 GC:3    +
    4    57  0   0.0%   0.025 CG:3    +
   15    78  0   0.0%   0.016 GC:3    +
   17    76  0   0.0%   0.036 GC:3    +
   18    75  0   0.0%   0.134 UG:3    +
   12    91  0   0.0%   0.004 AU:3    +
    2    15  0   0.0%   0.001 CG:3    +
   19    74  0   0.0%   0.163 UA:3    +
   13    90  0   0.0%   0.113 UG:3    +
   11    92  0   0.0%   0.008 GC:3    +
   35    62  0   0.0%   0.311 UG:3    +
   58    82  0   0.0%   0.784 UG:3    +
   36    40  0   0.0%   0.031 GU:3    +
   55    83  0   0.0%   1.101 GU:3    +
   90   101  0   0.0%   0.630 GC:3    +
    3    58  0   0.0%   0.205 GU:3    +
   42   113  0   0.0%   0.920 GU:3    +
   11   101  0   0.0%   0.008 GC:3    +
   27    68  0   0.0%   0.029 CG:3    +
   26    69  0   0.0%   0.064 GC:3    +
   11    46  0   0.0%   0.004 GU:3    +
   55    78  0   0.0%   0.945 GC:3    +
   76    82  0   0.0%   0.804 CG:3    +
   46   100  0   0.0%   0.514 UA:3    +
   97   104  0   0.0%   0.379 GC:3    +
   21    72  0   0.0%   0.134 GU:3    +
   13   117  0   0.0%   0.116 UA:3    +
   11    84  0   0.0%   0.008 GC:3    +
   12    83  0   0.0%   0.004 AU:3    +
   54    80  0   0.0%   0.642 AU:3    +
   59    83  0   0.0%   0.649 AU:3    +
   10    85  0   0.0%   0.008 GC:3    +
   40    63  0   0.0%   0.129 UG:3    +
   14    79  0   0.0%   0.030 UA:3    +
  115   120  0   0.0%   0.570 AU:3    +
   60    68  0   0.0%   0.293 UG:3    +
   10   102  0   0.0%   0.008 GC:3    +
   14    89  0   0.0%   0.030 UA:3    +
   91   100  0   0.0%   0.662 UA:3    +
   10   104  0   0.0%   0.017 GC:3    +
   32   106  0   0.0%   0.107 GC:3    +
   60    82  0   0.0%   0.673 UG:3    +
   97   106  0   0.0%   0.114 GC:3    +
   15    88  0   0.0%   0.016 GC:3    +
   16    87  0   0.0%   0.008 GC:3    +
   43   112  0   0.0%   0.733 CG:3    +
   57    76  0   0.0%   0.589 GC:3    +
   28    67  0   0.0%   0.026 UA:3    +
   23   113  0   0.0%   0.103 AU:3    +
   11   103  0   0.0%   0.017 GC:3    +
   32    61  0   0.0%   0.056 GU:3    +
   29    96  0   0.0%   0.092 UA:3    +
   22    71  0   0.0%   0.129 UA:3    +
   98   105  0   0.0%   0.357 AU:3    +
    9   103  0   0.0%   0.006 GC:3    +
   18   112  0   0.0%   0.205 UG:3    +
   30    63  0   0.0%   0.039 CG:3    +
   31   107  0   0.0%   0.356 UA:3    +
   31    62  0   0.0%   0.036 UG:3    +
    2    11  0   0.0%   0.001 CG:3    +
    3   114  0   0.0%   0.223 GU:3    +
   13    82  0   0.0%   0.112 UG:3    +
   58    95  0   0.0%   0.490 UA:3    +
   47    70  0   0.0%   0.116 UA:3    +
   65    74  0   0.0%   0.436 UA:3    +
   59   114  0   0.0%   0.686 AU:3    +
   46    71  0   0.0%   0.116 UA:3    +
   21    34  0   0.0%   0.086 GU:3    +
   94   106  0   0.0%   0.105 GC:3    +
    9    86  0   0.0%   0.006 GU:3    +
   40    57  0   0.0%   0.171 UG:3    +
   75    83  0   0.0%   1.419 GU:3    +
   27   111  0   0.0%   0.116 CG:3    +
   57    81  0   0.0%   0.607 GU:3    +
    9   105  0   0.0%   0.015 GU:3    +
    5    15  0   0.0%   0.005 CG:3    +
   30   112  0   0.0%   0.143 CG:3    +
   55   119  0   0.0%   1.291 GC:3    +
   55    85  0   0.0%   1.014 GC:3    +
   98   113  0   0.0%   0.112 AU:3    +
   39    87  0   0.0%   1.297 GC:3    +
   52    97  0   0.0%   0.848 CG:3    +
   33   105  0   0.0%   0.950 GU:3    +
   45    72  0   0.0%   0.314 AU:3    +
   58    75  0   0.0%   0.797 UG:3    +
   18    99  0   0.0%   0.135 UA:3    +
   29    99  0   0.0%   0.100 UA:3    +
   27    44  0   0.0%   0.028 CG:3    +
    9    14  0   0.0%   0.026 GU:3    +
   47    59  0   0.0%   0.198 UA:3    +
   42    61  0   0.0%   0.553 GU:3    +
   38    82  0   0.0%   0.454 UG:3    +
   28    98  0   0.0%   0.054 UA:3    +
   22    32  0   0.0%   0.079 UG:3    +
   31   111  0   0.0%   0.169 UG:3    +
   20    35  0   0.0%   0.139 GU:3    +
    3    14  0   0.0%   0.001 GU:3    +
   54    86  0   0.0%   0.389 AU:3    +
   17   116  0   0.0%   0.063 GC:3    +
   96   105  0   0.0%   0.380 AU:3    +
   37    84  0   0.0%   0.382 GC:3    +
   97   114  0   0.0%   0.130 GU:3    +
   25    92  0   0.0%   0.069 GC:3    +
   41    68  0   0.0%   0.207 CG:3    +
   44    60  0   0.0%   0.359 GU:3    +
   37    86  0   0.0%   0.382 GU:3    +
   67    72  0   0.0%   0.397 AU:3    +
   26    91  0   0.0%   0.065 GU:3    +
   27    90  0   0.0%   0.030 CG:3    +
   18   115  0   0.0%   0.186 UA:3    +
    7    19  0   0.0%   0.135 AU:3    +
   29    64  0   0.0%   0.041 UA:3    +
   28   110  0   0.0%   0.359 UG:3    +
   36    85  0   0.0%   0.345 GC:3    +
   34    64  0   0.0%   0.307 UA:3    +
    6    20  0   0.0%   0.142 CG:3    +
   18    33  0   0.0%   0.109 UG:3    +
   31   115  0   0.0%   0.120 UA:3    +
    1    14  0   0.0%   0.000 AU:3    +
   32    46  0   0.0%   0.048 GU:3    +
   95   105  0   0.0%   0.367 AU:3    +
   35    63  0   0.0%   0.311 UG:3    +
   58    89  0   0.0%   0.749 UA:3    +
    8    18  0   0.0%   0.216 AU:3    +
   38    62  0   0.0%   0.446 UG:3    +
   98   120  0   0.0%   0.232 AU:3    +
   18    26  0   0.0%   0.110 UG:3    +
   49    73  0   0.0%   0.599 UG:3    +
    5    21  0   0.0%   0.092 CG:3    +
   39    80  0   0.0%   0.732 GU:3    +
   36    87  0   0.0%   0.346 GC:3    +
   33    65  0   0.0%   0.323 GU:3    +
   44   103  0   0.0%   1.028 GC:3    +
   66    83  0   0.0%   0.466 GU:3    +
   47    99  0   0.0%   0.368 UA:3    +
   32    91  0   0.0%   0.056 GU:3    +
   23    29  0   0.0%   0.001 AU:3    +
   23    31  0   0.0%   0.003 AU:3    +
    3    13  0   0.0%   0.000 GU:3    +
   63    86  0   0.0%   0.202 GU:3    +
    4     9  0   0.0%   0.001 CG:3    +
   38    96  0   0.0%   0.492 UA:3    +
   32   116  0   0.0%   0.175 GC:3    +
   53    57  0   0.0%   0.548 UG:3    +
   19   115  0   0.0%   0.451 UA:3    +
   19    45  0   0.0%   0.121 UA:3    +
   32   114  0   0.0%   0.160 GU:3    +
   74    80  0   0.0%   0.679 AU:3    +
    4    94  0   0.0%   0.020 CG:3    +
    2    90  0   0.0%   0.223 CG:3    +
   53    94  0   0.0%   0.631 UG:3    +
   19   112  0   0.0%   0.470 UG:3    +
   36   116  0   0.0%   0.760 GC:3    +
   53    95  0   0.0%   0.632 UA:3    +
    3    22  0   0.0%   0.271 GU:3    +
   21   120  0   0.0%   0.714 GU:3    +
   53    98  0   0.0%   0.620 UA:3    +
   63    88  0   0.0%   0.838 GC:3    +
    3   109  0   0.0%   0.201 GC:3    +
   31   117  0   0.0%   0.335 UA:3    +
    2    55  0   0.0%   0.218 CG:3    +
   20    34  0   0.0%   0.139 GU:3    +
   20    56  0   0.0%   0.215 GC:3    +
   49    57  0   0.0%   0.456 UG:3    +
   26    46  0   0.0%   0.023 GU:3    +
   51    81  0   0.0%   1.211 GU:3    +
   73    81  0   0.0%   1.025 GU:3    +
   18    23  0   0.0%   0.109 UA:3    +
   46    68  0   0.0%   0.117 UG:3    +
   32    40  0   0.0%   0.018 GU:3    +
   38    63  0   0.0%   0.446 UG:3    +
   22    99  0   0.0%   0.138 UA:3    +
    2    33  0   0.0%   0.218 CG:3    +
   17   106  0   0.0%   0.074 GC:3    +
   39    81  0   0.0%   0.732 GU:3    +
   62    87  0   0.0%   0.663 GC:3    +
   34    93  0   0.0%   0.630 UA:3    +
   49    59  0   0.0%   0.354 UA:3    +
   27    36  0   0.0%   0.019 CG:3    +
    4    90  0   0.0%   0.019 CG:3    +
   79    86  0   0.0%   0.678 AU:3    +
   50    75  0   0.0%   0.935 UG:3    +
   37    80  0   0.0%   0.381 GU:3    +
   23    28  0   0.0%   0.002 AU:3    +
   34    63  0   0.0%   0.307 UG:3    +
   13    99  0   0.0%   0.112 UA:3    +
   38    64  0   0.0%   0.446 UA:3    +
   37    85  0   0.0%   0.382 GC:3    +
   63    83  0   0.0%   0.451 GU:3    +
   12    61  0   0.0%   0.004 AU:3    +
   49    94  0   0.0%   0.478 UG:3    +
   14    98  0   0.0%   0.030 UA:3    +
   97   103  0   0.0%   0.449 GC:3    +
   14   110  0   0.0%   0.060 UG:3    +
   57    85  0   0.0%   0.536 GC:3    +
  106   111  0   0.0%   0.515 CG:3    +
   44    83  0   0.0%   0.866 GU:3    +
   28   115  0   0.0%   0.108 UA:3    +
    1    91  0   0.0%   0.107 AU:3    +
   54    91  0   0.0%   0.694 AU:3    +
   40    62  0   0.0%   0.129 UG:3    +
    3   120  0   0.0%   0.225 GU:3    +
   22    33  0   0.0%   0.078 UG:3    +
   39    92  0   0.0%   1.020 GC:3    +
   36    91  0   0.0%   0.972 GU:3    +
   38    93  0   0.0%   0.481 UA:3    +
   28    89  0   0.0%   0.026 UA:3    +
   97   101  0   0.0%   0.172 GC:3    +
    3    92  0   0.0%   0.201 GC:3    +
   24    28  0   0.0%   0.004 AU:3    +
   28    57  0   0.0%   0.032 UG:3    +
   29   100  0   0.0%   0.115 UA:3    +
    3    91  0   0.0%   0.201 GU:3    +
    7   105  0   0.0%   0.024 AU:3    +
    4   111  0   0.0%   0.021 CG:3    +
    5   110  0   0.0%   0.014 CG:3    +
   58    96  0   0.0%   0.503 UA:3    +
   22    54  0   0.0%   0.173 UA:3    +
   31    51  0   0.0%   0.085 UG:3    +
   55    61  0   0.0%   0.583 GU:3    +
   44    85  0   0.0%   0.854 GC:3    +
   79    83  0   0.0%   1.516 AU:3    +
   33   106  0   0.0%   0.657 GC:3    +
   14    23  0   0.0%   0.024 UA:3    +
   67    81  0   0.0%   0.477 AU:3    +
   29    66  0   0.0%   0.041 UG:3    +
   59    86  0   0.0%   0.363 AU:3    +
   63    76  0   0.0%   0.411 GC:3    +
    1    34  0   0.0%   0.102 AU:3    +
   15    22  0   0.0%   0.083 GU:3    +
   41    73  0   0.0%   0.207 CG:3    +
   62    77  0   0.0%   0.341 GC:3    +
    4    21  0   0.0%   0.095 CG:3    +
   13    24  0   0.0%   0.109 UA:3    +
   40    74  0   0.0%   0.155 UA:3    +
   49    82  0   0.0%   0.795 UG:3    +
   31    59  0   0.0%   0.038 UA:3    +
   27    75  0   0.0%   0.029 CG:3    +
   37    50  0   0.0%   0.064 GU:3    +
   26    76  0   0.0%   0.064 GC:3    +
   21    38  0   0.0%   0.087 GU:3    +
   55   116  0   0.0%   0.905 GC:3    +
   28    74  0   0.0%   0.026 UA:3    +
   25    77  0   0.0%   0.069 GC:3    +
   57   101  0   0.0%   0.473 GC:3    +
   49    66  0   0.0%   0.272 UG:3    +
   44    92  0   0.0%   0.679 GC:3    +
   18    39  0   0.0%   0.109 UG:3    +
   58   100  0   0.0%   0.488 UA:3    +
   20   114  0   0.0%   0.490 GU:3    +
    4    97  0   0.0%   0.020 CG:3    +
   82    88  0   0.0%   1.003 GC:3    +
   90   116  0   0.0%   0.625 GC:3    +
   31    37  0   0.0%   0.009 UG:3    +
   95   120  0   0.0%   0.232 AU:3    +
   91   115  0   0.0%   0.662 UA:3    +
   81    89  0   0.0%   0.949 UA:3    +
   29    73  0   0.0%   0.041 UG:3    +
    4    33  0   0.0%   0.015 CG:3    +
    5    17  0   0.0%   0.022 CG:3    +
   45    91  0   0.0%   0.928 AU:3    +
    5    32  0   0.0%   0.012 CG:3    +
   31    95  0   0.0%   0.085 UA:3    +
   54   120  0   0.0%   0.550 AU:3    +
   33    61  0   0.0%   0.323 GU:3    +
   32    38  0   0.0%   0.017 GU:3    +
   34    54  0   0.0%   0.111 UA:3    +
   72    82  0   0.0%   0.907 UG:3    +
   12    60  0   0.0%   0.003 AU:3    +
   53    64  0   0.0%   0.362 UA:3    +
  112   120  0   0.0%   1.335 GU:3    +
   10    27  0   0.0%   0.004 GC:3    +
    9    28  0   0.0%   0.003 GU:3    +
    3    34  0   0.0%   0.196 GU:3    +
   21    35  0   0.0%   0.085 GU:3    +
   35   117  0   0.0%   0.889 UA:3    +
   34   110  0   0.0%   0.937 UG:3    +
   18    24  0   0.0%   0.109 UA:3    +
   51    60  0   0.0%   0.635 GU:3    +
   22    96  0   0.0%   0.129 UA:3    +
   37    88  0   0.0%   1.006 GC:3    +
   50    96  0   0.0%   1.031 UA:3    +
   80    90  0   0.0%   0.974 UG:3    +
    8    29  0   0.0%   0.108 AU:3    +
   28    95  0   0.0%   0.026 UA:3    +
   61    68  0   0.0%   0.262 UG:3    +
   96   114  0   0.0%   0.117 AU:3    +
   46    90  0   0.0%   0.735 UG:3    +
   16    41  0   0.0%   0.008 GC:3    +
   10   116  0   0.0%   0.036 GC:3    +
   57   119  0   0.0%   0.854 GC:3    +
   38    90  0   0.0%   0.751 UG:3    +
   71    83  0   0.0%   1.580 AU:3    +
   47    55  0   0.0%   0.623 UG:3    +
   24    53  0   0.0%   0.106 AU:3    +
   38    89  0   0.0%   0.768 UA:3    +
    2    10  0   0.0%   0.000 CG:3    +
   21    84  0   0.0%   0.134 GC:3    +
    6    16  0   0.0%   0.015 CG:3    +
   20    85  0   0.0%   0.189 GC:3    +
   22    37  0   0.0%   0.080 UG:3    +
   16    58  0   0.0%   0.017 GU:3    +
    2    32  0   0.0%   0.217 CG:3    +
  105   112  0   0.0%   0.759 UG:3    +
   29    97  0   0.0%   0.097 UG:3    +
   58    70  0   0.0%   0.389 UA:3    +
   15    92  0   0.0%   0.016 GC:3    +
   17    27  0   0.0%   0.011 GC:3    +
   94   102  0   0.0%   0.204 GC:3    +
   59    80  0   0.0%   0.616 AU:3    +
   41    90  0   0.0%   0.552 CG:3    +
   62    81  0   0.0%   0.595 GU:3    +
   79    91  0   0.0%   1.087 AU:3    +
   35    55  0   0.0%   0.562 UG:3    +
   31    57  0   0.0%   0.041 UG:3    +
   22    97  0   0.0%   0.129 UG:3    +
   14    93  0   0.0%   0.030 UA:3    +
   28   112  0   0.0%   0.123 UG:3    +
   37   106  0   0.0%   0.731 GC:3    +
    4   110  0   0.0%   0.021 CG:3    +
   23    81  0   0.0%   0.050 AU:3    +
   20    40  0   0.0%   0.141 GU:3    +
   13    59  0   0.0%   0.112 UA:3    +
   22    82  0   0.0%   0.129 UG:3    +
   62    83  0   0.0%   0.611 GU:3    +
   17    40  0   0.0%   0.011 GU:3    +
   39    88  0   0.0%   1.298 GC:3    +
   31    67  0   0.0%   0.036 UA:3    +
    5    20  0   0.0%   0.145 CG:3    +
   13   111  0   0.0%   0.138 UG:3    +
   30    68  0   0.0%   0.039 CG:3    +
   82    87  0   0.0%   1.003 GC:3    +
   53    68  0   0.0%   0.680 UG:3    +
   19    57  0   0.0%   0.168 UG:3    +
   11    30  0   0.0%   0.004 GC:3    +
   29   117  0   0.0%   0.338 UA:3    +
   49    70  0   0.0%   0.261 UA:3    +
   37    65  0   0.0%   0.381 GU:3    +
   38    97  0   0.0%   0.497 UG:3    +
   37    49  0   0.0%   0.067 GU:3    +
   60    79  0   0.0%   0.640 UA:3    +
   47    71  0   0.0%   0.117 UA:3    +
   10    31  0   0.0%   0.004 GU:3    +
   25    52  0   0.0%   0.114 GC:3    +
   17    86  0   0.0%   0.036 GU:3    +
   26   120  0   0.0%   0.780 GU:3    +
   13    98  0   0.0%   0.112 UA:3    +
   23    53  0   0.0%   0.098 AU:3    +
   12    29  0   0.0%   0.000 AU:3    +
   28    37  0   0.0%   0.010 UG:3    +
   20    92  0   0.0%   0.189 GC:3    +
   40    99  0   0.0%   0.180 UA:3    +
   40    71  0   0.0%   0.155 UA:3    +
   16    28  0   0.0%   0.008 GU:3    +
   19    44  0   0.0%   0.121 UG:3    +
   28    39  0   0.0%   0.014 UG:3    +
   42    72  0   0.0%   0.538 GU:3    +
   53    63  0   0.0%   0.365 UG:3    +
   66    80  0   0.0%   0.400 GU:3    +
   32    50  0   0.0%   0.104 GU:3    +
   23    38  0   0.0%   0.004 AU:3    +
   21    40  0   0.0%   0.085 GU:3    +
    6    32  0   0.0%   0.008 CG:3    +
   95   114  0   0.0%   0.104 AU:3    +
   20    41  0   0.0%   0.144 GC:3    +
   18    45  0   0.0%   0.112 UA:3    +
   24    80  0   0.0%   0.059 AU:3    +
   11   109  0   0.0%   0.048 GC:3    +
   20    43  0   0.0%   0.144 GC:3    +
   57    87  0   0.0%   0.638 GC:3    +
    5    33  0   0.0%   0.012 CG:3    +
   32   104  0   0.0%   0.376 GC:3    +
   33   103  0   0.0%   0.980 GC:3    +
   33    87  0   0.0%   0.324 GC:3    +
   17    46  0   0.0%   0.017 GU:3    +
   19    93  0   0.0%   0.163 UA:3    +
   22    39  0   0.0%   0.081 UG:3    +
   71    81  0   0.0%   0.997 AU:3    +
   16    27  0   0.0%   0.008 GC:3    +
   32    88  0   0.0%   0.056 GC:3    +
   37    77  0   0.0%   0.381 GC:3    +
   36    78  0   0.0%   0.345 GC:3    +
    9    52  0   0.0%   0.006 GC:3    +
    8    53  0   0.0%   0.111 AU:3    +
   14    97  0   0.0%   0.030 UG:3    +
   26    31  0   0.0%   0.008 GU:3    +
    7   120  0   0.0%   0.024 AU:3    +
   33   113  0   0.0%   0.722 GU:3    +
   26   106  0   0.0%   0.421 GC:3    +
   39    72  0   0.0%   0.730 GU:3    +
    7    31  0   0.0%   0.022 AU:3    +
   16    47  0   0.0%   0.011 GU:3    +
   42   114  0   0.0%   0.902 GU:3    +
   58    97  0   0.0%   0.511 UG:3    +
   60    70  0   0.0%   0.276 UA:3    +
   75    85  0   0.0%   0.996 GC:3    +
  110   114  0   0.0%   1.121 GU:3    +
   94   120  0   0.0%   0.260 GU:3    +
   15    48  0   0.0%   0.014 GC:3    +
   50    94  0   0.0%   0.970 UG:3    +
   27    94  0   0.0%   0.030 CG:3    +
   26    41  0   0.0%   0.023 GC:3    +
   29    36  0   0.0%   0.003 UG:3    +
   90   118  0   0.0%   1.012 GC:3    +
    3    27  0   0.0%   0.195 GC:3    +
   74    86  0   0.0%   0.440 AU:3    +
   46    95  0   0.0%   0.462 UA:3    +
   91   117  0   0.0%   0.880 UA:3    +
   32   108  0   0.0%   0.363 GC:3    +
   36    86  0   0.0%   0.345 GU:3    +
   19    55  0   0.0%   0.191 UG:3    +
    4    26  0   0.0%   0.015 CG:3    +
   15    28  0   0.0%   0.008 GU:3    +
   31    89  0   0.0%   0.036 UA:3    +
   26    35  0   0.0%   0.023 GU:3    +
   36    50  0   0.0%   0.104 GU:3    +
   36    81  0   0.0%   0.345 GU:3    +
   65    75  0   0.0%   0.558 UG:3    +
   15   101  0   0.0%   0.016 GC:3    +
   94   103  0   0.0%   0.440 GC:3    +
   28    93  0   0.0%   0.026 UA:3    +
   69    73  0   0.0%   0.831 CG:3    +
   94   104  0   0.0%   0.370 GC:3    +
   61    82  0   0.0%   0.643 UG:3    +
   82    86  0   0.0%   0.720 GU:3    +
   29    51  0   0.0%   0.092 UG:3    +
   25    38  0   0.0%   0.017 GU:3    +
   35    79  0   0.0%   0.311 UA:3    +
   13    94  0   0.0%   0.112 UG:3    +
   10    14  0   0.0%   0.028 GU:3    +
   19    42  0   0.0%   0.118 UG:3    +
   33    84  0   0.0%   0.324 GC:3    +
   39    69  0   0.0%   0.730 GC:3    +
   11    50  0   0.0%   0.011 GU:3    +
   39    77  0   0.0%   0.731 GC:3    +
   65    89  0   0.0%   0.716 UA:3    +
    3    38  0   0.0%   0.195 GU:3    +
    2    39  0   0.0%   0.217 CG:3    +
    9    50  0   0.0%   0.009 GU:3    +
   11   119  0   0.0%   0.049 GC:3    +
   49    64  0   0.0%   0.297 UA:3    +
   32    85  0   0.0%   0.056 GC:3    +
   21    28  0   0.0%   0.085 GU:3    +
   51    84  0   0.0%   1.021 GC:3    +
   64    91  0   0.0%   0.947 AU:3    +
   52    66  0   0.0%   0.538 CG:3    +
   66    76  0   0.0%   0.382 GC:3    +
   20    29  0   0.0%   0.137 GU:3    +
   33   120  0   0.0%   0.826 GU:3    +
   15   113  0   0.0%   0.066 GU:3    +
    4    37  0   0.0%   0.015 CG:3    +
   50    82  0   0.0%   1.289 UG:3    +
   31    39  0   0.0%   0.012 UG:3    +
  108   112  0   0.0%   0.747 CG:3    +
   68    81  0   0.0%   0.514 GU:3    +
   75    84  0   0.0%   0.924 GC:3    +
   30    90  0   0.0%   0.039 CG:3    +
   93   105  0   0.0%   0.368 AU:3    +
   55    84  0   0.0%   0.894 GC:3    +
    9   118  0   0.0%   0.029 GC:3    +
   37   116  0   0.0%   0.793 GC:3    +
   24    29  0   0.0%   0.002 AU:3    +
   68    80  0   0.0%   0.498 GU:3    +
   38   115  0   0.0%   0.504 UA:3    +
    5    25  0   0.0%   0.013 CG:3    +
    6   112  0   0.0%   0.058 CG:3    +
   33    49  0   0.0%   0.128 GU:3    +
   16    56  0   0.0%   0.013 GC:3    +
   46    67  0   0.0%   0.118 UA:3    +
    5    36  0   0.0%   0.012 CG:3    +
   33   116  0   0.0%   0.720 GC:3    +
   63    80  0   0.0%   0.412 GU:3    +
   65    90  0   0.0%   0.757 UG:3    +
   12    49  0   0.0%   0.007 AU:3    +
   64    81  0   0.0%   0.416 AU:3    +
   35    67  0   0.0%   0.311 UA:3    +
   12   114  0   0.0%   0.016 AU:3    +
   34    68  0   0.0%   0.307 UG:3    +
   63    92  0   0.0%   0.455 GC:3    +
   33    69  0   0.0%   0.323 GC:3    +
   66    88  0   0.0%   1.353 GC:3    +
   73    85  0   0.0%   1.186 GC:3    +
   11    48  0   0.0%   0.011 GC:3    +
   10    49  0   0.0%   0.011 GU:3    +
  107   113  0   0.0%   0.742 AU:3    +
   57    83  0   0.0%   0.622 GU:3    +
    9    85  0   0.0%   0.006 GC:3    +
   10   120  0   0.0%   0.059 GU:3    +
    4    20  0   0.0%   0.149 CG:3    +
   34    95  0   0.0%   0.631 UA:3    +
   46    62  0   0.0%   0.130 UG:3    +
   10    84  0   0.0%   0.007 GC:3    +
   12    18  0   0.0%   0.108 AU:3    +
   65    71  0   0.0%   0.586 UA:3    +
   49    95  0   0.0%   0.477 UA:3    +
    6    11  0   0.0%   0.004 CG:3    +
   34   115  0   0.0%   0.663 UA:3    +
   37    92  0   0.0%   0.729 GC:3    +
   20    88  0   0.0%   0.189 GC:3    +
    1    40  0   0.0%   0.102 AU:3    +
   21    87  0   0.0%   0.134 GC:3    +
    8    86  0   0.0%   0.111 AU:3    +
   91    96  0   0.0%   0.673 UA:3    +
  107   120  0   0.0%   0.494 AU:3    +
   29    39  0   0.0%   0.008 UG:3    +
   50    98  0   0.0%   1.005 UA:3    +
   43    73  0   0.0%   0.411 CG:3    +
   11    19  0   0.0%   0.117 GU:3    +
   50    63  0   0.0%   0.678 UG:3    +
   21   114  0   0.0%   0.436 GU:3    +
   64    72  0   0.0%   0.356 AU:3    +
   87    94  0   0.0%   0.551 CG:3    +
   38    70  0   0.0%   0.452 UA:3    +
   40    68  0   0.0%   0.155 UG:3    +
   13    57  0   0.0%   0.117 UG:3    +
   18    54  0   0.0%   0.109 UA:3    +
   74    81  0   0.0%   0.694 AU:3    +
   12    58  0   0.0%   0.008 AU:3    +
..((((((....)))))).(((.((((((((((((((((..........)))))))..((((((.(.((((((....)))))).))))))))))))).....))).)))((......)).
