3 sequence; length of alignment 34
alifold output
   10    18  0  55.6%   1.029 GC:3   
   11    17  0  55.5%   1.007 CG:3   
    6    22  0  55.3%   0.992 AU:3   
    5    23  0  55.1%   1.008 GC:3   
    9    19  0  53.6%   1.087 GU:3   
    7    21  0  52.9%   1.014 UG:3   
    3    24  0  51.7%   1.138 GC:3   
    2    25  0  48.8%   1.136 UA:3   
   15    29  0  43.0%   1.172 GC:3    +
   16    28  0  43.0%   1.170 AU:3    +
   14    30  0  42.9%   1.103 AU:3    +
   13    31  0  42.8%   1.110 UG:3    +
   12    32  0  42.7%   1.167 GC:3    +
   17    27  0  42.7%   1.491 GC:3    +
    1    26  0  32.1%   1.144 UA:3   
   19    26  0  11.4%   1.556 UA:3    +
   20    25  0   9.2%   1.196 UA:3    +
   10    34  0   6.0%   0.994 GC:3    +
    3     8  0   2.6%   0.287 GC:3    +
   19    25  0   2.5%   0.989 UA:3    +
    2     9  0   2.1%   0.242 UG:3    +
    4    28  0   1.8%   0.220 AU:3    +
    3    29  0   1.8%   0.675 GC:3    +
    5    27  0   1.5%   0.544 GC:3    +
   11    21  0   1.3%   0.889 CG:3    +
   10    22  0   1.2%   0.865 GU:3    +
    9    23  0   1.2%   0.920 GC:3    +
   12    20  0   1.2%   0.178 GU:3    +
    1    10  0   1.0%   0.136 UG:3    +
    9    34  0   0.8%   0.612 GC:3    +
   20    26  0   0.8%   1.037 UA:3    +
    8    21  0   0.4%   0.509 CG:3    +
    7    25  0   0.4%   0.763 UA:3    +
    5    11  0   0.3%   0.058 GC:3    +
    9    20  0   0.2%   0.463 GU:3    +
    2    26  0   0.2%   0.835 UA:3    +
   10    32  0   0.2%   0.480 GC:3    +
   11    31  0   0.2%   0.453 CG:3    +
    3    11  0   0.2%   0.131 GC:3    +
    9    24  0   0.1%   0.854 GC:3    +
   10    23  0   0.1%   0.840 GC:3    +
    3    27  0   0.1%   0.475 GC:3    +
    5    29  0   0.1%   0.502 GC:3    +
    4    30  0   0.1%   0.098 AU:3    +
   24    31  0   0.1%   0.756 CG:3    +
    6    28  0   0.1%   0.422 AU:3    +
   25    30  0   0.1%   1.077 AU:3    +
    3    32  0   0.1%   0.548 GC:3    +
    4    22  0   0.1%   0.016 AU:3    +
    7    26  0   0.1%   0.753 UA:3    +
    3    23  0   0.1%   0.123 GC:3    +
    2    33  0   0.1%   0.459 UA:3    +
   27    31  0   0.1%   0.837 CG:3    +
   12    30  0   0.0%   0.074 GU:3    +
    1    31  0   0.0%   0.424 UG:3    +
    6    20  0   0.0%   0.014 AU:3    +
    8    15  0   0.0%   0.104 CG:3    +
    1    25  0   0.0%   0.055 UA:3    +
    4    19  0   0.0%   0.008 AU:3    +
    5    18  0   0.0%   0.024 GC:3    +
   22    26  0   0.0%   1.063 UA:3    +
    7    16  0   0.0%   0.008 UA:3    +
    3    20  0   0.0%   0.115 GU:3    +
    5    24  0   0.0%   0.694 GC:3    +
   12    18  0   0.0%   0.335 GC:3    +
   21    27  0   0.0%   0.860 GC:3    +
   13    17  0   0.0%   0.332 UG:3    +
   14    19  0   0.0%   0.343 AU:3    +
    2    10  0   0.0%   0.130 UG:3    +
   21    32  0   0.0%   0.807 GC:3    +
   22    31  0   0.0%   0.774 UG:3    +
   12    27  0   0.0%   0.128 GC:3    +
   10    29  0   0.0%   0.517 GC:3    +
    9    30  0   0.0%   0.502 GU:3    +
   13    26  0   0.0%   0.387 UA:3    +
    8    31  0   0.0%   0.130 CG:3    +
   20    33  0   0.0%   0.338 UA:3    +
   28    33  0   0.0%   0.450 UA:3    +
    2    21  0   0.0%   0.085 UG:3    +
   10    19  0   0.0%   0.712 GU:3    +
    2    31  0   0.0%   0.451 UG:3    +
    1     6  0   0.0%   0.003 UA:3    +
   16    22  0   0.0%   0.390 AU:3    +
   15    23  0   0.0%   0.400 GC:3    +
   17    24  0   0.0%   0.684 GC:3    +
   15    24  0   0.0%   0.359 GC:3    +
    1     9  0   0.0%   0.003 UG:3    +
    7    33  0   0.0%   0.374 UA:3    +
    1    33  0   0.0%   0.419 UA:3    +
   15    27  0   0.0%   0.077 GC:3    +
   14    28  0   0.0%   0.081 AU:3    +
    2     6  0   0.0%   0.002 UA:3    +
    1     5  0   0.0%   0.001 UG:3    +
   26    30  0   0.0%   1.052 AU:3    +
   18    31  0   0.0%   0.713 CG:3    +
   17    32  0   0.0%   1.075 GC:3    +
    3     7  0   0.0%   0.001 GU:3    +
   14    20  0   0.0%   0.074 AU:3    +
   21    34  0   0.0%   0.632 GC:3    +
   22    33  0   0.0%   0.398 UA:3    +
    9    18  0   0.0%   0.084 GC:3    +
    5    34  0   0.0%   0.419 GC:3    +
   12    19  0   0.0%   0.340 GU:3    +
   15    19  0   0.0%   0.343 GU:3    +
   12    34  0   0.0%   0.631 GC:3    +
   13    21  0   0.0%   0.422 UG:3    +
    9    32  0   0.0%   0.499 GC:3    +
   17    23  0   0.0%   0.724 GC:3    +
    5    22  0   0.0%   0.023 GU:3    +
   13    33  0   0.0%   0.372 UA:3    +
    5    32  0   0.0%   0.424 GC:3    +
    8    17  0   0.0%   0.099 CG:3    +
    3    34  0   0.0%   0.538 GC:3    +
   12    22  0   0.0%   0.440 GU:3    +
   15    20  0   0.0%   0.075 GU:3    +
   21    29  0   0.0%   0.863 GC:3    +
   10    24  0   0.0%   0.789 GC:3    +
    2    12  0   0.0%   0.083 UG:3    +
    3    28  0   0.0%   0.462 GU:3    +
    3    30  0   0.0%   0.533 GU:3    +
   12    23  0   0.0%   0.449 GC:3    +
   23    31  0   0.0%   0.778 CG:3    +
   13    25  0   0.0%   0.378 UA:3    +
   17    22  0   0.0%   0.715 GU:3    +
    5    20  0   0.0%   0.021 GU:3    +
   17    28  0   0.0%   1.134 GU:3    +
   12    29  0   0.0%   0.135 GC:3    +
    3    13  0   0.0%   0.108 GU:3    +
   21    28  0   0.0%   0.862 GU:3    +
    9    29  0   0.0%   0.569 GC:3    +
   14    22  0   0.0%   0.388 AU:3    +
    9    27  0   0.0%   0.561 GC:3    +
   11    15  0   0.0%   0.030 CG:3    +
   10    28  0   0.0%   0.514 GU:3    +
    6    19  0   0.0%   0.004 AU:3    +
    2    14  0   0.0%   0.083 UA:3    +
   10    20  0   0.0%   0.393 GU:3    +
    4    20  0   0.0%   0.005 AU:3    +
    9    22  0   0.0%   0.762 GU:3    +
   16    20  0   0.0%   0.075 AU:3    +
   17    29  0   0.0%   1.134 GC:3    +
(((.(((.(((.....))).))))))........
