3 sequence; length of alignment 34
alifold output
    8    13  0  35.7%   1.134 CG:3    +
    3    18  0  34.9%   1.124 CG:3    +
   16    22  0  34.9%   1.657 GC:3   
    2    19  0  34.7%   1.129 CG:3    +
   17    21  0  34.4%   1.529 CG:3   
   15    23  0  33.7%   1.580 AU:3   
    7    14  0  32.4%   1.148 AU:3    +
   14    24  0  27.0%   1.948 UG:3   
   22    33  0  26.3%   2.080 CG:3    +
   23    32  0  26.3%   2.054 UA:3    +
   21    34  0  23.0%   1.963 GU:3    +
    5    16  0  11.9%   0.857 UG:3    +
    3    24  0  10.9%   1.126 CG:3    +
    2    25  0  10.8%   1.122 CG:3    +
    4    23  0   9.4%   0.680 AU:3    +
   13    22  0   8.5%   1.094 GC:3    +
   14    21  0   8.2%   1.218 UG:3    +
   12    23  0   7.7%   0.839 AU:3    +
   22    31  0   5.6%   1.277 CG:3    +
   23    30  0   5.5%   1.335 UA:3    +
    8    18  0   4.8%   1.233 CG:3    +
    5    21  0   4.3%   0.785 UG:3    +
    6    28  0   4.0%   0.527 GC:3    +
    5    29  0   3.7%   0.877 UA:3    +
    3    31  0   2.7%   0.941 CG:3    +
    5    33  0   2.3%   1.054 UG:3    +
    2    33  0   2.2%   0.900 CG:3    +
   18    28  0   2.1%   0.980 GC:3    +
   19    27  0   2.1%   0.750 GC:3    +
    4    34  0   2.0%   0.534 AU:3    +
   13    27  0   1.7%   0.831 GC:3    +
    1    34  0   1.6%   0.212 AU:3    +
    6    22  0   1.4%   0.255 GC:3    +
   14    26  0   1.3%   1.158 UA:3    +
    5    15  0   1.0%   0.181 UA:3    +
   27    33  0   0.9%   0.890 CG:3    +
    8    31  0   0.9%   0.858 CG:3    +
    8    21  0   0.8%   0.811 CG:3    +
    6    17  0   0.8%   0.149 GC:3    +
   26    34  0   0.8%   0.699 AU:3    +
    5    30  0   0.7%   0.734 UA:3    +
    6    14  0   0.6%   0.120 GU:3    +
    8    33  0   0.6%   0.943 CG:3    +
    5    18  0   0.6%   0.806 UG:3    +
    7    34  0   0.5%   0.589 AU:3    +
    8    16  0   0.4%   0.701 CG:3    +
   13    28  0   0.4%   0.885 GC:3    +
    8    19  0   0.4%   0.989 CG:3    +
   28    33  0   0.4%   0.948 CG:3    +
    3    19  0   0.3%   0.805 CG:3    +
    3    33  0   0.3%   0.883 CG:3    +
   24    28  0   0.3%   0.919 GC:3    +
    5    32  0   0.2%   0.722 UA:3    +
    8    25  0   0.2%   0.895 CG:3    +
   17    24  0   0.2%   1.063 CG:3    +
   18    27  0   0.2%   0.678 GC:3    +
    8    24  0   0.2%   0.878 CG:3    +
    2    13  0   0.2%   0.039 CG:3    +
   23    29  0   0.2%   0.967 UA:3    +
    5    13  0   0.2%   0.082 UG:3    +
    5    12  0   0.2%   0.051 UA:3    +
    5    31  0   0.2%   0.800 UG:3    +
    4    14  0   0.2%   0.041 AU:3    +
    5    10  0   0.2%   0.031 UA:3    +
    1    14  0   0.1%   0.029 AU:3    +
    2    18  0   0.1%   0.045 CG:3    +
   18    23  0   0.1%   1.378 GU:3    +
    9    23  0   0.1%   0.255 AU:3    +
    5    11  0   0.1%   0.036 UA:3    +
    3    13  0   0.1%   0.035 CG:3    +
   17    33  0   0.1%   0.679 CG:3    +
   17    25  0   0.1%   0.713 CG:3    +
   13    17  0   0.1%   0.459 GC:3    +
   16    28  0   0.1%   0.828 GC:3    +
   16    34  0   0.1%   0.858 GU:3    +
    6    27  0   0.1%   0.152 GC:3    +
   14    25  0   0.1%   1.261 UG:3    +
    9    14  0   0.1%   0.434 AU:3    +
   21    28  0   0.1%   1.014 GC:3    +
    2    31  0   0.1%   0.656 CG:3    +
    3    16  0   0.1%   0.025 CG:3    +
   20    34  0   0.1%   0.204 AU:3    +
    2    21  0   0.1%   0.407 CG:3    +
   27    31  0   0.1%   0.508 CG:3    +
   19    28  0   0.1%   0.748 GC:3    +
   21    27  0   0.0%   0.933 GC:3    +
   19    34  0   0.0%   0.692 GU:3    +
    3    25  0   0.0%   0.893 CG:3    +
    2     6  0   0.0%   0.010 CG:3    +
   17    31  0   0.0%   0.596 CG:3    +
    5    19  0   0.0%   0.766 UG:3    +
    5    20  0   0.0%   0.383 UA:3    +
   11    23  0   0.0%   0.249 AU:3    +
    2    16  0   0.0%   0.023 CG:3    +
   14    32  0   0.0%   1.070 UA:3    +
   16    27  0   0.0%   0.735 GC:3    +
   19    23  0   0.0%   1.225 GU:3    +
   12    34  0   0.0%   0.387 AU:3    +
    6    34  0   0.0%   0.419 GU:3    +
   10    14  0   0.0%   0.437 AU:3    +
   23    31  0   0.0%   1.303 UG:3    +
   14    20  0   0.0%   0.432 UA:3    +
    2    24  0   0.0%   0.402 CG:3    +
   18    22  0   0.0%   1.192 GC:3    +
   25    34  0   0.0%   0.804 GU:3    +
   14    19  0   0.0%   0.838 UG:3    +
    3    21  0   0.0%   0.406 CG:3    +
   29    34  0   0.0%   0.703 AU:3    +
    1    23  0   0.0%   0.012 AU:3    +
    5     9  0   0.0%   0.002 UA:3    +
   14    30  0   0.0%   1.082 UA:3    +
   14    29  0   0.0%   1.169 UA:3    +
    1     5  0   0.0%   0.001 AU:3    +
   14    18  0   0.0%   0.977 UG:3    +
    5    26  0   0.0%   0.513 UA:3    +
   10    23  0   0.0%   0.245 AU:3    +
   11    34  0   0.0%   0.185 AU:3    +
   30    34  0   0.0%   0.763 AU:3    +
   23    33  0   0.0%   1.914 UG:3    +
   24    34  0   0.0%   1.168 GU:3    +
   10    34  0   0.0%   0.185 AU:3    +
   16    23  0   0.0%   1.453 GU:3    +
    9    34  0   0.0%   0.188 AU:3    +
   14    31  0   0.0%   1.201 UG:3    +
   18    34  0   0.0%   0.839 GU:3    +
    6    23  0   0.0%   0.358 GU:3    +
   14    33  0   0.0%   1.270 UG:3    +
    5    25  0   0.0%   0.756 UG:3    +
   13    34  0   0.0%   0.884 GU:3    +
    7    23  0   0.0%   0.589 AU:3    +
    5    24  0   0.0%   0.754 UG:3    +
   13    23  0   0.0%   1.048 GU:3    +
   15    34  0   0.0%   0.589 AU:3    +
.............((((...))))..........
