3 sequence; length of alignment 35
alifold output
   10    23  0  47.5%   1.349 CG:3   
    9    24  0  47.3%   1.251 UA:3   
   11    22  0  46.5%   1.229 GC:3   
    5    30  0  46.0%   1.200 GC:3   
    6    29  0  45.1%   1.185 AU:3   
    8    25  0  44.9%   1.162 AU:3   
    4    31  0  41.6%   1.240 UA:3   
   15    24  0  36.9%   1.614 UA:3    +
   17    22  0  36.9%   1.609 GC:3    +
   14    25  0  35.8%   1.553 AU:3    +
    8    32  0  29.5%   1.883 AU:3    +
    7    33  0  29.4%   1.713 CG:3    +
    9    31  0  28.6%   2.018 UA:3    +
   13    26  0  27.4%   1.516 GU:3    +
   11    30  0  23.8%   2.081 GC:3    +
    1    33  0  23.0%   1.066 CG:3   
    2    32  0  22.7%   1.039 AU:3   
   12    29  0  22.5%   1.767 AU:3    +
   13    19  0  18.8%   1.125 GC:3    +
   13    28  0   6.2%   1.515 GU:3    +
   12    28  0   6.0%   0.650 AU:3    +
   11    29  0   5.8%   1.406 GU:3    +
    9    21  0   3.3%   0.414 UG:1    UA:2    +
   10    33  0   4.1%   1.762 CG:3    +
    3    33  0   4.0%   0.798 CG:3    +
    9    34  0   3.6%   1.382 UA:3    +
   10    20  0   3.6%   0.493 CG:3    +
   11    19  0   3.5%   0.389 GC:3    +
   11    32  0   3.5%   2.111 GU:3    +
   16    26  0   3.3%   0.900 GU:3    +
   15    27  0   3.3%   0.939 UA:3    +
   13    30  0   3.2%   1.987 GC:3    +
   17    25  0   2.9%   1.541 GU:3    +
   14    29  0   2.6%   1.705 AU:3    +
    3    35  0   2.5%   0.493 CG:3    +
    4    34  0   2.3%   0.768 UA:3    +
   14    28  0   2.2%   1.101 AU:3    +
    7    23  0   2.1%   0.345 CG:3    +
   23    30  0   1.6%   1.569 GC:3    +
   24    29  0   1.5%   1.995 AU:3    +
   15    21  0   0.5%   0.295 UG:1    UA:2    +
   21    25  0   0.3%   1.102 GU:1    AU:2    +
   16    30  0   1.3%   1.210 GC:3    +
   15    31  0   1.2%   1.521 UA:3    +
   17    29  0   1.2%   1.742 GU:3    +
   14    32  0   1.1%   1.577 AU:3    +
   21    32  0   0.1%   1.077 GU:1    AU:2    +
   21    29  0   0.1%   1.251 GU:1    AU:2    +
   13    29  0   1.1%   1.930 GU:3    +
   21    26  0   0.0%   0.765 GU:1    AU:2    +
   21    28  0   0.0%   0.728 GU:1    AU:2    +
    4    21  0   0.0%   0.092 UG:1    UA:2    +
    5    26  0   1.0%   0.203 GU:3    +
    6    25  0   0.9%   0.153 AU:3    +
   18    28  0   0.9%   0.731 GU:3    +
   16    22  0   0.9%   0.586 GC:3    +
    4    27  0   0.9%   0.227 UA:3    +
   10    17  0   0.8%   0.187 CG:3    +
    7    16  0   0.8%   0.157 CG:3    +
    8    28  0   0.8%   0.544 AU:3    +
    8    15  0   0.8%   0.158 AU:3    +
    9    27  0   0.8%   0.694 UA:3    +
    3    13  0   0.7%   0.113 CG:3    +
    4    12  0   0.7%   0.120 UA:3    +
    9    18  0   0.7%   0.176 UG:3    +
    9    14  0   0.6%   0.099 UA:3    +
   11    28  0   0.6%   0.659 GU:3    +
    7    20  0   0.6%   0.180 CG:3    +
   15    23  0   0.5%   0.662 UG:3    +
    3    18  0   0.5%   0.125 CG:3    +
    4    17  0   0.5%   0.137 UG:3    +
    1    16  0   0.4%   0.078 CG:3    +
    2    15  0   0.4%   0.072 AU:3    +
   20    26  0   0.4%   0.840 GU:3    +
    5    10  0   0.4%   0.073 GC:3    +
    5    22  0   0.4%   0.109 GC:3    +
    6    28  0   0.4%   0.133 AU:3    +
    6    15  0   0.4%   0.086 AU:3    +
    6    32  0   0.4%   0.845 AU:3    +
    4    35  0   0.3%   0.761 UG:3    +
    1    20  0   0.3%   0.089 CG:3    +
   19    23  0   0.3%   0.983 CG:3    +
   17    26  0   0.3%   1.157 GU:3    +
    7    35  0   0.3%   0.705 CG:3    +
    5    29  0   0.3%   0.162 GU:3    +
    4    23  0   0.2%   0.135 UG:3    +
   18    25  0   0.2%   1.004 GU:3    +
   15    20  0   0.2%   0.311 UG:3    +
    5    19  0   0.2%   0.069 GC:3    +
    4    11  0   0.2%   0.042 UG:3    +
    1    35  0   0.2%   0.427 CG:3    +
   14    26  0   0.2%   0.863 AU:3    +
    7    13  0   0.2%   0.072 CG:3    +
    4    20  0   0.1%   0.132 UG:3    +
   13    22  0   0.1%   0.769 GC:3    +
    8    26  0   0.1%   0.474 AU:3    +
   10    16  0   0.1%   0.115 CG:3    +
   12    26  0   0.1%   0.127 AU:3    +
   13    25  0   0.1%   0.802 GU:3    +
    9    17  0   0.1%   0.085 UG:3    +
   19    33  0   0.1%   1.441 CG:3    +
    6    26  0   0.1%   0.127 AU:3    +
   26    33  0   0.1%   1.581 UG:3    +
   11    26  0   0.1%   0.572 GU:3    +
   20    30  0   0.1%   1.103 GC:3    +
   12    25  0   0.1%   0.457 AU:3    +
   20    32  0   0.1%   1.130 GU:3    +
   25    34  0   0.1%   1.144 UA:3    +
   18    22  0   0.1%   0.876 GC:3    +
   27    32  0   0.1%   1.104 AU:3    +
   16    25  0   0.1%   0.914 GU:3    +
    3    17  0   0.1%   0.053 CG:3    +
    3    20  0   0.1%   0.103 CG:3    +
    4    16  0   0.1%   0.086 UG:3    +
   11    15  0   0.0%   0.111 GU:3    +
    7    18  0   0.0%   0.090 CG:3    +
    1     5  0   0.0%   0.010 CG:3    +
   22    33  0   0.0%   1.772 CG:3    +
   10    35  0   0.0%   0.825 CG:3    +
    2    29  0   0.0%   0.034 AU:3    +
    3    11  0   0.0%   0.008 CG:3    +
   30    35  0   0.0%   1.090 CG:3    +
   23    32  0   0.0%   1.468 GU:3    +
    5    15  0   0.0%   0.056 GU:3    +
    3    23  0   0.0%   0.081 CG:3    +
    5    28  0   0.0%   0.117 GU:3    +
   28    34  0   0.0%   0.779 UA:3    +
   12    32  0   0.0%   1.392 AU:3    +
   29    33  0   0.0%   2.119 UG:3    +
    1    11  0   0.0%   0.007 CG:3    +
    7    17  0   0.0%   0.085 CG:3    +
    3    16  0   0.0%   0.066 CG:3    +
   25    31  0   0.0%   1.704 UA:3    +
   24    32  0   0.0%   1.690 AU:3    +
    1    23  0   0.0%   0.053 CG:3    +
    8    29  0   0.0%   0.824 AU:3    +
    2    28  0   0.0%   0.028 AU:3    +
    4    13  0   0.0%   0.089 UG:3    +
    7    11  0   0.0%   0.019 CG:3    +
   10    18  0   0.0%   0.139 CG:3    +
    1    17  0   0.0%   0.032 CG:3    +
   16    28  0   0.0%   0.757 GU:3    +
   17    30  0   0.0%   1.486 GC:3    +
   20    25  0   0.0%   1.104 GU:3    +
    5    25  0   0.0%   0.067 GU:3    +
   29    34  0   0.0%   1.358 UA:3    +
   19    35  0   0.0%   0.619 CG:3    +
   18    26  0   0.0%   0.659 GU:3    +
    1    13  0   0.0%   0.007 CG:3    +
    4    24  0   0.0%   0.107 UA:3    +
    2    25  0   0.0%   0.026 AU:3    +
    4    33  0   0.0%   0.979 UG:3    +
   18    29  0   0.0%   1.201 GU:3    +
   17    28  0   0.0%   1.089 GU:3    +
   11    25  0   0.0%   0.902 GU:3    +
   20    29  0   0.0%   1.296 GU:3    +
   22    35  0   0.0%   0.951 CG:3    +
   28    35  0   0.0%   0.714 UG:3    +
    9    33  0   0.0%   1.765 UG:3    +
   28    33  0   0.0%   1.537 UG:3    +
    1    18  0   0.0%   0.031 CG:3    +
   24    28  0   0.0%   1.288 AU:3    +
   23    29  0   0.0%   1.578 GU:3    +
   18    32  0   0.0%   1.016 GU:3    +
   26    34  0   0.0%   0.816 UA:3    +
   13    32  0   0.0%   1.903 GU:3    +
    4    18  0   0.0%   0.108 UG:3    +
    4    14  0   0.0%   0.050 UA:3    +
    2    26  0   0.0%   0.026 AU:3    +
    5    32  0   0.0%   0.823 GU:3    +
   26    31  0   0.0%   1.378 UA:3    +
    2     9  0   0.0%   0.001 AU:3    +
   20    28  0   0.0%   0.784 GU:3    +
    4     8  0   0.0%   0.001 UA:3    +
    9    13  0   0.0%   0.050 UG:3    +
    9    35  0   0.0%   1.200 UG:3    +
   26    35  0   0.0%   0.752 UG:3    +
   18    30  0   0.0%   0.994 GC:3    +
   17    32  0   0.0%   1.507 GU:3    +
   25    35  0   0.0%   1.077 UG:3    +
    5     9  0   0.0%   0.004 GU:3    +
   15    34  0   0.0%   0.896 UA:3    +
    9    16  0   0.0%   0.101 UG:3    +
   25    33  0   0.0%   1.892 UG:3    +
   29    35  0   0.0%   1.293 UG:3    +
   23    28  0   0.0%   1.062 GU:3    +
   16    29  0   0.0%   1.256 GU:3    +
    9    23  0   0.0%   0.285 UG:3    +
   16    32  0   0.0%   1.177 GU:3    +
   15    35  0   0.0%   0.835 UG:3    +
    9    20  0   0.0%   0.138 UG:3    +
   15    33  0   0.0%   1.647 UG:3    +
((.(((.((((..........))))...)))))..
