3 sequence; length of alignment 70
alifold output
   17    32  0  99.4%   0.060 GC:3   
   16    33  0  99.2%   0.025 AU:3   
   18    31  0  99.0%   0.057 CG:3   
   15    34  0  98.8%   0.040 UA:3   
    8    44  0  96.7%   0.136 GC:3   
    7    45  0  96.0%   0.151 UA:3   
    6    46  0  95.2%   0.221 UG:3   
   14    35  0  94.6%   0.185 GU:3   
    5    47  0  94.5%   0.252 CG:3   
    4    48  0  92.5%   0.269 CG:3   
    9    43  0  92.2%   0.263 CG:3   
   22    27  0  90.4%   0.337 CG:3   
   21    28  0  90.1%   0.336 UA:3   
   10    42  0  87.6%   0.354 CG:3   
   13    36  0  84.8%   0.459 CG:3   
   11    40  0  69.2%   0.800 CG:3   
   50    64  0  44.0%   1.375 CG:3   
   49    65  0  43.6%   1.724 GC:3   
   51    63  0  40.4%   1.445 AU:3   
   58    65  0  30.3%   1.956 GC:3    +
   19    29  0  29.5%   1.115 CG:3    +
   59    64  0  29.3%   1.891 UG:3    +
    3    49  0  28.6%   1.084 UG:3    +
   53    62  0  27.8%   1.343 GC:3   
   57    67  0  15.8%   1.558 GC:3    +
   57    66  0  13.9%   1.271 GU:3    +
   12    41  0  13.6%   0.932 UA:3    +
   56    68  0  13.6%   0.951 UA:3    +
   13    40  0  12.1%   1.282 CG:3    +
   11    42  0   9.1%   1.057 CG:3    +
   52    58  0   6.3%   0.742 CG:3    +
   10    43  0   4.6%   0.616 CG:3    +
   51    59  0   4.5%   0.637 AU:3    +
   50    58  0   3.6%   0.427 CG:3    +
   14    39  0   3.6%   0.481 GU:3    +
   49    59  0   3.6%   0.742 GU:3    +
   48    66  0   3.5%   0.672 GU:3    +
   53    61  0   3.4%   0.501 GU:3    +
   46    62  0   3.0%   0.428 GC:3    +
   45    63  0   3.0%   0.392 AU:3    +
   44    64  0   3.0%   0.366 CG:3    +
   47    61  0   3.0%   0.425 GU:3    +
   48    60  0   3.0%   0.414 GU:3    +
   52    57  0   2.3%   0.317 CG:3    +
   12    40  0   2.3%   0.549 UG:3    +
   40    67  0   2.2%   0.870 GC:3    +
   55    70  0   2.1%   0.370 CG:3    +
   41    66  0   2.0%   0.513 AU:3    +
   43    65  0   2.0%   0.512 GC:3    +
   39    68  0   1.9%   0.356 UA:3    +
   56    69  0   1.7%   0.589 UA:3    +
   47    67  0   1.4%   0.488 GC:3    +
   58    66  0   1.2%   1.364 GU:3    +
    1    51  0   1.1%   0.150 UA:3    +
   50    57  0   1.0%   0.161 CG:3    +
    5    46  0   1.0%   0.147 CG:3    +
   42    65  0   1.0%   0.492 GC:3    +
   53    65  0   0.9%   1.140 GC:3    +
   42    66  0   0.8%   0.596 GU:3    +
    4    47  0   0.8%   0.122 CG:3    +
   51    56  0   0.8%   0.177 AU:3    +
   52    70  0   0.8%   0.428 CG:3    +
   63    69  0   0.7%   0.744 UA:3    +
   57    62  0   0.7%   0.715 GC:3    +
   62    70  0   0.7%   0.806 CG:3    +
   54    64  0   0.6%   0.573 UG:3    +
   54    69  0   0.6%   0.163 UA:3    +
   14    37  0   0.5%   0.173 GC:3    +
   22    29  0   0.5%   0.568 CG:3    +
   55    64  0   0.5%   0.594 CG:3    +
   53    67  0   0.5%   0.819 GC:3    +
   53    60  0   0.5%   0.214 GU:3    +
   21    27  0   0.5%   0.115 UG:3    +
   13    27  0   0.5%   0.080 CG:3    +
   12    28  0   0.5%   0.080 UA:3    +
    6    45  0   0.5%   0.087 UA:3    +
   11    29  0   0.5%   0.080 CG:3    +
    9    31  0   0.5%   0.079 CG:3    +
    8    32  0   0.5%   0.080 GC:3    +
   38    70  0   0.5%   0.123 CG:3    +
   14    26  0   0.5%   0.079 GC:3    +
   15    36  0   0.4%   0.237 UG:3    +
   39    69  0   0.4%   0.279 UA:3    +
   58    67  0   0.4%   1.297 GC:3    +
   58    62  0   0.4%   0.869 GC:3    +
   57    63  0   0.3%   0.712 GU:3    +
   57    65  0   0.2%   0.770 GC:3    +
   48    67  0   0.2%   0.515 GC:3    +
   14    38  0   0.2%   0.144 GC:3    +
   23    27  0   0.2%   0.198 CG:3    +
   37    43  0   0.2%   0.291 CG:3    +
   54    70  0   0.2%   0.187 UG:3    +
   36    44  0   0.2%   0.245 GC:3    +
   38    42  0   0.2%   0.387 CG:3    +
   17    23  0   0.2%   0.031 GC:3    +
    8    50  0   0.1%   0.101 GC:3    +
    9    49  0   0.1%   0.503 CG:3    +
   10    48  0   0.1%   0.370 CG:3    +
   11    47  0   0.1%   0.623 CG:3    +
   37    70  0   0.1%   0.088 CG:3    +
    8    37  0   0.1%   0.054 GC:3    +
   16    35  0   0.1%   0.086 AU:3    +
    7    51  0   0.1%   0.122 UA:3    +
    9    36  0   0.1%   0.055 CG:3    +
    3    48  0   0.1%   0.025 UG:3    +
    6    69  0   0.1%   0.107 UA:3    +
   12    46  0   0.1%   0.504 UG:3    +
    7    68  0   0.1%   0.079 UA:3    +
    5    70  0   0.1%   0.136 CG:3    +
    8    67  0   0.1%   0.105 GC:3    +
   56    64  0   0.1%   0.600 UG:3    +
   19    31  0   0.1%   0.425 CG:3    +
   19    27  0   0.1%   0.048 CG:3    +
   52    64  0   0.1%   0.756 CG:3    +
   35    45  0   0.1%   0.147 UA:3    +
   49    61  0   0.1%   0.624 GU:3    +
   53    59  0   0.1%   0.294 GU:3    +
   54    68  0   0.1%   0.134 UA:3    +
    1    53  0   0.1%   0.065 UG:3    +
   60    69  0   0.1%   0.290 UA:3    +
    6    41  0   0.1%   0.015 UA:3    +
   61    68  0   0.1%   0.600 UA:3    +
    5    42  0   0.1%   0.015 CG:3    +
   60    64  0   0.1%   1.054 UG:3    +
    7    40  0   0.1%   0.016 UG:3    +
   30    49  0   0.1%   0.387 CG:3    +
   29    50  0   0.1%   0.445 GC:3    +
   53    63  0   0.0%   1.004 GU:3    +
   49    62  0   0.0%   0.628 GC:3    +
   27    52  0   0.0%   0.176 GC:3    +
   26    53  0   0.0%   0.049 CG:3    +
   32    47  0   0.0%   0.149 CG:3    +
   49    67  0   0.0%   1.052 GC:3    +
    5    53  0   0.0%   0.125 CG:3    +
   18    58  0   0.0%   0.023 CG:3    +
   19    57  0   0.0%   0.388 CG:3    +
   17    59  0   0.0%   0.033 GU:3    +
    4    49  0   0.0%   0.483 CG:3    +
   20    56  0   0.0%   0.011 AU:3    +
   33    46  0   0.0%   0.122 UG:3    +
    2    54  0   0.0%   0.010 AU:3    +
   16    60  0   0.0%   0.025 AU:3    +
   49    60  0   0.0%   0.614 GU:3    +
   42    67  0   0.0%   0.538 GC:3    +
   23    29  0   0.0%   0.447 CG:3    +
    5    48  0   0.0%   0.194 CG:3    +
   21    29  0   0.0%   0.516 UG:3    +
    9    40  0   0.0%   0.047 CG:3    +
    3    53  0   0.0%   0.379 UG:3    +
    8    39  0   0.0%   0.044 GU:3    +
   59    70  0   0.0%   0.812 UG:3    +
   17    24  0   0.0%   0.017 GC:3    +
   15    64  0   0.0%   0.045 UG:3    +
   14    65  0   0.0%   0.247 GC:3    +
   16    63  0   0.0%   0.026 AU:3    +
   49    55  0   0.0%   0.384 GC:3    +
   51    60  0   0.0%   0.351 AU:3    +
   17    62  0   0.0%   0.033 GC:3    +
   54    58  0   0.0%   0.311 UG:3    +
   11    64  0   0.0%   0.516 CG:3    +
   48    62  0   0.0%   0.315 GC:3    +
    6    34  0   0.0%   0.005 UA:3    +
   10    40  0   0.0%   0.013 CG:3    +
   50    70  0   0.0%   0.591 CG:3    +
    4    36  0   0.0%   0.005 CG:3    +
    6    47  0   0.0%   0.177 UG:3    +
    2    56  0   0.0%   0.008 AU:3    +
   65    70  0   0.0%   1.126 CG:3    +
   24    29  0   0.0%   0.426 CG:3    +
    5    36  0   0.0%   0.005 CG:3    +
   20    35  0   0.0%   0.065 AU:3    +
    8    38  0   0.0%   0.040 GC:3    +
    3    51  0   0.0%   0.420 UA:3    +
    2     7  0   0.0%   0.003 AU:3    +
   51    66  0   0.0%   0.844 AU:3    +
   53    66  0   0.0%   0.805 GU:3    +
   21    34  0   0.0%   0.142 UA:3    +
    5    40  0   0.0%   0.005 CG:3    +
   14    62  0   0.0%   0.243 GC:3    +
   17    37  0   0.0%   0.061 GC:3    +
   18    29  0   0.0%   0.030 CG:3    +
    1    57  0   0.0%   0.059 UG:3    +
    7    34  0   0.0%   0.006 UA:3    +
   20    59  0   0.0%   0.011 AU:3    +
   17    30  0   0.0%   0.017 GC:3    +
   57    61  0   0.0%   0.369 GU:3    +
    4    43  0   0.0%   0.005 CG:3    +
   21    58  0   0.0%   0.132 UG:3    +
   19    36  0   0.0%   0.555 CG:3    +
   22    57  0   0.0%   0.130 CG:3    +
   13    46  0   0.0%   0.528 CG:3    +
   17    22  0   0.0%   0.003 GC:3    +
    1    49  0   0.0%   0.004 UG:3    +
   60    68  0   0.0%   0.506 UA:3    +
    1     8  0   0.0%   0.003 UG:3    +
   18    36  0   0.0%   0.190 CG:3    +
   24    31  0   0.0%   0.050 CG:3    +
    4    46  0   0.0%   0.006 CG:3    +
   48    59  0   0.0%   0.103 GU:3    +
   49    66  0   0.0%   1.111 GU:3    +
   58    63  0   0.0%   0.824 GU:3    +
   56    70  0   0.0%   0.567 UG:3    +
   59    69  0   0.0%   0.763 UA:3    +
   63    68  0   0.0%   0.866 UA:3    +
   11    36  0   0.0%   0.040 CG:3    +
   22    58  0   0.0%   0.131 CG:3    +
   23    57  0   0.0%   0.034 CG:3    +
   26    46  0   0.0%   0.133 CG:3    +
   25    47  0   0.0%   0.107 CG:3    +
   24    48  0   0.0%   0.100 CG:3    +
   23    49  0   0.0%   0.399 CG:3    +
    1    69  0   0.0%   0.060 UA:3    +
   30    36  0   0.0%   0.181 CG:3    +
   17    38  0   0.0%   0.037 GC:3    +
   29    37  0   0.0%   0.463 GC:3    +
   63    70  0   0.0%   0.750 UG:3    +
   29    44  0   0.0%   0.457 GC:3    +
   30    43  0   0.0%   0.221 CG:3    +
    7    46  0   0.0%   0.142 UG:3    +
   61    69  0   0.0%   0.369 UA:3    +
   17    25  0   0.0%   0.015 GC:3    +
   14    52  0   0.0%   0.241 GC:3    +
   15    51  0   0.0%   0.097 UA:3    +
   13    53  0   0.0%   0.434 CG:3    +
   17    50  0   0.0%   0.034 GC:3    +
   16    39  0   0.0%   0.140 AU:3    +
   18    49  0   0.0%   0.385 CG:3    +
   49    54  0   0.0%   0.382 GU:3    +
   19    48  0   0.0%   0.470 CG:3    +
   31    37  0   0.0%   0.086 GC:3    +
   49    56  0   0.0%   0.385 GU:3    +
   32    36  0   0.0%   0.213 CG:3    +
   32    48  0   0.0%   0.132 CG:3    +
   51    61  0   0.0%   0.350 AU:3    +
   49    63  0   0.0%   0.620 GU:3    +
    4    40  0   0.0%   0.003 CG:3    +
    2    59  0   0.0%   0.007 AU:3    +
    9    58  0   0.0%   0.124 CG:3    +
   10    57  0   0.0%   0.272 CG:3    +
    3    58  0   0.0%   0.372 UG:3    +
    1    68  0   0.0%   0.059 UA:3    +
   39    45  0   0.0%   0.196 UA:3    +
    3    41  0   0.0%   0.002 UA:3    +
   40    44  0   0.0%   0.651 GC:3    +
   38    46  0   0.0%   0.134 CG:3    +
   11    70  0   0.0%   0.521 CG:3    +
   59    68  0   0.0%   0.989 UA:3    +
   12    69  0   0.0%   0.403 UA:3    +
   33    47  0   0.0%   0.121 UG:3    +
    5    57  0   0.0%   0.114 CG:3    +
    8    59  0   0.0%   0.083 GU:3    +
    9    42  0   0.0%   0.042 CG:3    +
    4    58  0   0.0%   0.121 CG:3    +
   17    65  0   0.0%   0.031 GC:3    +
   18    64  0   0.0%   0.021 CG:3    +
   10    31  0   0.0%   0.028 CG:3    +
   31    50  0   0.0%   0.061 GC:3    +
    3    69  0   0.0%   0.373 UA:3    +
   32    49  0   0.0%   0.415 CG:3    +
   48    63  0   0.0%   0.312 GU:3    +
   16    66  0   0.0%   0.023 AU:3    +
    4    57  0   0.0%   0.121 CG:3    +
   25    42  0   0.0%   0.341 CG:3    +
   46    67  0   0.0%   0.311 GC:3    +
   24    43  0   0.0%   0.222 CG:3    +
    7    41  0   0.0%   0.012 UA:3    +
   32    42  0   0.0%   0.374 CG:3    +
   33    48  0   0.0%   0.107 UG:3    +
   27    55  0   0.0%   0.170 GC:3    +
    2    63  0   0.0%   0.007 AU:3    +
   22    53  0   0.0%   0.133 CG:3    +
   29    38  0   0.0%   0.438 GC:3    +
   28    39  0   0.0%   0.244 AU:3    +
   33    41  0   0.0%   0.286 UA:3    +
   26    40  0   0.0%   0.633 CG:3    +
   28    54  0   0.0%   0.125 AU:3    +
   60    70  0   0.0%   0.328 UG:3    +
   47    60  0   0.0%   0.113 GU:3    +
   22    31  0   0.0%   0.166 CG:3    +
   27    39  0   0.0%   0.288 GU:3    +
   29    52  0   0.0%   0.433 GC:3    +
   31    35  0   0.0%   0.108 GU:3    +
    1    64  0   0.0%   0.058 UG:3    +
    3    68  0   0.0%   0.372 UA:3    +
    2    35  0   0.0%   0.002 AU:3    +
   24    57  0   0.0%   0.013 CG:3    +
   23    58  0   0.0%   0.033 CG:3    +
   66    70  0   0.0%   0.784 UG:3    +
   47    66  0   0.0%   0.334 GU:3    +
   48    55  0   0.0%   0.096 GC:3    +
   61    70  0   0.0%   0.411 UG:3    +
   25    29  0   0.0%   0.423 CG:3    +
    2    66  0   0.0%   0.007 AU:3    +
   48    65  0   0.0%   0.331 GC:3    +
   18    43  0   0.0%   0.229 CG:3    +
   17    44  0   0.0%   0.055 GC:3    +
   19    42  0   0.0%   0.715 CG:3    +
   37    47  0   0.0%   0.160 CG:3    +
   10    36  0   0.0%   0.012 CG:3    +
   25    57  0   0.0%   0.010 CG:3    +
   24    58  0   0.0%   0.013 CG:3    +
    1    36  0   0.0%   0.002 UG:3    +
    1    70  0   0.0%   0.059 UG:3    +
   27    38  0   0.0%   0.179 GC:3    +
   23    31  0   0.0%   0.069 CG:3    +
    3    34  0   0.0%   0.001 UA:3    +
   12    36  0   0.0%   0.040 UG:3    +
   21    41  0   0.0%   0.401 UA:3    +
   21    51  0   0.0%   0.184 UA:3    +
   47    63  0   0.0%   0.323 GU:3    +
   22    40  0   0.0%   0.727 CG:3    +
   16    21  0   0.0%   0.001 AU:3    +
    4    53  0   0.0%   0.126 CG:3    +
    3    70  0   0.0%   0.372 UG:3    +
   14    61  0   0.0%   0.240 GU:3    +
   13    64  0   0.0%   0.426 CG:3    +
   14    67  0   0.0%   0.251 GC:3    +
    9    64  0   0.0%   0.123 CG:3    +
    8    65  0   0.0%   0.082 GC:3    +
   24    42  0   0.0%   0.344 CG:3    +
   23    43  0   0.0%   0.242 CG:3    +
   48    61  0   0.0%   0.307 GU:3    +
    9    14  0   0.0%   0.000 CG:3    +
   14    25  0   0.0%   0.001 GC:3    +
    8    15  0   0.0%   0.001 GU:3    +
   10    29  0   0.0%   0.000 CG:3    +
    8    33  0   0.0%   0.028 GU:3    +
   14    63  0   0.0%   0.242 GU:3    +
   23    53  0   0.0%   0.037 CG:3    +
    4    70  0   0.0%   0.120 CG:3    +
    8    30  0   0.0%   0.002 GC:3    +
   22    46  0   0.0%   0.226 CG:3    +
   48    56  0   0.0%   0.100 GU:3    +
   12    45  0   0.0%   0.451 UA:3    +
   39    70  0   0.0%   0.267 UG:3    +
    2    60  0   0.0%   0.006 AU:3    +
   32    40  0   0.0%   0.639 CG:3    +
   11    46  0   0.0%   0.595 CG:3    +
   24    47  0   0.0%   0.109 CG:3    +
   23    48  0   0.0%   0.118 CG:3    +
   22    49  0   0.0%   0.494 CG:3    +
   25    46  0   0.0%   0.106 CG:3    +
    7    16  0   0.0%   0.001 UA:3    +
    3    36  0   0.0%   0.001 UG:3    +
   36    67  0   0.0%   0.199 GC:3    +
    4     8  0   0.0%   0.001 CG:3    +
   14    32  0   0.0%   0.053 GC:3    +
   21    47  0   0.0%   0.229 UG:3    +
    9    29  0   0.0%   0.000 CG:3    +
   26    47  0   0.0%   0.132 CG:3    +
    6    42  0   0.0%   0.011 UG:3    +
   25    48  0   0.0%   0.096 CG:3    +
   24    49  0   0.0%   0.378 CG:3    +
    6    57  0   0.0%   0.084 UG:3    +
    5    58  0   0.0%   0.113 CG:3    +
    6    36  0   0.0%   0.005 UG:3    +
    6    53  0   0.0%   0.092 UG:3    +
    4    42  0   0.0%   0.002 CG:3    +
   15    31  0   0.0%   0.027 UG:3    +
   23    46  0   0.0%   0.129 CG:3    +
   22    47  0   0.0%   0.225 CG:3    +
   47    62  0   0.0%   0.323 GC:3    +
   35    68  0   0.0%   0.078 UA:3    +
   10    47  0   0.0%   0.353 CG:3    +
   26    42  0   0.0%   0.366 CG:3    +
   33    40  0   0.0%   0.614 UG:3    +
   36    50  0   0.0%   0.205 GC:3    +
   37    49  0   0.0%   0.428 CG:3    +
   25    43  0   0.0%   0.219 CG:3    +
   38    48  0   0.0%   0.120 CG:3    +
   34    39  0   0.0%   0.139 AU:3    +
   39    47  0   0.0%   0.232 UG:3    +
    2    61  0   0.0%   0.006 AU:3    +
   15    40  0   0.0%   0.642 UG:3    +
   20    61  0   0.0%   0.006 AU:3    +
   20    60  0   0.0%   0.008 AU:3    +
   35    51  0   0.0%   0.128 UA:3    +
   11    57  0   0.0%   0.512 CG:3    +
    8    13  0   0.0%   0.001 GC:3    +
    2    39  0   0.0%   0.002 AU:3    +
   10    58  0   0.0%   0.270 CG:3    +
   30    53  0   0.0%   0.021 CG:3    +
   46    55  0   0.0%   0.109 GC:3    +
    7    69  0   0.0%   0.072 UA:3    +
   45    56  0   0.0%   0.077 AU:3    +
   21    53  0   0.0%   0.136 UG:3    +
   26    57  0   0.0%   0.039 CG:3    +
   25    58  0   0.0%   0.009 CG:3    +
   31    52  0   0.0%   0.051 GC:3    +
    2    33  0   0.0%   0.001 AU:3    +
    7    42  0   0.0%   0.011 UG:3    +
    7    31  0   0.0%   0.001 UG:3    +
   25    31  0   0.0%   0.046 CG:3    +
   47    54  0   0.0%   0.112 GU:3    +
   46    65  0   0.0%   0.341 GC:3    +
   10    64  0   0.0%   0.270 CG:3    +
   26    31  0   0.0%   0.072 CG:3    +
    1    34  0   0.0%   0.001 UA:3    +
   12    64  0   0.0%   0.395 UG:3    +
   15    20  0   0.0%   0.000 UA:3    +
    1    40  0   0.0%   0.001 UG:3    +
   29    65  0   0.0%   0.431 GC:3    +
   28    66  0   0.0%   0.122 AU:3    +
   30    64  0   0.0%   0.011 CG:3    +
   27    67  0   0.0%   0.177 GC:3    +
   29    54  0   0.0%   0.431 GU:3    +
    9    48  0   0.0%   0.195 CG:3    +
   37    64  0   0.0%   0.056 CG:3    +
   44    57  0   0.0%   0.052 CG:3    +
   36    65  0   0.0%   0.193 GC:3    +
    1    58  0   0.0%   0.057 UG:3    +
   43    66  0   0.0%   0.426 GU:3    +
   18    27  0   0.0%   0.027 CG:3    +
   10    70  0   0.0%   0.277 CG:3    +
   40    62  0   0.0%   0.609 GC:3    +
    6    17  0   0.0%   0.000 UG:3    +
   41    61  0   0.0%   0.277 AU:3    +
   27    56  0   0.0%   0.173 GU:3    +
    6    40  0   0.0%   0.004 UG:3    +
   25    53  0   0.0%   0.014 CG:3    +
   42    60  0   0.0%   0.354 GU:3    +
   44    70  0   0.0%   0.195 CG:3    +
   17    21  0   0.0%   0.000 GU:3    +
   43    59  0   0.0%   0.234 GU:3    +
   37    42  0   0.0%   0.380 CG:3    +
   15    45  0   0.0%   0.103 UA:3    +
    9    70  0   0.0%   0.131 CG:3    +
   46    63  0   0.0%   0.322 GU:3    +
   48    54  0   0.0%   0.098 GU:3    +
    3     8  0   0.0%   0.001 UG:3    +
   37    58  0   0.0%   0.058 CG:3    +
   14    30  0   0.0%   0.027 GC:3    +
   38    57  0   0.0%   0.033 CG:3    +
   15    29  0   0.0%   0.027 UG:3    +
   48    52  0   0.0%   0.099 GC:3    +
   14    44  0   0.0%   0.271 GC:3    +
   36    59  0   0.0%   0.195 GU:3    +
   14    23  0   0.0%   0.000 GC:3    +
    6    51  0   0.0%   0.132 UA:3    +
   12    47  0   0.0%   0.496 UG:3    +
   13    31  0   0.0%   0.054 CG:3    +
   35    70  0   0.0%   0.078 UG:3    +
   31    63  0   0.0%   0.049 GU:3    +
   44    58  0   0.0%   0.051 CG:3    +
    7    36  0   0.0%   0.006 UG:3    +
   45    66  0   0.0%   0.297 AU:3    +
    6    70  0   0.0%   0.098 UG:3    +
   35    69  0   0.0%   0.078 UA:3    +
    2     6  0   0.0%   0.000 AU:3    +
   17    26  0   0.0%   0.040 GC:3    +
   32    43  0   0.0%   0.251 CG:3    +
   33    42  0   0.0%   0.349 UG:3    +
   25    40  0   0.0%   0.606 CG:3    +
   31    44  0   0.0%   0.079 GC:3    +
   47    55  0   0.0%   0.109 GC:3    +
   20    54  0   0.0%   0.004 AU:3    +
   11    48  0   0.0%   0.602 CG:3    +
    3    47  0   0.0%   0.001 UG:3    +
    3    57  0   0.0%   0.371 UG:3    +
   40    55  0   0.0%   0.607 GC:3    +
    3    46  0   0.0%   0.001 UG:3    +
   47    56  0   0.0%   0.113 GU:3    +
   41    54  0   0.0%   0.280 AU:3    +
   42    59  0   0.0%   0.356 GU:3    +
   23    47  0   0.0%   0.129 CG:3    +
    1    48  0   0.0%   0.001 UG:3    +
   14    22  0   0.0%   0.000 GC:3    +
   41    60  0   0.0%   0.280 AU:3    +
   24    46  0   0.0%   0.109 CG:3    +
   24    53  0   0.0%   0.017 CG:3    +
    1    46  0   0.0%   0.001 UG:3    +
   21    46  0   0.0%   0.229 UG:3    +
   20    33  0   0.0%   0.009 AU:3    +
   40    61  0   0.0%   0.607 GU:3    +
   17    33  0   0.0%   0.029 GU:3    +
   21    45  0   0.0%   0.191 UA:3    +
   46    56  0   0.0%   0.113 GU:3    +
    5    43  0   0.0%   0.007 CG:3    +
    8    12  0   0.0%   0.001 GU:3    +
    3    45  0   0.0%   0.001 UA:3    +
   15    43  0   0.0%   0.253 UG:3    +
   12    42  0   0.0%   0.723 UG:3    +
   22    48  0   0.0%   0.215 CG:3    +
    9    17  0   0.0%   0.000 CG:3    +
    3    64  0   0.0%   0.371 UG:3    +
    8    18  0   0.0%   0.001 GC:3    +
    5    64  0   0.0%   0.112 CG:3    +
   20    63  0   0.0%   0.008 AU:3    +
   19    47  0   0.0%   0.479 CG:3    +
   18    48  0   0.0%   0.104 CG:3    +
   44    49  0   0.0%   0.421 CG:3    +
   43    50  0   0.0%   0.243 GC:3    +
   30    42  0   0.0%   0.342 CG:3    +
   10    49  0   0.0%   0.640 CG:3    +
   47    52  0   0.0%   0.113 GC:3    +
   14    24  0   0.0%   0.000 GC:3    +
    2    12  0   0.0%   0.001 AU:3    +
   29    39  0   0.0%   0.546 GU:3    +
   23    42  0   0.0%   0.364 CG:3    +
   21    49  0   0.0%   0.497 UG:3    +
   22    43  0   0.0%   0.338 CG:3    +
   33    69  0   0.0%   0.022 UA:3    +
   27    54  0   0.0%   0.171 GU:3    +
   44    53  0   0.0%   0.059 CG:3    +
   43    54  0   0.0%   0.232 GU:3    +
   42    55  0   0.0%   0.351 GC:3    +
...((((((((.((((((..((....))..))))))...).)))))))(((.(........)))).....
