3 sequence; length of alignment 103
alifold output
   14    86  0  99.9%   0.004 CG:3   
   15    85  0  99.9%   0.004 CG:3   
   16    84  0  99.8%   0.012 GC:3   
   13    87  0  99.8%   0.008 UA:3   
   17    83  0  99.8%   0.012 CG:3   
   41    55  0  99.8%   0.019 CG:3   
   40    56  0  99.8%   0.020 UA:3   
   39    57  0  99.7%   0.023 AU:3   
   42    54  0  99.6%   0.023 CG:3   
   12    88  0  99.3%   0.025 GC:3   
   38    58  0  98.4%   0.127 CG:3   
   31    64  0  98.2%   0.118 AU:3   
   18    82  0  98.0%   0.068 AU:3   
   30    65  0  97.8%   0.155 CG:3   
   32    63  0  97.7%   0.145 CG:3   
   20    73  0  97.2%   0.118 GC:3   
   21    72  0  96.4%   0.143 AU:3   
   19    74  0  95.3%   0.164 UA:3   
   34    61  0  95.2%   0.191 CG:3   
   22    71  0  95.0%   0.183 AU:3   
   23    70  0  92.3%   0.249 AU:3   
   35    60  0  92.3%   0.236 AU:3   
   24    69  0  80.0%   0.542 AU:3   
    3    97  0  70.3%   0.798 GC:3   
    7    93  0  69.0%   0.783 UG:3   
    4    96  0  68.4%   0.785 UG:3   
    6    94  0  68.3%   0.782 AU:3   
    8    92  0  60.9%   0.926 UA:3   
   10    90  0  60.4%   0.960 CG:3   
   37    59  0  52.4%   1.452 UA:3    +
   36    59  0  46.6%   1.092 UA:3   
   90    97  0  19.1%   1.539 GC:3    +
   91    96  0  19.1%   1.245 CG:3    +
   45    51  0  14.1%   0.831 GC:3    +
   45    52  0  12.0%   1.043 GC:3    +
   26    67  0   8.6%   0.636 UA:3    +
   28    67  0   8.5%   0.961 UA:3    +
   25    69  0   2.6%   0.473 AU:3    +
   24    70  0   2.2%   0.512 AU:3    +
   27    67  0   2.0%   0.472 UA:3    +
   45    53  0   2.0%   0.771 GC:3    +
   19    76  0   1.7%   0.282 UA:3    +
   20    75  0   1.7%   0.271 GC:3    +
   25    70  0   1.7%   0.470 AU:3    +
   23    71  0   1.6%   0.345 AU:3    +
   24    71  0   1.5%   0.574 AU:3    +
    3   102  0   1.5%   0.487 GC:3    +
    4   101  0   1.4%   0.454 UA:3    +
   37    58  0   1.3%   0.195 UG:3    +
    5   100  0   1.3%   0.186 UA:3    +
   23    72  0   1.3%   0.411 AU:3    +
   22    72  0   0.9%   0.245 AU:3    +
   30    63  0   0.8%   0.151 CG:3    +
   31    62  0   0.8%   0.142 AU:3    +
   32    61  0   0.7%   0.109 CG:3    +
    9    92  0   0.7%   0.433 UA:3    +
   29    67  0   0.7%   0.635 UA:3    +
   20    30  0   0.6%   0.097 GC:3    +
   21    29  0   0.6%   0.097 AU:3    +
   22    28  0   0.6%   0.093 AU:3    +
    3    10  0   0.5%   0.094 GC:3    +
    8    93  0   0.5%   0.654 UG:3    +
   64    74  0   0.5%   0.152 UA:3    +
   65    73  0   0.5%   0.172 GC:3    +
   63    75  0   0.5%   0.245 GC:3    +
   75    80  0   0.5%   0.203 CG:3    +
   19    31  0   0.4%   0.075 UA:3    +
   62    76  0   0.4%   0.205 UA:3    +
   23    27  0   0.3%   0.061 AU:3    +
   35    62  0   0.3%   0.180 AU:3    +
   36    61  0   0.3%   0.502 UG:3    +
   34    63  0   0.3%   0.171 CG:3    +
   93   102  0   0.3%   0.406 GC:3    +
   94   101  0   0.2%   0.377 UA:3    +
   89    96  0   0.2%   0.334 CG:3    +
   32    65  0   0.2%   0.140 CG:3    +
   19    80  0   0.2%   0.196 UG:3    +
   90    95  0   0.2%   0.380 GC:3    +
   31    66  0   0.2%   0.128 AU:3    +
   12    89  0   0.2%   0.049 GC:3    +
   34    58  0   0.2%   0.037 CG:3    +
   35    57  0   0.2%   0.037 AU:3    +
    3    95  0   0.2%   0.079 GC:3    +
   33    59  0   0.2%   0.036 UA:3    +
   28    65  0   0.2%   0.069 UG:3    +
   36    56  0   0.2%   0.035 UA:3    +
   37    55  0   0.2%   0.034 UG:3    +
   38    54  0   0.2%   0.034 CG:3    +
    9    90  0   0.1%   0.041 UG:3    +
   62    74  0   0.1%   0.129 UA:3    +
   61    75  0   0.1%   0.196 GC:3    +
   63    73  0   0.1%   0.132 GC:3    +
   18    79  0   0.1%   0.029 AU:3    +
   60    76  0   0.1%   0.166 UA:3    +
   21    79  0   0.1%   0.104 AU:3    +
   20    81  0   0.1%   0.161 GC:3    +
   61    78  0   0.1%   0.134 GC:3    +
   25    66  0   0.1%   0.021 AU:3    +
   17    80  0   0.1%   0.021 CG:3    +
   83    91  0   0.1%   0.023 GC:3    +
   84    90  0   0.1%   0.338 CG:3    +
   82    92  0   0.1%   0.381 UA:3    +
    5    96  0   0.1%   0.280 UG:3    +
   81    93  0   0.1%   0.318 CG:3    +
   16    81  0   0.1%   0.017 GC:3    +
    2     7  0   0.1%   0.015 AU:3    +
    3     8  0   0.1%   0.023 GU:3    +
   85    89  0   0.1%   0.030 GC:3    +
   19    77  0   0.1%   0.160 UA:3    +
    7    92  0   0.1%   0.024 UA:3    +
    2     9  0   0.1%   0.024 AU:3    +
   80    94  0   0.1%   0.323 GU:3    +
   62    77  0   0.0%   0.105 UA:3    +
    1     8  0   0.0%   0.011 AU:3    +
    8    99  0   0.0%   0.363 UA:3    +
    3    91  0   0.0%   0.050 GC:3    +
   23    69  0   0.0%   0.031 AU:3    +
   29    65  0   0.0%   0.056 UG:3    +
    9    98  0   0.0%   0.073 UA:3    +
    4    90  0   0.0%   0.011 UG:3    +
    5    98  0   0.0%   0.019 UA:3    +
    2     8  0   0.0%   0.017 AU:3    +
   22    70  0   0.0%   0.041 AU:3    +
   65    71  0   0.0%   0.244 GU:3    +
   20    78  0   0.0%   0.143 GC:3    +
    7   100  0   0.0%   0.341 UA:3    +
   96   102  0   0.0%   0.688 GC:3    +
    7    99  0   0.0%   0.284 UA:3    +
    5    99  0   0.0%   0.021 UA:3    +
    4    99  0   0.0%   0.274 UA:3    +
    7    98  0   0.0%   0.281 UA:3    +
   83    97  0   0.0%   0.263 GC:3    +
   84    96  0   0.0%   0.284 CG:3    +
    8   100  0   0.0%   0.417 UA:3    +
    8    98  0   0.0%   0.356 UA:3    +
   12    78  0   0.0%   0.007 GC:3    +
   11    79  0   0.0%   0.010 AU:3    +
    9    99  0   0.0%   0.075 UA:3    +
   13    77  0   0.0%   0.007 UA:3    +
    1     9  0   0.0%   0.010 AU:3    +
   25    71  0   0.0%   0.357 AU:3    +
   82    98  0   0.0%   0.044 UA:3    +
   88    93  0   0.0%   0.306 CG:3    +
    4   100  0   0.0%   0.274 UA:3    +
   21    71  0   0.0%   0.041 AU:3    +
    8    90  0   0.0%   0.022 UG:3    +
   10    80  0   0.0%   0.036 CG:3    +
    3    89  0   0.0%   0.043 GC:3    +
   26    65  0   0.0%   0.006 UG:3    +
   33    61  0   0.0%   0.055 UG:3    +
    7   101  0   0.0%   0.344 UA:3    +
   87    94  0   0.0%   0.273 AU:3    +
   10    20  0   0.0%   0.033 CG:3    +
    3     7  0   0.0%   0.010 GU:3    +
    9    21  0   0.0%   0.013 UA:3    +
   85    95  0   0.0%   0.023 GC:3    +
   11    19  0   0.0%   0.006 AU:3    +
   40    46  0   0.0%   0.005 UA:3    +
    8    22  0   0.0%   0.016 UA:3    +
   41    45  0   0.0%   0.005 CG:3    +
   39    47  0   0.0%   0.004 AU:3    +
   78    96  0   0.0%   0.285 CG:3    +
   20    34  0   0.0%   0.038 GC:3    +
    3     9  0   0.0%   0.017 GU:3    +
   10    93  0   0.0%   0.626 CG:3    +
   24    72  0   0.0%   0.468 AU:3    +
   21    33  0   0.0%   0.038 AU:3    +
    7    23  0   0.0%   0.011 UA:3    +
   74    79  0   0.0%   0.106 AU:3    +
   73    80  0   0.0%   0.089 CG:3    +
   19    35  0   0.0%   0.030 UA:3    +
   16    97  0   0.0%   0.259 GC:3    +
   17    96  0   0.0%   0.278 CG:3    +
    4    98  0   0.0%   0.269 UA:3    +
   93    97  0   0.0%   0.866 GC:3    +
   65    75  0   0.0%   0.191 GC:3    +
   67    72  0   0.0%   0.673 AU:3    +
   66    74  0   0.0%   0.103 UA:3    +
    9    93  0   0.0%   0.341 UG:3    +
   86    95  0   0.0%   0.019 GC:3    +
   22    79  0   0.0%   0.147 AU:3    +
    5    11  0   0.0%   0.003 UA:3    +
    4    25  0   0.0%   0.003 UA:3    +
    3    26  0   0.0%   0.039 GU:3    +
    5    24  0   0.0%   0.003 UA:3    +
   86    94  0   0.0%   0.269 GU:3    +
   66    80  0   0.0%   0.045 UG:3    +
   65    81  0   0.0%   0.099 GC:3    +
   80    91  0   0.0%   0.055 GC:3    +
   79    92  0   0.0%   0.367 UA:3    +
   78    93  0   0.0%   0.301 CG:3    +
   81    90  0   0.0%   0.334 CG:3    +
   18    36  0   0.0%   0.002 AU:3    +
   64    76  0   0.0%   0.145 UA:3    +
   27    65  0   0.0%   0.025 UG:3    +
    2    27  0   0.0%   0.015 AU:3    +
   96   103  0   0.0%   0.608 GC:3    +
    5    92  0   0.0%   0.004 UA:3    +
   67    79  0   0.0%   0.556 AU:3    +
    4    11  0   0.0%   0.002 UA:3    +
   77    94  0   0.0%   0.276 AU:3    +
   43    47  0   0.0%   0.003 AU:3    +
   20    79  0   0.0%   0.148 GU:3    +
    5    93  0   0.0%   0.005 UG:3    +
   21    28  0   0.0%   0.004 AU:3    +
   67    71  0   0.0%   0.720 AU:3    +
    4    93  0   0.0%   0.007 UG:3    +
   20    72  0   0.0%   0.037 GU:3    +
   80    95  0   0.0%   0.067 GC:3    +
   16    75  0   0.0%   0.002 GC:3    +
   22    27  0   0.0%   0.004 AU:3    +
    9   100  0   0.0%   0.125 UA:3    +
    7    96  0   0.0%   0.536 UG:3    +
    3   103  0   0.0%   0.366 GC:3    +
   76    82  0   0.0%   0.120 AU:3    +
    8   101  0   0.0%   0.416 UA:3    +
   77    82  0   0.0%   0.034 AU:3    +
   20    29  0   0.0%   0.003 GU:3    +
   10    96  0   0.0%   0.606 CG:3    +
   42    55  0   0.0%   0.019 CG:3    +
    1    28  0   0.0%   0.007 AU:3    +
   89    93  0   0.0%   0.315 CG:3    +
   65    72  0   0.0%   0.193 GU:3    +
   90   102  0   0.0%   0.718 GC:3    +
   24    66  0   0.0%   0.002 AU:3    +
    3    78  0   0.0%   0.039 GC:3    +
    4    77  0   0.0%   0.003 UA:3    +
   61    81  0   0.0%   0.130 GC:3    +
    2    79  0   0.0%   0.014 AU:3    +
   69    77  0   0.0%   0.289 UA:3    +
   65    70  0   0.0%   0.285 GU:3    +
   70    76  0   0.0%   0.331 UA:3    +
    5    76  0   0.0%   0.003 UA:3    +
   11    94  0   0.0%   0.268 AU:3    +
    5   101  0   0.0%   0.133 UA:3    +
    7    11  0   0.0%   0.009 UA:3    +
   62    80  0   0.0%   0.113 UG:3    +
    9    96  0   0.0%   0.322 UG:3    +
   23    28  0   0.0%   0.053 AU:3    +
    1     5  0   0.0%   0.001 AU:3    +
   22    29  0   0.0%   0.065 AU:3    +
   12    91  0   0.0%   0.027 GC:3    +
   79    96  0   0.0%   0.292 UG:3    +
   68    80  0   0.0%   0.024 CG:3    +
   75    96  0   0.0%   0.399 CG:3    +
    2    94  0   0.0%   0.014 AU:3    +
   33    63  0   0.0%   0.078 UG:3    +
   21    27  0   0.0%   0.003 AU:3    +
   63    78  0   0.0%   0.127 GC:3    +
   12    17  0   0.0%   0.001 GC:3    +
    1     7  0   0.0%   0.001 AU:3    +
   94    99  0   0.0%   0.282 UA:3    +
   94   100  0   0.0%   0.333 UA:3    +
   20    28  0   0.0%   0.003 GU:3    +
   31    60  0   0.0%   0.025 AU:3    +
   30    61  0   0.0%   0.032 CG:3    +
   35    64  0   0.0%   0.124 AU:3    +
   93   103  0   0.0%   0.313 GC:3    +
   34    65  0   0.0%   0.130 CG:3    +
   25    72  0   0.0%   0.309 AU:3    +
   36    63  0   0.0%   0.464 UG:3    +
   12   102  0   0.0%   0.085 GC:3    +
   12    81  0   0.0%   0.003 GC:3    +
    4    92  0   0.0%   0.006 UA:3    +
    3    94  0   0.0%   0.044 GU:3    +
   13    80  0   0.0%   0.004 UG:3    +
   83    88  0   0.0%   0.010 GC:3    +
   64    77  0   0.0%   0.057 UA:3    +
   12    68  0   0.0%   0.001 GC:3    +
   13    90  0   0.0%   0.323 UG:3    +
    7    90  0   0.0%   0.012 UG:3    +
   22    26  0   0.0%   0.003 AU:3    +
   90   103  0   0.0%   0.656 GC:3    +
   13    67  0   0.0%   0.001 UA:3    +
   13   101  0   0.0%   0.069 UA:3    +
   65    78  0   0.0%   0.097 GC:3    +
    8    96  0   0.0%   0.610 UG:3    +
   66    77  0   0.0%   0.033 UA:3    +
   11    82  0   0.0%   0.006 AU:3    +
   60    77  0   0.0%   0.089 UA:3    +
   11    69  0   0.0%   0.004 AU:3    +
   17    63  0   0.0%   0.001 CG:3    +
   16    64  0   0.0%   0.001 GU:3    +
   15    65  0   0.0%   0.000 CG:3    +
   23    79  0   0.0%   0.240 AU:3    +
   19    25  0   0.0%   0.003 UA:3    +
   18    62  0   0.0%   0.001 AU:3    +
   18    33  0   0.0%   0.000 AU:3    +
   75    83  0   0.0%   0.132 CG:3    +
   23    29  0   0.0%   0.053 AU:3    +
   70    77  0   0.0%   0.243 UA:3    +
   80    97  0   0.0%   0.303 GC:3    +
   71    76  0   0.0%   0.285 UA:3    +
   94    98  0   0.0%   0.282 UA:3    +
    9   101  0   0.0%   0.125 UA:3    +
   59    79  0   0.0%   0.726 AU:3    +
   10    83  0   0.0%   0.032 CG:3    +
   19    24  0   0.0%   0.003 UA:3    +
   79    98  0   0.0%   0.034 UA:3    +
   74    82  0   0.0%   0.103 AU:3    +
   24    28  0   0.0%   0.033 AU:3    +
   81    96  0   0.0%   0.290 CG:3    +
   41    54  0   0.0%   0.013 CG:3    +
   20    27  0   0.0%   0.003 GU:3    +
   21    26  0   0.0%   0.003 AU:3    +
   71    77  0   0.0%   0.198 UA:3    +
   22    69  0   0.0%   0.033 AU:3    +
   60    80  0   0.0%   0.104 UG:3    +
   24    29  0   0.0%   0.034 AU:3    +
   19    61  0   0.0%   0.028 UG:3    +
   72    76  0   0.0%   0.236 UA:3    +
    3    17  0   0.0%   0.037 GC:3    +
   16    78  0   0.0%   0.004 GC:3    +
   18    26  0   0.0%   0.001 AU:3    +
   12    97  0   0.0%   0.271 GC:3    +
   25    29  0   0.0%   0.034 AU:3    +
    4    16  0   0.0%   0.001 UG:3    +
   21    70  0   0.0%   0.036 AU:3    +
    3    88  0   0.0%   0.038 GC:3    +
   78    83  0   0.0%   0.014 CG:3    +
   61    79  0   0.0%   0.136 GU:3    +
   26    77  0   0.0%   0.222 UA:3    +
   90    94  0   0.0%   0.593 GU:3    +
   27    76  0   0.0%   0.171 UA:3    +
    4    87  0   0.0%   0.002 UA:3    +
   13    96  0   0.0%   0.271 UG:3    +
   20    71  0   0.0%   0.036 GU:3    +
   71    80  0   0.0%   0.209 UG:3    +
   72    99  0   0.0%   0.150 UA:3    +
   71   100  0   0.0%   0.250 UA:3    +
    3    68  0   0.0%   0.038 GC:3    +
   71    99  0   0.0%   0.198 UA:3    +
    2    28  0   0.0%   0.014 AU:3    +
    3    27  0   0.0%   0.038 GU:3    +
    2    69  0   0.0%   0.013 AU:3    +
   63    79  0   0.0%   0.134 GU:3    +
   70   100  0   0.0%   0.295 UA:3    +
    5    25  0   0.0%   0.003 UA:3    +
   26    74  0   0.0%   0.260 UA:3    +
   40    50  0   0.0%   0.002 UA:3    +
   72    98  0   0.0%   0.149 UA:3    +
    5    86  0   0.0%   0.002 UG:3    +
   27    74  0   0.0%   0.147 UA:3    +
   38    55  0   0.0%   0.023 CG:3    +
   61    68  0   0.0%   0.101 GC:3    +
    4    67  0   0.0%   0.002 UA:3    +
   69    76  0   0.0%   0.375 UA:3    +
   63    81  0   0.0%   0.127 GC:3    +
    7    12  0   0.0%   0.007 UG:3    +
   62    67  0   0.0%   0.590 UA:3    +
   64    80  0   0.0%   0.068 UG:3    +
   70   101  0   0.0%   0.295 UA:3    +
   28    63  0   0.0%   0.032 UG:3    +
    6    13  0   0.0%   0.000 AU:3    +
   34    80  0   0.0%   0.098 CG:3    +
   69   101  0   0.0%   0.341 UA:3    +
   23    66  0   0.0%   0.021 AU:3    +
   40    55  0   0.0%   0.013 UG:3    +
    5    90  0   0.0%   0.005 UG:3    +
   24    79  0   0.0%   0.350 AU:3    +
    1    29  0   0.0%   0.007 AU:3    +
   26    35  0   0.0%   0.002 UA:3    +
   47    54  0   0.0%   0.018 UG:3    +
    1    70  0   0.0%   0.007 AU:3    +
   35    79  0   0.0%   0.125 AU:3    +
   25    36  0   0.0%   0.002 AU:3    +
   12    95  0   0.0%   0.035 GC:3    +
   12    75  0   0.0%   0.001 GC:3    +
   84    93  0   0.0%   0.300 CG:3    +
   37    56  0   0.0%   0.023 UA:3    +
   83    94  0   0.0%   0.274 GU:3    +
   72    77  0   0.0%   0.149 UA:3    +
    4    12  0   0.0%   0.001 UG:3    +
   69    74  0   0.0%   0.358 UA:3    +
   15    96  0   0.0%   0.268 CG:3    +
   20    32  0   0.0%   0.034 GC:3    +
   83    89  0   0.0%   0.017 GC:3    +
   16    95  0   0.0%   0.020 GC:3    +
    1    94  0   0.0%   0.007 AU:3    +
   36    58  0   0.0%   0.024 UG:3    +
    7    74  0   0.0%   0.009 UA:3    +
   26    76  0   0.0%   0.284 UA:3    +
    3    14  0   0.0%   0.037 GC:3    +
   73    96  0   0.0%   0.331 CG:3    +
   40    49  0   0.0%   0.002 UA:3    +
   10    16  0   0.0%   0.029 CG:3    +
   32    80  0   0.0%   0.095 CG:3    +
   13    18  0   0.0%   0.000 UA:3    +
    5    12  0   0.0%   0.001 UG:3    +
    3    75  0   0.0%   0.038 GC:3    +
   65    69  0   0.0%   0.330 GU:3    +
   38    45  0   0.0%   0.000 CG:3    +
   17    61  0   0.0%   0.000 CG:3    +
   85    97  0   0.0%   0.259 GC:3    +
   16    62  0   0.0%   0.000 GU:3    +
   15    63  0   0.0%   0.000 CG:3    +
   12    84  0   0.0%   0.003 GC:3    +
   29    74  0   0.0%   0.115 UA:3    +
   20    60  0   0.0%   0.035 GU:3    +
   13    74  0   0.0%   0.000 UA:3    +
   14    65  0   0.0%   0.000 CG:3    +
   29    63  0   0.0%   0.033 UG:3    +
..((.(((.(.(((((((((((((.....(((.(((.(((((...........)))))))).)))...)))))).......))))))).).))).))......
