3 sequence; length of alignment 89
alifold output
   52    65  0  98.2%   0.077 UA:3   
   53    64  0  98.1%   0.075 CG:3   
   51    66  0  98.0%   0.110 GC:3   
   50    67  0  97.3%   0.131 GC:3   
   21    30  0  83.0%   0.472 CG:3   
   20    31  0  83.0%   0.483 GC:3   
   19    32  0  82.9%   0.480 CG:3   
   18    33  0  82.1%   0.498 GC:3   
   22    29  0  79.4%   0.555 AU:3   
   13    86  0  70.4%   0.944 CG:3   
   14    85  0  70.0%   0.902 CG:3   
   12    87  0  69.8%   0.872 GC:3   
   46    70  0  58.2%   1.438 GC:3   
   47    69  0  56.3%   1.351 UG:3   
   45    71  0  49.9%   1.431 UA:3   
   16    81  0  29.5%   1.184 CG:3   
   15    82  0  29.0%   1.205 GC:3   
   16    86  0  25.6%   1.796 CG:3    +
   17    85  0  25.5%   1.537 CG:3    +
   15    87  0  25.4%   1.818 GC:3    +
   19    81  0  16.3%   1.610 CG:3    +
   18    82  0  16.2%   1.501 GC:3    +
   31    69  0  16.2%   1.052 CG:3    +
   30    70  0  16.2%   1.052 GC:3    +
   20    80  0  16.1%   1.102 GC:3    +
   32    68  0  15.9%   1.071 GC:3    +
   29    71  0  15.7%   1.063 UA:3    +
   25    75  0  14.9%   0.887 UA:3    +
   26    74  0  14.5%   0.848 AU:3    +
   24    76  0  14.1%   0.874 GU:3    +
   70    81  0  10.7%   2.299 CG:3    +
   69    82  0  10.6%   2.219 GC:3    +
   56    61  0   6.7%   0.647 AU:3    +
   47    75  0   5.5%   1.204 UA:3    +
   48    74  0   5.5%   0.920 AU:3    +
   46    76  0   5.5%   1.354 GU:3    +
   49    73  0   5.4%   0.584 UA:3    +
   45    77  0   4.6%   0.999 UA:3    +
   72    79  0   3.2%   0.648 AU:3    +
   17    81  0   2.9%   0.767 CG:3    +
   15    83  0   2.4%   0.709 GC:3    +
   22    78  0   2.3%   0.451 AU:3    +
   73    78  0   2.2%   0.754 AU:3    +
    7    85  0   1.8%   0.266 CG:3    +
    6    86  0   1.8%   0.246 CG:3    +
    8    84  0   1.7%   0.230 UA:3    +
   55    61  0   1.4%   0.219 AU:3    +
   71    79  0   1.4%   1.006 AU:3    +
   34    46  0   1.3%   0.247 CG:3    +
   11    85  0   1.3%   0.312 CG:3    +
   10    86  0   1.3%   0.264 CG:3    +
   12    82  0   1.3%   0.223 GC:3    +
   72    78  0   1.2%   0.463 AU:3    +
   13    81  0   1.2%   0.206 CG:3    +
   38    46  0   1.2%   0.256 CG:3    +
   35    45  0   1.2%   0.162 AU:3    +
   40    76  0   1.1%   0.528 AU:3    +
   39    77  0   1.1%   0.276 UA:3    +
   22    79  0   1.1%   0.423 AU:3    +
   42    74  0   1.0%   0.476 AU:3    +
   56    60  0   0.9%   0.170 AU:3    +
   51    82  0   0.9%   0.946 GC:3    +
   50    83  0   0.9%   0.349 GC:3    +
   52    81  0   0.8%   1.046 UG:3    +
    1     7  0   0.7%   0.133 GC:3    +
   23    27  0   0.7%   0.121 GC:3    +
   49    84  0   0.7%   0.455 UA:3    +
   55    60  0   0.7%   0.111 AU:3    +
   12    88  0   0.7%   0.475 GC:3    +
   23    78  0   0.6%   0.263 GU:3    +
   50    68  0   0.6%   0.485 GC:3    +
   36    78  0   0.6%   0.291 AU:3    +
   37    77  0   0.5%   0.183 UA:3    +
    1    11  0   0.5%   0.166 GC:3    +
   63    69  0   0.5%   0.764 CG:3    +
   15    34  0   0.5%   0.088 GC:3    +
   39    75  0   0.5%   0.419 UA:3    +
   35    79  0   0.5%   0.225 AU:3    +
   40    74  0   0.5%   0.419 AU:3    +
   11    81  0   0.5%   0.122 CG:3    +
   37    48  0   0.5%   0.124 UA:3    +
   64    68  0   0.5%   0.457 GC:3    +
   69    80  0   0.5%   1.121 GC:3    +
   36    49  0   0.5%   0.127 AU:3    +
   24    33  0   0.5%   0.251 GC:3    +
    1     6  0   0.5%   0.074 GC:3    +
   23    34  0   0.5%   0.171 GC:3    +
   12    80  0   0.4%   0.108 GC:3    +
   25    32  0   0.4%   0.238 UG:3    +
   68    81  0   0.4%   1.379 CG:3    +
   25    77  0   0.4%   0.388 UA:3    +
   60    72  0   0.4%   0.204 UA:3    +
   24    78  0   0.4%   0.506 GU:3    +
   40    45  0   0.4%   0.128 AU:3    +
   46    68  0   0.4%   0.526 GC:3    +
   40    47  0   0.4%   0.115 AU:3    +
   39    48  0   0.4%   0.123 UA:3    +
   26    76  0   0.4%   0.628 AU:3    +
   21    81  0   0.4%   1.077 CG:3    +
   20    82  0   0.4%   1.239 GC:3    +
   39    46  0   0.4%   0.207 UG:3    +
   59    73  0   0.4%   0.280 UA:3    +
   73    79  0   0.4%   0.669 AU:3    +
   34    50  0   0.4%   0.191 CG:3    +
   61    71  0   0.4%   0.970 UA:3    +
   36    47  0   0.4%   0.076 AU:3    +
   35    49  0   0.4%   0.120 AU:3    +
   37    46  0   0.3%   0.145 UG:3    +
   18    34  0   0.3%   0.256 GC:3    +
   51    67  0   0.3%   0.145 GC:3    +
   33    51  0   0.3%   0.246 CG:3    +
   58    73  0   0.3%   0.234 UA:3    +
   59    72  0   0.3%   0.082 UA:3    +
   57    74  0   0.3%   0.609 AU:3    +
   23    79  0   0.3%   0.215 GU:3    +
    1    10  0   0.3%   0.114 GC:3    +
   60    71  0   0.3%   0.774 UA:3    +
   49    69  0   0.3%   0.756 UG:3    +
   43    78  0   0.3%   0.263 AU:3    +
   45    72  0   0.3%   0.494 UA:3    +
   48    76  0   0.3%   0.779 AU:3    +
   50    63  0   0.2%   0.078 GC:3    +
   51    62  0   0.2%   0.071 GC:3    +
   47    77  0   0.2%   0.849 UA:3    +
   49    75  0   0.2%   0.776 UA:3    +
   54    77  0   0.2%   0.303 UA:3    +
   15    80  0   0.2%   0.126 GC:3    +
   55    76  0   0.2%   0.674 AU:3    +
   15    38  0   0.2%   0.077 GC:3    +
   42    79  0   0.2%   0.220 AU:3    +
   46    78  0   0.2%   0.912 GU:3    +
   62    69  0   0.2%   0.706 CG:3    +
   14    81  0   0.2%   0.125 CG:3    +
   43    79  0   0.2%   0.204 AU:3    +
   43    74  0   0.2%   0.420 AU:3    +
   49    64  0   0.2%   0.097 UG:3    +
   46    74  0   0.2%   0.912 GU:3    +
   37    43  0   0.2%   0.043 UA:3    +
   47    73  0   0.1%   0.431 UA:3    +
   12    19  0   0.1%   0.043 GC:3    +
   18    83  0   0.1%   0.620 GC:3    +
   13    18  0   0.1%   0.029 CG:3    +
   71    78  0   0.1%   0.934 AU:3    +
   47    65  0   0.1%   0.088 UA:3    +
   45    75  0   0.1%   0.803 UA:3    +
   46    66  0   0.1%   0.185 GC:3    +
   45    69  0   0.1%   0.421 UG:3    +
   18    80  0   0.1%   0.258 GC:3    +
   11    20  0   0.1%   0.054 CG:3    +
   57    61  0   0.1%   0.268 AU:3    +
   55    78  0   0.1%   0.346 AU:3    +
   32    52  0   0.1%   0.210 GU:3    +
   57    76  0   0.1%   0.599 AU:3    +
   58    75  0   0.1%   0.539 UA:3    +
    1    14  0   0.1%   0.132 GC:3    +
   33    81  0   0.1%   1.106 CG:3    +
   37    42  0   0.1%   0.027 UA:3    +
   32    82  0   0.1%   1.247 GC:3    +
   24    87  0   0.1%   0.963 GC:3    +
   23    88  0   0.1%   0.194 GC:3    +
   25    86  0   0.1%   1.088 UG:3    +
   41    74  0   0.1%   0.350 AU:3    +
   41    76  0   0.1%   0.392 AU:3    +
   36    45  0   0.1%   0.076 AU:3    +
    7    12  0   0.1%   0.062 CG:3    +
   15    88  0   0.1%   0.926 GC:3    +
   33    86  0   0.1%   0.967 CG:3    +
   34    85  0   0.1%   0.903 CG:3    +
   32    87  0   0.1%   1.123 GC:3    +
   28    74  0   0.1%   0.305 AU:3    +
   30    83  0   0.1%   0.584 GC:3    +
   10    24  0   0.1%   0.039 CG:3    +
   11    23  0   0.1%   0.058 CG:3    +
    9    25  0   0.1%   0.021 AU:3    +
   12    83  0   0.1%   0.131 GC:3    +
   22    89  0   0.1%   0.347 AU:3    +
   12    21  0   0.1%   0.041 GC:3    +
   29    84  0   0.1%   0.574 UA:3    +
   13    20  0   0.1%   0.036 CG:3    +
   81    87  0   0.1%   1.841 GC:3    +
   82    86  0   0.1%   1.786 CG:3    +
   42    78  0   0.1%   0.261 AU:3    +
    8    26  0   0.1%   0.027 UA:3    +
   41    79  0   0.1%   0.150 AU:3    +
   34    81  0   0.1%   1.045 CG:3    +
   15    70  0   0.1%   0.068 GC:3    +
   16    69  0   0.1%   0.023 CG:3    +
   42    49  0   0.1%   0.080 AU:3    +
   46    83  0   0.1%   0.815 GC:3    +
   45    84  0   0.1%   0.709 UA:3    +
   31    81  0   0.1%   1.341 CG:3    +
   80    85  0   0.1%   1.136 CG:3    +
   32    80  0   0.1%   0.843 GC:3    +
   30    82  0   0.1%   1.200 GC:3    +
    9    89  0   0.1%   0.023 AU:3    +
    1    88  0   0.1%   0.135 GC:3    +
   69    83  0   0.1%   1.128 GC:3    +
   41    78  0   0.1%   0.214 AU:3    +
   44    51  0   0.1%   0.038 CG:3    +
   31    46  0   0.1%   0.172 CG:3    +
   30    47  0   0.1%   0.171 GU:3    +
   29    48  0   0.1%   0.200 UA:3    +
   44    81  0   0.0%   0.912 CG:3    +
   40    49  0   0.0%   0.104 AU:3    +
   28    49  0   0.0%   0.013 AU:3    +
   17    23  0   0.0%   0.022 CG:3    +
   16    24  0   0.0%   0.022 CG:3    +
   57    78  0   0.0%   0.266 AU:3    +
   43    52  0   0.0%   0.037 AU:3    +
    1     8  0   0.0%   0.072 GU:3    +
    2     8  0   0.0%   0.014 AU:3    +
   49    71  0   0.0%   0.739 UA:3    +
   40    79  0   0.0%   0.238 AU:3    +
   36    79  0   0.0%   0.193 AU:3    +
   56    79  0   0.0%   0.371 AU:3    +
   58    77  0   0.0%   0.311 UA:3    +
   45    50  0   0.0%   0.126 UG:3    +
   15    25  0   0.0%   0.020 GU:3    +
   79    84  0   0.0%   0.466 UA:3    +
   37    41  0   0.0%   0.013 UA:3    +
    7    23  0   0.0%   0.053 CG:3    +
   45    73  0   0.0%   0.477 UA:3    +
   72    76  0   0.0%   0.634 AU:3    +
   42    47  0   0.0%   0.070 AU:3    +
    6    24  0   0.0%   0.037 CG:3    +
   35    39  0   0.0%   0.011 AU:3    +
    8    22  0   0.0%   0.017 UA:3    +
   74    81  0   0.0%   1.776 UG:3    +
   44    85  0   0.0%   0.763 CG:3    +
    4    12  0   0.0%   0.010 CG:3    +
   39    43  0   0.0%   0.024 UA:3    +
   42    76  0   0.0%   0.431 AU:3    +
   27    50  0   0.0%   0.047 CG:3    +
   41    47  0   0.0%   0.064 AU:3    +
   27    85  0   0.0%   0.778 CG:3    +
    3     9  0   0.0%   0.008 UA:3    +
    6    12  0   0.0%   0.038 CG:3    +
   46    87  0   0.0%   1.315 GC:3    +
   51    87  0   0.0%   0.745 GC:3    +
   52    86  0   0.0%   0.821 UG:3    +
   53    85  0   0.0%   0.775 CG:3    +
   38    64  0   0.0%   0.079 CG:3    +
   29    73  0   0.0%   0.493 UA:3    +
   50    88  0   0.0%   0.211 GC:3    +
   32    45  0   0.0%   0.192 GU:3    +
   37    65  0   0.0%   0.077 UA:3    +
   33    46  0   0.0%   0.202 CG:3    +
   76    81  0   0.0%   1.776 UG:3    +
   44    50  0   0.0%   0.036 CG:3    +
   41    45  0   0.0%   0.094 AU:3    +
   54    84  0   0.0%   0.144 UA:3    +
   43    49  0   0.0%   0.082 AU:3    +
   47    86  0   0.0%   1.326 UG:3    +
   71    76  0   0.0%   1.245 AU:3    +
   49    72  0   0.0%   0.117 UA:3    +
   78    84  0   0.0%   0.502 UA:3    +
   38    81  0   0.0%   0.969 CG:3    +
   30    88  0   0.0%   0.524 GC:3    +
   41    49  0   0.0%   0.068 AU:3    +
   41    59  0   0.0%   0.018 AU:3    +
   60    73  0   0.0%   0.341 UA:3    +
   40    60  0   0.0%   0.054 AU:3    +
   47    71  0   0.0%   1.034 UA:3    +
   23    29  0   0.0%   0.240 GU:3    +
   25    73  0   0.0%   0.041 UA:3    +
   42    58  0   0.0%   0.022 AU:3    +
   24    74  0   0.0%   0.048 GU:3    +
   12    89  0   0.0%   0.414 GU:3    +
   61    72  0   0.0%   0.337 UA:3    +
   15    37  0   0.0%   0.040 GU:3    +
   79    86  0   0.0%   1.086 UG:3    +
   36    76  0   0.0%   0.359 AU:3    +
   76    84  0   0.0%   0.694 UA:3    +
   37    75  0   0.0%   0.361 UA:3    +
   64    80  0   0.0%   0.415 GC:3    +
   75    79  0   0.0%   0.837 AU:3    +
    1    13  0   0.0%   0.115 GC:3    +
   43    76  0   0.0%   0.398 AU:3    +
    4    85  0   0.0%   0.009 CG:3    +
   15    79  0   0.0%   0.064 GU:3    +
   53    81  0   0.0%   0.964 CG:3    +
   38    50  0   0.0%   0.097 CG:3    +
   46    53  0   0.0%   0.164 GC:3    +
   65    79  0   0.0%   0.171 AU:3    +
   55    59  0   0.0%   0.011 AU:3    +
   56    78  0   0.0%   0.450 AU:3    +
   18    31  0   0.0%   0.015 GC:3    +
   19    30  0   0.0%   0.015 CG:3    +
   55    79  0   0.0%   0.255 AU:3    +
   32    47  0   0.0%   0.196 GU:3    +
    5    84  0   0.0%   0.007 UA:3    +
   12    70  0   0.0%   0.037 GC:3    +
   63    81  0   0.0%   0.985 CG:3    +
   43    47  0   0.0%   0.074 AU:3    +
   41    60  0   0.0%   0.020 AU:3    +
   42    59  0   0.0%   0.024 AU:3    +
   44    69  0   0.0%   0.315 CG:3    +
   13    69  0   0.0%   0.022 CG:3    +
   39    72  0   0.0%   0.057 UA:3    +
   24    53  0   0.0%   0.045 GC:3    +
    3    12  0   0.0%   0.007 UG:3    +
   64    70  0   0.0%   0.683 GC:3    +
   39    50  0   0.0%   0.080 UG:3    +
   46    80  0   0.0%   1.038 GC:3    +
   50    70  0   0.0%   0.729 GC:3    +
   20    29  0   0.0%   0.020 GU:3    +
   40    61  0   0.0%   0.054 AU:3    +
    1    80  0   0.0%   0.124 GC:3    +
   23    54  0   0.0%   0.081 GU:3    +
   42    60  0   0.0%   0.026 AU:3    +
   17    32  0   0.0%   0.009 CG:3    +
    3    86  0   0.0%   0.009 UG:3    +
   41    61  0   0.0%   0.020 AU:3    +
   38    51  0   0.0%   0.094 CG:3    +
   56    76  0   0.0%   0.778 AU:3    +
    2    79  0   0.0%   0.008 AU:3    +
   40    78  0   0.0%   0.303 AU:3    +
   43    58  0   0.0%   0.026 AU:3    +
   23    80  0   0.0%   0.474 GC:3    +
    1    87  0   0.0%   0.125 GC:3    +
   39    84  0   0.0%   0.210 UA:3    +
   37    51  0   0.0%   0.090 UG:3    +
   43    59  0   0.0%   0.029 AU:3    +
   74    84  0   0.0%   0.693 UA:3    +
   36    52  0   0.0%   0.064 AU:3    +
    5     9  0   0.0%   0.006 UA:3    +
   22    45  0   0.0%   0.190 AU:3    +
   21    46  0   0.0%   0.166 CG:3    +
   12    38  0   0.0%   0.035 GC:3    +
   23    44  0   0.0%   0.080 GC:3    +
   15    21  0   0.0%   0.010 GC:3    +
   16    20  0   0.0%   0.018 CG:3    +
   12    17  0   0.0%   0.017 GC:3    +
   16    46  0   0.0%   0.008 CG:3    +
   38    85  0   0.0%   0.817 CG:3    +
   15    33  0   0.0%   0.009 GC:3    +
   15    19  0   0.0%   0.013 GC:3    +
   69    76  0   0.0%   1.254 GU:3    +
   49    77  0   0.0%   0.524 UA:3    +
   15    47  0   0.0%   0.053 GU:3    +
   29    72  0   0.0%   0.485 UA:3    +
   32    70  0   0.0%   0.790 GC:3    +
   33    69  0   0.0%   0.512 CG:3    +
   14    20  0   0.0%   0.024 CG:3    +
   47    55  0   0.0%   0.061 UA:3    +
   35    47  0   0.0%   0.065 AU:3    +
   67    85  0   0.0%   0.795 CG:3    +
   48    54  0   0.0%   0.057 AU:3    +
   66    86  0   0.0%   0.777 CG:3    +
   36    74  0   0.0%   0.344 AU:3    +
   37    73  0   0.0%   0.079 UA:3    +
   23    76  0   0.0%   0.082 GU:3    +
   50    74  0   0.0%   0.658 GU:3    +
   46    67  0   0.0%   0.170 GC:3    +
   20    47  0   0.0%   0.175 GU:3    +
   54    64  0   0.0%   0.038 UG:3    +
   48    78  0   0.0%   0.441 AU:3    +
    7    86  0   0.0%   0.194 CG:3    +
   10    85  0   0.0%   0.101 CG:3    +
    5    12  0   0.0%   0.008 UG:3    +
   47    72  0   0.0%   0.413 UA:3    +
    8    85  0   0.0%   0.164 UG:3    +
   27    46  0   0.0%   0.040 CG:3    +
   26    47  0   0.0%   0.009 AU:3    +
   24    79  0   0.0%   0.412 GU:3    +
   69    74  0   0.0%   1.260 GU:3    +
   10    15  0   0.0%   0.019 CG:3    +
   14    23  0   0.0%   0.020 CG:3    +
   13    24  0   0.0%   0.028 CG:3    +
   11    86  0   0.0%   0.256 CG:3    +
   45    81  0   0.0%   1.512 UG:3    +
   25    48  0   0.0%   0.036 UA:3    +
   22    76  0   0.0%   0.190 AU:3    +
   32    38  0   0.0%   0.199 GC:3    +
   47    81  0   0.0%   1.476 UG:3    +
   16    32  0   0.0%   0.007 CG:3    +
   12    25  0   0.0%   0.038 GU:3    +
   69    78  0   0.0%   0.921 GU:3    +
   28    45  0   0.0%   0.003 AU:3    +
   27    86  0   0.0%   0.777 CG:3    +
   17    50  0   0.0%   0.008 CG:3    +
   46    82  0   0.0%   1.432 GC:3    +
   16    51  0   0.0%   0.009 CG:3    +
   24    49  0   0.0%   0.042 GU:3    +
   70    86  0   0.0%   1.607 CG:3    +
   14    18  0   0.0%   0.018 CG:3    +
   69    87  0   0.0%   1.583 GC:3    +
   39    73  0   0.0%   0.060 UA:3    +
   32    44  0   0.0%   0.185 GC:3    +
   50    66  0   0.0%   0.059 GC:3    +
   34    64  0   0.0%   0.148 CG:3    +
   10    81  0   0.0%   0.025 CG:3    +
   23    38  0   0.0%   0.092 GC:3    +
   15    52  0   0.0%   0.053 GU:3    +
   24    37  0   0.0%   0.043 GU:3    +
   25    36  0   0.0%   0.036 UA:3    +
    1    38  0   0.0%   0.121 GC:3    +
    2    37  0   0.0%   0.005 AU:3    +
   60    75  0   0.0%   0.627 UA:3    +
   22    39  0   0.0%   0.189 AU:3    +
   37    86  0   0.0%   0.845 UG:3    +
    2    52  0   0.0%   0.006 AU:3    +
    1    53  0   0.0%   0.121 GC:3    +
   45    56  0   0.0%   0.091 UA:3    +
   37    72  0   0.0%   0.074 UA:3    +
   51    70  0   0.0%   0.699 GC:3    +
    3    51  0   0.0%   0.006 UG:3    +
   39    81  0   0.0%   1.020 UG:3    +
   15    68  0   0.0%   0.053 GC:3    +
   45    57  0   0.0%   0.092 UA:3    +
   15    78  0   0.0%   0.058 GU:3    +
    3    36  0   0.0%   0.006 UA:3    +
   13    85  0   0.0%   0.205 CG:3    +
   37    81  0   0.0%   0.993 UG:3    +
    1    31  0   0.0%   0.120 GC:3    +
    4    50  0   0.0%   0.005 CG:3    +
   31    86  0   0.0%   1.194 CG:3    +
   30    87  0   0.0%   1.074 GC:3    +
   15    44  0   0.0%   0.051 GC:3    +
    2    89  0   0.0%   0.007 AU:3    +
   15    39  0   0.0%   0.051 GU:3    +
   45    55  0   0.0%   0.091 UA:3    +
   52    69  0   0.0%   0.684 UG:3    +
    1     5  0   0.0%   0.001 GU:3    +
   35    78  0   0.0%   0.219 AU:3    +
   36    58  0   0.0%   0.054 AU:3    +
   68    85  0   0.0%   1.142 CG:3    +
   80    86  0   0.0%   1.129 CG:3    +
   14    86  0   0.0%   0.649 CG:3    +
    2    29  0   0.0%   0.005 AU:3    +
   39    55  0   0.0%   0.052 UA:3    +
   37    57  0   0.0%   0.070 UA:3    +
   40    54  0   0.0%   0.050 AU:3    +
    8    23  0   0.0%   0.015 UG:3    +
    1    27  0   0.0%   0.119 GC:3    +
    7    24  0   0.0%   0.050 CG:3    +
   12    31  0   0.0%   0.032 GC:3    +
   13    30  0   0.0%   0.018 CG:3    +
   46    54  0   0.0%   0.162 GU:3    +
   24    31  0   0.0%   0.172 GC:3    +
   59    64  0   0.0%   0.041 UG:3    +
    3    28  0   0.0%   0.005 UA:3    +
    5    26  0   0.0%   0.003 UA:3    +
   35    59  0   0.0%   0.077 AU:3    +
   10    20  0   0.0%   0.018 CG:3    +
   58    65  0   0.0%   0.034 UA:3    +
   59    75  0   0.0%   0.549 UA:3    +
   25    30  0   0.0%   0.168 UG:3    +
   29    36  0   0.0%   0.189 UA:3    +
   64    88  0   0.0%   0.119 GC:3    +
   32    53  0   0.0%   0.197 GC:3    +
   17    69  0   0.0%   0.014 CG:3    +
   14    69  0   0.0%   0.011 CG:3    +
    8    12  0   0.0%   0.022 UG:3    +
   12    34  0   0.0%   0.032 GC:3    +
   28    37  0   0.0%   0.004 AU:3    +
    6    85  0   0.0%   0.033 CG:3    +
   41    54  0   0.0%   0.013 AU:3    +
   18    49  0   0.0%   0.193 GU:3    +
   17    46  0   0.0%   0.008 CG:3    +
    9    47  0   0.0%   0.010 AU:3    +
   10    46  0   0.0%   0.024 CG:3    +
   67    86  0   0.0%   0.794 CG:3    +
   37    84  0   0.0%   0.182 UA:3    +
   21    69  0   0.0%   0.170 CG:3    +
   61    73  0   0.0%   0.489 UA:3    +
   64    87  0   0.0%   0.682 GC:3    +
   12    16  0   0.0%   0.015 GC:3    +
    8    48  0   0.0%   0.017 UA:3    +
    4    30  0   0.0%   0.004 CG:3    +
   18    79  0   0.0%   0.196 GU:3    +
   49    65  0   0.0%   0.085 UA:3    +
   11    32  0   0.0%   0.044 CG:3    +
   16    85  0   0.0%   0.754 CG:3    +
    1    83  0   0.0%   0.122 GC:3    +
   20    70  0   0.0%   0.180 GC:3    +
   50    62  0   0.0%   0.034 GC:3    +
   51    80  0   0.0%   0.429 GC:3    +
   81    88  0   0.0%   1.268 GC:3    +
   23    67  0   0.0%   0.079 GC:3    +
   59    65  0   0.0%   0.037 UA:3    +
   69    79  0   0.0%   0.835 GU:3    +
   24    66  0   0.0%   0.042 GC:3    +
   60    64  0   0.0%   0.117 UG:3    +
   11    18  0   0.0%   0.029 CG:3    +
   25    65  0   0.0%   0.035 UA:3    +
   27    32  0   0.0%   0.218 CG:3    +
    4    86  0   0.0%   0.007 CG:3    +
   51    61  0   0.0%   0.029 GU:3    +
   40    59  0   0.0%   0.049 AU:3    +
   24    29  0   0.0%   0.202 GU:3    +
   15    76  0   0.0%   0.058 GU:3    +
   61    69  0   0.0%   0.903 UG:3    +
   50    80  0   0.0%   0.458 GC:3    +
    5    86  0   0.0%   0.006 UG:3    +
   52    57  0   0.0%   0.015 UA:3    +
    1    17  0   0.0%   0.119 GC:3    +
   41    58  0   0.0%   0.012 AU:3    +
   17    86  0   0.0%   1.184 CG:3    +
   51    79  0   0.0%   0.212 GU:3    +
    6    15  0   0.0%   0.028 CG:3    +
    7    15  0   0.0%   0.043 CG:3    +
   51    58  0   0.0%   0.030 GU:3    +
   36    59  0   0.0%   0.054 AU:3    +
   30    44  0   0.0%   0.159 GC:3    +
   33    64  0   0.0%   0.209 CG:3    +
    5    85  0   0.0%   0.006 UG:3    +
   53    69  0   0.0%   0.675 CG:3    +
   12    39  0   0.0%   0.033 GU:3    +
   30    34  0   0.0%   0.228 GC:3    +
   35    60  0   0.0%   0.077 AU:3    +
   19    69  0   0.0%   0.175 CG:3    +
   18    70  0   0.0%   0.199 GC:3    +
   49    57  0   0.0%   0.064 UA:3    +
   21    32  0   0.0%   0.319 CG:3    +
   32    67  0   0.0%   0.195 GC:3    +
   20    33  0   0.0%   0.335 GC:3    +
   19    24  0   0.0%   0.024 CG:3    +
   29    35  0   0.0%   0.188 UA:3    +
   35    54  0   0.0%   0.077 AU:3    +
   23    63  0   0.0%   0.079 GC:3    +
   24    62  0   0.0%   0.042 GC:3    +
   18    25  0   0.0%   0.020 GU:3    +
   20    68  0   0.0%   0.174 GC:3    +
   52    64  0   0.0%   0.027 UG:3    +
   48    58  0   0.0%   0.057 AU:3    +
   47    57  0   0.0%   0.060 UA:3    +
   32    39  0   0.0%   0.183 GU:3    +
   13    51  0   0.0%   0.018 CG:3    +
   14    50  0   0.0%   0.010 CG:3    +
   44    86  0   0.0%   0.757 CG:3    +
   49    81  0   0.0%   1.163 UG:3    +
   12    44  0   0.0%   0.033 GC:3    +
    2    25  0   0.0%   0.004 AU:3    +
   46    58  0   0.0%   0.163 GU:3    +
   64    83  0   0.0%   0.220 GC:3    +
   30    54  0   0.0%   0.163 GU:3    +
   39    71  0   0.0%   0.343 UA:3    +
    7    81  0   0.0%   0.047 CG:3    +
   50    59  0   0.0%   0.039 GU:3    +
    1    89  0   0.0%   0.127 GU:3    +
   20    79  0   0.0%   0.176 GU:3    +
   46    79  0   0.0%   0.820 GU:3    +
   20    78  0   0.0%   0.174 GU:3    +
   36    60  0   0.0%   0.054 AU:3    +
    4    23  0   0.0%   0.003 CG:3    +
   63    85  0   0.0%   0.791 CG:3    +
   20    83  0   0.0%   0.594 GC:3    +
   45    85  0   0.0%   1.364 UG:3    +
   26    39  0   0.0%   0.007 AU:3    +
    3    24  0   0.0%   0.004 UG:3    +
   62    86  0   0.0%   0.773 CG:3    +
   12    52  0   0.0%   0.033 GU:3    +
   18    38  0   0.0%   0.207 GC:3    +
    5    22  0   0.0%   0.002 UA:3    +
   29    55  0   0.0%   0.192 UA:3    +
   59    71  0   0.0%   0.651 UA:3    +
   35    76  0   0.0%   0.376 AU:3    +
   11    15  0   0.0%   0.030 CG:3    +
   35    61  0   0.0%   0.077 AU:3    +
   25    40  0   0.0%   0.035 UA:3    +
   30    89  0   0.0%   0.481 GU:3    +
    4    15  0   0.0%   0.003 CG:3    +
   46    88  0   0.0%   0.749 GC:3    +
   35    74  0   0.0%   0.364 AU:3    +
    8    86  0   0.0%   0.162 UG:3    +
    3    26  0   0.0%   0.004 UA:3    +
   58    72  0   0.0%   0.025 UA:3    +
   47    56  0   0.0%   0.059 UA:3    +
   23    31  0   0.0%   0.209 GC:3    +
   10    51  0   0.0%   0.024 CG:3    +
   11    50  0   0.0%   0.044 CG:3    +
   15    49  0   0.0%   0.051 GU:3    +
   37    64  0   0.0%   0.070 UG:3    +
   12    68  0   0.0%   0.033 GC:3    +
   11    69  0   0.0%   0.043 CG:3    +
   51    63  0   0.0%   0.056 GC:3    +
   23    53  0   0.0%   0.078 GC:3    +
   46    63  0   0.0%   0.159 GC:3    +
   22    54  0   0.0%   0.188 AU:3    +
   54    75  0   0.0%   0.499 UA:3    +
   42    54  0   0.0%   0.017 AU:3    +
    9    52  0   0.0%   0.010 AU:3    +
   56    74  0   0.0%   0.772 AU:3    +
   49    56  0   0.0%   0.063 UA:3    +
   55    74  0   0.0%   0.645 AU:3    +
   24    52  0   0.0%   0.041 GU:3    +
   39    56  0   0.0%   0.052 UA:3    +
   38    86  0   0.0%   0.816 CG:3    +
   39    85  0   0.0%   0.870 UG:3    +
    6    30  0   0.0%   0.031 CG:3    +
   23    68  0   0.0%   0.080 GC:3    +
    3    77  0   0.0%   0.006 UA:3    +
   23    83  0   0.0%   0.236 GC:3    +
   24    82  0   0.0%   1.073 GC:3    +
   29    43  0   0.0%   0.188 UA:3    +
    2    78  0   0.0%   0.005 AU:3    +
   24    67  0   0.0%   0.042 GC:3    +
   32    37  0   0.0%   0.185 GU:3    +
   20    38  0   0.0%   0.187 GC:3    +
   51    68  0   0.0%   0.426 GC:3    +
   78    85  0   0.0%   1.121 UG:3    +
    9    39  0   0.0%   0.010 AU:3    +
   29    57  0   0.0%   0.192 UA:3    +
    8    40  0   0.0%   0.016 UA:3    +
   34    69  0   0.0%   0.450 CG:3    +
   58    64  0   0.0%   0.038 UG:3    +
   25    81  0   0.0%   1.215 UG:3    +
   15    74  0   0.0%   0.057 GU:3    +
   12    49  0   0.0%   0.033 GU:3    +
   28    58  0   0.0%   0.005 AU:3    +
   65    74  0   0.0%   0.595 AU:3    +
   38    69  0   0.0%   0.376 CG:3    +
    7    46  0   0.0%   0.046 CG:3    +
   33    50  0   0.0%   0.194 CG:3    +
   49    55  0   0.0%   0.064 UA:3    +
    6    81  0   0.0%   0.031 CG:3    +
   45    64  0   0.0%   0.094 UG:3    +
   23    33  0   0.0%   0.215 GC:3    +
   30    39  0   0.0%   0.159 GU:3    +
    9    74  0   0.0%   0.010 AU:3    +
   60    84  0   0.0%   0.244 UA:3    +
    8    75  0   0.0%   0.017 UA:3    +
    2    49  0   0.0%   0.005 AU:3    +
   51    60  0   0.0%   0.031 GU:3    +
   25    72  0   0.0%   0.035 UA:3    +
   54    65  0   0.0%   0.033 UA:3    +
    3    48  0   0.0%   0.005 UA:3    +
   13    46  0   0.0%   0.018 CG:3    +
   15    53  0   0.0%   0.052 GC:3    +
   29    40  0   0.0%   0.188 UA:3    +
   12    79  0   0.0%   0.035 GU:3    +
   30    53  0   0.0%   0.163 GC:3    +
   60    65  0   0.0%   0.112 UA:3    +
   37    71  0   0.0%   0.362 UA:3    +
   12    47  0   0.0%   0.033 GU:3    +
    6    46  0   0.0%   0.031 CG:3    +
   48    79  0   0.0%   0.361 AU:3    +
   59    77  0   0.0%   0.320 UA:3    +
    1    16  0   0.0%   0.118 GC:3    +
   28    89  0   0.0%   0.023 AU:3    +
   79    85  0   0.0%   1.081 UG:3    +
   50    54  0   0.0%   0.037 GU:3    +
   34    51  0   0.0%   0.166 CG:3    +
    7    30  0   0.0%   0.047 CG:3    +
   50    76  0   0.0%   0.645 GU:3    +
    9    76  0   0.0%   0.010 AU:3    +
   42    52  0   0.0%   0.025 AU:3    +
    1    79  0   0.0%   0.120 GU:3    +
    8    15  0   0.0%   0.008 UG:3    +
    1    34  0   0.0%   0.119 GC:3    +
   48    52  0   0.0%   0.065 AU:3    +
    8    77  0   0.0%   0.017 UA:3    +
   47    84  0   0.0%   0.662 UA:3    +
   30    38  0   0.0%   0.173 GC:3    +
    4    46  0   0.0%   0.004 CG:3    +
    1    68  0   0.0%   0.120 GC:3    +
   66    85  0   0.0%   0.775 CG:3    +
   20    27  0   0.0%   0.016 GC:3    +
   18    68  0   0.0%   0.193 GC:3    +
   28    76  0   0.0%   0.310 AU:3    +
   24    38  0   0.0%   0.055 GC:3    +
    8    43  0   0.0%   0.016 UA:3    +
   25    43  0   0.0%   0.034 UA:3    +
    1    82  0   0.0%   0.121 GC:3    +
    5    28  0   0.0%   0.003 UA:3    +
    7    50  0   0.0%   0.047 CG:3    +
   21    86  0   0.0%   0.910 CG:3    +
   60    77  0   0.0%   0.398 UA:3    +
    1    29  0   0.0%   0.119 GU:3    +
   23    39  0   0.0%   0.078 GU:3    +
   24    44  0   0.0%   0.041 GC:3    +
    6    51  0   0.0%   0.031 CG:3    +
   76    85  0   0.0%   1.316 UG:3    +
   20    87  0   0.0%   1.088 GC:3    +
   18    78  0   0.0%   0.193 GU:3    +
   57    79  0   0.0%   0.175 AU:3    +
   48    61  0   0.0%   0.055 AU:3    +
   18    44  0   0.0%   0.193 GC:3    +
   22    37  0   0.0%   0.189 AU:3    +
   15    31  0   0.0%   0.007 GC:3    +
    2    74  0   0.0%   0.005 AU:3    +
   50    61  0   0.0%   0.036 GU:3    +
   60    69  0   0.0%   0.735 UG:3    +
   32    88  0   0.0%   0.557 GC:3    +
   12    37  0   0.0%   0.032 GU:3    +
   29    75  0   0.0%   0.769 UA:3    +
   16    30  0   0.0%   0.006 CG:3    +
    3    73  0   0.0%   0.006 UA:3    +
    5    48  0   0.0%   0.003 UA:3    +
    4    81  0   0.0%   0.004 CG:3    +
   51    59  0   0.0%   0.031 GU:3    +
   42    61  0   0.0%   0.022 AU:3    +
    1    21  0   0.0%   0.118 GC:3    +
    1    33  0   0.0%   0.119 GC:3    +
   36    54  0   0.0%   0.055 AU:3    +
   78    86  0   0.0%   1.121 UG:3    +
   46    62  0   0.0%   0.159 GC:3    +
   61    65  0   0.0%   0.280 UA:3    +
   15    45  0   0.0%   0.050 GU:3    +
   29    85  0   0.0%   1.224 UG:3    +
   18    87  0   0.0%   1.106 GC:3    +
   23    74  0   0.0%   0.079 GU:3    +
    8    42  0   0.0%   0.016 UA:3    +
   48    89  0   0.0%   0.241 AU:3    +
   19    86  0   0.0%   1.189 CG:3    +
   24    88  0   0.0%   0.400 GC:3    +
   43    60  0   0.0%   0.027 AU:3    +
   27    64  0   0.0%   0.040 CG:3    +
    2    76  0   0.0%   0.005 AU:3    +
   50    82  0   0.0%   0.852 GC:3    +
   39    57  0   0.0%   0.052 UA:3    +
   32    49  0   0.0%   0.191 GU:3    +
   36    61  0   0.0%   0.054 AU:3    +
    3    75  0   0.0%   0.006 UA:3    +
   44    64  0   0.0%   0.012 CG:3    +
   67    81  0   0.0%   0.986 CG:3    +
    1    62  0   0.0%   0.120 GC:3    +
   40    58  0   0.0%   0.048 AU:3    +
   17    30  0   0.0%   0.005 CG:3    +
   61    75  0   0.0%   0.776 UA:3    +
   66    81  0   0.0%   0.968 CG:3    +
   34    86  0   0.0%   0.897 CG:3    +
   32    83  0   0.0%   0.610 GC:3    +
   20    66  0   0.0%   0.173 GC:3    +
    2    61  0   0.0%   0.005 AU:3    +
   14    46  0   0.0%   0.009 CG:3    +
   52    77  0   0.0%   0.288 UA:3    +
   12    33  0   0.0%   0.031 GC:3    +
   52    56  0   0.0%   0.014 UA:3    +
   29    42  0   0.0%   0.188 UA:3    +
   77    89  0   0.0%   0.287 AU:3    +
   50    60  0   0.0%   0.038 GU:3    +
    1    70  0   0.0%   0.120 GC:3    +
   18    29  0   0.0%   0.010 GU:3    +
   32    66  0   0.0%   0.194 GC:3    +
   51    78  0   0.0%   0.292 GU:3    +
   54    81  0   0.0%   0.956 UG:3    +
    9    45  0   0.0%   0.010 AU:3    +
    3    30  0   0.0%   0.005 UG:3    +
   10    23  0   0.0%   0.021 CG:3    +
   31    85  0   0.0%   1.193 CG:3    +
    8    46  0   0.0%   0.016 UG:3    +
   37    50  0   0.0%   0.092 UG:3    +
    8    81  0   0.0%   0.017 UG:3    +
   12    27  0   0.0%   0.031 GC:3    +
   70    85  0   0.0%   1.606 CG:3    +
    9    79  0   0.0%   0.011 AU:3    +
    3    15  0   0.0%   0.004 UG:3    +
   23    89  0   0.0%   0.149 GU:3    +
    8    73  0   0.0%   0.017 UA:3    +
   13    32  0   0.0%   0.018 CG:3    +
    8    72  0   0.0%   0.016 UA:3    +
   26    52  0   0.0%   0.007 AU:3    +
    4    32  0   0.0%   0.003 CG:3    +
   61    77  0   0.0%   0.547 UA:3    +
   65    78  0   0.0%   0.255 AU:3    +
   23    45  0   0.0%   0.079 GU:3    +
   29    41  0   0.0%   0.188 UA:3    +
   45    51  0   0.0%   0.115 UG:3    +
   47    51  0   0.0%   0.083 UG:3    +
   64    82  0   0.0%   0.846 GC:3    +
   14    32  0   0.0%   0.009 CG:3    +
...........(((((.(((((......)))))...........(((..((((..........)))).))).........))..)))..
