3 sequence; length of alignment 40
alifold output
    6    37  0  94.5%   0.349 GC:3   
    5    38  0  94.3%   0.324 GC:3   
   17    28  0  91.7%   0.454 CG:3   
   16    29  0  90.1%   0.492 UA:3   
   18    27  0  87.3%   0.543 UA:3   
    7    36  0  85.5%   0.565 UG:3   
   12    32  0  71.6%   1.007 GC:3   
    8    35  0  71.3%   0.903 UG:3   
   13    31  0  70.9%   0.880 GU:3   
   14    30  0  69.3%   0.897 AU:3   
   11    33  0  67.1%   1.178 AU:3   
    9    34  0  47.3%   1.188 UG:3   
   13    32  0  22.3%   1.644 GC:3    +
   14    31  0  21.9%   1.643 AU:3    +
   12    33  0  20.0%   1.843 GU:3    +
    9    35  0  16.6%   1.662 UG:3    +
    8    36  0   8.4%   1.167 UG:3    +
   21    26  0   5.8%   0.725 GC:3    +
   19    25  0   4.5%   0.564 AU:3    +
   10    33  0   4.3%   0.644 GU:3    +
   10    26  0   3.5%   0.356 GC:3    +
    9    27  0   3.5%   0.356 UA:3    +
   11    25  0   3.5%   0.356 AU:3    +
    8    28  0   3.5%   0.358 UG:3    +
    7    29  0   3.4%   0.352 UA:3    +
   12    24  0   3.2%   0.337 GU:3    +
   20    27  0   3.1%   0.628 UA:3    +
    5    32  0   2.1%   0.334 GC:3    +
   15    21  0   2.1%   0.261 CG:3    +
    4    33  0   2.1%   0.284 AU:3    +
    6    30  0   2.0%   0.260 GU:3    +
   15    28  0   1.6%   0.413 CG:3    +
   22    31  0   1.6%   0.927 AU:3    +
   21    32  0   1.6%   1.185 GC:3    +
   13    37  0   1.5%   0.886 GC:3    +
   12    38  0   1.5%   0.967 GC:3    +
   23    30  0   1.5%   0.572 AU:3    +
   16    27  0   1.4%   0.329 UA:3    +
   15    36  0   1.4%   0.723 CG:3    +
   24    29  0   1.2%   0.515 UA:3    +
    6    31  0   1.1%   0.289 GU:3    +
    2    35  0   1.1%   0.153 UG:3    +
    1    37  0   1.0%   0.146 GC:3    +
   16    35  0   1.0%   0.913 UG:3    +
   17    34  0   0.9%   0.598 CG:3    +
    2    36  0   0.8%   0.172 UG:3    +
   19    33  0   0.7%   1.086 AU:3    +
   18    34  0   0.7%   0.634 UG:3    +
   17    35  0   0.7%   0.885 CG:3    +
    5    31  0   0.6%   0.145 GU:3    +
   10    32  0   0.6%   0.321 GC:3    +
   11    31  0   0.6%   0.313 AU:3    +
    3    32  0   0.5%   0.095 GC:3    +
   12    30  0   0.5%   0.290 GU:3    +
    4    31  0   0.5%   0.087 AU:3    +
   19    24  0   0.3%   0.177 AU:3    +
    2    40  0   0.3%   0.150 UA:3    +
   17    21  0   0.3%   0.142 CG:3    +
    5    30  0   0.2%   0.059 GU:3    +
   16    22  0   0.2%   0.059 UA:3    +
   26    34  0   0.1%   0.754 CG:3    +
   27    33  0   0.1%   1.286 AU:3    +
   28    32  0   0.1%   1.080 GC:3    +
   16    36  0   0.1%   0.699 UG:3    +
   25    35  0   0.1%   0.961 UG:3    +
    4    16  0   0.1%   0.025 AU:3    +
    3    17  0   0.1%   0.025 GC:3    +
    5    15  0   0.1%   0.023 GC:3    +
    2    39  0   0.1%   0.115 UG:3    +
    7    14  0   0.1%   0.020 UA:3    +
    6    15  0   0.1%   0.027 GC:3    +
    8    13  0   0.1%   0.018 UG:3    +
    1    38  0   0.1%   0.069 GC:3    +
    6    38  0   0.1%   0.273 GC:3    +
   21    25  0   0.1%   0.377 GU:3    +
   24    36  0   0.1%   0.654 UG:3    +
    5    16  0   0.1%   0.030 GU:3    +
   16    28  0   0.1%   0.287 UG:3    +
    5    33  0   0.1%   0.239 GU:3    +
    6    32  0   0.1%   0.257 GC:3    +
    2    19  0   0.0%   0.011 UA:3    +
   18    29  0   0.0%   0.347 UA:3    +
   14    24  0   0.0%   0.129 AU:3    +
    8    34  0   0.0%   0.137 UG:3    +
    1    20  0   0.0%   0.010 GU:3    +
    3    38  0   0.0%   0.058 GC:3    +
    3    33  0   0.0%   0.049 GU:3    +
   13    25  0   0.0%   0.135 GU:3    +
   12    26  0   0.0%   0.241 GC:3    +
    7    35  0   0.0%   0.179 UG:3    +
   20    29  0   0.0%   0.333 UA:3    +
   18    23  0   0.0%   0.014 UA:3    +
    3    18  0   0.0%   0.015 GU:3    +
   12    31  0   0.0%   0.283 GU:3    +
   13    30  0   0.0%   0.138 GU:3    +
    5    37  0   0.0%   0.200 GC:3    +
   12    17  0   0.0%   0.016 GC:3    +
    2    34  0   0.0%   0.011 UG:3    +
   19    30  0   0.0%   0.545 AU:3    +
   11    18  0   0.0%   0.010 AU:3    +
   32    39  0   0.0%   0.806 CG:3    +
    3    26  0   0.0%   0.015 GC:3    +
    4    25  0   0.0%   0.014 AU:3    +
   18    28  0   0.0%   0.398 UG:3    +
    2    27  0   0.0%   0.008 UA:3    +
   13    26  0   0.0%   0.135 GC:3    +
    5    17  0   0.0%   0.024 GC:3    +
   14    25  0   0.0%   0.135 AU:3    +
    9    36  0   0.0%   1.157 UG:3    +
    8    29  0   0.0%   0.242 UA:3    +
    4    18  0   0.0%   0.014 AU:3    +
    5    24  0   0.0%   0.016 GU:3    +
    8    22  0   0.0%   0.010 UA:3    +
    9    21  0   0.0%   0.004 UG:3    +
   16    21  0   0.0%   0.099 UG:3    +
    7    23  0   0.0%   0.010 UA:3    +
   13    38  0   0.0%   0.791 GC:3    +
   31    40  0   0.0%   0.799 UA:3    +
    9    39  0   0.0%   0.784 UG:3    +
   21    38  0   0.0%   0.473 GC:3    +
    9    28  0   0.0%   0.238 UG:3    +
    1    33  0   0.0%   0.006 GU:3    +
    8    40  0   0.0%   0.597 UA:3    +
    3    37  0   0.0%   0.092 GC:3    +
   34    38  0   0.0%   0.583 GC:3    +
    6    24  0   0.0%   0.009 GU:3    +
    9    29  0   0.0%   0.237 UA:3    +
    2    11  0   0.0%   0.002 UA:3    +
   13    17  0   0.0%   0.020 GC:3    +
   12    18  0   0.0%   0.009 GU:3    +
   10    17  0   0.0%   0.011 GC:3    +
   18    35  0   0.0%   0.834 UG:3    +
   16    23  0   0.0%   0.031 UA:3    +
   17    36  0   0.0%   0.635 CG:3    +
    1    32  0   0.0%   0.005 GC:3    +
   11    16  0   0.0%   0.015 AU:3    +
   10    20  0   0.0%   0.005 GU:3    +
   15    35  0   0.0%   0.754 CG:3    +
    9    40  0   0.0%   0.793 UA:3    +
   33    39  0   0.0%   0.871 UG:3    +
   10    38  0   0.0%   0.355 GC:3    +
   14    20  0   0.0%   0.012 AU:3    +
    8    21  0   0.0%   0.008 UG:3    +
    7    22  0   0.0%   0.008 UA:3    +
    8    12  0   0.0%   0.002 UG:3    +
    3     9  0   0.0%   0.001 GU:3    +
    4     9  0   0.0%   0.002 AU:3    +
    8    39  0   0.0%   0.586 UG:3    +
   11    30  0   0.0%   0.215 AU:3    +
   22    30  0   0.0%   0.396 AU:3    +
   21    31  0   0.0%   0.984 GU:3    +
   20    39  0   0.0%   0.124 UG:3    +
   16    34  0   0.0%   0.548 UG:3    +
    4     8  0   0.0%   0.001 AU:3    +
   10    31  0   0.0%   0.224 GU:3    +
    7    13  0   0.0%   0.001 UG:3    +
    7    40  0   0.0%   0.276 UA:3    +
   24    28  0   0.0%   0.405 UG:3    +
    5    25  0   0.0%   0.016 GU:3    +
   12    37  0   0.0%   0.810 GC:3    +
    1    15  0   0.0%   0.001 GC:3    +
    2    14  0   0.0%   0.001 UA:3    +
   11    24  0   0.0%   0.005 AU:3    +
   21    37  0   0.0%   0.504 GC:3    +
   13    24  0   0.0%   0.120 GU:3    +
    2    10  0   0.0%   0.001 UG:3    +
   25    29  0   0.0%   0.538 UA:3    +
   18    22  0   0.0%   0.022 UA:3    +
    1    18  0   0.0%   0.001 GU:3    +
   13    20  0   0.0%   0.011 GU:3    +
   21    30  0   0.0%   0.650 GU:3    +
   11    20  0   0.0%   0.007 AU:3    +
   33    40  0   0.0%   0.879 UA:3    +
   19    31  0   0.0%   0.877 AU:3    +
   13    18  0   0.0%   0.013 GU:3    +
    9    22  0   0.0%   0.004 UA:3    +
   20    40  0   0.0%   0.133 UA:3    +
   20    28  0   0.0%   0.382 UG:3    +
    1     8  0   0.0%   0.000 GU:3    +
    1     9  0   0.0%   0.000 GU:3    +
    3    31  0   0.0%   0.012 GU:3    +
   12    20  0   0.0%   0.007 GU:3    +
   26    35  0   0.0%   0.976 CG:3    +
    6    16  0   0.0%   0.019 GU:3    +
    8    23  0   0.0%   0.009 UA:3    +
    9    13  0   0.0%   0.007 UG:3    +
   10    15  0   0.0%   0.015 GC:3    +
    8    14  0   0.0%   0.014 UA:3    +
    7    39  0   0.0%   0.266 UG:3    +
    9    14  0   0.0%   0.008 UA:3    +
   15    34  0   0.0%   0.522 CG:3    +
   10    37  0   0.0%   0.387 GC:3    +
   15    39  0   0.0%   0.230 CG:3    +
   28    37  0   0.0%   0.446 GC:3    +
   12    25  0   0.0%   0.233 GU:3    +
   25    36  0   0.0%   0.730 UG:3    +
   23    31  0   0.0%   0.845 AU:3    +
    7    12  0   0.0%   0.000 UG:3    +
   26    39  0   0.0%   0.307 CG:3    +
    3     8  0   0.0%   0.000 GU:3    +
    7    28  0   0.0%   0.008 UG:3    +
    4    30  0   0.0%   0.011 AU:3    +
    5    26  0   0.0%   0.016 GC:3    +
    9    19  0   0.0%   0.004 UA:3    +
   25    40  0   0.0%   0.293 UA:3    +
   13    33  0   0.0%   1.406 GU:3    +
    8    27  0   0.0%   0.009 UA:3    +
    6    17  0   0.0%   0.016 GC:3    +
    5    18  0   0.0%   0.017 GU:3    +
    6    25  0   0.0%   0.009 GU:3    +
    7    11  0   0.0%   0.001 UA:3    +
    3    20  0   0.0%   0.014 GU:3    +
    2    21  0   0.0%   0.004 UG:3    +
   20    34  0   0.0%   0.552 UG:3    +
   14    33  0   0.0%   1.413 AU:3    +
   32    36  0   0.0%   1.247 CG:3    +
   24    35  0   0.0%   0.859 UG:3    +
    7    34  0   0.0%   0.125 UG:3    +
    1    17  0   0.0%   0.000 GC:3    +
   10    18  0   0.0%   0.004 GU:3    +
   14    18  0   0.0%   0.013 AU:3    +
    2     6  0   0.0%   0.000 UG:3    +
   28    38  0   0.0%   0.414 GC:3    +
   10    25  0   0.0%   0.003 GU:3    +
    3     7  0   0.0%   0.000 GU:3    +
   10    30  0   0.0%   0.213 GU:3    +
    5     9  0   0.0%   0.001 GU:3    +
    8    19  0   0.0%   0.010 UA:3    +
    1     7  0   0.0%   0.000 GU:3    +
....(((((.((((.(((........))))))))))))..
