3 sequence; length of alignment 34
alifold output
   15    26  0  79.2%   0.719 AU:3   
   16    25  0  78.9%   0.712 AU:3   
   14    27  0  78.6%   0.788 CG:3   
   17    24  0  74.0%   0.831 AU:3   
   10    32  0  49.2%   1.246 CG:3   
   18    23  0  48.7%   1.194 AU:3   
   11    31  0  45.4%   1.136 UA:3   
    9    33  0  41.1%   1.225 UA:3   
    2    27  0   3.1%   0.322 CG:3    +
    1    28  0   3.1%   0.437 GC:3    +
    3    19  0   3.0%   0.498 GC:3    +
    4    18  0   3.0%   0.358 UA:3    +
    5    17  0   2.9%   0.323 UA:3    +
   20    31  0   2.7%   0.708 UA:3    +
   19    32  0   2.6%   0.906 CG:3    +
   21    30  0   2.6%   0.349 AU:3    +
    6    16  0   2.5%   0.294 UA:3    +
    3    26  0   2.4%   0.570 GU:3    +
    3    10  0   2.0%   0.254 GC:3    +
    3    12  0   1.3%   0.318 GC:3    +
    3    34  0   1.3%   0.568 GC:3    +
    1    12  0   1.2%   0.189 GC:3    +
    4    33  0   1.2%   0.333 UA:3    +
    5    32  0   1.2%   0.275 UG:3    +
    7    32  0   1.1%   0.243 CG:3    +
    6    33  0   0.9%   0.338 UA:3    +
   13    30  0   0.9%   0.209 AU:3    +
   12    32  0   0.9%   0.730 CG:3    +
    6    31  0   0.9%   0.235 UA:3    +
   11    33  0   0.8%   0.950 UA:3    +
   17    25  0   0.8%   0.668 AU:3    +
   16    26  0   0.7%   0.738 AU:3    +
    3    14  0   0.7%   0.285 GC:3    +
    4    13  0   0.7%   0.107 UA:3    +
   18    24  0   0.7%   0.815 AU:3    +
    1    14  0   0.6%   0.171 GC:3    +
   22    32  0   0.5%   0.726 CG:3    +
   23    31  0   0.5%   0.975 UA:3    +
   22    27  0   0.5%   0.444 CG:3    +
   12    27  0   0.5%   0.317 CG:3    +
   13    26  0   0.4%   0.216 AU:3    +
   17    23  0   0.3%   0.180 AU:3    +
   16    24  0   0.3%   0.186 AU:3    +
    1     7  0   0.3%   0.053 GC:3    +
   15    25  0   0.2%   0.074 AU:3    +
   15    24  0   0.2%   0.058 AU:3    +
   16    23  0   0.2%   0.147 AU:3    +
    3    22  0   0.2%   0.327 GC:3    +
   24    32  0   0.2%   0.962 UG:3    +
   25    31  0   0.2%   0.823 UA:3    +
    4    21  0   0.2%   0.184 UA:3    +
    3     7  0   0.2%   0.048 GC:3    +
   23    33  0   0.2%   0.951 UA:3    +
    3    28  0   0.1%   0.526 GC:3    +
    6    15  0   0.1%   0.031 UA:3    +
    9    13  0   0.1%   0.067 UA:3    +
    9    31  0   0.1%   0.088 UA:3    +
    5    16  0   0.1%   0.028 UA:3    +
    4    27  0   0.1%   0.294 UG:3    +
   17    26  0   0.1%   0.758 AU:3    +
    7    27  0   0.1%   0.167 CG:3    +
    8    26  0   0.1%   0.119 AU:3    +
   25    32  0   0.1%   0.927 UG:3    +
   19    27  0   0.1%   0.471 CG:3    +
   18    25  0   0.1%   0.755 AU:3    +
   24    33  0   0.1%   0.841 UA:3    +
    4    17  0   0.1%   0.059 UA:3    +
    8    30  0   0.1%   0.033 AU:3    +
    1    10  0   0.1%   0.037 GC:3    +
   26    31  0   0.1%   0.923 UA:3    +
   10    27  0   0.1%   0.223 CG:3    +
    1    29  0   0.1%   0.238 GC:3    +
   24    31  0   0.1%   0.840 UA:3    +
   26    32  0   0.1%   1.026 UG:3    +
    4     8  0   0.1%   0.013 UA:3    +
   25    33  0   0.1%   0.802 UA:3    +
   28    32  0   0.1%   0.785 CG:3    +
    3     9  0   0.1%   0.022 GU:3    +
   23    32  0   0.0%   1.053 UG:3    +
    1    22  0   0.0%   0.124 GC:3    +
    2    32  0   0.0%   0.118 CG:3    +
   11    18  0   0.0%   0.119 UA:3    +
   26    33  0   0.0%   0.897 UA:3    +
    9    32  0   0.0%   0.141 UG:3    +
    1    20  0   0.0%   0.117 GU:3    +
    5    33  0   0.0%   0.226 UA:3    +
    6    32  0   0.0%   0.210 UG:3    +
   11    32  0   0.0%   0.830 UG:3    +
    9    15  0   0.0%   0.028 UA:3    +
   20    27  0   0.0%   0.360 UG:3    +
   21    26  0   0.0%   0.369 AU:3    +
    1    34  0   0.0%   0.233 GC:3    +
   20    33  0   0.0%   0.611 UA:3    +
    6    13  0   0.0%   0.039 UA:3    +
    9    16  0   0.0%   0.119 UA:3    +
   11    17  0   0.0%   0.115 UA:3    +
   27    34  0   0.0%   0.438 GC:3    +
    3    29  0   0.0%   0.408 GC:3    +
    9    18  0   0.0%   0.124 UA:3    +
   14    32  0   0.0%   0.762 CG:3    +
   11    16  0   0.0%   0.105 UA:3    +
    6    17  0   0.0%   0.213 UA:3    +
    1    19  0   0.0%   0.112 GC:3    +
    1     6  0   0.0%   0.002 GU:3    +
    8    20  0   0.0%   0.009 AU:3    +
   16    30  0   0.0%   0.411 AU:3    +
    5    31  0   0.0%   0.115 UA:3    +
    5    15  0   0.0%   0.003 UA:3    +
    5    18  0   0.0%   0.218 UA:3    +
    4    16  0   0.0%   0.040 UA:3    +
    3    11  0   0.0%   0.094 GU:3    +
   15    20  0   0.0%   0.017 AU:3    +
    3    25  0   0.0%   0.302 GU:3    +
   13    20  0   0.0%   0.049 AU:3    +
   18    26  0   0.0%   0.853 AU:3    +
    8    25  0   0.0%   0.008 AU:3    +
   11    15  0   0.0%   0.014 UA:3    +
    5    13  0   0.0%   0.036 UA:3    +
    4    32  0   0.0%   0.175 UG:3    +
    1    11  0   0.0%   0.026 GU:3    +
   15    23  0   0.0%   0.015 AU:3    +
    9    21  0   0.0%   0.030 UA:3    +
    8    24  0   0.0%   0.007 AU:3    +
    9    17  0   0.0%   0.126 UA:3    +
    8    23  0   0.0%   0.006 AU:3    +
    1    30  0   0.0%   0.230 GU:3    +
   23    27  0   0.0%   0.763 UG:3    +
    1     9  0   0.0%   0.019 GU:3    +
    1     5  0   0.0%   0.001 GU:3    +
    6    21  0   0.0%   0.116 UA:3    +
    5    21  0   0.0%   0.125 UA:3    +
   13    25  0   0.0%   0.047 AU:3    +
   16    20  0   0.0%   0.107 AU:3    +
    4    31  0   0.0%   0.170 UA:3    +
   13    24  0   0.0%   0.047 AU:3    +
   15    30  0   0.0%   0.279 AU:3    +
   21    25  0   0.0%   0.261 AU:3    +
    3    24  0   0.0%   0.301 GU:3    +
   17    30  0   0.0%   0.450 AU:3    +
   11    27  0   0.0%   0.136 UG:3    +
    1    24  0   0.0%   0.117 GU:3    +
    1    23  0   0.0%   0.117 GU:3    +
    6    18  0   0.0%   0.209 UA:3    +
   20    32  0   0.0%   0.705 UG:3    +
   11    21  0   0.0%   0.019 UA:3    +
   18    30  0   0.0%   0.552 AU:3    +
    3    20  0   0.0%   0.291 GU:3    +
    5    27  0   0.0%   0.229 UG:3    +
   13    23  0   0.0%   0.046 AU:3    +
    4    15  0   0.0%   0.039 UA:3    +
    9    27  0   0.0%   0.142 UG:3    +
    3    30  0   0.0%   0.402 GU:3    +
    3    23  0   0.0%   0.301 GU:3    +
    1    26  0   0.0%   0.117 GU:3    +
    6    27  0   0.0%   0.220 UG:3    +
    1    25  0   0.0%   0.117 GU:3    +
........(((..(((((....)))))...))).
