3 sequence; length of alignment 119
alifold output
   93   105  0  99.9%   0.008 GC:3   
   92   106  0  99.9%   0.008 GC:3   
   91   107  0  99.9%   0.010 CG:3   
   90   108  0  99.9%   0.013 GC:3   
   18    40  0  99.6%   0.020 CG:3   
   52    61  0  99.5%   0.018 GC:3   
   17    41  0  99.4%   0.045 GU:3   
   53    60  0  99.3%   0.021 CG:3   
   51    62  0  99.3%   0.023 UA:3   
   21    36  0  99.3%   0.023 CG:3   
   23    34  0  99.3%   0.023 GC:3   
   22    35  0  99.2%   0.024 UA:3   
   49    64  0  99.1%   0.029 UG:3   
   94   104  0  99.1%   0.064 CG:3   
   20    37  0  99.0%   0.030 GC:3   
   48    65  0  98.9%   0.036 AU:3   
   24    33  0  98.8%   0.042 UG:3   
   16    42  0  98.7%   0.067 GC:3   
   50    63  0  98.6%   0.042 UG:3   
    7    73  0  96.8%   0.186 CG:3   
    6    74  0  96.8%   0.147 AU:3   
    5    75  0  96.8%   0.141 CG:3   
    8    72  0  93.7%   0.270 AU:3   
   19    39  0  91.6%   0.251 AU:3   
   47    66  0  90.6%   0.466 UA:3   
    4    76  0  87.4%   0.358 UA:3   
   89   109  0  85.3%   0.559 UA:3   
    9    71  0  82.5%   0.525 UG:3   
   25    32  0  80.0%   0.542 UG:3   
   46    67  0  75.7%   1.135 UA:3   
   14    44  0  43.3%   1.097 AU:3   
   45    68  0  38.2%   2.117 UA:3    +
   97   101  0  32.0%   1.103 CG:3    +
    2    79  0  31.0%   1.121 GC:3    +
   43    69  0  29.9%   1.225 GC:3    +
   26    31  0  25.2%   1.093 GU:3    +
   13    45  0  23.7%   1.051 AU:3   
   44    68  0  22.7%   1.435 UA:3    +
    1    80  0  17.1%   0.969 UG:3    +
   83   115  0  16.3%   1.140 UG:3    +
   82   116  0  15.8%   1.301 AU:3    +
   45    67  0  15.0%   1.225 UA:3    +
   84   114  0  13.2%   0.994 UA:3    +
   85   115  0  12.0%   1.343 CG:3    +
   86   114  0  11.9%   1.176 UA:3    +
   81   111  0   8.9%   0.827 AU:3    +
   80   112  0   8.9%   1.139 GC:3    +
   82   110  0   8.7%   0.736 AU:3    +
   46    66  0   7.6%   0.600 UA:3    +
   97   103  0   5.7%   0.894 CG:3    +
   79   118  0   4.9%   0.943 CG:3    +
   98   102  0   4.7%   0.441 UA:3    +
   15    69  0   4.3%   0.458 GC:3    +
   14    70  0   4.1%   0.875 AU:3    +
   79   119  0   4.0%   1.023 CG:3    +
   77    85  0   3.1%   0.440 GC:3    +
   78    84  0   2.8%   0.435 AU:3    +
   83   109  0   2.7%   0.319 UA:3    +
  112   118  0   2.4%   0.866 CG:3    +
   85   118  0   2.3%   0.912 CG:3    +
   86   117  0   2.2%   0.731 UA:3    +
   76    86  0   2.0%   0.396 AU:3    +
  113   117  0   1.9%   0.479 UA:3    +
   79   115  0   1.9%   0.653 CG:3    +
   78   116  0   1.8%   0.463 AU:3    +
   84   117  0   1.6%   0.670 UA:3    +
   12    71  0   1.5%   0.440 CG:3    +
   13    70  0   1.3%   0.589 AU:3    +
   26    30  0   1.1%   0.152 GC:3    +
   83   118  0   1.0%   0.794 UG:3    +
    7    71  0   1.0%   0.137 CG:3    +
    6    72  0   0.9%   0.133 AU:3    +
    5    73  0   0.9%   0.132 CG:3    +
  111   119  0   0.9%   0.597 UG:3    +
   84   119  0   0.9%   0.757 UG:3    +
   43    70  0   0.8%   0.712 GU:3    +
    8    70  0   0.8%   0.118 AU:3    +
    2    85  0   0.8%   0.511 GC:3    +
    3    84  0   0.8%   0.155 AU:3    +
   75    87  0   0.7%   0.211 GU:3    +
   26    34  0   0.7%   0.514 GC:3    +
   27    33  0   0.7%   0.128 UG:3    +
   25    35  0   0.7%   0.300 UA:3    +
   83   117  0   0.7%   0.569 UA:3    +
   24    36  0   0.7%   0.131 UG:3    +
   23    37  0   0.7%   0.124 GC:3    +
    2   112  0   0.7%   0.541 GC:3    +
   81    88  0   0.7%   0.213 AU:3    +
    1    81  0   0.7%   0.465 UA:3    +
   82    87  0   0.7%   0.218 AU:3    +
   94   103  0   0.7%   0.104 CG:3    +
   80    85  0   0.6%   0.599 GC:3    +
   83   114  0   0.6%   0.226 UA:3    +
    3   111  0   0.6%   0.174 AU:3    +
    2    12  0   0.5%   0.087 GC:3    +
    3    11  0   0.5%   0.084 AU:3    +
  112   119  0   0.5%   0.680 CG:3    +
   88   114  0   0.5%   0.725 UA:3    +
  113   118  0   0.5%   0.603 UG:3    +
    1    78  0   0.5%   0.114 UA:3    +
   12    75  0   0.5%   0.210 CG:3    +
   11    76  0   0.5%   0.258 UA:3    +
   10    77  0   0.4%   0.130 UG:3    +
   81   116  0   0.4%   0.519 AU:3    +
   87   115  0   0.4%   0.844 UG:3    +
    9    78  0   0.4%   0.270 UA:3    +
   63    69  0   0.4%   0.586 GC:3    +
   80    89  0   0.4%   0.483 GU:3    +
   62    70  0   0.4%   0.350 AU:3    +
   61    71  0   0.4%   0.363 CG:3    +
   22    38  0   0.4%   0.095 UG:3    +
    1    13  0   0.4%   0.066 UA:3    +
   15    44  0   0.4%   0.464 GU:3    +
   88   115  0   0.4%   0.848 UG:3    +
   13    74  0   0.4%   0.542 AU:3    +
   60    72  0   0.3%   0.187 GU:3    +
   11    68  0   0.3%   0.111 UA:3    +
   52    79  0   0.3%   0.430 GC:3    +
   51    80  0   0.3%   0.390 UG:3    +
   50    81  0   0.3%   0.116 UA:3    +
   56    74  0   0.3%   0.137 AU:3    +
   55    75  0   0.3%   0.137 CG:3    +
   57    73  0   0.3%   0.152 CG:3    +
   71    79  0   0.3%   0.750 GC:3    +
   14    45  0   0.3%   0.758 AU:3    +
   72    78  0   0.3%   0.249 UA:3    +
   49    82  0   0.3%   0.078 UA:3    +
   15    42  0   0.3%   0.064 GC:3    +
   53    77  0   0.3%   0.112 CG:3    +
   54    58  0   0.2%   0.045 AU:3    +
   81    87  0   0.2%   0.178 AU:3    +
   48    83  0   0.2%   0.063 AU:3    +
   10    68  0   0.2%   0.053 UA:3    +
   80    88  0   0.2%   0.448 GU:3    +
   21    38  0   0.2%   0.054 CG:3    +
   77   112  0   0.2%   0.293 GC:3    +
   10    71  0   0.2%   0.265 UG:3    +
   16    41  0   0.2%   0.042 GU:3    +
   78   111  0   0.2%   0.278 AU:3    +
   70    80  0   0.2%   0.674 UG:3    +
   88   109  0   0.2%   0.203 UA:3    +
   78    87  0   0.2%   0.269 AU:3    +
    1    77  0   0.2%   0.057 UG:3    +
   77    88  0   0.1%   0.225 GU:3    +
    7    80  0   0.1%   0.422 CG:3    +
   82    86  0   0.1%   0.155 AU:3    +
   13    46  0   0.1%   0.396 AU:3    +
   18    38  0   0.1%   0.027 CG:3    +
   82    88  0   0.1%   0.161 AU:3    +
   76   113  0   0.1%   0.290 AU:3    +
   17    39  0   0.1%   0.027 GU:3    +
   11    67  0   0.1%   0.059 UA:3    +
   81    86  0   0.1%   0.176 AU:3    +
   80    87  0   0.1%   0.468 GU:3    +
    1    82  0   0.1%   0.421 UA:3    +
   78   113  0   0.1%   0.261 AU:3    +
   86   118  0   0.1%   0.776 UG:3    +
   55    73  0   0.1%   0.110 CG:3    +
    7   115  0   0.1%   0.121 CG:3    +
   54    74  0   0.1%   0.108 AU:3    +
   85   119  0   0.1%   0.723 CG:3    +
   53    75  0   0.1%   0.099 CG:3    +
    3    74  0   0.1%   0.051 AU:3    +
    4    78  0   0.1%   0.168 UA:3    +
    6   116  0   0.1%   0.101 AU:3    +
    5    77  0   0.1%   0.109 CG:3    +
   98   103  0   0.1%   0.369 UG:3    +
   70   117  0   0.1%   0.346 UA:3    +
   69   118  0   0.1%   0.572 CG:3    +
   56    72  0   0.1%   0.130 AU:3    +
   75   112  0   0.1%   0.198 GC:3    +
    7    75  0   0.1%   0.132 CG:3    +
    8    74  0   0.1%   0.161 AU:3    +
   76   111  0   0.1%   0.296 AU:3    +
   81    89  0   0.1%   0.168 AU:3    +
   17    42  0   0.1%   0.063 GC:3    +
   78    86  0   0.1%   0.286 AU:3    +
   15   112  0   0.1%   0.253 GC:3    +
   77    87  0   0.1%   0.244 GU:3    +
   71   116  0   0.1%   0.376 GU:3    +
   57    71  0   0.1%   0.304 CG:3    +
    5    80  0   0.1%   0.403 CG:3    +
    9    73  0   0.1%   0.257 UG:3    +
   14   113  0   0.1%   0.544 AU:3    +
   77   110  0   0.1%   0.222 GU:3    +
   13    44  0   0.1%   0.039 AU:3    +
   46    68  0   0.1%   1.172 UA:3    +
   89   114  0   0.1%   0.784 UA:3    +
   15    41  0   0.1%   0.027 GU:3    +
   84   115  0   0.1%   0.828 UG:3    +
    4    81  0   0.1%   0.178 UA:3    +
   10    15  0   0.1%   0.022 UG:3    +
   87   117  0   0.1%   0.354 UA:3    +
   71    91  0   0.1%   0.347 GC:3    +
   77    84  0   0.1%   0.133 GU:3    +
   72    90  0   0.1%   0.169 UG:3    +
   25    33  0   0.1%   0.208 UG:3    +
   70    92  0   0.1%   0.327 UG:3    +
    5   118  0   0.1%   0.106 CG:3    +
   69    93  0   0.1%   0.546 CG:3    +
   20    39  0   0.1%   0.115 GU:3    +
   78    83  0   0.1%   0.119 AU:3    +
   73    89  0   0.1%   0.128 GU:3    +
   72   115  0   0.1%   0.193 UG:3    +
   60    69  0   0.1%   0.520 GC:3    +
   59    70  0   0.1%   0.284 AU:3    +
   13    99  0   0.1%   0.471 AU:3    +
   12   100  0   0.1%   0.137 CG:3    +
   14    98  0   0.1%   0.532 AU:3    +
   15    97  0   0.1%   0.209 GC:3    +
   84   118  0   0.1%   0.717 UG:3    +
   11   101  0   0.1%   0.102 UG:3    +
   87   114  0   0.1%   0.688 UA:3    +
   43    79  0   0.1%   0.781 GC:3    +
   10   102  0   0.1%   0.078 UA:3    +
   44    78  0   0.1%   0.798 UA:3    +
   24    32  0   0.1%   0.013 UG:3    +
   86   115  0   0.1%   1.026 UG:3    +
   47    67  0   0.1%   0.609 UA:3    +
  110   117  0   0.1%   0.450 UA:3    +
   45    77  0   0.1%   1.069 UG:3    +
    3    83  0   0.1%   0.048 AU:3    +
   15    70  0   0.1%   0.428 GU:3    +
    1    76  0   0.1%   0.036 UA:3    +
   69   115  0   0.1%   0.562 CG:3    +
   80   116  0   0.1%   0.758 GU:3    +
   70   114  0   0.1%   0.334 UA:3    +
   46    76  0   0.1%   0.582 UA:3    +
   83   119  0   0.0%   0.679 UG:3    +
   68   116  0   0.0%   0.769 AU:3    +
    2    84  0   0.0%   0.405 GU:3    +
   76    84  0   0.0%   0.210 AU:3    +
   47    75  0   0.0%   0.169 UG:3    +
   75    85  0   0.0%   0.146 GC:3    +
  111   118  0   0.0%   0.602 UG:3    +
   71   113  0   0.0%   0.357 GU:3    +
    9   103  0   0.0%   0.203 UG:3    +
   27    32  0   0.0%   0.193 UG:3    +
   10    14  0   0.0%   0.012 UA:3    +
   48    74  0   0.0%   0.088 AU:3    +
   70    76  0   0.0%   0.460 UA:3    +
   69    77  0   0.0%   0.602 CG:3    +
    1   114  0   0.0%   0.415 UA:3    +
   49    73  0   0.0%   0.101 UG:3    +
  110   115  0   0.0%   0.941 UG:3    +
   82   113  0   0.0%   0.339 AU:3    +
   81   110  0   0.0%   0.144 AU:3    +
   42    80  0   0.0%   0.367 CG:3    +
   11    15  0   0.0%   0.043 UG:3    +
   88   117  0   0.0%   0.338 UA:3    +
    4   119  0   0.0%   0.146 UG:3    +
   42    71  0   0.0%   0.324 CG:3    +
   12    80  0   0.0%   0.446 CG:3    +
   76    88  0   0.0%   0.249 AU:3    +
   79    90  0   0.0%   0.417 CG:3    +
   11    81  0   0.0%   0.133 UA:3    +
   82    89  0   0.0%   0.126 AU:3    +
   77    83  0   0.0%   0.097 GU:3    +
    2     7  0   0.0%   0.007 GC:3    +
  109   116  0   0.0%   0.675 AU:3    +
    4    77  0   0.0%   0.136 UG:3    +
   87   118  0   0.0%   0.464 UG:3    +
   12    43  0   0.0%   0.036 CG:3    +
  110   119  0   0.0%   0.434 UG:3    +
    2   113  0   0.0%   0.481 GU:3    +
   80   111  0   0.0%   0.489 GU:3    +
  111   117  0   0.0%   0.488 UA:3    +
   16    69  0   0.0%   0.168 GC:3    +
   97   104  0   0.0%   0.549 CG:3    +
   11    71  0   0.0%   0.281 UG:3    +
   81   113  0   0.0%   0.380 AU:3    +
    1   117  0   0.0%   0.416 UA:3    +
   95    99  0   0.0%   0.011 AU:3    +
   12   118  0   0.0%   0.144 CG:3    +
    4    82  0   0.0%   0.147 UA:3    +
    3   110  0   0.0%   0.086 AU:3    +
   10    67  0   0.0%   0.017 UA:3    +
    7   118  0   0.0%   0.115 CG:3    +
   73    79  0   0.0%   0.519 GC:3    +
    1     8  0   0.0%   0.005 UA:3    +
    2   116  0   0.0%   0.482 GU:3    +
   51    76  0   0.0%   0.167 UA:3    +
   10    82  0   0.0%   0.078 UA:3    +
   50    77  0   0.0%   0.069 UG:3    +
   76    89  0   0.0%   0.253 AU:3    +
    2   111  0   0.0%   0.444 GU:3    +
  101   112  0   0.0%   0.651 GC:3    +
  102   111  0   0.0%   0.423 AU:3    +
  110   118  0   0.0%   0.558 UG:3    +
   77    86  0   0.0%   0.269 GU:3    +
  100   113  0   0.0%   0.047 GU:3    +
   41    81  0   0.0%   0.073 UA:3    +
   49    78  0   0.0%   0.079 UA:3    +
   57    75  0   0.0%   0.122 CG:3    +
   12   115  0   0.0%   0.143 CG:3    +
   99   103  0   0.0%   0.217 UG:3    +
   21    40  0   0.0%   0.029 CG:3    +
  108   115  0   0.0%   0.710 CG:3    +
   74    78  0   0.0%   0.180 UA:3    +
    3   116  0   0.0%   0.119 AU:3    +
  103   110  0   0.0%   0.439 GU:3    +
    9    68  0   0.0%   0.008 UA:3    +
   20    41  0   0.0%   0.043 GU:3    +
  106   118  0   0.0%   0.321 CG:3    +
   15    85  0   0.0%   0.236 GC:3    +
  105   119  0   0.0%   0.194 CG:3    +
  107   116  0   0.0%   0.425 GU:3    +
   14    86  0   0.0%   0.522 AU:3    +
   18    43  0   0.0%   0.020 CG:3    +
   76   116  0   0.0%   0.287 AU:3    +
   77   116  0   0.0%   0.251 GU:3    +
   78   110  0   0.0%   0.216 AU:3    +
   17    44  0   0.0%   0.415 GU:3    +
   97   115  0   0.0%   1.239 CG:3    +
   84   109  0   0.0%   0.252 UA:3    +
    7    52  0   0.0%   0.007 CG:3    +
   96   116  0   0.0%   0.421 AU:3    +
    4   115  0   0.0%   0.141 UG:3    +
    8    51  0   0.0%   0.007 AU:3    +
   87   109  0   0.0%   0.216 UA:3    +
   99   114  0   0.0%   0.610 UA:3    +
    3    86  0   0.0%   0.081 AU:3    +
    9   115  0   0.0%   0.209 UG:3    +
   76    83  0   0.0%   0.180 AU:3    +
    8   116  0   0.0%   0.124 AU:3    +
   52   116  0   0.0%   0.042 GU:3    +
   53   115  0   0.0%   0.047 CG:3    +
   15    72  0   0.0%   0.302 GU:3    +
   51   117  0   0.0%   0.037 UA:3    +
   77   111  0   0.0%   0.251 GU:3    +
   50    78  0   0.0%   0.082 UA:3    +
    9    15  0   0.0%   0.005 UG:3    +
   76    87  0   0.0%   0.281 AU:3    +
   80    86  0   0.0%   0.478 GU:3    +
    3    87  0   0.0%   0.082 AU:3    +
    2    87  0   0.0%   0.439 GU:3    +
   10    48  0   0.0%   0.014 UA:3    +
   72    80  0   0.0%   0.509 UG:3    +
   46    81  0   0.0%   0.474 UA:3    +
   47    80  0   0.0%   0.424 UG:3    +
   13    87  0   0.0%   0.462 AU:3    +
   88   118  0   0.0%   0.446 UG:3    +
    4   109  0   0.0%   0.139 UA:3    +
   51    77  0   0.0%   0.064 UG:3    +
    2    88  0   0.0%   0.440 GU:3    +
    3    10  0   0.0%   0.003 AU:3    +
   50   118  0   0.0%   0.050 UG:3    +
   86   119  0   0.0%   0.646 UG:3    +
   49    63  0   0.0%   0.003 UG:3    +
   69    73  0   0.0%   0.639 CG:3    +
   10   114  0   0.0%   0.075 UA:3    +
   11   119  0   0.0%   0.101 UG:3    +
   57   115  0   0.0%   0.042 CG:3    +
   58   114  0   0.0%   0.023 UA:3    +
    7   104  0   0.0%   0.098 CG:3    +
   59   113  0   0.0%   0.017 AU:3    +
    9    14  0   0.0%   0.003 UA:3    +
   98   114  0   0.0%   0.755 UA:3    +
   80   110  0   0.0%   0.443 GU:3    +
   86   109  0   0.0%   0.208 UA:3    +
   56   116  0   0.0%   0.041 AU:3    +
   16    45  0   0.0%   0.387 GU:3    +
   53    73  0   0.0%   0.095 CG:3    +
   68    74  0   0.0%   0.840 AU:3    +
  113   119  0   0.0%   0.404 UG:3    +
   77   113  0   0.0%   0.246 GU:3    +
   94   100  0   0.0%   0.007 CG:3    +
   54    72  0   0.0%   0.126 AU:3    +
   75    89  0   0.0%   0.144 GU:3    +
   16   111  0   0.0%   0.064 GU:3    +
   25    29  0   0.0%   0.003 UA:3    +
   15    45  0   0.0%   0.413 GU:3    +
   55    71  0   0.0%   0.288 CG:3    +
    2   108  0   0.0%   0.440 GC:3    +
   52    74  0   0.0%   0.079 GU:3    +
   94   101  0   0.0%   0.008 CG:3    +
   78    88  0   0.0%   0.219 AU:3    +
   12    73  0   0.0%   0.178 CG:3    +
   45    82  0   0.0%   1.031 UA:3    +
   60   112  0   0.0%   0.074 GC:3    +
    2    11  0   0.0%   0.004 GU:3    +
    1   109  0   0.0%   0.408 UA:3    +
  110   114  0   0.0%   0.829 UA:3    +
   13    72  0   0.0%   0.543 AU:3    +
   80    84  0   0.0%   0.505 GU:3    +
   14    46  0   0.0%   0.394 AU:3    +
   75    88  0   0.0%   0.139 GU:3    +
   11   117  0   0.0%   0.098 UA:3    +
   11    48  0   0.0%   0.034 UA:3    +
   56    70  0   0.0%   0.272 AU:3    +
   10   118  0   0.0%   0.080 UG:3    +
   11    66  0   0.0%   0.033 UA:3    +
   73   112  0   0.0%   0.162 GC:3    +
   12    16  0   0.0%   0.030 CG:3    +
   44    67  0   0.0%   0.403 UA:3    +
    5   107  0   0.0%   0.091 CG:3    +
   38    79  0   0.0%   0.408 GC:3    +
   41    76  0   0.0%   0.174 UA:3    +
   39    78  0   0.0%   0.152 UA:3    +
   42    75  0   0.0%   0.104 CG:3    +
    4    73  0   0.0%   0.002 UG:3    +
    3   113  0   0.0%   0.116 AU:3    +
    9    13  0   0.0%   0.023 UA:3    +
   44    71  0   0.0%   1.014 UG:3    +
   72   114  0   0.0%   0.170 UA:3    +
   59    72  0   0.0%   0.122 AU:3    +
   50    62  0   0.0%   0.002 UA:3    +
   94   118  0   0.0%   0.361 CG:3    +
   69    75  0   0.0%   0.623 CG:3    +
   47    81  0   0.0%   0.144 UA:3    +
   73   113  0   0.0%   0.135 GU:3    +
   47   117  0   0.0%   0.104 UA:3    +
   48   116  0   0.0%   0.043 AU:3    +
   73    91  0   0.0%   0.125 GC:3    +
   74    90  0   0.0%   0.104 UG:3    +
    7    15  0   0.0%   0.004 CG:3    +
   75    84  0   0.0%   0.138 GU:3    +
    7   119  0   0.0%   0.110 CG:3    +
   51    75  0   0.0%   0.079 UG:3    +
   71    94  0   0.0%   0.338 GC:3    +
   49   115  0   0.0%   0.045 UG:3    +
  111   115  0   0.0%   0.980 UG:3    +
   46    82  0   0.0%   0.442 UA:3    +
   87   119  0   0.0%   0.338 UG:3    +
    3    88  0   0.0%   0.082 AU:3    +
    9    76  0   0.0%   0.292 UA:3    +
   43    53  0   0.0%   0.006 GC:3    +
   58    71  0   0.0%   0.308 UG:3    +
   77    89  0   0.0%   0.210 GU:3    +
   49   119  0   0.0%   0.038 UG:3    +
   44    52  0   0.0%   0.394 UG:3    +
   10   117  0   0.0%   0.074 UA:3    +
   50    76  0   0.0%   0.167 UA:3    +
    1   118  0   0.0%   0.413 UG:3    +
    5   115  0   0.0%   0.093 CG:3    +
   10    75  0   0.0%   0.078 UG:3    +
    4    75  0   0.0%   0.003 UG:3    +
   15    46  0   0.0%   0.064 GU:3    +
   74    82  0   0.0%   0.128 UA:3    +
    5   119  0   0.0%   0.099 CG:3    +
   98   115  0   0.0%   0.860 UG:3    +
   70    95  0   0.0%   0.318 UA:3    +
   18    71  0   0.0%   0.297 CG:3    +
    3     9  0   0.0%   0.001 AU:3    +
   89   115  0   0.0%   0.883 UG:3    +
   52    65  0   0.0%   0.020 GU:3    +
   45    81  0   0.0%   1.061 UA:3    +
   53    64  0   0.0%   0.018 CG:3    +
   51    66  0   0.0%   0.296 UA:3    +
   46   118  0   0.0%   0.440 UG:3    +
   78    89  0   0.0%   0.212 AU:3    +
   55    77  0   0.0%   0.094 CG:3    +
   43    74  0   0.0%   0.471 GU:3    +
   43    85  0   0.0%   0.450 GC:3    +
   17    72  0   0.0%   0.132 GU:3    +
   19    70  0   0.0%   0.313 AU:3    +
   55    60  0   0.0%   0.009 CG:3    +
   44    82  0   0.0%   0.746 UA:3    +
   50    67  0   0.0%   0.526 UA:3    +
   46    80  0   0.0%   0.751 UG:3    +
   12    77  0   0.0%   0.165 CG:3    +
   73    83  0   0.0%   0.133 GU:3    +
    9   118  0   0.0%   0.206 UG:3    +
   15   113  0   0.0%   0.217 GU:3    +
   14    72  0   0.0%   0.623 AU:3    +
   45    66  0   0.0%   0.361 UA:3    +
   82   111  0   0.0%   0.567 AU:3    +
    4     8  0   0.0%   0.003 UA:3    +
   43    83  0   0.0%   0.415 GU:3    +
   64    69  0   0.0%   0.537 GC:3    +
    9    82  0   0.0%   0.203 UA:3    +
    2    10  0   0.0%   0.003 GU:3    +
   69    80  0   0.0%   0.873 CG:3    +
   16   112  0   0.0%   0.071 GC:3    +
   15    86  0   0.0%   0.199 GU:3    +
   57    64  0   0.0%   0.011 CG:3    +
    8    83  0   0.0%   0.115 AU:3    +
   10    81  0   0.0%   0.102 UA:3    +
   13    47  0   0.0%   0.379 AU:3    +
   11    78  0   0.0%   0.142 UA:3    +
   80   113  0   0.0%   0.680 GU:3    +
    5    52  0   0.0%   0.001 CG:3    +
    2    89  0   0.0%   0.439 GU:3    +
    9    48  0   0.0%   0.004 UA:3    +
    6    51  0   0.0%   0.001 AU:3    +
   14    87  0   0.0%   0.522 AU:3    +
   16    85  0   0.0%   0.069 GC:3    +
   58    63  0   0.0%   0.031 UG:3    +
   75    79  0   0.0%   0.501 GC:3    +
    4   118  0   0.0%   0.140 UG:3    +
    8    49  0   0.0%   0.003 AU:3    +
   50   114  0   0.0%   0.041 UA:3    +
    2    74  0   0.0%   0.032 GU:3    +
   77    91  0   0.0%   0.208 GC:3    +
    1    75  0   0.0%   0.024 UG:3    +
   74   114  0   0.0%   0.109 UA:3    +
   71    85  0   0.0%   0.371 GC:3    +
   55   118  0   0.0%   0.040 CG:3    +
    9   119  0   0.0%   0.202 UG:3    +
   40    55  0   0.0%   0.007 GC:3    +
    1   115  0   0.0%   0.410 UG:3    +
   39    56  0   0.0%   0.096 UA:3    +
   38    57  0   0.0%   0.044 GC:3    +
   41    54  0   0.0%   0.026 UA:3    +
   89   117  0   0.0%   0.388 UA:3    +
   72    93  0   0.0%   0.165 UG:3    +
   37    80  0   0.0%   0.367 CG:3    +
  105   118  0   0.0%   0.317 CG:3    +
   43    72  0   0.0%   0.512 GU:3    +
   11    43  0   0.0%   0.032 UG:3    +
   72    92  0   0.0%   0.165 UG:3    +
   69   119  0   0.0%   0.552 CG:3    +
    6    27  0   0.0%   0.001 AU:3    +
    7    26  0   0.0%   0.004 CG:3    +
    5    28  0   0.0%   0.001 CG:3    +
   70   118  0   0.0%   0.347 UG:3    +
   56    65  0   0.0%   0.013 AU:3    +
   49    68  0   0.0%   0.754 UA:3    +
   63    70  0   0.0%   0.336 GU:3    +
    8    84  0   0.0%   0.151 AU:3    +
    8    25  0   0.0%   0.003 AU:3    +
   13   111  0   0.0%   0.495 AU:3    +
   17   110  0   0.0%   0.027 GU:3    +
   11    80  0   0.0%   0.405 UG:3    +
   16    84  0   0.0%   0.071 GU:3    +
   13    88  0   0.0%   0.460 AU:3    +
   49    77  0   0.0%   0.062 UG:3    +
   15    21  0   0.0%   0.010 GC:3    +
   20    69  0   0.0%   0.154 GC:3    +
    1   119  0   0.0%   0.413 UG:3    +
    4   117  0   0.0%   0.141 UA:3    +
   55    63  0   0.0%   0.016 CG:3    +
    2    83  0   0.0%   0.395 GU:3    +
   59    65  0   0.0%   0.013 AU:3    +
  101   111  0   0.0%   0.640 GU:3    +
  102   110  0   0.0%   0.376 AU:3    +
   10    16  0   0.0%   0.010 UG:3    +
   58    66  0   0.0%   0.303 UA:3    +
  100   112  0   0.0%   0.281 GC:3    +
   34    40  0   0.0%   0.050 CG:3    +
   33    41  0   0.0%   0.079 GU:3    +
   44    73  0   0.0%   0.811 UG:3    +
   73    88  0   0.0%   0.116 GU:3    +
   32    42  0   0.0%   0.222 GC:3    +
   10    73  0   0.0%   0.119 UG:3    +
   14   110  0   0.0%   0.525 AU:3    +
   14    22  0   0.0%   0.005 AU:3    +
   75   116  0   0.0%   0.168 GU:3    +
    5    15  0   0.0%   0.001 CG:3    +
   90   113  0   0.0%   0.046 GU:3    +
   74   117  0   0.0%   0.111 UA:3    +
   14    47  0   0.0%   0.385 AU:3    +
   74    80  0   0.0%   0.451 UG:3    +
   71   112  0   0.0%   0.378 GC:3    +
   19    31  0   0.0%   0.001 AU:3    +
   20    30  0   0.0%   0.001 GC:3    +
   12   119  0   0.0%   0.137 CG:3    +
   38    42  0   0.0%   0.079 GC:3    +
   74    81  0   0.0%   0.160 UA:3    +
   16    70  0   0.0%   0.261 GU:3    +
   16    44  0   0.0%   0.416 GU:3    +
   18    32  0   0.0%   0.001 CG:3    +
   88   119  0   0.0%   0.320 UG:3    +
   70    81  0   0.0%   0.374 UA:3    +
   31   114  0   0.0%   0.352 UA:3    +
   30   115  0   0.0%   0.064 CG:3    +
   32   113  0   0.0%   0.196 GU:3    +
   37    43  0   0.0%   0.050 CG:3    +
   16    34  0   0.0%   0.002 GC:3    +
   33   112  0   0.0%   0.094 GC:3    +
   24    29  0   0.0%   0.001 UA:3    +
   36    44  0   0.0%   0.434 GU:3    +
   21    28  0   0.0%   0.001 CG:3    +
   47    68  0   0.0%   0.837 UA:3    +
   73   110  0   0.0%   0.122 GU:3    +
   75   113  0   0.0%   0.158 GU:3    +
  109   113  0   0.0%   0.286 AU:3    +
   47    64  0   0.0%   0.001 UG:3    +
   21    33  0   0.0%   0.001 CG:3    +
   20    34  0   0.0%   0.001 GC:3    +
   15    74  0   0.0%   0.260 GU:3    +
   13    25  0   0.0%   0.022 AU:3    +
    8   113  0   0.0%   0.113 AU:3    +
   17    69  0   0.0%   0.160 GC:3    +
   14    24  0   0.0%   0.005 AU:3    +
   12    26  0   0.0%   0.029 CG:3    +
   10    43  0   0.0%   0.011 UG:3    +
   23    30  0   0.0%   0.001 GC:3    +
    4    29  0   0.0%   0.001 UA:3    +
   35    39  0   0.0%   0.138 AU:3    +
  103   108  0   0.0%   0.210 GC:3    +
   16    22  0   0.0%   0.002 GU:3    +
   22    32  0   0.0%   0.001 UG:3    +
    5    71  0   0.0%   0.001 CG:3    +
   17    21  0   0.0%   0.001 GC:3    +
   68    72  0   0.0%   0.880 AU:3    +
   29    41  0   0.0%   0.026 AU:3    +
   30    40  0   0.0%   0.056 CG:3    +
   28    42  0   0.0%   0.036 GC:3    +
   11    16  0   0.0%   0.031 UG:3    +
   29   116  0   0.0%   0.013 AU:3    +
   12    64  0   0.0%   0.031 CG:3    +
   21    60  0   0.0%   0.022 CG:3    +
   73   116  0   0.0%   0.145 GU:3    +
   20    61  0   0.0%   0.017 GC:3    +
   22    59  0   0.0%   0.030 UA:3    +
   72   117  0   0.0%   0.177 UA:3    +
   74   109  0   0.0%   0.100 UA:3    +
   73   111  0   0.0%   0.153 GU:3    +
   43    88  0   0.0%   0.412 GU:3    +
   97   118  0   0.0%   0.851 CG:3    +
   45    71  0   0.0%   1.297 UG:3    +
   17    84  0   0.0%   0.065 GU:3    +
    9   114  0   0.0%   0.199 UA:3    +
   17   111  0   0.0%   0.058 GU:3    +
    7   107  0   0.0%   0.097 CG:3    +
   11   114  0   0.0%   0.098 UA:3    +
   26    55  0   0.0%   0.434 GC:3    +
   27    54  0   0.0%   0.040 UA:3    +
   18    36  0   0.0%   0.001 CG:3    +
   17    37  0   0.0%   0.001 GC:3    +
   18   115  0   0.0%   0.027 CG:3    +
   72    82  0   0.0%   0.184 UA:3    +
   28    53  0   0.0%   0.001 GC:3    +
    6    70  0   0.0%   0.001 AU:3    +
   53    71  0   0.0%   0.293 CG:3    +
    9    67  0   0.0%   0.003 UA:3    +
   25    56  0   0.0%   0.221 UA:3    +
   17   116  0   0.0%   0.036 GU:3    +
   45   119  0   0.0%   1.023 UG:3    +
   12    17  0   0.0%   0.029 CG:3    +
   14    41  0   0.0%   0.005 AU:3    +
   53   119  0   0.0%   0.038 CG:3    +
    2   110  0   0.0%   0.439 GU:3    +
   52    72  0   0.0%   0.116 GU:3    +
   11    17  0   0.0%   0.031 UG:3    +
    4   114  0   0.0%   0.140 UA:3    +
   42    52  0   0.0%   0.038 CG:3    +
   41    78  0   0.0%   0.083 UA:3    +
   40    79  0   0.0%   0.370 GC:3    +
   42    77  0   0.0%   0.083 CG:3    +
   76   110  0   0.0%   0.247 AU:3    +
   16    21  0   0.0%   0.001 GC:3    +
   35    45  0   0.0%   0.403 AU:3    +
   71    83  0   0.0%   0.350 GU:3    +
   23    58  0   0.0%   0.044 GU:3    +
   50    80  0   0.0%   0.343 UG:3    +
   32    37  0   0.0%   0.232 GC:3    +
   98   117  0   0.0%   0.363 UA:3    +
    7   103  0   0.0%   0.096 CG:3    +
   54    70  0   0.0%   0.285 AU:3    +
   10   115  0   0.0%   0.081 UG:3    +
   14   111  0   0.0%   0.555 AU:3    +
   49    81  0   0.0%   0.060 UA:3    +
   43    51  0   0.0%   0.006 GU:3    +
    9   117  0   0.0%   0.200 UA:3    +
   52   112  0   0.0%   0.067 GC:3    +
    7    77  0   0.0%   0.106 CG:3    +
    8    50  0   0.0%   0.003 AU:3    +
   72    77  0   0.0%   0.206 UG:3    +
   74   115  0   0.0%   0.122 UG:3    +
   31    38  0   0.0%   0.391 UG:3    +
    4    80  0   0.0%   0.431 UG:3    +
   15    22  0   0.0%   0.010 GU:3    +
   73    85  0   0.0%   0.154 GC:3    +
   12    23  0   0.0%   0.029 CG:3    +
   40    53  0   0.0%   0.006 GC:3    +
   11   118  0   0.0%   0.103 UG:3    +
   39    54  0   0.0%   0.095 UA:3    +
   38    55  0   0.0%   0.044 GC:3    +
   75   111  0   0.0%   0.170 GU:3    +
   10    66  0   0.0%   0.011 UA:3    +
   72    81  0   0.0%   0.217 UA:3    +
   18    23  0   0.0%   0.000 CG:3    +
   17    83  0   0.0%   0.029 GU:3    +
   17    24  0   0.0%   0.001 GU:3    +
   15   110  0   0.0%   0.203 GU:3    +
   67    72  0   0.0%   0.647 AU:3    +
   70    82  0   0.0%   0.341 UA:3    +
  103   112  0   0.0%   0.487 GC:3    +
    3    89  0   0.0%   0.080 AU:3    +
   73    94  0   0.0%   0.120 GC:3    +
   14    74  0   0.0%   0.582 AU:3    +
   18    64  0   0.0%   0.015 CG:3    +
   74    93  0   0.0%   0.104 UG:3    +
   40    69  0   0.0%   0.143 GC:3    +
    1    14  0   0.0%   0.023 UA:3    +
   40    83  0   0.0%   0.011 GU:3    +
   17    65  0   0.0%   0.023 GU:3    +
   31    43  0   0.0%   0.352 UG:3    +
   14   116  0   0.0%   0.541 AU:3    +
   48    84  0   0.0%   0.072 AU:3    +
    2    55  0   0.0%   0.031 GC:3    +
   73    87  0   0.0%   0.117 GU:3    +
   38    85  0   0.0%   0.084 GC:3    +
   89   118  0   0.0%   0.497 UG:3    +
   16    25  0   0.0%   0.002 GU:3    +
   92   105  0   0.0%   0.006 GC:3    +
   80    91  0   0.0%   0.436 GC:3    +
   79    92  0   0.0%   0.413 CG:3    +
   19    41  0   0.0%   0.105 AU:3    +
   43    87  0   0.0%   0.413 GU:3    +
   10    76  0   0.0%   0.161 UA:3    +
   50    64  0   0.0%   0.024 UG:3    +
    6    39  0   0.0%   0.001 AU:3    +
    7    38  0   0.0%   0.003 CG:3    +
   13   113  0   0.0%   0.466 AU:3    +
   13   116  0   0.0%   0.474 AU:3    +
  106   115  0   0.0%   0.704 CG:3    +
    5    40  0   0.0%   0.001 CG:3    +
   72    95  0   0.0%   0.160 UA:3    +
   70   119  0   0.0%   0.333 UG:3    +
  102   113  0   0.0%   0.188 AU:3    +
    4   107  0   0.0%   0.136 UG:3    +
   18    63  0   0.0%   0.015 CG:3    +
   39    82  0   0.0%   0.107 UA:3    +
    2    53  0   0.0%   0.031 GC:3    +
   13    22  0   0.0%   0.022 AU:3    +
   41    68  0   0.0%   0.059 UA:3    +
   70    77  0   0.0%   0.370 UG:3    +
   15    79  0   0.0%   0.557 GC:3    +
   41    52  0   0.0%   0.027 UG:3    +
   72   119  0   0.0%   0.171 UG:3    +
   38    83  0   0.0%   0.049 GU:3    +
   14    88  0   0.0%   0.520 AU:3    +
    6   113  0   0.0%   0.079 AU:3    +
   16    39  0   0.0%   0.002 GU:3    +
    2    86  0   0.0%   0.436 GU:3    +
   11    75  0   0.0%   0.101 UG:3    +
   57    77  0   0.0%   0.092 CG:3    +
   15    87  0   0.0%   0.199 GU:3    +
   70    78  0   0.0%   0.364 UA:3    +
   90   112  0   0.0%   0.285 GC:3    +
  104   116  0   0.0%   0.432 GU:3    +
   10   119  0   0.0%   0.075 UG:3    +
   58    68  0   0.0%   0.759 UA:3    +
  105   115  0   0.0%   0.704 CG:3    +
   15   116  0   0.0%   0.219 GU:3    +
   99   104  0   0.0%   0.021 UG:3    +
  104   111  0   0.0%   0.284 GU:3    +
   16    65  0   0.0%   0.027 GU:3    +
   66    70  0   0.0%   0.585 AU:3    +
   58    73  0   0.0%   0.126 UG:3    +
   12    28  0   0.0%   0.029 CG:3    +
    8   110  0   0.0%   0.112 AU:3    +
    3    46  0   0.0%   0.029 AU:3    +
   74   118  0   0.0%   0.118 UG:3    +
  104   108  0   0.0%   0.015 GC:3    +
    9    43  0   0.0%   0.003 UG:3    +
   42    92  0   0.0%   0.042 CG:3    +
   43    91  0   0.0%   0.410 GC:3    +
    2    47  0   0.0%   0.031 GU:3    +
   43    84  0   0.0%   0.450 GU:3    +
   40    94  0   0.0%   0.006 GC:3    +
   41    93  0   0.0%   0.028 UG:3    +
    7    16  0   0.0%   0.003 CG:3    +
   57    63  0   0.0%   0.015 CG:3    +
    5   103  0   0.0%   0.089 CG:3    +
   58    76  0   0.0%   0.170 UA:3    +
   44    90  0   0.0%   0.734 UG:3    +
   94   119  0   0.0%   0.234 CG:3    +
    2    42  0   0.0%   0.031 GC:3    +
   71    88  0   0.0%   0.333 GU:3    +
   39    80  0   0.0%   0.416 UG:3    +
   90   116  0   0.0%   0.427 GU:3    +
    3    41  0   0.0%   0.029 AU:3    +
    1    54  0   0.0%   0.023 UA:3    +
    9    16  0   0.0%   0.003 UG:3    +
    9    77  0   0.0%   0.189 UG:3    +
   18    26  0   0.0%   0.001 CG:3    +
   41    82  0   0.0%   0.040 UA:3    +
   15    39  0   0.0%   0.010 GU:3    +
    9    81  0   0.0%   0.231 UA:3    +
    2   106  0   0.0%   0.438 GC:3    +
   11   115  0   0.0%   0.104 UG:3    +
   20    42  0   0.0%   0.052 GC:3    +
   46    71  0   0.0%   0.708 UG:3    +
   15   111  0   0.0%   0.233 GU:3    +
   98   104  0   0.0%   0.168 UG:3    +
    1    56  0   0.0%   0.023 UA:3    +
   19    25  0   0.0%   0.001 AU:3    +
   43    50  0   0.0%   0.005 GU:3    +
   10    80  0   0.0%   0.380 UG:3    +
   11    29  0   0.0%   0.031 UA:3    +
   17    27  0   0.0%   0.001 GU:3    +
   51    78  0   0.0%   0.076 UA:3    +
    2    94  0   0.0%   0.438 GC:3    +
  108   118  0   0.0%   0.321 CG:3    +
    2    18  0   0.0%   0.031 GC:3    +
    6    10  0   0.0%   0.001 AU:3    +
   23    31  0   0.0%   0.001 GU:3    +
   57   118  0   0.0%   0.039 CG:3    +
   58   117  0   0.0%   0.022 UA:3    +
   91   115  0   0.0%   0.708 CG:3    +
   58    62  0   0.0%   0.022 UA:3    +
   11   102  0   0.0%   0.098 UA:3    +
   53   118  0   0.0%   0.044 CG:3    +
   64    97  0   0.0%   0.015 GC:3    +
    5    16  0   0.0%   0.000 CG:3    +
   63    98  0   0.0%   0.042 GU:3    +
   71    89  0   0.0%   0.331 GU:3    +
   62    99  0   0.0%   0.035 AU:3    +
   61   100  0   0.0%   0.032 CG:3    +
   14    27  0   0.0%   0.005 AU:3    +
   21    26  0   0.0%   0.001 CG:3    +
   18    60  0   0.0%   0.014 CG:3    +
   17    61  0   0.0%   0.023 GC:3    +
   27    43  0   0.0%   0.043 UG:3    +
    4   104  0   0.0%   0.136 UG:3    +
    7    43  0   0.0%   0.003 CG:3    +
    8    44  0   0.0%   0.003 AU:3    +
   10   103  0   0.0%   0.073 UG:3    +
   43   112  0   0.0%   0.450 GC:3    +
   59   116  0   0.0%   0.020 AU:3    +
   12    52  0   0.0%   0.033 CG:3    +
   65    96  0   0.0%   0.012 UA:3    +
   44    75  0   0.0%   0.794 UG:3    +
   73    86  0   0.0%   0.116 GU:3    +
   51    81  0   0.0%   0.093 UA:3    +
   13    27  0   0.0%   0.022 AU:3    +
   52    57  0   0.0%   0.003 GC:3    +
   52   108  0   0.0%   0.027 GC:3    +
   75   110  0   0.0%   0.140 GU:3    +
   53   107  0   0.0%   0.032 CG:3    +
   13    51  0   0.0%   0.380 AU:3    +
   43    55  0   0.0%   0.006 GC:3    +
    1    95  0   0.0%   0.406 UA:3    +
    8   111  0   0.0%   0.142 AU:3    +
   39    95  0   0.0%   0.096 UA:3    +
   85    90  0   0.0%   0.190 CG:3    +
   10    17  0   0.0%   0.010 UG:3    +
   30    43  0   0.0%   0.055 CG:3    +
   75   108  0   0.0%   0.138 GC:3    +
    1    19  0   0.0%   0.023 UA:3    +
   29    44  0   0.0%   0.392 AU:3    +
    6    44  0   0.0%   0.001 AU:3    +
   12    40  0   0.0%   0.029 CG:3    +
   20    27  0   0.0%   0.000 GU:3    +
   50    82  0   0.0%   0.065 UA:3    +
   44    54  0   0.0%   0.392 UA:3    +
    6    11  0   0.0%   0.028 AU:3    +
   75    86  0   0.0%   0.103 GU:3    +
    8    46  0   0.0%   0.003 AU:3    +
    9   109  0   0.0%   0.198 UA:3    +
    6    86  0   0.0%   0.078 AU:3    +
   16    86  0   0.0%   0.033 GU:3    +
   51   109  0   0.0%   0.032 UA:3    +
   47   114  0   0.0%   0.103 UA:3    +
   30    52  0   0.0%   0.052 CG:3    +
    1    48  0   0.0%   0.023 UA:3    +
    6   110  0   0.0%   0.079 AU:3    +
   35   111  0   0.0%   0.077 AU:3    +
   17    85  0   0.0%   0.063 GC:3    +
    9   104  0   0.0%   0.197 UG:3    +
   42    73  0   0.0%   0.120 CG:3    +
   55    64  0   0.0%   0.011 CG:3    +
   70    75  0   0.0%   0.393 UG:3    +
    6    83  0   0.0%   0.081 AU:3    +
   13   110  0   0.0%   0.464 AU:3    +
    1     6  0   0.0%   0.000 UA:3    +
   92    97  0   0.0%   0.010 GC:3    +
   16   113  0   0.0%   0.040 GU:3    +
   10    78  0   0.0%   0.118 UA:3    +
    3    72  0   0.0%   0.029 AU:3    +
    7    40  0   0.0%   0.003 CG:3    +
   17   112  0   0.0%   0.064 GC:3    +
  100   106  0   0.0%   0.006 GC:3    +
   51    63  0   0.0%   0.023 UG:3    +
   68    83  0   0.0%   0.763 AU:3    +
   97   119  0   0.0%   0.724 CG:3    +
    8    39  0   0.0%   0.003 AU:3    +
   54    65  0   0.0%   0.027 AU:3    +
  101   105  0   0.0%   0.371 GC:3    +
   12   101  0   0.0%   0.132 CG:3    +
   14    50  0   0.0%   0.384 AU:3    +
   98   118  0   0.0%   0.472 UG:3    +
   13    89  0   0.0%   0.458 AU:3    +
    4    17  0   0.0%   0.000 UG:3    +
   48   113  0   0.0%   0.040 AU:3    +
    9    38  0   0.0%   0.003 UG:3    +
   17   105  0   0.0%   0.024 GC:3    +
    6   111  0   0.0%   0.108 AU:3    +
   18   104  0   0.0%   0.016 CG:3    +
   16   106  0   0.0%   0.030 GC:3    +
   77    94  0   0.0%   0.202 GC:3    +
    2    30  0   0.0%   0.031 GC:3    +
   38    69  0   0.0%   0.181 GC:3    +
   22    62  0   0.0%   0.030 UA:3    +
    6    84  0   0.0%   0.117 AU:3    +
   23    61  0   0.0%   0.044 GC:3    +
   21    63  0   0.0%   0.022 CG:3    +
   24    60  0   0.0%   0.053 UG:3    +
    2    69  0   0.0%   0.031 GC:3    +
   41    71  0   0.0%   0.307 UG:3    +
   15    49  0   0.0%   0.054 GU:3    +
   34    73  0   0.0%   0.126 CG:3    +
   33    74  0   0.0%   0.119 GU:3    +
   12    63  0   0.0%   0.031 CG:3    +
   44    66  0   0.0%   0.392 UA:3    +
    5   104  0   0.0%   0.089 CG:3    +
   31    76  0   0.0%   0.495 UA:3    +
   30    77  0   0.0%   0.095 CG:3    +
   59    74  0   0.0%   0.100 AU:3    +
   13    39  0   0.0%   0.022 AU:3    +
    4    13  0   0.0%   0.022 UA:3    +
   17    30  0   0.0%   0.001 GC:3    +
   72    76  0   0.0%   0.293 UA:3    +
   20    24  0   0.0%   0.000 GU:3    +
   32    85  0   0.0%   0.226 GC:3    +
   46   115  0   0.0%   0.441 UG:3    +
   46    52  0   0.0%   0.012 UG:3    +
   58   103  0   0.0%   0.019 UG:3    +
   58    75  0   0.0%   0.111 UG:3    +
   57   104  0   0.0%   0.027 CG:3    +
    1   107  0   0.0%   0.406 UG:3    +
   35    72  0   0.0%   0.151 AU:3    +
    4    16  0   0.0%   0.000 UG:3    +
   10    23  0   0.0%   0.010 UG:3    +
   35   110  0   0.0%   0.046 AU:3    +
   39    68  0   0.0%   0.128 UA:3    +
   15    88  0   0.0%   0.198 GU:3    +
    9   102  0   0.0%   0.193 UA:3    +
   52    69  0   0.0%   0.506 GC:3    +
   51    59  0   0.0%   0.002 UA:3    +
    1    43  0   0.0%   0.023 UG:3    +
   10    28  0   0.0%   0.010 UG:3    +
   25    59  0   0.0%   0.221 UA:3    +
   58    67  0   0.0%   0.527 UA:3    +
   99   107  0   0.0%   0.010 UG:3    +
    4    71  0   0.0%   0.001 UG:3    +
   16    31  0   0.0%   0.001 GU:3    +
   64    70  0   0.0%   0.308 GU:3    +
   36   110  0   0.0%   0.046 GU:3    +
    6    41  0   0.0%   0.000 AU:3    +
   80   106  0   0.0%   0.430 GC:3    +
   99   117  0   0.0%   0.215 UA:3    +
   15    30  0   0.0%   0.010 GC:3    +
   34    52  0   0.0%   0.045 CG:3    +
   33    84  0   0.0%   0.095 GU:3    +
   79   107  0   0.0%   0.408 CG:3    +
   49    66  0   0.0%   0.297 UA:3    +
   15    65  0   0.0%   0.054 GU:3    +
   35    51  0   0.0%   0.045 AU:3    +
   47    76  0   0.0%   0.249 UA:3    +
   36    57  0   0.0%   0.043 GC:3    +
   52    58  0   0.0%   0.002 GU:3    +
   10    19  0   0.0%   0.010 UA:3    +
   45    52  0   0.0%   0.362 UG:3    +
   52   113  0   0.0%   0.036 GU:3    +
   11    64  0   0.0%   0.032 UG:3    +
   85   101  0   0.0%   0.186 CG:3    +
   37   107  0   0.0%   0.047 CG:3    +
   36   108  0   0.0%   0.044 GC:3    +
   84   102  0   0.0%   0.155 UA:3    +
   16    72  0   0.0%   0.136 GU:3    +
   43    49  0   0.0%   0.005 GU:3    +
   44    48  0   0.0%   0.393 UA:3    +
   35    58  0   0.0%   0.044 AU:3    +
   28    45  0   0.0%   0.360 GU:3    +
   57   103  0   0.0%   0.029 CG:3    +
    8    47  0   0.0%   0.003 AU:3    +
   46    77  0   0.0%   0.475 UG:3    +
   47    78  0   0.0%   0.158 UA:3    +
   13    41  0   0.0%   0.022 AU:3    +
   33    53  0   0.0%   0.054 GC:3    +
   11    77  0   0.0%   0.130 UG:3    +
   86   100  0   0.0%   0.111 UG:3    +
   61    73  0   0.0%   0.137 CG:3    +
    3    44  0   0.0%   0.029 AU:3    +
   85   107  0   0.0%   0.182 CG:3    +
   51   114  0   0.0%   0.035 UA:3    +
   58   102  0   0.0%   0.020 UA:3    +
   32    47  0   0.0%   0.187 GU:3    +
   55   115  0   0.0%   0.041 CG:3    +
   68    84  0   0.0%   0.786 AU:3    +
   14    31  0   0.0%   0.004 AU:3    +
   17    94  0   0.0%   0.024 GC:3    +
   38   106  0   0.0%   0.044 GC:3    +
    4    43  0   0.0%   0.001 UG:3    +
   13    65  0   0.0%   0.378 AU:3    +
   74   119  0   0.0%   0.105 UG:3    +
   83   103  0   0.0%   0.031 UG:3    +
   33    46  0   0.0%   0.064 GU:3    +
   77   108  0   0.0%   0.203 GC:3    +
   27    56  0   0.0%   0.039 UA:3    +
   62    72  0   0.0%   0.166 AU:3    +
    8    45  0   0.0%   0.002 AU:3    +
   54   116  0   0.0%   0.037 AU:3    +
   18    93  0   0.0%   0.015 CG:3    +
   31    48  0   0.0%   0.350 UA:3    +
...((((((...((.((((((((((......)))))).)))).))((((((((......))))))))...))))))............((((((.........))))))..........
