3 sequence; length of alignment 87
alifold output
   20    30  0  99.0%   0.074 CG:3   
   19    31  0  98.9%   0.077 AU:3   
   21    29  0  98.9%   0.097 AU:3   
   22    28  0  98.8%   0.112 UA:3   
   18    32  0  98.7%   0.100 GC:3   
   45    74  0  97.6%   0.170 GU:3   
   46    73  0  97.5%   0.163 AU:3   
   23    27  0  97.1%   0.157 CG:3   
   44    75  0  96.7%   0.191 CG:3   
   42    76  0  96.1%   0.206 CG:3   
   41    77  0  95.8%   0.253 GU:3   
   47    72  0  93.7%   0.246 UG:3   
   40    78  0  92.4%   0.357 AU:3   
   57    63  0  90.8%   0.469 GC:3   
   58    62  0  87.9%   0.548 GC:3   
   50    69  0  87.6%   0.396 UA:3   
   51    68  0  86.7%   0.396 AU:3   
   36    82  0  81.5%   1.138 CG:3   
   35    83  0  81.1%   1.145 UG:3   
   34    84  0  80.6%   0.852 GC:3   
   37    81  0  79.6%   1.149 AU:3   
   56    64  0  74.3%   1.024 UA:3   
   39    79  0  64.3%   1.191 AU:3   
   52    67  0  64.0%   0.873 UA:3   
   55    65  0  58.0%   1.675 UG:3   
   54    66  0  57.8%   1.696 CG:3   
   53    66  0  41.5%   1.109 UG:3    +
   54    65  0  41.2%   1.110 CG:3    +
   53    67  0  34.7%   1.766 UA:3    +
    4    14  0  30.9%   1.119 CG:3    +
    5    13  0  30.8%   1.103 AU:3    +
    6    12  0  29.1%   1.111 GU:3    +
   55    64  0  24.5%   1.048 UA:3    +
    7    11  0  21.1%   1.015 AU:3    +
   15    35  0  18.2%   1.017 AU:3    +
   14    36  0  18.2%   1.533 GC:3    +
   16    34  0  17.6%   1.201 UG:3    +
    4    82  0  15.7%   1.255 CG:3    +
    3    83  0  15.4%   0.909 CG:3    +
    5    81  0  15.3%   1.261 AU:3    +
   13    37  0  14.7%   1.266 UA:3    +
    6    80  0  13.1%   1.489 GU:3    +
    7    79  0   8.6%   1.293 AU:3    +
    6    17  0   7.4%   0.971 GC:3    +
   57    62  0   7.3%   0.588 GC:3    +
    7    16  0   7.2%   0.930 AU:3    +
    8    14  0   4.8%   0.834 CG:3    +
   48    72  0   1.9%   0.357 CG:3    +
   11    39  0   0.9%   0.517 UA:3    +
    8    76  0   0.9%   0.356 CG:3    +
    7    31  0   0.9%   0.669 AU:3    +
    6    32  0   0.9%   0.708 GC:3    +
    8    30  0   0.8%   0.267 CG:3    +
    7    77  0   0.8%   0.719 AU:3    +
   14    23  0   0.7%   0.660 GC:3    +
   15    22  0   0.7%   0.131 AU:3    +
   13    24  0   0.7%   0.473 UA:3    +
    9    75  0   0.7%   0.185 UG:3    +
   16    33  0   0.7%   0.355 UA:3    +
   51    70  0   0.6%   0.277 AU:3    +
   63    75  0   0.6%   0.269 CG:3    +
   62    76  0   0.6%   0.500 CG:3    +
   64    74  0   0.6%   0.732 AU:3    +
    6    78  0   0.6%   0.746 GU:3    +
   44    72  0   0.6%   0.117 CG:3    +
   45    71  0   0.6%   0.125 GU:3    +
   46    70  0   0.6%   0.120 AU:3    +
   65    73  0   0.6%   0.832 GU:3    +
   52    69  0   0.6%   0.531 UA:3    +
   16    21  0   0.6%   0.284 UA:3    +
    8    41  0   0.6%   0.285 CG:3    +
   10    74  0   0.5%   0.133 AU:3    +
    9    40  0   0.5%   0.134 UA:3    +
   61    77  0   0.5%   0.187 AU:3    +
   43    73  0   0.5%   0.090 AU:3    +
   40    49  0   0.5%   0.116 AU:3    +
   39    50  0   0.4%   0.152 AU:3    +
   41    48  0   0.4%   0.108 GC:3    +
   38    51  0   0.4%   0.091 UA:3    +
    2     6  0   0.4%   0.068 CG:3    +
   11    28  0   0.4%   0.411 UA:3    +
   10    38  0   0.4%   0.088 AU:3    +
   10    29  0   0.4%   0.066 AU:3    +
    9    39  0   0.4%   0.093 UA:3    +
    2    14  0   0.4%   0.083 CG:3    +
   47    69  0   0.4%   0.066 UA:3    +
   12    27  0   0.4%   0.434 UG:3    +
   59    83  0   0.3%   0.562 CG:3    +
   58    84  0   0.3%   0.368 GC:3    +
   60    82  0   0.3%   0.561 UG:3    +
    1     7  0   0.3%   0.059 UA:3    +
   57    85  0   0.3%   0.372 GC:3    +
    6    86  0   0.3%   1.018 GC:3    +
    1    15  0   0.3%   0.076 UA:3    +
   41    59  0   0.3%   0.110 GC:3    +
   42    58  0   0.3%   0.062 CG:3    +
   40    60  0   0.3%   0.115 AU:3    +
   12    39  0   0.3%   0.508 UA:3    +
    5    87  0   0.3%   0.734 AU:3    +
    2    83  0   0.3%   0.093 CG:3    +
    3    82  0   0.2%   0.058 CG:3    +
   17    27  0   0.2%   0.256 CG:3    +
   18    26  0   0.2%   0.044 GC:3    +
   67    71  0   0.2%   0.734 AU:3    +
   37    52  0   0.2%   0.334 AU:3    +
   16    28  0   0.2%   0.291 UA:3    +
   44    57  0   0.2%   0.044 CG:3    +
   45    56  0   0.2%   0.058 GU:3    +
   46    55  0   0.2%   0.053 AU:3    +
    5    79  0   0.2%   0.420 AU:3    +
   15    29  0   0.2%   0.118 AU:3    +
    9    14  0   0.2%   0.575 UG:3    +
   11    40  0   0.2%   0.474 UA:3    +
   34    85  0   0.2%   0.544 GC:3    +
   45    54  0   0.2%   0.038 GC:3    +
    8    34  0   0.2%   0.218 CG:3    +
   42    75  0   0.2%   0.098 CG:3    +
    7    35  0   0.2%   0.619 AU:3    +
   46    53  0   0.2%   0.035 AU:3    +
    9    33  0   0.2%   0.053 UA:3    +
   40    79  0   0.2%   0.707 AU:3    +
    6    36  0   0.2%   0.657 GC:3    +
    3    14  0   0.2%   0.051 CG:3    +
   41    78  0   0.2%   0.266 GU:3    +
   39    80  0   0.1%   0.697 AU:3    +
   17    34  0   0.1%   0.550 CG:3    +
   40    77  0   0.1%   0.154 AU:3    +
   44    76  0   0.1%   0.193 CG:3    +
    8    83  0   0.1%   0.601 CG:3    +
   43    77  0   0.1%   0.159 AU:3    +
    9    82  0   0.1%   0.448 UG:3    +
    6    42  0   0.1%   0.662 GC:3    +
   39    78  0   0.1%   0.165 AU:3    +
    7    12  0   0.1%   0.737 AU:3    +
   11    37  0   0.1%   0.386 UA:3    +
   10    81  0   0.1%   0.390 AU:3    +
   46    74  0   0.1%   0.166 AU:3    +
    5    11  0   0.1%   0.022 AU:3    +
    6    13  0   0.1%   0.770 GU:3    +
   33    87  0   0.1%   0.088 AU:3    +
    5    12  0   0.1%   0.028 AU:3    +
   43    74  0   0.1%   0.085 AU:3    +
    6    85  0   0.1%   0.974 GC:3    +
   61    81  0   0.1%   0.527 AU:3    +
   76    84  0   0.1%   0.347 GC:3    +
   77    83  0   0.1%   0.654 UG:3    +
   14    86  0   0.1%   0.943 GC:3    +
   75    85  0   0.1%   0.170 GC:3    +
   10    77  0   0.1%   0.128 AU:3    +
    9    15  0   0.1%   0.045 UA:3    +
   11    76  0   0.1%   0.486 UG:3    +
   13    33  0   0.1%   0.431 UA:3    +
   14    32  0   0.1%   0.643 GC:3    +
    6    79  0   0.1%   0.708 GU:3    +
    5    80  0   0.1%   0.408 AU:3    +
   34    86  0   0.1%   0.549 GC:3    +
    6    11  0   0.1%   0.042 GU:3    +
    7    78  0   0.0%   0.684 AU:3    +
   15    31  0   0.0%   0.124 AU:3    +
   39    81  0   0.0%   0.892 AU:3    +
    9    28  0   0.0%   0.027 UA:3    +
   78    82  0   0.0%   0.648 UG:3    +
   40    80  0   0.0%   0.468 AU:3    +
   12    37  0   0.0%   0.411 UA:3    +
   14    85  0   0.0%   0.921 GC:3    +
   43    56  0   0.0%   0.012 AU:3    +
   49    69  0   0.0%   0.056 UA:3    +
   38    82  0   0.0%   0.536 UG:3    +
    6    84  0   0.0%   0.961 GC:3    +
   41    79  0   0.0%   0.656 GU:3    +
   47    76  0   0.0%   0.190 UG:3    +
   48    75  0   0.0%   0.191 CG:3    +
   46    77  0   0.0%   0.199 AU:3    +
   12    72  0   0.0%   0.425 UG:3    +
    4    75  0   0.0%   0.371 CG:3    +
    3    76  0   0.0%   0.018 CG:3    +
   12    40  0   0.0%   0.458 UA:3    +
   45    78  0   0.0%   0.218 GU:3    +
   37    80  0   0.0%   0.584 AU:3    +
   42    72  0   0.0%   0.038 CG:3    +
    2    82  0   0.0%   0.049 CG:3    +
   11    15  0   0.0%   0.368 UA:3    +
   10    16  0   0.0%   0.199 AU:3    +
    5    74  0   0.0%   0.388 AU:3    +
   41    73  0   0.0%   0.084 GU:3    +
   42    57  0   0.0%   0.016 CG:3    +
    6    48  0   0.0%   0.651 GC:3    +
   51    71  0   0.0%   0.220 AU:3    +
   43    71  0   0.0%   0.011 AU:3    +
    7    13  0   0.0%   0.730 AU:3    +
    7    47  0   0.0%   0.604 AU:3    +
    9    30  0   0.0%   0.065 UG:3    +
    5    49  0   0.0%   0.384 AU:3    +
    7    80  0   0.0%   1.130 AU:3    +
    6    54  0   0.0%   0.652 GC:3    +
   58    63  0   0.0%   0.223 GC:3    +
    9    41  0   0.0%   0.113 UG:3    +
    7    53  0   0.0%   0.605 AU:3    +
   41    84  0   0.0%   0.310 GC:3    +
   42    83  0   0.0%   0.566 CG:3    +
    5    16  0   0.0%   0.381 AU:3    +
    5    55  0   0.0%   0.384 AU:3    +
   15    47  0   0.0%   0.392 AU:3    +
   16    46  0   0.0%   0.583 UA:3    +
   14    48  0   0.0%   0.909 GC:3    +
   17    45  0   0.0%   0.222 CG:3    +
   40    74  0   0.0%   0.117 AU:3    +
   49    72  0   0.0%   0.210 UG:3    +
    8    72  0   0.0%   0.231 CG:3    +
   11    41  0   0.0%   0.458 UG:3    +
   16    30  0   0.0%   0.283 UG:3    +
    1    83  0   0.0%   0.044 UG:3    +
   50    72  0   0.0%   0.321 UG:3    +
    6    73  0   0.0%   0.653 GU:3    +
    1     6  0   0.0%   0.004 UG:3    +
   16    76  0   0.0%   0.632 UG:3    +
   15    77  0   0.0%   0.434 AU:3    +
   17    75  0   0.0%   0.257 CG:3    +
   14    78  0   0.0%   0.944 GU:3    +
    6    44  0   0.0%   0.648 GC:3    +
   19    73  0   0.0%   0.016 AU:3    +
   20    72  0   0.0%   0.018 CG:3    +
   18    74  0   0.0%   0.062 GU:3    +
   10    78  0   0.0%   0.118 AU:3    +
   43    47  0   0.0%   0.007 AU:3    +
   21    71  0   0.0%   0.044 AU:3    +
    6    81  0   0.0%   1.242 GU:3    +
    7    73  0   0.0%   0.605 AU:3    +
    6    16  0   0.0%   0.397 GU:3    +
   11    72  0   0.0%   0.430 UG:3    +
   26    65  0   0.0%   0.017 CG:3    +
   25    66  0   0.0%   0.003 CG:3    +
   63    82  0   0.0%   0.630 CG:3    +
   64    81  0   0.0%   1.087 AU:3    +
    8    45  0   0.0%   0.230 CG:3    +
   62    83  0   0.0%   0.843 CG:3    +
   65    80  0   0.0%   1.003 GU:3    +
   13    39  0   0.0%   0.773 UA:3    +
   46    68  0   0.0%   0.028 AU:3    +
   66    79  0   0.0%   1.211 GU:3    +
   14    26  0   0.0%   0.590 GC:3    +
   67    78  0   0.0%   0.802 AU:3    +
   13    27  0   0.0%   0.428 UG:3    +
   34    42  0   0.0%   0.336 GC:3    +
   32    57  0   0.0%   0.061 CG:3    +
   31    58  0   0.0%   0.057 UG:3    +
   30    59  0   0.0%   0.055 GC:3    +
   11    51  0   0.0%   0.428 UA:3    +
   47    67  0   0.0%   0.007 UA:3    +
   45    73  0   0.0%   0.092 GU:3    +
   12    28  0   0.0%   0.421 UA:3    +
    1    10  0   0.0%   0.023 UA:3    +
   33    56  0   0.0%   0.052 AU:3    +
   48    66  0   0.0%   0.030 CG:3    +
   12    75  0   0.0%   0.456 UG:3    +
   35    41  0   0.0%   0.355 UG:3    +
   63    72  0   0.0%   0.269 CG:3    +
   64    71  0   0.0%   0.604 AU:3    +
   46    71  0   0.0%   0.094 AU:3    +
   12    33  0   0.0%   0.407 UA:3    +
   10    52  0   0.0%   0.047 AU:3    +
   76    85  0   0.0%   0.185 GC:3    +
    1     5  0   0.0%   0.002 UA:3    +
   22    27  0   0.0%   0.072 UG:3    +
   75    86  0   0.0%   0.151 GC:3    +
   49    65  0   0.0%   0.029 UG:3    +
   65    70  0   0.0%   0.749 GU:3    +
    5     9  0   0.0%   0.002 AU:3    +
    2    45  0   0.0%   0.044 CG:3    +
   10    73  0   0.0%   0.049 AU:3    +
   34    55  0   0.0%   0.330 GU:3    +
    9    76  0   0.0%   0.161 UG:3    +
    8    82  0   0.0%   0.579 CG:3    +
    4    45  0   0.0%   0.366 CG:3    +
   44    82  0   0.0%   0.574 CG:3    +
   34    59  0   0.0%   0.330 GC:3    +
    6    74  0   0.0%   0.654 GU:3    +
   35    58  0   0.0%   0.324 UG:3    +
   36    57  0   0.0%   0.323 CG:3    +
    3    45  0   0.0%   0.012 CG:3    +
   33    60  0   0.0%   0.052 AU:3    +
    1    46  0   0.0%   0.041 UA:3    +
   49    67  0   0.0%   0.029 UA:3    +
    2    18  0   0.0%   0.044 CG:3    +
   45    81  0   0.0%   0.568 GU:3    +
   34    44  0   0.0%   0.329 GC:3    +
   36    45  0   0.0%   0.325 CG:3    +
   59    76  0   0.0%   0.119 CG:3    +
   60    75  0   0.0%   0.101 UG:3    +
    9    51  0   0.0%   0.082 UA:3    +
   35    43  0   0.0%   0.323 UA:3    +
   37    56  0   0.0%   0.308 AU:3    +
   35    46  0   0.0%   0.325 UA:3    +
   66    71  0   0.0%   0.722 GU:3    +
   57    86  0   0.0%   0.343 GC:3    +
   10    50  0   0.0%   0.046 AU:3    +
   58    77  0   0.0%   0.239 GU:3    +
   61    74  0   0.0%   0.072 AU:3    +
   52    72  0   0.0%   0.510 UG:3    +
    9    43  0   0.0%   0.082 UA:3    +
   56    61  0   0.0%   0.019 UA:3    +
   14    25  0   0.0%   0.589 GC:3    +
   48    76  0   0.0%   0.207 CG:3    +
   51    73  0   0.0%   0.239 AU:3    +
    7    38  0   0.0%   0.600 AU:3    +
   36    41  0   0.0%   0.354 CG:3    +
   30    86  0   0.0%   0.079 GC:3    +
   49    75  0   0.0%   0.115 UG:3    +
    4    18  0   0.0%   0.364 CG:3    +
   46    80  0   0.0%   0.379 AU:3    +
   46    52  0   0.0%   0.018 AU:3    +
   43    81  0   0.0%   0.529 AU:3    +
   34    47  0   0.0%   0.331 GU:3    +
   42    82  0   0.0%   0.565 CG:3    +
   11    33  0   0.0%   0.375 UA:3    +
   11    27  0   0.0%   0.342 UG:3    +
   47    51  0   0.0%   0.029 UA:3    +
   18    44  0   0.0%   0.030 GC:3    +
   67    77  0   0.0%   0.801 AU:3    +
   24    68  0   0.0%   0.035 AU:3    +
   68    76  0   0.0%   0.258 UG:3    +
   36    83  0   0.0%   0.972 CG:3    +
   66    78  0   0.0%   0.816 GU:3    +
   45    53  0   0.0%   0.006 GU:3    +
   15    87  0   0.0%   0.406 AU:3    +
    1    33  0   0.0%   0.041 UA:3    +
   34    54  0   0.0%   0.329 GC:3    +
   69    74  0   0.0%   0.273 AU:3    +
    4    83  0   0.0%   0.962 CG:3    +
   65    79  0   0.0%   1.239 GU:3    +
   58    85  0   0.0%   0.192 GC:3    +
   50    64  0   0.0%   0.025 UA:3    +
   82    86  0   0.0%   0.539 GC:3    +
   13    72  0   0.0%   0.698 UG:3    +
   70    75  0   0.0%   0.181 UG:3    +
   40    55  0   0.0%   0.068 AU:3    +
   41    54  0   0.0%   0.059 GC:3    +
   12    41  0   0.0%   0.448 UG:3    +
   11    69  0   0.0%   0.427 UA:3    +
    6    87  0   0.0%   0.997 GU:3    +
   38    83  0   0.0%   0.532 UG:3    +
   18    23  0   0.0%   0.038 GC:3    +
   10    70  0   0.0%   0.046 AU:3    +
   68    72  0   0.0%   0.304 UG:3    +
   12    76  0   0.0%   0.468 UG:3    +
    1    14  0   0.0%   0.022 UG:3    +
   39    56  0   0.0%   0.105 AU:3    +
   61    78  0   0.0%   0.159 AU:3    +
   30    62  0   0.0%   0.054 GC:3    +
   31    61  0   0.0%   0.056 UA:3    +
   33    55  0   0.0%   0.051 AU:3    +
   64    80  0   0.0%   0.885 AU:3    +
   67    73  0   0.0%   0.756 AU:3    +
   68    75  0   0.0%   0.241 UG:3    +
   10    79  0   0.0%   0.308 AU:3    +
   39    60  0   0.0%   0.104 AU:3    +
    4    57  0   0.0%   0.364 CG:3    +
   50    67  0   0.0%   0.027 UA:3    +
   64    73  0   0.0%   0.623 AU:3    +
   38    43  0   0.0%   0.023 UA:3    +
   57    78  0   0.0%   0.425 GU:3    +
   14    87  0   0.0%   0.931 GU:3    +
   70    76  0   0.0%   0.198 UG:3    +
    1    19  0   0.0%   0.040 UA:3    +
    7    87  0   0.0%   0.874 AU:3    +
    3    58  0   0.0%   0.011 CG:3    +
   69    77  0   0.0%   0.303 AU:3    +
   10    80  0   0.0%   0.353 AU:3    +
   38    61  0   0.0%   0.045 UA:3    +
   15    70  0   0.0%   0.388 AU:3    +
   14    71  0   0.0%   0.905 GU:3    +
    5    56  0   0.0%   0.382 AU:3    +
   43    55  0   0.0%   0.005 AU:3    +
   37    79  0   0.0%   0.534 AU:3    +
   10    87  0   0.0%   0.104 AU:3    +
   40    47  0   0.0%   0.044 AU:3    +
   20    27  0   0.0%   0.036 CG:3    +
   41    74  0   0.0%   0.109 GU:3    +
   14    20  0   0.0%   0.552 GC:3    +
   33    81  0   0.0%   0.346 AU:3    +
    3    18  0   0.0%   0.011 CG:3    +
   32    82  0   0.0%   0.375 CG:3    +
   31    83  0   0.0%   0.370 UG:3    +
   13    21  0   0.0%   0.372 UA:3    +
   30    84  0   0.0%   0.057 GC:3    +
   40    81  0   0.0%   0.659 AU:3    +
   16    69  0   0.0%   0.580 UA:3    +
    2    76  0   0.0%   0.044 CG:3    +
   34    80  0   0.0%   0.600 GU:3    +
   43    78  0   0.0%   0.176 AU:3    +
    8    75  0   0.0%   0.231 CG:3    +
   18    25  0   0.0%   0.002 GC:3    +
    5    38  0   0.0%   0.379 AU:3    +
    3    75  0   0.0%   0.011 CG:3    +
   11    75  0   0.0%   0.464 UG:3    +
   14    29  0   0.0%   0.610 GU:3    +
   27    36  0   0.0%   0.385 GC:3    +
   28    35  0   0.0%   0.373 AU:3    +
   11    30  0   0.0%   0.405 UG:3    +
   16    24  0   0.0%   0.258 UA:3    +
   10    31  0   0.0%   0.064 AU:3    +
   12    34  0   0.0%   0.406 UG:3    +
   13    69  0   0.0%   0.694 UA:3    +
   29    34  0   0.0%   0.370 UG:3    +
    4    34  0   0.0%   0.363 CG:3    +
   66    73  0   0.0%   0.772 GU:3    +
   71    75  0   0.0%   0.168 UG:3    +
   13    40  0   0.0%   0.734 UA:3    +
   22    69  0   0.0%   0.049 UA:3    +
   46    78  0   0.0%   0.222 AU:3    +
    3    57  0   0.0%   0.011 CG:3    +
   18    31  0   0.0%   0.060 GU:3    +
   17    30  0   0.0%   0.250 CG:3    +
   41    80  0   0.0%   0.416 GU:3    +
   45    79  0   0.0%   0.610 GU:3    +
   12    45  0   0.0%   0.418 UG:3    +
   14    38  0   0.0%   0.925 GU:3    +
    6    38  0   0.0%   0.637 GU:3    +
   11    46  0   0.0%   0.426 UA:3    +
   15    68  0   0.0%   0.388 AU:3    +
   16    67  0   0.0%   0.580 UA:3    +
    4    72  0   0.0%   0.364 CG:3    +
   43    52  0   0.0%   0.016 AU:3    +
   17    66  0   0.0%   0.217 CG:3    +
   34    48  0   0.0%   0.330 GC:3    +
    7    55  0   0.0%   0.603 AU:3    +
   10    68  0   0.0%   0.046 AU:3    +
    5    71  0   0.0%   0.382 AU:3    +
   50    66  0   0.0%   0.027 UG:3    +
   48    57  0   0.0%   0.044 CG:3    +
    2    58  0   0.0%   0.044 CG:3    +
   18    86  0   0.0%   0.054 GC:3    +
    9    37  0   0.0%   0.032 UA:3    +
   45    70  0   0.0%   0.028 GU:3    +
   33    49  0   0.0%   0.051 AU:3    +
   66    74  0   0.0%   0.787 GU:3    +
    9    69  0   0.0%   0.082 UA:3    +
    6    56  0   0.0%   0.650 GU:3    +
   77    82  0   0.0%   0.639 UG:3    +
    9    45  0   0.0%   0.084 UG:3    +
   39    77  0   0.0%   0.148 AU:3    +
   37    78  0   0.0%   0.344 AU:3    +
   27    63  0   0.0%   0.065 GC:3    +
   18    29  0   0.0%   0.049 GU:3    +
    6    55  0   0.0%   0.651 GU:3    +
   38    76  0   0.0%   0.095 UG:3    +
   23    66  0   0.0%   0.065 CG:3    +
   22    67  0   0.0%   0.049 UA:3    +
   10    47  0   0.0%   0.047 AU:3    +
   39    71  0   0.0%   0.105 AU:3    +
   40    70  0   0.0%   0.082 AU:3    +
   11    34  0   0.0%   0.375 UG:3    +
   43    80  0   0.0%   0.334 AU:3    +
   72    86  0   0.0%   0.208 GC:3    +
   10    71  0   0.0%   0.046 AU:3    +
    7    81  0   0.0%   1.145 AU:3    +
   38    72  0   0.0%   0.050 UG:3    +
   53    69  0   0.0%   0.914 UA:3    +
   33    38  0   0.0%   0.071 AU:3    +
   66    70  0   0.0%   0.749 GU:3    +
   30    85  0   0.0%   0.063 GC:3    +
   29    61  0   0.0%   0.045 UA:3    +
    2    66  0   0.0%   0.044 CG:3    +
   45    50  0   0.0%   0.029 GU:3    +
   41    86  0   0.0%   0.159 GC:3    +
   13    30  0   0.0%   0.448 UG:3    +
   21    70  0   0.0%   0.042 AU:3    +
    3    65  0   0.0%   0.011 CG:3    +
   11    67  0   0.0%   0.427 UA:3    +
   61    80  0   0.0%   0.315 AU:3    +
   65    71  0   0.0%   0.721 GU:3    +
    9    27  0   0.0%   0.017 UG:3    +
   51    56  0   0.0%   0.041 AU:3    +
   10    35  0   0.0%   0.034 AU:3    +
   12    24  0   0.0%   0.374 UA:3    +
   39    74  0   0.0%   0.135 AU:3    +
   12    43  0   0.0%   0.416 UA:3    +
   40    50  0   0.0%   0.090 AU:3    +
   78    83  0   0.0%   0.646 UG:3    +
   18    85  0   0.0%   0.039 GC:3    +
   37    77  0   0.0%   0.351 AU:3    +
   46    56  0   0.0%   0.043 AU:3    +
   41    49  0   0.0%   0.083 GU:3    +
   40    87  0   0.0%   0.202 AU:3    +
   43    50  0   0.0%   0.027 AU:3    +
    1    67  0   0.0%   0.041 UA:3    +
   14    31  0   0.0%   0.630 GU:3    +
   30    63  0   0.0%   0.054 GC:3    +
    6    77  0   0.0%   0.651 GU:3    +
    4    30  0   0.0%   0.363 CG:3    +
   82    87  0   0.0%   0.533 GU:3    +
    5    78  0   0.0%   0.384 AU:3    +
    7    71  0   0.0%   0.602 AU:3    +
    5    29  0   0.0%   0.379 AU:3    +
   67    74  0   0.0%   0.771 AU:3    +
   72    84  0   0.0%   0.376 GC:3    +
   73    83  0   0.0%   0.593 UG:3    +
   29    64  0   0.0%   0.045 UA:3    +
   55    61  0   0.0%   0.015 UA:3    +
    8    18  0   0.0%   0.148 CG:3    +
    9    83  0   0.0%   0.438 UG:3    +
   37    73  0   0.0%   0.310 AU:3    +
   74    82  0   0.0%   0.609 UG:3    +
   40    53  0   0.0%   0.067 AU:3    +
    3    34  0   0.0%   0.010 CG:3    +
    6    70  0   0.0%   0.650 GU:3    +
   65    74  0   0.0%   0.816 GU:3    +
   14    84  0   0.0%   0.908 GC:3    +
   47    58  0   0.0%   0.023 UG:3    +
   40    52  0   0.0%   0.080 AU:3    +
    4    76  0   0.0%   0.369 CG:3    +
   17    83  0   0.0%   0.531 CG:3    +
   34    87  0   0.0%   0.540 GU:3    +
   76    81  0   0.0%   0.621 GU:3    +
   45    55  0   0.0%   0.017 GU:3    +
   38    75  0   0.0%   0.083 UG:3    +
   41    50  0   0.0%   0.082 GU:3    +
   41    52  0   0.0%   0.072 GU:3    +
   27    62  0   0.0%   0.064 GC:3    +
   38    46  0   0.0%   0.024 UA:3    +
   13    75  0   0.0%   0.730 UG:3    +
   71    76  0   0.0%   0.185 UG:3    +
   46    79  0   0.0%   0.616 AU:3    +
   75    81  0   0.0%   0.603 GU:3    +
   52    66  0   0.0%   0.017 UG:3    +
   45    80  0   0.0%   0.372 GU:3    +
   75    84  0   0.0%   0.313 GC:3    +
   12    82  0   0.0%   0.735 UG:3    +
   53    65  0   0.0%   0.014 UG:3    +
    9    72  0   0.0%   0.083 UG:3    +
   43    79  0   0.0%   0.572 AU:3    +
   11    83  0   0.0%   0.746 UG:3    +
   11    43  0   0.0%   0.426 UA:3    +
   37    53  0   0.0%   0.307 AU:3    +
   61    73  0   0.0%   0.057 AU:3    +
   69    78  0   0.0%   0.302 AU:3    +
   40    73  0   0.0%   0.085 AU:3    +
   38    57  0   0.0%   0.046 UG:3    +
   56    65  0   0.0%   0.921 UG:3    +
   14    35  0   0.0%   0.604 GU:3    +
    2    34  0   0.0%   0.043 CG:3    +
   15    73  0   0.0%   0.390 AU:3    +
   46    50  0   0.0%   0.027 AU:3    +
   83    87  0   0.0%   0.534 GU:3    +
   76    80  0   0.0%   0.421 GU:3    +
    1    82  0   0.0%   0.041 UG:3    +
   39    53  0   0.0%   0.105 AU:3    +
   61    79  0   0.0%   0.552 AU:3    +
   62    72  0   0.0%   0.482 CG:3    +
   45    86  0   0.0%   0.114 GC:3    +
   69    73  0   0.0%   0.257 AU:3    +
   21    68  0   0.0%   0.041 AU:3    +
   12    69  0   0.0%   0.416 UA:3    +
   41    47  0   0.0%   0.036 GU:3    +
    9    46  0   0.0%   0.082 UA:3    +
    4    65  0   0.0%   0.364 CG:3    +
   14    74  0   0.0%   0.935 GU:3    +
    3    66  0   0.0%   0.011 CG:3    +
    5    47  0   0.0%   0.379 AU:3    +
   43    49  0   0.0%   0.028 AU:3    +
   12    66  0   0.0%   0.416 UG:3    +
   15    38  0   0.0%   0.408 AU:3    +
   38    45  0   0.0%   0.026 UG:3    +
   16    72  0   0.0%   0.584 UG:3    +
   12    83  0   0.0%   0.733 UG:3    +
   41    85  0   0.0%   0.151 GC:3    +
   27    32  0   0.0%   0.123 GC:3    +
   45    59  0   0.0%   0.046 GC:3    +
   43    53  0   0.0%   0.003 AU:3    +
   12    30  0   0.0%   0.436 UG:3    +
   41    55  0   0.0%   0.060 GU:3    +
   37    47  0   0.0%   0.296 AU:3    +
   16    37  0   0.0%   0.870 UA:3    +
   23    30  0   0.0%   0.118 CG:3    +
   40    56  0   0.0%   0.067 AU:3    +
   50    57  0   0.0%   0.041 UG:3    +
   14    70  0   0.0%   0.905 GU:3    +
   25    30  0   0.0%   0.054 CG:3    +
   45    52  0   0.0%   0.019 GU:3    +
   17    82  0   0.0%   0.534 CG:3    +
   30    68  0   0.0%   0.054 GU:3    +
   31    67  0   0.0%   0.056 UA:3    +
   29    69  0   0.0%   0.045 UA:3    +
   32    66  0   0.0%   0.060 CG:3    +
   28    70  0   0.0%   0.052 AU:3    +
   24    29  0   0.0%   0.078 AU:3    +
.................((((((...)))))).((((.((((.((((..(((.(((((...))))))))..)))))))).))))...
