3 sequence; length of alignment 34
alifold output
    6    21  0  52.7%   1.040 CG:3   
    5    22  0  52.7%   1.044 GC:3   
    7    20  0  52.7%   1.024 CG:3   
    8    19  0  51.2%   1.045 GC:3   
    4    23  0  50.0%   1.075 CG:3   
   15    22  0  44.3%   1.783 GC:3    +
   16    21  0  44.3%   2.115 CG:3    +
   14    23  0  44.1%   1.574 CG:3    +
    9    29  0  43.6%   1.523 GC:3    +
   10    28  0  43.6%   1.866 CG:3    +
    8    30  0  42.9%   1.592 GU:3    +
   11    16  0  38.6%   1.343 GC:3   
   10    17  0  37.9%   1.344 CG:3   
    5    32  0  33.3%   1.553 GC:3    +
    7    31  0  26.4%   1.747 CG:3    +
   11    26  0  18.1%   1.481 GC:3    +
   11    27  0  17.9%   1.722 GU:3    +
    6    31  0  17.3%   1.375 CG:3    +
   10    15  0   8.6%   0.664 CG:3    +
    9    16  0   8.5%   0.666 GC:3    +
    5    29  0   2.1%   0.615 GC:3    +
    6    28  0   2.1%   0.628 CG:3    +
   10    23  0   1.9%   1.182 CG:3    +
   11    22  0   1.9%   0.956 GC:3    +
    8    26  0   1.6%   0.590 GC:3    +
    9    25  0   1.5%   0.473 GC:3    +
   12    21  0   1.5%   0.542 UG:3    +
   14    20  0   0.8%   0.516 CG:3    +
   13    20  0   0.8%   0.481 UG:3    +
   15    19  0   0.7%   0.710 GC:3    +
    8    29  0   0.6%   0.641 GC:3    +
   21    29  0   0.6%   1.349 GC:3    +
   22    28  0   0.6%   1.363 CG:3    +
   20    30  0   0.6%   0.882 GU:3    +
   26    31  0   0.6%   1.202 CG:3    +
   19    31  0   0.5%   1.165 CG:3    +
    5    16  0   0.5%   0.085 GC:3    +
    5    33  0   0.5%   0.905 GU:3    +
    9    24  0   0.5%   0.307 GU:3    +
    8    25  0   0.5%   0.450 GC:3    +
    4    17  0   0.5%   0.081 CG:3    +
    6    15  0   0.4%   0.073 CG:3    +
   13    21  0   0.4%   0.523 UG:3    +
   11    25  0   0.4%   0.610 GC:3    +
    1    28  0   0.3%   0.051 CG:3    +
   23    32  0   0.2%   1.252 GC:3    +
   23    27  0   0.2%   1.176 GU:3    +
   24    31  0   0.2%   0.799 UG:3    +
   16    23  0   0.2%   1.807 CG:3    +
    3    31  0   0.2%   0.053 CG:3    +
   17    22  0   0.2%   1.229 GC:3    +
   15    24  0   0.2%   0.703 GU:3    +
    8    14  0   0.2%   0.036 GC:3    +
    8    27  0   0.2%   0.494 GU:3    +
    9    26  0   0.2%   0.415 GC:3    +
   12    18  0   0.2%   0.036 UA:3    +
   11    19  0   0.2%   0.753 GC:3    +
   10    20  0   0.2%   0.951 CG:3    +
    8    22  0   0.2%   0.727 GC:3    +
    7    23  0   0.2%   0.730 CG:3    +
    7    28  0   0.2%   0.491 CG:3    +
   13    17  0   0.1%   0.433 UG:3    +
    5    34  0   0.1%   0.874 GC:3    +
   23    29  0   0.1%   1.353 GC:3    +
    7    15  0   0.1%   0.044 CG:3    +
   24    28  0   0.1%   0.570 UG:3    +
    9    19  0   0.1%   0.581 GC:3    +
    4    31  0   0.1%   0.410 CG:3    +
    9    13  0   0.1%   0.018 GU:3    +
    3    28  0   0.1%   0.040 CG:3    +
    3    23  0   0.1%   0.019 CG:3    +
   28    32  0   0.1%   0.914 GC:3    +
   25    31  0   0.0%   0.850 CG:3    +
   10    31  0   0.0%   1.713 CG:3    +
    9    32  0   0.0%   1.064 GC:3    +
   18    33  0   0.0%   0.053 AU:3    +
    8    33  0   0.0%   0.899 GU:3    +
   22    31  0   0.0%   1.543 CG:3    +
   21    32  0   0.0%   1.195 GC:3    +
   17    34  0   0.0%   0.439 GC:3    +
    5    19  0   0.0%   0.035 GC:3    +
   20    33  0   0.0%   0.497 GU:3    +
    4    20  0   0.0%   0.034 CG:3    +
    5    25  0   0.0%   0.375 GC:3    +
    1    31  0   0.0%   0.024 CG:3    +
    3    21  0   0.0%   0.007 CG:3    +
    7    17  0   0.0%   0.040 CG:3    +
    5    30  0   0.0%   0.459 GU:3    +
   17    32  0   0.0%   0.797 GC:3    +
    8    16  0   0.0%   0.046 GC:3    +
   18    24  0   0.0%   0.059 AU:3    +
   17    25  0   0.0%   0.538 GC:3    +
   23    30  0   0.0%   1.236 GU:3    +
   19    23  0   0.0%   1.216 CG:3    +
   11    30  0   0.0%   1.464 GU:3    +
   11    29  0   0.0%   1.571 GC:3    +
    1    23  0   0.0%   0.005 CG:3    +
    2    18  0   0.0%   0.004 UA:3    +
   12    28  0   0.0%   0.555 UG:3    +
   15    26  0   0.0%   1.040 GC:3    +
   11    24  0   0.0%   0.487 GU:3    +
   28    34  0   0.0%   0.534 GC:3    +
   23    34  0   0.0%   0.865 GC:3    +
    2    28  0   0.0%   0.020 UG:3    +
    3    17  0   0.0%   0.003 CG:3    +
   28    33  0   0.0%   0.556 GU:3    +
    4    28  0   0.0%   0.400 CG:3    +
   15    25  0   0.0%   0.765 GC:3    +
    8    13  0   0.0%   0.003 GU:3    +
    6    17  0   0.0%   0.053 CG:3    +
    5    27  0   0.0%   0.373 GU:3    +
   27    31  0   0.0%   1.092 UG:3    +
    9    14  0   0.0%   0.019 GC:3    +
   13    23  0   0.0%   0.516 UG:3    +
   16    20  0   0.0%   1.035 CG:3    +
    5    26  0   0.0%   0.372 GC:3    +
    2    31  0   0.0%   0.005 UG:3    +
    1     5  0   0.0%   0.001 CG:3    +
   14    21  0   0.0%   0.476 CG:3    +
    5    24  0   0.0%   0.369 GU:3    +
   15    32  0   0.0%   1.022 GC:3    +
   16    31  0   0.0%   1.661 CG:3    +
   19    28  0   0.0%   0.878 CG:3    +
   12    17  0   0.0%   0.399 UG:3    +
   20    27  0   0.0%   0.749 GU:3    +
   21    26  0   0.0%   1.174 GC:3    +
    4     8  0   0.0%   0.001 CG:3    +
    3     9  0   0.0%   0.001 CG:3    +
   17    30  0   0.0%   0.789 GU:3    +
    4    15  0   0.0%   0.001 CG:3    +
    5    14  0   0.0%   0.001 GC:3    +
    5    10  0   0.0%   0.001 GC:3    +
    4    11  0   0.0%   0.001 CG:3    +
   13    28  0   0.0%   0.554 UG:3    +
   15    29  0   0.0%   1.126 GC:3    +
   16    28  0   0.0%   1.459 CG:3    +
    2    23  0   0.0%   0.003 UG:3    +
    6    23  0   0.0%   0.716 CG:3    +
    8    32  0   0.0%   1.230 GC:3    +
   15    27  0   0.0%   0.972 GU:3    +
   14    28  0   0.0%   0.890 CG:3    +
   20    26  0   0.0%   0.815 GC:3    +
    1     8  0   0.0%   0.001 CG:3    +
   21    25  0   0.0%   0.902 GC:3    +
    9    27  0   0.0%   0.339 GU:3    +
   13    18  0   0.0%   0.029 UA:3    +
    3     8  0   0.0%   0.001 CG:3    +
    1    11  0   0.0%   0.001 CG:3    +
    8    34  0   0.0%   0.875 GC:3    +
   17    33  0   0.0%   0.454 GU:3    +
    1    20  0   0.0%   0.001 CG:3    +
    6    11  0   0.0%   0.001 CG:3    +
   17    27  0   0.0%   0.742 GU:3    +
   15    34  0   0.0%   0.661 GC:3    +
    5    12  0   0.0%   0.001 GU:3    +
   20    34  0   0.0%   0.470 GC:3    +
   12    23  0   0.0%   0.515 UG:3    +
    7    11  0   0.0%   0.001 CG:3    +
    4     9  0   0.0%   0.001 CG:3    +
    9    22  0   0.0%   0.571 GC:3    +
   23    33  0   0.0%   0.886 GU:3    +
   12    20  0   0.0%   0.363 UG:3    +
    8    12  0   0.0%   0.001 GU:3    +
   10    21  0   0.0%   0.929 CG:3    +
   11    32  0   0.0%   1.466 GC:3    +
   12    31  0   0.0%   0.756 UG:3    +
    2     9  0   0.0%   0.000 UG:3    +
   17    29  0   0.0%   0.896 GC:3    +
   20    32  0   0.0%   0.829 GC:3    +
    7    21  0   0.0%   0.686 CG:3    +
    2     8  0   0.0%   0.000 UG:3    +
   17    26  0   0.0%   0.809 GC:3    +
    1     9  0   0.0%   0.001 CG:3    +
    9    30  0   0.0%   1.054 GU:3    +
    3    11  0   0.0%   0.001 CG:3    +
...(((((.((....)).)))))...........
