3 sequence; length of alignment 84
alifold output
   74    81  0  94.8%   0.208 CG:3   
   73    82  0  94.5%   0.362 CG:3   
   72    83  0  94.2%   0.386 GC:3   
   75    80  0  94.1%   0.224 CG:3   
   71    84  0  74.5%   0.956 GU:3   
    5    15  0  71.8%   0.716 CG:3   
    4    16  0  71.7%   0.715 AU:3   
   35    51  0  71.6%   0.962 CG:3   
   34    52  0  71.6%   0.880 UA:3   
    3    17  0  71.5%   0.728 UG:3   
    2    18  0  71.4%   0.730 GC:3   
   36    50  0  71.2%   0.811 AU:3   
   31    55  0  70.5%   1.214 UA:3   
   30    56  0  70.5%   1.181 UA:3   
   33    53  0  70.2%   1.275 UG:3   
   21    66  0  70.1%   1.044 UA:3   
   22    65  0  70.1%   1.416 GC:3   
   20    67  0  69.8%   0.783 CG:3   
    6    14  0  69.5%   0.760 AU:3   
   29    57  0  68.2%   1.058 GU:3   
   25    62  0  67.1%   1.448 CG:3   
   26    61  0  64.7%   1.254 UG:3   
   37    49  0  60.8%   0.997 AU:3   
   28    58  0  60.5%   0.925 AU:3   
   39    47  0  53.3%   1.140 CG:3   
   40    46  0  45.9%   1.248 AU:3   
    1    19  0  39.6%   1.101 AU:3   
   47    65  0  21.5%   2.047 GC:3    +
   48    64  0  21.4%   1.456 UA:3    +
   49    63  0  21.4%   1.500 UA:3    +
   53    59  0  21.3%   1.532 GC:3    +
   52    60  0  21.3%   1.513 AU:3    +
   50    62  0  21.2%   1.768 UG:3    +
   46    66  0  20.2%   2.189 UA:3    +
   19    68  0  19.5%   1.616 UG:3    +
   45    67  0  16.4%   1.666 UG:3    +
   17    23  0  12.4%   1.580 GC:3    +
   16    24  0  12.3%   1.497 UG:3    +
   18    22  0  12.2%   1.542 CG:3    +
   41    47  0  12.0%   1.259 CG:3    +
   15    25  0  12.0%   1.347 GC:3    +
   40    48  0  11.0%   1.258 AU:3    +
    5    32  0  10.2%   0.946 CG:3    +
    7    30  0  10.2%   0.943 GU:3    +
    6    31  0  10.2%   1.151 AU:3    +
    8    29  0  10.2%   1.070 CG:3    +
   54    58  0   8.9%   1.223 GU:3    +
    4    33  0   8.9%   1.044 AU:3    +
   44    68  0   8.2%   1.473 UG:3    +
   42    46  0   7.9%   1.083 AU:3    +
    8    17  0   7.9%   0.993 CG:3    +
    7    18  0   7.9%   0.861 GC:3    +
    6    19  0   7.1%   1.183 AU:3    +
    8    32  0   7.0%   1.396 CG:3    +
    9    31  0   7.0%   1.026 AU:3    +
    7    33  0   6.9%   1.243 GU:3    +
   10    30  0   6.7%   0.976 AU:3    +
    9    16  0   6.6%   0.798 AU:3    +
   32    65  0   6.4%   1.375 GC:3    +
   31    66  0   6.4%   1.522 UA:3    +
   33    64  0   6.4%   1.335 UA:3    +
   34    63  0   6.3%   0.963 UA:3    +
   28    69  0   6.3%   1.064 AU:3    +
   35    62  0   6.3%   1.344 CG:3    +
   27    70  0   6.3%   1.070 UA:3    +
   30    67  0   6.2%   1.492 UG:3    +
    2    35  0   6.1%   0.936 GC:3    +
    3    22  0   5.7%   0.735 UG:3    +
    2    23  0   5.7%   0.737 GC:3    +
   26    71  0   5.6%   1.192 UG:3    +
    4    21  0   5.4%   0.714 AU:3    +
   25    72  0   5.4%   1.400 CG:3    +
   11    26  0   5.3%   0.567 GU:3    +
   24    73  0   5.2%   0.985 GC:3    +
    6    34  0   5.0%   1.141 AU:3    +
   10    27  0   4.9%   0.527 AU:3    +
   12    25  0   4.7%   0.626 GC:3    +
   15    23  0   4.5%   0.858 GC:3    +
   16    22  0   4.4%   1.026 UG:3    +
   14    24  0   4.4%   0.697 UG:3    +
    8    12  0   4.1%   0.399 CG:3    +
   75    81  0   3.9%   0.537 CG:3    +
   76    80  0   3.9%   0.483 CG:3    +
   74    82  0   3.7%   0.529 CG:3    +
   44    55  0   3.2%   0.821 UA:3    +
   45    54  0   3.2%   0.566 UG:3    +
   43    56  0   3.2%   0.788 UA:3    +
   46    53  0   2.8%   1.289 UG:3    +
   42    57  0   2.8%   0.942 AU:3    +
   25    61  0   2.8%   0.829 CG:3    +
   12    27  0   2.7%   0.782 GU:3    +
   13    26  0   2.7%   0.505 AU:3    +
   28    60  0   2.3%   0.584 AU:3    +
   29    59  0   2.2%   0.796 GC:3    +
   25    32  0   2.1%   1.130 CG:3    +
   24    33  0   2.0%   1.083 GU:3    +
   22    35  0   1.7%   0.977 GC:3    +
   15    41  0   1.6%   0.879 GC:3    +
   16    40  0   1.6%   1.052 UA:3    +
   14    42  0   1.6%   0.607 UA:3    +
   17    39  0   1.6%   0.969 GC:3    +
   13    43  0   1.5%   0.365 AU:3    +
   22    69  0   1.5%   1.174 GU:3    +
   13    27  0   1.5%   0.581 AU:3    +
   21    70  0   1.5%   0.794 UA:3    +
   21    36  0   1.5%   0.425 UA:3    +
   23    68  0   1.5%   1.203 CG:3    +
   27    61  0   1.5%   0.926 UG:3    +
   20    71  0   1.5%   0.472 CG:3    +
   12    44  0   1.4%   0.582 GU:3    +
   42    69  0   1.0%   0.924 AU:3    +
   17    21  0   0.9%   0.759 GU:3    +
   43    68  0   0.8%   0.898 UG:3    +
   11    45  0   0.8%   0.333 GU:3    +
   46    52  0   0.7%   1.043 UA:3    +
   20    80  0   0.7%   0.456 CG:3    +
   45    53  0   0.7%   0.522 UG:3    +
   21    79  0   0.7%   0.720 UA:3    +
   19    81  0   0.7%   1.022 UG:3    +
   10    26  0   0.7%   0.132 AU:3    +
   44    54  0   0.7%   0.304 UG:3    +
    9    27  0   0.7%   0.307 AU:3    +
   18    82  0   0.7%   0.852 CG:3    +
   17    83  0   0.7%   0.949 GC:3    +
    5    68  0   0.7%   0.582 CG:3    +
   39    51  0   0.7%   0.787 CG:3    +
    4    69  0   0.7%   0.720 AU:3    +
   38    52  0   0.6%   0.399 UA:3    +
   43    55  0   0.6%   0.527 UA:3    +
   32    41  0   0.6%   0.741 GC:3    +
    3    37  0   0.6%   0.513 UA:3    +
   39    61  0   0.6%   1.050 CG:3    +
    3    70  0   0.6%   0.569 UA:3    +
   40    60  0   0.6%   0.992 AU:3    +
   18    68  0   0.6%   0.838 CG:3    +
   33    40  0   0.6%   0.699 UA:3    +
    2    38  0   0.6%   0.683 GU:3    +
   17    69  0   0.5%   0.934 GU:3    +
   60    66  0   0.5%   1.350 UA:3    +
   59    67  0   0.5%   1.306 CG:3    +
   41    68  0   0.5%   0.984 CG:3    +
    2    41  0   0.5%   0.733 GC:3    +
   44    67  0   0.5%   0.847 UG:3    +
   61    65  0   0.5%   1.333 GC:3    +
    3    40  0   0.5%   0.532 UA:3    +
   31    42  0   0.5%   0.596 UA:3    +
   40    50  0   0.5%   1.079 AU:3    +
   11    25  0   0.5%   0.122 GC:3    +
   40    69  0   0.5%   1.220 AU:3    +
    2    39  0   0.5%   0.702 GC:3    +
   44    52  0   0.5%   0.455 UA:3    +
   45    51  0   0.5%   0.441 UG:3    +
   43    53  0   0.5%   0.444 UG:3    +
   16    70  0   0.4%   0.990 UA:3    +
   34    55  0   0.4%   0.716 UA:3    +
   35    54  0   0.4%   0.552 CG:3    +
   33    56  0   0.4%   1.092 UA:3    +
   32    57  0   0.4%   0.898 GU:3    +
   45    52  0   0.4%   0.456 UA:3    +
   25    67  0   0.4%   1.211 CG:3    +
   44    53  0   0.4%   0.468 UG:3    +
   41    71  0   0.3%   0.758 CG:3    +
   22    78  0   0.3%   1.068 GU:3    +
   46    51  0   0.3%   0.973 UG:3    +
   39    54  0   0.3%   0.565 CG:3    +
   10    46  0   0.3%   0.443 AU:3    +
   38    47  0   0.3%   0.103 UG:3    +
   23    62  0   0.3%   0.660 CG:3    +
   37    57  0   0.3%   0.720 AU:3    +
   41    51  0   0.3%   0.719 CG:3    +
   70    84  0   0.3%   0.370 AU:3    +
   26    62  0   0.3%   0.926 UG:3    +
   42    50  0   0.3%   0.641 AU:3    +
   76    81  0   0.3%   0.401 CG:3    +
   23    32  0   0.3%   1.058 CG:3    +
   32    39  0   0.3%   0.668 GC:3    +
   75    82  0   0.3%   0.462 CG:3    +
   26    66  0   0.3%   0.910 UA:3    +
   22    33  0   0.3%   1.034 GU:3    +
   36    58  0   0.3%   0.687 AU:3    +
   37    48  0   0.3%   0.114 AU:3    +
   38    55  0   0.3%   0.415 UA:3    +
   19    37  0   0.3%   0.658 UA:3    +
   45    66  0   0.3%   0.760 UA:3    +
   38    56  0   0.3%   0.429 UA:3    +
   43    54  0   0.3%   0.222 UG:3    +
   45    55  0   0.3%   0.723 UA:3    +
   46    54  0   0.3%   0.993 UG:3    +
   41    53  0   0.2%   0.707 CG:3    +
   43    70  0   0.2%   0.661 UA:3    +
   44    56  0   0.2%   0.718 UA:3    +
   43    52  0   0.2%   0.404 UA:3    +
   44    51  0   0.2%   0.413 UG:3    +
    8    15  0   0.2%   0.417 CG:3    +
   71    83  0   0.2%   0.346 GC:3    +
   31    40  0   0.2%   0.570 UA:3    +
   42    48  0   0.2%   0.600 AU:3    +
    7    16  0   0.2%   0.283 GU:3    +
    8    22  0   0.2%   0.554 CG:3    +
    7    23  0   0.2%   0.421 GC:3    +
    9    14  0   0.2%   0.290 AU:3    +
   43    47  0   0.2%   0.720 UG:3    +
   24    31  0   0.2%   0.868 GU:3    +
   29    41  0   0.2%   0.379 GC:3    +
    9    21  0   0.2%   0.384 AU:3    +
   37    60  0   0.2%   0.532 AU:3    +
   22    77  0   0.2%   1.030 GC:3    +
   40    58  0   0.1%   1.140 AU:3    +
   40    45  0   0.1%   0.216 AU:3    +
   36    49  0   0.1%   0.105 AU:3    +
    7    25  0   0.1%   0.267 GC:3    +
    8    24  0   0.1%   0.395 CG:3    +
   54    59  0   0.1%   0.887 GC:3    +
   12    20  0   0.1%   0.172 GC:3    +
   22    75  0   0.1%   1.014 GC:3    +
   11    18  0   0.1%   0.467 GC:3    +
   36    60  0   0.1%   0.460 AU:3    +
   11    21  0   0.1%   0.219 GU:3    +
   13    19  0   0.1%   0.593 AU:3    +
   39    71  0   0.1%   0.795 CG:3    +
    6    26  0   0.1%   0.472 AU:3    +
   25    68  0   0.1%   1.389 CG:3    +
   10    19  0   0.1%   0.581 AU:3    +
   38    68  0   0.1%   0.615 UG:3    +
    2     8  0   0.1%   0.022 GC:3    +
   58    68  0   0.1%   1.328 UG:3    +
   37    69  0   0.1%   0.744 AU:3    +
   24    69  0   0.1%   0.664 GU:3    +
   48    52  0   0.1%   0.666 UA:3    +
   26    67  0   0.1%   0.926 UG:3    +
   23    29  0   0.1%   0.835 CG:3    +
   39    67  0   0.1%   1.010 CG:3    +
   30    40  0   0.1%   0.543 UA:3    +
   15    20  0   0.1%   0.288 GC:3    +
   22    30  0   0.1%   1.015 GU:3    +
    3     7  0   0.1%   0.020 UG:3    +
   42    58  0   0.1%   0.792 AU:3    +
   22    74  0   0.1%   1.002 GC:3    +
   53    60  0   0.1%   1.273 GU:3    +
   35    61  0   0.1%   0.972 CG:3    +
   11    27  0   0.1%   0.410 GU:3    +
    2    34  0   0.1%   0.436 GU:3    +
   20    68  0   0.1%   0.681 CG:3    +
   27    66  0   0.1%   0.707 UA:3    +
    2    25  0   0.1%   0.429 GC:3    +
   29    58  0   0.1%   0.855 GU:3    +
    3    24  0   0.1%   0.426 UG:3    +
    4    38  0   0.1%   0.662 AU:3    +
   27    62  0   0.1%   0.735 UG:3    +
   26    63  0   0.1%   0.620 UA:3    +
   12    18  0   0.1%   0.594 GC:3    +
   12    26  0   0.1%   0.512 GU:3    +
   25    71  0   0.1%   0.999 CG:3    +
    5    22  0   0.1%   0.418 CG:3    +
   29    44  0   0.1%   0.346 GU:3    +
   11    19  0   0.1%   0.585 GU:3    +
   11    20  0   0.1%   0.031 GC:3    +
   74    80  0   0.1%   0.060 CG:3    +
    1    26  0   0.1%   0.380 AU:3    +
   42    49  0   0.1%   0.641 AU:3    +
   29    43  0   0.1%   0.343 GU:3    +
   25    29  0   0.1%   0.699 CG:3    +
   51    59  0   0.1%   0.453 GC:3    +
   73    81  0   0.1%   0.206 CG:3    +
    8    47  0   0.1%   0.803 CG:3    +
   52    58  0   0.1%   0.734 AU:3    +
   21    67  0   0.1%   0.812 UG:3    +
   22    83  0   0.1%   1.077 GC:3    +
   23    82  0   0.1%   0.736 CG:3    +
    9    46  0   0.0%   0.434 AU:3    +
    6    21  0   0.0%   0.611 AU:3    +
    7    48  0   0.0%   0.672 GU:3    +
   23    61  0   0.0%   0.612 CG:3    +
   24    60  0   0.0%   0.519 GU:3    +
   10    45  0   0.0%   0.390 AU:3    +
   37    43  0   0.0%   0.135 AU:3    +
   34    62  0   0.0%   0.742 UG:3    +
   24    30  0   0.0%   0.847 GU:3    +
   30    42  0   0.0%   0.513 UA:3    +
   37    44  0   0.0%   0.138 AU:3    +
   12    19  0   0.0%   0.712 GU:3    +
   12    23  0   0.0%   0.331 GC:3    +
   10    21  0   0.0%   0.194 AU:3    +
    8    68  0   0.0%   0.838 CG:3    +
    7    20  0   0.0%   0.230 GC:3    +
   40    57  0   0.0%   1.091 AU:3    +
    7    69  0   0.0%   0.709 GU:3    +
   26    70  0   0.0%   0.759 UA:3    +
   28    44  0   0.0%   0.076 AU:3    +
   38    42  0   0.0%   0.146 UA:3    +
   41    54  0   0.0%   0.478 CG:3    +
   43    51  0   0.0%   0.385 UG:3    +
   24    65  0   0.0%   0.768 GC:3    +
   41    61  0   0.0%   0.922 CG:3    +
   10    16  0   0.0%   0.439 AU:3    +
   20    32  0   0.0%   0.453 CG:3    +
   39    53  0   0.0%   0.738 CG:3    +
   36    44  0   0.0%   0.146 AU:3    +
   28    45  0   0.0%   0.056 AU:3    +
   46    55  0   0.0%   1.206 UA:3    +
   21    28  0   0.0%   0.238 UA:3    +
    3    36  0   0.0%   0.424 UA:3    +
   20    29  0   0.0%   0.265 CG:3    +
   38    62  0   0.0%   0.622 UG:3    +
    1    38  0   0.0%   0.380 AU:3    +
   42    60  0   0.0%   0.588 AU:3    +
    6    49  0   0.0%   0.842 AU:3    +
   45    56  0   0.0%   0.678 UA:3    +
   11    44  0   0.0%   0.224 GU:3    +
   27    63  0   0.0%   0.433 UA:3    +
   44    70  0   0.0%   0.843 UA:3    +
   53    57  0   0.0%   0.865 GU:3    +
    7    83  0   0.0%   0.677 GC:3    +
    8    82  0   0.0%   0.806 CG:3    +
   38    54  0   0.0%   0.125 UG:3    +
   48    56  0   0.0%   0.700 UA:3    +
   49    55  0   0.0%   0.774 UA:3    +
    5    11  0   0.0%   0.006 CG:3    +
   47    57  0   0.0%   1.036 GU:3    +
   11    77  0   0.0%   0.263 GC:3    +
   18    24  0   0.0%   1.127 CG:3    +
    7    14  0   0.0%   0.266 GU:3    +
   12    76  0   0.0%   0.468 GC:3    +
   41    67  0   0.0%   0.899 CG:3    +
   22    27  0   0.0%   0.931 GU:3    +
   37    58  0   0.0%   0.732 AU:3    +
    4    34  0   0.0%   0.625 AU:3    +
   36    45  0   0.0%   0.120 AU:3    +
   17    25  0   0.0%   1.189 GC:3    +
   37    50  0   0.0%   0.629 AU:3    +
   29    35  0   0.0%   0.496 GC:3    +
   10    78  0   0.0%   0.408 AU:3    +
   14    72  0   0.0%   0.482 UG:3    +
   33    63  0   0.0%   0.817 UA:3    +
    6    84  0   0.0%   0.846 AU:3    +
   30    37  0   0.0%   0.483 UA:3    +
   77    81  0   0.0%   0.255 CG:3    +
   10    14  0   0.0%   0.272 AU:3    +
   76    82  0   0.0%   0.389 CG:3    +
    5    51  0   0.0%   0.485 CG:3    +
   50    54  0   0.0%   0.518 UG:3    +
   36    57  0   0.0%   0.614 AU:3    +
   32    38  0   0.0%   0.565 GU:3    +
   38    61  0   0.0%   0.587 UG:3    +
   33    55  0   0.0%   1.031 UA:3    +
   29    38  0   0.0%   0.293 GU:3    +
   26    64  0   0.0%   0.614 UA:3    +
   33    37  0   0.0%   0.554 UA:3    +
   29    65  0   0.0%   0.881 GC:3    +
   27    64  0   0.0%   0.429 UA:3    +
   30    55  0   0.0%   0.444 UA:3    +
   31    56  0   0.0%   0.972 UA:3    +
   43    67  0   0.0%   0.755 UG:3    +
   31    54  0   0.0%   0.477 UG:3    +
   30    64  0   0.0%   0.696 UA:3    +
   31    36  0   0.0%   0.503 UA:3    +
   13    30  0   0.0%   0.589 AU:3    +
   34    54  0   0.0%   0.407 UG:3    +
   14    29  0   0.0%   0.646 UG:3    +
   12    31  0   0.0%   0.821 GU:3    +
   14    22  0   0.0%   0.451 UG:3    +
   19    70  0   0.0%   0.970 UA:3    +
   35    53  0   0.0%   0.735 CG:3    +
   28    57  0   0.0%   0.015 AU:3    +
   60    70  0   0.0%   0.823 UA:3    +
   71    77  0   0.0%   0.279 GC:3    +
   10    33  0   0.0%   0.782 AU:3    +
   22    76  0   0.0%   1.002 GC:3    +
   70    78  0   0.0%   0.338 AU:3    +
   61    69  0   0.0%   0.912 GU:3    +
   59    71  0   0.0%   0.722 CG:3    +
   72    76  0   0.0%   0.168 GC:3    +
    6    50  0   0.0%   0.841 AU:3    +
   31    63  0   0.0%   0.734 UA:3    +
    9    34  0   0.0%   0.583 AU:3    +
   69    79  0   0.0%   0.431 UA:3    +
    4    27  0   0.0%   0.400 AU:3    +
    3    28  0   0.0%   0.419 UA:3    +
   35    71  0   0.0%   0.919 CG:3    +
   45    68  0   0.0%   1.320 UG:3    +
    2    83  0   0.0%   0.682 GC:3    +
   38    70  0   0.0%   0.435 UA:3    +
   29    39  0   0.0%   0.348 GC:3    +
   24    74  0   0.0%   0.686 GC:3    +
    5    12  0   0.0%   0.005 CG:3    +
   37    46  0   0.0%   0.086 AU:3    +
    5    17  0   0.0%   0.483 CG:3    +
   43    71  0   0.0%   0.601 UG:3    +
   27    36  0   0.0%   0.422 UA:3    +
   21    63  0   0.0%   0.300 UA:3    +
   19    67  0   0.0%   0.598 UG:3    +
    1    84  0   0.0%   0.379 AU:3    +
   40    49  0   0.0%   1.069 AU:3    +
   15    21  0   0.0%   0.445 GU:3    +
   40    44  0   0.0%   0.218 AU:3    +
    7    35  0   0.0%   0.834 GC:3    +
   48    53  0   0.0%   0.734 UG:3    +
   37    45  0   0.0%   0.107 AU:3    +
   11    30  0   0.0%   0.634 GU:3    +
   26    37  0   0.0%   0.355 UA:3    +
   12    39  0   0.0%   0.429 GC:3    +
   13    38  0   0.0%   0.209 AU:3    +
   12    43  0   0.0%   0.404 GU:3    +
   39    68  0   0.0%   1.010 CG:3    +
    5    29  0   0.0%   0.249 CG:3    +
   60    67  0   0.0%   1.330 UG:3    +
   59    68  0   0.0%   1.208 CG:3    +
   24    39  0   0.0%   0.601 GC:3    +
   14    28  0   0.0%   0.411 UA:3    +
    3    82  0   0.0%   0.511 UG:3    +
    2    20  0   0.0%   0.251 GC:3    +
    6    16  0   0.0%   0.494 AU:3    +
   21    37  0   0.0%   0.345 UA:3    +
   31    37  0   0.0%   0.486 UA:3    +
   28    78  0   0.0%   0.602 AU:3    +
    1    21  0   0.0%   0.369 AU:3    +
    3    42  0   0.0%   0.480 UA:3    +
   29    77  0   0.0%   0.640 GC:3    +
    5    71  0   0.0%   0.518 CG:3    +
    7    49  0   0.0%   0.670 GU:3    +
    2    43  0   0.0%   0.680 GU:3    +
    4    30  0   0.0%   0.401 AU:3    +
   27    79  0   0.0%   0.641 UA:3    +
   18    32  0   0.0%   1.134 CG:3    +
    8    67  0   0.0%   0.798 CG:3    +
   14    37  0   0.0%   0.444 UA:3    +
   26    80  0   0.0%   0.839 UG:3    +
   12    34  0   0.0%   0.560 GU:3    +
   13    33  0   0.0%   0.572 AU:3    +
   25    81  0   0.0%   1.121 CG:3    +
   11    35  0   0.0%   0.390 GC:3    +
    5    67  0   0.0%   0.484 CG:3    +
   14    32  0   0.0%   0.831 UG:3    +
   20    62  0   0.0%   0.030 CG:3    +
   33    61  0   0.0%   1.251 UG:3    +
   17    33  0   0.0%   1.149 GU:3    +
   20    81  0   0.0%   0.420 CG:3    +
   21    80  0   0.0%   0.688 UG:3    +
   22    41  0   0.0%   0.763 GC:3    +
   24    59  0   0.0%   0.509 GC:3    +
   21    61  0   0.0%   0.298 UG:3    +
   12    74  0   0.0%   0.464 GC:3    +
   15    27  0   0.0%   1.005 GU:3    +
   11    75  0   0.0%   0.258 GC:3    +
   36    43  0   0.0%   0.142 AU:3    +
    1    30  0   0.0%   0.373 AU:3    +
   15    35  0   0.0%   0.828 GC:3    +
   15    73  0   0.0%   0.722 GC:3    +
   36    46  0   0.0%   0.098 AU:3    +
   28    43  0   0.0%   0.072 AU:3    +
   24    83  0   0.0%   0.720 GC:3    +
    1    34  0   0.0%   0.374 AU:3    +
   46    67  0   0.0%   1.873 UG:3    +
   10    31  0   0.0%   0.799 AU:3    +
   68    84  0   0.0%   0.754 GU:3    +
   12    73  0   0.0%   0.462 GC:3    +
   11    74  0   0.0%   0.258 GC:3    +
   19    63  0   0.0%   0.595 UA:3    +
   21    42  0   0.0%   0.363 UA:3    +
   50    55  0   0.0%   0.742 UA:3    +
    7    34  0   0.0%   0.819 GU:3    +
   16    72  0   0.0%   0.919 UG:3    +
   25    82  0   0.0%   1.127 CG:3    +
   11    16  0   0.0%   0.435 GU:3    +
   33    52  0   0.0%   0.530 UA:3    +
   45    70  0   0.0%   0.890 UA:3    +
   26    81  0   0.0%   0.838 UG:3    +
    5    24  0   0.0%   0.253 CG:3    +
   49    56  0   0.0%   0.736 UA:3    +
   23    67  0   0.0%   0.881 CG:3    +
   19    36  0   0.0%   0.582 UA:3    +
    6    69  0   0.0%   0.873 AU:3    +
   18    71  0   0.0%   0.745 CG:3    +
   38    71  0   0.0%   0.373 UG:3    +
   33    54  0   0.0%   0.781 UG:3    +
    5    61  0   0.0%   0.483 CG:3    +
    6    60  0   0.0%   0.840 AU:3    +
   47    59  0   0.0%   0.713 GC:3    +
   44    66  0   0.0%   0.744 UA:3    +
   22    34  0   0.0%   0.760 GU:3    +
   22    60  0   0.0%   0.670 GU:3    +
   17    73  0   0.0%   0.843 GC:3    +
   18    72  0   0.0%   0.746 CG:3    +
    2    65  0   0.0%   0.679 GC:3    +
    1    69  0   0.0%   0.377 AU:3    +
   14    36  0   0.0%   0.414 UA:3    +
   52    57  0   0.0%   0.786 AU:3    +
    7    59  0   0.0%   0.667 GC:3    +
    2    14  0   0.0%   0.008 GU:3    +
    5    80  0   0.0%   0.518 CG:3    +
    3    13  0   0.0%   0.008 UA:3    +
    3    64  0   0.0%   0.479 UA:3    +
   27    80  0   0.0%   0.643 UG:3    +
   17    35  0   0.0%   0.921 GC:3    +
   39    62  0   0.0%   1.021 CG:3    +
   50    56  0   0.0%   0.706 UA:3    +
   11    41  0   0.0%   0.245 GC:3    +
   13    21  0   0.0%   0.193 AU:3    +
   51    58  0   0.0%   0.699 GU:3    +
   44    71  0   0.0%   0.791 UG:3    +
    1    44  0   0.0%   0.376 AU:3    +
    7    77  0   0.0%   0.670 GC:3    +
   19    72  0   0.0%   0.919 UG:3    +
    6    78  0   0.0%   0.840 AU:3    +
   19    71  0   0.0%   0.917 UG:3    +
   38    63  0   0.0%   0.319 UA:3    +
   16    36  0   0.0%   0.832 UA:3    +
   25    80  0   0.0%   1.121 CG:3    +
   18    29  0   0.0%   0.948 CG:3    +
   19    28  0   0.0%   0.580 UA:3    +
   56    69  0   0.0%   0.804 AU:3    +
    6    33  0   0.0%   0.901 AU:3    +
   15    83  0   0.0%   0.725 GC:3    +
   33    42  0   0.0%   0.626 UA:3    +
   18    80  0   0.0%   0.745 CG:3    +
    1    43  0   0.0%   0.376 AU:3    +
   16    82  0   0.0%   0.920 UG:3    +
   72    84  0   0.0%   0.459 GU:3    +
   19    79  0   0.0%   0.916 UA:3    +
   35    67  0   0.0%   1.142 CG:3    +
   17    30  0   0.0%   1.165 GU:3    +
   34    40  0   0.0%   0.302 UA:3    +
   29    34  0   0.0%   0.410 GU:3    +
   35    47  0   0.0%   0.248 CG:3    +
   32    43  0   0.0%   0.644 GU:3    +
    9    26  0   0.0%   0.213 AU:3    +
   27    42  0   0.0%   0.420 UA:3    +
   29    60  0   0.0%   0.717 GU:3    +
   15    74  0   0.0%   0.722 GC:3    +
   15    84  0   0.0%   0.724 GU:3    +
   24    41  0   0.0%   0.601 GC:3    +
   24    76  0   0.0%   0.680 GC:3    +
   32    73  0   0.0%   0.926 GC:3    +
   34    72  0   0.0%   0.763 UG:3    +
   48    55  0   0.0%   0.731 UA:3    +
    6    38  0   0.0%   0.871 AU:3    +
   49    61  0   0.0%   0.813 UG:3    +
   49    54  0   0.0%   0.544 UG:3    +
   24    35  0   0.0%   0.748 GC:3    +
   36    69  0   0.0%   0.663 AU:3    +
   24    34  0   0.0%   0.666 GU:3    +
   33    72  0   0.0%   1.140 UG:3    +
   65    71  0   0.0%   1.050 CG:3    +
   26    79  0   0.0%   0.835 UA:3    +
   19    82  0   0.0%   0.990 UG:3    +
   50    61  0   0.0%   0.782 UG:3    +
    2    33  0   0.0%   0.418 GU:3    +
    8    51  0   0.0%   0.797 CG:3    +
    9    50  0   0.0%   0.428 AU:3    +
    4    50  0   0.0%   0.621 AU:3    +
    9    19  0   0.0%   0.745 AU:3    +
   11    59  0   0.0%   0.257 GC:3    +
   11    39  0   0.0%   0.243 GC:3    +
   19    52  0   0.0%   0.594 UA:3    +
   20    51  0   0.0%   0.030 CG:3    +
   57    68  0   0.0%   1.152 UG:3    +
   18    53  0   0.0%   0.714 CG:3    +
   29    45  0   0.0%   0.315 GU:3    +
   68    73  0   0.0%   0.906 GC:3    +
    9    30  0   0.0%   0.470 AU:3    +
    3    51  0   0.0%   0.479 UG:3    +
   12    58  0   0.0%   0.461 GU:3    +
   67    74  0   0.0%   0.831 GC:3    +
   25    47  0   0.0%   0.532 CG:3    +
    3    29  0   0.0%   0.417 UG:3    +
   12    38  0   0.0%   0.436 GU:3    +
    2    30  0   0.0%   0.418 GU:3    +
   41    72  0   0.0%   0.640 CG:3    +
   43    66  0   0.0%   0.732 UA:3    +
   10    60  0   0.0%   0.403 AU:3    +
    5    54  0   0.0%   0.482 CG:3    +
   68    75  0   0.0%   0.759 GC:3    +
   67    76  0   0.0%   0.826 GC:3    +
   28    33  0   0.0%   0.502 AU:3    +
   24    48  0   0.0%   0.511 GU:3    +
   13    57  0   0.0%   0.236 AU:3    +
   10    49  0   0.0%   0.405 AU:3    +
    3    52  0   0.0%   0.479 UA:3    +
   39    72  0   0.0%   0.708 CG:3    +
   57    70  0   0.0%   0.722 UA:3    +
   12    45  0   0.0%   0.501 GU:3    +
   35    68  0   0.0%   1.146 CG:3    +
   21    64  0   0.0%   0.298 UA:3    +
   14    68  0   0.0%   0.513 UG:3    +
   23    71  0   0.0%   0.750 CG:3    +
   34    71  0   0.0%   0.832 UG:3    +
   22    39  0   0.0%   0.761 GC:3    +
   13    69  0   0.0%   0.272 AU:3    +
   17    65  0   0.0%   0.813 GC:3    +
    3    10  0   0.0%   0.007 UA:3    +
   14    56  0   0.0%   0.477 UA:3    +
   16    66  0   0.0%   0.895 UA:3    +
   32    74  0   0.0%   0.779 GC:3    +
   38    51  0   0.0%   0.303 UG:3    +
    1    31  0   0.0%   0.373 AU:3    +
   26    32  0   0.0%   0.826 UG:3    +
   27    40  0   0.0%   0.446 UA:3    +
   34    68  0   0.0%   1.063 UG:3    +
    4    14  0   0.0%   0.001 AU:3    +
    2    69  0   0.0%   0.679 GU:3    +
   11    23  0   0.0%   0.201 GC:3    +
   53    58  0   0.0%   0.802 GU:3    +
   12    59  0   0.0%   0.462 GC:3    +
   16    55  0   0.0%   0.894 UA:3    +
   12    30  0   0.0%   0.815 GU:3    +
    1    27  0   0.0%   0.372 AU:3    +
   34    42  0   0.0%   0.258 UA:3    +
   12    75  0   0.0%   0.463 GC:3    +
   15    26  0   0.0%   0.957 GU:3    +
   11    60  0   0.0%   0.257 GU:3    +
   21    40  0   0.0%   0.388 UA:3    +
   28    34  0   0.0%   0.165 AU:3    +
   38    72  0   0.0%   0.301 UG:3    +
   46    56  0   0.0%   1.167 UA:3    +
   11    76  0   0.0%   0.258 GC:3    +
    4    19  0   0.0%   0.606 AU:3    +
   23    72  0   0.0%   0.689 CG:3    +
   22    73  0   0.0%   0.983 GC:3    +
   34    51  0   0.0%   0.163 UG:3    +
   34    53  0   0.0%   0.650 UG:3    +
   13    58  0   0.0%   0.236 AU:3    +
    3    15  0   0.0%   0.007 UG:3    +
    8    71  0   0.0%   0.800 CG:3    +
   68    74  0   0.0%   0.758 GC:3    +
   67    75  0   0.0%   0.831 GC:3    +
   27    37  0   0.0%   0.403 UA:3    +
   13    44  0   0.0%   0.297 AU:3    +
    9    45  0   0.0%   0.423 AU:3    +
    3    67  0   0.0%   0.479 UG:3    +
    3    68  0   0.0%   0.479 UG:3    +
    8    80  0   0.0%   0.799 CG:3    +
   49    62  0   0.0%   0.811 UG:3    +
   15    75  0   0.0%   0.722 GC:3    +
    5    81  0   0.0%   0.517 CG:3    +
   48    54  0   0.0%   0.507 UG:3    +
   49    53  0   0.0%   0.770 UG:3    +
   28    46  0   0.0%   0.033 AU:3    +
   50    63  0   0.0%   1.138 UA:3    +
    5    53  0   0.0%   0.482 CG:3    +
   10    44  0   0.0%   0.381 AU:3    +
   11    48  0   0.0%   0.260 GU:3    +
   30    62  0   0.0%   0.997 UG:3    +
    3    12  0   0.0%   0.007 UG:3    +
   15    31  0   0.0%   1.075 GU:3    +
    2    27  0   0.0%   0.418 GU:3    +
   43    61  0   0.0%   0.774 UG:3    +
   30    61  0   0.0%   1.136 UG:3    +
    4    26  0   0.0%   0.401 AU:3    +
    7    39  0   0.0%   0.688 GC:3    +
    3     9  0   0.0%   0.007 UA:3    +
   29    33  0   0.0%   0.747 GU:3    +
   38    53  0   0.0%   0.345 UG:3    +
    3    56  0   0.0%   0.479 UA:3    +
    2    57  0   0.0%   0.678 GU:3    +
   68    83  0   0.0%   0.792 GC:3    +
   22    59  0   0.0%   0.670 GC:3    +
    8    62  0   0.0%   0.795 CG:3    +
   31    61  0   0.0%   1.170 UG:3    +
    8    81  0   0.0%   0.799 CG:3    +
    6    27  0   0.0%   0.454 AU:3    +
   51    60  0   0.0%   0.501 GU:3    +
   31    62  0   0.0%   1.031 UG:3    +
   30    63  0   0.0%   0.697 UA:3    +
   14    71  0   0.0%   0.478 UG:3    +
    3    53  0   0.0%   0.479 UG:3    +
   34    70  0   0.0%   0.895 UA:3    +
    1    14  0   0.0%   0.000 AU:3    +
   27    67  0   0.0%   0.715 UG:3    +
   20    82  0   0.0%   0.422 CG:3    +
   48    63  0   0.0%   0.472 UA:3    +
   27    32  0   0.0%   0.874 UG:3    +
   24    77  0   0.0%   0.689 GC:3    +
   23    47  0   0.0%   0.605 CG:3    +
   55    60  0   0.0%   0.929 AU:3    +
   58    70  0   0.0%   0.883 UA:3    +
   21    81  0   0.0%   0.686 UG:3    +
    6    46  0   0.0%   0.835 AU:3    +
    7    65  0   0.0%   0.667 GC:3    +
   32    59  0   0.0%   0.680 GC:3    +
   22    31  0   0.0%   1.004 GU:3    +
   22    48  0   0.0%   0.673 GU:3    +
    3    71  0   0.0%   0.509 UG:3    +
    2    84  0   0.0%   0.681 GU:3    +
   28    38  0   0.0%   0.042 AU:3    +
   14    70  0   0.0%   0.507 UA:3    +
    1    33  0   0.0%   0.373 AU:3    +
   45    71  0   0.0%   0.839 UG:3    +
   60    79  0   0.0%   0.546 UA:3    +
   59    80  0   0.0%   0.498 CG:3    +
   77    82  0   0.0%   0.253 CG:3    +
   49    64  0   0.0%   1.164 UA:3    +
   24    46  0   0.0%   0.529 GU:3    +
   24    75  0   0.0%   0.685 GC:3    +
    8    61  0   0.0%   0.796 CG:3    +
   61    78  0   0.0%   0.541 GU:3    +
   62    77  0   0.0%   0.831 GC:3    +
   31    70  0   0.0%   1.192 UA:3    +
   12    16  0   0.0%   0.564 GU:3    +
   32    69  0   0.0%   1.080 GU:3    +
    5    47  0   0.0%   0.480 CG:3    +
   11    46  0   0.0%   0.278 GU:3    +
    3    11  0   0.0%   0.007 UG:3    +
   21    68  0   0.0%   0.940 UG:3    +
    7    45  0   0.0%   0.662 GU:3    +
   46    68  0   0.0%   1.821 UG:3    +
    5    62  0   0.0%   0.482 CG:3    +
   12    35  0   0.0%   0.572 GC:3    +
   20    24  0   0.0%   0.435 CG:3    +
   17    38  0   0.0%   0.785 GU:3    +
    3    54  0   0.0%   0.479 UG:3    +
   32    58  0   0.0%   0.904 GU:3    +
   68    76  0   0.0%   0.753 GC:3    +
   13    34  0   0.0%   0.330 AU:3    +
   67    84  0   0.0%   0.825 GU:3    +
   11    31  0   0.0%   0.635 GU:3    +
   67    77  0   0.0%   0.835 GC:3    +
   30    36  0   0.0%   0.496 UA:3    +
   24    58  0   0.0%   0.508 GU:3    +
   30    54  0   0.0%   0.440 UG:3    +
   26    42  0   0.0%   0.371 UA:3    +
   16    71  0   0.0%   0.917 UG:3    +
   19    66  0   0.0%   0.595 UA:3    +
   21    32  0   0.0%   0.655 UG:3    +
   47    58  0   0.0%   0.970 GU:3    +
   48    61  0   0.0%   0.775 UG:3    +
    4    48  0   0.0%   0.621 AU:3    +
   30    68  0   0.0%   1.323 UG:3    +
   15    69  0   0.0%   0.757 GU:3    +
    3    32  0   0.0%   0.417 UG:3    +
   11    43  0   0.0%   0.218 GU:3    +
   69    82  0   0.0%   0.435 UG:3    +
   45    61  0   0.0%   0.755 UG:3    +
   15    19  0   0.0%   0.829 GU:3    +
   54    60  0   0.0%   0.929 GU:3    +
   62    69  0   0.0%   1.209 GU:3    +
   66    78  0   0.0%   0.837 AU:3    +
   46    70  0   0.0%   1.391 UA:3    +
    2    26  0   0.0%   0.422 GU:3    +
    1    16  0   0.0%   0.000 AU:3    +
   51    65  0   0.0%   1.118 GC:3    +
   58    67  0   0.0%   1.358 UG:3    +
   27    71  0   0.0%   0.834 UG:3    +
   50    66  0   0.0%   1.408 UA:3    +
   63    69  0   0.0%   0.909 AU:3    +
    7    41  0   0.0%   0.689 GC:3    +
   53    65  0   0.0%   1.548 GC:3    +
    4    84  0   0.0%   0.655 AU:3    +
    9    44  0   0.0%   0.423 AU:3    +
   26    36  0   0.0%   0.371 UA:3    +
   35    80  0   0.0%   0.725 CG:3    +
   34    81  0   0.0%   0.639 UG:3    +
    1    58  0   0.0%   0.376 AU:3    +
    9    60  0   0.0%   0.427 AU:3    +
   32    83  0   0.0%   0.813 GC:3    +
   33    82  0   0.0%   1.022 UG:3    +
    5    82  0   0.0%   0.518 CG:3    +
   26    52  0   0.0%   0.305 UA:3    +
   29    76  0   0.0%   0.629 GC:3    +
   25    53  0   0.0%   0.528 CG:3    +
    2    31  0   0.0%   0.418 GU:3    +
   27    51  0   0.0%   0.356 UG:3    +
   12    21  0   0.0%   0.331 GU:3    +
    4    31  0   0.0%   0.399 AU:3    +
   44    61  0   0.0%   0.785 UG:3    +
   28    50  0   0.0%   0.012 AU:3    +
   10    43  0   0.0%   0.381 AU:3    +
   38    67  0   0.0%   0.589 UG:3    +
   20    61  0   0.0%   0.029 CG:3    +
   26    40  0   0.0%   0.397 UA:3    +
    2    19  0   0.0%   0.615 GU:3    +
    2    44  0   0.0%   0.679 GU:3    +
    9    58  0   0.0%   0.427 AU:3    +
   27    68  0   0.0%   0.891 UG:3    +
   19    40  0   0.0%   0.686 UA:3    +
   55    69  0   0.0%   0.840 AU:3    +
   18    67  0   0.0%   0.715 CG:3    +
   54    73  0   0.0%   0.606 GC:3    +
   64    69  0   0.0%   0.902 AU:3    +
   19    32  0   0.0%   0.998 UG:3    +
   53    74  0   0.0%   0.797 GC:3    +
   29    83  0   0.0%   0.669 GC:3    +
   36    48  0   0.0%   0.078 AU:3    +
   21    71  0   0.0%   0.677 UG:3    +
   35    72  0   0.0%   0.846 CG:3    +
   29    49  0   0.0%   0.276 GU:3    +
   23    80  0   0.0%   0.724 CG:3    +
   28    84  0   0.0%   0.583 AU:3    +
   31    53  0   0.0%   0.473 UG:3    +
   30    82  0   0.0%   0.905 UG:3    +
   12    77  0   0.0%   0.466 GC:3    +
    2    21  0   0.0%   0.250 GU:3    +
   21    29  0   0.0%   0.469 UG:3    +
   36    84  0   0.0%   0.355 AU:3    +
    6    43  0   0.0%   0.836 AU:3    +
   56    60  0   0.0%   0.892 AU:3    +
   58    81  0   0.0%   0.609 UG:3    +
   62    74  0   0.0%   0.826 GC:3    +
   49    67  0   0.0%   1.445 UG:3    +
   61    75  0   0.0%   0.528 GC:3    +
   17    41  0   0.0%   0.906 GC:3    +
   26    68  0   0.0%   1.095 UG:3    +
   13    84  0   0.0%   0.238 AU:3    +
   30    66  0   0.0%   0.961 UA:3    +
   24    43  0   0.0%   0.573 GU:3    +
   31    81  0   0.0%   0.936 UG:3    +
   11    78  0   0.0%   0.261 GU:3    +
   58    63  0   0.0%   1.082 UA:3    +
   32    44  0   0.0%   0.642 GU:3    +
   16    42  0   0.0%   0.960 UA:3    +
   20    54  0   0.0%   0.028 CG:3    +
   32    60  0   0.0%   0.686 GU:3    +
    2    59  0   0.0%   0.678 GC:3    +
   10    69  0   0.0%   0.439 AU:3    +
   32    75  0   0.0%   0.779 GC:3    +
    6    30  0   0.0%   0.454 AU:3    +
    1    60  0   0.0%   0.376 AU:3    +
   58    72  0   0.0%   0.733 UG:3    +
   21    53  0   0.0%   0.297 UG:3    +
((((((.......))))))(((..((.((((.(((((.((.....)).))))).))))..))..)))...(((((....)))))
