3 sequence; length of alignment 48
alifold output
   31    44  0  87.5%   0.448 GC:3   
   29    46  0  87.3%   0.495 UA:3   
   30    45  0  87.3%   0.551 UG:3   
   28    47  0  87.1%   0.407 GC:3   
   12    20  0  86.4%   0.666 CG:3   
   13    19  0  86.3%   0.674 UA:3   
   32    43  0  85.5%   0.803 CG:3   
   14    18  0  84.9%   0.730 CG:3   
    4    26  0  75.2%   1.218 GC:3   
    5    25  0  75.2%   1.197 AU:3   
    6    24  0  75.1%   1.086 GC:3   
    3    27  0  75.0%   1.245 GC:3   
    7    23  0  74.3%   0.961 AU:3   
    9    23  0  11.6%   1.215 AU:3    +
    8    24  0  11.6%   1.350 GC:3    +
    7    25  0  11.3%   1.479 AU:3    +
    6    26  0  10.8%   1.612 GC:3    +
   38    44  0  10.0%   1.063 GC:3    +
   39    43  0   9.8%   0.938 CG:3    +
   37    45  0   9.1%   0.796 UG:3    +
   33    38  0   8.0%   1.004 CG:3    +
   36    46  0   7.6%   0.721 UA:3    +
   20    33  0   5.2%   0.962 GC:3    +
   19    34  0   5.2%   0.753 AU:3    +
   18    35  0   5.2%   0.759 GC:3    +
   21    32  0   5.2%   0.791 GC:3    +
    1    27  0   4.6%   0.568 GC:3    +
    2    26  0   4.6%   0.569 GC:3    +
    3    25  0   4.5%   0.692 GU:3    +
    4    14  0   4.5%   0.420 GC:3    +
    5    13  0   4.5%   0.420 AU:3    +
    4    24  0   4.5%   0.691 GC:3    +
    3    15  0   4.5%   0.419 GU:3    +
    6    12  0   4.5%   0.418 GC:3    +
    2    16  0   4.5%   0.417 GU:3    +
    1    17  0   4.4%   0.416 GC:3    +
    5    23  0   4.4%   0.685 AU:3    +
    6    14  0   4.3%   0.686 GC:3    +
    7    13  0   4.3%   0.546 AU:3    +
    5    15  0   4.2%   0.678 AU:3    +
    8    12  0   4.1%   0.533 GC:3    +
    4    16  0   4.1%   0.673 GU:3    +
    3    17  0   4.0%   0.672 GC:3    +
    4    27  0   2.9%   1.325 GC:3    +
    2    32  0   2.9%   0.626 GC:3    +
    1    33  0   2.9%   0.611 GC:3    +
    4    30  0   2.6%   1.025 GU:3    +
    8    17  0   2.3%   0.698 GC:3    +
    9    16  0   2.3%   0.572 AU:3    +
    5    29  0   2.2%   0.905 AU:3    +
    1    35  0   2.1%   0.677 GC:3    +
    3    33  0   2.1%   1.059 GC:3    +
    2    34  0   2.1%   0.719 GU:3    +
    4    32  0   2.1%   1.207 GC:3    +
   20    27  0   1.8%   0.918 GC:3    +
   21    26  0   1.7%   0.914 GC:3    +
   10    15  0   1.7%   0.507 AU:3    +
   33    43  0   1.6%   0.920 CG:3    +
   19    25  0   1.0%   0.876 AU:3    +
   18    26  0   1.0%   0.910 GC:3    +
   20    24  0   1.0%   0.902 GC:3    +
    5    30  0   0.9%   0.943 AU:3    +
   24    31  0   0.8%   0.787 CG:3    +
   22    30  0   0.7%   0.300 AU:3    +
    2    33  0   0.7%   0.624 GC:3    +
    3    32  0   0.7%   0.851 GC:3    +
   14    21  0   0.6%   0.542 CG:3    +
   13    22  0   0.6%   0.521 UA:3    +
   15    20  0   0.5%   0.589 UG:3    +
    2    27  0   0.5%   0.505 GC:3    +
    1    34  0   0.4%   0.479 GU:3    +
    8    14  0   0.4%   0.472 GC:3    +
    7    15  0   0.4%   0.469 AU:3    +
    6    16  0   0.3%   0.602 GU:3    +
   31    39  0   0.3%   0.126 GC:3    +
   32    38  0   0.3%   0.429 CG:3    +
    3    26  0   0.3%   0.606 GC:3    +
    9    13  0   0.3%   0.327 AU:3    +
    1    29  0   0.3%   0.331 GU:3    +
   12    18  0   0.3%   0.316 CG:3    +
   28    44  0   0.2%   0.078 GC:3    +
   29    43  0   0.2%   0.164 UG:3    +
    4    41  0   0.2%   0.947 GC:3    +
    1    44  0   0.2%   0.547 GC:3    +
    3    42  0   0.2%   0.795 GU:3    +
    5    40  0   0.1%   0.790 AU:3    +
   27    45  0   0.1%   0.598 CG:3    +
   24    28  0   0.1%   0.690 CG:3    +
   23    28  0   0.1%   0.643 UG:3    +
   22    29  0   0.1%   0.174 AU:3    +
   23    31  0   0.1%   0.649 UG:3    +
    6    17  0   0.1%   0.587 GC:3    +
    6    27  0   0.1%   1.265 GC:3    +
    2    29  0   0.1%   0.347 GU:3    +
    6    39  0   0.1%   0.795 GC:3    +
   38    47  0   0.1%   0.610 GC:3    +
    7    16  0   0.1%   0.465 AU:3    +
    1    30  0   0.1%   0.314 GU:3    +
    4    25  0   0.1%   0.566 GU:3    +
    1    47  0   0.1%   0.541 GC:3    +
   37    48  0   0.1%   0.246 UA:3    +
    8    15  0   0.1%   0.459 GU:3    +
    6    41  0   0.1%   0.802 GC:3    +
    7    40  0   0.1%   0.659 AU:3    +
   41    45  0   0.1%   0.386 CG:3    +
    5    42  0   0.1%   0.790 AU:3    +
    8    39  0   0.1%   0.525 GC:3    +
   40    46  0   0.1%   0.350 UA:3    +
   12    21  0   0.0%   0.424 CG:3    +
    3    44  0   0.0%   0.795 GC:3    +
   28    39  0   0.0%   0.051 GC:3    +
   29    38  0   0.0%   0.137 UG:3    +
   34    48  0   0.0%   0.282 UA:3    +
   14    20  0   0.0%   0.576 CG:3    +
   35    43  0   0.0%   0.465 CG:3    +
   18    24  0   0.0%   0.769 GC:3    +
   18    27  0   0.0%   0.708 GC:3    +
   35    45  0   0.0%   0.385 CG:3    +
   39    45  0   0.0%   0.626 CG:3    +
   38    42  0   0.0%   0.252 GU:3    +
   34    38  0   0.0%   0.498 UG:3    +
   13    20  0   0.0%   0.556 UG:3    +
   15    19  0   0.0%   0.504 UA:3    +
    6    35  0   0.0%   0.858 GC:3    +
    7    34  0   0.0%   0.742 AU:3    +
   34    46  0   0.0%   0.394 UA:3    +
    5    36  0   0.0%   0.763 AU:3    +
    8    33  0   0.0%   0.722 GC:3    +
   19    23  0   0.0%   0.749 AU:3    +
    4    37  0   0.0%   0.918 GU:3    +
    2    47  0   0.0%   0.553 GC:3    +
    8    23  0   0.0%   0.609 GU:3    +
    2    17  0   0.0%   0.285 GC:3    +
    2    39  0   0.0%   0.542 GC:3    +
   11    29  0   0.0%   0.120 AU:3    +
   12    28  0   0.0%   0.423 CG:3    +
   10    30  0   0.0%   0.223 AU:3    +
   31    47  0   0.0%   0.321 GC:3    +
    6    29  0   0.0%   0.880 GU:3    +
   13    21  0   0.0%   0.433 UG:3    +
   17    28  0   0.0%   0.375 CG:3    +
    1    41  0   0.0%   0.520 GC:3    +
   18    30  0   0.0%   0.360 GU:3    +
   19    29  0   0.0%   0.299 AU:3    +
   26    31  0   0.0%   0.787 CG:3    +
   20    26  0   0.0%   0.871 GC:3    +
    9    36  0   0.0%   0.365 AU:3    +
   17    31  0   0.0%   0.376 CG:3    +
    1    40  0   0.0%   0.518 GU:3    +
   11    36  0   0.0%   0.015 AU:3    +
   21    27  0   0.0%   0.684 GC:3    +
    2    40  0   0.0%   0.544 GU:3    +
    2    41  0   0.0%   0.545 GC:3    +
   28    35  0   0.0%   0.268 GC:3    +
   19    40  0   0.0%   0.356 AU:3    +
   18    41  0   0.0%   0.385 GC:3    +
   20    39  0   0.0%   0.453 GC:3    +
   14    31  0   0.0%   0.477 CG:3    +
   30    48  0   0.0%   0.309 UA:3    +
    3    39  0   0.0%   0.768 GC:3    +
    1    42  0   0.0%   0.520 GU:3    +
    3    16  0   0.0%   0.283 GU:3    +
    8    37  0   0.0%   0.508 GU:3    +
    3    29  0   0.0%   0.671 GU:3    +
    8    35  0   0.0%   0.589 GC:3    +
    9    34  0   0.0%   0.466 AU:3    +
    7    36  0   0.0%   0.638 AU:3    +
    4    17  0   0.0%   0.545 GC:3    +
    3    40  0   0.0%   0.769 GU:3    +
   22    37  0   0.0%   0.087 AU:3    +
    4    29  0   0.0%   0.761 GU:3    +
   17    21  0   0.0%   0.407 CG:3    +
    4    39  0   0.0%   0.919 GC:3    +
   37    46  0   0.0%   0.548 UA:3    +
   28    41  0   0.0%   0.048 GC:3    +
   16    22  0   0.0%   0.419 UA:3    +
   10    37  0   0.0%   0.082 AU:3    +
    3    30  0   0.0%   0.654 GU:3    +
    2    35  0   0.0%   0.619 GC:3    +
    3    12  0   0.0%   0.002 GC:3    +
   43    47  0   0.0%   0.582 GC:3    +
    2    13  0   0.0%   0.002 GU:3    +
    1    14  0   0.0%   0.002 GC:3    +
   33    45  0   0.0%   0.773 CG:3    +
    6    30  0   0.0%   0.913 GU:3    +
   21    25  0   0.0%   0.693 GU:3    +
   13    18  0   0.0%   0.310 UG:3    +
   36    43  0   0.0%   0.226 UG:3    +
    1    32  0   0.0%   0.306 GC:3    +
   31    41  0   0.0%   0.092 GC:3    +
   10    23  0   0.0%   0.683 AU:3    +
    5    16  0   0.0%   0.545 AU:3    +
    9    37  0   0.0%   0.364 AU:3    +
   10    36  0   0.0%   0.081 AU:3    +
   12    31  0   0.0%   0.420 CG:3    +
    6    37  0   0.0%   0.774 GU:3    +
   21    30  0   0.0%   0.263 GU:3    +
   18    29  0   0.0%   0.323 GU:3    +
    2    30  0   0.0%   0.324 GU:3    +
   28    42  0   0.0%   0.044 GU:3    +
   42    48  0   0.0%   0.030 UA:3    +
   27    31  0   0.0%   0.623 CG:3    +
   28    33  0   0.0%   0.397 GC:3    +
    8    26  0   0.0%   1.112 GC:3    +
    7    29  0   0.0%   0.742 AU:3    +
    9    25  0   0.0%   0.960 AU:3    +
    1    36  0   0.0%   0.514 GU:3    +
    4    35  0   0.0%   0.994 GC:3    +
    5    34  0   0.0%   0.860 AU:3    +
   27    43  0   0.0%   0.572 CG:3    +
    3    34  0   0.0%   0.867 GU:3    +
    4    33  0   0.0%   1.128 GC:3    +
   10    16  0   0.0%   0.454 AU:3    +
    9    15  0   0.0%   0.316 AU:3    +
   36    45  0   0.0%   0.143 UG:3    +
   25    31  0   0.0%   0.703 UG:3    +
    3    36  0   0.0%   0.763 GU:3    +
   11    15  0   0.0%   0.369 AU:3    +
    5    37  0   0.0%   0.761 AU:3    +
   20    35  0   0.0%   0.675 GC:3    +
    3    24  0   0.0%   0.273 GC:3    +
   19    36  0   0.0%   0.344 AU:3    +
    8    16  0   0.0%   0.455 GU:3    +
   18    37  0   0.0%   0.371 GU:3    +
    7    37  0   0.0%   0.637 AU:3    +
   26    45  0   0.0%   0.736 CG:3    +
   37    43  0   0.0%   0.225 UG:3    +
   25    46  0   0.0%   0.654 UA:3    +
    4    44  0   0.0%   0.938 GC:3    +
   21    34  0   0.0%   0.531 GU:3    +
   32    45  0   0.0%   0.652 CG:3    +
    4    15  0   0.0%   0.280 GU:3    +
   34    43  0   0.0%   0.480 UG:3    +
    2    37  0   0.0%   0.536 GU:3    +
   21    35  0   0.0%   0.509 GC:3    +
   17    38  0   0.0%   0.372 CG:3    +
    2    44  0   0.0%   0.551 GC:3    +
   22    34  0   0.0%   0.342 AU:3    +
    6    25  0   0.0%   0.875 GU:3    +
    6    33  0   0.0%   0.984 GC:3    +
    1    26  0   0.0%   0.140 GC:3    +
   28    37  0   0.0%   0.032 GU:3    +
    2    25  0   0.0%   0.143 GU:3    +
   11    23  0   0.0%   0.612 AU:3    +
   20    36  0   0.0%   0.443 GU:3    +
   15    22  0   0.0%   0.432 UA:3    +
   27    38  0   0.0%   0.572 CG:3    +
    8    36  0   0.0%   0.506 GU:3    +
   31    35  0   0.0%   0.296 GC:3    +
   16    21  0   0.0%   0.422 UG:3    +
   40    45  0   0.0%   0.374 UG:3    +
   11    16  0   0.0%   0.384 AU:3    +
   31    40  0   0.0%   0.090 GU:3    +
    4    23  0   0.0%   0.273 GU:3    +
   14    38  0   0.0%   0.474 CG:3    +
   21    41  0   0.0%   0.286 GC:3    +
   19    37  0   0.0%   0.342 AU:3    +
   22    40  0   0.0%   0.098 AU:3    +
   14    28  0   0.0%   0.475 CG:3    +
   11    34  0   0.0%   0.113 AU:3    +
   18    44  0   0.0%   0.379 GC:3    +
    1    24  0   0.0%   0.140 GC:3    +
    2    23  0   0.0%   0.142 GU:3    +
   36    48  0   0.0%   0.212 UA:3    +
   20    42  0   0.0%   0.450 GU:3    +
   20    32  0   0.0%   0.496 GC:3    +
    2    14  0   0.0%   0.002 GC:3    +
   24    45  0   0.0%   0.700 CG:3    +
    4    12  0   0.0%   0.001 GC:3    +
    3    13  0   0.0%   0.002 GU:3    +
    1    39  0   0.0%   0.514 GC:3    +
   23    46  0   0.0%   0.630 UA:3    +
   12    38  0   0.0%   0.419 CG:3    +
   28    32  0   0.0%   0.393 GC:3    +
   17    45  0   0.0%   0.371 CG:3    +
    8    27  0   0.0%   0.992 GC:3    +
    1    15  0   0.0%   0.001 GU:3    +
   20    25  0   0.0%   0.858 GU:3    +
    3    47  0   0.0%   0.785 GC:3    +
   24    38  0   0.0%   0.700 CG:3    +
    6    15  0   0.0%   0.547 GU:3    +
    6    23  0   0.0%   0.438 GU:3    +
   11    30  0   0.0%   0.151 AU:3    +
   30    46  0   0.0%   0.424 UA:3    +
   26    43  0   0.0%   0.735 CG:3    +
    8    32  0   0.0%   0.714 GC:3    +
   31    36  0   0.0%   0.061 GU:3    +
   16    20  0   0.0%   0.545 UG:3    +
   16    46  0   0.0%   0.385 UA:3    +
    2    24  0   0.0%   0.142 GC:3    +
   15    38  0   0.0%   0.400 UG:3    +
   21    47  0   0.0%   0.274 GC:3    +
   18    33  0   0.0%   0.429 GC:3    +
    2    42  0   0.0%   0.542 GU:3    +
    3    41  0   0.0%   0.767 GC:3    +
   18    25  0   0.0%   0.764 GU:3    +
    1    25  0   0.0%   0.140 GU:3    +
   21    33  0   0.0%   0.641 GC:3    +
    8    13  0   0.0%   0.407 GU:3    +
    2    36  0   0.0%   0.536 GU:3    +
   16    28  0   0.0%   0.387 UG:3    +
   11    37  0   0.0%   0.011 AU:3    +
    1    37  0   0.0%   0.513 GU:3    +
    2    15  0   0.0%   0.001 GU:3    +
   34    45  0   0.0%   0.396 UG:3    +
    3    14  0   0.0%   0.002 GC:3    +
   18    39  0   0.0%   0.379 GC:3    +
    6    36  0   0.0%   0.773 GU:3    +
   30    43  0   0.0%   0.199 UG:3    +
    3    35  0   0.0%   0.844 GC:3    +
   16    31  0   0.0%   0.387 UG:3    +
   42    46  0   0.0%   0.342 UA:3    +
   29    45  0   0.0%   0.149 UG:3    +
    4    13  0   0.0%   0.001 GU:3    +
   10    25  0   0.0%   0.676 AU:3    +
    4    40  0   0.0%   0.918 GU:3    +
   28    34  0   0.0%   0.286 GU:3    +
    4    47  0   0.0%   0.931 GC:3    +
    3    23  0   0.0%   0.272 GU:3    +
   25    48  0   0.0%   0.653 UA:3    +
    1    16  0   0.0%   0.001 GU:3    +
   31    37  0   0.0%   0.061 GU:3    +
   20    41  0   0.0%   0.453 GC:3    +
   19    42  0   0.0%   0.351 AU:3    +
   15    21  0   0.0%   0.437 UG:3    +
   15    31  0   0.0%   0.401 UG:3    +
   23    48  0   0.0%   0.630 UA:3    +
   15    28  0   0.0%   0.402 UG:3    +
   18    23  0   0.0%   0.766 GU:3    +
    4    34  0   0.0%   1.015 GU:3    +
    4    42  0   0.0%   0.935 GU:3    +
   31    42  0   0.0%   0.087 GU:3    +
   16    38  0   0.0%   0.385 UG:3    +
   30    38  0   0.0%   0.191 UG:3    +
   19    30  0   0.0%   0.330 AU:3    +
    6    13  0   0.0%   0.280 GU:3    +
    3    37  0   0.0%   0.762 GU:3    +
   10    34  0   0.0%   0.182 AU:3    +
   20    47  0   0.0%   0.442 GC:3    +
   21    40  0   0.0%   0.286 GU:3    +
   20    34  0   0.0%   0.697 GU:3    +
   18    47  0   0.0%   0.372 GC:3    +
..(((((....(((...)))..)))))(((((..........))))).
