3 sequence; length of alignment 42
alifold output
   12    28  0  76.1%   0.945 GC:3   
   13    27  0  75.9%   0.752 UA:3   
   14    26  0  75.0%   0.699 UA:3   
    8    31  0  74.7%   1.231 GC:3   
    7    32  0  73.7%   1.192 GU:3   
    9    30  0  73.4%   0.977 AU:3   
   15    25  0  71.2%   0.991 UA:3   
    6    33  0  64.2%   0.966 UA:3   
    2    36  0  11.5%   0.957 GU:3    +
    3    35  0  11.3%   1.029 UA:3    +
   25    38  0  10.5%   1.479 AU:3    +
   24    39  0  10.4%   1.015 UA:3    +
   26    37  0  10.4%   1.454 AU:3    +
   27    36  0   9.9%   1.328 AU:3    +
   23    40  0   9.7%   0.931 UA:3    +
    7    21  0   9.1%   0.864 GC:3    +
    8    20  0   9.1%   0.955 GC:3    +
   12    17  0   7.6%   0.741 GC:3    +
    2    37  0   7.2%   1.179 GU:3    +
   11    18  0   7.0%   0.734 UA:3    +
   22    41  0   7.0%   0.770 UA:3    +
    1    37  0   5.8%   0.661 AU:3    +
    1    38  0   5.7%   0.819 AU:3    +
   28    34  0   5.5%   0.839 CG:3    +
    4    24  0   4.7%   0.463 AU:3    +
   29    33  0   4.5%   0.864 UA:3    +
    5    23  0   4.2%   0.452 AU:3    +
    3    25  0   3.8%   0.461 UA:3    +
    7    17  0   3.2%   0.340 GC:3    +
    8    16  0   3.1%   0.335 GU:3    +
    9    15  0   2.7%   0.389 AU:3    +
    6    18  0   2.4%   0.287 UA:3    +
    4    38  0   2.1%   0.697 AU:3    +
    2    10  0   2.0%   0.238 GC:3    +
    5    37  0   2.0%   0.851 AU:3    +
    3     9  0   1.9%   0.230 UA:3    +
    3    39  0   1.9%   0.762 UA:3    +
    2    28  0   1.9%   0.339 GC:3    +
    8    19  0   1.9%   0.386 GC:3    +
    7    20  0   1.9%   0.352 GC:3    +
    1    11  0   1.8%   0.219 AU:3    +
   18    22  0   1.7%   0.602 AU:3    +
    3    27  0   1.6%   0.408 UA:3    +
    1    29  0   1.4%   0.265 AU:3    +
    2    38  0   1.1%   0.950 GU:3    +
    5    36  0   1.0%   0.601 AU:3    +
    8    21  0   0.9%   0.792 GC:3    +
    4    37  0   0.8%   0.676 AU:3    +
    7    22  0   0.8%   0.556 GU:3    +
    7    31  0   0.8%   0.589 GC:3    +
    8    30  0   0.8%   0.608 GU:3    +
   12    19  0   0.7%   0.405 GC:3    +
   18    23  0   0.7%   0.656 AU:3    +
   24    33  0   0.7%   0.595 UA:3    +
    9    29  0   0.7%   0.386 AU:3    +
   23    34  0   0.6%   0.340 UG:3    +
    8    17  0   0.6%   0.325 GC:3    +
   25    32  0   0.6%   0.767 AU:3    +
   13    18  0   0.6%   0.390 UA:3    +
    6    35  0   0.6%   0.737 UA:3    +
    9    16  0   0.6%   0.382 AU:3    +
   16    25  0   0.6%   0.627 UA:3    +
   22    35  0   0.5%   0.529 UA:3    +
    4    36  0   0.5%   0.515 AU:3    +
   15    26  0   0.4%   0.654 UA:3    +
    5    22  0   0.3%   0.078 AU:3    +
   29    35  0   0.3%   0.610 UA:3    +
   14    25  0   0.3%   0.204 UA:3    +
    4    23  0   0.3%   0.062 AU:3    +
   13    26  0   0.2%   0.090 UA:3    +
   14    27  0   0.2%   0.568 UA:3    +
   30    34  0   0.2%   0.558 UG:3    +
    8    23  0   0.2%   0.675 GU:3    +
    2    42  0   0.2%   0.727 GC:3    +
    9    22  0   0.2%   0.315 AU:3    +
    7    24  0   0.2%   0.647 GU:3    +
   29    34  0   0.2%   0.510 UG:3    +
    1    36  0   0.2%   0.190 AU:3    +
    3    41  0   0.2%   0.651 UA:3    +
   21    34  0   0.2%   0.339 CG:3    +
   10    34  0   0.2%   0.126 CG:3    +
   11    33  0   0.2%   0.590 UA:3    +
   22    33  0   0.2%   0.485 UA:3    +
   18    24  0   0.2%   0.625 AU:3    +
    6    25  0   0.2%   0.259 UA:3    +
    2    21  0   0.2%   0.131 GC:3    +
    8    37  0   0.1%   1.254 GU:3    +
    2    19  0   0.1%   0.115 GC:3    +
    9    36  0   0.1%   0.848 AU:3    +
    7    38  0   0.1%   1.058 GU:3    +
   13    41  0   0.1%   0.307 UA:3    +
   14    40  0   0.1%   0.293 UA:3    +
   12    42  0   0.1%   0.501 GC:3    +
    3    18  0   0.1%   0.103 UA:3    +
    6    39  0   0.1%   0.528 UA:3    +
   15    39  0   0.1%   0.485 UA:3    +
    7    19  0   0.1%   0.149 GC:3    +
    3    34  0   0.1%   0.304 UG:3    +
    2    31  0   0.1%   0.214 GC:3    +
    1    32  0   0.1%   0.166 AU:3    +
    1    22  0   0.1%   0.095 AU:3    +
    5    24  0   0.1%   0.330 AU:3    +
    2    20  0   0.1%   0.113 GC:3    +
   33    38  0   0.1%   1.049 AU:3    +
   32    39  0   0.1%   0.623 UA:3    +
    5    13  0   0.1%   0.017 AU:3    +
    5    14  0   0.1%   0.027 AU:3    +
    6    12  0   0.1%   0.019 UG:3    +
    2    17  0   0.1%   0.097 GC:3    +
   12    32  0   0.1%   0.708 GU:3    +
    4    14  0   0.1%   0.016 AU:3    +
    4    15  0   0.1%   0.019 AU:3    +
    9    14  0   0.0%   0.102 AU:3    +
    8    15  0   0.0%   0.022 GU:3    +
    5    38  0   0.0%   0.603 AU:3    +
   26    36  0   0.0%   0.614 AU:3    +
   12    21  0   0.0%   0.520 GC:3    +
   17    34  0   0.0%   0.375 CG:3    +
   34    42  0   0.0%   0.292 GC:3    +
    3    26  0   0.0%   0.219 UA:3    +
   25    30  0   0.0%   0.699 AU:3    +
   16    35  0   0.0%   0.461 UA:3    +
    5    15  0   0.0%   0.023 AU:3    +
    6    34  0   0.0%   0.410 UG:3    +
    4    16  0   0.0%   0.018 AU:3    +
    7    16  0   0.0%   0.016 GU:3    +
   25    37  0   0.0%   0.951 AU:3    +
   22    40  0   0.0%   0.207 UA:3    +
    1     6  0   0.0%   0.006 AU:3    +
   11    27  0   0.0%   0.335 UA:3    +
   14    34  0   0.0%   0.291 UG:3    +
   23    39  0   0.0%   0.333 UA:3    +
   13    35  0   0.0%   0.550 UA:3    +
    3    33  0   0.0%   0.285 UA:3    +
    3    40  0   0.0%   0.616 UA:3    +
   15    33  0   0.0%   0.679 UA:3    +
    8    14  0   0.0%   0.019 GU:3    +
   12    36  0   0.0%   0.809 GU:3    +
    2    23  0   0.0%   0.118 GU:3    +
   30    39  0   0.0%   0.619 UA:3    +
    7    11  0   0.0%   0.079 GU:3    +
    2    24  0   0.0%   0.120 GU:3    +
    9    13  0   0.0%   0.088 AU:3    +
    1    24  0   0.0%   0.086 AU:3    +
    8    32  0   0.0%   0.990 GU:3    +
   13    25  0   0.0%   0.183 UA:3    +
   30    35  0   0.0%   0.614 UA:3    +
    4    11  0   0.0%   0.077 AU:3    +
    5    32  0   0.0%   0.185 AU:3    +
   29    40  0   0.0%   0.511 UA:3    +
    7    15  0   0.0%   0.014 GU:3    +
   12    16  0   0.0%   0.153 GU:3    +
   12    29  0   0.0%   0.553 GU:3    +
    4    32  0   0.0%   0.184 AU:3    +
    7    14  0   0.0%   0.016 GU:3    +
    3    12  0   0.0%   0.081 UG:3    +
   36    41  0   0.0%   0.793 UA:3    +
   27    37  0   0.0%   1.245 AU:3    +
   12    31  0   0.0%   0.720 GC:3    +
   26    38  0   0.0%   1.044 AU:3    +
    5    16  0   0.0%   0.020 AU:3    +
   11    26  0   0.0%   0.269 UA:3    +
    3     8  0   0.0%   0.003 UG:3    +
    2    22  0   0.0%   0.121 GU:3    +
   12    20  0   0.0%   0.541 GC:3    +
    7    13  0   0.0%   0.010 GU:3    +
   34    38  0   0.0%   0.814 GU:3    +
   12    24  0   0.0%   0.413 GU:3    +
    8    13  0   0.0%   0.011 GU:3    +
   23    41  0   0.0%   0.674 UA:3    +
   11    25  0   0.0%   0.402 UA:3    +
    4    22  0   0.0%   0.023 AU:3    +
   18    36  0   0.0%   0.781 AU:3    +
    2    29  0   0.0%   0.253 GU:3    +
    7    23  0   0.0%   0.608 GU:3    +
    7    28  0   0.0%   0.545 GC:3    +
   36    40  0   0.0%   0.824 UA:3    +
   18    37  0   0.0%   0.919 AU:3    +
   24    40  0   0.0%   0.692 UA:3    +
    1    30  0   0.0%   0.146 AU:3    +
   15    40  0   0.0%   0.398 UA:3    +
   16    26  0   0.0%   0.432 UA:3    +
   37    41  0   0.0%   0.936 UA:3    +
   20    34  0   0.0%   0.329 CG:3    +
   23    33  0   0.0%   0.516 UA:3    +
   24    34  0   0.0%   0.289 UG:3    +
    4    30  0   0.0%   0.176 AU:3    +
   16    39  0   0.0%   0.270 UA:3    +
   26    32  0   0.0%   0.534 AU:3    +
    5    29  0   0.0%   0.236 AU:3    +
   30    40  0   0.0%   0.530 UA:3    +
    9    32  0   0.0%   0.722 AU:3    +
   23    35  0   0.0%   0.547 UA:3    +
    8    24  0   0.0%   0.662 GU:3    +
    1    23  0   0.0%   0.083 AU:3    +
    9    23  0   0.0%   0.391 AU:3    +
   32    41  0   0.0%   0.492 UA:3    +
    8    28  0   0.0%   0.572 GC:3    +
   14    41  0   0.0%   0.297 UA:3    +
    7    29  0   0.0%   0.533 GU:3    +
   29    41  0   0.0%   0.478 UA:3    +
   22    34  0   0.0%   0.202 UG:3    +
    2    16  0   0.0%   0.082 GU:3    +
    8    22  0   0.0%   0.546 GU:3    +
   32    40  0   0.0%   0.525 UA:3    +
   27    32  0   0.0%   0.567 AU:3    +
   15    27  0   0.0%   0.666 UA:3    +
    6    26  0   0.0%   0.114 UA:3    +
    2    13  0   0.0%   0.081 GU:3    +
    2    15  0   0.0%   0.081 GU:3    +
   29    39  0   0.0%   0.597 UA:3    +
    8    38  0   0.0%   1.069 GU:3    +
    9    37  0   0.0%   0.978 AU:3    +
   26    30  0   0.0%   0.527 AU:3    +
   19    34  0   0.0%   0.156 CG:3    +
   30    41  0   0.0%   0.496 UA:3    +
    2    30  0   0.0%   0.192 GU:3    +
    5    11  0   0.0%   0.075 AU:3    +
    8    36  0   0.0%   1.087 GU:3    +
    4    29  0   0.0%   0.234 AU:3    +
   14    18  0   0.0%   0.335 UA:3    +
    7    37  0   0.0%   1.206 GU:3    +
   33    37  0   0.0%   1.210 AU:3    +
    1    14  0   0.0%   0.075 AU:3    +
    7    36  0   0.0%   1.067 GU:3    +
    6    40  0   0.0%   0.439 UA:3    +
    1    16  0   0.0%   0.075 AU:3    +
    6    27  0   0.0%   0.176 UA:3    +
    8    29  0   0.0%   0.559 GU:3    +
   15    34  0   0.0%   0.402 UG:3    +
   11    35  0   0.0%   0.557 UA:3    +
    2     6  0   0.0%   0.003 GU:3    +
    2    14  0   0.0%   0.081 GU:3    +
   25    29  0   0.0%   0.523 AU:3    +
    2    32  0   0.0%   0.206 GU:3    +
   11    34  0   0.0%   0.301 UG:3    +
   14    35  0   0.0%   0.546 UA:3    +
    4    13  0   0.0%   0.002 AU:3    +
    9    24  0   0.0%   0.390 AU:3    +
   16    40  0   0.0%   0.189 UA:3    +
    7    42  0   0.0%   0.756 GC:3    +
   22    27  0   0.0%   0.438 UA:3    +
   18    38  0   0.0%   0.742 AU:3    +
   11    39  0   0.0%   0.363 UA:3    +
   12    23  0   0.0%   0.411 GU:3    +
   22    39  0   0.0%   0.282 UA:3    +
   12    38  0   0.0%   0.769 GU:3    +
   27    38  0   0.0%   1.067 AU:3    +
   15    41  0   0.0%   0.408 UA:3    +
    7    30  0   0.0%   0.472 GU:3    +
    2    11  0   0.0%   0.152 GU:3    +
    6    41  0   0.0%   0.450 UA:3    +
   16    33  0   0.0%   0.475 UA:3    +
   22    26  0   0.0%   0.405 UA:3    +
   14    39  0   0.0%   0.349 UA:3    +
   13    33  0   0.0%   0.565 UA:3    +
    1    15  0   0.0%   0.075 AU:3    +
   11    40  0   0.0%   0.281 UA:3    +
    3     7  0   0.0%   0.000 UG:3    +
   13    40  0   0.0%   0.271 UA:3    +
   18    30  0   0.0%   0.699 AU:3    +
    5    30  0   0.0%   0.175 AU:3    +
   24    35  0   0.0%   0.526 UA:3    +
   14    33  0   0.0%   0.562 UA:3    +
   23    27  0   0.0%   0.492 UA:3    +
   15    35  0   0.0%   0.657 UA:3    +
   16    34  0   0.0%   0.199 UG:3    +
   16    27  0   0.0%   0.465 UA:3    +
   18    32  0   0.0%   0.675 AU:3    +
   25    36  0   0.0%   0.807 AU:3    +
   12    30  0   0.0%   0.720 GU:3    +
   13    34  0   0.0%   0.289 UG:3    +
    1    13  0   0.0%   0.075 AU:3    +
   16    41  0   0.0%   0.199 UA:3    +
    9    38  0   0.0%   0.802 AU:3    +
   24    41  0   0.0%   0.659 UA:3    +
    8    42  0   0.0%   0.776 GC:3    +
   12    22  0   0.0%   0.322 GU:3    +
   11    41  0   0.0%   0.292 UA:3    +
   18    29  0   0.0%   0.530 AU:3    +
   12    37  0   0.0%   0.945 GU:3    +
   13    39  0   0.0%   0.352 UA:3    +
.....((((..((((.........)))).)))).........
