3 sequence; length of alignment 35
alifold output
   24    31  0  96.4%   0.147 CG:3   
   23    32  0  96.3%   0.149 AU:3   
    3    16  0  95.4%   0.163 CG:3   
    2    17  0  95.3%   0.164 GC:3   
   25    30  0  93.8%   0.185 GC:3   
   22    33  0  93.5%   0.306 CG:3   
    4    15  0  92.5%   0.218 AU:3   
    7    12  0  88.1%   0.364 GC:3   
    6    13  0  87.7%   0.353 UA:3   
    1    18  0  84.6%   0.426 CG:3   
   20    34  0   3.2%   0.443 AU:3    +
   27    33  0   2.4%   0.452 CG:3    +
   26    34  0   2.4%   0.411 AU:3    +
   25    35  0   2.4%   0.342 GC:3    +
    7    17  0   2.1%   0.415 GC:3    +
    8    16  0   2.1%   0.303 CG:3    +
   21    33  0   1.9%   0.301 CG:3    +
    6    14  0   1.7%   0.333 UA:3    +
   28    32  0   1.6%   0.277 AU:3    +
    7    19  0   1.4%   0.427 GC:3    +
    8    18  0   1.3%   0.488 CG:3    +
    6    20  0   1.0%   0.366 UA:3    +
    2    19  0   1.0%   0.211 GC:3    +
    3    18  0   1.0%   0.351 CG:3    +
    5    15  0   1.0%   0.206 AU:3    +
   19    33  0   0.8%   0.249 CG:3    +
   20    32  0   0.8%   0.162 AU:3    +
   21    31  0   0.7%   0.114 CG:3    +
   11    17  0   0.6%   0.248 GC:3    +
   12    16  0   0.6%   0.371 CG:3    +
    6    18  0   0.6%   0.477 UG:3    +
   12    18  0   0.5%   0.517 CG:3    +
   11    19  0   0.5%   0.240 GC:3    +
   18    34  0   0.5%   0.381 GU:3    +
   10    15  0   0.4%   0.185 AU:3    +
    9    16  0   0.4%   0.192 UG:3    +
    3    11  0   0.2%   0.058 CG:3    +
    2    12  0   0.2%   0.058 GC:3    +
    2     8  0   0.2%   0.038 GC:3    +
    3     7  0   0.2%   0.038 CG:3    +
   18    35  0   0.1%   0.358 GC:3    +
    6    11  0   0.1%   0.038 UG:3    +
   24    33  0   0.1%   0.226 CG:3    +
   23    34  0   0.0%   0.185 AU:3    +
   25    29  0   0.0%   0.011 GC:3    +
    9    14  0   0.0%   0.079 UA:3    +
   25    32  0   0.0%   0.149 GU:3    +
    2    21  0   0.0%   0.126 GC:3    +
   22    31  0   0.0%   0.045 CG:3    +
    2    24  0   0.0%   0.126 GC:3    +
   27    31  0   0.0%   0.078 CG:3    +
   11    15  0   0.0%   0.165 GU:3    +
    1    25  0   0.0%   0.145 CG:3    +
   19    31  0   0.0%   0.134 CG:3    +
   18    32  0   0.0%   0.309 GU:3    +
   17    33  0   0.0%   0.163 CG:3    +
   26    32  0   0.0%   0.081 AU:3    +
   16    34  0   0.0%   0.183 GU:3    +
    7    21  0   0.0%   0.269 GC:3    +
    2    22  0   0.0%   0.123 GC:3    +
    4     9  0   0.0%   0.002 AU:3    +
    5     9  0   0.0%   0.002 AU:3    +
   18    24  0   0.0%   0.307 GC:3    +
    9    20  0   0.0%   0.073 UA:3    +
   17    25  0   0.0%   0.162 CG:3    +
   19    25  0   0.0%   0.133 CG:3    +
   16    27  0   0.0%   0.181 GC:3    +
   15    28  0   0.0%   0.141 UA:3    +
    9    13  0   0.0%   0.117 UA:3    +
   17    31  0   0.0%   0.161 CG:3    +
   16    32  0   0.0%   0.181 GU:3    +
   18    30  0   0.0%   0.306 GC:3    +
    6    10  0   0.0%   0.001 UA:3    +
   29    33  0   0.0%   0.275 CG:3    +
   15    33  0   0.0%   0.142 UG:3    +
   14    34  0   0.0%   0.074 AU:3    +
   12    33  0   0.0%   0.187 CG:3    +
   28    34  0   0.0%   0.297 AU:3    +
    1     7  0   0.0%   0.001 CG:3    +
   13    32  0   0.0%   0.116 AU:3    +
   11    34  0   0.0%   0.084 GU:3    +
    7    22  0   0.0%   0.266 GC:3    +
    6    23  0   0.0%   0.273 UA:3    +
    3    33  0   0.0%   0.119 CG:3    +
    2    34  0   0.0%   0.124 GU:3    +
   16    21  0   0.0%   0.183 GC:3    +
    9    18  0   0.0%   0.302 UG:3    +
    2     6  0   0.0%   0.000 GU:3    +
    7    15  0   0.0%   0.242 GU:3    +
   18    22  0   0.0%   0.305 GC:3    +
    1    33  0   0.0%   0.144 CG:3    +
    2    32  0   0.0%   0.124 GU:3    +
    3    31  0   0.0%   0.118 CG:3    +
   18    27  0   0.0%   0.305 GC:3    +
   12    31  0   0.0%   0.186 CG:3    +
    4    32  0   0.0%   0.073 AU:3    +
   11    32  0   0.0%   0.083 GU:3    +
   16    35  0   0.0%   0.181 GC:3    +
    1    16  0   0.0%   0.000 CG:3    +
    1    11  0   0.0%   0.000 CG:3    +
    8    33  0   0.0%   0.153 CG:3    +
    7    27  0   0.0%   0.266 GC:3    +
    7    34  0   0.0%   0.266 GU:3    +
    6    28  0   0.0%   0.273 UA:3    +
   21    25  0   0.0%   0.005 CG:3    +
    2    35  0   0.0%   0.124 GC:3    +
    6    16  0   0.0%   0.239 UG:3    +
    8    25  0   0.0%   0.153 CG:3    +
   11    30  0   0.0%   0.083 GC:3    +
   25    34  0   0.0%   0.208 GU:3    +
    2     9  0   0.0%   0.013 GU:3    +
   15    31  0   0.0%   0.141 UG:3    +
   16    30  0   0.0%   0.180 GC:3    +
    2    15  0   0.0%   0.028 GU:3    +
   16    22  0   0.0%   0.181 GC:3    +
    7    24  0   0.0%   0.267 GC:3    +
    5    34  0   0.0%   0.045 AU:3    +
   11    21  0   0.0%   0.086 GC:3    +
   15    23  0   0.0%   0.141 UA:3    +
    4    34  0   0.0%   0.073 AU:3    +
   14    32  0   0.0%   0.073 AU:3    +
   16    29  0   0.0%   0.180 GC:3    +
    3    25  0   0.0%   0.119 CG:3    +
((((.((....)).))))...((((....))))..
