3 sequence; length of alignment 34
alifold output
   16    23  0  64.2%   1.593 CG:3   
   17    22  0  64.0%   1.271 CG:3   
   15    24  0  62.2%   1.389 UA:3   
    6    31  0  57.2%   1.406 CG:3   
    5    32  0  57.0%   1.404 GC:3   
   11    26  0  50.9%   1.077 CG:3   
   10    27  0  49.4%   1.103 UA:3   
    3    23  0  33.4%   1.114 CG:3    +
    4    22  0  33.4%   1.118 CG:3    +
    6    19  0  32.5%   1.128 CG:3    +
    5    20  0  32.3%   1.125 GC:3    +
    2    24  0  29.2%   1.084 UA:3    +
    9    16  0  19.8%   0.976 GC:3    +
    8    29  0   8.6%   0.676 AU:3    +
   13    25  0   4.5%   0.514 UA:3    +
    9    30  0   2.3%   0.742 GC:3    +
    9    29  0   1.6%   0.797 GU:3    +
   10    28  0   1.5%   0.598 UA:3    +
    5    30  0   1.0%   0.538 GC:3    +
    4    31  0   1.0%   0.514 CG:3    +
   14    20  0   1.0%   0.549 GC:3    +
   13    21  0   0.9%   0.161 UA:3    +
    9    32  0   0.9%   0.966 GC:3    +
   15    19  0   0.9%   0.549 UG:3    +
   10    31  0   0.8%   0.954 UG:3    +
   11    23  0   0.7%   0.484 CG:3    +
   10    24  0   0.7%   0.477 UA:3    +
    6    14  0   0.6%   0.097 CG:3    +
    7    13  0   0.6%   0.087 AU:3    +
    5    15  0   0.5%   0.082 GU:3    +
    9    17  0   0.5%   0.410 GC:3    +
   23    32  0   0.5%   1.155 GC:3    +
   22    33  0   0.5%   0.770 GC:3    +
   12    29  0   0.4%   0.367 AU:3    +
   13    28  0   0.4%   0.386 UA:3    +
    8    15  0   0.4%   0.097 AU:3    +
   13    26  0   0.3%   0.634 UG:3    +
   26    33  0   0.3%   0.487 GC:3    +
    7    29  0   0.3%   0.078 AU:3    +
    5    33  0   0.2%   0.807 GC:3    +
   13    24  0   0.2%   0.500 UA:3    +
    3    22  0   0.2%   0.031 CG:3    +
   26    32  0   0.1%   0.801 GC:3    +
   20    31  0   0.1%   0.856 CG:3    +
   19    32  0   0.1%   0.805 GC:3    +
    9    20  0   0.1%   0.749 GC:3    +
   10    19  0   0.1%   0.398 UG:3    +
    4     9  0   0.1%   0.025 CG:3    +
   13    27  0   0.1%   0.620 UA:3    +
   23    30  0   0.1%   0.862 GC:3    +
   10    14  0   0.1%   0.054 UG:3    +
   24    29  0   0.1%   1.041 AU:3    +
   15    25  0   0.1%   0.561 UA:3    +
   26    30  0   0.1%   0.532 GC:3    +
    2    25  0   0.1%   0.379 UA:3    +
    2    23  0   0.1%   0.015 UG:3    +
    5    34  0   0.1%   0.791 GC:3    +
   11    22  0   0.1%   0.390 CG:3    +
   15    22  0   0.1%   0.486 UG:3    +
   23    33  0   0.0%   0.785 GC:3    +
   22    34  0   0.0%   0.719 GC:3    +
   16    22  0   0.0%   0.717 CG:3    +
    3    26  0   0.0%   0.387 CG:3    +
   22    30  0   0.0%   0.821 GC:3    +
    2    27  0   0.0%   0.379 UA:3    +
   10    23  0   0.0%   0.399 UG:3    +
   15    23  0   0.0%   0.517 UG:3    +
    6    23  0   0.0%   0.777 CG:3    +
   26    34  0   0.0%   0.420 GC:3    +
    9    15  0   0.0%   0.068 GU:3    +
    8    13  0   0.0%   0.037 AU:3    +
   11    31  0   0.0%   0.796 CG:3    +
   14    30  0   0.0%   0.226 GC:3    +
   10    25  0   0.0%   0.062 UA:3    +
   23    29  0   0.0%   1.026 GU:3    +
   22    29  0   0.0%   0.999 GU:3    +
    9    33  0   0.0%   0.582 GC:3    +
    4    14  0   0.0%   0.012 CG:3    +
    5    16  0   0.0%   0.033 GC:3    +
    7    15  0   0.0%   0.059 AU:3    +
   10    18  0   0.0%   0.011 UA:3    +
   10    26  0   0.0%   0.063 UG:3    +
   13    31  0   0.0%   0.688 UG:3    +
    9    13  0   0.0%   0.045 GU:3    +
   22    32  0   0.0%   1.053 GC:3    +
    5    13  0   0.0%   0.004 GU:3    +
    6    26  0   0.0%   0.407 CG:3    +
    5    11  0   0.0%   0.003 GC:3    +
    3    31  0   0.0%   0.383 CG:3    +
   11    19  0   0.0%   0.377 CG:3    +
    1    29  0   0.0%   0.003 AU:3    +
    3     9  0   0.0%   0.003 CG:3    +
    4    26  0   0.0%   0.381 CG:3    +
   21    29  0   0.0%   0.364 AU:3    +
   15    27  0   0.0%   0.763 UA:3    +
   16    26  0   0.0%   0.981 CG:3    +
    2     9  0   0.0%   0.002 UG:3    +
   13    18  0   0.0%   0.036 UA:3    +
   17    23  0   0.0%   1.011 CG:3    +
   14    32  0   0.0%   0.451 GC:3    +
   13    22  0   0.0%   0.458 UG:3    +
    1    10  0   0.0%   0.001 AU:3    +
   25    29  0   0.0%   0.484 AU:3    +
    4    23  0   0.0%   0.748 CG:3    +
   17    26  0   0.0%   0.683 CG:3    +
    2    28  0   0.0%   0.374 UA:3    +
   14    29  0   0.0%   0.405 GU:3    +
   15    31  0   0.0%   0.813 UG:3    +
   15    21  0   0.0%   0.137 UA:3    +
   20    26  0   0.0%   0.789 CG:3    +
    2    12  0   0.0%   0.002 UA:3    +
    1    13  0   0.0%   0.001 AU:3    +
   13    23  0   0.0%   0.488 UG:3    +
    2    18  0   0.0%   0.002 UA:3    +
    5    17  0   0.0%   0.031 GC:3    +
    5    29  0   0.0%   0.397 GU:3    +
    3    19  0   0.0%   0.001 CG:3    +
   15    26  0   0.0%   0.772 UG:3    +
    4    19  0   0.0%   0.010 CG:3    +
   15    28  0   0.0%   0.490 UA:3    +
   14    33  0   0.0%   0.105 GC:3    +
    2     7  0   0.0%   0.000 UA:3    +
    2     8  0   0.0%   0.001 UA:3    +
    2    26  0   0.0%   0.370 UG:3    +
    6    22  0   0.0%   0.774 CG:3    +
    9    34  0   0.0%   0.569 GC:3    +
   19    33  0   0.0%   0.441 GC:3    +
    3    14  0   0.0%   0.001 CG:3    +
   19    34  0   0.0%   0.429 GC:3    +
    5    10  0   0.0%   0.001 GU:3    +
    2    31  0   0.0%   0.373 UG:3    +
    2    21  0   0.0%   0.002 UA:3    +
   13    19  0   0.0%   0.408 UG:3    +
   14    34  0   0.0%   0.093 GC:3    +
   10    21  0   0.0%   0.017 UA:3    +
    2    14  0   0.0%   0.001 UG:3    +
    2    19  0   0.0%   0.001 UG:3    +
   19    30  0   0.0%   0.552 GC:3    +
   23    34  0   0.0%   0.745 GC:3    +
    2    22  0   0.0%   0.001 UG:3    +
   10    22  0   0.0%   0.393 UG:3    +
   17    31  0   0.0%   0.722 CG:3    +
   16    31  0   0.0%   1.021 CG:3    +
    1    15  0   0.0%   0.001 AU:3    +
....((...((...(((....))).))...))..
