3 sequence; length of alignment 43
alifold output
   18    33  0  94.2%   0.209 AU:3   
   19    32  0  94.2%   0.282 UA:3   
   17    34  0  94.1%   0.221 GC:3   
   20    31  0  94.1%   0.456 GC:3   
   13    37  0  92.5%   0.388 CG:3   
   14    36  0  92.5%   0.365 AU:3   
   15    35  0  90.8%   0.317 UA:3   
   23    29  0  87.8%   0.616 CG:3   
   22    30  0  86.5%   0.606 UG:3   
    8    39  0  69.9%   1.148 GC:3   
    7    40  0  69.8%   1.036 GC:3   
   12    38  0  51.0%   1.463 AU:3    +
    9    38  0  40.7%   1.333 AU:3   
   10    40  0   8.2%   1.429 GC:3    +
   10    39  0   4.9%   1.037 GC:3    +
    4    40  0   4.3%   0.594 GC:3    +
    5    39  0   4.3%   0.565 GC:3    +
    1    31  0   3.6%   0.423 GC:3    +
   10    23  0   3.5%   0.456 GC:3    +
    9    24  0   3.5%   0.485 AU:3    +
    8    25  0   3.4%   0.461 GC:3    +
    2    30  0   3.1%   0.421 CG:3    +
   13    20  0   2.9%   0.338 CG:3    +
    8    40  0   2.6%   1.159 GC:3    +
    5    27  0   2.4%   0.362 GC:3    +
    4    28  0   2.1%   0.387 GU:3    +
   14    19  0   2.0%   0.263 AU:3    +
    4    27  0   1.7%   0.215 GC:3    +
    3    28  0   1.6%   0.206 AU:3    +
    8    23  0   1.3%   0.205 GC:3    +
    9    22  0   1.3%   0.185 AU:3    +
   23    30  0   1.2%   0.701 CG:3    +
    7    24  0   1.2%   0.192 GU:3    +
    2    29  0   1.1%   0.197 CG:3    +
   24    29  0   1.0%   0.535 UG:3    +
    1     6  0   0.9%   0.132 GC:3    +
   31    37  0   0.7%   0.418 CG:3    +
    6    37  0   0.6%   0.161 CG:3    +
   30    39  0   0.5%   0.982 GC:3    +
   29    40  0   0.5%   1.043 GC:3    +
   32    36  0   0.5%   0.273 AU:3    +
    5    38  0   0.4%   0.186 GU:3    +
    4    39  0   0.4%   0.235 GC:3    +
   28    41  0   0.4%   0.242 UA:3    +
    7    36  0   0.4%   0.179 GU:3    +
   15    21  0   0.3%   0.097 UA:3    +
   16    20  0   0.3%   0.212 CG:3    +
    2    10  0   0.3%   0.079 CG:3    +
   14    22  0   0.3%   0.206 AU:3    +
   12    19  0   0.3%   0.063 AU:3    +
    1    11  0   0.3%   0.097 GU:3    +
   30    38  0   0.3%   1.108 GU:3    +
    8    34  0   0.3%   0.268 GC:3    +
    9    33  0   0.3%   0.243 AU:3    +
   22    29  0   0.3%   0.220 UG:3    +
   20    34  0   0.3%   0.334 GC:3    +
   21    33  0   0.3%   0.164 AU:3    +
   22    32  0   0.3%   0.342 UA:3    +
   19    35  0   0.3%   0.310 UA:3    +
    8    16  0   0.3%   0.073 GC:3    +
   11    20  0   0.3%   0.087 UG:3    +
    9    15  0   0.3%   0.057 AU:3    +
   13    29  0   0.2%   0.216 CG:3    +
    2     7  0   0.2%   0.044 CG:3    +
   11    21  0   0.2%   0.092 UA:3    +
   14    28  0   0.2%   0.294 AU:3    +
    7    25  0   0.2%   0.132 GC:3    +
   17    25  0   0.2%   0.189 GC:3    +
    4    43  0   0.2%   0.372 GU:3    +
   18    36  0   0.2%   0.226 AU:3    +
   18    24  0   0.2%   0.223 AU:3    +
    7    27  0   0.2%   0.292 GC:3    +
   25    29  0   0.2%   0.441 CG:3    +
   11    37  0   0.2%   0.142 UG:3    +
   29    39  0   0.2%   0.857 GC:3    +
   24    30  0   0.1%   0.565 UG:3    +
    6    10  0   0.1%   0.091 CG:3    +
    5    11  0   0.1%   0.047 GU:3    +
   12    36  0   0.1%   0.082 AU:3    +
    3    43  0   0.1%   0.101 AU:3    +
    2     8  0   0.1%   0.040 CG:3    +
   12    22  0   0.1%   0.107 AU:3    +
    7    16  0   0.1%   0.047 GC:3    +
   10    31  0   0.1%   0.312 GC:3    +
    7    43  0   0.1%   0.442 GU:3    +
    6    29  0   0.1%   0.132 CG:3    +
   11    30  0   0.1%   0.196 UG:3    +
    6    17  0   0.1%   0.073 CG:3    +
    4    31  0   0.1%   0.298 GC:3    +
    7    39  0   0.1%   0.312 GC:3    +
    7    13  0   0.1%   0.035 GC:3    +
   20    25  0   0.1%   0.310 GC:3    +
   11    35  0   0.1%   0.089 UA:3    +
   19    26  0   0.1%   0.124 UA:3    +
   11    18  0   0.1%   0.045 UA:3    +
   25    30  0   0.1%   0.492 CG:3    +
   10    19  0   0.1%   0.051 GU:3    +
    8    24  0   0.1%   0.158 GU:3    +
   10    22  0   0.1%   0.111 GU:3    +
    5    43  0   0.1%   0.315 GU:3    +
    5    25  0   0.1%   0.032 GC:3    +
    7    28  0   0.1%   0.273 GU:3    +
   10    36  0   0.1%   0.207 GU:3    +
    5    40  0   0.1%   0.422 GC:3    +
    4    16  0   0.1%   0.016 GC:3    +
    5    15  0   0.1%   0.022 GU:3    +
   16    37  0   0.1%   0.181 CG:3    +
    8    15  0   0.0%   0.024 GU:3    +
   11    42  0   0.0%   0.101 UA:3    +
   16    29  0   0.0%   0.133 CG:3    +
    8    27  0   0.0%   0.390 GC:3    +
   10    38  0   0.0%   0.578 GU:3    +
   17    28  0   0.0%   0.205 GU:3    +
   13    17  0   0.0%   0.024 CG:3    +
   10    43  0   0.0%   0.579 GU:3    +
    7    23  0   0.0%   0.039 GC:3    +
   10    16  0   0.0%   0.065 GC:3    +
    8    22  0   0.0%   0.039 GU:3    +
   15    30  0   0.0%   0.170 UG:3    +
    5    31  0   0.0%   0.246 GC:3    +
    6    30  0   0.0%   0.184 CG:3    +
    2    20  0   0.0%   0.049 CG:3    +
    3    19  0   0.0%   0.008 AU:3    +
   36    42  0   0.0%   0.159 UA:3    +
   21    28  0   0.0%   0.213 AU:3    +
    2    37  0   0.0%   0.210 CG:3    +
    3    36  0   0.0%   0.078 AU:3    +
    8    38  0   0.0%   0.262 GU:3    +
   32    38  0   0.0%   0.864 AU:3    +
    1    40  0   0.0%   0.193 GC:3    +
    4    13  0   0.0%   0.007 GC:3    +
    4    23  0   0.0%   0.013 GC:3    +
   35    43  0   0.0%   0.158 AU:3    +
    1    38  0   0.0%   0.191 GU:3    +
    5    22  0   0.0%   0.019 GU:3    +
    1    34  0   0.0%   0.189 GC:3    +
   33    37  0   0.0%   0.253 UG:3    +
    3    24  0   0.0%   0.008 AU:3    +
    8    43  0   0.0%   0.618 GU:3    +
   11    41  0   0.0%   0.094 UA:3    +
    6    20  0   0.0%   0.067 CG:3    +
   17    27  0   0.0%   0.205 GC:3    +
    9    43  0   0.0%   0.614 AU:3    +
   10    27  0   0.0%   0.339 GC:3    +
   17    23  0   0.0%   0.193 GC:3    +
   11    26  0   0.0%   0.069 UA:3    +
   17    36  0   0.0%   0.200 GU:3    +
    7    19  0   0.0%   0.034 GU:3    +
   10    25  0   0.0%   0.299 GC:3    +
    9    28  0   0.0%   0.346 AU:3    +
   18    22  0   0.0%   0.100 AU:3    +
    1    25  0   0.0%   0.066 GC:3    +
    4    11  0   0.0%   0.021 GU:3    +
    5    28  0   0.0%   0.262 GU:3    +
   12    24  0   0.0%   0.206 AU:3    +
   15    37  0   0.0%   0.253 UG:3    +
   15    26  0   0.0%   0.048 UA:3    +
    7    38  0   0.0%   0.163 GU:3    +
   11    32  0   0.0%   0.074 UA:3    +
    1    43  0   0.0%   0.191 GU:3    +
    8    13  0   0.0%   0.018 GC:3    +
   16    30  0   0.0%   0.176 CG:3    +
    8    28  0   0.0%   0.367 GU:3    +
   10    33  0   0.0%   0.189 GU:3    +
   17    33  0   0.0%   0.050 GU:3    +
   17    39  0   0.0%   0.652 GC:3    +
    4    34  0   0.0%   0.168 GC:3    +
   14    38  0   0.0%   0.925 AU:3    +
    1    16  0   0.0%   0.063 GC:3    +
   18    28  0   0.0%   0.193 AU:3    +
   29    34  0   0.0%   0.359 GC:3    +
    1    39  0   0.0%   0.188 GC:3    +
   33    42  0   0.0%   0.100 UA:3    +
   18    38  0   0.0%   0.831 AU:3    +
   26    43  0   0.0%   0.050 AU:3    +
   10    34  0   0.0%   0.191 GC:3    +
   28    35  0   0.0%   0.286 UA:3    +
   32    43  0   0.0%   0.144 AU:3    +
    3    11  0   0.0%   0.019 AU:3    +
    8    33  0   0.0%   0.215 GU:3    +
   20    27  0   0.0%   0.326 GC:3    +
    7    34  0   0.0%   0.118 GC:3    +
   14    33  0   0.0%   0.130 AU:3    +
   15    32  0   0.0%   0.049 UA:3    +
   13    30  0   0.0%   0.247 CG:3    +
    5    33  0   0.0%   0.116 GU:3    +
   38    42  0   0.0%   0.768 UA:3    +
   37    43  0   0.0%   0.201 GU:3    +
    3    33  0   0.0%   0.072 AU:3    +
   27    37  0   0.0%   0.298 CG:3    +
    4    25  0   0.0%   0.011 GC:3    +
    7    31  0   0.0%   0.244 GC:3    +
   19    37  0   0.0%   0.304 UG:3    +
   26    38  0   0.0%   0.749 AU:3    +
   15    20  0   0.0%   0.147 UG:3    +
    8    36  0   0.0%   0.254 GU:3    +
    2    17  0   0.0%   0.042 CG:3    +
    5    24  0   0.0%   0.018 GU:3    +
   36    41  0   0.0%   0.172 UA:3    +
   30    40  0   0.0%   1.076 GC:3    +
   17    24  0   0.0%   0.190 GU:3    +
   22    26  0   0.0%   0.100 UA:3    +
    1    23  0   0.0%   0.063 GC:3    +
    5    16  0   0.0%   0.019 GC:3    +
   30    34  0   0.0%   0.410 GC:3    +
    5    19  0   0.0%   0.016 GU:3    +
   12    33  0   0.0%   0.046 AU:3    +
    1    13  0   0.0%   0.062 GC:3    +
    5    13  0   0.0%   0.011 GC:3    +
   28    42  0   0.0%   0.201 UA:3    +
    7    11  0   0.0%   0.043 GU:3    +
   15    29  0   0.0%   0.117 UG:3    +
    7    22  0   0.0%   0.031 GU:3    +
    1    27  0   0.0%   0.064 GC:3    +
   17    40  0   0.0%   0.781 GC:3    +
    4    33  0   0.0%   0.165 GU:3    +
   17    38  0   0.0%   0.829 GU:3    +
    5    23  0   0.0%   0.018 GC:3    +
    9    36  0   0.0%   0.231 AU:3    +
   11    17  0   0.0%   0.035 UG:3    +
   12    28  0   0.0%   0.182 AU:3    +
   33    41  0   0.0%   0.118 UA:3    +
    4    24  0   0.0%   0.011 GU:3    +
    3    38  0   0.0%   0.076 AU:3    +
   19    30  0   0.0%   0.232 UG:3    +
   10    15  0   0.0%   0.052 GU:3    +
    3    15  0   0.0%   0.001 AU:3    +
    5    36  0   0.0%   0.117 GU:3    +
   17    31  0   0.0%   0.166 GC:3    +
    4    19  0   0.0%   0.010 GU:3    +
   11    29  0   0.0%   0.124 UG:3    +
    5    34  0   0.0%   0.117 GC:3    +
    1    22  0   0.0%   0.062 GU:3    +
    7    15  0   0.0%   0.025 GU:3    +
   26    36  0   0.0%   0.131 AU:3    +
    3    22  0   0.0%   0.003 AU:3    +
   20    28  0   0.0%   0.321 GU:3    +
   25    37  0   0.0%   0.292 CG:3    +
    8    19  0   0.0%   0.033 GU:3    +
    9    19  0   0.0%   0.020 AU:3    +
   15    41  0   0.0%   0.138 UA:3    +
   10    24  0   0.0%   0.337 GU:3    +
    4    15  0   0.0%   0.003 GU:3    +
    8    31  0   0.0%   0.342 GC:3    +
   15    42  0   0.0%   0.140 UA:3    +
    1    33  0   0.0%   0.183 GU:3    +
   14    43  0   0.0%   0.225 AU:3    +
   20    40  0   0.0%   0.914 GC:3    +
   17    22  0   0.0%   0.101 GU:3    +
    4    38  0   0.0%   0.167 GU:3    +
   30    36  0   0.0%   0.438 GU:3    +
    1    36  0   0.0%   0.185 GU:3    +
   19    29  0   0.0%   0.187 UG:3    +
......(((...(((.((((.((.....))))))))))))...
