3 sequence; length of alignment 34
alifold output
   14    23  0  78.0%   0.803 GC:3   
   15    22  0  77.1%   0.784 UG:3   
   13    24  0  76.7%   0.620 AU:3   
   12    25  0  66.1%   1.490 GC:3   
   16    21  0  64.4%   0.934 UG:3   
    4    11  0  30.9%   1.708 CG:3    +
    5    10  0  30.8%   1.459 CG:3    +
    5    11  0  20.9%   2.020 CG:3    +
    6    10  0  20.6%   1.711 CG:3    +
    3    11  0  17.8%   0.944 CG:3    +
    4    10  0  17.7%   0.985 CG:3    +
    4    12  0  14.1%   1.768 CG:3    +
    3    12  0  13.1%   1.126 CG:3    +
   14    31  0   8.9%   1.111 GC:3    +
   15    30  0   8.8%   1.057 UA:3    +
   16    29  0   8.3%   1.056 UA:3    +
   13    32  0   8.2%   0.837 AU:3    +
    3    14  0   5.8%   1.107 CG:3    +
    2    15  0   4.6%   0.472 AU:3    +
    6    11  0   4.0%   1.714 CG:3    +
    9    28  0   3.2%   0.406 UA:3    +
    5    12  0   2.9%   1.541 CG:3    +
   12    33  0   2.7%   1.253 GU:3    +
   21    31  0   2.6%   0.878 GC:3    +
   20    32  0   2.6%   0.512 AU:3    +
   11    34  0   2.0%   1.411 GC:3    +
   19    33  0   2.0%   0.366 AU:3    +
   17    25  0   1.5%   0.576 GC:3    +
    1    17  0   1.4%   0.270 CG:3    +
   16    26  0   1.3%   0.533 UA:3    +
    1    10  0   1.2%   0.169 CG:3    +
   22    31  0   1.0%   0.749 GC:3    +
    2     9  0   1.0%   0.134 AU:3    +
   21    32  0   0.9%   0.857 GU:3    +
    2    16  0   0.9%   0.312 AU:3    +
    7    31  0   0.8%   0.150 GC:3    +
   15    27  0   0.8%   0.487 UA:3    +
   20    33  0   0.7%   0.409 AU:3    +
   18    27  0   0.6%   0.169 UA:3    +
    7    34  0   0.4%   0.137 GC:3    +
    9    29  0   0.4%   0.248 UA:3    +
    8    33  0   0.4%   0.086 AU:3    +
    1    14  0   0.3%   0.129 CG:3    +
   17    23  0   0.3%   0.339 GC:3    +
   18    22  0   0.3%   0.280 UG:3    +
    7    16  0   0.3%   0.105 GU:3    +
    8    15  0   0.3%   0.190 AU:3    +
    6    17  0   0.3%   0.566 CG:3    +
    9    14  0   0.3%   0.290 UG:3    +
    4    14  0   0.2%   1.173 CG:3    +
    4    21  0   0.2%   1.000 CG:3    +
    3    22  0   0.2%   0.799 CG:3    +
    3    10  0   0.2%   0.094 CG:3    +
   17    34  0   0.2%   0.307 GC:3    +
   11    31  0   0.2%   1.219 GC:3    +
    1     7  0   0.2%   0.029 CG:3    +
    9    27  0   0.1%   0.097 UA:3    +
   10    32  0   0.1%   1.107 GU:3    +
   26    33  0   0.1%   0.339 AU:3    +
    9    30  0   0.1%   0.234 UA:3    +
   27    32  0   0.1%   0.468 AU:3    +
   21    25  0   0.1%   0.682 GC:3    +
   10    25  0   0.1%   1.087 GC:3    +
    9    26  0   0.1%   0.085 UA:3    +
   11    24  0   0.1%   1.157 GU:3    +
   12    23  0   0.1%   0.671 GC:3    +
   17    31  0   0.1%   0.455 GC:3    +
   18    30  0   0.1%   0.305 UA:3    +
   24    28  0   0.1%   0.358 UA:3    +
    1    11  0   0.1%   0.081 CG:3    +
   19    24  0   0.1%   0.231 AU:3    +
    3     7  0   0.1%   0.027 CG:3    +
   16    22  0   0.1%   0.580 UG:3    +
    8    32  0   0.1%   0.032 AU:3    +
   27    33  0   0.1%   0.350 AU:3    +
   18    26  0   0.1%   0.101 UA:3    +
    7    33  0   0.1%   0.086 GU:3    +
   11    25  0   0.1%   1.161 GC:3    +
   16    28  0   0.1%   0.533 UA:3    +
   16    20  0   0.1%   0.073 UA:3    +
   10    31  0   0.0%   1.120 GC:3    +
   15    21  0   0.0%   0.190 UG:3    +
    3    17  0   0.0%   0.827 CG:3    +
   28    32  0   0.0%   0.504 AU:3    +
    2    18  0   0.0%   0.238 AU:3    +
   24    29  0   0.0%   0.466 UA:3    +
   15    20  0   0.0%   0.167 UA:3    +
    5    21  0   0.0%   0.814 CG:3    +
    4    22  0   0.0%   0.994 CG:3    +
   14    25  0   0.0%   0.702 GC:3    +
   15    29  0   0.0%   0.432 UA:3    +
   28    33  0   0.0%   0.387 AU:3    +
   18    28  0   0.0%   0.179 UA:3    +
   14    34  0   0.0%   0.733 GC:3    +
   16    27  0   0.0%   0.462 UA:3    +
    1    12  0   0.0%   0.075 CG:3    +
   13    33  0   0.0%   0.540 AU:3    +
   26    32  0   0.0%   0.436 AU:3    +
   20    24  0   0.0%   0.231 AU:3    +
   12    34  0   0.0%   1.133 GC:3    +
   10    34  0   0.0%   1.107 GC:3    +
    7    32  0   0.0%   0.075 GU:3    +
   24    30  0   0.0%   0.465 UA:3    +
   15    28  0   0.0%   0.516 UA:3    +
    1    21  0   0.0%   0.154 CG:3    +
   11    33  0   0.0%   1.183 GU:3    +
    6    21  0   0.0%   0.491 CG:3    +
    5    22  0   0.0%   0.813 CG:3    +
   12    24  0   0.0%   0.667 GU:3    +
    8    18  0   0.0%   0.022 AU:3    +
    9    17  0   0.0%   0.142 UG:3    +
   13    18  0   0.0%   0.007 AU:3    +
   29    33  0   0.0%   0.489 AU:3    +
    6    12  0   0.0%   1.104 CG:3    +
   17    24  0   0.0%   0.314 GU:3    +
   10    16  0   0.0%   1.119 GU:3    +
   21    34  0   0.0%   0.570 GC:3    +
    2    33  0   0.0%   0.234 AU:3    +
   11    32  0   0.0%   1.172 GU:3    +
   16    30  0   0.0%   0.846 UA:3    +
    2    24  0   0.0%   0.233 AU:3    +
   22    33  0   0.0%   0.526 GU:3    +
    2    32  0   0.0%   0.233 AU:3    +
   12    31  0   0.0%   0.985 GC:3    +
   10    33  0   0.0%   1.108 GU:3    +
   14    32  0   0.0%   0.849 GU:3    +
   11    15  0   0.0%   1.291 GU:3    +
    1    22  0   0.0%   0.152 CG:3    +
    3    21  0   0.0%   0.762 CG:3    +
   21    33  0   0.0%   0.693 GU:3    +
   18    29  0   0.0%   0.289 UA:3    +
   10    18  0   0.0%   1.065 GU:3    +
    9    19  0   0.0%   0.061 UA:3    +
   12    32  0   0.0%   0.947 GU:3    +
   22    32  0   0.0%   0.646 GU:3    +
   15    26  0   0.0%   0.374 UA:3    +
    7    25  0   0.0%   0.032 GC:3    +
   17    33  0   0.0%   0.297 GU:3    +
   19    32  0   0.0%   0.229 AU:3    +
    8    24  0   0.0%   0.018 AU:3    +
   11    23  0   0.0%   1.132 GC:3    +
   15    19  0   0.0%   0.159 UA:3    +
   12    16  0   0.0%   0.707 GU:3    +
   14    18  0   0.0%   0.220 GU:3    +
   14    33  0   0.0%   0.753 GU:3    +
    6    14  0   0.0%   0.654 CG:3    +
   11    16  0   0.0%   1.190 GU:3    +
    5    14  0   0.0%   0.991 CG:3    +
   10    23  0   0.0%   1.061 GC:3    +
    4    17  0   0.0%   1.024 CG:3    +
   14    24  0   0.0%   0.621 GU:3    +
   11    18  0   0.0%   1.136 GU:3    +
   22    34  0   0.0%   0.401 GC:3    +
   10    15  0   0.0%   1.218 GU:3    +
   10    24  0   0.0%   1.061 GU:3    +
    8    16  0   0.0%   0.074 AU:3    +
    5    17  0   0.0%   0.855 CG:3    +
   17    32  0   0.0%   0.392 GU:3    +
    6    22  0   0.0%   0.489 CG:3    +
...........(((((....))))).........
