3 sequence; length of alignment 41
alifold output
   19    32  0  98.4%   0.057 UA:3   
   21    30  0  98.3%   0.061 UA:3   
   20    31  0  98.2%   0.063 UA:3   
   18    33  0  98.2%   0.061 GC:3   
   15    36  0  97.2%   0.234 GC:3   
   22    29  0  96.9%   0.208 UG:3   
   14    37  0  94.2%   0.338 UG:3   
   16    35  0  91.4%   0.314 UG:3   
   13    38  0  86.7%   0.711 CG:3   
   23    28  0  81.0%   0.629 AU:3   
   12    39  0  35.9%   1.402 UG:3    +
    3     9  0  21.7%   1.008 CG:3    +
    2    10  0  21.0%   1.008 UA:3    +
    1    11  0  14.2%   0.846 UA:3    +
    7    39  0   7.5%   0.709 CG:3    +
    6    40  0   7.3%   0.719 UA:3    +
   12    40  0   6.6%   1.168 UA:3    +
    5    41  0   6.1%   0.579 GU:3    +
    8    38  0   5.8%   0.676 CG:3    +
   11    41  0   5.6%   1.073 AU:3    +
   13    39  0   4.9%   1.300 CG:3    +
   14    38  0   2.7%   0.791 UG:3    +
   10    41  0   1.5%   0.778 AU:3    +
    3    38  0   1.4%   0.512 CG:3    +
    4    37  0   1.4%   0.204 UG:3    +
    5    36  0   1.4%   0.185 GC:3    +
    2    39  0   1.3%   0.512 UG:3    +
   14    23  0   1.3%   0.170 UA:3    +
   13    24  0   1.3%   0.171 CG:3    +
   10    27  0   1.3%   0.523 AU:3    +
    9    28  0   1.3%   0.517 GU:3    +
    6    35  0   1.2%   0.174 UG:3    +
   15    22  0   1.2%   0.164 GU:3    +
    8    29  0   1.2%   0.166 CG:3    +
   11    26  0   1.1%   0.449 AU:3    +
    1    40  0   1.1%   0.436 UA:3    +
    8    37  0   0.6%   0.212 CG:3    +
    7    38  0   0.6%   0.165 CG:3    +
    9    36  0   0.6%   0.558 GC:3    +
    6    39  0   0.4%   0.194 UG:3    +
   13    37  0   0.3%   0.205 CG:3    +
    1    10  0   0.2%   0.038 UA:3    +
    2     9  0   0.2%   0.037 UG:3    +
    4    11  0   0.2%   0.327 UA:3    +
    4    10  0   0.2%   0.374 UA:3    +
    3    39  0   0.2%   0.480 CG:3    +
    2    40  0   0.2%   0.477 UA:3    +
    8    39  0   0.1%   0.556 CG:3    +
   24    33  0   0.1%   0.098 GC:3    +
   23    34  0   0.1%   0.251 AU:3    +
   25    32  0   0.1%   0.041 UA:3    +
    9    41  0   0.1%   0.625 GU:3    +
    7    35  0   0.1%   0.072 CG:3    +
    6    11  0   0.1%   0.306 UA:3    +
    5    12  0   0.1%   0.014 GU:3    +
   15    33  0   0.1%   0.071 GC:3    +
   16    32  0   0.1%   0.015 UA:3    +
   26    31  0   0.1%   0.089 UA:3    +
   17    31  0   0.1%   0.015 UA:3    +
   23    27  0   0.1%   0.126 AU:3    +
   22    35  0   0.0%   0.244 UG:3    +
   17    35  0   0.0%   0.159 UG:3    +
    7    29  0   0.0%   0.009 CG:3    +
    4    38  0   0.0%   0.153 UG:3    +
    4     9  0   0.0%   0.352 UG:3    +
    2    11  0   0.0%   0.625 UA:3    +
   21    29  0   0.0%   0.068 UG:3    +
   12    38  0   0.0%   0.273 UG:3    +
   10    26  0   0.0%   0.360 AU:3    +
   11    25  0   0.0%   0.304 AU:3    +
    9    27  0   0.0%   0.356 GU:3    +
    6    30  0   0.0%   0.011 UA:3    +
   11    34  0   0.0%   0.356 AU:3    +
   20    30  0   0.0%   0.012 UA:3    +
   13    35  0   0.0%   0.125 CG:3    +
    4    40  0   0.0%   0.149 UA:3    +
   24    28  0   0.0%   0.287 GU:3    +
    6    31  0   0.0%   0.011 UA:3    +
    9    13  0   0.0%   0.351 GC:3    +
   20    29  0   0.0%   0.063 UG:3    +
    6    32  0   0.0%   0.012 UA:3    +
    5    33  0   0.0%   0.009 GC:3    +
   13    29  0   0.0%   0.118 CG:3    +
   12    30  0   0.0%   0.010 UA:3    +
   19    30  0   0.0%   0.007 UA:3    +
   19    31  0   0.0%   0.010 UA:3    +
   10    34  0   0.0%   0.414 AU:3    +
    8    15  0   0.0%   0.003 CG:3    +
   12    37  0   0.0%   0.101 UG:3    +
   18    36  0   0.0%   0.139 GC:3    +
   22    30  0   0.0%   0.111 UA:3    +
    6    10  0   0.0%   0.353 UA:3    +
    1     9  0   0.0%   0.003 UG:3    +
    9    14  0   0.0%   0.350 GU:3    +
   14    35  0   0.0%   0.121 UG:3    +
   17    37  0   0.0%   0.177 UG:3    +
   19    35  0   0.0%   0.168 UG:3    +
   21    31  0   0.0%   0.046 UA:3    +
    1     5  0   0.0%   0.002 UG:3    +
   13    18  0   0.0%   0.003 CG:3    +
   15    34  0   0.0%   0.065 GU:3    +
   10    21  0   0.0%   0.354 AU:3    +
   11    20  0   0.0%   0.298 AU:3    +
    9    33  0   0.0%   0.410 GC:3    +
   11    19  0   0.0%   0.298 AU:3    +
   10    28  0   0.0%   0.467 AU:3    +
   10    20  0   0.0%   0.353 AU:3    +
   10    17  0   0.0%   0.353 AU:3    +
   11    27  0   0.0%   0.407 AU:3    +
   33    38  0   0.0%   0.513 CG:3    +
    9    17  0   0.0%   0.350 GU:3    +
   20    32  0   0.0%   0.045 UA:3    +
   10    16  0   0.0%   0.353 AU:3    +
    9    22  0   0.0%   0.351 GU:3    +
    9    34  0   0.0%   0.408 GU:3    +
   12    18  0   0.0%   0.006 UG:3    +
    9    21  0   0.0%   0.350 GU:3    +
   16    38  0   0.0%   0.570 UG:3    +
    5    13  0   0.0%   0.006 GC:3    +
   11    16  0   0.0%   0.297 AU:3    +
    1    39  0   0.0%   0.292 UG:3    +
   11    17  0   0.0%   0.298 AU:3    +
   15    21  0   0.0%   0.003 GU:3    +
    3    37  0   0.0%   0.333 CG:3    +
    8    18  0   0.0%   0.002 CG:3    +
   17    29  0   0.0%   0.060 UG:3    +
   16    30  0   0.0%   0.004 UA:3    +
    4    39  0   0.0%   0.155 UG:3    +
   12    24  0   0.0%   0.005 UG:3    +
   14    40  0   0.0%   0.643 UA:3    +
    2    38  0   0.0%   0.343 UG:3    +
    8    35  0   0.0%   0.115 CG:3    +
   19    29  0   0.0%   0.059 UG:3    +
   18    28  0   0.0%   0.057 GU:3    +
   18    34  0   0.0%   0.023 GU:3    +
   29    36  0   0.0%   0.211 GC:3    +
   12    35  0   0.0%   0.066 UG:3    +
   20    37  0   0.0%   0.190 UG:3    +
   28    37  0   0.0%   0.396 UG:3    +
   18    27  0   0.0%   0.059 GU:3    +
   27    38  0   0.0%   0.545 UG:3    +
   26    39  0   0.0%   0.860 UG:3    +
    7    37  0   0.0%   0.068 CG:3    +
   17    24  0   0.0%   0.058 UG:3    +
   25    40  0   0.0%   0.439 UA:3    +
   10    14  0   0.0%   0.352 AU:3    +
   17    39  0   0.0%   0.814 UG:3    +
   16    40  0   0.0%   0.519 UA:3    +
   17    30  0   0.0%   0.005 UA:3    +
    3    35  0   0.0%   0.332 CG:3    +
    6    38  0   0.0%   0.128 UG:3    +
   16    31  0   0.0%   0.003 UA:3    +
   24    41  0   0.0%   0.464 GU:3    +
   15    41  0   0.0%   0.489 GU:3    +
   16    37  0   0.0%   0.254 UG:3    +
   19    38  0   0.0%   0.502 UG:3    +
   25    29  0   0.0%   0.095 UG:3    +
    7    24  0   0.0%   0.000 CG:3    +
   15    27  0   0.0%   0.113 GU:3    +
   22    31  0   0.0%   0.111 UA:3    +
   15    20  0   0.0%   0.002 GU:3    +
   20    39  0   0.0%   0.827 UG:3    +
   19    40  0   0.0%   0.451 UA:3    +
   17    40  0   0.0%   0.441 UA:3    +
   17    23  0   0.0%   0.058 UA:3    +
   16    23  0   0.0%   0.057 UA:3    +
   19    37  0   0.0%   0.187 UG:3    +
   11    28  0   0.0%   0.404 AU:3    +
   18    41  0   0.0%   0.421 GU:3    +
   21    38  0   0.0%   0.504 UG:3    +
    7    15  0   0.0%   0.000 CG:3    +
   16    24  0   0.0%   0.057 UG:3    +
   18    22  0   0.0%   0.056 GU:3    +
   33    39  0   0.0%   0.834 CG:3    +
   15    26  0   0.0%   0.107 GU:3    +
   16    29  0   0.0%   0.059 UG:3    +
   18    26  0   0.0%   0.052 GU:3    +
   14    39  0   0.0%   1.016 UG:3    +
   30    34  0   0.0%   0.033 AU:3    +
   34    38  0   0.0%   0.492 UG:3    +
   14    31  0   0.0%   0.059 UA:3    +
   21    32  0   0.0%   0.043 UA:3    +
    2    30  0   0.0%   0.342 UA:3    +
   18    25  0   0.0%   0.003 GU:3    +
    3    29  0   0.0%   0.332 CG:3    +
    9    16  0   0.0%   0.349 GU:3    +
   26    30  0   0.0%   0.076 UA:3    +
   14    32  0   0.0%   0.059 UA:3    +
   11    21  0   0.0%   0.298 AU:3    +
   17    32  0   0.0%   0.011 UA:3    +
   25    30  0   0.0%   0.026 UA:3    +
   19    23  0   0.0%   0.057 UA:3    +
    1    31  0   0.0%   0.291 UA:3    +
    4    32  0   0.0%   0.024 UA:3    +
   10    22  0   0.0%   0.353 AU:3    +
   25    31  0   0.0%   0.027 UA:3    +
   30    41  0   0.0%   0.425 AU:3    +
   10    19  0   0.0%   0.352 AU:3    +
   22    37  0   0.0%   0.257 UG:3    +
    4    35  0   0.0%   0.025 UG:3    +
   21    35  0   0.0%   0.169 UG:3    +
   27    31  0   0.0%   0.091 UA:3    +
    9    20  0   0.0%   0.349 GU:3    +
   21    37  0   0.0%   0.189 UG:3    +
   15    25  0   0.0%   0.058 GU:3    +
   12    29  0   0.0%   0.062 UG:3    +
    1    37  0   0.0%   0.291 UG:3    +
   24    36  0   0.0%   0.182 GC:3    +
   25    35  0   0.0%   0.159 UG:3    +
............((((.((((((....)))))).))))...
