3 sequence; length of alignment 69
alifold output
   15    47  0 100.0%   0.003 CG:3   
   14    48  0 100.0%   0.003 GC:3   
   17    45  0  99.9%   0.005 GC:3   
   16    46  0  99.8%   0.007 UG:3   
    7    57  0  99.3%   0.055 AU:3   
    6    58  0  99.2%   0.058 GC:3   
    8    56  0  98.7%   0.136 GC:3   
   18    44  0  97.5%   0.091 UA:3   
    9    55  0  94.5%   0.248 AU:3   
   13    49  0  94.5%   0.164 UA:3   
    5    59  0  82.9%   0.467 CG:3   
   24    37  0  82.5%   0.488 UA:3   
   25    36  0  82.4%   0.497 CG:3   
   23    38  0  82.4%   0.570 CG:3   
   12    50  0  79.4%   0.556 UA:3   
    4    60  0  66.4%   0.817 CG:3   
   26    35  0  61.4%   0.917 GU:3   
    3    62  0  49.5%   1.046 GC:3    +
    4    61  0  33.3%   1.373 CG:3    +
   29    34  0  25.1%   1.283 CG:3    +
   28    35  0  22.9%   1.536 GU:3    +
   62    68  0  21.7%   1.377 CG:3    +
   61    69  0  21.2%   1.360 GC:3    +
    5    60  0  17.0%   1.333 CG:3    +
   25    38  0  14.5%   1.178 CG:3    +
   63    67  0  14.2%   0.965 AU:3    +
   24    39  0  13.9%   1.020 UA:3    +
   11    52  0  12.1%   0.823 AU:3    +
   20    43  0  11.0%   0.755 CG:3    +
   12    51  0   8.8%   0.921 UA:3    +
   29    33  0   4.8%   0.528 CG:3    +
   13    50  0   4.4%   0.656 UA:3    +
   27    35  0   3.4%   0.681 AU:3    +
   10    51  0   2.6%   0.285 UA:3    +
   22    41  0   2.4%   0.355 GU:3    +
    1    63  0   2.4%   0.267 UA:3    +
   22    29  0   2.0%   0.233 GC:3    +
   23    28  0   2.0%   0.235 CG:3    +
   33    42  0   1.8%   0.461 GC:3    +
   34    41  0   1.8%   0.701 GU:3    +
   35    40  0   1.8%   1.046 UA:3    +
   21    30  0   1.6%   0.202 UA:3    +
   22    42  0   1.4%   0.351 GC:3    +
   21    40  0   1.3%   0.284 UA:3    +
    9    52  0   1.3%   0.170 AU:3    +
   32    43  0   1.2%   0.531 UG:3    +
    2    67  0   0.9%   0.126 AU:3    +
    3    66  0   0.8%   0.471 GC:3    +
    8    53  0   0.8%   0.115 GC:3    +
   21    43  0   0.8%   0.537 UG:3    +
    1    64  0   0.8%   0.201 UA:3    +
    1    68  0   0.7%   0.226 UG:3    +
    7    55  0   0.6%   0.097 AU:3    +
    6    56  0   0.6%   0.097 GC:3    +
   21    39  0   0.6%   0.169 UA:3    +
    8    54  0   0.5%   0.118 GC:3    +
   26    42  0   0.4%   0.433 GC:3    +
   25    43  0   0.4%   0.810 CG:3    +
   27    41  0   0.4%   0.298 AU:3    +
   28    32  0   0.3%   0.162 GU:3    +
   31    44  0   0.3%   0.107 UA:3    +
   18    43  0   0.2%   0.045 UG:3    +
   24    44  0   0.2%   0.510 UA:3    +
   27    32  0   0.2%   0.064 AU:3    +
   26    32  0   0.2%   0.033 GU:3    +
   27    31  0   0.1%   0.031 AU:3    +
   25    33  0   0.1%   0.028 CG:3    +
   29    38  0   0.1%   1.038 CG:3    +
   31    37  0   0.1%   0.192 UA:3    +
   20    38  0   0.1%   0.024 CG:3    +
   21    37  0   0.1%   0.090 UA:3    +
   32    36  0   0.1%   0.229 UG:3    +
   25    34  0   0.1%   0.035 CG:3    +
   19    41  0   0.1%   0.022 AU:3    +
   24    34  0   0.1%   0.025 UG:3    +
   20    34  0   0.1%   0.017 CG:3    +
   23    34  0   0.1%   0.095 CG:3    +
   19    35  0   0.1%   0.016 AU:3    +
   22    35  0   0.1%   0.095 GU:3    +
   36    42  0   0.1%   0.342 GC:3    +
   13    51  0   0.0%   0.512 UA:3    +
   24    40  0   0.0%   0.510 UA:3    +
   23    36  0   0.0%   0.095 CG:3    +
   32    37  0   0.0%   0.229 UA:3    +
   10    50  0   0.0%   0.010 UA:3    +
   21    27  0   0.0%   0.009 UA:3    +
   20    28  0   0.0%   0.009 CG:3    +
   37    41  0   0.0%   0.371 AU:3    +
   29    36  0   0.0%   0.746 CG:3    +
   31    38  0   0.0%   0.477 UG:3    +
   61    66  0   0.0%   0.419 GC:3    +
   30    35  0   0.0%   0.836 AU:3    +
   21    33  0   0.0%   0.078 UG:3    +
   24    33  0   0.0%   0.011 UG:3    +
   19    32  0   0.0%   0.008 AU:3    +
   35    43  0   0.0%   1.212 UG:3    +
   32    39  0   0.0%   0.365 UA:3    +
    2    65  0   0.0%   0.007 AU:3    +
   31    40  0   0.0%   0.088 UA:3    +
   12    49  0   0.0%   0.006 UA:3    +
   21    36  0   0.0%   0.078 UG:3    +
   23    61  0   0.0%   0.617 CG:3    +
   25    59  0   0.0%   0.633 CG:3    +
   22    62  0   0.0%   0.584 GC:3    +
   24    60  0   0.0%   1.035 UG:3    +
   26    58  0   0.0%   0.344 GC:3    +
   27    57  0   0.0%   0.174 AU:3    +
   28    56  0   0.0%   0.486 GC:3    +
   21    63  0   0.0%   0.297 UA:3    +
    3    15  0   0.0%   0.004 GC:3    +
   18    36  0   0.0%   0.004 UG:3    +
    2    16  0   0.0%   0.004 AU:3    +
    1    61  0   0.0%   0.004 UG:3    +
   32    38  0   0.0%   0.511 UG:3    +
   31    36  0   0.0%   0.183 UG:3    +
   33    48  0   0.0%   0.237 GC:3    +
   36    45  0   0.0%   0.184 GC:3    +
   31    39  0   0.0%   0.327 UA:3    +
   35    46  0   0.0%   0.845 UG:3    +
   19    31  0   0.0%   0.003 AU:3    +
   32    49  0   0.0%   0.167 UA:3    +
    1    17  0   0.0%   0.003 UG:3    +
    6    13  0   0.0%   0.003 GU:3    +
   23    43  0   0.0%   0.542 CG:3    +
    7    12  0   0.0%   0.003 AU:3    +
    4    14  0   0.0%   0.002 CG:3    +
   30    41  0   0.0%   0.186 AU:3    +
   31    50  0   0.0%   0.365 UA:3    +
   11    55  0   0.0%   0.343 AU:3    +
   22    45  0   0.0%   0.234 GC:3    +
    6    54  0   0.0%   0.003 GC:3    +
   61    67  0   0.0%   0.416 GU:3    +
   34    42  0   0.0%   0.595 GC:3    +
    3    65  0   0.0%   0.353 GU:3    +
    5    14  0   0.0%   0.002 CG:3    +
    3    69  0   0.0%   0.392 GC:3    +
   60    66  0   0.0%   0.617 GC:3    +
   61    65  0   0.0%   0.373 GU:3    +
   30    52  0   0.0%   0.383 AU:3    +
   26    31  0   0.0%   0.002 GU:3    +
   24    38  0   0.0%   0.332 UG:3    +
   21    38  0   0.0%   0.085 UG:3    +
   31    51  0   0.0%   0.351 UA:3    +
   59    67  0   0.0%   0.199 GU:3    +
   18    33  0   0.0%   0.001 UG:3    +
    4    68  0   0.0%   0.673 CG:3    +
   21    46  0   0.0%   0.208 UG:3    +
   29    47  0   0.0%   0.581 CG:3    +
   58    68  0   0.0%   0.044 CG:3    +
   28    48  0   0.0%   0.438 GC:3    +
   20    33  0   0.0%   0.004 CG:3    +
    8    58  0   0.0%   0.087 GC:3    +
   22    32  0   0.0%   0.081 GU:3    +
   18    40  0   0.0%   0.003 UA:3    +
    9    57  0   0.0%   0.118 AU:3    +
    4    47  0   0.0%   0.002 CG:3    +
    5    46  0   0.0%   0.001 CG:3    +
    3    48  0   0.0%   0.002 GC:3    +
    6    45  0   0.0%   0.002 GC:3    +
    8    42  0   0.0%   0.001 GC:3    +
    9    41  0   0.0%   0.001 AU:3    +
   15    34  0   0.0%   0.002 CG:3    +
   14    35  0   0.0%   0.002 GU:3    +
   60    67  0   0.0%   0.618 GU:3    +
   16    33  0   0.0%   0.002 UG:3    +
   13    36  0   0.0%   0.002 UG:3    +
   12    37  0   0.0%   0.002 UA:3    +
   10    40  0   0.0%   0.001 UA:3    +
   54    59  0   0.0%   0.184 CG:3    +
   32    50  0   0.0%   0.435 UA:3    +
   53    60  0   0.0%   0.614 CG:3    +
   15    22  0   0.0%   0.002 CG:3    +
   14    23  0   0.0%   0.002 GC:3    +
    6    55  0   0.0%   0.002 GU:3    +
   20    47  0   0.0%   0.257 CG:3    +
   15    28  0   0.0%   0.002 CG:3    +
   14    29  0   0.0%   0.002 GC:3    +
   46    54  0   0.0%   0.031 GC:3    +
   17    32  0   0.0%   0.001 GU:3    +
   47    53  0   0.0%   0.040 GC:3    +
   16    27  0   0.0%   0.002 UA:3    +
   38    42  0   0.0%   0.616 GC:3    +
   20    26  0   0.0%   0.000 CG:3    +
   17    48  0   0.0%   0.003 GC:3    +
   18    68  0   0.0%   0.075 UG:3    +
   13    30  0   0.0%   0.001 UA:3    +
   19    67  0   0.0%   0.054 AU:3    +
   16    49  0   0.0%   0.059 UA:3    +
   17    69  0   0.0%   0.003 GC:3    +
    8    55  0   0.0%   0.097 GU:3    +
   34    45  0   0.0%   0.441 GC:3    +
   35    44  0   0.0%   0.893 UA:3    +
   60    69  0   0.0%   0.577 GC:3    +
    3    67  0   0.0%   0.432 GU:3    +
   17    42  0   0.0%   0.002 GC:3    +
    8    66  0   0.0%   0.119 GC:3    +
   21    44  0   0.0%   0.230 UA:3    +
    9    65  0   0.0%   0.113 AU:3    +
   10    64  0   0.0%   0.134 UA:3    +
   32    40  0   0.0%   0.120 UA:3    +
   30    55  0   0.0%   0.156 AU:3    +
    7    67  0   0.0%   0.081 AU:3    +
   29    46  0   0.0%   0.582 CG:3    +
   15    68  0   0.0%   0.035 CG:3    +
   14    69  0   0.0%   0.003 GC:3    +
   34    48  0   0.0%   0.442 GC:3    +
   18    39  0   0.0%   0.002 UA:3    +
   17    41  0   0.0%   0.002 GU:3    +
   10    49  0   0.0%   0.000 UA:3    +
   35    47  0   0.0%   0.841 UG:3    +
   31    43  0   0.0%   0.339 UG:3    +
   52    61  0   0.0%   0.681 UG:3    +
   24    36  0   0.0%   0.014 UG:3    +
    4    59  0   0.0%   0.001 CG:3    +
   29    43  0   0.0%   0.896 CG:3    +
   18    47  0   0.0%   0.042 UG:3    +
    6    57  0   0.0%   0.034 GU:3    +
   20    36  0   0.0%   0.009 CG:3    +
   17    66  0   0.0%   0.043 GC:3    +
   32    44  0   0.0%   0.163 UA:3    +
   60    65  0   0.0%   0.578 GU:3    +
   19    65  0   0.0%   0.015 AU:3    +
   59    66  0   0.0%   0.198 GC:3    +
   24    30  0   0.0%   0.067 UA:3    +
   23    33  0   0.0%   0.081 CG:3    +
   28    42  0   0.0%   0.518 GC:3    +
   22    48  0   0.0%   0.233 GC:3    +
   23    47  0   0.0%   0.247 CG:3    +
   36    53  0   0.0%   0.218 GC:3    +
   34    54  0   0.0%   0.466 GC:3    +
    6    12  0   0.0%   0.000 GU:3    +
   37    52  0   0.0%   0.489 AU:3    +
   38    45  0   0.0%   0.459 GC:3    +
   33    55  0   0.0%   0.320 GU:3    +
   21    49  0   0.0%   0.261 UA:3    +
   54    60  0   0.0%   0.602 CG:3    +
   53    61  0   0.0%   0.408 CG:3    +
   18    30  0   0.0%   0.000 UA:3    +
   35    39  0   0.0%   1.072 UA:3    +
   17    23  0   0.0%   0.001 GC:3    +
    8    57  0   0.0%   0.086 GU:3    +
   42    47  0   0.0%   0.161 CG:3    +
   55    59  0   0.0%   0.243 UG:3    +
   18    22  0   0.0%   0.000 UG:3    +
   17    25  0   0.0%   0.001 GC:3    +
   11    18  0   0.0%   0.000 AU:3    +
   16    43  0   0.0%   0.002 UG:3    +
   12    17  0   0.0%   0.002 UG:3    +
   19    24  0   0.0%   0.000 AU:3    +
   21    28  0   0.0%   0.006 UG:3    +
   35    51  0   0.0%   1.152 UA:3    +
   26    45  0   0.0%   0.333 GC:3    +
   36    48  0   0.0%   0.182 GC:3    +
   34    52  0   0.0%   0.752 GU:3    +
   33    53  0   0.0%   0.272 GC:3    +
   25    46  0   0.0%   0.475 CG:3    +
   35    49  0   0.0%   0.897 UA:3    +
   10    19  0   0.0%   0.000 UA:3    +
   33    45  0   0.0%   0.235 GC:3    +
   17    29  0   0.0%   0.001 GC:3    +
   18    28  0   0.0%   0.000 UG:3    +
   20    46  0   0.0%   0.258 CG:3    +
   33    54  0   0.0%   0.261 GC:3    +
   34    53  0   0.0%   0.478 GC:3    +
   24    28  0   0.0%   0.080 UG:3    +
    8    52  0   0.0%   0.000 GU:3    +
   33    41  0   0.0%   0.275 GU:3    +
   50    55  0   0.0%   0.412 AU:3    +
    8    15  0   0.0%   0.001 GC:3    +
   51    55  0   0.0%   0.398 AU:3    +
    7    16  0   0.0%   0.002 AU:3    +
    4    17  0   0.0%   0.002 CG:3    +
    3    58  0   0.0%   0.001 GC:3    +
    3    18  0   0.0%   0.001 GU:3    +
   21    26  0   0.0%   0.000 UG:3    +
    1    60  0   0.0%   0.001 UG:3    +
   15    46  0   0.0%   0.002 CG:3    +
...((((((..(((((((....((((........)))).....)))))))....)))))).........
