3 sequence; length of alignment 113
alifold output
   52    85  0  96.7%   0.303 GC:3   
   51    86  0  96.7%   0.301 GC:3   
   50    87  0  96.7%   0.305 CG:3   
   48    89  0  96.6%   0.303 GC:3   
   49    88  0  96.6%   0.204 AU:3   
   53    84  0  96.5%   0.271 UG:3   
   54    83  0  96.4%   0.338 GC:3   
   63    75  0  94.9%   0.459 CG:3   
   64    74  0  94.8%   0.435 GC:3   
   62    76  0  94.2%   0.344 CG:3   
   66    73  0  93.6%   0.477 GC:3   
   55    82  0  93.4%   0.348 UA:3   
   47    90  0  93.4%   0.386 UA:3   
   67    72  0  89.5%   0.590 AU:3   
   21    35  0  72.5%   0.712 GC:3    +
   20    36  0  72.4%   0.709 CG:3    +
   22    34  0  71.9%   0.746 CG:3    +
   24    32  0  71.2%   0.833 GC:3    +
   19    37  0  70.4%   0.757 CG:3    +
   25    31  0  69.9%   0.843 AU:3    +
   46    91  0  65.2%   1.035 UA:3   
   60    80  0  59.9%   1.743 GC:3   
   59    81  0  58.6%   1.540 GU:3   
   43    97  0  57.8%   1.562 UA:3    +
   42    98  0  57.6%   1.663 GC:3    +
   44    96  0  57.2%   2.006 CG:3    +
   61    79  0  54.4%   1.487 AU:3   
   18    38  0  53.7%   1.096 UA:3    +
   12   107  0  43.6%   2.376 CG:3   
   13   106  0  43.5%   2.131 UG:3   
   11   108  0  43.4%   2.454 CG:3   
   14   105  0  43.4%   1.665 UG:3   
   15   104  0  43.1%   1.678 GC:3   
   17   101  0  35.8%   1.477 GC:3   
   16   102  0  35.5%   1.542 AU:3   
   40   101  0  34.6%   2.630 GC:3    +
   18   100  0  32.3%   1.712 UA:3   
   39   102  0  32.1%   2.697 GU:3    +
   19    99  0  28.5%   1.577 CG:3   
   10   109  0  26.1%   1.990 UG:3   
   22    94  0  26.1%   1.373 CG:3   
   21    95  0  26.0%   1.306 GU:3   
    5   107  0  25.5%   1.743 CG:3    +
    4   108  0  25.5%   1.715 CG:3    +
    6   106  0  25.3%   1.753 CG:3    +
   20    96  0  24.2%   1.323 CG:3   
    5   106  0  24.2%   1.043 CG:3    +
    4   107  0  24.1%   1.048 CG:3    +
    6   105  0  24.1%   1.052 CG:3    +
   32    37  0  23.5%   1.590 CG:3   
   29    40  0  23.5%   1.238 CG:3   
   31    38  0  23.5%   1.750 UA:3   
   30    39  0  23.5%   1.274 UG:3   
   41   100  0  22.7%   2.559 UA:3    +
   23    93  0  22.5%   1.212 GC:3   
   41    99  0  21.3%   2.196 UG:3    +
   28    41  0  20.8%   1.032 GU:3   
    3   108  0  18.3%   0.945 UG:3    +
    8   104  0  17.3%   1.228 GC:3    +
   24    44  0  15.9%   1.257 GC:3   
   25    43  0  15.8%   1.191 AU:3   
    3   109  0  15.3%   1.185 UG:3    +
    9   103  0  14.9%   1.186 UA:3    +
   57    80  0  14.6%   1.073 GC:3    +
    1   110  0   9.4%   0.676 AU:3    +
   27    42  0   8.5%   0.913 UG:3    +
   26    42  0   8.5%   0.697 UG:3   
    8   101  0   8.0%   0.724 GC:3    +
   45    94  0   7.7%   1.379 UG:3    +
    9   100  0   7.5%   0.728 UA:3    +
    7   102  0   7.0%   0.667 AU:3    +
   39   101  0   6.3%   1.825 GC:3    +
   94   104  0   6.2%   2.045 GC:3    +
   95   103  0   6.2%   1.264 UA:3    +
   59    80  0   5.9%   1.192 GC:3    +
   93   105  0   5.9%   1.857 CG:3    +
   10    99  0   5.6%   0.675 UG:3    +
   96   102  0   5.5%   2.334 GU:3    +
   60    79  0   5.1%   0.775 GU:3    +
   11    15  0   4.9%   0.472 CG:3    +
   12    39  0   4.7%   0.493 CG:3    +
   10    16  0   4.7%   0.460 UA:3    +
   11    40  0   4.6%   0.599 CG:3    +
   38   102  0   4.2%   1.841 AU:3    +
    2   110  0   3.9%   0.621 GU:3    +
    5   108  0   3.8%   1.734 CG:3    +
    4   109  0   3.8%   1.367 CG:3    +
    6   107  0   3.8%   1.775 CG:3    +
   24    92  0   3.6%   1.000 GU:3    +
   26    91  0   3.5%   0.569 UA:3    +
    8   111  0   3.4%   1.110 GU:3    +
   27    90  0   3.3%   0.558 UA:3    +
   25    92  0   3.2%   1.085 AU:3    +
   34    85  0   3.2%   0.603 GC:3    +
   33    86  0   3.2%   0.378 GC:3    +
   35    84  0   3.1%   0.599 CG:3    +
   32    87  0   3.1%   0.970 CG:3    +
   28    89  0   3.1%   0.673 GC:3    +
   36    83  0   3.1%   0.600 GC:3    +
    8   112  0   3.1%   1.124 GC:3    +
   40    98  0   3.1%   1.043 GC:3    +
   41    97  0   3.0%   0.845 UA:3    +
   39    80  0   3.0%   0.899 GC:3    +
   40    79  0   3.0%   0.856 GU:3    +
   41    78  0   2.9%   0.680 UA:3    +
   59    79  0   2.8%   0.607 GU:3    +
    1   111  0   2.3%   0.490 AU:3    +
   58    64  0   2.3%   0.294 CG:3    +
   56    66  0   2.3%   0.292 CG:3    +
   57    65  0   2.3%   0.315 GU:3    +
   23    45  0   2.2%   0.375 GU:3    +
   55    67  0   2.2%   0.313 UA:3    +
    9    17  0   2.2%   0.274 UG:3    +
   59    74  0   2.0%   0.407 GC:3    +
   60    73  0   2.0%   0.352 GC:3    +
   58    75  0   2.0%   0.448 CG:3    +
   59    63  0   2.0%   0.303 GC:3    +
   46    94  0   2.0%   1.243 UG:3    +
   24    93  0   2.0%   1.341 GC:3    +
   61    72  0   1.9%   0.334 AU:3    +
   54    68  0   1.8%   0.249 GU:3    +
   13    38  0   1.8%   0.261 UA:3    +
   44    76  0   1.8%   0.709 CG:3    +
   38    81  0   1.7%   1.013 AU:3    +
   12   106  0   1.7%   1.266 CG:3    +
   11   107  0   1.7%   1.473 CG:3    +
   43    77  0   1.6%   0.583 UA:3    +
   13   105  0   1.4%   0.751 UG:3    +
   45    75  0   1.4%   0.410 UG:3    +
   57    81  0   1.4%   0.654 GU:3    +
   44    94  0   1.4%   1.154 CG:3    +
   10   108  0   1.3%   1.392 UG:3    +
    8    44  0   1.3%   0.221 GC:3    +
   11    99  0   1.2%   0.665 CG:3    +
    7    45  0   1.1%   0.201 AU:3    +
   15    93  0   1.1%   0.367 GC:3    +
   93    99  0   1.0%   1.592 CG:3    +
   23    32  0   1.0%   0.156 GC:3    +
   14    94  0   1.0%   0.190 UG:3    +
   24    31  0   1.0%   0.148 GU:3    +
    2   112  0   1.0%   0.289 GC:3    +
   16    92  0   1.0%   0.329 AU:3    +
   10   100  0   0.9%   0.676 UA:3    +
   94    98  0   0.9%   1.375 GC:3    +
   12   105  0   0.9%   0.756 CG:3    +
   11   106  0   0.9%   1.217 CG:3    +
   48    73  0   0.9%   0.171 GC:3    +
    9   109  0   0.9%   1.185 UG:3    +
   49    72  0   0.9%   0.192 AU:3    +
   25    30  0   0.8%   0.131 AU:3    +
   92   100  0   0.8%   1.374 UA:3    +
   22    96  0   0.8%   1.125 CG:3    +
   51    74  0   0.8%   0.177 GC:3    +
   92   106  0   0.8%   1.625 UG:3    +
   52    73  0   0.8%   0.209 GC:3    +
   12    40  0   0.7%   0.452 CG:3    +
   13    39  0   0.7%   0.367 UG:3    +
   56    76  0   0.7%   0.314 CG:3    +
   50    75  0   0.7%   0.252 CG:3    +
    9    42  0   0.6%   0.204 UG:3    +
   11   109  0   0.6%   1.778 CG:3    +
   51    63  0   0.6%   0.100 GC:3    +
   52    62  0   0.6%   0.111 GC:3    +
   50    64  0   0.6%   0.126 CG:3    +
   53    61  0   0.6%   0.119 UA:3    +
   66    72  0   0.6%   0.313 GU:3    +
   49    65  0   0.6%   0.118 AU:3    +
   12   108  0   0.6%   2.065 CG:3    +
   94   101  0   0.5%   2.024 GC:3    +
   23    95  0   0.5%   0.922 GU:3    +
   95   100  0   0.5%   1.502 UA:3    +
   22    33  0   0.5%   0.089 CG:3    +
    8    12  0   0.5%   0.085 GC:3    +
   39    44  0   0.5%   1.025 GC:3    +
   13   107  0   0.5%   1.942 UG:3    +
   67    71  0   0.5%   0.224 AU:3    +
    7    13  0   0.5%   0.077 AU:3    +
   12    17  0   0.5%   0.205 CG:3    +
    7   111  0   0.5%   0.471 AU:3    +
   48    56  0   0.4%   0.082 GC:3    +
   49    55  0   0.4%   0.079 AU:3    +
   50    54  0   0.4%   0.078 CG:3    +
   44    60  0   0.4%   0.521 CG:3    +
   45    59  0   0.4%   0.265 UG:3    +
   55    77  0   0.4%   0.270 UA:3    +
   43   100  0   0.4%   1.814 UA:3    +
   47    57  0   0.4%   0.076 UG:3    +
   44    99  0   0.4%   1.937 CG:3    +
   42   101  0   0.4%   2.053 GC:3    +
   43    61  0   0.4%   0.416 UA:3    +
    8   110  0   0.4%   1.046 GU:3    +
   38    45  0   0.4%   0.997 AU:3    +
   45    91  0   0.3%   0.471 UA:3    +
   14   106  0   0.3%   1.713 UG:3    +
   64    69  0   0.3%   0.189 GU:3    +
   47    91  0   0.3%   0.609 UA:3    +
   53    70  0   0.3%   0.092 UA:3    +
   12    96  0   0.3%   0.314 CG:3    +
   40   104  0   0.3%   1.878 GC:3    +
   39    98  0   0.3%   0.795 GC:3    +
   28    35  0   0.3%   0.289 GC:3    +
   29    34  0   0.3%   0.299 CG:3    +
   35    42  0   0.3%   0.787 CG:3    +
   34    43  0   0.3%   0.622 GU:3    +
   33    44  0   0.3%   0.455 GC:3    +
   47    67  0   0.3%   0.086 UA:3    +
   41   103  0   0.3%   1.618 UA:3    +
   10   107  0   0.3%   1.261 UG:3    +
   43    94  0   0.3%   0.911 UG:3    +
    7    14  0   0.3%   0.073 AU:3    +
   21    98  0   0.3%   0.664 GC:3    +
   16    41  0   0.2%   0.219 AU:3    +
   15    41  0   0.2%   0.226 GU:3    +
   11    17  0   0.2%   0.279 CG:3    +
    9    16  0   0.2%   0.049 UA:3    +
    5   109  0   0.2%   1.278 CG:3    +
   37    44  0   0.2%   1.040 GC:3    +
   96   101  0   0.2%   1.983 GC:3    +
   36    41  0   0.2%   0.653 GU:3    +
   38    43  0   0.2%   1.134 AU:3    +
   10    15  0   0.2%   0.057 UG:3    +
   52    71  0   0.2%   0.088 GU:3    +
   15    44  0   0.2%   0.293 GC:3    +
   40    44  0   0.2%   0.996 GC:3    +
   48    74  0   0.2%   0.124 GC:3    +
   44    75  0   0.2%   0.511 CG:3    +
    6   108  0   0.2%   1.655 CG:3    +
   42    62  0   0.2%   0.545 GC:3    +
   39    45  0   0.2%   0.784 GU:3    +
   46    90  0   0.2%   0.193 UA:3    +
    8   113  0   0.2%   0.907 GC:3    +
    7   110  0   0.2%   0.673 AU:3    +
   16    43  0   0.2%   0.216 AU:3    +
   17    98  0   0.2%   0.196 GC:3    +
   18    97  0   0.2%   0.405 UA:3    +
   89    96  0   0.2%   0.937 CG:3    +
   88    97  0   0.2%   0.532 UA:3    +
   87    98  0   0.2%   0.653 GC:3    +
    2   111  0   0.2%   0.263 GU:3    +
   65    70  0   0.2%   0.174 UA:3    +
    8    13  0   0.2%   0.088 GU:3    +
   54    69  0   0.2%   0.135 GU:3    +
   64    71  0   0.2%   0.198 GU:3    +
   57    83  0   0.2%   0.641 GC:3    +
    9   108  0   0.2%   1.449 UG:3    +
   45    97  0   0.2%   0.991 UA:3    +
   99   104  0   0.2%   1.914 GC:3    +
    6    15  0   0.2%   0.037 CG:3    +
   11    96  0   0.2%   0.354 CG:3    +
   47    75  0   0.2%   0.156 UG:3    +
   42    93  0   0.2%   1.037 GC:3    +
   12    42  0   0.2%   0.311 CG:3    +
   17    44  0   0.1%   0.235 GC:3    +
   55    59  0   0.1%   0.083 UG:3    +
   43    76  0   0.1%   0.401 UG:3    +
   46    76  0   0.1%   0.142 UG:3    +
   42    95  0   0.1%   0.955 GU:3    +
   16    45  0   0.1%   0.265 AU:3    +
   45    77  0   0.1%   0.373 UA:3    +
   27    36  0   0.1%   0.264 UG:3    +
   90    95  0   0.1%   0.611 AU:3    +
   20    99  0   0.1%   1.214 CG:3    +
   29    39  0   0.1%   0.240 CG:3    +
   14    99  0   0.1%   0.361 UG:3    +
   13    97  0   0.1%   0.190 UA:3    +
   30    38  0   0.1%   0.486 UA:3    +
   40    85  0   0.1%   0.790 GC:3    +
   41    84  0   0.1%   0.611 UG:3    +
   42    83  0   0.1%   0.656 GC:3    +
   31    37  0   0.1%   0.581 UG:3    +
   14    96  0   0.1%   0.150 UG:3    +
   10    97  0   0.1%   0.200 UA:3    +
   43    82  0   0.1%   0.473 UA:3    +
   39    86  0   0.1%   0.829 GC:3    +
   98   105  0   0.1%   1.545 CG:3    +
   13   100  0   0.1%   0.432 UA:3    +
   32    36  0   0.1%   0.561 CG:3    +
   40    80  0   0.1%   0.776 GC:3    +
   14    37  0   0.1%   0.048 UG:3    +
   14   103  0   0.1%   0.426 UA:3    +
   11    42  0   0.1%   0.373 CG:3    +
   36    45  0   0.1%   0.440 GU:3    +
   37    46  0   0.1%   0.656 GU:3    +
   56    84  0   0.1%   0.324 CG:3    +
   46    96  0   0.1%   1.187 UG:3    +
   39    81  0   0.1%   0.781 GU:3    +
   47    78  0   0.1%   0.186 UA:3    +
   19    96  0   0.1%   0.316 CG:3    +
   17   104  0   0.1%   1.224 GC:3    +
   15    98  0   0.1%   0.295 GC:3    +
  101   106  0   0.1%   2.433 CG:3    +
   51    72  0   0.1%   0.107 GU:3    +
   12    99  0   0.1%   0.510 CG:3    +
    2   113  0   0.1%   0.218 GC:3    +
   14    38  0   0.1%   0.124 UA:3    +
   15    46  0   0.1%   0.229 GU:3    +
    2     6  0   0.1%   0.017 GC:3    +
   48    72  0   0.1%   0.052 GU:3    +
    2   101  0   0.1%   0.028 GC:3    +
    3   100  0   0.1%   0.021 UA:3    +
   14    42  0   0.1%   0.118 UG:3    +
    4    99  0   0.1%   0.022 CG:3    +
    7    18  0   0.1%   0.058 AU:3    +
   49    71  0   0.1%   0.077 AU:3    +
    1   102  0   0.1%   0.018 AU:3    +
    4   106  0   0.1%   0.026 CG:3    +
   40    92  0   0.1%   0.952 GU:3    +
    5   105  0   0.1%   0.018 CG:3    +
   15    95  0   0.1%   0.284 GU:3    +
   39    93  0   0.1%   1.189 GC:3    +
   17    93  0   0.1%   0.213 GC:3    +
   41    94  0   0.1%   0.905 UG:3    +
   39   104  0   0.1%   1.955 GC:3    +
   25    45  0   0.1%   0.749 AU:3    +
    8    43  0   0.1%   0.065 GU:3    +
    8    18  0   0.1%   0.063 GU:3    +
   24    29  0   0.1%   0.022 GC:3    +
   15   102  0   0.1%   0.488 GU:3    +
    9    15  0   0.1%   0.026 UG:3    +
   23    30  0   0.1%   0.019 GU:3    +
   18   103  0   0.1%   1.039 UA:3    +
   10    42  0   0.1%   0.214 UG:3    +
   55    78  0   0.1%   0.268 UA:3    +
   12    23  0   0.1%   0.065 CG:3    +
   11    24  0   0.1%   0.175 CG:3    +
   86    99  0   0.1%   1.120 CG:3    +
   10   103  0   0.0%   0.684 UA:3    +
   15    20  0   0.0%   0.188 GC:3    +
   41    91  0   0.0%   0.615 UA:3    +
   43    49  0   0.0%   0.355 UA:3    +
   13    42  0   0.0%   0.216 UG:3    +
   44    48  0   0.0%   0.458 CG:3    +
   14    39  0   0.0%   0.232 UG:3    +
   51    71  0   0.0%   0.056 GU:3    +
   14    21  0   0.0%   0.030 UG:3    +
   63    76  0   0.0%   0.356 CG:3    +
   42    50  0   0.0%   0.514 GC:3    +
   20    33  0   0.0%   0.016 CG:3    +
   21    32  0   0.0%   0.017 GC:3    +
  106   112  0   0.0%   1.405 GC:3    +
   10    25  0   0.0%   0.173 UA:3    +
   19    34  0   0.0%   0.015 CG:3    +
  105   113  0   0.0%   1.031 GC:3    +
   17   102  0   0.0%   1.109 GU:3    +
   11    39  0   0.0%   0.180 CG:3    +
    3   107  0   0.0%   0.020 UG:3    +
   17    35  0   0.0%   0.141 GC:3    +
   46    67  0   0.0%   0.036 UA:3    +
   41    96  0   0.0%   0.931 UG:3    +
   24    46  0   0.0%   0.610 GU:3    +
   54    71  0   0.0%   0.144 GU:3    +
    8    14  0   0.0%   0.065 GU:3    +
   46    75  0   0.0%   0.111 UG:3    +
   47    66  0   0.0%   0.041 UG:3    +
   57    79  0   0.0%   0.229 GU:3    +
   76   112  0   0.0%   0.352 GC:3    +
   77   111  0   0.0%   0.350 AU:3    +
   78   110  0   0.0%   0.508 AU:3    +
   79   109  0   0.0%   1.557 UG:3    +
   80   108  0   0.0%   2.138 CG:3    +
   20    94  0   0.0%   0.302 CG:3    +
   10    17  0   0.0%   0.252 UG:3    +
   75   113  0   0.0%   0.279 GC:3    +
   26    37  0   0.0%   0.267 UG:3    +
   21    93  0   0.0%   0.308 GC:3    +
   83   105  0   0.0%   0.991 CG:3    +
   18    39  0   0.0%   0.543 UG:3    +
   11   105  0   0.0%   0.744 CG:3    +
   84   104  0   0.0%   0.866 GC:3    +
   13    40  0   0.0%   0.335 UG:3    +
   12    94  0   0.0%   0.256 CG:3    +
   38    46  0   0.0%   0.823 AU:3    +
   40    73  0   0.0%   0.548 GC:3    +
   39    74  0   0.0%   0.588 GC:3    +
    6   109  0   0.0%   1.277 CG:3    +
   20    59  0   0.0%   0.250 CG:3    +
   21    58  0   0.0%   0.250 GC:3    +
   19    60  0   0.0%   0.262 CG:3    +
   22    57  0   0.0%   0.275 CG:3    +
   18    61  0   0.0%   0.357 UA:3    +
   24    43  0   0.0%   0.324 GU:3    +
   17    62  0   0.0%   0.153 GC:3    +
   23    56  0   0.0%   0.152 GC:3    +
   46    97  0   0.0%   0.888 UA:3    +
   36    47  0   0.0%   0.281 GU:3    +
   81   107  0   0.0%   1.751 UG:3    +
   14    40  0   0.0%   0.228 UG:3    +
   64    73  0   0.0%   0.318 GC:3    +
  107   112  0   0.0%   1.464 GC:3    +
   17    41  0   0.0%   0.170 GU:3    +
   22    28  0   0.0%   0.006 CG:3    +
   42   102  0   0.0%   1.964 GU:3    +
   46    70  0   0.0%   0.035 UA:3    +
   23    44  0   0.0%   0.141 GC:3    +
  106   113  0   0.0%   1.271 GC:3    +
    4     8  0   0.0%   0.006 CG:3    +
   45    96  0   0.0%   1.262 UG:3    +
   21    29  0   0.0%   0.010 GC:3    +
   42    71  0   0.0%   0.523 GU:3    +
   43    70  0   0.0%   0.375 UA:3    +
   15    43  0   0.0%   0.206 GU:3    +
   19    24  0   0.0%   0.010 CG:3    +
   18    25  0   0.0%   0.019 UA:3    +
   10   106  0   0.0%   1.094 UG:3    +
   47    94  0   0.0%   0.910 UG:3    +
   13    17  0   0.0%   0.168 UG:3    +
  107   111  0   0.0%   1.544 GU:3    +
   17    26  0   0.0%   0.134 GU:3    +
   10    40  0   0.0%   0.172 UG:3    +
   54    79  0   0.0%   0.222 GU:3    +
   43    96  0   0.0%   0.908 UG:3    +
   15    63  0   0.0%   0.222 GC:3    +
    2     9  0   0.0%   0.011 GU:3    +
   24    45  0   0.0%   0.742 GU:3    +
   46    77  0   0.0%   0.122 UA:3    +
  104   109  0   0.0%   1.746 CG:3    +
    8   102  0   0.0%   0.511 GU:3    +
   42    92  0   0.0%   0.813 GU:3    +
   97   102  0   0.0%   1.711 AU:3    +
   33    50  0   0.0%   0.055 GC:3    +
   32    51  0   0.0%   0.648 CG:3    +
   35    48  0   0.0%   0.276 CG:3    +
   52    69  0   0.0%   0.041 GU:3    +
   66    74  0   0.0%   0.373 GC:3    +
   47    76  0   0.0%   0.155 UG:3    +
   24    55  0   0.0%   0.602 GU:3    +
   66    71  0   0.0%   0.135 GU:3    +
   42    73  0   0.0%   0.526 GC:3    +
   48    69  0   0.0%   0.037 GU:3    +
   16    27  0   0.0%   0.162 AU:3    +
   40   102  0   0.0%   2.216 GU:3    +
  103   110  0   0.0%   0.881 AU:3    +
   11    37  0   0.0%   0.170 CG:3    +
   55    70  0   0.0%   0.149 UA:3    +
   12    36  0   0.0%   0.060 CG:3    +
   47    70  0   0.0%   0.056 UA:3    +
   43    91  0   0.0%   0.582 UA:3    +
   10    38  0   0.0%   0.169 UA:3    +
   14    64  0   0.0%   0.053 UG:3    +
    7    43  0   0.0%   0.052 AU:3    +
   16   111  0   0.0%   0.849 AU:3    +
   15   112  0   0.0%   0.804 GC:3    +
   51    73  0   0.0%   0.097 GC:3    +
    7    41  0   0.0%   0.051 AU:3    +
   65    75  0   0.0%   0.380 UG:3    +
  101   109  0   0.0%   2.050 CG:3    +
    1     9  0   0.0%   0.003 AU:3    +
   13    96  0   0.0%   0.186 UG:3    +
   40    45  0   0.0%   0.734 GU:3    +
   15   101  0   0.0%   0.491 GC:3    +
   26    90  0   0.0%   0.218 UA:3    +
   50    57  0   0.0%   0.059 CG:3    +
   40    95  0   0.0%   1.057 GU:3    +
   51    56  0   0.0%   0.034 GC:3    +
   18    34  0   0.0%   0.016 UG:3    +
  102   108  0   0.0%   2.496 UG:3    +
   37   104  0   0.0%   1.311 GC:3    +
  100   110  0   0.0%   1.434 AU:3    +
   13    99  0   0.0%   0.396 UG:3    +
   19   108  0   0.0%   1.882 CG:3    +
   20   107  0   0.0%   1.895 CG:3    +
   51    69  0   0.0%   0.041 GU:3    +
   31    52  0   0.0%   0.651 UG:3    +
  101   105  0   0.0%   2.183 CG:3    +
   45    70  0   0.0%   0.222 UA:3    +
   19    33  0   0.0%   0.006 CG:3    +
   48    58  0   0.0%   0.036 GC:3    +
   17   110  0   0.0%   0.929 GU:3    +
   29    54  0   0.0%   0.377 CG:3    +
    5    17  0   0.0%   0.003 CG:3    +
  108   112  0   0.0%   1.429 GC:3    +
   13   103  0   0.0%   0.463 UA:3    +
   52    72  0   0.0%   0.105 GU:3    +
   47    96  0   0.0%   0.916 UG:3    +
    9    39  0   0.0%   0.109 UG:3    +
    3     7  0   0.0%   0.003 UA:3    +
   67    79  0   0.0%   0.928 AU:3    +
   22   105  0   0.0%   1.480 CG:3    +
   68    78  0   0.0%   0.194 UA:3    +
   18   109  0   0.0%   1.588 UG:3    +
   47    59  0   0.0%   0.056 UG:3    +
   15    32  0   0.0%   0.183 GC:3    +
   15    56  0   0.0%   0.219 GC:3    +
   66    80  0   0.0%   1.059 GC:3    +
   16    55  0   0.0%   0.198 AU:3    +
   20    51  0   0.0%   0.244 CG:3    +
   21    50  0   0.0%   0.246 GC:3    +
   19    52  0   0.0%   0.256 CG:3    +
   14    33  0   0.0%   0.025 UG:3    +
    8    45  0   0.0%   0.163 GU:3    +
    9   105  0   0.0%   0.969 UG:3    +
    3     8  0   0.0%   0.003 UG:3    +
   14   100  0   0.0%   0.367 UA:3    +
   39    46  0   0.0%   0.603 GU:3    +
   14    57  0   0.0%   0.051 UG:3    +
   69    77  0   0.0%   0.138 UA:3    +
   12    59  0   0.0%   0.249 CG:3    +
   11    60  0   0.0%   0.323 CG:3    +
   44    66  0   0.0%   0.476 CG:3    +
   16    31  0   0.0%   0.161 AU:3    +
   43    67  0   0.0%   0.373 UA:3    +
   23   104  0   0.0%   1.187 GC:3    +
   46    60  0   0.0%   0.051 UG:3    +
   13    34  0   0.0%   0.040 UG:3    +
   22    48  0   0.0%   0.269 CG:3    +
   29    87  0   0.0%   0.377 CG:3    +
   28    55  0   0.0%   0.352 GU:3    +
   14    97  0   0.0%   0.124 UA:3    +
   42    68  0   0.0%   0.520 GU:3    +
    1    10  0   0.0%   0.003 AU:3    +
   99   111  0   0.0%   1.265 GU:3    +
  108   113  0   0.0%   1.294 GC:3    +
   23    27  0   0.0%   0.009 GU:3    +
   27    91  0   0.0%   0.454 UA:3    +
    3    67  0   0.0%   0.004 UA:3    +
    4    66  0   0.0%   0.005 CG:3    +
    2    10  0   0.0%   0.010 GU:3    +
    2    68  0   0.0%   0.011 GU:3    +
   45    76  0   0.0%   0.361 UG:3    +
   23    47  0   0.0%   0.147 GU:3    +
   16    95  0   0.0%   0.247 AU:3    +
   45    61  0   0.0%   0.243 UA:3    +
   58    76  0   0.0%   0.299 CG:3    +
  109   113  0   0.0%   0.889 GC:3    +
   48    93  0   0.0%   0.616 GC:3    +
   47    77  0   0.0%   0.141 UA:3    +
    8    98  0   0.0%   0.115 GC:3    +
   48    65  0   0.0%   0.034 GU:3    +
   41    51  0   0.0%   0.379 UG:3    +
   18    99  0   0.0%   0.604 UG:3    +
    9    97  0   0.0%   0.142 UA:3    +
   10    61  0   0.0%   0.174 UA:3    +
   45    78  0   0.0%   0.391 UA:3    +
   25    46  0   0.0%   0.604 AU:3    +
   62    75  0   0.0%   0.249 CG:3    +
   40    46  0   0.0%   0.563 GU:3    +
   17    30  0   0.0%   0.133 GU:3    +
   92   103  0   0.0%   0.639 UA:3    +
    3    97  0   0.0%   0.005 UA:3    +
    2    98  0   0.0%   0.011 GC:3    +
    4    96  0   0.0%   0.006 CG:3    +
   37    47  0   0.0%   0.635 GU:3    +
    8    26  0   0.0%   0.051 GU:3    +
   26    52  0   0.0%   0.217 UG:3    +
   25    53  0   0.0%   0.595 AU:3    +
   11    66  0   0.0%   0.324 CG:3    +
   37    80  0   0.0%   0.633 GC:3    +
   40    93  0   0.0%   1.146 GC:3    +
   38    79  0   0.0%   0.802 AU:3    +
   56    60  0   0.0%   0.058 CG:3    +
   27    51  0   0.0%   0.223 UG:3    +
   10    96  0   0.0%   0.176 UG:3    +
   98   109  0   0.0%   1.397 CG:3    +
    6    39  0   0.0%   0.018 CG:3    +
    1    69  0   0.0%   0.004 AU:3    +
    5    40  0   0.0%   0.003 CG:3    +
   64    83  0   0.0%   0.365 GC:3    +
   97   110  0   0.0%   0.867 AU:3    +
  107   113  0   0.0%   1.328 GC:3    +
    6    42  0   0.0%   0.019 CG:3    +
   28    50  0   0.0%   0.349 GC:3    +
   49    68  0   0.0%   0.061 AU:3    +
   42    74  0   0.0%   0.525 GC:3    +
   65    82  0   0.0%   0.201 UA:3    +
   10    67  0   0.0%   0.176 UA:3    +
   61    71  0   0.0%   0.086 AU:3    +
   48    71  0   0.0%   0.037 GU:3    +
    7    46  0   0.0%   0.102 AU:3    +
    9    99  0   0.0%   0.148 UG:3    +
   35    40  0   0.0%   0.780 CG:3    +
   96   104  0   0.0%   1.820 GC:3    +
   29    52  0   0.0%   0.376 CG:3    +
   63    84  0   0.0%   0.324 CG:3    +
   28    53  0   0.0%   0.349 GU:3    +
    7    27  0   0.0%   0.049 AU:3    +
   96   111  0   0.0%   1.189 GU:3    +
   64    68  0   0.0%   0.196 GU:3    +
   34    41  0   0.0%   0.620 GU:3    +
   37    98  0   0.0%   0.669 GC:3    +
   29    42  0   0.0%   0.857 CG:3    +
   10   105  0   0.0%   0.743 UG:3    +
   51    58  0   0.0%   0.010 GC:3    +
    9    25  0   0.0%   0.106 UA:3    +
    8    62  0   0.0%   0.113 GC:3    +
    6    64  0   0.0%   0.019 CG:3    +
   11    76  0   0.0%   0.323 CG:3    +
   10    77  0   0.0%   0.175 UA:3    +
   12    75  0   0.0%   0.249 CG:3    +
   62    66  0   0.0%   0.140 CG:3    +
   49    92  0   0.0%   0.419 AU:3    +
   91   102  0   0.0%   1.512 AU:3    +
   40   112  0   0.0%   1.318 GC:3    +
   20    37  0   0.0%   0.498 CG:3    +
   28    43  0   0.0%   0.660 GU:3    +
   39   113  0   0.0%   1.289 GC:3    +
   84   101  0   0.0%   1.301 GC:3    +
    9    78  0   0.0%   0.141 UA:3    +
   32    39  0   0.0%   1.183 CG:3    +
   37    93  0   0.0%   1.103 GC:3    +
   38    92  0   0.0%   1.146 AU:3    +
   17    95  0   0.0%   0.161 GU:3    +
   12    66  0   0.0%   0.250 CG:3    +
   29    48  0   0.0%   0.375 CG:3    +
   22    40  0   0.0%   0.452 CG:3    +
   44   108  0   0.0%   2.217 CG:3    +
   23    29  0   0.0%   0.008 GC:3    +
   21    41  0   0.0%   0.276 GU:3    +
   50    59  0   0.0%   0.059 CG:3    +
   46    78  0   0.0%   0.146 UA:3    +
   52    68  0   0.0%   0.037 GU:3    +
    4    17  0   0.0%   0.003 CG:3    +
   42    72  0   0.0%   0.521 GU:3    +
   55    61  0   0.0%   0.094 UA:3    +
   45   107  0   0.0%   1.811 UG:3    +
   43   109  0   0.0%   1.669 UG:3    +
   36   104  0   0.0%   1.060 GC:3    +
   37    83  0   0.0%   0.741 GC:3    +
   24    47  0   0.0%   0.599 GU:3    +
   60    81  0   0.0%   1.019 GU:3    +
   88   100  0   0.0%   1.022 UA:3    +
   89    99  0   0.0%   1.115 CG:3    +
   87   101  0   0.0%   1.295 GC:3    +
   42    47  0   0.0%   0.505 GU:3    +
   30    51  0   0.0%   0.397 UG:3    +
    8    19  0   0.0%   0.049 GC:3    +
    8    68  0   0.0%   0.114 GU:3    +
   39    53  0   0.0%   0.583 GU:3    +
   13    94  0   0.0%   0.158 UG:3    +
    3    49  0   0.0%   0.003 UA:3    +
    4    48  0   0.0%   0.004 CG:3    +
    2    50  0   0.0%   0.010 GC:3    +
    2    44  0   0.0%   0.009 GC:3    +
    8    46  0   0.0%   0.112 GU:3    +
    8    79  0   0.0%   0.113 GU:3    +
   61    81  0   0.0%   0.914 AU:3    +
   54    80  0   0.0%   0.229 GC:3    +
    9    67  0   0.0%   0.141 UA:3    +
    4    42  0   0.0%   0.003 CG:3    +
   87   104  0   0.0%   0.855 GC:3    +
   20    42  0   0.0%   0.307 CG:3    +
   86   105  0   0.0%   0.977 CG:3    +
   85   106  0   0.0%   1.343 CG:3    +
   31    40  0   0.0%   1.171 UG:3    +
   43    78  0   0.0%   0.551 UA:3    +
    9   106  0   0.0%   1.317 UG:3    +
   39    43  0   0.0%   0.884 GU:3    +
    8    63  0   0.0%   0.112 GC:3    +
   38    95  0   0.0%   1.257 AU:3    +
   45    90  0   0.0%   0.402 UA:3    +
   88   103  0   0.0%   0.363 UA:3    +
   41    77  0   0.0%   0.376 UA:3    +
   28    44  0   0.0%   0.720 GC:3    +
   32    48  0   0.0%   0.645 CG:3    +
   11    94  0   0.0%   0.323 CG:3    +
   10    24  0   0.0%   0.162 UG:3    +
   17    43  0   0.0%   0.156 GU:3    +
   11    23  0   0.0%   0.163 CG:3    +
   18    40  0   0.0%   0.534 UG:3    +
   42   104  0   0.0%   1.591 GC:3    +
   36    44  0   0.0%   0.656 GC:3    +
    8    29  0   0.0%   0.050 GC:3    +
    9    61  0   0.0%   0.140 UA:3    +
   42    79  0   0.0%   0.627 GU:3    +
   31    49  0   0.0%   0.647 UA:3    +
   90   102  0   0.0%   1.269 AU:3    +
    7    69  0   0.0%   0.102 AU:3    +
    9    28  0   0.0%   0.106 UG:3    +
   53    60  0   0.0%   0.030 UG:3    +
    8    41  0   0.0%   0.052 GU:3    +
   10    66  0   0.0%   0.174 UG:3    +
    1    45  0   0.0%   0.003 AU:3    +
   43   103  0   0.0%   1.132 UA:3    +
   59    73  0   0.0%   0.200 GC:3    +
   35   105  0   0.0%   1.201 CG:3    +
    7    30  0   0.0%   0.048 AU:3    +
   60    72  0   0.0%   0.084 GU:3    +
   10    39  0   0.0%   0.168 UG:3    +
   41    75  0   0.0%   0.376 UG:3    +
   33    47  0   0.0%   0.051 GU:3    +
   93   106  0   0.0%   1.931 CG:3    +
  105   112  0   0.0%   1.156 GC:3    +
   55    60  0   0.0%   0.065 UG:3    +
   56    75  0   0.0%   0.236 CG:3    +
   27    54  0   0.0%   0.222 UG:3    +
   95   105  0   0.0%   1.593 UG:3    +
   25    41  0   0.0%   0.329 AU:3    +
   40    63  0   0.0%   0.543 GC:3    +
   30    87  0   0.0%   0.396 UG:3    +
   28    32  0   0.0%   0.296 GC:3    +
    8    27  0   0.0%   0.051 GU:3    +
   57    74  0   0.0%   0.167 GC:3    +
   37    43  0   0.0%   0.938 GU:3    +
    5    15  0   0.0%   0.001 CG:3    +
   37    73  0   0.0%   0.631 GC:3    +
    6    94  0   0.0%   0.019 CG:3    +
   75    80  0   0.0%   1.122 GC:3    +
   38    72  0   0.0%   0.801 AU:3    +
   12    21  0   0.0%   0.053 CG:3    +
   23    46  0   0.0%   0.152 GU:3    +
    5    94  0   0.0%   0.003 CG:3    +
   92    97  0   0.0%   0.758 UA:3    +
   39    47  0   0.0%   0.585 GU:3    +
   99   112  0   0.0%   1.179 GC:3    +
   43    75  0   0.0%   0.373 UG:3    +
   31    87  0   0.0%   0.648 UG:3    +
    2    11  0   0.0%   0.009 GC:3    +
   34    46  0   0.0%   0.287 GU:3    +
    2   104  0   0.0%   0.017 GC:3    +
   15    73  0   0.0%   0.219 GC:3    +
   36    74  0   0.0%   0.276 GC:3    +
   16    72  0   0.0%   0.196 AU:3    +
   69    76  0   0.0%   0.223 UG:3    +
    4    24  0   0.0%   0.003 CG:3    +
    9   107  0   0.0%   1.439 UG:3    +
    5    23  0   0.0%   0.002 CG:3    +
    3    25  0   0.0%   0.002 UA:3    +
   36    56  0   0.0%   0.279 GC:3    +
   46    66  0   0.0%   0.027 UG:3    +
   22    64  0   0.0%   0.272 CG:3    +
   23    63  0   0.0%   0.149 GC:3    +
   21    65  0   0.0%   0.247 GU:3    +
   24    62  0   0.0%   0.602 GC:3    +
    2    26  0   0.0%   0.009 GU:3    +
   91    95  0   0.0%   0.845 AU:3    +
   39    71  0   0.0%   0.582 GU:3    +
   35    57  0   0.0%   0.275 CG:3    +
   50    94  0   0.0%   0.887 CG:3    +
   51    93  0   0.0%   0.605 GC:3    +
   52    92  0   0.0%   0.401 GU:3    +
   34    58  0   0.0%   0.279 GC:3    +
   29   109  0   0.0%   1.229 CG:3    +
   76    80  0   0.0%   1.059 GC:3    +
   30   108  0   0.0%   1.654 UG:3    +
   20    66  0   0.0%   0.247 CG:3    +
   38    47  0   0.0%   0.804 AU:3    +
   39    95  0   0.0%   1.094 GU:3    +
    3   103  0   0.0%   0.010 UA:3    +
   31   107  0   0.0%   1.941 UG:3    +
   24    30  0   0.0%   0.016 GU:3    +
   49    95  0   0.0%   0.534 AU:3    +
   40    47  0   0.0%   0.545 GU:3    +
   26    40  0   0.0%   0.190 UG:3    +
   48    68  0   0.0%   0.034 GU:3    +
   32   106  0   0.0%   1.945 CG:3    +
   17    45  0   0.0%   0.207 GU:3    +
   58    84  0   0.0%   0.329 CG:3    +
   75    83  0   0.0%   0.416 GC:3    +
   14   107  0   0.0%   1.795 UG:3    +
   37    56  0   0.0%   0.634 GC:3    +
   17    71  0   0.0%   0.149 GU:3    +
   98   106  0   0.0%   1.770 CG:3    +
   22   106  0   0.0%   1.852 CG:3    +
   32    60  0   0.0%   0.648 CG:3    +
   68    77  0   0.0%   0.179 UA:3    +
   59    83  0   0.0%   0.939 GC:3    +
   17    92  0   0.0%   0.194 GU:3    +
   25    55  0   0.0%   0.596 AU:3    +
   31    61  0   0.0%   0.650 UA:3    +
   38    55  0   0.0%   0.803 AU:3    +
   18    70  0   0.0%   0.353 UA:3    +
  106   111  0   0.0%   1.480 GU:3    +
   19   109  0   0.0%   1.476 CG:3    +
   20   108  0   0.0%   1.860 CG:3    +
   42    56  0   0.0%   0.508 GC:3    +
   28   110  0   0.0%   0.841 GU:3    +
   36    81  0   0.0%   0.276 GU:3    +
   37   101  0   0.0%   1.209 GC:3    +
   37    95  0   0.0%   1.017 GU:3    +
   41    57  0   0.0%   0.378 UG:3    +
   40    58  0   0.0%   0.544 GC:3    +
   12   109  0   0.0%   1.630 CG:3    +
   42    46  0   0.0%   0.522 GU:3    +
   18    42  0   0.0%   0.414 UG:3    +
   13   108  0   0.0%   1.881 UG:3    +
   53    91  0   0.0%   0.525 UA:3    +
   45    67  0   0.0%   0.219 UA:3    +
   53    67  0   0.0%   0.055 UA:3    +
   75    81  0   0.0%   0.703 GU:3    +
   52    58  0   0.0%   0.007 GC:3    +
   54    72  0   0.0%   0.168 GU:3    +
   56    96  0   0.0%   0.920 CG:3    +
   55    97  0   0.0%   0.679 UA:3    +
   58    94  0   0.0%   0.927 CG:3    +
   57    95  0   0.0%   0.863 GU:3    +
   54    98  0   0.0%   0.627 GC:3    +
    6    21  0   0.0%   0.017 CG:3    +
   59    93  0   0.0%   1.263 GC:3    +
    1    27  0   0.0%   0.002 AU:3    +
    7    47  0   0.0%   0.101 AU:3    +
   44    54  0   0.0%   0.449 CG:3    +
   61    88  0   0.0%   0.496 AU:3    +
   42    80  0   0.0%   0.635 GC:3    +
  100   111  0   0.0%   1.287 AU:3    +
   62    87  0   0.0%   0.246 CG:3    +
    5    39  0   0.0%   0.002 CG:3    +
   26    38  0   0.0%   0.421 UA:3    +
   42   110  0   0.0%   1.277 GU:3    +
   34    44  0   0.0%   0.666 GC:3    +
   60    89  0   0.0%   0.709 GC:3    +
    6    96  0   0.0%   0.019 CG:3    +
   19    36  0   0.0%   0.008 CG:3    +
   18    91  0   0.0%   0.353 UA:3    +
   53    57  0   0.0%   0.029 UG:3    +
   37    55  0   0.0%   0.634 GU:3    +
    4    40  0   0.0%   0.003 CG:3    +
   57    85  0   0.0%   0.618 GC:3    +
   36   102  0   0.0%   0.953 GU:3    +
   54    62  0   0.0%   0.072 GC:3    +
    9    40  0   0.0%   0.107 UG:3    +
   20    39  0   0.0%   0.432 CG:3    +
   23    31  0   0.0%   0.011 GU:3    +
    4    15  0   0.0%   0.002 CG:3    +
    6    17  0   0.0%   0.018 CG:3    +
   33    45  0   0.0%   0.202 GU:3    +
   16    46  0   0.0%   0.202 AU:3    +
   59    86  0   0.0%   0.926 GC:3    +
   58    87  0   0.0%   0.312 CG:3    +
   60    85  0   0.0%   0.718 GC:3    +
    8    71  0   0.0%   0.113 GU:3    +
   17    29  0   0.0%   0.131 GC:3    +
   71    78  0   0.0%   0.182 UA:3    +
    8    80  0   0.0%   0.113 GC:3    +
   28    88  0   0.0%   0.349 GU:3    +
   23    92  0   0.0%   0.192 GU:3    +
    9    70  0   0.0%   0.140 UA:3    +
   19    40  0   0.0%   0.438 CG:3    +
   57    88  0   0.0%   0.501 GU:3    +
   26    54  0   0.0%   0.215 UG:3    +
    3    16  0   0.0%   0.002 UA:3    +
   94   113  0   0.0%   1.022 GC:3    +
   54    58  0   0.0%   0.029 GC:3    +
    7    95  0   0.0%   0.102 AU:3    +
   18    37  0   0.0%   0.022 UG:3    +
  101   108  0   0.0%   2.452 CG:3    +
   41   105  0   0.0%   2.104 UG:3    +
   46   106  0   0.0%   1.613 UG:3    +
    7    81  0   0.0%   0.101 AU:3    +
  102   107  0   0.0%   2.527 UG:3    +
   27    33  0   0.0%   0.036 UG:3    +
   34   104  0   0.0%   1.060 GC:3    +
   49    69  0   0.0%   0.061 AU:3    +
   21    47  0   0.0%   0.243 GU:3    +
    4   105  0   0.0%   0.010 CG:3    +
   64    72  0   0.0%   0.277 GU:3    +
    8    69  0   0.0%   0.113 GU:3    +
   15    22  0   0.0%   0.180 GC:3    +
   72    77  0   0.0%   0.362 UA:3    +
   70    79  0   0.0%   0.731 AU:3    +
   54    85  0   0.0%   0.300 GC:3    +
   37    41  0   0.0%   0.982 GU:3    +
  102   106  0   0.0%   2.468 UG:3    +
   37    81  0   0.0%   0.632 GU:3    +
   38    65  0   0.0%   0.800 AU:3    +
   33   104  0   0.0%   0.835 GC:3    +
   32   105  0   0.0%   1.572 CG:3    +
   44    59  0   0.0%   0.451 CG:3    +
   24    56  0   0.0%   0.602 GC:3    +
  101   107  0   0.0%   2.486 CG:3    +
   15    45  0   0.0%   0.262 GU:3    +
   19    39  0   0.0%   0.444 CG:3    +
   18    28  0   0.0%   0.012 UG:3    +
   23    98  0   0.0%   0.546 GC:3    +
   27    37  0   0.0%   0.271 UG:3    +
    7    72  0   0.0%   0.101 AU:3    +
   41    49  0   0.0%   0.374 UA:3    +
   31   106  0   0.0%   1.839 UG:3    +
   74    84  0   0.0%   0.345 CG:3    +
   29    37  0   0.0%   0.283 CG:3    +
   40    50  0   0.0%   0.544 GC:3    +
    6    28  0   0.0%   0.017 CG:3    +
    5    64  0   0.0%   0.002 CG:3    +
   30   107  0   0.0%   1.688 UG:3    +
   29   108  0   0.0%   1.635 CG:3    +
   15    47  0   0.0%   0.217 GU:3    +
   30    36  0   0.0%   0.289 UG:3    +
   27    39  0   0.0%   0.203 UG:3    +
   16    30  0   0.0%   0.159 AU:3    +
   55    76  0   0.0%   0.216 UG:3    +
   20    24  0   0.0%   0.010 CG:3    +
   54    89  0   0.0%   0.292 GC:3    +
   94   112  0   0.0%   1.157 GC:3    +
   56    87  0   0.0%   0.300 CG:3    +
   19    28  0   0.0%   0.003 CG:3    +
   43    99  0   0.0%   1.727 UG:3    +
   29    36  0   0.0%   0.268 CG:3    +
   47    97  0   0.0%   0.619 UA:3    +
   22    42  0   0.0%   0.332 CG:3    +
   15    35  0   0.0%   0.181 GC:3    +
   92    96  0   0.0%   1.054 UG:3    +
   10    60  0   0.0%   0.172 UG:3    +
    3   106  0   0.0%   0.010 UG:3    +
   96   112  0   0.0%   1.103 GC:3    +
   44   107  0   0.0%   2.251 CG:3    +
   76    85  0   0.0%   0.340 GC:3    +
   95    99  0   0.0%   1.414 UG:3    +
   52   101  0   0.0%   1.260 GC:3    +
   39    92  0   0.0%   0.977 GU:3    +
   28    58  0   0.0%   0.351 GC:3    +
   29    57  0   0.0%   0.378 CG:3    +
   35    51  0   0.0%   0.275 CG:3    +
   32    54  0   0.0%   0.645 CG:3    +
   36    50  0   0.0%   0.278 GC:3    +
   75    86  0   0.0%   0.402 GC:3    +
   33    53  0   0.0%   0.052 GU:3    +
   11    59  0   0.0%   0.321 CG:3    +
   34    50  0   0.0%   0.279 GC:3    +
   43    60  0   0.0%   0.351 UG:3    +
   27    59  0   0.0%   0.225 UG:3    +
   93   107  0   0.0%   1.997 CG:3    +
   21    43  0   0.0%   0.262 GU:3    +
   27    40  0   0.0%   0.197 UG:3    +
    6    66  0   0.0%   0.019 CG:3    +
   44   106  0   0.0%   2.149 CG:3    +
   27    38  0   0.0%   0.427 UA:3    +
    7    65  0   0.0%   0.101 AU:3    +
   30    49  0   0.0%   0.395 UA:3    +
   45   106  0   0.0%   1.709 UG:3    +
   36   101  0   0.0%   0.960 GC:3    +
   29    51  0   0.0%   0.375 CG:3    +
   51   102  0   0.0%   1.189 GU:3    +
   20    48  0   0.0%   0.242 CG:3    +
   53    99  0   0.0%   1.043 UG:3    +
   52    80  0   0.0%   0.201 GC:3    +
   26    60  0   0.0%   0.218 UG:3    +
   31    48  0   0.0%   0.647 UG:3    +
   50    66  0   0.0%   0.068 CG:3    +
   92    99  0   0.0%   1.243 UG:3    +
   48    92  0   0.0%   0.408 GU:3    +
   41    70  0   0.0%   0.375 UA:3    +
   41    76  0   0.0%   0.375 UG:3    +
   92   105  0   0.0%   1.143 UG:3    +
    8    92  0   0.0%   0.113 GU:3    +
   36    93  0   0.0%   0.854 GC:3    +
   60    74  0   0.0%   0.242 GC:3    +
   12    64  0   0.0%   0.248 CG:3    +
   48    80  0   0.0%   0.209 GC:3    +
   19   107  0   0.0%   1.914 CG:3    +
    8    22  0   0.0%   0.049 GC:3    +
   43   108  0   0.0%   2.074 UG:3    +
   83   108  0   0.0%   1.429 CG:3    +
   49    79  0   0.0%   0.210 AU:3    +
   16   110  0   0.0%   0.992 AU:3    +
   20   106  0   0.0%   1.791 CG:3    +
   47    60  0   0.0%   0.056 UG:3    +
   94   102  0   0.0%   1.899 GU:3    +
   54    81  0   0.0%   0.193 GU:3    +
   35    94  0   0.0%   0.783 CG:3    +
   77    81  0   0.0%   0.555 AU:3    +
    8    93  0   0.0%   0.113 GC:3    +
   71    77  0   0.0%   0.169 UA:3    +
   18   108  0   0.0%   1.991 UG:3    +
   72    76  0   0.0%   0.447 UG:3    +
   76    83  0   0.0%   0.353 GC:3    +
    9    21  0   0.0%   0.105 UG:3    +
   42    58  0   0.0%   0.507 GC:3    +
   56    64  0   0.0%   0.062 CG:3    +
   36    98  0   0.0%   0.419 GC:3    +
    9    91  0   0.0%   0.140 UA:3    +
   51    81  0   0.0%   0.164 GU:3    +
   42    69  0   0.0%   0.519 GU:3    +
    8    20  0   0.0%   0.049 GC:3    +
   71    75  0   0.0%   0.318 UG:3    +
   57    63  0   0.0%   0.060 GC:3    +
   76    81  0   0.0%   0.641 GU:3    +
   51    65  0   0.0%   0.067 GU:3    +
   53   100  0   0.0%   1.062 UA:3    +
   23    41  0   0.0%   0.090 GU:3    +
   32    42  0   0.0%   1.126 CG:3    +
   15    19  0   0.0%   0.177 GC:3    +
   66    81  0   0.0%   0.640 GU:3    +
   46    61  0   0.0%   0.049 UA:3    +
   37    92  0   0.0%   0.905 GU:3    +
   40    74  0   0.0%   0.546 GC:3    +
    2    12  0   0.0%   0.008 GC:3    +
   25    47  0   0.0%   0.594 AU:3    +
   53    90  0   0.0%   0.274 UA:3    +
   15   111  0   0.0%   0.886 GU:3    +
   97   111  0   0.0%   0.721 AU:3    +
   50    60  0   0.0%   0.059 CG:3    +
   45    99  0   0.0%   1.475 UG:3    +
   57    86  0   0.0%   0.617 GC:3    +
   24    95  0   0.0%   1.179 GU:3    +
   64    85  0   0.0%   0.351 GC:3    +
   21    46  0   0.0%   0.250 GU:3    +
   65    84  0   0.0%   0.289 UG:3    +
   33    41  0   0.0%   0.392 GU:3    +
   44   109  0   0.0%   1.811 CG:3    +
   43    57  0   0.0%   0.351 UG:3    +
    8    47  0   0.0%   0.111 GU:3    +
   34    95  0   0.0%   0.770 GU:3    +
   74    87  0   0.0%   0.328 CG:3    +
   26    39  0   0.0%   0.196 UG:3    +
   44   105  0   0.0%   1.777 CG:3    +
   41    82  0   0.0%   0.477 UA:3    +
   22    99  0   0.0%   1.265 CG:3    +
   37    45  0   0.0%   0.782 GU:3    +
   44    51  0   0.0%   0.451 CG:3    +
   14    36  0   0.0%   0.024 UG:3    +
   58    66  0   0.0%   0.182 CG:3    +
   43    90  0   0.0%   0.570 UA:3    +
   45   108  0   0.0%   1.777 UG:3    +
   18    90  0   0.0%   0.352 UA:3    +
    2    74  0   0.0%   0.010 GC:3    +
   61    68  0   0.0%   0.133 AU:3    +
   14    90  0   0.0%   0.050 UA:3    +
   40    71  0   0.0%   0.542 GU:3    +
   59    65  0   0.0%   0.231 GU:3    +
   46    59  0   0.0%   0.049 UG:3    +
   14    23  0   0.0%   0.027 UG:3    +
   20    28  0   0.0%   0.004 CG:3    +
   53    78  0   0.0%   0.161 UA:3    +
   71    76  0   0.0%   0.255 UG:3    +
   20   105  0   0.0%   1.418 CG:3    +
   15    89  0   0.0%   0.219 GC:3    +
   19   106  0   0.0%   1.813 CG:3    +
   17    22  0   0.0%   0.129 GC:3    +
    1    13  0   0.0%   0.002 AU:3    +
   52    79  0   0.0%   0.192 GU:3    +
   21    27  0   0.0%   0.006 GU:3    +
    3    61  0   0.0%   0.002 UA:3    +
    4    60  0   0.0%   0.003 CG:3    +
   40    83  0   0.0%   0.764 GC:3    +
    5    59  0   0.0%   0.002 CG:3    +
    2    62  0   0.0%   0.009 GC:3    +
   17    46  0   0.0%   0.153 GU:3    +
   13    91  0   0.0%   0.154 UA:3    +
   42    81  0   0.0%   0.600 GU:3    +
   13    21  0   0.0%   0.038 UG:3    +
   35    75  0   0.0%   0.272 CG:3    +
   18    67  0   0.0%   0.354 UA:3    +
   53    59  0   0.0%   0.029 UG:3    +
   21   104  0   0.0%   1.288 GC:3    +
   66    83  0   0.0%   0.352 GC:3    +
   24   112  0   0.0%   0.948 GC:3    +
   24    41  0   0.0%   0.331 GU:3    +
   23   113  0   0.0%   0.530 GC:3    +
   26    34  0   0.0%   0.245 UG:3    +
   17    68  0   0.0%   0.150 GU:3    +
   82   102  0   0.0%   1.142 AU:3    +
   20    34  0   0.0%   0.013 CG:3    +
   37    88  0   0.0%   0.632 GU:3    +
   93   108  0   0.0%   1.963 CG:3    +
    5    99  0   0.0%   0.008 CG:3    +
   25   111  0   0.0%   0.942 AU:3    +
   51    80  0   0.0%   0.199 GC:3    +
   26    94  0   0.0%   0.736 UG:3    +
   16    88  0   0.0%   0.196 AU:3    +
   25    95  0   0.0%   1.087 AU:3    +
   69    75  0   0.0%   0.285 UG:3    +
   83   107  0   0.0%   1.462 CG:3    +
   83   106  0   0.0%   1.358 CG:3    +
   36    89  0   0.0%   0.492 GC:3    +
   92   109  0   0.0%   1.214 UG:3    +
   35    39  0   0.0%   0.793 CG:3    +
   61    69  0   0.0%   0.072 AU:3    +
   14    91  0   0.0%   0.050 UA:3    +
   15    92  0   0.0%   0.219 GU:3    +
  104   108  0   0.0%   2.147 CG:3    +
   27    99  0   0.0%   0.940 UG:3    +
   26   100  0   0.0%   0.951 UA:3    +
   16    69  0   0.0%   0.197 AU:3    +
    2    35  0   0.0%   0.008 GC:3    +
   37    89  0   0.0%   0.740 GC:3    +
   45   105  0   0.0%   1.337 UG:3    +
    2    73  0   0.0%   0.010 GC:3    +
   81   103  0   0.0%   0.769 UA:3    +
   38    88  0   0.0%   0.872 AU:3    +
    6    48  0   0.0%   0.018 CG:3    +
   64    98  0   0.0%   0.678 GC:3    +
    3    34  0   0.0%   0.002 UG:3    +
    4    33  0   0.0%   0.002 CG:3    +
   91   110  0   0.0%   0.828 AU:3    +
   65    97  0   0.0%   0.594 UA:3    +
   15    31  0   0.0%   0.180 GU:3    +
   45   100  0   0.0%   1.494 UA:3    +
   26    36  0   0.0%   0.237 UG:3    +
    9    38  0   0.0%   0.105 UA:3    +
   32    52  0   0.0%   0.647 CG:3    +
   32    96  0   0.0%   1.180 CG:3    +
   25    88  0   0.0%   0.594 AU:3    +
   67    95  0   0.0%   0.628 AU:3    +
   40    53  0   0.0%   0.542 GU:3    +
   24    89  0   0.0%   0.599 GC:3    +
    8    50  0   0.0%   0.112 GC:3    +
   46    57  0   0.0%   0.026 UG:3    +
   43    52  0   0.0%   0.350 UG:3    +
   63    99  0   0.0%   1.122 CG:3    +
   24    35  0   0.0%   0.535 GC:3    +
   13    64  0   0.0%   0.155 UG:3    +
    9    49  0   0.0%   0.139 UA:3    +
   68    94  0   0.0%   0.835 UG:3    +
   29    33  0   0.0%   0.040 CG:3    +
    1    18  0   0.0%   0.002 AU:3    +
   39    63  0   0.0%   0.583 GC:3    +
   51    68  0   0.0%   0.039 GU:3    +
   31    97  0   0.0%   0.677 UA:3    +
   18    94  0   0.0%   0.401 UG:3    +
   40    62  0   0.0%   0.544 GC:3    +
   12    51  0   0.0%   0.247 CG:3    +
   11    52  0   0.0%   0.321 CG:3    +
   85    99  0   0.0%   1.108 CG:3    +
   35    87  0   0.0%   0.490 CG:3    +
   36    46  0   0.0%   0.284 GU:3    +
   71    91  0   0.0%   0.507 UA:3    +
   34    88  0   0.0%   0.386 GU:3    +
   55    84  0   0.0%   0.365 UG:3    +
   43   107  0   0.0%   2.108 UG:3    +
   11    36  0   0.0%   0.167 CG:3    +
   26    33  0   0.0%   0.035 UG:3    +
   15    29  0   0.0%   0.180 GC:3    +
   10    48  0   0.0%   0.173 UG:3    +
   70    92  0   0.0%   0.316 AU:3    +
   52    74  0   0.0%   0.141 GC:3    +
   46    99  0   0.0%   1.378 UG:3    +
   92   108  0   0.0%   1.620 UG:3    +
   52    63  0   0.0%   0.067 GC:3    +
   43   106  0   0.0%   2.007 UG:3    +
   36    43  0   0.0%   0.595 GU:3    +
   36    86  0   0.0%   0.493 GC:3    +
   19    42  0   0.0%   0.318 CG:3    +
   53    82  0   0.0%   0.058 UA:3    +
   37    85  0   0.0%   0.741 GC:3    +
   72    90  0   0.0%   0.448 UA:3    +
   48    95  0   0.0%   0.524 GU:3    +
   69    78  0   0.0%   0.150 UA:3    +
.........(((((((((((((((((.(((((....)))))))).((((((((((...((((((.((....)))))..))))))))))))).))))..)))).))))))....
