3 sequence; length of alignment 35
alifold output
   25    32  0  96.2%   0.271 GC:3   
   26    31  0  96.0%   0.316 GC:3   
   24    33  0  86.9%   0.650 CG:3   
    2    20  0  80.0%   1.118 GC:3   
    1    21  0  79.8%   0.818 GC:3   
    3    19  0  73.2%   1.321 AU:3   
    9    14  0  69.9%   0.866 CG:3   
    8    15  0  67.3%   0.888 UA:3   
    4    18  0  50.6%   1.706 GU:3   
    4    17  0  22.6%   1.041 GC:3    +
    3    18  0  17.2%   0.989 AU:3    +
   23    35  0  13.3%   1.238 CG:3    +
    2    19  0  11.8%   0.840 GU:3    +
   22    34  0  11.8%   0.851 AU:3    +
    1    20  0  11.4%   0.774 GC:3    +
   21    35  0   8.6%   0.880 CG:3    +
   23    33  0   6.1%   0.642 CG:3    +
   17    28  0   2.5%   0.630 CG:3    +
   18    27  0   2.3%   1.048 UG:3    +
   16    29  0   2.2%   0.277 AU:3    +
   19    26  0   2.2%   0.854 UG:3    +
   20    25  0   2.2%   0.763 CG:3    +
    2     9  0   1.9%   0.235 GC:3    +
    5    18  0   1.8%   0.872 AU:3    +
    3     8  0   1.8%   0.223 AU:3    +
   12    33  0   1.8%   0.255 CG:3    +
   11    34  0   1.7%   0.218 AU:3    +
    5    19  0   1.3%   0.760 AU:3    +
    4    20  0   1.3%   1.340 GC:3    +
    6    18  0   1.2%   0.894 AU:3    +
   14    31  0   1.1%   0.452 GC:3    +
    4    19  0   0.6%   1.287 GU:3    +
    1    23  0   0.5%   0.532 GC:3    +
    4     9  0   0.4%   0.150 GC:3    +
    7    13  0   0.4%   0.087 AU:3    +
    1    12  0   0.4%   0.066 GC:3    +
    1    32  0   0.3%   0.550 GC:3    +
    2    31  0   0.3%   0.595 GC:3    +
   14    21  0   0.3%   0.518 GC:3    +
    8    16  0   0.3%   0.406 UA:3    +
   10    17  0   0.3%   0.387 GC:3    +
    9    25  0   0.3%   0.401 CG:3    +
   13    22  0   0.3%   0.092 UA:3    +
   10    24  0   0.3%   0.082 GC:3    +
    8    26  0   0.2%   0.417 UG:3    +
    2    21  0   0.2%   0.737 GC:3    +
   27    31  0   0.2%   0.265 GC:3    +
   26    32  0   0.2%   0.281 GC:3    +
   20    26  0   0.2%   0.724 CG:3    +
   21    25  0   0.2%   0.357 CG:3    +
   14    32  0   0.2%   0.402 GC:3    +
    2    23  0   0.2%   0.589 GC:3    +
    8    14  0   0.2%   0.113 UG:3    +
    1    24  0   0.2%   0.518 GC:3    +
    6    13  0   0.2%   0.047 AU:3    +
   19    27  0   0.1%   0.784 UG:3    +
   21    26  0   0.1%   0.368 CG:3    +
   20    27  0   0.1%   0.716 CG:3    +
   14    20  0   0.1%   0.774 GC:3    +
   25    31  0   0.1%   0.204 GC:3    +
    4    12  0   0.1%   0.068 GC:3    +
   13    33  0   0.1%   0.160 UG:3    +
    3    13  0   0.1%   0.094 AU:3    +
   15    19  0   0.1%   0.862 AU:3    +
   25    34  0   0.1%   0.504 GU:3    +
   24    35  0   0.1%   0.655 CG:3    +
    1     9  0   0.1%   0.018 GC:3    +
   27    32  0   0.1%   0.228 GC:3    +
   10    20  0   0.1%   0.517 GC:3    +
   23    28  0   0.1%   0.155 CG:3    +
   22    29  0   0.1%   0.122 AU:3    +
   19    28  0   0.1%   0.787 UG:3    +
   11    19  0   0.1%   0.588 AU:3    +
   21    30  0   0.1%   0.255 CG:3    +
   10    32  0   0.1%   0.072 GC:3    +
    9    33  0   0.1%   0.385 CG:3    +
    9    35  0   0.1%   0.388 CG:3    +
    7    18  0   0.0%   0.807 AU:3    +
    2     8  0   0.0%   0.010 GU:3    +
    5    13  0   0.0%   0.020 AU:3    +
    2    12  0   0.0%   0.107 GC:3    +
   17    30  0   0.0%   0.456 CG:3    +
    1    13  0   0.0%   0.034 GU:3    +
   10    34  0   0.0%   0.053 GU:3    +
   18    28  0   0.0%   0.967 UG:3    +
    6    19  0   0.0%   0.639 AU:3    +
    4    21  0   0.0%   1.000 GC:3    +
   12    30  0   0.0%   0.037 CG:3    +
    5    29  0   0.0%   0.140 AU:3    +
   14    24  0   0.0%   0.319 GC:3    +
   13    25  0   0.0%   0.081 UG:3    +
   12    26  0   0.0%   0.051 CG:3    +
   12    35  0   0.0%   0.114 CG:3    +
    4    13  0   0.0%   0.043 GU:3    +
    1    17  0   0.0%   0.032 GC:3    +
    9    26  0   0.0%   0.388 CG:3    +
    8    27  0   0.0%   0.390 UG:3    +
   11    18  0   0.0%   0.783 AU:3    +
   21    27  0   0.0%   0.346 CG:3    +
   20    35  0   0.0%   0.611 CG:3    +
    4    29  0   0.0%   0.806 GU:3    +
    8    28  0   0.0%   0.391 UG:3    +
    9    27  0   0.0%   0.375 CG:3    +
   20    28  0   0.0%   0.704 CG:3    +
    7    29  0   0.0%   0.031 AU:3    +
   17    33  0   0.0%   0.535 CG:3    +
   16    34  0   0.0%   0.177 AU:3    +
    3    29  0   0.0%   0.613 AU:3    +
   10    19  0   0.0%   0.590 GU:3    +
    2    17  0   0.0%   0.084 GC:3    +
   14    23  0   0.0%   0.326 GC:3    +
   10    21  0   0.0%   0.221 GC:3    +
    7    34  0   0.0%   0.027 AU:3    +
    1    18  0   0.0%   0.031 GU:3    +
   12    28  0   0.0%   0.034 CG:3    +
    4    32  0   0.0%   0.823 GC:3    +
   11    29  0   0.0%   0.012 AU:3    +
   13    27  0   0.0%   0.066 UG:3    +
   10    23  0   0.0%   0.062 GC:3    +
   10    18  0   0.0%   0.797 GU:3    +
   15    29  0   0.0%   0.279 AU:3    +
    2    32  0   0.0%   0.577 GC:3    +
   24    30  0   0.0%   0.039 CG:3    +
    4    31  0   0.0%   0.822 GC:3    +
   17    27  0   0.0%   0.358 CG:3    +
   18    26  0   0.0%   0.800 UG:3    +
   10    31  0   0.0%   0.059 GC:3    +
   17    26  0   0.0%   0.372 CG:3    +
    7    19  0   0.0%   0.596 AU:3    +
   18    25  0   0.0%   0.799 UG:3    +
   28    32  0   0.0%   0.201 GC:3    +
   19    25  0   0.0%   0.601 UG:3    +
    9    30  0   0.0%   0.373 CG:3    +
    9    28  0   0.0%   0.373 CG:3    +
    1     8  0   0.0%   0.000 GU:3    +
   14    19  0   0.0%   0.840 GU:3    +
   25    29  0   0.0%   0.210 GU:3    +
   18    30  0   0.0%   0.876 UG:3    +
   23    30  0   0.0%   0.053 CG:3    +
    4     8  0   0.0%   0.077 GU:3    +
    6    29  0   0.0%   0.070 AU:3    +
   14    18  0   0.0%   1.043 GU:3    +
    8    33  0   0.0%   0.390 UG:3    +
   26    34  0   0.0%   0.510 GU:3    +
   10    29  0   0.0%   0.044 GU:3    +
    1    31  0   0.0%   0.495 GC:3    +
   13    30  0   0.0%   0.065 UG:3    +
   12    25  0   0.0%   0.046 CG:3    +
    2    34  0   0.0%   0.559 GU:3    +
    8    35  0   0.0%   0.390 UG:3    +
   15    34  0   0.0%   0.346 AU:3    +
   21    33  0   0.0%   0.326 CG:3    +
   23    27  0   0.0%   0.146 CG:3    +
    8    22  0   0.0%   0.372 UA:3    +
    2    24  0   0.0%   0.552 GC:3    +
   12    27  0   0.0%   0.034 CG:3    +
   17    35  0   0.0%   0.455 CG:3    +
   14    34  0   0.0%   0.424 GU:3    +
   13    26  0   0.0%   0.080 UG:3    +
    1    19  0   0.0%   0.030 GU:3    +
   27    34  0   0.0%   0.461 GU:3    +
   24    28  0   0.0%   0.135 CG:3    +
    2    18  0   0.0%   0.083 GU:3    +
    4    23  0   0.0%   0.839 GC:3    +
    3    34  0   0.0%   0.612 AU:3    +
   14    29  0   0.0%   0.294 GU:3    +
    6    34  0   0.0%   0.067 AU:3    +
    5    34  0   0.0%   0.136 AU:3    +
   18    33  0   0.0%   0.956 UG:3    +
   21    28  0   0.0%   0.338 CG:3    +
    2    13  0   0.0%   0.084 GU:3    +
    1    34  0   0.0%   0.513 GU:3    +
   17    25  0   0.0%   0.371 CG:3    +
   20    30  0   0.0%   0.607 CG:3    +
   13    35  0   0.0%   0.075 UG:3    +
   20    33  0   0.0%   0.687 CG:3    +
   18    22  0   0.0%   0.796 UA:3    +
   31    35  0   0.0%   0.620 CG:3    +
   19    35  0   0.0%   0.687 UG:3    +
    8    25  0   0.0%   0.372 UG:3    +
    8    30  0   0.0%   0.389 UG:3    +
((((...((....))..))))..(((....)))..
