3 sequence; length of alignment 100
alifold output
   13    51  0  98.3%   0.098 GC:3   
   11    53  0  98.3%   0.125 UA:3   
   12    52  0  98.2%   0.132 UG:3   
   67    90  0  97.7%   0.112 UA:3   
   14    50  0  97.6%   0.142 UA:3   
   68    89  0  97.6%   0.111 UA:3   
   10    54  0  97.6%   0.142 GC:3   
   66    91  0  97.4%   0.186 GU:3   
   26    37  0  97.3%   0.190 GC:3   
   27    36  0  97.2%   0.212 UA:3   
   72    85  0  97.0%   0.127 CG:3   
   73    84  0  96.8%   0.139 CG:3   
   25    38  0  96.8%   0.193 UA:3   
    4    61  0  96.8%   0.099 GC:3   
    5    60  0  96.7%   0.099 AU:3   
   74    83  0  96.6%   0.143 CG:3   
   65    92  0  96.6%   0.226 GC:3   
   20    43  0  96.0%   0.421 GC:3   
   19    44  0  95.9%   0.357 GC:3   
   28    35  0  95.1%   0.262 GU:3   
    6    59  0  95.1%   0.147 AU:3   
   71    86  0  94.6%   0.166 UA:3   
   21    42  0  94.5%   0.368 UG:3   
   69    88  0  93.4%   0.194 AU:3   
    7    58  0  90.5%   0.533 GC:3   
   24    39  0  90.4%   0.395 UA:3   
   15    49  0  87.1%   0.415 GU:3   
   29    34  0  86.3%   0.429 UA:3   
    3    62  0  80.7%   0.528 UG:3   
    2    63  0  74.5%   0.672 UA:3   
    8    56  0  58.6%   1.418 GC:3   
    1    64  0  48.5%   1.061 UG:3   
   63    94  0  16.1%   1.132 AU:3    +
   62    95  0  11.4%   0.968 GU:3    +
    8    55  0   9.0%   0.718 GC:3    +
    7    56  0   7.5%   0.651 GC:3    +
   93    99  0   3.4%   0.402 GC:3    +
   94    98  0   3.0%   0.765 UG:3    +
   62    97  0   2.5%   0.784 GC:3    +
   63    96  0   2.3%   0.884 AU:3    +
   76    83  0   2.3%   0.338 CG:3    +
   77    82  0   2.3%   0.277 UA:3    +
   75    84  0   2.2%   0.355 CG:3    +
   18    44  0   2.2%   0.334 GC:3    +
   19    43  0   2.2%   0.333 GC:3    +
   74    85  0   2.1%   0.382 CG:3    +
   20    41  0   2.0%   0.363 GC:3    +
   21    40  0   1.9%   0.350 UA:3    +
    9    42  0   1.6%   0.195 CG:3    +
    8    43  0   1.6%   0.195 GC:3    +
   10    41  0   1.6%   0.195 GC:3    +
    7    44  0   1.6%   0.194 GC:3    +
   22    31  0   1.5%   0.193 UA:3    +
   23    30  0   1.5%   0.195 CG:3    +
   21    32  0   1.5%   0.193 UA:3    +
   64    95  0   1.5%   0.981 GU:3    +
   20    33  0   1.5%   0.193 GC:3    +
   22    39  0   1.3%   0.297 UA:3    +
   11    40  0   1.3%   0.182 UA:3    +
   55    65  0   1.0%   0.373 CG:3    +
   56    64  0   1.0%   1.001 CG:3    +
   54    66  0   1.0%   0.162 CG:3    +
   53    67  0   0.9%   0.158 AU:3    +
   12    39  0   0.9%   0.177 UA:3    +
   13    37  0   0.9%   0.128 GC:3    +
   14    36  0   0.9%   0.127 UA:3    +
   61    98  0   0.9%   0.201 CG:3    +
   28    33  0   0.9%   0.196 GC:3    +
   27    34  0   0.8%   0.134 UA:3    +
   26    35  0   0.8%   0.162 GU:3    +
   52    68  0   0.8%   0.150 GU:3    +
   25    36  0   0.8%   0.164 UA:3    +
    4    97  0   0.7%   0.146 GC:3    +
    5    96  0   0.7%   0.142 AU:3    +
   64    94  0   0.6%   0.853 GU:3    +
   12    38  0   0.6%   0.093 UA:3    +
   87    93  0   0.5%   0.098 CG:3    +
    6    95  0   0.5%   0.134 AU:3    +
   15    35  0   0.5%   0.085 GU:3    +
   86    94  0   0.5%   0.484 AU:3    +
   66    72  0   0.4%   0.131 GC:3    +
   65    73  0   0.4%   0.135 GC:3    +
   63    95  0   0.4%   0.884 AU:3    +
   85    95  0   0.4%   0.572 GU:3    +
   75    83  0   0.4%   0.129 CG:3    +
   22    40  0   0.4%   0.322 UA:3    +
   84    96  0   0.4%   0.364 GU:3    +
   83    97  0   0.4%   0.363 GC:3    +
   15    37  0   0.4%   0.137 GC:3    +
    3    98  0   0.4%   0.251 UG:3    +
   74    84  0   0.3%   0.166 CG:3    +
   14    38  0   0.3%   0.131 UA:3    +
   10    55  0   0.3%   0.366 GC:3    +
   64    74  0   0.3%   0.465 GC:3    +
   62    96  0   0.3%   0.540 GU:3    +
   11    39  0   0.3%   0.052 UA:3    +
   73    85  0   0.3%   0.152 CG:3    +
   18    43  0   0.2%   0.110 GC:3    +
   52    61  0   0.2%   0.091 GC:3    +
   64    76  0   0.2%   0.474 GC:3    +
   65    75  0   0.2%   0.130 GC:3    +
   66    74  0   0.2%   0.142 GC:3    +
   51    62  0   0.2%   0.231 CG:3    +
   65    94  0   0.2%   0.507 GU:3    +
   53    60  0   0.2%   0.085 AU:3    +
   28    37  0   0.2%   0.214 GC:3    +
   66    92  0   0.2%   0.207 GC:3    +
   29    36  0   0.2%   0.269 UA:3    +
   27    38  0   0.2%   0.191 UA:3    +
   93    97  0   0.2%   0.238 GC:3    +
   63    77  0   0.1%   0.260 AU:3    +
   65    72  0   0.1%   0.073 GC:3    +
   64    73  0   0.1%   0.429 GC:3    +
   65    74  0   0.1%   0.121 GC:3    +
   66    73  0   0.1%   0.131 GC:3    +
   64    75  0   0.1%   0.454 GC:3    +
   51    93  0   0.1%   0.057 CG:3    +
   64    92  0   0.1%   0.484 GC:3    +
   30    35  0   0.1%   0.211 GU:3    +
   52    92  0   0.1%   0.100 GC:3    +
   52    97  0   0.1%   0.137 GC:3    +
   51    98  0   0.1%   0.082 CG:3    +
   53    96  0   0.1%   0.134 AU:3    +
   50    94  0   0.1%   0.050 AU:3    +
   77    81  0   0.1%   0.030 UA:3    +
   26    33  0   0.1%   0.085 GC:3    +
   64    97  0   0.1%   0.706 GC:3    +
   24    40  0   0.1%   0.266 UA:3    +
    1    63  0   0.1%   0.020 UA:3    +
   27    32  0   0.1%   0.083 UA:3    +
   25    34  0   0.1%   0.019 UA:3    +
    3    63  0   0.1%   0.419 UA:3    +
   53    91  0   0.1%   0.092 AU:3    +
    2    64  0   0.1%   0.594 UG:3    +
   70    88  0   0.1%   0.082 AU:3    +
   17    35  0   0.1%   0.045 AU:3    +
   65    91  0   0.1%   0.124 GU:3    +
   66    71  0   0.1%   0.060 GU:3    +
    4    92  0   0.1%   0.049 GC:3    +
   55    84  0   0.1%   0.295 CG:3    +
   54    85  0   0.1%   0.085 CG:3    +
   56    83  0   0.1%   0.567 CG:3    +
    2    62  0   0.1%   0.016 UG:3    +
   25    39  0   0.1%   0.298 UA:3    +
    5    91  0   0.1%   0.045 AU:3    +
   58    62  0   0.0%   0.295 CG:3    +
   14    48  0   0.0%   0.077 UA:3    +
   76    84  0   0.0%   0.253 CG:3    +
   75    85  0   0.0%   0.270 CG:3    +
   77    83  0   0.0%   0.263 UG:3    +
   22    42  0   0.0%   0.273 UG:3    +
    8    58  0   0.0%   0.698 GC:3    +
   10    51  0   0.0%   0.074 GC:3    +
    9    52  0   0.0%   0.074 CG:3    +
   18    35  0   0.0%   0.043 GU:3    +
   13    49  0   0.0%   0.051 GU:3    +
   92    98  0   0.0%   0.149 CG:3    +
    8    54  0   0.0%   0.073 GC:3    +
   62    99  0   0.0%   0.564 GC:3    +
    3    93  0   0.0%   0.191 UG:3    +
   11    50  0   0.0%   0.079 UA:3    +
    7    55  0   0.0%   0.071 GC:3    +
    7    59  0   0.0%   0.408 GU:3    +
   62    76  0   0.0%   0.199 GC:3    +
   19    33  0   0.0%   0.008 GC:3    +
   64    99  0   0.0%   0.568 GC:3    +
   83    99  0   0.0%   0.187 GC:3    +
   85    97  0   0.0%   0.330 GC:3    +
   85    92  0   0.0%   0.203 GC:3    +
   65    96  0   0.0%   0.305 GU:3    +
    3    47  0   0.0%   0.009 UA:3    +
    3    46  0   0.0%   0.006 UA:3    +
   66    87  0   0.0%   0.099 GC:3    +
    2    47  0   0.0%   0.006 UA:3    +
   58    98  0   0.0%   0.134 CG:3    +
   65    88  0   0.0%   0.104 GU:3    +
   82   100  0   0.0%   0.096 AU:3    +
    4    58  0   0.0%   0.005 GC:3    +
   12    50  0   0.0%   0.081 UA:3    +
   86    96  0   0.0%   0.262 AU:3    +
   24    38  0   0.0%   0.056 UA:3    +
    5    59  0   0.0%   0.004 AU:3    +
    6    60  0   0.0%   0.086 AU:3    +
   16    26  0   0.0%   0.004 CG:3    +
   86    91  0   0.0%   0.098 AU:3    +
   17    25  0   0.0%   0.004 AU:3    +
   18    24  0   0.0%   0.004 GU:3    +
   19    23  0   0.0%   0.004 GC:3    +
   93   100  0   0.0%   0.173 GU:3    +
   26    41  0   0.0%   0.220 GC:3    +
    2    48  0   0.0%   0.007 UA:3    +
   67    86  0   0.0%   0.047 UA:3    +
   25    40  0   0.0%   0.245 UA:3    +
   15    27  0   0.0%   0.004 GU:3    +
   27    40  0   0.0%   0.251 UA:3    +
    1    48  0   0.0%   0.004 UA:3    +
    9    98  0   0.0%   0.094 CG:3    +
   19    35  0   0.0%   0.043 GU:3    +
    8    99  0   0.0%   0.604 GC:3    +
   30    37  0   0.0%   0.177 GC:3    +
   83    94  0   0.0%   0.501 GU:3    +
   29    38  0   0.0%   0.236 UA:3    +
    4    60  0   0.0%   0.005 GU:3    +
   82    95  0   0.0%   0.456 AU:3    +
   23    42  0   0.0%   0.191 CG:3    +
    7   100  0   0.0%   0.357 GU:3    +
    3    45  0   0.0%   0.003 UA:3    +
    2    46  0   0.0%   0.003 UA:3    +
   49    70  0   0.0%   0.127 UA:3    +
   63   100  0   0.0%   0.651 AU:3    +
   14    47  0   0.0%   0.068 UA:3    +
   65    97  0   0.0%   0.296 GC:3    +
   81    96  0   0.0%   0.161 AU:3    +
   10    56  0   0.0%   0.621 GC:3    +
   48    71  0   0.0%   0.010 AU:3    +
   64    96  0   0.0%   0.703 GU:3    +
   58    64  0   0.0%   0.503 CG:3    +
   48    96  0   0.0%   0.047 AU:3    +
   59    98  0   0.0%   0.087 UG:3    +
   62    94  0   0.0%   0.207 GU:3    +
    3    48  0   0.0%   0.008 UA:3    +
   20    44  0   0.0%   0.372 GC:3    +
    1    47  0   0.0%   0.002 UA:3    +
   90    95  0   0.0%   0.416 AU:3    +
   59    63  0   0.0%   0.285 UA:3    +
   65    76  0   0.0%   0.114 GC:3    +
   66    75  0   0.0%   0.115 GC:3    +
   84    97  0   0.0%   0.333 GC:3    +
   62    75  0   0.0%   0.195 GC:3    +
   59    82  0   0.0%   0.055 UA:3    +
   66    99  0   0.0%   0.141 GC:3    +
   89    96  0   0.0%   0.203 AU:3    +
   64    77  0   0.0%   0.460 GU:3    +
   47    95  0   0.0%   0.035 AU:3    +
   56    84  0   0.0%   0.564 CG:3    +
   55    85  0   0.0%   0.293 CG:3    +
   67    98  0   0.0%   0.142 UG:3    +
   58    83  0   0.0%   0.105 CG:3    +
   62    92  0   0.0%   0.209 GC:3    +
    4    99  0   0.0%   0.078 GC:3    +
   85    96  0   0.0%   0.335 GU:3    +
   80    98  0   0.0%   0.076 CG:3    +
   65   100  0   0.0%   0.157 GU:3    +
   60    81  0   0.0%   0.048 UA:3    +
   46    96  0   0.0%   0.039 AU:3    +
   48    94  0   0.0%   0.011 AU:3    +
   66    95  0   0.0%   0.498 GU:3    +
   86    95  0   0.0%   0.474 AU:3    +
   63    91  0   0.0%   0.252 AU:3    +
   48    95  0   0.0%   0.039 AU:3    +
   10    97  0   0.0%   0.148 GC:3    +
    5    95  0   0.0%   0.039 AU:3    +
   47    96  0   0.0%   0.042 AU:3    +
   87    98  0   0.0%   0.106 CG:3    +
    9    93  0   0.0%   0.072 CG:3    +
   49    93  0   0.0%   0.130 UG:3    +
    9    15  0   0.0%   0.001 CG:3    +
    8    16  0   0.0%   0.001 GC:3    +
   66    97  0   0.0%   0.276 GC:3    +
    6    94  0   0.0%   0.051 AU:3    +
    7    94  0   0.0%   0.355 GU:3    +
   49    69  0   0.0%   0.126 UA:3    +
    3    89  0   0.0%   0.185 UA:3    +
   19    55  0   0.0%   0.366 GC:3    +
   20    54  0   0.0%   0.209 GC:3    +
   18    56  0   0.0%   0.612 GC:3    +
   60    78  0   0.0%   0.047 UA:3    +
   66    96  0   0.0%   0.284 GU:3    +
   57   100  0   0.0%   0.003 AU:3    +
   59    79  0   0.0%   0.054 UA:3    +
    4    96  0   0.0%   0.042 GU:3    +
   21    53  0   0.0%   0.213 UA:3    +
    4    88  0   0.0%   0.037 GU:3    +
    4    59  0   0.0%   0.003 GU:3    +
   60    98  0   0.0%   0.079 UG:3    +
    8    94  0   0.0%   0.602 GU:3    +
   10    92  0   0.0%   0.117 GC:3    +
    1    65  0   0.0%   0.360 UG:3    +
   61    93  0   0.0%   0.057 CG:3    +
    2    90  0   0.0%   0.234 UA:3    +
   55    64  0   0.0%   0.595 CG:3    +
   16    28  0   0.0%   0.003 CG:3    +
   17    49  0   0.0%   0.131 AU:3    +
   49    63  0   0.0%   0.355 UA:3    +
   28    41  0   0.0%   0.246 GC:3    +
   17    27  0   0.0%   0.003 AU:3    +
   67    79  0   0.0%   0.044 UA:3    +
   66    80  0   0.0%   0.095 GC:3    +
   68    78  0   0.0%   0.040 UA:3    +
   29    40  0   0.0%   0.303 UA:3    +
   56    62  0   0.0%   0.699 CG:3    +
   69    77  0   0.0%   0.011 AU:3    +
    4    44  0   0.0%   0.001 GC:3    +
    1    62  0   0.0%   0.003 UG:3    +
   22    52  0   0.0%   0.170 UG:3    +
   73    83  0   0.0%   0.046 CG:3    +
    4    51  0   0.0%   0.001 GC:3    +
   52    87  0   0.0%   0.074 GC:3    +
   65    99  0   0.0%   0.159 GC:3    +
   15    29  0   0.0%   0.002 GU:3    +
   22    38  0   0.0%   0.115 UA:3    +
   68    90  0   0.0%   0.086 UA:3    +
   19    25  0   0.0%   0.003 GU:3    +
   25    42  0   0.0%   0.206 UG:3    +
   18    33  0   0.0%   0.002 GC:3    +
   54    65  0   0.0%   0.028 CG:3    +
   50    68  0   0.0%   0.028 AU:3    +
   65    95  0   0.0%   0.515 GU:3    +
   72    84  0   0.0%   0.039 CG:3    +
   27    42  0   0.0%   0.211 UG:3    +
   52    58  0   0.0%   0.117 GC:3    +
    2    98  0   0.0%   0.234 UG:3    +
    3    52  0   0.0%   0.005 UG:3    +
   64   100  0   0.0%   0.563 GU:3    +
   70    95  0   0.0%   0.372 AU:3    +
   16    30  0   0.0%   0.003 CG:3    +
   17    29  0   0.0%   0.002 AU:3    +
   16    42  0   0.0%   0.068 CG:3    +
   13    33  0   0.0%   0.001 GC:3    +
   69    96  0   0.0%   0.217 AU:3    +
   26    43  0   0.0%   0.276 GC:3    +
   18    49  0   0.0%   0.226 GU:3    +
   15    43  0   0.0%   0.117 GC:3    +
   24    36  0   0.0%   0.044 UA:3    +
    7    95  0   0.0%   0.383 GU:3    +
    3    64  0   0.0%   0.540 UG:3    +
    4    72  0   0.0%   0.036 GC:3    +
    1    98  0   0.0%   0.360 UG:3    +
    4    87  0   0.0%   0.036 GC:3    +
    2    53  0   0.0%   0.004 UA:3    +
   10    14  0   0.0%   0.001 GU:3    +
   19    27  0   0.0%   0.003 GU:3    +
   14    32  0   0.0%   0.001 UA:3    +
   70    91  0   0.0%   0.046 AU:3    +
   81   100  0   0.0%   0.012 AU:3    +
   62    80  0   0.0%   0.196 GC:3    +
   71    85  0   0.0%   0.011 UG:3    +
   24    28  0   0.0%   0.002 UG:3    +
    6    96  0   0.0%   0.113 AU:3    +
    5    71  0   0.0%   0.034 AU:3    +
   60    79  0   0.0%   0.047 UA:3    +
    1    50  0   0.0%   0.002 UA:3    +
   25    45  0   0.0%   0.084 UA:3    +
   71    90  0   0.0%   0.082 UA:3    +
   23    28  0   0.0%   0.002 CG:3    +
   14    39  0   0.0%   0.123 UA:3    +
   49    64  0   0.0%   0.481 UG:3    +
   64    72  0   0.0%   0.403 GC:3    +
   12    34  0   0.0%   0.000 UA:3    +
   14    34  0   0.0%   0.001 UA:3    +
   65    71  0   0.0%   0.047 GU:3    +
   58    93  0   0.0%   0.112 CG:3    +
   13    35  0   0.0%   0.001 GU:3    +
   31    35  0   0.0%   0.196 AU:3    +
   57    94  0   0.0%   0.009 AU:3    +
   15    44  0   0.0%   0.117 GC:3    +
   12    40  0   0.0%   0.129 UA:3    +
    3    57  0   0.0%   0.005 UA:3    +
   24    46  0   0.0%   0.103 UA:3    +
   88    93  0   0.0%   0.111 UG:3    +
   46    95  0   0.0%   0.032 AU:3    +
   26    44  0   0.0%   0.264 GC:3    +
   70    94  0   0.0%   0.352 AU:3    +
   89    95  0   0.0%   0.416 AU:3    +
   16    93  0   0.0%   0.006 CG:3    +
   67    89  0   0.0%   0.046 UA:3    +
   15    94  0   0.0%   0.173 GU:3    +
   29    42  0   0.0%   0.264 UG:3    +
    4    49  0   0.0%   0.001 GU:3    +
   55    62  0   0.0%   0.426 CG:3    +
    1    93  0   0.0%   0.360 UG:3    +
   28    43  0   0.0%   0.303 GC:3    +
   21    39  0   0.0%   0.125 UA:3    +
   30    41  0   0.0%   0.218 GC:3    +
   12    53  0   0.0%   0.111 UA:3    +
   69    95  0   0.0%   0.430 AU:3    +
   62    77  0   0.0%   0.196 GU:3    +
   50    71  0   0.0%   0.029 AU:3    +
   89    94  0   0.0%   0.399 AU:3    +
   90    94  0   0.0%   0.398 AU:3    +
   20    24  0   0.0%   0.002 GU:3    +
   11    90  0   0.0%   0.092 UA:3    +
   45    96  0   0.0%   0.037 AU:3    +
    3    50  0   0.0%   0.005 UA:3    +
   27    50  0   0.0%   0.115 UA:3    +
   26    51  0   0.0%   0.094 GC:3    +
    4    56  0   0.0%   0.001 GC:3    +
   28    49  0   0.0%   0.225 GU:3    +
   90    96  0   0.0%   0.202 AU:3    +
   79   100  0   0.0%   0.004 AU:3    +
   12    89  0   0.0%   0.094 UA:3    +
   83    92  0   0.0%   0.217 GC:3    +
   29    48  0   0.0%   0.147 UA:3    +
    2    45  0   0.0%   0.000 UA:3    +
   15    33  0   0.0%   0.002 GC:3    +
    6    49  0   0.0%   0.001 AU:3    +
   56    65  0   0.0%   0.600 CG:3    +
   59    81  0   0.0%   0.053 UA:3    +
   90   100  0   0.0%   0.029 AU:3    +
   84    91  0   0.0%   0.185 GU:3    +
   52    72  0   0.0%   0.073 GC:3    +
   50   100  0   0.0%   0.036 AU:3    +
   55    66  0   0.0%   0.328 CG:3    +
   65    87  0   0.0%   0.100 GC:3    +
   84    92  0   0.0%   0.209 GC:3    +
   80    93  0   0.0%   0.012 CG:3    +
   79    94  0   0.0%   0.347 AU:3    +
   52    56  0   0.0%   0.531 GC:3    +
   14    28  0   0.0%   0.000 UG:3    +
   14    45  0   0.0%   0.063 UA:3    +
    1    46  0   0.0%   0.000 UA:3    +
   76    85  0   0.0%   0.239 CG:3    +
   64    88  0   0.0%   0.450 GU:3    +
   71    93  0   0.0%   0.071 UG:3    +
   77    84  0   0.0%   0.251 UG:3    +
   12    36  0   0.0%   0.000 UA:3    +
    3    81  0   0.0%   0.184 UA:3    +
   71    89  0   0.0%   0.084 UA:3    +
   53    59  0   0.0%   0.070 AU:3    +
    2    50  0   0.0%   0.004 UA:3    +
   82    94  0   0.0%   0.433 AU:3    +
    4    80  0   0.0%   0.036 GC:3    +
   66    94  0   0.0%   0.477 GU:3    +
    4    95  0   0.0%   0.041 GU:3    +
    1     6  0   0.0%   0.000 UA:3    +
   68    85  0   0.0%   0.044 UG:3    +
    5    94  0   0.0%   0.038 AU:3    +
   47    94  0   0.0%   0.006 AU:3    +
   21    48  0   0.0%   0.202 UA:3    +
   13    87  0   0.0%   0.063 GC:3    +
   78    95  0   0.0%   0.367 AU:3    +
    2    82  0   0.0%   0.233 UA:3    +
   54    64  0   0.0%   0.384 CG:3    +
   14    86  0   0.0%   0.091 UA:3    +
   18    23  0   0.0%   0.000 GC:3    +
   22    47  0   0.0%   0.153 UA:3    +
   22    36  0   0.0%   0.107 UA:3    +
   45    49  0   0.0%   0.125 AU:3    +
   21    30  0   0.0%   0.000 UG:3    +
   81    95  0   0.0%   0.373 AU:3    +
   56    93  0   0.0%   0.570 CG:3    +
   50    88  0   0.0%   0.029 AU:3    +
    1    90  0   0.0%   0.360 UA:3    +
   53    71  0   0.0%   0.073 AU:3    +
    6    88  0   0.0%   0.050 AU:3    +
   53    68  0   0.0%   0.111 AU:3    +
   52    99  0   0.0%   0.089 GC:3    +
   49    89  0   0.0%   0.126 UA:3    +
    2    89  0   0.0%   0.233 UA:3    +
   84    99  0   0.0%   0.176 GC:3    +
   47    71  0   0.0%   0.005 AU:3    +
   13    88  0   0.0%   0.063 GU:3    +
   23    52  0   0.0%   0.088 CG:3    +
   85    91  0   0.0%   0.174 GU:3    +
   57    96  0   0.0%   0.044 AU:3    +
   52    60  0   0.0%   0.056 GU:3    +
   25    52  0   0.0%   0.104 UG:3    +
   20    49  0   0.0%   0.306 GU:3    +
   64    87  0   0.0%   0.450 GC:3    +
    2     6  0   0.0%   0.000 UA:3    +
   12    90  0   0.0%   0.094 UA:3    +
   17    24  0   0.0%   0.000 AU:3    +
   18    87  0   0.0%   0.103 GC:3    +
    5    49  0   0.0%   0.000 AU:3    +
   83   100  0   0.0%   0.182 GU:3    +
   69    94  0   0.0%   0.410 AU:3    +
   17    88  0   0.0%   0.008 AU:3    +
   49    90  0   0.0%   0.126 UA:3    +
   51    64  0   0.0%   0.388 CG:3    +
   85    99  0   0.0%   0.169 GC:3    +
   48    91  0   0.0%   0.012 AU:3    +
   62   100  0   0.0%   0.559 GU:3    +
   72    93  0   0.0%   0.075 CG:3    +
   52    67  0   0.0%   0.034 GU:3    +
    6   100  0   0.0%   0.078 AU:3    +
   78   100  0   0.0%   0.004 AU:3    +
   58    84  0   0.0%   0.105 CG:3    +
   60    82  0   0.0%   0.047 UA:3    +
   58    66  0   0.0%   0.145 CG:3    +
   59    83  0   0.0%   0.059 UG:3    +
   62    72  0   0.0%   0.193 GC:3    +
   63    71  0   0.0%   0.233 AU:3    +
   59    65  0   0.0%   0.098 UG:3    +
   54    93  0   0.0%   0.087 CG:3    +
   59    64  0   0.0%   0.455 UG:3    +
   37    42  0   0.0%   0.227 CG:3    +
   15    92  0   0.0%   0.177 GC:3    +
   63    88  0   0.0%   0.242 AU:3    +
   15    87  0   0.0%   0.172 GC:3    +
   68    93  0   0.0%   0.075 UG:3    +
   10    91  0   0.0%   0.116 GU:3    +
    1     5  0   0.0%   0.000 UA:3    +
    2    93  0   0.0%   0.233 UG:3    +
   57    67  0   0.0%   0.043 AU:3    +
   69    91  0   0.0%   0.104 AU:3    +
   53    94  0   0.0%   0.086 AU:3    +
   14    93  0   0.0%   0.094 UG:3    +
   18    41  0   0.0%   0.070 GC:3    +
   27    39  0   0.0%   0.299 UA:3    +
   44    52  0   0.0%   0.211 CG:3    +
   58    65  0   0.0%   0.145 CG:3    +
   11    52  0   0.0%   0.078 UG:3    +
    2    57  0   0.0%   0.004 UA:3    +
    3    69  0   0.0%   0.184 UA:3    +
   73    93  0   0.0%   0.099 CG:3    +
   18    37  0   0.0%   0.069 GC:3    +
   15    51  0   0.0%   0.192 GC:3    +
    6    91  0   0.0%   0.054 AU:3    +
   22    53  0   0.0%   0.166 UA:3    +
    2    65  0   0.0%   0.233 UG:3    +
   24    48  0   0.0%   0.107 UA:3    +
   91    98  0   0.0%   0.116 UG:3    +
    4    73  0   0.0%   0.036 GC:3    +
   60    64  0   0.0%   0.448 UG:3    +
   82    91  0   0.0%   0.127 AU:3    +
   52    95  0   0.0%   0.110 GU:3    +
   25    47  0   0.0%   0.087 UA:3    +
    5    88  0   0.0%   0.034 AU:3    +
    2    70  0   0.0%   0.233 UA:3    +
    5   100  0   0.0%   0.073 AU:3    +
   14    46  0   0.0%   0.065 UA:3    +
   13    29  0   0.0%   0.000 GU:3    +
   20    37  0   0.0%   0.128 GC:3    +
   21    36  0   0.0%   0.107 UA:3    +
   45    95  0   0.0%   0.030 AU:3    +
   42    51  0   0.0%   0.144 GC:3    +
    7    99  0   0.0%   0.355 GC:3    +
   56    98  0   0.0%   0.589 CG:3    +
   21    31  0   0.0%   0.000 UA:3    +
   54    84  0   0.0%   0.072 CG:3    +
   55    83  0   0.0%   0.283 CG:3    +
   50    95  0   0.0%   0.064 AU:3    +
   52    73  0   0.0%   0.073 GC:3    +
   24    45  0   0.0%   0.101 UA:3    +
   59    78  0   0.0%   0.053 UA:3    +
    7    87  0   0.0%   0.354 GC:3    +
   54    62  0   0.0%   0.215 CG:3    +
   19    41  0   0.0%   0.070 GC:3    +
    3    90  0   0.0%   0.184 UA:3    +
    1    66  0   0.0%   0.360 UG:3    +
   21    46  0   0.0%   0.198 UA:3    +
    4   100  0   0.0%   0.077 GU:3    +
   47   100  0   0.0%   0.007 AU:3    +
   22    45  0   0.0%   0.149 UA:3    +
   24    50  0   0.0%   0.128 UA:3    +
   46    94  0   0.0%   0.004 AU:3    +
   22    30  0   0.0%   0.000 UG:3    +
   88    98  0   0.0%   0.146 UG:3    +
    4    68  0   0.0%   0.035 GU:3    +
   13    94  0   0.0%   0.064 GU:3    +
   45   100  0   0.0%   0.002 AU:3    +
   24    53  0   0.0%   0.118 UA:3    +
   41    52  0   0.0%   0.166 CG:3    +
   21    38  0   0.0%   0.115 UA:3    +
   84   100  0   0.0%   0.172 GU:3    +
   13    92  0   0.0%   0.067 GC:3    +
   64    91  0   0.0%   0.459 GU:3    +
   52    59  0   0.0%   0.074 GU:3    +
   14    52  0   0.0%   0.112 UG:3    +
   12    48  0   0.0%   0.077 UA:3    +
   76    98  0   0.0%   0.179 CG:3    +
   62    74  0   0.0%   0.193 GC:3    +
   25    50  0   0.0%   0.110 UA:3    +
   49    98  0   0.0%   0.149 UG:3    +
   26    49  0   0.0%   0.198 GU:3    +
   48   100  0   0.0%   0.011 AU:3    +
   14    30  0   0.0%   0.000 UG:3    +
   27    48  0   0.0%   0.094 UA:3    +
   12    93  0   0.0%   0.097 UG:3    +
   46    71  0   0.0%   0.003 AU:3    +
   67    93  0   0.0%   0.079 UG:3    +
   33    42  0   0.0%   0.237 CG:3    +
   47    59  0   0.0%   0.057 AU:3    +
((((((((.((((((...(((..((((((....))))))..)))....)))))).).)))))))(((((.((((........)))).)))))........
