3 sequence; length of alignment 58
alifold output
   27    40  0 100.0%   0.001 GC:3   
   29    38  0 100.0%   0.001 CG:3   
   28    39  0 100.0%   0.002 UA:3   
   26    41  0  99.9%   0.006 CG:3   
   25    42  0  99.6%   0.018 CG:3   
   30    37  0  92.0%   0.231 GC:3   
    5    52  0  79.2%   0.896 GC:3   
    6    51  0  79.2%   0.895 GC:3   
    4    53  0  79.1%   0.573 CG:3   
    7    50  0  78.7%   0.914 UA:3   
    8    49  0  76.2%   0.971 UG:3   
   13    44  0  75.9%   0.671 UA:3   
   14    43  0  75.9%   1.004 GC:3   
   12    45  0  74.0%   0.683 UA:3   
    3    54  0  67.6%   0.821 UA:3   
    9    15  0  20.6%   0.978 UA:3    +
    8    16  0  20.6%   0.977 UG:3    +
    7    17  0  20.6%   0.977 UA:3    +
    6    18  0  20.5%   0.976 GC:3    +
    5    19  0  20.3%   0.973 GC:3    +
   10    14  0  20.3%   0.972 CG:3    +
   49    56  0  13.8%   1.115 GC:3    +
   48    57  0  13.7%   0.905 UA:3    +
   47    58  0  13.0%   0.831 CG:3    +
   16    21  0   3.5%   0.761 GC:3    +
   10    46  0   2.7%   0.647 CG:3    +
   32    36  0   1.8%   0.222 AU:3    +
   23    44  0   1.2%   0.441 UA:3    +
   14    21  0   0.8%   0.454 GC:3    +
    2    22  0   0.8%   0.115 UA:3    +
    1    23  0   0.7%   0.108 AU:3    +
   21    46  0   0.7%   0.401 CG:3    +
   13    22  0   0.6%   0.142 UA:3    +
   10    16  0   0.4%   0.723 CG:3    +
    9    17  0   0.4%   0.716 UA:3    +
   10    49  0   0.4%   0.733 CG:3    +
   11    48  0   0.3%   0.070 AU:3    +
   15    23  0   0.3%   0.421 AU:3    +
   21    49  0   0.3%   0.502 CG:3    +
   22    48  0   0.3%   0.172 AU:3    +
   16    47  0   0.3%   0.553 GC:3    +
   15    48  0   0.3%   0.422 AU:3    +
    4    49  0   0.2%   0.045 CG:3    +
    9    50  0   0.2%   0.606 UA:3    +
   16    20  0   0.2%   0.403 GC:3    +
   43    49  0   0.2%   0.527 CG:3    +
    3    50  0   0.2%   0.044 UA:3    +
    2    57  0   0.2%   0.084 UA:3    +
   20    46  0   0.2%   0.183 CG:3    +
   44    48  0   0.1%   0.360 AU:3    +
    2    54  0   0.1%   0.066 UA:3    +
    5    48  0   0.1%   0.359 GU:3    +
    6    47  0   0.1%   0.357 GC:3    +
    7    46  0   0.1%   0.352 UG:3    +
    8    45  0   0.1%   0.350 UA:3    +
    6    55  0   0.1%   0.546 GC:3    +
    5    56  0   0.1%   0.548 GC:3    +
    7    54  0   0.1%   0.818 UA:3    +
   18    46  0   0.1%   0.462 CG:3    +
    8    53  0   0.1%   0.749 UG:3    +
    5    20  0   0.1%   0.344 GC:3    +
   23    46  0   0.1%   0.313 UG:3    +
   16    43  0   0.1%   0.715 GC:3    +
    9    44  0   0.1%   0.366 UA:3    +
   13    45  0   0.1%   0.494 UA:3    +
   23    45  0   0.1%   0.373 UA:3    +
   17    23  0   0.1%   0.426 AU:3    +
   12    46  0   0.1%   0.350 UG:3    +
    9    49  0   0.1%   0.591 UG:3    +
   47    53  0   0.1%   0.236 CG:3    +
   16    23  0   0.1%   0.555 GU:3    +
   14    20  0   0.0%   0.348 GC:3    +
    6    19  0   0.0%   0.660 GC:3    +
    2    58  0   0.0%   0.071 UG:3    +
    3    22  0   0.0%   0.049 UA:3    +
   52    58  0   0.0%   0.469 CG:3    +
   14    19  0   0.0%   0.663 GC:3    +
   46    55  0   0.0%   0.198 GC:3    +
   20    49  0   0.0%   0.298 CG:3    +
    8    50  0   0.0%   0.751 UA:3    +
   13    46  0   0.0%   0.371 UG:3    +
   14    23  0   0.0%   0.419 GU:3    +
    5    21  0   0.0%   0.338 GC:3    +
   13    24  0   0.0%   0.043 UA:3    +
    6    20  0   0.0%   0.342 GC:3    +
   11    23  0   0.0%   0.044 AU:3    +
   46    51  0   0.0%   0.368 GC:3    +
   49    55  0   0.0%   0.302 GC:3    +
   19    46  0   0.0%   0.460 CG:3    +
   12    22  0   0.0%   0.048 UA:3    +
   48    54  0   0.0%   0.360 UA:3    +
   18    42  0   0.0%   0.330 CG:3    +
   46    52  0   0.0%   0.370 GC:3    +
   46    56  0   0.0%   0.195 GC:3    +
    2    24  0   0.0%   0.043 UA:3    +
   43    53  0   0.0%   0.428 CG:3    +
   13    50  0   0.0%   0.476 UA:3    +
   12    44  0   0.0%   0.014 UA:3    +
   18    49  0   0.0%   0.586 CG:3    +
   19    41  0   0.0%   0.335 CG:3    +
   29    53  0   0.0%   0.198 CG:3    +
   28    54  0   0.0%   0.285 UA:3    +
   27    55  0   0.0%   0.012 GC:3    +
   30    52  0   0.0%   0.267 GC:3    +
   34    49  0   0.0%   0.275 CG:3    +
   35    48  0   0.0%   0.067 AU:3    +
   33    50  0   0.0%   0.224 UA:3    +
    3    57  0   0.0%   0.298 UA:3    +
   37    46  0   0.0%   0.255 CG:3    +
   20    42  0   0.0%   0.033 CG:3    +
    7    49  0   0.0%   0.353 UG:3    +
   19    42  0   0.0%   0.337 CG:3    +
   30    36  0   0.0%   0.004 GU:3    +
   51    58  0   0.0%   0.461 CG:3    +
    9    46  0   0.0%   0.367 UG:3    +
    4    14  0   0.0%   0.003 CG:3    +
   21    41  0   0.0%   0.165 CG:3    +
    5    13  0   0.0%   0.003 GU:3    +
    3    15  0   0.0%   0.003 UA:3    +
   20    41  0   0.0%   0.030 CG:3    +
    6    12  0   0.0%   0.003 GU:3    +
   42    51  0   0.0%   0.197 GC:3    +
    4    46  0   0.0%   0.004 CG:3    +
   16    25  0   0.0%   0.489 GC:3    +
   41    52  0   0.0%   0.193 GC:3    +
    7    11  0   0.0%   0.002 UA:3    +
   14    47  0   0.0%   0.596 GC:3    +
    3    53  0   0.0%   0.020 UG:3    +
    9    16  0   0.0%   0.654 UG:3    +
    9    14  0   0.0%   0.003 UG:3    +
   19    49  0   0.0%   0.586 CG:3    +
    8    15  0   0.0%   0.003 UA:3    +
   17    48  0   0.0%   0.399 AU:3    +
   14    18  0   0.0%   0.652 GC:3    +
   12    24  0   0.0%   0.006 UA:3    +
   31    38  0   0.0%   0.002 CG:3    +
   24    48  0   0.0%   0.069 AU:3    +
   29    41  0   0.0%   0.006 CG:3    +
   30    40  0   0.0%   0.080 GC:3    +
   28    42  0   0.0%   0.011 UG:3    +
   27    43  0   0.0%   0.217 GC:3    +
   30    34  0   0.0%   0.001 GC:3    +
    2    16  0   0.0%   0.001 UG:3    +
    8    17  0   0.0%   0.652 UA:3    +
    3    44  0   0.0%   0.006 UA:3    +
    2    45  0   0.0%   0.041 UA:3    +
   43    58  0   0.0%   0.235 CG:3    +
    4    58  0   0.0%   0.207 CG:3    +
   48    53  0   0.0%   0.275 UG:3    +
   20    53  0   0.0%   0.235 CG:3    +
   23    49  0   0.0%   0.403 UG:3    +
    3    45  0   0.0%   0.006 UA:3    +
    3    24  0   0.0%   0.007 UA:3    +
    9    45  0   0.0%   0.363 UA:3    +
   21    42  0   0.0%   0.166 CG:3    +
    2    46  0   0.0%   0.041 UG:3    +
   13    49  0   0.0%   0.502 UG:3    +
    7    16  0   0.0%   0.002 UG:3    +
   17    28  0   0.0%   0.353 AU:3    +
   40    53  0   0.0%   0.196 CG:3    +
   18    27  0   0.0%   0.326 CG:3    +
   16    29  0   0.0%   0.488 GC:3    +
    2    50  0   0.0%   0.041 UA:3    +
   16    48  0   0.0%   0.556 GU:3    +
   14    48  0   0.0%   0.614 GU:3    +
    8    14  0   0.0%   0.002 UG:3    +
   21    53  0   0.0%   0.408 CG:3    +
    3    58  0   0.0%   0.289 UG:3    +
    3    49  0   0.0%   0.006 UG:3    +
   12    50  0   0.0%   0.452 UA:3    +
    9    24  0   0.0%   0.350 UA:3    +
   12    17  0   0.0%   0.348 UA:3    +
   14    52  0   0.0%   0.771 GC:3    +
   23    42  0   0.0%   0.073 UG:3    +
    8    46  0   0.0%   0.344 UG:3    +
   10    53  0   0.0%   0.658 CG:3    +
   14    31  0   0.0%   0.376 GC:3    +
   16    51  0   0.0%   0.696 GC:3    +
   42    55  0   0.0%   0.019 GC:3    +
   13    32  0   0.0%   0.036 UA:3    +
   25    41  0   0.0%   0.004 CG:3    +
   42    47  0   0.0%   0.036 GC:3    +
   41    56  0   0.0%   0.013 GC:3    +
    3    46  0   0.0%   0.006 UG:3    +
   26    42  0   0.0%   0.010 CG:3    +
    2    44  0   0.0%   0.040 UA:3    +
    5    37  0   0.0%   0.334 GC:3    +
    4    38  0   0.0%   0.001 CG:3    +
    6    36  0   0.0%   0.332 GU:3    +
    7    15  0   0.0%   0.002 UA:3    +
   13    17  0   0.0%   0.348 UA:3    +
    7    35  0   0.0%   0.327 UA:3    +
   12    49  0   0.0%   0.481 UG:3    +
   13    53  0   0.0%   0.448 UG:3    +
    3    39  0   0.0%   0.005 UA:3    +
    9    54  0   0.0%   0.654 UA:3    +
   29    49  0   0.0%   0.272 CG:3    +
   28    50  0   0.0%   0.221 UA:3    +
   31    46  0   0.0%   0.176 CG:3    +
   10    42  0   0.0%   0.348 CG:3    +
   30    47  0   0.0%   0.105 GC:3    +
   21    58  0   0.0%   0.219 CG:3    +
   27    51  0   0.0%   0.186 GC:3    +
   48    58  0   0.0%   0.618 UG:3    +
    2    53  0   0.0%   0.041 UG:3    +
   25    46  0   0.0%   0.181 CG:3    +
   40    46  0   0.0%   0.177 CG:3    +
   41    48  0   0.0%   0.069 GU:3    +
   12    16  0   0.0%   0.352 UG:3    +
   34    41  0   0.0%   0.005 CG:3    +
   10    38  0   0.0%   0.348 CG:3    +
   34    38  0   0.0%   0.002 CG:3    +
    1    48  0   0.0%   0.036 AU:3    +
   14    34  0   0.0%   0.375 GC:3    +
    9    39  0   0.0%   0.348 UA:3    +
   15    33  0   0.0%   0.345 AU:3    +
   13    35  0   0.0%   0.036 UA:3    +
   20    58  0   0.0%   0.046 CG:3    +
   38    47  0   0.0%   0.027 GC:3    +
   33    39  0   0.0%   0.001 UA:3    +
   12    54  0   0.0%   0.513 UA:3    +
   33    42  0   0.0%   0.009 UG:3    +
    5    18  0   0.0%   0.001 GC:3    +
    9    53  0   0.0%   0.566 UG:3    +
   18    41  0   0.0%   0.326 CG:3    +
   40    49  0   0.0%   0.273 CG:3    +
    9    22  0   0.0%   0.389 UA:3    +
   27    37  0   0.0%   0.000 GC:3    +
   26    38  0   0.0%   0.000 CG:3    +
    4    16  0   0.0%   0.002 CG:3    +
   14    37  0   0.0%   0.376 GC:3    +
   15    36  0   0.0%   0.345 AU:3    +
   13    38  0   0.0%   0.036 UG:3    +
    5    43  0   0.0%   0.334 GC:3    +
   12    39  0   0.0%   0.004 UA:3    +
    3    17  0   0.0%   0.001 UA:3    +
    8    44  0   0.0%   0.327 UA:3    +
    4    42  0   0.0%   0.001 CG:3    +
    8    54  0   0.0%   0.830 UA:3    +
   41    47  0   0.0%   0.031 GC:3    +
   16    52  0   0.0%   0.696 GC:3    +
   16    26  0   0.0%   0.488 GC:3    +
   25    53  0   0.0%   0.199 CG:3    +
   31    42  0   0.0%   0.010 CG:3    +
   26    53  0   0.0%   0.194 CG:3    +
   37    49  0   0.0%   0.350 CG:3    +
   30    43  0   0.0%   0.294 GC:3    +
   37    42  0   0.0%   0.086 CG:3    +
   25    58  0   0.0%   0.009 CG:3    +
    7    14  0   0.0%   0.002 UG:3    +
   36    50  0   0.0%   0.296 UA:3    +
    5    51  0   0.0%   0.342 GC:3    +
   38    55  0   0.0%   0.010 GC:3    +
   23    50  0   0.0%   0.352 UA:3    +
   38    48  0   0.0%   0.065 GU:3    +
    2    49  0   0.0%   0.041 UG:3    +
    8    24  0   0.0%   0.328 UA:3    +
    5    47  0   0.0%   0.334 GC:3    +
   10    41  0   0.0%   0.348 CG:3    +
..((((((...(((..........((((((......)))))))))...))))))....
