3 sequence; length of alignment 34
alifold output
   13    33  0  91.3%   0.416 GC:2    GU:1   
   14    32  0  92.1%   0.406 CG:3   
   15    31  0  92.0%   0.412 UA:3   
   16    30  1  89.1%   0.566 GC:2   
   20    25  0  86.3%   0.601 CG:3   
    4     9  0  85.7%   0.397 GC:3   
    3    10  0  85.4%   0.405 UA:3   
    2    11  0  83.2%   0.460 CG:3   
   17    29  0  79.7%   1.009 GU:3   
   18    28  0  71.3%   1.393 AU:3   
   19    26  0  68.7%   0.971 AU:3   
   19    27  1  20.5%   1.728 AU:2    +
   18    27  1  18.2%   1.160 AU:2    +
   17    28  0   9.3%   0.826 GU:3    +
    5    14  0   4.8%   0.495 GC:3    +
    2    17  0   4.8%   0.590 CG:3    +
    4    15  0   4.8%   0.569 GU:3    +
    6    13  0   4.8%   0.492 CG:3    +
    3    16  0   4.8%   0.570 UG:3    +
    1    18  0   4.0%   0.391 UA:3    +
    4    27  0   2.3%   0.538 GC:1    GU:2    +
   21    33  0   1.9%   0.361 GC:2    GU:1    +
    6    25  0   2.9%   0.516 CG:3    +
    7    24  0   2.9%   0.341 CG:3    +
    5    26  0   2.8%   0.504 GU:3    +
   11    20  0   2.6%   0.518 GC:3    +
    8    23  0   2.5%   0.301 AU:3    +
    5    12  0   1.3%   0.169 GC:1    GU:2    +
   16    29  0   2.1%   0.401 GU:3    +
   23    31  0   2.0%   0.435 UA:3    +
   12    19  1   2.5%   0.334 UA:2    +
   22    32  0   2.0%   0.360 UG:3    +
   24    30  1   1.9%   0.472 GC:2    +
    6    11  0   1.3%   0.322 CG:3    +
   12    21  0   0.2%   0.212 CG:1    UG:2    +
   17    27  0   0.1%   0.263 GC:1    GU:2    +
   21    27  0   0.1%   0.790 GC:1    GU:2    +
   24    33  0   0.0%   0.358 GC:2    GU:1    +
   25    33  0   0.0%   0.435 GC:2    GU:1    +
    4    12  0   0.0%   0.137 GC:1    GU:2    +
    5    27  0   0.0%   0.392 GC:1    GU:2    +
   11    33  0   0.0%   0.339 GC:2    GU:1    +
   12    32  0   0.0%   0.193 CG:1    UG:2    +
   12    17  0   0.0%   0.215 CG:1    UG:2    +
    5    33  0   0.0%   0.310 GC:2    GU:1    +
   27    32  0   0.0%   0.920 CG:1    UG:2    +
   12    16  0   0.0%   0.213 CG:1    UG:2    +
   11    27  0   0.0%   0.422 GC:1    GU:2    +
   16    27  0   0.0%   0.241 GC:1    GU:2    +
    4    33  0   0.0%   0.388 GC:2    GU:1    +
   25    29  0   0.7%   0.605 GU:3    +
    3    31  0   0.5%   0.359 UA:3    +
    2    32  0   0.5%   0.375 CG:3    +
    7    11  0   0.4%   0.283 CG:3    +
    9    21  0   0.4%   0.197 CG:3    +
   13    20  0   0.2%   0.283 GC:3    +
    8    22  0   0.2%   0.045 AU:3    +
    7    16  0   0.1%   0.196 CG:3    +
    6    17  0   0.1%   0.371 CG:3    +
    8    15  0   0.1%   0.172 AU:3    +
   11    22  0   0.1%   0.364 GU:3    +
   18    29  0   0.1%   0.974 AU:3    +
   20    24  0   0.1%   0.235 CG:3    +
   19    28  0   0.1%   1.157 AU:3    +
   18    26  0   0.1%   0.246 AU:3    +
    5    29  0   0.1%   0.318 GU:3    +
   10    23  0   0.1%   0.243 AU:3    +
   14    21  0   0.1%   0.193 CG:3    +
   13    22  0   0.1%   0.194 GU:3    +
    9    24  0   0.0%   0.268 CG:3    +
   21    26  0   0.0%   0.412 GU:3    +
    7    13  0   0.0%   0.176 CG:3    +
    4    20  0   0.0%   0.285 GC:3    +
   16    28  0   0.0%   0.162 GU:3    +
   26    32  0   0.0%   0.554 UG:3    +
   10    22  0   0.0%   0.153 AU:3    +
   11    34  0   0.0%   0.342 GU:2    --:1    +
   24    34  0   0.0%   0.199 GU:2    --:1    +
   20    32  0   0.0%   0.349 CG:3    +
    5     9  0   0.0%   0.136 GC:3    +
    3    21  0   0.0%   0.283 UG:3    +
   26    31  0   0.0%   0.551 UA:3    +
    4    28  0   0.0%   0.369 GU:3    +
   14    25  0   0.0%   0.256 CG:3    +
   15    24  0   0.0%   0.262 UG:3    +
   10    34  0   0.0%   0.144 AU:2    --:1    +
    1    31  0   0.0%   0.134 UA:3    +
   13    26  0   0.0%   0.268 GU:3    +
    1    11  0   0.0%   0.002 UG:3    +
    7    25  0   0.0%   0.241 CG:3    +
    1    13  0   0.0%   0.003 UG:3    +
   16    23  0   0.0%   0.253 GU:3    +
    1    19  0   0.0%   0.133 UA:3    +
    9    16  0   0.0%   0.288 CG:3    +
   10    15  0   0.0%   0.290 AU:3    +
   21    28  0   0.0%   0.520 GU:3    +
   19    34  0   0.0%   0.684 AU:2    --:1    +
    3    11  0   0.0%   0.290 UG:3    +
   13    34  0   0.0%   0.252 GU:2    --:1    +
    2    16  0   0.0%   0.154 CG:3    +
   17    22  0   0.0%   0.181 GU:3    +
    1    32  0   0.0%   0.134 UG:3    +
    6    32  0   0.0%   0.338 CG:3    +
    2    25  0   0.0%   0.300 CG:3    +
    8    26  0   0.0%   0.216 AU:3    +
    3    24  0   0.0%   0.282 UG:3    +
    2    24  0   0.0%   0.300 CG:3    +
    2    21  0   0.0%   0.299 CG:3    +
   23    32  0   0.0%   0.357 UG:3    +
    5    22  0   0.0%   0.203 GU:3    +
    4    23  0   0.0%   0.282 GU:3    +
    1    10  0   0.0%   0.001 UA:3    +
    1    17  0   0.0%   0.002 UG:3    +
   19    23  0   0.0%   0.190 AU:3    +
   24    29  0   0.0%   0.386 GU:3    +
    9    25  0   0.0%   0.262 CG:3    +
    4    34  0   0.0%   0.388 GU:2    --:1    +
    3     8  0   0.0%   0.001 UA:3    +
   15    19  0   0.0%   0.246 UA:3    +
    3    32  0   0.0%   0.333 UG:3    +
    6    21  0   0.0%   0.211 CG:3    +
    4    29  0   0.0%   0.368 GU:3    +
    5    20  0   0.0%   0.205 GC:3    +
    1    25  0   0.0%   0.132 UG:3    +
   21    29  0   0.0%   0.322 GU:3    +
   22    31  0   0.0%   0.129 UA:3    +
    1     8  0   0.0%   0.000 UA:3    +
   19    29  0   0.0%   0.953 AU:3    +
   16    20  0   0.0%   0.263 GC:3    +
    9    13  0   0.0%   0.282 CG:3    +
    8    34  0   0.0%   0.115 AU:2    --:1    +
   17    26  0   0.0%   0.256 GU:3    +
    5    28  0   0.0%   0.305 GU:3    +
   28    32  0   0.0%   0.654 UG:3    +
   18    23  0   0.0%   0.229 AU:3    +
    3    19  0   0.0%   0.281 UA:3    +
    4    26  0   0.0%   0.281 GU:3    +
   11    28  0   0.0%   0.337 GU:3    +
    9    17  0   0.0%   0.288 CG:3    +
    4    14  0   0.0%   0.134 GC:3    +
   24    28  0   0.0%   0.584 GU:3    +
   10    28  0   0.0%   0.143 AU:3    +
   10    29  0   0.0%   0.146 AU:3    +
    1     5  0   0.0%   0.000 UG:3    +
   25    34  0   0.0%   0.272 GU:2    --:1    +
   18    22  0   0.0%   0.156 AU:3    +
    7    17  0   0.0%   0.189 CG:3    +
   17    23  0   0.0%   0.253 GU:3    +
    2    13  0   0.0%   0.154 CG:3    +
    1    21  0   0.0%   0.132 UG:3    +
   18    34  0   0.0%   0.697 AU:2    --:1    +
   21    34  0   0.0%   0.128 GU:2    --:1    +
    5    34  0   0.0%   0.309 GU:2    --:1    +
    3    13  0   0.0%   0.136 UG:3    +
    3    18  0   0.0%   0.410 UA:3    +
    4    30  1   0.3%   0.427 GC:2    +
   17    30  1   0.1%   0.700 GC:2    +
    8    12  1   0.0%   0.063 AU:2    +
   25    30  1   0.0%   0.473 GC:2    +
   21    30  1   0.0%   0.179 GC:2    +
   12    18  1   0.0%   0.192 UA:2    +
   27    31  1   0.0%   0.920 UA:2    +
   13    30  1   0.0%   0.186 GC:2    +
   12    31  1   0.0%   0.191 UA:2    +
.(((....))).((((((((....)).)))))).
