3 sequence; length of alignment 89
alifold output
    5    69  0 100.0%   0.000 GC:3   
   11    63  0 100.0%   0.000 CG:3   
    6    68  0 100.0%   0.001 AU:3   
   12    62  0  99.9%   0.004 UA:3   
    4    70  0  99.9%   0.004 UA:3   
   10    64  0  99.7%   0.009 UA:3   
   13    61  0  99.7%   0.009 UA:3   
   14    60  0  99.7%   0.009 UA:3   
    7    67  0  99.6%   0.012 GC:3   
   15    59  0  99.5%   0.017 GU:3   
   16    58  0  99.2%   0.038 GU:3   
    3    71  0  98.8%   0.036 GC:3   
   17    57  0  98.2%   0.067 CG:3   
   33    45  0  97.9%   0.139 CG:3   
   32    46  0  97.9%   0.190 UA:3   
   35    43  0  97.8%   0.142 UA:3   
   31    47  0  97.7%   0.188 GC:3   
   34    44  0  97.7%   0.084 GU:3   
   36    42  0  95.5%   0.213 CG:3   
    9    65  0  90.4%   0.275 UA:3   
   77    85  0  90.2%   0.328 GC:3   
   76    86  0  89.7%   0.342 GU:3   
   78    84  0  89.3%   0.305 UA:3   
   75    87  0  86.7%   0.589 CG:3   
   24    53  0  86.1%   0.451 UA:3   
   23    54  0  85.0%   0.714 CG:3   
   21    55  0  81.8%   0.670 GC:3   
    2    73  0  81.5%   0.500 CG:3   
    1    74  0  81.0%   0.513 GC:3   
   25    52  0  79.9%   0.611 AU:3   
   18    56  0  52.6%   1.028 UA:3   
   20    56  0  38.1%   1.630 UA:3    +
   29    48  0  11.2%   0.932 CG:3    +
   27    50  0  10.1%   0.748 UA:3    +
   74    80  0   6.8%   0.720 CG:3    +
   22    54  0   6.8%   0.698 UG:3    +
   73    81  0   6.7%   0.712 GC:3    +
   75    79  0   6.7%   0.548 CG:3    +
   48    55  0   5.0%   0.955 GC:3    +
   49    54  0   5.0%   0.890 CG:3    +
   28    50  0   3.5%   0.713 UA:3    +
   37    42  0   2.0%   0.356 CG:3    +
   31    40  0   1.9%   0.230 GC:3    +
   30    41  0   1.9%   0.270 AU:3    +
   29    42  0   1.9%   0.274 CG:3    +
   28    43  0   1.8%   0.218 UA:3    +
   32    39  0   1.7%   0.207 UA:3    +
   19    56  0   1.3%   0.547 UA:3    +
   19    57  0   1.2%   0.275 UG:3    +
   73    89  0   1.1%   0.540 GC:3    +
   21    29  0   1.0%   0.140 GC:3    +
   22    46  0   0.9%   0.124 UA:3    +
   21    47  0   0.9%   0.175 GC:3    +
   23    45  0   0.8%   0.121 CG:3    +
   20    30  0   0.8%   0.119 UA:3    +
   21    49  0   0.8%   0.204 GC:3    +
   19    54  0   0.7%   0.126 UG:3    +
   25    51  0   0.7%   0.121 AU:3    +
   20    50  0   0.7%   0.157 UA:3    +
   22    48  0   0.7%   0.155 UG:3    +
   73    88  0   0.7%   0.462 GU:3    +
   76    82  0   0.6%   0.103 GC:3    +
   77    81  0   0.6%   0.279 GC:3    +
   20    53  0   0.6%   0.194 UA:3    +
   26    45  0   0.6%   0.133 CG:3    +
   21    52  0   0.5%   0.218 GU:3    +
   80    88  0   0.4%   0.309 GU:3    +
   81    87  0   0.4%   0.441 CG:3    +
   74    87  0   0.4%   0.426 CG:3    +
   79    89  0   0.4%   0.314 GC:3    +
   20    54  0   0.3%   0.217 UG:3    +
   17    54  0   0.2%   0.040 CG:3    +
   16    55  0   0.2%   0.039 GC:3    +
   18    53  0   0.2%   0.039 UA:3    +
    9    66  0   0.2%   0.129 UA:3    +
   20    48  0   0.2%   0.073 UG:3    +
   24    46  0   0.2%   0.075 UA:3    +
   76    85  0   0.2%   0.072 GC:3    +
   80    85  0   0.2%   0.331 GC:3    +
   27    53  0   0.2%   0.446 UA:3    +
   23    48  0   0.2%   0.117 CG:3    +
   79    86  0   0.2%   0.318 GU:3    +
   26    54  0   0.1%   0.459 CG:3    +
   25    44  0   0.1%   0.029 AU:3    +
   26    48  0   0.1%   0.118 CG:3    +
   34    47  0   0.1%   0.112 GC:3    +
   35    46  0   0.1%   0.120 UA:3    +
   36    45  0   0.1%   0.161 CG:3    +
   22    50  0   0.1%   0.135 UA:3    +
   33    48  0   0.1%   0.366 CG:3    +
   10    65  0   0.1%   0.115 UA:3    +
   21    51  0   0.1%   0.149 GU:3    +
   28    48  0   0.1%   0.162 UG:3    +
   76    89  0   0.1%   0.211 GC:3    +
   77    88  0   0.1%   0.183 GU:3    +
   78    87  0   0.1%   0.273 UG:3    +
   21    26  0   0.1%   0.016 GC:3    +
    1    75  0   0.1%   0.186 GC:3    +
   79    85  0   0.1%   0.305 GC:3    +
    2    87  0   0.1%   0.183 CG:3    +
   22    56  0   0.1%   1.042 UA:3    +
   72    86  0   0.1%   0.014 AU:3    +
   73    85  0   0.1%   0.365 GC:3    +
   82    87  0   0.1%   0.230 CG:3    +
    1    88  0   0.1%   0.191 GU:3    +
   19    53  0   0.0%   0.028 UA:3    +
   31    49  0   0.0%   0.149 GC:3    +
   27    48  0   0.0%   0.077 UG:3    +
   33    42  0   0.0%   0.087 CG:3    +
   32    50  0   0.0%   0.500 UA:3    +
   31    51  0   0.0%   0.157 GU:3    +
   32    43  0   0.0%   0.152 UA:3    +
   76    81  0   0.0%   0.191 GC:3    +
   73    82  0   0.0%   0.358 GC:3    +
   71    87  0   0.0%   0.025 CG:3    +
   78    83  0   0.0%   0.008 UA:3    +
   75    80  0   0.0%   0.377 CG:3    +
   19    50  0   0.0%   0.010 UA:3    +
   29    45  0   0.0%   0.198 CG:3    +
   28    46  0   0.0%   0.132 UA:3    +
   24    50  0   0.0%   0.065 UA:3    +
   22    53  0   0.0%   0.137 UA:3    +
   34    41  0   0.0%   0.084 GU:3    +
   31    44  0   0.0%   0.094 GU:3    +
   30    44  0   0.0%   0.132 AU:3    +
   70    88  0   0.0%   0.011 AU:3    +
   27    43  0   0.0%   0.005 UA:3    +
   30    51  0   0.0%   0.164 AU:3    +
   30    52  0   0.0%   0.331 AU:3    +
   21    28  0   0.0%   0.009 GU:3    +
   72    88  0   0.0%   0.014 AU:3    +
   24    30  0   0.0%   0.043 UA:3    +
   24    45  0   0.0%   0.044 UG:3    +
   24    54  0   0.0%   0.533 UG:3    +
   19    25  0   0.0%   0.003 UA:3    +
   18    54  0   0.0%   0.029 UG:3    +
   77    82  0   0.0%   0.070 GC:3    +
   34    38  0   0.0%   0.003 GU:3    +
    1    82  0   0.0%   0.179 GC:3    +
   38    43  0   0.0%   0.101 UA:3    +
   24    48  0   0.0%   0.070 UG:3    +
    2    80  0   0.0%   0.169 CG:3    +
    1    81  0   0.0%   0.178 GC:3    +
    1    85  0   0.0%   0.180 GC:3    +
   19    31  0   0.0%   0.003 UG:3    +
   44    50  0   0.0%   0.437 UA:3    +
   45    49  0   0.0%   0.143 GC:3    +
   43    51  0   0.0%   0.146 AU:3    +
   42    52  0   0.0%   0.411 GU:3    +
   34    40  0   0.0%   0.079 GC:3    +
   41    53  0   0.0%   0.268 UA:3    +
   40    54  0   0.0%   0.475 CG:3    +
   23    31  0   0.0%   0.002 CG:3    +
   35    39  0   0.0%   0.070 UA:3    +
   77    89  0   0.0%   0.189 GC:3    +
   24    56  0   0.0%   0.912 UA:3    +
   19    30  0   0.0%   0.002 UA:3    +
   20    25  0   0.0%   0.002 UA:3    +
   16    59  0   0.0%   0.028 GU:3    +
    1    71  0   0.0%   0.001 GC:3    +
   28    53  0   0.0%   0.388 UA:3    +
   21    33  0   0.0%   0.052 GC:3    +
   27    46  0   0.0%   0.055 UA:3    +
   18    50  0   0.0%   0.001 UA:3    +
   47    54  0   0.0%   0.469 CG:3    +
   32    48  0   0.0%   0.414 UG:3    +
   18    57  0   0.0%   0.371 UG:3    +
   21    27  0   0.0%   0.006 GU:3    +
   27    45  0   0.0%   0.072 UG:3    +
    2    77  0   0.0%   0.168 CG:3    +
    9    64  0   0.0%   0.001 UA:3    +
    1    78  0   0.0%   0.177 GU:3    +
   76    88  0   0.0%   0.183 GU:3    +
   83    88  0   0.0%   0.072 AU:3    +
   18    25  0   0.0%   0.001 UA:3    +
    1    89  0   0.0%   0.183 GC:3    +
   22    30  0   0.0%   0.040 UA:3    +
   23    57  0   0.0%   0.261 CG:3    +
   15    58  0   0.0%   0.001 GU:3    +
   80    89  0   0.0%   0.296 GC:3    +
   77    86  0   0.0%   0.228 GU:3    +
   20    57  0   0.0%   0.573 UG:3    +
   24    43  0   0.0%   0.001 UA:3    +
   26    31  0   0.0%   0.007 CG:3    +
   79    88  0   0.0%   0.243 GU:3    +
   19    48  0   0.0%   0.002 UG:3    +
   17    21  0   0.0%   0.000 CG:3    +
   16    22  0   0.0%   0.000 GU:3    +
   20    34  0   0.0%   0.040 UG:3    +
    3    74  0   0.0%   0.183 GC:3    +
   45    55  0   0.0%   0.280 GC:3    +
   15    23  0   0.0%   0.000 GC:3    +
   74    79  0   0.0%   0.171 CG:3    +
   25    32  0   0.0%   0.002 AU:3    +
   27    54  0   0.0%   0.645 UG:3    +
   38    42  0   0.0%   0.203 UG:3    +
    2    76  0   0.0%   0.167 CG:3    +
   31    37  0   0.0%   0.002 GC:3    +
   14    61  0   0.0%   0.006 UA:3    +
   30    38  0   0.0%   0.041 AU:3    +
   28    45  0   0.0%   0.143 UG:3    +
   84    88  0   0.0%   0.170 AU:3    +
   37    45  0   0.0%   0.179 CG:3    +
    4    73  0   0.0%   0.169 UG:3    +
   13    62  0   0.0%   0.004 UA:3    +
   14    57  0   0.0%   0.000 UG:3    +
   14    56  0   0.0%   0.000 UA:3    +
   13    60  0   0.0%   0.000 UA:3    +
   28    42  0   0.0%   0.002 UG:3    +
   29    54  0   0.0%   0.765 CG:3    +
   26    42  0   0.0%   0.006 CG:3    +
   15    55  0   0.0%   0.000 GC:3    +
   21    44  0   0.0%   0.052 GU:3    +
   45    52  0   0.0%   0.310 GU:3    +
   72    78  0   0.0%   0.000 AU:3    +
    4    72  0   0.0%   0.002 UA:3    +
    2     7  0   0.0%   0.000 CG:3    +
    1     8  0   0.0%   0.000 GC:3    +
   80    86  0   0.0%   0.308 GU:3    +
    3    75  0   0.0%   0.017 GC:3    +
   12    61  0   0.0%   0.000 UA:3    +
   20    45  0   0.0%   0.040 UG:3    +
   44    56  0   0.0%   0.802 UA:3    +
   22    43  0   0.0%   0.000 UA:3    +
   44    53  0   0.0%   0.225 UA:3    +
   19    46  0   0.0%   0.002 UA:3    +
   46    51  0   0.0%   0.129 AU:3    +
    3    86  0   0.0%   0.012 GU:3    +
   23    42  0   0.0%   0.001 CG:3    +
   23    34  0   0.0%   0.001 CG:3    +
    1    86  0   0.0%   0.179 GU:3    +
   31    55  0   0.0%   0.286 GC:3    +
   32    54  0   0.0%   0.494 UG:3    +
   48    52  0   0.0%   0.535 GU:3    +
   21    36  0   0.0%   0.052 GC:3    +
   47    57  0   0.0%   0.143 CG:3    +
    3    85  0   0.0%   0.013 GC:3    +
   46    58  0   0.0%   0.092 AU:3    +
   13    57  0   0.0%   0.000 UG:3    +
    4    84  0   0.0%   0.002 UA:3    +
    5    71  0   0.0%   0.012 GC:3    +
   26    34  0   0.0%   0.006 CG:3    +
   18    30  0   0.0%   0.000 UA:3    +
   45    59  0   0.0%   0.108 GU:3    +
   27    56  0   0.0%   1.014 UA:3    +
   71    79  0   0.0%   0.012 CG:3    +
   28    54  0   0.0%   0.597 UG:3    +
   26    57  0   0.0%   0.124 CG:3    +
   25    35  0   0.0%   0.002 AU:3    +
   31    36  0   0.0%   0.001 GC:3    +
   25    58  0   0.0%   0.233 AU:3    +
   32    42  0   0.0%   0.146 UG:3    +
   39    44  0   0.0%   0.105 AU:3    +
   44    60  0   0.0%   0.039 UA:3    +
    2    79  0   0.0%   0.167 CG:3    +
(((((((.((((((((((..(.(((.....((((((.....))))))....)))))))))))))).))))).))((((.....))))..
