3 sequence; length of alignment 34
alifold output
    5    17  0  96.3%   0.121 CG:3   
    6    16  0  95.7%   0.140 AU:3   
    4    18  0  94.5%   0.173 UA:3   
    7    15  0  92.3%   0.230 AU:3   
    3    19  0  81.2%   0.521 GU:3   
   23    32  0  66.4%   1.493 GC:3   
   22    33  0  66.4%   1.650 CG:3   
   21    34  0  64.8%   1.353 GC:3   
   24    31  0  53.1%   1.543 UG:3   
   22    31  0  29.9%   1.295 CG:3    +
   21    32  0  29.9%   1.238 GC:3    +
   20    33  0  26.9%   1.328 CG:3    +
   23    30  0  17.3%   1.021 GU:3    +
    8    13  0  15.7%   0.919 GC:3    +
   25    31  0   8.7%   1.541 CG:3    +
    3    20  0   5.1%   0.635 GC:3    +
   25    29  0   2.9%   0.495 CG:3    +
   22    29  0   2.8%   0.327 CG:3    +
   21    30  0   2.8%   0.352 GU:3    +
   20    31  0   2.6%   0.456 CG:3    +
   24    29  0   1.7%   0.324 UG:3    +
    2     8  0   0.9%   0.126 CG:3    +
    2    21  0   0.9%   0.179 CG:3    +
    1     9  0   0.8%   0.113 UA:3    +
   13    17  0   0.3%   0.386 CG:3    +
   12    18  0   0.3%   0.117 UA:3    +
   11    19  0   0.2%   0.216 AU:3    +
    2    17  0   0.2%   0.078 CG:3    +
    3    16  0   0.2%   0.034 GU:3    +
    1    18  0   0.2%   0.069 UA:3    +
   20    29  0   0.1%   0.186 CG:3    +
   22    27  0   0.1%   0.026 CG:3    +
   17    32  0   0.1%   0.084 GC:3    +
    8    20  0   0.1%   0.507 GC:3    +
    7    16  0   0.1%   0.145 AU:3    +
    8    15  0   0.1%   0.426 GU:3    +
    9    19  0   0.1%   0.224 AU:3    +
    7    12  0   0.1%   0.013 AU:3    +
   27    32  0   0.1%   0.662 GC:3    +
    1    21  0   0.0%   0.059 UG:3    +
    6    15  0   0.0%   0.010 AU:3    +
   20    28  0   0.0%   0.171 CG:3    +
   16    33  0   0.0%   0.075 UG:3    +
    3    32  0   0.0%   0.344 GC:3    +
    2    33  0   0.0%   0.107 CG:3    +
    8    12  0   0.0%   0.055 GU:3    +
   22    28  0   0.0%   0.024 CG:3    +
    9    15  0   0.0%   0.127 AU:3    +
   24    28  0   0.0%   0.021 UG:3    +
    8    25  0   0.0%   0.354 GC:3    +
   19    29  0   0.0%   0.199 UG:3    +
   26    33  0   0.0%   0.645 UG:3    +
   18    30  0   0.0%   0.091 AU:3    +
    9    24  0   0.0%   0.052 AU:3    +
    4    31  0   0.0%   0.064 UG:3    +
    7    26  0   0.0%   0.090 AU:3    +
    3    22  0   0.0%   0.339 GC:3    +
    2    23  0   0.0%   0.101 CG:3    +
   17    25  0   0.0%   0.072 GC:3    +
   17    34  0   0.0%   0.077 GC:3    +
   18    24  0   0.0%   0.087 AU:3    +
   10    15  0   0.0%   0.090 AU:3    +
   19    23  0   0.0%   0.195 UG:3    +
   11    16  0   0.0%   0.066 AU:3    +
    8    16  0   0.0%   0.401 GU:3    +
    4    21  0   0.0%   0.103 UG:3    +
    9    16  0   0.0%   0.103 AU:3    +
   20    27  0   0.0%   0.161 CG:3    +
   23    34  0   0.0%   0.867 GC:3    +
    3    13  0   0.0%   0.004 GC:3    +
   24    33  0   0.0%   1.046 UG:3    +
   13    28  0   0.0%   0.313 CG:3    +
   12    29  0   0.0%   0.028 UG:3    +
   14    30  0   0.0%   0.006 AU:3    +
   15    29  0   0.0%   0.092 UG:3    +
   13    31  0   0.0%   0.315 CG:3    +
   11    30  0   0.0%   0.019 AU:3    +
    8    22  0   0.0%   0.351 GC:3    +
    5    28  0   0.0%   0.041 CG:3    +
   16    28  0   0.0%   0.068 UG:3    +
    4    11  0   0.0%   0.002 UA:3    +
   10    16  0   0.0%   0.064 AU:3    +
    5    27  0   0.0%   0.039 CG:3    +
    3    12  0   0.0%   0.002 GU:3    +
   11    15  0   0.0%   0.089 AU:3    +
   21    26  0   0.0%   0.051 GU:3    +
   26    31  0   0.0%   1.015 UG:3    +
   19    33  0   0.0%   0.199 UG:3    +
   13    27  0   0.0%   0.310 CG:3    +
    4    29  0   0.0%   0.059 UG:3    +
    6    26  0   0.0%   0.047 AU:3    +
    5    29  0   0.0%   0.040 CG:3    +
   14    26  0   0.0%   0.005 AU:3    +
    4    14  0   0.0%   0.002 UA:3    +
   18    26  0   0.0%   0.086 AU:3    +
    2    27  0   0.0%   0.098 CG:3    +
    2    31  0   0.0%   0.099 CG:3    +
   12    28  0   0.0%   0.026 UG:3    +
    3    30  0   0.0%   0.337 GU:3    +
    2    28  0   0.0%   0.098 CG:3    +
    1    23  0   0.0%   0.053 UG:3    +
    4    28  0   0.0%   0.058 UG:3    +
   17    22  0   0.0%   0.068 GC:3    +
    8    32  0   0.0%   0.354 GC:3    +
    3    15  0   0.0%   0.003 GU:3    +
   27    34  0   0.0%   0.299 GC:3    +
   16    23  0   0.0%   0.065 UG:3    +
    5    31  0   0.0%   0.042 CG:3    +
    1    28  0   0.0%   0.053 UG:3    +
    6    30  0   0.0%   0.047 AU:3    +
    1    10  0   0.0%   0.039 UA:3    +
   19    28  0   0.0%   0.194 UG:3    +
   13    21  0   0.0%   0.353 CG:3    +
    3    26  0   0.0%   0.336 GU:3    +
    6    12  0   0.0%   0.001 AU:3    +
   10    19  0   0.0%   0.177 AU:3    +
    1    29  0   0.0%   0.053 UG:3    +
   28    34  0   0.0%   0.297 GC:3    +
   15    27  0   0.0%   0.089 UG:3    +
    3    34  0   0.0%   0.339 GC:3    +
   12    21  0   0.0%   0.069 UG:3    +
   25    33  0   0.0%   0.953 CG:3    +
    7    19  0   0.0%   0.253 AU:3    +
    6    19  0   0.0%   0.215 AU:3    +
   14    19  0   0.0%   0.188 AU:3    +
   28    32  0   0.0%   0.658 GC:3    +
   13    23  0   0.0%   0.310 CG:3    +
    3    25  0   0.0%   0.335 GC:3    +
    1     8  0   0.0%   0.000 UG:3    +
    2    29  0   0.0%   0.098 CG:3    +
    4    33  0   0.0%   0.063 UG:3    +
    5    23  0   0.0%   0.039 CG:3    +
   13    29  0   0.0%   0.312 CG:3    +
    4     9  0   0.0%   0.038 UA:3    +
   15    33  0   0.0%   0.091 UG:3    +
   21    25  0   0.0%   0.050 GC:3    +
    4    10  0   0.0%   0.001 UA:3    +
    1     6  0   0.0%   0.000 UA:3    +
    1     7  0   0.0%   0.000 UA:3    +
   12    17  0   0.0%   0.057 UG:3    +
    1    14  0   0.0%   0.038 UA:3    +
    8    34  0   0.0%   0.350 GC:3    +
   29    34  0   0.0%   0.569 GC:3    +
   10    30  0   0.0%   0.004 AU:3    +
    4    17  0   0.0%   0.014 UG:3    +
    7    24  0   0.0%   0.083 AU:3    +
    4     8  0   0.0%   0.042 UG:3    +
   19    31  0   0.0%   0.195 UG:3    +
    5    21  0   0.0%   0.082 CG:3    +
    1    33  0   0.0%   0.053 UG:3    +
    4    27  0   0.0%   0.057 UG:3    +
   10    26  0   0.0%   0.006 AU:3    +
   12    23  0   0.0%   0.026 UG:3    +
   15    21  0   0.0%   0.133 UG:3    +
    8    19  0   0.0%   0.511 GU:3    +
    1    11  0   0.0%   0.038 UA:3    +
   13    33  0   0.0%   0.313 CG:3    +
    1    17  0   0.0%   0.038 UG:3    +
   16    27  0   0.0%   0.064 UG:3    +
   12    33  0   0.0%   0.028 UG:3    +
    1    27  0   0.0%   0.052 UG:3    +
    6    24  0   0.0%   0.046 AU:3    +
   11    24  0   0.0%   0.018 AU:3    +
   10    24  0   0.0%   0.005 AU:3    +
    9    30  0   0.0%   0.049 AU:3    +
    1    31  0   0.0%   0.053 UG:3    +
   15    28  0   0.0%   0.090 UG:3    +
    8    26  0   0.0%   0.353 GU:3    +
..(((((.......))))).((((......))))
