3 sequence; length of alignment 34
alifold output
   10    24  0  74.4%   0.843 CG:3   
   11    23  0  74.3%   0.767 CG:3   
    9    25  0  73.8%   0.999 GC:3   
   14    20  0  49.7%   1.203 GC:3   
   15    19  0  37.7%   1.317 AU:3   
    8    27  0  23.3%   1.304 GC:3    +
    8    32  0  17.3%   1.746 GC:3    +
    9    31  0  16.9%   1.422 GC:3    +
    7    33  0  16.7%   1.237 AU:3    +
   17    25  0  15.6%   1.520 GC:3    +
   18    24  0  15.2%   1.391 UG:3    +
   16    26  0  15.1%   1.047 UA:3    +
    6    34  0  11.6%   1.028 AU:3    +
   13    29  0   9.3%   1.187 CG:3    +
    4    32  0   8.7%   0.990 GC:3    +
    3    33  0   8.6%   0.731 AU:3    +
   19    23  0   8.2%   1.435 UG:3    +
    5    29  0   7.4%   0.833 CG:3    +
    2    34  0   6.0%   0.518 AU:3    +
   23    32  0   4.2%   1.367 GC:3    +
   24    31  0   4.1%   1.443 GC:3    +
   14    27  0   3.9%   1.104 GC:3    +
    4    25  0   3.7%   0.490 GC:3    +
    5    24  0   3.6%   0.491 CG:3    +
   22    33  0   3.6%   0.890 AU:3    +
    8    20  0   3.5%   0.484 GC:3    +
    7    21  0   3.4%   0.354 AU:3    +
    5    17  0   3.2%   0.343 CG:3    +
    4    18  0   3.1%   0.338 GU:3    +
    6    16  0   2.9%   0.312 AU:3    +
    9    19  0   2.7%   0.469 GU:3    +
   12    21  0   2.7%   0.554 AU:3    +
   11    17  0   2.7%   0.445 CG:3    +
    4    31  0   2.6%   0.543 GC:3    +
   11    29  0   2.5%   0.869 CG:3    +
    8    13  0   2.3%   0.291 GC:3    +
    3    19  0   2.2%   0.254 AU:3    +
   10    29  0   1.9%   0.708 CG:3    +
   12    16  0   1.8%   0.322 AU:3    +
   10    17  0   1.0%   0.262 CG:3    +
   13    17  0   0.9%   0.488 CG:3    +
   12    18  0   0.8%   0.335 AU:3    +
    9    18  0   0.6%   0.250 GU:3    +
    1     8  0   0.6%   0.088 CG:3    +
   17    27  0   0.6%   1.144 GC:3    +
   16    28  0   0.5%   0.560 UA:3    +
   18    26  0   0.5%   0.841 UA:3    +
    9    13  0   0.5%   0.181 GC:3    +
   20    29  0   0.5%   1.166 CG:3    +
    8    21  0   0.5%   0.444 GU:3    +
    9    20  0   0.5%   0.368 GC:3    +
   21    28  0   0.4%   0.370 UA:3    +
   19    30  0   0.4%   0.861 UA:3    +
   25    29  0   0.3%   1.315 CG:3    +
   14    21  0   0.2%   0.650 GU:3    +
    4    10  0   0.2%   0.042 GC:3    +
    5     9  0   0.2%   0.042 CG:3    +
    8    19  0   0.2%   0.246 GU:3    +
   14    19  0   0.2%   0.240 GU:3    +
   20    24  0   0.1%   1.153 CG:3    +
    2    33  0   0.1%   0.028 AU:3    +
    8    25  0   0.1%   0.415 GC:3    +
   15    21  0   0.1%   0.648 AU:3    +
    4    27  0   0.1%   0.268 GC:3    +
   16    22  0   0.1%   0.195 UA:3    +
    1    29  0   0.1%   0.046 CG:3    +
   17    32  0   0.1%   1.151 GC:3    +
    5    23  0   0.1%   0.138 CG:3    +
   12    19  0   0.1%   0.322 AU:3    +
   16    23  0   0.1%   0.427 UG:3    +
    4    20  0   0.1%   0.135 GC:3    +
    3    21  0   0.1%   0.099 AU:3    +
   17    21  0   0.1%   0.570 GU:3    +
   17    31  0   0.0%   1.025 GC:3    +
    8    33  0   0.0%   1.457 GU:3    +
    9    32  0   0.0%   1.249 GC:3    +
    8    31  0   0.0%   0.724 GC:3    +
   13    23  0   0.0%   0.392 CG:3    +
   14    25  0   0.0%   0.738 GC:3    +
   19    24  0   0.0%   1.426 UG:3    +
    7    34  0   0.0%   0.845 AU:3    +
   18    30  0   0.0%   0.508 UA:3    +
    7    18  0   0.0%   0.116 AU:3    +
    6    19  0   0.0%   0.196 AU:3    +
    2    21  0   0.0%   0.008 AU:3    +
    3    34  0   0.0%   0.475 AU:3    +
    4    33  0   0.0%   0.790 GU:3    +
   18    23  0   0.0%   0.426 UG:3    +
    9    16  0   0.0%   0.152 GU:3    +
   16    24  0   0.0%   0.537 UG:3    +
   28    33  0   0.0%   0.704 AU:3    +
    7    16  0   0.0%   0.109 AU:3    +
   23    27  0   0.0%   0.948 GC:3    +
   13    24  0   0.0%   0.505 CG:3    +
   28    34  0   0.0%   0.484 AU:3    +
    1    23  0   0.0%   0.035 CG:3    +
   10    14  0   0.0%   0.020 CG:3    +
   18    22  0   0.0%   0.193 UA:3    +
    5    14  0   0.0%   0.018 CG:3    +
   29    33  0   0.0%   1.284 GU:3    +
    2    19  0   0.0%   0.004 AU:3    +
   15    33  0   0.0%   0.903 AU:3    +
   14    18  0   0.0%   0.190 GU:3    +
    3    18  0   0.0%   0.003 AU:3    +
   10    23  0   0.0%   0.070 CG:3    +
    6    33  0   0.0%   0.332 AU:3    +
    6    21  0   0.0%   0.115 AU:3    +
   29    34  0   0.0%   1.064 GU:3    +
   14    34  0   0.0%   0.933 GU:3    +
   26    33  0   0.0%   0.962 AU:3    +
    4    13  0   0.0%   0.018 GC:3    +
   23    31  0   0.0%   0.850 GC:3    +
   24    32  0   0.0%   1.434 GC:3    +
   22    34  0   0.0%   0.553 AU:3    +
   23    33  0   0.0%   1.225 GU:3    +
    4    34  0   0.0%   0.739 GU:3    +
   19    29  0   0.0%   1.379 UG:3    +
   11    24  0   0.0%   0.661 CG:3    +
    4    11  0   0.0%   0.016 GC:3    +
    1    17  0   0.0%   0.032 CG:3    +
    2    16  0   0.0%   0.002 AU:3    +
    9    27  0   0.0%   0.769 GC:3    +
    1    14  0   0.0%   0.031 CG:3    +
   14    31  0   0.0%   0.907 GC:3    +
   30    34  0   0.0%   0.455 AU:3    +
   26    34  0   0.0%   0.741 AU:3    +
   14    32  0   0.0%   1.027 GC:3    +
   19    26  0   0.0%   1.104 UA:3    +
   15    34  0   0.0%   0.802 AU:3    +
    8    16  0   0.0%   0.223 GU:3    +
    4    19  0   0.0%   0.209 GU:3    +
    3    16  0   0.0%   0.001 AU:3    +
    8    18  0   0.0%   0.227 GU:3    +
    7    19  0   0.0%   0.092 AU:3    +
    1     9  0   0.0%   0.030 CG:3    +
    8    34  0   0.0%   1.353 GU:3    +
    1    24  0   0.0%   0.032 CG:3    +
    6    18  0   0.0%   0.212 AU:3    +
    4    21  0   0.0%   0.133 GU:3    +
    9    21  0   0.0%   0.345 GU:3    +
    9    33  0   0.0%   1.251 GU:3    +
   16    30  0   0.0%   0.504 UA:3    +
   19    28  0   0.0%   0.818 UA:3    +
   21    26  0   0.0%   0.583 UA:3    +
    2    18  0   0.0%   0.001 AU:3    +
    4    16  0   0.0%   0.017 GU:3    +
   17    34  0   0.0%   1.047 GU:3    +
   21    30  0   0.0%   0.319 UA:3    +
   24    33  0   0.0%   1.421 GU:3    +
   12    33  0   0.0%   0.737 AU:3    +
   18    28  0   0.0%   0.529 UA:3    +
   18    29  0   0.0%   1.087 UG:3    +
   23    34  0   0.0%   1.004 GU:3    +
   21    29  0   0.0%   0.907 UG:3    +
   14    33  0   0.0%   1.031 GU:3    +
   17    33  0   0.0%   1.148 GU:3    +
   12    34  0   0.0%   0.636 AU:3    +
    9    34  0   0.0%   1.150 GU:3    +
........(((..((...))..))).........
