3 sequence; length of alignment 34
alifold output
    5    18  0  61.6%   0.936 GC:3   
    4    19  0  61.6%   0.953 GC:3   
    6    17  0  60.5%   0.996 UG:3   
    3    20  0  58.7%   0.991 CG:3   
    7    16  0  56.6%   1.068 UA:3   
   11    20  0  34.8%   1.453 CG:3    +
    5    27  0  34.4%   1.489 GC:3    +
    4    28  0  34.3%   1.500 GU:3    +
   10    21  0  33.9%   1.161 AU:3    +
    3    29  0  33.4%   1.516 CG:3    +
    6    26  0  32.1%   1.501 UA:3    +
   12    19  0  29.0%   1.564 GC:3    +
    9    22  0  28.6%   1.292 AU:3    +
   13    17  0   8.7%   0.985 CG:3    +
    8    24  0   6.1%   0.678 AU:3    +
   23    32  0   5.5%   0.703 AU:3    +
   22    33  0   5.4%   0.981 UA:3    +
   24    31  0   4.8%   0.931 UG:3    +
   12    18  0   4.6%   0.772 GC:3    +
    2    31  0   3.7%   0.459 CG:3    +
    9    14  0   3.2%   0.440 AU:3    +
   21    34  0   2.9%   0.806 UA:3    +
    7    23  0   2.0%   0.641 UA:3    +
    8    14  0   1.9%   0.259 AU:3    +
   13    31  0   1.8%   0.633 CG:3    +
   14    30  0   1.8%   0.530 UA:3    +
   16    28  0   1.8%   0.970 AU:3    +
   17    27  0   1.8%   1.129 GC:3    +
   12    32  0   1.6%   0.772 GU:3    +
    8    22  0   1.6%   0.271 AU:3    +
    1    30  0   1.6%   0.207 UA:3    +
   25    29  0   1.3%   0.732 CG:3    +
    2    29  0   1.3%   0.183 CG:3    +
    7    15  0   1.3%   0.204 UG:3    +
   24    30  0   1.2%   0.550 UA:3    +
   22    29  0   1.0%   1.005 UG:3    +
    9    21  0   0.9%   0.238 AU:3    +
    6    16  0   0.9%   0.166 UA:3    +
   21    30  0   0.9%   0.702 UA:3    +
   23    28  0   0.8%   0.672 AU:3    +
    5    13  0   0.7%   0.111 GC:3    +
    4    14  0   0.7%   0.126 GU:3    +
    3    15  0   0.7%   0.118 CG:3    +
   20    25  0   0.7%   0.847 GC:3    +
    6    12  0   0.7%   0.117 UG:3    +
   27    31  0   0.6%   0.958 CG:3    +
   26    32  0   0.5%   0.711 AU:3    +
    5    24  0   0.5%   0.414 GU:3    +
    4    25  0   0.5%   0.432 GC:3    +
    1    31  0   0.4%   0.146 UG:3    +
    6    23  0   0.4%   0.459 UA:3    +
   25    31  0   0.4%   0.576 CG:3    +
    4    11  0   0.4%   0.062 GC:3    +
    4    27  0   0.3%   0.434 GC:3    +
   13    20  0   0.2%   0.979 CG:3    +
   12    21  0   0.2%   1.000 GU:3    +
   21    33  0   0.2%   0.540 UA:3    +
   10    14  0   0.2%   0.265 AU:3    +
    1    33  0   0.2%   0.140 UA:3    +
   20    27  0   0.2%   1.233 GC:3    +
    3    12  0   0.2%   0.038 CG:3    +
   21    26  0   0.2%   0.839 UA:3    +
   15    25  0   0.2%   0.164 GC:3    +
   16    24  0   0.2%   0.598 AU:3    +
   14    26  0   0.1%   0.633 UA:3    +
    5    25  0   0.1%   0.409 GC:3    +
    1    23  0   0.1%   0.023 UA:3    +
    7    26  0   0.1%   0.839 UA:3    +
   18    31  0   0.1%   0.681 CG:3    +
    2    20  0   0.1%   0.023 CG:3    +
   11    15  0   0.1%   0.134 CG:3    +
   17    32  0   0.1%   0.684 GU:3    +
   19    29  0   0.1%   1.104 CG:3    +
    5    11  0   0.1%   0.035 GC:3    +
   10    22  0   0.1%   0.821 AU:3    +
    6    10  0   0.1%   0.012 UA:3    +
   11    29  0   0.1%   0.836 CG:3    +
   12    28  0   0.0%   0.943 GU:3    +
    2    17  0   0.0%   0.014 CG:3    +
   22    30  0   0.0%   0.666 UA:3    +
   20    28  0   0.0%   1.203 GU:3    +
    1    16  0   0.0%   0.008 UA:3    +
   28    34  0   0.0%   0.602 UA:3    +
   24    33  0   0.0%   0.602 UA:3    +
    2    15  0   0.0%   0.007 CG:3    +
   21    31  0   0.0%   0.714 UG:3    +
    9    24  0   0.0%   0.713 AU:3    +
    7    33  0   0.0%   0.484 UA:3    +
   21    29  0   0.0%   0.878 UG:3    +
    8    32  0   0.0%   0.319 AU:3    +
   28    33  0   0.0%   0.681 UA:3    +
   22    31  0   0.0%   0.715 UG:3    +
   20    24  0   0.0%   0.915 GU:3    +
   11    31  0   0.0%   0.555 CG:3    +
   11    17  0   0.0%   0.345 CG:3    +
   10    32  0   0.0%   0.397 AU:3    +
    4    18  0   0.0%   0.061 GC:3    +
   15    22  0   0.0%   0.530 GU:3    +
   16    21  0   0.0%   0.794 AU:3    +
   14    23  0   0.0%   0.344 UA:3    +
    6    34  0   0.0%   0.776 UA:3    +
   18    29  0   0.0%   0.874 CG:3    +
   24    34  0   0.0%   0.519 UA:3    +
   12    27  0   0.0%   0.951 GC:3    +
    7    17  0   0.0%   0.690 UG:3    +
    7    29  0   0.0%   0.889 UG:3    +
    8    28  0   0.0%   0.681 AU:3    +
    6    30  0   0.0%   0.839 UA:3    +
    4    13  0   0.0%   0.023 GC:3    +
    7    12  0   0.0%   0.049 UG:3    +
    3    31  0   0.0%   0.874 CG:3    +
   12    25  0   0.0%   0.597 GC:3    +
   13    29  0   0.0%   0.694 CG:3    +
    4    32  0   0.0%   0.768 GU:3    +
   22    26  0   0.0%   0.823 UA:3    +
    1    17  0   0.0%   0.005 UG:3    +
   22    34  0   0.0%   0.744 UA:3    +
   19    31  0   0.0%   0.892 CG:3    +
   24    29  0   0.0%   0.696 UG:3    +
   15    19  0   0.0%   0.757 GC:3    +
    1    34  0   0.0%   0.114 UA:3    +
    6    15  0   0.0%   0.075 UG:3    +
    1    26  0   0.0%   0.011 UA:3    +
   16    32  0   0.0%   0.524 AU:3    +
   10    24  0   0.0%   0.588 AU:3    +
    1    29  0   0.0%   0.011 UG:3    +
   14    20  0   0.0%   0.935 UG:3    +
    1    20  0   0.0%   0.004 UG:3    +
   20    32  0   0.0%   0.829 GU:3    +
   17    25  0   0.0%   0.567 GC:3    +
    8    21  0   0.0%   0.075 AU:3    +
   15    32  0   0.0%   0.181 GU:3    +
   14    33  0   0.0%   0.333 UA:3    +
    6    33  0   0.0%   0.786 UA:3    +
   16    22  0   0.0%   0.797 AU:3    +
   17    22  0   0.0%   0.953 GU:3    +
   12    22  0   0.0%   0.990 GU:3    +
   15    27  0   0.0%   0.496 GC:3    +
    1     8  0   0.0%   0.000 UA:3    +
   17    21  0   0.0%   0.948 GU:3    +
    2    12  0   0.0%   0.000 CG:3    +
    9    32  0   0.0%   0.515 AU:3    +
    1    10  0   0.0%   0.000 UA:3    +
   10    28  0   0.0%   0.757 AU:3    +
   17    24  0   0.0%   0.733 GU:3    +
    5    28  0   0.0%   1.104 GU:3    +
    7    30  0   0.0%   0.530 UA:3    +
    1     9  0   0.0%   0.000 UA:3    +
    1    15  0   0.0%   0.000 UG:3    +
   12    24  0   0.0%   0.761 GU:3    +
    7    34  0   0.0%   0.467 UA:3    +
    6    31  0   0.0%   0.919 UG:3    +
    1     5  0   0.0%   0.000 UG:3    +
    5    32  0   0.0%   0.738 GU:3    +
    3    17  0   0.0%   0.051 CG:3    +
   17    28  0   0.0%   1.042 GU:3    +
..(((((........)))))..............
