3 sequence; length of alignment 34
alifold output
   25    31  0  87.0%   0.491 CG:3   
   24    32  0  86.1%   0.452 UA:3   
   23    33  0  81.9%   0.551 AU:3   
   26    30  0  76.2%   0.838 GC:3   
    5    19  0  72.6%   0.761 GC:3   
    4    20  0  70.7%   0.794 UA:3   
    3    21  0  65.0%   0.910 AU:3   
    8    17  0  63.6%   1.102 CG:3   
    7    18  0  62.9%   1.365 CG:3   
   22    34  0  53.4%   1.062 AU:3   
   10    19  0  21.8%   1.274 GC:3    +
   11    18  0  21.7%   1.549 CG:3    +
    9    20  0  18.0%   1.244 UA:3    +
   12    17  0  17.4%   1.446 UG:3    +
    6    18  0  11.7%   0.758 UG:3    +
    7    17  0  10.7%   0.716 CG:3    +
   19    26  0   2.3%   0.901 CG:3    +
   18    27  0   2.3%   1.206 GU:3    +
   17    28  0   2.3%   1.126 GC:3    +
    5    25  0   1.7%   0.584 GC:3    +
    4    26  0   1.6%   0.551 UG:3    +
    3    27  0   1.5%   0.529 AU:3    +
    5    21  0   1.5%   0.773 GU:3    +
    6    20  0   1.4%   0.683 UA:3    +
    5    13  0   1.4%   0.182 GC:3    +
    4    14  0   1.4%   0.177 UA:3    +
    3    15  0   1.3%   0.174 AU:3    +
    2    16  0   1.1%   0.152 AU:3    +
    4    22  0   1.0%   0.443 UA:3    +
   16    29  0   0.7%   0.215 UG:3    +
   10    15  0   0.7%   0.165 GU:3    +
    6    23  0   0.7%   0.420 UA:3    +
   10    30  0   0.6%   0.470 GC:3    +
   11    29  0   0.5%   0.438 CG:3    +
   13    17  0   0.4%   0.958 CG:3    +
    5    24  0   0.3%   0.415 GU:3    +
    9    31  0   0.3%   0.390 UG:3    +
   13    31  0   0.3%   0.165 CG:3    +
   12    32  0   0.3%   0.363 UA:3    +
   19    29  0   0.2%   0.766 CG:3    +
   18    30  0   0.2%   1.040 GC:3    +
    6    32  0   0.2%   0.391 UA:3    +
    7    31  0   0.2%   0.569 CG:3    +
    5    33  0   0.2%   0.484 GU:3    +
    2    21  0   0.1%   0.081 AU:3    +
    9    14  0   0.1%   0.088 UA:3    +
   10    16  0   0.1%   0.112 GU:3    +
   11    17  0   0.1%   0.549 CG:3    +
   15    32  0   0.1%   0.143 UA:3    +
   20    27  0   0.1%   0.783 AU:3    +
   16    31  0   0.1%   0.166 UG:3    +
   21    26  0   0.1%   0.532 UG:3    +
   16    32  0   0.1%   0.154 UA:3    +
    8    29  0   0.1%   0.309 CG:3    +
   14    33  0   0.1%   0.099 AU:3    +
   17    30  0   0.1%   0.994 GC:3    +
    5    11  0   0.1%   0.012 GC:3    +
    6    10  0   0.0%   0.011 UG:3    +
   22    33  0   0.0%   0.079 AU:3    +
   15    23  0   0.0%   0.138 UA:3    +
   16    22  0   0.0%   0.116 UA:3    +
    5    30  0   0.0%   0.456 GC:3    +
   14    24  0   0.0%   0.100 AU:3    +
    6    29  0   0.0%   0.361 UG:3    +
   23    34  0   0.0%   0.549 AU:3    +
    4    23  0   0.0%   0.358 UA:3    +
    3    24  0   0.0%   0.348 AU:3    +
   17    25  0   0.0%   0.938 GC:3    +
    9    17  0   0.0%   0.544 UG:3    +
   17    21  0   0.0%   1.218 GU:3    +
   15    29  0   0.0%   0.142 UG:3    +
    8    18  0   0.0%   0.837 CG:3    +
   16    26  0   0.0%   0.142 UG:3    +
   13    26  0   0.0%   0.157 CG:3    +
    5    28  0   0.0%   0.451 GC:3    +
   11    26  0   0.0%   0.415 CG:3    +
    6    22  0   0.0%   0.368 UA:3    +
    8    31  0   0.0%   0.314 CG:3    +
   18    24  0   0.0%   0.908 GU:3    +
    2    24  0   0.0%   0.066 AU:3    +
    1    21  0   0.0%   0.005 AU:3    +
   10    27  0   0.0%   0.446 GU:3    +
   26    33  0   0.0%   0.563 GU:3    +
   27    32  0   0.0%   0.329 UA:3    +
    4    31  0   0.0%   0.424 UG:3    +
    7    26  0   0.0%   0.601 CG:3    +
    2    27  0   0.0%   0.066 AU:3    +
    9    29  0   0.0%   0.334 UG:3    +
   10    28  0   0.0%   0.385 GC:3    +
    3    33  0   0.0%   0.407 AU:3    +
   18    28  0   0.0%   1.059 GC:3    +
    4    29  0   0.0%   0.422 UG:3    +
    8    26  0   0.0%   0.360 CG:3    +
    2    34  0   0.0%   0.067 AU:3    +
    4    32  0   0.0%   0.424 UA:3    +
   16    23  0   0.0%   0.103 UA:3    +
   12    18  0   0.0%   1.183 UG:3    +
   20    24  0   0.0%   0.643 AU:3    +
    2    33  0   0.0%   0.065 AU:3    +
    2     9  0   0.0%   0.002 AU:3    +
   10    34  0   0.0%   0.412 GU:3    +
    1    24  0   0.0%   0.003 AU:3    +
    1    34  0   0.0%   0.004 AU:3    +
   11    31  0   0.0%   0.405 CG:3    +
   14    34  0   0.0%   0.080 AU:3    +
   14    27  0   0.0%   0.138 AU:3    +
   25    29  0   0.0%   0.163 CG:3    +
   10    33  0   0.0%   0.423 GU:3    +
   12    26  0   0.0%   0.376 UG:3    +
    1    16  0   0.0%   0.001 AU:3    +
   20    34  0   0.0%   0.623 AU:3    +
   15    26  0   0.0%   0.170 UG:3    +
    3     9  0   0.0%   0.001 AU:3    +
   13    29  0   0.0%   0.121 CG:3    +
    2    15  0   0.0%   0.001 AU:3    +
   22    27  0   0.0%   0.210 AU:3    +
    2     6  0   0.0%   0.001 AU:3    +
    1     6  0   0.0%   0.001 AU:3    +
    7    29  0   0.0%   0.537 CG:3    +
    9    22  0   0.0%   0.370 UA:3    +
   26    34  0   0.0%   0.717 GU:3    +
   12    31  0   0.0%   0.339 UG:3    +
    9    32  0   0.0%   0.354 UA:3    +
   17    24  0   0.0%   0.886 GU:3    +
    1    27  0   0.0%   0.003 AU:3    +
   13    18  0   0.0%   0.958 CG:3    +
   24    29  0   0.0%   0.118 UG:3    +
   24    31  0   0.0%   0.083 UG:3    +
   15    31  0   0.0%   0.149 UG:3    +
   29    34  0   0.0%   0.431 GU:3    +
    3    34  0   0.0%   0.406 AU:3    +
   18    25  0   0.0%   0.952 GC:3    +
   15    22  0   0.0%   0.141 UA:3    +
   23    27  0   0.0%   0.198 AU:3    +
   27    31  0   0.0%   0.334 UG:3    +
    1     9  0   0.0%   0.001 AU:3    +
   29    33  0   0.0%   0.277 GU:3    +
    3    12  0   0.0%   0.001 AU:3    +
    6    14  0   0.0%   0.063 UA:3    +
    3    16  0   0.0%   0.109 AU:3    +
   14    21  0   0.0%   0.422 AU:3    +
    5    15  0   0.0%   0.122 GU:3    +
   15    20  0   0.0%   0.707 UA:3    +
   20    33  0   0.0%   0.638 AU:3    +
    9    18  0   0.0%   0.558 UG:3    +
    5     9  0   0.0%   0.001 GU:3    +
    5    34  0   0.0%   0.463 GU:3    +
    6    26  0   0.0%   0.418 UG:3    +
   21    32  0   0.0%   0.399 UA:3    +
    6    17  0   0.0%   0.004 UG:3    +
    5    12  0   0.0%   0.004 GU:3    +
    9    26  0   0.0%   0.390 UG:3    +
   10    25  0   0.0%   0.448 GC:3    +
    4    10  0   0.0%   0.000 UG:3    +
    9    23  0   0.0%   0.358 UA:3    +
   21    29  0   0.0%   0.450 UG:3    +
   19    31  0   0.0%   0.719 CG:3    +
   12    29  0   0.0%   0.344 UG:3    +
    1    33  0   0.0%   0.003 AU:3    +
   10    21  0   0.0%   0.731 GU:3    +
    6    31  0   0.0%   0.355 UG:3    +
    5    16  0   0.0%   0.114 GU:3    +
    5    27  0   0.0%   0.509 GU:3    +
    2    12  0   0.0%   0.001 AU:3    +
    1    15  0   0.0%   0.000 AU:3    +
   12    20  0   0.0%   0.919 UA:3    +
   12    23  0   0.0%   0.341 UA:3    +
   17    27  0   0.0%   0.929 GU:3    +
..(((.((........)))))(((((...)))))
