3 sequence; length of alignment 34
alifold output
   18    25  0  94.7%   0.240 CG:3   
   17    26  0  94.4%   0.247 GC:3   
   19    24  0  85.8%   0.408 UA:3   
   13    30  0  65.8%   1.257 GU:3   
   14    29  0  64.8%   0.943 AU:3   
   12    31  0  63.5%   1.172 UA:3   
   11    32  0  48.1%   1.353 UA:3   
    3    13  0  14.5%   0.845 CG:3    +
    4    12  0  14.5%   0.845 AU:3    +
    5    11  0  13.7%   0.820 AU:3    +
    6    10  0  10.8%   0.722 UA:3    +
    2    15  0   6.1%   0.530 GC:3    +
    8    13  0   2.4%   0.582 CG:3    +
    7    14  0   2.2%   0.274 UA:3    +
    2    18  0   1.7%   0.398 GC:3    +
    3    17  0   1.7%   0.491 CG:3    +
   10    34  0   1.5%   0.519 AU:3    +
   11    33  0   1.4%   0.892 UG:3    +
   12    32  0   1.1%   1.102 UA:3    +
    9    34  0   1.1%   0.186 AU:3    +
    8    33  0   0.6%   0.238 CG:3    +
   18    33  0   0.5%   0.340 CG:3    +
   13    28  0   0.4%   0.476 GC:3    +
   19    32  0   0.4%   0.632 UA:3    +
   17    34  0   0.4%   0.355 GU:3    +
    3    33  0   0.4%   0.429 CG:3    +
    2    34  0   0.3%   0.331 GU:3    +
    6    33  0   0.2%   0.328 UG:3    +
    5    34  0   0.2%   0.340 AU:3    +
    6    14  0   0.2%   0.281 UA:3    +
   23    30  0   0.2%   0.347 AU:3    +
    2     8  0   0.2%   0.039 GC:3    +
    3    25  0   0.2%   0.386 CG:3    +
    2    26  0   0.2%   0.295 GC:3    +
   22    31  0   0.2%   0.344 UA:3    +
    7    13  0   0.2%   0.320 UG:3    +
   21    30  0   0.2%   0.341 AU:3    +
   26    33  0   0.2%   0.261 CG:3    +
   24    29  0   0.2%   0.459 AU:3    +
   25    34  0   0.1%   0.266 GU:3    +
   12    20  0   0.1%   0.317 UA:3    +
   11    21  0   0.1%   0.301 UA:3    +
    5    12  0   0.1%   0.579 AU:3    +
    7    32  0   0.1%   0.122 UA:3    +
   10    22  0   0.1%   0.264 AU:3    +
   13    19  0   0.1%   0.411 GU:3    +
   20    30  0   0.1%   0.317 AU:3    +
   21    29  0   0.1%   0.318 AU:3    +
   28    33  0   0.1%   0.225 CG:3    +
   17    27  0   0.1%   0.150 GC:3    +
   27    33  0   0.1%   0.202 CG:3    +
   14    30  0   0.1%   0.671 AU:3    +
   19    31  0   0.1%   0.453 UA:3    +
    1    13  0   0.1%   0.014 CG:3    +
   13    27  0   0.1%   0.412 GC:3    +
   16    29  0   0.1%   0.301 AU:3    +
   11    31  0   0.1%   0.298 UA:3    +
   15    33  0   0.1%   0.316 CG:3    +
   19    23  0   0.0%   0.021 UA:3    +
   14    34  0   0.0%   0.538 AU:3    +
    2    12  0   0.0%   0.024 GU:3    +
    7    33  0   0.0%   0.154 UG:3    +
    1    33  0   0.0%   0.013 CG:3    +
   16    30  0   0.0%   0.298 AU:3    +
    6    16  0   0.0%   0.261 UA:3    +
   17    28  0   0.0%   0.164 GC:3    +
    6    21  0   0.0%   0.262 UA:3    +
   13    18  0   0.0%   0.462 GC:3    +
    5    22  0   0.0%   0.285 AU:3    +
    4    11  0   0.0%   0.005 AU:3    +
    6    13  0   0.0%   0.530 UG:3    +
    1    17  0   0.0%   0.009 CG:3    +
   10    30  0   0.0%   0.255 AU:3    +
   12    33  0   0.0%   0.776 UG:3    +
   13    29  0   0.0%   0.432 GU:3    +
    7    20  0   0.0%   0.100 UA:3    +
    2     7  0   0.0%   0.005 GU:3    +
    9    30  0   0.0%   0.004 AU:3    +
   10    29  0   0.0%   0.252 AU:3    +
    8    17  0   0.0%   0.177 CG:3    +
    6    32  0   0.0%   0.263 UA:3    +
    2    28  0   0.0%   0.274 GC:3    +
   12    23  0   0.0%   0.303 UA:3    +
   13    22  0   0.0%   0.408 GU:3    +
    7    31  0   0.0%   0.100 UA:3    +
    2    27  0   0.0%   0.273 GC:3    +
    7    16  0   0.0%   0.099 UA:3    +
    7    23  0   0.0%   0.099 UA:3    +
   11    24  0   0.0%   0.286 UA:3    +
    2     6  0   0.0%   0.002 GU:3    +
   15    25  0   0.0%   0.185 CG:3    +
    6    24  0   0.0%   0.261 UA:3    +
    2    11  0   0.0%   0.016 GU:3    +
   11    16  0   0.0%   0.279 UA:3    +
   24    30  0   0.0%   0.461 AU:3    +
   12    16  0   0.0%   0.295 UA:3    +
   20    29  0   0.0%   0.299 AU:3    +
   12    21  0   0.0%   0.310 UA:3    +
   23    29  0   0.0%   0.302 AU:3    +
   29    33  0   0.0%   0.493 UG:3    +
   19    25  0   0.0%   0.209 UG:3    +
   16    34  0   0.0%   0.160 AU:3    +
   16    22  0   0.0%   0.014 AU:3    +
   11    17  0   0.0%   0.348 UG:3    +
   25    29  0   0.0%   0.372 GU:3    +
   22    33  0   0.0%   0.186 UG:3    +
   12    17  0   0.0%   0.365 UG:3    +
    7    21  0   0.0%   0.099 UA:3    +
    4    34  0   0.0%   0.302 AU:3    +
   21    34  0   0.0%   0.200 AU:3    +
    4    30  0   0.0%   0.282 AU:3    +
   11    20  0   0.0%   0.278 UA:3    +
    9    19  0   0.0%   0.001 AU:3    +
   13    26  0   0.0%   0.410 GC:3    +
    5    29  0   0.0%   0.282 AU:3    +
   12    24  0   0.0%   0.303 UA:3    +
   10    19  0   0.0%   0.241 AU:3    +
   25    30  0   0.0%   0.383 GU:3    +
    6    23  0   0.0%   0.260 UA:3    +
    7    24  0   0.0%   0.099 UA:3    +
    8    25  0   0.0%   0.117 CG:3    +
   14    19  0   0.0%   0.104 AU:3    +
    6    17  0   0.0%   0.329 UG:3    +
   11    25  0   0.0%   0.297 UG:3    +
    1    25  0   0.0%   0.006 CG:3    +
    6    31  0   0.0%   0.260 UA:3    +
    5    30  0   0.0%   0.283 AU:3    +
   17    22  0   0.0%   0.083 GU:3    +
   17    29  0   0.0%   0.424 GU:3    +
   22    32  0   0.0%   0.457 UA:3    +
   13    34  0   0.0%   0.848 GU:3    +
    9    22  0   0.0%   0.002 AU:3    +
    6    20  0   0.0%   0.258 UA:3    +
    9    29  0   0.0%   0.001 AU:3    +
   24    34  0   0.0%   0.317 AU:3    +
    6    25  0   0.0%   0.272 UG:3    +
    7    25  0   0.0%   0.111 UG:3    +
    2    30  0   0.0%   0.272 GU:3    +
    2    19  0   0.0%   0.259 GU:3    +
   19    33  0   0.0%   0.337 UG:3    +
   14    22  0   0.0%   0.106 AU:3    +
    2    29  0   0.0%   0.272 GU:3    +
    4    19  0   0.0%   0.282 AU:3    +
    4    22  0   0.0%   0.282 AU:3    +
    4    29  0   0.0%   0.282 AU:3    +
   11    23  0   0.0%   0.284 UA:3    +
   17    30  0   0.0%   0.421 GU:3    +
    5    19  0   0.0%   0.280 AU:3    +
   20    34  0   0.0%   0.190 AU:3    +
   12    25  0   0.0%   0.313 UG:3    +
   23    34  0   0.0%   0.191 AU:3    +
    7    17  0   0.0%   0.167 UG:3    +
..........((((..(((....)))..))))..
