3 sequence; length of alignment 112
alifold output
   44    82  0 100.0%   0.000 CG:3   
   45    81  0 100.0%   0.000 CG:3   
   58    69  0 100.0%   0.002 GC:3   
   51    76  0 100.0%   0.001 CG:3   
   43    83  0  99.9%   0.002 AU:3   
   57    70  0  99.9%   0.003 GC:3   
   46    80  0  99.9%   0.003 UA:3   
   47    79  0  99.9%   0.004 UA:3   
   48    78  0  99.9%   0.004 GC:3   
   35    93  0  99.8%   0.009 GC:3   
   36    92  0  99.8%   0.009 CG:3   
   34    94  0  99.7%   0.011 AU:3   
   59    68  0  99.7%   0.016 UA:3   
   37    91  0  99.7%   0.014 GU:3   
   52    75  0  99.6%   0.015 AU:3   
   50    77  0  99.3%   0.020 UA:3   
   42    84  0  99.3%   0.021 GC:3   
   38    90  0  99.3%   0.024 CG:3   
   33    95  0  98.7%   0.043 UA:3   
   53    74  0  96.9%   0.098 AU:3   
   60    67  0  96.4%   0.123 UA:3   
   29   100  0  92.4%   0.457 CG:3   
   30    99  0  92.3%   0.451 CG:3   
   28   101  0  91.9%   0.468 UA:3   
   56    71  0  90.3%   0.277 UG:3   
   26   104  0  89.3%   0.588 GC:3   
   25   105  0  88.9%   0.563 CG:3   
   54    73  0  85.2%   0.413 GU:3   
   32    96  0  84.5%   0.433 GU:3   
   27   102  0  84.0%   0.682 UG:3   
   61    66  0  80.6%   0.539 UA:3   
    2    13  0  77.7%   0.617 CG:3   
    3    12  0  77.6%   0.601 GC:3   
    1    14  0  72.2%   0.710 GU:3   
   19   110  0  71.4%   1.081 CG:3   
   18   111  0  69.8%   1.046 UG:3   
   17   112  0  68.1%   1.260 CG:3   
   20   109  0  66.7%   1.173 UA:3   
   41    86  0  32.4%   1.378 AU:3    +
   40    87  0  29.1%   1.360 AU:3    +
   19   111  0  16.9%   1.672 CG:3    +
   20   110  0  16.7%   1.753 UG:3    +
   40    86  0  14.7%   0.847 AU:3    +
   21   109  0  14.0%   1.301 UA:3    +
   32    97  0  11.8%   0.908 GC:3    +
   16   103  0   6.5%   0.683 AU:3    +
   17   102  0   6.5%   0.644 CG:3    +
   15   104  0   6.5%   0.696 GC:3    +
   18   101  0   6.3%   0.529 UA:3    +
   19   100  0   6.1%   0.530 CG:3    +
   41    87  0   5.7%   1.217 AU:3    +
   20    99  0   5.6%   0.501 UG:3    +
   18   112  0   5.5%   1.338 UG:3    +
    5   109  0   4.9%   0.574 UA:3    +
    6   108  0   4.9%   0.628 GC:3    +
    7   107  0   4.7%   0.590 GU:3    +
   14   105  0   4.6%   0.787 UG:3    +
    4   110  0   4.6%   0.538 UG:3    +
    8   106  0   4.5%   0.489 AU:3    +
    2   112  0   4.0%   0.656 CG:3    +
    4    16  0   2.7%   0.302 UA:3    +
    3    17  0   2.7%   0.501 GC:3    +
    5    15  0   2.6%   0.320 UG:3    +
    6    14  0   1.8%   0.504 GU:3    +
   99   108  0   1.3%   0.651 GC:3    +
   98   109  0   1.3%   0.959 UA:3    +
   97   110  0   1.3%   1.197 CG:3    +
  100   107  0   1.3%   0.642 GU:3    +
  101   106  0   1.2%   0.621 AU:3    +
    7    29  0   1.2%   0.264 GC:3    +
    6    30  0   1.2%   0.292 GC:3    +
    8    28  0   1.2%   0.174 AU:3    +
    9    27  0   1.1%   0.171 AU:3    +
    7    12  0   1.0%   0.411 GC:3    +
    9   106  0   0.9%   0.335 AU:3    +
    8   107  0   0.8%   0.473 AU:3    +
   20   111  0   0.8%   1.505 UG:3    +
   21   110  0   0.8%   1.116 UG:3    +
   19   112  0   0.8%   1.409 CG:3    +
   17   111  0   0.8%   0.460 CG:3    +
   56    72  0   0.7%   0.201 UA:3    +
    7   108  0   0.7%   0.555 GC:3    +
   10    26  0   0.7%   0.123 UG:3    +
    6    12  0   0.6%   0.311 GC:3    +
   10   105  0   0.6%   0.145 UG:3    +
   22   109  0   0.5%   0.849 UA:3    +
   15   108  0   0.5%   0.605 GC:3    +
   14   109  0   0.5%   0.698 UA:3    +
   12   111  0   0.5%   0.417 CG:3    +
   13    25  0   0.5%   0.319 GC:3    +
    2     7  0   0.5%   0.082 CG:3    +
   55    73  0   0.5%   0.221 GU:3    +
   16   107  0   0.5%   0.588 AU:3    +
   12    26  0   0.4%   0.392 CG:3    +
   26   103  0   0.4%   0.326 GU:3    +
    2   111  0   0.3%   0.305 CG:3    +
    5    13  0   0.3%   0.261 UG:3    +
    7    11  0   0.3%   0.082 GU:3    +
   15    23  0   0.3%   0.184 GU:3    +
   16    22  0   0.3%   0.178 AU:3    +
   54    74  0   0.3%   0.216 GU:3    +
   18   110  0   0.2%   0.386 UG:3    +
   96   111  0   0.2%   0.877 UG:3    +
   11   112  0   0.2%   0.196 UG:3    +
   24   105  0   0.2%   0.242 UG:3    +
    2    15  0   0.2%   0.255 CG:3    +
   15    25  0   0.2%   0.214 GC:3    +
   42    86  0   0.2%   0.684 GU:3    +
   29    99  0   0.1%   0.249 CG:3    +
   16    24  0   0.1%   0.172 AU:3    +
   61    65  0   0.1%   0.029 UA:3    +
   60    66  0   0.1%   0.028 UA:3    +
   89    98  0   0.1%   0.030 AU:3    +
   90    97  0   0.1%   0.297 GC:3    +
   88    99  0   0.1%   0.280 CG:3    +
   30   110  0   0.1%   0.910 CG:3    +
   29   111  0   0.1%   0.850 CG:3    +
   31   109  0   0.1%   0.799 UA:3    +
   53    75  0   0.1%   0.064 AU:3    +
   32   108  0   0.1%   0.640 GC:3    +
   15    22  0   0.1%   0.150 GU:3    +
   36   105  0   0.1%   0.333 CG:3    +
   35   106  0   0.1%   0.221 GU:3    +
   87   100  0   0.1%   0.798 UG:3    +
    1    19  0   0.1%   0.267 GC:3    +
   37   104  0   0.1%   0.313 GC:3    +
   39    90  0   0.1%   0.031 CG:3    +
   34   107  0   0.1%   0.238 AU:3    +
   16    21  0   0.1%   0.138 AU:3    +
   17   110  0   0.1%   0.458 CG:3    +
   86   101  0   0.1%   0.933 UA:3    +
   15    21  0   0.1%   0.133 GU:3    +
    4     9  0   0.1%   0.021 UA:3    +
   18   109  0   0.1%   0.382 UA:3    +
   13   106  0   0.1%   0.459 GU:3    +
    7    19  0   0.1%   0.119 GC:3    +
    8    18  0   0.1%   0.022 AU:3    +
    5     9  0   0.1%   0.025 UA:3    +
    6    20  0   0.1%   0.140 GU:3    +
    6    10  0   0.1%   0.025 GU:3    +
    3    25  0   0.1%   0.323 GC:3    +
    2    26  0   0.1%   0.252 CG:3    +
   22   110  0   0.1%   0.824 UG:3    +
   23   109  0   0.1%   0.807 UA:3    +
    3    14  0   0.1%   0.455 GU:3    +
   16    20  0   0.1%   0.127 AU:3    +
   12   105  0   0.1%   0.352 CG:3    +
   59    67  0   0.1%   0.016 UA:3    +
    3    10  0   0.1%   0.015 GU:3    +
   61    67  0   0.1%   0.239 UA:3    +
    1    27  0   0.1%   0.266 GU:3    +
   21   111  0   0.1%   1.026 UG:3    +
    6    11  0   0.1%   0.022 GU:3    +
   39   102  0   0.1%   0.353 CG:3    +
   17    26  0   0.1%   0.186 CG:3    +
    1    12  0   0.1%   0.013 GC:3    +
   16    27  0   0.1%   0.209 AU:3    +
   53    73  0   0.0%   0.011 AU:3    +
    2    32  0   0.0%   0.252 CG:3    +
   14    26  0   0.0%   0.394 UG:3    +
    7    24  0   0.0%   0.110 GU:3    +
    8    23  0   0.0%   0.021 AU:3    +
   26    97  0   0.0%   0.087 GC:3    +
   28   112  0   0.0%   0.753 UG:3    +
    6    25  0   0.0%   0.145 GC:3    +
    9    22  0   0.0%   0.028 AU:3    +
    4   109  0   0.0%   0.121 UA:3    +
   15    24  0   0.0%   0.158 GU:3    +
   16    23  0   0.0%   0.166 AU:3    +
    4   111  0   0.0%   0.284 UG:3    +
    5   110  0   0.0%   0.425 UG:3    +
   10    16  0   0.0%   0.120 UA:3    +
    3    36  0   0.0%   0.324 GC:3    +
    2    37  0   0.0%   0.254 CG:3    +
   13    23  0   0.0%   0.237 GU:3    +
    4    35  0   0.0%   0.118 UG:3    +
    1    38  0   0.0%   0.268 GC:3    +
   15    28  0   0.0%   0.217 GU:3    +
   60    68  0   0.0%   0.058 UA:3    +
    5    34  0   0.0%   0.131 UA:3    +
   28   100  0   0.0%   0.236 UG:3    +
    1    17  0   0.0%   0.248 GC:3    +
   38   102  0   0.0%   0.347 CG:3    +
   11    15  0   0.0%   0.136 UG:3    +
    6    17  0   0.0%   0.225 GC:3    +
    3    31  0   0.0%   0.320 GU:3    +
    1    33  0   0.0%   0.264 GU:3    +
   27   101  0   0.0%   0.241 UA:3    +
   12   110  0   0.0%   0.461 CG:3    +
   17   105  0   0.0%   0.474 CG:3    +
   13   104  0   0.0%   0.262 GC:3    +
    4    13  0   0.0%   0.211 UG:3    +
   52    74  0   0.0%   0.006 AU:3    +
   24   109  0   0.0%   0.804 UA:3    +
  104   111  0   0.0%   1.009 CG:3    +
   11   111  0   0.0%   0.056 UG:3    +
   23   110  0   0.0%   0.794 UG:3    +
   13    19  0   0.0%   0.239 GC:3    +
    7    14  0   0.0%   0.407 GU:3    +
   20   112  0   0.0%   1.393 UG:3    +
   16   106  0   0.0%   0.520 AU:3    +
    5    26  0   0.0%   0.132 UG:3    +
  104   110  0   0.0%   1.115 CG:3    +
   22   111  0   0.0%   0.757 UG:3    +
   42    88  0   0.0%   0.023 GC:3    +
    8    24  0   0.0%   0.022 AU:3    +
    7    25  0   0.0%   0.117 GC:3    +
   26    98  0   0.0%   0.085 GU:3    +
    9    23  0   0.0%   0.028 AU:3    +
   31    99  0   0.0%   0.258 UG:3    +
   32    98  0   0.0%   0.406 GU:3    +
   13    22  0   0.0%   0.230 GU:3    +
    5    16  0   0.0%   0.221 UA:3    +
    2     6  0   0.0%   0.005 CG:3    +
   25    99  0   0.0%   0.218 CG:3    +
   13   108  0   0.0%   0.450 GC:3    +
   30   100  0   0.0%   0.380 CG:3    +
    9    14  0   0.0%   0.333 AU:3    +
   21    99  0   0.0%   0.183 UG:3    +
  103   111  0   0.0%   0.914 UG:3    +
   28   102  0   0.0%   0.468 UG:3    +
   43    87  0   0.0%   0.528 AU:3    +
   13    24  0   0.0%   0.234 GU:3    +
   11   105  0   0.0%   0.061 UG:3    +
    7    17  0   0.0%   0.195 GC:3    +
   26    30  0   0.0%   0.132 GC:3    +
    3    11  0   0.0%   0.008 GU:3    +
   55    69  0   0.0%   0.003 GC:3    +
   10   112  0   0.0%   0.214 UG:3    +
   54    70  0   0.0%   0.003 GC:3    +
   56    68  0   0.0%   0.003 UA:3    +
   15    20  0   0.0%   0.120 GU:3    +
   23   105  0   0.0%   0.217 UG:3    +
   25    32  0   0.0%   0.056 CG:3    +
   25   102  0   0.0%   0.234 CG:3    +
  103   112  0   0.0%   0.813 UG:3    +
    4     8  0   0.0%   0.002 UA:3    +
    6    18  0   0.0%   0.123 GU:3    +
   15    19  0   0.0%   0.128 GC:3    +
    8    14  0   0.0%   0.319 AU:3    +
   60    65  0   0.0%   0.003 UA:3    +
    5   111  0   0.0%   0.301 UG:3    +
   21   112  0   0.0%   0.942 UG:3    +
    2   110  0   0.0%   0.250 CG:3    +
   19   105  0   0.0%   0.375 CG:3    +
    4    32  0   0.0%   0.114 UG:3    +
   19    26  0   0.0%   0.093 CG:3    +
    8    22  0   0.0%   0.012 AU:3    +
    9    21  0   0.0%   0.018 AU:3    +
   24    95  0   0.0%   0.022 UA:3    +
    7    23  0   0.0%   0.101 GU:3    +
   26    31  0   0.0%   0.081 GU:3    +
    7    21  0   0.0%   0.099 GU:3    +
    6    33  0   0.0%   0.190 GU:3    +
    6    22  0   0.0%   0.129 GU:3    +
    4    15  0   0.0%   0.022 UG:3    +
    8    20  0   0.0%   0.016 AU:3    +
   13    17  0   0.0%   0.322 GC:3    +
   12   102  0   0.0%   0.305 CG:3    +
    8    21  0   0.0%   0.011 AU:3    +
    7    22  0   0.0%   0.100 GU:3    +
    1    18  0   0.0%   0.244 GU:3    +
   10    15  0   0.0%   0.118 UG:3    +
   97   111  0   0.0%   1.032 CG:3    +
   22   105  0   0.0%   0.218 UG:3    +
    9    20  0   0.0%   0.023 AU:3    +
    6    23  0   0.0%   0.130 GU:3    +
    2   105  0   0.0%   0.249 CG:3    +
   13    30  0   0.0%   0.308 GC:3    +
   24   110  0   0.0%   0.790 UG:3    +
  101   107  0   0.0%   0.589 AU:3    +
   26    96  0   0.0%   0.078 GU:3    +
    6    24  0   0.0%   0.130 GU:3    +
    3   104  0   0.0%   0.319 GC:3    +
    1   106  0   0.0%   0.263 GU:3    +
   15   107  0   0.0%   0.522 GU:3    +
    4   112  0   0.0%   0.389 UG:3    +
   23   111  0   0.0%   0.726 UG:3    +
   19   102  0   0.0%   0.369 CG:3    +
   13    21  0   0.0%   0.223 GU:3    +
  100   108  0   0.0%   0.591 GC:3    +
   18   105  0   0.0%   0.366 UG:3    +
    8    31  0   0.0%   0.072 AU:3    +
   27    99  0   0.0%   0.225 UG:3    +
   11    16  0   0.0%   0.128 UA:3    +
   60    64  0   0.0%   0.001 UA:3    +
   11    26  0   0.0%   0.067 UG:3    +
   30   111  0   0.0%   0.836 CG:3    +
   28    99  0   0.0%   0.223 UG:3    +
   29   112  0   0.0%   0.755 CG:3    +
   29   102  0   0.0%   0.466 CG:3    +
   24   100  0   0.0%   0.192 UG:3    +
   98   110  0   0.0%   0.890 UG:3    +
   15    29  0   0.0%   0.213 GC:3    +
   59    66  0   0.0%   0.001 UA:3    +
   59    65  0   0.0%   0.001 UA:3    +
   10   102  0   0.0%   0.049 UG:3    +
   27    95  0   0.0%   0.059 UA:3    +
   23   101  0   0.0%   0.204 UA:3    +
   42    87  0   0.0%   0.541 GU:3    +
   22   102  0   0.0%   0.212 UG:3    +
    9   103  0   0.0%   0.070 AU:3    +
   58    70  0   0.0%   0.003 GC:3    +
   11   101  0   0.0%   0.026 UA:3    +
   37    88  0   0.0%   0.004 GC:3    +
   47    80  0   0.0%   0.003 UA:3    +
  102   106  0   0.0%   0.590 GU:3    +
   12   100  0   0.0%   0.303 CG:3    +
   22    99  0   0.0%   0.196 UG:3    +
   39   100  0   0.0%   0.257 CG:3    +
   20   101  0   0.0%   0.351 UA:3    +
    2    35  0   0.0%   0.245 CG:3    +
    1    36  0   0.0%   0.259 GC:3    +
  102   108  0   0.0%   0.615 GC:3    +
    1    25  0   0.0%   0.252 GC:3    +
   87   101  0   0.0%   0.795 UA:3    +
    1    30  0   0.0%   0.257 GC:3    +
   13    27  0   0.0%   0.307 GU:3    +
   37   103  0   0.0%   0.208 GU:3    +
   24   111  0   0.0%   0.723 UG:3    +
   11   109  0   0.0%   0.179 UA:3    +
   85   103  0   0.0%   0.201 AU:3    +
   16    28  0   0.0%   0.204 AU:3    +
    3    29  0   0.0%   0.312 GC:3    +
   86   102  0   0.0%   1.001 UG:3    +
   26    36  0   0.0%   0.080 GC:3    +
    6    19  0   0.0%   0.130 GC:3    +
   27    35  0   0.0%   0.061 UG:3    +
   22   112  0   0.0%   0.673 UG:3    +
   21    26  0   0.0%   0.091 UG:3    +
    9    18  0   0.0%   0.022 AU:3    +
    3    28  0   0.0%   0.312 GU:3    +
   25    37  0   0.0%   0.053 CG:3    +
   13    20  0   0.0%   0.228 GU:3    +
   26   108  0   0.0%   0.417 GC:3    +
   19    99  0   0.0%   0.019 CG:3    +
   13    18  0   0.0%   0.226 GU:3    +
    1     5  0   0.0%   0.000 GU:3    +
   24    99  0   0.0%   0.184 UG:3    +
   55    74  0   0.0%   0.076 GU:3    +
   10   110  0   0.0%   0.226 UG:3    +
   25   110  0   0.0%   0.911 CG:3    +
    5    32  0   0.0%   0.128 UG:3    +
   31    89  0   0.0%   0.004 UA:3    +
   32    88  0   0.0%   0.006 GC:3    +
    7    18  0   0.0%   0.092 GU:3    +
   23    99  0   0.0%   0.193 UG:3    +
   26    93  0   0.0%   0.077 GC:3    +
   30    90  0   0.0%   0.055 CG:3    +
   27    92  0   0.0%   0.058 UG:3    +
   28    34  0   0.0%   0.060 UA:3    +
   23   102  0   0.0%   0.210 UG:3    +
   10   109  0   0.0%   0.232 UA:3    +
    9    28  0   0.0%   0.123 AU:3    +
   25   100  0   0.0%   0.222 CG:3    +
   11   110  0   0.0%   0.172 UG:3    +
    1    10  0   0.0%   0.001 GU:3    +
    3    33  0   0.0%   0.317 GU:3    +
   24   101  0   0.0%   0.195 UA:3    +
    7   106  0   0.0%   0.159 GU:3    +
   50    76  0   0.0%   0.000 UG:3    +
   88   100  0   0.0%   0.268 CG:3    +
   21   102  0   0.0%   0.198 UG:3    +
   43    86  0   0.0%   0.658 AU:3    +
   23    95  0   0.0%   0.029 UA:3    +
   25   111  0   0.0%   0.844 CG:3    +
   96   112  0   0.0%   0.764 UG:3    +
   61    68  0   0.0%   0.195 UA:3    +
   13   107  0   0.0%   0.448 GU:3    +
    3    19  0   0.0%   0.313 GC:3    +
   22    26  0   0.0%   0.106 UG:3    +
   21   100  0   0.0%   0.189 UG:3    +
    2    92  0   0.0%   0.248 CG:3    +
    1    93  0   0.0%   0.262 GC:3    +
  104   112  0   0.0%   0.904 CG:3    +
   21   105  0   0.0%   0.203 UG:3    +
    6    31  0   0.0%   0.188 GU:3    +
   10   111  0   0.0%   0.104 UG:3    +
    5    89  0   0.0%   0.126 UA:3    +
   12   112  0   0.0%   0.481 CG:3    +
    6    88  0   0.0%   0.186 GC:3    +
   23   112  0   0.0%   0.643 UG:3    +
    7    30  0   0.0%   0.211 GC:3    +
    3    91  0   0.0%   0.318 GU:3    +
    9   107  0   0.0%   0.295 AU:3    +
  106   111  0   0.0%   0.966 UG:3    +
  107   111  0   0.0%   0.987 UG:3    +
   20   105  0   0.0%   0.361 UG:3    +
   31    95  0   0.0%   0.005 UA:3    +
    7    87  0   0.0%   0.158 GU:3    +
    4    90  0   0.0%   0.112 UG:3    +
   20    26  0   0.0%   0.088 UG:3    +
   23    32  0   0.0%   0.034 UG:3    +
   26   106  0   0.0%   0.396 GU:3    +
   42    83  0   0.0%   0.000 GU:3    +
    8    86  0   0.0%   0.068 AU:3    +
   27    32  0   0.0%   0.063 UG:3    +
   13    29  0   0.0%   0.307 GC:3    +
   15   103  0   0.0%   0.159 GU:3    +
    1   108  0   0.0%   0.263 GC:3    +
   38    92  0   0.0%   0.012 CG:3    +
   37    93  0   0.0%   0.009 GC:3    +
    7   104  0   0.0%   0.158 GC:3    +
   24   102  0   0.0%   0.201 UG:3    +
  108   112  0   0.0%   0.888 CG:3    +
   22    95  0   0.0%   0.032 UA:3    +
    3   108  0   0.0%   0.318 GC:3    +
    8    27  0   0.0%   0.020 AU:3    +
  106   112  0   0.0%   0.863 UG:3    +
   15    97  0   0.0%   0.159 GC:3    +
  106   110  0   0.0%   1.075 UG:3    +
    8   103  0   0.0%   0.069 AU:3    +
    5   112  0   0.0%   0.408 UG:3    +
    3    30  0   0.0%   0.312 GC:3    +
   36    90  0   0.0%   0.004 CG:3    +
   24   112  0   0.0%   0.640 UG:3    +
   27   109  0   0.0%   0.975 UA:3    +
   31   101  0   0.0%   0.260 UA:3    +
   30   102  0   0.0%   0.459 CG:3    +
    1    20  0   0.0%   0.251 GU:3    +
   93   112  0   0.0%   0.611 CG:3    +
    1    11  0   0.0%   0.000 GU:3    +
   34    96  0   0.0%   0.148 AU:3    +
   91    95  0   0.0%   0.018 UA:3    +
   20   102  0   0.0%   0.356 UG:3    +
   31   110  0   0.0%   0.778 UG:3    +
   14   112  0   0.0%   0.634 UG:3    +
   17    32  0   0.0%   0.112 CG:3    +
   57    69  0   0.0%   0.001 GC:3    +
    6   107  0   0.0%   0.186 GU:3    +
    1    39  0   0.0%   0.262 GC:3    +
    1    31  0   0.0%   0.256 GU:3    +
    7    28  0   0.0%   0.105 GU:3    +
    6    29  0   0.0%   0.133 GC:3    +
   38   100  0   0.0%   0.258 CG:3    +
   28    95  0   0.0%   0.058 UA:3    +
   14   110  0   0.0%   0.639 UG:3    +
   13    36  0   0.0%   0.257 GC:3    +
   39    99  0   0.0%   0.259 CG:3    +
    3    18  0   0.0%   0.306 GU:3    +
    3    23  0   0.0%   0.305 GU:3    +
   14    35  0   0.0%   0.325 UG:3    +
   16    96  0   0.0%   0.148 AU:3    +
   16    33  0   0.0%   0.151 AU:3    +
   12    37  0   0.0%   0.306 CG:3    +
   22   101  0   0.0%   0.206 UA:3    +
    6    21  0   0.0%   0.128 GU:3    +
   54    75  0   0.0%   0.165 GU:3    +
   31   111  0   0.0%   0.711 UG:3    +
   94   111  0   0.0%   0.699 UG:3    +
   18   100  0   0.0%   0.008 UG:3    +
   22    40  0   0.0%   0.032 UA:3    +
   20   100  0   0.0%   0.347 UG:3    +
   35    91  0   0.0%   0.004 GU:3    +
  107   112  0   0.0%   0.884 UG:3    +
   14    37  0   0.0%   0.324 UG:3    +
   15    36  0   0.0%   0.162 GC:3    +
   13    38  0   0.0%   0.257 GC:3    +
   99   104  0   0.0%   0.550 GC:3    +
   14   102  0   0.0%   0.322 UG:3    +
    2   102  0   0.0%   0.248 CG:3    +
    3    22  0   0.0%   0.305 GU:3    +
   12    32  0   0.0%   0.307 CG:3    +
   21    41  0   0.0%   0.017 UA:3    +
   34   106  0   0.0%   0.197 AU:3    +
   40    98  0   0.0%   0.645 AU:3    +
   13    31  0   0.0%   0.257 GU:3    +
   30   112  0   0.0%   0.748 CG:3    +
   19    32  0   0.0%   0.023 CG:3    +
    4   102  0   0.0%   0.112 UG:3    +
   32    94  0   0.0%   0.006 GU:3    +
    9    24  0   0.0%   0.026 AU:3    +
   26   107  0   0.0%   0.415 GU:3    +
   17    35  0   0.0%   0.111 CG:3    +
   39   110  0   0.0%   0.776 CG:3    +
    1    29  0   0.0%   0.256 GC:3    +
    6   104  0   0.0%   0.187 GC:3    +
   18    34  0   0.0%   0.011 UA:3    +
  102   107  0   0.0%   0.610 GU:3    +
   23   100  0   0.0%   0.200 UG:3    +
   15    30  0   0.0%   0.212 GC:3    +
   21    95  0   0.0%   0.017 UA:3    +
   18    26  0   0.0%   0.082 UG:3    +
   32    93  0   0.0%   0.006 GC:3    +
   46    79  0   0.0%   0.000 UA:3    +
    1   103  0   0.0%   0.262 GU:3    +
   38   111  0   0.0%   0.709 CG:3    +
   27   100  0   0.0%   0.230 UG:3    +
   33    92  0   0.0%   0.004 UG:3    +
   27   105  0   0.0%   0.510 UG:3    +
   59    64  0   0.0%   0.000 UA:3    +
   85    91  0   0.0%   0.003 AU:3    +
   34    91  0   0.0%   0.003 AU:3    +
   22    32  0   0.0%   0.036 UG:3    +
   50    72  0   0.0%   0.000 UA:3    +
    3    24  0   0.0%   0.305 GU:3    +
   86    90  0   0.0%   0.672 UG:3    +
   18   102  0   0.0%   0.361 UG:3    +
   98   105  0   0.0%   0.323 UG:3    +
   51    71  0   0.0%   0.000 CG:3    +
   49    73  0   0.0%   0.000 AU:3    +
   21   101  0   0.0%   0.192 UA:3    +
   15   106  0   0.0%   0.526 GU:3    +
    5   105  0   0.0%   0.126 UG:3    +
   55    70  0   0.0%   0.002 GC:3    +
   21    32  0   0.0%   0.021 UG:3    +
   13   103  0   0.0%   0.254 GU:3    +
   39   111  0   0.0%   0.709 CG:3    +
   92    96  0   0.0%   0.145 GU:3    +
    5   101  0   0.0%   0.126 UA:3    +
   34    87  0   0.0%   0.003 AU:3    +
    7    20  0   0.0%   0.104 GU:3    +
(((........)))..((((....((((((.(((((((...(((((((.(((((.((((((....)))))).)))))))))))).....)))))))..)))).))...))))
