3 sequence; length of alignment 34
alifold output
   11    23  0  73.7%   1.017 CG:3   
   10    24  0  73.6%   0.906 GC:3   
   12    22  0  73.4%   0.789 CG:3   
    3    27  0  61.5%   0.897 AU:3   
    4    26  0  61.5%   0.898 AU:3   
    2    28  0  61.4%   0.923 GC:3   
    5    25  0  60.6%   0.924 GC:3   
   14    20  0  37.9%   1.421 GC:3   
    8    25  0  15.1%   1.383 GC:3    +
   13    20  0  14.7%   0.896 GC:3    +
    5    28  0  14.0%   1.457 GC:3    +
    6    27  0  13.6%   1.151 AU:3    +
   15    30  0  11.6%   1.334 GC:3    +
   14    31  0  11.5%   1.579 GU:3    +
   16    29  0  11.5%   1.084 UA:3    +
   13    32  0  11.3%   1.659 GC:3    +
   17    28  0  10.3%   1.632 GC:3    +
   12    33  0   8.8%   1.172 CG:3    +
   15    24  0   6.5%   1.038 GC:3    +
   14    25  0   6.5%   1.512 GC:3    +
   16    23  0   6.4%   1.048 UG:3    +
    9    33  0   6.1%   0.781 CG:3    +
    8    34  0   6.0%   1.122 GC:3    +
   13    26  0   5.9%   1.151 GU:3    +
   10    32  0   5.8%   1.176 GC:3    +
    9    17  0   4.9%   0.472 CG:3    +
    8    18  0   4.9%   0.454 GC:3    +
   10    16  0   4.9%   0.452 GU:3    +
   11    15  0   4.8%   0.454 CG:3    +
    2    32  0   4.4%   0.765 GC:3    +
    3    31  0   4.2%   0.719 AU:3    +
   10    34  0   3.8%   1.182 GC:3    +
   19    26  0   3.0%   0.873 AU:3    +
   18    23  0   3.0%   1.067 CG:3    +
   17    24  0   2.6%   0.930 GC:3    +
    7    23  0   2.4%   0.359 CG:3    +
   11    33  0   1.9%   0.885 CG:3    +
    7    22  0   1.9%   0.244 CG:3    +
   15    20  0   1.7%   1.039 GC:3    +
    8    32  0   1.2%   0.872 GC:3    +
    7    33  0   1.2%   0.339 CG:3    +
    8    24  0   1.0%   0.317 GC:3    +
    9    23  0   1.0%   0.398 CG:3    +
   19    27  0   0.8%   0.884 AU:3    +
   10    30  0   0.8%   0.607 GC:3    +
   15    25  0   0.7%   1.278 GC:3    +
   14    26  0   0.6%   1.162 GU:3    +
   10    18  0   0.6%   0.390 GC:3    +
   11    17  0   0.6%   0.399 CG:3    +
   13    27  0   0.5%   1.152 GU:3    +
   11    22  0   0.5%   0.338 CG:3    +
   13    28  0   0.5%   1.185 GC:3    +
   13    18  0   0.4%   0.254 GC:3    +
    2    30  0   0.4%   0.394 GC:3    +
   14    27  0   0.4%   1.278 GU:3    +
    5    32  0   0.4%   0.830 GC:3    +
    6    31  0   0.4%   0.526 AU:3    +
   15    26  0   0.4%   1.035 GU:3    +
    8    20  0   0.4%   0.217 GC:3    +
    5    30  0   0.3%   0.689 GC:3    +
    1    31  0   0.3%   0.058 AU:3    +
   10    28  0   0.3%   1.045 GC:3    +
    8    30  0   0.3%   0.632 GC:3    +
   14    28  0   0.3%   1.298 GC:3    +
    6    26  0   0.3%   0.357 AU:3    +
   15    27  0   0.3%   1.149 GU:3    +
    8    26  0   0.3%   0.876 GU:3    +
    5    27  0   0.3%   0.664 GU:3    +
    4    31  0   0.2%   0.498 AU:3    +
   21    26  0   0.2%   0.702 AU:3    +
   14    18  0   0.2%   0.241 GC:3    +
    2     9  0   0.2%   0.041 GC:3    +
    2     7  0   0.1%   0.027 GC:3    +
    5    34  0   0.1%   0.677 GC:3    +
    8    28  0   0.1%   1.124 GC:3    +
    9    15  0   0.1%   0.040 CG:3    +
    8    16  0   0.1%   0.026 GU:3    +
   21    27  0   0.1%   0.731 AU:3    +
    7    17  0   0.1%   0.032 CG:3    +
   24    33  0   0.1%   1.080 CG:3    +
   23    34  0   0.1%   0.959 GC:3    +
   13    30  0   0.1%   0.648 GC:3    +
   22    30  0   0.1%   0.716 GC:3    +
   18    22  0   0.1%   0.563 CG:3    +
   21    31  0   0.1%   0.475 AU:3    +
   22    26  0   0.1%   1.025 GU:3    +
   13    25  0   0.0%   0.910 GC:3    +
   14    24  0   0.0%   0.666 GC:3    +
    9    22  0   0.0%   0.255 CG:3    +
    2    11  0   0.0%   0.030 GC:3    +
    5    24  0   0.0%   0.020 GC:3    +
   16    22  0   0.0%   0.498 UG:3    +
    7    15  0   0.0%   0.019 CG:3    +
    6    16  0   0.0%   0.008 AU:3    +
   14    30  0   0.0%   0.748 GC:3    +
   22    27  0   0.0%   1.054 GU:3    +
    2    31  0   0.0%   0.375 GU:3    +
    5    11  0   0.0%   0.013 GC:3    +
   13    31  0   0.0%   0.736 GU:3    +
    5    18  0   0.0%   0.012 GC:3    +
   15    28  0   0.0%   1.126 GC:3    +
    5     9  0   0.0%   0.016 GC:3    +
   23    30  0   0.0%   1.007 GC:3    +
   20    33  0   0.0%   1.260 CG:3    +
    5    12  0   0.0%   0.010 GC:3    +
   22    31  0   0.0%   0.801 GU:3    +
    9    13  0   0.0%   0.018 CG:3    +
    2    34  0   0.0%   0.493 GC:3    +
   10    20  0   0.0%   0.204 GC:3    +
    8    27  0   0.0%   1.116 GU:3    +
    8    12  0   0.0%   0.006 GC:3    +
   17    25  0   0.0%   1.092 GC:3    +
    7    13  0   0.0%   0.013 CG:3    +
   12    17  0   0.0%   0.192 CG:3    +
   10    25  0   0.0%   0.999 GC:3    +
   28    33  0   0.0%   1.404 CG:3    +
   22    28  0   0.0%   1.228 GC:3    +
    5    20  0   0.0%   0.011 GC:3    +
    4    27  0   0.0%   0.601 AU:3    +
    9    14  0   0.0%   0.017 CG:3    +
    5    26  0   0.0%   0.619 GU:3    +
   23    27  0   0.0%   1.348 GU:3    +
    2    24  0   0.0%   0.026 GC:3    +
   16    21  0   0.0%   0.159 UA:3    +
    2    25  0   0.0%   0.026 GC:3    +
   22    32  0   0.0%   0.979 GC:3    +
    1    26  0   0.0%   0.001 AU:3    +
   10    31  0   0.0%   0.658 GU:3    +
    2    12  0   0.0%   0.024 GC:3    +
   10    27  0   0.0%   0.997 GU:3    +
    2    27  0   0.0%   0.026 GU:3    +
    3    26  0   0.0%   0.002 AU:3    +
   25    33  0   0.0%   1.328 CG:3    +
    7    14  0   0.0%   0.011 CG:3    +
   23    28  0   0.0%   1.522 GC:3    +
   23    31  0   0.0%   1.091 GU:3    +
   17    27  0   0.0%   0.941 GU:3    +
    8    31  0   0.0%   0.743 GU:3    +
   17    26  0   0.0%   0.840 GU:3    +
    2    20  0   0.0%   0.024 GC:3    +
   14    32  0   0.0%   1.512 GC:3    +
   23    32  0   0.0%   1.268 GC:3    +
   18    33  0   0.0%   0.837 CG:3    +
   17    34  0   0.0%   0.821 GC:3    +
    5    31  0   0.0%   0.796 GU:3    +
   26    33  0   0.0%   1.198 UG:3    +
   12    23  0   0.0%   0.590 CG:3    +
   27    33  0   0.0%   1.227 UG:3    +
   22    34  0   0.0%   0.655 GC:3    +
    2    18  0   0.0%   0.023 GC:3    +
    2    26  0   0.0%   0.025 GU:3    +
   17    32  0   0.0%   1.143 GC:3    +
   16    33  0   0.0%   1.099 UG:3    +
   15    34  0   0.0%   1.030 GC:3    +
   10    26  0   0.0%   0.742 GU:3    +
    1    27  0   0.0%   0.001 AU:3    +
    4    16  0   0.0%   0.000 AU:3    +
   13    34  0   0.0%   1.090 GC:3    +
.((((....(((.(.....).)))))))......
