3 sequence; length of alignment 34
alifold output
   21    26  0  64.0%   1.118 CG:3   
   20    27  0  63.5%   1.057 UA:3   
   19    28  0  57.6%   1.208 AU:3   
    3    12  0  50.1%   1.039 AU:3   
    4    11  0  50.0%   1.040 AU:3   
    2    13  0  49.9%   1.045 GU:3   
    5    10  0  49.6%   1.045 CG:3   
    1    14  0  48.6%   1.054 CG:3   
    6    14  0  35.1%   1.527 CG:3    +
    5    15  0  35.1%   1.530 CG:3    +
    7    13  0  30.1%   1.445 AU:3    +
    2    17  0  27.8%   1.418 GC:3    +
    1    18  0  27.0%   1.425 CG:3    +
   21    29  0   9.8%   1.311 CG:3    +
   22    28  0   9.0%   1.376 GU:3    +
   20    30  0   8.9%   1.217 UA:3    +
   15    33  0   8.2%   1.404 GC:3    +
   23    27  0   7.7%   1.035 UA:3    +
   17    31  0   6.5%   1.334 CG:3    +
   17    29  0   6.5%   1.060 CG:3    +
   23    32  0   6.0%   1.035 UA:3    +
   22    33  0   6.0%   1.485 GC:3    +
    6    15  0   5.5%   1.231 CG:3    +
    5    16  0   5.5%   1.266 CG:3    +
   16    33  0   3.2%   0.922 GC:3    +
    8    14  0   3.1%   1.110 CG:3    +
    2    21  0   3.1%   1.026 GC:3    +
   10    33  0   3.0%   0.758 GC:3    +
   11    32  0   3.0%   0.752 UA:3    +
   12    31  0   3.0%   0.772 UG:3    +
    3    20  0   2.9%   0.660 AU:3    +
   13    30  0   2.8%   1.123 UA:3    +
    1    22  0   2.7%   1.009 CG:3    +
   18    28  0   2.3%   0.796 GU:3    +
   17    26  0   2.0%   0.704 CG:3    +
    9    13  0   2.0%   0.949 AU:3    +
    7    23  0   1.9%   0.604 AU:3    +
    6    24  0   1.9%   0.769 CG:3    +
    8    22  0   1.9%   0.447 CG:3    +
    5    14  0   1.7%   0.907 CG:3    +
   18    33  0   1.7%   1.204 GC:3    +
   15    28  0   1.5%   0.794 GU:3    +
   21    31  0   1.5%   1.141 CG:3    +
   11    19  0   1.5%   0.544 UA:3    +
   10    20  0   1.5%   0.653 GU:3    +
   12    18  0   1.4%   0.903 UG:3    +
   20    32  0   1.3%   0.964 UA:3    +
   14    33  0   1.1%   1.160 GC:3    +
   17    22  0   0.9%   0.675 CG:3    +
   16    23  0   0.9%   0.406 GU:3    +
   13    34  0   0.5%   0.998 UA:3    +
    5    26  0   0.4%   1.031 CG:3    +
   24    33  0   0.3%   0.867 GC:3    +
   17    24  0   0.3%   0.541 CG:3    +
   23    29  0   0.2%   0.815 UG:3    +
   15    21  0   0.2%   0.709 GC:3    +
   23    34  0   0.2%   0.596 UA:3    +
    5    18  0   0.2%   1.330 CG:3    +
   29    33  0   0.2%   1.211 GC:3    +
    1    15  0   0.2%   0.384 CG:3    +
   26    33  0   0.2%   1.162 GC:3    +
    7    12  0   0.2%   0.379 AU:3    +
    8    29  0   0.1%   0.238 CG:3    +
    1    29  0   0.1%   0.847 CG:3    +
   23    30  0   0.1%   0.700 UA:3    +
    9    28  0   0.1%   0.125 AU:3    +
   18    23  0   0.1%   0.591 GU:3    +
   10    17  0   0.1%   0.735 GC:3    +
   10    21  0   0.1%   0.554 GC:3    +
   12    26  0   0.1%   0.488 UG:3    +
   11    27  0   0.1%   0.448 UA:3    +
   11    16  0   0.1%   0.541 UG:3    +
   13    25  0   0.1%   0.840 UA:3    +
    8    15  0   0.1%   0.671 CG:3    +
    2    28  0   0.1%   0.837 GU:3    +
   12    25  0   0.1%   0.448 UA:3    +
   13    24  0   0.1%   0.902 UG:3    +
   16    21  0   0.1%   0.338 GC:3    +
    6    16  0   0.1%   0.714 CG:3    +
   14    21  0   0.1%   1.029 GC:3    +
   10    28  0   0.1%   0.476 GU:3    +
   14    23  0   0.1%   1.001 GU:3    +
   12    19  0   0.1%   0.499 UA:3    +
   13    18  0   0.1%   1.234 UG:3    +
   16    20  0   0.1%   0.368 GU:3    +
   15    20  0   0.1%   0.731 GU:3    +
    1    31  0   0.1%   0.844 CG:3    +
   24    28  0   0.1%   0.836 GU:3    +
   15    23  0   0.1%   0.665 GU:3    +
    6    31  0   0.1%   0.640 CG:3    +
   28    34  0   0.1%   0.777 UA:3    +
   11    26  0   0.1%   0.460 UG:3    +
    3    13  0   0.1%   0.706 AU:3    +
   13    22  0   0.0%   0.985 UG:3    +
    4    28  0   0.0%   0.373 AU:3    +
    6    10  0   0.0%   0.360 CG:3    +
    4    12  0   0.0%   0.702 AU:3    +
    5    22  0   0.0%   1.062 CG:3    +
    4    23  0   0.0%   0.360 AU:3    +
    6    29  0   0.0%   0.635 CG:3    +
    7    28  0   0.0%   0.470 AU:3    +
    2     8  0   0.0%   0.008 GC:3    +
    3    28  0   0.0%   0.469 AU:3    +
    1    26  0   0.0%   0.823 CG:3    +
   20    34  0   0.0%   0.774 UA:3    +
    1    10  0   0.0%   0.006 CG:3    +
    9    20  0   0.0%   0.188 AU:3    +
    2    33  0   0.0%   0.827 GC:3    +
   16    28  0   0.0%   0.333 GU:3    +
    6    18  0   0.0%   0.907 CG:3    +
   13    26  0   0.0%   0.861 UG:3    +
   13    31  0   0.0%   1.043 UG:3    +
    8    16  0   0.0%   0.289 CG:3    +
    8    31  0   0.0%   0.221 CG:3    +
   12    27  0   0.0%   0.452 UA:3    +
    5    31  0   0.0%   0.991 CG:3    +
    1    16  0   0.0%   0.367 CG:3    +
   13    19  0   0.0%   0.869 UA:3    +
   12    32  0   0.0%   0.657 UA:3    +
    7    20  0   0.0%   0.478 AU:3    +
   20    25  0   0.0%   0.198 UA:3    +
    8    24  0   0.0%   0.274 CG:3    +
   13    29  0   0.0%   0.843 UG:3    +
   19    23  0   0.0%   0.215 AU:3    +
    2     6  0   0.0%   0.002 GC:3    +
   23    31  0   0.0%   0.728 UG:3    +
    9    23  0   0.0%   0.163 AU:3    +
    1    24  0   0.0%   0.817 CG:3    +
   12    30  0   0.0%   0.444 UA:3    +
   14    28  0   0.0%   0.941 GU:3    +
    2    23  0   0.0%   0.815 GU:3    +
    8    18  0   0.0%   0.486 CG:3    +
   20    24  0   0.0%   0.283 UG:3    +
   11    25  0   0.0%   0.420 UA:3    +
   12    24  0   0.0%   0.504 UG:3    +
    7    11  0   0.0%   0.348 AU:3    +
   11    24  0   0.0%   0.498 UG:3    +
   11    31  0   0.0%   0.446 UG:3    +
   20    26  0   0.0%   0.303 UG:3    +
    4    20  0   0.0%   0.454 AU:3    +
    8    26  0   0.0%   0.223 CG:3    +
   20    29  0   0.0%   0.672 UG:3    +
    6    26  0   0.0%   0.643 CG:3    +
    5    29  0   0.0%   0.993 CG:3    +
    2    12  0   0.0%   0.004 GU:3    +
    3    11  0   0.0%   0.001 AU:3    +
   20    31  0   0.0%   0.984 UG:3    +
   28    32  0   0.0%   1.057 UA:3    +
   11    18  0   0.0%   0.722 UG:3    +
    5    24  0   0.0%   0.960 CG:3    +
    2    20  0   0.0%   0.707 GU:3    +
   13    32  0   0.0%   1.030 UA:3    +
   12    34  0   0.0%   0.550 UA:3    +
   12    29  0   0.0%   0.465 UG:3    +
   11    30  0   0.0%   0.433 UA:3    +
    4    13  0   0.0%   0.701 AU:3    +
    6    22  0   0.0%   0.640 CG:3    +
   13    27  0   0.0%   0.828 UA:3    +
   14    20  0   0.0%   1.062 GU:3    +
   12    16  0   0.0%   0.537 UG:3    +
    2    11  0   0.0%   0.003 GU:3    +
   11    15  0   0.0%   0.894 UG:3    +
   11    34  0   0.0%   0.539 UA:3    +
   11    29  0   0.0%   0.455 UG:3    +
    3    23  0   0.0%   0.454 AU:3    +
   10    23  0   0.0%   0.512 GU:3    +
(((((....)))))....(((....)))......
