3 sequence; length of alignment 43
alifold output
    9    41  0  47.9%   1.614 GC:3    +
    8    42  0  38.9%   1.854 UA:3    +
   10    40  0  34.0%   1.676 UA:3    +
   11    38  0  33.9%   1.740 GC:3    +
   16    34  0  33.7%   1.471 UA:3    +
   12    37  0  32.8%   1.755 AU:3    +
   12    23  0  32.4%   1.349 AU:3   
   13    22  0  32.4%   1.100 GC:3   
   11    24  0  32.4%   1.365 GC:3   
   17    33  0  32.1%   1.673 UA:3    +
   15    35  0  31.5%   1.746 AU:3    +
   20    29  0  30.9%   1.707 GC:3    +
   19    30  0  30.3%   1.589 AU:3    +
    8    26  0  27.9%   1.508 UA:3   
    7    27  0  27.7%   1.309 CG:3   
   13    36  0  26.7%   1.786 GU:3    +
   14    36  0  25.8%   2.057 GU:3    +
    9    25  0  25.7%   1.316 GU:3   
   21    29  0  23.6%   1.805 GC:3    +
   20    30  0  23.6%   2.260 GU:3    +
   14    35  0  19.1%   1.272 GU:3    +
   10    39  0  18.9%   1.204 UA:3    +
   13    37  0  18.1%   2.372 GU:3    +
   16    33  0  11.8%   0.892 UA:3    +
   22    27  0  11.6%   1.517 CG:3    +
    3    29  0  10.9%   0.961 GC:3    +
    2    30  0  10.7%   0.949 AU:3    +
   17    32  0   9.3%   0.861 UG:3    +
    1    31  0   8.8%   0.856 UG:3    +
    3    24  0   8.6%   0.658 GC:3    +
    4    23  0   8.6%   0.633 AU:3    +
    2    25  0   8.5%   0.651 AU:3    +
    7    20  0   8.5%   0.654 CG:3    +
    4    37  0   8.3%   0.861 AU:3    +
    3    38  0   8.3%   1.108 GC:3    +
    8    19  0   8.2%   0.649 UA:3    +
    5    36  0   8.2%   0.633 AU:3    +
    1    26  0   7.6%   0.604 UA:3    +
    6    35  0   7.2%   0.582 AU:3    +
   31    38  0   6.0%   1.574 GC:3    +
   30    39  0   5.0%   1.787 UA:3    +
   10    28  0   4.3%   0.507 UA:3    +
    9    29  0   4.3%   1.056 GC:3    +
   32    37  0   3.7%   1.715 GU:3    +
   14    24  0   2.9%   0.912 GC:3    +
   13    25  0   2.9%   1.258 GU:3    +
   15    23  0   2.7%   0.918 AU:3    +
    7    32  0   2.4%   0.919 CG:3    +
    8    31  0   2.2%   1.150 UG:3    +
   31    41  0   1.8%   1.166 GC:3    +
   30    42  0   1.4%   1.738 UA:3    +
   32    38  0   1.2%   1.489 GC:3    +
   11    17  0   1.1%   0.168 GU:3    +
    7    31  0   1.0%   0.952 CG:3    +
   33    37  0   0.9%   1.893 AU:3    +
   13    38  0   0.9%   1.877 GC:3    +
   10    18  0   0.9%   0.166 UA:3    +
   12    16  0   0.8%   0.161 AU:3    +
   14    37  0   0.8%   1.789 GU:3    +
   10    15  0   0.7%   0.109 UA:3    +
   27    38  0   0.7%   1.413 GC:3    +
   28    37  0   0.7%   1.222 AU:3    +
    9    16  0   0.7%   0.114 GU:3    +
    8    27  0   0.6%   1.054 UG:3    +
   15    36  0   0.6%   1.511 AU:3    +
   11    41  0   0.6%   1.236 GC:3    +
   10    42  0   0.5%   1.384 UA:3    +
    9    43  0   0.4%   1.003 GU:3    +
    3     7  0   0.4%   0.069 GC:3    +
   23    28  0   0.4%   0.919 UA:3    +
    2     8  0   0.4%   0.065 AU:3    +
   23    27  0   0.4%   1.395 UG:3    +
   13    29  0   0.3%   0.919 GC:3    +
   12    30  0   0.3%   0.742 AU:3    +
   14    38  0   0.3%   1.498 GC:3    +
   24    32  0   0.3%   1.100 CG:3    +
   25    31  0   0.3%   1.112 UG:3    +
   15    37  0   0.3%   1.510 AU:3    +
   23    33  0   0.3%   1.425 UA:3    +
    8    33  0   0.3%   0.775 UA:3    +
    6    43  0   0.3%   0.248 AU:3    +
    1     9  0   0.2%   0.046 UG:3    +
   26    30  0   0.2%   1.614 AU:3    +
    4    30  0   0.2%   0.489 AU:3    +
   32    41  0   0.2%   1.038 GC:3    +
   10    32  0   0.2%   0.369 UG:3    +
   13    24  0   0.2%   0.981 GC:3    +
   12    25  0   0.2%   1.001 AU:3    +
   10    26  0   0.2%   0.664 UA:3    +
   14    23  0   0.2%   0.613 GU:3    +
    9    17  0   0.2%   0.078 GU:3    +
   16    26  0   0.1%   0.679 UA:3    +
   17    31  0   0.1%   0.455 UG:3    +
   10    31  0   0.1%   0.598 UG:3    +
    9    30  0   0.1%   0.826 GU:3    +
   16    32  0   0.1%   0.236 UG:3    +
   11    16  0   0.1%   0.057 GU:3    +
    8    28  0   0.1%   0.654 UA:3    +
    1    40  0   0.1%   0.463 UA:3    +
   24    31  0   0.1%   1.083 CG:3    +
   27    41  0   0.1%   1.109 GC:3    +
   16    21  0   0.1%   0.111 UG:3    +
   17    26  0   0.1%   0.659 UA:3    +
   18    25  0   0.1%   0.739 AU:3    +
   17    21  0   0.1%   0.095 UG:3    +
    8    18  0   0.1%   0.044 UA:3    +
    7    21  0   0.1%   0.253 CG:3    +
    1    39  0   0.1%   0.453 UA:3    +
   18    30  0   0.1%   0.358 AU:3    +
    3    36  0   0.1%   0.496 GU:3    +
    8    20  0   0.1%   0.463 UG:3    +
    4    35  0   0.1%   0.243 AU:3    +
   16    27  0   0.1%   0.505 UG:3    +
   22    32  0   0.1%   0.975 CG:3    +
    8    34  0   0.1%   0.754 UA:3    +
   22    31  0   0.1%   0.995 CG:3    +
    1    33  0   0.1%   0.445 UA:3    +
   23    32  0   0.1%   1.085 UG:3    +
   13    35  0   0.1%   0.717 GU:3    +
   19    35  0   0.1%   1.468 AU:3    +
    2    37  0   0.1%   0.484 AU:3    +
    9    38  0   0.1%   0.770 GC:3    +
    5    43  0   0.1%   0.230 AU:3    +
    4    36  0   0.0%   0.247 AU:3    +
    8    40  0   0.0%   0.765 UA:3    +
    8    39  0   0.0%   0.760 UA:3    +
   12    36  0   0.0%   0.665 AU:3    +
    5    30  0   0.0%   0.265 AU:3    +
    5    35  0   0.0%   0.023 AU:3    +
   17    34  0   0.0%   1.053 UA:3    +
    1    32  0   0.0%   0.438 UG:3    +
   21    35  0   0.0%   1.263 GU:3    +
    3    37  0   0.0%   0.498 GU:3    +
   18    36  0   0.0%   1.021 AU:3    +
    6    30  0   0.0%   0.267 AU:3    +
   20    36  0   0.0%   1.891 GU:3    +
   23    31  0   0.0%   1.103 UG:3    +
   14    22  0   0.0%   0.376 GC:3    +
   11    37  0   0.0%   0.648 GU:3    +
   30    40  0   0.0%   1.546 UA:3    +
   20    24  0   0.0%   0.915 GC:3    +
   16    20  0   0.0%   0.303 UG:3    +
   20    35  0   0.0%   1.819 GU:3    +
   35    42  0   0.0%   1.360 UA:3    +
    4    43  0   0.0%   0.449 AU:3    +
   28    35  0   0.0%   1.067 AU:3    +
   27    36  0   0.0%   1.634 GU:3    +
   14    29  0   0.0%   0.521 GC:3    +
   19    25  0   0.0%   0.893 AU:3    +
   34    43  0   0.0%   0.432 AU:3    +
   19    36  0   0.0%   1.537 AU:3    +
   13    30  0   0.0%   0.794 GU:3    +
   10    27  0   0.0%   0.486 UG:3    +
    7    14  0   0.0%   0.030 CG:3    +
    8    13  0   0.0%   0.030 UG:3    +
   10    19  0   0.0%   0.288 UA:3    +
    1     6  0   0.0%   0.005 UA:3    +
   12    17  0   0.0%   0.106 AU:3    +
    9    22  0   0.0%   0.062 GC:3    +
   10    21  0   0.0%   0.090 UG:3    +
   19    37  0   0.0%   1.529 AU:3    +
    7    13  0   0.0%   0.027 CG:3    +
   28    43  0   0.0%   0.255 AU:3    +
    3    41  0   0.0%   0.698 GC:3    +
   12    35  0   0.0%   0.640 AU:3    +
    8    12  0   0.0%   0.026 UA:3    +
   11    36  0   0.0%   0.644 GU:3    +
    3    43  0   0.0%   0.699 GU:3    +
   13    23  0   0.0%   0.948 GU:3    +
   11    29  0   0.0%   0.804 GC:3    +
   18    37  0   0.0%   1.012 AU:3    +
    8    32  0   0.0%   0.819 UG:3    +
    3    35  0   0.0%   0.481 GU:3    +
    6    36  0   0.0%   0.411 AU:3    +
    8    21  0   0.0%   0.251 UG:3    +
    1    27  0   0.0%   0.216 UG:3    +
   26    37  0   0.0%   1.543 AU:3    +
   28    36  0   0.0%   1.134 AU:3    +
   21    30  0   0.0%   1.360 GU:3    +
   16    28  0   0.0%   0.249 UA:3    +
   17    27  0   0.0%   0.474 UG:3    +
    3    30  0   0.0%   0.719 GU:3    +
    2    36  0   0.0%   0.474 AU:3    +
    1     5  0   0.0%   0.002 UA:3    +
   32    36  0   0.0%   1.330 GU:3    +
   11    30  0   0.0%   0.693 GU:3    +
   11    25  0   0.0%   0.984 GU:3    +
    1    42  0   0.0%   0.451 UA:3    +
   31    37  0   0.0%   1.382 GU:3    +
   20    38  0   0.0%   1.569 GC:3    +
   27    37  0   0.0%   1.622 GU:3    +
   31    36  0   0.0%   1.360 GU:3    +
    2    35  0   0.0%   0.473 AU:3    +
    5    37  0   0.0%   0.429 AU:3    +
    2    43  0   0.0%   0.478 AU:3    +
   21    37  0   0.0%   1.317 GU:3    +
    1    34  0   0.0%   0.438 UA:3    +
    4     8  0   0.0%   0.024 AU:3    +
   16    31  0   0.0%   0.459 UG:3    +
   19    23  0   0.0%   0.895 AU:3    +
   37    42  0   0.0%   1.611 UA:3    +
    2    10  0   0.0%   0.023 AU:3    +
   35    40  0   0.0%   1.279 UA:3    +
    4    16  0   0.0%   0.002 AU:3    +
    3    17  0   0.0%   0.025 GU:3    +
   36    42  0   0.0%   1.424 UA:3    +
   13    41  0   0.0%   1.597 GC:3    +
    3     8  0   0.0%   0.046 GU:3    +
   17    39  0   0.0%   0.999 UA:3    +
   10    33  0   0.0%   0.271 UA:3    +
   16    40  0   0.0%   1.111 UA:3    +
    5    16  0   0.0%   0.003 AU:3    +
    5    23  0   0.0%   0.213 AU:3    +
   35    39  0   0.0%   1.373 UA:3    +
   26    43  0   0.0%   0.640 AU:3    +
    4    17  0   0.0%   0.003 AU:3    +
   30    34  0   0.0%   1.387 UA:3    +
   31    35  0   0.0%   1.291 GU:3    +
   10    34  0   0.0%   0.256 UA:3    +
    1    28  0   0.0%   0.215 UA:3    +
   36    40  0   0.0%   1.347 UA:3    +
    6    16  0   0.0%   0.004 AU:3    +
   14    41  0   0.0%   1.225 GC:3    +
   18    23  0   0.0%   0.734 AU:3    +
    5    17  0   0.0%   0.003 AU:3    +
    9    35  0   0.0%   0.751 GU:3    +
    1    11  0   0.0%   0.018 UG:3    +
   27    43  0   0.0%   0.760 GU:3    +
    8    15  0   0.0%   0.026 UA:3    +
   25    40  0   0.0%   1.079 UA:3    +
   25    39  0   0.0%   1.025 UA:3    +
   39    43  0   0.0%   0.528 AU:3    +
   18    35  0   0.0%   0.944 AU:3    +
   26    35  0   0.0%   1.486 AU:3    +
   31    43  0   0.0%   0.684 GU:3    +
    3    22  0   0.0%   0.025 GC:3    +
   25    32  0   0.0%   1.063 UG:3    +
    5    10  0   0.0%   0.002 AU:3    +
    4    10  0   0.0%   0.002 AU:3    +
    9    24  0   0.0%   0.270 GC:3    +
    2    23  0   0.0%   0.023 AU:3    +
   33    43  0   0.0%   0.748 AU:3    +
    2    17  0   0.0%   0.023 AU:3    +
    6    25  0   0.0%   0.212 AU:3    +
    1    18  0   0.0%   0.018 UA:3    +
   21    25  0   0.0%   0.703 GU:3    +
   11    23  0   0.0%   0.269 GU:3    +
    3    16  0   0.0%   0.024 GU:3    +
   16    39  0   0.0%   1.057 UA:3    +
   11    22  0   0.0%   0.060 GC:3    +
    3    10  0   0.0%   0.024 GU:3    +
   25    34  0   0.0%   1.076 UA:3    +
    6    10  0   0.0%   0.003 AU:3    +
   27    35  0   0.0%   1.562 GU:3    +
   23    34  0   0.0%   1.129 UA:3    +
    5    25  0   0.0%   0.212 AU:3    +
   21    36  0   0.0%   1.326 GU:3    +
    6    37  0   0.0%   0.409 AU:3    +
    8    14  0   0.0%   0.028 UG:3    +
    7    11  0   0.0%   0.023 CG:3    +
   10    14  0   0.0%   0.003 UG:3    +
   20    25  0   0.0%   0.901 GU:3    +
   13    17  0   0.0%   0.066 GU:3    +
   25    33  0   0.0%   1.355 UA:3    +
   25    42  0   0.0%   1.097 UA:3    +
   32    43  0   0.0%   0.601 GU:3    +
   26    36  0   0.0%   1.552 AU:3    +
    4    25  0   0.0%   0.422 AU:3    +
   20    37  0   0.0%   1.877 GU:3    +
   20    41  0   0.0%   1.312 GC:3    +
    3    25  0   0.0%   0.445 GU:3    +
   12    43  0   0.0%   0.854 AU:3    +
    6    23  0   0.0%   0.213 AU:3    +
   21    38  0   0.0%   1.006 GC:3    +
    1    19  0   0.0%   0.017 UA:3    +
   10    20  0   0.0%   0.294 UG:3    +
   13    43  0   0.0%   1.261 GU:3    +
   15    25  0   0.0%   0.807 AU:3    +
   15    30  0   0.0%   0.422 AU:3    +
   17    28  0   0.0%   0.219 UA:3    +
    1    20  0   0.0%   0.017 UG:3    +
   14    25  0   0.0%   0.791 GU:3    +
   14    30  0   0.0%   0.408 GU:3    +
   11    43  0   0.0%   0.872 GU:3    +
   16    42  0   0.0%   1.129 UA:3    +
......(((.(((........))))))................
