3 sequence; length of alignment 36
alifold output
    5    11  0  50.9%   1.034 GC:3   
    4    12  0  50.8%   1.033 UA:3   
    3    13  0  50.7%   1.033 CG:3   
    6    10  0  49.3%   1.048 GC:3   
    2    14  0  48.5%   1.053 GU:3   
    5    23  0  35.5%   1.461 GC:3    +
    6    22  0  35.3%   1.473 GC:3    +
    4    24  0  34.1%   1.446 UA:3    +
   13    20  0  32.5%   1.509 GC:3    +
    3    25  0  32.2%   1.440 CG:3    +
   14    19  0  31.9%   1.447 UA:3    +
   12    21  0  24.1%   1.793 AU:3    +
    1    15  0  17.1%   0.907 UG:3    +
    2    30  0  16.8%   1.251 GC:3    +
    3    29  0  16.3%   1.600 CG:3    +
    7    21  0  15.4%   0.944 GU:3    +
    4    28  0  13.5%   1.551 UA:3    +
    1    31  0  12.2%   1.190 UA:3    +
    7    22  0   4.6%   1.159 GC:3    +
    6    23  0   4.3%   1.503 GC:3    +
    8    21  0   3.6%   0.657 AU:3    +
   20    29  0   3.4%   1.099 CG:3    +
   11    17  0   3.2%   0.759 CG:3    +
   21    28  0   3.1%   1.434 UA:3    +
   10    17  0   1.7%   0.568 CG:3    +
    7    20  0   1.6%   0.203 GC:3    +
   15    22  0   1.5%   1.036 GC:3    +
   16    34  0   1.4%   0.260 AU:3    +
   15    35  0   1.4%   0.621 GC:3    +
   16    21  0   1.3%   0.952 AU:3    +
   25    35  0   1.1%   0.684 GC:3    +
   26    34  0   1.1%   0.273 AU:3    +
   17    32  0   0.9%   0.394 GC:3    +
    1    27  0   0.9%   0.483 UA:3    +
    1    26  0   0.6%   0.423 UA:3    +
   17    23  0   0.5%   0.837 GC:3    +
   15    23  0   0.5%   0.990 GC:3    +
   17    22  0   0.5%   0.848 GC:3    +
   17    35  0   0.5%   0.433 GC:3    +
   25    30  0   0.5%   0.787 GC:3    +
   25    32  0   0.5%   0.554 GC:3    +
   18    34  0   0.5%   0.143 AU:3    +
    1    16  0   0.3%   0.357 UA:3    +
   23    29  0   0.3%   1.048 CG:3    +
    1    28  0   0.3%   0.450 UA:3    +
   11    15  0   0.2%   0.689 CG:3    +
   20    25  0   0.2%   0.858 CG:3    +
   22    29  0   0.2%   1.058 CG:3    +
   15    20  0   0.2%   0.786 GC:3    +
    6    21  0   0.2%   0.382 GU:3    +
   15    30  0   0.2%   0.751 GC:3    +
    2    32  0   0.1%   0.680 GC:3    +
   17    30  0   0.1%   0.579 GC:3    +
    5    22  0   0.1%   0.376 GC:3    +
   14    24  0   0.1%   1.113 UA:3    +
    1    33  0   0.1%   0.700 UA:3    +
    7    23  0   0.1%   1.024 GC:3    +
   14    31  0   0.1%   1.006 UA:3    +
   10    25  0   0.1%   0.814 CG:3    +
   13    32  0   0.1%   0.742 GC:3    +
    4    27  0   0.1%   0.777 UA:3    +
   29    35  0   0.1%   0.603 GC:3    +
   28    34  0   0.1%   0.552 AU:3    +
   10    15  0   0.1%   0.669 CG:3    +
   21    31  0   0.1%   1.212 UA:3    +
   15    32  0   0.1%   0.461 GC:3    +
    1    17  0   0.1%   0.334 UG:3    +
    4    25  0   0.1%   1.089 UG:3    +
   29    36  0   0.1%   0.469 GC:3    +
   27    34  0   0.0%   0.197 AU:3    +
    4    26  0   0.0%   0.755 UA:3    +
   15    36  0   0.0%   0.507 GC:3    +
    5    10  0   0.0%   0.008 GC:3    +
    1    18  0   0.0%   0.332 UA:3    +
    1    29  0   0.0%   0.425 UG:3    +
    9    21  0   0.0%   0.425 AU:3    +
   13    23  0   0.0%   1.227 GC:3    +
   25    36  0   0.0%   0.503 GC:3    +
   21    26  0   0.0%   0.862 UA:3    +
    7    35  0   0.0%   0.511 GC:3    +
   21    27  0   0.0%   0.876 UA:3    +
    6    36  0   0.0%   0.870 GC:3    +
    8    34  0   0.0%   0.124 AU:3    +
    6    20  0   0.0%   0.354 GC:3    +
   24    34  0   0.0%   0.471 AU:3    +
    5    21  0   0.0%   0.350 GU:3    +
   29    34  0   0.0%   0.595 GU:3    +
   11    25  0   0.0%   0.847 CG:3    +
    7    11  0   0.0%   0.348 GC:3    +
   15    34  0   0.0%   0.441 GU:3    +
   14    33  0   0.0%   0.746 UA:3    +
   13    22  0   0.0%   1.232 GC:3    +
   21    29  0   0.0%   1.349 UG:3    +
   14    18  0   0.0%   0.357 UA:3    +
    6    11  0   0.0%   0.695 GC:3    +
    1    19  0   0.0%   0.330 UA:3    +
    5    30  0   0.0%   1.027 GC:3    +
    1    24  0   0.0%   0.331 UA:3    +
   17    21  0   0.0%   1.006 GU:3    +
    4    31  0   0.0%   1.253 UA:3    +
    2    23  0   0.0%   0.354 GC:3    +
   17    36  0   0.0%   0.324 GC:3    +
   21    25  0   0.0%   1.213 UG:3    +
   15    21  0   0.0%   1.096 GU:3    +
    2    35  0   0.0%   0.663 GC:3    +
   25    34  0   0.0%   0.533 GU:3    +
    8    14  0   0.0%   0.353 AU:3    +
    5    32  0   0.0%   0.736 GC:3    +
   21    33  0   0.0%   0.949 UA:3    +
    4    33  0   0.0%   1.004 UA:3    +
    3    17  0   0.0%   0.350 CG:3    +
    4    16  0   0.0%   0.363 UA:3    +
   14    29  0   0.0%   1.027 UG:3    +
   13    30  0   0.0%   1.014 GC:3    +
   19    34  0   0.0%   0.456 AU:3    +
    6    14  0   0.0%   0.701 GU:3    +
   14    26  0   0.0%   0.762 UA:3    +
    6    35  0   0.0%   0.866 GC:3    +
    5    36  0   0.0%   0.727 GC:3    +
   14    25  0   0.0%   1.105 UG:3    +
   13    34  0   0.0%   0.722 GU:3    +
    1    25  0   0.0%   0.330 UG:3    +
    9    14  0   0.0%   0.353 AU:3    +
    7    34  0   0.0%   0.506 GU:3    +
   17    34  0   0.0%   0.355 GU:3    +
    6    30  0   0.0%   1.165 GC:3    +
    2    20  0   0.0%   0.352 GC:3    +
    2    11  0   0.0%   0.000 GC:3    +
    2    36  0   0.0%   0.662 GC:3    +
   13    21  0   0.0%   1.474 GU:3    +
    7    30  0   0.0%   0.806 GC:3    +
    7    14  0   0.0%   0.353 GU:3    +
    1    12  0   0.0%   0.000 UA:3    +
    5    20  0   0.0%   0.347 GC:3    +
   14    27  0   0.0%   0.775 UA:3    +
    2    34  0   0.0%   0.662 GU:3    +
   14    28  0   0.0%   1.014 UA:3    +
    4     9  0   0.0%   0.000 UA:3    +
    3    15  0   0.0%   0.647 CG:3    +
    2    22  0   0.0%   0.351 GC:3    +
    4    29  0   0.0%   1.293 UG:3    +
    6    32  0   0.0%   0.874 GC:3    +
    9    34  0   0.0%   0.004 AU:3    +
   11    29  0   0.0%   0.767 CG:3    +
   13    36  0   0.0%   0.722 GC:3    +
   10    29  0   0.0%   0.731 CG:3    +
   12    34  0   0.0%   0.689 AU:3    +
    5    14  0   0.0%   0.697 GU:3    +
    5    35  0   0.0%   0.727 GC:3    +
    1     8  0   0.0%   0.000 UA:3    +
    6    34  0   0.0%   0.864 GU:3    +
   13    35  0   0.0%   0.722 GC:3    +
.(((((...)))))......................
