3 sequence; length of alignment 115
alifold output
   98   109  0  96.2%   0.153 AU:3   
   97   110  0  96.0%   0.155 UA:3   
   99   108  0  95.8%   0.145 AU:3   
   96   111  0  93.0%   0.389 CG:3   
  100   107  0  90.3%   0.298 AU:3   
   63    72  0  89.3%   0.566 CG:3   
   56    77  0  89.1%   0.753 GC:3   
   57    76  0  88.3%   0.671 UG:3   
   62    73  0  87.1%   0.392 AU:3   
   55    78  0  86.9%   0.721 UA:3   
   64    71  0  79.6%   0.791 UA:3   
   54    79  0  78.7%   0.627 AU:3   
  101   106  0  75.5%   0.673 UA:3   
   23    41  0  72.2%   0.935 UA:3   
   22    42  0  71.6%   0.970 CG:3   
   24    40  0  71.2%   0.925 GC:3   
   58    75  0  71.1%   1.012 UA:3   
   21    43  0  67.6%   1.049 UA:3   
   29    37  0  67.4%   0.983 UA:3   
   28    38  0  66.8%   1.008 AU:3   
   30    36  0  66.2%   1.013 UA:3   
   61    74  0  61.1%   1.508 UA:3   
   31    35  0  56.8%   1.333 CG:3   
   27    39  0  55.8%   1.447 GU:3   
   19    45  0  52.0%   1.484 CG:3   
   18    46  0  46.6%   1.628 UA:3   
   51    84  0  43.6%   2.211 GC:3   
   52    83  0  42.4%   2.017 UA:3   
   50    85  0  40.8%   1.819 AU:3   
   59    74  0  28.9%   1.368 UA:3    +
   48    88  0  26.7%   1.704 GC:3   
   49    87  0  26.3%   1.830 AU:3   
   44    51  0  23.8%   1.521 CG:3    +
   43    52  0  23.6%   1.747 AU:3    +
   42    53  0  23.4%   1.720 GC:3    +
   10    53  0  19.3%   1.407 GC:3    +
   11    52  0  19.3%   1.307 AU:3    +
   12    51  0  17.9%   1.271 UG:3    +
   10    88  0  16.3%   1.675 GC:3    +
   11    87  0  16.2%   1.767 AU:3    +
   12    86  0  15.9%   1.762 UA:3    +
   10    19  0  14.7%   0.884 GC:3    +
   11    18  0  14.7%   0.931 AU:3    +
   12    17  0  13.7%   0.952 UG:3    +
   13    85  0  12.4%   1.047 AU:3    +
   26    35  0  11.6%   0.818 CG:3    +
   27    34  0  11.6%   0.984 GC:3    +
    7    85  0   9.6%   0.933 AU:3    +
    8    84  0   9.4%   1.131 GC:3    +
    6    86  0   9.4%   0.846 UA:3    +
    5    87  0   8.2%   0.750 AU:3    +
   60    72  0   7.5%   0.840 CG:3    +
   61    71  0   7.0%   0.644 UA:3    +
   17   113  0   6.6%   1.433 GC:3    +
   16   114  0   5.8%   0.874 AU:3    +
   18   112  0   5.7%   1.576 UA:3    +
    8    20  0   5.0%   0.557 GC:3    +
   35    60  0   4.4%   1.175 GC:3    +
   20    45  0   4.4%   0.950 CG:3    +
   36    59  0   4.4%   0.833 AU:3    +
   37    58  0   4.1%   0.781 AU:3    +
   40    56  0   3.7%   0.904 CG:3    +
   41    55  0   3.7%   0.697 AU:3    +
   18    28  0   3.6%   0.766 UA:3    +
    7    21  0   3.6%   0.383 AU:3    +
   19    27  0   3.5%   0.667 CG:3    +
   19   111  0   3.5%   1.167 CG:3    +
   17    29  0   3.5%   0.866 GU:3    +
   17    84  0   3.1%   1.248 GC:3    +
   24    77  0   3.1%   0.878 GC:3    +
   25    76  0   3.0%   0.535 CG:3    +
   18    83  0   2.9%   1.277 UA:3    +
   23    78  0   2.7%   0.845 UA:3    +
   16    30  0   2.5%   0.401 AU:3    +
   45    88  0   2.5%   1.260 GC:3    +
    9    17  0   2.5%   0.279 CG:3    +
   46    87  0   2.4%   1.258 AU:3    +
   17    22  0   2.3%   0.691 GC:3    +
   16    85  0   2.2%   0.935 AU:3    +
   16    23  0   2.1%   0.361 AU:3    +
   27    40  0   2.0%   1.272 GC:3    +
    8    18  0   1.9%   0.252 GU:3    +
    9    24  0   1.8%   0.365 CG:3    +
    8    25  0   1.8%   0.515 GC:3    +
   28    39  0   1.7%   1.005 AU:3    +
    8   113  0   1.6%   0.957 GC:3    +
    6    56  0   1.4%   0.272 UG:3    +
    5    57  0   1.4%   0.227 AU:3    +
    7    55  0   1.4%   0.363 AU:3    +
    7   114  0   1.4%   0.719 AU:3    +
    4    58  0   1.4%   0.194 AU:3    +
    8    77  0   1.3%   0.576 GC:3    +
    9    76  0   1.3%   0.393 CG:3    +
    8    90  0   1.3%   0.913 GU:3    +
    3    59  0   1.1%   0.170 AU:3    +
   22    27  0   1.0%   0.444 CG:3    +
   17    44  0   1.0%   0.760 GC:3    +
   35    44  0   0.9%   0.871 GC:3    +
   34    45  0   0.9%   0.959 CG:3    +
   40    45  0   0.9%   1.058 CG:3    +
   39    46  0   0.9%   0.923 UA:3    +
    7    90  0   0.9%   0.624 AU:3    +
   21    28  0   0.9%   0.423 UA:3    +
   18    43  0   0.9%   0.641 UA:3    +
    6    91  0   0.8%   0.529 UA:3    +
   48    60  0   0.8%   0.418 GC:3    +
   49    59  0   0.8%   0.444 AU:3    +
    8    22  0   0.8%   0.375 GC:3    +
   19    42  0   0.8%   0.528 CG:3    +
   31    48  0   0.8%   0.540 CG:3    +
   38    47  0   0.8%   0.440 UA:3    +
    7    23  0   0.8%   0.295 AU:3    +
   93   114  0   0.8%   0.464 AU:3    +
   50    58  0   0.8%   0.407 AU:3    +
   59    75  0   0.7%   1.005 UA:3    +
   27    53  0   0.7%   1.305 GC:3    +
   28    52  0   0.7%   0.967 AU:3    +
   52    81  0   0.7%   0.898 UA:3    +
   48    84  0   0.7%   0.612 GC:3    +
   51   113  0   0.7%   1.492 GC:3    +
   52   112  0   0.6%   1.460 UA:3    +
   10    23  0   0.6%   0.528 GU:3    +
   47    85  0   0.6%   0.793 AU:3    +
    6    24  0   0.6%   0.153 UG:3    +
   23    71  0   0.6%   0.573 UA:3    +
   22    72  0   0.6%   0.568 CG:3    +
   24    70  0   0.6%   0.537 GC:3    +
   30    49  0   0.6%   0.581 UA:3    +
   47    61  0   0.6%   0.188 AU:3    +
   60    76  0   0.6%   0.829 CG:3    +
   50   114  0   0.5%   0.845 AU:3    +
   51    57  0   0.5%   0.907 GU:3    +
   10    22  0   0.5%   0.450 GC:3    +
   53   111  0   0.5%   0.971 CG:3    +
   29    51  0   0.5%   0.883 UG:3    +
   10   115  0   0.5%   1.191 GC:3    +
   11    21  0   0.5%   0.493 AU:3    +
   17    25  0   0.5%   0.605 GC:3    +
    7    12  0   0.5%   0.087 AU:3    +
   18    24  0   0.4%   0.563 UG:3    +
   34    51  0   0.4%   0.764 CG:3    +
   11   114  0   0.4%   1.115 AU:3    +
    6    13  0   0.4%   0.080 UA:3    +
   40    48  0   0.4%   0.542 CG:3    +
   39    49  0   0.4%   0.583 UA:3    +
   29    36  0   0.4%   0.241 UA:3    +
   30    35  0   0.4%   0.501 UG:3    +
    2    24  0   0.4%   0.108 CG:3    +
   45    53  0   0.4%   1.408 GC:3    +
    3    23  0   0.4%   0.068 AU:3    +
   46    90  0   0.4%   0.741 AU:3    +
   58    76  0   0.4%   0.889 UG:3    +
   24    31  0   0.4%   0.246 GC:3    +
   33    52  0   0.4%   0.457 AU:3    +
   35    40  0   0.4%   1.038 GC:3    +
   46    52  0   0.4%   1.238 AU:3    +
   17    77  0   0.4%   0.787 GC:3    +
   47    90  0   0.4%   0.372 AU:3    +
    5    79  0   0.4%   0.171 AU:3    +
   35    53  0   0.4%   1.132 GC:3    +
   38    50  0   0.4%   0.421 UA:3    +
    2     8  0   0.4%   0.067 CG:3    +
    6    78  0   0.4%   0.215 UA:3    +
   18    76  0   0.4%   1.057 UG:3    +
   23    32  0   0.4%   0.262 UA:3    +
   81    90  0   0.3%   0.298 AU:3    +
   80    91  0   0.3%   0.195 UA:3    +
    4    80  0   0.3%   0.138 AU:3    +
   48    53  0   0.3%   0.901 GC:3    +
   48    87  0   0.3%   0.897 GU:3    +
   61    75  0   0.3%   0.884 UA:3    +
   36    52  0   0.3%   0.759 AU:3    +
   39    56  0   0.3%   0.633 UG:3    +
   29    50  0   0.3%   0.513 UA:3    +
   10    34  0   0.3%   0.473 GC:3    +
    2    10  0   0.3%   0.088 CG:3    +
    1    10  0   0.3%   0.058 CG:3    +
    5    29  0   0.3%   0.078 AU:3    +
    9    35  0   0.3%   0.227 CG:3    +
    6    28  0   0.3%   0.121 UA:3    +
   30    50  0   0.3%   0.562 UA:3    +
   27    88  0   0.3%   1.288 GC:3    +
   27    60  0   0.3%   0.959 GC:3    +
   28    59  0   0.3%   0.662 AU:3    +
   28    87  0   0.3%   1.144 AU:3    +
   31    56  0   0.3%   0.542 CG:3    +
   19    48  0   0.2%   0.838 CG:3    +
   25    42  0   0.2%   0.428 CG:3    +
   31    45  0   0.2%   0.934 CG:3    +
   10    31  0   0.2%   0.451 GC:3    +
   30    37  0   0.2%   0.743 UA:3    +
    4    30  0   0.2%   0.048 AU:3    +
   30    46  0   0.2%   0.859 UA:3    +
   32    55  0   0.2%   0.145 AU:3    +
    5    23  0   0.2%   0.077 AU:3    +
   37    59  0   0.2%   0.689 AU:3    +
   10   113  0   0.2%   1.200 GC:3    +
   22    35  0   0.2%   0.265 CG:3    +
   11    30  0   0.2%   0.388 AU:3    +
   91   103  0   0.2%   0.123 AU:3    +
   92   102  0   0.2%   0.077 AU:3    +
   54    80  0   0.2%   0.301 AU:3    +
   29    86  0   0.2%   1.067 UA:3    +
   37    57  0   0.2%   0.401 AU:3    +
   18    49  0   0.2%   0.968 UA:3    +
   34    42  0   0.2%   0.627 CG:3    +
   57    83  0   0.2%   0.767 UA:3    +
   56    84  0   0.2%   1.142 GC:3    +
   58    82  0   0.2%   0.592 UA:3    +
   36    58  0   0.2%   0.441 AU:3    +
   21    36  0   0.2%   0.239 UA:3    +
   95   111  0   0.2%   0.217 CG:3    +
   20    27  0   0.2%   0.342 CG:3    +
   90   104  0   0.2%   0.243 UA:3    +
   22    48  0   0.2%   0.526 CG:3    +
   10    20  0   0.2%   0.503 GC:3    +
   22    45  0   0.2%   0.977 CG:3    +
   38    56  0   0.2%   0.470 UG:3    +
   23    47  0   0.2%   0.520 UA:3    +
   59    81  0   0.2%   0.774 UA:3    +
   10    26  0   0.2%   0.424 GC:3    +
   93   101  0   0.2%   0.056 AU:3    +
   45    60  0   0.2%   0.835 GC:3    +
   46    59  0   0.2%   0.709 AU:3    +
   29    47  0   0.2%   0.509 UA:3    +
    9    51  0   0.2%   0.236 CG:3    +
    9    27  0   0.2%   0.208 CG:3    +
   47    58  0   0.2%   0.332 AU:3    +
   21    49  0   0.2%   0.544 UA:3    +
   21    46  0   0.2%   0.867 UA:3    +
   79    92  0   0.2%   0.302 UA:3    +
   26    45  0   0.2%   0.814 CG:3    +
  103   110  0   0.2%   0.120 UA:3    +
   27    44  0   0.2%   0.956 GC:3    +
   35    59  0   0.2%   0.830 GU:3    +
   14    80  0   0.1%   0.084 AU:3    +
    8    52  0   0.1%   0.404 GU:3    +
   48    57  0   0.1%   0.239 GU:3    +
    5    12  0   0.1%   0.031 AU:3    +
  104   109  0   0.1%   0.118 AU:3    +
   48   115  0   0.1%   0.663 GC:3    +
    6    11  0   0.1%   0.028 UA:3    +
   15    79  0   0.1%   0.069 AU:3    +
   18    47  0   0.1%   0.945 UA:3    +
   47    87  0   0.1%   0.801 AU:3    +
   52    82  0   0.1%   0.846 UA:3    +
   17    79  0   0.1%   0.760 GU:3    +
    9    45  0   0.1%   0.221 CG:3    +
   20    48  0   0.1%   0.365 CG:3    +
   24    44  0   0.1%   0.513 GC:3    +
   18    78  0   0.1%   1.009 UA:3    +
   10    44  0   0.1%   0.471 GC:3    +
   61    72  0   0.1%   0.496 UG:3    +
   20    76  0   0.1%   0.436 CG:3    +
   76    84  0   0.1%   1.151 GC:3    +
   56    79  0   0.1%   0.633 GU:3    +
    9    56  0   0.1%   0.300 CG:3    +
   57    78  0   0.1%   0.533 UA:3    +
  102   111  0   0.1%   0.304 UG:3    +
    8    57  0   0.1%   0.478 GU:3    +
   13    80  0   0.1%   0.089 AU:3    +
   28    73  0   0.1%   0.612 AU:3    +
   12    28  0   0.1%   0.355 UA:3    +
   29    72  0   0.1%   0.564 UG:3    +
    5    90  0   0.1%   0.367 AU:3    +
   72    84  0   0.1%   1.125 GC:3    +
   16    80  0   0.1%   0.259 AU:3    +
    6    89  0   0.1%   0.425 UA:3    +
   27    67  0   0.1%   0.955 GC:3    +
   12    81  0   0.1%   0.679 UA:3    +
   11    29  0   0.1%   0.360 AU:3    +
   21    75  0   0.1%   0.531 UA:3    +
   17    34  0   0.1%   0.647 GC:3    +
   75    85  0   0.1%   1.331 AU:3    +
    1     8  0   0.1%   0.022 CG:3    +
   73    83  0   0.1%   0.641 UA:3    +
    8    96  0   0.1%   0.774 GC:3    +
    7    97  0   0.1%   0.547 AU:3    +
   18    33  0   0.1%   0.527 UA:3    +
  101   112  0   0.1%   0.473 UA:3    +
   59    76  0   0.1%   1.029 UG:3    +
   17    26  0   0.1%   0.513 GC:3    +
   71    85  0   0.1%   1.415 AU:3    +
   49   114  0   0.1%   0.783 AU:3    +
    6    98  0   0.1%   0.475 UA:3    +
   56    70  0   0.1%   0.304 GC:3    +
   10    95  0   0.1%   1.108 GC:3    +
   10    30  0   0.1%   0.435 GU:3    +
   30    71  0   0.1%   0.559 UA:3    +
   62    68  0   0.1%   0.033 AU:3    +
   57    69  0   0.1%   0.157 UA:3    +
   21    47  0   0.1%   0.518 UA:3    +
    8    55  0   0.1%   0.465 GU:3    +
  102   106  0   0.1%   0.265 UA:3    +
   31    42  0   0.1%   0.684 CG:3    +
    7    58  0   0.1%   0.322 AU:3    +
   17    94  0   0.1%   0.835 GC:3    +
   48   113  0   0.1%   0.867 GC:3    +
   10    40  0   0.1%   0.456 GC:3    +
   91   109  0   0.1%   0.121 AU:3    +
   85   110  0   0.1%   1.040 UA:3    +
    6    92  0   0.1%   0.466 UA:3    +
   14    79  0   0.1%   0.054 AU:3    +
   56    63  0   0.1%   0.270 GC:3    +
   11    39  0   0.1%   0.358 AU:3    +
   92   108  0   0.1%   0.068 AU:3    +
   86   109  0   0.1%   0.576 AU:3    +
   23    45  0   0.1%   0.982 UG:3    +
  101   105  0   0.1%   0.043 UA:3    +
   57    62  0   0.1%   0.149 UA:3    +
   27    38  0   0.1%   0.476 GU:3    +
   55    71  0   0.1%   0.270 UA:3    +
   25    35  0   0.1%   0.157 CG:3    +
   84   111  0   0.1%   0.932 CG:3    +
   47   114  0   0.1%   0.476 AU:3    +
   30    43  0   0.1%   0.769 UA:3    +
   90   110  0   0.1%   0.244 UA:3    +
   24    34  0   0.1%   0.225 GC:3    +
   85    91  0   0.1%   1.081 UA:3    +
   29    33  0   0.1%   0.174 UA:3    +
   64    69  0   0.1%   0.041 UA:3    +
  100   108  0   0.1%   0.172 AU:3    +
   35    88  0   0.1%   1.217 GC:3    +
   49    85  0   0.1%   0.750 AU:3    +
   11    90  0   0.1%   1.094 AU:3    +
   86    90  0   0.1%   0.746 AU:3    +
   10    94  0   0.1%   1.100 GC:3    +
   79    86  0   0.1%   0.803 UA:3    +
   12    89  0   0.1%   0.975 UA:3    +
    2    27  0   0.1%   0.080 CG:3    +
   19    35  0   0.1%   0.439 CG:3    +
    4   108  0   0.1%   0.123 AU:3    +
   18    93  0   0.1%   1.089 UA:3    +
    8    94  0   0.1%   0.758 GC:3    +
   36    87  0   0.1%   1.022 AU:3    +
    5   107  0   0.1%   0.361 AU:3    +
   12    32  0   0.1%   0.335 UA:3    +
   27   115  0   0.1%   1.005 GC:3    +
   93   107  0   0.1%   0.048 AU:3    +
   19    24  0   0.1%   0.453 CG:3    +
   10    80  0   0.1%   0.818 GU:3    +
   35   115  0   0.1%   0.943 GC:3    +
   25    72  0   0.1%   0.167 CG:3    +
   24    73  0   0.1%   0.491 GU:3    +
   20    35  0   0.1%   0.212 CG:3    +
   26    42  0   0.1%   0.577 CG:3    +
   67    76  0   0.1%   0.396 CG:3    +
   22   111  0   0.1%   0.645 CG:3    +
   23   110  0   0.1%   0.635 UA:3    +
   78    87  0   0.1%   1.281 AU:3    +
   68    75  0   0.1%   0.336 UA:3    +
   32    39  0   0.1%   0.445 AU:3    +
    6   106  0   0.1%   0.477 UA:3    +
    8   115  0   0.1%   0.839 GC:3    +
   36   114  0   0.1%   0.772 AU:3    +
   10    55  0   0.1%   0.850 GU:3    +
    3   109  0   0.1%   0.094 AU:3    +
   11    79  0   0.1%   0.702 AU:3    +
   17    53  0   0.1%   0.994 GC:3    +
   48    85  0   0.1%   0.828 GU:3    +
   28   114  0   0.1%   0.883 AU:3    +
   80    86  0   0.1%   0.637 UA:3    +
   97   104  0   0.1%   0.043 UA:3    +
    1    27  0   0.1%   0.037 CG:3    +
   29    35  0   0.1%   0.461 UG:3    +
   92   114  0   0.1%   0.376 AU:3    +
   18    36  0   0.1%   0.523 UA:3    +
   98   103  0   0.1%   0.047 AU:3    +
   33    61  0   0.1%   0.059 AU:3    +
   99   109  0   0.0%   0.119 AU:3    +
    7    80  0   0.0%   0.286 AU:3    +
   27    31  0   0.0%   0.251 GC:3    +
    6    81  0   0.0%   0.186 UA:3    +
   23    74  0   0.0%   0.525 UA:3    +
   81    85  0   0.0%   1.075 AU:3    +
    8    21  0   0.0%   0.387 GU:3    +
   61    69  0   0.0%   0.060 UA:3    +
    4    90  0   0.0%   0.116 AU:3    +
    5    58  0   0.0%   0.175 AU:3    +
    8    19  0   0.0%   0.112 GC:3    +
   12    78  0   0.0%   0.679 UA:3    +
   45    63  0   0.0%   0.667 GC:3    +
    4   114  0   0.0%   0.127 AU:3    +
   52    56  0   0.0%   1.027 UG:3    +
   24   109  0   0.0%   0.608 GU:3    +
   21   112  0   0.0%   0.698 UA:3    +
   81   103  0   0.0%   0.105 AU:3    +
    8    95  0   0.0%   0.759 GC:3    +
   19    51  0   0.0%   1.135 CG:3    +
   12    49  0   0.0%   0.341 UA:3    +
   82   102  0   0.0%   0.047 AU:3    +
    6   112  0   0.0%   0.479 UA:3    +
   45   115  0   0.0%   0.807 GC:3    +
   80   104  0   0.0%   0.126 UA:3    +
   33    38  0   0.0%   0.309 AU:3    +
   56    80  0   0.0%   0.461 GU:3    +
   12    24  0   0.0%   0.447 UG:3    +
   16    79  0   0.0%   0.233 AU:3    +
   14    87  0   0.0%   0.541 AU:3    +
   50    55  0   0.0%   0.279 AU:3    +
   35    65  0   0.0%   0.895 GC:3    +
   55    81  0   0.0%   0.403 UA:3    +
    4    59  0   0.0%   0.135 AU:3    +
   15    80  0   0.0%   0.075 AU:3    +
    2    17  0   0.0%   0.047 CG:3    +
   36    64  0   0.0%   0.496 AU:3    +
   23    37  0   0.0%   0.236 UA:3    +
   46   114  0   0.0%   0.853 AU:3    +
    3   114  0   0.0%   0.094 AU:3    +
   13    23  0   0.0%   0.142 AU:3    +
    2   111  0   0.0%   0.081 CG:3    +
    3    90  0   0.0%   0.085 AU:3    +
   85    92  0   0.0%   1.035 UA:3    +
    8    67  0   0.0%   0.411 GC:3    +
   17    31  0   0.0%   0.627 GC:3    +
   51    60  0   0.0%   0.964 GC:3    +
    7    68  0   0.0%   0.258 AU:3    +
   21    41  0   0.0%   0.218 UA:3    +
   20    24  0   0.0%   0.329 CG:3    +
   50    57  0   0.0%   0.166 AU:3    +
   63    76  0   0.0%   0.488 CG:3    +
    4   102  0   0.0%   0.115 AU:3    +
    8    88  0   0.0%   0.694 GC:3    +
   64    75  0   0.0%   0.517 UA:3    +
    5   101  0   0.0%   0.353 AU:3    +
   24   113  0   0.0%   0.860 GC:3    +
   49    58  0   0.0%   0.318 AU:3    +
   83   101  0   0.0%   0.503 AU:3    +
   22    76  0   0.0%   0.600 CG:3    +
   58    78  0   0.0%   0.807 UA:3    +
   23    35  0   0.0%   0.267 UG:3    +
    5   114  0   0.0%   0.366 AU:3    +
   67    72  0   0.0%   0.373 CG:3    +
   14    85  0   0.0%   0.519 AU:3    +
   51    80  0   0.0%   0.828 GU:3    +
   91    97  0   0.0%   0.086 AU:3    +
    6    69  0   0.0%   0.159 UA:3    +
   50    61  0   0.0%   0.144 AU:3    +
   25    51  0   0.0%   0.451 CG:3    +
   10    65  0   0.0%   0.784 GC:3    +
    3   103  0   0.0%   0.086 AU:3    +
   23    28  0   0.0%   0.388 UA:3    +
   27    65  0   0.0%   0.935 GC:3    +
   17    38  0   0.0%   0.625 GU:3    +
   90    98  0   0.0%   0.211 UA:3    +
   12   112  0   0.0%   0.975 UA:3    +
   57    75  0   0.0%   0.158 UA:3    +
   28    64  0   0.0%   0.588 AU:3    +
   14    18  0   0.0%   0.366 AU:3    +
   13    90  0   0.0%   0.425 AU:3    +
   12    91  0   0.0%   1.005 UA:3    +
    6   100  0   0.0%   0.469 UA:3    +
   18    45  0   0.0%   0.575 UG:3    +
   18    37  0   0.0%   0.523 UA:3    +
   11    64  0   0.0%   0.671 AU:3    +
   23    75  0   0.0%   0.529 UA:3    +
   50    80  0   0.0%   0.174 AU:3    +
   58    74  0   0.0%   0.283 UA:3    +
   23    33  0   0.0%   0.234 UA:3    +
   11    57  0   0.0%   0.738 AU:3    +
   12    56  0   0.0%   0.720 UG:3    +
   14    21  0   0.0%   0.159 AU:3    +
    6    27  0   0.0%   0.082 UG:3    +
    9   111  0   0.0%   0.290 CG:3    +
   48    59  0   0.0%   0.379 GU:3    +
   65    72  0   0.0%   0.368 CG:3    +
   47    52  0   0.0%   0.856 AU:3    +
   12    33  0   0.0%   0.333 UA:3    +
   20    42  0   0.0%   0.226 CG:3    +
   27    70  0   0.0%   0.973 GC:3    +
   10    58  0   0.0%   0.848 GU:3    +
   15   114  0   0.0%   0.127 AU:3    +
    8    53  0   0.0%   0.390 GC:3    +
   24    88  0   0.0%   0.893 GC:3    +
   45    65  0   0.0%   0.673 GC:3    +
    4    87  0   0.0%   0.107 AU:3    +
   76    88  0   0.0%   1.158 GC:3    +
   24    52  0   0.0%   0.780 GU:3    +
    8    60  0   0.0%   0.406 GC:3    +
   88   111  0   0.0%   0.939 CG:3    +
    1   111  0   0.0%   0.036 CG:3    +
   13    55  0   0.0%   0.107 AU:3    +
   19    76  0   0.0%   0.891 CG:3    +
   43    90  0   0.0%   0.786 AU:3    +
    5    80  0   0.0%   0.155 AU:3    +
   17    40  0   0.0%   0.628 GC:3    +
    7    61  0   0.0%   0.254 AU:3    +
   15    30  0   0.0%   0.047 AU:3    +
   81   109  0   0.0%   0.109 AU:3    +
   16    39  0   0.0%   0.193 AU:3    +
   29    43  0   0.0%   0.758 UA:3    +
   93   102  0   0.0%   0.052 AU:3    +
   46    64  0   0.0%   0.471 AU:3    +
   27   113  0   0.0%   1.224 GC:3    +
   82   108  0   0.0%   0.048 AU:3    +
    6    15  0   0.0%   0.039 UA:3    +
   14    52  0   0.0%   0.343 AU:3    +
   80   110  0   0.0%   0.131 UA:3    +
   92   103  0   0.0%   0.067 AU:3    +
   24    53  0   0.0%   0.771 GC:3    +
   48    63  0   0.0%   0.181 GC:3    +
   23    89  0   0.0%   0.635 UA:3    +
   17    95  0   0.0%   0.829 GC:3    +
   13   109  0   0.0%   0.315 AU:3    +
   13    52  0   0.0%   0.361 AU:3    +
   87   112  0   0.0%   1.224 UA:3    +
   74    80  0   0.0%   0.760 AU:3    +
   79   105  0   0.0%   0.280 UA:3    +
   14    23  0   0.0%   0.121 AU:3    +
    4    29  0   0.0%   0.007 AU:3    +
   59    78  0   0.0%   0.955 UA:3    +
   83    90  0   0.0%   0.683 AU:3    +
   14   108  0   0.0%   0.043 AU:3    +
   12    50  0   0.0%   0.339 UA:3    +
   21    74  0   0.0%   0.512 UA:3    +
    6    62  0   0.0%   0.155 UA:3    +
   18    82  0   0.0%   0.976 UA:3    +
   12   110  0   0.0%   0.969 UA:3    +
   18    81  0   0.0%   0.984 UA:3    +
   51    85  0   0.0%   2.105 GU:3    +
   30    42  0   0.0%   0.747 UG:3    +
   72    79  0   0.0%   0.616 GU:3    +
  100   109  0   0.0%   0.173 AU:3    +
   12    82  0   0.0%   0.664 UA:3    +
   87    92  0   0.0%   1.034 UA:3    +
   35   113  0   0.0%   1.159 GC:3    +
    8   114  0   0.0%   0.898 GU:3    +
   26    51  0   0.0%   0.615 CG:3    +
   16    29  0   0.0%   0.117 AU:3    +
   30   112  0   0.0%   0.696 UA:3    +
    3    30  0   0.0%   0.028 AU:3    +
   83   107  0   0.0%   0.505 AU:3    +
   73    78  0   0.0%   0.407 UA:3    +
   47    64  0   0.0%   0.136 AU:3    +
   44    56  0   0.0%   0.704 CG:3    +
   80    89  0   0.0%   0.114 UA:3    +
    5    21  0   0.0%   0.015 AU:3    +
   34    56  0   0.0%   0.454 CG:3    +
   33    57  0   0.0%   0.120 AU:3    +
   21   110  0   0.0%   0.524 UA:3    +
   43    57  0   0.0%   0.747 AU:3    +
   31   111  0   0.0%   0.572 CG:3    +
    6    93  0   0.0%   0.459 UA:3    +
    3    80  0   0.0%   0.078 AU:3    +
   20   111  0   0.0%   0.467 CG:3    +
    2    45  0   0.0%   0.072 CG:3    +
   10    84  0   0.0%   1.011 GC:3    +
   20    51  0   0.0%   0.656 CG:3    +
   73    81  0   0.0%   0.206 UA:3    +
   42    58  0   0.0%   0.880 GU:3    +
   99   107  0   0.0%   0.022 AU:3    +
   14    30  0   0.0%   0.047 AU:3    +
   91   114  0   0.0%   0.412 AU:3    +
   49    80  0   0.0%   0.190 AU:3    +
   23    43  0   0.0%   0.772 UA:3    +
    4    23  0   0.0%   0.027 AU:3    +
    3    12  0   0.0%   0.004 AU:3    +
   45    90  0   0.0%   0.882 GU:3    +
   71    80  0   0.0%   0.499 AU:3    +
   15   107  0   0.0%   0.033 AU:3    +
   17   115  0   0.0%   1.031 GC:3    +
   72    77  0   0.0%   0.648 GC:3    +
   51    79  0   0.0%   0.814 GU:3    +
   15    85  0   0.0%   0.513 AU:3    +
   15    52  0   0.0%   0.342 AU:3    +
    8    31  0   0.0%   0.375 GC:3    +
   92   101  0   0.0%   0.037 AU:3    +
   24    39  0   0.0%   0.204 GU:3    +
   32    58  0   0.0%   0.117 AU:3    +
   12    16  0   0.0%   0.041 UA:3    +
   82    87  0   0.0%   1.036 AU:3    +
   30    41  0   0.0%   0.683 UA:3    +
   12    47  0   0.0%   0.333 UA:3    +
   15    21  0   0.0%   0.157 AU:3    +
   75    79  0   0.0%   0.575 AU:3    +
   55    86  0   0.0%   0.880 UA:3    +
   66    72  0   0.0%   0.358 CG:3    +
   17    88  0   0.0%   1.108 GC:3    +
   16    38  0   0.0%   0.183 AU:3    +
   14   114  0   0.0%   0.132 AU:3    +
   73    86  0   0.0%   0.680 UA:3    +
   28   107  0   0.0%   0.616 AU:3    +
   45   113  0   0.0%   1.023 GC:3    +
   54    87  0   0.0%   1.208 AU:3    +
   15    23  0   0.0%   0.118 AU:3    +
    5    38  0   0.0%   0.046 AU:3    +
   29   106  0   0.0%   0.534 UA:3    +
    6    54  0   0.0%   0.092 UA:3    +
   37   101  0   0.0%   0.456 AU:3    +
   41    59  0   0.0%   0.594 AU:3    +
   26    76  0   0.0%   0.486 CG:3    +
   15    39  0   0.0%   0.017 AU:3    +
   25    45  0   0.0%   0.630 CG:3    +
   38   100  0   0.0%   0.365 UA:3    +
    4    79  0   0.0%   0.084 AU:3    +
   13    18  0   0.0%   0.384 AU:3    +
   15    29  0   0.0%   0.034 AU:3    +
   45    94  0   0.0%   0.774 GC:3    +
   36   102  0   0.0%   0.499 AU:3    +
   98   108  0   0.0%   0.034 AU:3    +
    6    37  0   0.0%   0.090 UA:3    +
   91   102  0   0.0%   0.085 AU:3    +
   13   103  0   0.0%   0.310 AU:3    +
    8    26  0   0.0%   0.373 GC:3    +
   82    90  0   0.0%   0.222 AU:3    +
   70    76  0   0.0%   0.415 CG:3    +
   44    48  0   0.0%   0.221 CG:3    +
   27   108  0   0.0%   0.968 GU:3    +
   87    93  0   0.0%   1.022 UA:3    +
   14   102  0   0.0%   0.038 AU:3    +
   94   111  0   0.0%   0.186 CG:3    +
   72    87  0   0.0%   1.369 GU:3    +
    8    79  0   0.0%   0.487 GU:3    +
    2    48  0   0.0%   0.072 CG:3    +
   24    38  0   0.0%   0.198 GU:3    +
   86   103  0   0.0%   0.557 AU:3    +
   80    92  0   0.0%   0.134 UA:3    +
    6    14  0   0.0%   0.036 UA:3    +
    4    39  0   0.0%   0.021 AU:3    +
   11    38  0   0.0%   0.343 AU:3    +
   10   114  0   0.0%   1.179 GU:3    +
    6    17  0   0.0%   0.042 UG:3    +
   21    33  0   0.0%   0.208 UA:3    +
   35    55  0   0.0%   0.822 GU:3    +
    5    55  0   0.0%   0.047 AU:3    +
   12    37  0   0.0%   0.332 UA:3    +
   12   104  0   0.0%   0.965 UA:3    +
   30   105  0   0.0%   0.521 UA:3    +
   39    99  0   0.0%   0.501 UA:3    +
   85   104  0   0.0%   1.020 UA:3    +
   35   103  0   0.0%   0.898 GU:3    +
    4    12  0   0.0%   0.004 AU:3    +
   37   107  0   0.0%   0.459 AU:3    +
   74    85  0   0.0%   1.663 AU:3    +
   36   108  0   0.0%   0.502 AU:3    +
   48    80  0   0.0%   0.240 GU:3    +
   38   106  0   0.0%   0.368 UA:3    +
    1    17  0   0.0%   0.027 CG:3    +
    9    48  0   0.0%   0.205 CG:3    +
   23    54  0   0.0%   0.484 UA:3    +
   16    21  0   0.0%   0.157 AU:3    +
   29    42  0   0.0%   0.746 UG:3    +
   57    93  0   0.0%   0.284 UA:3    +
   49    90  0   0.0%   0.651 AU:3    +
   56    94  0   0.0%   0.407 GC:3    +
   85    93  0   0.0%   1.022 UA:3    +
   12    74  0   0.0%   0.650 UA:3    +
   11    73  0   0.0%   0.670 AU:3    +
   21    81  0   0.0%   0.531 UA:3    +
    4    85  0   0.0%   0.103 AU:3    +
   33    39  0   0.0%   0.434 AU:3    +
   58    92  0   0.0%   0.562 UA:3    +
   55    89  0   0.0%   0.367 UA:3    +
   12    72  0   0.0%   0.650 UG:3    +
   24    84  0   0.0%   0.922 GC:3    +
   56    88  0   0.0%   1.156 GC:3    +
   13   114  0   0.0%   0.403 AU:3    +
   17    90  0   0.0%   0.931 GU:3    +
    5    18  0   0.0%   0.012 AU:3    +
   23    36  0   0.0%   0.241 UA:3    +
   15   101  0   0.0%   0.029 AU:3    +
   76    95  0   0.0%   0.401 GC:3    +
   10    39  0   0.0%   0.442 GU:3    +
   35   109  0   0.0%   0.905 GU:3    +
   72    88  0   0.0%   1.138 GC:3    +
   21    82  0   0.0%   0.522 UA:3    +
    9    72  0   0.0%   0.224 CG:3    +
   21    50  0   0.0%   0.510 UA:3    +
   81    87  0   0.0%   1.076 AU:3    +
   13    73  0   0.0%   0.036 AU:3    +
   87    91  0   0.0%   1.077 UA:3    +
   54    90  0   0.0%   0.379 AU:3    +
   26    72  0   0.0%   0.324 CG:3    +
   17    67  0   0.0%   0.672 GC:3    +
   38    54  0   0.0%   0.349 UA:3    +
   75    80  0   0.0%   0.407 AU:3    +
   51    63  0   0.0%   0.760 GC:3    +
   13    21  0   0.0%   0.176 AU:3    +
   28   101  0   0.0%   0.612 AU:3    +
    8    73  0   0.0%   0.407 GU:3    +
   45    55  0   0.0%   0.858 GU:3    +
   11    80  0   0.0%   0.704 AU:3    +
   29   100  0   0.0%   0.530 UA:3    +
    8    44  0   0.0%   0.376 GC:3    +
   16    68  0   0.0%   0.186 AU:3    +
   32    38  0   0.0%   0.308 AU:3    +
   56    60  0   0.0%   0.457 GC:3    +
   39   105  0   0.0%   0.502 UA:3    +
   59    91  0   0.0%   0.743 UA:3    +
  101   110  0   0.0%   0.301 UA:3    +
   17   114  0   0.0%   1.261 GU:3    +
   36    80  0   0.0%   0.547 AU:3    +
   51    77  0   0.0%   0.940 GC:3    +
   72   113  0   0.0%   0.675 GC:3    +
    3    87  0   0.0%   0.078 AU:3    +
   13    79  0   0.0%   0.062 AU:3    +
   49    55  0   0.0%   0.296 AU:3    +
   17    96  0   0.0%   0.826 GC:3    +
   12    92  0   0.0%   0.968 UA:3    +
   50    79  0   0.0%   0.161 AU:3    +
   52    62  0   0.0%   0.782 UA:3    +
   42    88  0   0.0%   0.986 GC:3    +
   27   102  0   0.0%   0.964 GU:3    +
   43    64  0   0.0%   0.667 AU:3    +
   42    65  0   0.0%   0.671 GC:3    +
   28    57  0   0.0%   0.636 AU:3    +
   73   112  0   0.0%   0.358 UA:3    +
   52    76  0   0.0%   0.978 UG:3    +
   68    74  0   0.0%   0.682 UA:3    +
   29    56  0   0.0%   0.576 UG:3    +
   17    80  0   0.0%   0.758 GU:3    +
    8    12  0   0.0%   0.066 GU:3    +
   43    87  0   0.0%   1.187 AU:3    +
   18    89  0   0.0%   1.087 UA:3    +
   12    93  0   0.0%   0.964 UA:3    +
   34    48  0   0.0%   0.417 CG:3    +
   16    97  0   0.0%   0.287 AU:3    +
   14    29  0   0.0%   0.036 AU:3    +
   90   112  0   0.0%   0.431 UA:3    +
   54    59  0   0.0%   0.288 AU:3    +
   90   100  0   0.0%   0.207 UA:3    +
   37    55  0   0.0%   0.378 AU:3    +
   51    88  0   0.0%   1.890 GC:3    +
   92    97  0   0.0%   0.038 AU:3    +
   27    95  0   0.0%   0.969 GC:3    +
   27    66  0   0.0%   0.930 GC:3    +
   11   101  0   0.0%   0.977 AU:3    +
   50    64  0   0.0%   0.117 AU:3    +
    3    85  0   0.0%   0.077 AU:3    +
   71   114  0   0.0%   0.736 AU:3    +
    7    79  0   0.0%   0.276 AU:3    +
   49    79  0   0.0%   0.180 AU:3    +
   69    73  0   0.0%   0.156 AU:3    +
   30    99  0   0.0%   0.519 UA:3    +
   86    97  0   0.0%   0.556 AU:3    +
   89   101  0   0.0%   0.029 AU:3    +
    5    85  0   0.0%   0.134 AU:3    +
   10    25  0   0.0%   0.462 GC:3    +
   15    87  0   0.0%   0.531 AU:3    +
   10    52  0   0.0%   0.465 GU:3    +
    8    34  0   0.0%   0.375 GC:3    +
   52    78  0   0.0%   0.912 UA:3    +
   51    58  0   0.0%   1.020 GU:3    +
   27    58  0   0.0%   0.981 GU:3    +
   85    98  0   0.0%   1.020 UA:3    +
   12   100  0   0.0%   0.966 UA:3    +
   10   102  0   0.0%   1.098 GU:3    +
   13    30  0   0.0%   0.066 AU:3    +
   47    57  0   0.0%   0.170 AU:3    +
   16    52  0   0.0%   0.514 AU:3    +
   27    84  0   0.0%   1.274 GC:3    +
   85    89  0   0.0%   1.022 UA:3    +
   99   114  0   0.0%   0.410 AU:3    +
    6    82  0   0.0%   0.180 UA:3    +
   35    95  0   0.0%   0.904 GC:3    +
  102   110  0   0.0%   0.094 UA:3    +
   28    68  0   0.0%   0.586 AU:3    +
   11    23  0   0.0%   0.426 AU:3    +
   39   112  0   0.0%   0.676 UA:3    +
   41   114  0   0.0%   0.638 AU:3    +
   42    94  0   0.0%   0.680 GC:3    +
   40   111  0   0.0%   0.672 CG:3    +
   41    97  0   0.0%   0.374 AU:3    +
   12    54  0   0.0%   0.646 UA:3    +
   90    99  0   0.0%   0.203 UA:3    +
   42    96  0   0.0%   0.673 GC:3    +
   79    93  0   0.0%   0.283 UA:3    +
    7   109  0   0.0%   0.538 AU:3    +
   35    84  0   0.0%   1.220 GC:3    +
   46    58  0   0.0%   0.664 AU:3    +
   37    79  0   0.0%   0.503 AU:3    +
   97   106  0   0.0%   0.026 UA:3    +
   39    54  0   0.0%   0.484 UA:3    +
   27    68  0   0.0%   0.941 GU:3    +
    8    29  0   0.0%   0.392 GU:3    +
   18    50  0   0.0%   0.942 UA:3    +
   83    87  0   0.0%   1.495 AU:3    +
    6   110  0   0.0%   0.470 UA:3    +
   18    48  0   0.0%   0.929 UG:3    +
   42   113  0   0.0%   0.929 GC:3    +
   85    99  0   0.0%   1.015 UA:3    +
    1    45  0   0.0%   0.031 CG:3    +
    2    76  0   0.0%   0.072 CG:3    +
   33    55  0   0.0%   0.132 AU:3    +
   10    77  0   0.0%   0.838 GC:3    +
   24    94  0   0.0%   0.606 GC:3    +
   35    80  0   0.0%   0.946 GU:3    +
   80    98  0   0.0%   0.122 UA:3    +
   81    97  0   0.0%   0.099 AU:3    +
   36    57  0   0.0%   0.406 AU:3    +
   23    91  0   0.0%   0.662 UA:3    +
   17    23  0   0.0%   0.651 GU:3    +
   11    55  0   0.0%   0.734 AU:3    +
   11   107  0   0.0%   0.979 AU:3    +
    6    83  0   0.0%   0.180 UA:3    +
   23    81  0   0.0%   0.631 UA:3    +
   56   113  0   0.0%   0.693 GC:3    +
   56    65  0   0.0%   0.264 GC:3    +
   89   107  0   0.0%   0.031 AU:3    +
   72    94  0   0.0%   0.388 GC:3    +
    2    35  0   0.0%   0.069 CG:3    +
   15    90  0   0.0%   0.144 AU:3    +
   76    80  0   0.0%   0.465 GU:3    +
   24    90  0   0.0%   0.712 GU:3    +
   50    59  0   0.0%   0.383 AU:3    +
   12    83  0   0.0%   0.663 UA:3    +
    6    16  0   0.0%   0.037 UA:3    +
   79    89  0   0.0%   0.279 UA:3    +
   14    90  0   0.0%   0.152 AU:3    +
   73    93  0   0.0%   0.157 UA:3    +
   90   106  0   0.0%   0.221 UA:3    +
   50    87  0   0.0%   1.471 AU:3    +
   24    80  0   0.0%   0.647 GU:3    +
   51    94  0   0.0%   1.140 GC:3    +
    1    35  0   0.0%   0.030 CG:3    +
   17    63  0   0.0%   0.668 GC:3    +
   12   106  0   0.0%   0.969 UA:3    +
    7   103  0   0.0%   0.536 AU:3    +
   48    65  0   0.0%   0.185 GC:3    +
   57   112  0   0.0%   0.484 UA:3    +
   27    94  0   0.0%   0.972 GC:3    +
   10    66  0   0.0%   0.781 GC:3    +
   10   108  0   0.0%   1.099 GU:3    +
    7    87  0   0.0%   0.691 AU:3    +
   17    30  0   0.0%   0.736 GU:3    +
   28    79  0   0.0%   0.644 AU:3    +
   78    90  0   0.0%   0.444 AU:3    +
   78    85  0   0.0%   1.268 AU:3    +
   26    48  0   0.0%   0.324 CG:3    +
   27    80  0   0.0%   1.000 GU:3    +
    1    24  0   0.0%   0.026 CG:3    +
   55    82  0   0.0%   0.363 UA:3    +
   45    59  0   0.0%   0.875 GU:3    +
   97   105  0   0.0%   0.022 UA:3    +
   52    93  0   0.0%   1.195 UA:3    +
   38    78  0   0.0%   0.489 UA:3    +
   35    58  0   0.0%   0.805 GU:3    +
   16   102  0   0.0%   0.284 AU:3    +
    7    30  0   0.0%   0.199 AU:3    +
   10    18  0   0.0%   0.111 GU:3    +
   54    85  0   0.0%   1.190 AU:3    +
    7    18  0   0.0%   0.027 AU:3    +
   22    51  0   0.0%   0.800 CG:3    +
    6   104  0   0.0%   0.466 UA:3    +
   10    60  0   0.0%   0.780 GC:3    +
   16    64  0   0.0%   0.184 AU:3    +
   23    50  0   0.0%   0.484 UA:3    +
   51    67  0   0.0%   0.765 GC:3    +
   33    64  0   0.0%   0.054 AU:3    +
  103   111  0   0.0%   0.295 UG:3    +
   79    83  0   0.0%   0.745 UA:3    +
   33    68  0   0.0%   0.055 AU:3    +
   29    78  0   0.0%   0.643 UA:3    +
   17   101  0   0.0%   0.822 GU:3    +
   45    95  0   0.0%   0.770 GC:3    +
   15   103  0   0.0%   0.029 AU:3    +
   50    68  0   0.0%   0.109 AU:3    +
   11    59  0   0.0%   0.717 AU:3    +
   23   112  0   0.0%   0.797 UA:3    +
   49    57  0   0.0%   0.181 AU:3    +
   48    58  0   0.0%   0.361 GU:3    +
   45    87  0   0.0%   1.191 GU:3    +
   48    90  0   0.0%   0.753 GU:3    +
   16    90  0   0.0%   0.398 AU:3    +
   30    62  0   0.0%   0.513 UA:3    +
   16   108  0   0.0%   0.287 AU:3    +
   23    92  0   0.0%   0.626 UA:3    +
   12    27  0   0.0%   0.336 UG:3    +
    5    39  0   0.0%   0.045 AU:3    +
    8   108  0   0.0%   0.766 GU:3    +
   38    62  0   0.0%   0.360 UA:3    +
   35    39  0   0.0%   1.059 GU:3    +
   17    70  0   0.0%   0.669 GC:3    +
   21    27  0   0.0%   0.308 UG:3    +
   92   109  0   0.0%   0.071 AU:3    +
  102   112  0   0.0%   0.261 UA:3    +
    1    48  0   0.0%   0.031 CG:3    +
   32    61  0   0.0%   0.048 AU:3    +
   25    56  0   0.0%   0.194 CG:3    +
   35    94  0   0.0%   0.907 GC:3    +
   17   107  0   0.0%   0.824 GU:3    +
   18    62  0   0.0%   0.942 UA:3    +
   69    87  0   0.0%   1.019 AU:3    +
   15   109  0   0.0%   0.033 AU:3    +
    8    85  0   0.0%   0.913 GU:3    +
    4    61  0   0.0%   0.081 AU:3    +
   80    93  0   0.0%   0.124 UA:3    +
   76    94  0   0.0%   0.405 GC:3    +
   49    64  0   0.0%   0.136 AU:3    +
   10    96  0   0.0%   1.100 GC:3    +
    8    87  0   0.0%   0.895 GU:3    +
   93   108  0   0.0%   0.046 AU:3    +
    8    40  0   0.0%   0.375 GC:3    +
   75    90  0   0.0%   0.496 AU:3    +
    4   109  0   0.0%   0.119 AU:3    +
   36    79  0   0.0%   0.539 AU:3    +
   69    90  0   0.0%   0.190 AU:3    +
   36    61  0   0.0%   0.489 AU:3    +
   47    80  0   0.0%   0.186 AU:3    +
   24    57  0   0.0%   0.517 GU:3    +
   24    30  0   0.0%   0.294 GU:3    +
   18   100  0   0.0%   1.082 UA:3    +
   69    80  0   0.0%   0.105 AU:3    +
   68    91  0   0.0%   0.062 UA:3    +
   35    66  0   0.0%   0.886 GC:3    +
    6    10  0   0.0%   0.035 UG:3    +
   68    81  0   0.0%   0.082 UA:3    +
    2    42  0   0.0%   0.068 CG:3    +
   35    63  0   0.0%   0.882 GC:3    +
   15    38  0   0.0%   0.010 AU:3    +
   24    29  0   0.0%   0.308 GU:3    +
   17    87  0   0.0%   1.315 GU:3    +
   47    55  0   0.0%   0.293 AU:3    +
   38   112  0   0.0%   0.536 UA:3    +
   18    69  0   0.0%   0.943 UA:3    +
   52    89  0   0.0%   1.203 UA:3    +
   24    63  0   0.0%   0.447 GC:3    +
   87   106  0   0.0%   1.018 UA:3    +
   51    90  0   0.0%   1.291 GU:3    +
   42   115  0   0.0%   0.705 GC:3    +
   48    52  0   0.0%   0.877 GU:3    +
   29    41  0   0.0%   0.683 UA:3    +
   31    76  0   0.0%   0.637 CG:3    +
    5   108  0   0.0%   0.357 AU:3    +
   79    91  0   0.0%   0.307 UA:3    +
   14    39  0   0.0%   0.017 AU:3    +
   33    90  0   0.0%   0.172 AU:3    +
   13    87  0   0.0%   0.806 AU:3    +
   29    75  0   0.0%   0.521 UA:3    +
    8    80  0   0.0%   0.489 GU:3    +
    6    48  0   0.0%   0.090 UG:3    +
   17    21  0   0.0%   0.523 GU:3    +
   24    95  0   0.0%   0.603 GC:3    +
   34    72  0   0.0%   0.409 CG:3    +
   39    82  0   0.0%   0.503 UA:3    +
   90   105  0   0.0%   0.217 UA:3    +
   23    86  0   0.0%   1.133 UA:3    +
   18   106  0   0.0%   1.084 UA:3    +
   85   105  0   0.0%   1.017 UA:3    +
   18    86  0   0.0%   1.589 UA:3    +
   59    71  0   0.0%   0.326 UA:3    +
   43   114  0   0.0%   0.934 AU:3    +
    2    56  0   0.0%   0.071 CG:3    +
   47    59  0   0.0%   0.333 AU:3    +
    6    47  0   0.0%   0.089 UA:3    +
   45    66  0   0.0%   0.663 GC:3    +
    8   102  0   0.0%   0.763 GU:3    +
   98   107  0   0.0%   0.030 AU:3    +
   38    83  0   0.0%   0.461 UA:3    +
   64    72  0   0.0%   0.551 UG:3    +
   12    36  0   0.0%   0.329 UA:3    +
   24    85  0   0.0%   1.163 GU:3    +
   30    82  0   0.0%   0.522 UA:3    +
   86   107  0   0.0%   0.557 AU:3    +
   33    73  0   0.0%   0.064 AU:3    +
   12    62  0   0.0%   0.649 UA:3    +
   73    82  0   0.0%   0.167 UA:3    +
   98   102  0   0.0%   0.037 AU:3    +
    3    58  0   0.0%   0.026 AU:3    +
   76    96  0   0.0%   0.396 GC:3    +
   21    37  0   0.0%   0.214 UA:3    +
   12    69  0   0.0%   0.650 UA:3    +
   23    27  0   0.0%   0.396 UG:3    +
   32    64  0   0.0%   0.050 AU:3    +
    7    29  0   0.0%   0.201 AU:3    +
   64    74  0   0.0%   0.869 UA:3    +
   37    90  0   0.0%   0.570 AU:3    +
   79    99  0   0.0%   0.276 UA:3    +
   38    51  0   0.0%   0.723 UG:3    +
   37    52  0   0.0%   0.697 AU:3    +
   76    85  0   0.0%   1.382 GU:3    +
   18    27  0   0.0%   0.407 UG:3    +
   89   103  0   0.0%   0.030 AU:3    +
   13    68  0   0.0%   0.036 AU:3    +
    6    51  0   0.0%   0.090 UG:3    +
   38    86  0   0.0%   0.887 UA:3    +
   61    78  0   0.0%   0.824 UA:3    +
   24   115  0   0.0%   0.629 GC:3    +
    5    59  0   0.0%   0.161 AU:3    +
   27    52  0   0.0%   1.209 GU:3    +
   48    94  0   0.0%   0.603 GC:3    +
   62    80  0   0.0%   0.221 AU:3    +
    3    55  0   0.0%   0.026 AU:3    +
   15   108  0   0.0%   0.033 AU:3    +
   42    95  0   0.0%   0.676 GC:3    +
   21    45  0   0.0%   0.969 UG:3    +
   28    90  0   0.0%   0.727 AU:3    +
   38    89  0   0.0%   0.373 UA:3    +
   32    68  0   0.0%   0.050 AU:3    +
   35    61  0   0.0%   0.888 GU:3    +
    5    52  0   0.0%   0.044 AU:3    +
   93    97  0   0.0%   0.024 AU:3    +
   23    42  0   0.0%   0.742 UG:3    +
   75    97  0   0.0%   0.334 AU:3    +
   13    29  0   0.0%   0.056 AU:3    +
   89    97  0   0.0%   0.029 AU:3    +
   10    90  0   0.0%   1.194 GU:3    +
   66    76  0   0.0%   0.372 CG:3    +
   13    61  0   0.0%   0.035 AU:3    +
   32   103  0   0.0%   0.051 AU:3    +
   38    46  0   0.0%   0.667 UA:3    +
   61    81  0   0.0%   0.622 UA:3    +
    4    57  0   0.0%   0.020 AU:3    +
    4   103  0   0.0%   0.112 AU:3    +
   48    67  0   0.0%   0.186 GC:3    +
   29    83  0   0.0%   0.614 UA:3    +
   30    92  0   0.0%   0.524 UA:3    +
   12    48  0   0.0%   0.334 UG:3    +
   53    72  0   0.0%   0.807 CG:3    +
   14   109  0   0.0%   0.041 AU:3    +
   18    32  0   0.0%   0.509 UA:3    +
   29    69  0   0.0%   0.506 UA:3    +
  100   114  0   0.0%   0.465 AU:3    +
   29    89  0   0.0%   0.540 UA:3    +
   47    68  0   0.0%   0.129 AU:3    +
   39    45  0   0.0%   0.991 UG:3    +
   15   102  0   0.0%   0.029 AU:3    +
   23    82  0   0.0%   0.621 UA:3    +
   29    93  0   0.0%   0.532 UA:3    +
   54    73  0   0.0%   0.020 AU:3    +
   89   102  0   0.0%   0.030 AU:3    +
   46    85  0   0.0%   1.035 AU:3    +
    5   102  0   0.0%   0.351 AU:3    +
   99   103  0   0.0%   0.032 AU:3    +
   58    81  0   0.0%   0.592 UA:3    +
   48    95  0   0.0%   0.599 GC:3    +
  105   109  0   0.0%   0.087 AU:3    +
   21    78  0   0.0%   0.548 UA:3    +
   89   114  0   0.0%   0.338 AU:3    +
   30    81  0   0.0%   0.531 UA:3    +
   17    52  0   0.0%   0.995 GU:3    +
   37    87  0   0.0%   0.975 AU:3    +
   29    82  0   0.0%   0.516 UA:3    +
   35    52  0   0.0%   1.103 GU:3    +
   48    66  0   0.0%   0.176 GC:3    +
    4   101  0   0.0%   0.107 AU:3    +
   91   108  0   0.0%   0.098 AU:3    +
   33   102  0   0.0%   0.056 AU:3    +
   26   111  0   0.0%   0.417 CG:3    +
   14   103  0   0.0%   0.037 AU:3    +
   29   112  0   0.0%   0.701 UA:3    +
   92   107  0   0.0%   0.051 AU:3    +
   32    80  0   0.0%   0.106 AU:3    +
    4    21  0   0.0%   0.001 AU:3    +
   87   100  0   0.0%   1.015 UA:3    +
   32    85  0   0.0%   0.620 AU:3    +
   39    91  0   0.0%   0.541 UA:3    +
   46    55  0   0.0%   0.658 AU:3    +
    5    30  0   0.0%   0.058 AU:3    +
   38    49  0   0.0%   0.382 UA:3    +
   16   107  0   0.0%   0.285 AU:3    +
   39    48  0   0.0%   0.534 UG:3    +
    3   102  0   0.0%   0.080 AU:3    +
   52    86  0   0.0%   1.716 UA:3    +
   74    90  0   0.0%   0.842 AU:3    +
   51    70  0   0.0%   0.786 GC:3    +
   45    84  0   0.0%   0.996 GC:3    +
    9    42  0   0.0%   0.193 CG:3    +
   23    48  0   0.0%   0.519 UG:3    +
   11    85  0   0.0%   0.900 AU:3    +
   38    92  0   0.0%   0.366 UA:3    +
    4    38  0   0.0%   0.018 AU:3    +
   97   111  0   0.0%   0.303 UG:3    +
   48    70  0   0.0%   0.208 GC:3    +
   51    55  0   0.0%   0.937 GU:3    +
   39    81  0   0.0%   0.512 UA:3    +
   38    82  0   0.0%   0.363 UA:3    +
   45    52  0   0.0%   1.373 GU:3    +
   20    72  0   0.0%   0.333 CG:3    +
   52    69  0   0.0%   0.782 UA:3    +
   46    80  0   0.0%   0.521 AU:3    +
    8    23  0   0.0%   0.374 GU:3    +
   86   101  0   0.0%   0.555 AU:3    +
    3    39  0   0.0%   0.026 AU:3    +
   48    77  0   0.0%   0.360 GC:3    +
   54    61  0   0.0%   0.044 AU:3    +
    1    76  0   0.0%   0.031 CG:3    +
   39    92  0   0.0%   0.505 UA:3    +
    6    49  0   0.0%   0.089 UA:3    +
   51    87  0   0.0%   2.119 GU:3    +
   23   106  0   0.0%   0.624 UA:3    +
   57    82  0   0.0%   0.277 UA:3    +
   86   108  0   0.0%   0.558 AU:3    +
   16   101  0   0.0%   0.283 AU:3    +
   27    77  0   0.0%   1.124 GC:3    +
   58    72  0   0.0%   0.316 UG:3    +
   37   114  0   0.0%   0.722 AU:3    +
   38    43  0   0.0%   0.600 UA:3    +
   73    91  0   0.0%   0.192 UA:3    +
   16    87  0   0.0%   0.785 AU:3    +
   76   113  0   0.0%   0.692 GC:3    +
   18    75  0   0.0%   0.941 UA:3    +
   10    21  0   0.0%   0.453 GU:3    +
   85   100  0   0.0%   1.018 UA:3    +
   29    92  0   0.0%   0.532 UA:3    +
   25    48  0   0.0%   0.159 CG:3    +
   21    71  0   0.0%   0.507 UA:3    +
    2    51  0   0.0%   0.070 CG:3    +
   30    91  0   0.0%   0.560 UA:3    +
   34    76  0   0.0%   0.561 CG:3    +
    2    72  0   0.0%   0.071 CG:3    +
   68    86  0   0.0%   0.548 UA:3    +
    7    38  0   0.0%   0.184 AU:3    +
   56    61  0   0.0%   0.286 GU:3    +
   75   114  0   0.0%   0.643 AU:3    +
   38    93  0   0.0%   0.366 UA:3    +
   17    85  0   0.0%   1.381 GU:3    +
    6    46  0   0.0%   0.089 UA:3    +
   21    91  0   0.0%   0.560 UA:3    +
   24   114  0   0.0%   0.861 GU:3    +
   72    80  0   0.0%   0.446 GU:3    +
   89   109  0   0.0%   0.039 AU:3    +
   10    29  0   0.0%   0.420 GU:3    +
   42    67  0   0.0%   0.674 GC:3    +
   21    32  0   0.0%   0.201 UA:3    +
   54    64  0   0.0%   0.018 AU:3    +
   39    50  0   0.0%   0.536 UA:3    +
   32   114  0   0.0%   0.314 AU:3    +
   14    38  0   0.0%   0.011 AU:3    +
    8    38  0   0.0%   0.375 GU:3    +
   24   107  0   0.0%   0.598 GU:3    +
    3    29  0   0.0%   0.024 AU:3    +
   23    46  0   0.0%   0.836 UA:3    +
   73    89  0   0.0%   0.164 UA:3    +
   75    87  0   0.0%   1.326 AU:3    +
   37    85  0   0.0%   1.022 AU:3    +
   40    76  0   0.0%   0.738 CG:3    +
   23    93  0   0.0%   0.626 UA:3    +
    7    39  0   0.0%   0.184 AU:3    +
   41    68  0   0.0%   0.369 AU:3    +
   72    90  0   0.0%   0.539 GU:3    +
   69    85  0   0.0%   1.002 AU:3    +
   71    79  0   0.0%   0.665 AU:3    +
   48    79  0   0.0%   0.230 GU:3    +
   48   114  0   0.0%   0.873 GU:3    +
    1    42  0   0.0%   0.030 CG:3    +
   59    72  0   0.0%   0.330 UG:3    +
   50    90  0   0.0%   0.641 AU:3    +
   55    62  0   0.0%   0.221 UA:3    +
   27   114  0   0.0%   1.224 GU:3    +
   47    79  0   0.0%   0.178 AU:3    +
   74    79  0   0.0%   0.925 AU:3    +
    4    64  0   0.0%   0.081 AU:3    +
   89   108  0   0.0%   0.032 AU:3    +
   42    63  0   0.0%   0.663 GC:3    +
   21    35  0   0.0%   0.224 UG:3    +
   18    74  0   0.0%   0.941 UA:3    +
   21    76  0   0.0%   0.603 UG:3    +
   79   111  0   0.0%   0.433 UG:3    +
   42    60  0   0.0%   0.817 GC:3    +
  101   111  0   0.0%   0.487 UG:3    +
   10    85  0   0.0%   1.013 GU:3    +
   56    85  0   0.0%   1.369 GU:3    +
   27   103  0   0.0%   0.962 GU:3    +
   30    75  0   0.0%   0.527 UA:3    +
   33   114  0   0.0%   0.319 AU:3    +
   65    76  0   0.0%   0.382 CG:3    +
   30    83  0   0.0%   0.620 UA:3    +
   12    75  0   0.0%   0.649 UA:3    +
   93   103  0   0.0%   0.049 AU:3    +
   46    61  0   0.0%   0.464 AU:3    +
   30    74  0   0.0%   0.523 UA:3    +
  104   108  0   0.0%   0.086 AU:3    +
   82   103  0   0.0%   0.042 AU:3    +
   41    80  0   0.0%   0.426 AU:3    +
   13    38  0   0.0%   0.031 AU:3    +
   86   102  0   0.0%   0.556 AU:3    +
   58    86  0   0.0%   1.082 UA:3    +
   35    67  0   0.0%   0.896 GC:3    +
   55    72  0   0.0%   0.268 UG:3    +
   41    64  0   0.0%   0.372 AU:3    +
    3   108  0   0.0%   0.082 AU:3    +
   61    76  0   0.0%   0.923 UG:3    +
   28   102  0   0.0%   0.612 AU:3    +
   10   103  0   0.0%   1.096 GU:3    +
   31    72  0   0.0%   0.484 CG:3    +
    3    79  0   0.0%   0.074 AU:3    +
   10   109  0   0.0%   1.099 GU:3    +
    4   107  0   0.0%   0.110 AU:3    +
   25   111  0   0.0%   0.361 CG:3    +
   48    96  0   0.0%   0.594 GC:3    +
   29    49  0   0.0%   0.486 UA:3    +
   11   108  0   0.0%   0.979 AU:3    +
   11   102  0   0.0%   0.977 AU:3    +
   38    42  0   0.0%   0.606 UG:3    +
   10    87  0   0.0%   0.995 GU:3    +
   80   105  0   0.0%   0.122 UA:3    +
   37    61  0   0.0%   0.454 AU:3    +
   83   102  0   0.0%   0.503 AU:3    +
    8    63  0   0.0%   0.403 GC:3    +
   79   106  0   0.0%   0.282 UA:3    +
   12    35  0   0.0%   0.346 UG:3    +
   35   114  0   0.0%   1.163 GU:3    +
   43    59  0   0.0%   0.887 AU:3    +
   32    52  0   0.0%   0.399 AU:3    +
   41    61  0   0.0%   0.371 AU:3    +
   41    90  0   0.0%   0.486 AU:3    +
   47    97  0   0.0%   0.193 AU:3    +
    6    36  0   0.0%   0.087 UA:3    +
    3   101  0   0.0%   0.080 AU:3    +
   57   106  0   0.0%   0.282 UA:3    +
   36    85  0   0.0%   1.060 AU:3    +
   33    79  0   0.0%   0.104 AU:3    +
   54   109  0   0.0%   0.220 AU:3    +
   29    54  0   0.0%   0.504 UA:3    +
   30    48  0   0.0%   0.503 UG:3    +
   78   107  0   0.0%   0.282 AU:3    +
   39    47  0   0.0%   0.534 UA:3    +
   41    85  0   0.0%   0.939 AU:3    +
   58   105  0   0.0%   0.555 UA:3    +
   18    92  0   0.0%   1.080 UA:3    +
  105   114  0   0.0%   0.371 AU:3    +
   56   107  0   0.0%   0.397 GU:3    +
    7    57  0   0.0%   0.304 AU:3    +
   23    83  0   0.0%   0.719 UA:3    +
   80    99  0   0.0%   0.117 UA:3    +
   44    72  0   0.0%   0.506 CG:3    +
    7    64  0   0.0%   0.251 AU:3    +
   33    85  0   0.0%   0.624 AU:3    +
   10    70  0   0.0%   0.780 GC:3    +
  103   112  0   0.0%   0.258 UA:3    +
   59    82  0   0.0%   0.726 UA:3    +
   28    55  0   0.0%   0.635 AU:3    +
   87   105  0   0.0%   1.014 UA:3    +
   30    47  0   0.0%   0.503 UA:3    +
   29    71  0   0.0%   0.533 UA:3    +
   13    97  0   0.0%   0.311 AU:3    +
   68   110  0   0.0%   0.025 UA:3    +
    6    32  0   0.0%   0.087 UA:3    +
   67   111  0   0.0%   0.176 CG:3    +
   57    81  0   0.0%   0.314 UA:3    +
   64    78  0   0.0%   0.470 UA:3    +
   13    39  0   0.0%   0.037 AU:3    +
   34   111  0   0.0%   0.494 CG:3    +
   30    86  0   0.0%   1.046 UA:3    +
   54    58  0   0.0%   0.274 AU:3    +
   12    98  0   0.0%   0.969 UA:3    +
   37    80  0   0.0%   0.509 AU:3    +
   33    80  0   0.0%   0.110 AU:3    +
   24   108  0   0.0%   0.599 GU:3    +
   85   106  0   0.0%   1.021 UA:3    +
   55    83  0   0.0%   0.815 UA:3    +
   82   109  0   0.0%   0.048 AU:3    +
   29    74  0   0.0%   0.517 UA:3    +
   41   103  0   0.0%   0.370 AU:3    +
   27    85  0   0.0%   1.514 GU:3    +
   69   109  0   0.0%   0.031 AU:3    +
   60   111  0   0.0%   0.591 CG:3    +
    5    73  0   0.0%   0.110 AU:3    +
   43    73  0   0.0%   0.673 AU:3    +
   85   112  0   0.0%   1.228 UA:3    +
   87    99  0   0.0%   1.012 UA:3    +
   59   104  0   0.0%   0.701 UA:3    +
    3    61  0   0.0%   0.074 AU:3    +
    6    99  0   0.0%   0.463 UA:3    +
   91   101  0   0.0%   0.081 AU:3    +
   12    43  0   0.0%   0.330 UA:3    +
    8    66  0   0.0%   0.403 GC:3    +
   12    71  0   0.0%   0.647 UA:3    +
   21    92  0   0.0%   0.524 UA:3    +
   79   100  0   0.0%   0.279 UA:3    +
   83   108  0   0.0%   0.505 AU:3    +
    6    75  0   0.0%   0.155 UA:3    +
   35    96  0   0.0%   0.900 GC:3    +
    3    18  0   0.0%   0.001 AU:3    +
   21    83  0   0.0%   0.620 UA:3    +
   56    67  0   0.0%   0.265 GC:3    +
  111   115  0   0.0%   0.308 GC:3    +
   26    56  0   0.0%   0.358 CG:3    +
   12    46  0   0.0%   0.330 UA:3    +
    6    33  0   0.0%   0.087 UA:3    +
   58    83  0   0.0%   1.032 UA:3    +
   45   114  0   0.0%   1.031 GU:3    +
   41    57  0   0.0%   0.450 AU:3    +
    6    72  0   0.0%   0.155 UG:3    +
   27    73  0   0.0%   0.945 GU:3    +
   81   114  0   0.0%   0.412 AU:3    +
   38    48  0   0.0%   0.402 UG:3    +
   68    78  0   0.0%   0.284 UA:3    +
   32    97  0   0.0%   0.054 AU:3    +
    4    18  0   0.0%   0.001 AU:3    +
   55    75  0   0.0%   0.233 UA:3    +
   17    39  0   0.0%   0.627 GU:3    +
   82   101  0   0.0%   0.036 AU:3    +
   15    55  0   0.0%   0.082 AU:3    +
   68    72  0   0.0%   0.368 UG:3    +
   82   107  0   0.0%   0.042 AU:3    +
   61   110  0   0.0%   0.565 UA:3    +
   23    69  0   0.0%   0.484 UA:3    +
   59   112  0   0.0%   0.907 UA:3    +
    7    59  0   0.0%   0.300 AU:3    +
   46   102  0   0.0%   0.579 AU:3    +
    6    74  0   0.0%   0.155 UA:3    +
   32    90  0   0.0%   0.167 AU:3    +
   47   101  0   0.0%   0.191 AU:3    +
   57    86  0   0.0%   0.805 UA:3    +
   58    69  0   0.0%   0.279 UA:3    +
   24    68  0   0.0%   0.449 GU:3    +
   13   108  0   0.0%   0.311 AU:3    +
   17    60  0   0.0%   0.669 GC:3    +
   45    80  0   0.0%   0.723 GU:3    +
   28    58  0   0.0%   0.633 AU:3    +
   78   101  0   0.0%   0.280 AU:3    +
   81   102  0   0.0%   0.097 AU:3    +
   36    90  0   0.0%   0.612 AU:3    +
    5    61  0   0.0%   0.110 AU:3    +
   29    62  0   0.0%   0.505 UA:3    +
   87    98  0   0.0%   1.018 UA:3    +
   16    58  0   0.0%   0.251 AU:3    +
   29    46  0   0.0%   0.814 UA:3    +
   76    90  0   0.0%   0.556 GU:3    +
   93   109  0   0.0%   0.053 AU:3    +
   14    73  0   0.0%   0.013 AU:3    +
   18    91  0   0.0%   1.116 UA:3    +
   81   108  0   0.0%   0.103 AU:3    +
   42    66  0   0.0%   0.663 GC:3    +
   58   111  0   0.0%   0.710 UG:3    +
   62   109  0   0.0%   0.147 AU:3    +
   21    93  0   0.0%   0.524 UA:3    +
   74   103  0   0.0%   0.677 AU:3    +
   45   103  0   0.0%   0.762 GU:3    +
   14   107  0   0.0%   0.038 AU:3    +
    6   105  0   0.0%   0.465 UA:3    +
    7    73  0   0.0%   0.253 AU:3    +
   62    79  0   0.0%   0.390 AU:3    +
   15    59  0   0.0%   0.061 AU:3    +
    3    21  0   0.0%   0.001 AU:3    +
   75   102  0   0.0%   0.333 AU:3    +
   75   108  0   0.0%   0.335 AU:3    +
    8    58  0   0.0%   0.468 GU:3    +
   86   114  0   0.0%   0.869 AU:3    +
   13    57  0   0.0%   0.104 AU:3    +
   52    74  0   0.0%   0.785 UA:3    +
   27    59  0   0.0%   0.962 GU:3    +
   39    83  0   0.0%   0.600 UA:3    +
   73   104  0   0.0%   0.150 UA:3    +
   28    85  0   0.0%   1.164 AU:3    +
   28    80  0   0.0%   0.650 AU:3    +
   97   112  0   0.0%   0.268 UA:3    +
   45    70  0   0.0%   0.694 GC:3    +
   14    58  0   0.0%   0.080 AU:3    +
   56    66  0   0.0%   0.254 GC:3    +
   16    61  0   0.0%   0.183 AU:3    +
   74   109  0   0.0%   0.683 AU:3    +
   39    62  0   0.0%   0.500 UA:3    +
   17    57  0   0.0%   0.738 GU:3    +
   35    85  0   0.0%   1.460 GU:3    +
   39    43  0   0.0%   0.727 UA:3    +
   82    97  0   0.0%   0.039 AU:3    +
    6    41  0   0.0%   0.088 UA:3    +
   30    69  0   0.0%   0.513 UA:3    +
   15    57  0   0.0%   0.080 AU:3    +
  107   112  0   0.0%   0.327 UA:3    +
   46    79  0   0.0%   0.514 AU:3    +
   27    96  0   0.0%   0.965 GC:3    +
    8    70  0   0.0%   0.405 GC:3    +
   43    55  0   0.0%   0.868 AU:3    +
    4    97  0   0.0%   0.106 AU:3    +
   74    87  0   0.0%   1.672 AU:3    +
    1    51  0   0.0%   0.031 CG:3    +
    7    52  0   0.0%   0.183 AU:3    +
   32   109  0   0.0%   0.056 AU:3    +
   46   108  0   0.0%   0.581 AU:3    +
   48   102  0   0.0%   0.593 GU:3    +
   35    77  0   0.0%   1.069 GC:3    +
   49   101  0   0.0%   0.488 AU:3    +
   22    56  0   0.0%   0.547 CG:3    +
   35    70  0   0.0%   0.917 GC:3    +
   45    96  0   0.0%   0.765 GC:3    +
   42    90  0   0.0%   0.785 GU:3    +
   87   104  0   0.0%   1.016 UA:3    +
   21    89  0   0.0%   0.530 UA:3    +
   76   107  0   0.0%   0.395 GU:3    +
   47   107  0   0.0%   0.193 AU:3    +
    5   109  0   0.0%   0.357 AU:3    +
   48    55  0   0.0%   0.335 GU:3    +
   10    63  0   0.0%   0.777 GC:3    +
   45    67  0   0.0%   0.673 GC:3    +
   68    76  0   0.0%   0.390 UG:3    +
   15    58  0   0.0%   0.079 AU:3    +
   80   112  0   0.0%   0.329 UA:3    +
   30    45  0   0.0%   0.969 UG:3    +
   45    85  0   0.0%   1.237 GU:3    +
   17    66  0   0.0%   0.668 GC:3    +
    7   102  0   0.0%   0.535 AU:3    +
   73   110  0   0.0%   0.156 UA:3    +
   45   109  0   0.0%   0.768 GU:3    +
   10    67  0   0.0%   0.783 GC:3    +
   98   114  0   0.0%   0.413 AU:3    +
    7   108  0   0.0%   0.537 AU:3    +
   51    95  0   0.0%   1.135 GC:3    +
   47   103  0   0.0%   0.190 AU:3    +
    5   103  0   0.0%   0.350 AU:3    +
   23   104  0   0.0%   0.621 UA:3    +
   36    55  0   0.0%   0.420 AU:3    +
   23   105  0   0.0%   0.620 UA:3    +
   18    41  0   0.0%   0.517 UA:3    +
   71    90  0   0.0%   0.588 AU:3    +
    5    64  0   0.0%   0.110 AU:3    +
   56    90  0   0.0%   0.557 GU:3    +
   42    84  0   0.0%   0.996 GC:3    +
   39    86  0   0.0%   1.026 UA:3    +
    6   111  0   0.0%   0.474 UG:3    +
   76   101  0   0.0%   0.393 GU:3    +
   39    93  0   0.0%   0.505 UA:3    +
   68    89  0   0.0%   0.033 UA:3    +
    5    97  0   0.0%   0.345 AU:3    +
   18    51  0   0.0%   1.259 UG:3    +
   28   108  0   0.0%   0.616 AU:3    +
   24   103  0   0.0%   0.596 GU:3    +
   55    91  0   0.0%   0.393 UA:3    +
   14    59  0   0.0%   0.062 AU:3    +
   51   115  0   0.0%   1.209 GC:3    +
   57    74  0   0.0%   0.148 UA:3    +
   33   108  0   0.0%   0.059 AU:3    +
   51    59  0   0.0%   1.032 GU:3    +
   38    81  0   0.0%   0.372 UA:3    +
   41    87  0   0.0%   0.892 AU:3    +
   20    56  0   0.0%   0.403 CG:3    +
   57    89  0   0.0%   0.291 UA:3    +
   29    48  0   0.0%   0.497 UG:3    +
   75   109  0   0.0%   0.337 AU:3    +
    1    72  0   0.0%   0.031 CG:3    +
   54   114  0   0.0%   0.525 AU:3    +
   30    93  0   0.0%   0.524 UA:3    +
   27   109  0   0.0%   0.969 GU:3    +
   76    87  0   0.0%   1.384 GU:3    +
   76   108  0   0.0%   0.396 GU:3    +
    6    76  0   0.0%   0.155 UG:3    +
   21    86  0   0.0%   1.033 UA:3    +
   31    51  0   0.0%   0.778 CG:3    +
   38    72  0   0.0%   0.403 UG:3    +
   10    38  0   0.0%   0.440 GU:3    +
   55   110  0   0.0%   0.357 UA:3    +
   39   111  0   0.0%   0.630 UG:3    +
   12    41  0   0.0%   0.330 UA:3    +
    8    97  0   0.0%   0.767 GU:3    +
   39    89  0   0.0%   0.512 UA:3    +
    3    97  0   0.0%   0.079 AU:3    +
  106   114  0   0.0%   0.587 AU:3    +
   13    59  0   0.0%   0.084 AU:3    +
   23    72  0   0.0%   0.544 UG:3    +
   48   108  0   0.0%   0.595 GU:3    +
   11   109  0   0.0%   0.979 AU:3    +
   49   102  0   0.0%   0.489 AU:3    +
   37    64  0   0.0%   0.455 AU:3    +
   30    72  0   0.0%   0.561 UG:3    +
   37    73  0   0.0%   0.462 AU:3    +
   91   107  0   0.0%   0.097 AU:3    +
   12   111  0   0.0%   0.972 UG:3    +
    8   107  0   0.0%   0.765 GU:3    +
   24    60  0   0.0%   0.448 GC:3    +
   83    97  0   0.0%   0.499 AU:3    +
   24    87  0   0.0%   1.096 GU:3    +
   16    57  0   0.0%   0.252 AU:3    +
   49   107  0   0.0%   0.491 AU:3    +
   68    82  0   0.0%   0.044 UA:3    +
   16   103  0   0.0%   0.283 AU:3    +
   61    82  0   0.0%   0.585 UA:3    +
   24    61  0   0.0%   0.448 GU:3    +
   14    61  0   0.0%   0.013 AU:3    +
   48   103  0   0.0%   0.591 GU:3    +
   23    62  0   0.0%   0.483 UA:3    +
   15    97  0   0.0%   0.031 AU:3    +
   83   114  0   0.0%   0.810 AU:3    +
   13   102  0   0.0%   0.308 AU:3    +
   14   101  0   0.0%   0.035 AU:3    +
   82   114  0   0.0%   0.352 AU:3    +
   61    89  0   0.0%   0.573 UA:3    +
   42    52  0   0.0%   0.730 GU:3    +
   43    61  0   0.0%   0.664 AU:3    +
   30   104  0   0.0%   0.519 UA:3    +
   14    57  0   0.0%   0.082 AU:3    +
   47   109  0   0.0%   0.196 AU:3    +
   24    96  0   0.0%   0.599 GC:3    +
   32    87  0   0.0%   0.569 AU:3    +
   68    83  0   0.0%   0.497 UA:3    +
    8   101  0   0.0%   0.763 GU:3    +
   38    91  0   0.0%   0.401 UA:3    +
   30    54  0   0.0%   0.512 UA:3    +
   39    71  0   0.0%   0.534 UA:3    +
   41    58  0   0.0%   0.579 AU:3    +
    4    55  0   0.0%   0.019 AU:3    +
   16    55  0   0.0%   0.254 AU:3    +
   32    59  0   0.0%   0.112 AU:3    +
   13    58  0   0.0%   0.102 AU:3    +
   64    92  0   0.0%   0.211 UA:3    +
   16   109  0   0.0%   0.286 AU:3    +
   40    51  0   0.0%   0.795 CG:3    +
   33   107  0   0.0%   0.058 AU:3    +
   30    89  0   0.0%   0.532 UA:3    +
   29   105  0   0.0%   0.526 UA:3    +
   12    76  0   0.0%   0.706 UG:3    +
   53    76  0   0.0%   0.959 CG:3    +
    8   103  0   0.0%   0.763 GU:3    +
   35    57  0   0.0%   0.806 GU:3    +
    4    73  0   0.0%   0.081 AU:3    +
    6    45  0   0.0%   0.090 UG:3    +
   30   111  0   0.0%   0.648 UG:3    +
   72    95  0   0.0%   0.382 GC:3    +
    6    43  0   0.0%   0.088 UA:3    +
   13   107  0   0.0%   0.310 AU:3    +
  108   112  0   0.0%   0.283 UA:3    +
   73    98  0   0.0%   0.155 UA:3    +
   29    76  0   0.0%   0.708 UG:3    +
   74    97  0   0.0%   0.680 AU:3    +
   61    91  0   0.0%   0.601 UA:3    +
   17    55  0   0.0%   0.740 GU:3    +
   58    71  0   0.0%   0.312 UA:3    +
    7   107  0   0.0%   0.537 AU:3    +
    8    39  0   0.0%   0.375 GU:3    +
   30   100  0   0.0%   0.522 UA:3    +
   62    90  0   0.0%   0.306 AU:3    +
   32   108  0   0.0%   0.054 AU:3    +
   24    79  0   0.0%   0.641 GU:3    +
    3    38  0   0.0%   0.025 AU:3    +
    8   109  0   0.0%   0.765 GU:3    +
    8    30  0   0.0%   0.388 GU:3    +
   33    87  0   0.0%   0.573 AU:3    +
   55    74  0   0.0%   0.229 UA:3    +
   12   105  0   0.0%   0.964 UA:3    +
   49   108  0   0.0%   0.492 AU:3    +
   14    55  0   0.0%   0.084 AU:3    +
   44   111  0   0.0%   0.591 CG:3    +
   51    96  0   0.0%   1.131 GC:3    +
   33    59  0   0.0%   0.112 AU:3    +
   10    59  0   0.0%   0.828 GU:3    +
   21    42  0   0.0%   0.254 UG:3    +
   29    91  0   0.0%   0.568 UA:3    +
   12    42  0   0.0%   0.330 UG:3    +
   33    58  0   0.0%   0.116 AU:3    +
   59   110  0   0.0%   0.707 UA:3    +
    3   107  0   0.0%   0.082 AU:3    +
   48   109  0   0.0%   0.597 GU:3    +
   11    58  0   0.0%   0.735 AU:3    +
   17   102  0   0.0%   0.823 GU:3    +
   38    45  0   0.0%   0.863 UG:3    +
    4    52  0   0.0%   0.019 AU:3    +
   29    81  0   0.0%   0.525 UA:3    +
   14    97  0   0.0%   0.039 AU:3    +
    3    57  0   0.0%   0.025 AU:3    +
   64    76  0   0.0%   0.572 UG:3    +
   18    35  0   0.0%   0.529 UG:3    +
   18    54  0   0.0%   0.941 UA:3    +
   32   102  0   0.0%   0.052 AU:3    +
   61    86  0   0.0%   1.088 UA:3    +
   50    97  0   0.0%   0.481 AU:3    +
   56    68  0   0.0%   0.258 GU:3    +
   55    69  0   0.0%   0.220 UA:3    +
   59    69  0   0.0%   0.293 UA:3    +
   72   107  0   0.0%   0.378 GU:3    +
   28   103  0   0.0%   0.611 AU:3    +
   51   114  0   0.0%   1.472 GU:3    +
   46    57  0   0.0%   0.534 AU:3    +
   56    87  0   0.0%   1.385 GU:3    +
   56    73  0   0.0%   0.274 GU:3    +
   27    55  0   0.0%   0.983 GU:3    +
   58    62  0   0.0%   0.279 UA:3    +
   17    68  0   0.0%   0.671 GU:3    +
   62    85  0   0.0%   1.119 AU:3    +
   55   112  0   0.0%   0.558 UA:3    +
   73   106  0   0.0%   0.155 UA:3    +
    6    50  0   0.0%   0.089 UA:3    +
   27    63  0   0.0%   0.927 GC:3    +
   45    58  0   0.0%   0.862 GU:3    +
   42   102  0   0.0%   0.671 GU:3    +
   17   108  0   0.0%   0.825 GU:3    +
   76   109  0   0.0%   0.398 GU:3    +
   50   108  0   0.0%   0.482 AU:3    +
   21    48  0   0.0%   0.521 UG:3    +
   49    61  0   0.0%   0.160 AU:3    +
   71   108  0   0.0%   0.428 AU:3    +
   51   107  0   0.0%   1.131 GU:3    +
   87   110  0   0.0%   1.025 UA:3    +
   50   101  0   0.0%   0.479 AU:3    +
   49   109  0   0.0%   0.493 AU:3    +
   50   102  0   0.0%   0.480 AU:3    +
   71    87  0   0.0%   1.417 AU:3    +
   18   111  0   0.0%   1.086 UG:3    +
  110   114  0   0.0%   0.431 AU:3    +
   77   111  0   0.0%   0.447 CG:3    +
    6    35  0   0.0%   0.088 UG:3    +
   49   103  0   0.0%   0.488 AU:3    +
   32    79  0   0.0%   0.099 AU:3    +
    3    52  0   0.0%   0.025 AU:3    +
   51   101  0   0.0%   1.129 GU:3    +
   56   109  0   0.0%   0.399 GU:3    +
   33   109  0   0.0%   0.060 AU:3    +
   33   101  0   0.0%   0.055 AU:3    +
   11   103  0   0.0%   0.976 AU:3    +
   79   112  0   0.0%   0.484 UA:3    +
   52   106  0   0.0%   1.194 UA:3    +
   47   102  0   0.0%   0.192 AU:3    +
   64    81  0   0.0%   0.267 UA:3    +
    8    65  0   0.0%   0.402 GC:3    +
   23    51  0   0.0%   0.805 UG:3    +
   43   101  0   0.0%   0.666 AU:3    +
   83   109  0   0.0%   0.507 AU:3    +
    7   101  0   0.0%   0.535 AU:3    +
   83   103  0   0.0%   0.501 AU:3    +
   21   106  0   0.0%   0.522 UA:3    +
   61    83  0   0.0%   1.037 UA:3    +
  104   114  0   0.0%   0.392 AU:3    +
   15    68  0   0.0%   0.012 AU:3    +
   52   100  0   0.0%   1.192 UA:3    +
   19    72  0   0.0%   0.811 CG:3    +
   80   100  0   0.0%   0.120 UA:3    +
   46    68  0   0.0%   0.464 AU:3    +
    3    73  0   0.0%   0.074 AU:3    +
   52    75  0   0.0%   0.789 UA:3    +
   44    76  0   0.0%   0.658 CG:3    +
    3    64  0   0.0%   0.074 AU:3    +
   24    67  0   0.0%   0.449 GC:3    +
   39    98  0   0.0%   0.504 UA:3    +
   46   103  0   0.0%   0.577 AU:3    +
   24    55  0   0.0%   0.518 GU:3    +
   52    92  0   0.0%   1.195 UA:3    +
   51    66  0   0.0%   0.754 GC:3    +
   12    45  0   0.0%   0.340 UG:3    +
   33    97  0   0.0%   0.058 AU:3    +
.................((.((((..(((((...))))))))).)).(((((.(((((..((((......)))))))))...))).)).......((((((....))))))....
