3 sequence; length of alignment 34
alifold output
    4    31  0 100.0%   0.000 CG:3   
    3    32  0 100.0%   0.000 GC:3   
   10    25  0 100.0%   0.000 CG:3   
    9    26  0 100.0%   0.000 CG:3   
    5    30  0 100.0%   0.001 GC:3   
    2    33  0  99.9%   0.003 CG:3   
    6    29  0  99.9%   0.004 GC:3   
   11    24  0  99.8%   0.007 GC:3   
    1    34  0  97.6%   0.072 GC:3   
   12    23  0  91.8%   0.243 AU:3   
    8    27  0  69.2%   0.766 GU:3   
   15    20  0  18.0%   1.191 GU:3    +
   13    20  0   5.0%   0.481 AU:3    +
   14    19  0   4.8%   0.462 AU:3    +
   14    20  0   1.6%   0.499 AU:3    +
   15    19  0   0.9%   0.298 GU:3    +
   13    19  0   0.4%   0.073 AU:3    +
   16    20  0   0.4%   0.601 AU:3    +
   18    22  0   0.4%   0.061 CG:3    +
   13    23  0   0.2%   0.290 AU:3    +
   17    23  0   0.2%   0.145 GU:3    +
   16    23  0   0.1%   0.148 AU:3    +
   14    23  0   0.1%   0.326 AU:3    +
   15    24  0   0.1%   0.373 GC:3    +
   12    20  0   0.1%   0.019 AU:3    +
    7    29  0   0.1%   0.016 GC:3    +
    6    30  0   0.0%   0.009 GC:3    +
    7    27  0   0.0%   0.006 GU:3    +
   12    19  0   0.0%   0.005 AU:3    +
   15    23  0   0.0%   0.453 GU:3    +
   11    20  0   0.0%   0.001 GU:3    +
    4    33  0   0.0%   0.001 CG:3    +
    5    32  0   0.0%   0.001 GC:3    +
    3    34  0   0.0%   0.024 GC:3    +
    8    18  0   0.0%   0.000 GC:3    +
    9    17  0   0.0%   0.000 CG:3    +
    7    19  0   0.0%   0.000 GU:3    +
   10    15  0   0.0%   0.000 CG:3    +
   11    18  0   0.0%   0.000 GC:3    +
   11    23  0   0.0%   0.001 GU:3    +
    7    30  0   0.0%   0.009 GC:3    +
    8    29  0   0.0%   0.260 GC:3    +
    8    23  0   0.0%   0.000 GU:3    +
    9    22  0   0.0%   0.000 CG:3    +
    7    24  0   0.0%   0.000 GC:3    +
    5    29  0   0.0%   0.000 GC:3    +
   17    24  0   0.0%   0.021 GC:3    +
    1    32  0   0.0%   0.000 GC:3    +
    2    31  0   0.0%   0.000 CG:3    +
((((((.(((((..........))))).))))))
