3 sequence; length of alignment 34
alifold output
   13    23  0  86.8%   0.437 UA:3   
   12    24  0  86.6%   0.421 CG:3   
   14    22  0  86.5%   0.451 GC:3   
    6    30  0  75.9%   0.688 AU:3   
    5    31  0  75.5%   0.702 CG:3   
    7    29  0  74.9%   1.152 CG:3   
    3    33  0  36.1%   1.467 GC:3   
    2    34  0  30.2%   1.933 GU:3   
    2     7  0  19.9%   0.966 GC:3    +
    1     8  0  19.9%   0.966 GC:3    +
    2    33  0  13.5%   1.227 GC:3    +
    1    34  0   9.9%   1.079 GU:3    +
   12    29  0   3.7%   0.835 CG:3    +
   13    28  0   3.6%   0.590 UA:3    +
   11    30  0   3.5%   0.623 AU:3    +
   19    24  0   2.0%   0.515 CG:3    +
   18    25  0   1.9%   0.394 UG:3    +
   22    29  0   1.9%   0.775 CG:3    +
   19    31  0   1.7%   0.631 CG:3    +
   14    19  0   1.6%   0.221 GC:3    +
    1    33  0   1.6%   0.526 GC:3    +
   13    20  0   1.5%   0.191 UA:3    +
   18    32  0   1.4%   0.320 UA:3    +
    8    25  0   1.4%   0.612 CG:3    +
    7    26  0   1.3%   0.569 CG:3    +
    5    29  0   1.3%   0.175 CG:3    +
    4    30  0   1.2%   0.168 AU:3    +
   21    30  0   1.1%   0.593 AU:3    +
   20    30  0   0.9%   0.588 AU:3    +
    8    24  0   0.9%   0.477 CG:3    +
    7    25  0   0.9%   0.476 CG:3    +
   19    26  0   0.7%   0.367 CG:3    +
   12    25  0   0.7%   0.337 CG:3    +
   18    27  0   0.7%   0.206 UA:3    +
   13    24  0   0.6%   0.450 UG:3    +
   24    33  0   0.6%   1.101 GC:3    +
    8    29  0   0.5%   0.822 CG:3    +
    9    33  0   0.5%   0.809 GC:3    +
   22    31  0   0.5%   0.572 CG:3    +
   23    30  0   0.5%   0.692 AU:3    +
   23    34  0   0.5%   0.827 AU:3    +
   25    33  0   0.4%   1.061 GC:3    +
    2     8  0   0.4%   0.711 GC:3    +
    3     7  0   0.4%   0.390 GC:3    +
   26    33  0   0.4%   0.978 GC:3    +
   25    34  0   0.3%   0.942 GU:3    +
    8    26  0   0.3%   0.562 CG:3    +
    9    19  0   0.2%   0.047 GC:3    +
   10    18  0   0.2%   0.043 AU:3    +
   24    34  0   0.2%   0.971 GU:3    +
   12    26  0   0.1%   0.266 CG:3    +
   13    25  0   0.1%   0.381 UG:3    +
   19    25  0   0.1%   0.399 CG:3    +
    5    26  0   0.1%   0.022 CG:3    +
   18    23  0   0.1%   0.154 UA:3    +
   29    33  0   0.1%   1.318 GC:3    +
    9    30  0   0.1%   0.299 GU:3    +
   28    34  0   0.1%   0.788 AU:3    +
    8    31  0   0.0%   0.720 CG:3    +
    9    22  0   0.0%   0.026 GC:3    +
   15    30  0   0.0%   0.400 AU:3    +
   18    26  0   0.0%   0.196 UG:3    +
   16    34  0   0.0%   0.604 AU:3    +
   18    24  0   0.0%   0.228 UG:3    +
    7    31  0   0.0%   0.885 CG:3    +
   13    32  0   0.0%   0.357 UA:3    +
    3    34  0   0.0%   0.992 GU:3    +
   12    31  0   0.0%   0.518 CG:3    +
    2    12  0   0.0%   0.351 GC:3    +
   14    33  0   0.0%   0.935 GC:3    +
    1    13  0   0.0%   0.330 GU:3    +
    5    14  0   0.0%   0.007 CG:3    +
    1     7  0   0.0%   0.006 GC:3    +
    6    13  0   0.0%   0.008 AU:3    +
    4    34  0   0.0%   0.652 AU:3    +
   13    21  0   0.0%   0.071 UA:3    +
    3     8  0   0.0%   0.371 GC:3    +
   25    30  0   0.0%   0.744 GU:3    +
    3    30  0   0.0%   0.031 GU:3    +
    2    30  0   0.0%   0.353 GU:3    +
   17    34  0   0.0%   0.602 AU:3    +
    3    12  0   0.0%   0.030 GC:3    +
    2    13  0   0.0%   0.351 GU:3    +
    1    19  0   0.0%   0.329 GC:3    +
    8    14  0   0.0%   0.350 CG:3    +
    2    18  0   0.0%   0.350 GU:3    +
   22    26  0   0.0%   0.259 CG:3    +
   10    30  0   0.0%   0.288 AU:3    +
    3    19  0   0.0%   0.028 GC:3    +
   17    30  0   0.0%   0.395 AU:3    +
    4    18  0   0.0%   0.003 AU:3    +
    1     5  0   0.0%   0.002 GC:3    +
   14    30  0   0.0%   0.587 GU:3    +
    5     9  0   0.0%   0.002 CG:3    +
   13    27  0   0.0%   0.230 UA:3    +
    1    30  0   0.0%   0.329 GU:3    +
    9    13  0   0.0%   0.006 GU:3    +
   27    34  0   0.0%   0.691 AU:3    +
   18    29  0   0.0%   0.560 UG:3    +
   13    31  0   0.0%   0.572 UG:3    +
    1    12  0   0.0%   0.325 GC:3    +
   13    29  0   0.0%   0.772 UG:3    +
   19    29  0   0.0%   0.626 CG:3    +
   15    34  0   0.0%   0.599 AU:3    +
   11    18  0   0.0%   0.016 AU:3    +
    9    34  0   0.0%   0.645 GU:3    +
    1    22  0   0.0%   0.328 GC:3    +
   14    18  0   0.0%   0.019 GU:3    +
    2    19  0   0.0%   0.350 GC:3    +
   24    30  0   0.0%   0.793 GU:3    +
   29    34  0   0.0%   1.161 GU:3    +
   16    30  0   0.0%   0.394 AU:3    +
   14    34  0   0.0%   0.794 GU:3    +
   26    30  0   0.0%   0.644 GU:3    +
    7    14  0   0.0%   0.348 CG:3    +
    3    18  0   0.0%   0.026 GU:3    +
   26    34  0   0.0%   0.805 GU:3    +
   10    34  0   0.0%   0.609 AU:3    +
   13    17  0   0.0%   0.005 UA:3    +
   11    34  0   0.0%   0.712 AU:3    +
   18    28  0   0.0%   0.257 UA:3    +
   13    26  0   0.0%   0.316 UG:3    +
    5    25  0   0.0%   0.003 CG:3    +
    7    24  0   0.0%   0.346 CG:3    +
    2    22  0   0.0%   0.349 GC:3    +
   20    34  0   0.0%   0.705 AU:3    +
    9    18  0   0.0%   0.003 GU:3    +
   21    34  0   0.0%   0.652 AU:3    +
   18    31  0   0.0%   0.359 UG:3    +
    6    34  0   0.0%   0.805 AU:3    +
    5    24  0   0.0%   0.003 CG:3    +
    4    13  0   0.0%   0.003 AU:3    +
.((.(((....(((.......)))....))).))
