3 sequence; length of alignment 37
alifold output
   11    30  0  92.4%   0.611 CG:3   
   10    31  0  92.3%   0.595 AU:3   
   12    29  0  92.3%   0.418 UA:3   
    9    32  0  91.7%   0.240 GC:3   
   13    28  0  91.4%   0.254 UG:3   
   16    25  0  90.7%   0.280 AU:3   
   17    24  0  90.3%   0.420 GC:3   
   14    27  0  84.7%   0.896 GU:3   
    7    34  0  23.6%   1.617 CG:3    +
    5    34  0  14.9%   0.972 CG:3    +
    6    33  0  12.8%   0.977 AU:3    +
   11    26  0   7.5%   0.587 CG:3    +
    7    30  0   7.5%   0.586 CG:3    +
    8    29  0   7.5%   0.586 UA:3    +
   10    27  0   7.5%   0.584 AU:3    +
   14    23  0   6.8%   0.569 GC:3    +
   15    22  0   6.8%   0.583 GC:3    +
    6    31  0   6.6%   0.543 AU:3    +
    4    34  0   3.3%   0.346 CG:3    +
    3    35  0   3.0%   0.319 UA:3    +
   14    24  0   1.5%   0.393 GC:3    +
   15    23  0   1.5%   0.575 GC:3    +
   17    22  0   0.7%   0.326 GC:3    +
   17    21  0   0.4%   0.077 GC:3    +
    8    34  0   0.3%   0.997 UG:3    +
   15    21  0   0.3%   0.049 GC:3    +
   14    22  0   0.2%   0.049 GC:3    +
   15    24  0   0.2%   0.369 GC:3    +
   14    25  0   0.2%   0.302 GU:3    +
   17    23  0   0.2%   0.336 GC:3    +
    8    35  0   0.0%   0.333 UA:3    +
    5    14  0   0.0%   0.011 CG:3    +
    4    15  0   0.0%   0.011 CG:3    +
    6    13  0   0.0%   0.009 AU:3    +
    3    16  0   0.0%   0.008 UA:3    +
    2    33  0   0.0%   0.010 AU:3    +
    3    34  0   0.0%   0.011 UG:3    +
    1     8  0   0.0%   0.006 AU:3    +
    6    27  0   0.0%   0.009 AU:3    +
    7    26  0   0.0%   0.006 CG:3    +
    5    28  0   0.0%   0.010 CG:3    +
    2     8  0   0.0%   0.008 AU:3    +
   12    19  0   0.0%   0.005 UA:3    +
   11    20  0   0.0%   0.005 CG:3    +
   13    18  0   0.0%   0.007 UA:3    +
   13    26  0   0.0%   0.205 UG:3    +
   17    32  0   0.0%   0.243 GC:3    +
   18    31  0   0.0%   0.259 AU:3    +
   21    26  0   0.0%   0.237 CG:3    +
   20    27  0   0.0%   0.343 GU:3    +
   21    28  0   0.0%   0.124 CG:3    +
    9    33  0   0.0%   0.350 GU:3    +
   16    33  0   0.0%   0.362 AU:3    +
    9    24  0   0.0%   0.003 GC:3    +
   15    32  0   0.0%   0.361 GC:3    +
   16    31  0   0.0%   0.346 AU:3    +
   14    33  0   0.0%   0.687 GU:3    +
   20    24  0   0.0%   0.173 GC:3    +
    9    22  0   0.0%   0.002 GC:3    +
   19    25  0   0.0%   0.105 AU:3    +
   13    34  0   0.0%   0.849 UG:3    +
   15    25  0   0.0%   0.292 GU:3    +
   14    21  0   0.0%   0.005 GC:3    +
   12    35  0   0.0%   0.185 UA:3    +
   21    30  0   0.0%   0.307 CG:3    +
    1    33  0   0.0%   0.003 AU:3    +
   18    25  0   0.0%   0.104 AU:3    +
   15    27  0   0.0%   0.617 GU:3    +
    2    31  0   0.0%   0.003 AU:3    +
   27    35  0   0.0%   0.448 UA:3    +
   26    36  0   0.0%   0.200 GC:3    +
    3    30  0   0.0%   0.004 UG:3    +
   16    27  0   0.0%   0.429 AU:3    +
   20    31  0   0.0%   0.259 GU:3    +
    4    30  0   0.0%   0.005 CG:3    +
   20    32  0   0.0%   0.085 GC:3    +
   19    33  0   0.0%   0.271 AU:3    +
   17    25  0   0.0%   0.260 GU:3    +
    4     9  0   0.0%   0.001 CG:3    +
   12    26  0   0.0%   0.199 UG:3    +
    3    29  0   0.0%   0.003 UA:3    +
    4    28  0   0.0%   0.004 CG:3    +
   13    29  0   0.0%   0.357 UA:3    +
   23    28  0   0.0%   0.343 CG:3    +
    5    26  0   0.0%   0.004 CG:3    +
    6    25  0   0.0%   0.003 AU:3    +
   22    26  0   0.0%   0.433 CG:3    +
    9    31  0   0.0%   0.182 GU:3    +
    9    23  0   0.0%   0.001 GC:3    +
   30    36  0   0.0%   0.270 GC:3    +
   12    28  0   0.0%   0.004 UG:3    +
    3    10  0   0.0%   0.000 UA:3    +
   31    35  0   0.0%   0.364 UA:3    +
    9    36  0   0.0%   0.083 GC:3    +
   22    28  0   0.0%   0.320 CG:3    +
   29    33  0   0.0%   0.537 AU:3    +
   22    30  0   0.0%   0.503 CG:3    +
    9    21  0   0.0%   0.001 GC:3    +
   24    30  0   0.0%   0.439 CG:3    +
   26    32  0   0.0%   0.281 GC:3    +
   24    34  0   0.0%   0.930 CG:3    +
    5     9  0   0.0%   0.000 CG:3    +
   25    29  0   0.0%   0.371 UA:3    +
    7    14  0   0.0%   0.004 CG:3    +
    4    17  0   0.0%   0.004 CG:3    +
    3    18  0   0.0%   0.003 UA:3    +
   17    27  0   0.0%   0.497 GU:3    +
   18    33  0   0.0%   0.272 AU:3    +
   15    36  0   0.0%   0.280 GC:3    +
   14    37  0   0.0%   0.419 GC:3    +
   24    28  0   0.0%   0.256 CG:3    +
   13    19  0   0.0%   0.006 UA:3    +
   17    36  0   0.0%   0.160 GC:3    +
   23    30  0   0.0%   0.527 CG:3    +
    9    27  0   0.0%   0.004 GU:3    +
   11    28  0   0.0%   0.198 CG:3    +
   12    20  0   0.0%   0.003 UG:3    +
    5    30  0   0.0%   0.006 CG:3    +
   10    33  0   0.0%   0.535 AU:3    +
   19    27  0   0.0%   0.340 AU:3    +
   18    27  0   0.0%   0.339 AU:3    +
    9    37  0   0.0%   0.082 GC:3    +
    8    28  0   0.0%   0.006 UG:3    +
........((((((.((......)).)))))).....
