3 sequence; length of alignment 91
alifold output
   40    49  0  99.5%   0.026 CG:3   
   36    54  0  99.5%   0.029 CG:3   
   35    55  0  99.5%   0.025 UA:3   
   34    56  0  99.4%   0.036 AU:3   
   39    50  0  99.3%   0.038 GC:3   
   33    57  0  99.0%   0.053 CG:3   
    9    65  0  97.7%   0.073 CG:3   
   10    64  0  97.7%   0.085 UA:3   
   11    63  0  97.6%   0.111 GC:3   
    8    66  0  97.6%   0.083 UG:3   
    7    67  0  97.1%   0.107 GC:3   
    4    70  0  97.0%   0.117 AU:3   
   41    48  0  96.2%   0.115 AU:3   
    5    69  0  95.5%   0.169 CG:3   
   37    53  0  94.9%   0.235 AU:3   
    3    71  0  94.7%   0.189 GC:3   
   32    58  0  84.4%   0.689 UG:3   
   42    47  0  83.6%   0.466 UG:3   
   12    62  0  81.3%   0.608 GU:3   
   14    60  0  70.4%   1.140 UA:3   
   13    61  0  63.6%   1.186 UG:3   
   79    84  0  60.3%   1.408 CG:3   
   78    85  0  60.1%   1.672 CG:3   
   15    59  0  51.8%   1.154 CG:3   
   73    90  0  46.9%   1.338 UA:3   
   31    59  0  44.3%   1.718 CG:3    +
   74    89  0  44.2%   1.386 UG:3   
   72    91  0  43.9%   1.625 CG:3   
   76    86  0  24.2%   1.102 AU:3    +
   75    87  0  22.4%   1.123 UA:3    +
    1    72  0  18.0%   0.962 GC:3    +
   77    85  0  16.1%   1.049 UG:3    +
   78    84  0  15.8%   1.091 CG:3    +
   18    25  0  12.4%   1.297 AU:3    +
   17    26  0  11.9%   1.281 AU:3    +
   17    25  0   9.3%   0.839 AU:3    +
   19    24  0   8.8%   0.979 AU:3    +
   16    26  0   8.6%   0.730 GU:3    +
   18    24  0   7.9%   0.728 AU:3    +
   31    58  0   5.4%   0.604 CG:3    +
   19    25  0   4.1%   1.200 AU:3    +
   18    26  0   3.8%   1.312 AU:3    +
   80    88  0   3.8%   0.538 GC:3    +
   79    89  0   3.7%   1.345 CG:3    +
    2    73  0   3.7%   0.422 AU:3    +
    1    74  0   2.8%   0.665 GU:3    +
   20    24  0   2.5%   0.832 AU:3    +
   19    26  0   2.3%   1.224 AU:3    +
   13    60  0   2.3%   0.495 UA:3    +
   16    25  0   2.2%   0.268 GU:3    +
   17    24  0   2.2%   0.286 AU:3    +
   20    25  0   2.0%   1.057 AU:3    +
    3    72  0   2.0%   0.618 GC:3    +
   14    29  0   1.9%   0.437 UA:3    +
   37    52  0   1.9%   0.236 AU:3    +
   74    90  0   1.8%   1.110 UA:3    +
   13    30  0   1.8%   0.372 UA:3    +
   75    89  0   1.7%   1.108 UG:3    +
   77    87  0   1.5%   0.937 UA:3    +
   14    59  0   1.3%   0.427 UG:3    +
   15    58  0   1.2%   0.182 CG:3    +
   12    31  0   1.2%   0.205 GC:3    +
   65    72  0   1.1%   0.622 GC:3    +
   66    71  0   1.1%   0.269 GC:3    +
   64    73  0   1.0%   0.349 AU:3    +
   59    78  0   0.8%   0.932 GC:3    +
   60    77  0   0.8%   0.529 AU:3    +
   20    26  0   0.8%   0.999 AU:3    +
   73    89  0   0.8%   0.438 UG:3    +
   58    79  0   0.8%   0.499 GC:3    +
   43    47  0   0.8%   0.282 CG:3    +
   14    28  0   0.8%   0.269 UA:3    +
   72    89  0   0.7%   0.666 CG:3    +
   73    91  0   0.7%   1.086 UG:3    +
   13    29  0   0.6%   0.223 UA:3    +
    6    88  0   0.6%   0.168 GC:3    +
   10    68  0   0.6%   0.126 UA:3    +
    9    69  0   0.6%   0.159 CG:3    +
    7    71  0   0.6%   0.194 GC:3    +
    9    85  0   0.6%   0.162 CG:3    +
   21    25  0   0.6%   0.898 AU:3    +
    6    72  0   0.6%   0.501 GC:3    +
   79    85  0   0.6%   1.143 CG:3    +
   11    67  0   0.6%   0.179 GC:3    +
   10    84  0   0.5%   0.170 UG:3    +
   13    23  0   0.5%   0.162 UA:3    +
    5    89  0   0.5%   0.183 CG:3    +
   14    22  0   0.5%   0.184 UA:3    +
   70    81  0   0.5%   0.192 UA:3    +
   71    80  0   0.5%   0.269 CG:3    +
   11    83  0   0.5%   0.191 GU:3    +
   15    61  0   0.5%   0.787 CG:3    +
   69    82  0   0.5%   0.222 GU:3    +
   16    63  0   0.5%   0.440 GC:3    +
   12    82  0   0.5%   0.372 GU:3    +
   13    65  0   0.5%   0.709 UG:3    +
   68    83  0   0.5%   0.175 AU:3    +
   17    62  0   0.5%   0.816 AU:3    +
   14    64  0   0.5%   0.660 UA:3    +
   12    24  0   0.5%   0.090 GU:3    +
   76    83  0   0.5%   0.169 AU:3    +
   67    84  0   0.4%   0.201 CG:3    +
   75    84  0   0.4%   0.237 UG:3    +
   21    26  0   0.4%   0.849 AU:3    +
   83    89  0   0.4%   0.890 UG:3    +
   47    88  0   0.4%   0.299 GC:3    +
   49    86  0   0.4%   0.076 GU:3    +
   48    87  0   0.4%   0.108 UA:3    +
   50    85  0   0.4%   0.105 CG:3    +
   84    88  0   0.4%   1.009 GC:3    +
   14    27  0   0.4%   0.183 UA:3    +
    1    73  0   0.4%   0.409 GU:3    +
   16    31  0   0.4%   0.426 GC:3    +
   56    81  0   0.4%   0.123 UA:3    +
   55    82  0   0.4%   0.118 AU:3    +
   13    81  0   0.4%   0.719 UA:3    +
   46    89  0   0.4%   0.097 CG:3    +
   14    21  0   0.4%   0.137 UA:3    +
   28    62  0   0.4%   0.338 AU:3    +
   24    30  0   0.4%   0.772 UA:3    +
   25    29  0   0.4%   0.989 UA:3    +
   82    87  0   0.4%   0.599 UA:3    +
   31    61  0   0.4%   0.998 CG:3    +
   82    90  0   0.3%   0.649 UA:3    +
   77    90  0   0.3%   0.945 UA:3    +
   51    84  0   0.3%   0.115 UG:3    +
   54    83  0   0.3%   0.111 GU:3    +
   11    32  0   0.3%   0.065 GU:3    +
   13    22  0   0.3%   0.115 UA:3    +
    2    77  0   0.3%   0.235 AU:3    +
    1    78  0   0.3%   0.538 GC:3    +
   78    89  0   0.3%   1.294 CG:3    +
   13    28  0   0.3%   0.163 UA:3    +
   32    60  0   0.3%   0.602 UA:3    +
   75    90  0   0.3%   0.964 UA:3    +
   30    62  0   0.3%   0.395 AU:3    +
    8    81  0   0.3%   0.085 UA:3    +
   72    84  0   0.3%   0.613 CG:3    +
    9    80  0   0.3%   0.106 CG:3    +
    1    75  0   0.3%   0.514 GU:3    +
    7    82  0   0.3%   0.125 GU:3    +
   14    19  0   0.3%   0.089 UA:3    +
    6    83  0   0.3%   0.105 GU:3    +
   65    86  0   0.3%   0.179 GU:3    +
   13    20  0   0.3%   0.077 UA:3    +
    5    84  0   0.3%   0.128 CG:3    +
    2    74  0   0.3%   0.302 AU:3    +
   14    80  0   0.3%   0.651 UG:3    +
   15    80  0   0.2%   0.517 CG:3    +
    5    12  0   0.2%   0.048 CG:3    +
   74    85  0   0.2%   0.267 UG:3    +
   25    60  0   0.2%   1.215 UA:3    +
   24    61  0   0.2%   1.020 UG:3    +
   14    20  0   0.2%   0.106 UA:3    +
   33    59  0   0.2%   0.829 CG:3    +
   16    79  0   0.2%   0.411 GC:3    +
   13    21  0   0.2%   0.082 UA:3    +
   71    85  0   0.2%   0.259 CG:3    +
   24    29  0   0.2%   0.769 UA:3    +
    4    13  0   0.2%   0.041 AU:3    +
    1    15  0   0.2%   0.035 GC:3    +
   72    85  0   0.2%   0.589 CG:3    +
   73    84  0   0.2%   0.348 UG:3    +
   78    91  0   0.2%   1.134 CG:3    +
   25    30  0   0.2%   0.951 UA:3    +
    5    39  0   0.2%   0.055 CG:3    +
    2    14  0   0.2%   0.033 AU:3    +
   23    62  0   0.2%   0.266 AU:3    +
   69    88  0   0.1%   0.201 GC:3    +
    2    42  0   0.1%   0.044 AU:3    +
    1    43  0   0.1%   0.043 GC:3    +
   70    87  0   0.1%   0.126 UA:3    +
   81    86  0   0.1%   0.524 AU:3    +
    6    38  0   0.1%   0.041 GU:3    +
   14    81  0   0.1%   0.669 UA:3    +
   74    91  0   0.1%   1.028 UG:3    +
   32    57  0   0.1%   0.066 UG:3    +
   13    19  0   0.1%   0.048 UA:3    +
   26    60  0   0.1%   1.132 UA:3    +
   39    51  0   0.1%   0.052 GU:3    +
   11    33  0   0.1%   0.051 GC:3    +
    1    71  0   0.1%   0.051 GC:3    +
   16    78  0   0.1%   0.409 GC:3    +
   14    18  0   0.1%   0.052 UA:3    +
   25    61  0   0.1%   1.210 UG:3    +
   17    77  0   0.1%   0.640 AU:3    +
    2    70  0   0.1%   0.049 AU:3    +
   10    34  0   0.1%   0.032 UA:3    +
   83    90  0   0.1%   0.656 UA:3    +
   22    26  0   0.1%   0.811 AU:3    +
   74    87  0   0.1%   0.223 UA:3    +
    3    14  0   0.1%   0.039 GU:3    +
    2    75  0   0.1%   0.209 AU:3    +
    4    73  0   0.1%   0.216 AU:3    +
    3    74  0   0.1%   0.292 GU:3    +
    6    15  0   0.1%   0.034 GC:3    +
    1    88  0   0.1%   0.521 GC:3    +
    5    16  0   0.1%   0.037 CG:3    +
    4    74  0   0.1%   0.197 AU:3    +
    7    14  0   0.1%   0.036 GU:3    +
   24    28  0   0.1%   0.693 UA:3    +
   63    89  0   0.1%   0.126 CG:3    +
    3    75  0   0.1%   0.202 GU:3    +
   26    30  0   0.1%   0.869 UA:3    +
   61    88  0   0.1%   0.446 GC:3    +
   62    90  0   0.1%   0.280 UA:3    +
    3    13  0   0.1%   0.017 GU:3    +
   14    23  0   0.1%   0.153 UA:3    +
   75    81  0   0.1%   0.159 UA:3    +
   74    81  0   0.1%   0.252 UA:3    +
   75    80  0   0.1%   0.132 UG:3    +
   62    87  0   0.1%   0.294 UA:3    +
   72    80  0   0.1%   0.556 CG:3    +
   82    91  0   0.1%   0.572 UG:3    +
    6    67  0   0.1%   0.036 GC:3    +
    5    11  0   0.1%   0.012 CG:3    +
    7    35  0   0.1%   0.019 GU:3    +
    6    36  0   0.1%   0.021 GC:3    +
   13    18  0   0.0%   0.029 UA:3    +
    7    36  0   0.0%   0.026 GC:3    +
    8    34  0   0.0%   0.015 UA:3    +
   15    89  0   0.0%   0.496 CG:3    +
   23    32  0   0.0%   0.072 AU:3    +
   16    88  0   0.0%   0.430 GC:3    +
   11    36  0   0.0%   0.051 GC:3    +
   20    74  0   0.0%   0.385 AU:3    +
   14    61  0   0.0%   0.858 UG:3    +
   27    32  0   0.0%   0.067 AU:3    +
   10    37  0   0.0%   0.022 UA:3    +
   19    75  0   0.0%   0.502 AU:3    +
    3    43  0   0.0%   0.039 GC:3    +
    7    40  0   0.0%   0.027 GC:3    +
   14    90  0   0.0%   0.624 UA:3    +
    4    42  0   0.0%   0.034 AU:3    +
   11    79  0   0.0%   0.102 GC:3    +
    8    39  0   0.0%   0.027 UG:3    +
   12    78  0   0.0%   0.304 GC:3    +
   16    24  0   0.0%   0.041 GU:3    +
   12    35  0   0.0%   0.110 GU:3    +
   29    62  0   0.0%   0.382 AU:3    +
   37    51  0   0.0%   0.013 AU:3    +
   13    27  0   0.0%   0.114 UA:3    +
   77    91  0   0.0%   0.869 UG:3    +
   17    32  0   0.0%   0.592 AU:3    +
   33    58  0   0.0%   0.387 CG:3    +
   13    34  0   0.0%   0.249 UA:3    +
    3    40  0   0.0%   0.026 GC:3    +
   12    63  0   0.0%   0.302 GC:3    +
   59    71  0   0.0%   0.873 GC:3    +
   26    59  0   0.0%   1.161 UG:3    +
   16    33  0   0.0%   0.345 GC:3    +
   40    47  0   0.0%   0.015 CG:3    +
   60    70  0   0.0%   0.423 AU:3    +
   58    72  0   0.0%   0.783 GC:3    +
    3     9  0   0.0%   0.008 GC:3    +
   39    48  0   0.0%   0.022 GU:3    +
   36    57  0   0.0%   0.043 CG:3    +
   37    56  0   0.0%   0.148 AU:3    +
    2    10  0   0.0%   0.008 AU:3    +
   74    80  0   0.0%   0.224 UG:3    +
   38    55  0   0.0%   0.026 UA:3    +
   79    91  0   0.0%   0.944 CG:3    +
    3    63  0   0.0%   0.030 GC:3    +
    4    62  0   0.0%   0.025 AU:3    +
   73    81  0   0.0%   0.310 UA:3    +
    5    61  0   0.0%   0.041 CG:3    +
    1    44  0   0.0%   0.030 GC:3    +
   27    62  0   0.0%   0.243 AU:3    +
   21    73  0   0.0%   0.248 AU:3    +
   33    54  0   0.0%   0.018 CG:3    +
   35    58  0   0.0%   0.377 UG:3    +
   11    78  0   0.0%   0.115 GC:3    +
   34    53  0   0.0%   0.020 AU:3    +
    4     8  0   0.0%   0.007 AU:3    +
    4    86  0   0.0%   0.070 AU:3    +
   13    17  0   0.0%   0.023 UA:3    +
   32    55  0   0.0%   0.043 UA:3    +
   12    77  0   0.0%   0.297 GU:3    +
   13    66  0   0.0%   0.664 UG:3    +
   38    49  0   0.0%   0.017 UG:3    +
   14    65  0   0.0%   0.641 UG:3    +
   44    91  0   0.0%   0.012 CG:3    +
   13    76  0   0.0%   0.641 UA:3    +
   12    26  0   0.0%   0.046 GU:3    +
   26    61  0   0.0%   1.112 UG:3    +
    6    10  0   0.0%   0.007 GU:3    +
   19    74  0   0.0%   0.594 AU:3    +
   14    30  0   0.0%   0.328 UA:3    +
   18    75  0   0.0%   0.634 AU:3    +
   62    68  0   0.0%   0.288 UA:3    +
   76    82  0   0.0%   0.101 AU:3    +
    5    85  0   0.0%   0.101 CG:3    +
   12    25  0   0.0%   0.045 GU:3    +
   22    32  0   0.0%   0.086 AU:3    +
   73    87  0   0.0%   0.264 UA:3    +
   12    88  0   0.0%   0.345 GC:3    +
   77    81  0   0.0%   0.183 UA:3    +
   10    90  0   0.0%   0.101 UA:3    +
   28    32  0   0.0%   0.102 AU:3    +
    3    15  0   0.0%   0.030 GC:3    +
    1     9  0   0.0%   0.004 GC:3    +
    1    79  0   0.0%   0.505 GC:3    +
    2     8  0   0.0%   0.004 AU:3    +
   71    89  0   0.0%   0.243 CG:3    +
   13    87  0   0.0%   0.664 UA:3    +
    9    91  0   0.0%   0.107 CG:3    +
   74    84  0   0.0%   0.266 UG:3    +
   53    84  0   0.0%   0.121 UG:3    +
   20    73  0   0.0%   0.400 AU:3    +
   13    91  0   0.0%   0.666 UG:3    +
   66    72  0   0.0%   0.549 GC:3    +
   24    69  0   0.0%   0.750 UG:3    +
   65    73  0   0.0%   0.312 GU:3    +
    9    16  0   0.0%   0.013 CG:3    +
   23    70  0   0.0%   0.089 AU:3    +
   26    64  0   0.0%   0.819 UA:3    +
   25    65  0   0.0%   0.915 UG:3    +
   17    56  0   0.0%   0.569 AU:3    +
   21    32  0   0.0%   0.115 AU:3    +
   16    62  0   0.0%   0.506 GU:3    +
   12    67  0   0.0%   0.335 GC:3    +
   64    74  0   0.0%   0.237 AU:3    +
    8    17  0   0.0%   0.006 UA:3    +
    3    73  0   0.0%   0.302 GU:3    +
   66    78  0   0.0%   0.155 GC:3    +
    1    33  0   0.0%   0.016 GC:3    +
   65    79  0   0.0%   0.165 GC:3    +
    2    32  0   0.0%   0.017 AU:3    +
   11    62  0   0.0%   0.042 GU:3    +
   61    67  0   0.0%   0.428 GC:3    +
   70    90  0   0.0%   0.091 UA:3    +
    3    31  0   0.0%   0.019 GC:3    +
   73    85  0   0.0%   0.300 UG:3    +
    6    44  0   0.0%   0.028 GC:3    +
    7    43  0   0.0%   0.033 GC:3    +
   66    86  0   0.0%   0.124 GU:3    +
   63    80  0   0.0%   0.105 CG:3    +
   62    81  0   0.0%   0.327 UA:3    +
   25    68  0   0.0%   0.893 UA:3    +
   20    32  0   0.0%   0.269 AU:3    +
    8    87  0   0.0%   0.055 UA:3    +
   61    82  0   0.0%   0.435 GU:3    +
    7    88  0   0.0%   0.132 GC:3    +
   77    89  0   0.0%   0.998 UG:3    +
   62    66  0   0.0%   0.282 UG:3    +
    3    88  0   0.0%   0.178 GC:3    +
   24    66  0   0.0%   0.701 UG:3    +
   62    76  0   0.0%   0.259 UA:3    +
   16    74  0   0.0%   0.490 GU:3    +
   24    60  0   0.0%   0.994 UA:3    +
   17    73  0   0.0%   0.747 AU:3    +
   11    25  0   0.0%   0.007 GU:3    +
   19    32  0   0.0%   0.485 AU:3    +
   60    83  0   0.0%   0.485 AU:3    +
    4    14  0   0.0%   0.033 AU:3    +
   21    74  0   0.0%   0.226 AU:3    +
   20    75  0   0.0%   0.284 AU:3    +
   75    91  0   0.0%   0.903 UG:3    +
    3    86  0   0.0%   0.171 GU:3    +
   77    84  0   0.0%   0.217 UG:3    +
   18    32  0   0.0%   0.622 AU:3    +
   17    74  0   0.0%   0.724 AU:3    +
   61    77  0   0.0%   0.438 GU:3    +
   32    59  0   0.0%   0.955 UG:3    +
   67    85  0   0.0%   0.143 CG:3    +
   16    75  0   0.0%   0.390 GU:3    +
   15    84  0   0.0%   0.502 CG:3    +
   18    77  0   0.0%   0.631 AU:3    +
   73    80  0   0.0%   0.287 UG:3    +
   80    86  0   0.0%   0.473 GU:3    +
   16    32  0   0.0%   0.350 GU:3    +
   18    74  0   0.0%   0.730 AU:3    +
   15    85  0   0.0%   0.489 CG:3    +
   38    47  0   0.0%   0.012 UG:3    +
   39    46  0   0.0%   0.016 GC:3    +
   14    85  0   0.0%   0.645 UG:3    +
   68    77  0   0.0%   0.105 AU:3    +
   16    83  0   0.0%   0.426 GU:3    +
   18    73  0   0.0%   0.752 AU:3    +
    6    40  0   0.0%   0.026 GC:3    +
    3    78  0   0.0%   0.188 GC:3    +
    9    39  0   0.0%   0.019 CG:3    +
   17    75  0   0.0%   0.625 AU:3    +
   83    87  0   0.0%   0.581 UA:3    +
    2    86  0   0.0%   0.199 AU:3    +
   61    75  0   0.0%   0.403 GU:3    +
   86    91  0   0.0%   0.827 UG:3    +
   14    76  0   0.0%   0.592 UA:3    +
    4    77  0   0.0%   0.083 AU:3    +
   37    48  0   0.0%   0.005 AU:3    +
    1    36  0   0.0%   0.015 GC:3    +
    2    35  0   0.0%   0.016 AU:3    +
   17    82  0   0.0%   0.647 AU:3    +
   22    73  0   0.0%   0.215 AU:3    +
   63    69  0   0.0%   0.131 CG:3    +
    3    36  0   0.0%   0.019 GC:3    +
   15    65  0   0.0%   0.493 CG:3    +
   31    57  0   0.0%   0.078 CG:3    +
    4    35  0   0.0%   0.016 AU:3    +
   36    49  0   0.0%   0.013 CG:3    +
   60    75  0   0.0%   0.416 AU:3    +
   65    88  0   0.0%   0.192 GC:3    +
   19    73  0   0.0%   0.614 AU:3    +
    1    40  0   0.0%   0.015 GC:3    +
   18    56  0   0.0%   0.599 AU:3    +
    8    41  0   0.0%   0.012 UA:3    +
   61    74  0   0.0%   0.503 GU:3    +
    2    82  0   0.0%   0.198 AU:3    +
   13    59  0   0.0%   0.234 UG:3    +
   12    32  0   0.0%   0.118 GU:3    +
   11    44  0   0.0%   0.041 GC:3    +
    1    63  0   0.0%   0.027 GC:3    +
   86    90  0   0.0%   0.899 UA:3    +
   12    43  0   0.0%   0.115 GC:3    +
    4    38  0   0.0%   0.016 AU:3    +
    1    83  0   0.0%   0.503 GU:3    +
   11    31  0   0.0%   0.007 GC:3    +
   61    78  0   0.0%   0.441 GC:3    +
   18    62  0   0.0%   0.797 AU:3    +
    6    71  0   0.0%   0.089 GC:3    +
    6    43  0   0.0%   0.036 GC:3    +
    7    42  0   0.0%   0.031 GU:3    +
   24    65  0   0.0%   0.724 UG:3    +
   25    64  0   0.0%   0.909 UA:3    +
    8    37  0   0.0%   0.009 UA:3    +
    2    62  0   0.0%   0.026 AU:3    +
   61    71  0   0.0%   0.457 GC:3    +
   21    75  0   0.0%   0.126 AU:3    +
   82    89  0   0.0%   0.823 UG:3    +
   22    74  0   0.0%   0.193 AU:3    +
   26    66  0   0.0%   0.796 UG:3    +
    7    83  0   0.0%   0.109 GU:3    +
   14    66  0   0.0%   0.615 UG:3    +
   16    71  0   0.0%   0.449 GC:3    +
    7    38  0   0.0%   0.024 GU:3    +
   39    44  0   0.0%   0.018 GC:3    +
   17    70  0   0.0%   0.631 AU:3    +
   68    75  0   0.0%   0.070 AU:3    +
   75    85  0   0.0%   0.164 UG:3    +
   10    45  0   0.0%   0.017 UA:3    +
   26    58  0   0.0%   0.810 UG:3    +
   69    74  0   0.0%   0.214 GU:3    +
   83    91  0   0.0%   0.576 UG:3    +
    3    70  0   0.0%   0.034 GU:3    +
   65    71  0   0.0%   0.145 GC:3    +
   14    58  0   0.0%   0.254 UG:3    +
   64    86  0   0.0%   0.124 AU:3    +
    1     5  0   0.0%   0.001 GC:3    +
   20    70  0   0.0%   0.281 AU:3    +
   11    15  0   0.0%   0.024 GC:3    +
   10    41  0   0.0%   0.017 UA:3    +
    7    31  0   0.0%   0.008 GC:3    +
   11    40  0   0.0%   0.043 GC:3    +
   12    83  0   0.0%   0.347 GU:3    +
    6    33  0   0.0%   0.011 GC:3    +
    6    79  0   0.0%   0.059 GC:3    +
   62    89  0   0.0%   0.315 UG:3    +
    5    80  0   0.0%   0.082 CG:3    +
   38    45  0   0.0%   0.011 UA:3    +
   69    75  0   0.0%   0.113 GU:3    +
   16    36  0   0.0%   0.343 GC:3    +
   71    91  0   0.0%   0.187 CG:3    +
    8    30  0   0.0%   0.005 UA:3    +
    7    70  0   0.0%   0.085 GU:3    +
   22    62  0   0.0%   0.256 AU:3    +
    3    33  0   0.0%   0.019 GC:3    +
   17    83  0   0.0%   0.647 AU:3    +
   25    58  0   0.0%   0.893 UG:3    +
   17    35  0   0.0%   0.573 AU:3    +
   47    56  0   0.0%   0.202 GU:3    +
   48    55  0   0.0%   0.050 UA:3    +
    7    78  0   0.0%   0.096 GC:3    +
   46    57  0   0.0%   0.023 CG:3    +
   65    78  0   0.0%   0.178 GC:3    +
   44    58  0   0.0%   0.365 CG:3    +
   43    59  0   0.0%   0.829 CG:3    +
   61    72  0   0.0%   0.783 GC:3    +
   11    26  0   0.0%   0.006 GU:3    +
    3    44  0   0.0%   0.026 GC:3    +
    1    77  0   0.0%   0.482 GU:3    +
    4    32  0   0.0%   0.016 AU:3    +
   42    60  0   0.0%   0.539 UA:3    +
    6    32  0   0.0%   0.010 GU:3    +
   24    58  0   0.0%   0.712 UG:3    +
   60    73  0   0.0%   0.537 AU:3    +
   25    59  0   0.0%   1.237 UG:3    +
    9    59  0   0.0%   0.006 CG:3    +
   10    80  0   0.0%   0.085 UG:3    +
   21    62  0   0.0%   0.286 AU:3    +
   66    77  0   0.0%   0.150 GU:3    +
    8    60  0   0.0%   0.012 UA:3    +
   19    62  0   0.0%   0.658 AU:3    +
   20    62  0   0.0%   0.441 AU:3    +
   18    82  0   0.0%   0.645 AU:3    +
   10    27  0   0.0%   0.005 UA:3    +
   10    58  0   0.0%   0.017 UG:3    +
   26    65  0   0.0%   0.821 UG:3    +
   40    61  0   0.0%   0.378 CG:3    +
    4    75  0   0.0%   0.092 AU:3    +
   13    39  0   0.0%   0.246 UG:3    +
   12    40  0   0.0%   0.107 GC:3    +
   63    85  0   0.0%   0.111 CG:3    +
   21    53  0   0.0%   0.087 AU:3    +
   22    52  0   0.0%   0.056 AU:3    +
   23    73  0   0.0%   0.206 AU:3    +
   69    78  0   0.0%   0.150 GC:3    +
   69    86  0   0.0%   0.145 GU:3    +
   23    51  0   0.0%   0.037 AU:3    +
   20    53  0   0.0%   0.242 AU:3    +
   15    57  0   0.0%   0.020 CG:3    +
   21    52  0   0.0%   0.087 AU:3    +
   39    62  0   0.0%   0.285 GU:3    +
   21    70  0   0.0%   0.125 AU:3    +
   25    66  0   0.0%   0.889 UG:3    +
   57    73  0   0.0%   0.180 GU:3    +
   22    51  0   0.0%   0.056 AU:3    +
   22    70  0   0.0%   0.095 AU:3    +
   19    56  0   0.0%   0.460 AU:3    +
    7    33  0   0.0%   0.008 GC:3    +
   66    70  0   0.0%   0.071 GU:3    +
   24    81  0   0.0%   0.722 UA:3    +
   23    82  0   0.0%   0.092 AU:3    +
    7    15  0   0.0%   0.025 GC:3    +
   22    83  0   0.0%   0.101 AU:3    +
   40    54  0   0.0%   0.021 CG:3    +
   27    75  0   0.0%   0.066 AU:3    +
   11    88  0   0.0%   0.159 GC:3    +
   41    53  0   0.0%   0.091 AU:3    +
   26    76  0   0.0%   0.771 UA:3    +
   10    17  0   0.0%   0.005 UA:3    +
   25    80  0   0.0%   0.909 UG:3    +
    9    89  0   0.0%   0.131 CG:3    +
   10    16  0   0.0%   0.011 UG:3    +
    2    83  0   0.0%   0.198 AU:3    +
   28    74  0   0.0%   0.221 AU:3    +
   65    74  0   0.0%   0.243 GU:3    +
   24    68  0   0.0%   0.703 UA:3    +
   43    91  0   0.0%   0.056 CG:3    +
   44    57  0   0.0%   0.025 CG:3    +
   43    58  0   0.0%   0.413 CG:3    +
    8    90  0   0.0%   0.053 UA:3    +
   45    56  0   0.0%   0.011 AU:3    +
   30    56  0   0.0%   0.111 AU:3    +
   64    75  0   0.0%   0.135 AU:3    +
    6    31  0   0.0%   0.010 GC:3    +
   10    19  0   0.0%   0.004 UA:3    +
   44    49  0   0.0%   0.011 CG:3    +
   25    69  0   0.0%   0.937 UG:3    +
   46    54  0   0.0%   0.008 CG:3    +
   27    53  0   0.0%   0.028 AU:3    +
   16    73  0   0.0%   0.511 GU:3    +
   66    88  0   0.0%   0.150 GC:3    +
   33    39  0   0.0%   0.026 CG:3    +
   26    54  0   0.0%   0.755 UG:3    +
   28    52  0   0.0%   0.064 AU:3    +
   52    84  0   0.0%   0.142 UG:3    +
   31    39  0   0.0%   0.090 CG:3    +
    1    86  0   0.0%   0.503 GU:3    +
   25    55  0   0.0%   0.838 UA:3    +
    5    91  0   0.0%   0.127 CG:3    +
   58    63  0   0.0%   0.416 GC:3    +
   10    85  0   0.0%   0.128 UG:3    +
   29    51  0   0.0%   0.142 AU:3    +
   20    56  0   0.0%   0.243 AU:3    +
   18    86  0   0.0%   0.604 AU:3    +
   47    53  0   0.0%   0.244 GU:3    +
    7    32  0   0.0%   0.008 GU:3    +
   26    68  0   0.0%   0.799 UA:3    +
   58    78  0   0.0%   0.396 GC:3    +
   16    56  0   0.0%   0.331 GU:3    +
   71    84  0   0.0%   0.258 CG:3    +
   19    70  0   0.0%   0.497 AU:3    +
    9    66  0   0.0%   0.052 CG:3    +
    6    73  0   0.0%   0.209 GU:3    +
    7    72  0   0.0%   0.491 GC:3    +
   57    79  0   0.0%   0.039 GC:3    +
   66    73  0   0.0%   0.285 GU:3    +
   54    82  0   0.0%   0.051 GU:3    +
   70    76  0   0.0%   0.046 UA:3    +
   15    39  0   0.0%   0.033 CG:3    +
   39    52  0   0.0%   0.109 GU:3    +
   34    38  0   0.0%   0.024 AU:3    +
   17    86  0   0.0%   0.606 AU:3    +
   59    77  0   0.0%   0.809 GU:3    +
   69    77  0   0.0%   0.147 GU:3    +
   14    34  0   0.0%   0.267 UA:3    +
   60    74  0   0.0%   0.515 AU:3    +
   55    77  0   0.0%   0.040 AU:3    +
   43    49  0   0.0%   0.059 CG:3    +
   10    28  0   0.0%   0.005 UA:3    +
   10    89  0   0.0%   0.126 UG:3    +
   29    73  0   0.0%   0.302 AU:3    +
   32    90  0   0.0%   0.214 UA:3    +
   59    74  0   0.0%   0.915 GU:3    +
   52    85  0   0.0%   0.131 UG:3    +
   31    85  0   0.0%   0.647 CG:3    +
   31    91  0   0.0%   0.618 CG:3    +
   56    76  0   0.0%   0.013 UA:3    +
   30    86  0   0.0%   0.130 AU:3    +
    9    84  0   0.0%   0.089 CG:3    +
   35    54  0   0.0%   0.010 UG:3    +
   63    84  0   0.0%   0.122 CG:3    +
   42    90  0   0.0%   0.168 UA:3    +
   54    78  0   0.0%   0.040 GC:3    +
   19    53  0   0.0%   0.459 AU:3    +
   56    80  0   0.0%   0.057 UG:3    +
   64    83  0   0.0%   0.163 AU:3    +
   20    52  0   0.0%   0.241 AU:3    +
   25    90  0   0.0%   0.867 UA:3    +
   14    41  0   0.0%   0.254 UA:3    +
   26    89  0   0.0%   0.801 UG:3    +
   33    89  0   0.0%   0.072 CG:3    +
   32    84  0   0.0%   0.254 UG:3    +
   21    51  0   0.0%   0.086 AU:3    +
    9    61  0   0.0%   0.008 CG:3    +
   10    60  0   0.0%   0.017 UA:3    +
   24    64  0   0.0%   0.721 UA:3    +
   10    18  0   0.0%   0.004 UA:3    +
    8    85  0   0.0%   0.054 UG:3    +
    3    25  0   0.0%   0.016 GU:3    +
    9    58  0   0.0%   0.005 CG:3    +
    4    24  0   0.0%   0.014 AU:3    +
   10    65  0   0.0%   0.062 UG:3    +
   41    52  0   0.0%   0.115 AU:3    +
   62    69  0   0.0%   0.329 UG:3    +
   19    77  0   0.0%   0.494 AU:3    +
   43    89  0   0.0%   0.085 CG:3    +
   22    75  0   0.0%   0.093 AU:3    +
   16    72  0   0.0%   0.774 GC:3    +
    8    59  0   0.0%   0.012 UG:3    +
    1    42  0   0.0%   0.015 GU:3    +
   55    62  0   0.0%   0.262 AU:3    +
    2    26  0   0.0%   0.014 AU:3    +
   54    63  0   0.0%   0.062 GC:3    +
   12    36  0   0.0%   0.111 GC:3    +
   68    74  0   0.0%   0.170 AU:3    +
   26    57  0   0.0%   0.755 UG:3    +
   42    59  0   0.0%   0.939 UG:3    +
   56    61  0   0.0%   0.374 UG:3    +
   11    72  0   0.0%   0.505 GC:3    +
   23    74  0   0.0%   0.184 AU:3    +
   12    71  0   0.0%   0.361 GC:3    +
    2    38  0   0.0%   0.015 AU:3    +
   67    89  0   0.0%   0.147 CG:3    +
   21    56  0   0.0%   0.088 AU:3    +
   53    64  0   0.0%   0.102 UA:3    +
    7    86  0   0.0%   0.096 GU:3    +
   20    77  0   0.0%   0.277 AU:3    +
   42    55  0   0.0%   0.172 UA:3    +
   58    75  0   0.0%   0.399 GU:3    +
   41    56  0   0.0%   0.049 AU:3    +
   40    57  0   0.0%   0.035 CG:3    +
   10    21  0   0.0%   0.004 UA:3    +
   62    85  0   0.0%   0.310 UG:3    +
    7    24  0   0.0%   0.006 GU:3    +
   65    70  0   0.0%   0.095 GU:3    +
    8    28  0   0.0%   0.004 UA:3    +
   27    56  0   0.0%   0.030 AU:3    +
   43    54  0   0.0%   0.060 CG:3    +
   16    38  0   0.0%   0.341 GU:3    +
    8    23  0   0.0%   0.004 UA:3    +
   12    38  0   0.0%   0.109 GU:3    +
    4    82  0   0.0%   0.064 AU:3    +
   14    37  0   0.0%   0.257 UA:3    +
   32    61  0   0.0%   0.572 UG:3    +
   53    80  0   0.0%   0.099 UG:3    +
   70    85  0   0.0%   0.124 UG:3    +
    6    13  0   0.0%   0.018 GU:3    +
   13    37  0   0.0%   0.236 UA:3    +
   65    82  0   0.0%   0.172 GU:3    +
   63    91  0   0.0%   0.067 CG:3    +
   29    56  0   0.0%   0.143 AU:3    +
    2    25  0   0.0%   0.014 AU:3    +
   38    54  0   0.0%   0.020 UG:3    +
    7    63  0   0.0%   0.021 GC:3    +
    3    83  0   0.0%   0.169 GU:3    +
   10    22  0   0.0%   0.004 UA:3    +
   24    59  0   0.0%   1.057 UG:3    +
   42    49  0   0.0%   0.170 UG:3    +
   10    20  0   0.0%   0.004 UA:3    +
   13    41  0   0.0%   0.233 UA:3    +
   52    81  0   0.0%   0.124 UA:3    +
   24    91  0   0.0%   0.678 UG:3    +
    1    26  0   0.0%   0.013 GU:3    +
    6    70  0   0.0%   0.065 GU:3    +
   52    65  0   0.0%   0.129 UG:3    +
   11    24  0   0.0%   0.004 GU:3    +
    1    38  0   0.0%   0.014 GU:3    +
    2    24  0   0.0%   0.013 AU:3    +
   10    23  0   0.0%   0.004 UA:3    +
    6    63  0   0.0%   0.026 GC:3    +
   59    63  0   0.0%   0.832 GC:3    +
   67    80  0   0.0%   0.110 CG:3    +
   69    73  0   0.0%   0.282 GU:3    +
   16    43  0   0.0%   0.345 GC:3    +
   64    70  0   0.0%   0.092 AU:3    +
    6    25  0   0.0%   0.008 GU:3    +
   42    91  0   0.0%   0.166 UG:3    +
    3    79  0   0.0%   0.170 GC:3    +
   58    62  0   0.0%   0.612 GU:3    +
   23    56  0   0.0%   0.038 AU:3    +
   19    52  0   0.0%   0.458 AU:3    +
   16    40  0   0.0%   0.338 GC:3    +
   18    53  0   0.0%   0.597 AU:3    +
   18    70  0   0.0%   0.636 AU:3    +
    3    82  0   0.0%   0.169 GU:3    +
   17    42  0   0.0%   0.578 AU:3    +
   15    66  0   0.0%   0.467 CG:3    +
    7    62  0   0.0%   0.021 GU:3    +
   51    57  0   0.0%   0.033 UG:3    +
   10    29  0   0.0%   0.005 UA:3    +
    3    77  0   0.0%   0.187 GU:3    +
   13    58  0   0.0%   0.233 UG:3    +
   20    51  0   0.0%   0.241 AU:3    +
   44    89  0   0.0%   0.036 CG:3    +
    8    27  0   0.0%   0.004 UA:3    +
    7    26  0   0.0%   0.006 GU:3    +
   61    73  0   0.0%   0.523 GU:3    +
    3    38  0   0.0%   0.018 GU:3    +
   50    58  0   0.0%   0.367 CG:3    +
   13    64  0   0.0%   0.631 UA:3    +
    1    25  0   0.0%   0.013 GU:3    +
   16    77  0   0.0%   0.382 GU:3    +
   54    79  0   0.0%   0.024 GC:3    +
   21    83  0   0.0%   0.134 AU:3    +
   12    33  0   0.0%   0.106 GC:3    +
   24    55  0   0.0%   0.657 UA:3    +
   59    75  0   0.0%   0.815 GU:3    +
   57    75  0   0.0%   0.058 GU:3    +
   15    69  0   0.0%   0.515 CG:3    +
    3    42  0   0.0%   0.030 GU:3    +
    3    24  0   0.0%   0.016 GU:3    +
   10    39  0   0.0%   0.029 UG:3    +
   25    89  0   0.0%   0.895 UG:3    +
   24    90  0   0.0%   0.679 UA:3    +
   17    38  0   0.0%   0.575 AU:3    +
    1    46  0   0.0%   0.026 GC:3    +
   12    72  0   0.0%   0.687 GC:3    +
   11    73  0   0.0%   0.242 GU:3    +
   19    86  0   0.0%   0.467 AU:3    +
..(((.(((((((((................((((((.((((....))))..))))))))))))))).)))(((...((....))...)))
