3 sequence; length of alignment 35
alifold output
    9    20  0  99.6%   0.021 GC:3   
   10    19  0  99.6%   0.021 AU:3   
   11    18  0  99.4%   0.026 AU:3   
   12    17  0  98.6%   0.051 GC:3   
    8    21  0  67.9%   1.123 CG:3    +
    6    22  0  42.6%   1.296 GC:3   
   24    32  0  37.8%   2.126 UG:3   
   23    33  0  37.8%   1.957 GC:3   
   25    31  0  37.7%   2.077 GC:3   
    7    23  0  30.4%   1.428 CG:3    +
    6    24  0  26.7%   1.808 GU:3    +
    7    21  0  22.0%   1.000 CG:3   
    5    30  0  14.9%   1.104 GC:3    +
    4    31  0  14.8%   1.038 GC:3    +
    2    25  0  10.4%   0.718 CG:3    +
    3    24  0   9.9%   0.697 AU:3    +
   22    32  0   9.3%   1.292 CG:3    +
   23    31  0   9.2%   1.363 GC:3    +
   21    33  0   9.0%   1.283 GC:3    +
    5    22  0   7.1%   0.577 GC:3    +
   25    30  0   6.2%   1.128 GC:3    +
    4    24  0   4.2%   0.650 GU:3    +
    6    29  0   2.8%   1.065 GU:3    +
    3    27  0   1.2%   0.429 AU:3    +
    2    32  0   1.1%   0.392 CG:3    +
    1    27  0   0.8%   0.127 AU:3    +
   25    33  0   0.8%   1.537 GC:3    +
   24    34  0   0.7%   1.205 UA:3    +
    5    31  0   0.7%   0.900 GC:3    +
    6    30  0   0.6%   1.227 GC:3    +
   23    35  0   0.6%   1.063 GU:3    +
    4    30  0   0.4%   0.236 GC:3    +
    5    29  0   0.4%   0.292 GU:3    +
    6    33  0   0.3%   0.933 GC:3    +
    7    32  0   0.3%   0.809 CG:3    +
    4    27  0   0.3%   0.289 GU:3    +
    4    33  0   0.2%   0.517 GC:3    +
    5    24  0   0.2%   0.596 GU:3    +
    4    22  0   0.2%   0.039 GC:3    +
    7    25  0   0.2%   0.962 CG:3    +
    3    29  0   0.1%   0.318 AU:3    +
    2    23  0   0.1%   0.027 CG:3    +
   23    30  0   0.1%   0.742 GC:3    +
    1    24  0   0.1%   0.023 AU:3    +
   25    29  0   0.1%   0.419 GU:3    +
    1    29  0   0.1%   0.064 AU:3    +
    9    17  0   0.1%   0.019 GC:3    +
   10    16  0   0.1%   0.018 AU:3    +
    6    31  0   0.1%   1.186 GC:3    +
    5    27  0   0.1%   0.324 GU:3    +
   27    34  0   0.1%   0.164 UA:3    +
   17    25  0   0.1%   0.283 CG:3    +
   16    26  0   0.0%   0.021 UA:3    +
   13    29  0   0.0%   0.157 AU:3    +
   12    30  0   0.0%   0.370 GC:3    +
   26    35  0   0.0%   0.050 AU:3    +
   12    20  0   0.0%   0.032 GC:3    +
   27    32  0   0.0%   0.781 UG:3    +
   13    19  0   0.0%   0.017 AU:3    +
   14    28  0   0.0%   0.011 UA:3    +
   11    15  0   0.0%   0.011 AU:3    +
    4    17  0   0.0%   0.007 GC:3    +
    5    16  0   0.0%   0.006 GU:3    +
   29    34  0   0.0%   0.197 UA:3    +
    5    33  0   0.0%   0.569 GC:3    +
   28    35  0   0.0%   0.048 AU:3    +
    3    18  0   0.0%   0.005 AU:3    +
    1    35  0   0.0%   0.058 AU:3    +
    6    15  0   0.0%   0.007 GU:3    +
    6    20  0   0.0%   0.011 GC:3    +
    9    30  0   0.0%   0.355 GC:3    +
   10    29  0   0.0%   0.154 AU:3    +
    2     6  0   0.0%   0.004 CG:3    +
    9    31  0   0.0%   0.339 GC:3    +
   14    26  0   0.0%   0.004 UA:3    +
   13    27  0   0.0%   0.121 AU:3    +
   15    25  0   0.0%   0.256 UG:3    +
    4     8  0   0.0%   0.004 GC:3    +
   21    35  0   0.0%   0.820 GU:3    +
   24    28  0   0.0%   0.740 UA:3    +
    8    23  0   0.0%   0.638 CG:3    +
    5    17  0   0.0%   0.007 GC:3    +
   17    23  0   0.0%   0.397 CG:3    +
    4    18  0   0.0%   0.008 GU:3    +
    8    32  0   0.0%   0.336 CG:3    +
   23    29  0   0.0%   0.520 GU:3    +
    6    27  0   0.0%   0.838 GU:3    +
    9    22  0   0.0%   0.575 GC:3    +
    3    35  0   0.0%   0.298 AU:3    +
    9    33  0   0.0%   0.052 GC:3    +
    3    19  0   0.0%   0.004 AU:3    +
    6    16  0   0.0%   0.007 GU:3    +
    4    20  0   0.0%   0.007 GC:3    +
    5    19  0   0.0%   0.006 GU:3    +
    8    25  0   0.0%   0.513 CG:3    +
    5    20  0   0.0%   0.006 GC:3    +
    9    19  0   0.0%   0.009 GU:3    +
    4    35  0   0.0%   0.491 GU:3    +
    6    19  0   0.0%   0.007 GU:3    +
    6    18  0   0.0%   0.008 GU:3    +
   10    18  0   0.0%   0.010 AU:3    +
    4    29  0   0.0%   0.181 GU:3    +
    5    35  0   0.0%   0.554 GU:3    +
    2     9  0   0.0%   0.002 CG:3    +
    9    24  0   0.0%   0.745 GU:3    +
   12    19  0   0.0%   0.022 GU:3    +
   13    18  0   0.0%   0.011 AU:3    +
   12    18  0   0.0%   0.025 GU:3    +
    7    12  0   0.0%   0.001 CG:3    +
   21    31  0   0.0%   0.919 GC:3    +
   19    34  0   0.0%   0.011 UA:3    +
    6    17  0   0.0%   0.007 GC:3    +
    5    18  0   0.0%   0.006 GU:3    +
   11    19  0   0.0%   0.017 AU:3    +
   10    15  0   0.0%   0.002 AU:3    +
    9    16  0   0.0%   0.003 GU:3    +
   12    16  0   0.0%   0.009 GU:3    +
   23    27  0   0.0%   0.488 GU:3    +
    4    19  0   0.0%   0.005 GU:3    +
    5    14  0   0.0%   0.000 GU:3    +
    4    15  0   0.0%   0.002 GU:3    +
    9    15  0   0.0%   0.002 GU:3    +
   10    14  0   0.0%   0.000 AU:3    +
    8    12  0   0.0%   0.002 CG:3    +
    3    16  0   0.0%   0.000 AU:3    +
   20    25  0   0.0%   0.263 CG:3    +
   11    16  0   0.0%   0.011 AU:3    +
    2    21  0   0.0%   0.002 CG:3    +
   19    26  0   0.0%   0.016 UA:3    +
   12    27  0   0.0%   0.132 GU:3    +
   11    29  0   0.0%   0.151 AU:3    +
    6    35  0   0.0%   0.882 GU:3    +
   25    35  0   0.0%   0.873 GU:3    +
   13    24  0   0.0%   0.737 AU:3    +
   14    23  0   0.0%   0.372 UG:3    +
   19    23  0   0.0%   0.383 UG:3    +
   18    23  0   0.0%   0.383 UG:3    +
    6    14  0   0.0%   0.002 GU:3    +
    5    15  0   0.0%   0.000 GU:3    +
   15    26  0   0.0%   0.008 UA:3    +
   20    32  0   0.0%   0.079 CG:3    +
    2    12  0   0.0%   0.002 CG:3    +
   16    25  0   0.0%   0.256 UG:3    +
   21    30  0   0.0%   0.940 GC:3    +
    9    18  0   0.0%   0.009 GU:3    +
    4    16  0   0.0%   0.002 GU:3    +
    9    14  0   0.0%   0.000 GU:3    +
   12    22  0   0.0%   0.581 GC:3    +
   12    31  0   0.0%   0.345 GC:3    +
.....((.((((....))))))(((.....)))..
