3 sequence; length of alignment 75
alifold output
   38    51  0  99.6%   0.038 GC:3   
   37    52  0  99.4%   0.033 UA:3   
   39    50  0  99.4%   0.040 CG:3   
   33    55  0  99.3%   0.058 GC:3   
   32    56  0  99.0%   0.067 GC:3   
   28    60  0  98.4%   0.157 CG:3   
   29    59  0  98.3%   0.162 CG:3   
   34    54  0  98.0%   0.127 CG:3   
   36    53  0  98.0%   0.183 CG:3   
   22    66  0  96.2%   0.211 GC:3   
   23    65  0  96.2%   0.190 CG:3   
   27    61  0  95.1%   0.185 UA:3   
   19    68  0  50.6%   1.394 CG:3    +
   18    69  0  41.8%   1.886 UA:3    +
   16    70  0  24.5%   1.350 GC:3    +
   17    69  0  20.6%   1.203 UA:3    +
   18    68  0  15.9%   1.068 UG:3    +
   25    63  0  13.6%   0.849 AU:3    +
   31    58  0  10.7%   0.794 CG:3    +
   16    72  0   9.3%   1.533 GC:3    +
   16    71  0   8.4%   1.288 GC:3    +
   15    73  0   7.9%   0.683 UA:3    +
    7    16  0   6.1%   0.554 CG:3    +
    6    17  0   6.0%   0.524 AU:3    +
    5    18  0   4.7%   0.463 AU:3    +
   43    48  0   1.9%   0.296 AU:3    +
    3    20  0   1.5%   0.203 CG:3    +
   40    48  0   1.4%   0.198 AU:3    +
   35    53  0   1.3%   0.234 UG:3    +
    4    20  0   1.2%   0.255 CG:3    +
   35    54  0   1.2%   0.306 UG:3    +
   44    49  0   1.2%   0.175 GC:3    +
    9    16  0   1.2%   0.371 CG:3    +
   12    20  0   1.0%   0.279 CG:3    +
   11    21  0   0.9%   0.152 UA:3    +
   23    33  0   0.7%   0.108 CG:3    +
   22    34  0   0.7%   0.117 GC:3    +
   24    32  0   0.7%   0.107 CG:3    +
   17    74  0   0.7%   0.673 UA:3    +
   21    35  0   0.7%   0.161 AU:3    +
   16    75  0   0.7%   1.195 GC:3    +
   29    58  0   0.7%   0.141 CG:3    +
   20    64  0   0.7%   0.353 GC:3    +
   28    59  0   0.7%   0.145 CG:3    +
   20    36  0   0.7%   0.316 GC:3    +
   19    65  0   0.6%   0.116 CG:3    +
   21    63  0   0.6%   0.189 AU:3    +
   27    60  0   0.6%   0.138 UG:3    +
   26    63  0   0.6%   0.409 GU:3    +
    8    59  0   0.6%   0.104 CG:3    +
    9    58  0   0.6%   0.157 CG:3    +
    7    60  0   0.6%   0.264 CG:3    +
   10    57  0   0.5%   0.111 UA:3    +
   20    66  0   0.5%   0.368 GC:3    +
   13    20  0   0.5%   0.260 CG:3    +
    4    16  0   0.4%   0.089 CG:3    +
   20    70  0   0.4%   0.724 GC:3    +
   12    54  0   0.4%   0.129 CG:3    +
   13    53  0   0.4%   0.101 CG:3    +
    5    15  0   0.4%   0.077 AU:3    +
   22    64  0   0.4%   0.142 GC:3    +
   18    73  0   0.4%   1.097 UA:3    +
   27    62  0   0.3%   0.145 UA:3    +
   59    71  0   0.2%   0.350 GC:3    +
   58    72  0   0.2%   0.576 GC:3    +
   60    70  0   0.2%   0.498 GC:3    +
    3    16  0   0.2%   0.039 CG:3    +
    2    17  0   0.2%   0.038 AU:3    +
   16    51  0   0.1%   0.324 GC:3    +
   15    52  0   0.1%   0.083 UA:3    +
   20    71  0   0.1%   0.570 GC:3    +
   17    50  0   0.1%   0.227 UG:3    +
   16    39  0   0.1%   0.308 GC:3    +
   11    73  0   0.1%   0.099 UA:3    +
   26    64  0   0.1%   0.124 GC:3    +
   17    38  0   0.1%   0.208 UG:3    +
   16    66  0   0.1%   0.334 GC:3    +
   11    20  0   0.1%   0.167 UG:3    +
   10    21  0   0.1%   0.036 UA:3    +
   10    74  0   0.1%   0.091 UA:3    +
   15    67  0   0.1%   0.092 UA:3    +
   15    74  0   0.1%   0.308 UA:3    +
   15    40  0   0.1%   0.060 UA:3    +
    1    16  0   0.1%   0.022 CG:3    +
    9    68  0   0.1%   0.122 CG:3    +
   18    67  0   0.1%   0.200 UA:3    +
   10    67  0   0.1%   0.081 UA:3    +
    1    20  0   0.1%   0.028 CG:3    +
    2    15  0   0.1%   0.022 AU:3    +
   40    46  0   0.1%   0.032 AU:3    +
   24    65  0   0.1%   0.132 CG:3    +
   26    31  0   0.1%   0.023 GC:3    +
   17    65  0   0.1%   0.223 UG:3    +
   17    68  0   0.1%   0.248 UG:3    +
    8    16  0   0.1%   0.226 CG:3    +
    9    20  0   0.1%   0.194 CG:3    +
    9    53  0   0.1%   0.077 CG:3    +
    8    54  0   0.1%   0.024 CG:3    +
    9    22  0   0.1%   0.071 CG:3    +
    5    11  0   0.1%   0.017 AU:3    +
   10    52  0   0.1%   0.036 UA:3    +
   17    67  0   0.1%   0.238 UA:3    +
   11    74  0   0.1%   0.100 UA:3    +
   15    47  0   0.1%   0.058 UA:3    +
   16    46  0   0.1%   0.303 GU:3    +
   68    72  0   0.1%   0.919 GC:3    +
   14    48  0   0.1%   0.016 AU:3    +
   17    45  0   0.1%   0.206 UA:3    +
   19    26  0   0.0%   0.014 CG:3    +
   64    68  0   0.0%   0.742 CG:3    +
   12    68  0   0.0%   0.103 CG:3    +
   20    28  0   0.0%   0.222 GC:3    +
   15    69  0   0.0%   0.083 UA:3    +
   18    44  0   0.0%   0.165 UG:3    +
   21    27  0   0.0%   0.065 AU:3    +
   63    69  0   0.0%   1.047 UA:3    +
    6    10  0   0.0%   0.013 AU:3    +
    8    20  0   0.0%   0.140 CG:3    +
   19    44  0   0.0%   0.023 CG:3    +
   20    72  0   0.0%   0.573 GC:3    +
   11    69  0   0.0%   0.078 UA:3    +
   12    60  0   0.0%   0.120 CG:3    +
   13    59  0   0.0%   0.095 CG:3    +
   19    38  0   0.0%   0.024 CG:3    +
   18    45  0   0.0%   0.171 UA:3    +
   11    61  0   0.0%   0.075 UA:3    +
   15    21  0   0.0%   0.091 UA:3    +
   12    50  0   0.0%   0.060 CG:3    +
    6    15  0   0.0%   0.042 AU:3    +
   68    75  0   0.0%   0.716 GC:3    +
   16    29  0   0.0%   0.285 GC:3    +
   13    68  0   0.0%   0.078 CG:3    +
   17    73  0   0.0%   0.763 UA:3    +
   12    44  0   0.0%   0.056 CG:3    +
   42    53  0   0.0%   0.119 CG:3    +
   41    54  0   0.0%   0.117 CG:3    +
   11    45  0   0.0%   0.067 UA:3    +
   10    16  0   0.0%   0.285 UG:3    +
   10    62  0   0.0%   0.065 UA:3    +
   14    18  0   0.0%   0.156 AU:3    +
   45    63  0   0.0%   0.354 AU:3    +
   44    64  0   0.0%   0.140 GC:3    +
    7    20  0   0.0%   0.301 CG:3    +
   38    42  0   0.0%   0.021 GC:3    +
   49    60  0   0.0%   0.148 CG:3    +
   16    56  0   0.0%   0.313 GC:3    +
   10    22  0   0.0%   0.032 UG:3    +
   12    16  0   0.0%   0.279 CG:3    +
   51    58  0   0.0%   0.331 CG:3    +
   37    43  0   0.0%   0.008 UA:3    +
   46    62  0   0.0%   0.039 UA:3    +
   48    61  0   0.0%   0.201 UA:3    +
    5    10  0   0.0%   0.008 AU:3    +
   15    57  0   0.0%   0.095 UA:3    +
   15    30  0   0.0%   0.042 UA:3    +
    6    11  0   0.0%   0.015 AU:3    +
   23    68  0   0.0%   0.742 CG:3    +
   44    51  0   0.0%   0.087 GC:3    +
    4    53  0   0.0%   0.084 CG:3    +
    3    54  0   0.0%   0.079 CG:3    +
   18    38  0   0.0%   0.163 UG:3    +
   10    14  0   0.0%   0.012 UA:3    +
   16    31  0   0.0%   0.285 GC:3    +
   16    23  0   0.0%   0.279 GC:3    +
   19    53  0   0.0%   0.046 CG:3    +
    2    11  0   0.0%   0.006 AU:3    +
   17    22  0   0.0%   0.193 UG:3    +
   38    66  0   0.0%   0.097 GC:3    +
   39    65  0   0.0%   0.104 CG:3    +
   17    30  0   0.0%   0.188 UA:3    +
   36    44  0   0.0%   0.048 CG:3    +
   37    67  0   0.0%   0.039 UA:3    +
    4    68  0   0.0%   0.088 CG:3    +
   18    54  0   0.0%   0.195 UG:3    +
   13    54  0   0.0%   0.083 CG:3    +
   41    50  0   0.0%   0.024 CG:3    +
   44    48  0   0.0%   0.157 GU:3    +
    4    58  0   0.0%   0.084 CG:3    +
    3    59  0   0.0%   0.079 CG:3    +
   63    67  0   0.0%   0.370 UA:3    +
   13    58  0   0.0%   0.086 CG:3    +
   12    59  0   0.0%   0.113 CG:3    +
    1    68  0   0.0%   0.019 CG:3    +
    9    59  0   0.0%   0.131 CG:3    +
    8    60  0   0.0%   0.077 CG:3    +
   11    60  0   0.0%   0.099 UG:3    +
   10    58  0   0.0%   0.090 UG:3    +
   26    66  0   0.0%   0.125 GC:3    +
   10    73  0   0.0%   0.070 UA:3    +
   22    70  0   0.0%   0.475 GC:3    +
   24    60  0   0.0%   0.078 CG:3    +
   10    61  0   0.0%   0.059 UA:3    +
   36    68  0   0.0%   0.722 CG:3    +
    2    18  0   0.0%   0.022 AU:3    +
   35    45  0   0.0%   0.048 UA:3    +
   16    24  0   0.0%   0.279 GC:3    +
   23    60  0   0.0%   0.076 CG:3    +
   39    44  0   0.0%   0.023 CG:3    +
    6    18  0   0.0%   0.325 AU:3    +
   24    59  0   0.0%   0.077 CG:3    +
   11    57  0   0.0%   0.093 UA:3    +
   15    25  0   0.0%   0.038 UA:3    +
    2    10  0   0.0%   0.002 AU:3    +
   35    69  0   0.0%   0.844 UA:3    +
    7    26  0   0.0%   0.176 CG:3    +
    3    65  0   0.0%   0.079 CG:3    +
   42    50  0   0.0%   0.025 CG:3    +
   17    54  0   0.0%   0.238 UG:3    +
   24    68  0   0.0%   0.708 CG:3    +
   16    55  0   0.0%   0.307 GC:3    +
   11    16  0   0.0%   0.281 UG:3    +
    3    22  0   0.0%   0.075 CG:3    +
   17    40  0   0.0%   0.201 UA:3    +
   27    65  0   0.0%   0.188 UG:3    +
    9    26  0   0.0%   0.064 CG:3    +
   16    41  0   0.0%   0.292 GC:3    +
    4    59  0   0.0%   0.084 CG:3    +
    3    60  0   0.0%   0.078 CG:3    +
   65    72  0   0.0%   0.326 GC:3    +
   10    25  0   0.0%   0.024 UA:3    +
   13    22  0   0.0%   0.034 CG:3    +
    7    50  0   0.0%   0.176 CG:3    +
    6    27  0   0.0%   0.180 AU:3    +
   28    58  0   0.0%   0.039 CG:3    +
   33    56  0   0.0%   0.056 GC:3    +
    3    68  0   0.0%   0.081 CG:3    +
    7    65  0   0.0%   0.207 CG:3    +
   32    72  0   0.0%   0.271 GC:3    +
   33    71  0   0.0%   0.264 GC:3    +
    5    17  0   0.0%   0.039 AU:3    +
    8    68  0   0.0%   0.049 CG:3    +
   39    54  0   0.0%   0.124 CG:3    +
   65    70  0   0.0%   0.469 GC:3    +
   38    55  0   0.0%   0.030 GC:3    +
   18    53  0   0.0%   0.189 UG:3    +
   13    26  0   0.0%   0.028 CG:3    +
   18    40  0   0.0%   0.160 UA:3    +
   20    49  0   0.0%   0.251 GC:3    +
   27    59  0   0.0%   0.044 UG:3    +
   20    29  0   0.0%   0.219 GC:3    +
   12    53  0   0.0%   0.061 CG:3    +
   15    20  0   0.0%   0.243 UG:3    +
   13    44  0   0.0%   0.030 CG:3    +
    7    54  0   0.0%   0.177 CG:3    +
   21    48  0   0.0%   0.097 AU:3    +
   59    70  0   0.0%   0.461 GC:3    +
    1    22  0   0.0%   0.015 CG:3    +
   58    71  0   0.0%   0.531 GC:3    +
    4    65  0   0.0%   0.084 CG:3    +
    8    53  0   0.0%   0.011 CG:3    +
   19    50  0   0.0%   0.024 CG:3    +
   11    67  0   0.0%   0.075 UA:3    +
   16    64  0   0.0%   0.309 GC:3    +
   17    21  0   0.0%   0.233 UA:3    +
   11    54  0   0.0%   0.070 UG:3    +
    7    68  0   0.0%   0.209 CG:3    +
    1    60  0   0.0%   0.015 CG:3    +
   10    68  0   0.0%   0.079 UG:3    +
   65    71  0   0.0%   0.319 GC:3    +
   10    69  0   0.0%   0.068 UA:3    +
   11    68  0   0.0%   0.080 UG:3    +
    9    44  0   0.0%   0.062 CG:3    +
   15    43  0   0.0%   0.046 UA:3    +
    5    63  0   0.0%   0.174 AU:3    +
   15    65  0   0.0%   0.064 UG:3    +
   10    43  0   0.0%   0.023 UA:3    +
   10    20  0   0.0%   0.145 UG:3    +
   16    42  0   0.0%   0.291 GC:3    +
   18    74  0   0.0%   0.900 UA:3    +
   60    71  0   0.0%   0.335 GC:3    +
   12    22  0   0.0%   0.056 CG:3    +
   12    65  0   0.0%   0.083 CG:3    +
   59    72  0   0.0%   0.343 GC:3    +
   22    31  0   0.0%   0.013 GC:3    +
    1    65  0   0.0%   0.015 CG:3    +
   13    50  0   0.0%   0.030 CG:3    +
   18    30  0   0.0%   0.153 UA:3    +
   38    46  0   0.0%   0.021 GU:3    +
   22    29  0   0.0%   0.014 GC:3    +
   33    70  0   0.0%   0.413 GC:3    +
   32    71  0   0.0%   0.264 GC:3    +
   15    68  0   0.0%   0.088 UG:3    +
   20    37  0   0.0%   0.250 GU:3    +
   17    62  0   0.0%   0.208 UA:3    +
    3    26  0   0.0%   0.073 CG:3    +
   37    47  0   0.0%   0.007 UA:3    +
   20    24  0   0.0%   0.213 GC:3    +
   49    58  0   0.0%   0.363 CG:3    +
   49    59  0   0.0%   0.145 CG:3    +
    8    26  0   0.0%   0.010 CG:3    +
   63    68  0   0.0%   1.004 UG:3    +
   38    56  0   0.0%   0.034 GC:3    +
   26    70  0   0.0%   0.422 GC:3    +
   11    44  0   0.0%   0.060 UG:3    +
   29    60  0   0.0%   0.141 CG:3    +
    4    26  0   0.0%   0.078 CG:3    +
   18    61  0   0.0%   0.165 UA:3    +
   48    60  0   0.0%   0.228 UG:3    +
   37    57  0   0.0%   0.040 UA:3    +
   19    60  0   0.0%   0.048 CG:3    +
   16    63  0   0.0%   0.309 GU:3    +
   48    59  0   0.0%   0.232 UG:3    +
    6    63  0   0.0%   0.179 AU:3    +
   37    44  0   0.0%   0.015 UG:3    +
    7    59  0   0.0%   0.177 CG:3    +
    8    58  0   0.0%   0.015 CG:3    +
   10    45  0   0.0%   0.023 UA:3    +
    7    22  0   0.0%   0.174 CG:3    +
   26    34  0   0.0%   0.047 GC:3    +
   27    69  0   0.0%   0.802 UA:3    +
   27    33  0   0.0%   0.040 UG:3    +
   41    53  0   0.0%   0.110 CG:3    +
   16    49  0   0.0%   0.295 GC:3    +
   28    32  0   0.0%   0.039 CG:3    +
    2    27  0   0.0%   0.020 AU:3    +
   38    49  0   0.0%   0.017 GC:3    +
   27    57  0   0.0%   0.036 UA:3    +
   22    71  0   0.0%   0.323 GC:3    +
   37    45  0   0.0%   0.014 UA:3    +
   11    52  0   0.0%   0.067 UA:3    +
   25    35  0   0.0%   0.037 AU:3    +
   49    54  0   0.0%   0.164 CG:3    +
   22    63  0   0.0%   0.079 GU:3    +
   15    50  0   0.0%   0.054 UG:3    +
   22    39  0   0.0%   0.055 GC:3    +
   10    53  0   0.0%   0.034 UG:3    +
   24    58  0   0.0%   0.070 CG:3    +
   23    59  0   0.0%   0.075 CG:3    +
   10    47  0   0.0%   0.023 UA:3    +
   23    38  0   0.0%   0.051 CG:3    +
    9    54  0   0.0%   0.073 CG:3    +
   28    68  0   0.0%   0.718 CG:3    +
   54    70  0   0.0%   0.480 GC:3    +
   58    66  0   0.0%   0.384 GC:3    +
   53    71  0   0.0%   0.330 GC:3    +
    8    65  0   0.0%   0.046 CG:3    +
   15    62  0   0.0%   0.064 UA:3    +
   59    66  0   0.0%   0.164 GC:3    +
   14    63  0   0.0%   0.009 AU:3    +
   19    54  0   0.0%   0.046 CG:3    +
   20    31  0   0.0%   0.217 GC:3    +
   14    46  0   0.0%   0.005 AU:3    +
   18    25  0   0.0%   0.151 UA:3    +
   20    75  0   0.0%   0.380 GC:3    +
   16    28  0   0.0%   0.277 GC:3    +
   20    42  0   0.0%   0.250 GC:3    +
    8    22  0   0.0%   0.009 CG:3    +
   60    64  0   0.0%   0.155 GC:3    +
   32    49  0   0.0%   0.036 GC:3    +
   31    50  0   0.0%   0.021 CG:3    +
   41    68  0   0.0%   0.669 CG:3    +
   22    72  0   0.0%   0.329 GC:3    +
    4    22  0   0.0%   0.079 CG:3    +
   22    28  0   0.0%   0.014 GC:3    +
   17    26  0   0.0%   0.183 UG:3    +
    9    65  0   0.0%   0.099 CG:3    +
   15    26  0   0.0%   0.038 UG:3    +
   33    48  0   0.0%   0.040 GU:3    +
   15    22  0   0.0%   0.043 UG:3    +
   53    72  0   0.0%   0.336 GC:3    +
   56    68  0   0.0%   0.677 CG:3    +
   54    71  0   0.0%   0.329 GC:3    +
   18    65  0   0.0%   0.168 UG:3    +
   14    27  0   0.0%   0.005 AU:3    +
   26    72  0   0.0%   0.277 GC:3    +
   51    65  0   0.0%   0.103 CG:3    +
   50    66  0   0.0%   0.095 GC:3    +
   15    45  0   0.0%   0.048 UA:3    +
   31    65  0   0.0%   0.330 CG:3    +
   18    62  0   0.0%   0.163 UA:3    +
   12    26  0   0.0%   0.050 CG:3    +
   65    75  0   0.0%   0.121 GC:3    +
   18    22  0   0.0%   0.160 UG:3    +
   36    58  0   0.0%   0.364 CG:3    +
   18    47  0   0.0%   0.162 UA:3    +
   26    55  0   0.0%   0.012 GC:3    +
   27    54  0   0.0%   0.038 UG:3    +
   28    53  0   0.0%   0.036 CG:3    +
   42    65  0   0.0%   0.091 CG:3    +
   13    32  0   0.0%   0.026 CG:3    +
   32    64  0   0.0%   0.109 GC:3    +
   35    59  0   0.0%   0.235 UG:3    +
   34    60  0   0.0%   0.141 CG:3    +
   31    59  0   0.0%   0.336 CG:3    +
    3    53  0   0.0%   0.073 CG:3    +
    8    50  0   0.0%   0.009 CG:3    +
   37    50  0   0.0%   0.017 UG:3    +
   54    66  0   0.0%   0.183 GC:3    +
   55    65  0   0.0%   0.094 CG:3    +
   42    68  0   0.0%   0.670 CG:3    +
   49    53  0   0.0%   0.164 CG:3    +
   11    22  0   0.0%   0.067 UG:3    +
   12    33  0   0.0%   0.048 CG:3    +
   50    55  0   0.0%   0.030 GC:3    +
   20    27  0   0.0%   0.212 GU:3    +
   17    47  0   0.0%   0.200 UA:3    +
    2    63  0   0.0%   0.020 AU:3    +
   13    65  0   0.0%   0.057 CG:3    +
   11    43  0   0.0%   0.060 UA:3    +
   60    66  0   0.0%   0.162 GC:3    +
   46    50  0   0.0%   0.032 UG:3    +
   18    50  0   0.0%   0.171 UG:3    +
   33    63  0   0.0%   0.379 GU:3    +
   44    56  0   0.0%   0.082 GC:3    +
   23    54  0   0.0%   0.071 CG:3    +
   22    55  0   0.0%   0.047 GC:3    +
   26    71  0   0.0%   0.271 GC:3    +
   24    53  0   0.0%   0.068 CG:3    +
   50    56  0   0.0%   0.034 GC:3    +
   26    75  0   0.0%   0.087 GC:3    +
   63    73  0   0.0%   0.576 UA:3    +
   34    53  0   0.0%   0.067 CG:3    +
   59    64  0   0.0%   0.157 GC:3    +
   60    72  0   0.0%   0.341 GC:3    +
   53    64  0   0.0%   0.177 GC:3    +
   35    52  0   0.0%   0.050 UA:3    +
   25    37  0   0.0%   0.002 AU:3    +
   11    50  0   0.0%   0.063 UG:3    +
   15    53  0   0.0%   0.089 UG:3    +
   49    68  0   0.0%   0.721 CG:3    +
   26    36  0   0.0%   0.045 GC:3    +
   18    43  0   0.0%   0.152 UA:3    +
    1    26  0   0.0%   0.015 CG:3    +
   11    25  0   0.0%   0.060 UA:3    +
   20    41  0   0.0%   0.250 GC:3    +
   54    63  0   0.0%   0.448 GU:3    +
   32    55  0   0.0%   0.036 GC:3    +
   16    48  0   0.0%   0.299 GU:3    +
   27    74  0   0.0%   0.160 UA:3    +
   48    69  0   0.0%   0.842 UA:3    +
   24    38  0   0.0%   0.050 CG:3    +
   48    54  0   0.0%   0.252 UG:3    +
   46    52  0   0.0%   0.030 UA:3    +
   42    58  0   0.0%   0.314 CG:3    +
   63    74  0   0.0%   0.398 UA:3    +
   58    64  0   0.0%   0.377 GC:3    +
   10    44  0   0.0%   0.023 UG:3    +
   41    59  0   0.0%   0.095 CG:3    +
   42    59  0   0.0%   0.096 CG:3    +
   41    60  0   0.0%   0.091 CG:3    +
   10    26  0   0.0%   0.024 UG:3    +
   55    68  0   0.0%   0.673 CG:3    +
    5    27  0   0.0%   0.173 AU:3    +
   26    51  0   0.0%   0.021 GC:3    +
   51    59  0   0.0%   0.108 CG:3    +
    1    54  0   0.0%   0.015 CG:3    +
   11    47  0   0.0%   0.062 UA:3    +
   22    27  0   0.0%   0.015 GU:3    +
   15    58  0   0.0%   0.095 UG:3    +
   20    56  0   0.0%   0.252 GC:3    +
   38    72  0   0.0%   0.247 GC:3    +
   36    50  0   0.0%   0.049 CG:3    +
   39    68  0   0.0%   0.682 CG:3    +
   53    75  0   0.0%   0.145 GC:3    +
.....................((...(((..(((.((((..........)))))))..)))...)).........
