3 sequence; length of alignment 34
alifold output
   14    23  0  61.3%   1.251 GC:3   
   15    22  0  57.7%   0.999 UA:3   
   11    26  0  56.9%   1.680 GC:3   
   10    27  0  56.4%   1.465 AU:3   
    9    28  0  54.5%   1.626 GC:3   
    6    31  0  34.5%   2.450 GC:3   
    7    30  0  31.3%   2.080 AU:3   
    3    30  0  31.1%   1.099 AU:3    +
    2    31  0  30.9%   1.114 GC:3    +
    4    29  0  29.7%   1.083 UA:3    +
    8    26  0  26.7%   1.089 GC:3    +
    7    27  0  24.2%   1.157 AU:3    +
   11    23  0  18.7%   0.966 GC:3    +
    5    28  0  17.0%   0.906 GC:3    +
    5    31  0  15.1%   1.540 GC:3    +
   14    26  0  14.2%   1.859 GC:3    +
   13    27  0  14.2%   1.657 AU:3    +
   12    28  0  13.9%   1.775 GC:3    +
    6    30  0  13.9%   1.605 GU:3    +
   15    25  0  13.4%   1.176 UG:3    +
    6    28  0  13.1%   1.245 GC:3    +
    4    32  0  12.6%   1.146 UA:3    +
    9    31  0  11.5%   2.241 GC:3    +
   10    30  0  10.3%   2.083 AU:3    +
   17    24  0   5.2%   0.473 CG:3    +
    6    27  0   3.9%   0.398 GU:3    +
    8    31  0   1.0%   1.584 GC:3    +
    4    33  0   0.9%   0.754 UA:3    +
    9    30  0   0.9%   1.517 GU:3    +
    9    26  0   0.5%   0.464 GC:3    +
    8    28  0   0.4%   1.017 GC:3    +
   15    19  0   0.4%   0.064 UA:3    +
    8    27  0   0.3%   0.894 GU:3    +
   12    23  0   0.3%   0.391 GC:3    +
    6    26  0   0.3%   0.053 GC:3    +
    1    31  0   0.3%   0.047 GC:3    +
   15    20  0   0.2%   0.065 UG:3    +
    8    23  0   0.2%   0.038 GC:3    +
   15    21  0   0.2%   0.069 UA:3    +
    4    34  0   0.2%   0.698 UA:3    +
    2    30  0   0.1%   0.027 GU:3    +
    9    23  0   0.1%   0.038 GC:3    +
   12    26  0   0.1%   0.762 GC:3    +
    9    27  0   0.1%   0.546 GU:3    +
   11    27  0   0.1%   1.473 GU:3    +
   11    17  0   0.1%   0.014 GC:3    +
    8    30  0   0.1%   1.429 GU:3    +
   15    24  0   0.1%   0.377 UG:3    +
   12    17  0   0.0%   0.017 GC:3    +
   11    28  0   0.0%   1.574 GC:3    +
   11    31  0   0.0%   1.981 GC:3    +
   17    25  0   0.0%   0.436 CG:3    +
   11    30  0   0.0%   1.943 GU:3    +
   12    27  0   0.0%   0.855 GU:3    +
    8    17  0   0.0%   0.003 GC:3    +
    5    30  0   0.0%   0.677 GU:3    +
    5    27  0   0.0%   0.003 GU:3    +
   20    26  0   0.0%   1.021 GC:3    +
   19    27  0   0.0%   1.125 AU:3    +
    9    17  0   0.0%   0.002 GC:3    +
    4    10  0   0.0%   0.001 UA:3    +
   20    28  0   0.0%   1.214 GC:3    +
   21    27  0   0.0%   1.114 AU:3    +
   20    31  0   0.0%   1.345 GC:3    +
   21    30  0   0.0%   1.305 AU:3    +
    5    23  0   0.0%   0.001 GC:3    +
   10    15  0   0.0%   0.001 AU:3    +
   12    31  0   0.0%   1.633 GC:3    +
    2    28  0   0.0%   0.001 GC:3    +
   13    30  0   0.0%   1.571 AU:3    +
   12    30  0   0.0%   1.596 GU:3    +
    5    17  0   0.0%   0.001 GC:3    +
    3    27  0   0.0%   0.001 AU:3    +
    5    26  0   0.0%   0.001 GC:3    +
    4     8  0   0.0%   0.000 UG:3    +
    4    18  0   0.0%   0.001 UA:3    +
    4    24  0   0.0%   0.001 UG:3    +
   14    28  0   0.0%   1.776 GC:3    +
    4    11  0   0.0%   0.001 UG:3    +
    1    28  0   0.0%   0.001 GC:3    +
    6    23  0   0.0%   0.001 GC:3    +
    2    26  0   0.0%   0.000 GC:3    +
    4     9  0   0.0%   0.000 UG:3    +
    2    27  0   0.0%   0.000 GU:3    +
   24    31  0   0.0%   1.487 GC:3    +
    4    25  0   0.0%   0.001 UG:3    +
    1    27  0   0.0%   0.000 GU:3    +
    7    15  0   0.0%   0.000 AU:3    +
    8    15  0   0.0%   0.000 GU:3    +
    9    15  0   0.0%   0.000 GU:3    +
    1    17  0   0.0%   0.000 GC:3    +
   25    30  0   0.0%   1.564 GU:3    +
   30    34  0   0.0%   1.304 UA:3    +
    1    23  0   0.0%   0.000 GC:3    +
    6    17  0   0.0%   0.000 GC:3    +
   11    15  0   0.0%   0.001 GU:3    +
    4    14  0   0.0%   0.001 UG:3    +
   14    27  0   0.0%   1.679 GU:3    +
    4    13  0   0.0%   0.001 UA:3    +
    3    15  0   0.0%   0.000 AU:3    +
.....((.(((..((......))..))).))...
