3 sequence; length of alignment 94
alifold output
   27    48  0  99.6%   0.015 CG:3   
   26    49  0  99.6%   0.017 CG:3   
   20    54  0  99.4%   0.022 GC:3   
   33    42  0  99.3%   0.024 AU:3   
   32    43  0  99.2%   0.025 CG:3   
   22    52  0  98.9%   0.035 CG:3   
   21    53  0  98.9%   0.037 UG:3   
   34    41  0  96.6%   0.102 GC:3   
   23    51  0  96.4%   0.107 UA:3   
   28    47  0  93.3%   0.194 AU:3   
   19    55  0  93.2%   0.202 CG:3   
   25    50  0  90.3%   0.279 UA:3   
    9    89  0  87.7%   0.665 CG:3   
   10    88  0  87.7%   0.634 UA:3   
    8    90  0  87.6%   0.696 AU:3   
   11    87  0  87.4%   0.676 CG:3   
    7    91  0  87.2%   0.700 GU:3   
   15    83  0  87.2%   0.590 CG:3   
   16    82  0  87.1%   0.908 GC:3   
    6    92  0  85.1%   0.765 CG:3   
   14    84  0  84.4%   0.732 AU:3   
   17    81  0  82.7%   0.955 CG:3   
   62    78  0  71.4%   1.216 UA:3   
   63    77  0  71.4%   1.367 AU:3   
   61    79  0  71.3%   1.329 GU:3   
   64    76  0  70.9%   1.933 UG:3   
   60    80  0  70.7%   1.553 GC:3   
   65    75  0  67.8%   2.046 GC:3   
   66    73  0  16.9%   1.718 AU:3    +
   59    76  0  12.8%   1.213 CG:3    +
   58    77  0  11.8%   1.009 AU:3    +
   60    75  0  11.3%   1.374 GC:3    +
   65    70  0  10.7%   1.094 GC:3    +
   13    65  0  10.3%   0.781 CG:3    +
   12    66  0  10.3%   0.786 UA:3    +
   64    71  0  10.2%   1.170 UA:3    +
   11    67  0  10.1%   0.842 CG:3    +
   14    64  0  10.1%   0.733 AU:3    +
   17    61  0   9.8%   0.729 CG:3    +
   16    62  0   9.5%   0.778 GU:3    +
   18    60  0   9.5%   0.926 UG:3    +
    3    81  0   9.3%   0.764 CG:3    +
    2    82  0   9.3%   0.764 GC:3    +
    4    80  0   9.2%   0.746 GC:3    +
    9    72  0   9.0%   0.799 CG:3    +
    8    73  0   8.9%   0.837 AU:3    +
    7    75  0   8.8%   0.830 GC:3    +
    6    76  0   8.8%   0.803 CG:3    +
   10    71  0   8.7%   0.712 UA:3    +
   31    45  0   8.2%   0.619 GC:3    +
   18    57  0   6.3%   0.526 UA:3    +
    4    94  0   6.0%   0.868 GC:3    +
   62    74  0   5.3%   0.799 UG:3    +
    5    79  0   5.3%   0.655 AU:3    +
   63    73  0   5.2%   0.829 AU:3    +
   84    93  0   4.9%   0.648 UA:3    +
   85    92  0   4.9%   0.651 CG:3    +
   83    94  0   4.7%   0.890 GC:3    +
   59    81  0   4.5%   1.183 CG:3    +
   64    72  0   4.4%   1.213 UG:3    +
   67    73  0   4.4%   1.534 GU:3    +
   61    75  0   3.8%   1.235 GC:3    +
    5    77  0   3.6%   0.489 AU:3    +
   68    74  0   3.3%   0.755 UG:3    +
   67    75  0   3.0%   1.739 GC:3    +
   68    72  0   2.7%   0.841 UG:3    +
    1    83  0   2.6%   0.358 UG:3    +
    9    67  0   1.8%   0.222 CG:3    +
   10    66  0   1.8%   0.220 UA:3    +
   11    65  0   1.8%   0.220 CG:3    +
    6    72  0   1.7%   0.219 CG:3    +
    8    68  0   1.6%   0.202 AU:3    +
    5    73  0   1.6%   0.225 AU:3    +
   16    59  0   1.6%   0.198 GC:3    +
   15    60  0   1.5%   0.193 CG:3    +
    3    76  0   1.5%   0.244 CG:3    +
    4    75  0   1.5%   0.243 GC:3    +
    2    77  0   1.5%   0.226 GU:3    +
    1    78  0   1.2%   0.176 UA:3    +
    7    69  0   1.1%   0.150 GU:3    +
   14    62  0   0.8%   0.114 AU:3    +
   15    61  0   0.8%   0.182 CG:3    +
    7    70  0   0.8%   0.164 GC:3    +
   80    87  0   0.6%   0.773 CG:3    +
   75    81  0   0.6%   1.681 CG:3    +
   74    82  0   0.6%   0.800 GC:3    +
    3    74  0   0.6%   0.097 CG:3    +
    2    75  0   0.6%   0.097 GC:3    +
   81    86  0   0.6%   0.681 GC:3    +
    8    69  0   0.6%   0.205 AU:3    +
   79    88  0   0.5%   0.657 UA:3    +
   82    89  0   0.5%   0.631 CG:3    +
   76    80  0   0.5%   1.424 GC:3    +
   65    77  0   0.5%   1.614 GU:3    +
   22    53  0   0.5%   0.107 CG:3    +
   30    44  0   0.5%   0.083 UA:3    +
   64    78  0   0.5%   1.261 UA:3    +
   23    52  0   0.5%   0.126 UG:3    +
   63    79  0   0.4%   0.922 AU:3    +
   80    92  0   0.4%   0.804 CG:3    +
    3    92  0   0.4%   0.394 CG:3    +
   56    78  0   0.4%   0.141 UA:3    +
    2    94  0   0.4%   0.396 GC:3    +
   18    66  0   0.3%   0.781 UA:3    +
   19    65  0   0.3%   0.440 CG:3    +
   81    90  0   0.3%   0.803 GU:3    +
   17    67  0   0.3%   0.595 CG:3    +
   20    64  0   0.3%   0.305 GU:3    +
   22    61  0   0.3%   0.370 CG:3    +
   24    59  0   0.3%   0.132 GC:3    +
   23    60  0   0.3%   0.416 UG:3    +
    4    91  0   0.3%   0.383 GU:3    +
   21    63  0   0.3%   0.088 UA:3    +
   16    68  0   0.3%   0.416 GU:3    +
    4    73  0   0.3%   0.064 GU:3    +
   79    93  0   0.3%   0.538 UA:3    +
    5    90  0   0.3%   0.408 AU:3    +
   25    58  0   0.3%   0.169 UA:3    +
   29    47  0   0.3%   0.120 AU:3    +
   61    80  0   0.3%   1.213 GC:3    +
   55    80  0   0.3%   0.392 GC:3    +
    6    89  0   0.3%   0.369 CG:3    +
    1    76  0   0.3%   0.052 UG:3    +
   73    83  0   0.3%   1.214 UG:3    +
   31    56  0   0.3%   0.268 GU:3    +
   35    53  0   0.3%   0.095 CG:3    +
   34    54  0   0.3%   0.095 GC:3    +
   32    55  0   0.3%   0.133 CG:3    +
   36    52  0   0.3%   0.092 UG:3    +
   30    57  0   0.2%   0.252 UA:3    +
   14    73  0   0.2%   0.621 AU:3    +
   15    72  0   0.2%   0.439 CG:3    +
   13    74  0   0.2%   0.326 CG:3    +
   41    49  0   0.2%   0.087 CG:3    +
   76    82  0   0.2%   1.283 GC:3    +
   57    77  0   0.2%   0.429 AU:3    +
   18    58  0   0.2%   0.216 UA:3    +
   75    83  0   0.2%   1.379 CG:3    +
   42    48  0   0.2%   0.061 UG:3    +
   40    50  0   0.2%   0.138 UA:3    +
   81    91  0   0.2%   0.805 GU:3    +
   77    81  0   0.2%   1.326 UG:3    +
   74    84  0   0.2%   0.582 GU:3    +
   37    51  0   0.2%   0.077 UA:3    +
   12    63  0   0.2%   0.035 UA:3    +
   11    76  0   0.2%   0.639 CG:3    +
    4    82  0   0.2%   0.558 GC:3    +
    3    83  0   0.2%   0.447 CG:3    +
    7    80  0   0.2%   0.560 GC:3    +
    6    81  0   0.2%   0.548 CG:3    +
    8    79  0   0.2%   0.504 AU:3    +
    6    74  0   0.1%   0.132 CG:3    +
   72    85  0   0.1%   0.596 GC:3    +
   86    92  0   0.1%   0.407 CG:3    +
   55    79  0   0.1%   0.292 GU:3    +
    2    84  0   0.1%   0.349 GU:3    +
    5    84  0   0.1%   0.378 AU:3    +
    6    83  0   0.1%   0.436 CG:3    +
   31    46  0   0.1%   0.231 GC:3    +
    4    85  0   0.1%   0.341 GC:3    +
   59    67  0   0.1%   0.443 CG:3    +
   58    68  0   0.1%   0.145 AU:3    +
   72    86  0   0.1%   0.595 GC:3    +
   70    87  0   0.1%   0.440 CG:3    +
   57    69  0   0.1%   0.287 AU:3    +
   70    74  0   0.1%   0.643 CG:3    +
   13    61  0   0.1%   0.018 CG:3    +
   20    59  0   0.1%   0.091 GC:3    +
   19    60  0   0.1%   0.374 CG:3    +
   21    58  0   0.1%   0.043 UA:3    +
   55    75  0   0.1%   0.418 GC:3    +
    2    86  0   0.1%   0.347 GC:3    +
   59    72  0   0.1%   0.427 CG:3    +
   56    74  0   0.1%   0.096 UG:3    +
    9    76  0   0.1%   0.603 CG:3    +
    8    77  0   0.1%   0.511 AU:3    +
   87    91  0   0.1%   0.337 GU:3    +
    7    73  0   0.1%   0.192 GU:3    +
   69    88  0   0.1%   0.226 UA:3    +
   57    79  0   0.1%   0.400 AU:3    +
    3    72  0   0.1%   0.015 CG:3    +
   41    48  0   0.1%   0.056 CG:3    +
    2    73  0   0.1%   0.015 GU:3    +
   58    73  0   0.1%   0.383 AU:3    +
   69    74  0   0.1%   0.437 UG:3    +
   57    73  0   0.0%   0.530 AU:3    +
   54    76  0   0.0%   0.350 CG:3    +
   40    49  0   0.0%   0.019 UG:3    +
   43    47  0   0.0%   0.109 GU:3    +
   60    70  0   0.0%   0.366 GC:3    +
    1    87  0   0.0%   0.176 UG:3    +
   53    77  0   0.0%   0.260 GU:3    +
   61    69  0   0.0%   0.387 GU:3    +
   61    70  0   0.0%   0.348 GC:3    +
   30    55  0   0.0%   0.109 UG:3    +
   31    54  0   0.0%   0.232 GC:3    +
   29    56  0   0.0%   0.029 AU:3    +
   34    46  0   0.0%   0.052 GC:3    +
   55    59  0   0.0%   0.188 GC:3    +
   32    53  0   0.0%   0.062 CG:3    +
   54    81  0   0.0%   0.429 CG:3    +
   53    82  0   0.0%   0.427 GC:3    +
   33    47  0   0.0%   0.100 AU:3    +
    7    82  0   0.0%   0.559 GC:3    +
   37    43  0   0.0%   0.018 UG:3    +
   36    44  0   0.0%   0.035 UA:3    +
    9    74  0   0.0%   0.339 CG:3    +
   32    48  0   0.0%   0.022 CG:3    +
   49    85  0   0.0%   0.040 GC:3    +
   48    86  0   0.0%   0.041 GC:3    +
   59    83  0   0.0%   0.755 CG:3    +
   60    82  0   0.0%   1.179 GC:3    +
   11    72  0   0.0%   0.603 CG:3    +
   65    80  0   0.0%   1.378 GC:3    +
   58    84  0   0.0%   0.473 AU:3    +
   66    79  0   0.0%   1.081 AU:3    +
   17    60  0   0.0%   0.072 CG:3    +
   12    71  0   0.0%   0.465 UA:3    +
    7    19  0   0.0%   0.007 GC:3    +
    6    20  0   0.0%   0.007 CG:3    +
    5    21  0   0.0%   0.007 AU:3    +
    4    22  0   0.0%   0.006 GC:3    +
    8    18  0   0.0%   0.006 AU:3    +
   36    51  0   0.0%   0.045 UA:3    +
   38    42  0   0.0%   0.014 AU:3    +
   35    52  0   0.0%   0.048 CG:3    +
    1    93  0   0.0%   0.176 UA:3    +
   35    43  0   0.0%   0.014 CG:3    +
   50    84  0   0.0%   0.275 AU:3    +
   72    84  0   0.0%   0.726 GU:3    +
   30    50  0   0.0%   0.125 UA:3    +
   47    87  0   0.0%   0.220 UG:3    +
   60    77  0   0.0%   1.028 GU:3    +
    8    84  0   0.0%   0.350 AU:3    +
    7    85  0   0.0%   0.335 GC:3    +
   26    48  0   0.0%   0.006 CG:3    +
    9    83  0   0.0%   0.418 CG:3    +
   18    55  0   0.0%   0.009 UG:3    +
   26    53  0   0.0%   0.052 CG:3    +
   27    52  0   0.0%   0.047 CG:3    +
   45    89  0   0.0%   0.347 CG:3    +
   44    90  0   0.0%   0.171 AU:3    +
    3    87  0   0.0%   0.339 CG:3    +
    9    16  0   0.0%   0.005 CG:3    +
    7    77  0   0.0%   0.494 GU:3    +
   37    50  0   0.0%   0.101 UA:3    +
   43    91  0   0.0%   0.161 GU:3    +
   74    80  0   0.0%   0.864 GC:3    +
   55    82  0   0.0%   0.486 GC:3    +
   17    83  0   0.0%   0.647 CG:3    +
   54    83  0   0.0%   0.274 CG:3    +
   16    84  0   0.0%   0.598 GU:3    +
   24    54  0   0.0%   0.013 GC:3    +
   25    49  0   0.0%   0.006 UG:3    +
   73    81  0   0.0%   1.463 UG:3    +
   61    73  0   0.0%   0.633 GU:3    +
   72    82  0   0.0%   0.916 GC:3    +
   30    39  0   0.0%   0.004 UA:3    +
   76    91  0   0.0%   1.010 GU:3    +
   29    40  0   0.0%   0.003 AU:3    +
   15    55  0   0.0%   0.004 CG:3    +
   16    54  0   0.0%   0.006 GC:3    +
   83    91  0   0.0%   0.427 GU:3    +
   17    53  0   0.0%   0.004 CG:3    +
   82    92  0   0.0%   0.622 CG:3    +
   62    72  0   0.0%   0.582 UG:3    +
   53    84  0   0.0%   0.236 GU:3    +
    4    70  0   0.0%   0.006 GC:3    +
    4    86  0   0.0%   0.333 GC:3    +
   11    74  0   0.0%   0.353 CG:3    +
   80    89  0   0.0%   0.717 CG:3    +
   14    56  0   0.0%   0.003 AU:3    +
   19    76  0   0.0%   0.406 CG:3    +
   52    85  0   0.0%   0.073 GC:3    +
   59    74  0   0.0%   0.174 CG:3    +
   23    55  0   0.0%   0.134 UG:3    +
   13    87  0   0.0%   0.381 CG:3    +
   51    84  0   0.0%   0.217 AU:3    +
   20    75  0   0.0%   0.345 GC:3    +
   60    73  0   0.0%   0.653 GU:3    +
   70    76  0   0.0%   1.117 CG:3    +
   21    74  0   0.0%   0.099 UG:3    +
   23    71  0   0.0%   0.301 UA:3    +
   22    72  0   0.0%   0.371 CG:3    +
   62    71  0   0.0%   0.482 UA:3    +
   25    53  0   0.0%   0.137 UG:3    +
   24    32  0   0.0%   0.005 GC:3    +
   24    70  0   0.0%   0.064 GC:3    +
   75    92  0   0.0%   1.262 CG:3    +
   18    78  0   0.0%   0.489 UA:3    +
   23    33  0   0.0%   0.003 UA:3    +
   12    88  0   0.0%   0.366 UA:3    +
   87    94  0   0.0%   0.506 GC:3    +
   25    31  0   0.0%   0.004 UG:3    +
   35    89  0   0.0%   0.158 CG:3    +
   34    90  0   0.0%   0.192 GU:3    +
   33    91  0   0.0%   0.154 AU:3    +
   32    92  0   0.0%   0.191 CG:3    +
   36    88  0   0.0%   0.141 UA:3    +
    5    69  0   0.0%   0.006 AU:3    +
   35    67  0   0.0%   0.347 CG:3    +
   36    66  0   0.0%   0.350 UA:3    +
   34    68  0   0.0%   0.141 GU:3    +
   76    94  0   0.0%   1.056 GC:3    +
   38    47  0   0.0%   0.089 AU:3    +
   37    65  0   0.0%   0.345 UG:3    +
   82    87  0   0.0%   0.573 CG:3    +
   56    81  0   0.0%   0.441 UG:3    +
   37    48  0   0.0%   0.014 UG:3    +
    2    80  0   0.0%   0.102 GC:3    +
   77    93  0   0.0%   0.744 UA:3    +
   26    52  0   0.0%   0.046 CG:3    +
   38    64  0   0.0%   0.256 AU:3    +
   22    34  0   0.0%   0.005 CG:3    +
   18    88  0   0.0%   0.554 UA:3    +
   17    89  0   0.0%   0.546 CG:3    +
   19    87  0   0.0%   0.220 CG:3    +
   33    69  0   0.0%   0.093 AU:3    +
   34    40  0   0.0%   0.004 GU:3    +
   16    90  0   0.0%   0.571 GU:3    +
   41    61  0   0.0%   0.344 CG:3    +
   42    60  0   0.0%   0.339 UG:3    +
   55    70  0   0.0%   0.133 GC:3    +
   43    59  0   0.0%   0.108 GC:3    +
   78    91  0   0.0%   0.486 AU:3    +
    3    24  0   0.0%   0.002 CG:3    +
   89    94  0   0.0%   0.504 GC:3    +
   11    89  0   0.0%   0.572 CG:3    +
   13    83  0   0.0%   0.372 CG:3    +
   70    92  0   0.0%   0.462 CG:3    +
    1     5  0   0.0%   0.002 UA:3    +
   71    91  0   0.0%   0.594 AU:3    +
    3    89  0   0.0%   0.335 CG:3    +
   13    92  0   0.0%   0.416 CG:3    +
   72    80  0   0.0%   1.067 GC:3    +
   20    86  0   0.0%   0.044 GC:3    +
    4    79  0   0.0%   0.088 GU:3    +
   36    49  0   0.0%   0.011 UG:3    +
   13    72  0   0.0%   0.535 CG:3    +
   18    52  0   0.0%   0.004 UG:3    +
    2     6  0   0.0%   0.002 GC:3    +
   33    40  0   0.0%   0.004 AU:3    +
   79    92  0   0.0%   0.641 UG:3    +
   14    91  0   0.0%   0.568 AU:3    +
   74    85  0   0.0%   0.413 GC:3    +
   41    92  0   0.0%   0.213 CG:3    +
   77    92  0   0.0%   0.902 UG:3    +
   37    87  0   0.0%   0.143 UG:3    +
   58    79  0   0.0%   0.481 AU:3    +
    2    90  0   0.0%   0.338 GU:3    +
    2    25  0   0.0%   0.002 GU:3    +
    2    32  0   0.0%   0.003 GC:3    +
    3    31  0   0.0%   0.002 CG:3    +
    8    21  0   0.0%   0.006 AU:3    +
    9    20  0   0.0%   0.005 CG:3    +
   14    69  0   0.0%   0.350 AU:3    +
    5    25  0   0.0%   0.005 AU:3    +
    6    24  0   0.0%   0.005 CG:3    +
    4    26  0   0.0%   0.004 GC:3    +
   12    93  0   0.0%   0.252 UA:3    +
    7    22  0   0.0%   0.006 GC:3    +
    2    85  0   0.0%   0.332 GC:3    +
   18    81  0   0.0%   0.826 UG:3    +
   65    73  0   0.0%   1.057 GU:3    +
   10    72  0   0.0%   0.579 UG:3    +
   63    69  0   0.0%   0.122 AU:3    +
   46    52  0   0.0%   0.069 CG:3    +
   56    63  0   0.0%   0.053 UA:3    +
   45    53  0   0.0%   0.268 CG:3    +
   42    92  0   0.0%   0.185 UG:3    +
   40    93  0   0.0%   0.022 UA:3    +
   31    70  0   0.0%   0.274 GC:3    +
   34    42  0   0.0%   0.044 GU:3    +
   57    62  0   0.0%   0.453 AU:3    +
   72    90  0   0.0%   0.710 GU:3    +
   30    71  0   0.0%   0.265 UA:3    +
    1    88  0   0.0%   0.171 UA:3    +
   25    44  0   0.0%   0.003 UA:3    +
   17    55  0   0.0%   0.004 CG:3    +
   26    43  0   0.0%   0.002 CG:3    +
   24    45  0   0.0%   0.004 GC:3    +
   45    55  0   0.0%   0.296 CG:3    +
   59    65  0   0.0%   0.423 CG:3    +
   46    53  0   0.0%   0.073 CG:3    +
    1    33  0   0.0%   0.002 UA:3    +
   85    89  0   0.0%   0.192 CG:3    +
   25    51  0   0.0%   0.132 UA:3    +
   47    52  0   0.0%   0.148 UG:3    +
   27    60  0   0.0%   0.322 CG:3    +
   26    61  0   0.0%   0.300 CG:3    +
   65    69  0   0.0%   0.419 GU:3    +
   68    89  0   0.0%   0.444 UG:3    +
   35    49  0   0.0%   0.010 CG:3    +
   47    51  0   0.0%   0.140 UA:3    +
   24    75  0   0.0%   0.334 GC:3    +
   44    56  0   0.0%   0.051 AU:3    +
   30    63  0   0.0%   0.079 UA:3    +
   31    62  0   0.0%   0.496 GU:3    +
   36    48  0   0.0%   0.012 UG:3    +
   32    61  0   0.0%   0.321 CG:3    +
   29    64  0   0.0%   0.274 AU:3    +
   16    56  0   0.0%   0.005 GU:3    +
   84    88  0   0.0%   0.334 UA:3    +
   25    74  0   0.0%   0.174 UG:3    +
    1    81  0   0.0%   0.072 UG:3    +
   31    75  0   0.0%   0.545 GC:3    +
   32    74  0   0.0%   0.090 CG:3    +
   55    64  0   0.0%   0.345 GU:3    +
   71    84  0   0.0%   0.620 AU:3    +
   34    45  0   0.0%   0.242 GC:3    +
   30    76  0   0.0%   0.361 UG:3    +
   20    35  0   0.0%   0.004 GC:3    +
   78    90  0   0.0%   0.481 AU:3    +
   23    76  0   0.0%   0.396 UG:3    +
   69    93  0   0.0%   0.102 UA:3    +
   27    53  0   0.0%   0.048 CG:3    +
   29    77  0   0.0%   0.212 AU:3    +
   21    78  0   0.0%   0.094 UA:3    +
   42    51  0   0.0%   0.072 UA:3    +
    1    74  0   0.0%   0.002 UG:3    +
   41    52  0   0.0%   0.108 CG:3    +
   20    79  0   0.0%   0.202 GU:3    +
    2    27  0   0.0%   0.002 GC:3    +
   18    61  0   0.0%   0.685 UG:3    +
   15    76  0   0.0%   0.427 CG:3    +
   16    75  0   0.0%   0.621 GC:3    +
   17    74  0   0.0%   0.310 CG:3    +
   33    73  0   0.0%   0.336 AU:3    +
   44    62  0   0.0%   0.293 AU:3    +
   45    61  0   0.0%   0.499 CG:3    +
   14    77  0   0.0%   0.474 AU:3    +
   12    87  0   0.0%   0.371 UG:3    +
   46    60  0   0.0%   0.327 CG:3    +
   52    86  0   0.0%   0.069 GC:3    +
   53    85  0   0.0%   0.082 GC:3    +
   26    55  0   0.0%   0.079 CG:3    +
    2    70  0   0.0%   0.003 GC:3    +
   41    65  0   0.0%   0.380 CG:3    +
   43    54  0   0.0%   0.043 GC:3    +
    3    16  0   0.0%   0.001 CG:3    +
   56    71  0   0.0%   0.238 UA:3    +
    2    17  0   0.0%   0.001 GC:3    +
   73    78  0   0.0%   1.268 UA:3    +
   40    66  0   0.0%   0.347 UA:3    +
    1    28  0   0.0%   0.001 UA:3    +
    4    15  0   0.0%   0.001 GC:3    +
   54    74  0   0.0%   0.087 CG:3    +
   53    75  0   0.0%   0.371 GC:3    +
   54    61  0   0.0%   0.319 CG:3    +
   76    86  0   0.0%   0.882 GC:3    +
   72    79  0   0.0%   1.000 GU:3    +
   23    50  0   0.0%   0.002 UA:3    +
   35    48  0   0.0%   0.011 CG:3    +
   53    62  0   0.0%   0.324 GU:3    +
   60    79  0   0.0%   0.749 GU:3    +
   75    87  0   0.0%   1.233 CG:3    +
   13    60  0   0.0%   0.001 CG:3    +
   16    70  0   0.0%   0.350 GC:3    +
    1    71  0   0.0%   0.002 UA:3    +
    9    81  0   0.0%   0.532 CG:3    +
   63    68  0   0.0%   0.126 AU:3    +
   55    73  0   0.0%   0.416 GU:3    +
   30    43  0   0.0%   0.002 UG:3    +
   31    41  0   0.0%   0.002 GC:3    +
   12    61  0   0.0%   0.001 UG:3    +
   11    16  0   0.0%   0.003 CG:3    +
   17    34  0   0.0%   0.001 CG:3    +
    7    86  0   0.0%   0.330 GC:3    +
   16    35  0   0.0%   0.003 GC:3    +
   18    33  0   0.0%   0.003 UA:3    +
    5    91  0   0.0%   0.390 AU:3    +
    6    87  0   0.0%   0.320 CG:3    +
   42    55  0   0.0%   0.111 UG:3    +
   56    60  0   0.0%   0.336 UG:3    +
   52    59  0   0.0%   0.149 GC:3    +
    4    19  0   0.0%   0.001 GC:3    +
    5    18  0   0.0%   0.001 AU:3    +
    3    20  0   0.0%   0.001 CG:3    +
    6    16  0   0.0%   0.001 CG:3    +
    7    15  0   0.0%   0.001 GC:3    +
   73    93  0   0.0%   0.947 UA:3    +
   60    64  0   0.0%   0.569 GU:3    +
   72    94  0   0.0%   0.760 GC:3    +
   54    65  0   0.0%   0.355 CG:3    +
   48    54  0   0.0%   0.053 GC:3    +
    2    21  0   0.0%   0.001 GU:3    +
   19    52  0   0.0%   0.003 CG:3    +
   22    55  0   0.0%   0.110 CG:3    +
   66    77  0   0.0%   1.356 AU:3    +
   22    49  0   0.0%   0.004 CG:3    +
    9    87  0   0.0%   0.306 CG:3    +
   68    78  0   0.0%   0.647 UA:3    +
   10    78  0   0.0%   0.340 UA:3    +
    8    91  0   0.0%   0.584 AU:3    +
   21    50  0   0.0%   0.003 UA:3    +
   27    67  0   0.0%   0.332 CG:3    +
   35    72  0   0.0%   0.330 CG:3    +
   17    72  0   0.0%   0.560 CG:3    +
   16    73  0   0.0%   0.635 GU:3    +
   15    20  0   0.0%   0.004 CG:3    +
   36    71  0   0.0%   0.238 UA:3    +
   40    53  0   0.0%   0.078 UG:3    +
   16    69  0   0.0%   0.391 GU:3    +
   47    55  0   0.0%   0.179 UG:3    +
   62    81  0   0.0%   1.195 UG:3    +
   57    64  0   0.0%   0.442 AU:3    +
   23    48  0   0.0%   0.001 UG:3    +
   37    57  0   0.0%   0.206 UA:3    +
   84    89  0   0.0%   0.350 UG:3    +
   69    76  0   0.0%   0.916 UG:3    +
   61    82  0   0.0%   1.045 GC:3    +
   15    74  0   0.0%   0.174 CG:3    +
   81    94  0   0.0%   0.827 GC:3    +
   48    59  0   0.0%   0.117 GC:3    +
   10    74  0   0.0%   0.330 UG:3    +
   18    71  0   0.0%   0.649 UA:3    +
    7    13  0   0.0%   0.001 GC:3    +
   56    65  0   0.0%   0.349 UG:3    +
   39    62  0   0.0%   0.263 AU:3    +
   17    24  0   0.0%   0.002 CG:3    +
   38    56  0   0.0%   0.023 AU:3    +
   40    61  0   0.0%   0.309 UG:3    +
   34    59  0   0.0%   0.144 GC:3    +
   27    49  0   0.0%   0.011 CG:3    +
   41    60  0   0.0%   0.366 CG:3    +
   14    21  0   0.0%   0.003 AU:3    +
   19    31  0   0.0%   0.003 CG:3    +
   36    58  0   0.0%   0.057 UA:3    +
   31    42  0   0.0%   0.002 GU:3    +
   20    30  0   0.0%   0.003 GU:3    +
   15    81  0   0.0%   0.349 CG:3    +
   83    90  0   0.0%   0.427 GU:3    +
   79    89  0   0.0%   0.616 UG:3    +
   78    84  0   0.0%   0.524 AU:3    +
   26    67  0   0.0%   0.335 CG:3    +
   21    29  0   0.0%   0.003 UA:3    +
   13    43  0   0.0%   0.001 CG:3    +
   13    76  0   0.0%   0.564 CG:3    +
   24    62  0   0.0%   0.285 GU:3    +
   54    60  0   0.0%   0.342 CG:3    +
   14    42  0   0.0%   0.001 AU:3    +
   67    79  0   0.0%   1.026 GU:3    +
   79    83  0   0.0%   0.717 UG:3    +
   67    80  0   0.0%   1.091 GC:3    +
   71    77  0   0.0%   1.178 AU:3    +
   81    85  0   0.0%   0.600 GC:3    +
   55    85  0   0.0%   0.140 GC:3    +
    7    90  0   0.0%   0.343 GU:3    +
    1    92  0   0.0%   0.171 UG:3    +
   28    73  0   0.0%   0.388 AU:3    +
    8    12  0   0.0%   0.000 AU:3    +
    4    11  0   0.0%   0.000 GC:3    +
   12    44  0   0.0%   0.000 UA:3    +
   27    74  0   0.0%   0.066 CG:3    +
   76    90  0   0.0%   1.003 GU:3    +
   76    85  0   0.0%   0.888 GC:3    +
    1    89  0   0.0%   0.171 UG:3    +
   21    57  0   0.0%   0.188 UA:3    +
   67    86  0   0.0%   0.587 GC:3    +
   64    74  0   0.0%   0.845 UG:3    +
    1     7  0   0.0%   0.001 UG:3    +
    8    25  0   0.0%   0.004 AU:3    +
    9    24  0   0.0%   0.003 CG:3    +
    7    26  0   0.0%   0.004 GC:3    +
    7    94  0   0.0%   0.631 GC:3    +
   51    77  0   0.0%   0.239 AU:3    +
    3    34  0   0.0%   0.002 CG:3    +
    2    35  0   0.0%   0.003 GC:3    +
    4    30  0   0.0%   0.003 GU:3    +
   73    89  0   0.0%   1.081 UG:3    +
   10    16  0   0.0%   0.002 UG:3    +
   24    82  0   0.0%   0.379 GC:3    +
    5    10  0   0.0%   0.001 AU:3    +
   16    80  0   0.0%   0.543 GC:3    +
   36    43  0   0.0%   0.010 UG:3    +
   25    81  0   0.0%   0.505 UG:3    +
   16    25  0   0.0%   0.003 GU:3    +
   77    89  0   0.0%   0.876 UG:3    +
   27    72  0   0.0%   0.316 CG:3    +
   20    80  0   0.0%   0.266 GC:3    +
   61    68  0   0.0%   0.386 GU:3    +
   20    32  0   0.0%   0.004 GC:3    +
   56    61  0   0.0%   0.312 UG:3    +
   61    85  0   0.0%   0.697 GC:3    +
   23    83  0   0.0%   0.321 UG:3    +
   46    87  0   0.0%   0.137 CG:3    +
   60    86  0   0.0%   0.826 GC:3    +
   19    24  0   0.0%   0.004 CG:3    +
   46    89  0   0.0%   0.149 CG:3    +
   70    83  0   0.0%   0.533 CG:3    +
   15    24  0   0.0%   0.002 CG:3    +
    7    68  0   0.0%   0.003 GU:3    +
   21    51  0   0.0%   0.003 UA:3    +
   43    70  0   0.0%   0.057 GC:3    +
   42    71  0   0.0%   0.240 UA:3    +
   84    92  0   0.0%   0.368 UG:3    +
   41    72  0   0.0%   0.361 CG:3    +
   47    88  0   0.0%   0.210 UA:3    +
   46    67  0   0.0%   0.338 CG:3    +
   44    69  0   0.0%   0.111 AU:3    +
   47    66  0   0.0%   0.418 UA:3    +
   38    69  0   0.0%   0.083 AU:3    +
    9    92  0   0.0%   0.574 CG:3    +
   22    76  0   0.0%   0.372 CG:3    +
   50    79  0   0.0%   0.274 AU:3    +
   49    80  0   0.0%   0.254 GC:3    +
   39    68  0   0.0%   0.088 AU:3    +
   34    73  0   0.0%   0.378 GU:3    +
   22    48  0   0.0%   0.003 CG:3    +
   47    71  0   0.0%   0.307 UA:3    +
   19    81  0   0.0%   0.484 CG:3    +
   56    76  0   0.0%   0.342 UG:3    +
   46    72  0   0.0%   0.322 CG:3    +
   23    53  0   0.0%   0.102 UG:3    +
   31    94  0   0.0%   0.423 GC:3    +
   40    48  0   0.0%   0.012 UG:3    +
   60    69  0   0.0%   0.402 GU:3    +
   23    57  0   0.0%   0.238 UA:3    +
   31    47  0   0.0%   0.298 GU:3    +
   24    56  0   0.0%   0.005 GU:3    +
   51    56  0   0.0%   0.070 AU:3    +
   21    49  0   0.0%   0.003 UG:3    +
   54    67  0   0.0%   0.353 CG:3    +
   12    72  0   0.0%   0.541 UG:3    +
   13    20  0   0.0%   0.003 CG:3    +
   53    68  0   0.0%   0.147 GU:3    +
   48    70  0   0.0%   0.067 GC:3    +
   23    63  0   0.0%   0.114 UA:3    +
   56    72  0   0.0%   0.331 UG:3    +
   74    86  0   0.0%   0.406 GC:3    +
   69    87  0   0.0%   0.220 UG:3    +
   21    31  0   0.0%   0.004 UG:3    +
   74    94  0   0.0%   0.577 GC:3    +
   62    67  0   0.0%   0.597 UG:3    +
   70    89  0   0.0%   0.437 CG:3    +
    3     7  0   0.0%   0.000 CG:3    +
   53    59  0   0.0%   0.152 GC:3    +
   51    79  0   0.0%   0.216 AU:3    +
   27    65  0   0.0%   0.334 CG:3    +
   69    78  0   0.0%   0.435 UA:3    +
   18    76  0   0.0%   0.744 UG:3    +
   73    87  0   0.0%   1.076 UG:3    +
   11    81  0   0.0%   0.551 CG:3    +
   12    58  0   0.0%   0.000 UA:3    +
   75    89  0   0.0%   1.237 CG:3    +
   15    67  0   0.0%   0.408 CG:3    +
    4    13  0   0.0%   0.000 GC:3    +
   55    86  0   0.0%   0.136 GC:3    +
   26    31  0   0.0%   0.002 CG:3    +
   49    69  0   0.0%   0.103 GU:3    +
   14    68  0   0.0%   0.337 AU:3    +
   63    84  0   0.0%   0.620 AU:3    +
   64    83  0   0.0%   1.134 UG:3    +
   71    79  0   0.0%   0.900 AU:3    +
   16    23  0   0.0%   0.002 GU:3    +
   51    68  0   0.0%   0.136 AU:3    +
   73    88  0   0.0%   1.066 UA:3    +
   39    47  0   0.0%   0.087 AU:3    +
   52    80  0   0.0%   0.288 GC:3    +
   37    49  0   0.0%   0.010 UG:3    +
   54    72  0   0.0%   0.337 CG:3    +
   19    72  0   0.0%   0.402 CG:3    +
   65    82  0   0.0%   1.223 GC:3    +
    5    12  0   0.0%   0.001 AU:3    +
   74    90  0   0.0%   0.527 GU:3    +
   23    29  0   0.0%   0.000 UA:3    +
   36    50  0   0.0%   0.097 UA:3    +
   60    68  0   0.0%   0.410 GU:3    +
    2    13  0   0.0%   0.001 GC:3    +
   72    77  0   0.0%   1.278 GU:3    +
   25    57  0   0.0%   0.271 UA:3    +
   68    88  0   0.0%   0.424 UA:3    +
   14    25  0   0.0%   0.001 AU:3    +
   22    65  0   0.0%   0.387 CG:3    +
   12    78  0   0.0%   0.300 UA:3    +
   13    24  0   0.0%   0.002 CG:3    +
   62    66  0   0.0%   0.591 UA:3    +
   53    73  0   0.0%   0.384 GU:3    +
   21    55  0   0.0%   0.083 UG:3    +
   49    64  0   0.0%   0.275 GU:3    +
   52    69  0   0.0%   0.138 GU:3    +
   21    66  0   0.0%   0.365 UA:3    +
   43    75  0   0.0%   0.327 GC:3    +
   68    76  0   0.0%   1.128 UG:3    +
   16    86  0   0.0%   0.440 GC:3    +
   50    68  0   0.0%   0.194 AU:3    +
   14    23  0   0.0%   0.000 AU:3    +
   25    93  0   0.0%   0.118 UA:3    +
   24    35  0   0.0%   0.003 GC:3    +
   26    74  0   0.0%   0.069 CG:3    +
   20    27  0   0.0%   0.003 GC:3    +
   33    56  0   0.0%   0.031 AU:3    +
   40    63  0   0.0%   0.050 UA:3    +
   24    94  0   0.0%   0.213 GC:3    +
   25    34  0   0.0%   0.003 UG:3    +
   67    85  0   0.0%   0.591 GC:3    +
   58    62  0   0.0%   0.299 AU:3    +
   26    76  0   0.0%   0.321 CG:3    +
   10    87  0   0.0%   0.292 UG:3    +
   28    64  0   0.0%   0.316 AU:3    +
   50    69  0   0.0%   0.187 AU:3    +
   22    31  0   0.0%   0.003 CG:3    +
   12    57  0   0.0%   0.000 UA:3    +
   25    63  0   0.0%   0.145 UA:3    +
   19    53  0   0.0%   0.004 CG:3    +
   20    26  0   0.0%   0.004 GC:3    +
   26    92  0   0.0%   0.168 CG:3    +
   21    52  0   0.0%   0.004 UG:3    +
   29    37  0   0.0%   0.000 AU:3    +
   37    44  0   0.0%   0.033 UA:3    +
    2    26  0   0.0%   0.002 GC:3    +
   37    52  0   0.0%   0.073 UG:3    +
   52    62  0   0.0%   0.320 GU:3    +
   57    84  0   0.0%   0.383 AU:3    +
   16    85  0   0.0%   0.444 GC:3    +
    1    14  0   0.0%   0.001 UA:3    +
   20    56  0   0.0%   0.011 GU:3    +
   28    91  0   0.0%   0.204 AU:3    +
   12    67  0   0.0%   0.551 UG:3    +
   27    55  0   0.0%   0.076 CG:3    +
    2    15  0   0.0%   0.001 GC:3    +
    4    77  0   0.0%   0.149 GU:3    +
    2    91  0   0.0%   0.337 GU:3    +
    4    23  0   0.0%   0.003 GU:3    +
    7    23  0   0.0%   0.003 GU:3    +
   24    80  0   0.0%   0.255 GC:3    +
   29    42  0   0.0%   0.001 AU:3    +
   49    86  0   0.0%   0.035 GC:3    +
    2    23  0   0.0%   0.001 GU:3    +
   27    92  0   0.0%   0.166 CG:3    +
   29    73  0   0.0%   0.346 AU:3    +
   44    84  0   0.0%   0.194 AU:3    +
   43    85  0   0.0%   0.027 GC:3    +
   29    90  0   0.0%   0.159 AU:3    +
   23    78  0   0.0%   0.138 UA:3    +
   56    83  0   0.0%   0.285 UG:3    +
   64    81  0   0.0%   1.427 UG:3    +
   45    83  0   0.0%   0.444 CG:3    +
   30    72  0   0.0%   0.358 UG:3    +
   24    77  0   0.0%   0.213 GU:3    +
   58    64  0   0.0%   0.289 AU:3    +
   42    76  0   0.0%   0.335 UG:3    +
   29    36  0   0.0%   0.000 AU:3    +
   52    82  0   0.0%   0.412 GC:3    +
   40    67  0   0.0%   0.345 UG:3    +
   28    42  0   0.0%   0.000 AU:3    +
   10    67  0   0.0%   0.147 UG:3    +
   20    36  0   0.0%   0.003 GU:3    +
   49    54  0   0.0%   0.050 GC:3    +
   42    58  0   0.0%   0.059 UA:3    +
   74    79  0   0.0%   0.794 GU:3    +
   30    89  0   0.0%   0.184 UG:3    +
   15    92  0   0.0%   0.395 CG:3    +
   32    52  0   0.0%   0.051 CG:3    +
   39    64  0   0.0%   0.253 AU:3    +
   53    80  0   0.0%   0.295 GC:3    +
   21    44  0   0.0%   0.003 UA:3    +
   45    74  0   0.0%   0.267 CG:3    +
   20    45  0   0.0%   0.003 GC:3    +
   49    70  0   0.0%   0.063 GC:3    +
   31    37  0   0.0%   0.002 GU:3    +
    4     9  0   0.0%   0.000 GC:3    +
   22    43  0   0.0%   0.003 CG:3    +
   30    58  0   0.0%   0.084 UA:3    +
   12    76  0   0.0%   0.557 UG:3    +
   22    67  0   0.0%   0.385 CG:3    +
   47    60  0   0.0%   0.406 UG:3    +
   48    80  0   0.0%   0.257 GC:3    +
   30    38  0   0.0%   0.000 UA:3    +
   23    66  0   0.0%   0.410 UA:3    +
   41    55  0   0.0%   0.139 CG:3    +
   16    41  0   0.0%   0.002 GC:3    +
   24    64  0   0.0%   0.274 GU:3    +
   42    49  0   0.0%   0.046 UG:3    +
   31    35  0   0.0%   0.002 GC:3    +
   27    43  0   0.0%   0.001 CG:3    +
   18    51  0   0.0%   0.002 UA:3    +
    2     9  0   0.0%   0.001 GC:3    +
   30    93  0   0.0%   0.051 UA:3    +
   59    87  0   0.0%   0.639 CG:3    +
   48    56  0   0.0%   0.047 GU:3    +
   28    56  0   0.0%   0.066 AU:3    +
   47    58  0   0.0%   0.127 UA:3    +
   49    79  0   0.0%   0.190 GU:3    +
    7    17  0   0.0%   0.001 GC:3    +
   65    85  0   0.0%   0.876 GC:3    +
   66    84  0   0.0%   0.799 AU:3    +
   12    16  0   0.0%   0.002 UG:3    +
.....((((((..((((.(((((.((((...(((......)))...)))))))))....((((((.........))))))))))..))))))..
