3 sequence; length of alignment 34
alifold output
    2    32  0  82.9%   0.674 GC:3   
    3    31  0  82.8%   0.646 CG:3   
   11    22  0  79.8%   0.568 CG:3   
   12    21  0  79.7%   0.550 UA:3   
   10    23  0  79.3%   0.641 GC:3   
   13    20  0  76.4%   0.750 GU:3   
   14    19  0  74.0%   0.951 GC:3   
    6    29  0  64.2%   1.270 GC:3   
    5    30  0  63.0%   1.247 CG:3   
    8    27  0  41.7%   2.001 GC:3   
    8    25  0  31.6%   1.391 GC:3    +
    4    30  0  22.5%   1.064 UG:3    +
   15    22  0  18.0%   1.169 CG:3    +
   14    23  0  17.6%   1.498 GC:3    +
   13    24  0  17.0%   1.368 GC:3    +
    6    27  0  13.7%   0.883 GC:3    +
   10    25  0   6.5%   1.204 GC:3    +
    2     9  0   4.2%   0.405 GC:3    +
    3     8  0   4.2%   0.403 CG:3    +
    4    31  0   3.5%   0.868 UG:3    +
    8    24  0   3.3%   0.497 GC:3    +
   10    27  0   3.3%   1.429 GC:3    +
   13    19  0   3.2%   0.360 GC:3    +
    6    32  0   3.2%   1.157 GC:3    +
   14    18  0   3.2%   0.390 GC:3    +
    7    31  0   3.0%   0.691 CG:3    +
    8    29  0   2.2%   1.572 GC:3    +
    9    30  0   2.1%   1.129 CG:3    +
   10    29  0   2.1%   1.216 GC:3    +
    2    33  0   1.9%   0.592 GC:3    +
    7    30  0   1.7%   0.896 CG:3    +
    1    10  0   1.7%   0.210 CG:3    +
   23    31  0   1.6%   1.174 CG:3    +
   24    30  0   1.6%   1.530 CG:3    +
   11    31  0   1.5%   0.799 CG:3    +
   22    32  0   1.5%   1.054 GC:3    +
   12    30  0   1.5%   1.242 UG:3    +
   10    32  0   1.5%   1.127 GC:3    +
   12    26  0   1.2%   0.348 UA:3    +
    6    28  0   1.1%   0.483 GU:3    +
   25    30  0   1.0%   1.694 CG:3    +
   24    31  0   0.9%   1.195 CG:3    +
   13    25  0   0.9%   1.337 GC:3    +
    2    29  0   0.6%   0.270 GC:3    +
    1    30  0   0.6%   0.164 CG:3    +
    6    25  0   0.5%   0.122 GC:3    +
   14    24  0   0.5%   1.200 GC:3    +
    7    14  0   0.3%   0.082 CG:3    +
    6    15  0   0.3%   0.088 GC:3    +
    3    14  0   0.3%   0.205 CG:3    +
    2    15  0   0.3%   0.210 GC:3    +
    9    14  0   0.3%   0.226 CG:3    +
    8    15  0   0.3%   0.230 GC:3    +
    4    13  0   0.3%   0.051 UG:3    +
    8    32  0   0.3%   1.407 GC:3    +
    9    31  0   0.3%   0.669 CG:3    +
   14    32  0   0.2%   1.117 GC:3    +
   13    33  0   0.2%   0.844 GC:3    +
    3    10  0   0.2%   0.243 CG:3    +
   15    31  0   0.2%   0.874 CG:3    +
    2    11  0   0.2%   0.180 GC:3    +
   13    29  0   0.2%   1.203 GC:3    +
    8    33  0   0.2%   1.237 GC:3    +
   10    24  0   0.2%   0.418 GC:3    +
    6    33  0   0.2%   0.894 GC:3    +
    8    28  0   0.1%   1.076 GU:3    +
    6    11  0   0.1%   0.040 GC:3    +
   22    27  0   0.1%   1.267 GC:3    +
   21    28  0   0.1%   0.279 AU:3    +
   10    28  0   0.1%   0.646 GU:3    +
    5    31  0   0.1%   0.589 CG:3    +
    2     7  0   0.1%   0.015 GC:3    +
    3    22  0   0.1%   0.181 CG:3    +
    2    23  0   0.1%   0.187 GC:3    +
    3    30  0   0.1%   0.215 CG:3    +
    4    21  0   0.1%   0.032 UA:3    +
    1     8  0   0.1%   0.013 CG:3    +
   14    28  0   0.1%   0.799 GU:3    +
   19    30  0   0.1%   1.229 CG:3    +
   17    21  0   0.0%   0.199 UA:3    +
   16    20  0   0.0%   0.217 AU:3    +
   21    34  0   0.0%   0.208 AU:3    +
   22    33  0   0.0%   0.693 GC:3    +
    6    19  0   0.0%   0.043 GC:3    +
    5    13  0   0.0%   0.027 CG:3    +
   18    31  0   0.0%   0.601 CG:3    +
    6    12  0   0.0%   0.015 GU:3    +
    6    17  0   0.0%   0.036 GU:3    +
    8    23  0   0.0%   0.165 GC:3    +
    9    22  0   0.0%   0.161 CG:3    +
   11    30  0   0.0%   1.019 CG:3    +
    1    31  0   0.0%   0.108 CG:3    +
   13    18  0   0.0%   0.025 GC:3    +
    2    19  0   0.0%   0.175 GC:3    +
   14    27  0   0.0%   1.474 GC:3    +
    5    10  0   0.0%   0.085 CG:3    +
    2    34  0   0.0%   0.442 GU:3    +
    6    24  0   0.0%   0.038 GC:3    +
   25    31  0   0.0%   1.250 CG:3    +
    1     6  0   0.0%   0.002 CG:3    +
    4    26  0   0.0%   0.024 UA:3    +
    8    34  0   0.0%   1.124 GU:3    +
    1    13  0   0.0%   0.075 CG:3    +
   17    30  0   0.0%   0.885 UG:3    +
    6    18  0   0.0%   0.034 GC:3    +
   20    26  0   0.0%   0.266 UA:3    +
    4    16  0   0.0%   0.019 UA:3    +
   10    33  0   0.0%   0.822 GC:3    +
    6    34  0   0.0%   0.795 GU:3    +
    2    18  0   0.0%   0.173 GC:3    +
   18    30  0   0.0%   0.992 CG:3    +
    2    27  0   0.0%   0.179 GC:3    +
    9    13  0   0.0%   0.155 CG:3    +
   18    22  0   0.0%   0.608 CG:3    +
   14    20  0   0.0%   0.596 GU:3    +
   14    33  0   0.0%   0.860 GC:3    +
   27    31  0   0.0%   1.350 CG:3    +
   13    27  0   0.0%   1.432 GC:3    +
   13    34  0   0.0%   0.714 GU:3    +
   17    26  0   0.0%   0.061 UA:3    +
    7    22  0   0.0%   0.029 CG:3    +
    6    23  0   0.0%   0.041 GC:3    +
   23    30  0   0.0%   1.379 CG:3    +
    4    14  0   0.0%   0.037 UG:3    +
    7    13  0   0.0%   0.026 CG:3    +
    4     8  0   0.0%   0.138 UG:3    +
   20    30  0   0.0%   1.093 UG:3    +
   17    22  0   0.0%   0.501 UG:3    +
   10    15  0   0.0%   0.140 GC:3    +
    8    12  0   0.0%   0.140 GU:3    +
   13    23  0   0.0%   0.529 GC:3    +
   15    30  0   0.0%   1.243 CG:3    +
    2    25  0   0.0%   0.178 GC:3    +
   19    31  0   0.0%   0.826 CG:3    +
    5    14  0   0.0%   0.023 CG:3    +
    2    12  0   0.0%   0.152 GU:3    +
   13    28  0   0.0%   0.747 GU:3    +
    2    17  0   0.0%   0.172 GU:3    +
   10    19  0   0.0%   0.088 GC:3    +
    2    20  0   0.0%   0.173 GU:3    +
   22    29  0   0.0%   0.996 GC:3    +
    2    28  0   0.0%   0.178 GU:3    +
    3    13  0   0.0%   0.148 CG:3    +
   16    28  0   0.0%   0.073 AU:3    +
    2    24  0   0.0%   0.178 GC:3    +
   14    25  0   0.0%   1.334 GC:3    +
    1    14  0   0.0%   0.074 CG:3    +
   12    31  0   0.0%   0.768 UG:3    +
   30    34  0   0.0%   0.997 GU:3    +
   26    34  0   0.0%   0.061 AU:3    +
   13    17  0   0.0%   0.023 GU:3    +
   22    28  0   0.0%   0.578 GU:3    +
   17    31  0   0.0%   0.487 UG:3    +
   13    32  0   0.0%   1.042 GC:3    +
    8    17  0   0.0%   0.157 GU:3    +
    6    20  0   0.0%   0.036 GU:3    +
.((.((.(.(((((....)))))...).))))..
