3 sequence; length of alignment 34
alifold output
   18    28  0  88.9%   0.323 GC:3   
   19    27  0  88.5%   0.332 GC:3   
   17    29  0  88.4%   0.577 CG:3   
   15    32  0  85.9%   0.681 CG:3   
   14    33  0  85.0%   0.745 UG:3   
   13    34  0  83.9%   0.563 GC:3   
   16    30  0  45.0%   1.325 AU:3    +
   16    31  0  42.8%   1.746 AU:3   
    4    15  0  11.2%   0.956 GC:3    +
    3    16  0  11.0%   0.944 UA:3    +
    2    17  0  10.9%   0.941 GC:3    +
    5    14  0  10.4%   0.891 AU:3    +
   21    31  0   9.5%   1.112 AU:3    +
   20    32  0   9.4%   0.878 CG:3    +
   22    30  0   9.4%   1.059 AU:3    +
   23    29  0   9.0%   0.794 UG:3    +
   18    34  0   8.2%   0.936 GC:3    +
    4    12  0   7.5%   0.624 GC:3    +
    5    11  0   6.8%   0.624 AU:3    +
    2     8  0   3.3%   0.338 GC:3    +
    3     7  0   2.9%   0.308 UG:3    +
    3    10  0   2.0%   0.353 UA:3    +
    7    12  0   1.8%   0.537 GC:3    +
    2    11  0   1.8%   0.330 GU:3    +
    8    13  0   0.8%   0.265 CG:3    +
    8    33  0   0.7%   0.279 CG:3    +
    7    34  0   0.7%   0.310 GC:3    +
   10    31  0   0.6%   0.176 AU:3    +
   20    29  0   0.6%   0.204 CG:3    +
   19    30  0   0.5%   0.563 GU:3    +
   12    32  0   0.5%   0.370 CG:3    +
    7    14  0   0.5%   0.492 GU:3    +
   18    31  0   0.4%   0.599 GU:3    +
    2    12  0   0.4%   0.251 GC:3    +
    3    13  0   0.4%   0.257 UG:3    +
   13    31  0   0.4%   0.157 GU:3    +
    4     8  0   0.3%   0.170 GC:3    +
   11    33  0   0.3%   0.356 UG:3    +
   17    32  0   0.3%   0.561 CG:3    +
    6    11  0   0.2%   0.299 AU:3    +
    3     9  0   0.2%   0.141 UG:3    +
   19    34  0   0.2%   0.571 GC:3    +
   20    33  0   0.1%   0.476 CG:3    +
   27    33  0   0.1%   0.341 CG:3    +
   28    32  0   0.1%   0.538 CG:3    +
    2    15  0   0.1%   0.232 GC:3    +
   14    32  0   0.1%   0.313 UG:3    +
    9    15  0   0.1%   0.281 GC:3    +
   18    27  0   0.1%   0.016 GC:3    +
   10    14  0   0.1%   0.356 AU:3    +
   19    28  0   0.0%   0.230 GC:3    +
    9    34  0   0.0%   0.068 GC:3    +
    6    14  0   0.0%   0.261 AU:3    +
    2    34  0   0.0%   0.466 GC:3    +
    3    33  0   0.0%   0.467 UG:3    +
    8    29  0   0.0%   0.179 CG:3    +
    9    28  0   0.0%   0.025 GC:3    +
   12    33  0   0.0%   0.375 CG:3    +
   15    33  0   0.0%   0.587 CG:3    +
    2    14  0   0.0%   0.213 GU:3    +
   12    29  0   0.0%   0.298 CG:3    +
    7    30  0   0.0%   0.212 GU:3    +
   22    31  0   0.0%   0.894 AU:3    +
    7    20  0   0.0%   0.211 GC:3    +
    8    19  0   0.0%   0.176 CG:3    +
   13    28  0   0.0%   0.068 GC:3    +
    5    31  0   0.0%   0.424 AU:3    +
    9    31  0   0.0%   0.029 GU:3    +
    6    31  0   0.0%   0.024 AU:3    +
    8    32  0   0.0%   0.179 CG:3    +
    7    11  0   0.0%   0.378 GU:3    +
    1    11  0   0.0%   0.004 AU:3    +
    7    17  0   0.0%   0.448 GC:3    +
   10    30  0   0.0%   0.089 AU:3    +
   28    33  0   0.0%   0.334 CG:3    +
   24    31  0   0.0%   0.670 AU:3    +
    4    11  0   0.0%   0.095 GU:3    +
   23    32  0   0.0%   0.620 UG:3    +
    7    15  0   0.0%   0.456 GC:3    +
   25    30  0   0.0%   0.616 AU:3    +
   12    18  0   0.0%   0.291 CG:3    +
    6    30  0   0.0%   0.019 AU:3    +
    4    20  0   0.0%   0.461 GC:3    +
   13    17  0   0.0%   0.304 GC:3    +
    3    21  0   0.0%   0.460 UA:3    +
   14    26  0   0.0%   0.272 UA:3    +
   13    27  0   0.0%   0.061 GC:3    +
    9    17  0   0.0%   0.262 GC:3    +
   11    29  0   0.0%   0.277 UG:3    +
   11    19  0   0.0%   0.276 UG:3    +
   13    20  0   0.0%   0.063 GC:3    +
    8    18  0   0.0%   0.171 CG:3    +
   14    19  0   0.0%   0.274 UG:3    +
   27    32  0   0.0%   0.515 CG:3    +
    4    17  0   0.0%   0.701 GC:3    +
    2    20  0   0.0%   0.459 GC:3    +
    3    19  0   0.0%   0.459 UG:3    +
    2    27  0   0.0%   0.459 GC:3    +
   10    23  0   0.0%   0.084 AU:3    +
    3    26  0   0.0%   0.460 UA:3    +
   11    22  0   0.0%   0.274 UA:3    +
    1    14  0   0.0%   0.002 AU:3    +
   18    23  0   0.0%   0.002 GU:3    +
   11    16  0   0.0%   0.516 UA:3    +
   29    34  0   0.0%   0.763 GC:3    +
    9    20  0   0.0%   0.022 GC:3    +
   24    30  0   0.0%   0.614 AU:3    +
   21    30  0   0.0%   0.392 AU:3    +
   25    31  0   0.0%   0.669 AU:3    +
    2    23  0   0.0%   0.459 GU:3    +
    3    18  0   0.0%   0.459 UG:3    +
    3    22  0   0.0%   0.460 UA:3    +
   14    22  0   0.0%   0.271 UA:3    +
   13    23  0   0.0%   0.060 GU:3    +
    4    34  0   0.0%   0.463 GC:3    +
   11    26  0   0.0%   0.274 UA:3    +
   12    19  0   0.0%   0.292 CG:3    +
   17    33  0   0.0%   0.563 CG:3    +
   26    30  0   0.0%   0.616 AU:3    +
    9    14  0   0.0%   0.279 GU:3    +
   18    30  0   0.0%   0.473 GU:3    +
   13    30  0   0.0%   0.066 GU:3    +
   19    23  0   0.0%   0.004 GU:3    +
   11    32  0   0.0%   0.276 UG:3    +
    9    27  0   0.0%   0.019 GC:3    +
   19    31  0   0.0%   0.584 GU:3    +
    1    23  0   0.0%   0.002 AU:3    +
    6    23  0   0.0%   0.017 AU:3    +
    4    23  0   0.0%   0.460 GU:3    +
   26    31  0   0.0%   0.669 AU:3    +
    3    24  0   0.0%   0.460 UA:3    +
   15    29  0   0.0%   0.263 CG:3    +
   16    23  0   0.0%   0.244 AU:3    +
    7    31  0   0.0%   0.211 GU:3    +
    4    31  0   0.0%   0.460 GU:3    +
   11    24  0   0.0%   0.273 UA:3    +
   14    21  0   0.0%   0.271 UA:3    +
    4    14  0   0.0%   0.216 GU:3    +
    1    31  0   0.0%   0.002 AU:3    +
   11    25  0   0.0%   0.273 UA:3    +
    3    32  0   0.0%   0.460 UG:3    +
   14    25  0   0.0%   0.270 UA:3    +
   14    24  0   0.0%   0.270 UA:3    +
............(((((((.......))).))))
