3 sequence; length of alignment 67
alifold output
   53    60  0  84.8%   0.989 GC:3   
   52    61  0  84.8%   0.822 GC:3   
   54    59  0  84.7%   0.993 CG:3   
   51    62  0  80.2%   0.916 AU:3   
   49    64  0  75.4%   1.221 CG:3   
   48    65  0  72.6%   1.221 UA:3   
   47    66  0  56.2%   1.453 AU:3   
   17    25  0  44.6%   1.157 GC:3    +
   18    24  0  44.6%   1.165 UA:3    +
   11    40  0  44.5%   1.882 GC:3   
   12    39  0  44.4%   1.511 AU:3   
   13    38  0  44.3%   1.587 GC:3   
   19    23  0  43.9%   1.181 CG:3    +
   16    26  0  42.7%   1.129 CG:3    +
   10    41  0  42.4%   1.769 UG:3   
   15    36  0  39.1%   1.671 CG:3   
    9    42  0  38.5%   1.523 UA:3   
   16    34  0  37.0%   1.894 CG:3   
   17    33  0  36.9%   1.859 GC:3   
   18    32  0  31.5%   1.495 UG:3   
    8    36  0  28.6%   1.119 CG:3    +
    9    35  0  28.6%   1.127 UA:3    +
   10    34  0  28.5%   1.146 UG:3    +
   11    33  0  28.2%   1.176 GC:3    +
    7    37  0  27.1%   1.100 AU:3    +
   23    30  0  19.7%   1.994 GC:3   
   22    31  0  19.0%   1.310 UA:3   
    2    40  0  18.0%   0.964 GC:3    +
    3    39  0  17.7%   0.949 AU:3    +
   13    30  0  16.9%   1.093 GC:3    +
   14    29  0  16.2%   0.973 UG:3    +
   36    54  0  15.2%   1.940 GC:3    +
   38    52  0  15.2%   1.286 CG:3    +
   35    55  0  15.2%   1.617 AU:3    +
   37    53  0  15.2%   1.300 UG:3    +
   34    56  0  15.1%   2.115 GU:3    +
   33    57  0  15.0%   1.927 CG:3    +
   39    51  0  14.8%   1.592 UA:3    +
    2    46  0  14.6%   1.191 GC:3    +
   30    59  0  14.3%   1.506 CG:3    +
   29    60  0  14.2%   1.641 GC:3    +
    3    45  0  14.2%   1.170 AU:3    +
   41    49  0  13.7%   1.751 GC:3    +
   42    48  0  12.6%   1.228 AU:3    +
    4    44  0  11.4%   0.762 AU:3    +
   11    46  0  10.4%   1.841 GC:3    +
   12    45  0  10.4%   1.568 AU:3    +
   13    44  0  10.4%   1.965 GU:3    +
    1    41  0  10.3%   0.726 UG:3    +
   14    43  0  10.0%   1.178 UA:3    +
   16    41  0   9.8%   2.108 CG:3    +
   17    40  0   9.8%   2.124 GC:3    +
   23    28  0   9.8%   1.230 GC:3    +
   31    58  0   9.4%   1.099 AU:3    +
   22    29  0   8.1%   1.181 UG:3    +
   21    35  0   8.1%   1.398 UA:3    +
   20    36  0   7.9%   1.616 CG:3    +
   22    34  0   7.6%   2.057 UG:3    +
   23    33  0   7.6%   2.336 GC:3    +
   25    32  0   6.9%   1.702 CG:3    +
    1    47  0   5.7%   0.757 UA:3    +
   32    58  0   5.6%   1.700 GU:3    +
   10    47  0   4.9%   1.408 UA:3    +
   21    32  0   4.4%   1.077 UG:3    +
    7    44  0   4.4%   1.083 AU:3    +
   19    34  0   4.3%   1.658 CG:3    +
   18    35  0   4.2%   1.542 UA:3    +
   26    33  0   3.8%   1.726 GC:3    +
   27    32  0   3.8%   1.312 CG:3    +
    6    45  0   3.5%   0.702 AU:3    +
   50    64  0   3.3%   0.883 CG:3    +
   25    34  0   3.2%   2.085 CG:3    +
   20    29  0   3.2%   0.767 CG:3    +
   46    64  0   2.9%   1.025 CG:3    +
   47    63  0   2.8%   0.725 AU:3    +
   12    62  0   2.5%   0.945 AU:3    +
   45    65  0   2.5%   1.087 UA:3    +
   13    61  0   2.5%   1.341 GC:3    +
   11    63  0   2.4%   1.370 GU:3    +
   10    64  0   2.1%   1.199 UG:3    +
   19    32  0   2.1%   1.029 CG:3    +
   20    32  0   2.0%   0.845 CG:3    +
   15    29  0   2.0%   0.596 CG:3    +
   21    31  0   1.9%   0.313 UA:3    +
    9    65  0   1.8%   1.017 UA:3    +
   51    63  0   1.7%   0.886 AU:3    +
   14    24  0   1.3%   0.208 UA:3    +
   13    25  0   1.2%   0.210 GC:3    +
   25    29  0   1.2%   1.306 CG:3    +
   15    23  0   1.2%   0.188 CG:3    +
   41    50  0   1.1%   1.327 GC:3    +
   14    65  0   1.1%   0.921 UA:3    +
   15    64  0   1.1%   0.801 CG:3    +
   13    66  0   1.0%   1.307 GU:3    +
    5    39  0   0.9%   0.451 AU:3    +
   22    36  0   0.9%   1.896 UG:3    +
   13    28  0   0.8%   0.265 GC:3    +
   14    35  0   0.8%   0.864 UA:3    +
   15    34  0   0.8%   0.617 CG:3    +
   16    36  0   0.7%   1.615 CG:3    +
   12    67  0   0.6%   0.866 AU:3    +
    5    44  0   0.6%   0.395 AU:3    +
    2    49  0   0.6%   0.722 GC:3    +
    3    48  0   0.6%   0.708 AU:3    +
   11    38  0   0.6%   0.562 GC:3    +
   12    37  0   0.6%   0.497 AU:3    +
   14    36  0   0.6%   0.873 UG:3    +
   12    21  0   0.5%   0.094 AU:3    +
   13    20  0   0.5%   0.102 GC:3    +
   11    22  0   0.5%   0.091 GU:3    +
   11    30  0   0.5%   0.159 GC:3    +
   13    27  0   0.4%   0.192 GC:3    +
   10    31  0   0.4%   0.121 UA:3    +
   23    27  0   0.4%   0.573 GC:3    +
   10    23  0   0.4%   0.093 UG:3    +
   23    38  0   0.4%   1.693 GC:3    +
   24    37  0   0.4%   0.909 AU:3    +
   11    28  0   0.4%   0.124 GC:3    +
    4    45  0   0.4%   0.608 AU:3    +
    9    24  0   0.4%   0.081 UA:3    +
   25    36  0   0.4%   1.867 CG:3    +
   11    27  0   0.3%   0.094 GC:3    +
   28    34  0   0.3%   1.575 CG:3    +
   19    29  0   0.3%   0.825 CG:3    +
   15    41  0   0.3%   1.215 CG:3    +
   27    64  0   0.3%   0.413 CG:3    +
   29    33  0   0.3%   1.882 GC:3    +
   19    26  0   0.3%   0.808 CG:3    +
    8    13  0   0.3%   0.063 CG:3    +
    6    44  0   0.3%   0.351 AU:3    +
   41    46  0   0.3%   1.459 GC:3    +
    7    14  0   0.3%   0.055 AU:3    +
   29    61  0   0.2%   1.226 GC:3    +
   21    29  0   0.2%   0.591 UG:3    +
    9    43  0   0.2%   0.828 UA:3    +
   17    22  0   0.2%   0.079 GU:3    +
   16    23  0   0.2%   0.121 CG:3    +
    8    41  0   0.2%   0.677 CG:3    +
   26    30  0   0.2%   1.106 GC:3    +
    2     8  0   0.2%   0.039 GC:3    +
    5    45  0   0.2%   0.421 AU:3    +
    9    32  0   0.2%   0.080 UG:3    +
   43    67  0   0.2%   0.358 AU:3    +
   14    42  0   0.2%   0.876 UA:3    +
   10    42  0   0.2%   1.199 UA:3    +
   21    36  0   0.2%   1.485 UG:3    +
   34    40  0   0.2%   2.175 GC:3    +
    3    10  0   0.2%   0.043 AU:3    +
   33    41  0   0.2%   1.970 CG:3    +
   43    66  0   0.2%   0.352 AU:3    +
    2    38  0   0.1%   0.057 GC:3    +
   14    26  0   0.1%   0.110 UG:3    +
   16    29  0   0.1%   0.783 CG:3    +
   28    64  0   0.1%   0.512 CG:3    +
   17    28  0   0.1%   0.476 GC:3    +
   22    35  0   0.1%   1.519 UA:3    +
   35    45  0   0.1%   1.445 AU:3    +
   34    46  0   0.1%   1.792 GC:3    +
    4     9  0   0.1%   0.033 AU:3    +
   36    44  0   0.1%   1.768 GU:3    +
    1     6  0   0.1%   0.026 UA:3    +
   23    40  0   0.1%   2.165 GC:3    +
   37    43  0   0.1%   0.709 UA:3    +
   24    39  0   0.1%   1.211 AU:3    +
   25    64  0   0.1%   0.945 CG:3    +
   35    39  0   0.1%   1.501 AU:3    +
   22    41  0   0.1%   1.702 UG:3    +
    6    39  0   0.1%   0.393 AU:3    +
   18    31  0   0.1%   0.431 UA:3    +
   21    42  0   0.1%   0.899 UA:3    +
    1    42  0   0.1%   0.280 UA:3    +
   47    67  0   0.1%   0.822 AU:3    +
   14    31  0   0.1%   0.430 UA:3    +
   15    26  0   0.1%   0.095 CG:3    +
   26    63  0   0.1%   0.689 GU:3    +
   42    67  0   0.1%   0.742 AU:3    +
   20    26  0   0.1%   0.457 CG:3    +
    3    37  0   0.1%   0.044 AU:3    +
   27    34  0   0.1%   1.429 CG:3    +
   18    42  0   0.1%   1.297 UA:3    +
   19    41  0   0.1%   1.499 CG:3    +
   27    36  0   0.1%   1.287 CG:3    +
   44    65  0   0.1%   0.823 UA:3    +
    3     9  0   0.1%   0.019 AU:3    +
   26    37  0   0.1%   0.998 GU:3    +
    2    10  0   0.1%   0.031 GU:3    +
    1    12  0   0.1%   0.033 UA:3    +
    2    15  0   0.1%   0.035 GC:3    +
    1    43  0   0.1%   0.280 UA:3    +
    4    39  0   0.1%   0.335 AU:3    +
    8    26  0   0.1%   0.048 CG:3    +
   17    27  0   0.1%   0.440 GC:3    +
    7    66  0   0.1%   0.536 AU:3    +
    3    14  0   0.1%   0.031 AU:3    +
   18    26  0   0.1%   0.767 UG:3    +
   27    59  0   0.1%   0.225 CG:3    +
   26    60  0   0.1%   0.574 GC:3    +
    5    37  0   0.1%   0.025 AU:3    +
    1     7  0   0.1%   0.022 UA:3    +
    6    37  0   0.1%   0.035 AU:3    +
    8    32  0   0.1%   0.050 CG:3    +
    6    67  0   0.1%   0.174 AU:3    +
    8    64  0   0.1%   0.428 CG:3    +
   17    21  0   0.0%   0.044 GU:3    +
   16    32  0   0.0%   0.419 CG:3    +
   11    61  0   0.0%   1.101 GC:3    +
   52    62  0   0.0%   0.715 GU:3    +
    7    45  0   0.0%   0.952 AU:3    +
   17    38  0   0.0%   1.177 GC:3    +
   43    48  0   0.0%   0.562 AU:3    +
    9    31  0   0.0%   0.048 UA:3    +
   11    19  0   0.0%   0.015 GC:3    +
   12    18  0   0.0%   0.019 AU:3    +
    7    67  0   0.0%   0.539 AU:3    +
   29    63  0   0.0%   1.212 GU:3    +
   26    61  0   0.0%   0.671 GC:3    +
   18    34  0   0.0%   1.519 UG:3    +
    8    17  0   0.0%   0.038 CG:3    +
    7    18  0   0.0%   0.029 AU:3    +
   19    36  0   0.0%   1.413 CG:3    +
    4    10  0   0.0%   0.032 AU:3    +
   30    36  0   0.0%   1.741 CG:3    +
   20    41  0   0.0%   1.296 CG:3    +
   29    37  0   0.0%   1.239 GU:3    +
    8    34  0   0.0%   0.048 CG:3    +
   53    61  0   0.0%   0.687 GC:3    +
   17    39  0   0.0%   1.499 GU:3    +
    1    11  0   0.0%   0.019 UG:3    +
   11    16  0   0.0%   0.008 GC:3    +
    6    66  0   0.0%   0.165 AU:3    +
   10    29  0   0.0%   0.050 UG:3    +
    3    63  0   0.0%   0.654 AU:3    +
   17    30  0   0.0%   0.729 GC:3    +
   30    64  0   0.0%   1.121 CG:3    +
    5     9  0   0.0%   0.021 AU:3    +
   31    63  0   0.0%   0.769 AU:3    +
    2    61  0   0.0%   0.667 GC:3    +
    5    67  0   0.0%   0.106 AU:3    +
    2    19  0   0.0%   0.030 GC:3    +
   18    29  0   0.0%   0.761 UG:3    +
    3    18  0   0.0%   0.026 AU:3    +
    3    44  0   0.0%   0.342 AU:3    +
   24    62  0   0.0%   0.571 AU:3    +
   23    63  0   0.0%   1.354 GU:3    +
    4    62  0   0.0%   0.293 AU:3    +
   14    32  0   0.0%   0.408 UG:3    +
   17    37  0   0.0%   1.170 GU:3    +
   13    33  0   0.0%   0.826 GC:3    +
   40    64  0   0.0%   1.095 CG:3    +
   45    64  0   0.0%   0.857 UG:3    +
   41    63  0   0.0%   1.340 GU:3    +
   20    34  0   0.0%   1.131 CG:3    +
    2    45  0   0.0%   0.351 GU:3    +
    9    41  0   0.0%   0.663 UG:3    +
    5    10  0   0.0%   0.025 AU:3    +
    2    63  0   0.0%   0.667 GU:3    +
    2    50  0   0.0%   0.664 GC:3    +
   39    65  0   0.0%   1.156 UA:3    +
   22    64  0   0.0%   0.958 UG:3    +
   42    66  0   0.0%   0.736 AU:3    +
    1    65  0   0.0%   0.437 UA:3    +
    3    62  0   0.0%   0.650 AU:3    +
   41    67  0   0.0%   1.275 GU:3    +
   15    32  0   0.0%   0.164 CG:3    +
   28    32  0   0.0%   1.292 CG:3    +
   21    65  0   0.0%   0.609 UA:3    +
   10    65  0   0.0%   1.109 UA:3    +
   22    26  0   0.0%   0.462 UG:3    +
   21    26  0   0.0%   0.451 UG:3    +
   32    60  0   0.0%   1.439 GC:3    +
   33    59  0   0.0%   1.645 CG:3    +
    9    47  0   0.0%   0.960 UA:3    +
    5    66  0   0.0%   0.103 AU:3    +
   11    20  0   0.0%   0.010 GC:3    +
   12    63  0   0.0%   0.854 AU:3    +
   15    59  0   0.0%   0.570 CG:3    +
    3    66  0   0.0%   0.652 AU:3    +
    2    67  0   0.0%   0.667 GU:3    +
    4    67  0   0.0%   0.295 AU:3    +
    2     9  0   0.0%   0.016 GU:3    +
    3    67  0   0.0%   0.653 AU:3    +
    4    21  0   0.0%   0.014 AU:3    +
    4    66  0   0.0%   0.293 AU:3    +
    3    22  0   0.0%   0.025 AU:3    +
    5    63  0   0.0%   0.103 AU:3    +
   29    40  0   0.0%   1.711 GC:3    +
    8    23  0   0.0%   0.035 CG:3    +
   28    41  0   0.0%   1.197 CG:3    +
    4    63  0   0.0%   0.294 AU:3    +
   31    39  0   0.0%   1.168 AU:3    +
    4    37  0   0.0%   0.021 AU:3    +
   32    38  0   0.0%   1.421 GC:3    +
    6    62  0   0.0%   0.161 AU:3    +
    5    62  0   0.0%   0.101 AU:3    +
    1     5  0   0.0%   0.002 UA:3    +
   13    19  0   0.0%   0.024 GC:3    +
   10    17  0   0.0%   0.025 UG:3    +
   28    59  0   0.0%   0.328 CG:3    +
   17    46  0   0.0%   1.519 GC:3    +
    6    63  0   0.0%   0.163 AU:3    +
    1    64  0   0.0%   0.435 UG:3    +
   13    62  0   0.0%   1.252 GU:3    +
   29    58  0   0.0%   0.806 GU:3    +
    1    51  0   0.0%   0.434 UA:3    +
   30    57  0   0.0%   0.667 CG:3    +
   24    66  0   0.0%   0.530 AU:3    +
   42    62  0   0.0%   0.775 AU:3    +
   18    65  0   0.0%   1.014 UA:3    +
   19    64  0   0.0%   0.764 CG:3    +
    2    28  0   0.0%   0.029 GC:3    +
   11    67  0   0.0%   1.196 GU:3    +
   11    15  0   0.0%   0.009 GC:3    +
   17    66  0   0.0%   1.060 GU:3    +
    7    62  0   0.0%   0.522 AU:3    +
   12    66  0   0.0%   0.767 AU:3    +
   28    36  0   0.0%   1.390 CG:3    +
    6    10  0   0.0%   0.030 AU:3    +
   18    43  0   0.0%   1.138 UA:3    +
   23    67  0   0.0%   1.299 GU:3    +
    1    24  0   0.0%   0.023 UA:3    +
   17    44  0   0.0%   1.669 GU:3    +
   10    32  0   0.0%   0.087 UG:3    +
    1    13  0   0.0%   0.022 UG:3    +
   31    56  0   0.0%   0.434 AU:3    +
   48    64  0   0.0%   0.577 UG:3    +
   23    37  0   0.0%   1.622 GU:3    +
    2    25  0   0.0%   0.028 GC:3    +
   34    58  0   0.0%   1.928 GU:3    +
   41    48  0   0.0%   0.935 GU:3    +
    7    48  0   0.0%   0.549 AU:3    +
    4    48  0   0.0%   0.319 AU:3    +
   14    59  0   0.0%   0.699 UG:3    +
   12    44  0   0.0%   0.861 AU:3    +
   26    62  0   0.0%   0.668 GU:3    +
    2    16  0   0.0%   0.026 GC:3    +
   13    60  0   0.0%   1.063 GC:3    +
    7    39  0   0.0%   0.740 AU:3    +
    2    27  0   0.0%   0.028 GC:3    +
   23    61  0   0.0%   1.349 GC:3    +
   18    23  0   0.0%   0.099 UG:3    +
   38    53  0   0.0%   1.001 CG:3    +
   31    62  0   0.0%   0.755 AU:3    +
   29    62  0   0.0%   1.197 GU:3    +
   16    64  0   0.0%   1.158 CG:3    +
   13    46  0   0.0%   1.579 GC:3    +
    5    14  0   0.0%   0.009 AU:3    +
   39    52  0   0.0%   1.313 UG:3    +
   30    34  0   0.0%   1.901 CG:3    +
    2    30  0   0.0%   0.029 GC:3    +
   32    61  0   0.0%   1.270 GC:3    +
   11    45  0   0.0%   1.286 GU:3    +
   22    32  0   0.0%   1.244 UG:3    +
    5    22  0   0.0%   0.006 AU:3    +
    9    64  0   0.0%   0.800 UG:3    +
    1    31  0   0.0%   0.023 UA:3    +
    6    48  0   0.0%   0.187 AU:3    +
   10    43  0   0.0%   0.823 UA:3    +
    2    44  0   0.0%   0.348 GU:3    +
   32    62  0   0.0%   1.256 GU:3    +
   20    64  0   0.0%   0.563 CG:3    +
    5    48  0   0.0%   0.128 AU:3    +
    6    21  0   0.0%   0.011 AU:3    +
   10    24  0   0.0%   0.067 UA:3    +
   26    38  0   0.0%   0.988 GC:3    +
   26    66  0   0.0%   0.635 GU:3    +
    1    26  0   0.0%   0.023 UG:3    +
    6    14  0   0.0%   0.015 AU:3    +
   41    45  0   0.0%   1.565 GU:3    +
   11    25  0   0.0%   0.036 GC:3    +
   29    46  0   0.0%   1.322 GC:3    +
   24    63  0   0.0%   0.569 AU:3    +
   10    26  0   0.0%   0.050 UG:3    +
   12    48  0   0.0%   0.696 AU:3    +
   11    49  0   0.0%   1.120 GC:3    +
    2    39  0   0.0%   0.039 GU:3    +
    7    63  0   0.0%   0.523 AU:3    +
   39    43  0   0.0%   1.002 UA:3    +
    6    22  0   0.0%   0.011 AU:3    +
   18    41  0   0.0%   1.739 UG:3    +
    7    21  0   0.0%   0.024 AU:3    +
    8    29  0   0.0%   0.038 CG:3    +
   22    65  0   0.0%   0.946 UA:3    +
    9    13  0   0.0%   0.034 UG:3    +
   55    59  0   0.0%   0.712 UG:3    +
   41    66  0   0.0%   1.286 GU:3    +
   13    37  0   0.0%   0.866 GU:3    +
    2    48  0   0.0%   0.629 GU:3    +
   26    40  0   0.0%   1.466 GC:3    +
   35    44  0   0.0%   1.419 AU:3    +
   12    22  0   0.0%   0.066 AU:3    +
    4    14  0   0.0%   0.016 AU:3    +
    4    22  0   0.0%   0.013 AU:3    +
    5    21  0   0.0%   0.005 AU:3    +
    1    17  0   0.0%   0.022 UG:3    +
   25    41  0   0.0%   1.659 CG:3    +
    2    66  0   0.0%   0.665 GU:3    +
   11    62  0   0.0%   1.097 GU:3    +
   23    66  0   0.0%   1.312 GU:3    +
   34    45  0   0.0%   1.917 GU:3    +
   60    64  0   0.0%   1.028 CG:3    +
   34    55  0   0.0%   1.257 GU:3    +
   37    42  0   0.0%   0.845 UA:3    +
   13    21  0   0.0%   0.075 GU:3    +
   13    22  0   0.0%   0.074 GU:3    +
    9    29  0   0.0%   0.039 UG:3    +
    2    22  0   0.0%   0.027 GU:3    +
   32    55  0   0.0%   0.992 GU:3    +
   13    67  0   0.0%   1.246 GU:3    +
   47    62  0   0.0%   0.411 AU:3    +
    3    21  0   0.0%   0.023 AU:3    +
    2    62  0   0.0%   0.663 GU:3    +
   18    36  0   0.0%   1.668 UG:3    +
   23    46  0   0.0%   1.769 GC:3    +
   36    46  0   0.0%   1.608 GC:3    +
   24    45  0   0.0%   1.138 AU:3    +
    2    20  0   0.0%   0.027 GC:3    +
   31    44  0   0.0%   1.102 AU:3    +
   13    40  0   0.0%   1.496 GC:3    +
    8    59  0   0.0%   0.416 CG:3    +
    9    34  0   0.0%   0.055 UG:3    +
   39    47  0   0.0%   1.054 UA:3    +
    2    33  0   0.0%   0.028 GC:3    +
   17    61  0   0.0%   1.097 GC:3    +
    9    26  0   0.0%   0.044 UG:3    +
   10    35  0   0.0%   0.787 UA:3    +
   14    34  0   0.0%   0.749 UG:3    +
   17    63  0   0.0%   1.098 GU:3    +
    9    23  0   0.0%   0.018 UG:3    +
   40    52  0   0.0%   1.203 CG:3    +
   32    46  0   0.0%   1.510 GC:3    +
    2    14  0   0.0%   0.020 GU:3    +
    2    60  0   0.0%   0.662 GC:3    +
   29    38  0   0.0%   1.231 GC:3    +
   29    66  0   0.0%   1.159 GU:3    +
   17    60  0   0.0%   1.001 GC:3    +
   36    40  0   0.0%   1.990 GC:3    +
   34    38  0   0.0%   1.666 GC:3    +
   18    59  0   0.0%   0.889 UG:3    +
   32    48  0   0.0%   1.025 GU:3    +
   17    62  0   0.0%   1.098 GU:3    +
   14    64  0   0.0%   0.785 UG:3    +
   22    42  0   0.0%   1.229 UA:3    +
   31    37  0   0.0%   0.865 AU:3    +
   10    36  0   0.0%   0.787 UG:3    +
   21    43  0   0.0%   0.731 UA:3    +
   24    67  0   0.0%   0.516 AU:3    +
    1    23  0   0.0%   0.022 UG:3    +
   42    63  0   0.0%   0.786 AU:3    +
   11    66  0   0.0%   1.193 GU:3    +
   38    64  0   0.0%   0.889 CG:3    +
   43    63  0   0.0%   0.374 AU:3    +
   22    47  0   0.0%   1.129 UA:3    +
    9    51  0   0.0%   0.796 UA:3    +
   13    63  0   0.0%   1.251 GU:3    +
   21    41  0   0.0%   1.340 UG:3    +
   23    39  0   0.0%   1.969 GU:3    +
   11    60  0   0.0%   1.089 GC:3    +
   58    65  0   0.0%   0.842 UA:3    +
   31    45  0   0.0%   1.102 AU:3    +
   34    49  0   0.0%   1.288 GC:3    +
   35    48  0   0.0%   0.791 AU:3    +
   37    65  0   0.0%   0.854 UA:3    +
   32    44  0   0.0%   1.661 GU:3    +
   14    23  0   0.0%   0.045 UG:3    +
   32    40  0   0.0%   1.898 GC:3    +
   13    18  0   0.0%   0.024 GU:3    +
   21    34  0   0.0%   1.165 UG:3    +
   50    59  0   0.0%   0.337 CG:3    +
    9    36  0   0.0%   0.769 UG:3    +
    7    22  0   0.0%   0.023 AU:3    +
   51    58  0   0.0%   0.668 AU:3    +
   37    41  0   0.0%   1.320 UG:3    +
   16    59  0   0.0%   1.023 CG:3    +
    1    34  0   0.0%   0.023 UG:3    +
   36    66  0   0.0%   1.427 GU:3    +
   11    50  0   0.0%   1.090 GC:3    +
   30    41  0   0.0%   1.542 CG:3    +
    8    52  0   0.0%   0.416 CG:3    +
   32    37  0   0.0%   1.425 GU:3    +
    2    37  0   0.0%   0.028 GU:3    +
   29    45  0   0.0%   1.473 GU:3    +
   33    53  0   0.0%   1.074 CG:3    +
   32    54  0   0.0%   0.992 GC:3    +
   14    47  0   0.0%   1.009 UA:3    +
   27    41  0   0.0%   1.086 CG:3    +
   36    45  0   0.0%   1.760 GU:3    +
   13    45  0   0.0%   1.730 GU:3    +
   28    52  0   0.0%   0.320 CG:3    +
   27    53  0   0.0%   0.210 CG:3    +
   26    54  0   0.0%   0.561 GC:3    +
    6    18  0   0.0%   0.011 AU:3    +
   17    45  0   0.0%   1.669 GU:3    +
   14    41  0   0.0%   1.070 UG:3    +
   51    66  0   0.0%   0.925 AU:3    +
   13    48  0   0.0%   1.094 GU:3    +
   35    56  0   0.0%   1.331 AU:3    +
    1    29  0   0.0%   0.022 UG:3    +
   11    21  0   0.0%   0.009 GU:3    +
   25    59  0   0.0%   0.785 CG:3    +
........(((((.((((...((......))))).).)))))....(((.((((....)))).))).
