3 sequence; length of alignment 36
alifold output
    4    18  0  80.7%   0.633 GC:3   
    3    19  0  80.5%   0.582 GC:3   
    5    17  0  80.4%   0.585 GC:3   
   28    34  0  42.3%   1.859 GC:3    +
   29    33  0  40.9%   1.702 GC:3    +
   27    35  0  36.2%   1.507 AU:3    +
    7    16  0  25.9%   1.590 UA:3    +
    7    15  0  21.8%   1.204 UA:3    +
   19    28  0  14.2%   1.075 CG:3    +
   18    29  0  14.1%   1.138 CG:3    +
   17    31  0   5.6%   0.756 CG:3    +
    1    20  0   5.2%   0.527 CG:3    +
   14    34  0   4.9%   0.819 GC:3    +
    3    34  0   4.9%   0.675 GC:3    +
    4    33  0   4.9%   0.705 GC:3    +
   13    35  0   4.8%   0.784 AU:3    +
   29    34  0   4.3%   1.854 GC:3    +
    2    35  0   4.3%   0.469 AU:3    +
   28    35  0   4.1%   1.878 GU:3    +
   12    36  0   3.9%   0.555 GU:3    +
    7    30  0   3.4%   1.249 UA:3    +
   27    36  0   2.3%   0.852 AU:3    +
    7    13  0   2.1%   0.314 UA:3    +
    1     8  0   1.5%   0.188 CG:3    +
    2     7  0   1.4%   0.178 AU:3    +
    7    14  0   1.4%   0.326 UG:3    +
   12    34  0   1.4%   0.411 GC:3    +
   11    35  0   1.3%   0.367 AU:3    +
    4    17  0   1.3%   0.173 GC:3    +
    3    18  0   1.3%   0.170 GC:3    +
   28    33  0   1.2%   0.708 GC:3    +
    4    34  0   1.2%   0.714 GC:3    +
    5    33  0   1.2%   0.517 GC:3    +
    3    35  0   1.1%   0.666 GU:3    +
   14    33  0   1.0%   0.406 GC:3    +
   10    36  0   0.9%   0.171 AU:3    +
    2    36  0   0.7%   0.299 AU:3    +
    4    19  0   0.6%   0.502 GC:3    +
    5    18  0   0.6%   0.502 GC:3    +
   21    26  0   0.5%   0.143 AU:3    +
   17    29  0   0.4%   0.316 CG:3    +
   18    28  0   0.4%   0.329 CG:3    +
   20    26  0   0.3%   0.237 GU:3    +
   21    25  0   0.2%   0.075 AU:3    +
   13    25  0   0.2%   0.140 AU:3    +
   12    26  0   0.2%   0.073 GU:3    +
    7    32  0   0.1%   1.048 UA:3    +
   26    31  0   0.1%   0.266 UG:3    +
   12    17  0   0.1%   0.270 GC:3    +
    8    17  0   0.1%   0.318 GC:3    +
   25    32  0   0.1%   0.080 UA:3    +
   14    19  0   0.1%   0.293 GC:3    +
    7    12  0   0.1%   0.080 UG:3    +
   12    19  0   0.1%   0.241 GC:3    +
   13    22  0   0.1%   0.108 AU:3    +
    8    26  0   0.1%   0.093 GU:3    +
   30    35  0   0.1%   1.033 AU:3    +
   15    22  0   0.1%   0.363 AU:3    +
    9    25  0   0.1%   0.022 AU:3    +
    7    27  0   0.1%   0.911 UA:3    +
   29    36  0   0.1%   1.130 GU:3    +
   11    25  0   0.1%   0.031 AU:3    +
   24    36  0   0.1%   0.235 AU:3    +
   20    34  0   0.1%   0.596 GC:3    +
    2    22  0   0.1%   0.074 AU:3    +
    6    25  0   0.1%   0.015 AU:3    +
    7    24  0   0.1%   0.905 UA:3    +
   10    26  0   0.1%   0.029 AU:3    +
    5    26  0   0.1%   0.222 GU:3    +
   23    36  0   0.0%   0.220 AU:3    +
   19    29  0   0.0%   0.806 CG:3    +
    7    31  0   0.0%   1.026 UG:3    +
   10    25  0   0.0%   0.018 AU:3    +
   20    33  0   0.0%   0.425 GC:3    +
    9    26  0   0.0%   0.023 AU:3    +
   24    35  0   0.0%   0.406 AU:3    +
   11    26  0   0.0%   0.031 AU:3    +
   29    35  0   0.0%   1.708 GU:3    +
    3    17  0   0.0%   0.006 GC:3    +
   12    25  0   0.0%   0.045 GU:3    +
   12    35  0   0.0%   0.341 GU:3    +
   28    36  0   0.0%   1.159 GU:3    +
   11    22  0   0.0%   0.011 AU:3    +
   22    27  0   0.0%   0.031 UA:3    +
   11    36  0   0.0%   0.149 AU:3    +
   20    36  0   0.0%   0.390 GU:3    +
   16    22  0   0.0%   0.374 AU:3    +
    7    29  0   0.0%   0.906 UG:3    +
   21    36  0   0.0%   0.254 AU:3    +
   30    36  0   0.0%   0.439 AU:3    +
   22    29  0   0.0%   0.330 UG:3    +
    7    28  0   0.0%   0.904 UG:3    +
   13    26  0   0.0%   0.132 AU:3    +
   21    35  0   0.0%   0.437 AU:3    +
   22    31  0   0.0%   0.193 UG:3    +
   25    30  0   0.0%   0.167 UA:3    +
   26    32  0   0.0%   0.104 UA:3    +
   15    26  0   0.0%   0.372 AU:3    +
   26    30  0   0.0%   0.196 UA:3    +
   16    25  0   0.0%   0.386 AU:3    +
   22    28  0   0.0%   0.326 UG:3    +
   19    31  0   0.0%   0.667 CG:3    +
   31    35  0   0.0%   1.081 GU:3    +
   20    25  0   0.0%   0.190 GU:3    +
   12    33  0   0.0%   0.236 GC:3    +
   22    30  0   0.0%   0.143 UA:3    +
    1     5  0   0.0%   0.003 CG:3    +
   12    18  0   0.0%   0.278 GC:3    +
    1    12  0   0.0%   0.066 CG:3    +
   25    31  0   0.0%   0.217 UG:3    +
   15    35  0   0.0%   0.733 AU:3    +
    7    11  0   0.0%   0.062 UA:3    +
    9    36  0   0.0%   0.044 AU:3    +
   12    22  0   0.0%   0.031 GU:3    +
   22    32  0   0.0%   0.038 UA:3    +
   14    36  0   0.0%   0.471 GU:3    +
   31    36  0   0.0%   0.490 GU:3    +
   14    25  0   0.0%   0.099 GU:3    +
    2    25  0   0.0%   0.066 AU:3    +
    5    34  0   0.0%   0.467 GC:3    +
    1    28  0   0.0%   0.221 CG:3    +
   10    35  0   0.0%   0.194 AU:3    +
    4    35  0   0.0%   0.649 GU:3    +
    2    26  0   0.0%   0.067 AU:3    +
    8    19  0   0.0%   0.279 GC:3    +
   14    26  0   0.0%   0.100 GU:3    +
   15    25  0   0.0%   0.370 AU:3    +
    1    14  0   0.0%   0.066 CG:3    +
   14    22  0   0.0%   0.082 GU:3    +
   14    18  0   0.0%   0.323 GC:3    +
    1    29  0   0.0%   0.221 CG:3    +
   18    31  0   0.0%   0.726 CG:3    +
    9    22  0   0.0%   0.007 AU:3    +
   13    36  0   0.0%   0.454 AU:3    +
    3    36  0   0.0%   0.465 GU:3    +
   23    35  0   0.0%   0.395 AU:3    +
    7    21  0   0.0%   0.891 UA:3    +
    6    22  0   0.0%   0.006 AU:3    +
   14    35  0   0.0%   0.655 GU:3    +
    1    31  0   0.0%   0.221 CG:3    +
    7    20  0   0.0%   1.045 UG:3    +
   32    36  0   0.0%   0.332 AU:3    +
   25    29  0   0.0%   0.352 UG:3    +
   16    35  0   0.0%   0.746 AU:3    +
    8    18  0   0.0%   0.332 GC:3    +
   20    35  0   0.0%   0.572 GU:3    +
    5    19  0   0.0%   0.416 GC:3    +
   17    28  0   0.0%   0.251 CG:3    +
   15    36  0   0.0%   0.548 AU:3    +
    8    36  0   0.0%   0.111 GU:3    +
   10    22  0   0.0%   0.006 AU:3    +
    3    25  0   0.0%   0.234 GU:3    +
    8    22  0   0.0%   0.076 GU:3    +
    3    33  0   0.0%   0.233 GC:3    +
    9    35  0   0.0%   0.194 AU:3    +
    7    23  0   0.0%   0.891 UA:3    +
    3    22  0   0.0%   0.238 GU:3    +
    3     7  0   0.0%   0.060 GU:3    +
    8    25  0   0.0%   0.076 GU:3    +
    8    34  0   0.0%   0.277 GC:3    +
    3    26  0   0.0%   0.234 GU:3    +
    4    25  0   0.0%   0.263 GU:3    +
    6    26  0   0.0%   0.010 AU:3    +
    4    26  0   0.0%   0.263 GU:3    +
    5    36  0   0.0%   0.299 GU:3    +
    8    33  0   0.0%   0.276 GC:3    +
    5    25  0   0.0%   0.209 GU:3    +
    6    35  0   0.0%   0.191 AU:3    +
    5    22  0   0.0%   0.213 GU:3    +
    6    36  0   0.0%   0.039 AU:3    +
    4    22  0   0.0%   0.267 GU:3    +
   16    36  0   0.0%   0.560 AU:3    +
    4    36  0   0.0%   0.496 GU:3    +
   16    26  0   0.0%   0.384 AU:3    +
..(((...........))).................
