3 sequence; length of alignment 69
alifold output
   51    61  0  99.2%   0.071 CG:3   
   50    62  0  99.0%   0.073 GC:3   
   52    60  0  99.0%   0.074 UA:3   
   19    27  0  98.9%   0.081 GC:3   
   18    28  0  98.0%   0.108 CG:3   
   20    26  0  97.9%   0.095 UG:3   
   53    59  1  97.9%   0.092 UA:2   
   45    67  0  97.4%   0.181 CG:3   
   44    68  0  96.8%   0.208 AU:3   
   54    58  0  95.6%   0.167 CG:3   
   49    63  0  93.7%   0.277 GU:3   
   46    66  0  93.5%   0.250 UA:3   
   43    69  0  92.7%   0.397 GC:3   
   21    25  0  91.2%   0.275 CG:3   
   15    31  0  84.3%   0.457 CG:1    UG:2   
   16    30  0  65.4%   0.864 UA:3   
   13    33  0  64.1%   0.889 GC:3   
   14    32  0  63.7%   0.880 GU:3   
    6    39  0  62.3%   0.918 GC:3   
    5    40  0  62.3%   0.918 CG:3   
    7    38  0  62.2%   0.927 CG:3   
   12    34  0  61.8%   0.971 CG:3   
    4    41  1  61.8%   0.923 GC:2   
    3    42  0  36.8%   1.135 UG:3   
    6    41  0  36.6%   1.729 GC:3    +
    7    40  0  36.4%   1.734 CG:3    +
    9    39  0  36.3%   1.517 GC:3    +
   10    38  0  36.3%   1.676 UG:3    +
   11    37  0  35.9%   1.174 UG:3    +
    5    42  0  35.8%   1.801 CG:3    +
   12    36  0  35.1%   1.646 CG:3    +
   13    35  0  34.1%   1.531 GC:3    +
   14    33  0  25.2%   1.631 GC:3    +
   10    36  0   7.2%   0.633 UG:3    +
   17    30  0   3.7%   0.675 UA:3    +
    9    35  0   3.2%   0.339 GC:3    +
   16    31  0   2.7%   0.739 UG:3    +
    2    43  0   1.9%   0.251 UG:3    +
    4    29  0   0.5%   0.077 GU:2    AU:1    +
   15    34  0   0.3%   0.564 CG:1    UG:2    +
   10    34  0   1.1%   0.165 UG:3    +
   49    64  0   1.1%   0.307 GC:3    +
   15    61  0   0.1%   0.188 CG:1    UG:2    +
   15    26  0   0.0%   0.036 CG:1    UG:2    +
   15    19  0   0.0%   0.022 CG:1    UG:2    +
   15    25  0   0.0%   0.009 CG:1    UG:2    +
   15    38  0   0.0%   0.842 CG:1    UG:2    +
    6    15  0   0.0%   0.005 GC:1    GU:2    +
    4    68  0   0.0%   0.328 GU:2    AU:1    +
   15    40  0   0.0%   0.839 CG:1    UG:2    +
    4    32  0   0.0%   0.028 GU:2    AU:1    +
    4    48  0   0.0%   0.327 GU:2    AU:1    +
    4    10  0   0.0%   0.000 GU:2    AU:1    +
   15    28  0   0.0%   0.033 CG:1    UG:2    +
   15    43  0   0.0%   0.297 CG:1    UG:2    +
    9    15  0   0.0%   0.001 GC:1    GU:2    +
   15    24  0   0.0%   0.009 CG:1    UG:2    +
   15    42  0   0.0%   0.933 CG:1    UG:2    +
    4    20  0   0.0%   0.001 GU:2    AU:1    +
    4    17  0   0.0%   0.001 GU:2    AU:1    +
    4    47  0   0.0%   0.326 GU:2    AU:1    +
   43    64  0   0.9%   0.261 GC:3    +
   42    65  0   0.9%   0.919 GC:3    +
    1    45  0   0.9%   0.131 GC:3    +
   44    63  0   0.8%   0.194 AU:3    +
    2    44  0   0.8%   0.214 UA:3    +
   49    56  0   0.8%   0.123 GC:3    +
   50    55  0   0.7%   0.111 GC:3    +
   48    57  0   0.7%   0.118 UA:3    +
   45    61  0   0.7%   0.176 CG:3    +
   46    60  0   0.7%   0.133 UA:3    +
   11    36  0   0.6%   0.296 UG:3    +
   21    26  0   0.6%   0.235 CG:3    +
    3    43  0   0.5%   0.555 UG:3    +
   47    58  0   0.5%   0.086 UG:3    +
   34    41  0   0.5%   1.158 GC:3    +
   35    40  0   0.5%   1.276 CG:3    +
    5    28  0   0.5%   0.078 CG:3    +
    6    27  0   0.5%   0.080 GC:3    +
    7    26  0   0.5%   0.079 CG:3    +
   33    42  0   0.5%   1.498 CG:3    +
    3    30  0   0.5%   0.073 UA:3    +
   10    37  0   0.4%   0.327 UG:3    +
   21    37  0   0.4%   0.595 CG:3    +
   19    39  0   0.4%   0.763 GC:3    +
   20    38  0   0.4%   0.760 UG:3    +
   18    40  0   0.4%   0.772 CG:3    +
   12    42  0   0.4%   1.493 CG:3    +
   13    41  0   0.4%   1.412 GC:3    +
    9    45  0   0.4%   0.584 GC:3    +
   10    44  0   0.4%   0.745 UA:3    +
   11    43  0   0.4%   0.575 UG:3    +
    8    46  0   0.3%   0.056 AU:3    +
   12    19  0   0.3%   0.051 CG:3    +
   13    18  0   0.3%   0.051 GC:3    +
    2    31  0   0.3%   0.050 UG:3    +
   27    34  0   0.3%   0.473 CG:3    +
   26    35  0   0.3%   0.633 GC:3    +
   28    33  0   0.3%   0.741 GC:3    +
   14    35  0   0.2%   1.168 GC:3    +
   25    33  0   0.2%   0.764 GC:3    +
   49    65  0   0.2%   0.239 GC:3    +
   26    32  0   0.2%   0.404 GU:3    +
   27    31  0   0.2%   0.345 CG:3    +
   48    66  0   0.2%   0.152 UA:3    +
   14    21  0   0.2%   0.036 GC:3    +
   17    31  0   0.1%   0.412 UG:3    +
   47    66  0   0.1%   0.127 UA:3    +
   42    69  0   0.1%   0.857 GC:3    +
    6    48  0   0.1%   0.716 GU:3    +
    5    49  0   0.1%   0.715 CG:3    +
   50    64  0   0.1%   0.161 GC:3    +
   47    67  0   0.1%   0.096 UG:3    +
   31    45  0   0.1%   0.359 GC:3    +
   30    46  0   0.1%   0.461 AU:3    +
    7    37  0   0.1%   0.049 CG:3    +
   18    58  0   0.1%   0.080 CG:3    +
   16    60  0   0.1%   0.397 UA:3    +
   14    62  0   0.1%   0.679 GC:3    +
   32    44  0   0.1%   0.383 UA:3    +
    3    44  0   0.1%   0.476 UA:3    +
   27    49  0   0.1%   0.089 CG:3    +
   25    51  0   0.1%   0.121 GC:3    +
   24    52  0   0.1%   0.027 GU:3    +
   13    63  0   0.1%   0.717 GU:3    +
   28    48  0   0.1%   0.084 GU:3    +
   33    43  0   0.1%   0.826 CG:3    +
    2    42  0   0.1%   0.033 UG:3    +
   12    37  0   0.1%   1.097 CG:3    +
   23    53  0   0.0%   0.019 AU:3    +
   36    41  0   0.0%   1.341 GC:3    +
   35    42  0   0.0%   1.334 CG:3    +
   11    23  0   0.0%   0.014 UA:3    +
   10    24  0   0.0%   0.014 UG:3    +
   43    68  0   0.0%   0.187 GU:3    +
   10    23  0   0.0%   0.010 UA:3    +
   48    58  0   0.0%   0.088 UG:3    +
   11    34  0   0.0%   0.069 UG:3    +
    1    41  0   0.0%   0.014 GC:3    +
   12    24  0   0.0%   0.029 CG:3    +
   32    43  0   0.0%   0.433 UG:3    +
    5    38  0   0.0%   0.037 CG:3    +
   13    21  0   0.0%   0.024 GC:3    +
   11    25  0   0.0%   0.012 UG:3    +
   53    58  0   0.0%   0.045 UG:3    +
   46    67  0   0.0%   0.159 UG:3    +
    6    35  0   0.0%   0.035 GC:3    +
    1     7  0   0.0%   0.006 GC:3    +
    5    36  0   0.0%   0.033 CG:3    +
    7    36  0   0.0%   0.038 CG:3    +
   14    27  0   0.0%   0.047 GC:3    +
    7    34  0   0.0%   0.035 CG:3    +
   11    38  0   0.0%   1.081 UG:3    +
   18    24  0   0.0%   0.032 CG:3    +
   14    20  0   0.0%   0.007 GU:3    +
    2     6  0   0.0%   0.005 UG:3    +
   16    25  0   0.0%   0.011 UG:3    +
    1    39  0   0.0%   0.010 GC:3    +
   18    25  0   0.0%   0.031 CG:3    +
   20    25  0   0.0%   0.016 UG:3    +
    2    40  0   0.0%   0.024 UG:3    +
    1    33  0   0.0%   0.008 GC:3    +
    2    38  0   0.0%   0.022 UG:3    +
   17    25  0   0.0%   0.012 UG:3    +
   12    28  0   0.0%   0.049 CG:3    +
   18    31  0   0.0%   0.314 CG:3    +
   13    27  0   0.0%   0.060 GC:3    +
   50    63  0   0.0%   0.157 GU:3    +
    1    32  0   0.0%   0.006 GU:3    +
   16    24  0   0.0%   0.011 UG:3    +
   11    24  0   0.0%   0.010 UG:3    +
    3    40  0   0.0%   0.031 UG:3    +
   17    24  0   0.0%   0.013 UG:3    +
   12    31  0   0.0%   0.041 CG:3    +
    7    67  0   0.0%   0.705 CG:3    +
   17    23  0   0.0%   0.010 UA:3    +
   24    35  0   0.0%   0.509 GC:3    +
   17    26  0   0.0%   0.035 UG:3    +
   14    39  0   0.0%   1.332 GC:3    +
    6    68  0   0.0%   0.704 GU:3    +
   18    36  0   0.0%   0.637 CG:3    +
   19    35  0   0.0%   0.525 GC:3    +
    3    37  0   0.0%   0.027 UG:3    +
   20    34  0   0.0%   0.401 UG:3    +
    7    14  0   0.0%   0.005 CG:3    +
   10    25  0   0.0%   0.009 UG:3    +
    9    65  0   0.0%   0.506 GC:3    +
   13    32  0   0.0%   0.036 GU:3    +
   50    54  0   0.0%   0.003 GC:3    +
   11    30  0   0.0%   0.034 UA:3    +
   49    55  0   0.0%   0.014 GC:3    +
    5    67  0   0.0%   0.703 CG:3    +
   16    37  0   0.0%   0.784 UG:3    +
   10    26  0   0.0%   0.035 UG:3    +
    8    32  0   0.0%   0.004 AU:3    +
    9    27  0   0.0%   0.031 GC:3    +
   14    41  0   0.0%   1.353 GC:3    +
   17    37  0   0.0%   0.539 UG:3    +
   49    62  0   0.0%   0.057 GC:3    +
   19    33  0   0.0%   0.665 GC:3    +
   18    34  0   0.0%   0.417 CG:3    +
   24    33  0   0.0%   0.647 GC:3    +
   21    28  0   0.0%   0.175 CG:3    +
   10    30  0   0.0%   0.034 UA:3    +
   21    31  0   0.0%   0.398 CG:3    +
   10    31  0   0.0%   0.026 UG:3    +
   25    32  0   0.0%   0.386 GU:3    +
   17    28  0   0.0%   0.033 UG:3    +
   43    62  0   0.0%   0.137 GC:3    +
   26    51  0   0.0%   0.113 GC:3    +
    7    42  0   0.0%   1.442 CG:3    +
   27    50  0   0.0%   0.074 CG:3    +
   25    52  0   0.0%   0.117 GU:3    +
   13    64  0   0.0%   0.710 GC:3    +
   16    42  0   0.0%   1.143 UG:3    +
   53    60  0   0.0%   0.076 UA:3    +
   13    20  0   0.0%   0.018 GU:3    +
   17    36  0   0.0%   0.728 UG:3    +
   16    26  0   0.0%   0.032 UG:3    +
    5    14  0   0.0%   0.002 CG:3    +
    5    31  0   0.0%   0.044 CG:3    +
   39    67  0   0.0%   0.692 CG:3    +
   38    68  0   0.0%   0.695 GU:3    +
    6    47  0   0.0%   0.694 GU:3    +
   24    53  0   0.0%   0.022 GU:3    +
   18    26  0   0.0%   0.051 CG:3    +
   46    61  0   0.0%   0.103 UG:3    +
   16    38  0   0.0%   1.051 UG:3    +
   41    67  0   0.0%   0.722 CG:3    +
    3    38  0   0.0%   0.028 UG:3    +
    5    34  0   0.0%   0.028 CG:3    +
   37    69  0   0.0%   0.426 GC:3    +
    6    12  0   0.0%   0.003 GC:3    +
    5    13  0   0.0%   0.001 CG:3    +
    6    33  0   0.0%   0.031 GC:3    +
   42    63  0   0.0%   0.795 GU:3    +
   26    33  0   0.0%   0.738 GC:3    +
    9    33  0   0.0%   0.007 GC:3    +
    9    21  0   0.0%   0.001 GC:3    +
   10    66  0   0.0%   0.663 UA:3    +
    5    43  0   0.0%   0.798 CG:3    +
    7    49  0   0.0%   0.709 CG:3    +
   14    18  0   0.0%   0.019 GC:3    +
    8    68  0   0.0%   0.022 AU:3    +
    7    25  0   0.0%   0.004 CG:3    +
    3    36  0   0.0%   0.025 UG:3    +
    9    32  0   0.0%   0.007 GU:3    +
   47    60  0   0.0%   0.079 UA:3    +
   40    68  0   0.0%   0.716 GU:3    +
    3    66  0   0.0%   0.429 UA:3    +
   50    56  0   0.0%   0.075 GC:3    +
   53    57  0   0.0%   0.040 UA:3    +
    1    35  0   0.0%   0.005 GC:3    +
   21    38  0   0.0%   0.841 CG:3    +
   12    43  0   0.0%   0.836 CG:3    +
    2    34  0   0.0%   0.018 UG:3    +
   48    67  0   0.0%   0.097 UG:3    +
   17    42  0   0.0%   0.897 UG:3    +
   28    35  0   0.0%   0.574 GC:3    +
   31    39  0   0.0%   0.971 GC:3    +
   19    41  0   0.0%   0.742 GC:3    +
   18    42  0   0.0%   0.826 CG:3    +
   32    38  0   0.0%   0.995 UG:3    +
    1     5  0   0.0%   0.000 GC:3    +
    1    65  0   0.0%   0.051 GC:3    +
   29    34  0   0.0%   0.417 UG:3    +
   20    40  0   0.0%   0.734 UG:3    +
   33    37  0   0.0%   1.087 CG:3    +
    5     9  0   0.0%   0.001 CG:3    +
   14    45  0   0.0%   0.725 GC:3    +
   42    64  0   0.0%   0.791 GC:3    +
    8    48  0   0.0%   0.027 AU:3    +
    9    64  0   0.0%   0.504 GC:3    +
    2    67  0   0.0%   0.139 UG:3    +
   23    29  0   0.0%   0.034 AU:3    +
   11    66  0   0.0%   0.431 UA:3    +
    9    18  0   0.0%   0.001 GC:3    +
   14    29  0   0.0%   0.041 GU:3    +
   13    46  0   0.0%   0.723 GU:3    +
   25    35  0   0.0%   0.601 GC:3    +
   16    43  0   0.0%   0.506 UG:3    +
    2    37  0   0.0%   0.018 UG:3    +
   20    24  0   0.0%   0.014 UG:3    +
   19    56  0   0.0%   0.053 GC:3    +
    7    61  0   0.0%   0.702 CG:3    +
    6    62  0   0.0%   0.701 GC:3    +
   43    63  0   0.0%   0.136 GU:3    +
    7    31  0   0.0%   0.045 CG:3    +
   12    25  0   0.0%   0.023 CG:3    +
   11    44  0   0.0%   0.494 UA:3    +
    1    46  0   0.0%   0.050 GU:3    +
   28    39  0   0.0%   0.753 GC:3    +
    7    28  0   0.0%   0.054 CG:3    +
   29    38  0   0.0%   0.718 UG:3    +
   10    67  0   0.0%   0.664 UG:3    +
   27    40  0   0.0%   0.755 CG:3    +
   26    41  0   0.0%   0.796 GC:3    +
    6    29  0   0.0%   0.054 GU:3    +
    1    12  0   0.0%   0.002 GC:3    +
    7    24  0   0.0%   0.003 CG:3    +
    5    26  0   0.0%   0.001 CG:3    +
   62    67  0   0.0%   0.052 CG:3    +
    1    69  0   0.0%   0.050 GC:3    +
   61    68  0   0.0%   0.086 GU:3    +
   21    43  0   0.0%   0.274 CG:3    +
   20    44  0   0.0%   0.110 UA:3    +
   27    36  0   0.0%   0.682 CG:3    +
   19    45  0   0.0%   0.114 GC:3    +
    8    47  0   0.0%   0.020 AU:3    +
    1    18  0   0.0%   0.002 GC:3    +
    6    69  0   0.0%   0.702 GC:3    +
   43    65  0   0.0%   0.218 GC:3    +
    7    13  0   0.0%   0.002 CG:3    +
    8    16  0   0.0%   0.000 AU:3    +
    3    49  0   0.0%   0.428 UG:3    +
   52    57  0   0.0%   0.041 UA:3    +
    5    50  0   0.0%   0.701 CG:3    +
   13    65  0   0.0%   0.710 GC:3    +
   26    39  0   0.0%   0.796 GC:3    +
   27    38  0   0.0%   0.760 CG:3    +
   51    58  0   0.0%   0.040 CG:3    +
   34    39  0   0.0%   1.080 GC:3    +
   24    41  0   0.0%   0.702 GC:3    +
   52    58  0   0.0%   0.040 UG:3    +
   21    34  0   0.0%   0.502 CG:3    +
   41    50  0   0.0%   0.720 CG:3    +
   40    51  0   0.0%   0.719 GC:3    +
   16    23  0   0.0%   0.007 UA:3    +
   40    62  0   0.0%   0.719 GC:3    +
   41    61  0   0.0%   0.724 CG:3    +
   33    40  0   0.0%   1.350 CG:3    +
   43    54  0   0.0%   0.131 GC:3    +
   42    55  0   0.0%   0.790 GC:3    +
    6    65  0   0.0%   0.701 GC:3    +
   44    53  0   0.0%   0.073 AU:3    +
    5    37  0   0.0%   0.030 CG:3    +
    6    51  0   0.0%   0.701 GC:3    +
    7    50  0   0.0%   0.702 CG:3    +
    9    16  0   0.0%   0.000 GU:3    +
    6    64  0   0.0%   0.701 GC:3    +
    8    17  0   0.0%   0.000 AU:3    +
    6    18  0   0.0%   0.003 GC:3    +
   31    41  0   0.0%   0.971 GC:3    +
    5    19  0   0.0%   0.001 CG:3    +
   12    67  0   0.0%   0.714 CG:3    +
    1    47  0   0.0%   0.050 GU:3    +
   51    67  0   0.0%   0.050 CG:3    +
   38    64  0   0.0%   0.693 GC:3    +
   50    68  0   0.0%   0.092 GU:3    +
   19    29  0   0.0%   0.055 GU:3    +
   37    65  0   0.0%   0.426 GC:3    +
    1    51  0   0.0%   0.050 GC:3    +
    2    50  0   0.0%   0.138 UG:3    +
   37    55  0   0.0%   0.425 GC:3    +
   36    56  0   0.0%   0.619 GC:3    +
    3    28  0   0.0%   0.000 UG:3    +
    2    30  0   0.0%   0.002 UA:3    +
   38    54  0   0.0%   0.692 GC:3    +
    9    69  0   0.0%   0.504 GC:3    +
   49    69  0   0.0%   0.252 GC:3    +
   14    64  0   0.0%   0.670 GC:3    +
   52    66  0   0.0%   0.097 UA:3    +
   16    34  0   0.0%   0.753 UG:3    +
   20    57  0   0.0%   0.047 UA:3    +
   24    55  0   0.0%   0.018 GC:3    +
   29    36  0   0.0%   0.641 UG:3    +
   25    54  0   0.0%   0.112 GC:3    +
   35    67  0   0.0%   0.542 CG:3    +
   54    61  0   0.0%   0.093 CG:3    +
    1    48  0   0.0%   0.050 GU:3    +
   20    30  0   0.0%   0.451 UA:3    +
    1    62  0   0.0%   0.050 GC:3    +
   34    68  0   0.0%   0.419 GU:3    +
   52    61  0   0.0%   0.065 UG:3    +
   17    34  0   0.0%   0.508 UG:3    +
    2    61  0   0.0%   0.138 UG:3    +
   17    43  0   0.0%   0.261 UG:3    +
    1    54  0   0.0%   0.050 GC:3    +
   13    29  0   0.0%   0.057 GU:3    +
   16    28  0   0.0%   0.031 UG:3    +
    9    47  0   0.0%   0.504 GU:3    +
   24    29  0   0.0%   0.037 GU:3    +
   28    51  0   0.0%   0.073 GC:3    +
   11    31  0   0.0%   0.024 UG:3    +
   29    50  0   0.0%   0.027 UG:3    +
   43    48  0   0.0%   0.143 GU:3    +
    1    64  0   0.0%   0.050 GC:3    +
    9    68  0   0.0%   0.506 GU:3    +
    8    29  0   0.0%   0.026 AU:3    +
   26    53  0   0.0%   0.111 GU:3    +
    3    60  0   0.0%   0.428 UA:3    +
   47    57  0   0.0%   0.001 UA:3    +
   10    14  0   0.0%   0.001 UG:3    +
   45    49  0   0.0%   0.078 CG:3    +
   36    65  0   0.0%   0.620 GC:3    +
   37    64  0   0.0%   0.426 GC:3    +
   23    32  0   0.0%   0.298 AU:3    +
   33    38  0   0.0%   1.355 CG:3    +
   20    28  0   0.0%   0.072 UG:3    +
   39    61  0   0.0%   0.694 CG:3    +
   38    62  0   0.0%   0.698 GC:3    +
   42    68  0   0.0%   0.835 GU:3    +
    9    41  0   0.0%   1.151 GC:3    +
   17    40  0   0.0%   0.802 UG:3    +
   45    58  0   0.0%   0.071 CG:3    +
   32    40  0   0.0%   0.989 UG:3    +
   16    44  0   0.0%   0.445 UA:3    +
   25    55  0   0.0%   0.112 GC:3    +
   11    67  0   0.0%   0.433 UG:3    +
   24    56  0   0.0%   0.018 GC:3    +
   30    47  0   0.0%   0.432 AU:3    +
   26    54  0   0.0%   0.107 GC:3    +
   19    55  0   0.0%   0.053 GC:3    +
    5    61  0   0.0%   0.701 CG:3    +
   10    40  0   0.0%   1.307 UG:3    +
    3     8  0   0.0%   0.000 UA:3    +
   56    61  0   0.0%   0.086 CG:3    +
    6    32  0   0.0%   0.030 GU:3    +
   21    36  0   0.0%   0.720 CG:3    +
   37    63  0   0.0%   0.429 GU:3    +
   22    36  1   0.4%   0.671 CG:2    +
   47    59  1   0.2%   0.078 UA:2    +
   13    22  1   0.2%   0.052 GC:2    +
   46    59  1   0.1%   0.045 UA:2    +
   17    59  1   0.1%   0.151 UA:2    +
    9    22  1   0.0%   0.009 GC:2    +
    4    39  1   0.0%   0.035 GC:2    +
   15    30  1   0.0%   0.036 UA:2    +
   52    59  1   0.0%   0.030 UA:2    +
    4    35  1   0.0%   0.027 GC:2    +
    4    15  1   0.0%   0.001 GU:2    +
    4    65  1   0.0%   0.327 GC:2    +
   22    37  1   0.0%   0.460 CG:2    +
   15    44  1   0.0%   0.236 UA:2    +
    4    27  1   0.0%   0.001 GC:2    +
   22    26  1   0.0%   0.093 CG:2    +
   22    42  1   0.0%   0.796 CG:2    +
   48    59  1   0.0%   0.074 UA:2    +
    4    51  1   0.0%   0.327 GC:2    +
   14    22  1   0.0%   0.026 GC:2    +
   22    28  1   0.0%   0.061 CG:2    +
   22    31  1   0.0%   0.284 CG:2    +
    4    45  1   0.0%   0.367 GC:2    +
   22    38  1   0.0%   0.727 CG:2    +
    4    62  1   0.0%   0.327 GC:2    +
..(((((....(((((.((((...)))).)))))...)))))((((..((((((...))))))..))))
