3 sequence; length of alignment 34
alifold output
    2    10  0  48.4%   1.053 CG:3   
    3     9  0  48.4%   1.054 CG:3   
    1    11  0  47.7%   1.065 GC:3   
   10    16  0  42.3%   1.478 GC:3    +
    9    17  0  42.3%   1.447 GC:3    +
   11    15  0  41.7%   1.483 CG:3    +
   20    29  0  36.7%   1.828 CG:3   
   19    30  0  36.5%   1.982 GC:3   
   21    28  0  35.5%   2.024 GC:3   
    8    18  0  33.4%   1.412 UA:3    +
   15    33  0  27.6%   1.922 GC:3   
   16    32  0  26.6%   1.849 CG:3   
   20    32  0  25.8%   2.607 CG:3    +
   19    33  0  25.8%   2.692 GC:3    +
    4    20  0  21.0%   1.332 GC:3    +
    5    19  0  20.4%   1.011 CG:3    +
   22    29  0  20.0%   2.200 CG:3    +
    4     8  0  18.4%   0.935 GU:3    +
   18    34  0  17.9%   1.301 AU:3    +
   21    31  0  16.4%   2.473 GC:3    +
    3    21  0  15.7%   1.354 CG:3    +
    1    33  0  12.0%   1.601 GC:3    +
    2    32  0  11.9%   1.320 CG:3    +
   21    30  0  10.7%   2.634 GC:3    +
    4    30  0   9.4%   1.558 GC:3    +
    5    29  0   9.2%   1.235 CG:3    +
    1    22  0   7.6%   1.002 GC:3    +
    5    21  0   5.4%   1.235 CG:3    +
    4    22  0   5.3%   1.328 GC:3    +
   23    29  0   4.9%   1.726 CG:3    +
   10    22  0   4.8%   1.525 GC:3    +
   11    21  0   4.7%   1.755 CG:3    +
    9    23  0   4.7%   1.263 GC:3    +
    2    21  0   3.9%   0.758 CG:3    +
   12    19  0   3.4%   0.795 CG:3    +
    1    23  0   3.2%   0.942 GC:3    +
    9    26  0   3.2%   1.247 GC:3    +
   10    25  0   3.2%   1.290 GC:3    +
    8    27  0   3.1%   1.000 UA:3    +
    6    19  0   2.2%   0.595 CG:3    +
   14    21  0   1.8%   1.041 CG:3    +
   15    20  0   1.8%   0.936 GC:3    +
   17    32  0   1.7%   1.280 CG:3    +
   15    22  0   1.3%   1.122 GC:3    +
   16    21  0   1.3%   1.387 CG:3    +
    2    29  0   1.3%   0.670 CG:3    +
    1    30  0   1.3%   0.942 GC:3    +
    4    33  0   1.2%   1.485 GC:3    +
    5    32  0   1.2%   1.144 CG:3    +
   14    19  0   1.2%   0.701 CG:3    +
   15    31  0   0.8%   0.649 GC:3    +
   14    32  0   0.8%   0.561 CG:3    +
   12    21  0   0.7%   0.977 CG:3    +
    1    25  0   0.5%   0.813 GC:3    +
    1    12  0   0.4%   0.431 GC:3    +
    9    24  0   0.4%   0.947 GC:3    +
   10    23  0   0.4%   1.206 GC:3    +
   24    29  0   0.4%   1.265 CG:3    +
    4    11  0   0.3%   0.724 GC:3    +
    5    10  0   0.3%   0.412 CG:3    +
   22    32  0   0.3%   2.063 CG:3    +
   21    33  0   0.3%   2.871 GC:3    +
   19    31  0   0.3%   1.077 GC:3    +
    4    28  0   0.3%   0.874 GC:3    +
    3    29  0   0.3%   0.750 CG:3    +
    1    26  0   0.2%   0.804 GC:3    +
    9    25  0   0.2%   0.955 GC:3    +
   10    24  0   0.2%   0.984 GC:3    +
    1    20  0   0.2%   0.440 GC:3    +
    4    31  0   0.2%   1.107 GC:3    +
    2    19  0   0.2%   0.404 CG:3    +
    1    24  0   0.2%   0.761 GC:3    +
    6    29  0   0.2%   0.428 CG:3    +
    2    15  0   0.2%   0.388 CG:3    +
    1    16  0   0.2%   0.422 GC:3    +
    6    21  0   0.2%   0.695 CG:3    +
    3    32  0   0.2%   0.947 CG:3    +
   13    34  0   0.1%   0.028 AU:3    +
   25    29  0   0.1%   1.346 CG:3    +
    1    31  0   0.1%   0.851 GC:3    +
   26    32  0   0.1%   1.303 CG:3    +
    1     6  0   0.1%   0.016 GC:3    +
   25    32  0   0.1%   1.326 CG:3    +
   10    30  0   0.1%   1.319 GC:3    +
    9    31  0   0.1%   1.044 GC:3    +
   11    29  0   0.1%   1.200 CG:3    +
   23    32  0   0.0%   1.586 CG:3    +
    1    14  0   0.0%   0.393 GC:3    +
   19    28  0   0.0%   0.622 GC:3    +
   29    33  0   0.0%   2.218 GC:3    +
   21    26  0   0.0%   1.030 GC:3    +
    1    28  0   0.0%   0.782 GC:3    +
   15    34  0   0.0%   0.921 GU:3    +
    9    14  0   0.0%   0.362 GC:3    +
    4    23  0   0.0%   0.936 GC:3    +
   24    32  0   0.0%   1.229 CG:3    +
    4    16  0   0.0%   0.350 GC:3    +
    5    15  0   0.0%   0.039 CG:3    +
   28    32  0   0.0%   1.558 CG:3    +
    8    32  0   0.0%   1.108 UG:3    +
    3    19  0   0.0%   0.371 CG:3    +
   19    26  0   0.0%   0.722 GC:3    +
   16    29  0   0.0%   0.748 CG:3    +
    3    10  0   0.0%   0.706 CG:3    +
   15    30  0   0.0%   0.795 GC:3    +
    8    15  0   0.0%   0.330 UG:3    +
    4    14  0   0.0%   0.337 GC:3    +
    6    32  0   0.0%   0.430 CG:3    +
    3    15  0   0.0%   0.367 CG:3    +
    1     5  0   0.0%   0.002 GC:3    +
    1    17  0   0.0%   0.400 GC:3    +
   11    19  0   0.0%   1.162 CG:3    +
   21    25  0   0.0%   1.048 GC:3    +
   10    20  0   0.0%   1.079 GC:3    +
   27    34  0   0.0%   0.428 AU:3    +
   19    24  0   0.0%   0.644 GC:3    +
    4    25  0   0.0%   0.848 GC:3    +
    9    28  0   0.0%   1.031 GC:3    +
   10    33  0   0.0%   1.341 GC:3    +
   11    32  0   0.0%   1.206 CG:3    +
   19    25  0   0.0%   0.744 GC:3    +
   17    29  0   0.0%   0.676 CG:3    +
   15    24  0   0.0%   0.562 GC:3    +
    9    16  0   0.0%   0.368 GC:3    +
   15    28  0   0.0%   0.530 GC:3    +
   29    34  0   0.0%   1.502 GU:3    +
    9    34  0   0.0%   1.017 GU:3    +
   15    23  0   0.0%   0.789 GC:3    +
   14    29  0   0.0%   0.440 CG:3    +
    4    26  0   0.0%   0.837 GC:3    +
    1    34  0   0.0%   1.093 GU:3    +
    4    24  0   0.0%   0.835 GC:3    +
    4    17  0   0.0%   0.335 GC:3    +
    6    15  0   0.0%   0.020 CG:3    +
    4    12  0   0.0%   0.356 GC:3    +
    8    19  0   0.0%   1.103 UG:3    +
   19    23  0   0.0%   0.871 GC:3    +
   10    26  0   0.0%   1.155 GC:3    +
    1     8  0   0.0%   0.006 GU:3    +
   17    21  0   0.0%   1.260 CG:3    +
    8    29  0   0.0%   1.091 UG:3    +
    9    22  0   0.0%   1.071 GC:3    +
    2     9  0   0.0%   0.000 CG:3    +
   15    25  0   0.0%   0.661 GC:3    +
   19    34  0   0.0%   1.650 GU:3    +
    5     9  0   0.0%   0.352 CG:3    +
    6    10  0   0.0%   0.377 CG:3    +
   10    14  0   0.0%   0.379 GC:3    +
   12    32  0   0.0%   0.495 CG:3    +
    7    34  0   0.0%   0.000 AU:3    +
   10    17  0   0.0%   1.101 GC:3    +
   15    26  0   0.0%   0.636 GC:3    +
    4    34  0   0.0%   1.126 GU:3    +
    8    13  0   0.0%   0.312 UA:3    +
   12    29  0   0.0%   0.484 CG:3    +
   10    28  0   0.0%   1.048 GC:3    +
(((.....)))...((..(((......))).)).
