3 sequence; length of alignment 35
alifold output
    8    16  0  97.7%   0.071 UA:3   
    9    15  0  97.5%   0.074 CG:3   
    7    17  0  97.4%   0.080 GU:3   
    4    20  0  97.1%   0.096 GC:3   
    5    19  0  96.7%   0.105 GU:3   
    6    18  0  96.5%   0.109 GU:3   
   23    33  0  94.3%   0.431 GC:3   
   22    34  0  94.1%   0.358 GC:3   
   24    32  0  93.9%   0.390 GC:3   
    3    21  0  88.9%   0.335 AU:3   
   21    35  0   2.6%   0.493 UG:3    +
   12    20  0   1.7%   0.254 GC:3    +
   13    19  0   1.6%   0.252 AU:3    +
   24    33  0   1.6%   0.522 GC:3    +
   23    34  0   1.6%   0.505 GC:3    +
   11    21  0   1.5%   0.323 AU:3    +
   23    32  0   1.5%   0.330 GC:3    +
   22    33  0   1.5%   0.316 GC:3    +
    7    32  0   1.1%   0.270 GC:3    +
    6    33  0   1.1%   0.282 GC:3    +
    5    34  0   1.1%   0.284 GC:3    +
    8    31  0   1.0%   0.213 UG:3    +
   14    18  0   1.0%   0.179 AU:3    +
    4    34  0   0.8%   0.165 GC:3    +
    5    33  0   0.8%   0.177 GC:3    +
    6    32  0   0.8%   0.167 GC:3    +
    7    30  0   0.7%   0.144 GC:3    +
    8    29  0   0.6%   0.138 UG:3    +
    9    23  0   0.4%   0.115 CG:3    +
    9    24  0   0.3%   0.129 CG:3    +
    9    22  0   0.3%   0.075 CG:3    +
    2    21  0   0.2%   0.050 AU:3    +
    8    25  0   0.2%   0.067 UA:3    +
   24    30  0   0.2%   0.125 GC:3    +
   23    28  0   0.1%   0.077 GC:3    +
   19    25  0   0.1%   0.158 UA:3    +
   10    21  0   0.1%   0.156 AU:3    +
   15    20  0   0.1%   0.167 GC:3    +
   18    26  0   0.1%   0.121 UA:3    +
   20    24  0   0.1%   0.178 CG:3    +
   14    21  0   0.1%   0.272 AU:3    +
   17    27  0   0.1%   0.061 UA:3    +
    5    32  0   0.1%   0.070 GC:3    +
    5    20  0   0.1%   0.094 GC:3    +
    4    33  0   0.1%   0.066 GC:3    +
    1    20  0   0.1%   0.025 GC:3    +
    2    19  0   0.1%   0.024 AU:3    +
    4    21  0   0.1%   0.172 GU:3    +
   22    30  0   0.1%   0.086 GC:3    +
    6    19  0   0.1%   0.093 GU:3    +
    9    29  0   0.1%   0.133 CG:3    +
    3    18  0   0.1%   0.018 AU:3    +
   15    28  0   0.1%   0.060 GC:3    +
   23    30  0   0.1%   0.102 GC:3    +
    8    24  0   0.1%   0.045 UG:3    +
   22    28  0   0.1%   0.049 GC:3    +
   24    28  0   0.1%   0.079 GC:3    +
   12    28  0   0.1%   0.088 GC:3    +
    7    18  0   0.0%   0.077 GU:3    +
    8    23  0   0.0%   0.035 UG:3    +
   22    32  0   0.0%   0.139 GC:3    +
    7    28  0   0.0%   0.041 GC:3    +
    4    17  0   0.0%   0.009 GU:3    +
    8    27  0   0.0%   0.053 UA:3    +
    9    31  0   0.0%   0.143 CG:3    +
   12    30  0   0.0%   0.120 GC:3    +
    1     9  0   0.0%   0.005 GC:3    +
    2     8  0   0.0%   0.004 AU:3    +
   29    34  0   0.0%   0.255 GC:3    +
   28    35  0   0.0%   0.133 CG:3    +
    1    34  0   0.0%   0.014 GC:3    +
   17    22  0   0.0%   0.049 UG:3    +
    5    28  0   0.0%   0.046 GC:3    +
    6    20  0   0.0%   0.088 GC:3    +
    4    30  0   0.0%   0.042 GC:3    +
   13    18  0   0.0%   0.048 AU:3    +
    5    21  0   0.0%   0.170 GU:3    +
   18    25  0   0.0%   0.105 UA:3    +
   12    19  0   0.0%   0.050 GU:3    +
   17    26  0   0.0%   0.034 UA:3    +
   19    24  0   0.0%   0.144 UG:3    +
    6    28  0   0.0%   0.045 GC:3    +
   21    29  0   0.0%   0.248 UG:3    +
    5    30  0   0.0%   0.047 GC:3    +
    1    21  0   0.0%   0.011 GU:3    +
   21    31  0   0.0%   0.259 UG:3    +
    7    19  0   0.0%   0.077 GU:3    +
   17    23  0   0.0%   0.058 UG:3    +
   12    21  0   0.0%   0.271 GU:3    +
    6    30  0   0.0%   0.046 GC:3    +
   15    30  0   0.0%   0.081 GC:3    +
   20    35  0   0.0%   0.135 CG:3    +
   18    22  0   0.0%   0.108 UG:3    +
   18    24  0   0.0%   0.116 UG:3    +
   16    21  0   0.0%   0.233 AU:3    +
   17    25  0   0.0%   0.043 UA:3    +
   12    18  0   0.0%   0.045 GU:3    +
    8    13  0   0.0%   0.002 UA:3    +
   11    19  0   0.0%   0.048 AU:3    +
    4    32  0   0.0%   0.041 GC:3    +
   14    19  0   0.0%   0.161 AU:3    +
    4     9  0   0.0%   0.002 GC:3    +
    5    18  0   0.0%   0.007 GU:3    +
   13    17  0   0.0%   0.030 AU:3    +
    1    32  0   0.0%   0.011 GC:3    +
   11    17  0   0.0%   0.029 AU:3    +
   24    34  0   0.0%   0.389 GC:3    +
    6    17  0   0.0%   0.003 GU:3    +
   19    23  0   0.0%   0.143 UG:3    +
    4    19  0   0.0%   0.011 GU:3    +
   15    21  0   0.0%   0.243 GU:3    +
    1    33  0   0.0%   0.011 GC:3    +
    8    26  0   0.0%   0.045 UA:3    +
   10    18  0   0.0%   0.045 AU:3    +
   11    18  0   0.0%   0.045 AU:3    +
    7    20  0   0.0%   0.076 GC:3    +
    4    28  0   0.0%   0.039 GC:3    +
   10    19  0   0.0%   0.047 AU:3    +
    6    21  0   0.0%   0.169 GU:3    +
   17    24  0   0.0%   0.056 UG:3    +
    8    14  0   0.0%   0.002 UA:3    +
    3    19  0   0.0%   0.014 AU:3    +
    1    30  0   0.0%   0.010 GC:3    +
   20    31  0   0.0%   0.181 CG:3    +
    4    18  0   0.0%   0.009 GU:3    +
   18    23  0   0.0%   0.118 UG:3    +
    6    34  0   0.0%   0.223 GC:3    +
   30    35  0   0.0%   0.160 CG:3    +
    7    33  0   0.0%   0.219 GC:3    +
   18    27  0   0.0%   0.113 UA:3    +
   19    26  0   0.0%   0.137 UA:3    +
   12    17  0   0.0%   0.029 GU:3    +
   20    29  0   0.0%   0.170 CG:3    +
   13    21  0   0.0%   0.269 AU:3    +
   29    33  0   0.0%   0.318 GC:3    +
    5    17  0   0.0%   0.003 GU:3    +
    8    12  0   0.0%   0.002 UG:3    +
   21    26  0   0.0%   0.220 UA:3    +
    2    18  0   0.0%   0.002 AU:3    +
    8    15  0   0.0%   0.002 UG:3    +
    3     8  0   0.0%   0.002 AU:3    +
   10    17  0   0.0%   0.029 AU:3    +
   21    27  0   0.0%   0.221 UA:3    +
    3    17  0   0.0%   0.000 AU:3    +
    1    19  0   0.0%   0.002 GU:3    +
    5     9  0   0.0%   0.002 GC:3    +
    1    28  0   0.0%   0.010 GC:3    +
   18    31  0   0.0%   0.149 UG:3    +
..(((((((.....)))))))(((.......))).
