3 sequence; length of alignment 36
alifold output
   11    18  0  93.1%   0.203 AU:3   
   10    19  0  92.9%   0.209 GC:3   
   12    17  0  92.8%   0.211 CG:3   
    6    22  0  89.2%   0.306 CG:3   
    7    21  0  89.1%   0.308 GC:3   
    5    23  0  87.7%   0.347 UA:3   
    3    25  0  86.9%   0.378 CG:3   
    2    26  0  85.6%   0.419 CG:3   
    9    20  0  46.6%   1.430 UA:3    +
    8    20  0  44.4%   1.082 UA:3   
    8    31  0   6.4%   1.069 UA:3    +
    9    30  0   6.4%   1.033 UG:3    +
   10    29  0   6.4%   0.637 GC:3    +
    7    32  0   6.4%   0.770 GC:3    +
   11    28  0   5.2%   0.591 AU:3    +
    7    24  0   4.2%   0.503 GC:3    +
    6    25  0   4.2%   0.635 CG:3    +
    8    23  0   4.0%   0.862 UA:3    +
    5    26  0   4.0%   0.653 UG:3    +
    4    27  0   3.6%   0.358 AU:3    +
   16    22  0   3.5%   0.533 CG:3    +
   15    23  0   3.5%   0.598 UA:3    +
   17    21  0   3.1%   0.523 GC:3    +
   17    24  0   2.9%   0.649 GC:3    +
   16    25  0   2.9%   0.770 CG:3    +
   14    26  0   2.5%   0.687 CG:3    +
   18    23  0   2.5%   0.705 UA:3    +
   13    27  0   2.5%   0.471 GU:3    +
   12    26  0   2.2%   0.626 CG:3    +
    9    22  0   1.7%   0.672 UG:3    +
   11    27  0   1.1%   0.341 AU:3    +
    2    30  0   1.1%   0.307 CG:3    +
    1    31  0   1.0%   0.151 UA:3    +
   14    25  0   0.9%   0.424 CG:3    +
   30    36  0   0.7%   0.371 GC:3    +
   31    35  0   0.5%   0.328 AU:3    +
   13    24  0   0.5%   0.214 GC:3    +
   10    21  0   0.5%   0.250 GC:3    +
   12    25  0   0.5%   0.411 CG:3    +
   15    26  0   0.5%   0.658 UG:3    +
    3    26  0   0.2%   0.304 CG:3    +
   26    32  0   0.2%   0.705 GC:3    +
    2    25  0   0.2%   0.034 CG:3    +
   27    31  0   0.2%   0.522 UA:3    +
    1    30  0   0.1%   0.036 UG:3    +
   25    33  0   0.1%   0.486 GU:3    +
    3    30  0   0.1%   0.224 CG:3    +
   30    34  0   0.1%   0.296 GC:3    +
   25    32  0   0.1%   0.648 GC:3    +
   15    25  0   0.1%   0.478 UG:3    +
    1    26  0   0.1%   0.021 UG:3    +
    6    30  0   0.1%   0.325 CG:3    +
    7    29  0   0.1%   0.256 GC:3    +
    5    31  0   0.1%   0.305 UA:3    +
   25    34  0   0.1%   0.482 GC:3    +
   10    28  0   0.1%   0.117 GU:3    +
   24    30  0   0.1%   0.532 CG:3    +
   25    29  0   0.1%   0.642 GC:3    +
    4    28  0   0.1%   0.132 AU:3    +
   26    34  0   0.0%   0.515 GC:3    +
   10    16  0   0.0%   0.010 GC:3    +
   26    33  0   0.0%   0.515 GU:3    +
   25    35  0   0.0%   0.483 GU:3    +
    4    35  0   0.0%   0.133 AU:3    +
   11    15  0   0.0%   0.008 AU:3    +
    9    17  0   0.0%   0.008 UG:3    +
   30    35  0   0.0%   0.281 GU:3    +
    8    22  0   0.0%   0.467 UG:3    +
   22    29  0   0.0%   0.480 GC:3    +
   21    30  0   0.0%   0.492 CG:3    +
   23    28  0   0.0%   0.620 AU:3    +
   25    36  0   0.0%   0.476 GC:3    +
   13    19  0   0.0%   0.071 GC:3    +
   26    35  0   0.0%   0.510 GU:3    +
   21    26  0   0.0%   0.720 CG:3    +
   20    27  0   0.0%   0.979 AU:3    +
   13    18  0   0.0%   0.069 GU:3    +
    4    33  0   0.0%   0.125 AU:3    +
   14    22  0   0.0%   0.175 CG:3    +
   23    35  0   0.0%   0.459 AU:3    +
   18    22  0   0.0%   0.361 UG:3    +
    1    25  0   0.0%   0.001 UG:3    +
   10    18  0   0.0%   0.005 GU:3    +
   16    30  0   0.0%   0.477 CG:3    +
   17    29  0   0.0%   0.467 GC:3    +
   22    36  0   0.0%   0.296 GC:3    +
   15    31  0   0.0%   0.379 UA:3    +
   23    33  0   0.0%   0.456 AU:3    +
   22    34  0   0.0%   0.295 GC:3    +
   10    34  0   0.0%   0.279 GC:3    +
   11    33  0   0.0%   0.275 AU:3    +
   17    32  0   0.0%   0.460 GC:3    +
   18    31  0   0.0%   0.387 UA:3    +
    3    10  0   0.0%   0.001 CG:3    +
   19    30  0   0.0%   0.322 CG:3    +
   13    21  0   0.0%   0.129 GC:3    +
   13    32  0   0.0%   0.295 GC:3    +
    4     9  0   0.0%   0.000 AU:3    +
   12    22  0   0.0%   0.243 CG:3    +
   26    36  0   0.0%   0.504 GC:3    +
    7    34  0   0.0%   0.419 GC:3    +
   10    27  0   0.0%   0.217 GU:3    +
   13    28  0   0.0%   0.283 GU:3    +
   13    29  0   0.0%   0.302 GC:3    +
   12    30  0   0.0%   0.430 CG:3    +
    6    26  0   0.0%   0.517 CG:3    +
   15    22  0   0.0%   0.177 UG:3    +
    7    33  0   0.0%   0.419 GU:3    +
    8    30  0   0.0%   0.567 UG:3    +
   15    20  0   0.0%   0.719 UA:3    +
   11    35  0   0.0%   0.277 AU:3    +
   10    36  0   0.0%   0.279 GC:3    +
    7    12  0   0.0%   0.000 GC:3    +
    5    25  0   0.0%   0.249 UG:3    +
   22    32  0   0.0%   0.470 GC:3    +
    7    14  0   0.0%   0.000 GC:3    +
    6    13  0   0.0%   0.000 CG:3    +
    8    13  0   0.0%   0.000 UG:3    +
    9    23  0   0.0%   0.672 UA:3    +
   10    32  0   0.0%   0.454 GC:3    +
   19    25  0   0.0%   0.514 CG:3    +
   10    24  0   0.0%   0.231 GC:3    +
    9    25  0   0.0%   0.695 UG:3    +
    2     7  0   0.0%   0.000 CG:3    +
    1    23  0   0.0%   0.000 UA:3    +
   16    26  0   0.0%   0.706 CG:3    +
    2    22  0   0.0%   0.000 CG:3    +
   13    34  0   0.0%   0.120 GC:3    +
   13    33  0   0.0%   0.120 GU:3    +
    8    26  0   0.0%   0.773 UG:3    +
.((.((((.(((....))))))).))..........
