3 sequence; length of alignment 54
alifold output
   10    17  0  99.7%   0.008 CG:3   
    9    18  0  99.7%   0.011 UA:3   
    8    19  0  99.5%   0.016 UA:3   
   11    16  0  99.4%   0.018 CG:3   
    7    20  0  99.3%   0.022 GC:3   
   29    45  0  97.4%   0.156 GC:3   
   28    46  0  97.1%   0.170 GC:3   
   30    44  0  97.0%   0.156 AU:3   
    2    49  0  96.4%   0.110 GC:3   
    3    48  0  96.3%   0.112 CG:3   
   31    43  0  95.6%   0.182 AU:3   
    4    47  0  95.3%   0.142 CG:3   
   32    42  0  87.1%   0.386 AU:3   
   34    40  0  70.6%   1.025 CG:3   
   35    39  0  57.4%   1.264 UG:3   
   34    39  0  11.1%   0.774 CG:3    +
   36    40  0   4.1%   0.673 CG:3    +
   35    41  0   3.9%   0.766 UA:3    +
   39    46  0   2.1%   0.850 GC:3    +
   40    45  0   2.1%   0.679 GC:3    +
    5    47  0   1.3%   0.218 CG:3    +
   38    47  0   1.1%   0.267 CG:3    +
    4    48  0   0.9%   0.216 CG:3    +
   28    34  0   0.7%   0.110 GC:3    +
   27    35  0   0.6%   0.097 AU:3    +
   33    42  0   0.5%   0.229 AU:3    +
   29    36  0   0.4%   0.087 GC:3    +
   31    42  0   0.4%   0.068 AU:3    +
   32    43  0   0.4%   0.256 AU:3    +
   36    50  0   0.3%   0.268 CG:3    +
   30    35  0   0.3%   0.102 AU:3    +
   30    43  0   0.3%   0.087 AU:3    +
   35    51  0   0.3%   0.579 UA:3    +
    3    50  0   0.3%   0.091 CG:3    +
   13    50  0   0.2%   0.060 CG:3    +
   14    49  0   0.2%   0.077 GC:3    +
   17    45  0   0.2%   0.043 GC:3    +
   16    46  0   0.2%   0.048 GC:3    +
   18    44  0   0.2%   0.043 AU:3    +
   29    44  0   0.2%   0.092 GU:3    +
   28    45  0   0.2%   0.111 GC:3    +
   12    51  0   0.2%   0.039 UA:3    +
   31    44  0   0.2%   0.158 AU:3    +
   19    43  0   0.2%   0.038 AU:3    +
   25    48  0   0.1%   0.130 CG:3    +
   28    38  0   0.1%   0.075 GC:3    +
   15    48  0   0.1%   0.111 CG:3    +
   15    47  0   0.1%   0.125 CG:3    +
   35    40  0   0.1%   0.647 UG:3    +
   36    48  0   0.1%   0.274 CG:3    +
   25    50  0   0.1%   0.073 CG:3    +
   28    36  0   0.1%   0.063 GC:3    +
   29    34  0   0.1%   0.058 GC:3    +
    1    52  0   0.1%   0.017 AU:3    +
   34    50  0   0.1%   0.584 CG:3    +
   28    35  0   0.1%   0.087 GU:3    +
   29    35  0   0.1%   0.062 GU:3    +
    2    25  0   0.1%   0.013 GC:3    +
    5    28  0   0.0%   0.009 CG:3    +
    4    29  0   0.0%   0.010 CG:3    +
   25    47  0   0.0%   0.128 CG:3    +
   25    39  0   0.0%   0.014 CG:3    +
   11    28  0   0.0%   0.016 CG:3    +
   10    29  0   0.0%   0.012 CG:3    +
   12    27  0   0.0%   0.006 UA:3    +
    9    30  0   0.0%   0.010 UA:3    +
   25    40  0   0.0%   0.015 CG:3    +
    4    28  0   0.0%   0.005 CG:3    +
    3    29  0   0.0%   0.005 CG:3    +
   16    25  0   0.0%   0.017 GC:3    +
   35    50  0   0.0%   0.561 UG:3    +
   29    38  0   0.0%   0.050 GC:3    +
    8    31  0   0.0%   0.010 UA:3    +
    7    25  0   0.0%   0.015 GC:3    +
   38    48  0   0.0%   0.165 CG:3    +
   33    43  0   0.0%   0.126 AU:3    +
    2    52  0   0.0%   0.048 GU:3    +
    8    24  0   0.0%   0.009 UA:3    +
   22    42  0   0.0%   0.003 AU:3    +
   22    52  0   0.0%   0.012 AU:3    +
   33    52  0   0.0%   0.042 AU:3    +
   23    42  0   0.0%   0.004 AU:3    +
   23    52  0   0.0%   0.012 AU:3    +
   40    46  0   0.0%   0.591 GC:3    +
   22    43  0   0.0%   0.015 AU:3    +
    5    50  0   0.0%   0.080 CG:3    +
    7    34  0   0.0%   0.011 GC:3    +
    4    50  0   0.0%   0.112 CG:3    +
    1    54  0   0.0%   0.008 AU:3    +
    5    48  0   0.0%   0.140 CG:3    +
   24    42  0   0.0%   0.005 AU:3    +
    3     7  0   0.0%   0.002 CG:3    +
    6    35  0   0.0%   0.002 AU:3    +
    2     8  0   0.0%   0.002 GU:3    +
   23    43  0   0.0%   0.015 AU:3    +
   32    52  0   0.0%   0.152 AU:3    +
   21    43  0   0.0%   0.013 AU:3    +
   21    44  0   0.0%   0.016 AU:3    +
    8    33  0   0.0%   0.010 UA:3    +
   14    25  0   0.0%   0.007 GC:3    +
   50    54  0   0.0%   0.068 GU:3    +
   24    52  0   0.0%   0.011 AU:3    +
   22    44  0   0.0%   0.017 AU:3    +
   12    16  0   0.0%   0.008 UG:3    +
   39    45  0   0.0%   0.618 GC:3    +
   29    46  0   0.0%   0.121 GC:3    +
   20    40  0   0.0%   0.008 CG:3    +
   21    52  0   0.0%   0.009 AU:3    +
    3    47  0   0.0%   0.003 CG:3    +
    1     9  0   0.0%   0.001 AU:3    +
   21    42  0   0.0%   0.001 AU:3    +
   11    17  0   0.0%   0.010 CG:3    +
    8    53  0   0.0%   0.009 UA:3    +
   32    44  0   0.0%   0.211 AU:3    +
   25    29  0   0.0%   0.014 CG:3    +
    7    54  0   0.0%   0.011 GU:3    +
   31    35  0   0.0%   0.063 AU:3    +
   32    54  0   0.0%   0.144 AU:3    +
    9    23  0   0.0%   0.004 UA:3    +
   26    35  0   0.0%   0.001 AU:3    +
   37    42  0   0.0%   0.173 AU:3    +
   40    44  0   0.0%   0.455 GU:3    +
   10    16  0   0.0%   0.001 CG:3    +
   47    52  0   0.0%   0.172 GU:3    +
   10    40  0   0.0%   0.005 CG:3    +
    7    15  0   0.0%   0.001 GC:3    +
   11    39  0   0.0%   0.009 CG:3    +
    9    17  0   0.0%   0.001 UG:3    +
    8    18  0   0.0%   0.001 UA:3    +
    9    41  0   0.0%   0.006 UA:3    +
   21    54  0   0.0%   0.003 AU:3    +
    9    32  0   0.0%   0.006 UA:3    +
    8    14  0   0.0%   0.001 UG:3    +
   17    46  0   0.0%   0.030 GC:3    +
   31    52  0   0.0%   0.087 AU:3    +
   34    48  0   0.0%   0.628 CG:3    +
   47    54  0   0.0%   0.163 GU:3    +
    5    39  0   0.0%   0.003 CG:3    +
   39    49  0   0.0%   0.695 GC:3    +
   38    50  0   0.0%   0.124 CG:3    +
   31    54  0   0.0%   0.079 AU:3    +
    4    40  0   0.0%   0.004 CG:3    +
    2    11  0   0.0%   0.001 GC:3    +
   30    52  0   0.0%   0.078 AU:3    +
   19    42  0   0.0%   0.005 AU:3    +
    5    16  0   0.0%   0.000 CG:3    +
    6    44  0   0.0%   0.001 AU:3    +
    9    53  0   0.0%   0.007 UA:3    +
   30    42  0   0.0%   0.024 AU:3    +
    4    17  0   0.0%   0.000 CG:3    +
   30    54  0   0.0%   0.070 AU:3    +
   22    54  0   0.0%   0.004 AU:3    +
    7    11  0   0.0%   0.001 GC:3    +
   20    28  0   0.0%   0.013 CG:3    +
    6    43  0   0.0%   0.001 AU:3    +
   33    54  0   0.0%   0.032 AU:3    +
   29    43  0   0.0%   0.052 GU:3    +
   13    48  0   0.0%   0.080 CG:3    +
   20    39  0   0.0%   0.007 CG:3    +
   18    43  0   0.0%   0.004 AU:3    +
    4    39  0   0.0%   0.004 CG:3    +
    3    40  0   0.0%   0.002 CG:3    +
   16    34  0   0.0%   0.009 GC:3    +
   48    52  0   0.0%   0.116 GU:3    +
    7    52  0   0.0%   0.016 GU:3    +
    7    43  0   0.0%   0.010 GU:3    +
    9    19  0   0.0%   0.009 UA:3    +
   20    29  0   0.0%   0.013 CG:3    +
    2    36  0   0.0%   0.005 GC:3    +
   11    50  0   0.0%   0.027 CG:3    +
   27    52  0   0.0%   0.042 AU:3    +
    4    16  0   0.0%   0.000 CG:3    +
    3    17  0   0.0%   0.001 CG:3    +
   35    48  0   0.0%   0.611 UG:3    +
   45    50  0   0.0%   0.198 CG:3    +
   10    50  0   0.0%   0.024 CG:3    +
    2    34  0   0.0%   0.005 GC:3    +
   28    44  0   0.0%   0.073 GU:3    +
    6    12  0   0.0%   0.000 AU:3    +
    7    13  0   0.0%   0.001 GC:3    +
    9    51  0   0.0%   0.006 UA:3    +
   14    36  0   0.0%   0.001 GC:3    +
   44    51  0   0.0%   0.099 UA:3    +
   17    25  0   0.0%   0.010 GC:3    +
   37    43  0   0.0%   0.096 AU:3    +
    5    14  0   0.0%   0.000 CG:3    +
   24    43  0   0.0%   0.015 AU:3    +
   36    47  0   0.0%   0.270 CG:3    +
    6    52  0   0.0%   0.007 AU:3    +
   23    54  0   0.0%   0.004 AU:3    +
    7    42  0   0.0%   0.010 GU:3    +
   27    43  0   0.0%   0.046 AU:3    +
   13    28  0   0.0%   0.006 CG:3    +
    8    21  0   0.0%   0.006 UA:3    +
   23    44  0   0.0%   0.016 AU:3    +
   13    17  0   0.0%   0.003 CG:3    +
   28    42  0   0.0%   0.062 GU:3    +
    3    28  0   0.0%   0.001 CG:3    +
    6    54  0   0.0%   0.001 AU:3    +
   35    47  0   0.0%   0.625 UG:3    +
   28    49  0   0.0%   0.149 GC:3    +
   17    36  0   0.0%   0.003 GC:3    +
   12    18  0   0.0%   0.004 UA:3    +
    5    17  0   0.0%   0.000 CG:3    +
   12    29  0   0.0%   0.008 UG:3    +
    1    12  0   0.0%   0.000 AU:3    +
   29    52  0   0.0%   0.088 GU:3    +
    1    35  0   0.0%   0.000 AU:3    +
    8    41  0   0.0%   0.009 UA:3    +
   48    54  0   0.0%   0.107 GU:3    +
   18    35  0   0.0%   0.004 AU:3    +
   26    44  0   0.0%   0.014 AU:3    +
    8    51  0   0.0%   0.009 UA:3    +
    5    29  0   0.0%   0.006 CG:3    +
   14    38  0   0.0%   0.001 GC:3    +
   28    54  0   0.0%   0.101 GU:3    +
   23    35  0   0.0%   0.001 AU:3    +
    2    54  0   0.0%   0.041 GU:3    +
   35    53  0   0.0%   0.532 UA:3    +
   13    29  0   0.0%   0.006 CG:3    +
   16    36  0   0.0%   0.008 GC:3    +
   29    49  0   0.0%   0.127 GC:3    +
   12    30  0   0.0%   0.004 UA:3    +
   19    44  0   0.0%   0.029 AU:3    +
   24    35  0   0.0%   0.002 AU:3    +
    2    10  0   0.0%   0.001 GC:3    +
    8    22  0   0.0%   0.006 UA:3    +
   29    54  0   0.0%   0.080 GU:3    +
   22    35  0   0.0%   0.001 AU:3    +
    7    49  0   0.0%   0.045 GC:3    +
    8    32  0   0.0%   0.008 UA:3    +
    8    23  0   0.0%   0.006 UA:3    +
   26    52  0   0.0%   0.009 AU:3    +
   27    42  0   0.0%   0.036 AU:3    +
    9    40  0   0.0%   0.006 UG:3    +
   28    52  0   0.0%   0.109 GU:3    +
    1     8  0   0.0%   0.000 AU:3    +
   39    44  0   0.0%   0.634 GU:3    +
   16    20  0   0.0%   0.014 GC:3    +
    9    31  0   0.0%   0.007 UA:3    +
   13    39  0   0.0%   0.000 CG:3    +
   17    44  0   0.0%   0.003 GU:3    +
   17    34  0   0.0%   0.004 GC:3    +
   24    54  0   0.0%   0.003 AU:3    +
    8    48  0   0.0%   0.089 UG:3    +
.(((..(((((....))))).......(((((.((...)).)))))))).....
