3 sequence; length of alignment 34
alifold output
   10    33  0  85.6%   0.715 CG:3   
   11    32  0  85.2%   0.675 UA:3   
   12    31  0  77.7%   1.010 GU:3   
   16    29  0  72.0%   1.417 GC:3   
   17    28  0  71.2%   1.765 CG:3   
   18    27  0  70.3%   1.561 CG:3   
   14    30  0  60.1%   1.423 GC:3   
    9    34  0  59.2%   1.130 UA:3   
   19    25  0  19.0%   1.268 GC:3    +
   18    26  0  18.4%   1.328 CG:3    +
   17    27  0  17.5%   1.288 CG:3    +
   14    29  0  10.8%   1.234 GC:3    +
   15    28  0   9.7%   1.208 UG:3    +
   16    25  0   5.5%   0.638 GC:3    +
   17    24  0   5.4%   0.624 CG:3    +
   15    26  0   5.3%   0.706 UG:3    +
   13    28  0   5.3%   0.820 UG:3    +
   12    29  0   5.2%   0.808 GC:3    +
   12    25  0   4.9%   0.495 GC:3    +
   13    24  0   4.8%   0.485 UG:3    +
    8    28  0   4.8%   0.477 CG:3    +
    7    29  0   4.8%   0.500 GC:3    +
   14    23  0   4.1%   0.475 GU:3    +
   11    26  0   3.9%   0.455 UG:3    +
   10    27  0   3.9%   0.502 CG:3    +
    8    33  0   3.1%   0.524 CG:3    +
    9    32  0   3.1%   0.417 UA:3    +
    9    27  0   1.2%   0.180 UG:3    +
   10    26  0   1.2%   0.176 CG:3    +
   14    31  0   1.0%   1.129 GU:3    +
   13    32  0   0.9%   0.725 UA:3    +
   17    26  0   0.7%   0.599 CG:3    +
   12    30  0   0.7%   0.473 GC:3    +
    1     7  0   0.6%   0.088 CG:3    +
    2    13  0   0.5%   0.113 AU:3    +
    3    12  0   0.5%   0.090 UG:3    +
    1    14  0   0.5%   0.118 CG:3    +
    5    31  0   0.4%   0.108 AU:3    +
   11    33  0   0.4%   0.609 UG:3    +
   11    34  0   0.4%   0.693 UA:3    +
    2     6  0   0.4%   0.064 AU:3    +
   15    20  0   0.4%   0.098 UA:3    +
   18    24  0   0.4%   0.372 CG:3    +
    8    14  0   0.4%   0.124 CG:3    +
    7    15  0   0.3%   0.117 GU:3    +
   14    21  0   0.3%   0.120 GU:3    +
    4    10  0   0.3%   0.063 GC:3    +
    9    28  0   0.3%   0.262 UG:3    +
    8    12  0   0.2%   0.088 CG:3    +
    7    13  0   0.2%   0.105 GU:3    +
    5     9  0   0.2%   0.046 AU:3    +
    6    14  0   0.2%   0.091 UG:3    +
    4    11  0   0.2%   0.074 GU:3    +
    5    15  0   0.2%   0.056 AU:3    +
   19    23  0   0.2%   0.165 GU:3    +
    7    30  0   0.1%   0.242 GC:3    +
    1    12  0   0.1%   0.054 CG:3    +
    2    11  0   0.1%   0.046 AU:3    +
    3    32  0   0.1%   0.051 UA:3    +
    4    30  0   0.1%   0.062 GC:3    +
    4    31  0   0.1%   0.069 GU:3    +
    4     8  0   0.1%   0.021 GC:3    +
   16    21  0   0.1%   0.038 GU:3    +
    1    33  0   0.1%   0.080 CG:3    +
    3    33  0   0.1%   0.054 UG:3    +
   14    25  0   0.0%   0.371 GC:3    +
   15    24  0   0.0%   0.213 UG:3    +
    6    34  0   0.0%   0.049 UA:3    +
   16    30  0   0.0%   0.767 GC:3    +
   16    23  0   0.0%   0.147 GU:3    +
    3    34  0   0.0%   0.046 UA:3    +
   13    33  0   0.0%   0.670 UG:3    +
   11    24  0   0.0%   0.027 UG:3    +
   12    23  0   0.0%   0.057 GU:3    +
    6    12  0   0.0%   0.061 UG:3    +
    5    13  0   0.0%   0.048 AU:3    +
    6    32  0   0.0%   0.049 UA:3    +
    2    15  0   0.0%   0.062 AU:3    +
    3    14  0   0.0%   0.058 UG:3    +
   16    22  0   0.0%   0.012 GU:3    +
    4     9  0   0.0%   0.011 GU:3    +
    1    16  0   0.0%   0.067 CG:3    +
    6    16  0   0.0%   0.040 UG:3    +
    2     9  0   0.0%   0.024 AU:3    +
    4    13  0   0.0%   0.070 GU:3    +
   14    22  0   0.0%   0.084 GU:3    +
   13    26  0   0.0%   0.373 UG:3    +
    9    33  0   0.0%   0.315 UG:3    +
    3     7  0   0.0%   0.032 UG:3    +
   15    32  0   0.0%   0.736 UA:3    +
   13    20  0   0.0%   0.047 UA:3    +
   21    26  0   0.0%   0.710 UG:3    +
   12    21  0   0.0%   0.053 GU:3    +
    7    25  0   0.0%   0.067 GC:3    +
    8    24  0   0.0%   0.044 CG:3    +
   13    34  0   0.0%   0.731 UA:3    +
    7    31  0   0.0%   0.251 GU:3    +
    8    16  0   0.0%   0.045 CG:3    +
    7    11  0   0.0%   0.053 GU:3    +
    5    11  0   0.0%   0.037 AU:3    +
    6    33  0   0.0%   0.049 UG:3    +
    6    26  0   0.0%   0.038 UG:3    +
    2    31  0   0.0%   0.060 AU:3    +
    7    17  0   0.0%   0.066 GC:3    +
   14    18  0   0.0%   0.062 GC:3    +
   15    33  0   0.0%   0.719 UG:3    +
   22    26  0   0.0%   0.686 UG:3    +
   10    19  0   0.0%   0.019 CG:3    +
    9    20  0   0.0%   0.017 UA:3    +
   13    19  0   0.0%   0.046 UG:3    +
   11    28  0   0.0%   0.310 UG:3    +
    4    29  0   0.0%   0.041 GC:3    +
   10    14  0   0.0%   0.080 CG:3    +
   12    18  0   0.0%   0.052 GC:3    +
   15    19  0   0.0%   0.034 UG:3    +
   12    22  0   0.0%   0.052 GU:3    +
   11    19  0   0.0%   0.022 UG:3    +
   16    31  0   0.0%   0.682 GU:3    +
   10    16  0   0.0%   0.021 CG:3    +
   15    27  0   0.0%   0.395 UG:3    +
   29    33  0   0.0%   1.053 CG:3    +
    4    18  0   0.0%   0.040 GC:3    +
   10    28  0   0.0%   0.357 CG:3    +
   11    20  0   0.0%   0.022 UA:3    +
   11    27  0   0.0%   0.330 UG:3    +
   15    34  0   0.0%   0.779 UA:3    +
   12    17  0   0.0%   0.052 GC:3    +
    5    21  0   0.0%   0.029 AU:3    +
    1    24  0   0.0%   0.065 CG:3    +
    2    23  0   0.0%   0.059 AU:3    +
   10    24  0   0.0%   0.019 CG:3    +
    4    22  0   0.0%   0.040 GU:3    +
    9    14  0   0.0%   0.078 UG:3    +
    6    20  0   0.0%   0.037 UA:3    +
   18    28  0   0.0%   1.364 CG:3    +
    4    15  0   0.0%   0.042 GU:3    +
    3    19  0   0.0%   0.029 UG:3    +
    8    27  0   0.0%   0.043 CG:3    +
    9    26  0   0.0%   0.017 UG:3    +
   13    27  0   0.0%   0.372 UG:3    +
   23    32  0   0.0%   0.439 UA:3    +
   22    33  0   0.0%   0.280 UG:3    +
    4    25  0   0.0%   0.040 GC:3    +
   24    31  0   0.0%   0.604 GU:3    +
    6    28  0   0.0%   0.037 UG:3    +
    4    17  0   0.0%   0.040 GC:3    +
   25    33  0   0.0%   0.903 CG:3    +
........((((.(.(((........))))))))
