3 sequence; length of alignment 34
alifold output
   21    29  0  95.3%   0.146 GU:1    AU:2   
   20    30  0  95.3%   0.263 CG:3   
   22    28  0  95.1%   0.248 UA:3   
   23    27  0  92.1%   0.426 GC:3   
    6    12  0  89.2%   0.327 GC:3   
    3    16  0  84.0%   0.580 GC:3   
    5    13  0  83.7%   0.459 AU:3   
   19    31  0  83.4%   0.589 UA:3   
    2    17  1  80.7%   0.657 GC:2   
    7    11  0  67.5%   0.807 AU:3   
    4    15  0  52.3%   1.391 UG:2    UA:1   
    4    14  0  37.9%   1.111 UG:3    +
   11    31  0   3.4%   0.625 UA:3    +
   12    30  0   3.4%   0.468 CG:3    +
   10    32  0   3.4%   0.366 AU:3    +
   15    26  0   2.1%   0.629 GU:2    AU:1    +
    2    16  1   3.6%   0.375 GC:2    +
   14    27  0   2.9%   0.701 GC:3    +
    9    33  1   3.4%   0.369 GC:2    +
   13    28  0   2.8%   0.502 UA:3    +
   15    32  0   1.4%   0.768 GU:2    AU:1    +
   14    33  0   1.4%   0.801 GC:3    +
    9    13  0   0.2%   0.221 GU:2    AU:1    +
   13    21  0   0.0%   0.208 UG:1    UA:2    +
   15    19  0   0.0%   0.354 GU:2    AU:1    +
    1     9  0   0.0%   0.014 UG:1    UA:1    --:1    +
   21    32  0   0.0%   0.239 GU:1    AU:2    +
    9    29  0   0.0%   0.022 GU:2    AU:1    +
    1    15  0   0.0%   0.016 UG:1    UA:1    --:1    +
    9    18  0   0.0%   0.031 GU:2    AU:1    +
    9    22  0   0.0%   0.019 GU:2    AU:1    +
    4     9  0   0.0%   0.003 UG:2    UA:1    +
    9    19  0   0.0%   0.017 GU:2    AU:1    +
   15    22  0   0.0%   0.350 GU:2    AU:1    +
   11    15  0   0.0%   0.618 UG:2    UA:1    +
   21    26  0   0.0%   0.089 GU:1    AU:2    +
    9    32  0   0.0%   0.027 GU:2    AU:1    +
   11    21  0   0.0%   0.274 UG:1    UA:2    +
   15    29  0   0.0%   0.467 GU:2    AU:1    +
   17    23  0   0.9%   0.363 CG:3    +
   13    34  0   0.8%   0.415 UA:3    +
   16    23  0   0.8%   0.383 CG:3    +
    6    13  0   0.5%   0.341 GU:3    +
    8    14  0   0.3%   0.428 CG:3    +
    3    17  0   0.2%   0.380 GC:3    +
   18    31  0   0.2%   0.176 UA:3    +
    3    12  0   0.2%   0.049 GC:3    +
   15    24  1   0.6%   0.449 GC:2    +
   18    23  0   0.1%   0.123 UG:3    +
    6    33  0   0.1%   0.164 GC:3    +
    7    32  0   0.1%   0.295 AU:3    +
    6    17  0   0.1%   0.339 GC:3    +
    5    18  0   0.1%   0.179 AU:3    +
    4    10  0   0.1%   0.019 UA:3    +
    3    11  0   0.1%   0.021 GU:3    +
   18    34  0   0.1%   0.088 UA:3    +
    3     8  0   0.1%   0.018 GC:3    +
    7    13  0   0.1%   0.464 AU:3    +
   14    20  0   0.0%   0.400 GC:3    +
    1     6  0   0.0%   0.011 UG:2    --:1    +
    1     7  0   0.0%   0.013 UA:2    --:1    +
    3    24  0   0.0%   0.191 GC:3    +
    4    23  0   0.0%   0.721 UG:3    +
   14    24  0   0.0%   0.401 GC:3    +
   13    25  0   0.0%   0.212 UA:3    +
    5    22  0   0.0%   0.166 AU:3    +
   24    30  0   0.0%   0.210 CG:3    +
    5    11  0   0.0%   0.014 AU:3    +
    1    10  0   0.0%   0.017 UA:2    --:1    +
   22    31  0   0.0%   0.337 UA:3    +
    1    14  0   0.0%   0.018 UG:2    --:1    +
   10    26  0   0.0%   0.016 AU:3    +
   11    25  0   0.0%   0.280 UA:3    +
   25    29  0   0.0%   0.062 AU:3    +
    6    16  0   0.0%   0.403 GC:3    +
    6    20  0   0.0%   0.146 GC:3    +
   10    29  0   0.0%   0.018 AU:3    +
    7    19  0   0.0%   0.278 AU:3    +
   11    28  0   0.0%   0.281 UA:3    +
   12    23  0   0.0%   0.126 CG:3    +
   18    25  0   0.0%   0.033 UA:3    +
    8    30  0   0.0%   0.035 CG:3    +
    1     5  0   0.0%   0.003 UA:2    --:1    +
    3    32  0   0.0%   0.188 GU:3    +
   10    19  0   0.0%   0.013 AU:3    +
    4    31  0   0.0%   0.718 UA:3    +
   23    33  0   0.0%   0.358 GC:3    +
    6    11  0   0.0%   0.013 GU:3    +
   19    25  0   0.0%   0.014 UA:3    +
   25    32  0   0.0%   0.196 AU:3    +
   19    23  0   0.0%   0.099 UG:3    +
   19    30  0   0.0%   0.125 UG:3    +
    3    33  0   0.0%   0.189 GC:3    +
   22    34  0   0.0%   0.097 UA:3    +
   26    31  0   0.0%   0.368 UA:3    +
   17    30  0   0.0%   0.354 CG:3    +
    6    27  0   0.0%   0.144 GC:3    +
    7    26  0   0.0%   0.276 AU:3    +
    1    34  0   0.0%   0.016 UA:2    --:1    +
    3    18  0   0.0%   0.191 GU:3    +
    3    26  0   0.0%   0.186 GU:3    +
   14    26  0   0.0%   0.396 GU:3    +
    4    25  0   0.0%   0.716 UA:3    +
    8    23  0   0.0%   0.034 CG:3    +
   19    34  0   0.0%   0.202 UA:3    +
    3    20  0   0.0%   0.182 GC:3    +
    7    29  0   0.0%   0.275 AU:3    +
   10    18  0   0.0%   0.024 AU:3    +
    6    24  0   0.0%   0.145 GC:3    +
    7    22  0   0.0%   0.277 AU:3    +
    3    19  0   0.0%   0.182 GU:3    +
   14    32  0   0.0%   0.618 GU:3    +
   14    29  0   0.0%   0.498 GU:3    +
    7    18  0   0.0%   0.288 AU:3    +
    1    28  0   0.0%   0.015 UA:2    --:1    +
    4    34  0   0.0%   0.717 UA:3    +
    3    13  0   0.0%   0.030 GU:3    +
    5    29  0   0.0%   0.161 AU:3    +
    1    21  0   0.0%   0.015 UA:2    --:1    +
    6    19  0   0.0%   0.140 GU:3    +
   19    28  0   0.0%   0.107 UA:3    +
   23    32  0   0.0%   0.354 GU:3    +
   18    30  0   0.0%   0.142 UG:3    +
    1    31  0   0.0%   0.015 UA:2    --:1    +
   11    23  0   0.0%   0.277 UG:3    +
    4    28  0   0.0%   0.716 UA:3    +
   16    30  0   0.0%   0.422 CG:3    +
    3    29  0   0.0%   0.185 GU:3    +
    4    30  0   0.0%   0.716 UG:3    +
    6    18  0   0.0%   0.155 GU:3    +
   11    30  0   0.0%   0.279 UG:3    +
   23    29  0   0.0%   0.218 GU:3    +
   10    22  0   0.0%   0.012 AU:3    +
   14    18  0   0.0%   0.402 GU:3    +
    5    32  0   0.0%   0.162 AU:3    +
    3    27  0   0.0%   0.185 GC:3    +
   13    23  0   0.0%   0.206 UG:3    +
   14    22  0   0.0%   0.393 GU:3    +
   11    34  0   0.0%   0.393 UA:3    +
    1    25  0   0.0%   0.015 UA:2    --:1    +
    6    29  0   0.0%   0.143 GU:3    +
   14    19  0   0.0%   0.389 GU:3    +
   22    30  0   0.0%   0.215 UG:3    +
    6    32  0   0.0%   0.144 GU:3    +
   29    34  0   0.0%   0.094 UA:3    +
    5    19  0   0.0%   0.158 AU:3    +
    5    26  0   0.0%   0.161 AU:3    +
   18    28  0   0.0%   0.126 UA:3    +
    2    18  1   0.1%   0.339 GU:2    +
    2    13  1   0.1%   0.037 GU:2    +
    2     8  1   0.1%   0.016 GC:2    +
    2    12  1   0.1%   0.020 GC:2    +
   15    33  1   0.1%   0.721 GC:2    +
    8    15  1   0.1%   0.379 CG:2    +
   15    27  1   0.0%   0.573 GC:2    +
    9    27  1   0.0%   0.022 GC:2    +
    2    33  1   0.0%   0.325 GC:2    +
    9    20  1   0.0%   0.020 GC:2    +
    9    17  1   0.0%   0.208 GC:2    +
    9    16  1   0.0%   0.282 GC:2    +
    2    27  1   0.0%   0.322 GC:2    +
    2    11  1   0.0%   0.006 GU:2    +
    2    20  1   0.0%   0.321 GC:2    +
    9    24  1   0.0%   0.019 GC:2    +
    2    19  1   0.0%   0.321 GU:2    +
   15    20  1   0.0%   0.353 GC:2    +
    2    24  1   0.0%   0.321 GC:2    +
    2    32  1   0.0%   0.321 GU:2    +
.((((((...))).))).(((((...)))))...
