3 sequence; length of alignment 68
alifold output
    4    22  0 100.0%   0.000 CG:3   
    5    21  0 100.0%   0.000 CG:3   
    8    18  0 100.0%   0.000 GC:3   
    3    23  0 100.0%   0.001 CG:3   
    9    17  0 100.0%   0.001 AU:3   
    6    20  0  99.9%   0.002 UA:3   
    7    19  0  99.9%   0.002 AU:3   
   10    16  0  99.9%   0.003 GC:3   
    2    24  0  99.7%   0.009 CG:3   
   51    66  0  96.4%   0.345 GC:3   
   53    64  0  96.4%   0.230 CG:3   
   52    65  0  96.4%   0.230 UA:3   
   50    67  0  96.1%   0.244 GC:3   
   54    63  0  95.8%   0.249 GU:3   
   36    45  0  94.7%   0.240 CG:3   
   35    46  0  94.6%   0.256 AU:3   
   34    47  0  94.3%   0.234 GC:3   
   55    62  0  93.6%   0.305 UA:3   
   37    44  0  84.3%   0.443 UA:3   
   11    15  0  75.6%   0.634 AU:3   
    1    25  0  75.1%   0.645 AU:3   
   47    64  0   3.5%   0.433 CG:3    +
   48    63  0   3.5%   0.407 AU:3    +
   49    62  0   3.5%   0.399 UA:3    +
   46    65  0   3.5%   0.405 UA:3    +
   50    61  0   3.5%   0.359 GU:3    +
   51    60  0   3.5%   0.361 GC:3    +
   45    66  0   3.4%   0.417 GC:3    +
   27    36  0   1.2%   0.229 GC:3    +
   28    35  0   1.2%   0.172 UA:3    +
   34    43  0   0.7%   0.122 GC:3    +
   27    33  0   0.6%   0.127 GC:3    +
   48    68  0   0.6%   0.272 AU:3    +
   35    42  0   0.6%   0.164 AU:3    +
   27    32  0   0.5%   0.085 GC:3    +
   28    48  0   0.5%   0.147 UA:3    +
   27    49  0   0.5%   0.206 GU:3    +
   29    47  0   0.5%   0.104 GC:3    +
    1    26  0   0.4%   0.284 AU:3    +
   30    48  0   0.3%   0.104 UA:3    +
   29    49  0   0.3%   0.137 GU:3    +
   57    61  0   0.2%   0.166 GU:3    +
   29    33  0   0.2%   0.069 GC:3    +
   32    45  0   0.2%   0.065 CG:3    +
   56    62  0   0.2%   0.213 UA:3    +
   29    36  0   0.1%   0.099 GC:3    +
   30    35  0   0.1%   0.085 UA:3    +
   38    44  0   0.1%   0.178 UA:3    +
   26    34  0   0.1%   0.045 UG:3    +
   27    43  0   0.1%   0.139 GC:3    +
   26    44  0   0.1%   0.051 UA:3    +
   25    35  0   0.1%   0.232 UA:3    +
   34    53  0   0.1%   0.113 GC:3    +
   35    52  0   0.1%   0.166 AU:3    +
   36    51  0   0.1%   0.134 CG:3    +
   33    54  0   0.1%   0.062 CG:3    +
   30    41  0   0.1%   0.026 UA:3    +
   31    48  0   0.1%   0.070 UA:3    +
   37    50  0   0.1%   0.161 UG:3    +
   31    40  0   0.1%   0.018 UA:3    +
   44    68  0   0.1%   0.178 AU:3    +
   29    58  0   0.1%   0.086 GC:3    +
   30    57  0   0.1%   0.048 UG:3    +
   29    42  0   0.1%   0.035 GU:3    +
   29    43  0   0.0%   0.044 GC:3    +
   24    36  0   0.0%   0.014 GC:3    +
   28    44  0   0.0%   0.074 UA:3    +
   45    67  0   0.0%   0.194 GC:3    +
   27    60  0   0.0%   0.161 GC:3    +
   33    45  0   0.0%   0.065 CG:3    +
   53    57  0   0.0%   0.017 CG:3    +
   54    58  0   0.0%   0.016 GC:3    +
    1    28  0   0.0%   0.243 AU:3    +
   26    40  0   0.0%   0.036 UA:3    +
   27    39  0   0.0%   0.121 GU:3    +
   39    44  0   0.0%   0.169 UA:3    +
   30    45  0   0.0%   0.019 UG:3    +
   26    48  0   0.0%   0.043 UA:3    +
   27    47  0   0.0%   0.129 GC:3    +
   51    58  0   0.0%   0.013 GC:3    +
   52    57  0   0.0%   0.013 UG:3    +
   30    40  0   0.0%   0.014 UA:3    +
   28    34  0   0.0%   0.012 UG:3    +
   39    48  0   0.0%   0.061 UA:3    +
   28    41  0   0.0%   0.061 UA:3    +
   31    44  0   0.0%   0.018 UA:3    +
   54    60  0   0.0%   0.130 GC:3    +
   32    50  0   0.0%   0.042 CG:3    +
   25    45  0   0.0%   0.224 UG:3    +
   50    59  0   0.0%   0.009 GU:3    +
   25    41  0   0.0%   0.223 UA:3    +
   27    31  0   0.0%   0.003 GU:3    +
   33    50  0   0.0%   0.050 CG:3    +
   27    42  0   0.0%   0.120 GU:3    +
   26    35  0   0.0%   0.038 UA:3    +
   37    41  0   0.0%   0.009 UA:3    +
    2    27  0   0.0%   0.005 CG:3    +
   29    39  0   0.0%   0.025 GU:3    +
   50    68  0   0.0%   0.202 GU:3    +
   28    40  0   0.0%   0.060 UA:3    +
   50    60  0   0.0%   0.011 GC:3    +
   37    45  0   0.0%   0.214 UG:3    +
   27    58  0   0.0%   0.155 GC:3    +
   28    57  0   0.0%   0.091 UG:3    +
   31    45  0   0.0%   0.010 UG:3    +
   44    49  0   0.0%   0.210 AU:3    +
   27    38  0   0.0%   0.118 GU:3    +
   41    68  0   0.0%   0.010 AU:3    +
   51    67  0   0.0%   0.202 GC:3    +
   24    32  0   0.0%   0.004 GC:3    +
   32    51  0   0.0%   0.041 CG:3    +
   29    56  0   0.0%   0.074 GU:3    +
   41    49  0   0.0%   0.054 AU:3    +
   42    48  0   0.0%   0.090 UA:3    +
   29    38  0   0.0%   0.023 GU:3    +
   31    41  0   0.0%   0.013 UA:3    +
   23    33  0   0.0%   0.001 GC:3    +
   34    39  0   0.0%   0.012 GU:3    +
   27    68  0   0.0%   0.157 GU:3    +
   43    50  0   0.0%   0.052 CG:3    +
   29    68  0   0.0%   0.079 GU:3    +
   54    59  0   0.0%   0.008 GU:3    +
   26    41  0   0.0%   0.034 UA:3    +
    2    23  0   0.0%   0.001 CG:3    +
   24    33  0   0.0%   0.004 GC:3    +
   38    45  0   0.0%   0.078 UG:3    +
   25    29  0   0.0%   0.216 UG:3    +
    1    30  0   0.0%   0.240 AU:3    +
   54    61  0   0.0%   0.126 GU:3    +
   23    37  0   0.0%   0.001 GU:3    +
   26    50  0   0.0%   0.041 UG:3    +
    1    68  0   0.0%   0.240 AU:3    +
   41    46  0   0.0%   0.061 AU:3    +
   30    34  0   0.0%   0.009 UG:3    +
   27    37  0   0.0%   0.117 GU:3    +
    3    22  0   0.0%   0.000 CG:3    +
   34    67  0   0.0%   0.104 GC:3    +
   31    50  0   0.0%   0.013 UG:3    +
   25    40  0   0.0%   0.221 UA:3    +
   27    63  0   0.0%   0.157 GU:3    +
   28    62  0   0.0%   0.091 UA:3    +
   26    62  0   0.0%   0.041 UA:3    +
   26    64  0   0.0%   0.041 UG:3    +
   51    59  0   0.0%   0.008 GU:3    +
   34    46  0   0.0%   0.044 GU:3    +
   27    67  0   0.0%   0.157 GC:3    +
   35    39  0   0.0%   0.071 AU:3    +
   25    65  0   0.0%   0.223 UA:3    +
   27    61  0   0.0%   0.157 GU:3    +
   30    44  0   0.0%   0.024 UA:3    +
   34    49  0   0.0%   0.144 GU:3    +
   29    67  0   0.0%   0.078 GC:3    +
   24    42  0   0.0%   0.007 GU:3    +
    3    24  0   0.0%   0.003 CG:3    +
    1    49  0   0.0%   0.240 AU:3    +
   40    49  0   0.0%   0.054 AU:3    +
   24    66  0   0.0%   0.007 GC:3    +
   29    37  0   0.0%   0.022 GU:3    +
   28    50  0   0.0%   0.090 UG:3    +
   34    38  0   0.0%   0.010 GU:3    +
    1    31  0   0.0%   0.240 AU:3    +
    2    29  0   0.0%   0.004 CG:3    +
    4    21  0   0.0%   0.000 CG:3    +
    4    23  0   0.0%   0.001 CG:3    +
   40    46  0   0.0%   0.061 AU:3    +
   57    63  0   0.0%   0.180 GU:3    +
   25    48  0   0.0%   0.223 UA:3    +
   34    42  0   0.0%   0.014 GU:3    +
   50    66  0   0.0%   0.241 GC:3    +
   60    64  0   0.0%   0.274 CG:3    +
   28    45  0   0.0%   0.063 UG:3    +
   42    51  0   0.0%   0.040 UG:3    +
   31    35  0   0.0%   0.070 UA:3    +
   55    65  0   0.0%   0.215 UA:3    +
   59    65  0   0.0%   0.154 UA:3    +
   25    34  0   0.0%   0.215 UG:3    +
   39    45  0   0.0%   0.073 UG:3    +
   56    64  0   0.0%   0.164 UG:3    +
   54    66  0   0.0%   0.200 GC:3    +
   29    61  0   0.0%   0.078 GU:3    +
   29    53  0   0.0%   0.073 GC:3    +
   41    52  0   0.0%   0.013 AU:3    +
    5    22  0   0.0%   0.000 CG:3    +
   24    31  0   0.0%   0.003 GU:3    +
   23    67  0   0.0%   0.001 GC:3    +
   29    66  0   0.0%   0.078 GC:3    +
   30    50  0   0.0%   0.036 UG:3    +
   26    45  0   0.0%   0.040 UG:3    +
   10    15  0   0.0%   0.000 GU:3    +
   35    55  0   0.0%   0.156 AU:3    +
   34    56  0   0.0%   0.104 GU:3    +
   36    54  0   0.0%   0.129 CG:3    +
   30    65  0   0.0%   0.040 UA:3    +
   33    57  0   0.0%   0.057 CG:3    +
   58    64  0   0.0%   0.160 CG:3    +
   29    60  0   0.0%   0.080 GC:3    +
   25    62  0   0.0%   0.223 UA:3    +
    9    15  0   0.0%   0.000 AU:3    +
   40    68  0   0.0%   0.009 AU:3    +
   31    64  0   0.0%   0.012 UG:3    +
   38    48  0   0.0%   0.062 UA:3    +
   27    66  0   0.0%   0.157 GC:3    +
   23    43  0   0.0%   0.001 GC:3    +
   28    65  0   0.0%   0.091 UA:3    +
    8    16  0   0.0%   0.000 GC:3    +
   27    59  0   0.0%   0.154 GU:3    +
   45    68  0   0.0%   0.193 GU:3    +
   29    46  0   0.0%   0.030 GU:3    +
   32    57  0   0.0%   0.045 CG:3    +
   23    32  0   0.0%   0.000 GC:3    +
   25    44  0   0.0%   0.222 UA:3    +
   28    54  0   0.0%   0.090 UG:3    +
   27    46  0   0.0%   0.126 GU:3    +
    6    21  0   0.0%   0.001 UG:3    +
    7    17  0   0.0%   0.000 AU:3    +
   22    33  0   0.0%   0.000 GC:3    +
   31    51  0   0.0%   0.012 UG:3    +
   32    64  0   0.0%   0.041 CG:3    +
   39    50  0   0.0%   0.011 UG:3    +
   38    50  0   0.0%   0.015 UG:3    +
   10    17  0   0.0%   0.002 GU:3    +
   32    54  0   0.0%   0.041 CG:3    +
   31    65  0   0.0%   0.012 UA:3    +
(((((((((((...)))))))))))........((((......))))..((((((......)))))).
