3 sequence; length of alignment 35
alifold output
   14    30  0  79.9%   0.617 GC:3   
   13    31  0  79.7%   0.934 GU:3   
   15    29  0  79.3%   0.660 UA:3   
   12    32  0  79.3%   0.930 AU:3   
   11    33  0  78.7%   1.008 UG:3   
   16    28  0  75.4%   0.756 UG:3   
   10    34  0  73.8%   0.795 UA:3   
    2     7  0  34.0%   1.123 CG:3    +
    9    35  0  34.0%   1.150 UG:3    +
    1     8  0  28.4%   1.083 UA:3    +
   13    19  0  17.3%   0.941 GC:1    GU:2    +
    6    26  0  17.8%   0.962 GC:3    +
    7    25  0  17.6%   1.326 GU:3    +
   12    20  0  17.5%   0.945 AU:3    +
    5    27  0  17.3%   0.952 CG:3    +
    8    24  0  17.1%   1.319 AU:3    +
   11    21  1  16.9%   0.943 UA:2    +
   18    25  0  10.1%   1.194 AU:3    +
    2    33  0   2.5%   0.739 CG:3    +
    1    34  0   2.2%   0.684 UA:3    +
   18    24  0   2.0%   0.632 AU:3    +
   17    25  0   2.0%   0.601 AU:3    +
   19    27  0   0.7%   0.782 CG:1    UG:2    +
   19    28  0   0.4%   0.724 CG:1    UG:2    +
    2    28  0   1.4%   0.583 CG:3    +
    1    29  0   1.1%   0.535 UA:3    +
   14    19  0   0.1%   0.343 GC:1    GU:2    +
    7    19  0   0.0%   0.378 GC:1    GU:2    +
   19    35  0   0.0%   0.747 CG:1    UG:2    +
   19    33  0   0.0%   0.669 CG:1    UG:2    +
    6    19  0   0.0%   0.015 GC:1    GU:2    +
    3    27  0   0.7%   0.127 UG:3    +
   20    27  0   0.6%   0.802 UG:3    +
    7    23  0   0.5%   0.462 GC:3    +
   26    33  0   0.5%   0.707 CG:3    +
    6    24  0   0.5%   0.093 GU:3    +
   13    23  0   0.5%   0.437 GC:3    +
   25    34  0   0.5%   1.057 UA:3    +
    3    12  0   0.4%   0.074 UA:3    +
    2    13  0   0.4%   0.451 CG:3    +
   17    24  0   0.4%   0.443 AU:3    +
   12    24  0   0.4%   0.728 AU:3    +
    4    11  0   0.4%   0.066 AU:3    +
    7    26  0   0.3%   1.073 GC:3    +
    8    25  0   0.3%   1.048 AU:3    +
   27    32  0   0.3%   0.685 GU:3    +
   16    27  0   0.3%   0.401 UG:3    +
   14    23  0   0.3%   0.147 GC:3    +
    5    28  0   0.3%   0.420 CG:3    +
    3    29  0   0.2%   0.160 UA:3    +
   13    24  0   0.2%   0.750 GU:3    +
    1    14  0   0.2%   0.410 UG:3    +
    2     6  0   0.2%   0.041 CG:3    +
   23    28  0   0.2%   0.444 CG:3    +
   12    25  0   0.2%   0.711 AU:3    +
   24    35  0   0.2%   0.878 UG:3    +
    9    34  0   0.1%   0.149 UA:3    +
    1     7  0   0.1%   0.029 UG:3    +
   10    28  0   0.1%   0.115 UG:3    +
    9    29  0   0.1%   0.113 UA:3    +
   11    27  0   0.1%   0.690 UG:3    +
   15    28  0   0.1%   0.139 UG:3    +
   10    33  0   0.1%   0.139 UG:3    +
    7    30  0   0.1%   0.754 GC:3    +
    5    14  0   0.1%   0.034 CG:3    +
    5    33  0   0.1%   0.439 CG:3    +
    6    32  0   0.1%   0.379 GU:3    +
   23    27  0   0.1%   0.518 CG:3    +
    6    31  0   0.1%   0.373 GU:3    +
    2    35  0   0.1%   0.573 CG:3    +
    4    15  0   0.1%   0.039 AU:3    +
    3    34  0   0.1%   0.182 UA:3    +
    7    31  0   0.1%   0.761 GU:3    +
    3    28  0   0.1%   0.134 UG:3    +
    6    30  0   0.1%   0.362 GC:3    +
   13    20  0   0.1%   0.646 GU:3    +
    4    32  0   0.0%   0.042 AU:3    +
    4    31  0   0.0%   0.039 AU:3    +
   10    17  0   0.0%   0.011 UA:3    +
    9    18  0   0.0%   0.012 UA:3    +
    9    27  0   0.0%   0.366 UG:3    +
   11    17  0   0.0%   0.035 UA:3    +
   11    34  0   0.0%   0.854 UA:3    +
   10    18  0   0.0%   0.016 UA:3    +
    5    35  0   0.0%   0.346 CG:3    +
   12    16  0   0.0%   0.033 AU:3    +
   17    32  0   0.0%   0.311 AU:3    +
   16    33  0   0.0%   0.538 UG:3    +
   23    35  0   0.0%   0.472 CG:3    +
    3    33  0   0.0%   0.179 UG:3    +
   18    31  0   0.0%   0.522 AU:3    +
   15    34  0   0.0%   0.550 UA:3    +
   10    27  0   0.0%   0.354 UG:3    +
   10    35  0   0.0%   0.630 UG:3    +
   30    35  0   0.0%   0.588 CG:3    +
   24    34  0   0.0%   0.800 UA:3    +
    9    28  0   0.0%   0.107 UG:3    +
   23    33  0   0.0%   0.390 CG:3    +
    3     8  0   0.0%   0.363 UA:3    +
   13    30  0   0.0%   0.389 GC:3    +
   16    29  0   0.0%   0.495 UA:3    +
   12    31  0   0.0%   0.385 AU:3    +
    7    20  0   0.0%   0.382 GU:3    +
   13    26  0   0.0%   0.700 GC:3    +
    8    15  0   0.0%   0.368 AU:3    +
    7    16  0   0.0%   0.380 GU:3    +
   14    25  0   0.0%   0.402 GU:3    +
   25    33  0   0.0%   0.955 UG:3    +
    9    14  0   0.0%   0.024 UG:3    +
   20    28  0   0.0%   0.676 UG:3    +
    1    33  0   0.0%   0.437 UG:3    +
    5    13  0   0.0%   0.027 CG:3    +
    1     6  0   0.0%   0.003 UG:3    +
    1    28  0   0.0%   0.385 UG:3    +
    2    27  0   0.0%   0.407 CG:3    +
   11    18  0   0.0%   0.034 UA:3    +
    3     7  0   0.0%   0.378 UG:3    +
    1    18  0   0.0%   0.384 UA:3    +
   14    20  0   0.0%   0.338 GU:3    +
    3    17  0   0.0%   0.028 UA:3    +
   10    29  0   0.0%   0.092 UA:3    +
   11    28  0   0.0%   0.424 UG:3    +
    6    23  0   0.0%   0.016 GC:3    +
   26    35  0   0.0%   0.743 CG:3    +
    4    25  0   0.0%   0.029 AU:3    +
    4     9  0   0.0%   0.001 AU:3    +
   20    29  0   0.0%   0.602 UA:3    +
    8    31  0   0.0%   0.722 AU:3    +
    4    16  0   0.0%   0.029 AU:3    +
    7    32  0   0.0%   0.752 GU:3    +
    2    14  0   0.0%   0.419 CG:3    +
    3    13  0   0.0%   0.051 UG:3    +
   14    26  0   0.0%   0.391 GC:3    +
   28    32  0   0.0%   0.561 GU:3    +
    1    35  0   0.0%   0.519 UG:3    +
    8    20  0   0.0%   0.364 AU:3    +
   15    27  0   0.0%   0.378 UG:3    +
    3    35  0   0.0%   0.094 UG:3    +
    6    10  0   0.0%   0.015 GU:3    +
    4    10  0   0.0%   0.001 AU:3    +
    9    33  0   0.0%   0.133 UG:3    +
    9    17  0   0.0%   0.002 UA:3    +
   24    28  0   0.0%   0.813 UG:3    +
    1    17  0   0.0%   0.382 UA:3    +
   20    33  0   0.0%   0.642 UG:3    +
   13    25  0   0.0%   0.707 GU:3    +
   27    31  0   0.0%   0.638 GU:3    +
   11    35  0   0.0%   0.903 UG:3    +
    6    25  0   0.0%   0.042 GU:3    +
    7    24  0   0.0%   0.433 GU:3    +
   24    33  0   0.0%   0.767 UG:3    +
   31    35  0   0.0%   0.591 UG:3    +
    6    20  0   0.0%   0.015 GU:3    +
    6    11  0   0.0%   0.036 GU:3    +
   14    24  0   0.0%   0.428 GU:3    +
   13    32  0   0.0%   0.750 GU:3    +
    8    32  0   0.0%   0.717 AU:3    +
    8    16  0   0.0%   0.362 AU:3    +
   16    34  0   0.0%   0.565 UA:3    +
   20    34  0   0.0%   0.670 UA:3    +
   18    32  0   0.0%   0.517 AU:3    +
    6    15  0   0.0%   0.020 GU:3    +
    7    11  0   0.0%   0.399 GU:3    +
    3    18  0   0.0%   0.028 UA:3    +
   24    29  0   0.0%   0.732 UA:3    +
   11    29  0   0.0%   0.408 UA:3    +
    4    20  0   0.0%   0.028 AU:3    +
   15    35  0   0.0%   0.598 UG:3    +
    4    24  0   0.0%   0.028 AU:3    +
    6    16  0   0.0%   0.015 GU:3    +
    7    15  0   0.0%   0.383 GU:3    +
    9    13  0   0.0%   0.025 UG:3    +
   25    29  0   0.0%   0.917 UA:3    +
   10    14  0   0.0%   0.022 UG:3    +
    8    22  1   0.5%   0.438 AU:2    +
   14    22  1   0.4%   0.120 GU:2    +
   15    21  1   0.4%   0.387 UA:2    +
    9    21  1   0.2%   0.047 UA:2    +
   21    25  1   0.1%   1.004 AU:2    +
   22    29  1   0.1%   0.333 UA:2    +
   12    19  1   0.0%   0.037 AU:2    +
   17    22  1   0.0%   0.064 AU:2    +
   22    27  1   0.0%   0.488 UG:2    +
   22    28  1   0.0%   0.393 UG:2    +
    8    19  1   0.0%   0.366 AU:2    +
   22    34  1   0.0%   0.393 UA:2    +
   10    21  1   0.0%   0.024 UA:2    +
   16    21  1   0.0%   0.343 UA:2    +
   18    22  1   0.0%   0.060 AU:2    +
    7    22  1   0.0%   0.380 GU:2    +
   12    22  1   0.0%   0.360 AU:2    +
   19    29  1   0.0%   0.629 UA:2    +
   13    22  1   0.0%   0.358 GU:2    +
   21    32  1   0.0%   0.542 AU:2    +
   19    34  1   0.0%   0.697 UA:2    +
    3    21  1   0.0%   0.027 UA:2    +
   22    35  1   0.0%   0.440 UG:2    +
.........(((((((...........))))))).
