3 sequence; length of alignment 34
alifold output
   11    18  0  54.4%   2.138 UA:3   
   10    19  0  54.3%   2.169 CG:3   
   12    17  0  54.0%   1.812 CG:3   
    9    20  0  51.6%   2.076 UA:3   
    2    29  0  36.6%   1.707 GC:3   
    3    28  0  36.6%   1.896 GC:3   
    5    21  0  29.7%   1.380 GC:3    +
    6    23  0  29.0%   1.422 UA:3   
    4    22  0  28.4%   1.384 AU:3    +
    5    24  0  26.8%   2.205 GU:3   
    6    20  0  23.4%   1.024 UA:3    +
   10    17  0  23.0%   1.468 CG:3    +
   11    16  0  19.3%   1.216 UA:3    +
    9    18  0  18.0%   1.385 UA:3    +
    7    19  0  17.2%   0.917 UG:3    +
    8    19  0  12.8%   1.358 UG:3    +
    2    25  0  12.0%   1.075 GC:3    +
    8    18  0  12.0%   0.777 UA:3    +
    4    11  0  11.4%   0.767 AU:3    +
    3    25  0  11.4%   1.504 GC:3    +
    3    12  0  11.4%   0.765 GC:3    +
    5    10  0  11.4%   0.755 GC:3    +
    4    24  0  10.9%   1.624 AU:3    +
    3    24  0   9.8%   0.981 GU:3    +
    2    13  0   9.7%   0.704 GU:3    +
    7    20  0   7.6%   1.234 UA:3    +
    9    17  0   6.7%   0.568 UG:3    +
    5    28  0   6.0%   2.017 GC:3    +
    6    27  0   5.9%   1.208 UA:3    +
    2    31  0   5.6%   1.459 GC:3    +
    1    32  0   5.1%   0.471 AU:3    +
    7    26  0   4.9%   0.990 UA:3    +
   15    30  0   4.0%   0.446 CG:3    +
   14    31  0   4.0%   0.611 GC:3    +
   17    25  0   2.7%   1.755 GC:3    +
   18    24  0   2.7%   2.129 AU:3    +
   12    19  0   2.7%   1.812 CG:3    +
   13    18  0   2.6%   1.454 UA:3    +
    5    25  0   2.5%   1.792 GC:3    +
   11    20  0   2.5%   2.070 UA:3    +
    8    23  0   1.2%   1.092 UA:3    +
   19    25  0   1.1%   1.846 GC:3    +
    3    29  0   1.0%   1.624 GC:3    +
    7    23  0   0.9%   0.990 UA:3    +
   17    28  0   0.9%   1.670 GC:3    +
   20    24  0   0.9%   2.041 AU:3    +
    2    28  0   0.8%   0.682 GC:3    +
    5    12  0   0.7%   0.602 GC:3    +
    4    13  0   0.7%   0.595 AU:3    +
    2    15  0   0.7%   0.344 GC:3    +
   17    29  0   0.7%   1.525 GC:3    +
   19    28  0   0.5%   1.754 GC:3    +
   19    31  0   0.4%   1.491 GC:3    +
   21    30  0   0.4%   0.599 CG:3    +
    5    31  0   0.4%   1.520 GC:3    +
   18    32  0   0.4%   1.351 AU:3    +
    6    30  0   0.4%   0.933 UG:3    +
    4    32  0   0.3%   1.119 AU:3    +
    3    31  0   0.3%   1.380 GC:3    +
    2    24  0   0.3%   0.346 GU:3    +
    2    32  0   0.3%   1.334 GU:3    +
    5    22  0   0.3%   1.063 GU:3    +
    8    26  0   0.2%   0.772 UA:3    +
    3    21  0   0.2%   0.304 GC:3    +
    2    22  0   0.2%   0.320 GU:3    +
    3    10  0   0.2%   0.039 GC:3    +
   17    31  0   0.2%   1.398 GC:3    +
   19    29  0   0.2%   1.562 GC:3    +
   16    32  0   0.2%   0.545 AU:3    +
    7    27  0   0.2%   0.890 UA:3    +
    4     9  0   0.1%   0.035 AU:3    +
    1    13  0   0.1%   0.026 AU:3    +
    8    20  0   0.1%   1.084 UA:3    +
   25    30  0   0.1%   0.940 CG:3    +
    2    11  0   0.1%   0.027 GU:3    +
   14    28  0   0.1%   0.609 GC:3    +
    2    12  0   0.1%   0.031 GC:3    +
    5    29  0   0.1%   1.705 GC:3    +
   10    14  0   0.1%   0.280 CG:3    +
   23    32  0   0.1%   0.693 AU:3    +
    9    16  0   0.1%   0.029 UA:3    +
    2    21  0   0.1%   0.292 GC:3    +
    9    23  0   0.1%   1.319 UA:3    +
    8    17  0   0.1%   0.019 UG:3    +
    1    22  0   0.1%   0.024 AU:3    +
   17    21  0   0.1%   1.252 GC:3    +
   22    33  0   0.1%   0.411 UA:3    +
   16    22  0   0.1%   0.726 AU:3    +
    7    18  0   0.1%   0.014 UA:3    +
    2    10  0   0.0%   0.011 GC:3    +
    3     9  0   0.0%   0.010 GU:3    +
   14    29  0   0.0%   0.448 GC:3    +
   14    21  0   0.0%   0.394 GC:3    +
    1    24  0   0.0%   0.023 AU:3    +
    4     8  0   0.0%   0.008 AU:3    +
    6    26  0   0.0%   0.711 UA:3    +
    6    19  0   0.0%   0.009 UG:3    +
    1    11  0   0.0%   0.007 AU:3    +
    3    22  0   0.0%   0.298 GU:3    +
   14    25  0   0.0%   0.611 GC:3    +
   26    32  0   0.0%   0.392 AU:3    +
    3    11  0   0.0%   0.028 GU:3    +
   27    32  0   0.0%   0.409 AU:3    +
    5    15  0   0.0%   0.319 GC:3    +
    6    14  0   0.0%   0.005 UG:3    +
   24    33  0   0.0%   0.991 UA:3    +
   23    34  0   0.0%   0.470 AU:3    +
   13    33  0   0.0%   0.369 UA:3    +
   15    19  0   0.0%   1.036 CG:3    +
    8    27  0   0.0%   0.778 UA:3    +
   22    27  0   0.0%   0.577 UA:3    +
   16    24  0   0.0%   1.172 AU:3    +
   13    26  0   0.0%   0.529 UA:3    +
    7    17  0   0.0%   0.003 UG:3    +
    6    18  0   0.0%   0.004 UA:3    +
   27    34  0   0.0%   0.187 AU:3    +
    8    16  0   0.0%   0.005 UA:3    +
   13    30  0   0.0%   0.387 UG:3    +
    3    15  0   0.0%   0.299 GC:3    +
   13    20  0   0.0%   1.342 UA:3    +
   16    34  0   0.0%   0.341 AU:3    +
   22    26  0   0.0%   0.560 UA:3    +
   17    22  0   0.0%   1.259 GU:3    +
    2    34  0   0.0%   1.152 GU:3    +
   11    17  0   0.0%   1.102 UG:3    +
    1    34  0   0.0%   0.170 AU:3    +
   30    34  0   0.0%   0.185 GU:3    +
   19    24  0   0.0%   1.939 GU:3    +
    9    19  0   0.0%   1.078 UG:3    +
   26    34  0   0.0%   0.170 AU:3    +
   24    30  0   0.0%   1.154 UG:3    +
   13    17  0   0.0%   1.127 UG:3    +
    9    26  0   0.0%   1.018 UA:3    +
    2     7  0   0.0%   0.001 GU:3    +
    3    32  0   0.0%   1.352 GU:3    +
   14    34  0   0.0%   0.154 GU:3    +
   19    32  0   0.0%   1.327 GU:3    +
    2     8  0   0.0%   0.002 GU:3    +
    1     8  0   0.0%   0.001 AU:3    +
    3     8  0   0.0%   0.001 GU:3    +
    3    34  0   0.0%   1.186 GU:3    +
   20    32  0   0.0%   1.237 AU:3    +
   17    34  0   0.0%   1.050 GU:3    +
   14    32  0   0.0%   0.340 GU:3    +
   22    30  0   0.0%   0.569 UG:3    +
    1     6  0   0.0%   0.001 AU:3    +
    3     7  0   0.0%   0.001 GU:3    +
    9    14  0   0.0%   0.015 UG:3    +
   14    22  0   0.0%   0.401 GU:3    +
   18    22  0   0.0%   1.391 AU:3    +
   17    32  0   0.0%   1.245 GU:3    +
    9    27  0   0.0%   1.034 UA:3    +
   14    24  0   0.0%   0.853 GU:3    +
    2     9  0   0.0%   0.001 GU:3    +
   17    24  0   0.0%   1.707 GU:3    +
   13    19  0   0.0%   1.361 UG:3    +
    8    14  0   0.0%   0.005 UG:3    +
   13    23  0   0.0%   0.823 UA:3    +
   12    30  0   0.0%   0.738 CG:3    +
    1     7  0   0.0%   0.001 AU:3    +
    2     6  0   0.0%   0.001 GU:3    +
   18    34  0   0.0%   1.115 AU:3    +
    6    33  0   0.0%   0.893 UA:3    +
    5    34  0   0.0%   1.301 GU:3    +
   13    27  0   0.0%   0.543 UA:3    +
    7    30  0   0.0%   0.723 UG:3    +
    1     9  0   0.0%   0.001 AU:3    +
    7    16  0   0.0%   0.001 UA:3    +
    5     9  0   0.0%   0.013 GU:3    +
    8    30  0   0.0%   0.619 UG:3    +
    6    17  0   0.0%   0.002 UG:3    +
   11    23  0   0.0%   1.459 UA:3    +
   11    33  0   0.0%   1.001 UA:3    +
   20    34  0   0.0%   1.021 AU:3    +
    7    14  0   0.0%   0.002 UG:3    +
    4    34  0   0.0%   0.914 AU:3    +
    3    13  0   0.0%   0.497 GU:3    +
    8    33  0   0.0%   0.599 UA:3    +
   10    30  0   0.0%   0.957 CG:3    +
   19    34  0   0.0%   1.111 GU:3    +
    5    32  0   0.0%   1.487 GU:3    +
.((.((..((((....))))..))...)).....
