3 sequence; length of alignment 42
alifold output
   15    23  0  72.0%   1.011 CG:3   
   14    24  0  71.9%   1.025 GC:3   
   16    22  0  69.9%   1.148 GU:3   
   17    21  0  67.0%   1.219 GC:3   
   10    28  0  62.1%   1.180 GC:3   
   11    27  0  61.8%   1.173 AU:3   
   34    40  0  44.5%   2.440 GC:3   
   35    39  0  44.0%   2.145 CG:3   
   33    41  0  42.1%   2.296 GU:3   
   32    42  0  24.3%   1.901 AU:3   
   27    34  0  13.9%   1.840 UG:3    +
   26    35  0  13.8%   1.377 GC:3    +
   28    33  0  13.8%   1.502 CG:3    +
    7    24  0  13.3%   0.861 GC:3    +
    8    23  0  13.3%   0.871 UG:3    +
    9    22  0  13.1%   0.831 AU:3    +
   10    21  0  13.0%   0.832 GC:3    +
    6    25  0  11.7%   0.781 UA:3    +
   33    40  0   8.5%   1.583 GC:3    +
   32    41  0   8.3%   1.227 AU:3    +
   15    39  0   7.9%   1.156 CG:3    +
   14    40  0   7.9%   1.115 GC:3    +
    4    36  0   7.5%   0.817 CG:3    +
   13    41  0   7.4%   0.856 GU:3    +
    3    37  0   7.4%   0.733 AU:3    +
   16    38  0   7.4%   1.279 GU:3    +
    2    38  0   6.6%   0.554 AU:3    +
   31    42  0   5.8%   0.725 AU:3    +
   17    37  0   5.5%   1.219 GU:3    +
    4    26  0   5.4%   0.507 CG:3    +
    7    35  0   5.3%   0.807 GC:3    +
    8    34  0   5.2%   1.195 UG:3    +
   21    33  0   4.9%   1.174 CG:3    +
    6    36  0   4.8%   1.146 UG:3    +
   22    32  0   4.8%   1.199 UA:3    +
    3    27  0   4.8%   0.442 AU:3    +
    6    34  0   4.8%   0.831 UG:3    +
   12    42  0   4.0%   0.685 GU:3    +
    8    32  0   4.0%   0.848 UA:3    +
    5    37  0   3.6%   0.565 AU:3    +
   24    39  0   2.8%   1.352 CG:3    +
   23    40  0   2.8%   1.250 GC:3    +
   12    19  0   2.8%   0.414 GU:3    +
   25    38  0   2.4%   1.083 AU:3    +
   13    28  0   2.4%   0.702 GC:3    +
   15    26  0   2.3%   0.686 CG:3    +
   14    27  0   2.3%   1.009 GU:3    +
    4    39  0   2.1%   0.675 CG:3    +
    7    40  0   2.1%   0.735 GC:3    +
    8    39  0   2.1%   1.039 UG:3    +
   11    19  0   2.0%   0.269 AU:3    +
    9    38  0   1.9%   0.770 AU:3    +
    8    30  0   1.5%   0.559 UA:3    +
   23    35  0   1.5%   0.924 GC:3    +
   24    34  0   1.5%   1.118 CG:3    +
    5    38  0   1.2%   0.473 AU:3    +
   10    37  0   1.2%   1.050 GU:3    +
   16    21  0   1.1%   0.528 GC:3    +
   12    21  0   1.0%   0.543 GC:3    +
   13    19  0   1.0%   0.361 GU:3    +
   22    36  0   1.0%   1.309 UG:3    +
   11    22  0   0.9%   0.484 AU:3    +
   24    36  0   0.8%   1.222 CG:3    +
   23    37  0   0.8%   1.314 GU:3    +
   29    38  0   0.7%   0.805 AU:3    +
   28    39  0   0.7%   1.321 CG:3    +
   21    36  0   0.7%   1.327 CG:3    +
   17    24  0   0.7%   0.911 GC:3    +
   20    37  0   0.6%   0.719 AU:3    +
    8    29  0   0.6%   0.434 UA:3    +
   30    37  0   0.6%   0.842 AU:3    +
   26    40  0   0.6%   1.083 GC:3    +
    6    32  0   0.6%   0.404 UA:3    +
    8    20  0   0.5%   0.117 UA:3    +
    7    21  0   0.5%   0.109 GC:3    +
    7    15  0   0.5%   0.081 GC:3    +
    9    19  0   0.5%   0.084 AU:3    +
    4    34  0   0.5%   0.288 CG:3    +
    8    14  0   0.5%   0.087 UG:3    +
   18    27  0   0.5%   0.645 AU:3    +
   17    28  0   0.5%   0.810 GC:3    +
   18    37  0   0.5%   0.673 AU:3    +
   25    41  0   0.5%   0.686 AU:3    +
   19    26  0   0.5%   0.578 UG:3    +
   12    28  0   0.4%   0.552 GC:3    +
    6    33  0   0.4%   0.431 UG:3    +
   19    36  0   0.4%   0.715 UG:3    +
   12    40  0   0.4%   0.381 GC:3    +
   11    41  0   0.4%   0.535 AU:3    +
   16    24  0   0.3%   0.891 GC:3    +
   12    35  0   0.3%   0.408 GC:3    +
   10    42  0   0.3%   0.715 GU:3    +
   15    36  0   0.3%   0.771 CG:3    +
   16    35  0   0.3%   0.593 GC:3    +
   13    27  0   0.3%   0.590 GU:3    +
    6    31  0   0.3%   0.350 UA:3    +
   14    37  0   0.3%   0.814 GU:3    +
    6    16  0   0.3%   0.060 UG:3    +
    4    33  0   0.3%   0.240 CG:3    +
   26    37  0   0.3%   1.260 GU:3    +
   15    34  0   0.2%   0.728 CG:3    +
   14    35  0   0.2%   0.589 GC:3    +
    7    28  0   0.2%   0.367 GC:3    +
   17    38  0   0.2%   1.075 GU:3    +
   24    33  0   0.2%   0.815 CG:3    +
    6    29  0   0.2%   0.320 UA:3    +
   13    21  0   0.2%   0.435 GC:3    +
   21    34  0   0.2%   1.205 CG:3    +
   22    33  0   0.2%   0.978 UG:3    +
   12    37  0   0.2%   0.623 GU:3    +
   13    38  0   0.2%   0.561 GU:3    +
    2    41  0   0.2%   0.223 AU:3    +
   12    22  0   0.2%   0.501 GU:3    +
    4    13  0   0.2%   0.046 CG:3    +
   23    28  0   0.1%   0.988 GC:3    +
   11    38  0   0.1%   0.776 AU:3    +
    3    41  0   0.1%   0.384 AU:3    +
   10    40  0   0.1%   0.736 GC:3    +
   27    31  0   0.1%   0.648 UA:3    +
   28    36  0   0.1%   1.265 CG:3    +
   22    29  0   0.1%   0.657 UA:3    +
   12    41  0   0.1%   0.325 GU:3    +
   17    40  0   0.1%   0.854 GC:3    +
   13    35  0   0.1%   0.389 GC:3    +
    8    31  0   0.1%   0.468 UA:3    +
    4    12  0   0.1%   0.032 CG:3    +
    9    41  0   0.1%   0.421 AU:3    +
   13    40  0   0.1%   0.343 GC:3    +
   15    33  0   0.1%   0.416 CG:3    +
    4    10  0   0.1%   0.023 CG:3    +
    1    42  0   0.1%   0.033 AU:3    +
   16    41  0   0.1%   0.827 GU:3    +
   25    37  0   0.1%   0.932 AU:3    +
   32    37  0   0.1%   1.043 AU:3    +
   31    38  0   0.1%   0.744 AU:3    +
    2    42  0   0.1%   0.229 AU:3    +
   18    22  0   0.1%   0.602 AU:3    +
   11    42  0   0.1%   0.518 AU:3    +
    4    17  0   0.1%   0.044 CG:3    +
   21    26  0   0.1%   0.963 CG:3    +
   20    27  0   0.1%   0.630 AU:3    +
   11    37  0   0.1%   0.810 AU:3    +
    1    38  0   0.1%   0.021 AU:3    +
    2    37  0   0.1%   0.022 AU:3    +
   27    39  0   0.1%   1.363 UG:3    +
    6    11  0   0.1%   0.018 UA:3    +
    6    30  0   0.1%   0.308 UA:3    +
   14    21  0   0.1%   0.397 GC:3    +
    9    27  0   0.1%   0.458 AU:3    +
   13    24  0   0.1%   0.361 GC:3    +
    3    38  0   0.1%   0.539 AU:3    +
   13    22  0   0.1%   0.409 GU:3    +
    5    42  0   0.1%   0.209 AU:3    +
   22    31  0   0.1%   0.635 UA:3    +
   30    42  0   0.1%   0.293 AU:3    +
   14    19  0   0.1%   0.293 GU:3    +
    5    22  0   0.0%   0.013 AU:3    +
   14    38  0   0.0%   0.745 GU:3    +
    4    23  0   0.0%   0.043 CG:3    +
    5    27  0   0.0%   0.161 AU:3    +
   21    39  0   0.0%   1.248 CG:3    +
   27    36  0   0.0%   1.387 UG:3    +
   10    24  0   0.0%   0.552 GC:3    +
   12    27  0   0.0%   0.628 GU:3    +
   28    34  0   0.0%   1.429 CG:3    +
   27    32  0   0.0%   0.914 UA:3    +
   10    38  0   0.0%   0.953 GU:3    +
   36    40  0   0.0%   1.548 GC:3    +
   19    32  0   0.0%   0.450 UA:3    +
   31    41  0   0.0%   0.344 AU:3    +
    8    33  0   0.0%   0.607 UG:3    +
   30    38  0   0.0%   0.787 AU:3    +
   33    42  0   0.0%   1.766 GU:3    +
   31    37  0   0.0%   0.757 AU:3    +
    1     8  0   0.0%   0.008 AU:3    +
    2     8  0   0.0%   0.009 AU:3    +
   10    15  0   0.0%   0.041 GC:3    +
    5    41  0   0.0%   0.206 AU:3    +
   29    42  0   0.0%   0.270 AU:3    +
    3     8  0   0.0%   0.009 AU:3    +
    1     6  0   0.0%   0.005 AU:3    +
    3    19  0   0.0%   0.007 AU:3    +
    2    27  0   0.0%   0.008 AU:3    +
    6    26  0   0.0%   0.440 UG:3    +
   20    38  0   0.0%   0.621 AU:3    +
   26    41  0   0.0%   0.885 GU:3    +
    2     6  0   0.0%   0.005 AU:3    +
   32    38  0   0.0%   1.008 AU:3    +
    1    37  0   0.0%   0.007 AU:3    +
   17    22  0   0.0%   0.857 GU:3    +
    6    13  0   0.0%   0.022 UG:3    +
    4    16  0   0.0%   0.029 CG:3    +
   30    41  0   0.0%   0.394 AU:3    +
    1    41  0   0.0%   0.013 AU:3    +
    7    19  0   0.0%   0.033 GU:3    +
    6    12  0   0.0%   0.019 UG:3    +
    8    18  0   0.0%   0.037 UA:3    +
   18    38  0   0.0%   0.612 AU:3    +
    6    18  0   0.0%   0.029 UA:3    +
    5    19  0   0.0%   0.005 AU:3    +
   19    39  0   0.0%   0.675 UG:3    +
   34    41  0   0.0%   1.916 GU:3    +
    6    20  0   0.0%   0.030 UA:3    +
   25    42  0   0.0%   0.551 AU:3    +
   22    30  0   0.0%   0.668 UA:3    +
    2    19  0   0.0%   0.005 AU:3    +
   29    37  0   0.0%   0.735 AU:3    +
   33    37  0   0.0%   1.218 GU:3    +
   12    24  0   0.0%   0.440 GC:3    +
   36    42  0   0.0%   1.209 GU:3    +
   19    23  0   0.0%   0.769 UG:3    +
   13    37  0   0.0%   0.586 GU:3    +
    8    13  0   0.0%   0.019 UG:3    +
   16    40  0   0.0%   0.870 GC:3    +
    9    42  0   0.0%   0.404 AU:3    +
   19    29  0   0.0%   0.328 UA:3    +
   14    22  0   0.0%   0.366 GU:3    +
   12    38  0   0.0%   0.555 GU:3    +
   10    27  0   0.0%   0.434 GU:3    +
    6    10  0   0.0%   0.012 UG:3    +
   10    35  0   0.0%   0.732 GC:3    +
    6    14  0   0.0%   0.012 UG:3    +
   13    42  0   0.0%   0.584 GU:3    +
   10    41  0   0.0%   0.670 GU:3    +
   17    35  0   0.0%   0.553 GC:3    +
   14    28  0   0.0%   0.787 GC:3    +
   33    38  0   0.0%   1.188 GU:3    +
    8    16  0   0.0%   0.051 UG:3    +
   34    38  0   0.0%   1.383 GU:3    +
    8    25  0   0.0%   0.583 UA:3    +
   36    41  0   0.0%   1.379 GU:3    +
    3    42  0   0.0%   0.370 AU:3    +
   27    33  0   0.0%   0.826 UG:3    +
    4    14  0   0.0%   0.027 CG:3    +
    8    12  0   0.0%   0.016 UG:3    +
   20    42  0   0.0%   0.242 AU:3    +
   18    41  0   0.0%   0.322 AU:3    +
   19    30  0   0.0%   0.354 UA:3    +
    7    42  0   0.0%   0.595 GU:3    +
   16    37  0   0.0%   0.763 GU:3    +
   17    42  0   0.0%   0.693 GU:3    +
   19    34  0   0.0%   0.627 UG:3    +
   29    41  0   0.0%   0.378 AU:3    +
   23    38  0   0.0%   1.173 GU:3    +
   19    33  0   0.0%   0.336 UG:3    +
    9    37  0   0.0%   0.617 AU:3    +
   16    28  0   0.0%   0.763 GC:3    +
   18    42  0   0.0%   0.235 AU:3    +
    1    19  0   0.0%   0.004 AU:3    +
   20    41  0   0.0%   0.329 AU:3    +
   19    25  0   0.0%   0.511 UA:3    +
    8    26  0   0.0%   0.489 UG:3    +
    2    22  0   0.0%   0.004 AU:3    +
   22    34  0   0.0%   1.110 UG:3    +
   26    42  0   0.0%   0.772 GU:3    +
   34    42  0   0.0%   1.745 GU:3    +
   19    31  0   0.0%   0.310 UA:3    +
    3    22  0   0.0%   0.004 AU:3    +
    1    22  0   0.0%   0.004 AU:3    +
   22    39  0   0.0%   1.170 UG:3    +
   23    27  0   0.0%   1.101 GU:3    +
    8    17  0   0.0%   0.040 UG:3    +
   10    22  0   0.0%   0.546 GU:3    +
   10    19  0   0.0%   0.041 GU:3    +
   17    27  0   0.0%   0.871 GU:3    +
    7    41  0   0.0%   0.597 GU:3    +
   17    41  0   0.0%   0.780 GU:3    +
    7    38  0   0.0%   0.736 GU:3    +
   16    42  0   0.0%   0.732 GU:3    +
    8    36  0   0.0%   1.057 UG:3    +
    1    27  0   0.0%   0.004 AU:3    +
    6    39  0   0.0%   0.742 UG:3    +
   14    41  0   0.0%   0.851 GU:3    +
    7    37  0   0.0%   0.813 GU:3    +
   14    42  0   0.0%   0.770 GU:3    +
    6    17  0   0.0%   0.033 UG:3    +
   22    26  0   0.0%   0.863 UG:3    +
    7    27  0   0.0%   0.474 GU:3    +
   26    38  0   0.0%   1.209 GU:3    +
   23    41  0   0.0%   0.982 GU:3    +
    7    22  0   0.0%   0.059 GU:3    +
    6    23  0   0.0%   0.032 UG:3    +
.........((..((((...))))..))...((((...))))
