3 sequence; length of alignment 34
alifold output
   14    25  0  98.6%   0.070 GC:3   
   13    26  0  98.6%   0.068 GC:3   
   15    24  0  97.8%   0.076 UA:3   
   12    27  0  96.4%   0.118 CG:3   
   10    33  0  18.5%   1.403 GC:2    UG:1    +
   11    32  1  18.3%   1.091 GC:2    +
    9    34  0  17.4%   1.426 GC:2    --:1    +
    4    10  0  15.2%   0.879 CG:2    AU:1    +
    5     9  0  15.0%   0.865 CG:3    +
    9    30  0   5.1%   0.763 GU:3    +
   10    32  0   0.5%   0.524 GC:2    UG:1    +
    5    11  0   1.3%   0.504 CG:3    +
    8    27  0   0.2%   0.036 CG:2    UG:1    +
    3    15  0   0.1%   0.017 GU:1    AU:2    +
    8    13  0   0.0%   0.017 CG:2    UG:1    +
    3    30  0   0.0%   0.008 GU:1    AU:2    +
    3    16  0   0.0%   0.010 GU:1    AU:2    +
    8    14  0   0.0%   0.015 CG:2    UG:1    +
    3    19  0   0.0%   0.006 GU:1    AU:2    +
   16    28  0   1.0%   0.162 UA:3    +
   17    27  0   1.0%   0.184 CG:3    +
   15    29  0   1.0%   0.168 UA:3    +
   14    30  0   1.0%   0.347 GU:3    +
    6    10  1   1.2%   0.484 CG:2    +
    1    10  0   0.3%   0.051 UG:2    --:1    +
   16    22  0   0.2%   0.053 UA:3    +
    9    26  0   0.2%   0.330 GC:3    +
   11    30  0   0.1%   0.296 GU:3    +
    6    11  0   0.1%   0.160 CG:3    +
    1     9  0   0.1%   0.017 UG:2    --:1    +
    5    13  0   0.1%   0.382 CG:3    +
   16    21  0   0.1%   0.021 UA:3    +
   18    23  0   0.1%   0.014 AU:3    +
    1    11  0   0.1%   0.033 UG:2    --:1    +
    6    13  0   0.0%   0.077 CG:3    +
    5    14  0   0.0%   0.387 CG:3    +
   15    22  0   0.0%   0.016 UA:3    +
    7    11  0   0.0%   0.101 CG:3    +
    9    32  1   0.5%   0.543 GC:2    +
    7    13  0   0.0%   0.019 CG:3    +
    6    14  0   0.0%   0.080 CG:3    +
   16    24  0   0.0%   0.050 UA:3    +
   14    23  0   0.0%   0.020 GU:3    +
    7    14  0   0.0%   0.022 CG:3    +
   15    21  0   0.0%   0.009 UA:3    +
   19    24  0   0.0%   0.028 UA:3    +
   14    20  0   0.0%   0.016 GU:3    +
   13    30  0   0.0%   0.214 GU:3    +
   11    25  0   0.0%   0.109 GC:3    +
   20    24  0   0.0%   0.028 UA:3    +
    7    27  0   0.0%   0.008 CG:3    +
   13    23  0   0.0%   0.015 GU:3    +
    1    31  0   0.0%   0.026 UA:2    --:1    +
   11    34  0   0.0%   0.721 GC:2    --:1    +
   13    20  0   0.0%   0.014 GU:3    +
    1    28  0   0.0%   0.026 UA:2    --:1    +
   19    29  0   0.0%   0.047 UA:3    +
   20    28  0   0.0%   0.048 UA:3    +
    6    27  0   0.0%   0.067 CG:3    +
   18    30  0   0.0%   0.233 AU:3    +
   13    25  0   0.0%   0.026 GC:3    +
   27    34  0   0.0%   0.399 GC:2    --:1    +
   15    31  0   0.0%   0.078 UA:3    +
   14    19  0   0.0%   0.014 GU:3    +
    9    17  0   0.0%   0.296 GC:3    +
   20    27  0   0.0%   0.095 UG:3    +
   19    28  0   0.0%   0.048 UA:3    +
    5    27  0   0.0%   0.375 CG:3    +
    1    13  0   0.0%   0.025 UG:2    --:1    +
   21    30  0   0.0%   0.235 AU:3    +
   11    26  0   0.0%   0.108 GC:3    +
   15    28  0   0.0%   0.032 UA:3    +
   20    31  0   0.0%   0.003 UA:3    +
   23    29  0   0.0%   0.052 UA:3    +
   22    30  0   0.0%   0.246 AU:3    +
   16    27  0   0.0%   0.072 UG:3    +
    1    29  0   0.0%   0.025 UA:2    --:1    +
   13    19  0   0.0%   0.014 GU:3    +
   24    30  0   0.0%   0.255 AU:3    +
    1    18  0   0.0%   0.025 UA:2    --:1    +
   23    31  0   0.0%   0.007 UA:3    +
   11    15  0   0.0%   0.101 GU:3    +
    1    21  0   0.0%   0.025 UA:2    --:1    +
   14    26  0   0.0%   0.056 GC:3    +
    9    25  0   0.0%   0.295 GC:3    +
   13    34  0   0.0%   0.334 GC:2    --:1    +
   11    23  0   0.0%   0.095 GU:3    +
   13    17  0   0.0%   0.014 GC:3    +
   11    17  0   0.0%   0.095 GC:3    +
   23    28  0   0.0%   0.052 UA:3    +
   20    29  0   0.0%   0.048 UA:3    +
    9    33  1   0.5%   0.563 GC:2    +
    5    10  1   0.5%   0.663 CG:2    +
    4    11  1   0.5%   0.371 CG:2    +
   10    30  1   0.4%   0.612 GU:2    +
   10    25  1   0.2%   0.414 GC:2    +
    4    14  1   0.1%   0.333 CG:2    +
    4     9  1   0.1%   0.019 CG:2    +
    2    16  1   0.0%   0.010 AU:2    +
   11    33  1   0.0%   0.755 GC:2    +
   10    26  1   0.0%   0.404 GC:2    +
    2    30  1   0.0%   0.004 AU:2    +
   27    32  1   0.0%   0.460 GC:2    +
   27    33  1   0.0%   0.432 GC:2    +
   14    32  1   0.0%   0.441 GC:2    +
   13    33  1   0.0%   0.368 GC:2    +
   13    32  1   0.0%   0.395 GC:2    +
   10    16  1   0.0%   0.383 GU:2    +
    4    13  1   0.0%   0.316 CG:2    +
    2    20  1   0.0%   0.004 AU:2    +
   10    17  1   0.0%   0.380 GC:2    +
    4    27  1   0.0%   0.322 CG:2    +
   14    33  1   0.0%   0.413 GC:2    +
...........((((........)))).......
