3 sequence; length of alignment 125
alifold output
   41    73  0  70.4%   1.548 GC:3   
   42    72  0  70.4%   1.381 GC:3   
   40    74  0  70.3%   1.347 GC:3   
   33    79  0  69.5%   1.127 CG:3   
   31    81  0  69.5%   1.165 CG:3   
   32    80  0  69.5%   1.100 UA:3   
   34    78  0  68.8%   1.341 AU:3   
   30    82  0  68.3%   1.166 CG:3   
   43    71  0  65.1%   1.487 UG:3   
   35    77  0  60.5%   1.501 UA:3   
   96   104  0  58.7%   2.346 CG:3   
   95   105  0  58.6%   2.525 UG:3   
   94   106  0  58.6%   2.314 GC:3   
   97   103  0  53.6%   2.092 GU:3   
   93   108  0  52.4%   1.993 GC:3   
   29    83  0  50.9%   1.584 UA:3   
   92   109  0  50.0%   1.610 UA:3   
    3   116  0  48.6%   1.084 CG:3   
    7   113  0  48.1%   1.128 AU:3   
    2   117  0  48.1%   1.086 CG:3   
    8   112  0  48.1%   1.144 CG:3   
   15   114  0  47.9%   1.645 CG:3    +
   12   117  0  47.9%   1.847 CG:3    +
   14   115  0  47.9%   1.697 AU:3    +
   13   116  0  47.9%   1.815 UG:3    +
    9   111  0  47.8%   1.147 CG:3   
    4   115  0  46.8%   1.139 AU:3   
    6   114  0  46.1%   1.230 CG:3   
   11   118  0  43.8%   1.442 UA:3    +
   16   113  0  41.5%   2.252 AU:3    +
   91   110  0  41.4%   1.812 UA:3   
   98   102  0  39.0%   2.028 AU:3   
   18    27  0  32.7%   1.138 CG:3   
   17   112  0  31.7%   2.377 UG:3    +
   19    26  0  31.3%   1.129 AU:3   
   18   111  0  30.6%   2.355 CG:3    +
   17    28  0  28.7%   1.116 UA:3   
   60    68  0  28.2%   1.624 GC:3   
   61    67  0  28.2%   1.640 CG:3   
   59    69  0  27.0%   1.627 UG:3   
   58    70  0  26.5%   1.221 AU:3   
   62    68  0  21.9%   1.670 GC:3    +
   63    67  0  21.6%   1.926 CG:3    +
   61    69  0  21.5%   2.342 CG:3    +
   60    70  0  21.0%   2.314 GU:3    +
   53    62  0  16.5%   1.473 CG:3    +
   52    63  0  16.5%   1.463 GC:3    +
   52    61  0  15.6%   1.151 GC:3    +
   53    60  0  15.4%   1.163 CG:3    +
   24    79  0  15.4%   0.902 CG:3    +
   22    81  0  15.4%   1.185 CG:3    +
   23    80  0  15.4%   1.136 UA:3    +
   21    82  0  15.3%   1.142 CG:3    +
   25    78  0  15.2%   1.168 AU:3    +
   26    77  0  15.1%   1.543 UA:3    +
   27    76  0  14.0%   1.650 GU:3    +
   86    95  0  13.6%   2.097 AU:3    +
   85    96  0  13.6%   1.758 GC:3    +
   22    41  0  13.5%   0.861 CG:3    +
   21    42  0  13.5%   0.818 CG:3    +
   53   105  0  13.3%   2.274 CG:3    +
   54   104  0  13.3%   1.943 CG:3    +
   52   106  0  13.3%   1.983 GC:3    +
   18    85  0  13.3%   1.275 CG:3    +
   27    36  0  13.2%   1.292 GU:3    +
   26    37  0  13.2%   1.220 UA:3    +
   20    43  0  13.1%   0.840 GU:3    +
   87    94  0  12.9%   2.237 UG:3    +
   23    40  0  12.8%   0.797 UG:3    +
   28    35  0  12.8%   1.207 AU:3    +
   17    86  0  12.8%   1.278 UA:3    +
   21    94  0  12.5%   1.422 CG:3    +
   22    93  0  12.5%   1.490 CG:3    +
   25    38  0  12.4%   0.825 AU:3    +
   88    93  0  12.4%   1.897 CG:3    +
   18    97  0  12.3%   1.483 CG:3    +
   17    98  0  12.3%   1.493 UA:3    +
   20    95  0  12.2%   1.185 GU:3    +
   28    75  0  12.1%   1.511 AU:3    +
   45    69  0  11.7%   0.934 CG:3    +
   21   105  0  11.3%   1.864 CG:3    +
   22   104  0  11.3%   1.972 CG:3    +
   20   106  0  11.3%   1.346 GC:3    +
   90   111  0  11.1%   2.340 UG:3    +
   37    76  0  11.0%   1.501 AU:3    +
   54    60  0  10.9%   1.308 CG:3    +
   16    99  0  10.9%   1.283 AU:3    +
   27    88  0  10.6%   1.818 GC:3    +
   28    87  0  10.6%   2.193 AU:3    +
   58    99  0  10.5%   1.578 AU:3    +
   89   112  0  10.4%   2.279 CG:3    +
   29    34  0  10.4%   0.970 UA:3    +
   16    87  0  10.3%   1.055 AU:3    +
   57   100  0  10.3%   1.161 UA:3    +
   16    29  0  10.1%   0.730 AU:3    +
   12   105  0  10.0%   0.901 CG:3    +
   13   104  0  10.0%   0.869 UG:3    +
   74    81  0   9.9%   1.639 CG:3    +
   55   103  0   9.8%   1.314 AU:3    +
   73    82  0   9.8%   1.669 CG:3    +
   66    90  0   9.8%   0.892 AU:3    +
   65    91  0   9.7%   0.701 AU:3    +
   67    89  0   9.7%   1.683 GC:3    +
   64    92  0   9.7%   0.792 AU:3    +
   14   103  0   9.5%   0.724 AU:3    +
   63    93  0   9.2%   1.859 CG:3    +
   19    44  0   9.1%   1.029 AU:3    +
   42    53  0   8.8%   1.118 GC:3    +
   59    98  0   8.8%   1.706 UA:3    +
   43    52  0   8.8%   1.061 UG:3    +
   41    54  0   8.5%   1.270 GC:3    +
   75    80  0   8.4%   1.592 UA:3    +
   57    71  0   8.3%   1.075 UG:3    +
    6   124  0   8.2%   1.182 CG:3    +
    7   123  0   7.9%   1.131 AU:3    +
   62    70  0   7.4%   1.974 GU:3    +
   63    69  0   7.4%   2.239 CG:3    +
   61    71  0   7.4%   2.172 CG:3    +
   55    59  0   7.3%   0.608 AU:3    +
   60    72  0   7.3%   2.092 GC:3    +
   89   111  0   7.0%   1.759 CG:3    +
   56   101  0   6.8%   0.805 AU:3    +
   44    51  0   6.7%   0.930 UA:3    +
   88   112  0   6.6%   2.087 CG:3    +
   90   110  0   6.1%   1.055 UA:3    +
   56   102  0   5.9%   0.916 AU:3    +
   26    86  0   5.8%   1.874 UA:3    +
   36    77  0   5.7%   1.430 UA:3    +
   25    87  0   5.1%   1.376 AU:3    +
   91   109  0   4.5%   0.851 UA:3    +
    9   119  0   4.2%   0.921 CG:3    +
  120   124  0   4.2%   0.884 CG:3    +
  119   125  0   4.2%   0.681 GC:3    +
   25   101  0   4.1%   1.270 AU:3    +
   26   100  0   4.1%   1.564 UA:3    +
   60    96  0   4.1%   1.889 GC:3    +
   69    88  0   4.1%   1.990 GC:3    +
   37    75  0   3.9%   1.008 AU:3    +
   70    86  0   3.9%   2.064 UA:3    +
   69    87  0   3.7%   2.320 GU:3    +
   55   102  0   3.3%   0.572 AU:3    +
   29    86  0   3.3%   1.801 UA:3    +
   72    85  0   3.2%   1.421 CG:3    +
   12    85  0   3.0%   0.336 CG:3    +
   11    86  0   2.9%   0.326 UA:3    +
   27    99  0   2.8%   1.958 GU:3    +
   13    84  0   2.8%   0.310 UA:3    +
    3   124  0   2.7%   0.693 CG:3    +
   11   107  0   2.7%   0.434 UA:3    +
   45    67  0   2.6%   0.358 CG:3    +
    4   123  0   2.6%   0.712 AU:3    +
   82    88  0   2.5%   1.547 GC:3    +
   81    89  0   2.5%   1.402 GC:3    +
   46    66  0   2.5%   0.344 UA:3    +
   10    87  0   2.5%   0.286 AU:3    +
   80    90  0   2.5%   1.395 AU:3    +
   25    90  0   2.4%   1.039 AU:3    +
    5   114  0   2.4%   0.339 UG:3    +
   48    67  0   2.2%   0.506 CG:3    +
   41    48  0   2.1%   0.625 GC:3    +
   40    49  0   2.1%   0.666 GC:3    +
   31    40  0   2.1%   0.533 CG:3    +
   37    57  0   2.1%   0.533 AU:3    +
   38    56  0   2.1%   0.532 UA:3    +
   83    87  0   1.9%   1.448 AU:3    +
   79    91  0   1.9%   1.104 GU:3    +
   61    97  0   1.9%   1.901 CG:3    +
   36    58  0   1.8%   0.501 UA:3    +
   30    41  0   1.8%   0.496 CG:3    +
   62    96  0   1.8%   1.251 GC:3    +
   40    54  0   1.7%   0.715 GC:3    +
   61    94  0   1.7%   1.736 CG:3    +
   41    53  0   1.7%   0.710 GC:3    +
    9    93  0   1.7%   0.209 CG:3    +
    8    94  0   1.7%   0.208 CG:3    +
   72    82  0   1.6%   1.282 CG:3    +
    7    95  0   1.6%   0.204 AU:3    +
   73    81  0   1.6%   1.031 CG:3    +
   10    92  0   1.6%   0.307 AU:3    +
    6    97  0   1.6%   0.199 CG:3    +
   59    97  0   1.6%   1.193 UG:3    +
   48    69  0   1.6%   0.690 CG:3    +
   47    70  0   1.6%   0.237 AU:3    +
    5    98  0   1.6%   0.197 UA:3    +
   43    51  0   1.5%   0.543 UA:3    +
   11   109  0   1.5%   0.427 UA:3    +
   49    67  0   1.4%   0.521 CG:3    +
   74    79  0   1.4%   1.023 CG:3    +
   29    42  0   1.4%   0.944 UG:3    +
   30    85  0   1.4%   0.958 CG:3    +
   59    71  0   1.3%   1.303 UG:3    +
   44    50  0   1.3%   0.437 UA:3    +
   60    95  0   1.2%   1.936 GU:3    +
   15   104  0   1.2%   0.485 CG:3    +
   45    52  0   1.1%   0.394 CG:3    +
    4    99  0   1.1%   0.157 AU:3    +
   28    43  0   1.1%   1.098 AU:3    +
   85    89  0   1.1%   1.144 GC:3    +
   46    51  0   1.1%   0.409 UA:3    +
   84    90  0   1.1%   0.745 AU:3    +
   22    27  0   1.0%   0.554 CG:3    +
  106   114  0   1.0%   1.884 CG:3    +
  107   113  0   1.0%   1.059 AU:3    +
  105   115  0   1.0%   2.108 GU:3    +
  108   112  0   1.0%   1.718 CG:3    +
  103   117  0   1.0%   1.868 UG:3    +
  102   118  0   1.0%   1.238 UA:3    +
   10   123  0   0.9%   0.645 AU:3    +
    9   124  0   0.9%   1.070 CG:3    +
   16   103  0   0.8%   1.123 AU:3    +
   89    93  0   0.8%   1.428 CG:3    +
   42    48  0   0.8%   0.561 GC:3    +
   88    94  0   0.8%   1.632 CG:3    +
   41    49  0   0.8%   0.655 GC:3    +
  114   120  0   0.7%   1.073 GC:3    +
   33    40  0   0.7%   0.520 CG:3    +
  113   121  0   0.7%   0.954 UA:3    +
  112   122  0   0.7%   1.353 GC:3    +
   62    95  0   0.7%   1.357 GU:3    +
   98   103  0   0.7%   1.959 AU:3    +
  115   119  0   0.6%   1.171 UG:3    +
   43    47  0   0.6%   0.417 UA:3    +
    8   119  0   0.6%   0.585 CG:3    +
   27    44  0   0.6%   1.085 GU:3    +
   63    94  0   0.6%   1.575 CG:3    +
  111   123  0   0.6%   1.641 GU:3    +
  101   119  0   0.5%   0.679 UG:3    +
   27    33  0   0.5%   0.546 GC:3    +
   24    85  0   0.5%   0.803 CG:3    +
   46    67  0   0.5%   0.339 UG:3    +
   52    72  0   0.5%   1.225 GC:3    +
   23    86  0   0.5%   1.025 UA:3    +
   53    71  0   0.5%   1.287 CG:3    +
   96   105  0   0.5%   2.063 CG:3    +
   15    27  0   0.5%   0.099 CG:3    +
   16    26  0   0.5%   0.083 AU:3    +
   26    34  0   0.5%   0.468 UA:3    +
    9   116  0   0.5%   0.884 CG:3    +
    8   117  0   0.4%   0.887 CG:3    +
   71   106  0   0.4%   1.452 GC:3    +
   70    85  0   0.4%   1.551 UG:3    +
   17    25  0   0.4%   0.076 UA:3    +
   72   105  0   0.4%   1.600 CG:3    +
   70   107  0   0.4%   1.313 UA:3    +
  104   108  0   0.4%   1.650 GC:3    +
    3   104  0   0.4%   0.073 CG:3    +
   69   108  0   0.4%   1.557 GC:3    +
  103   109  0   0.4%   1.533 UA:3    +
   74    93  0   0.4%   1.256 CG:3    +
    2   105  0   0.4%   0.072 CG:3    +
   73   104  0   0.4%   1.563 CG:3    +
   73    94  0   0.4%   1.143 CG:3    +
   10   115  0   0.4%   0.637 AU:3    +
   72    94  0   0.4%   1.206 CG:3    +
   28    32  0   0.4%   0.442 AU:3    +
   73    93  0   0.4%   1.220 CG:3    +
   12   104  0   0.4%   0.236 CG:3    +
   11   110  0   0.4%   0.368 UA:3    +
   83    91  0   0.4%   0.840 AU:3    +
   20    89  0   0.4%   0.379 GC:3    +
   25    35  0   0.4%   0.090 AU:3    +
   20    24  0   0.4%   0.079 GC:3    +
  102   110  0   0.4%   1.317 UA:3    +
   11   114  0   0.3%   0.859 UG:3    +
   23    84  0   0.3%   0.717 UA:3    +
   63    71  0   0.3%   1.690 CG:3    +
   22    85  0   0.3%   1.041 CG:3    +
   19    90  0   0.3%   0.658 AU:3    +
   62    72  0   0.3%   1.371 GC:3    +
   24    97  0   0.3%   0.746 CG:3    +
   23    98  0   0.3%   0.992 UA:3    +
   59   100  0   0.3%   1.342 UA:3    +
   40    73  0   0.3%   0.641 GC:3    +
   71    95  0   0.3%   1.326 GU:3    +
   27    39  0   0.3%   0.813 GC:3    +
   28    38  0   0.3%   0.975 AU:3    +
   11   105  0   0.3%   0.218 UG:3    +
   37    78  0   0.3%   1.338 AU:3    +
   31    41  0   0.3%   0.482 CG:3    +
   88    97  0   0.3%   1.351 CG:3    +
   33    82  0   0.3%   0.936 CG:3    +
   58   101  0   0.3%   1.072 AU:3    +
   30    42  0   0.3%   0.461 CG:3    +
   36    79  0   0.3%   1.107 UG:3    +
   32    83  0   0.3%   0.704 UA:3    +
    8   124  0   0.3%   0.878 CG:3    +
   24    40  0   0.3%   0.338 CG:3    +
    4   103  0   0.3%   0.107 AU:3    +
   87    98  0   0.3%   1.836 UA:3    +
   64    70  0   0.3%   1.004 AU:3    +
   38    77  0   0.3%   1.176 UA:3    +
   29    37  0   0.3%   0.794 UA:3    +
   60    99  0   0.3%   2.319 GU:3    +
   35    80  0   0.3%   1.197 UA:3    +
   27    45  0   0.3%   0.857 GC:3    +
   86    99  0   0.3%   1.833 AU:3    +
   46    71  0   0.3%   0.558 UG:3    +
   46    69  0   0.3%   0.499 UG:3    +
   32    41  0   0.2%   0.446 UG:3    +
  103   110  0   0.2%   1.574 UA:3    +
   31    42  0   0.2%   0.493 CG:3    +
   52    74  0   0.2%   1.204 GC:3    +
  100   113  0   0.2%   1.215 AU:3    +
   99   114  0   0.2%   1.616 UG:3    +
   12    27  0   0.2%   0.052 CG:3    +
   51    75  0   0.2%   0.739 AU:3    +
   98   115  0   0.2%   1.822 AU:3    +
  101   112  0   0.2%   1.583 UG:3    +
   96   117  0   0.2%   1.659 CG:3    +
  102   111  0   0.2%   1.921 UG:3    +
    9   104  0   0.2%   0.134 CG:3    +
   10   103  0   0.2%   0.233 AU:3    +
   28    44  0   0.2%   1.019 AU:3    +
   32    40  0   0.2%   0.434 UG:3    +
    8   105  0   0.2%   0.132 CG:3    +
   74    82  0   0.2%   1.472 CG:3    +
   29    98  0   0.2%   1.413 UA:3    +
   28    99  0   0.2%   1.689 AU:3    +
    7   115  0   0.2%   0.814 AU:3    +
   95   118  0   0.2%   1.469 UA:3    +
    6   116  0   0.2%   0.815 CG:3    +
   11    28  0   0.2%   0.044 UA:3    +
   75    81  0   0.2%   1.503 UG:3    +
   74    94  0   0.2%   1.145 CG:3    +
   75    93  0   0.2%   1.300 UG:3    +
   93   120  0   0.2%   1.342 GC:3    +
   14   101  0   0.2%   0.045 AU:3    +
    5   124  0   0.2%   0.317 UG:3    +
   50    76  0   0.2%   0.627 AU:3    +
   86   113  0   0.2%   1.890 AU:3    +
   20   120  0   0.2%   0.894 GC:3    +
   77    99  0   0.2%   1.500 AU:3    +
    8   114  0   0.2%   0.914 CG:3    +
   21   119  0   0.2%   1.300 CG:3    +
   92   121  0   0.2%   0.749 UA:3    +
   76   100  0   0.2%   0.996 UA:3    +
   10   113  0   0.2%   0.575 AU:3    +
   24   116  0   0.2%   1.158 CG:3    +
   25   115  0   0.2%   1.771 AU:3    +
   30    97  0   0.1%   0.800 CG:3    +
   12   111  0   0.1%   0.772 CG:3    +
   11   112  0   0.1%   0.711 UG:3    +
   26   114  0   0.1%   2.166 UG:3    +
   71    96  0   0.1%   1.102 GC:3    +
   34    59  0   0.1%   0.294 AU:3    +
   78    98  0   0.1%   1.196 UA:3    +
   40    72  0   0.1%   0.603 GC:3    +
   70    84  0   0.1%   1.143 UA:3    +
   12    20  0   0.1%   0.028 CG:3    +
   41    72  0   0.1%   0.815 GC:3    +
   13    19  0   0.1%   0.027 UA:3    +
    2   124  0   0.1%   0.412 CG:3    +
   52    68  0   0.1%   0.896 GC:3    +
   13   110  0   0.1%   0.405 UA:3    +
   53    67  0   0.1%   1.168 CG:3    +
   15   105  0   0.1%   0.403 CG:3    +
   33    71  0   0.1%   0.104 CG:3    +
    5   117  0   0.1%   0.541 UG:3    +
   77    92  0   0.1%   1.130 AU:3    +
   20    96  0   0.1%   0.624 GC:3    +
   76    80  0   0.1%   1.336 UA:3    +
  108   114  0   0.1%   1.389 CG:3    +
  107   115  0   0.1%   1.040 AU:3    +
   29    84  0   0.1%   1.047 UA:3    +
  106   116  0   0.1%   1.701 CG:3    +
   22   111  0   0.1%   1.891 CG:3    +
   21   112  0   0.1%   1.834 CG:3    +
   23   117  0   0.1%   1.410 UG:3    +
    6   119  0   0.1%   0.476 CG:3    +
   26    84  0   0.1%   1.116 UA:3    +
   92   107  0   0.1%   0.511 UA:3    +
   16   101  0   0.1%   0.777 AU:3    +
   44    69  0   0.1%   0.534 UG:3    +
   44    71  0   0.1%   0.832 UG:3    +
   35    58  0   0.1%   0.313 UA:3    +
   45    85  0   0.1%   0.929 CG:3    +
    9   114  0   0.1%   0.917 CG:3    +
   48    82  0   0.1%   0.868 CG:3    +
   86    91  0   0.1%   1.192 AU:3    +
   49    81  0   0.1%   0.757 CG:3    +
   25    91  0   0.1%   0.865 AU:3    +
   46    84  0   0.1%   0.376 UA:3    +
   58    76  0   0.1%   0.995 AU:3    +
   57    77  0   0.1%   1.099 UA:3    +
   76    93  0   0.1%   1.220 UG:3    +
   15    20  0   0.1%   0.031 CG:3    +
   45   117  0   0.1%   1.213 CG:3    +
   85    90  0   0.1%   1.197 GU:3    +
    3   119  0   0.1%   0.409 CG:3    +
   44   118  0   0.1%   0.919 UA:3    +
   50    59  0   0.1%   0.100 AU:3    +
   43   119  0   0.1%   1.134 UG:3    +
   84    91  0   0.1%   0.573 AU:3    +
   42   120  0   0.1%   0.912 GC:3    +
   23   110  0   0.1%   0.682 UA:3    +
   46   116  0   0.1%   1.004 UG:3    +
   25    99  0   0.1%   1.169 AU:3    +
   26    98  0   0.1%   1.520 UA:3    +
   27    96  0   0.1%   1.374 GC:3    +
   51    57  0   0.1%   0.407 AU:3    +
   10    29  0   0.1%   0.025 AU:3    +
   28    95  0   0.1%   1.588 AU:3    +
   56    78  0   0.1%   0.680 AU:3    +
   49    60  0   0.1%   0.146 CG:3    +
   18    93  0   0.1%   0.727 CG:3    +
   19    92  0   0.1%   0.707 AU:3    +
   47   115  0   0.1%   0.879 AU:3    +
   85    91  0   0.1%   1.065 GU:3    +
   75    84  0   0.1%   0.801 UA:3    +
   41    74  0   0.1%   1.301 GC:3    +
   25    92  0   0.1%   0.939 AU:3    +
   24    93  0   0.1%   0.713 CG:3    +
   33    60  0   0.1%   0.083 CG:3    +
   48   114  0   0.1%   1.166 CG:3    +
   74    85  0   0.1%   1.225 CG:3    +
  109   113  0   0.1%   1.417 AU:3    +
   34    70  0   0.1%   0.293 AU:3    +
   23   118  0   0.1%   1.028 UA:3    +
   42    73  0   0.1%   1.151 GC:3    +
   44    86  0   0.1%   1.211 UA:3    +
  106   124  0   0.1%   1.339 CG:3    +
   19   123  0   0.1%   0.983 AU:3    +
   20   113  0   0.1%   1.606 GU:3    +
   85    92  0   0.1%   1.064 GU:3    +
   41   122  0   0.1%   1.071 GC:3    +
   25   102  0   0.1%   1.010 AU:3    +
   40   123  0   0.1%   1.229 GU:3    +
   13   107  0   0.1%   0.463 UA:3    +
   18   124  0   0.1%   1.666 CG:3    +
   21    27  0   0.1%   0.423 CG:3    +
   24   117  0   0.1%   1.165 CG:3    +
   76    83  0   0.1%   0.937 UA:3    +
   20   122  0   0.1%   0.889 GC:3    +
    5   121  0   0.1%   0.187 UA:3    +
   22   119  0   0.1%   1.359 CG:3    +
   93   106  0   0.1%   1.504 GC:3    +
   39   124  0   0.1%   0.434 CG:3    +
   40    75  0   0.1%   1.250 GU:3    +
   79    96  0   0.1%   0.957 GC:3    +
   27    89  0   0.1%   1.377 GC:3    +
  105   125  0   0.1%   1.252 GC:3    +
   86    90  0   0.1%   1.317 AU:3    +
   20    91  0   0.1%   0.353 GU:3    +
   13   100  0   0.1%   0.129 UA:3    +
   54    93  0   0.1%   0.903 CG:3    +
   53    94  0   0.1%   1.276 CG:3    +
   80    95  0   0.1%   1.342 AU:3    +
   35    69  0   0.1%   0.313 UG:3    +
   55    92  0   0.1%   0.313 AU:3    +
   49   104  0   0.1%   0.812 CG:3    +
   48   105  0   0.1%   0.850 CG:3    +
   50   103  0   0.1%   0.403 AU:3    +
   83    92  0   0.1%   0.824 AU:3    +
   36    93  0   0.1%   0.894 UG:3    +
   52    95  0   0.1%   1.281 GU:3    +
   37    92  0   0.1%   0.856 AU:3    +
   75    94  0   0.1%   1.178 UG:3    +
   26    97  0   0.1%   1.512 UG:3    +
   82    92  0   0.1%   1.327 GU:3    +
   84    92  0   0.1%   0.569 AU:3    +
   35    94  0   0.1%   0.980 UG:3    +
   73    97  0   0.1%   1.146 CG:3    +
   48    52  0   0.1%   0.407 CG:3    +
   34    95  0   0.1%   0.889 AU:3    +
   68    85  0   0.1%   1.207 CG:3    +
   51   102  0   0.1%   0.353 AU:3    +
   60    74  0   0.1%   1.703 GC:3    +
   35    56  0   0.1%   0.299 UA:3    +
   36    55  0   0.1%   0.284 UA:3    +
  115   121  0   0.1%   0.932 UA:3    +
    3   117  0   0.1%   0.745 CG:3    +
  114   122  0   0.1%   1.029 GC:3    +
  116   120  0   0.1%   0.852 GC:3    +
   27   113  0   0.1%   2.210 GU:3    +
   26    85  0   0.0%   1.414 UG:3    +
   41    88  0   0.0%   1.292 GC:3    +
   40    89  0   0.0%   0.894 GC:3    +
   49   111  0   0.0%   0.959 CG:3    +
   48    62  0   0.0%   0.136 CG:3    +
   12    97  0   0.0%   0.207 CG:3    +
   11    98  0   0.0%   0.198 UA:3    +
   11    16  0   0.0%   0.012 UA:3    +
   17   100  0   0.0%   0.926 UA:3    +
   48   112  0   0.0%   1.049 CG:3    +
   97   102  0   0.0%   0.865 GU:3    +
   41    89  0   0.0%   1.086 GC:3    +
   42    88  0   0.0%   1.132 GC:3    +
   42    87  0   0.0%   1.603 GU:3    +
   39    97  0   0.0%   0.399 CG:3    +
   38    98  0   0.0%   0.763 UA:3    +
   49   112  0   0.0%   0.970 CG:3    +
   34    57  0   0.0%   0.273 AU:3    +
   37    99  0   0.0%   1.192 AU:3    +
   10    99  0   0.0%   0.233 AU:3    +
   37    59  0   0.0%   0.387 AU:3    +
   38    51  0   0.0%   0.293 UA:3    +
   89   124  0   0.0%   1.278 CG:3    +
   19    46  0   0.0%   0.606 AU:3    +
   10    17  0   0.0%   0.011 AU:3    +
    3   111  0   0.0%   0.036 CG:3    +
    2   112  0   0.0%   0.035 CG:3    +
   40    96  0   0.0%   0.888 GC:3    +
   30    40  0   0.0%   0.295 CG:3    +
   14    99  0   0.0%   0.070 AU:3    +
   31    71  0   0.0%   0.128 CG:3    +
   78   100  0   0.0%   1.008 UA:3    +
   40    90  0   0.0%   0.983 GU:3    +
   46    50  0   0.0%   0.077 UA:3    +
   51    59  0   0.0%   0.335 AU:3    +
   97   106  0   0.0%   1.755 GC:3    +
   38    58  0   0.0%   0.457 UA:3    +
   23    94  0   0.0%   0.950 UG:3    +
   36   100  0   0.0%   0.686 UA:3    +
   45    71  0   0.0%   0.732 CG:3    +
   14   102  0   0.0%   0.031 AU:3    +
  107   123  0   0.0%   0.559 AU:3    +
    2   119  0   0.0%   0.391 CG:3    +
   77   101  0   0.0%   1.169 AU:3    +
  118   123  0   0.0%   0.835 AU:3    +
   87   114  0   0.0%   2.075 UG:3    +
   74    97  0   0.0%   1.147 CG:3    +
   86   115  0   0.0%   1.889 AU:3    +
    1   113  0   0.0%   0.010 AU:3    +
   60    73  0   0.0%   1.700 GC:3    +
   26    40  0   0.0%   0.975 UG:3    +
  117   122  0   0.0%   0.891 GC:3    +
   29    94  0   0.0%   1.365 UG:3    +
   95   107  0   0.0%   1.197 UA:3    +
   20    45  0   0.0%   0.316 GC:3    +
   47   113  0   0.0%   0.855 AU:3    +
  108   124  0   0.0%   0.862 CG:3    +
   54    71  0   0.0%   0.886 CG:3    +
    6   117  0   0.0%   0.811 CG:3    +
   30    71  0   0.0%   0.102 CG:3    +
   88   114  0   0.0%   1.841 CG:3    +
   94   108  0   0.0%   1.514 GC:3    +
  116   123  0   0.0%   1.172 GU:3    +
    5   118  0   0.0%   0.175 UA:3    +
   27    87  0   0.0%   1.585 GU:3    +
   70    97  0   0.0%   1.652 UG:3    +
   78    97  0   0.0%   1.110 UG:3    +
   70    83  0   0.0%   1.341 UA:3    +
   18   112  0   0.0%   2.002 CG:3    +
   53   112  0   0.0%   1.943 CG:3    +
  115   124  0   0.0%   1.287 UG:3    +
   54   111  0   0.0%   1.557 CG:3    +
   39    52  0   0.0%   0.030 CG:3    +
   52   113  0   0.0%   1.952 GU:3    +
   88   111  0   0.0%   1.544 CG:3    +
   46    55  0   0.0%   0.077 UA:3    +
  114   125  0   0.0%   0.986 GC:3    +
   49    93  0   0.0%   0.562 CG:3    +
   25   103  0   0.0%   1.296 AU:3    +
   79    92  0   0.0%   1.045 GU:3    +
   64   103  0   0.0%   0.784 AU:3    +
   57    98  0   0.0%   0.690 UA:3    +
   23    41  0   0.0%   0.548 UG:3    +
   60   106  0   0.0%   2.150 GC:3    +
   61   105  0   0.0%   2.144 CG:3    +
   65   102  0   0.0%   0.536 AU:3    +
   63   104  0   0.0%   1.965 CG:3    +
   48    94  0   0.0%   0.641 CG:3    +
   79    99  0   0.0%   1.409 GU:3    +
   15    93  0   0.0%   0.113 CG:3    +
   56    75  0   0.0%   0.500 AU:3    +
   20    88  0   0.0%   0.319 GC:3    +
   66   101  0   0.0%   0.684 AU:3    +
   50    92  0   0.0%   0.183 AU:3    +
   83    99  0   0.0%   1.174 AU:3    +
   54    79  0   0.0%   1.097 CG:3    +
   52    70  0   0.0%   0.957 GU:3    +
   17    94  0   0.0%   0.728 UG:3    +
   29    97  0   0.0%   1.380 UG:3    +
   22    42  0   0.0%   0.596 CG:3    +
   47    95  0   0.0%   0.449 AU:3    +
   24   104  0   0.0%   0.976 CG:3    +
   43    86  0   0.0%   1.587 UA:3    +
   53    69  0   0.0%   1.233 CG:3    +
   80   102  0   0.0%   1.184 AU:3    +
   20   108  0   0.0%   0.861 GC:3    +
   56    76  0   0.0%   0.631 AU:3    +
   87   112  0   0.0%   1.967 UG:3    +
   79   103  0   0.0%   1.259 GU:3    +
   16    95  0   0.0%   0.574 AU:3    +
   49    79  0   0.0%   0.756 CG:3    +
   55    70  0   0.0%   0.283 AU:3    +
   81   101  0   0.0%   1.325 GU:3    +
   59   107  0   0.0%   1.037 UA:3    +
   89    94  0   0.0%   1.274 CG:3    +
   26   107  0   0.0%   1.402 UA:3    +
   55    76  0   0.0%   0.741 AU:3    +
   16    92  0   0.0%   0.571 AU:3    +
   80    91  0   0.0%   1.196 AU:3    +
   56    91  0   0.0%   0.122 AU:3    +
   27   106  0   0.0%   1.708 GC:3    +
   50    57  0   0.0%   0.158 AU:3    +
   19    23  0   0.0%   0.016 AU:3    +
   50    78  0   0.0%   0.654 AU:3    +
   56    70  0   0.0%   0.170 AU:3    +
   79    88  0   0.0%   1.013 GC:3    +
   80    87  0   0.0%   1.626 AU:3    +
   86    92  0   0.0%   1.176 AU:3    +
   55    78  0   0.0%   0.778 AU:3    +
   83    90  0   0.0%   0.892 AU:3    +
   14    90  0   0.0%   0.008 AU:3    +
   54    62  0   0.0%   0.832 CG:3    +
   31   104  0   0.0%   0.970 CG:3    +
   39    71  0   0.0%   0.043 CG:3    +
   30   105  0   0.0%   0.978 CG:3    +
   82    89  0   0.0%   1.338 GC:3    +
   92   110  0   0.0%   1.291 UA:3    +
   12   114  0   0.0%   0.885 CG:3    +
   52    57  0   0.0%   0.379 GU:3    +
   22   117  0   0.0%   1.896 CG:3    +
   49    62  0   0.0%   0.136 CG:3    +
   47    57  0   0.0%   0.125 AU:3    +
   45    97  0   0.0%   0.802 CG:3    +
   18   104  0   0.0%   1.245 CG:3    +
   44    55  0   0.0%   0.512 UA:3    +
   46    58  0   0.0%   0.154 UA:3    +
   23   105  0   0.0%   1.178 UG:3    +
   69    96  0   0.0%   1.707 GC:3    +
   38    50  0   0.0%   0.286 UA:3    +
   72    81  0   0.0%   1.058 CG:3    +
   46    52  0   0.0%   0.337 UG:3    +
   19   103  0   0.0%   0.923 AU:3    +
  109   123  0   0.0%   0.943 AU:3    +
   81    90  0   0.0%   1.396 GU:3    +
   27   103  0   0.0%   1.757 GU:3    +
    3    93  0   0.0%   0.005 CG:3    +
   56    99  0   0.0%   0.529 AU:3    +
    2    94  0   0.0%   0.005 CG:3    +
    4    92  0   0.0%   0.006 AU:3    +
   75    79  0   0.0%   1.039 UG:3    +
   15   124  0   0.0%   0.841 CG:3    +
   20    53  0   0.0%   0.314 GC:3    +
   38    55  0   0.0%   0.294 UA:3    +
   21    52  0   0.0%   0.282 CG:3    +
   28   102  0   0.0%   1.276 AU:3    +
   12    93  0   0.0%   0.202 CG:3    +
   25    46  0   0.0%   0.316 AU:3    +
   51    91  0   0.0%   0.343 AU:3    +
   34    38  0   0.0%   0.543 AU:3    +
   84   102  0   0.0%   0.529 AU:3    +
   17   105  0   0.0%   1.213 UG:3    +
    8   116  0   0.0%   0.814 CG:3    +
   14   113  0   0.0%   0.617 AU:3    +
   84   101  0   0.0%   0.586 AU:3    +
   22    40  0   0.0%   0.052 CG:3    +
   28   101  0   0.0%   1.414 AU:3    +
   15   112  0   0.0%   0.470 CG:3    +
   68    97  0   0.0%   1.219 CG:3    +
   16   123  0   0.0%   1.498 AU:3    +
   77    95  0   0.0%   1.250 AU:3    +
   29    85  0   0.0%   1.332 UG:3    +
   78    94  0   0.0%   1.101 UG:3    +
   57    69  0   0.0%   0.451 UG:3    +
   89   104  0   0.0%   1.347 CG:3    +
   27   102  0   0.0%   1.468 GU:3    +
   21    41  0   0.0%   0.010 CG:3    +
   88   105  0   0.0%   1.641 CG:3    +
   52    78  0   0.0%   1.491 GU:3    +
   13   105  0   0.0%   0.637 UG:3    +
   33    94  0   0.0%   0.697 CG:3    +
   70    77  0   0.0%   1.751 UA:3    +
   43    56  0   0.0%   0.716 UA:3    +
   69    78  0   0.0%   1.805 GU:3    +
   23    28  0   0.0%   0.380 UA:3    +
   44    98  0   0.0%   0.898 UA:3    +
   74   104  0   0.0%   1.519 CG:3    +
   67    88  0   0.0%   1.219 GC:3    +
   42    49  0   0.0%   0.526 GC:3    +
   50    70  0   0.0%   0.148 AU:3    +
   30    93  0   0.0%   0.766 CG:3    +
   85   101  0   0.0%   1.345 GU:3    +
  102   109  0   0.0%   1.235 UA:3    +
   49    71  0   0.0%   0.517 CG:3    +
   28    36  0   0.0%   0.931 AU:3    +
   11   119  0   0.0%   0.904 UG:3    +
   77    90  0   0.0%   1.128 AU:3    +
   13   109  0   0.0%   0.421 UA:3    +
   68    79  0   0.0%   1.267 CG:3    +
   10    26  0   0.0%   0.008 AU:3    +
   72    97  0   0.0%   1.222 CG:3    +
  101   110  0   0.0%   0.948 UA:3    +
   13    28  0   0.0%   0.026 UA:3    +
   84    99  0   0.0%   0.914 AU:3    +
   16   102  0   0.0%   0.756 AU:3    +
    2   116  0   0.0%   0.032 CG:3    +
   38    52  0   0.0%   0.290 UG:3    +
   71    76  0   0.0%   1.377 GU:3    +
   11    25  0   0.0%   0.008 UA:3    +
   23    37  0   0.0%   0.008 UA:3    +
   52   101  0   0.0%   1.086 GU:3    +
   27   108  0   0.0%   1.463 GC:3    +
    6   111  0   0.0%   0.073 CG:3    +
   27    74  0   0.0%   0.826 GC:3    +
  110   123  0   0.0%   0.972 AU:3    +
    9    27  0   0.0%   0.004 CG:3    +
    4   113  0   0.0%   0.078 AU:3    +
    5   112  0   0.0%   0.074 UG:3    +
   19    43  0   0.0%   0.378 AU:3    +
    3   114  0   0.0%   0.032 CG:3    +
   85   102  0   0.0%   1.287 GU:3    +
   52    73  0   0.0%   1.181 GC:3    +
   90   109  0   0.0%   0.570 UA:3    +
   24   114  0   0.0%   1.225 CG:3    +
   26   109  0   0.0%   1.362 UA:3    +
   17   109  0   0.0%   0.981 UA:3    +
   46    65  0   0.0%   0.070 UA:3    +
    1    95  0   0.0%   0.003 AU:3    +
   27   101  0   0.0%   1.606 GU:3    +
   66    91  0   0.0%   0.569 AU:3    +
   22   116  0   0.0%   1.891 CG:3    +
   83   103  0   0.0%   1.020 AU:3    +
   19    95  0   0.0%   0.698 AU:3    +
  112   120  0   0.0%   1.265 GC:3    +
   21   117  0   0.0%   1.830 CG:3    +
   84   103  0   0.0%   0.763 AU:3    +
  113   119  0   0.0%   1.069 UG:3    +
    5    10  0   0.0%   0.003 UA:3    +
    1   123  0   0.0%   0.007 AU:3    +
   81    96  0   0.0%   1.196 GC:3    +
   20    44  0   0.0%   0.526 GU:3    +
   15    94  0   0.0%   0.109 CG:3    +
  111   122  0   0.0%   1.209 GC:3    +
   14    95  0   0.0%   0.076 AU:3    +
   86   101  0   0.0%   1.475 AU:3    +
   51    78  0   0.0%   0.890 AU:3    +
   67    74  0   0.0%   1.243 GC:3    +
   32    37  0   0.0%   0.311 UA:3    +
   44    52  0   0.0%   0.723 UG:3    +
   66    75  0   0.0%   0.502 AU:3    +
   80   101  0   0.0%   1.238 AU:3    +
   83   102  0   0.0%   0.786 AU:3    +
   16    46  0   0.0%   0.264 AU:3    +
   13    50  0   0.0%   0.014 UA:3    +
   15    85  0   0.0%   0.140 CG:3    +
   52    59  0   0.0%   0.306 GU:3    +
   76    82  0   0.0%   1.440 UG:3    +
   40    70  0   0.0%   0.582 GU:3    +
   23    27  0   0.0%   0.465 UG:3    +
   82    95  0   0.0%   1.449 GU:3    +
   71    88  0   0.0%   1.213 GC:3    +
   55    75  0   0.0%   0.609 AU:3    +
   77    91  0   0.0%   1.029 AU:3    +
   93    99  0   0.0%   1.656 GU:3    +
   75    83  0   0.0%   0.999 UA:3    +
   42    68  0   0.0%   0.622 GC:3    +
   43    67  0   0.0%   0.632 UG:3    +
   16    23  0   0.0%   0.006 AU:3    +
   79   102  0   0.0%   1.020 GU:3    +
   78    93  0   0.0%   1.224 UG:3    +
   25    95  0   0.0%   1.181 AU:3    +
   26    94  0   0.0%   1.490 UG:3    +
   67    90  0   0.0%   1.542 GU:3    +
   14    91  0   0.0%   0.006 AU:3    +
   44    66  0   0.0%   0.506 UA:3    +
   65    92  0   0.0%   0.553 AU:3    +
   25   113  0   0.0%   1.736 AU:3    +
   65    76  0   0.0%   0.546 AU:3    +
   75    82  0   0.0%   1.515 UG:3    +
   43    50  0   0.0%   0.356 UA:3    +
   71    87  0   0.0%   1.679 GU:3    +
    5   119  0   0.0%   0.182 UG:3    +
   46    56  0   0.0%   0.153 UA:3    +
   95   104  0   0.0%   1.635 UG:3    +
   46   110  0   0.0%   0.267 UA:3    +
  101   111  0   0.0%   1.551 UG:3    +
   33    69  0   0.0%   0.073 CG:3    +
    6    85  0   0.0%   0.003 CG:3    +
   53    79  0   0.0%   1.472 CG:3    +
   42    57  0   0.0%   0.706 GU:3    +
   76    81  0   0.0%   1.415 UG:3    +
   20   102  0   0.0%   0.614 GU:3    +
   82    96  0   0.0%   1.226 GC:3    +
   92   100  0   0.0%   0.769 UA:3    +
   87   100  0   0.0%   1.618 UA:3    +
   14    46  0   0.0%   0.003 AU:3    +
    5    86  0   0.0%   0.004 UA:3    +
   99   121  0   0.0%   0.743 UA:3    +
   73   105  0   0.0%   1.495 CG:3    +
   13    51  0   0.0%   0.015 UA:3    +
   83    95  0   0.0%   0.941 AU:3    +
   44    85  0   0.0%   1.007 UG:3    +
   46   114  0   0.0%   1.080 UG:3    +
   13    47  0   0.0%   0.013 UA:3    +
   11   100  0   0.0%   0.127 UA:3    +
   17    47  0   0.0%   0.388 UA:3    +
   12   116  0   0.0%   0.789 CG:3    +
   20    87  0   0.0%   0.639 GU:3    +
   29   100  0   0.0%   1.178 UA:3    +
    8   111  0   0.0%   0.089 CG:3    +
   94   101  0   0.0%   1.194 GU:3    +
   73    79  0   0.0%   0.844 CG:3    +
   10   101  0   0.0%   0.177 AU:3    +
   89    97  0   0.0%   0.993 CG:3    +
   76    94  0   0.0%   1.088 UG:3    +
   31    82  0   0.0%   0.921 CG:3    +
   11    34  0   0.0%   0.020 UA:3    +
   36    60  0   0.0%   0.356 UG:3    +
   13    20  0   0.0%   0.020 UG:3    +
   28    92  0   0.0%   1.323 AU:3    +
   15   116  0   0.0%   1.198 CG:3    +
   84   115  0   0.0%   0.986 AU:3    +
   54    81  0   0.0%   1.082 CG:3    +
   95   100  0   0.0%   1.149 UA:3    +
   53    82  0   0.0%   1.486 CG:3    +
   97   108  0   0.0%   1.258 GC:3    +
   10    35  0   0.0%   0.014 AU:3    +
   36    51  0   0.0%   0.273 UA:3    +
   25    36  0   0.0%   0.048 AU:3    +
   58    75  0   0.0%   0.845 AU:3    +
   84   113  0   0.0%   0.973 AU:3    +
    4    87  0   0.0%   0.003 AU:3    +
   20    26  0   0.0%   0.430 GU:3    +
  105   120  0   0.0%   1.267 GC:3    +
   46    64  0   0.0%   0.068 UA:3    +
   12   112  0   0.0%   0.763 CG:3    +
  106   119  0   0.0%   1.161 CG:3    +
  116   122  0   0.0%   0.830 GC:3    +
   97   101  0   0.0%   0.915 GU:3    +
    4    11  0   0.0%   0.002 AU:3    +
  119   123  0   0.0%   0.666 GU:3    +
   16   115  0   0.0%   1.900 AU:3    +
   23   116  0   0.0%   1.384 UG:3    +
   12   119  0   0.0%   0.937 CG:3    +
   52    90  0   0.0%   1.041 GU:3    +
   26    83  0   0.0%   0.975 UA:3    +
   80    99  0   0.0%   1.566 AU:3    +
   27    75  0   0.0%   0.825 GU:3    +
   43    69  0   0.0%   0.637 UG:3    +
    6    27  0   0.0%   0.002 CG:3    +
   13   114  0   0.0%   0.854 UG:3    +
   44    56  0   0.0%   0.590 UA:3    +
   51    76  0   0.0%   0.854 AU:3    +
   28    90  0   0.0%   1.351 AU:3    +
   52    75  0   0.0%   1.325 GU:3    +
   15    97  0   0.0%   0.109 CG:3    +
   76    97  0   0.0%   1.092 UG:3    +
    9   112  0   0.0%   0.795 CG:3    +
   49   116  0   0.0%   0.979 CG:3    +
   32    71  0   0.0%   0.060 UG:3    +
   45   111  0   0.0%   1.171 CG:3    +
   28    76  0   0.0%   1.276 AU:3    +
   48   117  0   0.0%   1.073 CG:3    +
   48    71  0   0.0%   0.603 CG:3    +
   33    93  0   0.0%   0.701 CG:3    +
   42    54  0   0.0%   0.901 GC:3    +
   27    73  0   0.0%   0.823 GC:3    +
   13   111  0   0.0%   0.734 UG:3    +
   11   117  0   0.0%   0.747 UG:3    +
   75    98  0   0.0%   1.242 UA:3    +
    7    26  0   0.0%   0.002 AU:3    +
   20    90  0   0.0%   0.359 GU:3    +
   52    76  0   0.0%   1.453 GU:3    +
    5    28  0   0.0%   0.002 UA:3    +
   85   108  0   0.0%   1.007 GC:3    +
   34    92  0   0.0%   0.624 AU:3    +
   50   115  0   0.0%   0.856 AU:3    +
   33    97  0   0.0%   0.718 CG:3    +
   15    82  0   0.0%   0.034 CG:3    +
   21    93  0   0.0%   0.649 CG:3    +
   36    40  0   0.0%   0.691 UG:3    +
   85   113  0   0.0%   1.730 GU:3    +
   32    98  0   0.0%   0.690 UA:3    +
   23   100  0   0.0%   0.639 UA:3    +
   36    50  0   0.0%   0.273 UA:3    +
   12    52  0   0.0%   0.024 CG:3    +
  108   116  0   0.0%   1.221 CG:3    +
   92    97  0   0.0%   0.901 UG:3    +
   31    93  0   0.0%   0.721 CG:3    +
   30    94  0   0.0%   0.759 CG:3    +
   96   124  0   0.0%   1.263 CG:3    +
  104   120  0   0.0%   1.265 GC:3    +
   20    39  0   0.0%   0.040 GC:3    +
   54    67  0   0.0%   0.805 CG:3    +
   32    94  0   0.0%   0.667 UG:3    +
   93   102  0   0.0%   1.253 GU:3    +
   14    87  0   0.0%   0.094 AU:3    +
   69    74  0   0.0%   1.502 GC:3    +
   10    91  0   0.0%   0.105 AU:3    +
   17   114  0   0.0%   2.121 UG:3    +
   27    91  0   0.0%   1.360 GU:3    +
    6   112  0   0.0%   0.073 CG:3    +
   14    29  0   0.0%   0.008 AU:3    +
   13   118  0   0.0%   1.084 UA:3    +
  109   115  0   0.0%   1.418 AU:3    +
   49    69  0   0.0%   0.537 CG:3    +
   59    66  0   0.0%   0.309 UA:3    +
   35    40  0   0.0%   0.706 UG:3    +
    5    97  0   0.0%   0.004 UG:3    +
   97   123  0   0.0%   1.240 GU:3    +
   11   104  0   0.0%   0.164 UG:3    +
   34   102  0   0.0%   0.559 AU:3    +
   13    83  0   0.0%   0.014 UA:3    +
   72    79  0   0.0%   1.069 CG:3    +
    5   109  0   0.0%   0.069 UA:3    +
   92    98  0   0.0%   0.970 UA:3    +
   40    57  0   0.0%   0.659 GU:3    +
   20    29  0   0.0%   0.278 GU:3    +
   77   102  0   0.0%   1.107 AU:3    +
   88   117  0   0.0%   1.745 CG:3    +
   91    98  0   0.0%   0.981 UA:3    +
   35    51  0   0.0%   0.287 UA:3    +
    3    97  0   0.0%   0.003 CG:3    +
   33   104  0   0.0%   0.949 CG:3    +
   48    81  0   0.0%   0.822 CG:3    +
   22   105  0   0.0%   1.680 CG:3    +
   46   107  0   0.0%   0.332 UA:3    +
   44    67  0   0.0%   0.506 UG:3    +
   28    91  0   0.0%   1.253 AU:3    +
  103   121  0   0.0%   1.011 UA:3    +
   34   103  0   0.0%   0.845 AU:3    +
   35    52  0   0.0%   0.289 UG:3    +
   26    47  0   0.0%   0.689 UA:3    +
   79    90  0   0.0%   0.977 GU:3    +
   14    23  0   0.0%   0.001 AU:3    +
   54    69  0   0.0%   0.875 CG:3    +
  101   118  0   0.0%   0.776 UA:3    +
   17    83  0   0.0%   0.388 UA:3    +
   11   121  0   0.0%   0.723 UA:3    +
   22    94  0   0.0%   1.224 CG:3    +
   27    92  0   0.0%   1.430 GU:3    +
   21   124  0   0.0%   1.484 CG:3    +
   20   125  0   0.0%   0.879 GC:3    +
   14    26  0   0.0%   0.003 AU:3    +
   75   100  0   0.0%   1.053 UA:3    +
   46   118  0   0.0%   0.613 UA:3    +
   59    77  0   0.0%   1.405 UA:3    +
   87   118  0   0.0%   1.590 UA:3    +
   45   119  0   0.0%   0.647 CG:3    +
   17   110  0   0.0%   0.947 UA:3    +
   35    55  0   0.0%   0.287 UA:3    +
   11    20  0   0.0%   0.005 UG:3    +
    4    29  0   0.0%   0.001 AU:3    +
   21    85  0   0.0%   0.941 CG:3    +
   89   116  0   0.0%   1.636 CG:3    +
   17   111  0   0.0%   1.285 UG:3    +
  102   117  0   0.0%   1.497 UG:3    +
   45    79  0   0.0%   0.980 CG:3    +
   58    78  0   0.0%   1.021 AU:3    +
   20    49  0   0.0%   0.311 GC:3    +
  106   111  0   0.0%   2.059 CG:3    +
   56   103  0   0.0%   0.985 AU:3    +
   33    81  0   0.0%   0.875 CG:3    +
   99   105  0   0.0%   1.900 UG:3    +
   52    96  0   0.0%   0.947 GC:3    +
   19    91  0   0.0%   0.619 AU:3    +
   36    56  0   0.0%   0.280 UA:3    +
   11    19  0   0.0%   0.005 UA:3    +
   40    76  0   0.0%   1.375 GU:3    +
   15   111  0   0.0%   0.468 CG:3    +
   34   101  0   0.0%   0.698 AU:3    +
   87   110  0   0.0%   1.246 UA:3    +
   23    93  0   0.0%   0.948 UG:3    +
   24   105  0   0.0%   0.927 CG:3    +
   81    99  0   0.0%   1.648 GU:3    +
   31    69  0   0.0%   0.115 CG:3    +
   46    83  0   0.0%   0.582 UA:3    +
   97   122  0   0.0%   0.900 GC:3    +
   31    62  0   0.0%   0.115 CG:3    +
   43    55  0   0.0%   0.634 UA:3    +
   19    87  0   0.0%   0.924 AU:3    +
   13    93  0   0.0%   0.185 UG:3    +
   23    50  0   0.0%   0.273 UA:3    +
   14    92  0   0.0%   0.074 AU:3    +
   73    85  0   0.0%   1.203 CG:3    +
   76    98  0   0.0%   1.155 UA:3    +
   23   104  0   0.0%   1.220 UG:3    +
   10    90  0   0.0%   0.104 AU:3    +
   40    48  0   0.0%   0.421 GC:3    +
   57    64  0   0.0%   0.099 UA:3    +
   40    53  0   0.0%   0.505 GC:3    +
   47    59  0   0.0%   0.050 AU:3    +
   19    99  0   0.0%   0.924 AU:3    +
   51    70  0   0.0%   0.382 AU:3    +
   48   111  0   0.0%   1.034 CG:3    +
   11    94  0   0.0%   0.193 UG:3    +
   46    80  0   0.0%   0.777 UA:3    +
   75    97  0   0.0%   1.178 UG:3    +
   45    81  0   0.0%   0.963 CG:3    +
   32   105  0   0.0%   0.873 UG:3    +
   13    27  0   0.0%   0.026 UG:3    +
   57   109  0   0.0%   0.615 UA:3    +
  103   119  0   0.0%   1.231 UG:3    +
   13    25  0   0.0%   0.011 UA:3    +
   36    52  0   0.0%   0.274 UG:3    +
   99   104  0   0.0%   1.922 UG:3    +
   91    97  0   0.0%   0.912 UG:3    +
   69    73  0   0.0%   1.503 GC:3    +
   10    95  0   0.0%   0.240 AU:3    +
   17   107  0   0.0%   1.017 UA:3    +
   17    84  0   0.0%   0.486 UA:3    +
   57    66  0   0.0%   0.191 UA:3    +
   33    41  0   0.0%   0.445 CG:3    +
   32    82  0   0.0%   0.856 UG:3    +
   91   107  0   0.0%   0.499 UA:3    +
   19    29  0   0.0%   0.614 AU:3    +
   45    60  0   0.0%   0.078 CG:3    +
    1     5  0   0.0%   0.001 AU:3    +
   46   109  0   0.0%   0.292 UA:3    +
   57    65  0   0.0%   0.099 UA:3    +
   82   103  0   0.0%   1.524 GU:3    +
   90    98  0   0.0%   1.116 UA:3    +
   19   113  0   0.0%   1.359 AU:3    +
   18   114  0   0.0%   2.105 CG:3    +
   26   112  0   0.0%   2.040 UG:3    +
   21    40  0   0.0%   0.006 CG:3    +
  100   123  0   0.0%   0.779 AU:3    +
   43    58  0   0.0%   0.713 UA:3    +
   16    90  0   0.0%   0.499 AU:3    +
   11    51  0   0.0%   0.020 UA:3    +
   83   113  0   0.0%   1.230 AU:3    +
   27    49  0   0.0%   0.822 GC:3    +
   28   113  0   0.0%   2.004 AU:3    +
   27    31  0   0.0%   0.461 GC:3    +
   45    82  0   0.0%   0.989 CG:3    +
   29    71  0   0.0%   0.552 UG:3    +
   85   115  0   0.0%   1.742 GU:3    +
   32    81  0   0.0%   0.847 UG:3    +
   70    98  0   0.0%   1.721 UA:3    +
   48    60  0   0.0%   0.132 CG:3    +
   77   103  0   0.0%   1.341 AU:3    +
  102   107  0   0.0%   0.821 UA:3    +
   10   102  0   0.0%   0.176 AU:3    +
   94   102  0   0.0%   1.134 GU:3    +
   46    81  0   0.0%   0.761 UG:3    +
  104   122  0   0.0%   1.247 GC:3    +
   87    93  0   0.0%   1.571 UG:3    +
  111   120  0   0.0%   1.225 GC:3    +
   69    99  0   0.0%   2.160 GU:3    +
    4   102  0   0.0%   0.055 AU:3    +
   16    44  0   0.0%   0.261 AU:3    +
    2   104  0   0.0%   0.002 CG:3    +
   82    99  0   0.0%   1.677 GU:3    +
   65    70  0   0.0%   0.970 AU:3    +
   40   122  0   0.0%   0.872 GC:3    +
  103   118  0   0.0%   1.429 UA:3    +
   32    58  0   0.0%   0.053 UA:3    +
   18   116  0   0.0%   2.009 CG:3    +
   48    79  0   0.0%   0.838 CG:3    +
   40    45  0   0.0%   0.440 GC:3    +
   31   105  0   0.0%   0.922 CG:3    +
   44    58  0   0.0%   0.587 UA:3    +
   40    61  0   0.0%   0.574 GC:3    +
   35   100  0   0.0%   0.770 UA:3    +
   32    84  0   0.0%   0.459 UA:3    +
   44    83  0   0.0%   0.883 UA:3    +
   85   120  0   0.0%   0.998 GC:3    +
    1   102  0   0.0%   0.002 AU:3    +
   13   112  0   0.0%   0.733 UG:3    +
  106   112  0   0.0%   2.051 CG:3    +
   39    85  0   0.0%   0.509 CG:3    +
   42    59  0   0.0%   0.633 GU:3    +
   39    62  0   0.0%   0.022 CG:3    +
   38    86  0   0.0%   1.059 UA:3    +
   57    62  0   0.0%   0.403 UG:3    +
   31    52  0   0.0%   0.116 CG:3    +
   85   122  0   0.0%   0.992 GC:3    +
    3    40  0   0.0%   0.000 CG:3    +
    7    90  0   0.0%   0.001 AU:3    +
    2    41  0   0.0%   0.000 CG:3    +
   57    79  0   0.0%   0.878 UG:3    +
  113   118  0   0.0%   1.264 UA:3    +
   18    79  0   0.0%   0.366 CG:3    +
  113   124  0   0.0%   1.274 UG:3    +
   91   111  0   0.0%   2.051 UG:3    +
   26    50  0   0.0%   0.689 UA:3    +
   27    72  0   0.0%   0.822 GC:3    +
   94   103  0   0.0%   1.366 GU:3    +
    5   116  0   0.0%   0.511 UG:3    +
   23    51  0   0.0%   0.273 UA:3    +
   41    95  0   0.0%   1.390 GU:3    +
   84   123  0   0.0%   0.575 AU:3    +
   93   103  0   0.0%   1.485 GU:3    +
   32    51  0   0.0%   0.053 UA:3    +
  112   125  0   0.0%   1.275 GC:3    +
   28   103  0   0.0%   1.560 AU:3    +
   37    87  0   0.0%   1.477 AU:3    +
   31    85  0   0.0%   0.857 CG:3    +
   19   101  0   0.0%   0.645 AU:3    +
   18    82  0   0.0%   0.366 CG:3    +
  101   107  0   0.0%   0.510 UA:3    +
   45   116  0   0.0%   1.187 CG:3    +
  102   119  0   0.0%   0.996 UG:3    +
   19   115  0   0.0%   1.371 AU:3    +
   32   104  0   0.0%   0.920 UG:3    +
   35    79  0   0.0%   1.148 UG:3    +
   44    82  0   0.0%   1.087 UG:3    +
   36    80  0   0.0%   1.088 UA:3    +
   17    80  0   0.0%   0.387 UA:3    +
   81    88  0   0.0%   1.242 GC:3    +
  105   113  0   0.0%   1.963 GU:3    +
   35    81  0   0.0%   1.165 UG:3    +
   10    23  0   0.0%   0.005 AU:3    +
   27    46  0   0.0%   0.828 GU:3    +
   40    59  0   0.0%   0.587 GU:3    +
    3    27  0   0.0%   0.000 CG:3    +
   15   119  0   0.0%   0.640 CG:3    +
   17   117  0   0.0%   2.026 UG:3    +
   82    91  0   0.0%   1.305 GU:3    +
    4    26  0   0.0%   0.001 AU:3    +
   85    99  0   0.0%   1.671 GU:3    +
  116   125  0   0.0%   0.788 GC:3    +
   21   111  0   0.0%   1.805 CG:3    +
   27    90  0   0.0%   1.458 GU:3    +
   68    94  0   0.0%   1.161 CG:3    +
   67    95  0   0.0%   1.634 GU:3    +
   71    99  0   0.0%   1.538 GU:3    +
   94    99  0   0.0%   1.536 GU:3    +
   21    97  0   0.0%   1.156 CG:3    +
  101   109  0   0.0%   0.921 UA:3    +
   68    93  0   0.0%   1.286 CG:3    +
   57    97  0   0.0%   0.684 UG:3    +
   88   124  0   0.0%   1.371 CG:3    +
   41    45  0   0.0%   0.399 GC:3    +
   47    76  0   0.0%   0.620 AU:3    +
   12    94  0   0.0%   0.200 CG:3    +
   62   106  0   0.0%   1.476 GC:3    +
   91   100  0   0.0%   0.779 UA:3    +
   59    65  0   0.0%   0.217 UA:3    +
   52    89  0   0.0%   0.958 GC:3    +
   83   101  0   0.0%   0.843 AU:3    +
   35    42  0   0.0%   0.650 UG:3    +
    2   111  0   0.0%   0.025 CG:3    +
   42    61  0   0.0%   0.620 GC:3    +
   69    92  0   0.0%   1.804 GU:3    +
   22    52  0   0.0%   0.323 CG:3    +
    5    25  0   0.0%   0.001 UA:3    +
   43    60  0   0.0%   0.636 UG:3    +
   20    31  0   0.0%   0.039 GC:3    +
   14    32  0   0.0%   0.001 AU:3    +
   50    75  0   0.0%   0.463 AU:3    +
  103   107  0   0.0%   1.051 UA:3    +
   13    86  0   0.0%   0.216 UA:3    +
   90   124  0   0.0%   1.317 UG:3    +
  108   117  0   0.0%   1.278 CG:3    +
   20    48  0   0.0%   0.310 GC:3    +
   90   107  0   0.0%   0.633 UA:3    +
   32    42  0   0.0%   0.417 UG:3    +
   40    46  0   0.0%   0.427 GU:3    +
   46    77  0   0.0%   0.989 UA:3    +
   26   104  0   0.0%   1.886 UG:3    +
   35    93  0   0.0%   0.973 UG:3    +
  103   116  0   0.0%   1.711 UG:3    +
   26   116  0   0.0%   2.062 UG:3    +
   97   120  0   0.0%   0.917 GC:3    +
   29    40  0   0.0%   0.777 UG:3    +
   34    43  0   0.0%   0.581 AU:3    +
   69    89  0   0.0%   1.742 GC:3    +
   67    99  0   0.0%   1.874 GU:3    +
   23    85  0   0.0%   0.973 UG:3    +
    9   117  0   0.0%   0.861 CG:3    +
   36    41  0   0.0%   0.650 UG:3    +
   23    47  0   0.0%   0.273 UA:3    +
   10    36  0   0.0%   0.013 AU:3    +
   19    32  0   0.0%   0.375 AU:3    +
   35    60  0   0.0%   0.304 UG:3    +
   44    80  0   0.0%   1.077 UA:3    +
   79    89  0   0.0%   0.892 GC:3    +
   87   107  0   0.0%   1.337 UA:3    +
  101   121  0   0.0%   0.430 UA:3    +
   42    74  0   0.0%   1.128 GC:3    +
   52   108  0   0.0%   1.202 GC:3    +
   39    93  0   0.0%   0.378 CG:3    +
   20    92  0   0.0%   0.419 GU:3    +
   24    41  0   0.0%   0.313 CG:3    +
   19    78  0   0.0%   0.598 AU:3    +
   41    75  0   0.0%   1.430 GU:3    +
   99   107  0   0.0%   0.853 UA:3    +
   42    46  0   0.0%   0.372 GU:3    +
   79   101  0   0.0%   1.077 GU:3    +
   11    50  0   0.0%   0.019 UA:3    +
   78    83  0   0.0%   0.948 UA:3    +
   99   124  0   0.0%   1.126 UG:3    +
  101   105  0   0.0%   1.557 UG:3    +
   70   100  0   0.0%   1.533 UA:3    +
    5   110  0   0.0%   0.068 UA:3    +
   34    75  0   0.0%   0.538 AU:3    +
   36    71  0   0.0%   0.365 UG:3    +
   60    76  0   0.0%   1.968 GU:3    +
   64    95  0   0.0%   0.682 AU:3    +
   62    73  0   0.0%   1.126 GC:3    +
   25    29  0   0.0%   0.264 AU:3    +
   51    90  0   0.0%   0.440 AU:3    +
   44   117  0   0.0%   1.289 UG:3    +
   47    78  0   0.0%   0.663 AU:3    +
   29   107  0   0.0%   1.141 UA:3    +
   90   112  0   0.0%   2.089 UG:3    +
   90    97  0   0.0%   1.046 UG:3    +
    9    40  0   0.0%   0.001 CG:3    +
   32    55  0   0.0%   0.052 UA:3    +
   88   116  0   0.0%   1.738 CG:3    +
    8    41  0   0.0%   0.000 CG:3    +
   38    94  0   0.0%   0.736 UG:3    +
   30   117  0   0.0%   1.190 CG:3    +
   31   116  0   0.0%   1.130 CG:3    +
   60   108  0   0.0%   1.632 GC:3    +
   63   105  0   0.0%   1.915 CG:3    +
    9    85  0   0.0%   0.002 CG:3    +
   80    92  0   0.0%   1.204 AU:3    +
   29   105  0   0.0%   1.582 UG:3    +
   33   114  0   0.0%   1.204 CG:3    +
   26    93  0   0.0%   1.498 UG:3    +
   93   101  0   0.0%   1.312 GU:3    +
   66    95  0   0.0%   0.759 AU:3    +
   22    97  0   0.0%   1.218 CG:3    +
   37    95  0   0.0%   1.104 AU:3    +
   34   113  0   0.0%   1.288 AU:3    +
   40    63  0   0.0%   0.574 GC:3    +
   39    69  0   0.0%   0.028 CG:3    +
  111   125  0   0.0%   1.230 GC:3    +
   17    56  0   0.0%   0.386 UA:3    +
   78    84  0   0.0%   0.734 UA:3    +
   37    91  0   0.0%   0.773 AU:3    +
   30   104  0   0.0%   1.020 CG:3    +
   94   120  0   0.0%   1.172 GC:3    +
    1   101  0   0.0%   0.001 AU:3    +
   19   102  0   0.0%   0.629 AU:3    +
   81   102  0   0.0%   1.264 GU:3    +
    4   101  0   0.0%   0.054 AU:3    +
   13    85  0   0.0%   0.218 UG:3    +
    7    11  0   0.0%   0.001 AU:3    +
   46    60  0   0.0%   0.074 UG:3    +
   66    92  0   0.0%   0.645 AU:3    +
   80   103  0   0.0%   1.415 AU:3    +
   35   112  0   0.0%   1.372 UG:3    +
   18   117  0   0.0%   2.009 CG:3    +
    7    13  0   0.0%   0.000 AU:3    +
   69   101  0   0.0%   1.841 GU:3    +
   89   105  0   0.0%   1.298 CG:3    +
   15    79  0   0.0%   0.033 CG:3    +
    9   105  0   0.0%   0.120 CG:3    +
   42   101  0   0.0%   1.035 GU:3    +
   90   104  0   0.0%   1.399 UG:3    +
   31    67  0   0.0%   0.114 CG:3    +
    5   107  0   0.0%   0.068 UA:3    +
   24   111  0   0.0%   1.121 CG:3    +
   85   103  0   0.0%   1.518 GU:3    +
    1   115  0   0.0%   0.005 AU:3    +
   31    60  0   0.0%   0.114 CG:3    +
   85   106  0   0.0%   1.522 GC:3    +
   59   109  0   0.0%   0.993 UA:3    +
   16    78  0   0.0%   0.262 AU:3    +
   58   102  0   0.0%   0.998 AU:3    +
   20    54  0   0.0%   0.312 GC:3    +
   17   118  0   0.0%   1.646 UA:3    +
   43   100  0   0.0%   1.057 UA:3    +
   68    82  0   0.0%   1.276 CG:3    +
   86   102  0   0.0%   1.415 AU:3    +
   81    92  0   0.0%   1.290 GU:3    +
   32    66  0   0.0%   0.052 UA:3    +
   16    57  0   0.0%   0.262 AU:3    +
   32    56  0   0.0%   0.052 UA:3    +
   41   102  0   0.0%   1.063 GU:3    +
   82   101  0   0.0%   1.350 GU:3    +
   29   118  0   0.0%   1.407 UA:3    +
   50   113  0   0.0%   0.840 AU:3    +
   46    79  0   0.0%   0.778 UG:3    +
   33    52  0   0.0%   0.067 CG:3    +
   36    65  0   0.0%   0.349 UA:3    +
   27   120  0   0.0%   1.474 GC:3    +
   40   103  0   0.0%   1.166 GU:3    +
   43    83  0   0.0%   1.272 UA:3    +
   23    97  0   0.0%   0.938 UG:3    +
   49    97  0   0.0%   0.573 CG:3    +
   42    70  0   0.0%   0.627 GU:3    +
   67    72  0   0.0%   1.470 GC:3    +
   27   115  0   0.0%   2.218 GU:3    +
   37    70  0   0.0%   0.377 AU:3    +
   35    66  0   0.0%   0.298 UA:3    +
   67    87  0   0.0%   1.690 GU:3    +
   31    94  0   0.0%   0.714 CG:3    +
    9    20  0   0.0%   0.000 CG:3    +
   53    81  0   0.0%   1.459 CG:3    +
   71    75  0   0.0%   1.238 GU:3    +
    5   100  0   0.0%   0.068 UA:3    +
   23   107  0   0.0%   0.733 UA:3    +
   35    50  0   0.0%   0.287 UA:3    +
   17    77  0   0.0%   0.386 UA:3    +
   44    65  0   0.0%   0.504 UA:3    +
   23    42  0   0.0%   0.544 UG:3    +
   26   121  0   0.0%   1.312 UA:3    +
  117   125  0   0.0%   0.841 GC:3    +
  104   115  0   0.0%   2.013 GU:3    +
   70    80  0   0.0%   1.528 UA:3    +
   27    32  0   0.0%   0.461 GU:3    +
   11    93  0   0.0%   0.192 UG:3    +
   16    91  0   0.0%   0.497 AU:3    +
   27    35  0   0.0%   0.511 GU:3    +
   39    79  0   0.0%   0.582 CG:3    +
   39   104  0   0.0%   0.623 CG:3    +
   43   118  0   0.0%   1.283 UA:3    +
   29    64  0   0.0%   0.552 UA:3    +
    2   114  0   0.0%   0.029 CG:3    +
   43    84  0   0.0%   1.045 UA:3    +
   30    69  0   0.0%   0.094 CG:3    +
   99   110  0   0.0%   1.288 UA:3    +
   27    48  0   0.0%   0.822 GC:3    +
   36   111  0   0.0%   1.278 UG:3    +
   17    85  0   0.0%   0.493 UG:3    +
   82    87  0   0.0%   1.733 GU:3    +
   49   114  0   0.0%   1.072 CG:3    +
   31    97  0   0.0%   0.736 CG:3    +
   15   117  0   0.0%   1.198 CG:3    +
   81    95  0   0.0%   1.418 GU:3    +
   64    91  0   0.0%   0.037 AU:3    +
   39    67  0   0.0%   0.022 CG:3    +
  106   117  0   0.0%   1.750 CG:3    +
   38    66  0   0.0%   0.371 UA:3    +
   54    97  0   0.0%   0.907 CG:3    +
   35    67  0   0.0%   0.298 UG:3    +
   20    46  0   0.0%   0.315 GU:3    +
   51   101  0   0.0%   0.479 AU:3    +
   10    38  0   0.0%   0.013 AU:3    +
   65    90  0   0.0%   0.119 AU:3    +
   12   124  0   0.0%   1.133 CG:3    +
   42   122  0   0.0%   0.899 GC:3    +
   71    78  0   0.0%   1.407 GU:3    +
   20   101  0   0.0%   0.628 GU:3    +
   43   121  0   0.0%   0.925 UA:3    +
   28    46  0   0.0%   0.749 AU:3    +
   11    37  0   0.0%   0.019 UA:3    +
   24    94  0   0.0%   0.698 CG:3    +
   29    58  0   0.0%   0.551 UA:3    +
   36    66  0   0.0%   0.349 UA:3    +
   40    68  0   0.0%   0.574 GC:3    +
   33    67  0   0.0%   0.071 CG:3    +
   20    68  0   0.0%   0.312 GC:3    +
   90    94  0   0.0%   1.327 UG:3    +
   17    27  0   0.0%   0.068 UG:3    +
   75   110  0   0.0%   0.694 UA:3    +
   31   111  0   0.0%   1.113 CG:3    +
   74   111  0   0.0%   1.369 CG:3    +
   21    67  0   0.0%   0.279 CG:3    +
   99   109  0   0.0%   1.264 UA:3    +
   17   121  0   0.0%   1.287 UA:3    +
   21   114  0   0.0%   1.923 CG:3    +
   39    60  0   0.0%   0.028 CG:3    +
   30   112  0   0.0%   1.172 CG:3    +
   17    97  0   0.0%   0.723 UG:3    +
   46   111  0   0.0%   0.968 UG:3    +
   11    83  0   0.0%   0.020 UA:3    +
   17    50  0   0.0%   0.387 UA:3    +
   38    80  0   0.0%   0.945 UA:3    +
   38    69  0   0.0%   0.376 UG:3    +
   28    59  0   0.0%   0.743 AU:3    +
    6    93  0   0.0%   0.003 CG:3    +
   29    41  0   0.0%   0.766 UG:3    +
    6   104  0   0.0%   0.091 CG:3    +
   50    91  0   0.0%   0.102 AU:3    +
  105   122  0   0.0%   1.248 GC:3    +
   73   112  0   0.0%   1.400 CG:3    +
   33    42  0   0.0%   0.430 CG:3    +
   13    34  0   0.0%   0.012 UA:3    +
   22   112  0   0.0%   1.887 CG:3    +
   78    82  0   0.0%   1.461 UG:3    +
   37    46  0   0.0%   0.293 AU:3    +
   32   110  0   0.0%   0.363 UA:3    +
  104   123  0   0.0%   1.587 GU:3    +
    1   103  0   0.0%   0.001 AU:3    +
   67    91  0   0.0%   1.443 GU:3    +
   14   123  0   0.0%   0.939 AU:3    +
   43   107  0   0.0%   1.017 UA:3    +
    7    92  0   0.0%   0.002 AU:3    +
   98   123  0   0.0%   1.382 AU:3    +
   42   108  0   0.0%   0.884 GC:3    +
   13   124  0   0.0%   1.102 UG:3    +
    9    97  0   0.0%   0.137 CG:3    +
   44    64  0   0.0%   0.503 UA:3    +
   59    64  0   0.0%   0.216 UA:3    +
   20   115  0   0.0%   1.607 GU:3    +
   45   112  0   0.0%   1.175 CG:3    +
   36    47  0   0.0%   0.272 UA:3    +
   69    76  0   0.0%   1.770 GU:3    +
  117   123  0   0.0%   1.222 GU:3    +
   44   109  0   0.0%   0.593 UA:3    +
    4    13  0   0.0%   0.001 AU:3    +
   17   104  0   0.0%   1.255 UG:3    +
   82   102  0   0.0%   1.291 GU:3    +
   91   121  0   0.0%   0.878 UA:3    +
   76    84  0   0.0%   0.717 UA:3    +
   90   100  0   0.0%   0.913 UA:3    +
   97   125  0   0.0%   0.889 GC:3    +
    7   103  0   0.0%   0.086 AU:3    +
   55   101  0   0.0%   0.368 AU:3    +
   84    95  0   0.0%   0.682 AU:3    +
   11    84  0   0.0%   0.020 UA:3    +
   30    81  0   0.0%   0.384 CG:3    +
   91   124  0   0.0%   1.271 UG:3    +
   23    83  0   0.0%   0.561 UA:3    +
   64    78  0   0.0%   0.593 AU:3    +
    1    99  0   0.0%   0.001 AU:3    +
   53   104  0   0.0%   1.515 CG:3    +
  104   113  0   0.0%   2.009 GU:3    +
    5    94  0   0.0%   0.004 UG:3    +
   87   109  0   0.0%   1.272 UA:3    +
   41   123  0   0.0%   1.405 GU:3    +
   76   109  0   0.0%   0.644 UA:3    +
   37    90  0   0.0%   0.871 AU:3    +
   20    99  0   0.0%   0.907 GU:3    +
   12    82  0   0.0%   0.023 CG:3    +
   41   120  0   0.0%   1.059 GC:3    +
   48    97  0   0.0%   0.659 CG:3    +
   63    79  0   0.0%   1.404 CG:3    +
   66    70  0   0.0%   1.062 AU:3    +
   43    93  0   0.0%   1.267 UG:3    +
   81   103  0   0.0%   1.497 GU:3    +
   71   120  0   0.0%   0.903 GC:3    +
   72   119  0   0.0%   0.938 CG:3    +
    4    95  0   0.0%   0.004 AU:3    +
   38   105  0   0.0%   0.939 UG:3    +
   70   121  0   0.0%   1.165 UA:3    +
   18    41  0   0.0%   0.366 CG:3    +
   23   111  0   0.0%   1.377 UG:3    +
    2    97  0   0.0%   0.002 CG:3    +
    3    85  0   0.0%   0.000 CG:3    +
   13    98  0   0.0%   0.182 UA:3    +
   20    72  0   0.0%   0.312 GC:3    +
   14    44  0   0.0%   0.001 AU:3    +
   69   122  0   0.0%   1.518 GC:3    +
   21    71  0   0.0%   0.279 CG:3    +
   88   104  0   0.0%   1.685 CG:3    +
   67    73  0   0.0%   1.243 GC:3    +
   38    71  0   0.0%   0.386 UG:3    +
  110   115  0   0.0%   1.447 AU:3    +
   34    76  0   0.0%   0.558 AU:3    +
   45    62  0   0.0%   0.071 CG:3    +
   32    93  0   0.0%   0.673 UG:3    +
   24   124  0   0.0%   0.788 CG:3    +
   79    95  0   0.0%   1.166 GU:3    +
   40    92  0   0.0%   0.952 GU:3    +
    8    20  0   0.0%   0.000 CG:3    +
   50   102  0   0.0%   0.104 AU:3    +
   96   116  0   0.0%   1.612 CG:3    +
   16    43  0   0.0%   0.261 AU:3    +
   17    42  0   0.0%   0.386 UG:3    +
   20    63  0   0.0%   0.312 GC:3    +
   85    95  0   0.0%   1.169 GU:3    +
   72    93  0   0.0%   1.262 CG:3    +
   11   111  0   0.0%   0.683 UG:3    +
   73   117  0   0.0%   1.415 CG:3    +
   21    62  0   0.0%   0.279 CG:3    +
   74   116  0   0.0%   1.386 CG:3    +
   76    85  0   0.0%   1.197 UG:3    +
   44   112  0   0.0%   1.272 UG:3    +
   36    69  0   0.0%   0.355 UG:3    +
   46    62  0   0.0%   0.067 UG:3    +
   25   123  0   0.0%   1.352 AU:3    +
    3   105  0   0.0%   0.049 CG:3    +
   47    99  0   0.0%   0.526 AU:3    +
   92   105  0   0.0%   1.206 UG:3    +
   66    99  0   0.0%   0.999 AU:3    +
  104   125  0   0.0%   1.235 GC:3    +
  101   124  0   0.0%   0.813 UG:3    +
   44   107  0   0.0%   0.632 UA:3    +
   78    86  0   0.0%   1.381 UA:3    +
   23   112  0   0.0%   1.381 UG:3    +
   19    75  0   0.0%   0.597 AU:3    +
   11   124  0   0.0%   1.100 UG:3    +
   46   100  0   0.0%   0.371 UA:3    +
   38    64  0   0.0%   0.370 UA:3    +
   94   122  0   0.0%   1.154 GC:3    +
   20    74  0   0.0%   0.312 GC:3    +
   29    69  0   0.0%   0.551 UG:3    +
   14    36  0   0.0%   0.001 AU:3    +
  102   121  0   0.0%   0.775 UA:3    +
   95   119  0   0.0%   1.274 UG:3    +
   34    90  0   0.0%   0.652 AU:3    +
  114   123  0   0.0%   1.360 GU:3    +
   13    37  0   0.0%   0.011 UA:3    +
   29    55  0   0.0%   0.551 UA:3    +
   66   102  0   0.0%   0.625 AU:3    +
    5    14  0   0.0%   0.001 UA:3    +
   21   104  0   0.0%   1.172 CG:3    +
   77    87  0   0.0%   1.625 AU:3    +
   15    40  0   0.0%   0.033 CG:3    +
   93   123  0   0.0%   1.652 GU:3    +
   64   102  0   0.0%   0.543 AU:3    +
   27    54  0   0.0%   0.822 GC:3    +
   29    56  0   0.0%   0.551 UA:3    +
   23   109  0   0.0%   0.695 UA:3    +
   75    86  0   0.0%   1.443 UA:3    +
   81    91  0   0.0%   1.281 GU:3    +
   49    85  0   0.0%   0.694 CG:3    +
   67   101  0   0.0%   1.554 GU:3    +
   26   110  0   0.0%   1.334 UA:3    +
   35    71  0   0.0%   0.318 UG:3    +
   83   115  0   0.0%   1.242 AU:3    +
   44   110  0   0.0%   0.565 UA:3    +
    5   105  0   0.0%   0.091 UG:3    +
   92   104  0   0.0%   1.253 UG:3    +
   86   103  0   0.0%   1.647 AU:3    +
   65   101  0   0.0%   0.585 AU:3    +
    7   102  0   0.0%   0.069 AU:3    +
   87   105  0   0.0%   2.054 UG:3    +
   32    69  0   0.0%   0.053 UG:3    +
  103   124  0   0.0%   1.394 UG:3    +
   18    94  0   0.0%   0.714 CG:3    +
    4    38  0   0.0%   0.001 AU:3    +
    3    41  0   0.0%   0.000 CG:3    +
   82    90  0   0.0%   1.419 GU:3    +
   18    40  0   0.0%   0.366 CG:3    +
   51   113  0   0.0%   1.076 AU:3    +
   99   119  0   0.0%   0.934 UG:3    +
   29    47  0   0.0%   0.553 UA:3    +
   46   104  0   0.0%   0.822 UG:3    +
   87   111  0   0.0%   1.953 UG:3    +
   45   105  0   0.0%   0.978 CG:3    +
    5    37  0   0.0%   0.002 UA:3    +
   27    68  0   0.0%   0.822 GC:3    +
   34    91  0   0.0%   0.554 AU:3    +
   87   116  0   0.0%   1.975 UG:3    +
   87    97  0   0.0%   1.715 UG:3    +
   11    52  0   0.0%   0.019 UG:3    +
   13    81  0   0.0%   0.013 UG:3    +
   32    60  0   0.0%   0.052 UG:3    +
   19    38  0   0.0%   0.375 AU:3    +
   46    97  0   0.0%   0.596 UG:3    +
   27    38  0   0.0%   1.016 GU:3    +
   32    50  0   0.0%   0.053 UA:3    +
    7    38  0   0.0%   0.001 AU:3    +
   20    30  0   0.0%   0.039 GC:3    +
   68   124  0   0.0%   1.102 CG:3    +
   24    42  0   0.0%   0.311 CG:3    +
   30    52  0   0.0%   0.096 CG:3    +
   67   125  0   0.0%   1.197 GC:3    +
   26    69  0   0.0%   0.688 UG:3    +
   95   121  0   0.0%   1.081 UA:3    +
   11    85  0   0.0%   0.020 UG:3    +
   12    41  0   0.0%   0.023 CG:3    +
   20    36  0   0.0%   0.039 GU:3    +
   37    44  0   0.0%   0.549 AU:3    +
   29    82  0   0.0%   0.840 UG:3    +
   54    85  0   0.0%   1.025 CG:3    +
   93   122  0   0.0%   1.312 GC:3    +
   28    70  0   0.0%   0.743 AU:3    +
   28    57  0   0.0%   0.743 AU:3    +
   25    70  0   0.0%   0.308 AU:3    +
   17    51  0   0.0%   0.387 UA:3    +
   17   124  0   0.0%   1.665 UG:3    +
    8    97  0   0.0%   0.135 CG:3    +
   43    66  0   0.0%   0.629 UA:3    +
    7   101  0   0.0%   0.068 AU:3    +
   78   107  0   0.0%   0.724 UA:3    +
   67    92  0   0.0%   1.519 GU:3    +
   24    82  0   0.0%   0.614 CG:3    +
  103   111  0   0.0%   2.141 UG:3    +
   57   110  0   0.0%   0.588 UA:3    +
   79   106  0   0.0%   1.263 GC:3    +
   24    71  0   0.0%   0.039 CG:3    +
.(((.((((.......(((......)))(((((((....((((..............((((.....))))))))..))))))).......((((((((...))))).))))))))))........
