3 sequence; length of alignment 33
alifold output
    2    18  0  66.0%   0.827 CG:3   
    3    17  0  65.6%   1.161 GC:3   
    4    16  0  64.9%   1.223 GC:3   
    5    14  0  54.0%   1.003 CG:3   
    1    19  0  53.6%   1.026 UA:3   
   17    26  0  19.9%   1.263 CG:3    +
   16    27  0  19.9%   1.341 CG:3    +
   26    32  0  19.9%   1.543 GC:3    +
   27    31  0  19.3%   1.613 GC:3    +
   15    28  0  17.3%   1.324 UA:3    +
    4    22  0  12.6%   1.389 GC:3    +
    5    21  0  12.6%   1.118 CG:3    +
    3    23  0  12.6%   1.393 GC:3    +
    3    11  0  10.7%   0.753 GC:3    +
    4    10  0  10.7%   0.741 GC:3    +
    8    14  0   8.2%   0.968 CG:2    UG:1    +
    7    15  0   6.9%   0.708 AU:3    +
    8    18  0   1.9%   0.717 CG:2    UG:1    +
   20    26  0   2.3%   0.615 CG:3    +
    4    15  0   2.1%   0.486 GU:3    +
   20    27  0   2.0%   0.688 CG:3    +
    6    15  0   1.8%   0.296 AU:3    +
   26    31  0   1.7%   0.726 GC:3    +
   22    27  0   1.7%   0.913 CG:3    +
    3    16  0   1.3%   0.446 GC:3    +
    3     8  0   0.2%   0.035 GC:2    GU:1    +
    3    32  0   1.2%   1.028 GC:3    +
    4    31  0   1.2%   1.023 GC:3    +
   10    14  0   1.1%   0.954 CG:3    +
    9    15  0   1.1%   0.482 AU:3    +
    4     8  0   0.0%   0.014 GC:2    GU:1    +
    8    27  0   0.0%   0.325 CG:2    UG:1    +
    8    26  0   0.0%   0.309 CG:2    UG:1    +
    8    21  0   0.0%   0.556 CG:2    UG:1    +
   27    32  0   0.7%   1.323 GC:3    +
   14    31  0   0.4%   0.730 GC:3    +
    3    10  0   0.4%   0.081 GC:3    +
    2    27  0   0.4%   0.366 CG:3    +
    1    28  0   0.3%   0.446 UA:3    +
   14    32  0   0.3%   0.731 GC:3    +
    1    25  0   0.2%   0.408 UA:3    +
    2    26  0   0.2%   0.323 CG:3    +
    1    13  0   0.2%   0.047 UA:3    +
   11    18  0   0.2%   0.638 CG:3    +
   15    30  0   0.2%   0.735 UA:3    +
    1    27  0   0.2%   0.410 UG:3    +
   10    18  0   0.1%   0.686 CG:3    +
   14    20  0   0.1%   0.618 GC:3    +
    1    12  0   0.1%   0.023 UA:3    +
    1    24  0   0.1%   0.380 UA:3    +
   15    19  0   0.1%   0.740 UA:3    +
   11    26  0   0.1%   0.290 CG:3    +
   10    27  0   0.1%   0.370 CG:3    +
   22    26  0   0.1%   0.714 CG:3    +
   23    27  0   0.1%   0.791 CG:3    +
   18    23  0   0.1%   0.649 GC:3    +
   21    32  0   0.1%   0.353 GC:3    +
   21    31  0   0.1%   0.357 GC:3    +
    2    14  0   0.1%   0.013 CG:3    +
   15    29  0   0.0%   0.709 UA:3    +
    4    11  0   0.0%   0.488 GC:3    +
   14    22  0   0.0%   0.871 GC:3    +
   15    21  0   0.0%   0.664 UG:3    +
   14    23  0   0.0%   0.872 GC:3    +
    3    20  0   0.0%   0.613 GC:3    +
    2    21  0   0.0%   0.283 CG:3    +
   16    21  0   0.0%   0.608 CG:3    +
    3    31  0   0.0%   0.874 GC:3    +
    1    18  0   0.0%   0.025 UG:3    +
   17    27  0   0.0%   0.960 CG:3    +
    1    14  0   0.0%   0.024 UG:3    +
    1    26  0   0.0%   0.382 UG:3    +
    1    21  0   0.0%   0.359 UG:3    +
    4    32  0   0.0%   0.972 GC:3    +
   18    31  0   0.0%   0.453 GC:3    +
   18    22  0   0.0%   0.636 GC:3    +
    5    18  0   0.0%   0.609 CG:3    +
   18    32  0   0.0%   0.446 GC:3    +
   10    26  0   0.0%   0.336 CG:3    +
    1    33  0   0.0%   0.410 UA:3    +
    1    29  0   0.0%   0.410 UA:3    +
    1     6  0   0.0%   0.001 UA:3    +
    1     9  0   0.0%   0.001 UA:3    +
   16    26  0   0.0%   0.362 CG:3    +
    1     7  0   0.0%   0.001 UA:3    +
   17    21  0   0.0%   0.544 CG:3    +
   15    27  0   0.0%   0.433 UG:3    +
    4    20  0   0.0%   0.607 GC:3    +
    4    17  0   0.0%   0.881 GC:3    +
    1    30  0   0.0%   0.409 UA:3    +
    3    22  0   0.0%   0.610 GC:3    +
   11    27  0   0.0%   0.299 CG:3    +
    3    15  0   0.0%   0.274 GU:3    +
   15    24  0   0.0%   0.403 UA:3    +
   11    21  0   0.0%   0.518 CG:3    +
    5    27  0   0.0%   0.625 CG:3    +
    4    23  0   0.0%   1.127 GC:3    +
   10    21  0   0.0%   0.583 CG:3    +
    5    26  0   0.0%   0.609 CG:3    +
(((((........).))))..............
