3 sequence; length of alignment 164
alifold output
   36    81  0  90.5%   0.363 CG:3   
   35    82  0  90.5%   0.383 CG:3   
   37    80  0  90.5%   0.540 CG:3   
   39    78  0  90.5%   0.459 GC:3   
   38    79  0  90.5%   0.546 UA:3   
   34    83  0  90.5%   0.415 UA:3   
   33    84  0  90.4%   0.398 AU:3   
   32    85  0  90.4%   0.479 UA:3   
   31    86  0  90.0%   0.389 GC:3   
   40    77  0  84.3%   0.817 CG:3   
  126   146  0  83.8%   0.795 CG:3   
  120   152  0  83.8%   0.719 CG:3   
  125   147  0  83.8%   1.101 CG:3   
  121   151  0  83.7%   0.984 AU:3   
   51    69  0  83.6%   0.661 GC:3   
  119   153  0  83.5%   0.728 GC:3   
   50    70  0  83.2%   0.688 AU:3   
  130   140  0  83.2%   0.816 AU:3   
  131   139  0  83.2%   0.793 CG:3   
  122   150  0  83.1%   0.784 UA:3   
  129   141  0  83.0%   0.796 CG:3   
  127   145  0  81.4%   0.826 UA:3   
   52    68  0  80.9%   0.921 CG:3   
   49    71  0  79.9%   0.789 UA:3   
   41    76  0  78.1%   1.222 CG:3   
  117   159  0  74.2%   1.355 GC:3   
  116   160  0  74.2%   1.690 CG:3   
  118   158  0  74.1%   1.375 CG:3   
   19   111  0  74.1%   0.862 CG:3   
   18   112  0  74.0%   0.918 GU:3   
   20   110  0  73.9%   0.896 AU:3   
   17   113  0  73.9%   0.870 AU:3   
   16   114  0  73.8%   0.882 GC:3   
  115   161  0  73.8%   1.441 GC:3   
   21   109  0  73.3%   0.992 GC:3   
   93   104  0  63.3%   1.503 GC:3   
   94   103  0  63.0%   1.437 AU:3   
   42    75  0  62.5%   1.727 UG:3   
   56    64  0  51.7%   2.247 CG:3   
   55    65  0  51.6%   2.028 UA:3   
   45    72  0  51.3%   1.453 GC:3   
   55    63  0  27.2%   1.717 UG:3    +
   56    62  0  27.2%   1.662 CG:3    +
   54    64  0  27.1%   1.653 CG:3    +
   92   105  0  20.3%   1.619 UG:3    +
   43    73  0  19.6%   1.158 CG:3    +
   42    74  0  18.4%   1.212 UA:3    +
    5    13  0  17.6%   0.934 GC:3    +
    6    12  0  17.2%   0.932 AU:3    +
  111   144  0  16.1%   1.304 GC:3    +
  112   143  0  16.1%   1.303 UA:3    +
  113   142  0  16.1%   1.303 UA:3    +
  114   141  0  16.1%   1.304 CG:3    +
  110   145  0  16.0%   1.306 UA:3    +
  115   140  0  15.9%   0.939 GU:3    +
  116   139  0  15.9%   1.123 CG:3    +
  124   134  0  15.6%   0.879 UA:3    +
  123   135  0  15.6%   0.880 UA:3    +
  109   146  0  15.6%   1.365 CG:3    +
  122   136  0  15.5%   0.873 UA:3    +
  125   133  0  14.9%   0.867 CG:3    +
  121   137  0  14.9%   0.863 AU:3    +
  117   138  0  14.6%   0.890 GU:3    +
   96   105  0  14.0%   1.847 CG:3    +
   47    73  0  13.1%   1.314 CG:3    +
   95   106  0  12.9%   1.152 UA:3    +
   41    75  0  12.3%   0.988 CG:3    +
  107   147  0  11.5%   1.119 CG:3    +
  106   148  0  11.3%   1.205 AU:3    +
   18   153  0  10.5%   1.179 GC:3    +
   19   152  0  10.5%   1.126 CG:3    +
   17   154  0  10.5%   1.129 AU:3    +
   16   155  0  10.1%   1.126 GC:3    +
    7    11  0  10.0%   0.706 AU:3    +
  105   149  0   9.7%   1.876 GU:3    +
   73   104  0   9.5%   1.354 GC:3    +
   74   103  0   9.4%   1.088 AU:3    +
   76   101  0   9.4%   1.118 GC:3    +
   75   102  0   9.4%   1.513 GU:3    +
   77   100  0   9.4%   0.820 GC:3    +
   72   105  0   9.3%   1.202 CG:3    +
   83    95  0   9.1%   0.807 AU:3    +
   20   151  0   9.1%   1.099 AU:3    +
   82    96  0   9.0%   0.819 GC:3    +
   84    94  0   8.9%   0.749 UA:3    +
   86    93  0   8.1%   0.759 CG:3    +
   93   107  0   7.6%   1.217 GC:3    +
   18   161  0   7.6%   1.298 GC:3    +
   17   162  0   7.6%   1.337 AU:3    +
   16   163  0   7.6%   1.352 GC:3    +
   19   160  0   7.6%   1.302 CG:3    +
   69   108  0   7.2%   0.973 CG:3    +
   68   109  0   7.2%   1.070 GC:3    +
   53   159  0   7.1%   0.792 GC:3    +
   52   160  0   7.1%   1.304 CG:3    +
   54   158  0   7.1%   1.655 CG:3    +
   51   161  0   7.1%   0.921 GC:3    +
   19    39  0   7.1%   0.564 CG:3    +
   67   110  0   7.1%   1.233 GU:3    +
   65   112  0   7.1%   1.339 AU:3    +
   20    38  0   7.0%   0.592 AU:3    +
   66   111  0   7.0%   1.197 UG:3    +
   64   113  0   7.0%   1.709 GU:3    +
   63   114  0   7.0%   1.466 GC:3    +
   55   157  0   7.0%   1.935 UA:3    +
   16    43  0   6.9%   0.571 GC:3    +
   13   158  0   6.9%   1.006 CG:3    +
   17    42  0   6.9%   0.560 AU:3    +
   14   157  0   6.9%   0.816 UA:3    +
   57   156  0   6.8%   0.694 GC:3    +
   61   116  0   6.7%   0.897 GC:3    +
   58   155  0   6.7%   0.904 GC:3    +
   21    37  0   6.7%   0.624 GC:3    +
   43    75  0   6.3%   1.593 CG:3    +
   40    76  0   6.1%   0.729 CG:3    +
   50   162  0   6.1%   0.987 AU:3    +
   59   118  0   5.8%   0.665 GC:3    +
   87    92  0   5.7%   0.535 AU:3    +
   25   105  0   5.5%   0.615 CG:3    +
   53    66  0   5.1%   0.752 GU:3    +
   15    44  0   5.0%   0.626 UA:3    +
   29    88  0   4.8%   0.495 AU:3    +
   56    61  0   4.5%   0.710 CG:3    +
  152   159  0   4.4%   1.348 GC:3    +
  153   158  0   4.4%   1.518 CG:3    +
   55    62  0   4.3%   0.909 UG:3    +
   54    63  0   4.1%   0.798 CG:3    +
   48    66  0   4.1%   0.502 AU:3    +
   47    67  0   4.1%   0.508 CG:3    +
   92   108  0   3.8%   1.243 UG:3    +
   49    65  0   3.7%   0.481 UA:3    +
   18    40  0   3.6%   0.367 GC:3    +
   13    45  0   3.6%   0.687 CG:3    +
   45    69  0   3.5%   0.743 GC:3    +
   18    41  0   3.5%   0.480 GC:3    +
   44    70  0   3.3%   0.712 AU:3    +
   25   147  0   3.2%   0.639 CG:3    +
   12    46  0   3.1%   0.669 UA:3    +
   24   148  0   3.1%   0.446 AU:3    +
   23   149  0   2.7%   0.353 AU:3    +
   52    67  0   2.7%   0.752 CG:3    +
   54    67  0   2.7%   1.396 CG:3    +
   52    64  0   2.6%   0.491 CG:3    +
   28    90  0   2.5%   0.369 GC:3    +
   14    45  0   2.4%   0.557 UG:3    +
   35    64  0   2.3%   0.290 CG:3    +
   36    63  0   2.3%   0.269 CG:3    +
   37    62  0   2.3%   0.446 CG:3    +
   34    65  0   2.3%   0.320 UA:3    +
   38    61  0   2.3%   0.449 UG:3    +
   33    66  0   2.3%   0.297 AU:3    +
   25    31  0   2.2%   0.280 CG:3    +
   40    59  0   2.2%   0.374 CG:3    +
   41    58  0   2.2%   0.374 CG:3    +
   45    54  0   2.2%   0.464 GC:3    +
    5   163  0   2.2%   0.629 GC:3    +
   54    62  0   2.1%   0.601 CG:3    +
   44    55  0   2.1%   0.470 AU:3    +
   24    32  0   2.1%   0.246 AU:3    +
   42    57  0   2.1%   0.428 UG:3    +
   55    61  0   2.0%   0.549 UG:3    +
    6   162  0   2.0%   0.593 AU:3    +
   56    60  0   1.9%   0.349 CG:3    +
   14    44  0   1.9%   0.315 UA:3    +
   32    67  0   1.8%   0.345 UG:3    +
   28   101  0   1.8%   0.415 GC:3    +
   27   102  0   1.8%   0.406 AU:3    +
   52    62  0   1.7%   0.310 CG:3    +
   54    60  0   1.7%   0.308 CG:3    +
   28    69  0   1.7%   0.221 GC:3    +
   27    70  0   1.7%   0.251 AU:3    +
   56    63  0   1.6%   1.387 CG:3    +
   90   108  0   1.6%   0.533 CG:3    +
   28   104  0   1.5%   0.484 GC:3    +
   26    71  0   1.5%   0.252 UA:3    +
   55    59  0   1.4%   0.366 UG:3    +
   30    68  0   1.4%   0.205 CG:3    +
   29   103  0   1.3%   0.376 AU:3    +
  109   158  0   1.3%   1.337 CG:3    +
  110   157  0   1.3%   1.297 UA:3    +
  108   159  0   1.3%   0.895 GC:3    +
  111   156  0   1.3%   1.093 GC:3    +
  117   155  0   1.2%   0.956 GC:3    +
   79    98  0   1.2%   0.257 AU:3    +
  108   116  0   1.0%   0.788 GC:3    +
  109   115  0   1.0%   0.576 CG:3    +
  107   117  0   0.9%   0.336 CG:3    +
   55    64  0   0.9%   1.418 UG:3    +
   59   154  0   0.9%   0.713 GU:3    +
   49    67  0   0.8%   0.472 UG:3    +
   47    53  0   0.8%   0.118 CG:3    +
   27    88  0   0.8%   0.230 AU:3    +
   52    63  0   0.8%   0.284 CG:3    +
   27    32  0   0.8%   0.204 AU:3    +
   26    33  0   0.8%   0.143 UA:3    +
   54    61  0   0.8%   0.362 CG:3    +
   26    89  0   0.7%   0.237 UA:3    +
  126   133  0   0.7%   0.405 CG:3    +
   50    66  0   0.6%   0.317 AU:3    +
   55    60  0   0.6%   0.328 UG:3    +
   21    96  0   0.6%   0.364 GC:3    +
   22    95  0   0.6%   0.148 AU:3    +
   15   157  0   0.6%   0.551 UA:3    +
   93   100  0   0.6%   0.581 GC:3    +
   93   101  0   0.6%   0.681 GC:3    +
   22    34  0   0.6%   0.108 AU:3    +
  133   137  0   0.5%   0.707 GU:3    +
   60   118  0   0.5%   0.456 GC:3    +
   11   160  0   0.5%   0.384 UG:3    +
    5   159  0   0.5%   0.429 GC:3    +
   47    68  0   0.5%   0.316 CG:3    +
    4   160  0   0.5%   0.091 CG:3    +
   97   103  0   0.5%   0.736 AU:3    +
  129   139  0   0.5%   0.383 CG:3    +
  128   140  0   0.5%   0.383 AU:3    +
   70   106  0   0.4%   0.448 UA:3    +
  107   160  0   0.4%   1.013 CG:3    +
   21    30  0   0.4%   0.107 GC:3    +
    3    15  0   0.4%   0.078 AU:3    +
   25   108  0   0.4%   0.359 CG:3    +
  130   138  0   0.4%   0.370 AU:3    +
   14   158  0   0.4%   0.697 UG:3    +
    6    15  0   0.4%   0.421 AU:3    +
   21    35  0   0.4%   0.122 GC:3    +
   26   146  0   0.4%   0.281 UG:3    +
   88    97  0   0.4%   0.278 UA:3    +
   92   106  0   0.4%   0.657 UA:3    +
   11    48  0   0.4%   0.317 UA:3    +
  105   118  0   0.4%   1.297 GC:3    +
   10    49  0   0.3%   0.081 AU:3    +
    7    14  0   0.3%   0.317 AU:3    +
   91    98  0   0.3%   0.189 AU:3    +
   87    98  0   0.3%   0.316 AU:3    +
   16   156  0   0.3%   0.718 GC:3    +
   92    97  0   0.3%   0.285 UA:3    +
   25    93  0   0.3%   0.168 CG:3    +
   62   116  0   0.3%   0.969 GC:3    +
   56    73  0   0.3%   1.625 CG:3    +
   21    25  0   0.3%   0.077 GC:3    +
   55    74  0   0.3%   1.500 UA:3    +
   57    72  0   0.3%   0.491 GC:3    +
  101   108  0   0.3%   0.818 CG:3    +
   24    34  0   0.3%   0.167 AU:3    +
   81    96  0   0.3%   0.194 GC:3    +
   88    94  0   0.3%   0.462 UA:3    +
  119   138  0   0.3%   0.335 GU:3    +
    8    15  0   0.3%   0.132 AU:3    +
   13    21  0   0.3%   0.355 CG:3    +
   20    26  0   0.3%   0.068 AU:3    +
   89    98  0   0.3%   0.185 AU:3    +
  100   105  0   0.3%   1.320 CG:3    +
   12    22  0   0.3%   0.367 UA:3    +
   60    69  0   0.3%   0.588 GC:3    +
   54    75  0   0.3%   1.633 CG:3    +
   87    95  0   0.2%   0.490 AU:3    +
   90   105  0   0.2%   0.541 CG:3    +
   14    20  0   0.2%   0.117 UA:3    +
  133   138  0   0.2%   0.731 GU:3    +
   27    92  0   0.2%   0.208 AU:3    +
   31    69  0   0.2%   0.203 GC:3    +
   97   151  0   0.2%   0.344 AU:3    +
   15   115  0   0.2%   0.301 UG:3    +
   98   150  0   0.2%   0.198 UA:3    +
   96   152  0   0.2%   0.851 CG:3    +
  127   143  0   0.2%   0.352 UA:3    +
   26    91  0   0.2%   0.209 UA:3    +
   88    99  0   0.2%   0.284 UA:3    +
    9    14  0   0.2%   0.100 AU:3    +
  106   162  0   0.2%   1.086 AU:3    +
  105   163  0   0.2%   1.618 GC:3    +
  116   158  0   0.2%   1.046 CG:3    +
  115   159  0   0.2%   0.689 GC:3    +
   94   154  0   0.2%   0.880 AU:3    +
   57   155  0   0.2%   0.391 GC:3    +
   93   155  0   0.2%   1.304 GC:3    +
    7    15  0   0.2%   0.349 AU:3    +
   43    57  0   0.2%   0.305 CG:3    +
   82    95  0   0.2%   0.177 GU:3    +
   11    23  0   0.2%   0.280 UA:3    +
   22   149  0   0.2%   0.134 AU:3    +
    8    14  0   0.2%   0.082 AU:3    +
   23   148  0   0.2%   0.069 AU:3    +
   46    70  0   0.2%   0.339 AU:3    +
   48   164  0   0.2%   0.198 AU:3    +
   80    98  0   0.2%   0.190 GU:3    +
   21   159  0   0.2%   0.606 GC:3    +
  118   139  0   0.2%   0.543 CG:3    +
   26    93  0   0.2%   0.236 UG:3    +
    6    11  0   0.2%   0.035 AU:3    +
    5    12  0   0.2%   0.039 GU:3    +
    6    14  0   0.2%   0.357 AU:3    +
    5    15  0   0.2%   0.379 GU:3    +
   85    92  0   0.2%   0.155 AU:3    +
   10    15  0   0.2%   0.125 AU:3    +
   59    70  0   0.1%   0.538 GU:3    +
  117   140  0   0.1%   0.649 GU:3    +
   28    96  0   0.1%   0.250 GC:3    +
  120   133  0   0.1%   0.030 CG:3    +
   84    93  0   0.1%   0.164 UG:3    +
   41    59  0   0.1%   0.318 CG:3    +
   42    58  0   0.1%   0.381 UG:3    +
   58   154  0   0.1%   0.373 GU:3    +
   29    95  0   0.1%   0.223 AU:3    +
   40    60  0   0.1%   0.234 CG:3    +
   26   106  0   0.1%   0.236 UA:3    +
    5   104  0   0.1%   0.366 GC:3    +
    6   103  0   0.1%   0.374 AU:3    +
   32    68  0   0.1%   0.282 UG:3    +
  100   108  0   0.1%   0.720 CG:3    +
  121   132  0   0.1%   0.026 AU:3    +
   28    88  0   0.1%   0.149 GU:3    +
   92    99  0   0.1%   0.272 UA:3    +
   99   149  0   0.1%   0.186 AU:3    +
   60   153  0   0.1%   0.501 GC:3    +
   45    56  0   0.1%   0.322 GC:3    +
   51    66  0   0.1%   0.278 GU:3    +
  127   141  0   0.1%   0.324 UG:3    +
   27   103  0   0.1%   0.290 AU:3    +
   46    55  0   0.1%   0.217 AU:3    +
  101   105  0   0.1%   1.384 CG:3    +
    4   105  0   0.1%   0.029 CG:3    +
    3    14  0   0.1%   0.025 AU:3    +
   22   103  0   0.1%   0.117 AU:3    +
  106   149  0   0.1%   0.959 AU:3    +
    7   102  0   0.1%   0.293 AU:3    +
   30    93  0   0.1%   0.141 CG:3    +
   21   104  0   0.1%   0.329 GC:3    +
   26   105  0   0.1%   0.389 UG:3    +
   23   102  0   0.1%   0.053 AU:3    +
   12   160  0   0.1%   0.528 UG:3    +
   90   111  0   0.1%   0.609 CG:3    +
  115   155  0   0.1%   0.830 GC:3    +
   93    98  0   0.1%   0.412 GU:3    +
   91   110  0   0.1%   0.479 AU:3    +
   28   102  0   0.1%   0.378 GU:3    +
   94   102  0   0.1%   0.585 AU:3    +
    9    15  0   0.1%   0.122 AU:3    +
   42    76  0   0.1%   1.267 UG:3    +
   27    98  0   0.1%   0.189 AU:3    +
   26    99  0   0.1%   0.212 UA:3    +
  127   142  0   0.1%   0.322 UA:3    +
   13    28  0   0.1%   0.342 CG:3    +
   89   112  0   0.1%   0.488 AU:3    +
   81    98  0   0.1%   0.203 GU:3    +
   25   158  0   0.1%   0.649 CG:3    +
   14    27  0   0.1%   0.105 UA:3    +
   26   157  0   0.1%   0.476 UA:3    +
   92   150  0   0.1%   0.722 UA:3    +
   91   151  0   0.1%   0.287 AU:3    +
   12    29  0   0.1%   0.352 UA:3    +
   93   103  0   0.1%   0.659 GU:3    +
    9   162  0   0.1%   0.130 AU:3    +
    1     5  0   0.1%   0.016 CG:3    +
   28   155  0   0.1%   0.603 GC:3    +
   23    34  0   0.1%   0.058 AU:3    +
   90   152  0   0.1%   0.439 CG:3    +
  131   141  0   0.1%   0.631 CG:3    +
   22    26  0   0.1%   0.055 AU:3    +
    9    49  0   0.1%   0.042 AU:3    +
   30   108  0   0.1%   0.139 CG:3    +
   52    61  0   0.1%   0.107 CG:3    +
   93   149  0   0.1%   0.954 GU:3    +
  120   139  0   0.1%   0.328 CG:3    +
   29   154  0   0.1%   0.491 AU:3    +
   24    92  0   0.1%   0.119 AU:3    +
   10    14  0   0.1%   0.082 AU:3    +
   16    41  0   0.1%   0.022 GC:3    +
   58   156  0   0.1%   0.506 GC:3    +
   59   155  0   0.1%   0.823 GC:3    +
   94   148  0   0.1%   0.677 AU:3    +
    2     9  0   0.1%   0.021 UA:3    +
   97   102  0   0.1%   0.392 AU:3    +
  119   140  0   0.1%   0.336 GU:3    +
  119   156  0   0.1%   0.466 GC:3    +
   30   147  0   0.1%   0.224 CG:3    +
   64   114  0   0.1%   1.536 GC:3    +
   95   147  0   0.1%   0.693 UG:3    +
   88   108  0   0.1%   0.487 UG:3    +
   29   148  0   0.1%   0.365 AU:3    +
   54    59  0   0.1%   0.192 CG:3    +
   28    35  0   0.1%   0.041 GC:3    +
   29   102  0   0.1%   0.275 AU:3    +
   28   103  0   0.1%   0.315 GU:3    +
    7    12  0   0.1%   0.560 AU:3    +
   41    77  0   0.0%   0.820 CG:3    +
   16    96  0   0.0%   0.212 GC:3    +
   91   103  0   0.0%   0.363 AU:3    +
    2     7  0   0.0%   0.011 UA:3    +
   30    67  0   0.0%   0.035 CG:3    +
   18    25  0   0.0%   0.015 GC:3    +
  121   138  0   0.0%   0.600 AU:3    +
   88   106  0   0.0%   0.295 UA:3    +
   15    97  0   0.0%   0.263 UA:3    +
  123   134  0   0.0%   0.015 UA:3    +
   28   149  0   0.0%   0.471 GU:3    +
   21   156  0   0.0%   0.570 GC:3    +
   19    93  0   0.0%   0.199 CG:3    +
   20    92  0   0.0%   0.228 AU:3    +
   18   109  0   0.0%   0.255 GC:3    +
   19   108  0   0.0%   0.203 CG:3    +
  147   159  0   0.0%   1.052 GC:3    +
   29    34  0   0.0%   0.068 AU:3    +
  148   158  0   0.0%   1.096 UG:3    +
  124   133  0   0.0%   0.022 UG:3    +
   17    95  0   0.0%   0.199 AU:3    +
   16    25  0   0.0%   0.015 GC:3    +
   17   110  0   0.0%   0.204 AU:3    +
   17    26  0   0.0%   0.012 AU:3    +
  103   150  0   0.0%   0.674 UA:3    +
    4    16  0   0.0%   0.011 CG:3    +
   96   108  0   0.0%   0.984 CG:3    +
  122   135  0   0.0%   0.011 UA:3    +
    2     8  0   0.0%   0.014 UA:3    +
  115   156  0   0.0%   0.639 GC:3    +
   13   160  0   0.0%   0.702 CG:3    +
  105   161  0   0.0%   1.686 GC:3    +
   10   162  0   0.0%   0.133 AU:3    +
   28   153  0   0.0%   0.596 GC:3    +
   65   113  0   0.0%   1.161 AU:3    +
   90   158  0   0.0%   0.602 CG:3    +
   80    96  0   0.0%   0.145 GC:3    +
   21   155  0   0.0%   0.778 GC:3    +
   27   154  0   0.0%   0.505 AU:3    +
   94    98  0   0.0%   0.380 AU:3    +
  149   157  0   0.0%   0.845 UA:3    +
   60   154  0   0.0%   0.549 GU:3    +
   93   102  0   0.0%   0.658 GU:3    +
  119   137  0   0.0%   0.010 GU:3    +
   12   157  0   0.0%   0.460 UA:3    +
   21    26  0   0.0%   0.063 GU:3    +
   47    75  0   0.0%   1.196 CG:3    +
  118   141  0   0.0%   0.532 CG:3    +
   22   154  0   0.0%   0.351 AU:3    +
  116   141  0   0.0%   0.841 CG:3    +
  119   154  0   0.0%   0.502 GU:3    +
   81    95  0   0.0%   0.146 GU:3    +
  132   136  0   0.0%   0.309 UA:3    +
   95    99  0   0.0%   0.336 UA:3    +
   21   149  0   0.0%   0.541 GU:3    +
   21    36  0   0.0%   0.088 GC:3    +
   16    42  0   0.0%   0.020 GU:3    +
   78    93  0   0.0%   0.138 CG:3    +
  152   156  0   0.0%   0.695 GC:3    +
   91   102  0   0.0%   0.368 AU:3    +
  108   148  0   0.0%   0.887 GU:3    +
    5   114  0   0.0%   0.355 GC:3    +
   30   152  0   0.0%   0.350 CG:3    +
   45    52  0   0.0%   0.218 GC:3    +
   79    92  0   0.0%   0.125 AU:3    +
  100   147  0   0.0%   0.408 CG:3    +
   88    93  0   0.0%   0.457 UG:3    +
    6   113  0   0.0%   0.362 AU:3    +
   22   148  0   0.0%   0.098 AU:3    +
  117   156  0   0.0%   0.669 GC:3    +
   31   107  0   0.0%   0.216 GC:3    +
   81    90  0   0.0%   0.191 GC:3    +
  105   114  0   0.0%   1.467 GC:3    +
   30   105  0   0.0%   0.277 CG:3    +
   45   163  0   0.0%   1.056 GC:3    +
  128   132  0   0.0%   0.016 AU:3    +
    5    14  0   0.0%   0.337 GU:3    +
   11   158  0   0.0%   0.284 UG:3    +
  151   157  0   0.0%   0.869 UA:3    +
   31    66  0   0.0%   0.094 GU:3    +
  101   146  0   0.0%   0.384 CG:3    +
   61    69  0   0.0%   0.722 GC:3    +
   57    66  0   0.0%   0.510 GU:3    +
   56    67  0   0.0%   1.430 CG:3    +
   49    68  0   0.0%   0.287 UG:3    +
   29    70  0   0.0%   0.084 AU:3    +
   45    70  0   0.0%   0.611 GU:3    +
  104   108  0   0.0%   1.047 CG:3    +
  106   113  0   0.0%   0.753 AU:3    +
   60    70  0   0.0%   0.570 GU:3    +
   76   100  0   0.0%   0.380 GC:3    +
   23    92  0   0.0%   0.029 AU:3    +
   75   101  0   0.0%   0.824 GC:3    +
   89    95  0   0.0%   0.337 AU:3    +
    8   162  0   0.0%   0.120 AU:3    +
  111   159  0   0.0%   1.059 GC:3    +
  123   130  0   0.0%   0.006 UA:3    +
  112   158  0   0.0%   1.184 UG:3    +
   16   104  0   0.0%   0.220 GC:3    +
  117   154  0   0.0%   0.660 GU:3    +
   31    90  0   0.0%   0.297 GC:3    +
   84    91  0   0.0%   0.112 UA:3    +
  113   157  0   0.0%   1.188 UA:3    +
    7   112  0   0.0%   0.283 AU:3    +
    5   161  0   0.0%   0.382 GC:3    +
   83    92  0   0.0%   0.126 AU:3    +
   52    60  0   0.0%   0.019 CG:3    +
  134   138  0   0.0%   0.638 AU:3    +
   28   107  0   0.0%   0.348 GC:3    +
   31   101  0   0.0%   0.283 GC:3    +
  123   133  0   0.0%   0.018 UG:3    +
   32   106  0   0.0%   0.316 UA:3    +
   98   106  0   0.0%   0.473 UA:3    +
   17   103  0   0.0%   0.207 AU:3    +
   31   100  0   0.0%   0.209 GC:3    +
  122   134  0   0.0%   0.006 UA:3    +
  158   163  0   0.0%   1.145 GC:3    +
  108   118  0   0.0%   0.715 GC:3    +
   28   100  0   0.0%   0.200 GC:3    +
  109   117  0   0.0%   0.518 CG:3    +
   92   157  0   0.0%   1.122 UA:3    +
    2    16  0   0.0%   0.019 UG:3    +
   15   105  0   0.0%   0.268 UG:3    +
  109   147  0   0.0%   1.137 CG:3    +
   32    89  0   0.0%   0.336 UA:3    +
   96   146  0   0.0%   0.588 CG:3    +
   28   163  0   0.0%   0.644 GC:3    +
   26    87  0   0.0%   0.133 UA:3    +
    7   162  0   0.0%   0.363 AU:3    +
    2    10  0   0.0%   0.016 UA:3    +
   26   108  0   0.0%   0.247 UG:3    +
  151   160  0   0.0%   1.090 UG:3    +
    7   164  0   0.0%   0.287 AU:3    +
   93   114  0   0.0%   1.241 GC:3    +
   14   106  0   0.0%   0.263 UA:3    +
   11    46  0   0.0%   0.259 UA:3    +
   32    99  0   0.0%   0.310 UA:3    +
   46   162  0   0.0%   0.425 AU:3    +
   27    34  0   0.0%   0.100 AU:3    +
   26   150  0   0.0%   0.243 UA:3    +
   28   109  0   0.0%   0.579 GC:3    +
   94   113  0   0.0%   0.954 AU:3    +
   99   148  0   0.0%   0.173 AU:3    +
  157   164  0   0.0%   0.500 AU:3    +
  132   139  0   0.0%   0.504 UG:3    +
    5    30  0   0.0%   0.339 GC:3    +
   29   162  0   0.0%   0.531 AU:3    +
   93   156  0   0.0%   1.053 GC:3    +
   66   150  0   0.0%   0.605 UA:3    +
   67   149  0   0.0%   0.753 GU:3    +
   68   148  0   0.0%   0.590 GU:3    +
   69   147  0   0.0%   0.679 CG:3    +
   65   151  0   0.0%   0.965 AU:3    +
   91    95  0   0.0%   0.317 AU:3    +
   62   154  0   0.0%   1.055 GU:3    +
   27   110  0   0.0%   0.485 AU:3    +
   63   153  0   0.0%   1.118 GC:3    +
   61   155  0   0.0%   0.977 GC:3    +
   26    31  0   0.0%   0.118 UG:3    +
   60   156  0   0.0%   0.460 GC:3    +
   21   163  0   0.0%   0.839 GC:3    +
    3    12  0   0.0%   0.004 AU:3    +
   28    36  0   0.0%   0.019 GC:3    +
   27   164  0   0.0%   0.270 AU:3    +
    4    31  0   0.0%   0.008 CG:3    +
   24    95  0   0.0%   0.143 AU:3    +
  115   154  0   0.0%   0.673 GU:3    +
   54    58  0   0.0%   0.182 CG:3    +
   96   111  0   0.0%   0.982 CG:3    +
    3    32  0   0.0%   0.036 AU:3    +
   68   107  0   0.0%   0.277 GC:3    +
    8    12  0   0.0%   0.325 AU:3    +
  102   145  0   0.0%   0.347 UA:3    +
   22   162  0   0.0%   0.399 AU:3    +
   98   105  0   0.0%   1.160 UG:3    +
    2     6  0   0.0%   0.003 UA:3    +
  114   160  0   0.0%   1.189 CG:3    +
  119   155  0   0.0%   0.694 GC:3    +
   62    69  0   0.0%   1.104 GC:3    +
  123   136  0   0.0%   0.589 UA:3    +
   18   102  0   0.0%   0.255 GU:3    +
   74   102  0   0.0%   0.432 AU:3    +
  124   135  0   0.0%   0.590 UA:3    +
    3   164  0   0.0%   0.039 AU:3    +
   97   110  0   0.0%   0.498 AU:3    +
  103   108  0   0.0%   1.090 UG:3    +
   99   103  0   0.0%   0.675 AU:3    +
   27   149  0   0.0%   0.372 AU:3    +
   21   114  0   0.0%   0.762 GC:3    +
  118   160  0   0.0%   1.148 CG:3    +
  117   161  0   0.0%   1.232 GC:3    +
   20   154  0   0.0%   0.903 AU:3    +
   31    92  0   0.0%   0.231 GU:3    +
   21   153  0   0.0%   0.776 GC:3    +
    2    17  0   0.0%   0.018 UA:3    +
   20   164  0   0.0%   0.673 AU:3    +
  107   111  0   0.0%   0.626 CG:3    +
   33    88  0   0.0%   0.411 AU:3    +
    1    18  0   0.0%   0.009 CG:3    +
  102   106  0   0.0%   0.670 UA:3    +
   61    70  0   0.0%   0.715 GU:3    +
  153   160  0   0.0%   1.237 CG:3    +
   44   164  0   0.0%   0.430 AU:3    +
  152   161  0   0.0%   1.168 GC:3    +
    3   162  0   0.0%   0.037 AU:3    +
   32    65  0   0.0%   0.124 UA:3    +
   19    28  0   0.0%   0.010 CG:3    +
   33    98  0   0.0%   0.228 AU:3    +
  106   112  0   0.0%   0.750 AU:3    +
   87   103  0   0.0%   0.515 AU:3    +
   25   146  0   0.0%   0.313 CG:3    +
  102   108  0   0.0%   0.791 UG:3    +
   22   113  0   0.0%   0.319 AU:3    +
   21   107  0   0.0%   0.307 GC:3    +
    2    33  0   0.0%   0.020 UA:3    +
    8   164  0   0.0%   0.042 AU:3    +
   12    45  0   0.0%   0.344 UG:3    +
   18   101  0   0.0%   0.245 GC:3    +
    5    47  0   0.0%   0.339 GC:3    +
   23    95  0   0.0%   0.058 AU:3    +
   48    70  0   0.0%   0.351 AU:3    +
  102   150  0   0.0%   0.370 UA:3    +
  123   150  0   0.0%   0.482 UA:3    +
   14    46  0   0.0%   0.369 UA:3    +
    8    49  0   0.0%   0.036 AU:3    +
   25   111  0   0.0%   0.534 CG:3    +
   47    51  0   0.0%   0.004 CG:3    +
    6   164  0   0.0%   0.440 AU:3    +
   25   152  0   0.0%   0.659 CG:3    +
   20    98  0   0.0%   0.224 AU:3    +
   59   156  0   0.0%   0.591 GC:3    +
   60   155  0   0.0%   0.687 GC:3    +
   21   151  0   0.0%   0.756 GU:3    +
   67    72  0   0.0%   0.805 GC:3    +
   59    69  0   0.0%   0.512 GC:3    +
  104   115  0   0.0%   0.612 CG:3    +
   28    92  0   0.0%   0.212 GU:3    +
   93   109  0   0.0%   1.242 GC:3    +
   17   102  0   0.0%   0.202 AU:3    +
   95   105  0   0.0%   1.040 UG:3    +
    1    21  0   0.0%   0.009 CG:3    +
  105   113  0   0.0%   1.460 GU:3    +
   29    92  0   0.0%   0.185 AU:3    +
   24   112  0   0.0%   0.333 AU:3    +
   52    59  0   0.0%   0.099 CG:3    +
   60   116  0   0.0%   0.209 GC:3    +
    2    20  0   0.0%   0.018 UA:3    +
   46   164  0   0.0%   0.143 AU:3    +
  115   163  0   0.0%   0.904 GC:3    +
   26   145  0   0.0%   0.219 UA:3    +
   23   112  0   0.0%   0.256 AU:3    +
  118   133  0   0.0%   0.218 CG:3    +
   61   118  0   0.0%   0.728 GC:3    +
   28    86  0   0.0%   0.086 GC:3    +
   26    94  0   0.0%   0.194 UA:3    +
    5    11  0   0.0%   0.008 GU:3    +
   58    70  0   0.0%   0.447 GU:3    +
    4    18  0   0.0%   0.006 CG:3    +
  119   159  0   0.0%   0.704 GC:3    +
   32    91  0   0.0%   0.314 UA:3    +
   23    32  0   0.0%   0.016 AU:3    +
  104   119  0   0.0%   0.597 CG:3    +
   15   158  0   0.0%   0.513 UG:3    +
   31    36  0   0.0%   0.092 GC:3    +
    9   164  0   0.0%   0.043 AU:3    +
   22    92  0   0.0%   0.056 AU:3    +
    2    27  0   0.0%   0.018 UA:3    +
    1    28  0   0.0%   0.009 CG:3    +
  111   163  0   0.0%   1.072 GC:3    +
   89   102  0   0.0%   0.380 AU:3    +
  147   155  0   0.0%   1.038 GC:3    +
   19   158  0   0.0%   0.865 CG:3    +
  101   152  0   0.0%   0.618 CG:3    +
   26   111  0   0.0%   0.442 UG:3    +
   18   159  0   0.0%   0.735 GC:3    +
    3    11  0   0.0%   0.002 AU:3    +
  147   153  0   0.0%   0.925 GC:3    +
    3    26  0   0.0%   0.034 AU:3    +
   12   158  0   0.0%   0.458 UG:3    +
   28   148  0   0.0%   0.470 GU:3    +
  120   158  0   0.0%   0.864 CG:3    +
   21    90  0   0.0%   0.266 GC:3    +
  105   109  0   0.0%   1.463 GC:3    +
   44    49  0   0.0%   0.252 AU:3    +
  146   156  0   0.0%   0.743 GC:3    +
   37    61  0   0.0%   0.182 CG:3    +
   98   108  0   0.0%   0.567 UG:3    +
   12    48  0   0.0%   0.472 UA:3    +
   36    62  0   0.0%   0.006 CG:3    +
   29    98  0   0.0%   0.177 AU:3    +
  148   152  0   0.0%   0.795 UG:3    +
   35    63  0   0.0%   0.026 CG:3    +
   28   156  0   0.0%   0.381 GC:3    +
  110   146  0   0.0%   1.034 UG:3    +
   23   113  0   0.0%   0.258 AU:3    +
  101   147  0   0.0%   0.480 CG:3    +
  117   153  0   0.0%   0.589 GC:3    +
  105   151  0   0.0%   1.532 GU:3    +
    8    26  0   0.0%   0.035 AU:3    +
  115   162  0   0.0%   1.079 GU:3    +
   38    60  0   0.0%   0.189 UG:3    +
  105   148  0   0.0%   1.199 GU:3    +
    5   164  0   0.0%   0.465 GU:3    +
    5   162  0   0.0%   0.381 GU:3    +
   16   103  0   0.0%   0.215 GU:3    +
    4   108  0   0.0%   0.015 CG:3    +
  118   152  0   0.0%   0.493 CG:3    +
    5   107  0   0.0%   0.349 GC:3    +
  125   146  0   0.0%   0.601 CG:3    +
   15    45  0   0.0%   0.463 UG:3    +
   15    22  0   0.0%   0.117 UA:3    +
  119   132  0   0.0%   0.002 GU:3    +
  124   147  0   0.0%   0.669 UG:3    +
  108   114  0   0.0%   0.874 GC:3    +
   88   105  0   0.0%   0.648 UG:3    +
   44    66  0   0.0%   0.396 AU:3    +
   43    67  0   0.0%   0.277 CG:3    +
   62   114  0   0.0%   0.961 GC:3    +
   87   102  0   0.0%   0.524 AU:3    +
    1    16  0   0.0%   0.006 CG:3    +
   10   164  0   0.0%   0.045 AU:3    +
   41    57  0   0.0%   0.122 CG:3    +
  108   161  0   0.0%   0.947 GC:3    +
   40    58  0   0.0%   0.122 CG:3    +
  123   128  0   0.0%   0.001 UA:3    +
  104   152  0   0.0%   0.858 CG:3    +
  122   133  0   0.0%   0.012 UG:3    +
  107   115  0   0.0%   0.221 CG:3    +
   14    29  0   0.0%   0.100 UA:3    +
   15    28  0   0.0%   0.109 UG:3    +
  109   160  0   0.0%   1.287 CG:3    +
   47    63  0   0.0%   0.130 CG:3    +
   28    70  0   0.0%   0.152 GU:3    +
   34    64  0   0.0%   0.057 UG:3    +
   54    68  0   0.0%   1.127 CG:3    +
   14    23  0   0.0%   0.100 UA:3    +
  117   137  0   0.0%   0.047 GU:3    +
    5    96  0   0.0%   0.339 GC:3    +
   30   111  0   0.0%   0.326 CG:3    +
   53    69  0   0.0%   0.543 GC:3    +
   13    93  0   0.0%   0.449 CG:3    +
  133   144  0   0.0%   0.674 GC:3    +
   31    98  0   0.0%   0.212 GU:3    +
    7    49  0   0.0%   0.271 AU:3    +
   11   157  0   0.0%   0.278 UA:3    +
   89   103  0   0.0%   0.369 AU:3    +
   59   153  0   0.0%   0.575 GC:3    +
   12    94  0   0.0%   0.452 UA:3    +
  134   140  0   0.0%   0.782 AU:3    +
   29   112  0   0.0%   0.456 AU:3    +
  132   141  0   0.0%   0.483 UG:3    +
   43    58  0   0.0%   0.294 CG:3    +
   13   117  0   0.0%   0.449 CG:3    +
  132   142  0   0.0%   0.316 UA:3    +
    2   106  0   0.0%   0.019 UA:3    +
    6    95  0   0.0%   0.347 AU:3    +
  133   140  0   0.0%   0.863 GU:3    +
   24   149  0   0.0%   0.329 AU:3    +
   31    40  0   0.0%   0.209 GC:3    +
   16    90  0   0.0%   0.202 GC:3    +
   38    44  0   0.0%   0.412 UA:3    +
   37    45  0   0.0%   0.392 CG:3    +
   32    39  0   0.0%   0.310 UG:3    +
   28    72  0   0.0%   0.084 GC:3    +
    4   158  0   0.0%   0.015 CG:3    +
    5   156  0   0.0%   0.351 GC:3    +
   39    43  0   0.0%   0.374 GC:3    +
   15    91  0   0.0%   0.253 UA:3    +
   80    90  0   0.0%   0.185 GC:3    +
   23   154  0   0.0%   0.382 AU:3    +
   38    62  0   0.0%   0.364 UG:3    +
   42    59  0   0.0%   0.372 UG:3    +
   41    60  0   0.0%   0.226 CG:3    +
  119   151  0   0.0%   0.268 GU:3    +
   89   110  0   0.0%   0.472 AU:3    +
   88   150  0   0.0%   0.259 UA:3    +
  105   155  0   0.0%   1.745 GC:3    +
   88   111  0   0.0%   0.667 UG:3    +
   52    58  0   0.0%   0.097 CG:3    +
  122   130  0   0.0%   0.001 UA:3    +
  111   116  0   0.0%   0.668 GC:3    +
  132   145  0   0.0%   0.479 UA:3    +
    1   158  0   0.0%   0.009 CG:3    +
   24   103  0   0.0%   0.125 AU:3    +
   34    97  0   0.0%   0.239 UA:3    +
   18    30  0   0.0%   0.007 GC:3    +
   40    61  0   0.0%   0.303 CG:3    +
   26   147  0   0.0%   0.349 UG:3    +
   92   115  0   0.0%   0.717 UG:3    +
   28   113  0   0.0%   0.573 GU:3    +
   15    27  0   0.0%   0.108 UA:3    +
   34    87  0   0.0%   0.237 UA:3    +
   43    53  0   0.0%   0.187 CG:3    +
   49    64  0   0.0%   0.116 UG:3    +
   43    76  0   0.0%   1.065 CG:3    +
   43    51  0   0.0%   0.186 CG:3    +
   16   161  0   0.0%   0.684 GC:3    +
  151   158  0   0.0%   1.098 UG:3    +
   27   151  0   0.0%   0.476 AU:3    +
    2   157  0   0.0%   0.020 UA:3    +
  106   154  0   0.0%   0.900 AU:3    +
   95   108  0   0.0%   0.982 UG:3    +
  102   152  0   0.0%   0.605 UG:3    +
   87   112  0   0.0%   0.615 AU:3    +
  107   119  0   0.0%   0.249 CG:3    +
   87   151  0   0.0%   0.422 AU:3    +
  105   116  0   0.0%   1.244 GC:3    +
   24   102  0   0.0%   0.123 AU:3    +
    5    25  0   0.0%   0.336 GC:3    +
   31    88  0   0.0%   0.393 GU:3    +
   37    63  0   0.0%   0.359 CG:3    +
  100   152  0   0.0%   0.544 CG:3    +
   28    43  0   0.0%   0.200 GC:3    +
   33    38  0   0.0%   0.226 AU:3    +
   29    42  0   0.0%   0.197 AU:3    +
    4   111  0   0.0%   0.014 CG:3    +
  127   133  0   0.0%   0.335 UG:3    +
   28    32  0   0.0%   0.130 GU:3    +
   26   152  0   0.0%   0.478 UG:3    +
   98   111  0   0.0%   0.566 UG:3    +
  111   118  0   0.0%   0.638 GC:3    +
   28   144  0   0.0%   0.346 GC:3    +
   99   110  0   0.0%   0.459 AU:3    +
   49    74  0   0.0%   0.681 UA:3    +
  130   137  0   0.0%   0.290 AU:3    +
    4   115  0   0.0%   0.015 CG:3    +
   63   113  0   0.0%   0.907 GU:3    +
   58   118  0   0.0%   0.097 GC:3    +
   73   103  0   0.0%   0.694 GU:3    +
  112   117  0   0.0%   0.467 UG:3    +
   24    88  0   0.0%   0.100 AU:3    +
  131   146  0   0.0%   0.623 CG:3    +
   22    32  0   0.0%   0.023 AU:3    +
   97   112  0   0.0%   0.494 AU:3    +
   26    97  0   0.0%   0.196 UA:3    +
    4    28  0   0.0%   0.005 CG:3    +
    3   112  0   0.0%   0.035 AU:3    +
   63    69  0   0.0%   1.050 GC:3    +
   90   147  0   0.0%   0.299 CG:3    +
   69   158  0   0.0%   0.967 CG:3    +
   68   159  0   0.0%   0.687 GC:3    +
   23   103  0   0.0%   0.048 AU:3    +
   93   159  0   0.0%   1.066 GC:3    +
   32    97  0   0.0%   0.303 UA:3    +
   95   150  0   0.0%   0.578 UA:3    +
   16    26  0   0.0%   0.010 GU:3    +
   45    55  0   0.0%   0.379 GU:3    +
   36    64  0   0.0%   0.182 CG:3    +
   81   100  0   0.0%   0.346 GC:3    +
   15    21  0   0.0%   0.117 UG:3    +
   22    98  0   0.0%   0.084 AU:3    +
   80   101  0   0.0%   0.405 GC:3    +
    1   108  0   0.0%   0.009 CG:3    +
   13   105  0   0.0%   0.457 CG:3    +
   42    73  0   0.0%   0.278 UG:3    +
   70   157  0   0.0%   0.798 UA:3    +
   94   151  0   0.0%   0.766 AU:3    +
   70   146  0   0.0%   0.409 UG:3    +
  115   153  0   0.0%   0.605 GC:3    +
   22   151  0   0.0%   0.325 AU:3    +
   12   106  0   0.0%   0.452 UA:3    +
   81    86  0   0.0%   0.186 GC:3    +
   89   149  0   0.0%   0.182 AU:3    +
   15   160  0   0.0%   0.366 UG:3    +
   14    22  0   0.0%   0.103 UA:3    +
   42    71  0   0.0%   0.340 UA:3    +
   79   102  0   0.0%   0.468 AU:3    +
  107   152  0   0.0%   0.759 CG:3    +
   15    24  0   0.0%   0.101 UA:3    +
   13   108  0   0.0%   0.450 CG:3    +
   21   101  0   0.0%   0.298 GC:3    +
   28   114  0   0.0%   0.573 GC:3    +
  116   152  0   0.0%   0.803 CG:3    +
  124   130  0   0.0%   0.003 UA:3    +
  105   153  0   0.0%   1.541 GC:3    +
   96   141  0   0.0%   0.562 CG:3    +
  108   151  0   0.0%   0.742 GU:3    +
   21   161  0   0.0%   0.755 GC:3    +
   97   140  0   0.0%   0.074 AU:3    +
   98   139  0   0.0%   0.146 UG:3    +
   89   148  0   0.0%   0.192 AU:3    +
   20   162  0   0.0%   0.952 AU:3    +
  122   128  0   0.0%   0.000 UA:3    +
   95   142  0   0.0%   0.565 UA:3    +
   31   104  0   0.0%   0.287 GC:3    +
  104   117  0   0.0%   0.597 CG:3    +
   62    70  0   0.0%   1.095 GU:3    +
   15    23  0   0.0%   0.114 UA:3    +
   18   163  0   0.0%   1.183 GC:3    +
   32    87  0   0.0%   0.298 UA:3    +
  156   160  0   0.0%   0.976 CG:3    +
   25    68  0   0.0%   0.110 CG:3    +
   63   116  0   0.0%   1.066 GC:3    +
   14    28  0   0.0%   0.100 UG:3    +
  106   151  0   0.0%   0.826 AU:3    +
   28    37  0   0.0%   0.195 GC:3    +
   16    56  0   0.0%   0.201 GC:3    +
   17    55  0   0.0%   0.189 AU:3    +
   18    54  0   0.0%   0.243 GC:3    +
   19    53  0   0.0%   0.189 CG:3    +
  144   152  0   0.0%   0.704 CG:3    +
  147   156  0   0.0%   0.801 GC:3    +
   49    73  0   0.0%   0.955 UG:3    +
   15    57  0   0.0%   0.252 UG:3    +
   14    58  0   0.0%   0.258 UG:3    +
   55    67  0   0.0%   1.576 UG:3    +
   13    59  0   0.0%   0.448 CG:3    +
   99   138  0   0.0%   0.035 AU:3    +
  145   151  0   0.0%   0.854 AU:3    +
   15    20  0   0.0%   0.115 UA:3    +
   21   148  0   0.0%   0.534 GU:3    +
  129   147  0   0.0%   0.701 CG:3    +
   23    88  0   0.0%   0.019 AU:3    +
   20   102  0   0.0%   0.233 AU:3    +
   24   154  0   0.0%   0.455 AU:3    +
   25    45  0   0.0%   0.320 CG:3    +
   26    44  0   0.0%   0.292 UA:3    +
   93   144  0   0.0%   0.820 GC:3    +
    6    49  0   0.0%   0.347 AU:3    +
   90   117  0   0.0%   0.184 CG:3    +
    5   110  0   0.0%   0.348 GU:3    +
  128   148  0   0.0%   0.412 AU:3    +
   17   164  0   0.0%   0.859 AU:3    +
  139   144  0   0.0%   0.783 GC:3    +
   18   100  0   0.0%   0.243 GC:3    +
   72   108  0   0.0%   0.805 CG:3    +
   26    67  0   0.0%   0.067 UG:3    +
   61   154  0   0.0%   0.835 GU:3    +
   29   113  0   0.0%   0.457 AU:3    +
   66    73  0   0.0%   1.017 UG:3    +
   70   108  0   0.0%   0.610 UG:3    +
    1   160  0   0.0%   0.009 CG:3    +
   22    88  0   0.0%   0.051 AU:3    +
   42    68  0   0.0%   0.346 UG:3    +
   48   162  0   0.0%   0.444 AU:3    +
  105   162  0   0.0%   1.755 GU:3    +
   12    60  0   0.0%   0.451 UG:3    +
   62   151  0   0.0%   0.970 GU:3    +
    9    26  0   0.0%   0.027 AU:3    +
   12   108  0   0.0%   0.453 UG:3    +
  154   158  0   0.0%   1.163 UG:3    +
    9   110  0   0.0%   0.031 AU:3    +
   87   113  0   0.0%   0.618 AU:3    +
   92   145  0   0.0%   0.703 UA:3    +
    1   111  0   0.0%   0.009 CG:3    +
   28   161  0   0.0%   0.557 GC:3    +
   14   160  0   0.0%   0.528 UG:3    +
   11    24  0   0.0%   0.255 UA:3    +
   22   102  0   0.0%   0.093 AU:3    +
   27    38  0   0.0%   0.233 AU:3    +
   28   159  0   0.0%   0.397 GC:3    +
  107   146  0   0.0%   0.274 CG:3    +
   11    50  0   0.0%   0.277 UA:3    +
   73   107  0   0.0%   0.834 GC:3    +
   96   147  0   0.0%   0.683 CG:3    +
   29   151  0   0.0%   0.453 AU:3    +
   30   160  0   0.0%   0.366 CG:3    +
  102   146  0   0.0%   0.369 UG:3    +
   77   159  0   0.0%   0.597 GC:3    +
   78   158  0   0.0%   0.498 CG:3    +
  117   151  0   0.0%   0.579 GU:3    +
   75   161  0   0.0%   1.354 GC:3    +
   74   162  0   0.0%   1.015 AU:3    +
   73   163  0   0.0%   1.112 GC:3    +
   23   151  0   0.0%   0.360 AU:3    +
   14    24  0   0.0%   0.087 UA:3    +
   16   113  0   0.0%   0.210 GU:3    +
   27   162  0   0.0%   0.548 AU:3    +
  104   111  0   0.0%   1.015 CG:3    +
   89   154  0   0.0%   0.365 AU:3    +
   52    77  0   0.0%   0.630 CG:3    +
    8   102  0   0.0%   0.042 AU:3    +
  157   162  0   0.0%   0.950 AU:3    +
    1    45  0   0.0%   0.008 CG:3    +
   76   104  0   0.0%   0.900 GC:3    +
    3    49  0   0.0%   0.034 AU:3    +
   10    26  0   0.0%   0.017 AU:3    +
   50   164  0   0.0%   0.377 AU:3    +
   20    95  0   0.0%   0.225 AU:3    +
   64    69  0   0.0%   1.293 GC:3    +
   10    98  0   0.0%   0.036 AU:3    +
   68    72  0   0.0%   0.629 GC:3    +
  105   110  0   0.0%   1.464 GU:3    +
   17   112  0   0.0%   0.200 AU:3    +
   77   103  0   0.0%   0.682 GU:3    +
   82    90  0   0.0%   0.187 GC:3    +
    5   155  0   0.0%   0.351 GC:3    +
   96   158  0   0.0%   0.986 CG:3    +
   45    49  0   0.0%   0.238 GU:3    +
   10   102  0   0.0%   0.044 AU:3    +
   31    72  0   0.0%   0.105 GC:3    +
   24   151  0   0.0%   0.434 AU:3    +
   27    95  0   0.0%   0.205 AU:3    +
   24    98  0   0.0%   0.106 AU:3    +
   12    23  0   0.0%   0.348 UA:3    +
   14    48  0   0.0%   0.279 UA:3    +
   21    98  0   0.0%   0.298 GU:3    +
   31    96  0   0.0%   0.248 GC:3    +
  115   144  0   0.0%   0.649 GC:3    +
   93   153  0   0.0%   1.075 GC:3    +
  101   158  0   0.0%   0.765 CG:3    +
   11   111  0   0.0%   0.277 UG:3    +
   10   112  0   0.0%   0.038 AU:3    +
  108   149  0   0.0%   0.868 GU:3    +
   61   153  0   0.0%   0.783 GC:3    +
    6   154  0   0.0%   0.358 AU:3    +
   32    71  0   0.0%   0.266 UA:3    +
   12    99  0   0.0%   0.452 UA:3    +
  102   157  0   0.0%   0.757 UA:3    +
   51    78  0   0.0%   0.250 GC:3    +
   86   108  0   0.0%   0.522 CG:3    +
   58    72  0   0.0%   0.457 GC:3    +
   21    95  0   0.0%   0.268 GU:3    +
   21   100  0   0.0%   0.297 GC:3    +
  135   140  0   0.0%   0.779 AU:3    +
   52    76  0   0.0%   0.854 CG:3    +
    4    45  0   0.0%   0.005 CG:3    +
   80    86  0   0.0%   0.185 GC:3    +
   11    99  0   0.0%   0.277 UA:3    +
  103   134  0   0.0%   0.641 UA:3    +
  127   146  0   0.0%   0.661 UG:3    +
   28   151  0   0.0%   0.569 GU:3    +
  138   145  0   0.0%   0.803 UA:3    +
  126   147  0   0.0%   0.705 CG:3    +
   11    97  0   0.0%   0.277 UA:3    +
   30   158  0   0.0%   0.325 CG:3    +
   85    95  0   0.0%   0.382 AU:3    +
  104   133  0   0.0%   0.597 CG:3    +
  102   135  0   0.0%   0.343 UA:3    +
  103   152  0   0.0%   0.904 UG:3    +
   31    35  0   0.0%   0.112 GC:3    +
   16   101  0   0.0%   0.205 GC:3    +
   86   152  0   0.0%   0.539 CG:3    +
  114   158  0   0.0%   1.182 CG:3    +
   82   155  0   0.0%   0.761 GC:3    +
   81   156  0   0.0%   0.329 GC:3    +
  146   154  0   0.0%   0.785 GU:3    +
   87   110  0   0.0%   0.616 AU:3    +
   11    61  0   0.0%   0.277 UG:3    +
    2    50  0   0.0%   0.019 UA:3    +
   61    66  0   0.0%   0.761 GU:3    +
   63    70  0   0.0%   1.042 GU:3    +
   10   110  0   0.0%   0.036 AU:3    +
   65   148  0   0.0%   0.869 AU:3    +
  124   128  0   0.0%   0.001 UA:3    +
    9   113  0   0.0%   0.033 AU:3    +
   83   154  0   0.0%   0.612 AU:3    +
    7   103  0   0.0%   0.287 AU:3    +
   18   107  0   0.0%   0.245 GC:3    +
   55    68  0   0.0%   1.403 UG:3    +
   14   115  0   0.0%   0.260 UG:3    +
    5    19  0   0.0%   0.335 GC:3    +
    9   103  0   0.0%   0.040 AU:3    +
   27    66  0   0.0%   0.046 AU:3    +
   11    22  0   0.0%   0.242 UA:3    +
    4    21  0   0.0%   0.005 CG:3    +
   26    39  0   0.0%   0.255 UG:3    +
    3    98  0   0.0%   0.034 AU:3    +
   64   149  0   0.0%   1.231 GU:3    +
    3   110  0   0.0%   0.034 AU:3    +
   16   159  0   0.0%   0.708 GC:3    +
   31   151  0   0.0%   0.428 GU:3    +
   16    30  0   0.0%   0.010 GC:3    +
   66   147  0   0.0%   0.714 UG:3    +
   11    17  0   0.0%   0.243 UA:3    +
   12    16  0   0.0%   0.325 UG:3    +
  132   143  0   0.0%   0.324 UA:3    +
   20   149  0   0.0%   0.446 AU:3    +
    7    26  0   0.0%   0.270 AU:3    +
  105   120  0   0.0%   1.063 GC:3    +
   12    21  0   0.0%   0.321 UG:3    +
    2    44  0   0.0%   0.018 UA:3    +
   21   110  0   0.0%   0.760 GU:3    +
  160   164  0   0.0%   0.718 GU:3    +
    2    99  0   0.0%   0.019 UA:3    +
  105   156  0   0.0%   1.503 GC:3    +
  110   115  0   0.0%   0.486 UG:3    +
  119   131  0   0.0%   0.001 GC:3    +
   49    53  0   0.0%   0.066 UG:3    +
    2   111  0   0.0%   0.019 UG:3    +
  129   133  0   0.0%   0.335 CG:3    +
  119   129  0   0.0%   0.001 GC:3    +
  108   153  0   0.0%   0.751 GC:3    +
   77   101  0   0.0%   0.670 GC:3    +
   59    72  0   0.0%   0.529 GC:3    +
   21    92  0   0.0%   0.268 GU:3    +
   62   153  0   0.0%   1.000 GC:3    +
   99   154  0   0.0%   0.360 AU:3    +
   13    18  0   0.0%   0.308 CG:3    +
   33    70  0   0.0%   0.195 AU:3    +
   93   163  0   0.0%   1.124 GC:3    +
    9   102  0   0.0%   0.039 AU:3    +
   36    61  0   0.0%   0.004 CG:3    +
   31    70  0   0.0%   0.175 GU:3    +
   35    62  0   0.0%   0.025 CG:3    +
   37    60  0   0.0%   0.181 CG:3    +
   69    77  0   0.0%   0.519 CG:3    +
   42    50  0   0.0%   0.188 UA:3    +
   63    72  0   0.0%   1.039 GC:3    +
   59   116  0   0.0%   0.168 GC:3    +
   68    78  0   0.0%   0.358 GC:3    +
   32   150  0   0.0%   0.303 UA:3    +
    5   116  0   0.0%   0.350 GC:3    +
   83    88  0   0.0%   0.285 AU:3    +
  149   158  0   0.0%   1.074 UG:3    +
   70    76  0   0.0%   0.734 UG:3    +
   94   162  0   0.0%   1.014 AU:3    +
   14    21  0   0.0%   0.103 UG:3    +
   13   115  0   0.0%   0.449 CG:3    +
  111   155  0   0.0%   1.169 GC:3    +
   84    97  0   0.0%   0.322 UA:3    +
  100   111  0   0.0%   0.701 CG:3    +
    5   101  0   0.0%   0.338 GC:3    +
   28    98  0   0.0%   0.203 GU:3    +
    4   117  0   0.0%   0.014 CG:3    +
   28    95  0   0.0%   0.222 GU:3    +
  110   160  0   0.0%   1.243 UG:3    +
   11    45  0   0.0%   0.255 UG:3    +
   31   102  0   0.0%   0.306 GU:3    +
   59    66  0   0.0%   0.571 GU:3    +
   21   103  0   0.0%   0.308 GU:3    +
   27   148  0   0.0%   0.378 AU:3    +
   92   158  0   0.0%   1.117 UG:3    +
  109   152  0   0.0%   1.023 CG:3    +
   99   151  0   0.0%   0.286 AU:3    +
  101   111  0   0.0%   0.774 CG:3    +
   42    51  0   0.0%   0.188 UG:3    +
  105   159  0   0.0%   1.518 GC:3    +
  104   147  0   0.0%   0.719 CG:3    +
  124   150  0   0.0%   0.477 UA:3    +
  146   153  0   0.0%   0.866 GC:3    +
  117   131  0   0.0%   0.046 GC:3    +
   80   156  0   0.0%   0.316 GC:3    +
   81   155  0   0.0%   0.559 GC:3    +
   99   112  0   0.0%   0.455 AU:3    +
    4    93  0   0.0%   0.005 CG:3    +
    5    90  0   0.0%   0.338 GC:3    +
   52    57  0   0.0%   0.096 CG:3    +
   57   154  0   0.0%   0.361 GU:3    +
  105   132  0   0.0%   1.063 GU:3    +
    9    98  0   0.0%   0.031 AU:3    +
   43    68  0   0.0%   0.268 CG:3    +
   23    98  0   0.0%   0.023 AU:3    +
  158   162  0   0.0%   1.317 GU:3    +
  158   164  0   0.0%   0.866 GU:3    +
    2   160  0   0.0%   0.019 UG:3    +
   58    66  0   0.0%   0.509 GU:3    +
  150   154  0   0.0%   0.503 AU:3    +
   60    72  0   0.0%   0.567 GC:3    +
   80    95  0   0.0%   0.137 GU:3    +
   28    34  0   0.0%   0.062 GU:3    +
    8   112  0   0.0%   0.036 AU:3    +
   42    48  0   0.0%   0.208 UA:3    +
   84    89  0   0.0%   0.128 UA:3    +
  121   149  0   0.0%   0.663 AU:3    +
   16   164  0   0.0%   0.883 GU:3    +
   16   109  0   0.0%   0.207 GC:3    +
   21    38  0   0.0%   0.450 GU:3    +
   12    17  0   0.0%   0.321 UA:3    +
   69    75  0   0.0%   1.115 CG:3    +
   67   107  0   0.0%   0.449 GC:3    +
  119   126  0   0.0%   0.001 GC:3    +
   11   108  0   0.0%   0.278 UG:3    +
   83    98  0   0.0%   0.389 AU:3    +
  102   117  0   0.0%   0.343 UG:3    +
   62    66  0   0.0%   1.144 GU:3    +
   28   118  0   0.0%   0.346 GC:3    +
   51   163  0   0.0%   0.632 GC:3    +
   61   114  0   0.0%   0.579 GC:3    +
   30   146  0   0.0%   0.123 CG:3    +
  124   146  0   0.0%   0.611 UG:3    +
   70    74  0   0.0%   0.692 UA:3    +
   86   105  0   0.0%   0.698 CG:3    +
   38    59  0   0.0%   0.188 UG:3    +
   31   110  0   0.0%   0.436 GU:3    +
  145   154  0   0.0%   0.784 AU:3    +
  127   134  0   0.0%   0.295 UA:3    +
  106   110  0   0.0%   0.751 AU:3    +
   51    72  0   0.0%   0.502 GC:3    +
   55   158  0   0.0%   1.744 UG:3    +
  110   117  0   0.0%   0.470 UG:3    +
   76   102  0   0.0%   0.919 GU:3    +
   21    52  0   0.0%   0.264 GC:3    +
  123   147  0   0.0%   0.672 UG:3    +
  128   137  0   0.0%   0.289 AU:3    +
   11    18  0   0.0%   0.244 UG:3    +
   11    29  0   0.0%   0.255 UA:3    +
   67   109  0   0.0%   0.676 GC:3    +
   41    51  0   0.0%   0.121 CG:3    +
  128   149  0   0.0%   0.395 AU:3    +
    8   103  0   0.0%   0.043 AU:3    +
    7   113  0   0.0%   0.282 AU:3    +
  147   151  0   0.0%   0.913 GU:3    +
    5    49  0   0.0%   0.338 GU:3    +
   16   112  0   0.0%   0.209 GU:3    +
   28   154  0   0.0%   0.596 GU:3    +
    8    98  0   0.0%   0.034 AU:3    +
   11    16  0   0.0%   0.247 UG:3    +
  103   145  0   0.0%   0.643 UA:3    +
   18   113  0   0.0%   0.696 GU:3    +
   21   118  0   0.0%   0.534 GC:3    +
   14    99  0   0.0%   0.258 UA:3    +
  127   150  0   0.0%   0.379 UA:3    +
   82   154  0   0.0%   0.622 GU:3    +
   15   111  0   0.0%   0.258 UG:3    +
   60    66  0   0.0%   0.602 GU:3    +
  100   117  0   0.0%   0.282 CG:3    +
   40    53  0   0.0%   0.121 CG:3    +
   89   113  0   0.0%   0.479 AU:3    +
   80    92  0   0.0%   0.120 GU:3    +
   39    54  0   0.0%   0.188 GC:3    +
   42    46  0   0.0%   0.298 UA:3    +
    9    92  0   0.0%   0.031 AU:3    +
   94   112  0   0.0%   0.953 AU:3    +
   52   108  0   0.0%   0.516 CG:3    +
   51   109  0   0.0%   0.392 GC:3    +
   81   101  0   0.0%   0.418 GC:3    +
   53   107  0   0.0%   0.196 GC:3    +
    6    26  0   0.0%   0.347 AU:3    +
   56   105  0   0.0%   1.182 CG:3    +
   57   104  0   0.0%   0.193 GC:3    +
   50   110  0   0.0%   0.414 AU:3    +
   55   106  0   0.0%   1.166 UA:3    +
   82   100  0   0.0%   0.547 GC:3    +
  100   158  0   0.0%   0.692 CG:3    +
    5   109  0   0.0%   0.348 GC:3    +
   58   103  0   0.0%   0.186 GU:3    +
   60   101  0   0.0%   0.282 GC:3    +
   59   102  0   0.0%   0.268 GU:3    +
   61   100  0   0.0%   0.355 GC:3    +
  111   161  0   0.0%   1.162 GC:3    +
  119   125  0   0.0%   0.001 GC:3    +
   49   111  0   0.0%   0.593 UG:3    +
   31   153  0   0.0%   0.449 GC:3    +
    2    18  0   0.0%   0.017 UG:3    +
  103   157  0   0.0%   1.056 UA:3    +
   31   159  0   0.0%   0.247 GC:3    +
  104   141  0   0.0%   0.597 CG:3    +
   80   102  0   0.0%   0.429 GU:3    +
   51    70  0   0.0%   0.509 GU:3    +
  141   155  0   0.0%   0.981 GC:3    +
  103   142  0   0.0%   0.641 UA:3    +
   21    40  0   0.0%   0.384 GC:3    +
  123   146  0   0.0%   0.614 UG:3    +
  124   142  0   0.0%   0.589 UA:3    +
   18    69  0   0.0%   0.242 GC:3    +
   62   118  0   0.0%   0.945 GC:3    +
   19    68  0   0.0%   0.189 CG:3    +
  142   154  0   0.0%   0.622 AU:3    +
  117   126  0   0.0%   0.046 GC:3    +
   12    97  0   0.0%   0.451 UA:3    +
   37    58  0   0.0%   0.181 CG:3    +
   36    59  0   0.0%   0.004 CG:3    +
  102   121  0   0.0%   0.343 UA:3    +
   35    60  0   0.0%   0.025 CG:3    +
    2    46  0   0.0%   0.018 UA:3    +
   48   112  0   0.0%   0.379 AU:3    +
   14   105  0   0.0%   0.266 UG:3    +
   64    72  0   0.0%   1.282 GC:3    +
   13   111  0   0.0%   0.449 CG:3    +
   78   152  0   0.0%   0.332 CG:3    +
   77   153  0   0.0%   0.620 GC:3    +
   17    70  0   0.0%   0.189 AU:3    +
   45   164  0   0.0%   0.779 GU:3    +
   93   110  0   0.0%   1.241 GU:3    +
  125   141  0   0.0%   0.583 CG:3    +
    1   105  0   0.0%   0.008 CG:3    +
   12    44  0   0.0%   0.341 UA:3    +
    8   110  0   0.0%   0.034 AU:3    +
   98   152  0   0.0%   0.420 UG:3    +
   38    57  0   0.0%   0.188 UG:3    +
    5    43  0   0.0%   0.337 GC:3    +
   58   153  0   0.0%   0.337 GC:3    +
  124   145  0   0.0%   0.590 UA:3    +
   92   111  0   0.0%   1.120 UG:3    +
   62   155  0   0.0%   1.193 GC:3    +
   61   156  0   0.0%   0.746 GC:3    +
    6    42  0   0.0%   0.346 AU:3    +
   10    95  0   0.0%   0.036 AU:3    +
   91   112  0   0.0%   0.470 AU:3    +
   61    72  0   0.0%   0.712 GC:3    +
    1    93  0   0.0%   0.008 CG:3    +
   15    29  0   0.0%   0.107 UA:3    +
   81    88  0   0.0%   0.284 GU:3    +
   40    57  0   0.0%   0.121 CG:3    +
   21    72  0   0.0%   0.264 GC:3    +
   51   162  0   0.0%   0.809 GU:3    +
   93   113  0   0.0%   1.235 GU:3    +
   80   100  0   0.0%   0.333 GC:3    +
   86   111  0   0.0%   0.710 CG:3    +
  103   121  0   0.0%   0.641 UA:3    +
   11    94  0   0.0%   0.277 UA:3    +
   32   152  0   0.0%   0.541 UG:3    +
   32   158  0   0.0%   0.518 UG:3    +
   58    69  0   0.0%   0.448 GC:3    +
   10    92  0   0.0%   0.036 AU:3    +
   18   114  0   0.0%   0.697 GC:3    +
  123   143  0   0.0%   0.592 UA:3    +
   88   158  0   0.0%   0.661 UG:3    +
  103   147  0   0.0%   0.763 UG:3    +
   76   154  0   0.0%   0.898 GU:3    +
   75   155  0   0.0%   1.408 GC:3    +
   98   157  0   0.0%   0.572 UA:3    +
   69    73  0   0.0%   0.975 CG:3    +
  138   143  0   0.0%   0.648 UA:3    +
   62   113  0   0.0%   0.960 GU:3    +
    6   102  0   0.0%   0.347 AU:3    +
  150   162  0   0.0%   0.658 AU:3    +
   84    99  0   0.0%   0.326 UA:3    +
   85    98  0   0.0%   0.181 AU:3    +
   21    88  0   0.0%   0.264 GU:3    +
   30    73  0   0.0%   0.087 CG:3    +
    5   100  0   0.0%   0.338 GC:3    +
   11    20  0   0.0%   0.243 UA:3    +
   25    73  0   0.0%   0.109 CG:3    +
  139   156  0   0.0%   0.765 GC:3    +
   22   110  0   0.0%   0.317 AU:3    +
   15    94  0   0.0%   0.253 UA:3    +
   49    63  0   0.0%   0.116 UG:3    +
   14    97  0   0.0%   0.258 UA:3    +
  148   157  0   0.0%   0.854 UA:3    +
   88   147  0   0.0%   0.371 UG:3    +
   64   112  0   0.0%   1.148 GU:3    +
    5    92  0   0.0%   0.338 GU:3    +
  155   160  0   0.0%   1.210 CG:3    +
   95   111  0   0.0%   0.983 UG:3    +
   17    92  0   0.0%   0.189 AU:3    +
   21    34  0   0.0%   0.060 GU:3    +
  147   154  0   0.0%   0.843 GU:3    +
   95   158  0   0.0%   0.977 UG:3    +
   29   149  0   0.0%   0.352 AU:3    +
   47    64  0   0.0%   0.129 CG:3    +
   87   154  0   0.0%   0.503 AU:3    +
    2    48  0   0.0%   0.018 UA:3    +
   57   118  0   0.0%   0.113 GC:3    +
   87   148  0   0.0%   0.330 AU:3    +
  102   158  0   0.0%   0.753 UG:3    +
    9   112  0   0.0%   0.033 AU:3    +
  136   140  0   0.0%   0.778 AU:3    +
   11    91  0   0.0%   0.277 UA:3    +
   19   105  0   0.0%   0.202 CG:3    +
  122   152  0   0.0%   0.858 UG:3    +
   12    50  0   0.0%   0.451 UA:3    +
  101   117  0   0.0%   0.355 CG:3    +
   64   151  0   0.0%   1.332 GU:3    +
   79    95  0   0.0%   0.139 AU:3    +
  138   157  0   0.0%   0.809 UA:3    +
   26   158  0   0.0%   0.463 UG:3    +
...............((((((.........((((((((((((..(...((((..((.......))..)))))..))))))))))))......((........))....))))))((((((((..(((.(((.......)))...)))..))))....))))...
