3 sequence; length of alignment 35
alifold output
   17    28  0  88.7%   0.419 CG:3   
   16    29  0  88.6%   0.351 AU:3   
   15    30  0  88.4%   0.546 GU:3   
   14    31  0  88.2%   0.600 GC:3   
   18    27  0  86.5%   0.636 UA:3   
   13    32  0  86.0%   0.432 AU:3   
   12    33  0  69.6%   0.825 AU:3   
    8    15  0   6.7%   0.547 CG:3    +
    9    14  0   6.6%   0.581 CG:3    +
    4    19  0   6.2%   0.578 GC:3    +
    5    18  0   5.7%   0.497 AU:3    +
    3    20  0   5.3%   0.488 UA:3    +
    8    23  0   4.1%   0.646 CG:3    +
    9    22  0   4.0%   0.726 CG:3    +
    7    24  0   4.0%   0.455 GC:3    +
    2    22  0   2.4%   0.289 CG:3    +
    7    17  0   1.3%   0.179 GC:3    +
    1    23  0   1.2%   0.176 UG:3    +
    4     9  0   0.8%   0.122 GC:3    +
    6    18  0   0.8%   0.283 AU:3    +
    4    34  0   0.8%   0.387 GC:3    +
    5    33  0   0.7%   0.304 AU:3    +
   21    28  0   0.7%   0.296 CG:3    +
    3    27  0   0.7%   0.295 UA:3    +
    2    28  0   0.7%   0.217 CG:3    +
   20    29  0   0.5%   0.381 AU:3    +
   14    21  0   0.5%   0.292 GC:3    +
    4    31  0   0.5%   0.329 GC:3    +
    5    30  0   0.5%   0.251 AU:3    +
    6    29  0   0.5%   0.120 AU:3    +
    6    32  0   0.5%   0.145 AU:3    +
    7    31  0   0.4%   0.283 GC:3    +
    7    34  0   0.3%   0.312 GC:3    +
   15    34  0   0.3%   0.424 GC:3    +
   14    35  0   0.3%   0.403 GC:3    +
    2    23  0   0.3%   0.206 CG:3    +
   16    33  0   0.3%   0.484 AU:3    +
    3    22  0   0.3%   0.328 UG:3    +
    4    21  0   0.3%   0.279 GC:3    +
    3    11  0   0.2%   0.047 UA:3    +
    4    10  0   0.2%   0.087 GU:3    +
   23    34  0   0.2%   0.354 GC:3    +
   22    35  0   0.2%   0.332 GC:3    +
   11    33  0   0.2%   0.097 AU:3    +
   15    31  0   0.2%   0.493 GC:3    +
   19    23  0   0.2%   0.422 CG:3    +
   14    32  0   0.2%   0.532 GU:3    +
   13    33  0   0.2%   0.471 AU:3    +
   24    28  0   0.1%   0.344 CG:3    +
   12    32  0   0.1%   0.063 AU:3    +
   23    29  0   0.1%   0.406 GU:3    +
   14    19  0   0.1%   0.384 GC:3    +
   22    31  0   0.1%   0.449 GC:3    +
   25    33  0   0.1%   0.367 AU:3    +
    1    22  0   0.1%   0.033 UG:3    +
   16    30  0   0.1%   0.270 AU:3    +
   26    32  0   0.1%   0.214 AU:3    +
    2     7  0   0.1%   0.024 CG:3    +
   18    26  0   0.1%   0.235 UA:3    +
   23    30  0   0.1%   0.392 GU:3    +
   10    20  0   0.1%   0.195 UA:3    +
   22    30  0   0.1%   0.411 GU:3    +
    3    12  0   0.1%   0.031 UA:3    +
    5    10  0   0.1%   0.029 AU:3    +
    7    35  0   0.1%   0.250 GC:3    +
   25    32  0   0.1%   0.197 AU:3    +
   13    18  0   0.1%   0.224 AU:3    +
   28    34  0   0.1%   0.297 GC:3    +
   11    18  0   0.1%   0.231 AU:3    +
    4     8  0   0.1%   0.012 GC:3    +
    9    28  0   0.0%   0.397 CG:3    +
   10    27  0   0.0%   0.072 UA:3    +
   15    24  0   0.0%   0.326 GC:3    +
   12    18  0   0.0%   0.220 AU:3    +
    9    15  0   0.0%   0.408 CG:3    +
    3    28  0   0.0%   0.268 UG:3    +
   26    33  0   0.0%   0.362 AU:3    +
   27    32  0   0.0%   0.360 AU:3    +
    1     6  0   0.0%   0.007 UA:3    +
    1    25  0   0.0%   0.075 UA:3    +
   15    19  0   0.0%   0.372 GC:3    +
   10    14  0   0.0%   0.208 UG:3    +
   23    31  0   0.0%   0.413 GC:3    +
    3    13  0   0.0%   0.026 UA:3    +
   15    21  0   0.0%   0.235 GC:3    +
    2    14  0   0.0%   0.013 CG:3    +
   22    32  0   0.0%   0.445 GU:3    +
   17    23  0   0.0%   0.264 CG:3    +
   17    22  0   0.0%   0.307 CG:3    +
   18    22  0   0.0%   0.465 UG:3    +
   22    34  0   0.0%   0.344 GC:3    +
   18    25  0   0.0%   0.222 UA:3    +
   19    28  0   0.0%   0.346 CG:3    +
    6    10  0   0.0%   0.025 AU:3    +
    1    12  0   0.0%   0.009 UA:3    +
    1     7  0   0.0%   0.006 UG:3    +
    1    11  0   0.0%   0.007 UA:3    +
   14    24  0   0.0%   0.354 GC:3    +
   23    33  0   0.0%   0.566 GU:3    +
    1     5  0   0.0%   0.003 UA:3    +
   28    35  0   0.0%   0.237 GC:3    +
    8    28  0   0.0%   0.352 CG:3    +
   25    30  0   0.0%   0.163 AU:3    +
    3     7  0   0.0%   0.011 UG:3    +
    1    15  0   0.0%   0.008 UG:3    +
   28    33  0   0.0%   0.538 GU:3    +
    2    15  0   0.0%   0.012 CG:3    +
    3    14  0   0.0%   0.026 UG:3    +
    7    29  0   0.0%   0.224 GU:3    +
   27    33  0   0.0%   0.509 AU:3    +
    1    16  0   0.0%   0.009 UA:3    +
   14    34  0   0.0%   0.402 GC:3    +
    4    35  0   0.0%   0.314 GC:3    +
   14    18  0   0.0%   0.399 GU:3    +
   15    33  0   0.0%   0.626 GU:3    +
    7    33  0   0.0%   0.254 GU:3    +
    3    26  0   0.0%   0.197 UA:3    +
   16    32  0   0.0%   0.295 AU:3    +
    6    33  0   0.0%   0.131 AU:3    +
    3    25  0   0.0%   0.198 UA:3    +
    6    30  0   0.0%   0.096 AU:3    +
   28    32  0   0.0%   0.386 GU:3    +
   22    29  0   0.0%   0.413 GU:3    +
   18    23  0   0.0%   0.419 UG:3    +
    4    24  0   0.0%   0.248 GC:3    +
   23    32  0   0.0%   0.412 GU:3    +
   10    16  0   0.0%   0.024 UA:3    +
   25    29  0   0.0%   0.178 AU:3    +
    4    33  0   0.0%   0.276 GU:3    +
   11    32  0   0.0%   0.047 AU:3    +
   10    15  0   0.0%   0.207 UG:3    +
    8    14  0   0.0%   0.007 CG:3    +
   22    33  0   0.0%   0.597 GU:3    +
    5    29  0   0.0%   0.170 AU:3    +
    1    26  0   0.0%   0.072 UA:3    +
   20    32  0   0.0%   0.367 AU:3    +
    4    29  0   0.0%   0.248 GU:3    +
   26    30  0   0.0%   0.165 AU:3    +
    4    30  0   0.0%   0.248 GU:3    +
   10    28  0   0.0%   0.072 UG:3    +
   10    22  0   0.0%   0.274 UG:3    +
   10    26  0   0.0%   0.030 UA:3    +
    5    32  0   0.0%   0.197 AU:3    +
    1    27  0   0.0%   0.072 UA:3    +
   23    35  0   0.0%   0.285 GC:3    +
    7    21  0   0.0%   0.082 GC:3    +
    9    23  0   0.0%   0.553 CG:3    +
   14    30  0   0.0%   0.250 GU:3    +
   11    29  0   0.0%   0.047 AU:3    +
    7    32  0   0.0%   0.242 GU:3    +
   11    30  0   0.0%   0.048 AU:3    +
   20    30  0   0.0%   0.335 AU:3    +
   12    29  0   0.0%   0.036 AU:3    +
    1    28  0   0.0%   0.072 UG:3    +
   10    25  0   0.0%   0.031 UA:3    +
   18    28  0   0.0%   0.495 UG:3    +
    4    17  0   0.0%   0.058 GC:3    +
   20    33  0   0.0%   0.521 AU:3    +
   12    30  0   0.0%   0.036 AU:3    +
    7    19  0   0.0%   0.239 GC:3    +
    1    13  0   0.0%   0.006 UA:3    +
   15    29  0   0.0%   0.218 GU:3    +
    3    23  0   0.0%   0.266 UG:3    +
   13    29  0   0.0%   0.034 AU:3    +
    7    18  0   0.0%   0.269 GU:3    +
    1    20  0   0.0%   0.008 UA:3    +
   13    30  0   0.0%   0.034 AU:3    +
   14    33  0   0.0%   0.657 GU:3    +
    4    32  0   0.0%   0.275 GU:3    +
    8    22  0   0.0%   0.300 CG:3    +
   14    29  0   0.0%   0.249 GU:3    +
...........(((((((........)))))))..
