3 sequence; length of alignment 40
alifold output
    8    19  0  55.0%   1.052 GC:3   
    7    20  0  55.0%   0.995 GC:3   
    9    18  0  54.9%   1.004 CG:3   
    4    22  0  54.8%   0.992 CG:3   
    3    23  0  54.4%   1.065 CG:3   
    5    21  0  54.1%   0.997 AU:3   
   19    32  0  44.4%   1.443 CG:3    +
   20    31  0  44.4%   1.437 CG:3    +
   14    37  0  44.4%   1.109 UA:3    +
   13    38  0  44.4%   1.113 CG:3    +
   15    36  0  44.3%   1.127 UG:3    +
   16    35  0  44.1%   1.131 CG:3    +
   12    39  0  37.1%   1.135 UA:3    +
   22    28  0  22.5%   1.555 GC:3    +
   21    29  0  21.6%   1.347 UA:3    +
    1    25  0  18.6%   1.048 GC:3    +
   23    28  0  17.3%   2.019 GC:3    +
   23    27  0   9.5%   1.222 GU:3    +
    1    28  0   7.3%   0.998 GC:3    +
    2    27  0   7.2%   0.570 AU:3    +
   28    35  0   2.4%   1.562 CG:3    +
   28    36  0   2.4%   1.687 CG:3    +
   27    37  0   2.1%   1.140 UA:3    +
   28    38  0   1.8%   1.711 CG:3    +
    1    10  0   1.7%   0.250 GC:3    +
   27    36  0   1.6%   1.049 UG:3    +
   27    39  0   1.5%   1.173 UA:3    +
    3     8  0   1.5%   0.198 CG:3    +
   25    38  0   1.4%   0.954 CG:3    +
   25    31  0   1.0%   0.838 CG:3    +
   28    32  0   0.9%   1.369 CG:3    +
   27    33  0   0.9%   0.552 UA:3    +
   26    30  0   0.6%   0.128 AU:3    +
   30    36  0   0.6%   0.710 UG:3    +
   25    35  0   0.4%   0.836 CG:3    +
    1     6  0   0.4%   0.072 GC:3    +
   30    37  0   0.4%   0.625 UA:3    +
   35    40  0   0.4%   0.621 GC:3    +
   31    40  0   0.4%   0.505 GC:3    +
    1     9  0   0.3%   0.073 GC:3    +
   10    31  0   0.2%   0.133 CG:3    +
    9    32  0   0.2%   0.401 CG:3    +
   11    30  0   0.2%   0.058 AU:3    +
   30    35  0   0.2%   0.608 UG:3    +
   25    32  0   0.2%   0.789 CG:3    +
   12    29  0   0.2%   0.045 UA:3    +
    6    35  0   0.2%   0.066 CG:3    +
   10    18  0   0.1%   0.423 CG:3    +
   16    22  0   0.1%   0.366 CG:3    +
    3     7  0   0.1%   0.023 CG:3    +
   15    23  0   0.1%   0.370 UG:3    +
    4    31  0   0.1%   0.359 CG:3    +
    3    32  0   0.1%   0.425 CG:3    +
   13    35  0   0.1%   0.045 CG:3    +
   14    34  0   0.1%   0.035 UA:3    +
   15    33  0   0.1%   0.040 UA:3    +
   14    24  0   0.1%   0.029 UA:3    +
    5    30  0   0.1%   0.354 AU:3    +
   16    32  0   0.1%   0.057 CG:3    +
   10    38  0   0.1%   0.124 CG:3    +
   25    36  0   0.1%   0.797 CG:3    +
   12    36  0   0.1%   0.048 UG:3    +
    3    38  0   0.1%   0.433 CG:3    +
    8    40  0   0.1%   0.422 GC:3    +
   30    39  0   0.1%   0.582 UA:3    +
   17    21  0   0.1%   0.357 AU:3    +
   16    23  0   0.1%   0.374 CG:3    +
    7    40  0   0.1%   0.357 GC:3    +
   15    24  0   0.1%   0.036 UA:3    +
    4    35  0   0.1%   0.356 CG:3    +
    6    22  0   0.1%   0.367 CG:3    +
    3    36  0   0.1%   0.423 CG:3    +
    4    23  0   0.1%   0.675 CG:3    +
   12    17  0   0.1%   0.013 UA:3    +
   22    30  0   0.1%   0.724 GU:3    +
   30    34  0   0.1%   0.087 UA:3    +
   13    36  0   0.1%   0.039 CG:3    +
   13    23  0   0.0%   0.352 CG:3    +
   14    35  0   0.0%   0.055 UG:3    +
   14    22  0   0.0%   0.350 UG:3    +
   12    37  0   0.0%   0.039 UA:3    +
   10    22  0   0.0%   0.423 CG:3    +
    9    23  0   0.0%   0.692 CG:3    +
   11    15  0   0.0%   0.010 AU:3    +
   12    24  0   0.0%   0.015 UA:3    +
   11    21  0   0.0%   0.346 AU:3    +
    7    28  0   0.0%   0.539 GC:3    +
   15    34  0   0.0%   0.040 UA:3    +
   19    31  0   0.0%   0.361 CG:3    +
    8    27  0   0.0%   0.595 GU:3    +
    4    36  0   0.0%   0.359 CG:3    +
   22    27  0   0.0%   0.551 GU:3    +
   27    34  0   0.0%   0.479 UA:3    +
   20    35  0   0.0%   1.085 CG:3    +
   21    34  0   0.0%   0.690 UA:3    +
    4     8  0   0.0%   0.069 CG:3    +
   19    36  0   0.0%   1.078 CG:3    +
    8    25  0   0.0%   0.712 GC:3    +
   32    40  0   0.0%   0.484 GC:3    +
    1    27  0   0.0%   0.427 GU:3    +
    4    38  0   0.0%   0.360 CG:3    +
   16    36  0   0.0%   0.763 CG:3    +
    9    36  0   0.0%   0.374 CG:3    +
   10    35  0   0.0%   0.115 CG:3    +
    1    40  0   0.0%   0.619 GC:3    +
   15    37  0   0.0%   0.755 UA:3    +
   21    31  0   0.0%   1.063 UG:3    +
   24    30  0   0.0%   0.046 AU:3    +
   20    32  0   0.0%   1.083 CG:3    +
   13    32  0   0.0%   0.030 CG:3    +
   12    33  0   0.0%   0.024 UA:3    +
   17    30  0   0.0%   0.034 AU:3    +
   14    31  0   0.0%   0.036 UG:3    +
   13    22  0   0.0%   0.341 CG:3    +
   30    38  0   0.0%   0.641 UG:3    +
   36    40  0   0.0%   0.631 GC:3    +
   16    31  0   0.0%   0.038 CG:3    +
   12    26  0   0.0%   0.011 UA:3    +
   12    23  0   0.0%   0.346 UG:3    +
    3    22  0   0.0%   0.073 CG:3    +
   15    32  0   0.0%   0.041 UG:3    +
   27    35  0   0.0%   0.879 UG:3    +
   14    38  0   0.0%   0.760 UG:3    +
   27    32  0   0.0%   0.825 UG:3    +
    7    12  0   0.0%   0.010 GU:3    +
    7    21  0   0.0%   0.672 GU:3    +
   16    38  0   0.0%   0.759 CG:3    +
   15    26  0   0.0%   0.018 UA:3    +
    2    30  0   0.0%   0.191 AU:3    +
   13    18  0   0.0%   0.339 CG:3    +
    7    19  0   0.0%   0.010 GC:3    +
   14    33  0   0.0%   0.014 UA:3    +
   27    31  0   0.0%   0.853 UG:3    +
   15    39  0   0.0%   0.758 UA:3    +
    8    28  0   0.0%   0.594 GC:3    +
   23    30  0   0.0%   0.911 GU:3    +
    8    20  0   0.0%   0.724 GC:3    +
   18    30  0   0.0%   0.362 GU:3    +
    6    23  0   0.0%   0.364 CG:3    +
   14    26  0   0.0%   0.012 UA:3    +
   11    27  0   0.0%   0.201 AU:3    +
    9    38  0   0.0%   0.373 CG:3    +
   18    25  0   0.0%   0.653 GC:3    +
   27    38  0   0.0%   1.046 UG:3    +
    7    25  0   0.0%   0.652 GC:3    +
    6    38  0   0.0%   0.048 CG:3    +
   21    26  0   0.0%   0.343 UA:3    +
   19    23  0   0.0%   0.686 CG:3    +
    2    12  0   0.0%   0.001 AU:3    +
    7    13  0   0.0%   0.009 GC:3    +
    5    12  0   0.0%   0.001 AU:3    +
    1    13  0   0.0%   0.111 GC:3    +
    8    12  0   0.0%   0.067 GU:3    +
   23    40  0   0.0%   0.895 GC:3    +
    7    16  0   0.0%   0.009 GC:3    +
    6    31  0   0.0%   0.036 CG:3    +
    6    36  0   0.0%   0.047 CG:3    +
    8    15  0   0.0%   0.066 GU:3    +
    7    30  0   0.0%   0.349 GU:3    +
   18    28  0   0.0%   0.533 GC:3    +
   21    35  0   0.0%   1.066 UG:3    +
   14    18  0   0.0%   0.338 UG:3    +
    1    16  0   0.0%   0.111 GC:3    +
    7    27  0   0.0%   0.529 GU:3    +
    8    13  0   0.0%   0.066 GC:3    +
    1    30  0   0.0%   0.616 GU:3    +
    2    15  0   0.0%   0.000 AU:3    +
    6    32  0   0.0%   0.036 CG:3    +
   22    40  0   0.0%   0.704 GC:3    +
    7    14  0   0.0%   0.009 GU:3    +
    3    35  0   0.0%   0.411 CG:3    +
   12    18  0   0.0%   0.342 UG:3    +
    6    18  0   0.0%   0.024 CG:3    +
   10    36  0   0.0%   0.105 CG:3    +
   20    36  0   0.0%   1.074 CG:3    +
   18    27  0   0.0%   0.532 GU:3    +
   17    27  0   0.0%   0.203 AU:3    +
   14    39  0   0.0%   0.752 UA:3    +
    4    32  0   0.0%   0.351 CG:3    +
   12    34  0   0.0%   0.022 UA:3    +
   15    38  0   0.0%   0.764 UG:3    +
    3    31  0   0.0%   0.403 CG:3    +
   21    32  0   0.0%   1.065 UG:3    +
   15    35  0   0.0%   0.055 UG:3    +
    1    12  0   0.0%   0.110 GU:3    +
    8    30  0   0.0%   0.407 GU:3    +
   15    22  0   0.0%   0.346 UG:3    +
   21    37  0   0.0%   1.041 UA:3    +
   14    36  0   0.0%   0.041 UG:3    +
   21    33  0   0.0%   0.682 UA:3    +
   12    38  0   0.0%   0.046 UG:3    +
   21    36  0   0.0%   1.057 UG:3    +
..(((.(((........)))))).................
