3 sequence; length of alignment 34
alifold output
    3    14  0  91.7%   0.238 GC:3   
    4    13  0  91.7%   0.238 AU:3   
    5    12  0  91.7%   0.240 CG:3   
    2    15  0  88.6%   0.321 AU:3   
    1    16  0  66.2%   0.819 UG:3   
   21    28  0  38.3%   1.596 CG:3    +
   20    29  0  37.5%   1.527 GU:3    +
   19    30  0  26.9%   1.478 AU:3    +
   22    27  0  16.1%   1.293 GU:3    +
   17    32  0   5.3%   0.725 UA:3    +
   23    28  0   4.4%   1.135 CG:3    +
   16    33  0   4.2%   0.864 GU:3    +
   22    29  0   4.1%   1.282 GU:3    +
   21    26  0   4.1%   0.653 CG:3    +
   20    27  0   3.4%   0.722 GU:3    +
    4    17  0   2.9%   0.391 AU:3    +
    3    18  0   2.9%   0.390 GC:3    +
    5    16  0   2.9%   0.662 CG:3    +
   12    18  0   2.4%   0.492 GC:3    +
   25    32  0   2.2%   0.652 UA:3    +
   18    26  0   2.2%   0.527 CG:3    +
    8    21  0   2.2%   0.383 GC:3    +
   19    25  0   2.2%   0.518 AU:3    +
   26    31  0   2.1%   0.612 GU:3    +
   24    33  0   2.1%   0.532 GU:3    +
    4    29  0   2.0%   0.527 AU:3    +
    3    30  0   2.0%   0.439 GU:3    +
    5    28  0   2.0%   0.611 CG:3    +
    5    24  0   1.9%   0.451 CG:3    +
    4    25  0   1.9%   0.413 AU:3    +
   11    19  0   1.9%   0.328 UA:3    +
   18    28  0   1.9%   0.693 CG:3    +
    2    31  0   1.9%   0.416 AU:3    +
    9    20  0   1.8%   0.271 UG:3    +
   19    27  0   1.7%   0.568 AU:3    +
    2    27  0   1.7%   0.317 AU:3    +
    1    32  0   1.6%   0.538 UA:3    +
    7    14  0   1.5%   0.269 GC:3    +
    1    28  0   1.4%   0.452 UG:3    +
   10    20  0   1.3%   0.340 UG:3    +
   10    19  0   1.3%   0.209 UA:3    +
   16    23  0   1.1%   0.638 GC:3    +
   17    22  0   1.0%   0.360 UG:3    +
    8    23  0   0.8%   0.347 GC:3    +
    9    22  0   0.8%   0.206 UG:3    +
    7    18  0   0.8%   0.318 GC:3    +
    6    19  0   0.8%   0.119 UA:3    +
    8    14  0   0.8%   0.290 GC:3    +
    5    20  0   0.8%   0.297 CG:3    +
   12    21  0   0.7%   0.383 GC:3    +
    8    13  0   0.7%   0.184 GU:3    +
    7    15  0   0.7%   0.276 GU:3    +
    8    17  0   0.7%   0.279 GU:3    +
    7    23  0   0.7%   0.243 GC:3    +
   13    20  0   0.6%   0.378 UG:3    +
   15    34  0   0.6%   0.253 UA:3    +
   11    22  0   0.5%   0.204 UG:3    +
    6    24  0   0.5%   0.196 UG:3    +
   26    33  0   0.4%   0.614 GU:3    +
    5    26  0   0.4%   0.362 CG:3    +
    4    27  0   0.4%   0.392 AU:3    +
   27    32  0   0.4%   0.946 UA:3    +
    3    21  0   0.3%   0.241 GC:3    +
   20    31  0   0.3%   0.862 GU:3    +
   12    23  0   0.3%   0.330 GC:3    +
   25    34  0   0.3%   0.336 UA:3    +
    9    16  0   0.3%   0.424 UG:3    +
   13    22  0   0.3%   0.261 UG:3    +
   11    24  0   0.2%   0.260 UG:3    +
   19    31  0   0.2%   0.818 AU:3    +
   20    30  0   0.2%   1.165 GU:3    +
    2    29  0   0.2%   0.212 AU:3    +
   14    20  0   0.1%   0.408 CG:3    +
   18    24  0   0.1%   0.392 CG:3    +
   16    31  0   0.1%   0.558 GU:3    +
   15    24  0   0.1%   0.300 UG:3    +
   15    19  0   0.1%   0.338 UA:3    +
   16    21  0   0.1%   0.555 GC:3    +
   19    33  0   0.1%   0.853 AU:3    +
    9    24  0   0.1%   0.244 UG:3    +
    6    26  0   0.1%   0.104 UG:3    +
    7    25  0   0.1%   0.264 GU:3    +
   24    31  0   0.1%   0.275 GU:3    +
    8    25  0   0.1%   0.326 GU:3    +
   15    32  0   0.0%   0.239 UA:3    +
   19    29  0   0.0%   0.436 AU:3    +
   17    34  0   0.0%   0.383 UA:3    +
   16    27  0   0.0%   0.550 GU:3    +
   12    17  0   0.0%   0.227 GU:3    +
    1    19  0   0.0%   0.281 UA:3    +
   11    20  0   0.0%   0.255 UG:3    +
   17    28  0   0.0%   0.331 UG:3    +
    6    22  0   0.0%   0.047 UG:3    +
   28    33  0   0.0%   0.971 GU:3    +
    7    21  0   0.0%   0.165 GC:3    +
    7    11  0   0.0%   0.007 GU:3    +
   16    30  0   0.0%   0.539 GU:3    +
   27    34  0   0.0%   0.648 UA:3    +
   15    20  0   0.0%   0.366 UG:3    +
   18    22  0   0.0%   0.367 CG:3    +
   24    30  0   0.0%   0.595 GU:3    +
   16    29  0   0.0%   0.548 GU:3    +
   20    33  0   0.0%   0.870 GU:3    +
    9    26  0   0.0%   0.163 UG:3    +
   29    34  0   0.0%   0.650 UA:3    +
    3    23  0   0.0%   0.207 GC:3    +
    6    16  0   0.0%   0.380 UG:3    +
   22    31  0   0.0%   0.679 GU:3    +
    7    13  0   0.0%   0.085 GU:3    +
   22    30  0   0.0%   1.006 GU:3    +
    7    27  0   0.0%   0.272 GU:3    +
   15    22  0   0.0%   0.239 UG:3    +
   20    25  0   0.0%   0.385 GU:3    +
   17    24  0   0.0%   0.319 UG:3    +
   17    26  0   0.0%   0.217 UG:3    +
    1    20  0   0.0%   0.278 UG:3    +
   24    29  0   0.0%   0.737 GU:3    +
   14    22  0   0.0%   0.274 CG:3    +
    2    25  0   0.0%   0.109 AU:3    +
    9    19  0   0.0%   0.058 UA:3    +
   10    24  0   0.0%   0.224 UG:3    +
    1    26  0   0.0%   0.279 UG:3    +
   22    33  0   0.0%   0.701 GU:3    +
    3    29  0   0.0%   0.217 GU:3    +
   16    25  0   0.0%   0.536 GU:3    +
   11    16  0   0.0%   0.397 UG:3    +
   10    16  0   0.0%   0.394 UG:3    +
    2    30  0   0.0%   0.191 AU:3    +
   26    30  0   0.0%   0.695 GU:3    +
    1    24  0   0.0%   0.278 UG:3    +
    1    22  0   0.0%   0.277 UG:3    +
   30    34  0   0.0%   0.502 UA:3    +
   15    28  0   0.0%   0.298 UG:3    +
    6    12  0   0.0%   0.081 UG:3    +
    3    10  0   0.0%   0.001 GU:3    +
    2    11  0   0.0%   0.001 AU:3    +
    8    27  0   0.0%   0.328 GU:3    +
   10    22  0   0.0%   0.156 UG:3    +
    1    34  0   0.0%   0.404 UA:3    +
   13    19  0   0.0%   0.288 UA:3    +
    2    33  0   0.0%   0.266 AU:3    +
    4     9  0   0.0%   0.001 AU:3    +
    1    12  0   0.0%   0.001 UG:3    +
    2    17  0   0.0%   0.108 AU:3    +
    3    27  0   0.0%   0.274 GU:3    +
    3    31  0   0.0%   0.358 GU:3    +
    8    15  0   0.0%   0.214 GU:3    +
   14    26  0   0.0%   0.218 CG:3    +
    4    30  0   0.0%   0.437 AU:3    +
    8    18  0   0.0%   0.249 GC:3    +
    5    22  0   0.0%   0.221 CG:3    +
   12    33  0   0.0%   0.223 GU:3    +
   14    24  0   0.0%   0.312 CG:3    +
   13    32  0   0.0%   0.229 UA:3    +
   15    26  0   0.0%   0.189 UG:3    +
    3    25  0   0.0%   0.205 GU:3    +
    6    28  0   0.0%   0.209 UG:3    +
    7    31  0   0.0%   0.255 GU:3    +
   11    34  0   0.0%   0.123 UA:3    +
    8    30  0   0.0%   0.315 GU:3    +
    6    32  0   0.0%   0.140 UA:3    +
   13    26  0   0.0%   0.190 UG:3    +
   10    26  0   0.0%   0.143 UG:3    +
   12    27  0   0.0%   0.315 GU:3    +
    9    32  0   0.0%   0.201 UA:3    +
    8    33  0   0.0%   0.236 GU:3    +
   14    28  0   0.0%   0.326 CG:3    +
    3    15  0   0.0%   0.187 GU:3    +
   12    31  0   0.0%   0.299 GU:3    +
   11    32  0   0.0%   0.190 UA:3    +
    4    11  0   0.0%   0.001 AU:3    +
    4    10  0   0.0%   0.001 AU:3    +
    1     7  0   0.0%   0.000 UG:3    +
    3    11  0   0.0%   0.001 GU:3    +
   12    25  0   0.0%   0.308 GU:3    +
(((((......)))))..................
