3 sequence; length of alignment 39
alifold output
    4    25  0  99.9%   0.002 CG:3   
    9    21  0  99.9%   0.007 GC:3   
    8    22  0  99.9%   0.004 UA:3   
    5    24  0  99.8%   0.008 CG:3   
    3    26  0  99.7%   0.009 GC:3   
    7    23  0  99.6%   0.013 CG:3   
   10    20  0  95.6%   0.179 AU:3   
   11    19  0  58.7%   0.994 GU:3   
   12    19  0   1.3%   0.526 AU:3    +
   10    19  0   1.1%   0.144 AU:3    +
   11    20  0   0.5%   0.440 GU:3    +
   31    39  0   0.3%   0.064 CG:3    +
   11    15  0   0.1%   0.022 GC:3    +
   33    38  0   0.1%   0.019 AU:3    +
   30    39  0   0.1%   0.024 CG:3    +
   32    39  0   0.1%   0.047 UG:3    +
    9    20  0   0.0%   0.010 GU:3    +
   34    39  0   0.0%   0.043 UG:3    +
   24    30  0   0.0%   0.011 GC:3    +
   25    29  0   0.0%   0.009 GC:3    +
   23    31  0   0.0%   0.013 GC:3    +
   27    32  0   0.0%   0.010 AU:3    +
   22    32  0   0.0%   0.009 AU:3    +
   27    34  0   0.0%   0.009 AU:3    +
   28    39  0   0.0%   0.007 CG:3    +
   14    24  0   0.0%   0.008 CG:3    +
   15    23  0   0.0%   0.017 CG:3    +
   13    25  0   0.0%   0.006 CG:3    +
   29    39  0   0.0%   0.010 CG:3    +
    2    32  0   0.0%   0.005 AU:3    +
   12    20  0   0.0%   0.129 AU:3    +
   11    21  0   0.0%   0.349 GC:3    +
   27    35  0   0.0%   0.008 AU:3    +
   23    37  0   0.0%   0.011 GC:3    +
   24    36  0   0.0%   0.009 GC:3    +
   22    38  0   0.0%   0.006 AU:3    +
   21    39  0   0.0%   0.005 CG:3    +
   11    26  0   0.0%   0.351 GC:3    +
    2    34  0   0.0%   0.004 AU:3    +
   25    35  0   0.0%   0.008 GU:3    +
   27    38  0   0.0%   0.008 AU:3    +
    1    35  0   0.0%   0.002 AU:3    +
    2    38  0   0.0%   0.004 AU:3    +
   35    39  0   0.0%   0.038 UG:3    +
    3    31  0   0.0%   0.005 GC:3    +
    1    32  0   0.0%   0.001 AU:3    +
    9    15  0   0.0%   0.001 GC:3    +
    2    35  0   0.0%   0.004 AU:3    +
   24    31  0   0.0%   0.010 GC:3    +
   25    30  0   0.0%   0.008 GC:3    +
    8    16  0   0.0%   0.001 UA:3    +
    3    28  0   0.0%   0.004 GC:3    +
    5    25  0   0.0%   0.004 CG:3    +
   18    34  0   0.0%   0.001 AU:3    +
    3    37  0   0.0%   0.004 GC:3    +
   19    33  0   0.0%   0.416 UA:3    +
   17    35  0   0.0%   0.001 AU:3    +
   15    39  0   0.0%   0.010 CG:3    +
   16    38  0   0.0%   0.001 AU:3    +
    3    29  0   0.0%   0.004 GC:3    +
    9    28  0   0.0%   0.005 GC:3    +
    3     7  0   0.0%   0.000 GC:3    +
    2     8  0   0.0%   0.000 AU:3    +
   24    37  0   0.0%   0.009 GC:3    +
   25    36  0   0.0%   0.007 GC:3    +
    3    30  0   0.0%   0.004 GC:3    +
    5    11  0   0.0%   0.000 CG:3    +
   11    29  0   0.0%   0.347 GC:3    +
    9    26  0   0.0%   0.008 GC:3    +
   23    32  0   0.0%   0.012 GU:3    +
   20    33  0   0.0%   0.072 UA:3    +
   26    39  0   0.0%   0.005 CG:3    +
    1    38  0   0.0%   0.001 AU:3    +
    8    27  0   0.0%   0.002 UA:3    +
   11    28  0   0.0%   0.347 GC:3    +
    5    23  0   0.0%   0.000 CG:3    +
    9    31  0   0.0%   0.005 GC:3    +
    9    29  0   0.0%   0.005 GC:3    +
    4    11  0   0.0%   0.000 CG:3    +
    4    24  0   0.0%   0.000 CG:3    +
    1    34  0   0.0%   0.000 AU:3    +
    9    30  0   0.0%   0.005 GC:3    +
    9    14  0   0.0%   0.000 GC:3    +
   16    20  0   0.0%   0.072 AU:3    +
    9    36  0   0.0%   0.005 GC:3    +
   10    35  0   0.0%   0.092 AU:3    +
   11    36  0   0.0%   0.347 GC:3    +
   12    35  0   0.0%   0.057 AU:3    +
   24    29  0   0.0%   0.004 GC:3    +
   14    23  0   0.0%   0.004 CG:3    +
    3    13  0   0.0%   0.000 GC:3    +
    4     9  0   0.0%   0.000 CG:3    +
   13    24  0   0.0%   0.003 CG:3    +
   25    31  0   0.0%   0.008 GC:3    +
    8    17  0   0.0%   0.000 UA:3    +
   23    30  0   0.0%   0.006 GC:3    +
    8    23  0   0.0%   0.006 UG:3    +
   11    34  0   0.0%   0.348 GU:3    +
   24    32  0   0.0%   0.011 GU:3    +
    5     9  0   0.0%   0.000 CG:3    +
   11    31  0   0.0%   0.347 GC:3    +
    3    36  0   0.0%   0.004 GC:3    +
   10    32  0   0.0%   0.093 AU:3    +
..(((.(((((.......)))))))).............
