3 sequence; length of alignment 34
alifold output
   20    31  0  47.3%   2.079 CG:3   
   21    30  0  47.3%   1.787 UA:3   
   19    32  0  47.1%   2.295 GU:3   
   22    29  0  46.0%   1.936 AU:3   
   18    33  0  44.2%   2.098 CG:3   
    8    33  0  26.2%   1.436 CG:3    +
    9    32  0  26.1%   1.353 AU:3    +
   13    28  0  26.0%   1.537 CG:3    +
   12    29  0  25.9%   1.688 GU:3    +
    7    34  0  25.6%   1.524 GC:3    +
   14    27  0  23.6%   1.116 UA:3    +
   18    23  0  16.6%   1.144 CG:3    +
    2    10  0  16.4%   0.909 CG:3    +
   20    28  0  15.7%   1.545 CG:3    +
    3     9  0  15.4%   0.868 UA:3    +
   17    31  0  15.4%   1.114 CG:3    +
   19    29  0  15.3%   1.666 GU:3    +
   16    32  0  15.3%   1.244 AU:3    +
   21    27  0  15.0%   1.508 UA:3    +
   15    33  0  14.7%   1.350 CG:3    +
    1    11  0  14.3%   0.838 UA:3    +
    7    13  0   9.8%   0.701 GC:3    +
    8    12  0   9.7%   0.700 CG:3    +
   12    20  0   9.0%   0.972 GC:3    +
   13    19  0   9.0%   0.944 CG:3    +
   11    21  0   8.7%   0.997 AU:3    +
    3    30  0   4.6%   0.824 UA:3    +
    2    31  0   4.6%   0.838 CG:3    +
    4    29  0   4.3%   0.463 AU:3    +
    7    25  0   4.2%   0.726 GC:3    +
    6    26  0   3.6%   0.388 UA:3    +
    8    23  0   1.9%   0.573 CG:3    +
    2    23  0   1.6%   0.528 CG:3    +
    3    22  0   1.5%   0.506 UA:3    +
    8    19  0   1.3%   0.407 CG:3    +
    7    20  0   1.3%   0.443 GC:3    +
    1    24  0   1.2%   0.446 UA:3    +
    4    21  0   1.2%   0.162 AU:3    +
   15    23  0   1.2%   0.343 CG:3    +
   12    34  0   0.9%   1.317 GC:3    +
   13    33  0   0.8%   1.280 CG:3    +
   10    17  0   0.8%   0.444 GC:3    +
   14    24  0   0.7%   0.182 UA:3    +
   17    23  0   0.7%   0.347 CG:3    +
   10    15  0   0.6%   0.400 GC:3    +
    6    27  0   0.4%   0.230 UA:3    +
    2    12  0   0.3%   0.372 CG:3    +
    3    11  0   0.3%   0.626 UA:3    +
    2     7  0   0.3%   0.055 CG:3    +
    2    28  0   0.3%   0.451 CG:3    +
    3    27  0   0.3%   0.428 UA:3    +
   25    31  0   0.3%   0.998 CG:3    +
   24    32  0   0.3%   1.145 AU:3    +
    8    28  0   0.2%   0.427 CG:3    +
    7    29  0   0.2%   0.646 GU:3    +
   12    17  0   0.2%   0.327 GC:3    +
    7    15  0   0.2%   0.285 GC:3    +
    6    30  0   0.2%   0.359 UA:3    +
   17    33  0   0.2%   1.093 CG:3    +
   10    18  0   0.2%   0.410 GC:3    +
    6    16  0   0.2%   0.040 UA:3    +
    7    18  0   0.1%   0.291 GC:3    +
   15    31  0   0.1%   0.276 CG:3    +
    6    19  0   0.1%   0.045 UG:3    +
    5    14  0   0.1%   0.029 AU:3    +
    6    28  0   0.1%   0.214 UG:3    +
   13    31  0   0.1%   0.964 CG:3    +
   19    25  0   0.1%   0.445 GC:3    +
   14    30  0   0.1%   0.576 UA:3    +
   25    33  0   0.1%   1.238 CG:3    +
   12    32  0   0.1%   1.208 GU:3    +
    5    29  0   0.1%   0.168 AU:3    +
   26    32  0   0.1%   1.166 AU:3    +
    6    11  0   0.1%   0.313 UA:3    +
   16    29  0   0.0%   0.532 AU:3    +
   17    28  0   0.0%   0.489 CG:3    +
    9    14  0   0.0%   0.312 AU:3    +
    3    33  0   0.0%   0.552 UG:3    +
   10    25  0   0.0%   0.522 GC:3    +
    4    32  0   0.0%   0.200 AU:3    +
   14    26  0   0.0%   0.182 UA:3    +
    1    33  0   0.0%   0.348 UG:3    +
   21    26  0   0.0%   0.404 UA:3    +
   10    34  0   0.0%   0.741 GC:3    +
   19    34  0   0.0%   1.337 GC:3    +
   20    33  0   0.0%   1.981 CG:3    +
    3    10  0   0.0%   0.594 UG:3    +
   28    34  0   0.0%   1.094 GC:3    +
    5    21  0   0.0%   0.071 AU:3    +
   29    33  0   0.0%   2.227 UG:3    +
    1     9  0   0.0%   0.007 UA:3    +
    7    17  0   0.0%   0.265 GC:3    +
    8    31  0   0.0%   0.520 CG:3    +
   16    21  0   0.0%   0.288 AU:3    +
    6    24  0   0.0%   0.087 UA:3    +
    7    32  0   0.0%   0.484 GU:3    +
   18    28  0   0.0%   0.721 CG:3    +
    1    30  0   0.0%   0.343 UA:3    +
    6    12  0   0.0%   0.031 UG:3    +
   12    18  0   0.0%   0.287 GC:3    +
    3    16  0   0.0%   0.316 UA:3    +
   18    31  0   0.0%   0.775 CG:3    +
    2    33  0   0.0%   0.563 CG:3    +
    3    12  0   0.0%   0.333 UG:3    +
   23    34  0   0.0%   0.928 GC:3    +
   13    23  0   0.0%   0.588 CG:3    +
   14    22  0   0.0%   0.083 UA:3    +
   10    20  0   0.0%   0.439 GC:3    +
    9    21  0   0.0%   0.354 AU:3    +
    1    10  0   0.0%   0.006 UG:3    +
   15    19  0   0.0%   0.328 CG:3    +
   23    29  0   0.0%   1.685 GU:3    +
    4    14  0   0.0%   0.003 AU:3    +
   15    28  0   0.0%   0.490 CG:3    +
   27    32  0   0.0%   1.694 AU:3    +
   12    25  0   0.0%   0.618 GC:3    +
    7    14  0   0.0%   0.259 GU:3    +
    5    32  0   0.0%   0.024 AU:3    +
   10    21  0   0.0%   0.439 GU:3    +
    6    33  0   0.0%   0.201 UG:3    +
    1    12  0   0.0%   0.284 UG:3    +
    1     5  0   0.0%   0.002 UA:3    +
    3    28  0   0.0%   0.414 UG:3    +
    1    31  0   0.0%   0.341 UG:3    +
    3     7  0   0.0%   0.020 UG:3    +
   14    33  0   0.0%   0.804 UG:3    +
   10    14  0   0.0%   0.316 GU:3    +
    6    31  0   0.0%   0.333 UG:3    +
    3    31  0   0.0%   0.680 UG:3    +
   11    29  0   0.0%   0.673 AU:3    +
    1     7  0   0.0%   0.002 UG:3    +
   24    29  0   0.0%   1.251 AU:3    +
    1    16  0   0.0%   0.284 UA:3    +
    6    22  0   0.0%   0.092 UA:3    +
    3    24  0   0.0%   0.432 UA:3    +
   10    32  0   0.0%   0.741 GU:3    +
    6    10  0   0.0%   0.301 UG:3    +
   14    23  0   0.0%   0.158 UG:3    +
   10    29  0   0.0%   0.541 GU:3    +
   22    32  0   0.0%   1.429 AU:3    +
    1    27  0   0.0%   0.338 UA:3    +
   21    28  0   0.0%   1.248 UG:3    +
    3    26  0   0.0%   0.378 UA:3    +
   14    19  0   0.0%   0.298 UG:3    +
   14    31  0   0.0%   0.557 UG:3    +
    1    26  0   0.0%   0.338 UA:3    +
   23    32  0   0.0%   1.533 GU:3    +
    9    29  0   0.0%   0.452 AU:3    +
    1    28  0   0.0%   0.338 UG:3    +
    7    21  0   0.0%   0.385 GU:3    +
   21    33  0   0.0%   1.970 UG:3    +
   11    32  0   0.0%   0.872 AU:3    +
    3    23  0   0.0%   0.442 UG:3    +
   28    32  0   0.0%   1.717 GU:3    +
    2    19  0   0.0%   0.334 CG:3    +
   21    31  0   0.0%   1.719 UG:3    +
    6    23  0   0.0%   0.092 UG:3    +
   12    21  0   0.0%   0.750 GU:3    +
   14    28  0   0.0%   0.788 UG:3    +
.................(((((......))))).
