3 sequence; length of alignment 36
alifold output
   27    33  0  47.8%   1.596 GC:3   
   26    34  0  47.1%   1.660 AU:3   
   11    18  0  46.0%   1.092 UA:3    +
   12    17  0  45.9%   1.534 GC:3    +
   10    19  0  45.4%   1.238 AU:3    +
    9    20  0  42.3%   1.266 GU:3    +
   25    35  0  40.2%   1.959 UA:3   
    3    17  0  38.3%   1.129 GC:3   
    4    16  0  38.1%   1.155 AU:3   
    5    15  0  37.5%   1.160 AU:3   
    6    14  0  36.4%   1.157 AU:3   
   28    32  0  36.2%   1.824 AU:3   
    7    13  0  30.3%   1.116 AU:3   
    6    23  0  14.4%   1.452 AU:3    +
    5    24  0  13.6%   1.447 AU:3    +
    4    25  0   9.6%   1.363 AU:3    +
    3    33  0   5.6%   1.173 GC:3    +
    2    34  0   5.5%   0.748 AU:3    +
    4    32  0   4.8%   1.475 AU:3    +
    1    35  0   4.7%   0.605 UA:3    +
    3    31  0   4.4%   0.964 GC:3    +
    4    30  0   4.3%   1.187 AU:3    +
    2    32  0   3.8%   0.516 AU:3    +
    5    29  0   3.5%   1.163 AU:3    +
    3    24  0   2.9%   0.715 GU:3    +
    4    23  0   2.9%   0.712 AU:3    +
    2    25  0   2.7%   0.336 AU:3    +
   13    28  0   2.5%   0.849 UA:3    +
    9    17  0   2.5%   0.659 GC:3    +
   22    33  0   2.5%   0.694 GC:3    +
   14    27  0   2.5%   0.797 UG:3    +
   21    34  0   2.5%   0.636 AU:3    +
   10    16  0   2.5%   0.724 AU:3    +
    1    26  0   2.4%   0.305 UA:3    +
   12    29  0   2.3%   0.858 GU:3    +
    7    24  0   2.3%   1.275 AU:3    +
   15    26  0   2.3%   0.871 UA:3    +
   20    35  0   2.1%   0.857 UA:3    +
    9    33  0   2.1%   1.043 GC:3    +
    6    25  0   2.0%   1.462 AU:3    +
   10    32  0   2.0%   1.182 AU:3    +
    9    31  0   2.0%   0.934 GC:3    +
    8    23  0   1.9%   0.818 AU:3    +
    8    34  0   1.9%   0.727 AU:3    +
   10    30  0   1.8%   0.977 AU:3    +
    8    13  0   1.7%   0.599 AU:3    +
    7    14  0   1.6%   0.958 AU:3    +
    6    24  0   1.5%   1.356 AU:3    +
   22    31  0   1.4%   0.536 GC:3    +
    8    32  0   1.3%   0.721 AU:3    +
    7    23  0   1.3%   1.073 AU:3    +
    6    15  0   1.2%   0.950 AU:3    +
   21    32  0   1.2%   0.631 AU:3    +
   10    23  0   1.2%   1.185 AU:3    +
    5    25  0   1.2%   1.271 AU:3    +
    9    24  0   1.2%   1.241 GU:3    +
   11    22  0   1.1%   0.518 UG:3    +
    4    24  0   1.0%   0.745 AU:3    +
    8    25  0   0.9%   0.867 AU:3    +
    5    23  0   0.9%   0.669 AU:3    +
    3    25  0   0.9%   0.727 GU:3    +
    5    16  0   0.8%   0.904 AU:3    +
    1    28  0   0.7%   0.243 UA:3    +
    6    30  0   0.7%   1.150 AU:3    +
   17    22  0   0.6%   0.982 CG:3    +
    7    29  0   0.6%   0.873 AU:3    +
    8    24  0   0.6%   0.844 AU:3    +
    7    25  0   0.5%   1.197 AU:3    +
   11    28  0   0.5%   0.547 UA:3    +
   12    31  0   0.4%   0.775 GC:3    +
    5    14  0   0.4%   0.082 AU:3    +
   10    29  0   0.4%   0.769 AU:3    +
   19    28  0   0.4%   0.704 UA:3    +
    4    15  0   0.4%   0.080 AU:3    +
   20    27  0   0.4%   0.668 UG:3    +
   13    26  0   0.4%   0.643 UA:3    +
   17    27  0   0.4%   1.050 CG:3    +
    6    13  0   0.4%   0.070 AU:3    +
   18    25  0   0.4%   1.052 AU:3    +
   27    31  0   0.3%   0.541 GC:3    +
   18    29  0   0.3%   0.768 AU:3    +
   16    28  0   0.3%   0.808 UA:3    +
    3    16  0   0.3%   0.066 GU:3    +
   26    32  0   0.3%   0.757 AU:3    +
    1    21  0   0.3%   0.075 UA:3    +
    9    30  0   0.3%   0.798 GU:3    +
    7    19  0   0.3%   0.518 AU:3    +
    8    19  0   0.3%   0.179 AU:3    +
   15    28  0   0.3%   0.801 UA:3    +
    2    20  0   0.3%   0.075 AU:3    +
    6    20  0   0.3%   0.526 AU:3    +
    7    20  0   0.3%   0.547 AU:3    +
    2    19  0   0.3%   0.055 AU:3    +
    1    18  0   0.3%   0.053 UA:3    +
   16    27  0   0.3%   0.722 UG:3    +
   15    27  0   0.3%   0.721 UG:3    +
   14    28  0   0.2%   0.794 UA:3    +
    8    29  0   0.2%   0.465 AU:3    +
   11    26  0   0.2%   0.551 UA:3    +
   18    24  0   0.2%   1.092 AU:3    +
   12    25  0   0.2%   0.997 GU:3    +
   16    26  0   0.2%   0.796 UA:3    +
    7    30  0   0.2%   0.899 AU:3    +
    5    30  0   0.2%   1.099 AU:3    +
   22    29  0   0.2%   0.448 GU:3    +
   23    28  0   0.2%   0.894 UA:3    +
    6    29  0   0.2%   1.046 AU:3    +
    9    23  0   0.2%   1.068 GU:3    +
   22    36  0   0.2%   0.308 GU:3    +
   13    27  0   0.1%   0.536 UG:3    +
   15    21  0   0.1%   0.535 UA:3    +
   14    26  0   0.1%   0.645 UA:3    +
   21    30  0   0.1%   0.379 AU:3    +
   23    35  0   0.1%   0.901 UA:3    +
   14    22  0   0.1%   0.568 UG:3    +
   12    20  0   0.1%   0.822 GU:3    +
   11    21  0   0.1%   0.406 UA:3    +
   14    21  0   0.1%   0.532 UA:3    +
    9    25  0   0.1%   1.127 GU:3    +
   18    23  0   0.1%   1.027 AU:3    +
   10    24  0   0.1%   1.187 AU:3    +
   12    30  0   0.1%   0.792 GU:3    +
    8    14  0   0.1%   0.556 AU:3    +
    7    15  0   0.1%   0.900 AU:3    +
    1    27  0   0.1%   0.148 UG:3    +
   13    22  0   0.1%   0.542 UG:3    +
   24    35  0   0.1%   0.936 UA:3    +
    8    20  0   0.1%   0.176 AU:3    +
   29    35  0   0.1%   0.953 UA:3    +
    4    14  0   0.1%   0.023 AU:3    +
   12    19  0   0.1%   0.799 GU:3    +
    3    15  0   0.1%   0.021 GU:3    +
    6    34  0   0.1%   1.111 AU:3    +
   13    18  0   0.1%   0.852 UA:3    +
    6    16  0   0.1%   0.889 AU:3    +
   28    36  0   0.1%   0.645 AU:3    +
   10    15  0   0.1%   0.480 AU:3    +
    5    13  0   0.1%   0.019 AU:3    +
   19    26  0   0.1%   0.674 UA:3    +
   13    21  0   0.1%   0.508 UA:3    +
   20    26  0   0.1%   0.689 UA:3    +
    9    16  0   0.1%   0.462 GU:3    +
    9    13  0   0.1%   0.472 GU:3    +
   18    36  0   0.1%   0.458 AU:3    +
    9    19  0   0.1%   0.180 GU:3    +
    3    19  0   0.1%   0.422 GU:3    +
   21    25  0   0.1%   0.673 AU:3    +
   19    35  0   0.1%   0.614 UA:3    +
    8    15  0   0.1%   0.547 AU:3    +
    2    16  0   0.1%   0.016 AU:3    +
    3    23  0   0.0%   0.412 GU:3    +
    7    16  0   0.0%   0.880 AU:3    +
   10    20  0   0.0%   0.893 AU:3    +
    9    14  0   0.0%   0.485 GU:3    +
   12    24  0   0.0%   1.044 GU:3    +
    4    13  0   0.0%   0.009 AU:3    +
    3    14  0   0.0%   0.008 GU:3    +
    2    24  0   0.0%   0.050 AU:3    +
   10    25  0   0.0%   1.101 AU:3    +
    3    20  0   0.0%   0.422 GU:3    +
   15    22  0   0.0%   0.550 UG:3    +
    4    19  0   0.0%   0.425 AU:3    +
    2    11  0   0.0%   0.007 AU:3    +
    6    36  0   0.0%   0.947 AU:3    +
    8    30  0   0.0%   0.475 AU:3    +
    5    20  0   0.0%   0.466 AU:3    +
   27    34  0   0.0%   1.254 GU:3    +
    6    19  0   0.0%   0.480 AU:3    +
   19    27  0   0.0%   0.600 UG:3    +
    9    15  0   0.0%   0.475 GU:3    +
   16    21  0   0.0%   0.589 UA:3    +
    1    12  0   0.0%   0.010 UG:3    +
   12    23  0   0.0%   1.002 GU:3    +
    4    29  0   0.0%   0.783 AU:3    +
    4    20  0   0.0%   0.426 AU:3    +
    5    19  0   0.0%   0.464 AU:3    +
    2    15  0   0.0%   0.009 AU:3    +
    5    32  0   0.0%   1.210 AU:3    +
    7    34  0   0.0%   0.862 AU:3    +
    8    16  0   0.0%   0.524 AU:3    +
   10    14  0   0.0%   0.479 AU:3    +
    3    30  0   0.0%   0.555 GU:3    +
   21    36  0   0.0%   0.222 AU:3    +
    2    29  0   0.0%   0.146 AU:3    +
    3    29  0   0.0%   0.553 GU:3    +
    1     8  0   0.0%   0.007 UA:3    +
   14    18  0   0.0%   0.858 UA:3    +
   27    32  0   0.0%   0.686 GU:3    +
    7    11  0   0.0%   0.009 AU:3    +
   28    34  0   0.0%   1.304 AU:3    +
    9    29  0   0.0%   0.728 GU:3    +
    1     6  0   0.0%   0.004 UA:3    +
   21    29  0   0.0%   0.367 AU:3    +
    2    30  0   0.0%   0.147 AU:3    +
   22    30  0   0.0%   0.422 GU:3    +
    1     7  0   0.0%   0.005 UA:3    +
    7    32  0   0.0%   0.965 AU:3    +
   16    22  0   0.0%   0.607 UG:3    +
    2    23  0   0.0%   0.044 AU:3    +
   12    33  0   0.0%   0.756 GC:3    +
    6    11  0   0.0%   0.007 AU:3    +
    4    11  0   0.0%   0.005 AU:3    +
    7    36  0   0.0%   0.698 AU:3    +
   26    30  0   0.0%   0.550 AU:3    +
   11    27  0   0.0%   0.443 UG:3    +
    4    36  0   0.0%   1.062 AU:3    +
   30    35  0   0.0%   0.927 UA:3    +
   24    28  0   0.0%   0.917 UA:3    +
    5    34  0   0.0%   1.099 AU:3    +
    4    34  0   0.0%   1.220 AU:3    +
    1    22  0   0.0%   0.041 UG:3    +
   26    36  0   0.0%   0.636 AU:3    +
   23    27  0   0.0%   0.816 UG:3    +
    2    13  0   0.0%   0.004 AU:3    +
   20    28  0   0.0%   0.692 UA:3    +
   18    34  0   0.0%   0.686 AU:3    +
   18    30  0   0.0%   0.738 AU:3    +
    1     5  0   0.0%   0.001 UA:3    +
    5    36  0   0.0%   0.939 AU:3    +
   11    35  0   0.0%   0.606 UA:3    +
   10    36  0   0.0%   0.700 AU:3    +
    5    11  0   0.0%   0.004 AU:3    +
    2    36  0   0.0%   0.429 AU:3    +
   22    34  0   0.0%   0.604 GU:3    +
   27    36  0   0.0%   0.581 GU:3    +
   12    34  0   0.0%   0.758 GU:3    +
   22    32  0   0.0%   0.637 GU:3    +
    1    10  0   0.0%   0.005 UA:3    +
   12    16  0   0.0%   0.537 GU:3    +
    3    36  0   0.0%   0.851 GU:3    +
    3    34  0   0.0%   1.010 GU:3    +
    1     9  0   0.0%   0.004 UG:3    +
    6    32  0   0.0%   1.206 AU:3    +
   18    32  0   0.0%   0.850 AU:3    +
    8    36  0   0.0%   0.412 AU:3    +
    3    13  0   0.0%   0.001 GU:3    +
    2    14  0   0.0%   0.003 AU:3    +
    3    32  0   0.0%   0.813 GU:3    +
   13    35  0   0.0%   0.747 UA:3    +
   10    34  0   0.0%   0.939 AU:3    +
   12    36  0   0.0%   0.518 GU:3    +
    9    34  0   0.0%   0.966 GU:3    +
    9    32  0   0.0%   0.973 GU:3    +
   12    32  0   0.0%   0.921 GU:3    +
   15    35  0   0.0%   0.744 UA:3    +
    3    11  0   0.0%   0.003 GU:3    +
   16    35  0   0.0%   0.730 UA:3    +
   14    35  0   0.0%   0.756 UA:3    +
    9    36  0   0.0%   0.726 GU:3    +
..(((((.....))))).......((((...)))).
