3 sequence; length of alignment 34
alifold output
    4    20  0  79.9%   0.848 GC:3   
    3    21  0  79.9%   0.852 AU:3   
    2    22  0  79.7%   0.785 GC:3   
    5    19  0  75.9%   1.078 AU:3   
    9    15  0  68.7%   1.024 AU:3   
    7    17  0  68.5%   1.245 GC:3   
   10    14  0  67.7%   1.064 CG:3   
    6    14  0  13.5%   0.811 CG:3    +
    7    13  0  13.5%   0.810 GC:3    +
   14    25  0  11.4%   1.286 GC:3    +
   15    24  0  11.3%   1.251 UA:3    +
   13    26  0  11.2%   1.024 CG:3    +
    5    15  0  10.3%   0.704 AU:3    +
    4    17  0   6.4%   0.540 GC:3    +
    3    33  0   5.7%   0.907 AU:3    +
    2    34  0   5.6%   0.911 GC:3    +
    4    32  0   5.6%   0.884 GC:3    +
    3    18  0   5.6%   0.493 AU:3    +
    8    30  0   5.2%   0.811 GC:3    +
    7    31  0   5.1%   1.248 GC:3    +
    8    17  0   4.8%   0.888 GC:3    +
    7    18  0   4.6%   1.180 GU:3    +
    2    19  0   4.2%   0.415 GU:3    +
    8    31  0   3.3%   0.897 GC:3    +
    7    32  0   3.3%   1.441 GC:3    +
   23    34  0   2.8%   0.729 GC:3    +
   24    33  0   2.8%   0.805 AU:3    +
    8    29  0   2.7%   0.454 GC:3    +
    7    30  0   2.7%   0.985 GC:3    +
    2    20  0   2.6%   0.434 GC:3    +
   10    16  0   2.4%   0.547 CG:3    +
    5    33  0   2.3%   0.882 AU:3    +
    4    34  0   2.3%   0.984 GC:3    +
   11    27  0   2.0%   0.239 UA:3    +
    1    21  0   2.0%   0.243 AU:3    +
    3    19  0   1.8%   0.517 AU:3    +
   26    31  0   1.8%   0.794 GC:3    +
   11    28  0   1.5%   0.273 UA:3    +
   26    34  0   1.5%   0.958 GC:3    +
   27    33  0   1.4%   0.646 AU:3    +
   26    32  0   1.3%   0.861 GC:3    +
   23    32  0   1.2%   0.557 GC:3    +
   23    30  0   0.8%   0.441 GC:3    +
    4    18  0   0.8%   0.458 GU:3    +
   17    23  0   0.7%   0.706 CG:3    +
   20    26  0   0.5%   0.605 CG:3    +
   19    27  0   0.4%   0.568 UA:3    +
   23    31  0   0.3%   0.426 GC:3    +
   18    28  0   0.3%   0.472 UA:3    +
   23    29  0   0.3%   0.202 GC:3    +
    6    16  0   0.2%   0.313 CG:3    +
    7    15  0   0.2%   0.544 GU:3    +
   16    22  0   0.2%   0.329 GC:3    +
    2    17  0   0.1%   0.027 GC:3    +
   14    22  0   0.1%   0.744 GC:3    +
   13    23  0   0.1%   0.301 CG:3    +
   22    26  0   0.1%   0.501 CG:3    +
   21    27  0   0.1%   0.383 UA:3    +
    1    18  0   0.1%   0.020 AU:3    +
   26    30  0   0.1%   0.598 GC:3    +
    5    18  0   0.1%   0.460 AU:3    +
   16    30  0   0.1%   0.386 GC:3    +
   15    23  0   0.1%   0.531 UG:3    +
    8    13  0   0.1%   0.283 GC:3    +
    7    29  0   0.1%   0.700 GC:3    +
   10    26  0   0.0%   0.366 CG:3    +
   26    33  0   0.0%   0.784 GU:3    +
   16    29  0   0.0%   0.228 GC:3    +
    2    18  0   0.0%   0.024 GU:3    +
   16    20  0   0.0%   0.388 GC:3    +
    9    18  0   0.0%   0.620 AU:3    +
    8    19  0   0.0%   0.578 GU:3    +
    4    22  0   0.0%   0.581 GC:3    +
    5    21  0   0.0%   0.713 AU:3    +
    7    20  0   0.0%   0.965 GC:3    +
    8    15  0   0.0%   0.258 GU:3    +
    2    32  0   0.0%   0.429 GC:3    +
   28    33  0   0.0%   0.504 AU:3    +
    1    19  0   0.0%   0.012 AU:3    +
    1    33  0   0.0%   0.091 AU:3    +
   16    25  0   0.0%   0.369 GC:3    +
    4    31  0   0.0%   0.400 GC:3    +
    7    22  0   0.0%   0.872 GC:3    +
    6    23  0   0.0%   0.288 CG:3    +
    4    10  0   0.0%   0.003 GC:3    +
    8    32  0   0.0%   0.798 GC:3    +
    8    18  0   0.0%   0.510 GU:3    +
    3    11  0   0.0%   0.003 AU:3    +
    7    33  0   0.0%   1.310 GU:3    +
    8    20  0   0.0%   0.434 GC:3    +
    9    19  0   0.0%   0.683 AU:3    +
   17    26  0   0.0%   0.877 CG:3    +
    2    25  0   0.0%   0.425 GC:3    +
   23    33  0   0.0%   0.433 GU:3    +
    2     6  0   0.0%   0.002 GC:3    +
   15    26  0   0.0%   1.010 UG:3    +
   14    29  0   0.0%   0.893 GC:3    +
   11    24  0   0.0%   0.003 UA:3    +
   16    32  0   0.0%   0.403 GC:3    +
   15    28  0   0.0%   0.824 UA:3    +
    4    33  0   0.0%   0.726 GU:3    +
   16    31  0   0.0%   0.392 GC:3    +
    4    25  0   0.0%   0.398 GC:3    +
    2    10  0   0.0%   0.002 GC:3    +
    7    25  0   0.0%   0.689 GC:3    +
    6    26  0   0.0%   0.287 CG:3    +
   19    26  0   0.0%   0.674 UG:3    +
   18    27  0   0.0%   0.438 UA:3    +
   16    21  0   0.0%   0.367 GU:3    +
    1    11  0   0.0%   0.001 AU:3    +
    4    15  0   0.0%   0.002 GU:3    +
    8    21  0   0.0%   0.416 GU:3    +
   11    16  0   0.0%   0.106 UG:3    +
    4    19  0   0.0%   0.424 GU:3    +
   18    23  0   0.0%   0.406 UG:3    +
   19    23  0   0.0%   0.470 UG:3    +
   11    26  0   0.0%   0.007 UG:3    +
   14    32  0   0.0%   1.068 GC:3    +
   18    24  0   0.0%   0.605 UA:3    +
    2    21  0   0.0%   0.321 GU:3    +
    2    31  0   0.0%   0.425 GC:3    +
   14    31  0   0.0%   1.057 GC:3    +
    7    21  0   0.0%   0.946 GU:3    +
   21    28  0   0.0%   0.349 UA:3    +
   21    26  0   0.0%   0.537 UG:3    +
    7    19  0   0.0%   1.103 GU:3    +
    4    30  0   0.0%   0.397 GC:3    +
   14    30  0   0.0%   1.042 GC:3    +
    2    33  0   0.0%   0.428 GU:3    +
    2    30  0   0.0%   0.424 GC:3    +
    7    34  0   0.0%   1.304 GC:3    +
    2    29  0   0.0%   0.424 GC:3    +
    8    34  0   0.0%   0.770 GC:3    +
    9    33  0   0.0%   0.516 AU:3    +
   14    20  0   0.0%   0.812 GC:3    +
   19    28  0   0.0%   0.525 UA:3    +
    2    13  0   0.0%   0.001 GC:3    +
    8    22  0   0.0%   0.340 GC:3    +
    9    21  0   0.0%   0.521 AU:3    +
    8    33  0   0.0%   0.775 GU:3    +
    4    29  0   0.0%   0.397 GC:3    +
   19    24  0   0.0%   0.669 UA:3    +
   12    18  0   0.0%   0.358 AU:3    +
   10    23  0   0.0%   0.356 CG:3    +
    4    13  0   0.0%   0.001 GC:3    +
    4    11  0   0.0%   0.002 GU:3    +
    2    11  0   0.0%   0.001 GU:3    +
    3    15  0   0.0%   0.001 AU:3    +
    5    11  0   0.0%   0.001 AU:3    +
   15    27  0   0.0%   0.838 UA:3    +
   18    26  0   0.0%   0.609 UG:3    +
    8    25  0   0.0%   0.158 GC:3    +
.((((.(.((...)).).))))............
