3 sequence; length of alignment 61
alifold output
   27    36  0  97.3%   0.112 CG:3   
   26    37  0  97.3%   0.110 CG:3   
   22    43  0  96.4%   0.177 CG:3   
   23    42  0  95.8%   0.194 UA:3   
   24    41  0  84.9%   0.519 UG:3   
   25    38  0  84.3%   0.457 UA:3   
   13    54  0  76.7%   1.295 UA:3   
   14    53  0  76.7%   1.398 CG:3   
   15    52  0  74.8%   1.379 UG:3   
   12    55  0  74.1%   1.101 UA:3   
   11    56  0  67.4%   0.959 GU:3   
   16    51  0  55.1%   1.425 UA:3   
   21    44  0  51.7%   1.055 GU:3   
   20    45  0  51.2%   1.067 GC:3   
   19    46  0  50.4%   1.070 GC:3   
   19    47  0  48.1%   1.434 GC:3    +
   20    46  0  47.7%   1.782 GC:3    +
   21    45  0  47.1%   1.780 GC:3    +
   15    51  0  14.4%   1.001 UA:3    +
   14    52  0  14.3%   1.115 CG:3    +
   13    53  0  13.3%   0.943 UG:3    +
   12    54  0  11.5%   0.885 UA:3    +
   25    40  0   7.6%   0.835 UG:3    +
   29    34  0   6.6%   0.686 AU:3    +
    7    61  0   6.4%   1.215 GC:3    +
    8    59  0   6.3%   1.170 AU:3    +
    8    60  0   6.0%   1.344 AU:3    +
    7    60  0   5.8%   1.010 GU:3    +
    8    58  0   4.2%   0.765 AU:3    +
    4     9  0   4.2%   0.551 GC:3    +
    3    10  0   4.0%   0.476 AU:3    +
    3    60  0   3.8%   0.986 AU:3    +
    2    61  0   3.7%   0.886 GC:3    +
    7    59  0   3.7%   0.782 GU:3    +
    4    59  0   3.2%   0.912 GU:3    +
    4    14  0   2.8%   0.515 GC:3    +
    3    15  0   2.8%   0.505 AU:3    +
    2    16  0   2.7%   0.459 GU:3    +
    1    17  0   2.7%   0.511 GC:3    +
    2     9  0   2.6%   0.343 GC:3    +
    1    10  0   2.3%   0.324 GU:3    +
   26    41  0   2.0%   0.496 CG:3    +
   27    40  0   2.0%   0.568 CG:3    +
   28    34  0   1.9%   0.258 AU:3    +
   25    42  0   1.9%   0.647 UA:3    +
    8    57  0   1.8%   0.425 AU:3    +
    7    58  0   1.8%   0.465 GU:3    +
   17    52  0   1.7%   0.909 CG:3    +
   18    51  0   1.7%   0.920 UA:3    +
   24    43  0   1.6%   0.434 UG:3    +
    2    60  0   1.6%   0.606 GU:3    +
    3    59  0   1.5%   0.722 AU:3    +
   16    53  0   1.5%   1.116 UG:3    +
   17    53  0   1.5%   0.954 CG:3    +
   18    52  0   1.4%   0.930 UG:3    +
    1    61  0   1.4%   0.583 GC:3    +
   16    54  0   1.4%   1.239 UA:3    +
    1     9  0   1.4%   0.183 GC:3    +
    3    57  0   1.4%   0.556 AU:3    +
    4    56  0   1.3%   0.491 GU:3    +
    2    58  0   1.3%   0.475 GU:3    +
   15    54  0   1.3%   1.276 UA:3    +
    5    55  0   1.3%   0.196 UA:3    +
   29    33  0   1.1%   0.174 AU:3    +
   22    41  0   1.1%   0.176 CG:3    +
   23    40  0   1.1%   0.161 UG:3    +
    4    58  0   1.1%   0.645 GU:3    +
    7    14  0   1.0%   0.315 GC:3    +
   15    55  0   1.0%   1.124 UA:3    +
    2    13  0   1.0%   0.235 GU:3    +
    3    12  0   1.0%   0.279 AU:3    +
    1    14  0   1.0%   0.298 GC:3    +
    8    13  0   0.9%   0.195 AU:3    +
    4    61  0   0.8%   0.873 GC:3    +
    9    52  0   0.8%   0.417 CG:3    +
   10    51  0   0.8%   0.349 UA:3    +
    4    17  0   0.8%   0.489 GC:3    +
   11    50  0   0.8%   0.153 GU:3    +
    3    18  0   0.7%   0.436 AU:3    +
   19    48  0   0.7%   0.833 GU:3    +
    6    54  0   0.7%   0.126 UA:3    +
   20    47  0   0.7%   1.184 GC:3    +
    3    58  0   0.7%   0.593 AU:3    +
   21    46  0   0.6%   1.520 GC:3    +
    2    59  0   0.6%   0.487 GU:3    +
    4    57  0   0.6%   0.532 GU:3    +
    7    57  0   0.6%   0.263 GU:3    +
    1    59  0   0.6%   0.445 GU:3    +
   24    40  0   0.5%   0.149 UG:3    +
    8    56  0   0.5%   0.194 AU:3    +
    2    14  0   0.4%   0.252 GC:3    +
    3    13  0   0.4%   0.284 AU:3    +
    2    17  0   0.3%   0.412 GC:3    +
    4    12  0   0.3%   0.244 GU:3    +
    1    60  0   0.3%   0.434 GU:3    +
    3    16  0   0.3%   0.442 AU:3    +
    1    18  0   0.3%   0.365 GU:3    +
    6    55  0   0.3%   0.160 UA:3    +
   12    21  0   0.2%   0.124 UG:3    +
   11    22  0   0.2%   0.059 GC:3    +
   14    19  0   0.2%   0.257 CG:3    +
   13    20  0   0.2%   0.154 UG:3    +
   11    57  0   0.2%   0.580 GU:3    +
    1    12  0   0.2%   0.187 GU:3    +
    1    15  0   0.2%   0.245 GU:3    +
   38    44  0   0.2%   0.554 AU:3    +
   37    45  0   0.2%   0.799 GC:3    +
   36    46  0   0.2%   0.820 GC:3    +
   39    43  0   0.2%   0.161 CG:3    +
   53    60  0   0.2%   1.212 GU:3    +
    5    11  0   0.2%   0.034 UG:3    +
   52    61  0   0.2%   1.129 GC:3    +
    4    15  0   0.2%   0.394 GU:3    +
   10    55  0   0.2%   0.380 UA:3    +
    6    28  0   0.2%   0.038 UA:3    +
   24    42  0   0.2%   0.254 UA:3    +
   54    59  0   0.2%   1.187 AU:3    +
    5    29  0   0.2%   0.043 UA:3    +
    4    30  0   0.2%   0.332 GU:3    +
   31    37  0   0.1%   0.084 UG:3    +
   23    41  0   0.1%   0.141 UG:3    +
   30    38  0   0.1%   0.198 UA:3    +
   23    43  0   0.1%   0.170 UG:3    +
   54    60  0   0.1%   1.216 AU:3    +
   53    61  0   0.1%   1.076 GC:3    +
   19    27  0   0.1%   0.050 GC:3    +
   20    26  0   0.1%   0.047 GC:3    +
    7    27  0   0.1%   0.087 GC:3    +
    8    25  0   0.1%   0.070 AU:3    +
   18    28  0   0.1%   0.086 UA:3    +
    3    31  0   0.1%   0.372 AU:3    +
   47    53  0   0.1%   1.036 CG:3    +
    2    45  0   0.1%   0.308 GC:3    +
    3    44  0   0.1%   0.381 AU:3    +
    1    46  0   0.1%   0.359 GC:3    +
    4    60  0   0.1%   0.790 GU:3    +
   25    41  0   0.1%   0.581 UG:3    +
   55    59  0   0.1%   0.928 AU:3    +
   48    52  0   0.1%   0.743 UG:3    +
   47    52  0   0.1%   1.091 CG:3    +
    5    42  0   0.1%   0.040 UA:3    +
    9    53  0   0.1%   0.354 CG:3    +
   10    52  0   0.1%   0.324 UG:3    +
    7    26  0   0.1%   0.073 GC:3    +
   26    40  0   0.1%   0.341 CG:3    +
   11    39  0   0.1%   0.048 GC:3    +
   12    38  0   0.1%   0.107 UA:3    +
    8    44  0   0.1%   0.071 AU:3    +
   13    37  0   0.1%   0.141 UG:3    +
    7    45  0   0.1%   0.089 GC:3    +
    9    43  0   0.1%   0.308 CG:3    +
   14    36  0   0.1%   0.243 CG:3    +
   28    33  0   0.1%   0.036 AU:3    +
    3    48  0   0.1%   0.380 AU:3    +
    4    47  0   0.1%   0.327 GC:3    +
   46    53  0   0.1%   1.380 CG:3    +
   10    36  0   0.1%   0.232 UG:3    +
   10    40  0   0.1%   0.237 UG:3    +
   11    35  0   0.1%   0.046 GC:3    +
    9    37  0   0.1%   0.300 CG:3    +
    2    49  0   0.1%   0.308 GU:3    +
   21    25  0   0.0%   0.037 GU:3    +
    1    35  0   0.0%   0.347 GC:3    +
   31    36  0   0.0%   0.060 UG:3    +
    9    41  0   0.0%   0.307 CG:3    +
   19    50  0   0.0%   0.810 GU:3    +
   45    53  0   0.0%   1.340 CG:3    +
   46    52  0   0.0%   1.440 CG:3    +
    2    34  0   0.0%   0.294 GU:3    +
   10    42  0   0.0%   0.244 UA:3    +
   30    37  0   0.0%   0.063 UG:3    +
   17    37  0   0.0%   0.172 CG:3    +
   18    36  0   0.0%   0.079 UG:3    +
   19    35  0   0.0%   0.042 GC:3    +
    6    11  0   0.0%   0.024 UG:3    +
   16    38  0   0.0%   0.131 UA:3    +
    7    12  0   0.0%   0.085 GU:3    +
    6    41  0   0.0%   0.028 UG:3    +
    1    27  0   0.0%   0.342 GC:3    +
    2    26  0   0.0%   0.289 GC:3    +
   34    54  0   0.0%   0.882 UA:3    +
   35    53  0   0.0%   0.629 CG:3    +
   20    34  0   0.0%   0.038 GU:3    +
    3    25  0   0.0%   0.357 AU:3    +
   33    55  0   0.0%   0.426 UA:3    +
    1    50  0   0.0%   0.356 GU:3    +
   44    54  0   0.0%   0.983 UA:3    +
   11    58  0   0.0%   0.708 GU:3    +
   30    36  0   0.0%   0.057 UG:3    +
    3    33  0   0.0%   0.366 AU:3    +
    7    13  0   0.0%   0.078 GU:3    +
   32    56  0   0.0%   0.365 AU:3    +
    8    12  0   0.0%   0.086 AU:3    +
    2    57  0   0.0%   0.308 GU:3    +
    1     6  0   0.0%   0.007 GU:3    +
    4    24  0   0.0%   0.307 GU:3    +
    7    39  0   0.0%   0.075 GC:3    +
   21    33  0   0.0%   0.029 GU:3    +
   26    53  0   0.0%   0.736 CG:3    +
   27    52  0   0.0%   0.805 CG:3    +
   25    54  0   0.0%   1.047 UA:3    +
   31    38  0   0.0%   0.189 UA:3    +
   55    60  0   0.0%   0.943 AU:3    +
   16    52  0   0.0%   0.995 UG:3    +
   43    56  0   0.0%   0.491 GU:3    +
   42    57  0   0.0%   0.356 AU:3    +
   40    47  0   0.0%   0.763 GC:3    +
   41    46  0   0.0%   1.049 GC:3    +
    7    56  0   0.0%   0.139 GU:3    +
   41    58  0   0.0%   0.650 GU:3    +
   24    38  0   0.0%   0.015 UA:3    +
   35    41  0   0.0%   0.309 CG:3    +
   10    54  0   0.0%   0.315 UA:3    +
   26    36  0   0.0%   0.032 CG:3    +
    2    35  0   0.0%   0.295 GC:3    +
   12    40  0   0.0%   0.109 UG:3    +
   34    42  0   0.0%   0.405 UA:3    +
   32    50  0   0.0%   0.053 AU:3    +
   27    37  0   0.0%   0.090 CG:3    +
    3    56  0   0.0%   0.377 AU:3    +
   24    55  0   0.0%   0.607 UA:3    +
    2    10  0   0.0%   0.187 GU:3    +
    3    34  0   0.0%   0.368 AU:3    +
   31    51  0   0.0%   0.744 UA:3    +
   53    59  0   0.0%   1.169 GU:3    +
   14    40  0   0.0%   0.243 CG:3    +
    6    40  0   0.0%   0.022 UG:3    +
   52    59  0   0.0%   1.235 GU:3    +
   11    59  0   0.0%   0.895 GU:3    +
   33    43  0   0.0%   0.182 UG:3    +
   44    55  0   0.0%   0.729 UA:3    +
   25    37  0   0.0%   0.029 UG:3    +
    9    20  0   0.0%   0.291 CG:3    +
   13    55  0   0.0%   0.911 UA:3    +
    1    58  0   0.0%   0.354 GU:3    +
   10    19  0   0.0%   0.223 UG:3    +
    7    17  0   0.0%   0.210 GC:3    +
   13    41  0   0.0%   0.140 UG:3    +
   32    44  0   0.0%   0.358 AU:3    +
    1    47  0   0.0%   0.350 GC:3    +
    8    16  0   0.0%   0.161 AU:3    +
   54    58  0   0.0%   0.971 AU:3    +
   40    59  0   0.0%   0.908 GU:3    +
   51    60  0   0.0%   1.273 AU:3    +
   53    58  0   0.0%   0.979 GU:3    +
   52    60  0   0.0%   1.247 GU:3    +
   42    56  0   0.0%   0.495 AU:3    +
   12    52  0   0.0%   0.149 UG:3    +
    4    10  0   0.0%   0.353 GU:3    +
   41    57  0   0.0%   0.510 GU:3    +
    2    46  0   0.0%   0.304 GC:3    +
    4    33  0   0.0%   0.318 GU:3    +
   13    51  0   0.0%   0.173 UA:3    +
   38    49  0   0.0%   0.186 AU:3    +
   29    59  0   0.0%   0.780 AU:3    +
   11    17  0   0.0%   0.171 GC:3    +
   37    50  0   0.0%   0.115 GU:3    +
    2     6  0   0.0%   0.005 GU:3    +
   40    58  0   0.0%   0.718 GU:3    +
   12    53  0   0.0%   0.111 UG:3    +
   35    52  0   0.0%   0.693 CG:3    +
    5    32  0   0.0%   0.025 UA:3    +
   34    53  0   0.0%   0.873 UG:3    +
   38    60  0   0.0%   0.729 AU:3    +
    4    22  0   0.0%   0.301 GC:3    +
   23    32  0   0.0%   0.005 UA:3    +
    5    21  0   0.0%   0.014 UG:3    +
   37    61  0   0.0%   0.470 GC:3    +
   28    60  0   0.0%   0.647 AU:3    +
   12    51  0   0.0%   0.142 UA:3    +
   11    61  0   0.0%   0.760 GC:3    +
   48    54  0   0.0%   0.661 UA:3    +
   33    54  0   0.0%   0.671 UA:3    +
    6    20  0   0.0%   0.008 UG:3    +
   16    32  0   0.0%   0.119 UA:3    +
   52    58  0   0.0%   1.045 GU:3    +
   49    53  0   0.0%   0.632 UG:3    +
   11    60  0   0.0%   0.907 GU:3    +
   48    55  0   0.0%   0.407 UA:3    +
   49    54  0   0.0%   0.623 UA:3    +
    3    23  0   0.0%   0.349 AU:3    +
   20    27  0   0.0%   0.045 GC:3    +
    5    41  0   0.0%   0.025 UG:3    +
   21    26  0   0.0%   0.036 GC:3    +
   11    18  0   0.0%   0.070 GU:3    +
   12    42  0   0.0%   0.111 UA:3    +
    4    13  0   0.0%   0.219 GU:3    +
   10    53  0   0.0%   0.282 UG:3    +
    2    12  0   0.0%   0.110 GU:3    +
   51    59  0   0.0%   1.259 AU:3    +
   19    49  0   0.0%   0.765 GU:3    +
   13    52  0   0.0%   0.178 UG:3    +
    7    22  0   0.0%   0.057 GC:3    +
   37    60  0   0.0%   0.617 GU:3    +
   36    61  0   0.0%   0.459 GC:3    +
   52    57  0   0.0%   0.907 GU:3    +
   51    58  0   0.0%   1.071 AU:3    +
    2    24  0   0.0%   0.281 GU:3    +
   38    59  0   0.0%   0.715 AU:3    +
    2    47  0   0.0%   0.298 GC:3    +
   30    52  0   0.0%   0.703 UG:3    +
   20    49  0   0.0%   0.764 GU:3    +
   14    41  0   0.0%   0.243 CG:3    +
    9    19  0   0.0%   0.288 CG:3    +
   22    40  0   0.0%   0.025 CG:3    +
   51    56  0   0.0%   1.077 AU:3    +
   15    40  0   0.0%   0.133 UG:3    +
    8    18  0   0.0%   0.098 AU:3    +
   53    57  0   0.0%   0.839 GU:3    +
    1    48  0   0.0%   0.348 GU:3    +
   49    55  0   0.0%   0.368 UA:3    +
    1     5  0   0.0%   0.001 GU:3    +
   38    48  0   0.0%   0.217 AU:3    +
   50    54  0   0.0%   0.662 UA:3    +
   36    47  0   0.0%   0.451 GC:3    +
   15    32  0   0.0%   0.124 UA:3    +
   37    49  0   0.0%   0.073 GU:3    +
    1    57  0   0.0%   0.351 GU:3    +
    4    45  0   0.0%   0.320 GC:3    +
    2    31  0   0.0%   0.284 GU:3    +
    3    30  0   0.0%   0.352 AU:3    +
   13    42  0   0.0%   0.140 UA:3    +
   28    50  0   0.0%   0.143 AU:3    +
   11    47  0   0.0%   0.044 GC:3    +
    2    50  0   0.0%   0.304 GU:3    +
   29    49  0   0.0%   0.248 AU:3    +
    3    49  0   0.0%   0.377 AU:3    +
    9    21  0   0.0%   0.290 CG:3    +
   10    20  0   0.0%   0.223 UG:3    +
   37    46  0   0.0%   0.817 GC:3    +
    6    43  0   0.0%   0.023 UG:3    +
   29    50  0   0.0%   0.287 AU:3    +
   19    39  0   0.0%   0.034 GC:3    +
   17    41  0   0.0%   0.167 CG:3    +
   18    40  0   0.0%   0.073 UG:3    +
    6    53  0   0.0%   0.023 UG:3    +
    5    54  0   0.0%   0.030 UA:3    +
   15    53  0   0.0%   1.099 UG:3    +
    8    23  0   0.0%   0.046 AU:3    +
   35    40  0   0.0%   0.378 CG:3    +
   16    42  0   0.0%   0.130 UA:3    +
    4    48  0   0.0%   0.322 GU:3    +
    1    13  0   0.0%   0.163 GU:3    +
   50    55  0   0.0%   0.408 UA:3    +
   51    57  0   0.0%   0.934 AU:3    +
   20    48  0   0.0%   0.797 GU:3    +
    7    24  0   0.0%   0.058 GU:3    +
    8    15  0   0.0%   0.166 AU:3    +
    5    43  0   0.0%   0.030 UG:3    +
   36    50  0   0.0%   0.105 GU:3    +
   21    47  0   0.0%   1.142 GC:3    +
   14    37  0   0.0%   0.240 CG:3    +
   48    53  0   0.0%   0.669 UG:3    +
   11    49  0   0.0%   0.043 GU:3    +
    7    50  0   0.0%   0.078 GU:3    +
   15    36  0   0.0%   0.131 UG:3    +
   41    60  0   0.0%   0.848 GU:3    +
   32    48  0   0.0%   0.044 AU:3    +
    7    16  0   0.0%   0.168 GU:3    +
   42    59  0   0.0%   0.678 AU:3    +
   40    61  0   0.0%   0.770 GC:3    +
    6    51  0   0.0%   0.023 UA:3    +
    2    56  0   0.0%   0.301 GU:3    +
    8    49  0   0.0%   0.061 AU:3    +
    6    42  0   0.0%   0.027 UA:3    +
   34    41  0   0.0%   0.556 UG:3    +
   13    38  0   0.0%   0.133 UA:3    +
   43    58  0   0.0%   0.483 GU:3    +
    2    33  0   0.0%   0.284 GU:3    +
   16    29  0   0.0%   0.127 UA:3    +
   52    56  0   0.0%   1.050 GU:3    +
    8    24  0   0.0%   0.048 AU:3    +
   40    46  0   0.0%   1.117 GC:3    +
   18    32  0   0.0%   0.063 UA:3    +
   41    45  0   0.0%   1.014 GC:3    +
   19    31  0   0.0%   0.031 GU:3    +
   29    56  0   0.0%   0.595 AU:3    +
   30    55  0   0.0%   0.381 UA:3    +
   15    43  0   0.0%   0.128 UG:3    +
   41    47  0   0.0%   0.690 GC:3    +
   21    58  0   0.0%   1.098 GU:3    +
    2    18  0   0.0%   0.296 GU:3    +
   33    42  0   0.0%   0.197 UA:3    +
   40    48  0   0.0%   0.408 GU:3    +
   20    59  0   0.0%   1.293 GU:3    +
   42    58  0   0.0%   0.491 AU:3    +
    5    52  0   0.0%   0.030 UG:3    +
    5    28  0   0.0%   0.012 UA:3    +
   41    59  0   0.0%   0.836 GU:3    +
   31    54  0   0.0%   0.631 UA:3    +
   23    29  0   0.0%   0.012 UA:3    +
    1    25  0   0.0%   0.333 GU:3    +
   28    57  0   0.0%   0.310 AU:3    +
   20    30  0   0.0%   0.035 GU:3    +
   19    45  0   0.0%   0.038 GC:3    +
   32    49  0   0.0%   0.010 AU:3    +
   18    53  0   0.0%   0.798 UG:3    +
   12    43  0   0.0%   0.106 UG:3    +
   14    20  0   0.0%   0.244 CG:3    +
   15    38  0   0.0%   0.128 UA:3    +
    1    33  0   0.0%   0.336 GU:3    +
   42    48  0   0.0%   0.178 AU:3    +
   16    55  0   0.0%   0.926 UA:3    +
    7    23  0   0.0%   0.056 GU:3    +
   17    36  0   0.0%   0.163 CG:3    +
    1    34  0   0.0%   0.336 GU:3    +
   41    49  0   0.0%   0.302 GU:3    +
   43    47  0   0.0%   0.525 GC:3    +
   11    16  0   0.0%   0.130 GU:3    +
   16    37  0   0.0%   0.125 UG:3    +
   25    29  0   0.0%   0.025 UA:3    +
   43    57  0   0.0%   0.346 GU:3    +
   27    41  0   0.0%   0.417 CG:3    +
   21    48  0   0.0%   0.789 GU:3    +
   24    28  0   0.0%   0.021 UA:3    +
   18    29  0   0.0%   0.071 UA:3    +
   15    19  0   0.0%   0.138 UG:3    +
   19    60  0   0.0%   1.310 GU:3    +
   30    51  0   0.0%   0.743 UA:3    +
   24    32  0   0.0%   0.006 UA:3    +
   40    60  0   0.0%   0.919 GU:3    +
   38    50  0   0.0%   0.225 AU:3    +
   40    50  0   0.0%   0.415 GU:3    +
   12    41  0   0.0%   0.108 UG:3    +
   20    44  0   0.0%   0.038 GU:3    +
   18    54  0   0.0%   0.800 UA:3    +
   24    29  0   0.0%   0.014 UA:3    +
   33    37  0   0.0%   0.115 UG:3    +
   13    21  0   0.0%   0.140 UG:3    +
   15    29  0   0.0%   0.133 UA:3    +
   13    40  0   0.0%   0.136 UG:3    +
    6    29  0   0.0%   0.028 UA:3    +
   29    58  0   0.0%   0.591 AU:3    +
    1    16  0   0.0%   0.220 GU:3    +
    7    25  0   0.0%   0.059 GU:3    +
   33    38  0   0.0%   0.226 UA:3    +
    4    16  0   0.0%   0.376 GU:3    +
    7    15  0   0.0%   0.176 GU:3    +
    4    31  0   0.0%   0.319 GU:3    +
    9    40  0   0.0%   0.294 CG:3    +
   19    61  0   0.0%   1.162 GC:3    +
   20    60  0   0.0%   1.305 GU:3    +
   11    48  0   0.0%   0.042 GU:3    +
   13    32  0   0.0%   0.126 UA:3    +
   28    59  0   0.0%   0.633 AU:3    +
    1    56  0   0.0%   0.350 GU:3    +
   18    55  0   0.0%   0.548 UA:3    +
    4    46  0   0.0%   0.321 GC:3    +
    4    27  0   0.0%   0.305 GC:3    +
    4    39  0   0.0%   0.313 GC:3    +
    5    38  0   0.0%   0.023 UA:3    +
   42    60  0   0.0%   0.690 AU:3    +
    3    24  0   0.0%   0.349 AU:3    +
   31    53  0   0.0%   0.629 UG:3    +
   41    61  0   0.0%   0.699 GC:3    +
   11    15  0   0.0%   0.137 GU:3    +
   43    59  0   0.0%   0.670 GU:3    +
   33    51  0   0.0%   0.781 UA:3    +
   21    59  0   0.0%   1.284 GU:3    +
    4    23  0   0.0%   0.301 GU:3    +
   37    59  0   0.0%   0.603 GU:3    +
   21    30  0   0.0%   0.029 GU:3    +
   21    57  0   0.0%   0.961 GU:3    +
   14    43  0   0.0%   0.238 CG:3    +
    1    26  0   0.0%   0.333 GC:3    +
   30    54  0   0.0%   0.633 UA:3    +
   20    58  0   0.0%   1.106 GU:3    +
    2    15  0   0.0%   0.177 GU:3    +
    7    47  0   0.0%   0.080 GC:3    +
   24    54  0   0.0%   0.854 UA:3    +
   23    55  0   0.0%   0.465 UA:3    +
   38    58  0   0.0%   0.527 AU:3    +
   34    51  0   0.0%   0.984 UA:3    +
    2    25  0   0.0%   0.281 GU:3    +
   25    32  0   0.0%   0.017 UA:3    +
   20    31  0   0.0%   0.032 GU:3    +
   36    60  0   0.0%   0.606 GU:3    +
   40    57  0   0.0%   0.579 GU:3    +
   15    42  0   0.0%   0.133 UA:3    +
    2    48  0   0.0%   0.297 GU:3    +
   25    53  0   0.0%   1.039 UG:3    +
   29    57  0   0.0%   0.454 AU:3    +
   33    52  0   0.0%   0.739 UG:3    +
   26    52  0   0.0%   0.800 CG:3    +
    6    37  0   0.0%   0.017 UG:3    +
    3    50  0   0.0%   0.376 AU:3    +
    5    53  0   0.0%   0.029 UG:3    +
   19    59  0   0.0%   1.298 GU:3    +
    6    52  0   0.0%   0.022 UG:3    +
   12    19  0   0.0%   0.083 UG:3    +
   28    58  0   0.0%   0.446 AU:3    +
    4    49  0   0.0%   0.321 GU:3    +
   41    56  0   0.0%   0.650 GU:3    +
    8    48  0   0.0%   0.061 AU:3    +
    8    50  0   0.0%   0.060 AU:3    +
   21    34  0   0.0%   0.029 GU:3    +
   25    43  0   0.0%   0.553 UG:3    +
   22    36  0   0.0%   0.026 CG:3    +
    7    49  0   0.0%   0.079 GU:3    +
    1    49  0   0.0%   0.348 GU:3    +
   29    48  0   0.0%   0.281 AU:3    +
   31    40  0   0.0%   0.388 UG:3    +
   20    35  0   0.0%   0.040 GC:3    +
   16    28  0   0.0%   0.127 UA:3    +
..........((((((..(((((((((........)))..))))))....)))))).....
