3 sequence; length of alignment 34
alifold output
    7    18  0  67.7%   0.794 GC:3   
    6    19  0  67.7%   0.794 GC:3   
    8    17  0  67.4%   0.806 UA:3   
    5    20  0  65.8%   1.113 CG:3   
   22    30  0  40.0%   1.981 CG:3   
   23    29  0  39.0%   1.923 UG:3   
   21    31  0  38.5%   2.102 GU:3   
   12    22  0  15.9%   1.340 GC:3    +
   13    21  0  15.7%   1.189 UG:3    +
   11    23  0  15.7%   0.912 AU:3    +
    7    26  0  15.6%   1.155 GC:3    +
   18    30  0  15.6%   1.231 CG:3    +
   19    29  0  15.6%   1.237 CG:3    +
    6    27  0  15.6%   1.160 GC:3    +
    5    12  0  15.2%   0.859 CG:3    +
    4    13  0  15.1%   0.859 AU:3    +
    3    14  0  14.9%   0.850 GU:3    +
   20    27  0  14.8%   1.704 GC:3    +
   21    26  0  14.8%   1.470 GC:3    +
   17    31  0  14.5%   1.222 AU:3    +
    8    25  0  14.2%   1.129 UG:3    +
   14    20  0  12.8%   1.356 UG:3    +
    2    15  0  12.4%   0.777 UA:3    +
   10    24  0  10.3%   0.769 UG:3    +
    3    22  0   4.9%   0.726 GC:3    +
    5    29  0   2.3%   0.845 CG:3    +
    5    30  0   1.4%   0.864 CG:3    +
    4    31  0   1.3%   0.506 AU:3    +
   22    29  0   1.3%   1.011 CG:3    +
   23    28  0   1.2%   0.497 UA:3    +
    2    32  0   1.0%   0.440 UA:3    +
    1    33  0   0.7%   0.131 AU:3    +
   26    30  0   0.6%   1.418 CG:3    +
   25    31  0   0.6%   1.159 GU:3    +
    3    31  0   0.5%   0.553 GU:3    +
   10    15  0   0.4%   0.329 UA:3    +
    7    22  0   0.3%   0.463 GC:3    +
    6    23  0   0.3%   0.337 GU:3    +
    5    24  0   0.3%   0.623 CG:3    +
    8    21  0   0.3%   0.326 UG:3    +
    2    30  0   0.3%   0.335 UG:3    +
   24    31  0   0.2%   1.066 GU:3    +
    1    31  0   0.2%   0.054 AU:3    +
   23    32  0   0.2%   0.841 UA:3    +
   21    27  0   0.2%   1.228 GC:3    +
    3    23  0   0.2%   0.471 GU:3    +
    7    27  0   0.1%   0.900 GC:3    +
    3    27  0   0.1%   0.471 GC:3    +
    1    23  0   0.1%   0.027 AU:3    +
    2    24  0   0.1%   0.288 UG:3    +
    2    28  0   0.1%   0.304 UA:3    +
    9    26  0   0.1%   0.335 GC:3    +
    3    34  0   0.1%   0.505 GC:3    +
    2    25  0   0.1%   0.294 UG:3    +
    4    33  0   0.1%   0.405 AU:3    +
   19    24  0   0.1%   0.548 CG:3    +
   18    25  0   0.1%   0.585 CG:3    +
   10    16  0   0.1%   0.050 UA:3    +
    9    18  0   0.1%   0.290 GC:3    +
   10    17  0   0.1%   0.315 UA:3    +
   16    33  0   0.1%   0.084 AU:3    +
    9    14  0   0.1%   0.303 GU:3    +
   12    18  0   0.1%   0.574 GC:3    +
   29    34  0   0.1%   0.835 GC:3    +
   15    33  0   0.1%   0.343 AU:3    +
   13    17  0   0.1%   0.573 UA:3    +
   10    25  0   0.1%   0.574 UG:3    +
    8    16  0   0.1%   0.019 UA:3    +
    4    23  0   0.1%   0.318 AU:3    +
    9    22  0   0.0%   0.190 GC:3    +
   10    21  0   0.0%   0.068 UG:3    +
   18    29  0   0.0%   0.382 CG:3    +
   20    26  0   0.0%   0.852 GC:3    +
   20    31  0   0.0%   1.221 GU:3    +
    5    21  0   0.0%   0.572 CG:3    +
   23    30  0   0.0%   1.491 UG:3    +
   12    19  0   0.0%   0.566 GC:3    +
   28    33  0   0.0%   0.131 AU:3    +
   16    31  0   0.0%   0.123 AU:3    +
   14    21  0   0.0%   0.874 UG:3    +
    2    16  0   0.0%   0.268 UA:3    +
   24    34  0   0.0%   0.301 GC:3    +
    3    26  0   0.0%   0.448 GC:3    +
    8    15  0   0.0%   0.265 UA:3    +
   25    33  0   0.0%   0.392 GU:3    +
   21    34  0   0.0%   0.994 GC:3    +
   13    20  0   0.0%   0.573 UG:3    +
   24    33  0   0.0%   0.343 GU:3    +
    8    28  0   0.0%   0.580 UA:3    +
    9    27  0   0.0%   0.339 GC:3    +
    5     9  0   0.0%   0.004 CG:3    +
    4    10  0   0.0%   0.004 AU:3    +
    2    29  0   0.0%   0.291 UG:3    +
    7    33  0   0.0%   0.628 GU:3    +
    8    32  0   0.0%   0.617 UA:3    +
    9    19  0   0.0%   0.282 GC:3    +
    3    33  0   0.0%   0.520 GU:3    +
    6    34  0   0.0%   0.582 GC:3    +
    2    21  0   0.0%   0.265 UG:3    +
    2     7  0   0.0%   0.002 UG:3    +
   21    33  0   0.0%   1.038 GU:3    +
    1     8  0   0.0%   0.002 AU:3    +
   25    34  0   0.0%   0.345 GC:3    +
    8    20  0   0.0%   0.551 UG:3    +
   30    34  0   0.0%   0.788 GC:3    +
   13    32  0   0.0%   0.633 UA:3    +
   10    32  0   0.0%   0.328 UA:3    +
   12    33  0   0.0%   0.634 GU:3    +
   11    31  0   0.0%   0.394 AU:3    +
    9    33  0   0.0%   0.074 GU:3    +
    9    31  0   0.0%   0.130 GU:3    +
    5    25  0   0.0%   0.591 CG:3    +
    2     9  0   0.0%   0.002 UG:3    +
   20    34  0   0.0%   0.841 GC:3    +
    1    10  0   0.0%   0.002 AU:3    +
   13    29  0   0.0%   0.674 UG:3    +
   29    33  0   0.0%   0.870 GU:3    +
   14    24  0   0.0%   0.816 UG:3    +
   13    25  0   0.0%   0.874 UG:3    +
    9    13  0   0.0%   0.289 GU:3    +
   12    26  0   0.0%   0.889 GC:3    +
   10    20  0   0.0%   0.314 UG:3    +
    6    10  0   0.0%   0.003 GU:3    +
   15    23  0   0.0%   0.614 AU:3    +
   14    32  0   0.0%   0.604 UA:3    +
   14    28  0   0.0%   0.566 UA:3    +
    7    19  0   0.0%   0.531 GC:3    +
   12    34  0   0.0%   0.598 GC:3    +
    8    24  0   0.0%   0.316 UG:3    +
    2    12  0   0.0%   0.002 UG:3    +
    2    11  0   0.0%   0.002 UA:3    +
    3    10  0   0.0%   0.001 GU:3    +
    1    13  0   0.0%   0.002 AU:3    +
   20    33  0   0.0%   0.887 GU:3    +
   15    31  0   0.0%   0.385 AU:3    +
    7    14  0   0.0%   0.285 GU:3    +
    3     8  0   0.0%   0.001 GU:3    +
    6    26  0   0.0%   0.284 GC:3    +
   17    33  0   0.0%   0.614 AU:3    +
    7    23  0   0.0%   0.322 GU:3    +
    4    14  0   0.0%   0.571 AU:3    +
    6    13  0   0.0%   0.287 GU:3    +
    6    22  0   0.0%   0.413 GC:3    +
   19    25  0   0.0%   0.571 CG:3    +
   19    30  0   0.0%   0.931 CG:3    +
    1    14  0   0.0%   0.002 AU:3    +
    6    31  0   0.0%   0.672 GU:3    +
    3    13  0   0.0%   0.001 GU:3    +
    6    14  0   0.0%   0.284 GU:3    +
    7    13  0   0.0%   0.287 GU:3    +
   10    30  0   0.0%   0.355 UG:3    +
    2    17  0   0.0%   0.263 UA:3    +
    8    29  0   0.0%   0.657 UG:3    +
   10    28  0   0.0%   0.290 UA:3    +
   18    24  0   0.0%   0.536 CG:3    +
    2    20  0   0.0%   0.263 UG:3    +
    9    23  0   0.0%   0.058 GU:3    +
    8    30  0   0.0%   0.644 UG:3    +
    4     8  0   0.0%   0.001 AU:3    +
    7    34  0   0.0%   0.592 GC:3    +
    3    19  0   0.0%   0.284 GC:3    +
    8    12  0   0.0%   0.287 UG:3    +
    6    18  0   0.0%   0.001 GC:3    +
    9    34  0   0.0%   0.038 GC:3    +
   14    29  0   0.0%   0.644 UG:3    +
   13    30  0   0.0%   0.660 UG:3    +
    7    31  0   0.0%   0.683 GU:3    +
   12    23  0   0.0%   0.917 GU:3    +
....((((........))))(((.....)))...
