3 sequence; length of alignment 152
alifold output
   55    75  0 100.0%   0.001 GC:3   
   54    76  0  99.9%   0.002 CG:3   
   34   101  0  99.9%   0.006 CG:3   
   35   100  0  99.9%   0.008 UA:3   
   33   102  0  99.9%   0.009 CG:3   
   36    99  0  99.9%   0.012 CG:3   
   61    68  0  99.9%   0.010 GC:3   
   53    77  0  99.7%   0.009 UG:3   
   56    74  0  99.6%   0.012 CG:3   
    5    20  0  99.4%   0.037 CG:3   
   52    78  0  99.4%   0.037 AU:3   
    6    19  0  99.4%   0.029 CG:3   
    4    21  0  99.3%   0.036 CG:3   
   62    67  0  99.3%   0.029 GC:3   
   28   109  0  98.4%   0.089 CG:3   
  126   139  0  98.3%   0.070 GC:3   
  125   140  0  98.2%   0.071 GC:3   
  127   138  0  98.0%   0.081 CG:3   
   51    79  0  97.7%   0.069 UG:3   
   29   108  0  97.5%   0.173 GC:3   
  124   141  0  97.4%   0.106 GC:3   
   59    70  0  96.5%   0.332 CG:3   
   60    69  0  96.5%   0.217 UG:3   
   30   107  0  96.4%   0.320 GC:3   
   58    71  0  96.2%   0.346 CG:3   
   49    81  0  95.7%   0.259 GC:3   
   48    82  0  95.7%   0.393 CG:3   
   27   110  0  94.0%   0.229 AU:3   
   47    83  0  93.3%   0.461 GC:3   
   45    87  0  93.2%   0.351 GU:3   
   43    89  0  93.2%   0.512 AU:3   
   44    88  0  93.0%   0.207 AU:3   
   42    90  0  92.7%   0.531 CG:3   
   46    86  0  92.2%   0.526 CG:3   
   37    98  0  91.7%   0.413 GU:3   
   31   105  0  89.2%   0.340 CG:3   
   38    96  0  88.9%   0.488 CG:3   
    3    22  0  82.9%   0.474 UA:3   
   39    95  0  82.5%   0.719 AU:3   
    8    16  0  77.2%   0.666 CG:3   
    9    15  0  70.0%   0.751 UA:3   
  129   136  0  61.5%   1.216 CG:3   
    7    18  0  58.3%   1.353 AU:3   
   32   103  0  54.8%   0.997 AU:3    +
  120   143  0  45.6%   1.392 GC:3    +
  121   142  0  45.2%   1.531 GC:3    +
   32   104  0  44.4%   1.434 AU:3   
  111   123  0  39.1%   1.169 GC:3   
  112   122  0  39.1%   1.515 AU:3   
    7    17  0  38.5%   1.144 AU:3    +
  113   121  0  36.0%   1.338 CG:3   
   25   112  0  27.3%   1.300 UA:3    +
  113   150  0  26.5%   1.743 CG:3    +
  114   149  0  26.0%   1.444 AU:3    +
  128   136  0  16.7%   0.914 CG:3    +
   10    16  0  12.0%   1.031 CG:3    +
   41    92  0  11.9%   0.761 UA:3    +
   11    15  0   9.8%   0.932 UA:3    +
  111   151  0   8.8%   1.232 GC:3    +
  114   119  0   8.1%   0.739 AU:3    +
    2    24  0   7.2%   0.624 GU:3    +
  113   120  0   5.6%   0.551 CG:3    +
   38    90  0   5.5%   0.487 CG:3    +
  116   151  0   5.4%   1.041 GC:3    +
   42    86  0   5.4%   0.473 CG:3    +
   39    89  0   5.4%   0.472 AU:3    +
   37    91  0   5.4%   0.482 GC:3    +
  117   150  0   5.4%   0.952 UG:3    +
   43    85  0   5.3%   0.466 AU:3    +
    1    25  0   4.8%   0.491 AU:3    +
   46    82  0   4.2%   0.409 CG:3    +
   47    81  0   4.2%   0.400 GC:3    +
   45    83  0   4.2%   0.409 GC:3    +
   48    80  0   4.2%   0.398 CG:3    +
  116   147  0   3.9%   0.448 GU:3    +
    3    23  0   3.7%   0.528 UA:3    +
  130   136  0   3.6%   0.980 CG:3    +
   57    71  0   3.5%   0.352 CG:3    +
   58    70  0   3.4%   0.348 CG:3    +
   59    69  0   3.3%   0.341 CG:3    +
  121   143  0   3.1%   1.540 GC:3    +
   30   106  0   2.9%   0.347 GU:3    +
  120   144  0   2.9%   0.958 GU:3    +
    2   151  0   2.1%   0.556 GC:3    +
  115   152  0   2.0%   0.413 UG:3    +
   29   107  0   1.8%   0.270 GC:3    +
   23   115  0   1.7%   0.346 AU:3    +
   24   114  0   1.7%   0.502 UA:3    +
   47    85  0   1.6%   0.568 GU:3    +
    9    16  0   1.6%   0.651 UG:3    +
    8    13  0   1.6%   0.197 CG:3    +
    2   143  0   1.4%   0.408 GC:3    +
    1    24  0   1.2%   0.166 AU:3    +
   26   113  0   1.2%   0.214 GC:3    +
    1   144  0   1.1%   0.350 AU:3    +
    3   150  0   1.1%   0.437 UG:3    +
   39    94  0   1.1%   0.336 AU:3    +
   25   114  0   1.0%   0.755 UA:3    +
   25   111  0   0.9%   0.281 UG:3    +
    7    14  0   0.8%   0.122 AU:3    +
  143   150  0   0.8%   1.407 CG:3    +
   24   112  0   0.8%   0.377 UA:3    +
   42    96  0   0.8%   0.459 CG:3    +
   41    97  0   0.8%   0.372 UA:3    +
   43    95  0   0.7%   0.500 AU:3    +
  115   120  0   0.7%   0.341 UG:3    +
  136   143  0   0.7%   1.398 GC:3    +
  135   144  0   0.7%   0.295 AU:3    +
  134   145  0   0.6%   0.144 AU:3    +
   39    93  0   0.6%   0.253 AU:3    +
  133   146  0   0.6%   0.147 AU:3    +
   46    90  0   0.6%   0.545 CG:3    +
   45    91  0   0.6%   0.469 GC:3    +
  132   147  0   0.6%   0.256 AU:3    +
   44    94  0   0.6%   0.213 AU:3    +
   26   151  0   0.5%   0.330 GC:3    +
  126   151  0   0.5%   0.678 GC:3    +
  127   150  0   0.5%   0.734 CG:3    +
  131   148  0   0.5%   0.166 AU:3    +
   28   105  0   0.5%   0.082 CG:3    +
   27   106  0   0.5%   0.082 AU:3    +
  124   142  0   0.5%   0.543 GC:3    +
   26   107  0   0.5%   0.082 GC:3    +
  128   138  0   0.5%   0.412 CG:3    +
   24   116  0   0.4%   0.432 UG:3    +
   29   104  0   0.4%   0.067 GU:3    +
  125   141  0   0.4%   0.132 GC:3    +
  137   144  0   0.4%   0.300 AU:3    +
   23   117  0   0.4%   0.271 AU:3    +
  138   143  0   0.4%   0.735 GC:3    +
  136   145  0   0.4%   0.908 GU:3    +
  135   146  0   0.4%   0.192 AU:3    +
  109   151  0   0.4%   0.230 GC:3    +
  134   147  0   0.4%   0.298 AU:3    +
  110   150  0   0.4%   0.227 UG:3    +
    2   142  0   0.3%   0.266 GC:3    +
   50    78  0   0.3%   0.057 GU:3    +
  133   148  0   0.3%   0.206 AU:3    +
   26   143  0   0.3%   0.255 GC:3    +
  120   145  0   0.3%   0.751 GU:3    +
  108   152  0   0.3%   0.112 CG:3    +
   13   151  0   0.3%   0.203 GC:3    +
   14   150  0   0.3%   0.143 UG:3    +
   15   149  0   0.3%   0.538 AU:3    +
  126   140  0   0.3%   0.106 GC:3    +
  121   144  0   0.3%   1.094 GU:3    +
  111   149  0   0.3%   0.505 GU:3    +
  132   149  0   0.3%   0.515 AU:3    +
  110   152  0   0.3%   0.199 UG:3    +
  112   148  0   0.3%   0.849 AU:3    +
   26   110  0   0.3%   0.088 GU:3    +
   20   143  0   0.3%   0.139 GC:3    +
   21   142  0   0.3%   0.095 GC:3    +
   19   144  0   0.2%   0.126 GU:3    +
  116   148  0   0.2%   0.273 GU:3    +
   16   148  0   0.2%   0.579 GU:3    +
  121   146  0   0.2%   0.967 GU:3    +
   25   152  0   0.2%   0.641 UG:3    +
  116   123  0   0.2%   0.441 GC:3    +
  130   150  0   0.2%   0.814 CG:3    +
   23   110  0   0.2%   0.155 AU:3    +
   24   109  0   0.2%   0.277 UG:3    +
  131   149  0   0.2%   0.480 AU:3    +
  124   143  0   0.2%   0.672 GC:3    +
   22   118  0   0.2%   0.196 AU:3    +
  142   152  0   0.2%   0.628 CG:3    +
   38    45  0   0.2%   0.030 CG:3    +
   26   142  0   0.2%   0.177 GC:3    +
   37    46  0   0.2%   0.030 GC:3    +
  120   147  0   0.2%   0.879 GU:3    +
  125   142  0   0.2%   0.526 GC:3    +
  121   145  0   0.1%   0.948 GU:3    +
    5    19  0   0.1%   0.029 CG:3    +
    4    20  0   0.1%   0.029 CG:3    +
  126   141  0   0.1%   0.134 GC:3    +
   86    91  0   0.1%   0.453 GC:3    +
  132   148  0   0.1%   0.163 AU:3    +
   45    85  0   0.1%   0.328 GU:3    +
   85    92  0   0.1%   0.516 UA:3    +
  120   146  0   0.1%   0.750 GU:3    +
  133   147  0   0.1%   0.246 AU:3    +
  116   146  0   0.1%   0.087 GU:3    +
   40    96  0   0.1%   0.137 CG:3    +
   30   103  0   0.1%   0.023 GU:3    +
    1   149  0   0.1%   0.288 AU:3    +
  129   138  0   0.1%   0.387 CG:3    +
   84    93  0   0.1%   0.067 AU:3    +
  120   130  0   0.1%   0.233 GC:3    +
  121   129  0   0.1%   0.417 GC:3    +
   26   123  0   0.1%   0.124 GC:3    +
   12   152  0   0.1%   0.027 UG:3    +
  119   131  0   0.1%   0.237 UA:3    +
  114   148  0   0.1%   0.401 AU:3    +
   27   122  0   0.1%   0.109 AU:3    +
  116   149  0   0.1%   0.614 GU:3    +
  121   127  0   0.1%   0.411 GC:3    +
  110   124  0   0.1%   0.118 UG:3    +
  120   128  0   0.1%   0.223 GC:3    +
   28   121  0   0.1%   0.067 CG:3    +
  143   152  0   0.1%   0.844 CG:3    +
  134   146  0   0.1%   0.135 AU:3    +
   57    74  0   0.1%   0.141 CG:3    +
    2   148  0   0.1%   0.325 GU:3    +
  122   126  0   0.1%   0.412 UG:3    +
  108   124  0   0.1%   0.052 CG:3    +
  107   125  0   0.1%   0.163 CG:3    +
   45    93  0   0.1%   0.304 GU:3    +
   61    67  0   0.1%   0.018 GC:3    +
  109   123  0   0.1%   0.056 GC:3    +
    3    21  0   0.1%   0.019 UG:3    +
   37    95  0   0.1%   0.186 GU:3    +
   23   146  0   0.1%   0.255 AU:3    +
   31   102  0   0.1%   0.016 CG:3    +
  106   126  0   0.1%   0.155 UG:3    +
  105   127  0   0.1%   0.152 GC:3    +
   22   115  0   0.1%   0.174 AU:3    +
  113   152  0   0.1%   1.015 CG:3    +
    2    25  0   0.1%   0.352 GU:3    +
    2   113  0   0.1%   0.213 GC:3    +
  135   145  0   0.1%   0.129 AU:3    +
   36    96  0   0.1%   0.015 CG:3    +
    2   144  0   0.1%   0.351 GU:3    +
  120   142  0   0.1%   0.277 GC:3    +
   11    16  0   0.1%   0.763 UG:3    +
  118   132  0   0.1%   0.035 UA:3    +
  115   150  0   0.1%   0.575 UG:3    +
   35    97  0   0.1%   0.013 UA:3    +
  121   151  0   0.1%   1.449 GC:3    +
   31   150  0   0.1%   0.193 CG:3    +
  114   146  0   0.1%   0.357 AU:3    +
   30   151  0   0.1%   0.293 GC:3    +
    1   145  0   0.1%   0.264 AU:3    +
  122   150  0   0.1%   1.007 UG:3    +
  145   150  0   0.1%   0.817 UG:3    +
  115   121  0   0.1%   0.499 UG:3    +
    2   147  0   0.0%   0.314 GU:3    +
    2   145  0   0.0%   0.307 GU:3    +
    2   146  0   0.0%   0.310 GU:3    +
   50    81  0   0.0%   0.205 GC:3    +
  114   122  0   0.0%   0.711 AU:3    +
  114   147  0   0.0%   0.356 AU:3    +
   34    99  0   0.0%   0.010 CG:3    +
  116   145  0   0.0%   0.064 GU:3    +
  136   144  0   0.0%   0.993 GU:3    +
    1   146  0   0.0%   0.265 AU:3    +
    1   148  0   0.0%   0.272 AU:3    +
    1   147  0   0.0%   0.269 AU:3    +
  144   150  0   0.0%   0.960 UG:3    +
   19   143  0   0.0%   0.095 GC:3    +
   20   142  0   0.0%   0.055 GC:3    +
   40    90  0   0.0%   0.169 CG:3    +
   19   130  0   0.0%   0.031 GC:3    +
   20   129  0   0.0%   0.032 GC:3    +
   21   128  0   0.0%   0.031 GC:3    +
  105   113  0   0.0%   0.199 GC:3    +
  106   112  0   0.0%   0.538 UA:3    +
  121   147  0   0.0%   1.069 GU:3    +
  107   111  0   0.0%   0.190 CG:3    +
   18   131  0   0.0%   0.326 UA:3    +
   49    83  0   0.0%   0.249 GC:3    +
  120   148  0   0.0%   0.790 GU:3    +
   10   136  0   0.0%   0.269 CG:3    +
    9   137  0   0.0%   0.332 UA:3    +
  124   130  0   0.0%   0.041 GC:3    +
    8   138  0   0.0%   0.278 CG:3    +
   11   135  0   0.0%   0.244 UA:3    +
   44    93  0   0.0%   0.114 AU:3    +
   62    66  0   0.0%   0.008 GU:3    +
  125   129  0   0.0%   0.034 GC:3    +
  121   141  0   0.0%   0.407 GC:3    +
    3   112  0   0.0%   0.294 UA:3    +
  108   126  0   0.0%   0.052 CG:3    +
  104   114  0   0.0%   0.506 UA:3    +
   10    19  0   0.0%   0.279 CG:3    +
  117   133  0   0.0%   0.036 UA:3    +
    9    20  0   0.0%   0.343 UG:3    +
    8    21  0   0.0%   0.288 CG:3    +
  138   142  0   0.0%   0.515 GC:3    +
  142   150  0   0.0%   1.115 CG:3    +
   44    85  0   0.0%   0.163 AU:3    +
  129   152  0   0.0%   0.472 CG:3    +
   22   147  0   0.0%   0.193 AU:3    +
   23   145  0   0.0%   0.244 AU:3    +
   25   124  0   0.0%   0.605 UG:3    +
   10    21  0   0.0%   0.281 CG:3    +
   11    20  0   0.0%   0.259 UG:3    +
   51    80  0   0.0%   0.163 UG:3    +
   12   134  0   0.0%   0.009 UA:3    +
    9    22  0   0.0%   0.483 UA:3    +
   43    94  0   0.0%   0.280 AU:3    +
   24   125  0   0.0%   0.396 UG:3    +
    2   127  0   0.0%   0.211 GC:3    +
   92    98  0   0.0%   0.351 AU:3    +
   12    19  0   0.0%   0.026 UG:3    +
  129   150  0   0.0%   0.970 CG:3    +
   26   149  0   0.0%   0.179 GU:3    +
  128   152  0   0.0%   0.482 CG:3    +
   17   132  0   0.0%   0.374 UA:3    +
  114   118  0   0.0%   0.140 AU:3    +
   47    91  0   0.0%   0.461 GC:3    +
   93    97  0   0.0%   0.098 UA:3    +
   22   117  0   0.0%   0.169 AU:3    +
  111   119  0   0.0%   0.060 GU:3    +
   23   148  0   0.0%   0.267 AU:3    +
  112   118  0   0.0%   0.421 AU:3    +
   48    90  0   0.0%   0.445 CG:3    +
   26   108  0   0.0%   0.034 GC:3    +
    3   126  0   0.0%   0.294 UG:3    +
   21   141  0   0.0%   0.029 GC:3    +
    4   125  0   0.0%   0.024 CG:3    +
   41    96  0   0.0%   0.377 UG:3    +
    5   124  0   0.0%   0.022 CG:3    +
   91    96  0   0.0%   0.363 CG:3    +
    2     8  0   0.0%   0.005 GC:3    +
    2   149  0   0.0%   0.322 GU:3    +
   43    93  0   0.0%   0.259 AU:3    +
   23   149  0   0.0%   0.271 AU:3    +
    4   111  0   0.0%   0.021 CG:3    +
  116   144  0   0.0%   0.116 GU:3    +
   13    18  0   0.0%   0.385 GU:3    +
   23   147  0   0.0%   0.249 AU:3    +
  111   118  0   0.0%   0.066 GU:3    +
    3     7  0   0.0%   0.004 UA:3    +
   25   150  0   0.0%   0.669 UG:3    +
  121   128  0   0.0%   0.404 GC:3    +
   22   149  0   0.0%   0.212 AU:3    +
   84    89  0   0.0%   0.231 AU:3    +
  120   129  0   0.0%   0.212 GC:3    +
    1     9  0   0.0%   0.004 AU:3    +
   21   119  0   0.0%   0.024 GU:3    +
   23   144  0   0.0%   0.300 AU:3    +
   49    89  0   0.0%   0.274 GU:3    +
  112   117  0   0.0%   0.429 AU:3    +
   32   106  0   0.0%   0.825 AU:3    +
   32   149  0   0.0%   0.727 AU:3    +
   22   146  0   0.0%   0.188 AU:3    +
  116   130  0   0.0%   0.045 GC:3    +
    5    21  0   0.0%   0.032 CG:3    +
   87    97  0   0.0%   0.113 UA:3    +
    6    20  0   0.0%   0.026 CG:3    +
   88    96  0   0.0%   0.230 UG:3    +
  111   122  0   0.0%   0.064 GU:3    +
   26   145  0   0.0%   0.154 GU:3    +
   26   146  0   0.0%   0.157 GU:3    +
   23   118  0   0.0%   0.238 AU:3    +
  112   149  0   0.0%   0.841 AU:3    +
   86    98  0   0.0%   0.327 GU:3    +
   55    81  0   0.0%   0.183 GC:3    +
   56    80  0   0.0%   0.143 CG:3    +
   57    79  0   0.0%   0.151 CG:3    +
   54    82  0   0.0%   0.181 CG:3    +
   25   109  0   0.0%   0.165 UG:3    +
   83    90  0   0.0%   0.470 CG:3    +
    2    28  0   0.0%   0.199 GC:3    +
    2   123  0   0.0%   0.206 GC:3    +
    6   124  0   0.0%   0.013 CG:3    +
    5   125  0   0.0%   0.024 CG:3    +
  130   138  0   0.0%   0.196 CG:3    +
   82    91  0   0.0%   0.370 GC:3    +
    4   126  0   0.0%   0.025 CG:3    +
   26   148  0   0.0%   0.172 GU:3    +
    9    13  0   0.0%   0.069 UG:3    +
   47    89  0   0.0%   0.493 GU:3    +
   26   147  0   0.0%   0.155 GU:3    +
  120   151  0   0.0%   1.247 GC:3    +
  124   140  0   0.0%   0.026 GC:3    +
   24   111  0   0.0%   0.259 UG:3    +
   30   139  0   0.0%   0.153 GC:3    +
   31   138  0   0.0%   0.115 CG:3    +
   29   140  0   0.0%   0.126 GC:3    +
   44    87  0   0.0%   0.006 AU:3    +
  115   131  0   0.0%   0.120 UA:3    +
  117   126  0   0.0%   0.041 UG:3    +
  116   127  0   0.0%   0.047 GC:3    +
   26   144  0   0.0%   0.211 GU:3    +
   44    89  0   0.0%   0.297 AU:3    +
   50    88  0   0.0%   0.095 GU:3    +
  112   119  0   0.0%   0.412 AU:3    +
   39    98  0   0.0%   0.479 AU:3    +
   53    84  0   0.0%   0.005 UA:3    +
    3    27  0   0.0%   0.287 UA:3    +
   52    85  0   0.0%   0.243 AU:3    +
  108   116  0   0.0%   0.053 CG:3    +
   62    73  0   0.0%   0.013 GC:3    +
   63    72  0   0.0%   0.002 UA:3    +
  118   125  0   0.0%   0.032 UG:3    +
  108   120  0   0.0%   0.031 CG:3    +
   30   127  0   0.0%   0.154 GC:3    +
   29   128  0   0.0%   0.128 GC:3    +
   22   148  0   0.0%   0.207 AU:3    +
   31   126  0   0.0%   0.114 CG:3    +
  125   139  0   0.0%   0.019 GC:3    +
   22   119  0   0.0%   0.179 AU:3    +
  109   115  0   0.0%   0.106 GU:3    +
   64    71  0   0.0%   0.158 UG:3    +
   43    88  0   0.0%   0.158 AU:3    +
   21   143  0   0.0%   0.123 GC:3    +
   37    94  0   0.0%   0.170 GU:3    +
   20   144  0   0.0%   0.115 GU:3    +
   51    77  0   0.0%   0.002 UG:3    +
   22   145  0   0.0%   0.187 AU:3    +
   31   116  0   0.0%   0.133 CG:3    +
   24   121  0   0.0%   0.390 UG:3    +
    8   121  0   0.0%   0.272 CG:3    +
  109   119  0   0.0%   0.035 GU:3    +
  110   114  0   0.0%   0.205 UA:3    +
    7   122  0   0.0%   0.727 AU:3    +
   30   117  0   0.0%   0.175 GU:3    +
  121   148  0   0.0%   0.980 GU:3    +
   43    87  0   0.0%   0.157 AU:3    +
    4    26  0   0.0%   0.018 CG:3    +
  145   152  0   0.0%   0.271 UG:3    +
   23   122  0   0.0%   0.228 AU:3    +
    6    26  0   0.0%   0.011 CG:3    +
  146   150  0   0.0%   0.816 UG:3    +
  123   150  0   0.0%   1.007 CG:3    +
   19   145  0   0.0%   0.052 GU:3    +
    7    25  0   0.0%   0.876 AU:3    +
   58    77  0   0.0%   0.160 CG:3    +
   59    76  0   0.0%   0.151 CG:3    +
  127   136  0   0.0%   0.021 CG:3    +
   27   148  0   0.0%   0.124 AU:3    +
   56    77  0   0.0%   0.009 CG:3    +
   57    76  0   0.0%   0.126 CG:3    +
   55    78  0   0.0%   0.028 GU:3    +
   54    79  0   0.0%   0.025 CG:3    +
  135   147  0   0.0%   0.280 AU:3    +
  134   148  0   0.0%   0.189 AU:3    +
  120   149  0   0.0%   1.128 GU:3    +
  136   146  0   0.0%   0.892 GU:3    +
  119   124  0   0.0%   0.232 UG:3    +
   30   104  0   0.0%   0.032 GU:3    +
   30   119  0   0.0%   0.154 GU:3    +
   28   152  0   0.0%   0.073 CG:3    +
   28   150  0   0.0%   0.122 CG:3    +
   45    88  0   0.0%   0.288 GU:3    +
  137   145  0   0.0%   0.132 AU:3    +
  108   125  0   0.0%   0.047 CG:3    +
  115   124  0   0.0%   0.134 UG:3    +
  107   121  0   0.0%   0.150 CG:3    +
   59    71  0   0.0%   0.304 CG:3    +
   26   115  0   0.0%   0.176 GU:3    +
   65    70  0   0.0%   0.152 UG:3    +
  147   152  0   0.0%   0.379 UG:3    +
    2    10  0   0.0%   0.003 GC:3    +
  133   149  0   0.0%   0.499 AU:3    +
   51    86  0   0.0%   0.261 UG:3    +
   24   150  0   0.0%   0.458 UG:3    +
  112   147  0   0.0%   0.786 AU:3    +
   41    90  0   0.0%   0.164 UG:3    +
    9   120  0   0.0%   0.325 UG:3    +
   33   101  0   0.0%   0.002 CG:3    +
  146   152  0   0.0%   0.272 UG:3    +
  111   148  0   0.0%   0.451 GU:3    +
   24   152  0   0.0%   0.399 UG:3    +
  118   150  0   0.0%   0.632 UG:3    +
  105   123  0   0.0%   0.143 GC:3    +
   29   118  0   0.0%   0.135 GU:3    +
   29   151  0   0.0%   0.253 GC:3    +
  119   152  0   0.0%   0.358 UG:3    +
   38    99  0   0.0%   0.280 CG:3    +
  138   144  0   0.0%   0.336 GU:3    +
   33   105  0   0.0%   0.132 CG:3    +
    1   119  0   0.0%   0.203 AU:3    +
    1    11  0   0.0%   0.002 AU:3    +
  136   147  0   0.0%   0.999 GU:3    +
  137   146  0   0.0%   0.136 AU:3    +
  124   151  0   0.0%   0.618 GC:3    +
  127   152  0   0.0%   0.204 CG:3    +
   26   130  0   0.0%   0.113 GC:3    +
   50    83  0   0.0%   0.225 GC:3    +
  135   148  0   0.0%   0.190 AU:3    +
    2   128  0   0.0%   0.207 GC:3    +
   51    82  0   0.0%   0.202 UG:3    +
   53    80  0   0.0%   0.139 UG:3    +
   27   144  0   0.0%   0.166 AU:3    +
   13    17  0   0.0%   0.435 GU:3    +
   55    73  0   0.0%   0.001 GC:3    +
   27   145  0   0.0%   0.107 AU:3    +
    6   120  0   0.0%   0.010 CG:3    +
   60    70  0   0.0%   0.186 UG:3    +
  139   150  0   0.0%   0.674 CG:3    +
  138   151  0   0.0%   0.643 GC:3    +
    5   121  0   0.0%   0.018 CG:3    +
  134   149  0   0.0%   0.499 AU:3    +
   54    74  0   0.0%   0.001 CG:3    +
   33    99  0   0.0%   0.001 CG:3    +
   25   131  0   0.0%   0.601 UA:3    +
   26   119  0   0.0%   0.105 GU:3    +
   12    16  0   0.0%   0.527 UG:3    +
   38    47  0   0.0%   0.011 CG:3    +
  130   152  0   0.0%   0.292 CG:3    +
   37    48  0   0.0%   0.011 GC:3    +
  119   150  0   0.0%   0.827 UG:3    +
    2   118  0   0.0%   0.204 GU:3    +
    8    19  0   0.0%   0.283 CG:3    +
   27   147  0   0.0%   0.108 AU:3    +
   27   117  0   0.0%   0.111 AU:3    +
  125   151  0   0.0%   0.598 GC:3    +
    7   119  0   0.0%   0.726 AU:3    +
   27   146  0   0.0%   0.110 AU:3    +
   26   118  0   0.0%   0.113 GU:3    +
  112   144  0   0.0%   0.844 AU:3    +
   25   120  0   0.0%   0.596 UG:3    +
   28   116  0   0.0%   0.068 CG:3    +
  116   143  0   0.0%   0.139 GC:3    +
  114   144  0   0.0%   0.401 AU:3    +
   28   111  0   0.0%   0.090 CG:3    +
  148   152  0   0.0%   0.289 UG:3    +
   61    75  0   0.0%   0.008 GC:3    +
  128   150  0   0.0%   0.979 CG:3    +
  116   142  0   0.0%   0.088 GC:3    +
  123   152  0   0.0%   0.533 CG:3    +
  111   145  0   0.0%   0.434 GU:3    +
   21   148  0   0.0%   0.067 GU:3    +
  112   146  0   0.0%   0.788 AU:3    +
    6    16  0   0.0%   0.001 CG:3    +
   60    76  0   0.0%   0.037 UG:3    +
  138   145  0   0.0%   0.189 GU:3    +
   59    77  0   0.0%   0.154 CG:3    +
  113   125  0   0.0%   0.605 CG:3    +
   23   119  0   0.0%   0.229 AU:3    +
   30   122  0   0.0%   0.158 GU:3    +
   29   123  0   0.0%   0.131 GC:3    +
   31   121  0   0.0%   0.118 CG:3    +
  144   152  0   0.0%   0.417 UG:3    +
  111   147  0   0.0%   0.434 GU:3    +
   32   115  0   0.0%   0.768 AU:3    +
   62    68  0   0.0%   0.012 GC:3    +
  110   121  0   0.0%   0.096 UG:3    +
  126   149  0   0.0%   0.471 GU:3    +
   21   118  0   0.0%   0.020 GU:3    +
  111   117  0   0.0%   0.074 GU:3    +
   89    96  0   0.0%   0.386 UG:3    +
  111   143  0   0.0%   0.520 GC:3    +
   25   116  0   0.0%   0.618 UG:3    +
   40    45  0   0.0%   0.011 CG:3    +
  136   142  0   0.0%   1.173 GC:3    +
   57    70  0   0.0%   0.001 CG:3    +
   22   144  0   0.0%   0.246 AU:3    +
   16   113  0   0.0%   0.532 GC:3    +
   88    97  0   0.0%   0.115 UA:3    +
   17   112  0   0.0%   0.371 UA:3    +
   18   111  0   0.0%   0.318 UG:3    +
   58    69  0   0.0%   0.001 CG:3    +
   16   147  0   0.0%   0.534 GU:3    +
   40    86  0   0.0%   0.001 CG:3    +
   21   149  0   0.0%   0.070 GU:3    +
    3   152  0   0.0%   0.340 UG:3    +
   21   127  0   0.0%   0.023 GC:3    +
    1   115  0   0.0%   0.202 AU:3    +
   20   128  0   0.0%   0.023 GC:3    +
  114   145  0   0.0%   0.342 AU:3    +
   29   143  0   0.0%   0.223 GC:3    +
   19   129  0   0.0%   0.022 GC:3    +
   10    20  0   0.0%   0.278 CG:3    +
    2   141  0   0.0%   0.208 GC:3    +
   11    19  0   0.0%   0.252 UG:3    +
  107   126  0   0.0%   0.155 CG:3    +
   97   122  0   0.0%   0.054 AU:3    +
   96   123  0   0.0%   0.169 GC:3    +
    2   117  0   0.0%   0.203 GU:3    +
   98   121  0   0.0%   0.093 UG:3    +
   37    93  0   0.0%   0.168 GU:3    +
   30   142  0   0.0%   0.200 GC:3    +
   21   146  0   0.0%   0.050 GU:3    +
   39    88  0   0.0%   0.001 AU:3    +
   29   130  0   0.0%   0.127 GC:3    +
   13   113  0   0.0%   0.074 GC:3    +
  100   119  0   0.0%   0.006 AU:3    +
   30   129  0   0.0%   0.155 GC:3    +
   16   151  0   0.0%   0.641 GC:3    +
   29   129  0   0.0%   0.127 GC:3    +
   12   114  0   0.0%   0.003 UA:3    +
   30   128  0   0.0%   0.155 GC:3    +
  117   121  0   0.0%   0.409 UG:3    +
  111   115  0   0.0%   0.125 GU:3    +
  125   130  0   0.0%   0.031 GC:3    +
    1   118  0   0.0%   0.202 AU:3    +
   21   147  0   0.0%   0.050 GU:3    +
   27   149  0   0.0%   0.127 AU:3    +
  112   145  0   0.0%   0.785 AU:3    +
  101   118  0   0.0%   0.014 GU:3    +
    3    26  0   0.0%   0.285 UG:3    +
  111   146  0   0.0%   0.437 GU:3    +
   17   150  0   0.0%   0.438 UG:3    +
   15   148  0   0.0%   0.487 AU:3    +
  111   142  0   0.0%   0.469 GC:3    +
    2   115  0   0.0%   0.203 GU:3    +
   14   133  0   0.0%   0.041 UA:3    +
   10   116  0   0.0%   0.261 CG:3    +
   50    87  0   0.0%   0.091 GU:3    +
   34   102  0   0.0%   0.011 CG:3    +
   87    92  0   0.0%   0.331 UA:3    +
   86    93  0   0.0%   0.293 GU:3    +
  124   129  0   0.0%   0.033 GC:3    +
   28   124  0   0.0%   0.057 CG:3    +
   19   151  0   0.0%   0.143 GC:3    +
  102   117  0   0.0%   0.032 GU:3    +
  125   143  0   0.0%   0.642 GC:3    +
  124   144  0   0.0%   0.281 GU:3    +
  126   142  0   0.0%   0.512 GC:3    +
  132   146  0   0.0%   0.056 AU:3    +
  118   131  0   0.0%   0.024 UA:3    +
    4   121  0   0.0%   0.019 CG:3    +
   16   146  0   0.0%   0.534 GU:3    +
  131   147  0   0.0%   0.169 AU:3    +
   27   118  0   0.0%   0.099 AU:3    +
  113   124  0   0.0%   0.611 CG:3    +
   20   147  0   0.0%   0.053 GU:3    +
   24   132  0   0.0%   0.392 UA:3    +
    5   120  0   0.0%   0.017 CG:3    +
   56    71  0   0.0%   0.001 CG:3    +
    5    16  0   0.0%   0.000 CG:3    +
   85    97  0   0.0%   0.286 UA:3    +
    9    21  0   0.0%   0.337 UG:3    +
   39    87  0   0.0%   0.000 AU:3    +
  115   135  0   0.0%   0.118 UA:3    +
   48    79  0   0.0%   0.001 CG:3    +
   84    98  0   0.0%   0.091 AU:3    +
    7    24  0   0.0%   0.968 AU:3    +
  133   145  0   0.0%   0.048 AU:3    +
    2   130  0   0.0%   0.207 GC:3    +
  141   152  0   0.0%   0.206 CG:3    +
  116   122  0   0.0%   0.406 GU:3    +
  116   139  0   0.0%   0.040 GC:3    +
  117   138  0   0.0%   0.035 UG:3    +
    6   150  0   0.0%   0.059 CG:3    +
    7    12  0   0.0%   0.002 AU:3    +
   14   112  0   0.0%   0.043 UA:3    +
  123   136  0   0.0%   0.397 CG:3    +
   19   148  0   0.0%   0.067 GU:3    +
   14   132  0   0.0%   0.041 UA:3    +
    3   114  0   0.0%   0.288 UA:3    +
  113   138  0   0.0%   0.597 CG:3    +
   48    55  0   0.0%   0.001 CG:3    +
  118   137  0   0.0%   0.027 UA:3    +
   33   125  0   0.0%   0.007 CG:3    +
   47    56  0   0.0%   0.001 GC:3    +
   34   124  0   0.0%   0.010 CG:3    +
   49    54  0   0.0%   0.000 GC:3    +
  124   128  0   0.0%   0.033 GC:3    +
   75    82  0   0.0%   0.178 CG:3    +
   74    83  0   0.0%   0.212 GC:3    +
   76    81  0   0.0%   0.182 GC:3    +
  121   139  0   0.0%   0.399 GC:3    +
   74    81  0   0.0%   0.190 GC:3    +
   75    80  0   0.0%   0.137 CG:3    +
  120   140  0   0.0%   0.214 GC:3    +
  119   136  0   0.0%   0.222 UG:3    +
  113   126  0   0.0%   0.605 CG:3    +
    5    26  0   0.0%   0.018 CG:3    +
  111   139  0   0.0%   0.421 GC:3    +
   16    24  0   0.0%   0.770 GU:3    +
   49    88  0   0.0%   0.115 GU:3    +
   17    23  0   0.0%   0.490 UA:3    +
    6    13  0   0.0%   0.000 CG:3    +
   90    95  0   0.0%   0.468 GU:3    +
    7   149  0   0.0%   0.735 AU:3    +
  122   137  0   0.0%   0.390 UA:3    +
   11   137  0   0.0%   0.241 UA:3    +
   26   141  0   0.0%   0.111 GC:3    +
   12   136  0   0.0%   0.008 UG:3    +
   10   138  0   0.0%   0.267 CG:3    +
    2   129  0   0.0%   0.207 GC:3    +
  134   144  0   0.0%   0.196 AU:3    +
   19   110  0   0.0%   0.021 GU:3    +
   45    89  0   0.0%   0.443 GU:3    +
   21   151  0   0.0%   0.143 GC:3    +
  136   141  0   0.0%   0.786 GC:3    +
  120   127  0   0.0%   0.207 GC:3    +
   21   108  0   0.0%   0.019 GC:3    +
    2     6  0   0.0%   0.000 GC:3    +
   15    25  0   0.0%   0.628 AU:3    +
   17   131  0   0.0%   0.368 UA:3    +
   49    78  0   0.0%   0.000 GU:3    +
    2   108  0   0.0%   0.198 GC:3    +
   50    56  0   0.0%   0.000 GC:3    +
   29   149  0   0.0%   0.156 GU:3    +
   49    57  0   0.0%   0.000 GC:3    +
    2   119  0   0.0%   0.204 GU:3    +
  108   150  0   0.0%   0.112 CG:3    +
   86    95  0   0.0%   0.444 GU:3    +
   20   119  0   0.0%   0.023 GU:3    +
   14   114  0   0.0%   0.041 UA:3    +
   24   120  0   0.0%   0.388 UG:3    +
  109   113  0   0.0%   0.091 GC:3    +
  121   149  0   0.0%   1.318 GU:3    +
   26    31  0   0.0%   0.002 GC:3    +
   73    82  0   0.0%   0.178 CG:3    +
   29   115  0   0.0%   0.196 GU:3    +
   13   115  0   0.0%   0.069 GU:3    +
  110   120  0   0.0%   0.088 UG:3    +
   51    55  0   0.0%   0.000 UG:3    +
    2   122  0   0.0%   0.204 GU:3    +
   21   145  0   0.0%   0.051 GU:3    +
   15   147  0   0.0%   0.484 AU:3    +
   18    22  0   0.0%   0.474 UA:3    +
   89    97  0   0.0%   0.271 UA:3    +
  117   132  0   0.0%   0.030 UA:3    +
   35    99  0   0.0%   0.008 UG:3    +
   21   113  0   0.0%   0.025 GC:3    +
   26   117  0   0.0%   0.125 GU:3    +
   91    99  0   0.0%   0.208 CG:3    +
  117   131  0   0.0%   0.033 UA:3    +
   20   148  0   0.0%   0.069 GU:3    +
    1   117  0   0.0%   0.202 AU:3    +
  141   150  0   0.0%   0.718 CG:3    +
   18   152  0   0.0%   0.327 UG:3    +
    4   150  0   0.0%   0.070 CG:3    +
  109   143  0   0.0%   0.135 GC:3    +
   22   122  0   0.0%   0.177 AU:3    +
  116   129  0   0.0%   0.041 GC:3    +
   19   113  0   0.0%   0.027 GC:3    +
  113   136  0   0.0%   0.596 CG:3    +
   20   146  0   0.0%   0.052 GU:3    +
   52    87  0   0.0%   0.075 AU:3    +
   14    26  0   0.0%   0.042 UG:3    +
   53    86  0   0.0%   0.238 UG:3    +
   87    96  0   0.0%   0.225 UG:3    +
  104   124  0   0.0%   0.392 UG:3    +
   21   123  0   0.0%   0.022 GC:3    +
   10   120  0   0.0%   0.262 CG:3    +
   18   114  0   0.0%   0.317 UA:3    +
  109   149  0   0.0%   0.069 GU:3    +
   22   110  0   0.0%   0.158 AU:3    +
   35   101  0   0.0%   0.007 UG:3    +
   30    38  0   0.0%   0.000 GC:3    +
   31    37  0   0.0%   0.000 CG:3    +
   29   110  0   0.0%   0.206 GU:3    +
   21   117  0   0.0%   0.019 GU:3    +
  105   128  0   0.0%   0.144 GC:3    +
   26    42  0   0.0%   0.002 GC:3    +
   81    86  0   0.0%   0.413 CG:3    +
  117   152  0   0.0%   0.325 UG:3    +
   27    41  0   0.0%   0.001 AU:3    +
   84    94  0   0.0%   0.090 AU:3    +
  109   127  0   0.0%   0.044 GC:3    +
  122   138  0   0.0%   0.391 UG:3    +
   19   147  0   0.0%   0.051 GU:3    +
   84    95  0   0.0%   0.211 AU:3    +
  104   131  0   0.0%   0.390 UA:3    +
   80    87  0   0.0%   0.204 GU:3    +
   25    43  0   0.0%   0.151 UA:3    +
    1   122  0   0.0%   0.202 AU:3    +
   12   116  0   0.0%   0.003 UG:3    +
   12   135  0   0.0%   0.008 UA:3    +
  136   148  0   0.0%   0.909 GU:3    +
  137   147  0   0.0%   0.243 AU:3    +
   54    77  0   0.0%   0.004 CG:3    +
  115   136  0   0.0%   0.118 UG:3    +
   28   120  0   0.0%   0.046 CG:3    +
   19    28  0   0.0%   0.022 GC:3    +
  102   129  0   0.0%   0.011 GC:3    +
  101   130  0   0.0%   0.005 GC:3    +
   84    88  0   0.0%   0.071 AU:3    +
   48    86  0   0.0%   0.409 CG:3    +
  101   129  0   0.0%   0.005 GC:3    +
  102   128  0   0.0%   0.012 GC:3    +
   29   119  0   0.0%   0.125 GU:3    +
  109   118  0   0.0%   0.042 GU:3    +
  111   144  0   0.0%   0.493 GU:3    +
   17    30  0   0.0%   0.368 UG:3    +
   16    31  0   0.0%   0.526 GC:3    +
   18    29  0   0.0%   0.316 UG:3    +
   15   115  0   0.0%   0.478 AU:3    +
   36    47  0   0.0%   0.000 CG:3    +
  105   130  0   0.0%   0.143 GC:3    +
    4   152  0   0.0%   0.022 CG:3    +
   10   152  0   0.0%   0.264 CG:3    +
  110   126  0   0.0%   0.104 UG:3    +
  115   134  0   0.0%   0.117 UA:3    +
  109   142  0   0.0%   0.084 GC:3    +
   19   149  0   0.0%   0.070 GU:3    +
  135   149  0   0.0%   0.500 AU:3    +
   14   116  0   0.0%   0.041 UG:3    +
    2    11  0   0.0%   0.003 GU:3    +
  124   149  0   0.0%   0.495 GU:3    +
   47    87  0   0.0%   0.334 GU:3    +
   20   149  0   0.0%   0.072 GU:3    +
  119   125  0   0.0%   0.224 UG:3    +
   85    90  0   0.0%   0.502 UG:3    +
  120   139  0   0.0%   0.214 GC:3    +
   99   130  0   0.0%   0.009 GC:3    +
   24    44  0   0.0%   0.244 UA:3    +
   90    94  0   0.0%   0.348 GU:3    +
  138   146  0   0.0%   0.193 GU:3    +
  110   116  0   0.0%   0.110 UG:3    +
   44    95  0   0.0%   0.305 AU:3    +
  120   141  0   0.0%   0.215 GC:3    +
   27   115  0   0.0%   0.161 AU:3    +
    8   116  0   0.0%   0.269 CG:3    +
   29   106  0   0.0%   0.050 GU:3    +
   26   129  0   0.0%   0.112 GC:3    +
   61    66  0   0.0%   0.000 GU:3    +
    8    20  0   0.0%   0.283 CG:3    +
    5   152  0   0.0%   0.020 CG:3    +
   30   148  0   0.0%   0.180 GU:3    +
   19   146  0   0.0%   0.050 GU:3    +
   16   145  0   0.0%   0.534 GU:3    +
   53    76  0   0.0%   0.000 UG:3    +
   30   118  0   0.0%   0.161 GU:3    +
   38    86  0   0.0%   0.010 CG:3    +
   11   152  0   0.0%   0.238 UG:3    +
    1    12  0   0.0%   0.002 AU:3    +
   20   117  0   0.0%   0.022 GU:3    +
   91   150  0   0.0%   0.276 CG:3    +
   90   151  0   0.0%   0.400 GC:3    +
    1   110  0   0.0%   0.201 AU:3    +
    9    23  0   0.0%   0.445 UA:3    +
    7   117  0   0.0%   0.725 AU:3    +
    8   152  0   0.0%   0.273 CG:3    +
  118   133  0   0.0%   0.026 UA:3    +
   20   118  0   0.0%   0.022 GU:3    +
   37    42  0   0.0%   0.000 GC:3    +
  131   146  0   0.0%   0.061 AU:3    +
   16   130  0   0.0%   0.527 GC:3    +
   39    85  0   0.0%   0.000 AU:3    +
   98   131  0   0.0%   0.087 UA:3    +
  102   107  0   0.0%   0.143 GC:3    +
   34    49  0   0.0%   0.000 CG:3    +
  101   108  0   0.0%   0.028 GC:3    +
   49    85  0   0.0%   0.280 GU:3    +
    2   139  0   0.0%   0.207 GC:3    +
   33    50  0   0.0%   0.000 CG:3    +
   25    32  0   0.0%   0.151 UA:3    +
   86    94  0   0.0%   0.324 GU:3    +
  132   145  0   0.0%   0.052 AU:3    +
  126   130  0   0.0%   0.035 GC:3    +
   37    87  0   0.0%   0.010 GU:3    +
   18    26  0   0.0%   0.318 UG:3    +
   26   128  0   0.0%   0.112 GC:3    +
   94    99  0   0.0%   0.086 UG:3    +
   20   151  0   0.0%   0.145 GC:3    +
   92   149  0   0.0%   0.298 AU:3    +
   19   119  0   0.0%   0.022 GU:3    +
   24   124  0   0.0%   0.390 UG:3    +
    3   121  0   0.0%   0.288 UG:3    +
   26   127  0   0.0%   0.111 GC:3    +
  103   116  0   0.0%   0.362 UG:3    +
  111   127  0   0.0%   0.428 GC:3    +
   12    21  0   0.0%   0.021 UG:3    +
   17    27  0   0.0%   0.369 UA:3    +
   41    86  0   0.0%   0.000 UG:3    +
   16    28  0   0.0%   0.527 GC:3    +
  117   134  0   0.0%   0.033 UA:3    +
  108   121  0   0.0%   0.038 CG:3    +
  121   140  0   0.0%   0.398 GC:3    +
  118   152  0   0.0%   0.161 UG:3    +
  111   140  0   0.0%   0.421 GC:3    +
   17   133  0   0.0%   0.370 UA:3    +
   88    92  0   0.0%   0.333 UA:3    +
   11    22  0   0.0%   0.393 UA:3    +
  119   132  0   0.0%   0.226 UA:3    +
   12   133  0   0.0%   0.003 UA:3    +
    6   152  0   0.0%   0.010 CG:3    +
   90    98  0   0.0%   0.349 GU:3    +
  115   137  0   0.0%   0.118 UA:3    +
   20   145  0   0.0%   0.053 GU:3    +
  111   128  0   0.0%   0.425 GC:3    +
  133   144  0   0.0%   0.197 AU:3    +
   19   142  0   0.0%   0.044 GC:3    +
   36   111  0   0.0%   0.051 CG:3    +
   19   118  0   0.0%   0.022 GU:3    +
   19    25  0   0.0%   0.172 GU:3    +
   40    99  0   0.0%   0.017 CG:3    +
   41   100  0   0.0%   0.294 UA:3    +
   35   112  0   0.0%   0.402 UA:3    +
   40   101  0   0.0%   0.013 CG:3    +
   37   151  0   0.0%   0.387 GC:3    +
   38   150  0   0.0%   0.348 CG:3    +
    3   111  0   0.0%   0.286 UG:3    +
   32    51  0   0.0%   0.000 AU:3    +
  117   135  0   0.0%   0.034 UA:3    +
   15   146  0   0.0%   0.484 AU:3    +
   37   110  0   0.0%   0.339 GU:3    +
   85    96  0   0.0%   0.401 UG:3    +
   38   109  0   0.0%   0.303 CG:3    +
   35    92  0   0.0%   0.000 UA:3    +
   20   113  0   0.0%   0.027 GC:3    +
   38   102  0   0.0%   0.281 CG:3    +
   37   103  0   0.0%   0.591 GU:3    +
   42    99  0   0.0%   0.271 CG:3    +
    7    11  0   0.0%   0.002 AU:3    +
   45    94  0   0.0%   0.336 GU:3    +
   18   121  0   0.0%   0.318 UG:3    +
   20   141  0   0.0%   0.026 GC:3    +
   36   101  0   0.0%   0.007 CG:3    +
  121   130  0   0.0%   0.410 GC:3    +
   20   108  0   0.0%   0.022 GC:3    +
  122   133  0   0.0%   0.390 UA:3    +
    8    26  0   0.0%   0.271 CG:3    +
   25   125  0   0.0%   0.602 UG:3    +
   13   149  0   0.0%   0.077 GU:3    +
  110   125  0   0.0%   0.104 UG:3    +
   21   107  0   0.0%   0.019 GC:3    +
    2     9  0   0.0%   0.003 GU:3    +
    8   150  0   0.0%   0.322 CG:3    +
  118   134  0   0.0%   0.026 UA:3    +
   36   152  0   0.0%   0.026 CG:3    +
  124   139  0   0.0%   0.024 GC:3    +
   21   140  0   0.0%   0.024 GC:3    +
   95   124  0   0.0%   0.206 UG:3    +
   21   144  0   0.0%   0.111 GU:3    +
..(((((((.....)).)))))....(((((((((((((..((((((((.((((((.(((((....)))))..)))))).)))..)))))....)).))))).)).))))(((.......)))((((.(......).))))...........
