3 sequence; length of alignment 37
alifold output
   14    30  0  45.5%   1.434 UA:3   
   13    31  0  45.5%   1.469 UA:3   
   12    32  0  45.1%   1.681 GC:3   
   15    29  0  45.1%   1.167 AU:3   
   16    28  0  42.5%   1.381 AU:3   
   23    31  0  15.1%   1.717 UA:3    +
   22    32  0  14.9%   2.029 GC:3    +
   24    30  0  14.5%   1.774 UA:3    +
   18    34  0  11.9%   1.679 GC:3    +
   19    33  0  11.9%   1.642 GC:3    +
    6    12  0   9.7%   0.687 CG:3    +
    5    13  0   9.5%   0.674 AU:3    +
    6    22  0   8.6%   1.036 CG:3    +
    5    23  0   8.4%   0.855 AU:3    +
    7    21  0   8.0%   0.792 AU:3    +
    4    14  0   7.7%   0.597 AU:3    +
   11    22  0   7.2%   1.066 CG:3    +
   10    23  0   7.0%   0.813 AU:3    +
   18    26  0   6.9%   1.118 GU:3    +
    4    24  0   6.6%   0.811 AU:3    +
   19    25  0   6.5%   0.924 GU:3    +
   19    32  0   5.9%   1.407 GC:3    +
   18    33  0   5.9%   1.255 GC:3    +
    9    24  0   5.4%   0.713 AU:3    +
   12    20  0   5.4%   0.794 GC:3    +
   11    18  0   5.3%   0.632 CG:3    +
   13    19  0   5.3%   0.791 UG:3    +
   22    29  0   5.2%   1.357 GU:3    +
   21    30  0   5.1%   1.215 UA:3    +
    7    17  0   3.9%   0.494 AU:3    +
    6    18  0   3.9%   0.638 CG:3    +
   12    21  0   3.7%   1.118 GU:3    +
    8    16  0   3.6%   0.460 UA:3    +
   14    18  0   2.8%   0.867 UG:3    +
   12    17  0   2.2%   0.730 GU:3    +
    2    16  0   1.9%   0.241 UA:3    +
    1    17  0   1.7%   0.221 AU:3    +
   11    19  0   1.4%   0.369 CG:3    +
   18    25  0   1.2%   0.643 GU:3    +
   18    36  0   1.2%   1.360 GC:3    +
   18    27  0   1.2%   0.892 GU:3    +
   19    26  0   1.1%   0.881 GU:3    +
   19    35  0   1.0%   1.208 GU:3    +
   21    31  0   0.9%   1.038 UA:3    +
    3    22  0   0.9%   0.175 CG:3    +
    4    21  0   0.9%   0.352 AU:3    +
    7    26  0   0.8%   0.506 AU:3    +
   19    24  0   0.7%   0.751 GU:3    +
    3    18  0   0.7%   0.111 CG:3    +
   19    34  0   0.6%   1.315 GC:3    +
    5    28  0   0.6%   0.562 AU:3    +
    4    29  0   0.6%   0.564 AU:3    +
    4    17  0   0.6%   0.358 AU:3    +
   18    35  0   0.5%   1.294 GU:3    +
   16    35  0   0.4%   0.696 AU:3    +
    8    22  0   0.4%   0.484 UG:3    +
    9    21  0   0.4%   0.337 AU:3    +
    7    23  0   0.4%   0.622 AU:3    +
    9    14  0   0.4%   0.274 AU:3    +
    2    19  0   0.4%   0.154 UG:3    +
    8    15  0   0.3%   0.067 UA:3    +
    9    35  0   0.3%   0.264 AU:3    +
   19    36  0   0.3%   1.146 GC:3    +
   16    27  0   0.2%   0.299 AU:3    +
   14    19  0   0.2%   0.629 UG:3    +
   25    30  0   0.2%   1.114 UA:3    +
   18    24  0   0.2%   0.833 GU:3    +
   15    37  0   0.2%   0.454 AU:3    +
   18    37  0   0.2%   1.306 GU:3    +
    1    27  0   0.2%   0.128 AU:3    +
   24    31  0   0.2%   1.413 UA:3    +
   16    23  0   0.2%   0.648 AU:3    +
   17    22  0   0.2%   0.826 UG:3    +
   23    30  0   0.1%   0.991 UA:3    +
   15    28  0   0.1%   0.114 AU:3    +
    5    27  0   0.1%   0.494 AU:3    +
   16    25  0   0.1%   0.257 AU:3    +
    4    28  0   0.1%   0.492 AU:3    +
   19    23  0   0.1%   0.724 GU:3    +
    3    12  0   0.1%   0.025 CG:3    +
    5    25  0   0.1%   0.465 AU:3    +
    7    14  0   0.1%   0.233 AU:3    +
   15    24  0   0.1%   0.395 AU:3    +
    2    15  0   0.1%   0.031 UA:3    +
   12    33  0   0.1%   0.985 GC:3    +
    1     8  0   0.1%   0.021 AU:3    +
    4    26  0   0.1%   0.476 AU:3    +
   10    17  0   0.1%   0.259 AU:3    +
    2     7  0   0.1%   0.020 UA:3    +
   10    14  0   0.1%   0.250 AU:3    +
    8    19  0   0.1%   0.195 UG:3    +
   13    18  0   0.1%   0.568 UG:3    +
   10    35  0   0.1%   0.245 AU:3    +
    5    26  0   0.1%   0.471 AU:3    +
   22    28  0   0.1%   0.930 GU:3    +
   22    27  0   0.1%   0.606 GU:3    +
    9    17  0   0.1%   0.266 AU:3    +
    4    27  0   0.1%   0.488 AU:3    +
   12    36  0   0.1%   0.990 GC:3    +
    7    25  0   0.1%   0.396 AU:3    +
    8    18  0   0.1%   0.322 UG:3    +
    1    23  0   0.1%   0.096 AU:3    +
   19    27  0   0.1%   0.649 GU:3    +
    2    22  0   0.1%   0.128 UG:3    +
   15    26  0   0.1%   0.105 AU:3    +
   16    37  0   0.1%   0.657 AU:3    +
   18    23  0   0.1%   0.875 GU:3    +
   16    26  0   0.1%   0.291 AU:3    +
   22    33  0   0.1%   1.371 GC:3    +
   19    28  0   0.1%   0.970 GU:3    +
    4    25  0   0.1%   0.462 AU:3    +
    7    37  0   0.1%   0.432 AU:3    +
    7    27  0   0.1%   0.450 AU:3    +
   18    29  0   0.0%   1.152 GU:3    +
    6    19  0   0.0%   0.384 CG:3    +
   10    21  0   0.0%   0.290 AU:3    +
    1    24  0   0.0%   0.096 AU:3    +
   18    32  0   0.0%   1.114 GC:3    +
    2    31  0   0.0%   0.130 UA:3    +
    5    24  0   0.0%   0.626 AU:3    +
    5    29  0   0.0%   0.532 AU:3    +
   16    24  0   0.0%   0.570 AU:3    +
   17    30  0   0.0%   0.707 UA:3    +
    9    29  0   0.0%   0.257 AU:3    +
    8    30  0   0.0%   0.191 UA:3    +
   12    34  0   0.0%   0.979 GC:3    +
    2    30  0   0.0%   0.126 UA:3    +
   18    28  0   0.0%   1.163 GU:3    +
    7    13  0   0.0%   0.239 AU:3    +
   15    27  0   0.0%   0.078 AU:3    +
    8    12  0   0.0%   0.249 UG:3    +
    1    29  0   0.0%   0.112 AU:3    +
   10    28  0   0.0%   0.256 AU:3    +
    9    25  0   0.0%   0.234 AU:3    +
   16    29  0   0.0%   1.004 AU:3    +
    1    26  0   0.0%   0.097 AU:3    +
   25    31  0   0.0%   0.987 UA:3    +
   15    25  0   0.0%   0.060 AU:3    +
   26    30  0   0.0%   1.126 UA:3    +
   22    36  0   0.0%   1.017 GC:3    +
   10    24  0   0.0%   0.555 AU:3    +
   22    34  0   0.0%   1.229 GC:3    +
   15    35  0   0.0%   0.439 AU:3    +
    2     9  0   0.0%   0.011 UA:3    +
    1    14  0   0.0%   0.012 AU:3    +
    5    14  0   0.0%   0.428 AU:3    +
   15    21  0   0.0%   0.421 AU:3    +
    7    35  0   0.0%   0.423 AU:3    +
    7    28  0   0.0%   0.461 AU:3    +
    3    19  0   0.0%   0.067 CG:3    +
   14    22  0   0.0%   0.827 UG:3    +
    1    25  0   0.0%   0.093 AU:3    +
    1    21  0   0.0%   0.083 AU:3    +
    7    24  0   0.0%   0.556 AU:3    +
    1    28  0   0.0%   0.108 AU:3    +
    9    37  0   0.0%   0.238 AU:3    +
    4     8  0   0.0%   0.009 AU:3    +
    4    13  0   0.0%   0.004 AU:3    +
    9    13  0   0.0%   0.232 AU:3    +
    9    23  0   0.0%   0.287 AU:3    +
   30    35  0   0.0%   0.946 AU:3    +
   26    31  0   0.0%   1.007 UA:3    +
   16    21  0   0.0%   0.590 AU:3    +
    2    10  0   0.0%   0.010 UA:3    +
   30    37  0   0.0%   0.861 AU:3    +
    1    13  0   0.0%   0.009 AU:3    +
    5    37  0   0.0%   0.496 AU:3    +
   13    22  0   0.0%   0.862 UG:3    +
    9    26  0   0.0%   0.268 AU:3    +
    2    12  0   0.0%   0.010 UG:3    +
   12    26  0   0.0%   0.660 GU:3    +
   10    37  0   0.0%   0.222 AU:3    +
   22    26  0   0.0%   0.782 GU:3    +
    5    21  0   0.0%   0.269 AU:3    +
    2    18  0   0.0%   0.093 UG:3    +
    4    23  0   0.0%   0.276 AU:3    +
   12    27  0   0.0%   0.635 GU:3    +
    7    29  0   0.0%   0.453 AU:3    +
    9    27  0   0.0%   0.243 AU:3    +
   27    31  0   0.0%   0.818 UA:3    +
   12    24  0   0.0%   0.951 GU:3    +
   10    25  0   0.0%   0.227 AU:3    +
   31    35  0   0.0%   0.828 AU:3    +
   31    37  0   0.0%   0.743 AU:3    +
    5    17  0   0.0%   0.326 AU:3    +
   10    26  0   0.0%   0.262 AU:3    +
   13    30  0   0.0%   0.396 UA:3    +
   12    37  0   0.0%   0.986 GU:3    +
   12    29  0   0.0%   0.643 GU:3    +
   17    31  0   0.0%   0.699 UA:3    +
    9    28  0   0.0%   0.255 AU:3    +
    5    35  0   0.0%   0.495 AU:3    +
   10    27  0   0.0%   0.237 AU:3    +
   19    29  0   0.0%   0.946 GU:3    +
    4    37  0   0.0%   0.504 AU:3    +
   12    35  0   0.0%   0.997 GU:3    +
   12    28  0   0.0%   0.649 GU:3    +
   10    29  0   0.0%   0.248 AU:3    +
   19    37  0   0.0%   1.092 GU:3    +
   12    25  0   0.0%   0.624 GU:3    +
   14    31  0   0.0%   1.074 UA:3    +
   15    23  0   0.0%   0.448 AU:3    +
    8    31  0   0.0%   0.187 UA:3    +
    4    35  0   0.0%   0.504 AU:3    +
   12    23  0   0.0%   1.025 GU:3    +
    1    35  0   0.0%   0.108 AU:3    +
   22    35  0   0.0%   1.058 GU:3    +
    1    37  0   0.0%   0.108 AU:3    +
   22    37  0   0.0%   0.974 GU:3    +
...........(((((...........))))).....
