3 sequence; length of alignment 49
alifold output
    6    45  0  97.6%   0.081 AU:3   
    5    46  0  97.4%   0.106 GC:3   
    7    44  0  96.3%   0.130 GC:3   
   23    30  0  93.6%   0.213 CG:3   
   22    31  0  93.5%   0.207 AU:3   
   21    32  0  91.4%   0.333 AU:3   
   12    39  0  83.9%   0.459 AU:3   
   11    40  0  83.7%   0.483 GC:3   
   20    33  0  83.1%   0.648 UG:3   
   13    38  0  81.3%   0.518 AU:3   
   24    29  0  70.9%   0.753 AU:3   
    9    42  0  41.9%   1.109 CG:3   
   16    35  0  24.2%   1.080 CG:3    +
   17    35  0  15.1%   1.301 CG:3    +
   14    40  0  13.9%   1.021 GC:3    +
   13    41  0  13.3%   1.040 AU:3    +
   15    39  0  13.2%   1.029 AU:3    +
   10    42  0   5.1%   0.853 CG:3    +
   18    34  0   4.2%   0.501 GU:3    +
   23    33  0   4.0%   0.768 CG:3    +
   24    32  0   3.9%   0.774 AU:3    +
   22    34  0   3.7%   0.599 AU:3    +
   19    37  0   3.6%   0.474 UA:3    +
   18    38  0   3.2%   0.738 GU:3    +
   20    36  0   2.3%   0.470 UA:3    +
   17    33  0   2.0%   0.279 CG:3    +
   19    33  0   1.4%   0.295 UG:3    +
   18    32  0   1.2%   0.193 GU:3    +
   24    34  0   1.2%   0.824 AU:3    +
   25    33  0   1.2%   0.617 UG:3    +
   23    35  0   1.2%   1.031 CG:3    +
   26    32  0   1.2%   0.438 AU:3    +
   11    41  0   0.8%   0.291 GU:3    +
    7    46  0   0.7%   0.206 GC:3    +
    6    47  0   0.7%   0.138 AU:3    +
   19    35  0   0.6%   0.799 UG:3    +
    8    44  0   0.6%   0.146 GC:3    +
    8    45  0   0.5%   0.158 GU:3    +
   16    33  0   0.4%   0.093 CG:3    +
   15    34  0   0.4%   0.085 AU:3    +
   20    30  0   0.3%   0.066 UG:3    +
   21    29  0   0.3%   0.053 AU:3    +
    7    45  0   0.3%   0.126 GU:3    +
   19    36  0   0.2%   0.145 UA:3    +
    5    10  0   0.2%   0.043 GC:3    +
   20    35  0   0.2%   0.885 UG:3    +
   15    38  0   0.2%   0.267 AU:3    +
    4    11  0   0.2%   0.044 CG:3    +
   14    38  0   0.2%   0.235 GU:3    +
   13    39  0   0.2%   0.368 AU:3    +
   19    43  0   0.2%   0.274 UA:3    +
   18    44  0   0.2%   0.425 GC:3    +
   20    42  0   0.2%   0.837 UG:3    +
    8    46  0   0.2%   0.165 GC:3    +
    7    47  0   0.2%   0.175 GU:3    +
   21    41  0   0.2%   0.460 AU:3    +
   12    41  0   0.1%   0.222 AU:3    +
   15    31  0   0.1%   0.034 AU:3    +
   16    30  0   0.1%   0.040 CG:3    +
   14    32  0   0.1%   0.040 GU:3    +
   14    39  0   0.1%   0.228 GU:3    +
   21    34  0   0.1%   0.289 AU:3    +
    8    16  0   0.1%   0.028 GC:3    +
    7    17  0   0.1%   0.031 GC:3    +
   14    46  0   0.1%   0.415 GC:3    +
    2    48  0   0.1%   0.039 UA:3    +
    5    40  0   0.1%   0.042 GC:3    +
   28    35  0   0.1%   0.766 CG:3    +
    6    39  0   0.1%   0.023 AU:3    +
   13    47  0   0.1%   0.523 AU:3    +
   15    45  0   0.1%   0.405 AU:3    +
   18    28  0   0.1%   0.036 GC:3    +
   27    36  0   0.1%   0.130 UA:3    +
    7    38  0   0.1%   0.032 GU:3    +
    3    42  0   0.1%   0.023 CG:3    +
    1    48  0   0.1%   0.020 UA:3    +
   25    30  0   0.1%   0.108 UG:3    +
    2    43  0   0.1%   0.021 UA:3    +
   11    17  0   0.1%   0.043 GC:3    +
   10    18  0   0.1%   0.034 CG:3    +
    5    49  0   0.1%   0.068 GC:3    +
    9    14  0   0.1%   0.014 CG:3    +
   11    44  0   0.0%   0.295 GC:3    +
   24    31  0   0.0%   0.333 AU:3    +
    2    12  0   0.0%   0.010 UA:3    +
   25    37  0   0.0%   0.193 UA:3    +
   24    38  0   0.0%   0.750 AU:3    +
    7    16  0   0.0%   0.010 GC:3    +
    5    17  0   0.0%   0.024 GC:3    +
   10    35  0   0.0%   0.034 CG:3    +
   20    26  0   0.0%   0.014 UA:3    +
    4    18  0   0.0%   0.023 CG:3    +
   11    46  0   0.0%   0.301 GC:3    +
    3    11  0   0.0%   0.009 CG:3    +
   12    45  0   0.0%   0.236 AU:3    +
   11    34  0   0.0%   0.034 GU:3    +
   14    28  0   0.0%   0.015 GC:3    +
   21    25  0   0.0%   0.009 AU:3    +
   13    29  0   0.0%   0.010 AU:3    +
   19    26  0   0.0%   0.012 UA:3    +
   21    31  0   0.0%   0.038 AU:3    +
    8    19  0   0.0%   0.018 GU:3    +
   15    27  0   0.0%   0.008 AU:3    +
    9    18  0   0.0%   0.014 CG:3    +
   22    29  0   0.0%   0.026 AU:3    +
   34    43  0   0.0%   0.367 UA:3    +
   33    44  0   0.0%   0.593 GC:3    +
   10    33  0   0.0%   0.027 CG:3    +
   18    27  0   0.0%   0.019 GU:3    +
   11    32  0   0.0%   0.029 GU:3    +
    1    13  0   0.0%   0.006 UA:3    +
    5    47  0   0.0%   0.059 GU:3    +
   12    31  0   0.0%   0.010 AU:3    +
    9    35  0   0.0%   0.014 CG:3    +
   18    40  0   0.0%   0.751 GC:3    +
   12    38  0   0.0%   0.017 AU:3    +
   11    39  0   0.0%   0.039 GU:3    +
   35    46  0   0.0%   0.829 GC:3    +
   36    45  0   0.0%   0.189 AU:3    +
   26    31  0   0.0%   0.090 AU:3    +
   10    14  0   0.0%   0.023 CG:3    +
    3    35  0   0.0%   0.007 CG:3    +
    2    36  0   0.0%   0.008 UA:3    +
    7    20  0   0.0%   0.015 GU:3    +
   16    42  0   0.0%   0.914 CG:3    +
    5    19  0   0.0%   0.020 GU:3    +
   20    37  0   0.0%   0.401 UA:3    +
   14    44  0   0.0%   0.390 GC:3    +
   22    32  0   0.0%   0.216 AU:3    +
   36    41  0   0.0%   0.441 AU:3    +
   11    16  0   0.0%   0.030 GC:3    +
   17    42  0   0.0%   0.908 CG:3    +
    1    37  0   0.0%   0.005 UA:3    +
   28    33  0   0.0%   0.514 CG:3    +
    4    33  0   0.0%   0.019 CG:3    +
   13    45  0   0.0%   0.523 AU:3    +
   22    38  0   0.0%   0.503 AU:3    +
    9    30  0   0.0%   0.009 CG:3    +
    4    42  0   0.0%   0.025 CG:3    +
   31    43  0   0.0%   0.101 UA:3    +
   35    40  0   0.0%   1.175 GC:3    +
   30    44  0   0.0%   0.180 GC:3    +
   11    28  0   0.0%   0.024 GC:3    +
    8    31  0   0.0%   0.014 GU:3    +
    5    32  0   0.0%   0.021 GU:3    +
   32    42  0   0.0%   0.865 UG:3    +
   11    49  0   0.0%   0.228 GC:3    +
    8    34  0   0.0%   0.015 GU:3    +
    9    33  0   0.0%   0.010 CG:3    +
   17    30  0   0.0%   0.028 CG:3    +
   12    27  0   0.0%   0.005 AU:3    +
    6    19  0   0.0%   0.003 AU:3    +
   14    34  0   0.0%   0.024 GU:3    +
   18    41  0   0.0%   0.636 GU:3    +
   22    39  0   0.0%   0.635 AU:3    +
    6    31  0   0.0%   0.002 AU:3    +
    8    41  0   0.0%   0.016 GU:3    +
    5     9  0   0.0%   0.002 GC:3    +
    5    20  0   0.0%   0.020 GU:3    +
    7    40  0   0.0%   0.028 GC:3    +
    3    14  0   0.0%   0.005 CG:3    +
    2    13  0   0.0%   0.007 UA:3    +
    7    32  0   0.0%   0.015 GU:3    +
    3     8  0   0.0%   0.002 CG:3    +
    6    41  0   0.0%   0.010 AU:3    +
   18    25  0   0.0%   0.012 GU:3    +
   22    27  0   0.0%   0.006 AU:3    +
   19    24  0   0.0%   0.006 UA:3    +
   18    23  0   0.0%   0.011 GC:3    +
    2    15  0   0.0%   0.005 UA:3    +
   21    39  0   0.0%   0.558 AU:3    +
    8    39  0   0.0%   0.022 GU:3    +
   18    29  0   0.0%   0.023 GU:3    +
   12    34  0   0.0%   0.010 AU:3    +
    1    14  0   0.0%   0.003 UG:3    +
   24    39  0   0.0%   0.877 AU:3    +
   21    38  0   0.0%   0.425 AU:3    +
   33    40  0   0.0%   0.936 GC:3    +
    8    17  0   0.0%   0.021 GC:3    +
   14    23  0   0.0%   0.007 GC:3    +
    5    44  0   0.0%   0.028 GC:3    +
   26    38  0   0.0%   0.377 AU:3    +
   33    41  0   0.0%   0.831 GU:3    +
    6    38  0   0.0%   0.002 AU:3    +
    3     7  0   0.0%   0.001 CG:3    +
   18    31  0   0.0%   0.033 GU:3    +
    8    20  0   0.0%   0.014 GU:3    +
   14    20  0   0.0%   0.009 GU:3    +
   15    41  0   0.0%   0.634 AU:3    +
    4    35  0   0.0%   0.019 CG:3    +
    8    29  0   0.0%   0.013 GU:3    +
    5    41  0   0.0%   0.028 GU:3    +
   19    30  0   0.0%   0.018 UG:3    +
   26    34  0   0.0%   0.403 AU:3    +
   13    19  0   0.0%   0.007 AU:3    +
    7    49  0   0.0%   0.123 GC:3    +
   15    19  0   0.0%   0.005 AU:3    +
    5    39  0   0.0%   0.021 GU:3    +
   34    48  0   0.0%   0.359 UA:3    +
   25    35  0   0.0%   0.796 UG:3    +
   33    49  0   0.0%   0.510 GC:3    +
    5    34  0   0.0%   0.020 GU:3    +
   27    33  0   0.0%   0.507 UG:3    +
   27    37  0   0.0%   0.137 UA:3    +
    2     8  0   0.0%   0.001 UG:3    +
   12    20  0   0.0%   0.006 AU:3    +
   18    39  0   0.0%   0.761 GU:3    +
   14    41  0   0.0%   0.633 GU:3    +
   13    34  0   0.0%   0.010 AU:3    +
   21    27  0   0.0%   0.008 AU:3    +
    1    21  0   0.0%   0.003 UA:3    +
   12    32  0   0.0%   0.009 AU:3    +
    4    14  0   0.0%   0.015 CG:3    +
   13    31  0   0.0%   0.008 AU:3    +
   14    19  0   0.0%   0.011 GU:3    +
   25    36  0   0.0%   0.166 UA:3    +
   42    47  0   0.0%   0.591 GU:3    +
   35    44  0   0.0%   0.829 GC:3    +
   13    32  0   0.0%   0.009 AU:3    +
   13    20  0   0.0%   0.005 AU:3    +
    8    40  0   0.0%   0.022 GC:3    +
   41    48  0   0.0%   0.343 UA:3    +
    1    12  0   0.0%   0.000 UA:3    +
   28    42  0   0.0%   0.555 CG:3    +
   22    41  0   0.0%   0.517 AU:3    +
    8    47  0   0.0%   0.128 GU:3    +
   14    31  0   0.0%   0.013 GU:3    +
   23    42  0   0.0%   0.781 CG:3    +
    2    11  0   0.0%   0.001 UG:3    +
   24    41  0   0.0%   0.758 AU:3    +
   27    43  0   0.0%   0.029 UA:3    +
   42    46  0   0.0%   0.622 GC:3    +
   30    46  0   0.0%   0.178 GC:3    +
   15    47  0   0.0%   0.378 AU:3    +
   30    47  0   0.0%   0.149 GU:3    +
    8    49  0   0.0%   0.086 GC:3    +
    5    45  0   0.0%   0.028 GU:3    +
   42    49  0   0.0%   0.543 GC:3    +
   15    29  0   0.0%   0.006 AU:3    +
    2    21  0   0.0%   0.005 UA:3    +
   12    19  0   0.0%   0.007 AU:3    +
    7    41  0   0.0%   0.021 GU:3    +
   29    48  0   0.0%   0.278 UA:3    +
   15    20  0   0.0%   0.003 AU:3    +
   11    31  0   0.0%   0.024 GU:3    +
   11    20  0   0.0%   0.024 GU:3    +
   11    38  0   0.0%   0.034 GU:3    +
    1    43  0   0.0%   0.004 UA:3    +
   30    49  0   0.0%   0.100 GC:3    +
   31    48  0   0.0%   0.096 UA:3    +
   15    32  0   0.0%   0.025 AU:3    +
   38    43  0   0.0%   0.337 UA:3    +
    2    42  0   0.0%   0.006 UG:3    +
   35    47  0   0.0%   0.797 GU:3    +
    5    28  0   0.0%   0.019 GC:3    +
    1    22  0   0.0%   0.003 UA:3    +
    6    27  0   0.0%   0.001 AU:3    +
    2     7  0   0.0%   0.000 UG:3    +
   12    47  0   0.0%   0.214 AU:3    +
    2    14  0   0.0%   0.005 UG:3    +
   31    37  0   0.0%   0.207 UA:3    +
    4     8  0   0.0%   0.001 CG:3    +
   32    37  0   0.0%   0.451 UA:3    +
   13    25  0   0.0%   0.003 AU:3    +
   33    46  0   0.0%   0.588 GC:3    +
    2     6  0   0.0%   0.000 UA:3    +
    1    15  0   0.0%   0.002 UA:3    +
   30    38  0   0.0%   0.411 GU:3    +
   30    40  0   0.0%   0.527 GC:3    +
   20    24  0   0.0%   0.003 UA:3    +
    1     8  0   0.0%   0.000 UG:3    +
    1     7  0   0.0%   0.000 UG:3    +
    7    28  0   0.0%   0.013 GC:3    +
    6    32  0   0.0%   0.002 AU:3    +
   32    36  0   0.0%   0.438 UA:3    +
    1     6  0   0.0%   0.000 UA:3    +
    5    23  0   0.0%   0.019 GC:3    +
   29    36  0   0.0%   0.376 UA:3    +
   12    25  0   0.0%   0.004 AU:3    +
   11    45  0   0.0%   0.282 GU:3    +
    2    22  0   0.0%   0.005 UA:3    +
    8    28  0   0.0%   0.012 GC:3    +
    6    29  0   0.0%   0.001 AU:3    +
   35    41  0   0.0%   1.070 GU:3    +
    1     5  0   0.0%   0.000 UG:3    +
    7    29  0   0.0%   0.013 GU:3    +
    6    20  0   0.0%   0.001 AU:3    +
    7    23  0   0.0%   0.013 GC:3    +
   14    25  0   0.0%   0.007 GU:3    +
    8    27  0   0.0%   0.012 GU:3    +
   18    49  0   0.0%   0.334 GC:3    +
   27    35  0   0.0%   0.740 UG:3    +
    3    18  0   0.0%   0.004 CG:3    +
   19    48  0   0.0%   0.259 UA:3    +
    7    31  0   0.0%   0.013 GU:3    +
   33    47  0   0.0%   0.559 GU:3    +
   26    39  0   0.0%   0.506 AU:3    +
    8    38  0   0.0%   0.020 GU:3    +
   11    47  0   0.0%   0.268 GU:3    +
   37    41  0   0.0%   0.454 AU:3    +
   43    47  0   0.0%   0.073 AU:3    +
    7    19  0   0.0%   0.013 GU:3    +
   10    30  0   0.0%   0.021 CG:3    +
   34    42  0   0.0%   0.881 UG:3    +
   29    33  0   0.0%   0.767 UG:3    +
   18    46  0   0.0%   0.413 GC:3    +
    1    36  0   0.0%   0.003 UA:3    +
   32    48  0   0.0%   0.341 UA:3    +
    2    35  0   0.0%   0.005 UG:3    +
   14    49  0   0.0%   0.329 GC:3    +
   15    25  0   0.0%   0.001 AU:3    +
   14    29  0   0.0%   0.012 GU:3    +
   19    42  0   0.0%   0.760 UG:3    +
   35    39  0   0.0%   1.187 GU:3    +
....(((.(.(((......(((((....)))))....))).).)))...
