3 sequence; length of alignment 132
alifold output
   24    58  0 100.0%   0.001 CG:3   
   25    57  0 100.0%   0.001 CG:3   
   28    53  0 100.0%   0.001 CG:3   
   29    52  0 100.0%   0.001 GC:3   
  103   114  0 100.0%   0.003 GC:3   
  101   116  0  99.9%   0.003 CG:3   
  102   115  0  99.9%   0.004 UA:3   
   23    59  0  99.9%   0.003 AU:3   
   27    54  0  99.8%   0.005 GC:3   
   22    60  0  99.5%   0.015 GC:3   
   26    56  0  99.2%   0.023 GC:3   
   30    51  0  97.5%   0.075 UA:3   
   17    64  0  97.3%   0.084 GC:3   
  100   117  0  97.3%   0.114 AU:3   
   16    65  0  97.2%   0.085 AU:3   
  104   113  0  97.1%   0.086 AU:3   
   15    66  0  96.6%   0.104 GC:3   
   10   127  0  95.7%   0.235 GC:3   
    9   128  0  95.6%   0.214 UA:3   
    8   129  0  95.4%   0.216 GC:3   
   97   120  0  94.9%   0.369 GC:3   
   96   121  0  94.6%   0.378 AU:3   
   31    50  0  94.3%   0.166 UG:3   
   95   122  0  93.4%   0.334 CG:3   
   18    63  0  93.1%   0.205 AU:3   
   11   126  0  82.5%   0.558 AU:3   
   19    62  0  78.6%   0.572 AU:3   
   75    86  0  69.1%   1.125 GC:3   
   74    87  0  68.6%   0.949 AU:3   
   77    84  0  66.2%   0.867 GC:3   
   73    88  0  63.4%   1.082 AU:3   
   37    47  0  61.6%   1.277 CG:3   
   38    46  0  60.7%   0.956 UA:3   
   32    49  0  59.9%   0.923 CG:3    +
   36    48  0  58.0%   1.591 GC:3   
   78    83  0  57.0%   1.149 UA:3   
   39    45  0  50.8%   1.081 UA:3   
   70    91  0  50.1%   1.210 AU:3   
   69    92  0  49.1%   1.371 GC:3   
   33    48  0  40.2%   1.164 GC:3    +
   35    49  0  39.7%   1.975 CG:3   
   35    47  0  21.5%   1.229 CG:3    +
   75    81  0  11.8%   0.895 GC:3    +
   76    80  0  11.7%   0.817 CG:3    +
   35    41  0  10.5%   0.710 CG:3    +
   34    42  0  10.4%   0.706 AU:3    +
   36    40  0   9.2%   0.659 GC:3    +
   13    67  0   8.1%   0.630 AU:3    +
   12    68  0   7.9%   0.632 AU:3    +
   13    68  0   7.3%   0.994 AU:3    +
   20    62  0   6.7%   0.738 AU:3    +
   32    50  0   3.9%   0.743 CG:3    +
   19    63  0   3.9%   0.635 AU:3    +
   80   123  0   3.7%   0.743 GC:3    +
   79   124  0   3.6%   0.539 UA:3    +
   81   122  0   3.6%   0.728 CG:3    +
   68    94  0   3.4%   1.108 UA:3    +
   69    93  0   3.3%   1.011 GC:3    +
   77    85  0   3.2%   0.691 GC:3    +
   78   125  0   3.1%   0.797 UA:3    +
   82   121  0   2.8%   0.480 AU:3    +
   69    81  0   2.7%   0.379 GC:3    +
   69    89  0   2.7%   0.487 GC:3    +
   68    82  0   2.6%   0.874 UA:3    +
   70    88  0   2.6%   0.360 AU:3    +
   17    66  0   2.3%   0.321 GC:3    +
   16    67  0   2.2%   0.506 AU:3    +
   18    65  0   2.2%   0.349 AU:3    +
   67    94  0   2.0%   0.691 UA:3    +
   31    51  0   2.0%   0.312 UA:3    +
   15    68  0   2.0%   0.675 GU:3    +
   77   126  0   2.0%   0.904 GU:3    +
   71    87  0   1.9%   0.316 AU:3    +
   67    83  0   1.9%   0.601 UA:3    +
   21    62  0   1.7%   0.584 AU:3    +
   33    43  0   1.5%   0.190 GU:3    +
   88    98  0   1.5%   0.623 UA:3    +
   89    97  0   1.4%   0.366 CG:3    +
   20    63  0   1.2%   0.539 AU:3    +
   68    73  0   1.2%   0.661 UA:3    +
   87    99  0   1.2%   0.560 UA:3    +
    8   120  0   1.2%   0.183 GC:3    +
    9   119  0   1.2%   0.185 UA:3    +
   10   118  0   1.2%   0.207 GC:3    +
   37    41  0   1.1%   0.390 CG:3    +
   36    42  0   1.1%   0.605 GU:3    +
    7   121  0   1.1%   0.160 AU:3    +
   75    85  0   1.1%   0.452 GC:3    +
   38    45  0   1.0%   0.142 UA:3    +
   67    74  0   1.0%   0.462 UA:3    +
   72    78  0   0.9%   0.187 AU:3    +
   69    76  0   0.9%   0.177 GC:3    +
   70    79  0   0.8%   0.149 AU:3    +
   77    89  0   0.7%   0.642 GC:3    +
    3    10  0   0.7%   0.105 CG:3    +
   75    90  0   0.7%   0.746 GC:3    +
   71    78  0   0.6%   0.124 AU:3    +
   92    97  0   0.6%   0.587 CG:3    +
    2    11  0   0.6%   0.097 UA:3    +
   80    86  0   0.6%   0.635 GC:3    +
   71    79  0   0.6%   0.188 AU:3    +
   74    91  0   0.6%   0.799 AU:3    +
   91    98  0   0.6%   0.597 UA:3    +
   69    90  0   0.6%   0.383 GC:3    +
   90    97  0   0.5%   0.261 CG:3    +
   11   117  0   0.5%   0.133 AU:3    +
   91    96  0   0.5%   0.524 UA:3    +
   14   124  0   0.5%   0.108 UA:3    +
   86    97  0   0.4%   0.387 CG:3    +
   87    96  0   0.4%   0.451 UA:3    +
   68    77  0   0.3%   0.629 UG:3    +
    5   130  0   0.3%   0.079 UA:3    +
    4   131  0   0.3%   0.078 UA:3    +
   14   125  0   0.3%   0.111 UA:3    +
   72    79  0   0.3%   0.189 AU:3    +
   69   123  0   0.3%   0.857 GC:3    +
   68   124  0   0.3%   0.884 UA:3    +
   68    74  0   0.3%   0.648 UA:3    +
   15   123  0   0.3%   0.176 GC:3    +
   73    78  0   0.2%   0.194 AU:3    +
   14    69  0   0.2%   0.050 UG:3    +
   67   125  0   0.2%   0.596 UA:3    +
   77    86  0   0.2%   0.720 GC:3    +
   40    47  0   0.2%   0.894 CG:3    +
   71    91  0   0.2%   0.557 AU:3    +
   64    69  0   0.2%   0.087 CG:3    +
   75    84  0   0.2%   0.330 GC:3    +
   63    70  0   0.2%   0.296 UA:3    +
    8    76  0   0.2%   0.039 GC:3    +
   12    67  0   0.2%   0.042 AU:3    +
    9    75  0   0.2%   0.050 UG:3    +
   72    88  0   0.2%   0.223 AU:3    +
   12   126  0   0.2%   0.416 AU:3    +
   73    87  0   0.2%   0.205 AU:3    +
   11    68  0   0.2%   0.071 AU:3    +
   79    83  0   0.2%   0.533 UA:3    +
   62    71  0   0.2%   0.480 UA:3    +
   80    93  0   0.2%   0.472 GC:3    +
   77    92  0   0.1%   0.855 GC:3    +
   77   127  0   0.1%   0.651 GC:3    +
   67    75  0   0.1%   0.415 UG:3    +
   75   127  0   0.1%   0.731 GC:3    +
   80    89  0   0.1%   0.463 GC:3    +
   75   129  0   0.1%   0.742 GC:3    +
   91   124  0   0.1%   0.665 UA:3    +
   79    94  0   0.1%   0.337 UA:3    +
   66    75  0   0.1%   0.161 CG:3    +
   39    46  0   0.1%   0.669 UA:3    +
   82    88  0   0.1%   0.544 AU:3    +
   75   123  0   0.1%   0.711 GC:3    +
   76   122  0   0.1%   0.331 CG:3    +
   82    91  0   0.1%   0.539 AU:3    +
  105   113  0   0.1%   0.048 AU:3    +
    5   131  0   0.1%   0.075 UA:3    +
   75    93  0   0.1%   0.781 GC:3    +
   80    85  0   0.1%   0.442 GC:3    +
   97   118  0   0.1%   0.233 GC:3    +
   67    73  0   0.1%   0.335 UA:3    +
   36    43  0   0.1%   0.353 GU:3    +
   13   126  0   0.1%   0.587 AU:3    +
   80    90  0   0.1%   0.398 GC:3    +
   77    81  0   0.1%   0.396 GC:3    +
   68    72  0   0.1%   0.508 UA:3    +
   83    87  0   0.1%   0.791 AU:3    +
   78    82  0   0.1%   0.219 UA:3    +
   69    86  0   0.1%   0.200 GC:3    +
   77   121  0   0.1%   0.553 GU:3    +
   71    88  0   0.1%   0.274 AU:3    +
   16    91  0   0.1%   0.133 AU:3    +
   72    87  0   0.1%   0.172 AU:3    +
   15    92  0   0.1%   0.129 GC:3    +
   77    93  0   0.1%   0.617 GC:3    +
   10    89  0   0.1%   0.055 GC:3    +
   80   118  0   0.1%   0.390 GC:3    +
   34    43  0   0.1%   0.312 AU:3    +
   17    90  0   0.1%   0.133 GC:3    +
   10    93  0   0.1%   0.060 GC:3    +
   79   119  0   0.1%   0.188 UA:3    +
   11    88  0   0.1%   0.061 AU:3    +
    9    94  0   0.1%   0.038 UA:3    +
   34    44  0   0.1%   0.254 AU:3    +
   69   127  0   0.1%   0.855 GC:3    +
   73    79  0   0.1%   0.187 AU:3    +
    5   124  0   0.1%   0.028 UA:3    +
    4    74  0   0.1%   0.019 UA:3    +
   91   125  0   0.1%   0.636 UA:3    +
    3    75  0   0.1%   0.050 CG:3    +
    8    90  0   0.0%   0.030 GC:3    +
   70    78  0   0.0%   0.042 AU:3    +
    8    95  0   0.0%   0.034 GC:3    +
   10   123  0   0.0%   0.115 GC:3    +
    4   130  0   0.0%   0.029 UA:3    +
   80    84  0   0.0%   0.558 GC:3    +
   69    79  0   0.0%   0.094 GU:3    +
   77    90  0   0.0%   0.549 GC:3    +
    4   125  0   0.0%   0.026 UA:3    +
   98   117  0   0.0%   0.137 AU:3    +
    7    91  0   0.0%   0.018 AU:3    +
   70   126  0   0.0%   0.695 AU:3    +
   12    87  0   0.0%   0.228 AU:3    +
   72    91  0   0.0%   0.471 AU:3    +
    5    73  0   0.0%   0.018 UA:3    +
   10   129  0   0.0%   0.205 GC:3    +
   67    72  0   0.0%   0.322 UA:3    +
   93   122  0   0.0%   0.279 CG:3    +
   38    47  0   0.0%   0.990 UG:3    +
   64    97  0   0.0%   0.054 CG:3    +
   63    98  0   0.0%   0.272 UA:3    +
   18    62  0   0.0%   0.013 AU:3    +
   65    96  0   0.0%   0.122 UA:3    +
   68   128  0   0.0%   0.868 UA:3    +
   74    88  0   0.0%   0.752 AU:3    +
   82    87  0   0.0%   0.476 AU:3    +
    9   124  0   0.0%   0.096 UA:3    +
    9    71  0   0.0%   0.013 UA:3    +
    6    68  0   0.0%   0.011 AU:3    +
   74    78  0   0.0%   0.180 AU:3    +
    5    69  0   0.0%   0.014 UG:3    +
    7    67  0   0.0%   0.011 AU:3    +
    9   130  0   0.0%   0.159 UA:3    +
   94   121  0   0.0%   0.378 AU:3    +
   13    78  0   0.0%   0.407 AU:3    +
   14    77  0   0.0%   0.030 UG:3    +
    4    70  0   0.0%   0.012 UA:3    +
   99   117  0   0.0%   0.096 AU:3    +
   75    87  0   0.0%   0.972 GU:3    +
   62    99  0   0.0%   0.463 UA:3    +
   88    97  0   0.0%   0.468 UG:3    +
   68    75  0   0.0%   0.602 UG:3    +
    9    70  0   0.0%   0.012 UA:3    +
   70    87  0   0.0%   0.077 AU:3    +
   77    88  0   0.0%   0.851 GU:3    +
   14    70  0   0.0%   0.030 UA:3    +
   87    98  0   0.0%   0.410 UA:3    +
   87    94  0   0.0%   0.585 UA:3    +
   69    88  0   0.0%   0.202 GU:3    +
   12    79  0   0.0%   0.225 AU:3    +
    9    72  0   0.0%   0.013 UA:3    +
    3    17  0   0.0%   0.042 CG:3    +
    4    16  0   0.0%   0.008 UA:3    +
   36    44  0   0.0%   0.287 GU:3    +
    5    15  0   0.0%   0.009 UG:3    +
    2     7  0   0.0%   0.007 UA:3    +
   69    85  0   0.0%   0.188 GC:3    +
   41    48  0   0.0%   0.976 GC:3    +
    8    81  0   0.0%   0.021 GC:3    +
    9    80  0   0.0%   0.029 UG:3    +
   42    47  0   0.0%   0.937 UG:3    +
   75    92  0   0.0%   1.004 GC:3    +
    6    14  0   0.0%   0.007 AU:3    +
   79   130  0   0.0%   0.281 UA:3    +
   78   131  0   0.0%   0.576 UA:3    +
   80   129  0   0.0%   0.516 GC:3    +
    2    18  0   0.0%   0.041 UA:3    +
   88    94  0   0.0%   0.640 UA:3    +
   77   132  0   0.0%   0.586 GC:3    +
   83    88  0   0.0%   0.843 AU:3    +
   10    79  0   0.0%   0.046 GU:3    +
    4   124  0   0.0%   0.018 UA:3    +
   68    96  0   0.0%   0.806 UA:3    +
    8    66  0   0.0%   0.006 GC:3    +
   93    97  0   0.0%   0.300 CG:3    +
   16   121  0   0.0%   0.175 AU:3    +
   17   120  0   0.0%   0.178 GC:3    +
   11    78  0   0.0%   0.053 AU:3    +
   11    67  0   0.0%   0.042 AU:3    +
   88    99  0   0.0%   0.552 UA:3    +
   69    95  0   0.0%   0.788 GC:3    +
    8   132  0   0.0%   0.131 GC:3    +
   67    71  0   0.0%   0.328 UA:3    +
   69   129  0   0.0%   0.857 GC:3    +
   74    79  0   0.0%   0.178 AU:3    +
   69    91  0   0.0%   0.330 GU:3    +
   36    76  0   0.0%   0.611 GC:3    +
   35    77  0   0.0%   0.942 CG:3    +
   37    75  0   0.0%   0.370 CG:3    +
   34    78  0   0.0%   0.255 AU:3    +
   33    79  0   0.0%   0.442 GU:3    +
   32    80  0   0.0%   0.443 CG:3    +
  122   129  0   0.0%   0.263 GC:3    +
   68   130  0   0.0%   0.850 UA:3    +
   29    84  0   0.0%   0.006 GC:3    +
   30    83  0   0.0%   0.031 UA:3    +
   46    67  0   0.0%   0.621 AU:3    +
   45    68  0   0.0%   0.880 AU:3    +
   31    82  0   0.0%   0.138 UA:3    +
   47    66  0   0.0%   0.774 GC:3    +
   44    69  0   0.0%   0.030 UG:3    +
   27    85  0   0.0%   0.007 GC:3    +
   38    74  0   0.0%   0.363 UA:3    +
   26    86  0   0.0%   0.014 GC:3    +
   43    70  0   0.0%   0.085 UA:3    +
    6    79  0   0.0%   0.010 AU:3    +
   80    87  0   0.0%   0.664 GU:3    +
   40    49  0   0.0%   0.913 CG:3    +
    9   131  0   0.0%   0.160 UA:3    +
   52    58  0   0.0%   0.005 CG:3    +
   51    59  0   0.0%   0.108 AU:3    +
   50    60  0   0.0%   0.192 GC:3    +
    7    78  0   0.0%   0.010 AU:3    +
   10    68  0   0.0%   0.044 GU:3    +
   64    77  0   0.0%   0.051 CG:3    +
   39    73  0   0.0%   0.362 UA:3    +
   68    80  0   0.0%   0.593 UG:3    +
   42    71  0   0.0%   0.295 UA:3    +
   67    97  0   0.0%   0.538 UG:3    +
   69    84  0   0.0%   0.185 GC:3    +
   33    40  0   0.0%   0.004 GC:3    +
   33    44  0   0.0%   0.068 GU:3    +
    5    80  0   0.0%   0.016 UG:3    +
   67    96  0   0.0%   0.536 UA:3    +
   75    89  0   0.0%   0.715 GC:3    +
   96   102  0   0.0%   0.061 AU:3    +
   34    39  0   0.0%   0.004 AU:3    +
   67   131  0   0.0%   0.576 UA:3    +
   95   103  0   0.0%   0.011 CG:3    +
   80    92  0   0.0%   0.683 GC:3    +
   97   101  0   0.0%   0.162 GC:3    +
   77    95  0   0.0%   0.494 GC:3    +
    2   125  0   0.0%   0.042 UA:3    +
    5   122  0   0.0%   0.017 UG:3    +
   10    64  0   0.0%   0.039 GC:3    +
   67    82  0   0.0%   0.379 UA:3    +
   15    76  0   0.0%   0.129 GC:3    +
   85    97  0   0.0%   0.181 CG:3    +
  106   113  0   0.0%   0.038 AU:3    +
   66    97  0   0.0%   0.136 CG:3    +
    2     6  0   0.0%   0.003 UA:3    +
   78    94  0   0.0%   0.631 UA:3    +
   83    91  0   0.0%   0.831 AU:3    +
   14    71  0   0.0%   0.026 UA:3    +
   11    63  0   0.0%   0.035 AU:3    +
    1   126  0   0.0%   0.004 AU:3    +
    2   130  0   0.0%   0.043 UA:3    +
   68    83  0   0.0%   0.760 UA:3    +
    1     5  0   0.0%   0.003 AU:3    +
    8    86  0   0.0%   0.020 GC:3    +
    7    87  0   0.0%   0.009 AU:3    +
   10    81  0   0.0%   0.045 GC:3    +
   18    88  0   0.0%   0.163 AU:3    +
    9    69  0   0.0%   0.007 UG:3    +
   49    64  0   0.0%   0.706 GC:3    +
   10    92  0   0.0%   0.049 GC:3    +
   11    91  0   0.0%   0.058 AU:3    +
   75    88  0   0.0%   1.024 GU:3    +
   97   123  0   0.0%   0.386 GC:3    +
   65    98  0   0.0%   0.121 UA:3    +
   22    59  0   0.0%   0.002 GU:3    +
   77   129  0   0.0%   0.638 GC:3    +
    3    97  0   0.0%   0.045 CG:3    +
    8   123  0   0.0%   0.081 GC:3    +
   30    50  0   0.0%   0.002 UG:3    +
    3    69  0   0.0%   0.040 CG:3    +
   32    41  0   0.0%   0.002 CG:3    +
   39    50  0   0.0%   0.537 UG:3    +
    4    96  0   0.0%   0.013 UA:3    +
   73    91  0   0.0%   0.759 AU:3    +
   12    62  0   0.0%   0.003 AU:3    +
    4    11  0   0.0%   0.034 UA:3    +
   19    87  0   0.0%   0.322 AU:3    +
    5    10  0   0.0%   0.038 UG:3    +
   80    95  0   0.0%   0.333 GC:3    +
    6   121  0   0.0%   0.010 AU:3    +
   14    94  0   0.0%   0.031 UA:3    +
    8    84  0   0.0%   0.019 GC:3    +
   15    93  0   0.0%   0.126 GC:3    +
    2    98  0   0.0%   0.040 UA:3    +
    9    82  0   0.0%   0.026 UA:3    +
    6    88  0   0.0%   0.009 AU:3    +
    2    70  0   0.0%   0.039 UA:3    +
   87   100  0   0.0%   0.454 UA:3    +
    9    73  0   0.0%   0.014 UA:3    +
   79    96  0   0.0%   0.130 UA:3    +
   77   120  0   0.0%   0.542 GC:3    +
   78   128  0   0.0%   0.590 UA:3    +
    8    93  0   0.0%   0.024 GC:3    +
  121   130  0   0.0%   0.247 UA:3    +
   75    91  0   0.0%   1.049 GU:3    +
   17    89  0   0.0%   0.122 GC:3    +
   94   126  0   0.0%   0.474 AU:3    +
    9    83  0   0.0%   0.026 UA:3    +
   77    87  0   0.0%   0.792 GU:3    +
   69    78  0   0.0%   0.085 GU:3    +
   22    89  0   0.0%   0.012 GC:3    +
   23    88  0   0.0%   0.009 AU:3    +
   14    72  0   0.0%   0.025 UA:3    +
   78   119  0   0.0%   0.485 UA:3    +
   69    87  0   0.0%   0.195 GU:3    +
   88    96  0   0.0%   0.460 UA:3    +
    8   127  0   0.0%   0.081 GC:3    +
   15    64  0   0.0%   0.005 GC:3    +
   84    97  0   0.0%   0.302 CG:3    +
   16    63  0   0.0%   0.005 AU:3    +
   35    50  0   0.0%   1.117 CG:3    +
   19    88  0   0.0%   0.324 AU:3    +
    7    14  0   0.0%   0.006 AU:3    +
    5    12  0   0.0%   0.004 UA:3    +
   68    97  0   0.0%   0.805 UG:3    +
   20    87  0   0.0%   0.243 AU:3    +
   98   121  0   0.0%   0.317 AU:3    +
   83   121  0   0.0%   0.576 AU:3    +
  122   127  0   0.0%   0.263 GC:3    +
   17    92  0   0.0%   0.127 GC:3    +
    8   126  0   0.0%   0.082 GU:3    +
   67    98  0   0.0%   0.537 UA:3    +
   15    67  0   0.0%   0.258 GU:3    +
    9   125  0   0.0%   0.090 UA:3    +
    5    11  0   0.0%   0.035 UA:3    +
   18    91  0   0.0%   0.166 AU:3    +
    3     8  0   0.0%   0.002 CG:3    +
   78    97  0   0.0%   0.439 UG:3    +
   87    97  0   0.0%   0.431 UG:3    +
    4    13  0   0.0%   0.003 UA:3    +
   14    61  0   0.0%   0.005 UA:3    +
    4    12  0   0.0%   0.002 UA:3    +
   80    88  0   0.0%   0.716 GU:3    +
    2     8  0   0.0%   0.004 UG:3    +
    1     9  0   0.0%   0.002 AU:3    +
   17    62  0   0.0%   0.004 GU:3    +
   67    80  0   0.0%   0.379 UG:3    +
   32    47  0   0.0%   0.002 CG:3    +
    2   131  0   0.0%   0.042 UA:3    +
   91    99  0   0.0%   0.527 UA:3    +
   10    85  0   0.0%   0.042 GC:3    +
   88   124  0   0.0%   0.666 UA:3    +
    9    74  0   0.0%   0.015 UA:3    +
   38    51  0   0.0%   0.457 UA:3    +
    1    14  0   0.0%   0.002 AU:3    +
   77   123  0   0.0%   0.538 GC:3    +
    3    80  0   0.0%   0.043 CG:3    +
   75    95  0   0.0%   0.657 GC:3    +
   87   125  0   0.0%   0.600 UA:3    +
   91    97  0   0.0%   0.566 UG:3    +
   14    21  0   0.0%   0.004 UA:3    +
  107   113  0   0.0%   0.037 AU:3    +
   67    77  0   0.0%   0.380 UG:3    +
   13    62  0   0.0%   0.002 AU:3    +
  103   109  0   0.0%   0.002 GC:3    +
   75    79  0   0.0%   0.139 GU:3    +
    5    98  0   0.0%   0.014 UA:3    +
    5    74  0   0.0%   0.016 UA:3    +
   10    76  0   0.0%   0.051 GC:3    +
   77    91  0   0.0%   0.877 GU:3    +
    3   122  0   0.0%   0.044 CG:3    +
   39    47  0   0.0%   0.986 UG:3    +
   29    54  0   0.0%   0.003 GC:3    +
    2   124  0   0.0%   0.040 UA:3    +
    9   122  0   0.0%   0.083 UG:3    +
   99   121  0   0.0%   0.275 AU:3    +
   15    60  0   0.0%   0.003 GC:3    +
   50    63  0   0.0%   0.434 GU:3    +
   16    68  0   0.0%   0.600 AU:3    +
   76    97  0   0.0%   0.316 CG:3    +
   14   115  0   0.0%   0.026 UA:3    +
   15   127  0   0.0%   0.181 GC:3    +
   30    53  0   0.0%   0.026 UG:3    +
  111   116  0   0.0%   0.002 CG:3    +
   15   114  0   0.0%   0.121 GC:3    +
    4    99  0   0.0%   0.013 UA:3    +
    5   125  0   0.0%   0.023 UA:3    +
  115   121  0   0.0%   0.216 AU:3    +
    2    13  0   0.0%   0.036 UA:3    +
   14    19  0   0.0%   0.003 UA:3    +
  116   120  0   0.0%   0.106 GC:3    +
   14    73  0   0.0%   0.026 UA:3    +
   14   128  0   0.0%   0.113 UA:3    +
  114   122  0   0.0%   0.198 CG:3    +
   14   122  0   0.0%   0.028 UG:3    +
  102   110  0   0.0%   0.002 UA:3    +
    7   126  0   0.0%   0.062 AU:3    +
   21    63  0   0.0%   0.319 AU:3    +
   83   117  0   0.0%   0.445 AU:3    +
   51    62  0   0.0%   0.549 AU:3    +
    3    77  0   0.0%   0.043 CG:3    +
    4    75  0   0.0%   0.015 UG:3    +
    8    92  0   0.0%   0.023 GC:3    +
   16   113  0   0.0%   0.120 AU:3    +
    2    77  0   0.0%   0.038 UG:3    +
   92   122  0   0.0%   0.528 CG:3    +
   68   125  0   0.0%   0.853 UA:3    +
   17    86  0   0.0%   0.117 GC:3    +
    4    10  0   0.0%   0.036 UG:3    +
   14    20  0   0.0%   0.004 UA:3    +
   16    87  0   0.0%   0.120 AU:3    +
  110   117  0   0.0%   0.061 AU:3    +
   84   116  0   0.0%   0.294 CG:3    +
   33    52  0   0.0%   0.433 GC:3    +
   10    84  0   0.0%   0.042 GC:3    +
   69   118  0   0.0%   0.834 GC:3    +
    4    80  0   0.0%   0.012 UG:3    +
   68    98  0   0.0%   0.803 UA:3    +
   22    90  0   0.0%   0.015 GC:3    +
   16   126  0   0.0%   0.300 AU:3    +
   17    63  0   0.0%   0.005 GU:3    +
    1    78  0   0.0%   0.002 AU:3    +
    2    12  0   0.0%   0.035 UA:3    +
   12    88  0   0.0%   0.226 AU:3    +
   14    74  0   0.0%   0.027 UA:3    +
   10    90  0   0.0%   0.050 GC:3    +
   12    63  0   0.0%   0.003 AU:3    +
   12    78  0   0.0%   0.219 AU:3    +
   80    91  0   0.0%   0.719 GU:3    +
    4   122  0   0.0%   0.013 UG:3    +
   42    46  0   0.0%   0.595 UA:3    +
   21    91  0   0.0%   0.080 AU:3    +
   83   126  0   0.0%   0.676 AU:3    +
   16    59  0   0.0%   0.003 AU:3    +
   12    91  0   0.0%   0.226 AU:3    +
   67    99  0   0.0%   0.534 UA:3    +
    5    72  0   0.0%   0.008 UA:3    +
   31    49  0   0.0%   0.000 UG:3    +
   15    88  0   0.0%   0.120 GU:3    +
   13    87  0   0.0%   0.403 AU:3    +
   88   130  0   0.0%   0.524 UA:3    +
    8    14  0   0.0%   0.004 GU:3    +
  103   111  0   0.0%   0.002 GC:3    +
    9    13  0   0.0%   0.001 UA:3    +
   88   125  0   0.0%   0.641 UA:3    +
  121   128  0   0.0%   0.263 UA:3    +
   79   125  0   0.0%   0.394 UA:3    +
    4    73  0   0.0%   0.007 UA:3    +
   67   124  0   0.0%   0.565 UA:3    +
   68   119  0   0.0%   0.850 UA:3    +
    9    77  0   0.0%   0.022 UG:3    +
   78   122  0   0.0%   0.441 UG:3    +
    4    94  0   0.0%   0.012 UA:3    +
   77   108  0   0.0%   0.486 GC:3    +
    6    78  0   0.0%   0.006 AU:3    +
   78   107  0   0.0%   0.432 UA:3    +
   11    79  0   0.0%   0.051 AU:3    +
    2    72  0   0.0%   0.038 UA:3    +
   79   106  0   0.0%   0.123 UA:3    +
   15    90  0   0.0%   0.119 GC:3    +
   87   131  0   0.0%   0.483 UA:3    +
  103   118  0   0.0%   0.065 GC:3    +
  118   122  0   0.0%   0.259 CG:3    +
   12   117  0   0.0%   0.248 AU:3    +
   19    65  0   0.0%   0.427 AU:3    +
    2   128  0   0.0%   0.041 UA:3    +
   15    89  0   0.0%   0.119 GC:3    +
   32    53  0   0.0%   0.435 CG:3    +
   69   114  0   0.0%   0.782 GC:3    +
   43    47  0   0.0%   0.721 UG:3    +
   81   116  0   0.0%   0.360 CG:3    +
   14   130  0   0.0%   0.095 UA:3    +
  104   117  0   0.0%   0.089 AU:3    +
   15    65  0   0.0%   0.003 GU:3    +
    4     8  0   0.0%   0.001 UG:3    +
   53    60  0   0.0%   0.007 GC:3    +
    5    75  0   0.0%   0.016 UG:3    +
   70   113  0   0.0%   0.507 AU:3    +
   68   115  0   0.0%   0.798 UA:3    +
  102   119  0   0.0%   0.060 UA:3    +
   81    97  0   0.0%   0.367 CG:3    +
  116   123  0   0.0%   0.172 GC:3    +
   16    88  0   0.0%   0.121 AU:3    +
    5   128  0   0.0%   0.019 UA:3    +
  102   112  0   0.0%   0.002 UA:3    +
   65    74  0   0.0%   0.118 UA:3    +
   61    68  0   0.0%   0.487 AU:3    +
   64    75  0   0.0%   0.060 CG:3    +
   97   121  0   0.0%   0.429 GU:3    +
  117   122  0   0.0%   0.258 UG:3    +
   78   124  0   0.0%   0.484 UA:3    +
   72   126  0   0.0%   0.275 AU:3    +
   15   129  0   0.0%   0.187 GC:3    +
   87   130  0   0.0%   0.483 UA:3    +
    8    67  0   0.0%   0.006 GU:3    +
   62    72  0   0.0%   0.458 UA:3    +
    4    71  0   0.0%   0.007 UA:3    +
   78   100  0   0.0%   0.432 UA:3    +
   34    38  0   0.0%   0.000 AU:3    +
    5    70  0   0.0%   0.011 UA:3    +
   97   114  0   0.0%   0.160 GC:3    +
   11    87  0   0.0%   0.049 AU:3    +
   90   122  0   0.0%   0.237 CG:3    +
   79    99  0   0.0%   0.125 UA:3    +
   70   117  0   0.0%   0.534 AU:3    +
   67   130  0   0.0%   0.572 UA:3    +
    7    68  0   0.0%   0.008 AU:3    +
   12   121  0   0.0%   0.271 AU:3    +
   14    75  0   0.0%   0.038 UG:3    +
   54    58  0   0.0%   0.004 CG:3    +
   62    77  0   0.0%   0.460 UG:3    +
   10    88  0   0.0%   0.043 GU:3    +
   98   113  0   0.0%   0.099 AU:3    +
   10   121  0   0.0%   0.153 GU:3    +
   10   132  0   0.0%   0.155 GC:3    +
   61    78  0   0.0%   0.008 AU:3    +
   75   109  0   0.0%   0.652 GC:3    +
   77   101  0   0.0%   0.486 GC:3    +
   17   123  0   0.0%   0.144 GC:3    +
   49    62  0   0.0%   1.120 GU:3    +
    2    82  0   0.0%   0.038 UA:3    +
  109   116  0   0.0%   0.002 CG:3    +
   80   117  0   0.0%   0.352 GU:3    +
    5    71  0   0.0%   0.008 UA:3    +
  126   131  0   0.0%   0.289 UA:3    +
   67   116  0   0.0%   0.531 UG:3    +
   21    87  0   0.0%   0.076 AU:3    +
    4    72  0   0.0%   0.007 UA:3    +
   17   127  0   0.0%   0.166 GC:3    +
   88   128  0   0.0%   0.542 UA:3    +
   86   116  0   0.0%   0.331 CG:3    +
    4   128  0   0.0%   0.018 UA:3    +
  108   116  0   0.0%   0.001 CG:3    +
   75   126  0   0.0%   0.840 GU:3    +
   75   120  0   0.0%   0.706 GC:3    +
   87   124  0   0.0%   0.624 UA:3    +
   20    88  0   0.0%   0.243 AU:3    +
   63    71  0   0.0%   0.277 UA:3    +
   17    87  0   0.0%   0.120 GU:3    +
   14    82  0   0.0%   0.026 UA:3    +
    1    79  0   0.0%   0.002 AU:3    +
   74   121  0   0.0%   0.417 AU:3    +
   80   120  0   0.0%   0.384 GC:3    +
   27    86  0   0.0%   0.006 GC:3    +
    4    82  0   0.0%   0.011 UA:3    +
   29    35  0   0.0%   0.000 GC:3    +
   18   126  0   0.0%   0.334 AU:3    +
   28    36  0   0.0%   0.000 CG:3    +
    7    79  0   0.0%   0.008 AU:3    +
    6   126  0   0.0%   0.010 AU:3    +
   27    37  0   0.0%   0.000 GC:3    +
    8    91  0   0.0%   0.026 GU:3    +
   87   115  0   0.0%   0.453 UA:3    +
   53    59  0   0.0%   0.004 GU:3    +
   31    45  0   0.0%   0.000 UA:3    +
   14   119  0   0.0%   0.078 UA:3    +
   13    91  0   0.0%   0.403 AU:3    +
   79    98  0   0.0%   0.128 UA:3    +
   26    87  0   0.0%   0.015 GU:3    +
   15   118  0   0.0%   0.172 GC:3    +
   81   103  0   0.0%   0.360 CG:3    +
  107   117  0   0.0%   0.061 AU:3    +
   49    65  0   0.0%   0.788 GU:3    +
    8    78  0   0.0%   0.017 GU:3    +
   17    65  0   0.0%   0.057 GU:3    +
   80   127  0   0.0%   0.516 GC:3    +
   82   102  0   0.0%   0.120 AU:3    +
   30    34  0   0.0%   0.000 UA:3    +
   50    64  0   0.0%   0.214 GC:3    +
   69   132  0   0.0%   0.807 GC:3    +
   93   103  0   0.0%   0.140 CG:3    +
   91   100  0   0.0%   0.470 UA:3    +
   33    42  0   0.0%   0.001 GU:3    +
   10    67  0   0.0%   0.040 GU:3    +
  121   125  0   0.0%   0.366 UA:3    +
   42    70  0   0.0%   0.295 UA:3    +
   10    86  0   0.0%   0.043 GC:3    +
    4    77  0   0.0%   0.011 UG:3    +
   22    92  0   0.0%   0.012 GC:3    +
   14   131  0   0.0%   0.096 UA:3    +
   82   117  0   0.0%   0.148 AU:3    +
  126   130  0   0.0%   0.290 UA:3    +
   23    91  0   0.0%   0.011 AU:3    +
   78    99  0   0.0%   0.435 UA:3    +
   10   126  0   0.0%   0.109 GU:3    +
    3    15  0   0.0%   0.035 CG:3    +
   94   102  0   0.0%   0.212 AU:3    +
   51    63  0   0.0%   0.353 AU:3    +
   91   128  0   0.0%   0.529 UA:3    +
   14    83  0   0.0%   0.025 UA:3    +
   14   112  0   0.0%   0.025 UA:3    +
   15    81  0   0.0%   0.118 GC:3    +
   60    69  0   0.0%   0.026 CG:3    +
    5    82  0   0.0%   0.013 UA:3    +
   66    77  0   0.0%   0.136 CG:3    +
    4    83  0   0.0%   0.011 UA:3    +
   77   118  0   0.0%   0.538 GC:3    +
   13   113  0   0.0%   0.399 AU:3    +
   87   119  0   0.0%   0.510 UA:3    +
    5    13  0   0.0%   0.003 UA:3    +
   21    88  0   0.0%   0.077 AU:3    +
   68    99  0   0.0%   0.801 UA:3    +
   65    77  0   0.0%   0.118 UG:3    +
   74   126  0   0.0%   0.546 AU:3    +
   61    79  0   0.0%   0.008 AU:3    +
   66    80  0   0.0%   0.135 CG:3    +
    8    85  0   0.0%   0.018 GC:3    +
   79   128  0   0.0%   0.294 UA:3    +
   88   104  0   0.0%   0.494 UA:3    +
   89   103  0   0.0%   0.209 CG:3    +
    2    83  0   0.0%   0.038 UA:3    +
   17   111  0   0.0%   0.121 GC:3    +
   79    97  0   0.0%   0.130 UG:3    +
   17    93  0   0.0%   0.126 GC:3    +
   62    70  0   0.0%   0.454 UA:3    +
    2   122  0   0.0%   0.039 UG:3    +
   17   121  0   0.0%   0.174 GU:3    +
   89   122  0   0.0%   0.337 CG:3    +
   78    98  0   0.0%   0.437 UA:3    +
   17    67  0   0.0%   0.421 GU:3    +
   95   116  0   0.0%   0.009 CG:3    +
    2    71  0   0.0%   0.038 UA:3    +
   71   126  0   0.0%   0.354 AU:3    +
   88   100  0   0.0%   0.494 UA:3    +
   22    86  0   0.0%   0.007 GC:3    +
   15   111  0   0.0%   0.120 GC:3    +
   13    88  0   0.0%   0.404 AU:3    +
    2    16  0   0.0%   0.035 UA:3    +
   43    69  0   0.0%   0.091 UG:3    +
   15   120  0   0.0%   0.172 GC:3    +
    9   110  0   0.0%   0.029 UA:3    +
    8   111  0   0.0%   0.027 GC:3    +
   10   109  0   0.0%   0.051 GC:3    +
   22    87  0   0.0%   0.012 GU:3    +
   87   105  0   0.0%   0.453 UA:3    +
    5    94  0   0.0%   0.013 UA:3    +
  122   132  0   0.0%   0.203 GC:3    +
   10    14  0   0.0%   0.039 GU:3    +
   87   128  0   0.0%   0.500 UA:3    +
   75   132  0   0.0%   0.677 GC:3    +
    8    89  0   0.0%   0.019 GC:3    +
  111   122  0   0.0%   0.197 CG:3    +
   73   126  0   0.0%   0.564 AU:3    +
   65    94  0   0.0%   0.117 UA:3    +
   94   117  0   0.0%   0.239 AU:3    +
   63    69  0   0.0%   0.269 UG:3    +
  112   121  0   0.0%   0.215 AU:3    +
   91   122  0   0.0%   0.599 UG:3    +
  103   108  0   0.0%   0.002 GC:3    +
   63    72  0   0.0%   0.265 UA:3    +
   62    73  0   0.0%   0.461 UA:3    +
   13   121  0   0.0%   0.449 AU:3    +
   22    62  0   0.0%   0.450 GU:3    +
    5    77  0   0.0%   0.012 UG:3    +
   59    70  0   0.0%   0.013 UA:3    +
   17   118  0   0.0%   0.173 GC:3    +
   17    24  0   0.0%   0.002 GC:3    +
    5    97  0   0.0%   0.014 UG:3    +
   33    39  0   0.0%   0.000 GU:3    +
   68   131  0   0.0%   0.848 UA:3    +
    4    98  0   0.0%   0.013 UA:3    +
   62    80  0   0.0%   0.460 UG:3    +
   67   100  0   0.0%   0.531 UA:3    +
   15    86  0   0.0%   0.116 GC:3    +
   16   117  0   0.0%   0.147 AU:3    +
   23    87  0   0.0%   0.007 AU:3    +
   22    88  0   0.0%   0.012 GU:3    +
   26    38  0   0.0%   0.000 GU:3    +
   71   121  0   0.0%   0.225 AU:3    +
   17    25  0   0.0%   0.002 GC:3    +
   39    74  0   0.0%   0.361 UA:3    +
  122   126  0   0.0%   0.456 GU:3    +
   15    25  0   0.0%   0.002 GC:3    +
   84   122  0   0.0%   0.422 CG:3    +
   97   127  0   0.0%   0.281 GC:3    +
   26    85  0   0.0%   0.008 GC:3    +
  113   124  0   0.0%   0.216 UA:3    +
   67   128  0   0.0%   0.589 UA:3    +
   86   122  0   0.0%   0.460 CG:3    +
   98   126  0   0.0%   0.362 AU:3    +
   82   126  0   0.0%   0.480 AU:3    +
   13    79  0   0.0%   0.404 AU:3    +
   27    84  0   0.0%   0.003 GC:3    +
   33    37  0   0.0%   0.000 GC:3    +
   37    50  0   0.0%   0.532 CG:3    +
   88   119  0   0.0%   0.551 UA:3    +
   65    72  0   0.0%   0.114 UA:3    +
   54    80  0   0.0%   0.007 CG:3    +
   53    81  0   0.0%   0.004 GC:3    +
   18    67  0   0.0%   0.461 AU:3    +
    6    67  0   0.0%   0.003 AU:3    +
   38    49  0   0.0%   1.028 UG:3    +
   56    77  0   0.0%   0.013 CG:3    +
   57    76  0   0.0%   0.015 GC:3    +
   50    84  0   0.0%   0.187 GC:3    +
   49    85  0   0.0%   0.678 GC:3    +
   30    46  0   0.0%   0.000 UA:3    +
    6    91  0   0.0%   0.008 AU:3    +
   70   121  0   0.0%   0.559 AU:3    +
    2    74  0   0.0%   0.038 UA:3    +
    2    80  0   0.0%   0.038 UG:3    +
   14    18  0   0.0%   0.005 UA:3    +
   63    99  0   0.0%   0.267 UA:3    +
    4    21  0   0.0%   0.004 UA:3    +
    3    22  0   0.0%   0.037 CG:3    +
   17    68  0   0.0%   0.599 GU:3    +
    2    73  0   0.0%   0.038 UA:3    +
   26    54  0   0.0%   0.000 GC:3    +
   91   104  0   0.0%   0.470 UA:3    +
   47    86  0   0.0%   0.653 GC:3    +
   10    66  0   0.0%   0.039 GC:3    +
  117   124  0   0.0%   0.240 UA:3    +
.......((((...(((((..((((((((((...(((((.....)))))))))).))))).)))))..((..(((.((....)).)))..))..(((..(((((........)))))..)))...))))...
