3 sequence; length of alignment 34
alifold output
    5    24  0  98.2%   0.077 UA:3   
    6    23  0  98.1%   0.075 AU:3   
    4    25  0  98.0%   0.101 GC:3   
    3    26  0  97.7%   0.143 GC:3   
    7    22  0  97.0%   0.139 GC:3   
    2    27  0  83.4%   0.547 GU:3   
   13    20  0  50.6%   1.355 GC:3   
   12    21  0  50.4%   1.136 UA:3   
    9    20  0  14.1%   1.021 GC:3    +
   11    17  0   4.7%   0.688 AU:3    +
    9    15  0   4.4%   0.423 GC:3    +
    8    16  0   4.4%   0.422 AU:3    +
   15    19  0   3.8%   0.566 CG:3    +
   14    20  0   3.1%   0.967 GC:3    +
   10    17  0   2.7%   0.390 AU:3    +
   11    16  0   2.0%   0.415 AU:3    +
   12    18  0   1.4%   0.187 UG:3    +
   15    30  0   1.2%   0.432 CG:3    +
   16    29  0   1.1%   0.423 UG:3    +
   14    31  0   1.1%   0.272 GU:3    +
   17    28  0   1.0%   0.484 UG:3    +
   13    32  0   0.9%   0.509 GU:3    +
    1    27  0   0.9%   0.130 AU:3    +
   18    27  0   0.8%   0.393 GU:3    +
   19    26  0   0.8%   0.387 GC:3    +
    7    17  0   0.7%   0.114 GU:3    +
    2    26  0   0.7%   0.120 GC:3    +
   12    19  0   0.6%   0.173 UG:3    +
   19    25  0   0.4%   0.281 GC:3    +
   18    26  0   0.4%   0.189 GC:3    +
    3    25  0   0.4%   0.085 GC:3    +
    8    17  0   0.4%   0.243 AU:3    +
   13    17  0   0.4%   0.388 GU:3    +
   10    16  0   0.3%   0.223 AU:3    +
    9    17  0   0.3%   0.272 GU:3    +
    9    16  0   0.3%   0.336 GU:3    +
    4    20  0   0.2%   0.046 GC:3    +
    5    19  0   0.2%   0.047 UG:3    +
   12    33  0   0.2%   0.480 UG:3    +
    9    22  0   0.1%   0.516 GC:3    +
    6    12  0   0.1%   0.019 AU:3    +
    3    15  0   0.1%   0.019 GC:3    +
    5    13  0   0.1%   0.019 UG:3    +
    3    22  0   0.1%   0.033 GC:3    +
    2    16  0   0.1%   0.018 GU:3    +
    1    32  0   0.1%   0.070 AU:3    +
    2    23  0   0.1%   0.033 GU:3    +
    8    23  0   0.1%   0.205 AU:3    +
   13    22  0   0.1%   0.436 GC:3    +
    2    22  0   0.1%   0.022 GC:3    +
   20    30  0   0.1%   0.813 CG:3    +
   19    31  0   0.1%   0.301 GU:3    +
    1    23  0   0.1%   0.017 AU:3    +
    1    17  0   0.1%   0.013 AU:3    +
   15    29  0   0.1%   0.285 CG:3    +
    1    31  0   0.0%   0.060 AU:3    +
   16    28  0   0.0%   0.273 UG:3    +
   18    32  0   0.0%   0.182 GU:3    +
   22    29  0   0.0%   0.123 CG:3    +
    4    15  0   0.0%   0.016 GC:3    +
    5    14  0   0.0%   0.016 UG:3    +
    7    20  0   0.0%   0.061 GC:3    +
   23    28  0   0.0%   0.098 UG:3    +
    3    16  0   0.0%   0.021 GU:3    +
   22    30  0   0.0%   0.125 CG:3    +
   23    29  0   0.0%   0.106 UG:3    +
   21    31  0   0.0%   0.417 AU:3    +
   13    31  0   0.0%   0.388 GU:3    +
    2    17  0   0.0%   0.016 GU:3    +
   22    28  0   0.0%   0.111 CG:3    +
    2    31  0   0.0%   0.212 GU:3    +
    4    22  0   0.0%   0.032 GC:3    +
   17    33  0   0.0%   0.405 UG:3    +
    5    21  0   0.0%   0.027 UA:3    +
   26    33  0   0.0%   0.138 CG:3    +
   27    34  0   0.0%   0.238 UA:3    +
   28    32  0   0.0%   0.111 GU:3    +
    3    20  0   0.0%   0.012 GC:3    +
   20    33  0   0.0%   0.769 CG:3    +
    5    18  0   0.0%   0.012 UG:3    +
    7    26  0   0.0%   0.129 GC:3    +
    6    17  0   0.0%   0.015 AU:3    +
    6    27  0   0.0%   0.221 AU:3    +
    3    23  0   0.0%   0.028 GU:3    +
   18    25  0   0.0%   0.106 GC:3    +
    5    28  0   0.0%   0.044 UG:3    +
   10    23  0   0.0%   0.154 AU:3    +
    7    16  0   0.0%   0.012 GU:3    +
   16    34  0   0.0%   0.319 UA:3    +
   16    21  0   0.0%   0.610 UA:3    +
   25    30  0   0.0%   0.128 CG:3    +
   27    33  0   0.0%   0.250 UG:3    +
    8    12  0   0.0%   0.009 AU:3    +
   12    34  0   0.0%   0.458 UA:3    +
   21    32  0   0.0%   0.404 AU:3    +
   24    31  0   0.0%   0.085 AU:3    +
    7    15  0   0.0%   0.011 GC:3    +
   10    32  0   0.0%   0.124 AU:3    +
    5    11  0   0.0%   0.001 UA:3    +
    9    25  0   0.0%   0.502 GC:3    +
    4    12  0   0.0%   0.001 GU:3    +
   11    31  0   0.0%   0.229 AU:3    +
    6    16  0   0.0%   0.016 AU:3    +
   14    22  0   0.0%   0.167 GC:3    +
   12    30  0   0.0%   0.445 UG:3    +
   17    21  0   0.0%   0.690 UA:3    +
   11    23  0   0.0%   0.259 AU:3    +
    3    27  0   0.0%   0.256 GU:3    +
   13    23  0   0.0%   0.413 GU:3    +
    2    32  0   0.0%   0.212 GU:3    +
    7    23  0   0.0%   0.099 GU:3    +
   20    28  0   0.0%   0.798 CG:3    +
    9    26  0   0.0%   0.517 GC:3    +
    8    27  0   0.0%   0.358 AU:3    +
   20    29  0   0.0%   0.803 CG:3    +
   21    27  0   0.0%   0.580 AU:3    +
    4    26  0   0.0%   0.096 GC:3    +
   11    32  0   0.0%   0.230 AU:3    +
   14    32  0   0.0%   0.211 GU:3    +
   12    24  0   0.0%   0.462 UA:3    +
   22    33  0   0.0%   0.078 CG:3    +
   13    26  0   0.0%   0.435 GC:3    +
   14    25  0   0.0%   0.155 GC:3    +
    3    12  0   0.0%   0.000 GU:3    +
   15    28  0   0.0%   0.274 CG:3    +
    2    20  0   0.0%   0.008 GC:3    +
   18    31  0   0.0%   0.182 GU:3    +
    9    23  0   0.0%   0.494 GU:3    +
    3    31  0   0.0%   0.068 GU:3    +
    7    12  0   0.0%   0.007 GU:3    +
    2    25  0   0.0%   0.018 GC:3    +
    5    10  0   0.0%   0.000 UA:3    +
   19    32  0   0.0%   0.286 GU:3    +
   25    29  0   0.0%   0.128 CG:3    +
    5    33  0   0.0%   0.043 UG:3    +
    6    32  0   0.0%   0.033 AU:3    +
    2    15  0   0.0%   0.000 GC:3    +
   18    22  0   0.0%   0.116 GC:3    +
    5    29  0   0.0%   0.043 UG:3    +
    8    32  0   0.0%   0.171 AU:3    +
    1    16  0   0.0%   0.000 AU:3    +
   17    34  0   0.0%   0.391 UA:3    +
   25    33  0   0.0%   0.082 CG:3    +
    1    12  0   0.0%   0.000 AU:3    +
   26    30  0   0.0%   0.179 CG:3    +
    9    32  0   0.0%   0.465 GU:3    +
   15    33  0   0.0%   0.340 CG:3    +
    4    23  0   0.0%   0.029 GU:3    +
   23    30  0   0.0%   0.101 UG:3    +
    7    32  0   0.0%   0.076 GU:3    +
    7    31  0   0.0%   0.075 GU:3    +
   18    23  0   0.0%   0.097 GU:3    +
    8    31  0   0.0%   0.170 AU:3    +
   16    24  0   0.0%   0.279 UA:3    +
   24    32  0   0.0%   0.071 AU:3    +
    2    12  0   0.0%   0.000 GU:3    +
   23    33  0   0.0%   0.057 UG:3    +
    3    32  0   0.0%   0.069 GU:3    +
    5     9  0   0.0%   0.000 UG:3    +
   17    24  0   0.0%   0.360 UA:3    +
    7    25  0   0.0%   0.112 GC:3    +
   17    29  0   0.0%   0.443 UG:3    +
    4    31  0   0.0%   0.044 GU:3    +
   10    31  0   0.0%   0.122 AU:3    +
    1     5  0   0.0%   0.000 AU:3    +
    9    31  0   0.0%   0.464 GU:3    +
.((((((....((......)))))))).......
