3 sequence; length of alignment 34
alifold output
   13    22  0  99.8%   0.009 CG:3   
   11    24  0  99.7%   0.009 UA:3   
   12    23  0  99.7%   0.014 UG:3   
    9    26  0  99.7%   0.015 AU:3   
   10    25  0  99.6%   0.013 UA:3   
   14    21  0  99.6%   0.017 AU:3   
    8    27  0  99.1%   0.044 CG:3   
   15    20  0  97.9%   0.064 GC:3   
    1     7  0  11.3%   0.739 GC:3    +
    2     6  0  11.2%   0.735 CG:3    +
    2    33  0   5.0%   0.695 CG:3    +
    1    34  0   4.1%   0.668 GU:3    +
    6    29  0   1.7%   0.484 GU:3    +
    6    30  0   1.6%   0.516 GC:3    +
    6    32  0   1.3%   0.585 GC:3    +
    5    33  0   1.2%   0.367 UG:3    +
    4    34  0   1.0%   0.346 AU:3    +
    4    31  0   0.9%   0.156 AU:3    +
    3    33  0   0.6%   0.243 CG:3    +
    4    29  0   0.6%   0.092 AU:3    +
    1    32  0   0.5%   0.332 GC:3    +
    5    28  0   0.5%   0.082 UA:3    +
    7    33  0   0.5%   0.567 CG:3    +
    6    34  0   0.4%   0.686 GU:3    +
    7    27  0   0.2%   0.286 CG:3    +
   17    23  0   0.1%   0.025 CG:3    +
   13    27  0   0.1%   0.043 CG:3    +
   18    22  0   0.1%   0.023 CG:3    +
   14    26  0   0.1%   0.028 AU:3    +
   12    28  0   0.1%   0.046 UA:3    +
   16    24  0   0.1%   0.019 UA:3    +
    6    31  0   0.1%   0.438 GU:3    +
   28    34  0   0.1%   0.245 AU:3    +
   29    33  0   0.1%   0.369 UG:3    +
    1    30  0   0.0%   0.257 GC:3    +
    3    27  0   0.0%   0.011 CG:3    +
    4    26  0   0.0%   0.010 AU:3    +
    8    22  0   0.0%   0.009 CG:3    +
    7    23  0   0.0%   0.257 CG:3    +
    3    22  0   0.0%   0.006 CG:3    +
    2    23  0   0.0%   0.251 CG:3    +
    6    20  0   0.0%   0.251 GC:3    +
    7    19  0   0.0%   0.252 CG:3    +
    9    21  0   0.0%   0.008 AU:3    +
    4    21  0   0.0%   0.006 AU:3    +
    5    25  0   0.0%   0.007 UA:3    +
    9    31  0   0.0%   0.055 AU:3    +
   27    32  0   0.0%   0.117 GC:3    +
    1     5  0   0.0%   0.002 GU:3    +
   26    33  0   0.0%   0.270 UG:3    +
   25    34  0   0.0%   0.206 AU:3    +
    1     8  0   0.0%   0.248 GC:3    +
   13    19  0   0.0%   0.004 CG:3    +
    8    33  0   0.0%   0.269 CG:3    +
    9    16  0   0.0%   0.001 AU:3    +
   10    15  0   0.0%   0.001 UG:3    +
    1    31  0   0.0%   0.251 GU:3    +
    9    29  0   0.0%   0.104 AU:3    +
    8    15  0   0.0%   0.001 CG:3    +
   12    24  0   0.0%   0.007 UA:3    +
   10    19  0   0.0%   0.003 UG:3    +
   11    19  0   0.0%   0.003 UG:3    +
   10    28  0   0.0%   0.031 UA:3    +
   13    23  0   0.0%   0.010 CG:3    +
   11    25  0   0.0%   0.009 UA:3    +
   11    27  0   0.0%   0.027 UG:3    +
    2    27  0   0.0%   0.247 CG:3    +
   23    30  0   0.0%   0.083 GC:3    +
   24    29  0   0.0%   0.107 AU:3    +
   22    31  0   0.0%   0.059 GU:3    +
    1    29  0   0.0%   0.247 GU:3    +
   15    21  0   0.0%   0.029 GU:3    +
   20    33  0   0.0%   0.280 CG:3    +
   23    32  0   0.0%   0.098 GC:3    +
   24    31  0   0.0%   0.056 AU:3    +
   19    34  0   0.0%   0.202 GU:3    +
   10    24  0   0.0%   0.001 UA:3    +
   11    15  0   0.0%   0.001 UG:3    +
   11    23  0   0.0%   0.005 UG:3    +
    5    19  0   0.0%   0.001 UG:3    +
    5    27  0   0.0%   0.006 UG:3    +
    6    18  0   0.0%   0.245 GC:3    +
   12    19  0   0.0%   0.002 UG:3    +
   18    23  0   0.0%   0.019 CG:3    +
   11    28  0   0.0%   0.030 UA:3    +
    3    23  0   0.0%   0.004 CG:3    +
    1    20  0   0.0%   0.247 GC:3    +
    2    19  0   0.0%   0.245 CG:3    +
    7    15  0   0.0%   0.246 CG:3    +
    8    19  0   0.0%   0.003 CG:3    +
   10    14  0   0.0%   0.000 UA:3    +
    6    13  0   0.0%   0.245 GC:3    +
    6    26  0   0.0%   0.250 GU:3    +
    5    14  0   0.0%   0.001 UA:3    +
    6    16  0   0.0%   0.245 GU:3    +
.......((((((((....)))))))).......
