3 sequence; length of alignment 44
alifold output
    3    40  0  62.3%   1.604 GC:3    +
    4    39  0  62.2%   1.582 GC:3    +
    2    41  0  58.8%   1.199 CG:3    +
    7    37  0  41.8%   1.923 UA:3    +
    8    36  0  41.4%   2.063 UA:3    +
    6    38  0  41.2%   1.642 UA:3    +
   11    33  0  40.5%   1.924 GC:3    +
   12    32  0  40.4%   2.421 GC:3    +
   17    27  0  33.0%   1.861 GC:3    +
   16    28  0  31.6%   1.328 AU:3    +
    9    35  0  28.7%   1.712 UA:3    +
   19    25  0  16.9%   1.532 GU:3    +
    5    25  0  15.8%   0.898 AU:3   
    4    26  0  15.6%   1.078 GU:3   
    3    27  0  15.5%   1.111 GC:3   
    6    24  0  15.4%   0.868 UA:3   
   20    24  0  15.2%   1.615 UA:3    +
    7    23  0  14.9%   0.854 UG:3   
   12    31  0  13.6%   1.595 GC:3    +
   11    32  0  13.6%   1.383 GC:3    +
   22    34  0  13.5%   1.596 AU:3    +
   23    33  0  13.3%   2.285 GC:3    +
   21    35  0  13.1%   1.823 UA:3    +
    8    22  0  12.8%   0.791 UA:3   
   12    18  0  12.7%   1.084 GC:3   
    1    43  0  12.6%   1.035 CG:3    +
   13    17  0  12.5%   0.794 CG:3   
   14    30  0  12.3%   0.874 UA:3    +
    7    36  0  12.2%   1.096 UA:3    +
    2    11  0  11.7%   0.752 CG:3    +
    6    37  0  11.6%   1.045 UA:3    +
    8    35  0  11.5%   1.211 UA:3    +
   18    41  0  11.3%   1.614 CG:3    +
    1    12  0  11.3%   0.739 CG:3    +
   17    42  0  11.3%   1.664 GC:3    +
   19    40  0  10.8%   1.974 GC:3    +
   20    36  0  10.1%   2.121 UA:3    +
    3    10  0   9.9%   0.689 GU:3    +
   18    23  0   9.9%   1.551 CG:3    +
   13    19  0   9.3%   0.978 CG:3    +
   12    20  0   9.2%   1.182 GU:3    +
   11    21  0   8.9%   0.954 GU:3    +
   10    22  0   8.1%   1.177 UA:3    +
   10    35  0   7.2%   1.677 UA:3    +
    9    36  0   7.1%   1.930 UA:3    +
    8    37  0   6.8%   2.238 UA:3    +
    9    23  0   6.8%   1.060 UG:3    +
   11    34  0   6.2%   1.699 GU:3    +
    4     9  0   6.2%   0.518 GU:3    +
   12    33  0   6.1%   2.281 GC:3    +
    8    24  0   5.8%   1.112 UA:3    +
    7    38  0   4.9%   1.754 UA:3    +
    4    27  0   4.3%   1.194 GC:3    +
    5    26  0   4.2%   1.003 AU:3    +
   18    43  0   3.6%   1.474 CG:3    +
   19    42  0   3.6%   1.821 GC:3    +
   17    44  0   3.6%   1.519 GC:3    +
    3    28  0   3.4%   0.876 GU:3    +
   19    26  0   3.3%   1.396 GU:3    +
   20    41  0   3.2%   1.803 UG:3    +
   19    31  0   2.9%   1.447 GC:3    +
   20    30  0   2.7%   1.080 UA:3    +
   19    27  0   2.5%   1.750 GC:3    +
   22    28  0   2.3%   1.316 AU:3    +
   23    27  0   2.3%   1.937 GC:3    +
   17    29  0   1.8%   1.007 GC:3    +
   17    25  0   1.3%   0.741 GU:3    +
   16    26  0   1.1%   0.603 AU:3    +
   11    18  0   1.0%   0.391 GC:3    +
   15    23  0   0.9%   0.669 CG:3    +
   10    19  0   0.9%   0.365 UG:3    +
   14    24  0   0.8%   0.656 UA:3    +
   17    32  0   0.8%   1.604 GC:3    +
    3    29  0   0.8%   0.765 GC:3    +
   20    38  0   0.8%   1.477 UA:3    +
   19    29  0   0.7%   1.024 GC:3    +
   17    31  0   0.7%   1.186 GC:3    +
    7    24  0   0.7%   0.676 UA:3    +
    8    23  0   0.6%   0.635 UG:3    +
   13    43  0   0.5%   0.895 CG:3    +
   23    29  0   0.5%   1.139 GC:3    +
    3    42  0   0.5%   1.094 GC:3    +
   12    44  0   0.5%   1.656 GC:3    +
    2    43  0   0.5%   0.908 CG:3    +
   19    39  0   0.4%   1.299 GC:3    +
   21    37  0   0.4%   1.370 UA:3    +
   24    28  0   0.4%   1.512 AU:3    +
   13    23  0   0.4%   1.050 CG:3    +
    9    22  0   0.4%   0.505 UA:3    +
    4    29  0   0.3%   0.747 GC:3    +
   14    22  0   0.3%   0.572 UA:3    +
    5    28  0   0.3%   0.633 AU:3    +
    4    15  0   0.3%   0.246 GC:3    +
    5    14  0   0.3%   0.067 AU:3    +
    4    28  0   0.3%   0.797 GU:3    +
   16    25  0   0.3%   0.349 AU:3    +
    3    32  0   0.3%   0.739 GC:3    +
    4    31  0   0.3%   0.722 GC:3    +
   15    43  0   0.3%   0.440 CG:3    +
   17    26  0   0.2%   0.840 GU:3    +
   17    33  0   0.2%   1.452 GC:3    +
   17    28  0   0.2%   1.267 GU:3    +
   16    34  0   0.2%   0.655 AU:3    +
   11    29  0   0.2%   0.623 GC:3    +
    4    40  0   0.2%   1.323 GC:3    +
   10    30  0   0.2%   0.524 UA:3    +
   26    30  0   0.2%   1.021 UA:3    +
   23    32  0   0.2%   1.646 GC:3    +
   17    39  0   0.2%   1.212 GC:3    +
   12    28  0   0.2%   0.922 GU:3    +
    3    33  0   0.2%   0.739 GC:3    +
   15    41  0   0.2%   0.429 CG:3    +
    4    32  0   0.2%   0.730 GC:3    +
   26    35  0   0.2%   1.719 UA:3    +
    4    13  0   0.1%   0.209 GC:3    +
   25    36  0   0.1%   1.750 UA:3    +
   13    41  0   0.1%   0.861 CG:3    +
   12    42  0   0.1%   1.623 GC:3    +
    3    14  0   0.1%   0.256 GU:3    +
   32    41  0   0.1%   1.437 CG:3    +
   20    37  0   0.1%   1.664 UA:3    +
   23    39  0   0.1%   1.544 GC:3    +
   31    43  0   0.1%   0.913 CG:3    +
    3    31  0   0.1%   0.705 GC:3    +
   33    41  0   0.1%   1.557 CG:3    +
    4    10  0   0.1%   0.420 GU:3    +
   21    36  0   0.1%   1.553 UA:3    +
   11    40  0   0.1%   1.678 GC:3    +
   12    39  0   0.1%   1.876 GC:3    +
    2    12  0   0.1%   0.513 CG:3    +
    5     9  0   0.1%   0.189 AU:3    +
   11    20  0   0.1%   0.318 GU:3    +
   23    40  0   0.1%   1.764 GC:3    +
   21    38  0   0.1%   1.085 UA:3    +
   11    31  0   0.1%   0.574 GC:3    +
    1    41  0   0.1%   0.260 CG:3    +
    3    15  0   0.1%   0.253 GC:3    +
   11    15  0   0.1%   0.287 GC:3    +
   10    16  0   0.0%   0.248 UA:3    +
   25    37  0   0.0%   1.520 UA:3    +
   22    26  0   0.0%   1.121 AU:3    +
   16    21  0   0.0%   0.232 AU:3    +
   26    36  0   0.0%   1.701 UA:3    +
   25    30  0   0.0%   1.049 UA:3    +
   10    41  0   0.0%   1.016 UG:3    +
    7    35  0   0.0%   0.331 UA:3    +
    6    36  0   0.0%   0.302 UA:3    +
   21    30  0   0.0%   0.599 UA:3    +
   19    28  0   0.0%   1.319 GU:3    +
   31    41  0   0.0%   1.144 CG:3    +
   11    27  0   0.0%   0.956 GC:3    +
   25    38  0   0.0%   1.249 UA:3    +
   23    31  0   0.0%   1.345 GC:3    +
   12    26  0   0.0%   1.167 GU:3    +
   26    37  0   0.0%   1.474 UA:3    +
   12    29  0   0.0%   0.830 GC:3    +
    4    14  0   0.0%   0.203 GU:3    +
    3    13  0   0.0%   0.238 GC:3    +
   32    43  0   0.0%   1.191 CG:3    +
   24    34  0   0.0%   1.301 AU:3    +
   29    43  0   0.0%   0.668 CG:3    +
   12    27  0   0.0%   1.172 GC:3    +
   17    40  0   0.0%   1.206 GC:3    +
    8    38  0   0.0%   1.776 UA:3    +
    9    37  0   0.0%   1.733 UA:3    +
   19    32  0   0.0%   1.619 GC:3    +
   33    43  0   0.0%   1.305 CG:3    +
   39    43  0   0.0%   0.815 CG:3    +
   28    35  0   0.0%   1.736 UA:3    +
    9    17  0   0.0%   0.184 UG:3    +
   16    20  0   0.0%   0.234 AU:3    +
    6    12  0   0.0%   0.257 UG:3    +
   10    36  0   0.0%   1.504 UA:3    +
   15    19  0   0.0%   0.293 CG:3    +
   25    35  0   0.0%   1.741 UA:3    +
    5    10  0   0.0%   0.245 AU:3    +
    6    11  0   0.0%   0.254 UG:3    +
   29    41  0   0.0%   0.908 CG:3    +
   23    28  0   0.0%   1.507 GU:3    +
    3     9  0   0.0%   0.003 GU:3    +
   34    41  0   0.0%   1.177 UG:3    +
    7    11  0   0.0%   0.255 UG:3    +
    7    12  0   0.0%   0.257 UG:3    +
    4     8  0   0.0%   0.003 GU:3    +
   28    37  0   0.0%   1.493 UA:3    +
    6    30  0   0.0%   0.294 UA:3    +
    7    22  0   0.0%   0.004 UA:3    +
   14    36  0   0.0%   1.161 UA:3    +
   14    43  0   0.0%   0.665 UG:3    +
    9    24  0   0.0%   0.873 UA:3    +
   20    35  0   0.0%   1.415 UA:3    +
   11    28  0   0.0%   0.676 GU:3    +
   21    41  0   0.0%   1.220 UG:3    +
   14    37  0   0.0%   1.148 UA:3    +
   34    43  0   0.0%   0.928 UG:3    +
    4    42  0   0.0%   1.031 GC:3    +
   28    36  0   0.0%   1.720 UA:3    +
   11    44  0   0.0%   1.361 GC:3    +
    1    11  0   0.0%   0.002 CG:3    +
   10    23  0   0.0%   0.982 UG:3    +
    6    23  0   0.0%   0.004 UG:3    +
    3    18  0   0.0%   0.246 GC:3    +
   17    21  0   0.0%   0.483 GU:3    +
    2    19  0   0.0%   0.258 CG:3    +
    6    35  0   0.0%   0.293 UA:3    +
   30    34  0   0.0%   0.850 AU:3    +
   14    35  0   0.0%   1.147 UA:3    +
    3    39  0   0.0%   0.720 GC:3    +
   14    23  0   0.0%   0.563 UG:3    +
   23    34  0   0.0%   1.644 GU:3    +
   34    38  0   0.0%   1.021 UA:3    +
   14    38  0   0.0%   0.863 UA:3    +
    3     8  0   0.0%   0.001 GU:3    +
    8    43  0   0.0%   1.546 UG:3    +
    9    38  0   0.0%   1.448 UA:3    +
    9    30  0   0.0%   0.385 UA:3    +
    4    33  0   0.0%   0.706 GC:3    +
   10    37  0   0.0%   1.489 UA:3    +
    3    34  0   0.0%   0.719 GU:3    +
    9    19  0   0.0%   0.182 UG:3    +
   14    19  0   0.0%   0.291 UG:3    +
    7    30  0   0.0%   0.321 UA:3    +
   12    25  0   0.0%   1.028 GU:3    +
    9    16  0   0.0%   0.179 UA:3    +
    8    30  0   0.0%   0.460 UA:3    +
   11    42  0   0.0%   1.387 GC:3    +
   19    33  0   0.0%   1.475 GC:3    +
   28    38  0   0.0%   1.216 UA:3    +
    4    25  0   0.0%   0.208 GU:3    +
   12    21  0   0.0%   0.952 GU:3    +
    3    26  0   0.0%   0.246 GU:3    +
   10    43  0   0.0%   0.980 UG:3    +
    2    17  0   0.0%   0.257 CG:3    +
    7    16  0   0.0%   0.002 UA:3    +
    5    20  0   0.0%   0.024 AU:3    +
    3    44  0   0.0%   1.041 GC:3    +
    6    19  0   0.0%   0.003 UG:3    +
   26    38  0   0.0%   1.196 UA:3    +
   11    39  0   0.0%   1.650 GC:3    +
    4    21  0   0.0%   0.208 GU:3    +
   12    34  0   0.0%   1.736 GU:3    +
   10    17  0   0.0%   0.242 UG:3    +
   28    43  0   0.0%   1.108 UG:3    +
   11    26  0   0.0%   0.945 GU:3    +
   14    41  0   0.0%   0.677 UG:3    +
    5    34  0   0.0%   0.467 AU:3    +
   27    43  0   0.0%   1.427 CG:3    +
    8    12  0   0.0%   0.255 UG:3    +
    8    17  0   0.0%   0.002 UG:3    +
   28    41  0   0.0%   1.352 UG:3    +
    3     7  0   0.0%   0.000 GU:3    +
    2    23  0   0.0%   0.257 CG:3    +
    8    16  0   0.0%   0.002 UA:3    +
   27    41  0   0.0%   1.671 CG:3    +
    9    43  0   0.0%   1.219 UG:3    +
   17    34  0   0.0%   1.063 GU:3    +
   10    24  0   0.0%   0.974 UA:3    +
   19    44  0   0.0%   1.443 GC:3    +
    6    41  0   0.0%   1.228 UG:3    +
   11    25  0   0.0%   0.814 GU:3    +
   20    43  0   0.0%   1.449 UG:3    +
    1    17  0   0.0%   0.247 CG:3    +
   10    38  0   0.0%   1.205 UA:3    +
   12    40  0   0.0%   1.882 GC:3    +
    8    19  0   0.0%   0.002 UG:3    +
    1    19  0   0.0%   0.247 CG:3    +
    4    44  0   0.0%   1.004 GC:3    +
    7    43  0   0.0%   1.380 UG:3    +
    7    19  0   0.0%   0.003 UG:3    +
    6    43  0   0.0%   1.198 UG:3    +
    6    16  0   0.0%   0.003 UA:3    +
    3    25  0   0.0%   0.245 GU:3    +
    9    41  0   0.0%   1.249 UG:3    +
    6    22  0   0.0%   0.003 UA:3    +
    6    17  0   0.0%   0.003 UG:3    +
   23    42  0   0.0%   1.601 GC:3    +
..((((((...((...))...)))))).................
