3 sequence; length of alignment 78
alifold output
   11    25  0  99.9%   0.004 CG:3   
   12    24  0  99.9%   0.013 CG:3   
   13    23  0  99.9%   0.013 GC:3   
   14    22  0  99.5%   0.023 AU:3   
   10    26  0  99.4%   0.018 UA:3   
   66    73  0  98.5%   0.102 AU:3   
   65    74  0  98.5%   0.112 CG:3   
   67    72  0  98.4%   0.125 CG:3   
   15    21  0  96.6%   0.123 UA:3   
   64    75  0  86.1%   0.445 UA:3   
    6    31  0  77.1%   0.681 CG:3   
    5    32  0  75.3%   0.683 UA:3   
    8    29  0  74.1%   0.670 UA:3   
   35    62  0  67.3%   0.876 UA:3   
   16    20  0  67.0%   0.827 UA:3   
   34    63  0  65.9%   1.219 CG:3   
    4    33  0  65.8%   0.845 AU:3   
   36    61  0  64.8%   0.998 AU:3   
    9    27  0  62.1%   0.888 GC:3    +
   37    60  0  61.7%   1.209 AU:3   
   38    59  0  57.0%   1.684 AU:3   
   39    58  0  43.9%   2.292 GU:3   
   44    53  0  38.4%   1.975 CG:3   
    9    28  0  37.3%   1.661 GC:3   
   43    54  0  36.4%   1.688 AU:3   
   39    47  0  21.2%   1.013 GC:3    +
   38    48  0  19.7%   0.993 AU:3    +
   30    57  0  19.5%   1.049 GC:3    +
   31    56  0  19.5%   1.235 GC:3    +
   40    46  0  19.4%   0.976 AU:3    +
   33    53  0  18.3%   1.258 UG:3    +
   32    54  0  18.2%   1.208 AU:3    +
   34    52  0  18.1%   0.971 CG:3    +
   29    58  0  17.0%   1.129 AU:3    +
    7    28  0  12.6%   0.796 GC:3    +
   47    52  0  12.4%   1.766 CG:3    +
   46    53  0  12.0%   2.125 UG:3    +
   42    53  0  11.4%   1.167 CG:3    +
   45    54  0  11.2%   1.693 AU:3    +
   39    57  0  11.1%   1.504 GC:3    +
   41    54  0  11.1%   1.075 AU:3    +
   44    52  0   9.1%   1.079 CG:3    +
   38    58  0   9.0%   1.275 AU:3    +
   37    59  0   6.5%   0.546 AU:3    +
   36    60  0   3.8%   0.402 AU:3    +
   34    53  0   1.4%   0.844 CG:3    +
   35    52  0   1.3%   0.526 UG:3    +
   39    56  0   1.3%   0.888 GC:3    +
   40    59  0   1.1%   1.102 AU:3    +
   41    58  0   1.1%   1.320 AU:3    +
   39    60  0   1.0%   1.687 GU:3    +
   40    58  0   0.9%   1.378 AU:3    +
    6    30  0   0.9%   0.135 CG:3    +
   39    59  0   0.9%   1.675 GU:3    +
   60    77  0   0.8%   0.683 UA:3    +
   61    76  0   0.8%   0.504 UA:3    +
   38    60  0   0.7%   1.387 AU:3    +
   38    61  0   0.7%   1.303 AU:3    +
   31    49  0   0.6%   0.323 GC:3    +
   30    50  0   0.6%   0.137 GC:3    +
   39    49  0   0.5%   0.466 GC:3    +
   40    48  0   0.5%   0.768 AU:3    +
   44    72  0   0.5%   0.678 CG:3    +
   43    73  0   0.5%   0.459 AU:3    +
   42    74  0   0.5%   0.361 CG:3    +
   32    48  0   0.5%   0.309 AU:3    +
   45    71  0   0.5%   0.337 AU:3    +
   47    53  0   0.5%   1.941 CG:3    +
   59    78  0   0.5%   0.708 UA:3    +
   37    61  0   0.5%   0.843 AU:3    +
   42    52  0   0.4%   0.466 CG:3    +
   48    52  0   0.4%   1.363 UG:3    +
   56    63  0   0.4%   0.751 CG:3    +
   28    52  0   0.4%   0.703 CG:3    +
    1    36  0   0.4%   0.071 UA:3    +
    5    31  0   0.4%   0.083 UG:3    +
   55    64  0   0.3%   0.093 AU:3    +
   27    53  0   0.3%   0.364 CG:3    +
   53    67  0   0.3%   1.384 GC:3    +
   54    66  0   0.3%   1.258 UA:3    +
   60    76  0   0.3%   0.582 UA:3    +
   46    52  0   0.3%   1.017 UG:3    +
   26    54  0   0.3%   0.064 AU:3    +
   52    68  0   0.3%   1.020 GU:3    +
   32    64  0   0.3%   0.612 AU:3    +
   61    78  0   0.3%   0.503 UA:3    +
   59    77  0   0.3%   0.664 UA:3    +
   31    65  0   0.3%   0.636 GC:3    +
   15    20  0   0.2%   0.050 UA:3    +
   61    77  0   0.2%   0.502 UA:3    +
   64    76  0   0.2%   0.267 UA:3    +
   30    67  0   0.2%   0.442 GC:3    +
   57    63  0   0.2%   0.936 CG:3    +
   29    68  0   0.2%   0.562 AU:3    +
   34    39  0   0.2%   0.038 CG:3    +
    2    31  0   0.1%   0.036 CG:3    +
    3    33  0   0.1%   0.037 AU:3    +
   58    62  0   0.1%   1.288 UA:3    +
   25    56  0   0.1%   0.029 GC:3    +
   24    57  0   0.1%   0.028 GC:3    +
    6    13  0   0.1%   0.026 CG:3    +
    5    14  0   0.1%   0.026 UA:3    +
    7    12  0   0.1%   0.028 GC:3    +
    6    52  0   0.1%   0.276 CG:3    +
    1    32  0   0.1%   0.026 UA:3    +
    5    53  0   0.1%   0.272 UG:3    +
   33    40  0   0.1%   0.315 UA:3    +
    4    15  0   0.1%   0.024 AU:3    +
    3    35  0   0.1%   0.041 AU:3    +
    4    54  0   0.1%   0.308 AU:3    +
   60    78  0   0.1%   0.634 UA:3    +
    7    51  0   0.1%   0.296 GC:3    +
   52    57  0   0.1%   1.532 GC:3    +
    2    39  0   0.1%   0.038 CG:3    +
   40    60  0   0.1%   0.984 AU:3    +
    2    74  0   0.1%   0.052 CG:3    +
   33    63  0   0.1%   0.639 UG:3    +
    1    40  0   0.1%   0.050 UA:3    +
   39    61  0   0.1%   1.497 GU:3    +
   41    59  0   0.1%   0.910 AU:3    +
    3    16  0   0.1%   0.019 AU:3    +
    1    75  0   0.1%   0.057 UA:3    +
   59    76  0   0.1%   0.625 UA:3    +
   16    21  0   0.1%   0.326 UA:3    +
   58    78  0   0.1%   1.013 UA:3    +
   54    62  0   0.1%   1.486 UA:3    +
    3    71  0   0.1%   0.044 AU:3    +
    2    72  0   0.1%   0.043 CG:3    +
    4    70  0   0.1%   0.310 AU:3    +
   21    60  0   0.1%   0.057 AU:3    +
   55    61  0   0.1%   0.378 AU:3    +
   20    61  0   0.1%   0.299 AU:3    +
    3    73  0   0.1%   0.048 AU:3    +
    5    69  0   0.1%   0.270 UA:3    +
   19    62  0   0.1%   0.015 UA:3    +
   53    57  0   0.1%   1.892 GC:3    +
   33    55  0   0.1%   0.623 UA:3    +
   31    47  0   0.1%   0.245 GC:3    +
   32    46  0   0.1%   0.236 AU:3    +
   39    44  0   0.1%   0.032 GC:3    +
   52    58  0   0.1%   1.934 GU:3    +
    7    67  0   0.1%   0.294 GC:3    +
   33    45  0   0.1%   0.305 UA:3    +
    8    66  0   0.1%   0.238 UA:3    +
   30    48  0   0.1%   0.058 GU:3    +
   61    75  0   0.1%   0.389 UA:3    +
   58    77  0   0.1%   1.006 UA:3    +
   51    72  0   0.1%   0.062 CG:3    +
   29    59  0   0.1%   0.539 AU:3    +
   53    70  0   0.0%   1.349 GU:3    +
   54    69  0   0.0%   1.240 UA:3    +
   52    71  0   0.0%   1.021 GU:3    +
   53    65  0   0.0%   1.339 GC:3    +
   52    67  0   0.0%   0.983 GC:3    +
   41    46  0   0.0%   0.335 AU:3    +
   55    68  0   0.0%   0.070 AU:3    +
   49    74  0   0.0%   0.107 CG:3    +
    5    29  0   0.0%   0.018 UA:3    +
   40    54  0   0.0%   0.706 AU:3    +
   28    63  0   0.0%   0.665 CG:3    +
    2     7  0   0.0%   0.009 CG:3    +
   48    75  0   0.0%   0.425 UA:3    +
    2    18  0   0.0%   0.013 CG:3    +
   53    60  0   0.0%   1.828 GU:3    +
   51    63  0   0.0%   0.315 CG:3    +
   52    64  0   0.0%   0.978 GU:3    +
   60    75  0   0.0%   0.538 UA:3    +
   52    61  0   0.0%   1.310 GU:3    +
    9    65  0   0.0%   0.672 GC:3    +
   30    51  0   0.0%   0.094 GC:3    +
   39    51  0   0.0%   0.399 GC:3    +
   31    50  0   0.0%   0.300 GC:3    +
    3    17  0   0.0%   0.013 AU:3    +
   30    56  0   0.0%   0.097 GC:3    +
   39    50  0   0.0%   0.417 GC:3    +
   37    48  0   0.0%   0.039 AU:3    +
    2    63  0   0.0%   0.031 CG:3    +
   31    57  0   0.0%   0.919 GC:3    +
   30    58  0   0.0%   0.709 GU:3    +
   61    74  0   0.0%   0.410 UG:3    +
   37    58  0   0.0%   0.313 AU:3    +
    1    76  0   0.0%   0.050 UA:3    +
    1    77  0   0.0%   0.052 UA:3    +
    8    30  0   0.0%   0.271 UG:3    +
   47    63  0   0.0%   0.914 CG:3    +
   35    63  0   0.0%   0.631 UG:3    +
   62    73  0   0.0%   0.330 AU:3    +
    1    37  0   0.0%   0.034 UA:3    +
   48    62  0   0.0%   0.681 UA:3    +
   52    65  0   0.0%   0.978 GC:3    +
   35    45  0   0.0%   0.019 UA:3    +
   48    69  0   0.0%   0.418 UA:3    +
   43    58  0   0.0%   1.349 AU:3    +
   36    59  0   0.0%   0.032 AU:3    +
   62    68  0   0.0%   0.322 AU:3    +
   65    72  0   0.0%   0.067 CG:3    +
   28    74  0   0.0%   0.667 CG:3    +
   63    67  0   0.0%   0.371 GC:3    +
   29    73  0   0.0%   0.551 AU:3    +
   53    59  0   0.0%   1.909 GU:3    +
   32    70  0   0.0%   0.588 AU:3    +
   31    71  0   0.0%   0.613 GU:3    +
   33    69  0   0.0%   0.628 UA:3    +
   46    69  0   0.0%   0.610 UA:3    +
   39    48  0   0.0%   0.707 GU:3    +
   61    69  0   0.0%   0.377 UA:3    +
   50    63  0   0.0%   0.330 CG:3    +
   53    64  0   0.0%   1.331 GU:3    +
    6    63  0   0.0%   0.264 CG:3    +
    2    52  0   0.0%   0.027 CG:3    +
    6    74  0   0.0%   0.270 CG:3    +
    5    30  0   0.0%   0.016 UG:3    +
    4    16  0   0.0%   0.017 AU:3    +
   47    74  0   0.0%   0.660 CG:3    +
   36    54  0   0.0%   0.359 AU:3    +
    5    75  0   0.0%   0.269 UA:3    +
   35    55  0   0.0%   0.079 UA:3    +
   66    71  0   0.0%   0.062 AU:3    +
   52    60  0   0.0%   1.467 GU:3    +
   46    75  0   0.0%   0.612 UA:3    +
   67    74  0   0.0%   0.114 CG:3    +
   35    43  0   0.0%   0.012 UA:3    +
   44    74  0   0.0%   0.656 CG:3    +
   45    73  0   0.0%   0.314 AU:3    +
   35    53  0   0.0%   0.473 UG:3    +
   31    42  0   0.0%   0.233 GC:3    +
   28    53  0   0.0%   0.682 CG:3    +
    3    61  0   0.0%   0.029 AU:3    +
   54    63  0   0.0%   1.501 UG:3    +
   64    77  0   0.0%   0.258 UA:3    +
   46    55  0   0.0%   0.608 UA:3    +
   38    46  0   0.0%   0.008 AU:3    +
   52    56  0   0.0%   1.327 GC:3    +
    3     8  0   0.0%   0.002 AU:3    +
   46    72  0   0.0%   0.637 UG:3    +
   53    61  0   0.0%   1.664 GU:3    +
   45    70  0   0.0%   0.260 AU:3    +
    4    60  0   0.0%   0.296 AU:3    +
    1    53  0   0.0%   0.040 UG:3    +
   41    48  0   0.0%   0.387 AU:3    +
    2    30  0   0.0%   0.008 CG:3    +
    4    35  0   0.0%   0.294 AU:3    +
   49    53  0   0.0%   1.357 CG:3    +
   52    59  0   0.0%   1.552 GU:3    +
   44    63  0   0.0%   0.883 CG:3    +
    2     9  0   0.0%   0.005 CG:3    +
   71    76  0   0.0%   0.115 UA:3    +
    3    60  0   0.0%   0.028 AU:3    +
   43    48  0   0.0%   0.384 AU:3    +
   63    70  0   0.0%   0.345 GU:3    +
   17    21  0   0.0%   0.043 UA:3    +
   62    71  0   0.0%   0.328 AU:3    +
    4    59  0   0.0%   0.295 AU:3    +
   53    58  0   0.0%   2.285 GU:3    +
   42    63  0   0.0%   0.562 CG:3    +
    1    78  0   0.0%   0.050 UA:3    +
   36    48  0   0.0%   0.052 AU:3    +
   50    74  0   0.0%   0.077 CG:3    +
   64    69  0   0.0%   0.056 UA:3    +
    7    56  0   0.0%   0.283 GC:3    +
   30    44  0   0.0%   0.047 GC:3    +
   58    76  0   0.0%   0.996 UA:3    +
   50    72  0   0.0%   0.070 CG:3    +
    8    55  0   0.0%   0.227 UA:3    +
   70    77  0   0.0%   0.089 UA:3    +
   49    72  0   0.0%   0.094 CG:3    +
   40    61  0   0.0%   0.816 AU:3    +
    5    77  0   0.0%   0.265 UA:3    +
    5    76  0   0.0%   0.264 UA:3    +
   41    60  0   0.0%   0.818 AU:3    +
   61    72  0   0.0%   0.402 UG:3    +
    1    31  0   0.0%   0.002 UG:3    +
    1    38  0   0.0%   0.033 UA:3    +
   37    46  0   0.0%   0.008 AU:3    +
   35    40  0   0.0%   0.024 UA:3    +
    7    27  0   0.0%   0.013 GC:3    +
   30    42  0   0.0%   0.046 GC:3    +
    8    77  0   0.0%   0.234 UA:3    +
    8    76  0   0.0%   0.233 UA:3    +
    1    18  0   0.0%   0.001 UG:3    +
    7    73  0   0.0%   0.293 GU:3    +
   28    72  0   0.0%   0.661 CG:3    +
   33    62  0   0.0%   0.619 UA:3    +
   49    63  0   0.0%   0.352 CG:3    +
   35    41  0   0.0%   0.010 UA:3    +
   43    64  0   0.0%   0.389 AU:3    +
   71    77  0   0.0%   0.116 UA:3    +
   30    49  0   0.0%   0.051 GC:3    +
   41    64  0   0.0%   0.321 AU:3    +
   29    71  0   0.0%   0.548 AU:3    +
   29    60  0   0.0%   0.538 AU:3    +
   39    46  0   0.0%   0.029 GU:3    +
   58    63  0   0.0%   1.321 UG:3    +
   29    61  0   0.0%   0.538 AU:3    +
   36    46  0   0.0%   0.026 AU:3    +
   59    63  0   0.0%   0.934 UG:3    +
   48    53  0   0.0%   1.702 UG:3    +
   55    60  0   0.0%   0.527 AU:3    +
   59    75  0   0.0%   0.616 UA:3    +
   31    67  0   0.0%   0.619 GC:3    +
   30    34  0   0.0%   0.046 GC:3    +
   30    68  0   0.0%   0.427 GU:3    +
    3    59  0   0.0%   0.027 AU:3    +
   29    35  0   0.0%   0.234 AU:3    +
    5    78  0   0.0%   0.263 UA:3    +
   30    70  0   0.0%   0.422 GU:3    +
    8    32  0   0.0%   0.448 UA:3    +
   56    72  0   0.0%   0.450 CG:3    +
    4    61  0   0.0%   0.296 AU:3    +
   55    73  0   0.0%   0.071 AU:3    +
    7    33  0   0.0%   0.559 GU:3    +
   47    72  0   0.0%   0.654 CG:3    +
    6    72  0   0.0%   0.266 CG:3    +
   30    65  0   0.0%   0.407 GC:3    +
   33    52  0   0.0%   0.329 UG:3    +
   70    78  0   0.0%   0.068 UA:3    +
   39    54  0   0.0%   0.721 GU:3    +
    9    54  0   0.0%   0.673 GU:3    +
   48    55  0   0.0%   0.412 UA:3    +
    5    63  0   0.0%   0.258 UG:3    +
    4     8  0   0.0%   0.001 AU:3    +
   42    72  0   0.0%   0.278 CG:3    +
    2    53  0   0.0%   0.026 CG:3    +
   31    64  0   0.0%   0.589 GU:3    +
   64    78  0   0.0%   0.238 UA:3    +
   11    63  0   0.0%   0.005 CG:3    +
   41    73  0   0.0%   0.311 AU:3    +
   54    74  0   0.0%   1.266 UG:3    +
   30    47  0   0.0%   0.047 GC:3    +
   43    71  0   0.0%   0.379 AU:3    +
    8    26  0   0.0%   0.001 UA:3    +
    1    62  0   0.0%   0.039 UA:3    +
   29    48  0   0.0%   0.226 AU:3    +
   21    59  0   0.0%   0.041 AU:3    +
    8    78  0   0.0%   0.232 UA:3    +
   23    52  0   0.0%   0.011 CG:3    +
   22    53  0   0.0%   0.014 UG:3    +
   24    51  0   0.0%   0.009 GC:3    +
    1    39  0   0.0%   0.032 UG:3    +
   55    59  0   0.0%   0.611 AU:3    +
   38    54  0   0.0%   0.657 AU:3    +
   25    50  0   0.0%   0.002 GC:3    +
    1    63  0   0.0%   0.039 UG:3    +
    5    72  0   0.0%   0.266 UG:3    +
    4    64  0   0.0%   0.295 AU:3    +
   68    72  0   0.0%   0.088 UG:3    +
   46    77  0   0.0%   0.606 UA:3    +
    9    56  0   0.0%   0.665 GC:3    +
    1     7  0   0.0%   0.000 UG:3    +
   20    60  0   0.0%   0.285 AU:3    +
   60    74  0   0.0%   0.561 UG:3    +
    7    57  0   0.0%   0.282 GC:3    +
   59    74  0   0.0%   0.646 UG:3    +
   37    54  0   0.0%   0.340 AU:3    +
   35    39  0   0.0%   0.026 UG:3    +
   10    55  0   0.0%   0.007 UA:3    +
   58    75  0   0.0%   1.002 UA:3    +
    1    20  0   0.0%   0.001 UA:3    +
   19    55  0   0.0%   0.001 UA:3    +
   18    56  0   0.0%   0.004 GC:3    +
    4    58  0   0.0%   0.293 AU:3    +
    1    74  0   0.0%   0.039 UG:3    +
   45    61  0   0.0%   0.604 AU:3    +
    4    73  0   0.0%   0.305 AU:3    +
   18    23  0   0.0%   0.005 GC:3    +
   31    59  0   0.0%   0.593 GU:3    +
   21    54  0   0.0%   0.048 AU:3    +
   35    76  0   0.0%   0.343 UA:3    +
   45    59  0   0.0%   0.853 AU:3    +
   33    41  0   0.0%   0.294 UA:3    +
   30    60  0   0.0%   0.412 GU:3    +
   35    77  0   0.0%   0.343 UA:3    +
   64    74  0   0.0%   0.086 UG:3    +
    7    44  0   0.0%   0.274 GC:3    +
    8    43  0   0.0%   0.225 UA:3    +
    5    62  0   0.0%   0.255 UA:3    +
   31    46  0   0.0%   0.231 GU:3    +
   59    66  0   0.0%   0.625 UA:3    +
   10    63  0   0.0%   0.010 UG:3    +
   45    60  0   0.0%   0.766 AU:3    +
   32    58  0   0.0%   0.866 AU:3    +
   45    58  0   0.0%   1.228 AU:3    +
   33    76  0   0.0%   0.624 UA:3    +
   33    77  0   0.0%   0.624 UA:3    +
    8    69  0   0.0%   0.235 UA:3    +
    7    71  0   0.0%   0.292 GU:3    +
    8    62  0   0.0%   0.226 UA:3    +
   63    73  0   0.0%   0.369 GU:3    +
    8    31  0   0.0%   0.455 UG:3    +
   33    38  0   0.0%   0.286 UA:3    +
   71    78  0   0.0%   0.095 UA:3    +
    7    70  0   0.0%   0.292 GU:3    +
   43    59  0   0.0%   0.972 AU:3    +
   17    62  0   0.0%   0.003 UA:3    +
    6    39  0   0.0%   0.258 CG:3    +
   18    61  0   0.0%   0.005 GU:3    +
    8    75  0   0.0%   0.237 UA:3    +
   24    56  0   0.0%   0.003 GC:3    +
   33    43  0   0.0%   0.294 UA:3    +
   31    44  0   0.0%   0.232 GC:3    +
   57    74  0   0.0%   0.638 CG:3    +
    3    64  0   0.0%   0.028 AU:3    +
    8    72  0   0.0%   0.236 UG:3    +
    3    58  0   0.0%   0.026 AU:3    +
   17    63  0   0.0%   0.007 UG:3    +
   20    54  0   0.0%   0.291 AU:3    +
    5    40  0   0.0%   0.253 UA:3    +
   73    78  0   0.0%   0.107 UA:3    +
   36    64  0   0.0%   0.445 AU:3    +
   54    76  0   0.0%   1.227 UA:3    +
   26    61  0   0.0%   0.029 AU:3    +
    9    42  0   0.0%   0.664 GC:3    +
    4    71  0   0.0%   0.305 AU:3    +
   63    71  0   0.0%   0.370 GU:3    +
   39    65  0   0.0%   1.158 GC:3    +
   68    74  0   0.0%   0.091 UG:3    +
   27    63  0   0.0%   0.320 CG:3    +
   30    59  0   0.0%   0.409 GU:3    +
    3    54  0   0.0%   0.026 AU:3    +
   36    58  0   0.0%   0.326 AU:3    +
    7    61  0   0.0%   0.283 GU:3    +
    7    42  0   0.0%   0.274 GC:3    +
    8    41  0   0.0%   0.225 UA:3    +
   69    73  0   0.0%   0.066 AU:3    +
   33    39  0   0.0%   0.293 UG:3    +
   70    76  0   0.0%   0.086 UA:3    +
   14    60  0   0.0%   0.015 AU:3    +
   57    72  0   0.0%   0.635 CG:3    +
   46    76  0   0.0%   0.606 UA:3    +
   13    61  0   0.0%   0.011 GU:3    +
   48    76  0   0.0%   0.414 UA:3    +
   40    64  0   0.0%   0.480 AU:3    +
   60    69  0   0.0%   0.532 UA:3    +
   71    75  0   0.0%   0.185 UA:3    +
   31    58  0   0.0%   0.891 GU:3    +
   20    59  0   0.0%   0.284 AU:3    +
   48    66  0   0.0%   0.410 UA:3    +
   41    61  0   0.0%   0.655 AU:3    +
   31    60  0   0.0%   0.595 GU:3    +
   34    74  0   0.0%   0.665 CG:3    +
   46    63  0   0.0%   0.891 UG:3    +
   68    75  0   0.0%   0.179 UA:3    +
   21    58  0   0.0%   0.040 AU:3    +
   51    74  0   0.0%   0.060 CG:3    +
   58    72  0   0.0%   1.030 UG:3    +
   56    74  0   0.0%   0.452 CG:3    +
   48    72  0   0.0%   0.442 UG:3    +
   32    59  0   0.0%   0.568 AU:3    +
    7    59  0   0.0%   0.283 GU:3    +
   37    64  0   0.0%   0.523 AU:3    +
   33    78  0   0.0%   0.622 UA:3    +
   33    37  0   0.0%   0.287 UA:3    +
    1    55  0   0.0%   0.039 UA:3    +
    7    60  0   0.0%   0.283 GU:3    +
   58    66  0   0.0%   1.012 UA:3    +
   28    39  0   0.0%   0.637 CG:3    +
   68    77  0   0.0%   0.107 UA:3    +
   30    61  0   0.0%   0.411 GU:3    +
    1    29  0   0.0%   0.001 UA:3    +
   31    61  0   0.0%   0.595 GU:3    +
   45    64  0   0.0%   0.269 AU:3    +
   33    75  0   0.0%   0.628 UA:3    +
   14    19  0   0.0%   0.009 AU:3    +
   48    63  0   0.0%   0.699 UG:3    +
   59    69  0   0.0%   0.617 UA:3    +
   43    61  0   0.0%   0.723 AU:3    +
    6    53  0   0.0%   0.268 CG:3    +
    9    50  0   0.0%   0.664 GC:3    +
   32    61  0   0.0%   0.570 AU:3    +
   32    60  0   0.0%   0.570 AU:3    +
    8    63  0   0.0%   0.229 UG:3    +
   31    48  0   0.0%   0.240 GU:3    +
   35    78  0   0.0%   0.341 UA:3    +
   10    41  0   0.0%   0.006 UA:3    +
   46    62  0   0.0%   0.872 UA:3    +
   35    75  0   0.0%   0.347 UA:3    +
    9    67  0   0.0%   0.671 GC:3    +
   43    60  0   0.0%   0.886 AU:3    +
    1    41  0   0.0%   0.038 UA:3    +
   64    72  0   0.0%   0.081 UG:3    +
   52    73  0   0.0%   1.015 GU:3    +
    4    10  0   0.0%   0.000 AU:3    +
   16    63  0   0.0%   0.285 UG:3    +
    5     9  0   0.0%   0.001 UG:3    +
   31    51  0   0.0%   0.277 GC:3    +
   30    35  0   0.0%   0.054 GU:3    +
   30    64  0   0.0%   0.405 GU:3    +
    9    57  0   0.0%   0.665 GC:3    +
   31    54  0   0.0%   0.292 GU:3    +
    3    46  0   0.0%   0.026 AU:3    +
   10    66  0   0.0%   0.010 UA:3    +
   14    64  0   0.0%   0.014 AU:3    +
   39    67  0   0.0%   1.156 GC:3    +
   15    63  0   0.0%   0.059 UG:3    +
   33    66  0   0.0%   0.624 UA:3    +
   70    75  0   0.0%   0.159 UA:3    +
   17    24  0   0.0%   0.004 UG:3    +
   38    68  0   0.0%   0.935 AU:3    +
   37    71  0   0.0%   0.513 AU:3    +
    9    49  0   0.0%   0.664 GC:3    +
   26    48  0   0.0%   0.006 AU:3    +
    7    34  0   0.0%   0.274 GC:3    +
    3    48  0   0.0%   0.026 AU:3    +
   13    65  0   0.0%   0.013 GC:3    +
    7    50  0   0.0%   0.274 GC:3    +
    5    36  0   0.0%   0.267 UA:3    +
   62    70  0   0.0%   0.301 AU:3    +
   13    71  0   0.0%   0.016 GU:3    +
   54    78  0   0.0%   1.225 UA:3    +
   12    72  0   0.0%   0.015 CG:3    +
   14    70  0   0.0%   0.019 AU:3    +
   52    70  0   0.0%   0.984 GU:3    +
   68    76  0   0.0%   0.106 UA:3    +
   29    54  0   0.0%   0.250 AU:3    +
   16    25  0   0.0%   0.283 UG:3    +
   38    70  0   0.0%   0.932 AU:3    +
   15    69  0   0.0%   0.061 UA:3    +
   66    70  0   0.0%   0.033 AU:3    +
   36    71  0   0.0%   0.436 AU:3    +
   25    49  0   0.0%   0.001 GC:3    +
   21    61  0   0.0%   0.052 AU:3    +
   38    64  0   0.0%   0.941 AU:3    +
   11    31  0   0.0%   0.232 CG:3    +
   12    30  0   0.0%   0.055 CG:3    +
    7    58  0   0.0%   0.282 GU:3    +
   26    64  0   0.0%   0.023 AU:3    +
   54    77  0   0.0%   1.227 UA:3    +
   10    32  0   0.0%   0.228 UA:3    +
   11    74  0   0.0%   0.009 CG:3    +
   29    33  0   0.0%   0.510 AU:3    +
...(((.(((((((((...))))))).)).)))((((((...((........))...))))))((((....))))...
