3 sequence; length of alignment 71
alifold output
   14    60  0  99.7%   0.016 CG:3   
   21    53  0  99.7%   0.027 GC:3   
   15    59  0  99.6%   0.013 GC:3   
   22    52  0  99.6%   0.028 UA:3   
   23    51  0  99.4%   0.044 CG:3   
    4    67  0  99.2%   0.026 GC:3   
    3    68  0  99.1%   0.028 GC:3   
   13    61  0  99.0%   0.036 GU:3   
    5    66  0  95.8%   0.125 UA:3   
   16    58  0  95.8%   0.125 AU:3   
   12    62  0  94.8%   0.166 CG:3   
   20    54  0  93.6%   0.193 AU:3   
    6    65  0  91.7%   0.241 GC:3   
   10    64  0  87.2%   0.368 GC:3   
   27    43  0  87.0%   0.365 GC:3   
   24    50  0  87.0%   0.560 UG:3   
   28    42  0  86.9%   0.366 AU:3   
   26    44  0  85.9%   0.391 CG:3   
   29    41  0  85.8%   0.396 UA:3   
   31    39  0  84.3%   0.432 CG:3   
   32    38  0  78.4%   0.584 UA:3   
    2    69  0  63.7%   0.935 UG:3   
   25    46  0  25.5%   1.046 AU:3    +
   31    44  0  11.7%   1.136 CG:3    +
   30    45  0  11.7%   0.799 GC:3    +
   35    40  0  10.2%   0.878 CG:3    +
   34    41  0  10.0%   1.012 UA:3    +
   11    64  0   9.1%   0.786 GC:3    +
   10    65  0   7.8%   0.808 GC:3    +
   24    47  0   7.1%   0.572 UG:3    +
   12    63  0   4.8%   0.506 CG:3    +
    9    66  0   3.8%   0.420 UA:3    +
   33    40  0   2.4%   0.379 CG:3    +
   32    41  0   2.2%   0.659 UA:3    +
   34    39  0   2.0%   0.490 UG:3    +
    1    69  0   1.8%   0.218 CG:3    +
   31    40  0   1.7%   0.357 CG:3    +
   28    46  0   1.7%   0.725 AU:3    +
   26    47  0   1.5%   0.516 CG:3    +
   32    39  0   1.4%   0.522 UG:3    +
   27    48  0   1.0%   0.318 GC:3    +
   27    46  0   1.0%   0.616 GU:3    +
   30    43  0   0.9%   0.246 GC:3    +
   29    44  0   0.8%   0.381 UG:3    +
   27    49  0   0.7%   0.330 GC:3    +
   26    50  0   0.6%   0.411 CG:3    +
   33    39  0   0.5%   0.284 CG:3    +
   34    38  0   0.4%   0.261 UA:3    +
    2    70  0   0.3%   0.344 UA:3    +
   27    59  0   0.2%   0.305 GC:3    +
   28    58  0   0.2%   0.282 AU:3    +
   26    60  0   0.2%   0.270 CG:3    +
   29    57  0   0.2%   0.223 UA:3    +
   30    56  0   0.2%   0.341 GC:3    +
   25    61  0   0.2%   0.403 AU:3    +
   32    40  0   0.2%   0.373 UG:3    +
   35    51  0   0.2%   0.287 CG:3    +
   36    50  0   0.2%   0.202 CG:3    +
   34    52  0   0.2%   0.380 UA:3    +
   24    62  0   0.2%   0.402 UG:3    +
   32    37  0   0.2%   0.032 UA:3    +
   12    21  0   0.2%   0.031 CG:3    +
   11    22  0   0.2%   0.030 GU:3    +
   23    47  0   0.1%   0.036 CG:3    +
   23    63  0   0.1%   0.205 CG:3    +
   10    23  0   0.1%   0.023 GC:3    +
   29    47  0   0.1%   0.455 UG:3    +
   23    50  0   0.1%   0.039 CG:3    +
   40    48  0   0.1%   0.486 GC:3    +
   39    49  0   0.1%   0.379 GC:3    +
    6    68  0   0.1%   0.113 GC:3    +
   17    58  0   0.1%   0.058 AU:3    +
   19    54  0   0.1%   0.018 AU:3    +
   39    45  0   0.1%   0.584 GC:3    +
    5    70  0   0.1%   0.080 UA:3    +
   38    46  0   0.1%   0.695 AU:3    +
    4    71  0   0.1%   0.027 GU:3    +
   27    45  0   0.1%   0.136 GC:3    +
   14    21  0   0.1%   0.024 CG:3    +
   40    45  0   0.1%   0.682 GC:3    +
   39    46  0   0.1%   0.801 GU:3    +
   31    47  0   0.1%   0.745 CG:3    +
   45    50  0   0.1%   0.452 CG:3    +
   13    22  0   0.1%   0.023 GU:3    +
   30    48  0   0.1%   0.354 GC:3    +
    5    69  0   0.0%   0.413 UG:3    +
   35    39  0   0.0%   0.319 CG:3    +
    4    68  0   0.0%   0.027 GC:3    +
    6    67  0   0.0%   0.097 GC:3    +
   22    51  0   0.0%   0.023 UG:3    +
   21    64  0   0.0%   0.365 GC:3    +
   48    63  0   0.0%   0.226 CG:3    +
   49    62  0   0.0%   0.117 CG:3    +
   47    64  0   0.0%   0.620 GC:3    +
   50    61  0   0.0%   0.210 GU:3    +
    9    63  0   0.0%   0.008 UG:3    +
   51    59  0   0.0%   0.048 GC:3    +
   33    51  0   0.0%   0.130 CG:3    +
   32    52  0   0.0%   0.367 UA:3    +
   52    58  0   0.0%   0.085 AU:3    +
   34    50  0   0.0%   0.497 UG:3    +
    3    65  0   0.0%   0.004 GC:3    +
    4    64  0   0.0%   0.005 GC:3    +
    5    63  0   0.0%   0.004 UG:3    +
   34    40  0   0.0%   0.280 UG:3    +
    1     6  0   0.0%   0.003 CG:3    +
   39    48  0   0.0%   0.378 GC:3    +
    2    66  0   0.0%   0.004 UA:3    +
   23    62  0   0.0%   0.085 CG:3    +
   22    63  0   0.0%   0.173 UG:3    +
   18    54  0   0.0%   0.003 AU:3    +
   44    49  0   0.0%   0.468 GC:3    +
   11    61  0   0.0%   0.014 GU:3    +
   50    56  0   0.0%   0.196 GC:3    +
   12    60  0   0.0%   0.014 CG:3    +
   51    55  0   0.0%   0.027 GC:3    +
   13    59  0   0.0%   0.008 GC:3    +
   11    48  0   0.0%   0.012 GC:3    +
   10    49  0   0.0%   0.010 GC:3    +
   12    47  0   0.0%   0.013 CG:3    +
   21    49  0   0.0%   0.018 GC:3    +
   41    46  0   0.0%   0.923 AU:3    +
   33    44  0   0.0%   0.539 CG:3    +
   14    44  0   0.0%   0.007 CG:3    +
   15    43  0   0.0%   0.002 GC:3    +
   13    45  0   0.0%   0.006 GC:3    +
    9    50  0   0.0%   0.002 UG:3    +
   18    58  0   0.0%   0.050 AU:3    +
    9    62  0   0.0%   0.003 UG:3    +
    3    56  0   0.0%   0.002 GC:3    +
    4    55  0   0.0%   0.002 GC:3    +
   59    69  0   0.0%   0.385 CG:3    +
   60    68  0   0.0%   0.038 GC:3    +
   16    42  0   0.0%   0.002 AU:3    +
   58    70  0   0.0%   0.089 UA:3    +
   62    67  0   0.0%   0.081 GC:3    +
    5    13  0   0.0%   0.001 UG:3    +
    6    12  0   0.0%   0.002 GC:3    +
    4    14  0   0.0%   0.001 GC:3    +
   22    41  0   0.0%   0.016 UA:3    +
   23    40  0   0.0%   0.010 CG:3    +
   24    39  0   0.0%   0.002 UG:3    +
   30    46  0   0.0%   0.758 GU:3    +
   30    36  0   0.0%   0.001 GC:3    +
   11    23  0   0.0%   0.019 GC:3    +
    2    57  0   0.0%   0.002 UA:3    +
   10    24  0   0.0%   0.009 GU:3    +
   36    40  0   0.0%   0.409 CG:3    +
   27    35  0   0.0%   0.001 GC:3    +
   30    42  0   0.0%   0.124 GU:3    +
   14    62  0   0.0%   0.061 CG:3    +
   28    34  0   0.0%   0.001 AU:3    +
    6    53  0   0.0%   0.002 GC:3    +
    2    16  0   0.0%   0.001 UA:3    +
   15    23  0   0.0%   0.009 GC:3    +
   21    48  0   0.0%   0.017 GC:3    +
   17    54  0   0.0%   0.001 AU:3    +
   42    47  0   0.0%   0.395 UG:3    +
    9    25  0   0.0%   0.001 UA:3    +
   29    37  0   0.0%   0.001 UA:3    +
   16    22  0   0.0%   0.015 AU:3    +
   45    63  0   0.0%   0.429 CG:3    +
   46    62  0   0.0%   0.542 UG:3    +
   47    61  0   0.0%   0.298 GU:3    +
   21    65  0   0.0%   0.303 GC:3    +
   44    64  0   0.0%   0.764 GC:3    +
    3    71  0   0.0%   0.011 GU:3    +
   44    48  0   0.0%   0.483 GC:3    +
   27    36  0   0.0%   0.001 GC:3    +
   29    40  0   0.0%   0.001 UG:3    +
   57    71  0   0.0%   0.021 AU:3    +
   48    60  0   0.0%   0.079 CG:3    +
    3    67  0   0.0%   0.002 GC:3    +
   15    55  0   0.0%   0.002 GC:3    +
   15    61  0   0.0%   0.016 GU:3    +
   36    47  0   0.0%   0.273 CG:3    +
    2     7  0   0.0%   0.001 UA:3    +
   24    51  0   0.0%   0.318 UG:3    +
   27    33  0   0.0%   0.001 GC:3    +
   46    50  0   0.0%   0.654 UG:3    +
   53    60  0   0.0%   0.023 CG:3    +
   19    58  0   0.0%   0.053 AU:3    +
   37    46  0   0.0%   0.476 AU:3    +
   16    54  0   0.0%   0.001 AU:3    +
   28    32  0   0.0%   0.001 AU:3    +
   22    47  0   0.0%   0.016 UG:3    +
   21    42  0   0.0%   0.016 GU:3    +
    6    64  0   0.0%   0.003 GC:3    +
   52    61  0   0.0%   0.047 AU:3    +
   50    59  0   0.0%   0.198 GC:3    +
    2     8  0   0.0%   0.001 UA:3    +
   40    46  0   0.0%   0.887 GU:3    +
   35    44  0   0.0%   0.658 CG:3    +
   56    62  0   0.0%   0.085 CG:3    +
   55    63  0   0.0%   0.163 CG:3    +
   13    23  0   0.0%   0.013 GC:3    +
   45    51  0   0.0%   0.294 CG:3    +
   10    68  0   0.0%   0.346 GC:3    +
   11    67  0   0.0%   0.241 GC:3    +
   43    50  0   0.0%   0.337 CG:3    +
    9    16  0   0.0%   0.001 UA:3    +
   10    14  0   0.0%   0.001 GC:3    +
    8    24  0   0.0%   0.000 AU:3    +
   10    59  0   0.0%   0.009 GC:3    +
    9    60  0   0.0%   0.001 UG:3    +
   35    50  0   0.0%   0.397 CG:3    +
   40    49  0   0.0%   0.463 GC:3    +
   11    58  0   0.0%   0.012 GU:3    +
   13    56  0   0.0%   0.006 GC:3    +
    8    61  0   0.0%   0.001 AU:3    +
   29    38  0   0.0%   0.001 UA:3    +
   10    56  0   0.0%   0.010 GC:3    +
   11    55  0   0.0%   0.012 GC:3    +
    9    57  0   0.0%   0.002 UA:3    +
   21    31  0   0.0%   0.015 GC:3    +
    9    18  0   0.0%   0.000 UA:3    +
   40    55  0   0.0%   0.420 GC:3    +
   32    44  0   0.0%   0.780 UG:3    +
   57    61  0   0.0%   0.042 AU:3    +
   41    54  0   0.0%   0.516 AU:3    +
   39    56  0   0.0%   0.344 GC:3    +
   21    54  0   0.0%   0.088 GU:3    +
    7    61  0   0.0%   0.000 AU:3    +
   20    32  0   0.0%   0.000 AU:3    +
    8    58  0   0.0%   0.000 AU:3    +
   13    46  0   0.0%   0.005 GU:3    +
   15    58  0   0.0%   0.001 GU:3    +
   43    51  0   0.0%   0.187 CG:3    +
   42    52  0   0.0%   0.141 UA:3    +
   36    44  0   0.0%   0.423 CG:3    +
   49    60  0   0.0%   0.063 CG:3    +
   23    39  0   0.0%   0.009 CG:3    +
   24    38  0   0.0%   0.001 UA:3    +
   51    58  0   0.0%   0.087 GU:3    +
   21    45  0   0.0%   0.016 GC:3    +
   13    64  0   0.0%   0.354 GC:3    +
   20    46  0   0.0%   0.000 AU:3    +
   23    27  0   0.0%   0.009 CG:3    +
   22    28  0   0.0%   0.015 UA:3    +
   21    55  0   0.0%   0.020 GC:3    +
   22    40  0   0.0%   0.015 UG:3    +
   30    35  0   0.0%   0.001 GC:3    +
   51    56  0   0.0%   0.041 GC:3    +
   14    63  0   0.0%   0.159 CG:3    +
   21    67  0   0.0%   0.033 GC:3    +
   22    30  0   0.0%   0.015 UG:3    +
   21    29  0   0.0%   0.015 GU:3    +
    4    12  0   0.0%   0.000 GC:3    +
    5    11  0   0.0%   0.000 UG:3    +
    9    69  0   0.0%   0.492 UG:3    +
   22    66  0   0.0%   0.189 UA:3    +
   62    68  0   0.0%   0.087 GC:3    +
   23    30  0   0.0%   0.009 CG:3    +
   63    67  0   0.0%   0.172 GC:3    +
    9    15  0   0.0%   0.000 UG:3    +
   43    47  0   0.0%   0.435 CG:3    +
    9    17  0   0.0%   0.000 UA:3    +
   30    49  0   0.0%   0.334 GC:3    +
   22    50  0   0.0%   0.016 UG:3    +
   24    44  0   0.0%   0.002 UG:3    +
    8    71  0   0.0%   0.005 AU:3    +
   30    55  0   0.0%   0.298 GC:3    +
   47    56  0   0.0%   0.288 GC:3    +
   34    44  0   0.0%   0.756 UG:3    +
   12    30  0   0.0%   0.011 CG:3    +
   11    31  0   0.0%   0.011 GC:3    +
   15    56  0   0.0%   0.002 GC:3    +
   14    27  0   0.0%   0.005 CG:3    +
   15    26  0   0.0%   0.000 GC:3    +
   13    29  0   0.0%   0.005 GU:3    +
   10    61  0   0.0%   0.009 GU:3    +
   39    43  0   0.0%   0.475 GC:3    +
    4    48  0   0.0%   0.001 GC:3    +
    3    49  0   0.0%   0.000 GC:3    +
    2    50  0   0.0%   0.001 UG:3    +
   46    57  0   0.0%   0.490 UA:3    +
    1    51  0   0.0%   0.001 CG:3    +
   61    69  0   0.0%   0.391 UG:3    +
    5    47  0   0.0%   0.001 UG:3    +
   50    55  0   0.0%   0.179 GC:3    +
   22    44  0   0.0%   0.016 UG:3    +
   37    42  0   0.0%   0.133 AU:3    +
    9    19  0   0.0%   0.000 UA:3    +
   29    50  0   0.0%   0.338 UG:3    +
   34    51  0   0.0%   0.345 UG:3    +
    3    14  0   0.0%   0.000 GC:3    +
   13    65  0   0.0%   0.296 GC:3    +
   42    51  0   0.0%   0.146 UG:3    +
    9    21  0   0.0%   0.000 UG:3    +
    6    71  0   0.0%   0.095 GU:3    +
    9    20  0   0.0%   0.000 UA:3    +
    3     9  0   0.0%   0.000 GU:3    +
    8    22  0   0.0%   0.000 AU:3    +
   26    40  0   0.0%   0.000 CG:3    +
   10    32  0   0.0%   0.008 GU:3    +
   11    65  0   0.0%   0.510 GC:3    +
    3    36  0   0.0%   0.000 GC:3    +
    4    35  0   0.0%   0.001 GC:3    +
   24    63  0   0.0%   0.481 UG:3    +
   36    51  0   0.0%   0.038 CG:3    +
    9    70  0   0.0%   0.152 UA:3    +
   26    51  0   0.0%   0.232 CG:3    +
   43    69  0   0.0%   0.526 CG:3    +
   29    39  0   0.0%   0.001 UG:3    +
   44    68  0   0.0%   0.440 GC:3    +
   42    70  0   0.0%   0.147 UA:3    +
    6    33  0   0.0%   0.001 GC:3    +
    2    15  0   0.0%   0.000 UG:3    +
.(((((...(.(((((...(((((.((((.((.....)).)))).....)))))...))))).))))))..
