3 sequence; length of alignment 34
alifold output
   18    25  0  70.7%   0.870 GC:3   
   19    24  0  70.2%   1.326 CG:3   
   17    26  0  69.9%   1.173 CG:3   
   12    31  0  60.5%   1.768 CG:3   
   11    32  0  58.8%   1.818 AU:3   
   10    33  0  51.2%   1.864 GU:3   
   13    30  0  45.1%   1.945 UG:3   
   11    27  0  23.1%   1.266 AU:3    +
   10    28  0  23.0%   1.187 GU:3    +
   12    26  0  23.0%   1.210 CG:3    +
    9    29  0  22.9%   1.103 AU:3    +
    8    30  0  22.4%   1.032 UG:3    +
   14    23  0  22.2%   1.280 CG:3    +
   13    24  0  21.5%   1.261 UG:3    +
   15    22  0  21.3%   1.031 AU:3    +
   14    30  0  18.9%   2.177 CG:3    +
   15    29  0  18.3%   1.900 AU:3    +
    7    31  0  17.8%   1.191 UG:3    +
    5    33  0  16.8%   1.241 GU:3    +
    4    34  0  15.9%   1.210 GC:3    +
    6    32  0  15.1%   1.173 GU:3    +
   15    28  0  13.4%   1.505 AU:3    +
    6    12  0   5.3%   0.507 GC:3    +
    5    13  0   5.3%   0.518 GU:3    +
    4    14  0   5.1%   0.485 GC:3    +
    7    11  0   4.3%   0.465 UA:3    +
   13    31  0   4.3%   1.889 UG:3    +
   10    34  0   3.8%   1.542 GC:3    +
    6    19  0   3.5%   0.527 GC:3    +
    5    20  0   3.5%   0.554 GC:3    +
    7    18  0   3.3%   0.479 UG:3    +
   11    33  0   3.2%   1.889 AU:3    +
    4    21  0   3.0%   0.498 GU:3    +
    3    10  0   2.1%   0.259 CG:3    +
   19    31  0   2.1%   1.380 CG:3    +
   20    30  0   2.1%   1.419 CG:3    +
   18    32  0   1.9%   1.215 GU:3    +
    9    16  0   1.4%   0.201 AU:3    +
    2    11  0   1.4%   0.195 UA:3    +
   10    17  0   1.4%   0.282 GC:3    +
    2    23  0   1.4%   0.267 UG:3    +
    1    24  0   1.4%   0.217 CG:3    +
   11    16  0   1.1%   0.405 AU:3    +
   25    31  0   1.0%   1.242 CG:3    +
   24    32  0   0.9%   1.530 GU:3    +
    3    23  0   0.9%   0.275 CG:3    +
    4    22  0   0.5%   0.373 GU:3    +
    5    12  0   0.5%   0.090 GC:3    +
   23    33  0   0.5%   1.325 GU:3    +
    2    24  0   0.5%   0.271 UG:3    +
    4    13  0   0.4%   0.068 GU:3    +
   14    24  0   0.3%   0.975 CG:3    +
   15    27  0   0.3%   0.738 AU:3    +
    1    10  0   0.3%   0.066 CG:3    +
    2     9  0   0.3%   0.051 UA:3    +
    5    34  0   0.2%   0.970 GC:3    +
    5    21  0   0.2%   0.456 GU:3    +
    6    20  0   0.2%   0.446 GC:3    +
   17    23  0   0.2%   0.550 CG:3    +
   12    30  0   0.2%   0.912 CG:3    +
    1    23  0   0.2%   0.063 CG:3    +
    6    33  0   0.2%   0.931 GU:3    +
   16    24  0   0.1%   0.585 UG:3    +
    6    25  0   0.1%   0.326 GC:3    +
    7    24  0   0.1%   0.360 UG:3    +
    6    34  0   0.1%   0.935 GC:3    +
    8    23  0   0.1%   0.139 UG:3    +
    1     6  0   0.1%   0.028 CG:3    +
    5    32  0   0.1%   0.353 GU:3    +
    9    33  0   0.1%   0.761 AU:3    +
    9    22  0   0.1%   0.128 AU:3    +
    1     5  0   0.1%   0.019 CG:3    +
    3    30  0   0.1%   0.149 CG:3    +
   10    32  0   0.1%   0.818 GU:3    +
    4    33  0   0.1%   0.345 GU:3    +
    4    12  0   0.1%   0.017 GC:3    +
   18    22  0   0.1%   0.498 GU:3    +
   19    26  0   0.1%   0.985 CG:3    +
   18    27  0   0.1%   0.747 GU:3    +
    4    27  0   0.1%   0.332 GU:3    +
   10    21  0   0.1%   0.297 GU:3    +
    1    26  0   0.1%   0.113 CG:3    +
    2    31  0   0.1%   0.180 UG:3    +
    2    15  0   0.1%   0.088 UA:3    +
    4    29  0   0.0%   0.335 GU:3    +
   25    30  0   0.0%   1.385 CG:3    +
    4    20  0   0.0%   0.192 GC:3    +
   20    24  0   0.0%   0.850 CG:3    +
    5    19  0   0.0%   0.203 GC:3    +
   16    31  0   0.0%   0.893 UG:3    +
   10    20  0   0.0%   0.305 GC:3    +
   19    23  0   0.0%   0.597 CG:3    +
    1    30  0   0.0%   0.114 CG:3    +
    7    30  0   0.0%   0.280 UG:3    +
   15    32  0   0.0%   1.557 AU:3    +
   10    14  0   0.0%   0.262 GC:3    +
   12    18  0   0.0%   0.312 CG:3    +
   14    31  0   0.0%   1.590 CG:3    +
    5    28  0   0.0%   0.336 GU:3    +
   17    30  0   0.0%   1.368 CG:3    +
    1    31  0   0.0%   0.115 CG:3    +
    9    21  0   0.0%   0.201 AU:3    +
    5    14  0   0.0%   0.346 GC:3    +
    5    17  0   0.0%   0.198 GC:3    +
    6    16  0   0.0%   0.172 GU:3    +
    2    30  0   0.0%   0.173 UG:3    +
   23    27  0   0.0%   0.842 GU:3    +
    7    15  0   0.0%   0.145 UA:3    +
    8    18  0   0.0%   0.123 UG:3    +
   16    26  0   0.0%   0.473 UG:3    +
   17    24  0   0.0%   0.532 CG:3    +
    6    27  0   0.0%   0.318 GU:3    +
    8    15  0   0.0%   0.011 UA:3    +
    4    17  0   0.0%   0.184 GC:3    +
   23    28  0   0.0%   1.085 GU:3    +
   21    30  0   0.0%   1.246 UG:3    +
    3    26  0   0.0%   0.132 CG:3    +
    3    24  0   0.0%   0.209 CG:3    +
   20    31  0   0.0%   1.065 CG:3    +
    6    17  0   0.0%   0.174 GC:3    +
    6    13  0   0.0%   0.343 GU:3    +
    5    16  0   0.0%   0.193 GU:3    +
   23    34  0   0.0%   0.940 GC:3    +
    4    25  0   0.0%   0.321 GC:3    +
   16    23  0   0.0%   0.569 UG:3    +
    3    31  0   0.0%   0.141 CG:3    +
    8    31  0   0.0%   0.665 UG:3    +
    3    18  0   0.0%   0.083 CG:3    +
   23    32  0   0.0%   1.165 GU:3    +
   18    29  0   0.0%   1.030 GU:3    +
    4    32  0   0.0%   0.330 GU:3    +
    4     8  0   0.0%   0.003 GU:3    +
   24    33  0   0.0%   1.554 GU:3    +
    2     6  0   0.0%   0.009 UG:3    +
   12    24  0   0.0%   0.285 CG:3    +
    6    14  0   0.0%   0.322 GC:3    +
   15    21  0   0.0%   0.133 AU:3    +
   14    26  0   0.0%   0.858 CG:3    +
   10    19  0   0.0%   0.284 GC:3    +
   10    16  0   0.0%   0.166 GU:3    +
   23    29  0   0.0%   1.127 GU:3    +
   18    33  0   0.0%   1.227 GU:3    +
   15    33  0   0.0%   1.715 AU:3    +
   10    25  0   0.0%   0.180 GC:3    +
   26    34  0   0.0%   1.043 GC:3    +
   24    28  0   0.0%   1.319 GU:3    +
    5    29  0   0.0%   0.335 GU:3    +
   16    30  0   0.0%   1.161 UG:3    +
   20    26  0   0.0%   0.743 CG:3    +
   26    33  0   0.0%   1.405 GU:3    +
    4    28  0   0.0%   0.324 GU:3    +
    5    25  0   0.0%   0.329 GC:3    +
    5    27  0   0.0%   0.333 GU:3    +
    4    19  0   0.0%   0.182 GC:3    +
    9    32  0   0.0%   0.718 AU:3    +
    7    23  0   0.0%   0.362 UG:3    +
   10    29  0   0.0%   0.849 GU:3    +
    2    10  0   0.0%   0.036 UG:3    +
    9    13  0   0.0%   0.194 AU:3    +
   24    29  0   0.0%   1.361 GU:3    +
   11    28  0   0.0%   0.924 AU:3    +
    6    28  0   0.0%   0.313 GU:3    +
   14    18  0   0.0%   0.278 CG:3    +
   22    26  0   0.0%   0.971 UG:3    +
   22    31  0   0.0%   1.211 UG:3    +
   30    34  0   0.0%   1.563 GC:3    +
    1    18  0   0.0%   0.031 CG:3    +
   21    26  0   0.0%   0.726 UG:3    +
    5    22  0   0.0%   0.355 GU:3    +
   13    23  0   0.0%   0.296 UG:3    +
   22    30  0   0.0%   1.488 UG:3    +
    9    28  0   0.0%   0.090 AU:3    +
   10    27  0   0.0%   0.176 GU:3    +
   13    18  0   0.0%   0.297 UG:3    +
   18    34  0   0.0%   0.889 GC:3    +
    6    21  0   0.0%   0.416 GU:3    +
   11    29  0   0.0%   0.924 AU:3    +
   17    31  0   0.0%   1.089 CG:3    +
   12    23  0   0.0%   0.309 CG:3    +
   27    31  0   0.0%   1.259 UG:3    +
   11    21  0   0.0%   0.367 AU:3    +
    2    26  0   0.0%   0.168 UG:3    +
    9    27  0   0.0%   0.093 AU:3    +
   26    32  0   0.0%   1.337 GU:3    +
   10    22  0   0.0%   0.204 GU:3    +
    4    16  0   0.0%   0.180 GU:3    +
    2    18  0   0.0%   0.081 UG:3    +
    7    26  0   0.0%   0.265 UG:3    +
   21    31  0   0.0%   0.967 UG:3    +
   13    26  0   0.0%   0.851 UG:3    +
    6    29  0   0.0%   0.314 GU:3    +
   18    28  0   0.0%   0.985 GU:3    +
   24    34  0   0.0%   1.191 GC:3    +
   19    30  0   0.0%   1.417 CG:3    +
    8    26  0   0.0%   0.018 UG:3    +
.........((((...(((....)))...)))).
