3 sequence; length of alignment 34
alifold output
    5    24  0  66.6%   0.866 CG:3   
    4    25  0  66.4%   0.878 GC:3   
    9    21  0  63.6%   0.917 GU:3   
    8    22  0  63.4%   0.898 GC:3   
   10    20  0  62.7%   1.012 UA:3   
   11    19  0  57.0%   1.243 UA:3   
    6    23  0  52.9%   1.060 UG:3   
   10    31  0  17.9%   1.438 UA:3    +
    9    32  0  17.8%   1.353 GC:3    +
   11    30  0  17.4%   1.538 UG:3    +
   16    25  0  12.6%   1.199 GC:3    +
   15    26  0  12.6%   0.930 AU:3    +
   14    27  0  12.3%   0.994 AU:3    +
   17    26  0   5.6%   0.993 AU:3    +
   18    25  0   5.6%   1.310 GC:3    +
   16    27  0   5.5%   1.214 GU:3    +
   22    30  0   5.4%   1.157 CG:3    +
   23    29  0   5.4%   1.121 GC:3    +
   15    28  0   4.8%   0.760 AU:3    +
   21    31  0   4.6%   1.114 UA:3    +
   16    29  0   3.9%   0.890 GC:3    +
   17    28  0   3.9%   0.850 AU:3    +
   18    27  0   3.9%   1.325 GU:3    +
   19    26  0   3.5%   1.306 AU:3    +
   11    18  0   2.9%   0.413 UG:3    +
    2    27  0   2.5%   0.377 AU:3    +
   10    19  0   2.4%   0.316 UA:3    +
   13    17  0   2.4%   0.381 UA:3    +
   24    28  0   2.3%   0.987 GU:3    +
   19    28  0   2.2%   1.091 AU:3    +
   18    29  0   2.2%   0.909 GC:3    +
   20    27  0   2.1%   1.280 AU:3    +
   13    18  0   1.9%   0.509 UG:3    +
    9    25  0   1.8%   0.816 GC:3    +
   10    24  0   1.8%   0.921 UG:3    +
    8    26  0   1.8%   0.584 GU:3    +
   11    23  0   1.5%   1.051 UG:3    +
    7    27  0   1.4%   0.307 AU:3    +
    3    12  0   1.3%   0.188 UA:3    +
    2    13  0   1.3%   0.188 AU:3    +
    1    14  0   1.2%   0.170 UA:3    +
    8    34  0   1.1%   0.561 GC:3    +
    4    11  0   1.1%   0.166 GU:3    +
   12    21  0   0.7%   0.487 AU:3    +
   13    20  0   0.7%   0.647 UA:3    +
    4    32  0   0.6%   0.448 GC:3    +
    5    16  0   0.6%   0.107 CG:3    +
    2    26  0   0.6%   0.162 AU:3    +
    6    15  0   0.6%   0.101 UA:3    +
    5    30  0   0.5%   0.425 CG:3    +
    3    33  0   0.4%   0.158 UA:3    +
    8    21  0   0.4%   0.085 GU:3    +
    4    29  0   0.4%   0.403 GC:3    +
   16    32  0   0.3%   1.011 GC:3    +
   18    22  0   0.3%   0.557 GC:3    +
    5     9  0   0.3%   0.056 CG:3    +
    2    28  0   0.3%   0.241 AU:3    +
   16    22  0   0.2%   0.385 GC:3    +
   11    16  0   0.2%   0.133 UG:3    +
   10    17  0   0.2%   0.067 UA:3    +
   18    34  0   0.2%   0.698 GC:3    +
   11    17  0   0.2%   0.133 UA:3    +
   18    32  0   0.2%   0.988 GC:3    +
    4    10  0   0.2%   0.041 GU:3    +
    7    13  0   0.2%   0.099 AU:3    +
   17    21  0   0.2%   0.518 AU:3    +
   10    18  0   0.2%   0.071 UG:3    +
    3    30  0   0.2%   0.109 UG:3    +
    8    25  0   0.2%   0.623 GC:3    +
    7    26  0   0.2%   0.085 AU:3    +
    6    14  0   0.2%   0.089 UA:3    +
    9    34  0   0.1%   0.776 GC:3    +
   10    33  0   0.1%   0.865 UA:3    +
    8    32  0   0.1%   0.459 GC:3    +
   23    32  0   0.1%   0.967 GC:3    +
   10    23  0   0.1%   0.787 UG:3    +
    2    11  0   0.1%   0.030 AU:3    +
   11    20  0   0.1%   0.826 UA:3    +
    7    21  0   0.1%   0.039 AU:3    +
    1    12  0   0.1%   0.025 UA:3    +
    1    30  0   0.1%   0.084 UG:3    +
    9    22  0   0.1%   0.617 GC:3    +
    5    18  0   0.1%   0.065 CG:3    +
    6    17  0   0.1%   0.062 UA:3    +
   13    19  0   0.1%   0.667 UA:3    +
    3     9  0   0.1%   0.016 UG:3    +
    1    31  0   0.1%   0.085 UA:3    +
    8    13  0   0.1%   0.088 GU:3    +
    2    10  0   0.1%   0.015 AU:3    +
   13    30  0   0.0%   0.641 UG:3    +
    3    31  0   0.0%   0.097 UA:3    +
   12    28  0   0.0%   0.131 AU:3    +
   15    21  0   0.0%   0.396 AU:3    +
    8    29  0   0.0%   0.433 GC:3    +
    1     7  0   0.0%   0.008 UA:3    +
   14    28  0   0.0%   0.356 AU:3    +
    9    28  0   0.0%   0.413 GU:3    +
    2     6  0   0.0%   0.007 AU:3    +
   13    31  0   0.0%   0.608 UA:3    +
   25    30  0   0.0%   1.296 CG:3    +
   15    27  0   0.0%   0.713 AU:3    +
    3    17  0   0.0%   0.073 UA:3    +
   30    34  0   0.0%   0.594 GC:3    +
   14    21  0   0.0%   0.422 AU:3    +
    4    13  0   0.0%   0.123 GU:3    +
    9    29  0   0.0%   0.421 GC:3    +
   26    33  0   0.0%   0.698 UA:3    +
   20    26  0   0.0%   0.992 AU:3    +
    6    30  0   0.0%   0.436 UG:3    +
    3     8  0   0.0%   0.006 UG:3    +
    1     8  0   0.0%   0.007 UG:3    +
    3    14  0   0.0%   0.122 UA:3    +
    6    24  0   0.0%   0.660 UG:3    +
    7    28  0   0.0%   0.114 AU:3    +
    6    12  0   0.0%   0.071 UA:3    +
   26    31  0   0.0%   1.121 UA:3    +
   19    27  0   0.0%   1.238 AU:3    +
   16    34  0   0.0%   0.690 GC:3    +
    6    33  0   0.0%   0.417 UA:3    +
   11    31  0   0.0%   1.204 UA:3    +
    7    11  0   0.0%   0.063 AU:3    +
   28    33  0   0.0%   0.513 UA:3    +
   11    15  0   0.0%   0.091 UA:3    +
   13    33  0   0.0%   0.324 UA:3    +
   24    32  0   0.0%   0.819 GC:3    +
   16    26  0   0.0%   0.698 GU:3    +
   10    16  0   0.0%   0.051 UG:3    +
   11    33  0   0.0%   0.923 UA:3    +
   26    30  0   0.0%   1.173 UG:3    +
   27    33  0   0.0%   0.823 UA:3    +
   18    28  0   0.0%   0.801 GU:3    +
    5    23  0   0.0%   0.055 CG:3    +
    8    27  0   0.0%   0.556 GU:3    +
    4    26  0   0.0%   0.366 GU:3    +
    3    18  0   0.0%   0.071 UG:3    +
    1    33  0   0.0%   0.078 UA:3    +
   17    27  0   0.0%   0.872 AU:3    +
   16    28  0   0.0%   0.655 GU:3    +
    3    20  0   0.0%   0.072 UA:3    +
    3    19  0   0.0%   0.071 UA:3    +
   27    31  0   0.0%   1.246 UA:3    +
   24    29  0   0.0%   0.829 GC:3    +
    6    31  0   0.0%   0.398 UA:3    +
    4    34  0   0.0%   0.390 GC:3    +
   18    26  0   0.0%   0.910 GU:3    +
    2    21  0   0.0%   0.074 AU:3    +
   10    15  0   0.0%   0.048 UA:3    +
    3    15  0   0.0%   0.068 UA:3    +
    9    13  0   0.0%   0.099 GU:3    +
   23    34  0   0.0%   0.649 GC:3    +
    1    20  0   0.0%   0.066 UA:3    +
    1    15  0   0.0%   0.065 UA:3    +
    3     7  0   0.0%   0.004 UA:3    +
   10    30  0   0.0%   0.553 UG:3    +
   12    26  0   0.0%   0.213 AU:3    +
   13    23  0   0.0%   0.688 UG:3    +
   12    27  0   0.0%   0.254 AU:3    +
    1    19  0   0.0%   0.066 UA:3    +
    4    28  0   0.0%   0.352 GU:3    +
    1     9  0   0.0%   0.005 UG:3    +
   10    14  0   0.0%   0.082 UA:3    +
    4    22  0   0.0%   0.063 GC:3    +
    4    27  0   0.0%   0.427 GU:3    +
   11    24  0   0.0%   0.924 UG:3    +
   14    26  0   0.0%   0.179 AU:3    +
    6    16  0   0.0%   0.073 UG:3    +
    1    17  0   0.0%   0.065 UA:3    +
    1    16  0   0.0%   0.065 UG:3    +
    1    18  0   0.0%   0.065 UG:3    +
    9    26  0   0.0%   0.500 GU:3    +
    3    16  0   0.0%   0.067 UG:3    +
   20    28  0   0.0%   0.802 AU:3    +
   21    33  0   0.0%   0.548 UA:3    +
    3    23  0   0.0%   0.071 UG:3    +
   13    24  0   0.0%   0.623 UG:3    +
   16    21  0   0.0%   0.404 GU:3    +
    6    19  0   0.0%   0.050 UA:3    +
    8    28  0   0.0%   0.419 GU:3    +
    6    20  0   0.0%   0.050 UA:3    +
   23    28  0   0.0%   0.793 GU:3    +
    9    27  0   0.0%   0.542 GU:3    +
    6    18  0   0.0%   0.055 UG:3    +
   24    34  0   0.0%   0.506 GC:3    +
    3    24  0   0.0%   0.071 UG:3    +
   23    27  0   0.0%   1.190 GU:3    +
   21    30  0   0.0%   0.724 UG:3    +
    1    23  0   0.0%   0.066 UG:3    +
...(((.((((.......))))))).........
