3 sequence; length of alignment 112
alifold output
   40    51  0 100.0%   0.004 GC:2    GU:1   
   74    85  0  99.9%   0.006 CG:2    UA:1   
   37    54  0  99.7%   0.010 CG:2    UA:1   
   38    53  0 100.0%   0.001 GC:3   
   39    52  0 100.0%   0.001 CG:3   
   41    50  0  99.9%   0.005 CG:3   
   75    84  0  99.9%   0.003 GC:3   
   19    28  0  99.8%   0.030 CG:3   
   18    29  0  99.8%   0.019 CG:3   
   20    27  0  99.8%   0.030 CG:3   
   76    83  0  99.8%   0.007 GC:3   
   17    30  0  99.5%   0.028 GC:3   
   73    86  0  98.8%   0.048 CG:3   
   69    91  0  97.1%   0.096 CG:3   
   68    92  0  96.7%   0.107 CG:3   
   61   103  0  95.3%   0.261 GC:1    GU:2   
   62   102  0  94.6%   0.382 UG:1    UA:2   
   60   104  0  95.4%   0.383 CG:3   
   21    26  0  94.7%   0.167 GC:3   
   59   105  1  95.2%   0.313 CG:2   
    6    15  0  93.6%   0.212 CG:1    UG:2   
    7    14  0  93.9%   0.183 CG:3   
    8    13  0  93.4%   0.196 CG:3   
    5    16  1  92.7%   0.236 GC:2   
   63   101  0  91.8%   0.542 UA:3   
   58   106  1  91.0%   0.377 AU:2   
   70    90  0  89.2%   0.515 UA:3   
   57   107  1  89.2%   0.712 CG:2   
   64   100  0  87.4%   0.895 UG:3   
   36    55  0  83.8%   0.447 UA:3   
   56   108  1  84.1%   0.686 GC:2   
   77    82  0  83.3%   0.458 UA:3   
   71    87  0  11.3%   0.739 GC:3    +
   43    48  0   8.1%   0.612 GC:3    +
    3   107  0   4.2%   0.522 CG:1    UG:1    UA:1    +
   34    57  0   3.8%   0.518 GC:3    +
    2   108  1   4.2%   0.466 GC:2    +
    8    14  0   3.6%   0.485 CG:3    +
    9    13  0   3.6%   0.426 CG:3    +
    7    15  0   3.5%   0.490 CG:3    +
   70    89  0   3.4%   0.436 UA:3    +
   72    88  0   3.2%   0.437 UG:3    +
   64    95  0   2.9%   0.334 UG:3    +
   63    96  0   2.8%   0.310 UA:3    +
   60    99  0   2.6%   0.426 CG:3    +
   59   100  0   2.6%   0.427 CG:3    +
   70    88  0   2.5%   0.282 UG:3    +
   11    62  0   1.4%   0.190 GU:1    AU:2    +
   62    97  0   2.2%   0.360 UG:3    +
   64    96  0   2.0%   0.454 UA:3    +
    3    54  0   0.0%   0.038 CG:1    UG:1    UA:1    +
    3    56  0   1.0%   0.172 CG:1    UG:2    +
    4   106  1   2.4%   0.324 AU:2    +
    4   103  0   0.8%   0.139 GC:1    AU:2    +
    3   104  0   0.8%   0.198 CG:1    UG:2    +
   13    60  0   1.6%   0.399 GC:3    +
   14    59  0   1.6%   0.411 GC:3    +
   12    61  0   1.6%   0.219 CG:3    +
   15    57  0   1.6%   0.454 GC:3    +
   16    56  0   1.6%   0.355 CG:3    +
   64    97  0   1.5%   0.571 UG:3    +
   63    97  0   1.4%   0.410 UG:3    +
    3    32  0   0.3%   0.070 CG:1    UG:2    +
    4    31  0   0.3%   0.053 GU:1    AU:2    +
    3    15  0   0.3%   0.048 CG:1    UG:2    +
    6   104  0   0.2%   0.214 CG:1    UG:2    +
    6    29  0   0.2%   0.107 CG:1    UG:2    +
    6   102  0   0.1%   0.153 CG:1    UA:2    +
   63    98  0   1.1%   0.355 UA:3    +
    7   100  0   1.1%   0.342 CG:3    +
    6    11  0   0.1%   0.019 CG:1    UA:2    +
    8    99  0   1.1%   0.363 CG:3    +
    4   111  0   0.1%   0.167 GU:1    AU:2    +
   74    91  0   0.1%   0.081 CG:2    UG:1    +
   69    99  0   1.0%   0.481 CG:3    +
    6    14  0   0.0%   0.016 CG:1    UG:2    +
   64    99  0   1.0%   0.613 UG:3    +
    3    34  0   0.0%   0.042 CG:1    UG:2    +
    5   108  0   0.0%   0.234 GC:2    UG:1    +
   56   103  0   0.0%   0.166 GC:1    GU:2    +
   11   103  0   0.0%   0.123 GC:1    AU:2    +
   78    85  0   0.0%   0.013 UG:2    UA:1    +
    2   103  0   0.0%   0.070 GC:1    GU:2    +
   63   102  0   0.0%   0.399 UG:1    UA:2    +
   11    64  0   0.0%   0.072 GU:1    AU:2    +
    3    17  0   0.0%   0.019 CG:1    UG:2    +
   11    31  0   0.0%   0.027 GU:1    AU:2    +
    6   100  0   0.0%   0.087 CG:1    UG:2    +
   70    98  0   1.0%   0.632 UA:3    +
   74    86  0   0.0%   0.026 CG:2    UG:1    +
  106   110  0   0.0%   0.179 GC:1    UA:2    +
    3    14  0   0.0%   0.002 CG:1    UG:2    +
   38    51  0   0.0%   0.001 GC:2    GU:1    +
   11    63  0   0.0%   0.069 GU:1    AU:2    +
    6    13  0   0.0%   0.008 CG:1    UG:2    +
   37    52  0   0.0%   0.001 CG:2    UG:1    +
  102   111  0   0.0%   0.077 GU:1    AU:2    +
    5   106  0   0.0%   0.186 GU:2    UG:1    +
    6    56  0   0.0%   0.129 CG:1    UG:2    +
   32    37  0   0.0%   0.043 GC:2    GU:1    +
   68   100  0   1.0%   0.534 CG:3    +
   36    54  0   0.0%   0.001 UG:2    UA:1    +
   74    92  0   0.0%   0.073 CG:2    UG:1    +
   74    88  0   0.0%   0.215 CG:2    UG:1    +
    6    17  0   0.0%   0.073 CG:1    UG:2    +
    4    36  0   0.0%   0.018 GU:1    AU:2    +
    6    34  0   0.0%   0.086 CG:1    UG:2    +
   54   111  0   0.0%   0.014 GU:2    AU:1    +
  107   111  0   0.0%   0.249 GU:2    AU:1    +
    6    32  0   0.0%   0.101 CG:1    UG:2    +
   31   107  0   0.0%   0.182 UG:2    UA:1    +
    2     6  0   0.0%   0.000 GC:1    GU:2    +
   77    85  0   0.0%   0.156 UG:2    UA:1    +
   64   102  0   0.0%   0.513 UG:1    UA:2    +
   32   103  0   0.0%   0.127 GC:1    GU:2    +
    3    52  0   0.0%   0.038 CG:1    UG:2    +
   11    72  0   0.0%   0.070 GU:1    AU:2    +
   65   103  0   0.0%   0.112 GC:1    GU:2    +
    3    99  0   0.0%   0.083 CG:1    UG:2    +
    4    64  0   0.0%   0.018 GU:1    AU:2    +
    3    65  0   0.0%   0.083 CG:1    UG:2    +
    3   100  0   0.0%   0.083 CG:1    UG:2    +
   31    54  0   0.0%   0.024 UG:2    UA:1    +
    6    65  0   0.0%   0.084 CG:1    UG:2    +
   51    56  0   0.0%   0.112 CG:2    UG:1    +
    3    29  0   0.0%   0.018 CG:1    UG:2    +
   74    99  0   0.0%   0.294 CG:2    UG:1    +
   97   103  0   0.0%   0.378 GC:1    GU:2    +
   13   103  0   0.0%   0.316 GC:1    GU:2    +
    2    37  0   0.0%   0.022 GC:2    GU:1    +
    3    13  0   0.0%   0.000 CG:1    UG:2    +
   31   102  0   0.0%   0.059 UG:1    UA:2    +
   14   103  0   0.0%   0.329 GC:1    GU:2    +
   99   103  0   0.0%   0.391 GC:1    GU:2    +
    2    57  0   1.0%   0.156 GC:3    +
   72    96  0   0.8%   0.480 UA:3    +
   62    98  0   0.8%   0.265 UA:3    +
   69    95  0   0.6%   0.275 CG:3    +
   32    57  0   0.6%   0.244 GC:3    +
   70    94  0   0.5%   0.426 UA:3    +
   10    97  0   0.5%   0.118 CG:3    +
   63   100  0   0.5%   0.495 UG:3    +
   64    98  0   0.5%   0.422 UA:3    +
   31    58  0   0.4%   0.094 UA:3    +
   16    32  0   0.4%   0.179 CG:3    +
   69    92  0   0.4%   0.129 CG:3    +
   73    95  0   0.4%   0.254 CG:3    +
   70    91  0   0.4%   0.411 UG:3    +
    2    16  0   0.3%   0.060 GC:3    +
   60   100  0   0.3%   0.388 CG:3    +
    9    14  0   0.3%   0.352 CG:3    +
    8    15  0   0.3%   0.428 CG:3    +
   69    97  0   0.3%   0.389 CG:3    +
    9    97  0   0.3%   0.189 CG:3    +
    6   101  1   0.8%   0.197 UA:2    +
   70    96  0   0.3%   0.591 UA:3    +
   72    89  0   0.2%   0.281 UA:3    +
   62   101  0   0.2%   0.280 UA:3    +
    9    99  0   0.2%   0.245 CG:3    +
    8   100  0   0.2%   0.352 CG:3    +
   63    99  0   0.2%   0.431 UG:3    +
    7    28  0   0.2%   0.214 CG:3    +
    8    27  0   0.2%   0.236 CG:3    +
   72    86  0   0.2%   0.035 UG:3    +
   13    20  0   0.2%   0.222 GC:3    +
   14    19  0   0.2%   0.235 GC:3    +
   12    21  0   0.2%   0.041 CG:3    +
   72    94  0   0.2%   0.221 UA:3    +
   68    95  0   0.2%   0.191 CG:3    +
   10    99  0   0.2%   0.142 CG:3    +
    9   100  0   0.2%   0.263 CG:3    +
   43    49  0   0.1%   0.231 GU:3    +
   62    99  0   0.1%   0.383 UG:3    +
   10    95  0   0.1%   0.041 CG:3    +
   68    91  0   0.1%   0.027 CG:3    +
   68    97  0   0.1%   0.327 CG:3    +
   73    88  0   0.1%   0.243 CG:3    +
   10    23  0   0.1%   0.026 CG:3    +
   57   104  0   0.1%   0.346 CG:3    +
   64    94  0   0.1%   0.025 UA:3    +
   78    82  0   0.1%   0.172 UA:3    +
   73    92  0   0.1%   0.098 CG:3    +
   72    93  0   0.1%   0.167 UA:3    +
   63    95  0   0.1%   0.028 UG:3    +
   87    92  0   0.1%   0.333 CG:3    +
   81    86  0   0.1%   0.040 CG:3    +
   72    91  0   0.1%   0.209 UG:3    +
   72    92  0   0.0%   0.209 UG:3    +
   62    96  0   0.0%   0.071 UA:3    +
   32    59  0   0.0%   0.149 GC:3    +
    7    13  0   0.0%   0.010 CG:3    +
    2   111  0   0.0%   0.210 GU:3    +
   10    65  0   0.0%   0.024 CG:3    +
   68    99  0   0.0%   0.305 CG:3    +
   70    93  0   0.0%   0.342 UA:3    +
   41    47  0   0.0%   0.007 CG:3    +
   17    31  0   0.0%   0.032 GU:3    +
    9    65  0   0.0%   0.148 CG:3    +
   40    48  0   0.0%   0.006 GC:3    +
   64    93  0   0.0%   0.008 UA:3    +
   62   100  0   0.0%   0.390 UG:3    +
   64   101  0   0.0%   0.582 UA:3    +
   72    90  0   0.0%   0.245 UA:3    +
   10   104  0   0.0%   0.120 CG:3    +
   16    34  0   0.0%   0.122 CG:3    +
    8    65  0   0.0%   0.219 CG:3    +
   44    49  0   0.0%   0.014 AU:3    +
   42    47  0   0.0%   0.007 UG:3    +
   63    94  0   0.0%   0.006 UA:3    +
   10    14  0   0.0%   0.203 CG:3    +
    9    15  0   0.0%   0.352 CG:3    +
    3   105  1   0.0%   0.127 CG:1    UG:1    +
   77    86  0   0.0%   0.181 UG:3    +
   76    87  0   0.0%   0.253 GC:3    +
    8   104  0   0.0%   0.334 CG:3    +
    7   104  0   0.0%   0.298 CG:3    +
   31    35  0   0.0%   0.027 UA:3    +
   55   111  0   0.0%   0.163 AU:3    +
   70    92  0   0.0%   0.389 UG:3    +
   77    90  0   0.0%   0.262 UA:3    +
   73    91  0   0.0%   0.087 CG:3    +
   69    88  0   0.0%   0.003 CG:3    +
    7    65  0   0.0%   0.194 CG:3    +
    3   102  1   0.0%   0.086 UG:1    UA:1    +
   87    95  0   0.0%   0.443 CG:3    +
   16    23  0   0.0%   0.100 CG:3    +
   78    89  0   0.0%   0.140 UA:3    +
   15    24  0   0.0%   0.215 GC:3    +
   12    34  0   0.0%   0.024 CG:3    +
    2    18  0   0.0%   0.023 GC:3    +
   10    32  0   0.0%   0.030 CG:3    +
   15    31  0   0.0%   0.235 GU:3    +
   23    30  0   0.0%   0.028 GC:3    +
   24    29  0   0.0%   0.017 CG:3    +
    7    99  0   0.0%   0.194 CG:3    +
   22    31  0   0.0%   0.024 AU:3    +
    9   104  0   0.0%   0.236 CG:3    +
   12    32  0   0.0%   0.039 CG:3    +
   36    56  0   0.0%   0.261 UG:3    +
   62    95  0   0.0%   0.072 UG:3    +
   13    31  0   0.0%   0.219 GU:3    +
   59    99  0   0.0%   0.145 CG:3    +
   35   111  0   0.0%   0.013 AU:3    +
    2    12  0   0.0%   0.002 GC:3    +
   33   111  0   0.0%   0.011 AU:3    +
   34    59  0   0.0%   0.201 GC:3    +
   39    50  0   0.0%   0.001 CG:3    +
   60    97  0   0.0%   0.111 CG:3    +
    3    11  1   0.0%   0.001 UG:1    UA:1    +
   32    60  0   0.0%   0.144 GC:3    +
   77    91  0   0.0%   0.226 UG:3    +
   84    91  0   0.0%   0.071 CG:3    +
   83    92  0   0.0%   0.069 CG:3    +
    2    31  0   0.0%   0.022 GU:3    +
   31    56  0   0.0%   0.135 UG:3    +
   78    90  0   0.0%   0.115 UA:3    +
   72    95  0   0.0%   0.324 UG:3    +
   13    26  0   0.0%   0.200 GC:3    +
   19    34  0   0.0%   0.020 CG:3    +
   31    55  0   0.0%   0.025 UA:3    +
   77    89  0   0.0%   0.284 UA:3    +
   56   111  0   0.0%   0.271 GU:3    +
    9    27  0   0.0%   0.151 CG:3    +
   57   100  0   0.0%   0.338 CG:3    +
   70    95  0   0.0%   0.524 UG:3    +
    8    28  0   0.0%   0.225 CG:3    +
   10    34  0   0.0%   0.014 CG:3    +
   68    76  0   0.0%   0.001 CG:3    +
   69    75  0   0.0%   0.001 CG:3    +
   67    77  0   0.0%   0.001 AU:3    +
    7    29  0   0.0%   0.203 CG:3    +
   78    88  0   0.0%   0.222 UG:3    +
   63    93  0   0.0%   0.002 UA:3    +
   59   104  0   0.0%   0.231 CG:3    +
   31    61  0   0.0%   0.115 UG:3    +
   10    91  0   0.0%   0.015 CG:3    +
    9    92  0   0.0%   0.142 CG:3    +
    9    95  0   0.0%   0.142 CG:3    +
   34   111  0   0.0%   0.141 GU:3    +
    8    97  0   0.0%   0.215 CG:3    +
   66    78  0   0.0%   0.001 AU:3    +
    8    34  0   0.0%   0.215 CG:3    +
   72    97  0   0.0%   0.478 UG:3    +
   87    91  0   0.0%   0.323 CG:3    +
   87    97  0   0.0%   0.533 CG:3    +
    2    59  0   0.0%   0.067 GC:3    +
    7    34  0   0.0%   0.194 CG:3    +
   32   111  0   0.0%   0.087 GU:3    +
    2     7  0   0.0%   0.001 GC:3    +
    9    34  0   0.0%   0.142 CG:3    +
    9    23  0   0.0%   0.138 CG:3    +
   10   100  0   0.0%   0.133 CG:3    +
   30    56  0   0.0%   0.128 CG:3    +
   29    57  0   0.0%   0.126 GC:3    +
    7    32  0   0.0%   0.209 CG:3    +
   12    27  0   0.0%   0.031 CG:3    +
   32    36  0   0.0%   0.043 GU:3    +
   15    19  0   0.0%   0.225 GC:3    +
   14    20  0   0.0%   0.224 GC:3    +
   14    30  0   0.0%   0.224 GC:3    +
   14    26  0   0.0%   0.212 GC:3    +
   27    60  0   0.0%   0.081 GC:3    +
   28    59  0   0.0%   0.081 GC:3    +
    7    92  0   0.0%   0.192 CG:3    +
   26    61  0   0.0%   0.119 CG:3    +
    8    91  0   0.0%   0.215 CG:3    +
    2    36  0   0.0%   0.022 GU:3    +
   75    83  0   0.0%   0.001 GC:3    +
   10    15  0   0.0%   0.215 CG:3    +
   64    92  0   0.0%   0.002 UG:3    +
   16    61  0   0.0%   0.247 CG:3    +
   15    62  0   0.0%   0.340 GU:3    +
   14    63  0   0.0%   0.279 GU:3    +
   13    64  0   0.0%   0.267 GU:3    +
   12    65  0   0.0%   0.094 CG:3    +
   75    87  0   0.0%   0.248 GC:3    +
   20    32  0   0.0%   0.056 CG:3    +
   25    62  0   0.0%   0.061 AU:3    +
   42    50  0   0.0%   0.003 UG:3    +
   12    95  0   0.0%   0.096 CG:3    +
    7    97  0   0.0%   0.193 CG:3    +
    2    10  0   0.0%   0.001 GC:3    +
  104   111  0   0.0%   0.123 GU:3    +
   65    69  0   0.0%   0.008 GC:3    +
   76    81  0   0.0%   0.001 GC:3    +
   68    88  0   0.0%   0.001 CG:3    +
   10    28  0   0.0%   0.022 CG:3    +
   65    87  0   0.0%   0.008 GC:3    +
   77    88  0   0.0%   0.368 UG:3    +
   70    97  0   0.0%   0.652 UG:3    +
    9    29  0   0.0%   0.151 CG:3    +
   64    88  0   0.0%   0.002 UG:3    +
    2     9  0   0.0%   0.001 GC:3    +
   63    89  0   0.0%   0.001 UA:3    +
   62    94  0   0.0%   0.061 UA:3    +
   57    65  0   0.0%   0.273 CG:3    +
   60    65  0   0.0%   0.075 CG:3    +
    7    95  0   0.0%   0.192 CG:3    +
   63    67  0   0.0%   0.001 UA:3    +
   87    99  0   0.0%   0.546 CG:3    +
    2     8  0   0.0%   0.000 GC:3    +
   58    64  0   0.0%   0.025 AU:3    +
   17    24  0   0.0%   0.002 GC:3    +
   18    23  0   0.0%   0.010 CG:3    +
   16   104  0   0.0%   0.238 CG:3    +
    9    28  0   0.0%   0.151 CG:3    +
   10    27  0   0.0%   0.022 CG:3    +
    8    29  0   0.0%   0.225 CG:3    +
   62    90  0   0.0%   0.061 UA:3    +
   81    88  0   0.0%   0.219 CG:3    +
   69   100  0   0.0%   0.525 CG:3    +
   57    61  0   0.0%   0.331 CG:3    +
    2    53  0   0.0%   0.022 GC:3    +
   70    99  0   0.0%   0.712 UG:3    +
   14    69  0   0.0%   0.279 GC:3    +
   13    70  0   0.0%   0.266 GU:3    +
   12    71  0   0.0%   0.086 CG:3    +
   15    68  0   0.0%   0.280 GC:3    +
   56    62  0   0.0%   0.172 GU:3    +
   14    31  0   0.0%   0.231 GU:3    +
   75    81  0   0.0%   0.000 GC:3    +
   12    23  0   0.0%   0.027 CG:3    +
    2    30  0   0.0%   0.021 GC:3    +
   30    34  0   0.0%   0.024 CG:3    +
   20    34  0   0.0%   0.020 CG:3    +
   20    28  0   0.0%   0.028 CG:3    +
    9    91  0   0.0%   0.141 CG:3    +
    8    92  0   0.0%   0.215 CG:3    +
   12    97  0   0.0%   0.129 CG:3    +
   40    49  0   0.0%   0.002 GU:3    +
   31   104  0   0.0%   0.106 UG:3    +
    8    95  0   0.0%   0.215 CG:3    +
   60    92  0   0.0%   0.068 CG:3    +
   15    30  0   0.0%   0.226 GC:3    +
    7    17  0   0.0%   0.180 CG:3    +
    2    19  0   0.0%   0.021 GC:3    +
   19    29  0   0.0%   0.028 CG:3    +
   15    26  0   0.0%   0.214 GC:3    +
   58   111  0   0.0%   0.127 AU:3    +
   15    59  0   0.0%   0.346 GC:3    +
   21    64  0   0.0%   0.065 GU:3    +
   21    31  0   0.0%   0.085 GU:3    +
   20    65  0   0.0%   0.022 CG:3    +
   32    53  0   0.0%   0.043 GC:3    +
   60    91  0   0.0%   0.068 CG:3    +
   59    92  0   0.0%   0.071 CG:3    +
   22    63  0   0.0%   0.001 AU:3    +
   31   101  0   0.0%   0.085 UA:3    +
   62    67  0   0.0%   0.061 UA:3    +
   14    60  0   0.0%   0.345 GC:3    +
   16    29  0   0.0%   0.102 CG:3    +
   35    62  0   0.0%   0.063 AU:3    +
   34    63  0   0.0%   0.131 GU:3    +
   48    56  0   0.0%   0.316 CG:3    +
   47    57  0   0.0%   0.268 GC:3    +
   49    55  0   0.0%   0.160 UA:3    +
   33    64  0   0.0%   0.002 AU:3    +
    8    32  0   0.0%   0.230 CG:3    +
   50    57  0   0.0%   0.266 GC:3    +
   64    91  0   0.0%   0.002 UG:3    +
   69   104  0   0.0%   0.257 CG:3    +
    9    32  0   0.0%   0.156 CG:3    +
   34    53  0   0.0%   0.006 GC:3    +
   73   100  0   0.0%   0.428 CG:3    +
   14    18  0   0.0%   0.201 GC:3    +
   12   104  0   0.0%   0.144 CG:3    +
   72   101  0   0.0%   0.336 UA:3    +
   78    93  0   0.0%   0.020 UA:3    +
   77    94  0   0.0%   0.204 UA:3    +
  101   111  0   0.0%   0.144 AU:3    +
   64   104  0   0.0%   0.559 UG:3    +
   55    63  0   0.0%   0.150 AU:3    +
   77    93  0   0.0%   0.166 UA:3    +
   59    97  0   0.0%   0.113 CG:3    +
   36    58  0   0.0%   0.173 UA:3    +
   65    70  0   0.0%   0.008 GU:3    +
   78    91  0   0.0%   0.078 UG:3    +
   76    84  0   0.0%   0.004 GC:3    +
   39    47  0   0.0%   0.000 CG:3    +
   38    48  0   0.0%   0.000 GC:3    +
   18    34  0   0.0%   0.008 CG:3    +
   31    66  0   0.0%   0.049 UA:3    +
   49    58  0   0.0%   0.034 UA:3    +
   46    58  0   0.0%   0.023 UA:3    +
   66    72  0   0.0%   0.001 AU:3    +
   77    92  0   0.0%   0.221 UG:3    +
   13    19  0   0.0%   0.187 GC:3    +
   63    92  0   0.0%   0.001 UG:3    +
   65    81  0   0.0%   0.008 GC:3    +
   65    73  0   0.0%   0.008 GC:3    +
   61    68  0   0.0%   0.067 GC:3    +
    5    30  1   0.2%   0.112 GC:2    +
    5   103  1   0.1%   0.153 GU:2    +
    5    12  1   0.1%   0.020 GC:2    +
   58   103  1   0.1%   0.093 AU:2    +
   80    87  1   0.1%   0.262 GC:2    +
    9   105  1   0.0%   0.190 CG:2    +
   73    85  1   0.0%   0.005 CG:2    +
    7   105  1   0.0%   0.250 CG:2    +
    6   107  1   0.0%   0.284 UG:2    +
    6   105  1   0.0%   0.151 UG:2    +
    6    66  1   0.0%   0.086 UA:2    +
    8   105  1   0.0%   0.283 CG:2    +
    2   106  1   0.0%   0.070 GU:2    +
   31   109  1   0.0%   0.050 UA:2    +
    3    33  1   0.0%   0.037 UA:2    +
   32   108  1   0.0%   0.212 GC:2    +
    3    35  1   0.0%   0.039 UA:2    +
   31   110  1   0.0%   0.050 UA:2    +
   55   106  1   0.0%   0.240 AU:2    +
  103   110  1   0.0%   0.106 UA:2    +
  105   111  1   0.0%   0.067 GU:2    +
    3    55  1   0.0%   0.039 UA:2    +
    5   111  1   0.0%   0.108 GU:2    +
    6   110  1   0.0%   0.150 UA:2    +
    5    57  1   0.0%   0.134 GC:2    +
   34   108  1   0.0%   0.266 GC:2    +
    3    58  1   0.0%   0.084 UA:2    +
   36   110  1   0.0%   0.151 UA:2    +
   57   105  1   0.0%   0.279 CG:2    +
   56   106  1   0.0%   0.203 GU:2    +
    6    35  1   0.0%   0.085 UA:2    +
    6   109  1   0.0%   0.149 UA:2    +
  104   108  1   0.0%   0.392 GC:2    +
    7   107  1   0.0%   0.379 CG:2    +
    3   101  1   0.0%   0.084 UA:2    +
    6    33  1   0.0%   0.084 UA:2    +
  101   106  1   0.0%   0.308 AU:2    +
   99   108  1   0.0%   0.568 GC:2    +
  103   109  1   0.0%   0.105 UA:2    +
    6    93  1   0.0%   0.085 UA:2    +
   55   103  1   0.0%   0.200 AU:2    +
   16   107  1   0.0%   0.315 CG:2    +
    6    98  1   0.0%   0.085 UA:2    +
    6    96  1   0.0%   0.085 UA:2    +
    5    10  1   0.0%   0.000 GC:2    +
   15   108  1   0.0%   0.414 GC:2    +
   96   103  1   0.0%   0.341 AU:2    +
    5    18  1   0.0%   0.077 GC:2    +
    5     9  1   0.0%   0.000 GC:2    +
   36   109  1   0.0%   0.150 UA:2    +
   98   103  1   0.0%   0.264 AU:2    +
    6    67  1   0.0%   0.085 UA:2    +
    5    36  1   0.0%   0.089 GU:2    +
  102   106  1   0.0%   0.240 AU:2    +
   94   103  1   0.0%   0.151 AU:2    +
    8   107  1   0.0%   0.413 CG:2    +
    5    63  1   0.0%   0.089 GU:2    +
   32   106  1   0.0%   0.166 GU:2    +
   59   107  1   0.0%   0.449 CG:2    +
   68   105  1   0.0%   0.163 CG:2    +
   33   103  1   0.0%   0.051 AU:2    +
    5    31  1   0.0%   0.107 GU:2    +
   81    85  1   0.0%   0.005 CG:2    +
   12   105  1   0.0%   0.092 CG:2    +
   54   108  1   0.0%   0.138 GC:2    +
   33   106  1   0.0%   0.090 AU:2    +
   31   105  1   0.0%   0.054 UG:2    +
   80    84  1   0.0%   0.001 GC:2    +
   10   107  1   0.0%   0.195 CG:2    +
   11   106  1   0.0%   0.161 AU:2    +
   16   105  1   0.0%   0.186 CG:2    +
....((((....))))(((((....))))).....((((((........))))))(((((((((...(((..(((((....)))))...))).......)))))))))....
