3 sequence; length of alignment 201
alifold output
   57    69  0  98.2%   0.085 CG:3   
   56    70  0  98.2%   0.147 CG:3   
   55    71  0  98.2%   0.144 GC:3   
   58    68  0  98.1%   0.089 AU:3   
   59    67  0  97.9%   0.102 GC:3   
  120   129  0  97.7%   0.116 GC:3   
  121   128  0  97.7%   0.117 CG:3   
  119   130  0  96.2%   0.175 UG:3   
  118   131  0  95.3%   0.281 CG:3   
  104   161  0  93.1%   0.541 CG:3   
  105   160  0  93.1%   0.535 CG:3   
  106   159  0  93.1%   0.389 CG:3   
  103   162  0  93.0%   0.376 GC:3   
   93   165  0  91.4%   0.574 CG:3   
   94   164  0  91.4%   0.624 GC:3   
   92   166  0  91.4%   0.587 CG:3   
   40   185  0  90.7%   0.578 GC:3   
   39   186  0  90.5%   0.644 UA:3   
   41   184  0  90.0%   0.364 AU:3   
   95   163  0  89.8%   0.681 CG:3   
  115   136  0  89.7%   0.547 CG:3   
  116   135  0  89.2%   0.614 CG:3   
   38   187  0  89.1%   0.753 UA:3   
   37   188  0  88.7%   0.836 GC:3   
  111   140  0  86.1%   0.563 CG:3   
  112   139  0  86.1%   0.553 UA:3   
   91   167  0  85.6%   0.783 AU:3   
  113   138  0  85.6%   0.424 AU:3   
  110   141  0  84.8%   0.479 UA:3   
  107   158  0  84.2%   0.762 AU:3   
   42   183  0  83.7%   0.737 AU:3   
   75    81  0  83.4%   0.772 GC:3   
   74    82  0  83.4%   0.802 CG:3   
   43   182  0  83.4%   0.762 GC:3   
   36   189  0  82.5%   1.075 UA:3   
   73    83  0  82.2%   0.526 GC:3   
   54    72  0  81.8%   0.580 UA:3   
  109   142  0  80.9%   0.557 UA:3   
   76    80  0  80.7%   0.909 GC:3   
   49   179  0  80.6%   0.965 GC:3   
   14    21  0  80.5%   0.620 AU:3   
   13    22  0  80.5%   0.676 CG:3   
   15    20  0  80.4%   0.605 CG:3   
   48   180  0  80.3%   0.947 CG:3   
   50   178  0  80.3%   0.962 GC:3   
  122   127  0  79.3%   0.569 AU:3   
   87   172  0  75.9%   1.018 UA:3   
   86   173  0  75.9%   1.043 CG:3   
   12    23  0  74.8%   0.769 GU:3   
  108   143  0  73.9%   0.697 UA:3   
   35   190  0  70.6%   1.583 GU:3   
   44   181  0  68.7%   1.103 UG:3   
   89   169  0  57.2%   1.241 UG:3   
   88   171  0  49.3%   1.528 GC:3   
   27   196  0  35.8%   2.351 UA:3   
   26   197  0  35.7%   1.968 GC:3   
   28   195  0  35.4%   2.102 GU:3   
   88   170  0  31.7%   1.207 GC:3    +
   29   194  0  30.9%   2.188 UA:3   
    6    28  0  27.2%   1.152 CG:3    +
    7    27  0  26.5%   1.112 AU:3    +
    5    29  0  24.6%   1.097 AU:3    +
   84   174  0  18.7%   1.393 CG:3    +
  144   150  0  16.8%   1.166 GC:3    +
  143   151  0  16.4%   1.318 AU:3    +
   43    86  0  15.5%   0.896 GC:3    +
   44    85  0  15.5%   0.898 UA:3    +
   45    84  0  15.4%   0.892 GC:3    +
  170   181  0  15.4%   1.931 CG:3    +
  169   182  0  15.3%   1.501 GC:3    +
  171   180  0  15.3%   1.547 CG:3    +
  142   152  0  15.1%   1.082 AU:3    +
   42    87  0  14.6%   0.869 AU:3    +
  141   153  0  13.9%   0.998 AU:3    +
   49    81  0  13.5%   0.935 GC:3    +
  140   154  0  13.4%   0.993 GU:3    +
   50    80  0  13.4%   1.045 GC:3    +
  139   155  0  13.4%   1.074 AU:3    +
  138   156  0  13.4%   1.129 UA:3    +
   48    82  0  13.4%   0.888 CG:3    +
  137   157  0  13.3%   1.048 GC:3    +
   51    79  0  13.3%   1.047 GC:3    +
   47   181  0  13.2%   1.190 UG:3    +
  168   183  0  12.8%   1.006 AU:3    +
   84   176  0  10.9%   1.483 CG:3    +
    1    32  0  10.6%   0.751 CG:3    +
    2    31  0  10.5%   0.795 UG:3    +
   32   192  0  10.1%   2.083 GU:3    +
   33   192  0   9.7%   2.210 GU:3    +
   33   197  0   9.5%   2.844 GC:3    +
   34   196  0   9.5%   2.268 UA:3    +
   31   193  0   9.5%   1.874 GU:3    +
   17    30  0   9.3%   1.026 AU:3    +
   18    29  0   9.2%   1.201 AU:3    +
   16    31  0   8.9%   1.069 CG:3    +
   28   197  0   8.6%   2.352 GC:3    +
   15    32  0   8.4%   1.272 CG:3    +
   29   196  0   8.2%   2.627 UA:3    +
   38    91  0   7.3%   0.609 UA:3    +
   20    27  0   7.2%   1.315 GU:3    +
   39    90  0   7.2%   0.605 UA:3    +
    3   197  0   7.1%   0.888 GC:3    +
    4   196  0   7.1%   0.737 UA:3    +
   32   193  0   7.0%   2.268 GU:3    +
   13    33  0   6.9%   1.055 CG:3    +
  173   179  0   6.9%   1.332 GC:3    +
   12    34  0   6.8%   0.937 GU:3    +
  174   178  0   6.7%   1.439 GC:3    +
   33   191  0   6.4%   1.730 GU:3    +
   31   199  0   6.4%   2.284 GU:3    +
    5   195  0   6.3%   1.004 AU:3    +
    3    30  0   6.3%   0.609 GU:3    +
    2    32  0   6.3%   1.063 UG:3    +
    1    33  0   6.2%   0.793 CG:3    +
   37    92  0   6.1%   0.558 GC:3    +
   10    25  0   6.0%   0.554 UA:3    +
   30   200  0   5.8%   1.858 UA:3    +
   30   194  0   5.8%   1.768 UA:3    +
   40    89  0   5.7%   0.525 GU:3    +
    6   198  0   5.7%   1.203 CG:3    +
    5   199  0   5.6%   1.130 AU:3    +
  173   178  0   5.6%   1.081 GC:3    +
   12   164  0   5.6%   1.099 GC:3    +
   13   163  0   5.6%   1.052 CG:3    +
   11   165  0   5.5%   0.856 CG:3    +
   32   105  0   5.4%   1.195 GC:3    +
   31   106  0   5.4%   1.136 GC:3    +
   33   104  0   5.4%   1.047 GC:3    +
   15   161  0   5.3%   0.977 CG:3    +
   16   160  0   5.2%   0.769 CG:3    +
   26   150  0   5.1%   0.820 GC:3    +
   27   149  0   5.1%   1.181 UA:3    +
   28   148  0   5.1%   0.944 GC:3    +
   32   191  0   5.1%   1.616 GU:3    +
    4   200  0   5.0%   0.816 UA:3    +
   11    35  0   5.0%   0.666 CG:3    +
   25   199  0   4.9%   1.142 AU:3    +
  136   158  0   4.9%   1.018 GU:3    +
   10   166  0   4.8%   0.693 UG:3    +
   24   200  0   4.8%   0.791 UA:3    +
   25   151  0   4.7%   0.681 AU:3    +
   34   103  0   4.7%   0.882 UG:3    +
   27   198  0   4.6%   2.091 UG:3    +
   35   195  0   4.5%   2.009 GU:3    +
    9   167  0   4.5%   0.545 AU:3    +
   29   147  0   4.4%   1.198 UA:3    +
   30   107  0   4.4%   0.989 UA:3    +
   31   192  0   4.3%   1.475 GU:3    +
    6    31  0   4.2%   1.085 CG:3    +
    7    30  0   4.2%   0.952 AU:3    +
    2   198  0   4.1%   0.939 UG:3    +
    8    29  0   3.9%   0.792 AU:3    +
   20   157  0   3.6%   0.886 GC:3    +
   21   156  0   3.6%   0.720 UA:3    +
   19   158  0   3.4%   0.540 GU:3    +
   35   102  0   3.2%   0.751 GU:3    +
   36   101  0   3.1%   0.517 UA:3    +
   22   155  0   3.1%   0.615 GU:3    +
    8   192  0   2.9%   0.559 AU:3    +
   28   188  0   2.8%   0.962 GC:3    +
   29   187  0   2.8%   1.237 UA:3    +
   30   186  0   2.8%   1.028 UA:3    +
   31   185  0   2.8%   1.131 GC:3    +
   33   190  0   2.8%   1.181 GU:3    +
   27   189  0   2.8%   1.216 UA:3    +
  102   163  0   2.7%   0.718 UG:3    +
    7   193  0   2.7%   0.858 AU:3    +
   61    65  0   2.7%   0.387 GU:3    +
   26   190  0   2.7%   0.834 GU:3    +
   35    93  0   2.6%   0.531 GC:3    +
   34    94  0   2.4%   0.592 UG:3    +
   33    95  0   2.4%   0.754 GC:3    +
   51    78  0   2.3%   0.333 GC:3    +
   11    26  0   2.3%   0.457 CG:3    +
   21    26  0   2.3%   0.738 UG:3    +
   50    79  0   2.3%   0.327 GC:3    +
   34   189  0   2.2%   1.003 UA:3    +
   35    95  0   2.2%   0.677 GC:3    +
   36    94  0   2.1%   0.445 UG:3    +
   49    80  0   2.1%   0.309 GC:3    +
   13    35  0   2.1%   0.886 CG:3    +
   14    34  0   2.1%   0.689 AU:3    +
    9   191  0   2.0%   0.544 AU:3    +
   36   194  0   2.0%   1.420 UA:3    +
   25   191  0   1.9%   0.733 AU:3    +
   32   184  0   1.8%   1.117 GU:3    +
   35   188  0   1.8%   0.893 GC:3    +
   12    36  0   1.7%   0.762 GU:3    +
  116   132  0   1.7%   0.393 CG:3    +
   15    33  0   1.6%   1.016 CG:3    +
  115   132  0   1.6%   0.303 CG:3    +
  144   153  0   1.6%   0.971 GU:3    +
  111   136  0   1.5%   0.335 CG:3    +
  112   135  0   1.5%   0.363 UG:3    +
   19   157  0   1.5%   0.251 GC:3    +
   55    62  0   1.5%   0.186 GC:3    +
   56    61  0   1.4%   0.188 CG:3    +
  116   131  0   1.4%   0.244 CG:3    +
  145   152  0   1.4%   0.648 AU:3    +
   36   187  0   1.4%   0.620 UA:3    +
   12    21  0   1.4%   0.225 GU:3    +
   13    20  0   1.4%   0.216 CG:3    +
   11    22  0   1.3%   0.220 CG:3    +
  111   135  0   1.3%   0.237 CG:3    +
   21   196  0   1.3%   0.864 UA:3    +
   20   197  0   1.3%   0.947 GC:3    +
   22   195  0   1.3%   0.775 GU:3    +
   18   158  0   1.3%   0.442 AU:3    +
  112   134  0   1.2%   0.232 UA:3    +
   54    63  0   1.2%   0.165 UA:3    +
   23   194  0   1.2%   0.485 UA:3    +
   37    93  0   1.2%   0.468 GC:3    +
   16    32  0   1.1%   1.014 CG:3    +
   86   174  0   1.1%   1.108 CG:3    +
   29   201  0   1.1%   1.786 UG:3    +
  143   154  0   1.0%   1.070 AU:3    +
   69   171  0   1.0%   0.202 GC:3    +
   70   170  0   1.0%   0.211 GC:3    +
   68   172  0   1.0%   0.197 UA:3    +
   48   176  0   1.0%   0.489 CG:3    +
   71   169  0   1.0%   0.201 CG:3    +
   67   173  0   1.0%   0.200 CG:3    +
  120   164  0   1.0%   0.444 GC:3    +
  118   166  0   1.0%   0.531 CG:3    +
  119   165  0   1.0%   0.487 UG:3    +
    6    26  0   1.0%   0.164 CG:3    +
  121   163  0   1.0%   0.566 CG:3    +
  115   169  0   1.0%   0.782 CG:3    +
  114   170  0   1.0%   0.634 GC:3    +
   47   177  0   1.0%   0.217 UA:3    +
  123   162  0   1.0%   0.233 GC:3    +
  144   152  0   1.0%   0.857 GU:3    +
  124   161  0   1.0%   0.411 UG:3    +
  125   160  0   1.0%   0.430 CG:3    +
  117   167  0   1.0%   0.493 AU:3    +
  126   159  0   1.0%   0.279 CG:3    +
  126   131  0   0.9%   0.282 CG:3    +
  125   132  0   0.9%   0.313 CG:3    +
    5    27  0   0.9%   0.144 AU:3    +
   66   174  0   0.9%   0.228 UG:3    +
   87   173  0   0.9%   0.956 UG:3    +
  145   151  0   0.9%   0.670 AU:3    +
  104   181  0   0.9%   0.909 CG:3    +
  103   182  0   0.9%   0.524 GC:3    +
  105   180  0   0.9%   0.557 CG:3    +
   89   168  0   0.9%   0.316 UA:3    +
   34    96  0   0.8%   0.533 UA:3    +
  124   133  0   0.8%   0.155 UA:3    +
   65   175  0   0.8%   0.312 UA:3    +
   18   199  0   0.8%   0.623 AU:3    +
   99   166  0   0.8%   0.355 UG:3    +
   34   194  0   0.8%   1.424 UA:3    +
  100   165  0   0.8%   0.394 UG:3    +
   98   167  0   0.7%   0.443 AU:3    +
    9    27  0   0.7%   0.587 AU:3    +
   26   199  0   0.7%   1.464 GU:3    +
   45   179  0   0.7%   0.418 GC:3    +
   10    26  0   0.7%   0.363 UG:3    +
  145   154  0   0.7%   0.694 AU:3    +
  144   155  0   0.7%   1.087 GU:3    +
  143   153  0   0.7%   0.963 AU:3    +
   83   176  0   0.7%   0.350 CG:3    +
   33   195  0   0.6%   2.041 GU:3    +
   14    27  0   0.6%   0.754 AU:3    +
   13    28  0   0.6%   0.760 CG:3    +
    4    28  0   0.6%   0.140 UG:3    +
  114   121  0   0.6%   0.122 GC:3    +
   15    26  0   0.6%   0.469 CG:3    +
  115   120  0   0.6%   0.118 CG:3    +
  142   155  0   0.6%   1.015 AU:3    +
   54   175  0   0.6%   0.361 UA:3    +
   48   174  0   0.6%   0.409 CG:3    +
   37   100  0   0.6%   0.362 GU:3    +
   47   175  0   0.6%   0.142 UA:3    +
  118   130  0   0.6%   0.132 CG:3    +
  110   136  0   0.6%   0.116 UG:3    +
  110   175  0   0.6%   0.451 UA:3    +
  109   176  0   0.6%   0.708 UG:3    +
   31   195  0   0.5%   2.009 GU:3    +
   90   167  0   0.5%   0.426 AU:3    +
  108   177  0   0.5%   0.448 UA:3    +
  111   174  0   0.5%   0.893 CG:3    +
   51    66  0   0.5%   0.085 GU:3    +
   52    65  0   0.5%   0.083 AU:3    +
   12    29  0   0.5%   0.895 GU:3    +
   50    67  0   0.5%   0.087 GC:3    +
   49    68  0   0.5%   0.087 GU:3    +
   48    69  0   0.5%   0.085 CG:3    +
    4   194  0   0.5%   0.207 UA:3    +
    3   195  0   0.5%   0.376 GU:3    +
  112   173  0   0.5%   0.744 UG:3    +
   26    86  0   0.5%   0.387 GC:3    +
   31   197  0   0.5%   2.226 GC:3    +
   27    85  0   0.5%   0.767 UA:3    +
   37    74  0   0.5%   0.092 GC:3    +
   38    73  0   0.5%   0.086 UG:3    +
   34    77  0   0.5%   0.372 UA:3    +
   36    75  0   0.5%   0.157 UG:3    +
    8    24  0   0.5%   0.116 AU:3    +
   25    87  0   0.5%   0.275 AU:3    +
    3    13  0   0.5%   0.108 GC:3    +
    3    11  0   0.5%   0.083 GC:3    +
  144   154  0   0.5%   0.961 GU:3    +
   33    78  0   0.5%   0.531 GC:3    +
    5   193  0   0.5%   0.501 AU:3    +
  112   172  0   0.5%   0.627 UA:3    +
   39    72  0   0.5%   0.083 UA:3    +
  111   173  0   0.5%   0.701 CG:3    +
    4    12  0   0.5%   0.088 UG:3    +
   61    66  0   0.4%   0.268 GU:3    +
   18    23  0   0.4%   0.318 AU:3    +
    3   188  0   0.4%   0.343 GC:3    +
   40    71  0   0.4%   0.081 GC:3    +
   96   102  0   0.4%   0.244 AU:3    +
   17    24  0   0.4%   0.156 AU:3    +
  145   153  0   0.4%   0.629 AU:3    +
    1   201  0   0.4%   0.531 CG:3    +
   32    79  0   0.4%   0.763 GC:3    +
  110   174  0   0.4%   0.731 UG:3    +
    2   196  0   0.4%   0.584 UA:3    +
    2   200  0   0.4%   0.737 UA:3    +
   47    70  0   0.4%   0.071 UG:3    +
    4   187  0   0.4%   0.170 UA:3    +
  109   175  0   0.4%   0.426 UA:3    +
   31    80  0   0.4%   0.702 GC:3    +
  142   154  0   0.4%   0.870 AU:3    +
   30   196  0   0.4%   1.896 UA:3    +
   22   154  0   0.4%   0.337 GU:3    +
    8    27  0   0.4%   0.498 AU:3    +
  111   132  0   0.4%   0.102 CG:3    +
  110   133  0   0.4%   0.072 UA:3    +
   47    82  0   0.4%   0.114 UG:3    +
    8   191  0   0.4%   0.278 AU:3    +
  166   185  0   0.4%   0.603 GC:3    +
   44   180  0   0.4%   0.370 UG:3    +
   95   103  0   0.4%   0.405 CG:3    +
   94   104  0   0.4%   0.410 GC:3    +
   24    88  0   0.4%   0.170 UG:3    +
    2   189  0   0.4%   0.555 UA:3    +
    2    14  0   0.4%   0.085 UA:3    +
  109   134  0   0.4%   0.075 UA:3    +
    7   192  0   0.4%   0.578 AU:3    +
   28    84  0   0.3%   0.504 GC:3    +
   51   178  0   0.3%   0.661 GC:3    +
   33   193  0   0.3%   1.860 GU:3    +
  144   148  0   0.3%   0.307 GC:3    +
    9   190  0   0.3%   0.325 AU:3    +
    4    31  0   0.3%   0.387 UG:3    +
  108   144  0   0.3%   0.328 UG:3    +
   23   201  0   0.3%   0.456 UG:3    +
  115   131  0   0.3%   0.126 CG:3    +
    1    31  0   0.3%   0.073 CG:3    +
  116   130  0   0.3%   0.069 CG:3    +
    2    25  0   0.3%   0.100 UA:3    +
   16   159  0   0.3%   0.324 CG:3    +
   23   200  0   0.3%   0.574 UA:3    +
    3    24  0   0.3%   0.114 GU:3    +
   15   160  0   0.3%   0.543 CG:3    +
   26   111  0   0.3%   0.387 GC:3    +
   25   112  0   0.3%   0.276 AU:3    +
  118   132  0   0.3%   0.310 CG:3    +
    9    23  0   0.3%   0.086 AU:3    +
   24   113  0   0.3%   0.179 UA:3    +
    3   199  0   0.3%   0.560 GU:3    +
  108   156  0   0.3%   0.455 UA:3    +
   84   173  0   0.3%   0.447 CG:3    +
  134   151  0   0.3%   0.305 AU:3    +
  133   152  0   0.3%   0.129 AU:3    +
  108   176  0   0.3%   0.683 UG:3    +
  132   153  0   0.3%   0.279 GU:3    +
  135   150  0   0.3%   0.490 GC:3    +
   35   193  0   0.3%   1.484 GU:3    +
   50   179  0   0.3%   0.859 GC:3    +
    1    26  0   0.3%   0.051 CG:3    +
    9    24  0   0.3%   0.146 AU:3    +
   29    82  0   0.3%   0.798 UG:3    +
  131   154  0   0.3%   0.265 GU:3    +
  143   155  0   0.3%   1.126 AU:3    +
   10   189  0   0.3%   0.466 UA:3    +
   23   114  0   0.3%   0.316 UG:3    +
  144   151  0   0.3%   0.900 GU:3    +
  109   156  0   0.2%   0.417 UA:3    +
   73    84  0   0.2%   0.552 GC:3    +
   30   198  0   0.2%   1.516 UG:3    +
  115   135  0   0.2%   0.321 CG:3    +
  109   143  0   0.2%   0.476 UA:3    +
   11    37  0   0.2%   0.400 CG:3    +
  115   137  0   0.2%   0.300 CG:3    +
  116   136  0   0.2%   0.498 CG:3    +
  144   157  0   0.2%   1.067 GC:3    +
  130   155  0   0.2%   0.245 GU:3    +
   97   102  0   0.2%   0.193 AU:3    +
  128   157  0   0.2%   0.267 GC:3    +
  143   152  0   0.2%   0.902 AU:3    +
  112   122  0   0.2%   0.063 UA:3    +
   35   148  0   0.2%   0.736 GC:3    +
    2    33  0   0.2%   0.690 UG:3    +
   34   149  0   0.2%   0.792 UA:3    +
   36   147  0   0.2%   0.494 UA:3    +
   33   150  0   0.2%   0.931 GC:3    +
  138   147  0   0.2%   0.357 UA:3    +
  111   123  0   0.2%   0.060 CG:3    +
   37   146  0   0.2%   0.358 GC:3    +
   22   115  0   0.2%   0.288 GC:3    +
  137   148  0   0.2%   0.249 GC:3    +
   38   145  0   0.2%   0.296 UA:3    +
  108   135  0   0.2%   0.046 UG:3    +
   75    84  0   0.2%   0.560 GC:3    +
   76    83  0   0.2%   0.396 GC:3    +
    5    30  0   0.2%   0.614 AU:3    +
   19    29  0   0.2%   0.799 GU:3    +
   12    24  0   0.2%   0.416 GU:3    +
   11    19  0   0.2%   0.063 CG:3    +
  171   176  0   0.2%   0.838 CG:3    +
  141   155  0   0.2%   0.862 AU:3    +
   32   151  0   0.2%   1.064 GU:3    +
   49    87  0   0.2%   0.728 GU:3    +
   50    86  0   0.2%   0.746 GC:3    +
   48    88  0   0.2%   0.359 CG:3    +
   40    95  0   0.2%   0.405 GC:3    +
   86   176  0   0.2%   0.962 CG:3    +
  108   145  0   0.2%   0.325 UA:3    +
   87   175  0   0.2%   0.727 UA:3    +
   39    96  0   0.2%   0.305 UA:3    +
   10    20  0   0.2%   0.044 UG:3    +
   17   158  0   0.2%   0.284 AU:3    +
   39   144  0   0.2%   0.292 UG:3    +
   83   174  0   0.2%   0.302 CG:3    +
   32   197  0   0.2%   2.428 GC:3    +
  127   134  0   0.2%   0.301 UA:3    +
  157   166  0   0.2%   0.835 CG:3    +
  126   135  0   0.2%   0.333 CG:3    +
  158   165  0   0.2%   0.851 UG:3    +
  193   200  0   0.2%   1.133 UA:3    +
  159   164  0   0.2%   0.462 GC:3    +
  112   131  0   0.2%   0.068 UG:3    +
  125   136  0   0.2%   0.289 CG:3    +
    1   198  0   0.1%   0.479 CG:3    +
  156   167  0   0.1%   0.856 AU:3    +
   18    30  0   0.1%   0.833 AU:3    +
   45   182  0   0.1%   0.525 GC:3    +
  166   178  0   0.1%   0.568 GC:3    +
  165   179  0   0.1%   0.602 GC:3    +
  119   131  0   0.1%   0.216 UG:3    +
    4     9  0   0.1%   0.038 UA:3    +
   11    31  0   0.1%   0.627 CG:3    +
  167   177  0   0.1%   0.508 UA:3    +
   61    71  0   0.1%   0.257 GC:3    +
    2     9  0   0.1%   0.038 UA:3    +
   60    72  0   0.1%   0.223 UA:3    +
   28    83  0   0.1%   0.463 GC:3    +
    9    21  0   0.1%   0.050 AU:3    +
   62    70  0   0.1%   0.136 CG:3    +
  114   129  0   0.1%   0.085 GC:3    +
  115   128  0   0.1%   0.078 CG:3    +
  194   199  0   0.1%   1.355 AU:3    +
   38    97  0   0.1%   0.255 UA:3    +
  151   156  0   0.1%   0.998 UA:3    +
  142   153  0   0.1%   0.803 AU:3    +
   50   171  0   0.1%   0.443 GC:3    +
   11    32  0   0.1%   0.649 CG:3    +
  164   180  0   0.1%   0.578 CG:3    +
   10    33  0   0.1%   0.466 UG:3    +
   37   193  0   0.1%   1.027 GU:3    +
    2     8  0   0.1%   0.027 UA:3    +
   56    76  0   0.1%   0.112 CG:3    +
   57    75  0   0.1%   0.078 CG:3    +
    3    10  0   0.1%   0.025 GU:3    +
   51   170  0   0.1%   0.431 GC:3    +
    3    34  0   0.1%   0.284 GU:3    +
   48   181  0   0.1%   1.123 CG:3    +
    9    34  0   0.1%   0.153 AU:3    +
  114   138  0   0.1%   0.224 GU:3    +
  188   198  0   0.1%   0.823 CG:3    +
  110   142  0   0.1%   0.398 UA:3    +
  187   199  0   0.1%   0.904 AU:3    +
   43    92  0   0.1%   0.489 GC:3    +
    6    33  0   0.1%   0.760 CG:3    +
   44    91  0   0.1%   0.516 UA:3    +
  109   144  0   0.1%   0.287 UG:3    +
  170   174  0   0.1%   1.006 CG:3    +
    9    29  0   0.1%   0.597 AU:3    +
   35   191  0   0.1%   1.408 GU:3    +
    5    34  0   0.1%   0.444 AU:3    +
   38    98  0   0.1%   0.261 UA:3    +
  143   158  0   0.1%   1.149 AU:3    +
   32   195  0   0.1%   2.219 GU:3    +
   33   183  0   0.1%   0.772 GU:3    +
  136   150  0   0.1%   0.442 GC:3    +
  135   151  0   0.1%   0.487 GU:3    +
  133   153  0   0.1%   0.125 AU:3    +
  134   152  0   0.1%   0.162 AU:3    +
  132   154  0   0.1%   0.303 GU:3    +
  136   148  0   0.1%   0.425 GC:3    +
   53    65  0   0.1%   0.050 AU:3    +
   10    28  0   0.1%   0.637 UG:3    +
   52    66  0   0.1%   0.077 AU:3    +
   39    97  0   0.1%   0.271 UA:3    +
   30    82  0   0.1%   0.607 UG:3    +
   73    86  0   0.1%   0.555 GC:3    +
   72    87  0   0.1%   0.540 AU:3    +
   28   109  0   0.1%   0.486 GU:3    +
    7    39  0   0.1%   0.524 AU:3    +
    6    40  0   0.1%   0.582 CG:3    +
  118   123  0   0.1%   0.048 CG:3    +
  137   146  0   0.1%   0.067 GC:3    +
   51    67  0   0.1%   0.077 GC:3    +
    7   191  0   0.1%   0.532 AU:3    +
  155   168  0   0.1%   0.576 UA:3    +
  131   155  0   0.1%   0.357 GU:3    +
  121   136  0   0.1%   0.286 CG:3    +
  118   135  0   0.1%   0.384 CG:3    +
  117   124  0   0.1%   0.028 AU:3    +
  119   134  0   0.1%   0.156 UA:3    +
   87   168  0   0.1%   0.354 UA:3    +
   86   169  0   0.1%   0.407 CG:3    +
  138   145  0   0.1%   0.198 UA:3    +
   88    95  0   0.1%   0.254 GC:3    +
   28   146  0   0.1%   0.496 GC:3    +
    8    38  0   0.1%   0.212 AU:3    +
   21    25  0   0.1%   0.458 UA:3    +
  166   188  0   0.1%   0.694 GC:3    +
   10    32  0   0.1%   0.674 UG:3    +
   98   102  0   0.1%   0.183 AU:3    +
   29   145  0   0.1%   0.790 UA:3    +
  167   187  0   0.1%   0.716 UA:3    +
   27   147  0   0.1%   0.741 UA:3    +
    7    24  0   0.1%   0.046 AU:3    +
   39    91  0   0.1%   0.436 UA:3    +
    8    30  0   0.1%   0.524 AU:3    +
   31    81  0   0.1%   0.675 GC:3    +
   19    27  0   0.1%   0.530 GU:3    +
   16   201  0   0.1%   0.492 CG:3    +
   11    28  0   0.1%   0.595 CG:3    +
   89    94  0   0.1%   0.376 UG:3    +
   50    68  0   0.1%   0.077 GU:3    +
   26   148  0   0.1%   0.378 GC:3    +
   21   117  0   0.1%   0.366 UA:3    +
   39    98  0   0.1%   0.275 UA:3    +
   31   191  0   0.1%   1.135 GU:3    +
   20   118  0   0.1%   0.472 GC:3    +
   51    84  0   0.1%   0.722 GC:3    +
    6    35  0   0.1%   0.578 CG:3    +
    8   190  0   0.1%   0.218 AU:3    +
   71    88  0   0.1%   0.104 CG:3    +
    7    34  0   0.1%   0.530 AU:3    +
    6    12  0   0.1%   0.045 CG:3    +
    6    22  0   0.1%   0.022 CG:3    +
   45   178  0   0.1%   0.320 GC:3    +
  147   152  0   0.1%   0.643 AU:3    +
   54   174  0   0.1%   0.278 UG:3    +
   12    30  0   0.1%   0.699 GU:3    +
  108   142  0   0.1%   0.035 UA:3    +
   48    70  0   0.1%   0.069 CG:3    +
    5    24  0   0.1%   0.039 AU:3    +
   15    19  0   0.1%   0.034 CG:3    +
  106   144  0   0.1%   0.192 CG:3    +
  192   201  0   0.1%   0.860 UG:3    +
    5    23  0   0.1%   0.017 AU:3    +
    3    29  0   0.1%   0.094 GU:3    +
   70    89  0   0.1%   0.238 GU:3    +
   24   198  0   0.1%   0.487 UG:3    +
   20   116  0   0.1%   0.464 GC:3    +
   19   119  0   0.1%   0.070 GU:3    +
   54    75  0   0.1%   0.265 UG:3    +
    4    25  0   0.1%   0.069 UA:3    +
    9    36  0   0.1%   0.134 AU:3    +
  147   154  0   0.1%   0.660 AU:3    +
   31   146  0   0.1%   0.846 GC:3    +
   26   157  0   0.1%   0.707 GC:3    +
   43    95  0   0.1%   0.499 GC:3    +
   27   156  0   0.1%   1.007 UA:3    +
    2    12  0   0.1%   0.034 UG:3    +
   44    94  0   0.1%   0.490 UG:3    +
   32    80  0   0.1%   0.752 GC:3    +
   25   158  0   0.1%   0.585 AU:3    +
   37    99  0   0.1%   0.282 GU:3    +
   45    93  0   0.1%   0.460 GC:3    +
   35   197  0   0.1%   2.129 GC:3    +
  162   169  0   0.1%   0.554 CG:3    +
   51    74  0   0.1%   0.076 GC:3    +
   11   198  0   0.1%   0.856 CG:3    +
   54    64  0   0.1%   0.067 UA:3    +
   96   100  0   0.1%   0.101 AU:3    +
    7    21  0   0.1%   0.014 AU:3    +
    5    36  0   0.1%   0.433 AU:3    +
   87    96  0   0.1%   0.392 UA:3    +
   25   152  0   0.1%   0.403 AU:3    +
   28   155  0   0.1%   0.749 GU:3    +
    6    32  0   0.0%   0.969 CG:3    +
   24   159  0   0.0%   0.177 UG:3    +
  174   179  0   0.0%   1.134 GC:3    +
  161   170  0   0.0%   0.756 GC:3    +
   31   152  0   0.0%   0.846 GU:3    +
  191   200  0   0.0%   1.051 UA:3    +
   43   190  0   0.0%   0.940 GU:3    +
   44   189  0   0.0%   0.979 UA:3    +
   42   191  0   0.0%   0.970 AU:3    +
   41   192  0   0.0%   0.838 AU:3    +
   45   188  0   0.0%   0.671 GC:3    +
   60    64  0   0.0%   0.016 UA:3    +
   30   144  0   0.0%   0.730 UG:3    +
  166   184  0   0.0%   0.524 GU:3    +
   36   196  0   0.0%   1.710 UA:3    +
   19   118  0   0.0%   0.060 GC:3    +
   20   150  0   0.0%   0.474 GC:3    +
   21   149  0   0.0%   0.369 UA:3    +
   12    27  0   0.0%   0.787 GU:3    +
   12   162  0   0.0%   0.623 GC:3    +
   13   161  0   0.0%   0.574 CG:3    +
   19   151  0   0.0%   0.073 GU:3    +
   40   193  0   0.0%   0.897 GU:3    +
   22   148  0   0.0%   0.279 GC:3    +
   25   192  0   0.0%   0.611 AU:3    +
   18   119  0   0.0%   0.268 AU:3    +
   45    71  0   0.0%   0.036 GC:3    +
   19    30  0   0.0%   0.616 GU:3    +
   18   152  0   0.0%   0.275 AU:3    +
  118   128  0   0.0%   0.039 CG:3    +
  141   154  0   0.0%   0.748 AU:3    +
   20    29  0   0.0%   1.194 GU:3    +
  109   141  0   0.0%   0.043 UA:3    +
    4   198  0   0.0%   0.489 UG:3    +
  165   185  0   0.0%   0.553 GC:3    +
   24   201  0   0.0%   0.371 UG:3    +
  149   155  0   0.0%   0.692 AU:3    +
  160   171  0   0.0%   0.713 GC:3    +
   22   116  0   0.0%   0.276 GC:3    +
   22   146  0   0.0%   0.272 GC:3    +
  147   153  0   0.0%   0.635 AU:3    +
   21   147  0   0.0%   0.364 UA:3    +
    8   193  0   0.0%   0.464 AU:3    +
   13    26  0   0.0%   0.455 CG:3    +
   20   148  0   0.0%   0.466 GC:3    +
   23   145  0   0.0%   0.293 UA:3    +
   50    78  0   0.0%   0.073 GC:3    +
   49    79  0   0.0%   0.067 GC:3    +
   11   163  0   0.0%   0.381 CG:3    +
  140   146  0   0.0%   0.175 GC:3    +
  147   151  0   0.0%   0.733 AU:3    +
   23   147  0   0.0%   0.298 UA:3    +
   24   144  0   0.0%   0.154 UG:3    +
    4    35  0   0.0%   0.109 UG:3    +
  149   154  0   0.0%   0.641 AU:3    +
   19   116  0   0.0%   0.055 GC:3    +
   22   188  0   0.0%   0.434 GC:3    +
   21   189  0   0.0%   0.527 UA:3    +
    9    30  0   0.0%   0.439 AU:3    +
   20   190  0   0.0%   0.618 GU:3    +
    4    14  0   0.0%   0.063 UA:3    +
   33    79  0   0.0%   0.514 GC:3    +
    3    15  0   0.0%   0.067 GC:3    +
  145   155  0   0.0%   0.713 AU:3    +
   50    56  0   0.0%   0.009 GC:3    +
   49    57  0   0.0%   0.010 GC:3    +
   23   187  0   0.0%   0.322 UA:3    +
   20   115  0   0.0%   0.452 GC:3    +
   19   191  0   0.0%   0.357 GU:3    +
   19   150  0   0.0%   0.065 GC:3    +
   30   147  0   0.0%   0.879 UA:3    +
   18   151  0   0.0%   0.269 AU:3    +
   34   198  0   0.0%   1.442 UG:3    +
   37   195  0   0.0%   1.278 GU:3    +
   18   192  0   0.0%   0.456 AU:3    +
    9   192  0   0.0%   0.491 AU:3    +
  162   181  0   0.0%   0.711 CG:3    +
  161   182  0   0.0%   0.492 GC:3    +
   10    22  0   0.0%   0.035 UG:3    +
   37    95  0   0.0%   0.445 GC:3    +
   39   172  0   0.0%   0.272 UA:3    +
   40   171  0   0.0%   0.216 GC:3    +
    6   201  0   0.0%   0.766 CG:3    +
   36   175  0   0.0%   0.322 UA:3    +
   38   173  0   0.0%   0.265 UG:3    +
   81   180  0   0.0%   0.646 CG:3    +
  108   113  0   0.0%   0.025 UA:3    +
   34   177  0   0.0%   0.617 UA:3    +
  129   135  0   0.0%   0.309 CG:3    +
   21   114  0   0.0%   0.354 UG:3    +
   20    92  0   0.0%   0.449 GC:3    +
   19    93  0   0.0%   0.051 GC:3    +
    4    33  0   0.0%   0.289 UG:3    +
   38    94  0   0.0%   0.405 UG:3    +
   26   191  0   0.0%   0.805 GU:3    +
  113   119  0   0.0%   0.037 AU:3    +
   21    91  0   0.0%   0.352 UA:3    +
   73    78  0   0.0%   0.154 GC:3    +
   33   178  0   0.0%   0.754 GC:3    +
   47   180  0   0.0%   0.154 UG:3    +
  114   118  0   0.0%   0.038 GC:3    +
  192   200  0   0.0%   1.248 UA:3    +
   82   179  0   0.0%   0.711 GC:3    +
  160   183  0   0.0%   0.461 GU:3    +
   12   197  0   0.0%   0.973 GC:3    +
   44    72  0   0.0%   0.033 UA:3    +
   17   153  0   0.0%   0.257 AU:3    +
   17   193  0   0.0%   0.397 AU:3    +
  163   182  0   0.0%   0.627 GC:3    +
  147   155  0   0.0%   0.707 AU:3    +
   51   171  0   0.0%   0.432 GC:3    +
  109   133  0   0.0%   0.017 UA:3    +
   21    28  0   0.0%   0.782 UG:3    +
  110   132  0   0.0%   0.010 UG:3    +
    8    23  0   0.0%   0.021 AU:3    +
   39   194  0   0.0%   1.096 UA:3    +
   32   179  0   0.0%   0.899 GC:3    +
  137   150  0   0.0%   0.238 GC:3    +
    1    19  0   0.0%   0.007 CG:3    +
  136   151  0   0.0%   0.432 GU:3    +
   75    93  0   0.0%   0.369 GC:3    +
  135   152  0   0.0%   0.338 GU:3    +
   74    94  0   0.0%   0.374 CG:3    +
  134   153  0   0.0%   0.153 AU:3    +
    9   199  0   0.0%   0.550 AU:3    +
   73    95  0   0.0%   0.412 GC:3    +
   76    92  0   0.0%   0.389 GC:3    +
  133   154  0   0.0%   0.144 AU:3    +
   13    19  0   0.0%   0.046 CG:3    +
  157   173  0   0.0%   0.876 CG:3    +
  138   149  0   0.0%   0.339 UA:3    +
  158   172  0   0.0%   0.791 UA:3    +
   49   178  0   0.0%   0.419 GC:3    +
   16    22  0   0.0%   0.251 CG:3    +
  190   196  0   0.0%   1.574 UA:3    +
  191   196  0   0.0%   1.633 UA:3    +
   41    89  0   0.0%   0.173 AU:3    +
   24   186  0   0.0%   0.160 UA:3    +
    2    18  0   0.0%   0.051 UA:3    +
   49    93  0   0.0%   0.561 GC:3    +
   50    92  0   0.0%   0.597 GC:3    +
   27   194  0   0.0%   1.069 UA:3    +
  149   158  0   0.0%   0.676 AU:3    +
  112   120  0   0.0%   0.026 UG:3    +
   88   164  0   0.0%   0.220 GC:3    +
   86   166  0   0.0%   0.493 CG:3    +
  111   131  0   0.0%   0.039 CG:3    +
   87   165  0   0.0%   0.501 UG:3    +
   17   152  0   0.0%   0.254 AU:3    +
   55    74  0   0.0%   0.116 GC:3    +
   88   167  0   0.0%   0.205 GU:3    +
   89   163  0   0.0%   0.356 UG:3    +
   26   195  0   0.0%   0.882 GU:3    +
   48    94  0   0.0%   0.501 CG:3    +
   10   198  0   0.0%   0.729 UG:3    +
  175   183  0   0.0%   0.597 AU:3    +
  176   182  0   0.0%   0.901 GC:3    +
    2     7  0   0.0%   0.005 UA:3    +
    3   185  0   0.0%   0.274 GC:3    +
   28   193  0   0.0%   0.872 GU:3    +
  174   184  0   0.0%   0.886 GU:3    +
   85   167  0   0.0%   0.466 AU:3    +
  108   134  0   0.0%   0.011 UA:3    +
   30   145  0   0.0%   0.735 UA:3    +
    5    10  0   0.0%   0.014 AU:3    +
   11    20  0   0.0%   0.053 CG:3    +
  132   155  0   0.0%   0.388 GU:3    +
   24   194  0   0.0%   0.243 UA:3    +
   36    96  0   0.0%   0.235 UA:3    +
  173   185  0   0.0%   0.945 GC:3    +
  103   148  0   0.0%   0.348 GC:3    +
   25   193  0   0.0%   0.609 AU:3    +
   56   181  0   0.0%   0.634 CG:3    +
   57   180  0   0.0%   0.236 CG:3    +
   92   160  0   0.0%   0.366 CG:3    +
   93   159  0   0.0%   0.188 CG:3    +
   13   198  0   0.0%   1.045 CG:3    +
   55   182  0   0.0%   0.251 GC:3    +
  152   156  0   0.0%   0.888 UA:3    +
    2   186  0   0.0%   0.497 UA:3    +
   56    73  0   0.0%   0.115 CG:3    +
   38   194  0   0.0%   1.098 UA:3    +
   40    48  0   0.0%   0.012 GC:3    +
   59    66  0   0.0%   0.042 GU:3    +
   12   199  0   0.0%   0.966 GU:3    +
    4    32  0   0.0%   0.511 UG:3    +
  108   147  0   0.0%   0.450 UA:3    +
   10    31  0   0.0%   0.648 UG:3    +
   51   185  0   0.0%   0.631 GC:3    +
   52   184  0   0.0%   0.212 AU:3    +
   32   190  0   0.0%   1.098 GU:3    +
  159   171  0   0.0%   0.566 GC:3    +
   45    83  0   0.0%   0.020 GC:3    +
  149   153  0   0.0%   0.617 AU:3    +
  112   130  0   0.0%   0.040 UG:3    +
  102   149  0   0.0%   0.329 UA:3    +
    1    35  0   0.0%   0.453 CG:3    +
   82   178  0   0.0%   0.686 GC:3    +
   41    47  0   0.0%   0.005 AU:3    +
   49   171  0   0.0%   0.410 GC:3    +
   50   170  0   0.0%   0.416 GC:3    +
   17    21  0   0.0%   0.252 AU:3    +
    9   195  0   0.0%   0.569 AU:3    +
   81   176  0   0.0%   0.488 CG:3    +
  186   193  0   0.0%   0.793 AU:3    +
   32   199  0   0.0%   2.143 GU:3    +
  164   169  0   0.0%   0.733 CG:3    +
  112   136  0   0.0%   0.264 UG:3    +
   10   194  0   0.0%   0.447 UA:3    +
   15    22  0   0.0%   0.428 CG:3    +
   59   178  0   0.0%   0.237 GC:3    +
  163   170  0   0.0%   0.888 GC:3    +
   22    27  0   0.0%   0.935 GU:3    +
   75   179  0   0.0%   0.442 GC:3    +
   55    78  0   0.0%   0.203 GC:3    +
   53   183  0   0.0%   0.171 AU:3    +
   76   178  0   0.0%   0.413 GC:3    +
   36    98  0   0.0%   0.197 UA:3    +
   26   146  0   0.0%   0.360 GC:3    +
   82   162  0   0.0%   0.477 GC:3    +
   83   161  0   0.0%   0.351 CG:3    +
   74   180  0   0.0%   0.395 CG:3    +
   84   160  0   0.0%   0.520 CG:3    +
  110   137  0   0.0%   0.060 UG:3    +
   27   145  0   0.0%   0.723 UA:3    +
  123   127  0   0.0%   0.212 GU:3    +
   46    89  0   0.0%   0.171 AU:3    +
   81   163  0   0.0%   0.600 CG:3    +
   51    56  0   0.0%   0.007 GC:3    +
   35    99  0   0.0%   0.426 GU:3    +
   60   177  0   0.0%   0.066 UA:3    +
  164   181  0   0.0%   0.899 CG:3    +
   50    57  0   0.0%   0.010 GC:3    +
  109   113  0   0.0%   0.030 UA:3    +
   14    23  0   0.0%   0.443 AU:3    +
  168   184  0   0.0%   0.500 AU:3    +
    9    38  0   0.0%   0.130 AU:3    +
   88   121  0   0.0%   0.053 GC:3    +
   87   122  0   0.0%   0.334 UA:3    +
   86   123  0   0.0%   0.339 CG:3    +
   89   156  0   0.0%   0.311 UA:3    +
  108   114  0   0.0%   0.026 UG:3    +
   89   120  0   0.0%   0.185 UG:3    +
   88   157  0   0.0%   0.241 GC:3    +
   90   155  0   0.0%   0.308 AU:3    +
   78   166  0   0.0%   0.274 CG:3    +
   79   165  0   0.0%   0.549 CG:3    +
    2   201  0   0.0%   0.718 UG:3    +
   28   182  0   0.0%   0.637 GC:3    +
   85   124  0   0.0%   0.319 AU:3    +
    7    29  0   0.0%   0.717 AU:3    +
  187   192  0   0.0%   1.029 AU:3    +
   50   105  0   0.0%   0.572 GC:3    +
   49   106  0   0.0%   0.562 GC:3    +
  126   160  0   0.0%   0.390 CG:3    +
  191   201  0   0.0%   0.652 UG:3    +
   95   114  0   0.0%   0.241 CG:3    +
   94   115  0   0.0%   0.230 GC:3    +
  125   161  0   0.0%   0.375 CG:3    +
   82   129  0   0.0%   0.471 GC:3    +
   81   130  0   0.0%   0.434 CG:3    +
   83   128  0   0.0%   0.190 CG:3    +
   78    82  0   0.0%   0.590 CG:3    +
   80   131  0   0.0%   0.556 CG:3    +
   51   104  0   0.0%   0.564 GC:3    +
  127   159  0   0.0%   0.336 UG:3    +
  135   158  0   0.0%   0.632 GU:3    +
   88    93  0   0.0%   0.204 GC:3    +
   54    76  0   0.0%   0.234 UG:3    +
   29   181  0   0.0%   0.914 UG:3    +
   79   132  0   0.0%   0.386 CG:3    +
   77   167  0   0.0%   0.174 AU:3    +
  170   176  0   0.0%   0.870 CG:3    +
  197   201  0   0.0%   1.211 CG:3    +
    2    35  0   0.0%   0.495 UG:3    +
   90   119  0   0.0%   0.204 AU:3    +
  148   159  0   0.0%   0.359 CG:3    +
  136   157  0   0.0%   0.448 GC:3    +
   35   192  0   0.0%   1.601 GU:3    +
   39    49  0   0.0%   0.012 UG:3    +
  190   201  0   0.0%   0.591 UG:3    +
   45    62  0   0.0%   0.003 GC:3    +
    3    16  0   0.0%   0.064 GC:3    +
  110   143  0   0.0%   0.446 UA:3    +
  159   184  0   0.0%   0.328 GU:3    +
   38   186  0   0.0%   0.367 UA:3    +
   11   201  0   0.0%   0.570 CG:3    +
   86   159  0   0.0%   0.361 CG:3    +
   25    34  0   0.0%   0.495 AU:3    +
  163   188  0   0.0%   0.728 GC:3    +
   83   169  0   0.0%   0.240 CG:3    +
   89   173  0   0.0%   0.871 UG:3    +
   82   170  0   0.0%   0.531 GC:3    +
   94   158  0   0.0%   0.401 GU:3    +
    8    39  0   0.0%   0.209 AU:3    +
   30   180  0   0.0%   0.727 UG:3    +
   22   153  0   0.0%   0.275 GU:3    +
    2    17  0   0.0%   0.047 UA:3    +
   15   201  0   0.0%   0.697 CG:3    +
   62   176  0   0.0%   0.123 CG:3    +
  154   176  0   0.0%   0.848 UG:3    +
   80   174  0   0.0%   0.638 CG:3    +
   81   173  0   0.0%   0.487 CG:3    +
   78   176  0   0.0%   0.175 CG:3    +
   27    32  0   0.0%   1.382 UG:3    +
  160   170  0   0.0%   0.761 GC:3    +
   30    98  0   0.0%   0.581 UA:3    +
  195   200  0   0.0%   1.366 UA:3    +
   48    59  0   0.0%   0.005 CG:3    +
  107   155  0   0.0%   0.256 AU:3    +
   97   154  0   0.0%   0.058 AU:3    +
   91   154  0   0.0%   0.233 AU:3    +
  101   184  0   0.0%   0.287 AU:3    +
   76    81  0   0.0%   0.615 GC:3    +
   24    31  0   0.0%   0.743 UG:3    +
   98   153  0   0.0%   0.030 AU:3    +
  190   194  0   0.0%   1.212 UA:3    +
    8   167  0   0.0%   0.203 AU:3    +
  189   195  0   0.0%   1.231 AU:3    +
   25    30  0   0.0%   0.770 AU:3    +
  103   146  0   0.0%   0.197 GC:3    +
   22   162  0   0.0%   0.406 GC:3    +
   31   179  0   0.0%   0.832 GC:3    +
   74   169  0   0.0%   0.237 CG:3    +
   73   170  0   0.0%   0.276 GC:3    +
  130   157  0   0.0%   0.307 GC:3    +
    6   166  0   0.0%   0.571 CG:3    +
   54   177  0   0.0%   0.319 UA:3    +
   41    87  0   0.0%   0.030 AU:3    +
   21   163  0   0.0%   0.648 UG:3    +
   59    65  0   0.0%   0.039 GU:3    +
   20   164  0   0.0%   0.748 GC:3    +
  153   177  0   0.0%   0.523 UA:3    +
    5   167  0   0.0%   0.428 AU:3    +
  111   120  0   0.0%   0.021 CG:3    +
   75    80  0   0.0%   0.421 GC:3    +
   96   155  0   0.0%   0.202 AU:3    +
  142   151  0   0.0%   0.376 AU:3    +
   35    78  0   0.0%   0.269 GC:3    +
  140   148  0   0.0%   0.333 GC:3    +
  193   198  0   0.0%   1.084 UG:3    +
  185   201  0   0.0%   0.330 CG:3    +
   63    68  0   0.0%   0.109 AU:3    +
   48   173  0   0.0%   0.323 CG:3    +
  150   159  0   0.0%   0.637 CG:3    +
    9    39  0   0.0%   0.131 AU:3    +
   45    81  0   0.0%   0.013 GC:3    +
  109   114  0   0.0%   0.031 UG:3    +
   36    77  0   0.0%   0.134 UA:3    +
  190   198  0   0.0%   0.969 UG:3    +
   16    20  0   0.0%   0.251 CG:3    +
   54    73  0   0.0%   0.252 UG:3    +
    1    12  0   0.0%   0.002 CG:3    +
   54   176  0   0.0%   0.317 UG:3    +
  105   144  0   0.0%   0.179 CG:3    +
   95   169  0   0.0%   0.696 CG:3    +
   94   170  0   0.0%   0.721 GC:3    +
   27   200  0   0.0%   1.828 UA:3    +
  120   126  0   0.0%   0.039 GC:3    +
  189   199  0   0.0%   0.982 AU:3    +
   44    82  0   0.0%   0.029 UG:3    +
   43    83  0   0.0%   0.013 GC:3    +
   32   178  0   0.0%   0.893 GC:3    +
   54    77  0   0.0%   0.260 UA:3    +
   16   161  0   0.0%   0.604 CG:3    +
   10    18  0   0.0%   0.014 UA:3    +
  101   183  0   0.0%   0.273 AU:3    +
   33   182  0   0.0%   0.752 GC:3    +
   12   188  0   0.0%   0.803 GC:3    +
   74    88  0   0.0%   0.225 CG:3    +
  121   135  0   0.0%   0.317 CG:3    +
  114   171  0   0.0%   0.533 GC:3    +
    7   184  0   0.0%   0.513 AU:3    +
   84    88  0   0.0%   0.385 CG:3    +
  108   149  0   0.0%   0.452 UA:3    +
   75    87  0   0.0%   0.532 GU:3    +
   45    95  0   0.0%   0.492 GC:3    +
    6    20  0   0.0%   0.007 CG:3    +
   76    86  0   0.0%   0.533 GC:3    +
   73    89  0   0.0%   0.389 GU:3    +
    5    21  0   0.0%   0.004 AU:3    +
  186   192  0   0.0%   0.929 AU:3    +
   15   198  0   0.0%   0.981 CG:3    +
   44    96  0   0.0%   0.361 UA:3    +
    9   193  0   0.0%   0.490 AU:3    +
   37   185  0   0.0%   0.419 GC:3    +
    4     8  0   0.0%   0.010 UA:3    +
   81    88  0   0.0%   0.471 CG:3    +
  116   123  0   0.0%   0.029 CG:3    +
   29   200  0   0.0%   1.920 UA:3    +
  191   198  0   0.0%   1.025 UG:3    +
   23   161  0   0.0%   0.451 UG:3    +
   47   174  0   0.0%   0.051 UG:3    +
   33   199  0   0.0%   2.121 GU:3    +
   97   167  0   0.0%   0.343 AU:3    +
   38    50  0   0.0%   0.010 UG:3    +
   61   179  0   0.0%   0.424 GC:3    +
   80   181  0   0.0%   1.095 CG:3    +
   34   181  0   0.0%   0.615 UG:3    +
   44    63  0   0.0%   0.002 UA:3    +
   20   155  0   0.0%   0.466 GU:3    +
  107   154  0   0.0%   0.166 AU:3    +
   14   199  0   0.0%   0.500 AU:3    +
  100   166  0   0.0%   0.346 UG:3    +
   23    28  0   0.0%   0.704 UG:3    +
   45   185  0   0.0%   0.544 GC:3    +
  102   147  0   0.0%   0.323 UA:3    +
  129   136  0   0.0%   0.263 CG:3    +
  123   129  0   0.0%   0.059 GC:3    +
  107   112  0   0.0%   0.157 AU:3    +
  109   137  0   0.0%   0.035 UG:3    +
  154   175  0   0.0%   0.628 UA:3    +
   18    27  0   0.0%   0.519 AU:3    +
  153   176  0   0.0%   0.826 UG:3    +
   62    69  0   0.0%   0.109 CG:3    +
   28   199  0   0.0%   1.723 GU:3    +
  140   155  0   0.0%   0.810 GU:3    +
   46   184  0   0.0%   0.174 AU:3    +
  157   174  0   0.0%   1.008 CG:3    +
   32   183  0   0.0%   0.896 GU:3    +
    8    34  0   0.0%   0.214 AU:3    +
   12    16  0   0.0%   0.037 GC:3    +
  195   201  0   0.0%   0.961 UG:3    +
   29   143  0   0.0%   0.768 UA:3    +
   47    88  0   0.0%   0.070 UG:3    +
   87   174  0   0.0%   1.048 UG:3    +
   79   174  0   0.0%   0.468 CG:3    +
    4    22  0   0.0%   0.039 UG:3    +
   80   173  0   0.0%   0.607 CG:3    +
   48    76  0   0.0%   0.037 CG:3    +
  187   191  0   0.0%   0.828 AU:3    +
   13    31  0   0.0%   0.716 CG:3    +
  101   167  0   0.0%   0.457 AU:3    +
  167   196  0   0.0%   1.509 UA:3    +
  166   197  0   0.0%   1.462 GC:3    +
   53    89  0   0.0%   0.177 AU:3    +
   43   183  0   0.0%   0.615 GU:3    +
  124   128  0   0.0%   0.047 UG:3    +
  125   131  0   0.0%   0.150 CG:3    +
  126   130  0   0.0%   0.091 CG:3    +
   26   192  0   0.0%   0.749 GU:3    +
   61    67  0   0.0%   0.239 GC:3    +
    2   194  0   0.0%   0.515 UA:3    +
   19   199  0   0.0%   0.469 GU:3    +
   66   175  0   0.0%   0.208 UA:3    +
   32    93  0   0.0%   0.724 GC:3    +
   16   165  0   0.0%   0.606 CG:3    +
  151   160  0   0.0%   0.844 UG:3    +
   15   166  0   0.0%   0.813 CG:3    +
   37   197  0   0.0%   1.526 GC:3    +
   54   173  0   0.0%   0.237 UG:3    +
   33    92  0   0.0%   0.489 GC:3    +
    4   168  0   0.0%   0.103 UA:3    +
  150   161  0   0.0%   0.773 CG:3    +
   43    93  0   0.0%   0.451 GC:3    +
  155   175  0   0.0%   0.682 UA:3    +
  158   173  0   0.0%   0.880 UG:3    +
   50   185  0   0.0%   0.807 GC:3    +
   90   100  0   0.0%   0.224 AU:3    +
   89   101  0   0.0%   0.291 UA:3    +
  155   174  0   0.0%   1.024 UG:3    +
   43    48  0   0.0%   0.003 GC:3    +
    4   201  0   0.0%   0.519 UG:3    +
   44   186  0   0.0%   0.782 UA:3    +
  152   177  0   0.0%   0.531 UA:3    +
  152   159  0   0.0%   0.590 UG:3    +
   14    30  0   0.0%   0.568 AU:3    +
   34    91  0   0.0%   0.325 UA:3    +
   38    90  0   0.0%   0.036 UA:3    +
   47    77  0   0.0%   0.053 UA:3    +
    3   193  0   0.0%   0.296 GU:3    +
   38   196  0   0.0%   1.456 UA:3    +
   10   200  0   0.0%   0.593 UA:3    +
    8   199  0   0.0%   0.516 AU:3    +
   46    60  0   0.0%   0.002 AU:3    +
   47    59  0   0.0%   0.003 UG:3    +
  111   137  0   0.0%   0.179 CG:3    +
  114   162  0   0.0%   0.148 GC:3    +
  115   161  0   0.0%   0.499 CG:3    +
   14   167  0   0.0%   0.457 AU:3    +
  116   160  0   0.0%   0.519 CG:3    +
  147   158  0   0.0%   0.690 AU:3    +
  192   198  0   0.0%   1.223 UG:3    +
   88   102  0   0.0%   0.160 GU:3    +
   16    26  0   0.0%   0.226 CG:3    +
  121   130  0   0.0%   0.146 CG:3    +
  116   169  0   0.0%   0.699 CG:3    +
   23   160  0   0.0%   0.463 UG:3    +
   34   200  0   0.0%   1.465 UA:3    +
   11    33  0   0.0%   0.414 CG:3    +
  119   132  0   0.0%   0.239 UG:3    +
   59    74  0   0.0%   0.059 GC:3    +
   51   184  0   0.0%   0.607 GU:3    +
  106   180  0   0.0%   0.480 CG:3    +
  192   196  0   0.0%   1.829 UA:3    +
   47    90  0   0.0%   0.240 UA:3    +
    8    36  0   0.0%   0.198 AU:3    +
   44    98  0   0.0%   0.323 UA:3    +
   43    99  0   0.0%   0.312 GU:3    +
   16    28  0   0.0%   0.438 CG:3    +
    7    36  0   0.0%   0.509 AU:3    +
   93   173  0   0.0%   0.568 CG:3    +
   92   174  0   0.0%   0.728 CG:3    +
   83    88  0   0.0%   0.227 CG:3    +
   22   150  0   0.0%   0.276 GC:3    +
   50    74  0   0.0%   0.065 GC:3    +
   24    35  0   0.0%   0.350 UG:3    +
   15    28  0   0.0%   0.650 CG:3    +
  165   188  0   0.0%   0.667 GC:3    +
   18    24  0   0.0%   0.134 AU:3    +
   42   184  0   0.0%   0.601 AU:3    +
  117   127  0   0.0%   0.015 AU:3    +
   75   171  0   0.0%   0.271 GC:3    +
   76   170  0   0.0%   0.259 GC:3    +
   91    99  0   0.0%   0.216 AU:3    +
   24   196  0   0.0%   0.424 UA:3    +
   88   197  0   0.0%   1.861 GC:3    +
   89   196  0   0.0%   1.639 UA:3    +
   40    92  0   0.0%   0.372 GC:3    +
    2    26  0   0.0%   0.082 UG:3    +
  107   153  0   0.0%   0.145 AU:3    +
   43    74  0   0.0%   0.028 GC:3    +
  110   122  0   0.0%   0.004 UA:3    +
   79   173  0   0.0%   0.437 CG:3    +
   78   174  0   0.0%   0.204 CG:3    +
   21   194  0   0.0%   0.515 UA:3    +
  186   191  0   0.0%   0.730 AU:3    +
   19    24  0   0.0%   0.129 GU:3    +
   54    88  0   0.0%   0.265 UG:3    +
  110   114  0   0.0%   0.023 UG:3    +
  112   117  0   0.0%   0.025 UA:3    +
  141   152  0   0.0%   0.184 AU:3    +
   25   195  0   0.0%   0.738 AU:3    +
   22   193  0   0.0%   0.534 GU:3    +
  102   166  0   0.0%   0.529 UG:3    +
   14    29  0   0.0%   0.746 AU:3    +
   82    89  0   0.0%   0.643 GU:3    +
   17    27  0   0.0%   0.517 AU:3    +
  129   163  0   0.0%   0.448 CG:3    +
   51    86  0   0.0%   0.730 GC:3    +
  128   164  0   0.0%   0.345 GC:3    +
  130   162  0   0.0%   0.224 GC:3    +
  110   117  0   0.0%   0.008 UA:3    +
   44    73  0   0.0%   0.030 UG:3    +
   23   149  0   0.0%   0.294 UA:3    +
   20   195  0   0.0%   0.793 GU:3    +
   36   186  0   0.0%   0.422 UA:3    +
   90   195  0   0.0%   1.065 AU:3    +
    7    23  0   0.0%   0.012 AU:3    +
    1    28  0   0.0%   0.020 CG:3    +
  100   168  0   0.0%   0.123 UA:3    +
  154   169  0   0.0%   0.883 UG:3    +
   78    88  0   0.0%   0.161 CG:3    +
   24   160  0   0.0%   0.325 UG:3    +
   47   187  0   0.0%   0.683 UA:3    +
   36    91  0   0.0%   0.111 UA:3    +
   17   199  0   0.0%   0.450 AU:3    +
  127   165  0   0.0%   0.529 UG:3    +
   35    92  0   0.0%   0.247 GC:3    +
   69    84  0   0.0%   0.361 GC:3    +
    7   195  0   0.0%   0.840 AU:3    +
  115   123  0   0.0%   0.066 CG:3    +
  145   158  0   0.0%   0.697 AU:3    +
  124   132  0   0.0%   0.190 UG:3    +
   94   157  0   0.0%   0.401 GC:3    +
   28   108  0   0.0%   0.466 GU:3    +
   60   180  0   0.0%   0.218 UG:3    +
   27   101  0   0.0%   0.717 UA:3    +
   61   178  0   0.0%   0.402 GC:3    +
   19   197  0   0.0%   0.437 GC:3    +
  126   166  0   0.0%   0.420 CG:3    +
   82    87  0   0.0%   0.794 GU:3    +
    8   195  0   0.0%   0.538 AU:3    +
   30   201  0   0.0%   1.298 UG:3    +
   67    76  0   0.0%   0.067 CG:3    +
   68    75  0   0.0%   0.093 UG:3    +
   70    83  0   0.0%   0.068 GC:3    +
   69    74  0   0.0%   0.080 GC:3    +
    7   199  0   0.0%   0.817 AU:3    +
   67   174  0   0.0%   0.183 CG:3    +
   28   100  0   0.0%   0.466 GU:3    +
  187   193  0   0.0%   0.888 AU:3    +
   36    52  0   0.0%   0.081 UA:3    +
    8   183  0   0.0%   0.202 AU:3    +
   97   153  0   0.0%   0.036 AU:3    +
   77    89  0   0.0%   0.203 AU:3    +
   50    84  0   0.0%   0.706 GC:3    +
   71    82  0   0.0%   0.370 CG:3    +
   27   201  0   0.0%   1.548 UG:3    +
   22    29  0   0.0%   0.996 GU:3    +
  151   175  0   0.0%   0.721 UA:3    +
   49   185  0   0.0%   0.771 GC:3    +
  150   176  0   0.0%   0.882 CG:3    +
   54    59  0   0.0%   0.003 UG:3    +
  103   121  0   0.0%   0.167 GC:3    +
    2   172  0   0.0%   0.493 UA:3    +
   38    75  0   0.0%   0.060 UG:3    +
    6    37  0   0.0%   0.562 CG:3    +
  104   120  0   0.0%   0.182 CG:3    +
  105   181  0   0.0%   0.849 CG:3    +
   94   129  0   0.0%   0.214 GC:3    +
   95   128  0   0.0%   0.223 CG:3    +
   93   130  0   0.0%   0.163 CG:3    +
   92   131  0   0.0%   0.189 CG:3    +
  132   162  0   0.0%   0.369 GC:3    +
    3   171  0   0.0%   0.269 GC:3    +
  152   174  0   0.0%   0.959 UG:3    +
   98   152  0   0.0%   0.037 AU:3    +
   50    87  0   0.0%   0.727 GU:3    +
   52   183  0   0.0%   0.194 AU:3    +
  130   158  0   0.0%   0.437 GU:3    +
   37   178  0   0.0%   0.319 GC:3    +
   59   179  0   0.0%   0.257 GC:3    +
  102   122  0   0.0%   0.157 UA:3    +
   53    60  0   0.0%   0.002 AU:3    +
   22   152  0   0.0%   0.276 GU:3    +
  131   157  0   0.0%   0.418 GC:3    +
   29   198  0   0.0%   2.042 UG:3    +
  184   189  0   0.0%   0.568 UA:3    +
   38   177  0   0.0%   0.263 UA:3    +
   26   102  0   0.0%   0.336 GU:3    +
  121   131  0   0.0%   0.206 CG:3    +
   66    77  0   0.0%   0.089 UA:3    +
  106   135  0   0.0%   0.160 CG:3    +
   47    91  0   0.0%   0.256 UA:3    +
  105   136  0   0.0%   0.160 CG:3    +
  109   122  0   0.0%   0.012 UA:3    +
   96   154  0   0.0%   0.110 AU:3    +
   96   127  0   0.0%   0.087 AU:3    +
  116   128  0   0.0%   0.023 CG:3    +
   41   183  0   0.0%   0.014 AU:3    +
    1   173  0   0.0%   0.451 CG:3    +
  108   117  0   0.0%   0.011 UA:3    +
  190   200  0   0.0%   0.984 UA:3    +
  193   201  0   0.0%   0.719 UG:3    +
  167   186  0   0.0%   0.607 UA:3    +
  114   124  0   0.0%   0.058 GU:3    +
   34    97  0   0.0%   0.453 UA:3    +
   98   108  0   0.0%   0.024 AU:3    +
   29   107  0   0.0%   0.767 UA:3    +
   35   146  0   0.0%   0.548 GC:3    +
   47    53  0   0.0%   0.003 UA:3    +
   32   146  0   0.0%   0.896 GC:3    +
  159   185  0   0.0%   0.346 GC:3    +
   19    23  0   0.0%   0.289 GU:3    +
  128   158  0   0.0%   0.384 GU:3    +
   97   109  0   0.0%   0.038 AU:3    +
   47   186  0   0.0%   0.591 UA:3    +
  146   159  0   0.0%   0.177 CG:3    +
   43    67  0   0.0%   0.001 GC:3    +
   54   172  0   0.0%   0.235 UA:3    +
   42    68  0   0.0%   0.001 AU:3    +
   34   147  0   0.0%   0.749 UA:3    +
   36   145  0   0.0%   0.314 UA:3    +
   99   107  0   0.0%   0.146 UA:3    +
   65   176  0   0.0%   0.221 UG:3    +
   64    68  0   0.0%   0.061 AU:3    +
  104   137  0   0.0%   0.181 CG:3    +
  185   198  0   0.0%   0.700 CG:3    +
   34    85  0   0.0%   0.347 UA:3    +
   33    86  0   0.0%   0.511 GC:3    +
  100   163  0   0.0%   0.302 UG:3    +
    3   164  0   0.0%   0.269 GC:3    +
   45   183  0   0.0%   0.511 GU:3    +
   14    24  0   0.0%   0.281 AU:3    +
   35    84  0   0.0%   0.264 GC:3    +
   20    30  0   0.0%   1.011 GU:3    +
    4   189  0   0.0%   0.146 UA:3    +
   68    85  0   0.0%   0.369 UA:3    +
   32   185  0   0.0%   1.071 GC:3    +
  109   123  0   0.0%   0.012 UG:3    +
   33   148  0   0.0%   0.897 GC:3    +
  103   138  0   0.0%   0.166 GU:3    +
  107   152  0   0.0%   0.153 AU:3    +
   44    70  0   0.0%   0.002 UG:3    +
    3   190  0   0.0%   0.295 GU:3    +
   39   176  0   0.0%   0.268 UG:3    +
   35   199  0   0.0%   1.620 GU:3    +
   50   184  0   0.0%   0.786 GU:3    +
  186   195  0   0.0%   1.042 AU:3    +
   36   198  0   0.0%   1.096 UG:3    +
  109   136  0   0.0%   0.034 UG:3    +
   22   197  0   0.0%   0.707 GC:3    +
  118   136  0   0.0%   0.329 CG:3    +
  108   123  0   0.0%   0.007 UG:3    +
    6    88  0   0.0%   0.569 CG:3    +
   25   153  0   0.0%   0.394 AU:3    +
   49    84  0   0.0%   0.697 GC:3    +
  134   158  0   0.0%   0.453 AU:3    +
  119   133  0   0.0%   0.084 UA:3    +
  127   133  0   0.0%   0.252 UA:3    +
    2   165  0   0.0%   0.492 UG:3    +
   99   163  0   0.0%   0.274 UG:3    +
    5    89  0   0.0%   0.426 AU:3    +
   32    95  0   0.0%   0.722 GC:3    +
   43   188  0   0.0%   0.765 GC:3    +
  188   201  0   0.0%   0.436 CG:3    +
   96   110  0   0.0%   0.086 AU:3    +
   10    37  0   0.0%   0.254 UG:3    +
   41   191  0   0.0%   0.629 AU:3    +
   43    71  0   0.0%   0.026 GC:3    +
   26   184  0   0.0%   0.518 GU:3    +
   46    54  0   0.0%   0.001 AU:3    +
    1   166  0   0.0%   0.450 CG:3    +
  106   176  0   0.0%   0.569 CG:3    +
   23   196  0   0.0%   0.615 UA:3    +
   40    74  0   0.0%   0.059 GC:3    +
  109   135  0   0.0%   0.046 UG:3    +
   88   188  0   0.0%   1.080 GC:3    +
  120   125  0   0.0%   0.037 GC:3    +
    5    38  0   0.0%   0.426 AU:3    +
  109   145  0   0.0%   0.267 UA:3    +
  189   193  0   0.0%   0.979 AU:3    +
   26   185  0   0.0%   0.519 GC:3    +
  168   195  0   0.0%   1.161 AU:3    +
  107   151  0   0.0%   0.301 AU:3    +
  151   159  0   0.0%   0.694 UG:3    +
   49    86  0   0.0%   0.704 GC:3    +
   10    35  0   0.0%   0.264 UG:3    +
   43    68  0   0.0%   0.002 GU:3    +
   56   174  0   0.0%   0.130 CG:3    +
  150   160  0   0.0%   0.787 CG:3    +
   49    54  0   0.0%   0.002 GU:3    +
  101   108  0   0.0%   0.111 AU:3    +
   89   187  0   0.0%   0.836 UA:3    +
   39    75  0   0.0%   0.061 UG:3    +
  153   173  0   0.0%   0.815 UG:3    +
   32   106  0   0.0%   1.038 GC:3    +
  119   135  0   0.0%   0.323 UG:3    +
  119   136  0   0.0%   0.275 UG:3    +
   98   154  0   0.0%   0.049 AU:3    +
    4    90  0   0.0%   0.101 UA:3    +
   26    99  0   0.0%   0.336 GU:3    +
   40   192  0   0.0%   1.027 GU:3    +
   33   105  0   0.0%   0.891 GC:3    +
   38    77  0   0.0%   0.061 UA:3    +
   97   152  0   0.0%   0.045 AU:3    +
   57   173  0   0.0%   0.035 CG:3    +
   37    78  0   0.0%   0.067 GC:3    +
   32   104  0   0.0%   0.722 GC:3    +
  102   107  0   0.0%   0.293 UA:3    +
  112   133  0   0.0%   0.070 UA:3    +
   27    98  0   0.0%   0.716 UA:3    +
  104   144  0   0.0%   0.198 CG:3    +
  124   134  0   0.0%   0.133 UA:3    +
   32    87  0   0.0%   0.746 GU:3    +
   25   100  0   0.0%   0.225 AU:3    +
   30    97  0   0.0%   0.578 UA:3    +
   82   171  0   0.0%   0.535 GC:3    +
   39    76  0   0.0%   0.035 UG:3    +
  112   123  0   0.0%   0.049 UG:3    +
    3    36  0   0.0%   0.268 GU:3    +
  165   171  0   0.0%   0.757 GC:3    +
   30   181  0   0.0%   0.726 UG:3    +
  110   156  0   0.0%   0.363 UA:3    +
   31   105  0   0.0%   0.664 GC:3    +
   45    92  0   0.0%   0.479 GC:3    +
  102   139  0   0.0%   0.156 UA:3    +
   89   103  0   0.0%   0.325 UG:3    +
   88   104  0   0.0%   0.209 GC:3    +
  166   170  0   0.0%   0.804 GC:3    +
   26   104  0   0.0%   0.336 GC:3    +
   27   103  0   0.0%   0.716 UG:3    +
    5   192  0   0.0%   0.427 AU:3    +
   26   151  0   0.0%   0.662 GU:3    +
   28   102  0   0.0%   0.466 GU:3    +
  110   134  0   0.0%   0.048 UA:3    +
  109   132  0   0.0%   0.012 UG:3    +
   98   151  0   0.0%   0.185 AU:3    +
   80    88  0   0.0%   0.592 CG:3    +
    5   184  0   0.0%   0.427 AU:3    +
   97   155  0   0.0%   0.146 AU:3    +
   40    93  0   0.0%   0.348 GC:3    +
   29   101  0   0.0%   0.767 UA:3    +
   26    84  0   0.0%   0.309 GC:3    +
   46    99  0   0.0%   0.010 AU:3    +
   96   153  0   0.0%   0.090 AU:3    +
   23   198  0   0.0%   0.664 UG:3    +
   44    53  0   0.0%   0.001 UA:3    +
   31    95  0   0.0%   0.664 GC:3    +
   30    96  0   0.0%   0.578 UA:3    +
  124   137  0   0.0%   0.067 UG:3    +
   45   100  0   0.0%   0.332 GU:3    +
  110   135  0   0.0%   0.040 UG:3    +
  108   133  0   0.0%   0.006 UA:3    +
   32    99  0   0.0%   0.722 GU:3    +
    7   190  0   0.0%   0.512 AU:3    +
  118   137  0   0.0%   0.138 CG:3    +
   47    98  0   0.0%   0.065 UA:3    +
   40   188  0   0.0%   0.607 GC:3    +
    4   163  0   0.0%   0.101 UG:3    +
  164   198  0   0.0%   0.793 CG:3    +
   90   102  0   0.0%   0.303 AU:3    +
  165   197  0   0.0%   1.445 GC:3    +
   13   120  0   0.0%   0.563 CG:3    +
   12   121  0   0.0%   0.613 GC:3    +
   33    93  0   0.0%   0.489 GC:3    +
   51    57  0   0.0%   0.006 GC:3    +
   58    66  0   0.0%   0.035 AU:3    +
  158   186  0   0.0%   0.700 UA:3    +
   24   101  0   0.0%   0.129 UA:3    +
   10   201  0   0.0%   0.447 UG:3    +
   51    83  0   0.0%   0.409 GC:3    +
   87   169  0   0.0%   0.396 UG:3    +
   42   100  0   0.0%   0.313 AU:3    +
   60    73  0   0.0%   0.043 UG:3    +
   42   190  0   0.0%   0.903 AU:3    +
  135   157  0   0.0%   0.499 GC:3    +
   39   189  0   0.0%   0.739 UA:3    +
   47   176  0   0.0%   0.080 UG:3    +
   33   146  0   0.0%   0.748 GC:3    +
   45    86  0   0.0%   0.611 GC:3    +
    6    19  0   0.0%   0.008 CG:3    +
  144   158  0   0.0%   1.056 GU:3    +
   30   142  0   0.0%   0.716 UA:3    +
   57    61  0   0.0%   0.066 CG:3    +
   34   145  0   0.0%   0.608 UA:3    +
   38    76  0   0.0%   0.035 UG:3    +
   27    82  0   0.0%   0.690 UG:3    +
   26    83  0   0.0%   0.309 GC:3    +
   51    62  0   0.0%   0.003 GC:3    +
   34    41  0   0.0%   0.295 UA:3    +
   82   164  0   0.0%   0.633 GC:3    +
   99   165  0   0.0%   0.255 UG:3    +
  174   185  0   0.0%   0.923 GC:3    +
   81   165  0   0.0%   0.596 CG:3    +
   27    33  0   0.0%   1.147 UG:3    +
  160   184  0   0.0%   0.471 GU:3    +
  109   117  0   0.0%   0.016 UA:3    +
   17    23  0   0.0%   0.245 AU:3    +
   83   163  0   0.0%   0.355 CG:3    +
   80   166  0   0.0%   0.704 CG:3    +
   70    86  0   0.0%   0.383 GC:3    +
   15   123  0   0.0%   0.492 CG:3    +
  175   184  0   0.0%   0.350 AU:3    +
   29    98  0   0.0%   0.767 UA:3    +
   31   190  0   0.0%   1.055 GU:3    +
   36    97  0   0.0%   0.192 UA:3    +
   28    81  0   0.0%   0.436 GC:3    +
  120   138  0   0.0%   0.203 GU:3    +
   41    99  0   0.0%   0.011 AU:3    +
  119   139  0   0.0%   0.196 UA:3    +
  127   132  0   0.0%   0.411 UG:3    +
   88   106  0   0.0%   0.209 GC:3    +
   16   198  0   0.0%   0.760 CG:3    +
   75    83  0   0.0%   0.365 GC:3    +
   62   169  0   0.0%   0.073 CG:3    +
   61   170  0   0.0%   0.203 GC:3    +
  121   137  0   0.0%   0.082 CG:3    +
   44   187  0   0.0%   0.873 UA:3    +
   79   176  0   0.0%   0.437 CG:3    +
  107   124  0   0.0%   0.140 AU:3    +
   10    19  0   0.0%   0.014 UG:3    +
  117   138  0   0.0%   0.156 AU:3    +
   73    80  0   0.0%   0.410 GC:3    +
   50    83  0   0.0%   0.408 GC:3    +
  101   151  0   0.0%   0.272 AU:3    +
  184   194  0   0.0%   0.916 UA:3    +
  118   140  0   0.0%   0.250 CG:3    +
   42    89  0   0.0%   0.448 AU:3    +
   88    92  0   0.0%   0.228 GC:3    +
   44   101  0   0.0%   0.416 UA:3    +
   22   199  0   0.0%   0.683 GU:3    +
  167   189  0   0.0%   0.802 UA:3    +
  186   190  0   0.0%   0.673 AU:3    +
  154   172  0   0.0%   0.745 UA:3    +
   79    88  0   0.0%   0.423 CG:3    +
  163   199  0   0.0%   1.000 GU:3    +
  104   114  0   0.0%   0.199 CG:3    +
  108   175  0   0.0%   0.410 UA:3    +
   20   154  0   0.0%   0.464 GU:3    +
   23    90  0   0.0%   0.268 UA:3    +
  152   176  0   0.0%   0.834 UG:3    +
  103   115  0   0.0%   0.182 GC:3    +
   23    32  0   0.0%   0.959 UG:3    +
  153   175  0   0.0%   0.606 UA:3    +
   17    29  0   0.0%   0.541 AU:3    +
   46   183  0   0.0%   0.161 AU:3    +
   82    86  0   0.0%   0.802 GC:3    +
    7   167  0   0.0%   0.512 AU:3    +
   59   171  0   0.0%   0.041 GC:3    +
   73    81  0   0.0%   0.309 GC:3    +
   36    41  0   0.0%   0.080 UA:3    +
  187   195  0   0.0%   1.138 AU:3    +
   47    52  0   0.0%   0.002 UA:3    +
   87   176  0   0.0%   0.940 UG:3    +
   14   124  0   0.0%   0.314 AU:3    +
    4    37  0   0.0%   0.101 UG:3    +
   21   200  0   0.0%   0.715 UA:3    +
  140   153  0   0.0%   0.164 GU:3    +
   96   167  0   0.0%   0.396 AU:3    +
   86   135  0   0.0%   0.337 CG:3    +
   87   134  0   0.0%   0.332 UA:3    +
    8   184  0   0.0%   0.202 AU:3    +
    5   191  0   0.0%   0.427 AU:3    +
   40   100  0   0.0%   0.239 GU:3    +
   85    89  0   0.0%   0.491 AU:3    +
   14   195  0   0.0%   0.519 AU:3    +
   28    99  0   0.0%   0.465 GU:3    +
   31   100  0   0.0%   0.664 GU:3    +
   13   201  0   0.0%   0.758 CG:3    +
   18   154  0   0.0%   0.267 AU:3    +
   33    99  0   0.0%   0.576 GU:3    +
   80   180  0   0.0%   0.759 CG:3    +
  113   127  0   0.0%   0.024 AU:3    +
  176   183  0   0.0%   0.827 GU:3    +
   43   102  0   0.0%   0.415 GU:3    +
  114   126  0   0.0%   0.057 GC:3    +
  108   136  0   0.0%   0.021 UG:3    +
   10   196  0   0.0%   0.627 UA:3    +
  166   190  0   0.0%   0.845 GU:3    +
  150   173  0   0.0%   0.872 CG:3    +
  116   120  0   0.0%   0.048 CG:3    +
   13   128  0   0.0%   0.563 CG:3    +
   12   129  0   0.0%   0.613 GC:3    +
   45    89  0   0.0%   0.462 GU:3    +
  173   182  0   0.0%   1.220 GC:3    +
   43    54  0   0.0%   0.001 GU:3    +
   72   167  0   0.0%   0.350 AU:3    +
  171   181  0   0.0%   1.588 CG:3    +
   35   182  0   0.0%   0.548 GC:3    +
  151   177  0   0.0%   0.634 UA:3    +
   21   198  0   0.0%   0.857 UG:3    +
   34    98  0   0.0%   0.454 UA:3    +
   11   130  0   0.0%   0.372 CG:3    +
    4   186  0   0.0%   0.104 UA:3    +
   25   184  0   0.0%   0.396 AU:3    +
   51    80  0   0.0%   0.775 GC:3    +
   44    90  0   0.0%   0.485 UA:3    +
  151   172  0   0.0%   0.839 UA:3    +
  140   157  0   0.0%   0.876 GC:3    +
   42    47  0   0.0%   0.002 AU:3    +
  154   174  0   0.0%   0.969 UG:3    +
   32   100  0   0.0%   0.722 GU:3    +
   35   100  0   0.0%   0.423 GU:3    +
   33    83  0   0.0%   0.494 GC:3    +
   38   189  0   0.0%   0.745 UA:3    +
   39    94  0   0.0%   0.406 UG:3    +
   22   157  0   0.0%   0.582 GC:3    +
   34    82  0   0.0%   0.344 UG:3    +
   32    84  0   0.0%   0.741 GC:3    +
    2    19  0   0.0%   0.050 UG:3    +
    1    20  0   0.0%   0.003 CG:3    +
    7    87  0   0.0%   0.511 AU:3    +
   30   143  0   0.0%   0.716 UA:3    +
   51    92  0   0.0%   0.587 GC:3    +
  110   131  0   0.0%   0.003 UG:3    +
   14   119  0   0.0%   0.314 AU:3    +
   37   190  0   0.0%   0.895 GU:3    +
    8    21  0   0.0%   0.014 AU:3    +
   84   169  0   0.0%   0.394 CG:3    +
   50    81  0   0.0%   0.674 GC:3    +
   35    81  0   0.0%   0.249 GC:3    +
   84   180  0   0.0%   1.123 CG:3    +
  111   130  0   0.0%   0.033 CG:3    +
   29    97  0   0.0%   0.766 UA:3    +
   30   101  0   0.0%   0.580 UA:3    +
   89   172  0   0.0%   0.806 UA:3    +
   94   105  0   0.0%   0.370 GC:3    +
   59    71  0   0.0%   0.071 GC:3    +
  155   176  0   0.0%   0.900 UG:3    +
   28   150  0   0.0%   0.788 GC:3    +
    2    49  0   0.0%   0.492 UG:3    +
   50    93  0   0.0%   0.568 GC:3    +
   89    98  0   0.0%   0.197 UA:3    +
   19   153  0   0.0%   0.066 GU:3    +
    1    50  0   0.0%   0.450 CG:3    +
   51   183  0   0.0%   0.593 GU:3    +
   36   181  0   0.0%   0.319 UG:3    +
   24    28  0   0.0%   0.542 UG:3    +
    3    48  0   0.0%   0.268 GC:3    +
   25   190  0   0.0%   0.423 AU:3    +
  172   183  0   0.0%   0.712 AU:3    +
   87   107  0   0.0%   0.468 UA:3    +
   26   183  0   0.0%   0.516 GU:3    +
  110   140  0   0.0%   0.057 UG:3    +
  110   145  0   0.0%   0.243 UA:3    +
   21   201  0   0.0%   0.578 UG:3    +
   23   156  0   0.0%   0.409 UA:3    +
  111   144  0   0.0%   0.354 CG:3    +
   40   184  0   0.0%   0.286 GU:3    +
   29   144  0   0.0%   0.770 UG:3    +
   41    66  0   0.0%   0.002 AU:3    +
   45    79  0   0.0%   0.031 GC:3    +
   60    70  0   0.0%   0.051 UG:3    +
   34   201  0   0.0%   1.068 UG:3    +
   24    32  0   0.0%   0.799 UG:3    +
   68   173  0   0.0%   0.151 UG:3    +
  154   177  0   0.0%   0.543 UA:3    +
   40   191  0   0.0%   0.828 GU:3    +
   87    94  0   0.0%   0.510 UG:3    +
   88    99  0   0.0%   0.056 GU:3    +
   69    87  0   0.0%   0.365 GU:3    +
   17   155  0   0.0%   0.253 AU:3    +
   14   127  0   0.0%   0.314 AU:3    +
   20    24  0   0.0%   0.354 GU:3    +
   98   109  0   0.0%   0.030 AU:3    +
   29   149  0   0.0%   1.066 UA:3    +
  100   159  0   0.0%   0.060 UG:3    +
   41   190  0   0.0%   0.572 AU:3    +
   97   110  0   0.0%   0.031 AU:3    +
   89   134  0   0.0%   0.183 UA:3    +
   25   154  0   0.0%   0.413 AU:3    +
   99   160  0   0.0%   0.183 UG:3    +
  108   141  0   0.0%   0.020 UA:3    +
   20   152  0   0.0%   0.469 GU:3    +
   83   181  0   0.0%   0.771 CG:3    +
  112   143  0   0.0%   0.535 UA:3    +
   42    65  0   0.0%   0.000 AU:3    +
    6    43  0   0.0%   0.569 CG:3    +
   59    68  0   0.0%   0.077 GU:3    +
    3    23  0   0.0%   0.062 GU:3    +
   24    33  0   0.0%   0.565 UG:3    +
  101   158  0   0.0%   0.297 AU:3    +
  139   154  0   0.0%   0.180 AU:3    +
   24   149  0   0.0%   0.153 UA:3    +
    5    44  0   0.0%   0.426 AU:3    +
   20   162  0   0.0%   0.588 GC:3    +
   87   136  0   0.0%   0.332 UG:3    +
  165   184  0   0.0%   0.525 GU:3    +
   54   168  0   0.0%   0.232 UA:3    +
  127   135  0   0.0%   0.465 UG:3    +
   13    94  0   0.0%   0.563 CG:3    +
   12    95  0   0.0%   0.612 GC:3    +
    6   169  0   0.0%   0.570 CG:3    +
   21   161  0   0.0%   0.641 UG:3    +
  112   128  0   0.0%   0.035 UG:3    +
  167   176  0   0.0%   0.785 UG:3    +
   22    30  0   0.0%   0.816 GU:3    +
   48    75  0   0.0%   0.062 CG:3    +
  110   144  0   0.0%   0.255 UG:3    +
   86   137  0   0.0%   0.337 CG:3    +
   19   155  0   0.0%   0.064 GU:3    +
  169   183  0   0.0%   1.141 GU:3    +
  115   130  0   0.0%   0.062 CG:3    +
   53   102  0   0.0%   0.119 AU:3    +
   94   100  0   0.0%   0.222 GU:3    +
   36    85  0   0.0%   0.133 UA:3    +
   35    86  0   0.0%   0.270 GC:3    +
  109   174  0   0.0%   0.701 UG:3    +
   49    74  0   0.0%   0.058 GC:3    +
   44    51  0   0.0%   0.000 UG:3    +
   45    78  0   0.0%   0.030 GC:3    +
   37    84  0   0.0%   0.061 GC:3    +
  106   160  0   0.0%   0.473 CG:3    +
    3    27  0   0.0%   0.080 GU:3    +
  105   176  0   0.0%   0.564 CG:3    +
  167   194  0   0.0%   1.150 UA:3    +
    2    28  0   0.0%   0.066 UG:3    +
   54   101  0   0.0%   0.341 UA:3    +
   24    90  0   0.0%   0.129 UA:3    +
   18   153  0   0.0%   0.269 AU:3    +
   21    31  0   0.0%   0.978 UG:3    +
   37   192  0   0.0%   1.150 GU:3    +
  133   158  0   0.0%   0.424 AU:3    +
   80   165  0   0.0%   0.716 CG:3    +
    4    41  0   0.0%   0.101 UA:3    +
   87   189  0   0.0%   0.989 UA:3    +
   79   180  0   0.0%   0.590 CG:3    +
   10    17  0   0.0%   0.011 UA:3    +
   40    67  0   0.0%   0.009 GC:3    +
  184   200  0   0.0%   0.686 UA:3    +
   87   103  0   0.0%   0.474 UG:3    +
   34   101  0   0.0%   0.453 UA:3    +
   88   146  0   0.0%   0.080 GC:3    +
   97   112  0   0.0%   0.048 AU:3    +
   79   166  0   0.0%   0.535 CG:3    +
   17   154  0   0.0%   0.253 AU:3    +
  112   132  0   0.0%   0.071 UG:3    +
   75    79  0   0.0%   0.423 GC:3    +
   47    96  0   0.0%   0.103 UA:3    +
  166   195  0   0.0%   1.211 GU:3    +
   26   153  0   0.0%   0.515 GU:3    +
   10   131  0   0.0%   0.253 UG:3    +
  100   149  0   0.0%   0.205 UA:3    +
  121   132  0   0.0%   0.238 CG:3    +
   43    84  0   0.0%   0.023 GC:3    +
  176   185  0   0.0%   0.620 GC:3    +
   89   145  0   0.0%   0.208 UA:3    +
  120   127  0   0.0%   0.039 GU:3    +
   33   184  0   0.0%   0.832 GU:3    +
   98   183  0   0.0%   0.221 AU:3    +
    4    26  0   0.0%   0.059 UG:3    +
   39    88  0   0.0%   0.055 UG:3    +
   78   181  0   0.0%   0.662 CG:3    +
   59    86  0   0.0%   0.353 GC:3    +
   34   143  0   0.0%   0.596 UA:3    +
   60    85  0   0.0%   0.329 UA:3    +
   51   105  0   0.0%   0.563 GC:3    +
   58    87  0   0.0%   0.338 AU:3    +
    4    45  0   0.0%   0.101 UG:3    +
  109   147  0   0.0%   0.399 UA:3    +
   94    99  0   0.0%   0.197 GU:3    +
   79   181  0   0.0%   0.924 CG:3    +
  105   161  0   0.0%   0.455 CG:3    +
   82   182  0   0.0%   0.641 GC:3    +
   26   152  0   0.0%   0.521 GU:3    +
  150   174  0   0.0%   1.006 CG:3    +
   24   147  0   0.0%   0.154 UA:3    +
   80   176  0   0.0%   0.606 CG:3    +
   37   182  0   0.0%   0.318 GC:3    +
   39   180  0   0.0%   0.268 UG:3    +
   38   181  0   0.0%   0.262 UG:3    +
  177   184  0   0.0%   0.271 AU:3    +
   58    65  0   0.0%   0.035 AU:3    +
  151   173  0   0.0%   0.928 UG:3    +
  146   160  0   0.0%   0.328 CG:3    +
   13   169  0   0.0%   0.728 CG:3    +
   11    40  0   0.0%   0.378 CG:3    +
   24   145  0   0.0%   0.151 UA:3    +
  100   107  0   0.0%   0.173 UA:3    +
   10    41  0   0.0%   0.253 UA:3    +
  115   140  0   0.0%   0.399 CG:3    +
   40   179  0   0.0%   0.214 GC:3    +
   12   170  0   0.0%   0.777 GC:3    +
   26   164  0   0.0%   0.678 GC:3    +
   27   163  0   0.0%   1.044 UG:3    +
   44    52  0   0.0%   0.001 UA:3    +
   28   162  0   0.0%   0.638 GC:3    +
   50   106  0   0.0%   0.570 GC:3    +
   29   161  0   0.0%   1.071 UG:3    +
   38    96  0   0.0%   0.270 UA:3    +
   28   110  0   0.0%   0.473 GU:3    +
    3   192  0   0.0%   0.295 GU:3    +
   89   194  0   0.0%   1.281 UA:3    +
   87   147  0   0.0%   0.498 UA:3    +
   85   138  0   0.0%   0.317 AU:3    +
  129   159  0   0.0%   0.173 CG:3    +
  130   164  0   0.0%   0.397 GC:3    +
   39   101  0   0.0%   0.363 UA:3    +
   83   173  0   0.0%   0.243 CG:3    +
   87   177  0   0.0%   0.654 UA:3    +
   65   177  0   0.0%   0.222 UA:3    +
  110   123  0   0.0%   0.004 UG:3    +
   37    83  0   0.0%   0.050 GC:3    +
   90   193  0   0.0%   0.813 AU:3    +
   20   104  0   0.0%   0.444 GC:3    +
   21   103  0   0.0%   0.347 UG:3    +
   30   160  0   0.0%   0.896 UG:3    +
   28    34  0   0.0%   0.731 GU:3    +
   19   105  0   0.0%   0.046 GC:3    +
    3   121  0   0.0%   0.268 GC:3    +
    2   122  0   0.0%   0.492 UA:3    +
   89   107  0   0.0%   0.319 UA:3    +
    4   120  0   0.0%   0.101 UG:3    +
  102   165  0   0.0%   0.540 UG:3    +
    3   191  0   0.0%   0.295 GU:3    +
  154   159  0   0.0%   0.600 UG:3    +
   19   154  0   0.0%   0.064 GU:3    +
   89   177  0   0.0%   0.598 UA:3    +
   55   171  0   0.0%   0.098 GC:3    +
  105   159  0   0.0%   0.185 CG:3    +
    1   123  0   0.0%   0.450 CG:3    +
  169   178  0   0.0%   0.648 GC:3    +
   47    72  0   0.0%   0.052 UA:3    +
   88   148  0   0.0%   0.228 GC:3    +
  142   158  0   0.0%   1.015 AU:3    +
  186   199  0   0.0%   0.785 AU:3    +
   10   187  0   0.0%   0.422 UA:3    +
   95   166  0   0.0%   0.553 CG:3    +
   19   152  0   0.0%   0.069 GU:3    +
   46    65  0   0.0%   0.001 AU:3    +
   25    29  0   0.0%   0.947 AU:3    +
   44    50  0   0.0%   0.001 UG:3    +
   88   195  0   0.0%   1.610 GU:3    +
   56   166  0   0.0%   0.241 CG:3    +
   55   167  0   0.0%   0.226 GU:3    +
  136   146  0   0.0%   0.256 GC:3    +
    2   187  0   0.0%   0.494 UA:3    +
   57   165  0   0.0%   0.192 CG:3    +
  148   160  0   0.0%   0.508 CG:3    +
  152   172  0   0.0%   0.734 UA:3    +
   83    94  0   0.0%   0.370 CG:3    +
   47    64  0   0.0%   0.003 UA:3    +
   82    95  0   0.0%   0.661 GC:3    +
   94   167  0   0.0%   0.604 GU:3    +
  164   173  0   0.0%   0.680 CG:3    +
  103   164  0   0.0%   0.482 GC:3    +
   18   155  0   0.0%   0.267 AU:3    +
   51    65  0   0.0%   0.002 GU:3    +
   87   198  0   0.0%   1.083 UG:3    +
   59   164  0   0.0%   0.188 GC:3    +
   32   150  0   0.0%   1.038 GC:3    +
   60   163  0   0.0%   0.179 UG:3    +
  183   189  0   0.0%   0.813 UA:3    +
   61   162  0   0.0%   0.197 GC:3    +
   45    66  0   0.0%   0.001 GU:3    +
   89   147  0   0.0%   0.349 UA:3    +
    5   190  0   0.0%   0.427 AU:3    +
   62   180  0   0.0%   0.276 CG:3    +
   62   161  0   0.0%   0.232 CG:3    +
   36   103  0   0.0%   0.444 UG:3    +
   32   152  0   0.0%   0.905 GU:3    +
   57    88  0   0.0%   0.063 CG:3    +
   38    88  0   0.0%   0.056 UG:3    +
   47    85  0   0.0%   0.363 UA:3    +
   47    76  0   0.0%   0.026 UG:3    +
   42    99  0   0.0%   0.288 AU:3    +
  148   161  0   0.0%   0.494 CG:3    +
   61    84  0   0.0%   0.507 GC:3    +
    6    45  0   0.0%   0.569 CG:3    +
  125   130  0   0.0%   0.089 CG:3    +
  137   158  0   0.0%   0.789 GU:3    +
   33    39  0   0.0%   0.466 GU:3    +
   47   107  0   0.0%   0.186 UA:3    +
   35   179  0   0.0%   0.549 GC:3    +
    7    44  0   0.0%   0.511 AU:3    +
   51   179  0   0.0%   0.663 GC:3    +
  129   165  0   0.0%   0.367 CG:3    +
   20   153  0   0.0%   0.466 GU:3    +
   27    31  0   0.0%   1.323 UG:3    +
  139   158  0   0.0%   0.880 AU:3    +
  180   197  0   0.0%   1.636 GC:3    +
  104   163  0   0.0%   0.611 CG:3    +
  138   144  0   0.0%   0.192 UG:3    +
  146   161  0   0.0%   0.314 CG:3    +
   17   119  0   0.0%   0.248 AU:3    +
   35   104  0   0.0%   0.690 GC:3    +
  183   194  0   0.0%   1.162 UA:3    +
   52   102  0   0.0%   0.145 AU:3    +
   49    78  0   0.0%   0.057 GC:3    +
   97   184  0   0.0%   0.206 AU:3    +
   36    90  0   0.0%   0.107 UA:3    +
   88   108  0   0.0%   0.050 GU:3    +
   37   102  0   0.0%   0.412 GU:3    +
   28   154  0   0.0%   0.652 GU:3    +
  153   159  0   0.0%   0.580 UG:3    +
   22   102  0   0.0%   0.246 GU:3    +
   27   143  0   0.0%   0.716 UA:3    +
   38   101  0   0.0%   0.353 UA:3    +
   87   149  0   0.0%   0.501 UA:3    +
  104   160  0   0.0%   0.356 CG:3    +
   45    67  0   0.0%   0.002 GC:3    +
  127   131  0   0.0%   0.379 UG:3    +
  179   198  0   0.0%   0.910 CG:3    +
   37   191  0   0.0%   0.951 GU:3    +
   39   143  0   0.0%   0.255 UA:3    +
   39    45  0   0.0%   0.009 UG:3    +
   45   184  0   0.0%   0.522 GU:3    +
   32   182  0   0.0%   0.895 GC:3    +
  120   124  0   0.0%   0.045 GU:3    +
  135   162  0   0.0%   0.416 GC:3    +
   76    84  0   0.0%   0.540 GC:3    +
   46   108  0   0.0%   0.003 AU:3    +
   88   105  0   0.0%   0.209 GC:3    +
   44   107  0   0.0%   0.444 UA:3    +
  148   163  0   0.0%   0.630 CG:3    +
   96   112  0   0.0%   0.103 AU:3    +
   38    46  0   0.0%   0.008 UA:3    +
   40   106  0   0.0%   0.366 GC:3    +
   39   187  0   0.0%   0.645 UA:3    +
   36   177  0   0.0%   0.320 UA:3    +
   31    99  0   0.0%   0.664 GU:3    +
   43   108  0   0.0%   0.305 GU:3    +
  166   183  0   0.0%   0.501 GU:3    +
   44    97  0   0.0%   0.323 UA:3    +
   88   178  0   0.0%   0.980 GC:3    +
   62    82  0   0.0%   0.387 CG:3    +
   81   174  0   0.0%   0.516 CG:3    +
   26   193  0   0.0%   0.747 GU:3    +
  124   131  0   0.0%   0.157 UG:3    +
   16   120  0   0.0%   0.272 CG:3    +
   46    66  0   0.0%   0.001 AU:3    +
   73    79  0   0.0%   0.414 GC:3    +
   35   178  0   0.0%   0.549 GC:3    +
  144   162  0   0.0%   0.686 GC:3    +
   66   176  0   0.0%   0.154 UG:3    +
  101   109  0   0.0%   0.117 AU:3    +
  119   123  0   0.0%   0.035 UG:3    +
   74   165  0   0.0%   0.349 CG:3    +
   74   173  0   0.0%   0.240 CG:3    +
   75   164  0   0.0%   0.370 GC:3    +
  111   176  0   0.0%   0.740 CG:3    +
   13   123  0   0.0%   0.563 CG:3    +
  126   173  0   0.0%   0.474 CG:3    +
  168   193  0   0.0%   0.909 AU:3    +
  125   174  0   0.0%   0.607 CG:3    +
   10    14  0   0.0%   0.034 UA:3    +
   72    89  0   0.0%   0.381 AU:3    +
   23    31  0   0.0%   0.902 UG:3    +
   33    47  0   0.0%   0.457 GU:3    +
  127   172  0   0.0%   0.482 UA:3    +
   34    46  0   0.0%   0.295 UA:3    +
   38   144  0   0.0%   0.251 UG:3    +
    4   169  0   0.0%   0.102 UG:3    +
   94   102  0   0.0%   0.301 GU:3    +
   32   158  0   0.0%   1.077 GU:3    +
   45   106  0   0.0%   0.459 GC:3    +
   16   123  0   0.0%   0.272 CG:3    +
   37    89  0   0.0%   0.041 GU:3    +
   31   184  0   0.0%   0.832 GU:3    +
   10   165  0   0.0%   0.253 UG:3    +
   40   105  0   0.0%   0.367 GC:3    +
   87   135  0   0.0%   0.332 UG:3    +
  163   167  0   0.0%   0.811 GU:3    +
   42   109  0   0.0%   0.288 AU:3    +
   36   143  0   0.0%   0.302 UA:3    +
    5   183  0   0.0%   0.427 AU:3    +
   32    48  0   0.0%   0.692 GC:3    +
   20   121  0   0.0%   0.457 GC:3    +
  128   171  0   0.0%   0.464 GC:3    +
   21   120  0   0.0%   0.355 UG:3    +
  129   137  0   0.0%   0.054 CG:3    +
   86   136  0   0.0%   0.336 CG:3    +
  105   174  0   0.0%   0.683 CG:3    +
   50    54  0   0.0%   0.001 GU:3    +
   33   157  0   0.0%   0.933 GC:3    +
   41   110  0   0.0%   0.005 AU:3    +
  115   181  0   0.0%   0.896 CG:3    +
  114   182  0   0.0%   0.326 GC:3    +
   39    46  0   0.0%   0.009 UA:3    +
  116   180  0   0.0%   0.525 CG:3    +
  110   177  0   0.0%   0.337 UA:3    +
  106   173  0   0.0%   0.554 CG:3    +
   38    82  0   0.0%   0.058 UG:3    +
   29    33  0   0.0%   1.207 UG:3    +
   25    89  0   0.0%   0.225 AU:3    +
   70    84  0   0.0%   0.370 GC:3    +
  184   196  0   0.0%   1.274 UA:3    +
   40   183  0   0.0%   0.219 GU:3    +
   40   111  0   0.0%   0.226 GC:3    +
  112   175  0   0.0%   0.510 UA:3    +
   97   183  0   0.0%   0.193 AU:3    +
   26    34  0   0.0%   0.604 GU:3    +
   44   177  0   0.0%   0.310 UA:3    +
   47   173  0   0.0%   0.052 UG:3    +
  128   138  0   0.0%   0.180 GU:3    +
   99   142  0   0.0%   0.008 UA:3    +
   12   190  0   0.0%   0.803 GU:3    +
  103   150  0   0.0%   0.339 GC:3    +
  109   149  0   0.0%   0.401 UA:3    +
   86    94  0   0.0%   0.519 CG:3    +
   92   169  0   0.0%   0.646 CG:3    +
   12   125  0   0.0%   0.612 GC:3    +
   12   192  0   0.0%   0.904 GU:3    +
   12   124  0   0.0%   0.612 GU:3    +
   84   103  0   0.0%   0.487 CG:3    +
    3   170  0   0.0%   0.268 GC:3    +
   38   175  0   0.0%   0.262 UA:3    +
   34   156  0   0.0%   0.734 UA:3    +
   93   103  0   0.0%   0.305 CG:3    +
   49    62  0   0.0%   0.005 GC:3    +
   26    30  0   0.0%   0.879 GU:3    +
   20   199  0   0.0%   0.867 GU:3    +
   43    87  0   0.0%   0.599 GU:3    +
   52    87  0   0.0%   0.354 AU:3    +
   34   180  0   0.0%   0.613 UG:3    +
   90   108  0   0.0%   0.192 AU:3    +
   23   159  0   0.0%   0.307 UG:3    +
   19   121  0   0.0%   0.058 GC:3    +
   20   105  0   0.0%   0.444 GC:3    +
   99   103  0   0.0%   0.172 UG:3    +
   19   106  0   0.0%   0.046 GC:3    +
   91   108  0   0.0%   0.208 AU:3    +
   28   191  0   0.0%   0.923 GU:3    +
  161   190  0   0.0%   0.756 GU:3    +
   85   102  0   0.0%   0.426 AU:3    +
   31    36  0   0.0%   0.715 GU:3    +
   37    48  0   0.0%   0.015 GC:3    +
   83   180  0   0.0%   0.439 CG:3    +
  154   168  0   0.0%   0.509 UA:3    +
   22   104  0   0.0%   0.246 GC:3    +
   35   116  0   0.0%   0.543 GC:3    +
  109   140  0   0.0%   0.034 UG:3    +
   31   151  0   0.0%   0.976 GU:3    +
   38   114  0   0.0%   0.262 UG:3    +
  170   180  0   0.0%   0.741 CG:3    +
   37    47  0   0.0%   0.015 GU:3    +
   37   115  0   0.0%   0.318 GC:3    +
  105   114  0   0.0%   0.179 CG:3    +
  131   158  0   0.0%   0.548 GU:3    +
   34   117  0   0.0%   0.601 UA:3    +
  119   128  0   0.0%   0.026 UG:3    +
   33   118  0   0.0%   0.742 GC:3    +
   47    51  0   0.0%   0.002 UG:3    +
  126   132  0   0.0%   0.270 CG:3    +
  127   139  0   0.0%   0.326 UA:3    +
  114   119  0   0.0%   0.036 GU:3    +
   74   135  0   0.0%   0.188 CG:3    +
  104   166  0   0.0%   0.519 CG:3    +
   39   174  0   0.0%   0.267 UG:3    +
   94   171  0   0.0%   0.707 GC:3    +
  174   182  0   0.0%   1.199 GC:3    +
   23   103  0   0.0%   0.268 UG:3    +
  105   165  0   0.0%   0.511 CG:3    +
   99   168  0   0.0%   0.094 UA:3    +
   23   113  0   0.0%   0.268 UA:3    +
   53    87  0   0.0%   0.326 AU:3    +
   10   186  0   0.0%   0.401 UA:3    +
  103   167  0   0.0%   0.581 GU:3    +
   56   173  0   0.0%   0.097 CG:3    +
   51    60  0   0.0%   0.002 GU:3    +
   33   100  0   0.0%   0.576 GU:3    +
  183   187  0   0.0%   0.722 UA:3    +
   56    75  0   0.0%   0.115 CG:3    +
   23   101  0   0.0%   0.268 UA:3    +
   29    35  0   0.0%   0.992 UG:3    +
   51    87  0   0.0%   0.721 GU:3    +
  126   136  0   0.0%   0.280 CG:3    +
  100   141  0   0.0%   0.036 UA:3    +
  106   114  0   0.0%   0.178 CG:3    +
   41   100  0   0.0%   0.036 AU:3    +
   43   150  0   0.0%   0.476 GC:3    +
   44   149  0   0.0%   0.476 UA:3    +
   45   171  0   0.0%   0.304 GC:3    +
   45   148  0   0.0%   0.478 GC:3    +
   71   103  0   0.0%   0.204 CG:3    +
  180   188  0   0.0%   0.863 GC:3    +
   39   145  0   0.0%   0.290 UA:3    +
   31   153  0   0.0%   0.833 GU:3    +
   39   113  0   0.0%   0.271 UA:3    +
  173   188  0   0.0%   1.042 GC:3    +
   70   104  0   0.0%   0.219 GC:3    +
  113   183  0   0.0%   0.317 AU:3    +
   51    93  0   0.0%   0.560 GC:3    +
  132   158  0   0.0%   0.582 GU:3    +
   42   151  0   0.0%   0.443 AU:3    +
  129   161  0   0.0%   0.311 CG:3    +
   49    95  0   0.0%   0.592 GC:3    +
  128   162  0   0.0%   0.170 GC:3    +
  173   183  0   0.0%   1.147 GU:3    +
    6   165  0   0.0%   0.569 CG:3    +
   50    62  0   0.0%   0.006 GC:3    +
   33   188  0   0.0%   0.884 GC:3    +
   72   102  0   0.0%   0.318 AU:3    +
   69   105  0   0.0%   0.206 GC:3    +
   11   166  0   0.0%   0.682 CG:3    +
  153   174  0   0.0%   0.949 UG:3    +
  162   166  0   0.0%   0.448 CG:3    +
   49   184  0   0.0%   0.750 GU:3    +
  130   154  0   0.0%   0.115 GU:3    +
  131   153  0   0.0%   0.198 GU:3    +
   40    99  0   0.0%   0.215 GU:3    +
  152   175  0   0.0%   0.616 UA:3    +
   44   194  0   0.0%   1.323 UA:3    +
   45   193  0   0.0%   0.947 GU:3    +
   87    97  0   0.0%   0.347 UA:3    +
  126   165  0   0.0%   0.430 CG:3    +
  148   174  0   0.0%   0.727 CG:3    +
  113   158  0   0.0%   0.488 AU:3    +
   51    71  0   0.0%   0.064 GC:3    +
   33    38  0   0.0%   0.465 GU:3    +
  125   166  0   0.0%   0.418 CG:3    +
   32   164  0   0.0%   1.053 GC:3    +
  101   110  0   0.0%   0.110 AU:3    +
  169   188  0   0.0%   1.034 GC:3    +
    2   168  0   0.0%   0.492 UA:3    +
  112   137  0   0.0%   0.169 UG:3    +
  165   170  0   0.0%   0.815 GC:3    +
    1    22  0   0.0%   0.003 CG:3    +
  132   157  0   0.0%   0.453 GC:3    +
   73   171  0   0.0%   0.280 GC:3    +
  161   167  0   0.0%   0.675 GU:3    +
   30    35  0   0.0%   0.813 UG:3    +
   32   119  0   0.0%   0.888 GU:3    +
    5   119  0   0.0%   0.426 AU:3    +
  127   136  0   0.0%   0.422 UG:3    +
   45   109  0   0.0%   0.308 GU:3    +
   22   151  0   0.0%   0.276 GU:3    +
   46   192  0   0.0%   0.733 AU:3    +
  157   176  0   0.0%   0.883 CG:3    +
   34    40  0   0.0%   0.302 UG:3    +
  109   177  0   0.0%   0.375 UA:3    +
  161   183  0   0.0%   0.444 GU:3    +
   43   195  0   0.0%   1.302 GU:3    +
   41   152  0   0.0%   0.018 AU:3    +
   86   103  0   0.0%   0.478 CG:3    +
   52    89  0   0.0%   0.203 AU:3    +
   87    91  0   0.0%   0.534 UA:3    +
   74   166  0   0.0%   0.336 CG:3    +
  110   139  0   0.0%   0.057 UA:3    +
   78   135  0   0.0%   0.122 CG:3    +
   52    60  0   0.0%   0.001 AU:3    +
   43   178  0   0.0%   0.308 GC:3    +
   78   161  0   0.0%   0.282 CG:3    +
  183   196  0   0.0%   1.519 UA:3    +
   28   183  0   0.0%   0.635 GU:3    +
  148   176  0   0.0%   0.602 CG:3    +
   73   167  0   0.0%   0.359 GU:3    +
  141   151  0   0.0%   0.331 AU:3    +
   26   182  0   0.0%   0.516 GC:3    +
  108   139  0   0.0%   0.020 UA:3    +
   78   169  0   0.0%   0.171 CG:3    +
    7   183  0   0.0%   0.511 AU:3    +
   15    31  0   0.0%   0.636 CG:3    +
  124   175  0   0.0%   0.259 UA:3    +
   36    49  0   0.0%   0.080 UG:3    +
  127   156  0   0.0%   0.354 UA:3    +
  158   175  0   0.0%   0.670 UA:3    +
   25   155  0   0.0%   0.498 AU:3    +
  160   191  0   0.0%   0.828 GU:3    +
   86   180  0   0.0%   0.821 CG:3    +
   49   105  0   0.0%   0.559 GC:3    +
   61    83  0   0.0%   0.204 GC:3    +
  129   198  0   0.0%   0.516 CG:3    +
  128   199  0   0.0%   0.637 GU:3    +
   50   104  0   0.0%   0.568 GC:3    +
  127   200  0   0.0%   0.702 UA:3    +
   14    36  0   0.0%   0.394 AU:3    +
   91   100  0   0.0%   0.239 AU:3    +
   32    39  0   0.0%   0.701 GU:3    +
   39    52  0   0.0%   0.010 UA:3    +
   44   172  0   0.0%   0.310 UA:3    +
  132   152  0   0.0%   0.239 GU:3    +
   25   102  0   0.0%   0.225 AU:3    +
  130   197  0   0.0%   1.196 GC:3    +
   12   191  0   0.0%   0.884 GU:3    +
   96   184  0   0.0%   0.260 AU:3    +
   34   187  0   0.0%   0.738 UA:3    +
  167   174  0   0.0%   0.909 UG:3    +
  114   157  0   0.0%   0.262 GC:3    +
   88   185  0   0.0%   0.962 GC:3    +
   33   102  0   0.0%   0.576 GU:3    +
  150   180  0   0.0%   0.747 CG:3    +
   25   183  0   0.0%   0.395 AU:3    +
   98   190  0   0.0%   0.536 AU:3    +
   47    58  0   0.0%   0.002 UA:3    +
   31   188  0   0.0%   1.058 GC:3    +
  153   160  0   0.0%   0.730 UG:3    +
  126   201  0   0.0%   0.208 CG:3    +
   32    38  0   0.0%   0.700 GU:3    +
   48    55  0   0.0%   0.002 CG:3    +
  121   159  0   0.0%   0.156 CG:3    +
   35   155  0   0.0%   0.657 GU:3    +
   13    37  0   0.0%   0.577 CG:3    +
   97   191  0   0.0%   0.565 AU:3    +
   30   189  0   0.0%   0.963 UA:3    +
   56   169  0   0.0%   0.093 CG:3    +
   89    96  0   0.0%   0.238 UA:3    +
   92   161  0   0.0%   0.350 CG:3    +
   43    65  0   0.0%   0.001 GU:3    +
   93   160  0   0.0%   0.338 CG:3    +
  128   155  0   0.0%   0.152 GU:3    +
  124   160  0   0.0%   0.292 UG:3    +
  100   113  0   0.0%   0.053 UA:3    +
   76   164  0   0.0%   0.362 GC:3    +
   87   196  0   0.0%   1.694 UA:3    +
   49    56  0   0.0%   0.001 GC:3    +
  126   140  0   0.0%   0.185 CG:3    +
   62   181  0   0.0%   0.611 CG:3    +
   10   123  0   0.0%   0.253 UG:3    +
   54    85  0   0.0%   0.547 UA:3    +
   26   154  0   0.0%   0.534 GU:3    +
  101   112  0   0.0%   0.127 AU:3    +
   44    49  0   0.0%   0.001 UG:3    +
   12   185  0   0.0%   0.779 GC:3    +
   98   110  0   0.0%   0.023 AU:3    +
   35    54  0   0.0%   0.242 GU:3    +
   28   157  0   0.0%   0.820 GC:3    +
  116   159  0   0.0%   0.367 CG:3    +
  146   165  0   0.0%   0.370 CG:3    +
   48   144  0   0.0%   0.335 CG:3    +
    6   135  0   0.0%   0.569 CG:3    +
   59   182  0   0.0%   0.193 GC:3    +
   29   156  0   0.0%   1.035 UA:3    +
   55    89  0   0.0%   0.252 GU:3    +
  103   116  0   0.0%   0.175 GC:3    +
  183   200  0   0.0%   0.932 UA:3    +
   50   183  0   0.0%   0.772 GU:3    +
   47   145  0   0.0%   0.075 UA:3    +
   57    73  0   0.0%   0.051 CG:3    +
   99   189  0   0.0%   0.431 UA:3    +
   60   181  0   0.0%   0.553 UG:3    +
   40   153  0   0.0%   0.212 GU:3    +
  103   112  0   0.0%   0.182 GU:3    +
   23    91  0   0.0%   0.270 UA:3    +
   39   107  0   0.0%   0.391 UA:3    +
  141   158  0   0.0%   0.913 AU:3    +
  151   176  0   0.0%   0.938 UG:3    +
   79   160  0   0.0%   0.557 CG:3    +
   23    88  0   0.0%   0.268 UG:3    +
   20   151  0   0.0%   0.470 GU:3    +
   26   188  0   0.0%   0.544 GC:3    +
    1   176  0   0.0%   0.450 CG:3    +
    2   175  0   0.0%   0.492 UA:3    +
    9   124  0   0.0%   0.122 AU:3    +
  133   151  0   0.0%   0.228 AU:3    +
  108   122  0   0.0%   0.006 UA:3    +
  184   201  0   0.0%   0.290 UG:3    +
   61   182  0   0.0%   0.358 GC:3    +
   12   193  0   0.0%   0.905 GU:3    +
   49    83  0   0.0%   0.399 GC:3    +
   74   163  0   0.0%   0.353 CG:3    +
   73   164  0   0.0%   0.379 GC:3    +
    9   183  0   0.0%   0.263 AU:3    +
   65   174  0   0.0%   0.168 UG:3    +
   49    89  0   0.0%   0.567 GU:3    +
   76   167  0   0.0%   0.343 GU:3    +
   43   184  0   0.0%   0.627 GU:3    +
   75   162  0   0.0%   0.212 GC:3    +
   36    53  0   0.0%   0.080 UA:3    +
   55   170  0   0.0%   0.093 GC:3    +
  102   113  0   0.0%   0.172 UA:3    +
   24   156  0   0.0%   0.268 UA:3    +
   54    90  0   0.0%   0.423 UA:3    +
   90   109  0   0.0%   0.199 AU:3    +
    4    42  0   0.0%   0.101 UA:3    +
   49   188  0   0.0%   0.891 GC:3    +
    3   184  0   0.0%   0.269 GU:3    +
...........((((....))))..((((.....((((((((((...(((...((((((.......))))))((((...))))..((((.(((((.......(((((((((((.((.(((((....)))))...)).))))))..............)))))))))).).)))....)))))))))))))...))))....
