3 sequence; length of alignment 97
alifold output
   28    65  0  99.6%   0.022 GC:2    AU:1   
    8    87  0 100.0%   0.000 CG:3   
   12    83  0 100.0%   0.001 GC:3   
   11    84  0 100.0%   0.001 CG:3   
    7    88  0 100.0%   0.001 AU:3   
   13    82  0 100.0%   0.004 CG:3   
    9    86  0  99.9%   0.002 UA:3   
    6    89  0  99.9%   0.003 GC:3   
   10    85  0  99.8%   0.005 UG:3   
   27    66  0  99.8%   0.017 CG:3   
   26    67  0  99.8%   0.019 CG:3   
   14    81  0  99.6%   0.023 AU:3   
   25    68  0  99.5%   0.022 CG:3   
    5    90  0  98.9%   0.041 GC:3   
   44    51  0  98.7%   0.041 CG:3   
   43    52  0  98.3%   0.080 GC:3   
   20    74  0  97.1%   0.102 CG:1    UG:2   
   19    75  0  97.3%   0.100 GC:3   
   15    80  0  95.4%   0.151 UG:3   
   45    50  0  91.9%   0.239 AU:3   
   29    64  0  80.2%   0.856 UG:3   
   18    76  0  74.5%   0.672 CG:3   
   21    73  1  74.7%   0.658 UG:2   
    1    92  0  73.4%   0.692 GC:3   
    2    91  0  72.9%   0.710 GC:3   
   16    79  0  69.8%   0.763 GU:3   
   36    59  0  54.1%   1.887 CG:3   
   37    58  0  54.0%   1.625 CG:3   
   35    60  0  53.3%   1.976 CG:3   
   32    61  0  33.1%   1.455 AU:3    +
   33    60  0  30.6%   1.092 CG:3    +
   30    62  0  28.8%   1.081 GC:3    +
   31    61  0  27.5%   1.067 AU:3    +
   18    77  0  24.5%   1.272 CG:3    +
   29    63  0  18.8%   0.953 UA:3    +
   34    59  0  17.3%   0.917 UG:3    +
   35    58  0  16.7%   0.910 CG:3    +
   38    58  0  12.8%   1.699 CG:3    +
   35    59  0  12.8%   1.403 CG:3    +
   37    59  0  12.7%   2.083 CG:3    +
   36    58  0  12.7%   1.149 CG:3    +
   36    60  0  12.2%   2.159 CG:3    +
   41    55  0   9.8%   0.738 GC:3    +
   23    70  0   8.7%   0.639 AU:3    +
   22    73  0   4.1%   0.617 UG:2    UA:1    +
   23    72  0   4.6%   0.640 AU:3    +
   39    58  0   2.8%   1.559 CG:3    +
   38    59  0   2.8%   1.737 CG:3    +
   37    60  0   2.7%   1.937 CG:3    +
   39    54  0   2.6%   0.302 CG:3    +
    2    92  0   2.3%   0.723 GC:3    +
    1    93  0   1.7%   0.450 GU:3    +
   42    55  0   1.2%   0.468 GC:3    +
   15    28  0   0.1%   0.025 UG:2    UA:1    +
   20    76  0   0.1%   0.269 CG:1    UG:2    +
   47    65  0   0.0%   0.031 GC:2    GU:1    +
   24    73  0   0.0%   0.359 UG:2    UA:1    +
   54    65  0   0.0%   0.163 GC:2    GU:1    +
   51    65  0   0.0%   0.033 GC:2    GU:1    +
   46    65  0   0.0%   0.043 GC:2    GU:1    +
   24    28  0   0.0%   0.011 UG:2    UA:1    +
   30    65  0   0.0%   0.369 GC:2    GU:1    +
   28    50  0   0.0%   0.011 GU:2    AU:1    +
   20    51  0   0.0%   0.002 CG:1    UG:2    +
   20    77  0   0.0%   0.387 CG:1    UG:2    +
   58    65  0   0.0%   1.274 GC:2    GU:1    +
   20    78  0   0.0%   0.052 CG:1    UG:2    +
   21    74  1   1.5%   0.447 UG:2    +
   36    42  0   0.9%   0.146 CG:3    +
   37    41  0   0.9%   0.138 CG:3    +
   44    54  0   0.9%   0.243 CG:3    +
   43    55  0   0.9%   0.429 GC:3    +
   34    60  0   0.7%   0.776 UG:3    +
   46    52  0   0.5%   0.127 GC:3    +
    2    93  0   0.3%   0.451 GU:3    +
   42    52  0   0.3%   0.118 GC:3    +
   18    74  0   0.2%   0.041 CG:3    +
   17    75  0   0.2%   0.050 GC:3    +
   37    42  0   0.2%   0.134 CG:3    +
    1    91  0   0.2%   0.035 GC:3    +
    1    94  0   0.2%   0.344 GU:3    +
   34    63  0   0.2%   0.691 UA:3    +
   18    78  0   0.2%   0.614 CG:3    +
   33    64  0   0.1%   0.574 CG:3    +
   17    79  0   0.1%   0.303 GU:3    +
   38    74  0   0.1%   0.508 CG:3    +
   41    71  0   0.1%   0.310 GC:3    +
   40    72  0   0.1%   0.171 AU:3    +
   42    70  0   0.1%   0.375 GU:3    +
   43    69  0   0.1%   0.095 GC:3    +
   36    77  0   0.1%   1.289 CG:3    +
   37    76  0   0.1%   1.007 CG:3    +
   44    68  0   0.1%   0.088 CG:3    +
   35    78  0   0.1%   0.949 CG:3    +
   16    27  0   0.1%   0.027 GC:3    +
   17    26  0   0.1%   0.027 GC:3    +
   33    80  0   0.1%   0.447 CG:3    +
   32    81  0   0.1%   0.395 AU:3    +
   14    29  0   0.1%   0.023 AU:3    +
   36    41  0   0.1%   0.025 CG:3    +
   47    52  0   0.1%   0.092 GC:3    +
    5    91  0   0.1%   0.276 GC:3    +
   38    54  0   0.1%   0.031 CG:3    +
   35    42  0   0.1%   0.022 CG:3    +
    2    90  0   0.1%   0.020 GC:3    +
   36    43  0   0.1%   0.071 CG:3    +
    2    94  0   0.1%   0.369 GU:3    +
   15    77  0   0.1%   0.023 UG:3    +
    4    93  0   0.1%   0.103 AU:3    +
   19    25  0   0.1%   0.013 GC:3    +
    6    90  0   0.1%   0.031 GC:3    +
    1    95  0   0.1%   0.333 GU:3    +
   37    54  0   0.0%   0.070 CG:3    +
   52    60  0   0.0%   1.175 CG:3    +
   50    63  0   0.0%   0.421 UA:3    +
   39    46  0   0.0%   0.013 CG:3    +
   38    47  0   0.0%   0.014 CG:3    +
   51    62  0   0.0%   0.387 GC:3    +
   15    78  0   0.0%   0.023 UG:3    +
    5    92  0   0.0%   0.340 GC:3    +
   52    58  0   0.0%   1.340 CG:3    +
   33    59  0   0.0%   0.010 CG:3    +
   41    52  0   0.0%   0.060 GC:3    +
   50    60  0   0.0%   1.178 UG:3    +
   51    61  0   0.0%   0.747 GU:3    +
   13    30  0   0.0%   0.007 CG:3    +
   34    58  0   0.0%   0.009 UG:3    +
   35    43  0   0.0%   0.015 CG:3    +
   49    61  0   0.0%   0.730 AU:3    +
   55    60  0   0.0%   1.423 CG:3    +
    6    91  0   0.0%   0.260 GC:3    +
    2    95  0   0.0%   0.357 GU:3    +
   60    69  0   0.0%   1.110 GC:3    +
   61    68  0   0.0%   0.751 UG:3    +
   59    70  0   0.0%   1.493 GU:3    +
   58    71  0   0.0%   1.277 GC:3    +
   62    67  0   0.0%   0.372 CG:3    +
   43    50  0   0.0%   0.016 GU:3    +
   54    61  0   0.0%   0.881 GU:3    +
   14    79  0   0.0%   0.013 AU:3    +
   54    75  0   0.0%   0.196 GC:3    +
   55    74  0   0.0%   0.445 CG:3    +
   57    72  0   0.0%   0.157 AU:3    +
   25    67  0   0.0%   0.010 CG:3    +
   24    68  0   0.0%   0.006 UG:3    +
   36    47  0   0.0%   0.062 CG:3    +
   37    46  0   0.0%   0.062 CG:3    +
   26    66  0   0.0%   0.014 CG:3    +
    4    94  0   0.0%   0.025 AU:3    +
   47    62  0   0.0%   0.376 GC:3    +
   55    64  0   0.0%   0.516 CG:3    +
   38    42  0   0.0%   0.067 CG:3    +
   39    59  0   0.0%   1.465 CG:3    +
   30    61  0   0.0%   0.007 GU:3    +
   38    60  0   0.0%   1.464 CG:3    +
   52    64  0   0.0%   0.268 CG:3    +
   53    61  0   0.0%   0.730 AU:3    +
   22    30  0   0.0%   0.005 UG:3    +
   19    33  0   0.0%   0.007 GC:3    +
   23    29  0   0.0%   0.010 AU:3    +
   48    61  0   0.0%   0.725 AU:3    +
    4    95  0   0.0%   0.014 AU:3    +
   55    59  0   0.0%   1.589 CG:3    +
   46    55  0   0.0%   0.358 GC:3    +
   13    80  0   0.0%   0.004 CG:3    +
   52    59  0   0.0%   1.340 CG:3    +
   39    51  0   0.0%   0.007 CG:3    +
   40    50  0   0.0%   0.004 AU:3    +
   22    74  0   0.0%   0.239 UG:3    +
   30    39  0   0.0%   0.006 GC:3    +
   34    45  0   0.0%   0.003 UA:3    +
   29    40  0   0.0%   0.011 UA:3    +
   33    46  0   0.0%   0.003 CG:3    +
   36    54  0   0.0%   0.061 CG:3    +
   46    50  0   0.0%   0.090 GU:3    +
   26    42  0   0.0%   0.011 CG:3    +
   27    41  0   0.0%   0.011 CG:3    +
   33    58  0   0.0%   0.003 CG:3    +
   37    47  0   0.0%   0.062 CG:3    +
   18    51  0   0.0%   0.002 CG:3    +
   38    46  0   0.0%   0.005 CG:3    +
   17    52  0   0.0%   0.011 GC:3    +
   26    68  0   0.0%   0.021 CG:3    +
   19    50  0   0.0%   0.007 GU:3    +
   51    55  0   0.0%   0.338 GC:3    +
   34    57  0   0.0%   0.002 UA:3    +
   25    43  0   0.0%   0.006 CG:3    +
   50    66  0   0.0%   0.093 UG:3    +
   50    56  0   0.0%   0.083 UA:3    +
   12    81  0   0.0%   0.001 GU:3    +
   37    43  0   0.0%   0.066 CG:3    +
   71    76  0   0.0%   0.248 CG:3    +
   19    24  0   0.0%   0.001 GU:3    +
    5    89  0   0.0%   0.001 GC:3    +
   70    77  0   0.0%   0.584 UG:3    +
   17    35  0   0.0%   0.010 GC:3    +
   69    78  0   0.0%   0.036 CG:3    +
   27    67  0   0.0%   0.017 CG:3    +
   16    36  0   0.0%   0.010 GC:3    +
   38    77  0   0.0%   0.745 CG:3    +
   39    76  0   0.0%   0.446 CG:3    +
   37    78  0   0.0%   0.788 CG:3    +
   22    47  0   0.0%   0.002 UG:3    +
   29    49  0   0.0%   0.011 UA:3    +
   27    51  0   0.0%   0.011 CG:3    +
   36    51  0   0.0%   0.060 CG:3    +
   69    74  0   0.0%   0.127 CG:3    +
   30    44  0   0.0%   0.005 GC:3    +
   16    75  0   0.0%   0.010 GC:3    +
   68    75  0   0.0%   0.060 GC:3    +
   24    45  0   0.0%   0.002 UA:3    +
   11    82  0   0.0%   0.001 CG:3    +
   29    45  0   0.0%   0.010 UA:3    +
   35    47  0   0.0%   0.011 CG:3    +
   27    42  0   0.0%   0.011 CG:3    +
   36    46  0   0.0%   0.058 CG:3    +
   30    35  0   0.0%   0.004 GC:3    +
   36    76  0   0.0%   1.138 CG:3    +
   35    77  0   0.0%   1.257 CG:3    +
   50    57  0   0.0%   0.084 UA:3    +
   54    62  0   0.0%   0.513 GC:3    +
   33    41  0   0.0%   0.002 CG:3    +
   19    72  0   0.0%   0.007 GU:3    +
   34    40  0   0.0%   0.001 UA:3    +
   26    43  0   0.0%   0.010 CG:3    +
   27    64  0   0.0%   0.011 CG:3    +
   41    50  0   0.0%   0.054 GU:3    +
   19    52  0   0.0%   0.007 GC:3    +
   25    47  0   0.0%   0.006 CG:3    +
   50    59  0   0.0%   1.347 UG:3    +
   34    48  0   0.0%   0.002 UA:3    +
   52    67  0   0.0%   0.083 CG:3    +
   26    46  0   0.0%   0.010 CG:3    +
   24    48  0   0.0%   0.002 UA:3    +
   42    50  0   0.0%   0.067 GU:3    +
   27    46  0   0.0%   0.010 CG:3    +
   26    77  0   0.0%   0.364 CG:3    +
   27    76  0   0.0%   0.238 CG:3    +
   25    78  0   0.0%   0.026 CG:3    +
   26    47  0   0.0%   0.011 CG:3    +
    6    88  0   0.0%   0.000 GU:3    +
   19    27  0   0.0%   0.014 GC:3    +
   47    55  0   0.0%   0.335 GC:3    +
   33    78  0   0.0%   0.392 CG:3    +
   32    79  0   0.0%   0.629 AU:3    +
   17    29  0   0.0%   0.017 GU:3    +
   34    78  0   0.0%   0.369 UG:3    +
   68    79  0   0.0%   0.280 GU:3    +
   15    76  0   0.0%   0.009 UG:3    +
    1    90  0   0.0%   0.000 GC:3    +
   17    25  0   0.0%   0.000 GC:3    +
   23    79  0   0.0%   0.618 AU:3    +
   19    71  0   0.0%   0.006 GC:3    +
   16    26  0   0.0%   0.000 GC:3    +
   35    64  0   0.0%   1.094 CG:3    +
   25    77  0   0.0%   0.361 CG:3    +
   24    78  0   0.0%   0.019 UG:3    +
   26    76  0   0.0%   0.239 CG:3    +
   52    76  0   0.0%   0.315 CG:3    +
   35    41  0   0.0%   0.002 CG:3    +
   52    78  0   0.0%   0.104 CG:3    +
   55    68  0   0.0%   0.342 CG:3    +
   54    69  0   0.0%   0.160 GC:3    +
   51    79  0   0.0%   0.284 GU:3    +
   69    76  0   0.0%   0.247 CG:3    +
   29    66  0   0.0%   0.505 UG:3    +
   30    36  0   0.0%   0.004 GC:3    +
   10    86  0   0.0%   0.002 UA:3    +
   11    85  0   0.0%   0.002 CG:3    +
    2    89  0   0.0%   0.000 GC:3    +
   23    50  0   0.0%   0.001 AU:3    +
   15    31  0   0.0%   0.008 UA:3    +
    5    93  0   0.0%   0.116 GU:3    +
   24    49  0   0.0%   0.002 UA:3    +
   34    64  0   0.0%   0.541 UG:3    +
   25    30  0   0.0%   0.008 CG:3    +
   53    70  0   0.0%   0.223 AU:3    +
   50    80  0   0.0%   0.143 UG:3    +
   37    51  0   0.0%   0.060 CG:3    +
   49    81  0   0.0%   0.016 AU:3    +
   24    31  0   0.0%   0.002 UA:3    +
   31    81  0   0.0%   0.361 AU:3    +
   44    67  0   0.0%   0.058 CG:3    +
   50    78  0   0.0%   0.113 UG:3    +
   34    43  0   0.0%   0.001 UG:3    +
   49    79  0   0.0%   0.265 AU:3    +
   22    51  0   0.0%   0.002 UG:3    +
   24    74  0   0.0%   0.109 UG:3    +
   30    37  0   0.0%   0.004 GC:3    +
   38    43  0   0.0%   0.010 CG:3    +
   35    54  0   0.0%   0.010 CG:3    +
   18    80  0   0.0%   0.635 CG:3    +
   25    42  0   0.0%   0.004 CG:3    +
   26    41  0   0.0%   0.009 CG:3    +
   39    43  0   0.0%   0.010 CG:3    +
   30    38  0   0.0%   0.004 GC:3    +
   22    80  0   0.0%   0.179 UG:3    +
   37    77  0   0.0%   1.122 CG:3    +
   33    42  0   0.0%   0.002 CG:3    +
   29    74  0   0.0%   0.606 UG:3    +
   38    76  0   0.0%   0.620 CG:3    +
   22    49  0   0.0%   0.002 UA:3    +
   36    78  0   0.0%   0.944 CG:3    +
   34    42  0   0.0%   0.001 UG:3    +
   34    41  0   0.0%   0.001 UG:3    +
   19    69  0   0.0%   0.006 GC:3    +
   34    77  0   0.0%   0.704 UG:3    +
   17    81  0   0.0%   0.037 GU:3    +
   35    76  0   0.0%   1.133 CG:3    +
    6    92  0   0.0%   0.323 GC:3    +
   30    52  0   0.0%   0.005 GC:3    +
   19    79  0   0.0%   0.295 GU:3    +
   52    77  0   0.0%   0.439 CG:3    +
   71    77  0   0.0%   0.371 CG:3    +
    5    94  0   0.0%   0.040 GU:3    +
   22    46  0   0.0%   0.001 UG:3    +
   44    58  0   0.0%   1.314 CG:3    +
   50    58  0   0.0%   1.343 UG:3    +
   50    64  0   0.0%   0.276 UG:3    +
   33    68  0   0.0%   0.384 CG:3    +
   72    76  0   0.0%   0.389 UG:3    +
   34    67  0   0.0%   0.358 UG:3    +
   35    66  0   0.0%   0.911 CG:3    +
   36    64  0   0.0%   1.098 CG:3    +
   16    25  0   0.0%   0.000 GC:3    +
   29    53  0   0.0%   0.010 UA:3    +
   30    71  0   0.0%   0.364 GC:3    +
   31    70  0   0.0%   0.569 AU:3    +
   19    26  0   0.0%   0.013 GC:3    +
   39    73  1   0.1%   0.581 CG:2    +
   20    73  1   0.0%   0.007 UG:2    +
   20    32  1   0.0%   0.003 UA:2    +
   21    31  1   0.0%   0.003 UA:2    +
    1    96  1   0.0%   0.327 GU:2    +
   20    49  1   0.0%   0.002 UA:2    +
   21    48  1   0.0%   0.002 UA:2    +
    2    96  1   0.0%   0.350 GU:2    +
   18    73  1   0.0%   0.001 CG:2    +
    4    96  1   0.0%   0.008 AU:2    +
   18    28  1   0.0%   0.009 CG:2    +
   21    76  1   0.0%   0.507 UG:2    +
   28    75  1   0.0%   0.054 GC:2    +
   69    73  1   0.0%   0.374 CG:2    +
((..((((((((((((.((((...(((((.....(((.....(((....))).....)))...)))))....))))..)))))))))))))).....
