3 sequence; length of alignment 116
alifold output
   22    27  0  99.8%   0.007 GC:2    AU:1   
   39    57  0  99.7%   0.010 CG:2    UA:1   
   19    30  0 100.0%   0.000 CG:3   
   40    56  0 100.0%   0.000 GC:3   
   41    55  0 100.0%   0.000 CG:3   
   42    54  0 100.0%   0.000 GC:3   
   20    29  0 100.0%   0.000 CG:3   
   18    31  0 100.0%   0.001 CG:3   
   21    28  0 100.0%   0.000 GC:3   
   43    53  0  99.8%   0.005 CG:3   
   17    32  0  99.4%   0.020 GC:3   
   78    87  0  98.7%   0.063 GC:3   
   79    86  0  98.6%   0.067 GC:3   
   77    88  0  98.6%   0.048 UA:3   
   76    89  0  97.4%   0.103 CG:3   
   72    94  0  95.6%   0.226 CG:3   
   71    95  0  95.2%   0.242 CG:3   
   73    93  0  86.5%   0.625 UA:3   
   38    58  0  84.3%   0.433 UA:3   
   80    85  0  82.2%   0.499 UA:3   
   45    51  0  76.9%   0.609 GC:3   
   62   103  0  73.9%   1.175 CG:3   
   63   102  1  73.6%   1.195 CG:2   
   60   104  0  70.3%   0.912 CG:1    GC:2   
   59   105  1  67.9%   0.902 GC:2   
   46    50  1  66.0%   0.827 CG:1    GC:1   
    7    14  0  65.7%   0.879 CG:3   
    8    13  0  65.4%   0.860 CG:3   
    6    15  1  60.0%   0.945 CG:2   
   74    90  0  18.4%   0.970 GC:3    +
   67    98  0  17.4%   1.019 CG:1    UG:2    +
   13    63  0  16.7%   1.453 GC:3    +
   14    62  0  16.6%   1.485 GC:3    +
   12    64  0  16.5%   0.910 CG:3    +
    8    14  0  12.7%   1.366 CG:3    +
    7    15  0  12.5%   1.390 CG:3    +
   11    65  1  12.1%   0.776 AU:2    +
    9    13  1  11.4%   1.048 CG:2    +
   67    99  1   9.3%   1.037 UA:2    +
  104   112  0   7.4%   1.122 CG:2    GC:1    +
   16    34  0   7.8%   0.613 CG:3    +
  105   111  1   7.3%   1.010 CG:1    AU:1    +
   75    91  0   5.1%   0.660 UG:3    +
   73    91  0   4.7%   0.472 UG:3    +
    3   112  0   3.2%   0.512 CG:2    GC:1    +
   65   109  0   0.0%   0.361 GC:1    UG:1    UA:1    +
   65   113  0   0.0%   0.395 GC:1    UG:1    UA:1    +
    8    68  0   1.9%   0.814 CG:3    +
    9   100  0   0.7%   0.421 CG:2    AU:1    +
    3   111  1   1.6%   0.258 CG:1    GU:1    +
   34    63  0   1.6%   0.752 GC:3    +
   16    59  0   1.5%   0.424 CG:3    +
    5   113  1   1.5%   0.292 CG:1    GC:1    +
  100   105  0   0.5%   0.476 GC:2    UA:1    +
    5   104  1   1.4%   0.180 CG:1    GC:1    +
   73    92  1   1.9%   0.399 UA:2    +
    3   100  0   0.2%   0.068 CG:2    GU:1    +
  106   111  0   0.2%   0.387 GU:2    UG:1    +
    4   114  1   1.2%   0.193 CG:1    AU:1    +
   67    91  0   0.1%   0.056 CG:1    UG:2    +
    3    60  0   0.1%   0.043 CG:2    GC:1    +
   83    90  0   1.1%   0.479 GC:3    +
   84    89  0   1.1%   0.209 CG:3    +
    2   112  1   1.6%   0.237 CG:2    +
    2   100  0   0.1%   0.035 CG:2    AU:1    +
   71   103  0   1.1%   0.639 CG:3    +
   73   101  0   1.1%   0.569 UA:3    +
   67    74  0   0.1%   0.050 CG:1    UG:2    +
   76    98  0   1.0%   0.522 CG:3    +
  100   104  0   0.0%   0.430 GC:2    UG:1    +
   13    67  0   0.0%   0.874 GC:1    GU:2    +
  106   115  0   0.0%   0.109 GU:1    UA:1    --:1    +
    4    65  0   0.0%   0.009 CG:1    AU:2    +
   67   103  0   0.0%   0.989 CG:1    UG:2    +
   33   110  0   0.0%   0.112 UG:1    UA:2    +
   59    67  0   0.0%   0.097 GC:1    GU:2    +
   77    97  0   1.0%   0.195 UA:3    +
   67    83  0   0.0%   0.030 CG:1    UG:2    +
   38   110  0   0.0%   0.148 UG:1    UA:2    +
   23    27  0   0.0%   0.003 GC:2    GU:1    +
   34    39  0   0.0%   0.216 GC:2    GU:1    +
   67    95  0   0.0%   0.068 CG:1    UG:2    +
   34    67  0   0.0%   0.332 GC:1    GU:2    +
   73   102  0   0.0%   0.816 UG:2    UA:1    +
   67    94  0   0.0%   0.061 CG:1    UG:2    +
   65    92  0   0.0%   0.267 GU:1    UA:2    +
   67   110  0   0.0%   0.613 CG:1    UA:2    +
   38    57  0   0.0%   0.001 UG:2    UA:1    +
   39    59  0   0.0%   0.080 CG:2    UG:1    +
   33   102  0   0.0%   0.219 UG:2    UA:1    +
   14    27  0   0.0%   0.589 GC:2    GU:1    +
   15    27  0   0.0%   0.593 GC:2    GU:1    +
   36    67  0   0.0%   0.075 GC:1    GU:2    +
   21    27  0   0.0%   0.000 GC:2    GU:1    +
   13    39  0   0.0%   0.557 GC:2    GU:1    +
   17    67  0   0.0%   0.043 GC:1    GU:2    +
   39    55  0   0.0%   0.000 CG:2    UG:1    +
   80   102  0   0.0%   0.592 UG:2    UA:1    +
   33    64  0   1.0%   0.503 UG:3    +
    6   103  1   1.4%   0.529 CG:2    +
  102   114  1   0.8%   0.581 GC:1    AU:1    +
    7   102  1   1.3%   0.783 CG:2    +
   71    94  0   0.6%   0.160 CG:3    +
   10    68  0   0.6%   0.218 CG:3    +
   34    62  0   0.6%   0.615 GC:3    +
   16    60  1   1.1%   0.453 CG:2    +
    5   109  1   0.6%   0.160 CG:1    GC:1    +
   72   102  1   1.1%   0.579 CG:2    +
   75    99  1   1.0%   0.573 UA:2    +
   16   103  0   0.5%   0.543 CG:3    +
   65   101  1   1.0%   0.412 UA:2    +
    7    13  0   0.5%   0.077 CG:3    +
   16    36  0   0.4%   0.281 CG:3    +
   10    98  0   0.4%   0.130 CG:3    +
    7   103  0   0.4%   0.793 CG:3    +
   63   103  0   0.4%   1.050 CG:3    +
   75    89  0   0.4%   0.091 UG:3    +
    8    15  0   0.4%   1.169 CG:3    +
   99   106  1   0.4%   0.383 UG:1    AU:1    +
   17    33  0   0.3%   0.094 GU:3    +
   36    62  0   0.3%   0.433 GC:3    +
   14    72  0   0.3%   0.954 GC:3    +
   13    73  0   0.3%   0.915 GU:3    +
   15    71  0   0.3%   0.674 GC:3    +
   12    74  0   0.3%   0.368 CG:3    +
    7    68  0   0.3%   0.622 CG:3    +
   80    93  0   0.3%   0.365 UA:3    +
   11    75  0   0.3%   0.326 AU:3    +
    4   106  1   0.3%   0.054 CG:1    AU:1    +
   15    33  0   0.2%   0.651 GU:3    +
   67    97  1   0.7%   0.140 UA:2    +
    8    94  0   0.2%   0.684 CG:3    +
    7    95  0   0.2%   0.628 CG:3    +
    8   103  0   0.2%   0.812 CG:3    +
  106   113  1   0.2%   0.197 GC:1    UA:1    +
   71    79  0   0.2%   0.064 CG:3    +
   72    78  0   0.2%   0.063 CG:3    +
   70    80  0   0.2%   0.039 AU:3    +
   63    68  0   0.2%   0.552 CG:3    +
   76    91  0   0.2%   0.372 CG:3    +
   72    95  0   0.2%   0.194 CG:3    +
   73    94  0   0.2%   0.501 UG:3    +
    5   106  1   0.2%   0.107 CG:1    AU:1    +
   45    52  1   0.2%   0.236 GC:1    GU:1    +
   69    81  0   0.2%   0.035 AU:3    +
   66    92  1   0.1%   0.033 AU:1    UA:1    +
   68    90  0   0.1%   0.187 GC:3    +
   33    61  0   0.1%   0.078 UA:3    +
  106   112  1   0.1%   0.504 GC:1    UG:1    +
    2   114  1   0.1%   0.129 CG:1    AU:1    +
  105   114  1   0.1%   0.691 CG:1    AU:1    +
   12    36  0   0.1%   0.035 CG:3    +
    2   111  1   0.1%   0.053 CG:1    AU:1    +
   15    62  0   0.1%   0.927 GC:3    +
    3   114  1   0.1%   0.255 CG:1    GU:1    +
   81    85  0   0.1%   0.195 UA:3    +
  103   114  1   0.1%   0.558 GC:1    GU:1    +
   14    63  0   0.1%   1.206 GC:3    +
   15    84  0   0.1%   0.654 GC:3    +
   16    83  0   0.1%   0.358 CG:3    +
   63    95  0   0.1%   0.442 CG:3    +
   14    86  0   0.1%   0.932 GC:3    +
   13    87  0   0.1%   0.895 GC:3    +
   65   104  1   0.1%   0.683 GC:1    UG:1    +
   80    94  0   0.1%   0.327 UG:3    +
   81    93  0   0.1%   0.199 UA:3    +
   10    34  0   0.1%   0.026 CG:3    +
   63    94  0   0.1%   0.429 CG:3    +
   11    33  0   0.1%   0.019 AU:3    +
   62    95  0   0.1%   0.402 CG:3    +
   12    34  0   0.1%   0.025 CG:3    +
   62    79  0   0.1%   0.374 CG:3    +
   63    78  0   0.1%   0.402 CG:3    +
    9   111  1   0.1%   0.434 CG:1    AU:1    +
   61    80  0   0.1%   0.023 AU:3    +
   13    33  0   0.1%   0.575 GU:3    +
  109   114  1   0.1%   0.170 CG:1    GU:1    +
   64    77  0   0.1%   0.365 GU:3    +
   10    14  0   0.1%   0.597 CG:3    +
    6   111  1   0.1%   0.486 CG:1    AU:1    +
   87    94  0   0.0%   0.152 CG:3    +
   86    95  0   0.0%   0.126 CG:3    +
   10    94  0   0.0%   0.081 CG:3    +
   10    91  0   0.0%   0.059 CG:3    +
   12    89  0   0.0%   0.340 CG:3    +
    7    94  0   0.0%   0.594 CG:3    +
   72    91  0   0.0%   0.058 CG:3    +
   60   106  1   0.0%   0.393 CG:1    GU:1    +
   16    98  0   0.0%   0.387 CG:3    +
    2    65  1   0.0%   0.018 CG:1    AU:1    +
    8    95  0   0.0%   0.678 CG:3    +
   90    95  0   0.0%   0.477 CG:3    +
    8    36  0   0.0%   0.570 CG:3    +
   62    68  0   0.0%   0.505 CG:3    +
   59    72  0   0.0%   0.105 GC:3    +
    9    65  1   0.0%   0.284 CG:1    AU:1    +
   68    73  0   0.0%   0.182 GU:3    +
    8    98  0   0.0%   0.668 CG:3    +
   67   106  1   0.0%   0.667 CG:1    UG:1    +
    4   100  1   0.0%   0.028 CG:1    AU:1    +
   36    63  0   0.0%   0.434 GC:3    +
   16    64  0   0.0%   0.644 CG:3    +
   10    59  0   0.0%   0.025 CG:3    +
   10    36  0   0.0%   0.021 CG:3    +
   10    64  0   0.0%   0.022 CG:3    +
   33    37  0   0.0%   0.053 UA:3    +
   16    68  0   0.0%   0.482 CG:3    +
   64    71  0   0.0%   0.377 GC:3    +
  104   111  1   0.0%   0.444 CG:1    GU:1    +
   59    63  0   0.0%   0.454 GC:3    +
   10   103  0   0.0%   0.193 CG:3    +
   33    59  0   0.0%   0.127 UG:3    +
    7    98  0   0.0%   0.607 CG:3    +
   58    73  0   0.0%   0.168 AU:3    +
   38    59  0   0.0%   0.223 UG:3    +
    8    78  0   0.0%   0.644 CG:3    +
    7    79  0   0.0%   0.586 CG:3    +
   10    15  0   0.0%   0.600 CG:3    +
   14    32  0   0.0%   0.592 GC:3    +
  100   109  1   0.0%   0.137 GC:1    UG:1    +
   60   113  1   0.0%   0.412 CG:1    GC:1    +
   12    68  0   0.0%   0.452 CG:3    +
   59   114  1   0.0%   0.417 GC:1    GU:1    +
    8    59  0   0.0%   0.572 CG:3    +
  102   111  1   0.0%   0.479 GU:1    AU:1    +
   90    98  0   0.0%   0.766 CG:3    +
   63    98  0   0.0%   0.439 CG:3    +
   72    98  0   0.0%   0.433 CG:3    +
   12    98  0   0.0%   0.367 CG:3    +
   33   107  0   0.0%   0.111 UA:3    +
   44    53  0   0.0%   0.004 UG:3    +
   73    97  0   0.0%   0.414 UA:3    +
   36   114  1   0.0%   0.130 GC:1    GU:1    +
   12    91  0   0.0%   0.340 CG:3    +
  100   113  1   0.0%   0.171 GC:1    UG:1    +
   80    95  0   0.0%   0.296 UG:3    +
   90   103  0   0.0%   0.806 CG:3    +
   65   102  1   0.0%   0.663 UG:1    UA:1    +
   34   114  1   0.0%   0.385 GC:1    GU:1    +
   80    89  0   0.0%   0.230 UG:3    +
   79    90  0   0.0%   0.356 GC:3    +
   14    71  0   0.0%   0.896 GC:3    +
   13    72  0   0.0%   0.859 GC:3    +
   81    94  0   0.0%   0.158 UG:3    +
  104   114  1   0.0%   0.664 CG:1    GU:1    +
  100   108  1   0.0%   0.104 GC:1    UA:1    +
   13    90  0   0.0%   0.884 GC:3    +
   16    89  0   0.0%   0.351 CG:3    +
   15    90  0   0.0%   0.644 GC:3    +
   77    96  0   0.0%   0.025 UA:3    +
   33   113  1   0.0%   0.176 UG:1    UA:1    +
   14    33  0   0.0%   0.605 GU:3    +
   81    88  0   0.0%   0.037 UA:3    +
   81    91  0   0.0%   0.346 UG:3    +
   60   109  1   0.0%   0.375 CG:1    GC:1    +
   64    84  0   0.0%   0.364 GC:3    +
   64    86  0   0.0%   0.365 GC:3    +
  100   106  1   0.0%   0.178 GU:1    UG:1    +
   76    95  0   0.0%   0.131 CG:3    +
   64    90  0   0.0%   0.360 GC:3    +
   68    76  0   0.0%   0.159 GC:3    +
   77    94  0   0.0%   0.135 UG:3    +
   63    91  0   0.0%   0.396 CG:3    +
   69    75  0   0.0%   0.023 AU:3    +
   33    69  0   0.0%   0.108 UA:3    +
   68    84  0   0.0%   0.165 GC:3    +
   75    93  0   0.0%   0.345 UA:3    +
   75    96  0   0.0%   0.215 UA:3    +
    3    65  1   0.0%   0.027 CG:1    GU:1    +
   14    87  0   0.0%   0.927 GC:3    +
   15    32  0   0.0%   0.595 GC:3    +
    5    33  1   0.0%   0.004 GU:1    AU:1    +
   15    86  0   0.0%   0.648 GC:3    +
   84    91  0   0.0%   0.382 CG:3    +
   64    72  0   0.0%   0.375 GC:3    +
   16    95  0   0.0%   0.371 CG:3    +
   77    89  0   0.0%   0.071 UG:3    +
   62    74  0   0.0%   0.379 CG:3    +
    9   114  1   0.0%   0.414 CG:1    AU:1    +
   61    75  0   0.0%   0.027 AU:3    +
   33    58  0   0.0%   0.050 UA:3    +
   32    64  0   0.0%   0.313 CG:3    +
   15   114  1   0.0%   0.736 GC:1    GU:1    +
   16    74  0   0.0%   0.360 CG:3    +
   15    75  0   0.0%   0.653 GU:3    +
   14    76  0   0.0%   0.915 GC:3    +
   33   109  1   0.0%   0.140 UG:1    UA:1    +
   13    77  0   0.0%   0.877 GU:3    +
   68    72  0   0.0%   0.178 GC:3    +
   71    91  0   0.0%   0.050 CG:3    +
   12    78  0   0.0%   0.332 CG:3    +
   38    61  0   0.0%   0.156 UA:3    +
    7    36  0   0.0%   0.565 CG:3    +
   78    84  0   0.0%   0.025 GC:3    +
   16    94  0   0.0%   0.370 CG:3    +
   10    95  0   0.0%   0.078 CG:3    +
   72   103  0   0.0%   0.569 CG:3    +
   59    71  0   0.0%   0.099 GC:3    +
   12   103  0   0.0%   0.442 CG:3    +
   71    98  0   0.0%   0.455 CG:3    +
   33    68  0   0.0%   0.249 UG:3    +
   14   114  1   0.0%   1.019 GC:1    GU:1    +
   13    62  0   0.0%   0.558 GC:3    +
   34    38  0   0.0%   0.216 GU:3    +
   16    31  0   0.0%   0.001 CG:3    +
   76    94  0   0.0%   0.152 CG:3    +
   77    85  0   0.0%   0.006 UA:3    +
   72    89  0   0.0%   0.039 CG:3    +
   73    88  0   0.0%   0.024 UA:3    +
   67   109  1   0.0%   0.643 CG:1    UA:1    +
   74    84  0   0.0%   0.031 GC:3    +
   68    81  0   0.0%   0.162 GU:3    +
   74    87  0   0.0%   0.031 GC:3    +
   73    85  0   0.0%   0.024 UA:3    +
   77    93  0   0.0%   0.154 UA:3    +
    8    91  0   0.0%   0.642 CG:3    +
   64   114  1   0.0%   0.436 GC:1    GU:1    +
   75    95  0   0.0%   0.304 UG:3    +
   13   114  1   0.0%   0.961 GC:1    GU:1    +
   64    76  0   0.0%   0.353 GC:3    +
    5    67  1   0.0%   0.001 GU:1    AU:1    +
   76    83  0   0.0%   0.008 CG:3    +
   62    98  0   0.0%   0.403 CG:3    +
   10    89  0   0.0%   0.048 CG:3    +
   98   114  1   0.0%   0.464 GC:1    GU:1    +
    7    78  0   0.0%   0.582 CG:3    +
    5    80  1   0.0%   0.001 GU:1    AU:1    +
   16    91  0   0.0%   0.351 CG:3    +
   77    82  0   0.0%   0.005 UA:3    +
   73    95  0   0.0%   0.469 UG:3    +
   38   107  0   0.0%   0.147 UA:3    +
   66   106  1   0.0%   0.067 UG:1    AU:1    +
   84    98  0   0.0%   0.446 CG:3    +
   78    86  0   0.0%   0.025 GC:3    +
   75    83  0   0.0%   0.029 UG:3    +
   15    63  0   0.0%   0.920 GC:3    +
   69    80  0   0.0%   0.006 AU:3    +
   90    94  0   0.0%   0.497 CG:3    +
    8    34  0   0.0%   0.566 CG:3    +
   12    59  0   0.0%   0.022 CG:3    +
   75    94  0   0.0%   0.325 UG:3    +
   10    74  0   0.0%   0.048 CG:3    +
   59    87  0   0.0%   0.087 GC:3    +
   10    78  0   0.0%   0.049 CG:3    +
   79    84  0   0.0%   0.025 GC:3    +
   33    70  0   0.0%   0.108 UA:3    +
   11    73  0   0.0%   0.276 AU:3    +
    7    34  0   0.0%   0.567 CG:3    +
   33    97  0   0.0%   0.108 UA:3    +
   87    98  0   0.0%   0.412 CG:3    +
   64    73  0   0.0%   0.373 GU:3    +
   12    94  0   0.0%   0.357 CG:3    +
   63    74  0   0.0%   0.406 CG:3    +
   39   109  1   0.0%   0.034 CG:1    UA:1    +
   33    96  0   0.0%   0.108 UA:3    +
    7    91  0   0.0%   0.583 CG:3    +
   84   103  0   0.0%   0.486 CG:3    +
   67   113  1   0.0%   0.677 CG:1    UA:1    +
   73    96  0   0.0%   0.380 UA:3    +
    7    59  0   0.0%   0.568 CG:3    +
   17    63  0   0.0%   0.332 GC:3    +
   15    38  0   0.0%   0.608 GU:3    +
   18    24  0   0.0%   0.000 CG:3    +
   17    25  0   0.0%   0.001 GC:3    +
   19    23  0   0.0%   0.000 CG:3    +
   65   105  1   0.0%   0.648 GC:1    UA:1    +
   11    38  0   0.0%   0.005 AU:3    +
   33   101  0   0.0%   0.108 UA:3    +
    7    64  0   0.0%   0.566 CG:3    +
    8    79  0   0.0%   0.643 CG:3    +
   32    36  0   0.0%   0.045 CG:3    +
   92    99  1   0.0%   0.377 AU:1    UA:1    +
    7    17  0   0.0%   0.562 CG:3    +
    8    64  0   0.0%   0.567 CG:3    +
   59    77  0   0.0%   0.081 GU:3    +
   68    87  0   0.0%   0.165 GC:3    +
   86   103  0   0.0%   0.453 CG:3    +
   68   114  1   0.0%   0.240 GC:1    GU:1    +
   14    38  0   0.0%   0.591 GU:3    +
   75    97  0   0.0%   0.247 UA:3    +
   78    90  0   0.0%   0.353 GC:3    +
   13    38  0   0.0%   0.557 GU:3    +
   32    59  0   0.0%   0.081 CG:3    +
   39    60  1   0.0%   0.071 CG:1    UG:1    +
   13    71  0   0.0%   0.857 GC:3    +
   59    84  0   0.0%   0.087 GC:3    +
   13    28  0   0.0%   0.552 GC:3    +
   80    96  0   0.0%   0.206 UA:3    +
   11    77  0   0.0%   0.292 AU:3    +
   65   110  1   0.0%   0.330 UG:1    UA:1    +
   12    29  0   0.0%   0.000 CG:3    +
   69    73  0   0.0%   0.023 AU:3    +
    5    81  1   0.0%   0.001 GU:1    AU:1    +
   38   113  1   0.0%   0.211 UG:1    UA:1    +
   14    28  0   0.0%   0.589 GC:3    +
   10    79  0   0.0%   0.049 CG:3    +
   12    95  0   0.0%   0.357 CG:3    +
   18    30  0   0.0%   0.000 CG:3    +
   83    87  0   0.0%   0.027 GC:3    +
   81    95  0   0.0%   0.131 UG:3    +
   75    85  0   0.0%   0.023 UA:3    +
   38   109  1   0.0%   0.177 UG:1    UA:1    +
   59    81  0   0.0%   0.081 GU:3    +
   68    86  0   0.0%   0.165 GC:3    +
   73    82  0   0.0%   0.023 UA:3    +
   34    87  0   0.0%   0.321 GC:3    +
   77    91  0   0.0%   0.344 UG:3    +
    5    38  1   0.0%   0.000 GU:1    AU:1    +
   72    83  0   0.0%   0.041 CG:3    +
   74    81  0   0.0%   0.038 GU:3    +
   92   100  1   0.0%   0.184 UG:1    AU:1    +
   10    30  0   0.0%   0.005 CG:3    +
   75    98  0   0.0%   0.553 UG:3    +
   33    88  0   0.0%   0.108 UA:3    +
   33   103  0   0.0%   0.241 UG:3    +
   64    87  0   0.0%   0.364 GC:3    +
   33    98  0   0.0%   0.142 UG:3    +
   74    86  0   0.0%   0.031 GC:3    +
   80    91  0   0.0%   0.501 UG:3    +
   86    91  0   0.0%   0.346 CG:3    +
   87    95  0   0.0%   0.121 CG:3    +
   77    95  0   0.0%   0.113 UG:3    +
   80    88  0   0.0%   0.191 UA:3    +
   81   101  0   0.0%   0.132 UA:3    +
   79    87  0   0.0%   0.051 GC:3    +
   32    98  0   0.0%   0.042 CG:3    +
   41    53  0   0.0%   0.000 CG:3    +
   40    54  0   0.0%   0.000 GC:3    +
   62    94  0   0.0%   0.387 CG:3    +
   14    90  0   0.0%   0.922 GC:3    +
   59    90  0   0.0%   0.082 GC:3    +
   19    29  0   0.0%   0.000 CG:3    +
   68    75  0   0.0%   0.179 GU:3    +
   84    94  0   0.0%   0.178 CG:3    +
   36    72  0   0.0%   0.078 GC:3    +
   34    90  0   0.0%   0.316 GC:3    +
   12    30  0   0.0%   0.000 CG:3    +
   13    86  0   0.0%   0.877 GC:3    +
   32   103  0   0.0%   0.141 CG:3    +
   38    64  0   0.0%   0.497 UG:3    +
   35    73  0   0.0%   0.020 AU:3    +
   86    94  0   0.0%   0.142 CG:3    +
   42    52  1   0.0%   0.000 GC:1    GU:1    +
   65   111  1   0.0%   0.415 GU:1    UG:1    +
   32    89  0   0.0%   0.012 CG:3    +
   34    84  0   0.0%   0.321 GC:3    +
   13    32  0   0.0%   0.552 GC:3    +
   36    76  0   0.0%   0.059 GC:3    +
   73    98  0   0.0%   0.719 UG:3    +
   37    75  0   0.0%   0.019 AU:3    +
   15   104  1   0.5%   0.785 GC:2    +
    6    14  1   0.4%   0.075 CG:2    +
    8   102  1   0.4%   0.794 CG:2    +
   14   105  1   0.4%   1.002 GC:2    +
    9    14  1   0.4%   0.874 CG:2    +
   60   105  1   0.3%   0.673 GC:2    +
   75    92  1   0.3%   0.325 UA:2    +
   11    67  1   0.3%   0.305 AU:2    +
    9   102  1   0.2%   0.453 CG:2    +
  105   112  1   0.1%   0.952 CG:2    +
   67   100  1   0.1%   0.689 UG:2    +
   13   105  1   0.1%   0.912 GC:2    +
   81    92  1   0.1%   0.149 UA:2    +
    9    68  1   0.1%   0.402 CG:2    +
   14   104  1   0.1%   1.008 GC:2    +
   12   106  1   0.1%   0.389 CG:2    +
    3   102  1   0.1%   0.067 CG:2    +
   65    93  1   0.1%   0.291 UA:2    +
   16   102  1   0.1%   0.477 CG:2    +
    2   103  1   0.1%   0.046 CG:2    +
   16   112  1   0.1%   0.595 CG:2    +
   16   106  1   0.1%   0.442 CG:2    +
   64   105  1   0.1%   0.690 GC:2    +
   63   106  1   0.1%   0.715 CG:2    +
    3    59  1   0.1%   0.024 CG:2    +
   10   100  1   0.1%   0.152 CG:2    +
    2    60  1   0.1%   0.020 CG:2    +
    8   112  1   0.1%   0.888 CG:2    +
    3    34  1   0.1%   0.016 CG:2    +
  107   111  1   0.1%   0.304 AU:2    +
   60    81  1   0.1%   0.082 GU:2    +
   66    75  1   0.1%   0.030 AU:2    +
   45    50  1   0.1%   0.011 GC:2    +
    9    15  1   0.0%   0.868 CG:2    +
   62   102  1   0.0%   0.491 CG:2    +
    4    33  1   0.0%   0.010 AU:2    +
    9    95  1   0.0%   0.318 CG:2    +
    6    95  1   0.0%   0.345 CG:2    +
    8   100  1   0.0%   0.688 CG:2    +
    3    64  1   0.0%   0.030 CG:2    +
    3    98  1   0.0%   0.035 CG:2    +
   67    96  1   0.0%   0.040 UA:2    +
   68   105  1   0.0%   0.494 GC:2    +
    9    94  1   0.0%   0.310 CG:2    +
    2   102  1   0.0%   0.029 CG:2    +
   98   105  1   0.0%   0.720 GC:2    +
    6    68  1   0.0%   0.340 CG:2    +
   60    71  1   0.0%   0.093 GC:2    +
   67   101  1   0.0%   0.656 UA:2    +
   10   102  1   0.0%   0.190 CG:2    +
    9    60  1   0.0%   0.292 CG:2    +
    9   103  1   0.0%   0.448 CG:2    +
    3    36  1   0.0%   0.011 CG:2    +
    2    98  1   0.0%   0.018 CG:2    +
    2    36  1   0.0%   0.006 CG:2    +
   15    65  1   0.0%   0.880 GU:2    +
   34    65  1   0.0%   0.579 GU:2    +
    3    13  1   0.0%   0.003 CG:2    +
   63   100  1   0.0%   0.470 CG:2    +
    2    14  1   0.0%   0.003 CG:2    +
   10   112  1   0.0%   0.272 CG:2    +
    7   112  1   0.0%   0.860 CG:2    +
   65    70  1   0.0%   0.267 UA:2    +
    2    34  1   0.0%   0.004 CG:2    +
    2    95  1   0.0%   0.016 CG:2    +
    3    94  1   0.0%   0.028 CG:2    +
    7    60  1   0.0%   0.578 CG:2    +
   67   102  1   0.0%   0.950 UG:2    +
   98   104  1   0.0%   0.743 GC:2    +
    3   103  1   0.0%   0.058 CG:2    +
   65    98  1   0.0%   0.313 UG:2    +
   33    66  1   0.0%   0.109 UA:2    +
   95   104  1   0.0%   0.451 GC:2    +
    7   106  1   0.0%   0.708 CG:2    +
    8   106  1   0.0%   0.725 CG:2    +
   94   105  1   0.0%   0.449 GC:2    +
    6    98  1   0.0%   0.344 CG:2    +
   10   106  1   0.0%   0.116 CG:2    +
   64   104  1   0.0%   0.702 GC:2    +
    9    98  1   0.0%   0.302 CG:2    +
   80    92  1   0.0%   0.278 UA:2    +
   16   100  1   0.0%   0.415 CG:2    +
   65   103  1   0.0%   0.702 UG:2    +
   11   111  1   0.0%   0.377 AU:2    +
    6    13  1   0.0%   0.003 CG:2    +
    2    59  1   0.0%   0.005 CG:2    +
   59   104  1   0.0%   0.176 GC:2    +
    3    68  1   0.0%   0.026 CG:2    +
   37   111  1   0.0%   0.088 AU:2    +
   34   105  1   0.0%   0.347 GC:2    +
   67   107  1   0.0%   0.613 UA:2    +
   33   106  1   0.0%   0.153 UG:2    +
    7   100  1   0.0%   0.621 CG:2    +
   89   104  1   0.0%   0.452 GC:2    +
   12   112  1   0.0%   0.528 CG:2    +
    2    68  1   0.0%   0.014 CG:2    +
   33    60  1   0.0%   0.119 UG:2    +
   35    65  1   0.0%   0.264 AU:2    +
    6    36  1   0.0%   0.336 CG:2    +
    2    15  1   0.0%   0.002 CG:2    +
   65    85  1   0.0%   0.267 UA:2    +
    9    36  1   0.0%   0.278 CG:2    +
    9   112  1   0.0%   0.529 CG:2    +
   35   111  1   0.0%   0.086 AU:2    +
   44    49  1   0.0%   0.001 UG:2    +
   65    83  1   0.0%   0.272 UG:2    +
    3    14  1   0.0%   0.003 CG:2    +
    3    15  1   0.0%   0.003 CG:2    +
   33   108  1   0.0%   0.110 UA:2    +
   33   112  1   0.0%   0.302 UG:2    +
   35    67  1   0.0%   0.018 AU:2    +
    2    64  1   0.0%   0.010 CG:2    +
   59    65  1   0.0%   0.342 GU:2    +
   36   105  1   0.0%   0.090 GC:2    +
   65    89  1   0.0%   0.271 UG:2    +
   68   104  1   0.0%   0.517 GC:2    +
    6    34  1   0.0%   0.338 CG:2    +
   67    85  1   0.0%   0.024 UA:2    +
    6    17  1   0.0%   0.332 CG:2    +
   65    96  1   0.0%   0.275 UA:2    +
   60    76  1   0.0%   0.070 GC:2    +
   77    92  1   0.0%   0.119 UA:2    +
    6    59  1   0.0%   0.339 CG:2    +
  101   111  1   0.0%   0.182 AU:2    +
   67    82  1   0.0%   0.023 UA:2    +
   13   111  1   0.0%   0.977 GU:2    +
  103   111  1   0.0%   0.516 GU:2    +
   62   106  1   0.0%   0.643 CG:2    +
   34   111  1   0.0%   0.400 GU:2    +
   58   111  1   0.0%   0.232 AU:2    +
   61    67  1   0.0%   0.027 AU:2    +
   97   111  1   0.0%   0.169 AU:2    +
    3    95  1   0.0%   0.027 CG:2    +
   58    65  1   0.0%   0.408 AU:2    +
   65    69  1   0.0%   0.265 UA:2    +
   38    60  1   0.0%   0.213 UG:2    +
   65    97  1   0.0%   0.275 UA:2    +
   60    67  1   0.0%   0.085 GU:2    +
   62   100  1   0.0%   0.434 CG:2    +
    9    91  1   0.0%   0.287 CG:2    +
   58    67  1   0.0%   0.162 AU:2    +
   63   112  1   0.0%   0.848 CG:2    +
   36   104  1   0.0%   0.152 GC:2    +
    6    79  1   0.0%   0.335 CG:2    +
   13    65  1   0.0%   1.117 GU:2    +
   36   111  1   0.0%   0.144 GU:2    +
   96   111  1   0.0%   0.090 AU:2    +
   34   104  1   0.0%   0.409 GC:2    +
    6    64  1   0.0%   0.336 CG:2    +
    2    94  1   0.0%   0.013 CG:2    +
   15   105  1   0.0%   0.697 GC:2    +
    3    17  1   0.0%   0.002 CG:2    +
    8    60  1   0.0%   0.578 CG:2    +
    2    13  1   0.0%   0.000 CG:2    +
   15   111  1   0.0%   0.751 GU:2    +
    9    59  1   0.0%   0.280 CG:2    +
   62   112  1   0.0%   0.787 CG:2    +
   61    65  1   0.0%   0.273 AU:2    +
   60    86  1   0.0%   0.080 GC:2    +
   64   111  1   0.0%   0.451 GU:2    +
   12   100  1   0.0%   0.399 CG:2    +
    9    79  1   0.0%   0.287 CG:2    +
    4    81  1   0.0%   0.005 AU:2    +
   83   104  1   0.0%   0.406 GC:2    +
   39   106  1   0.0%   0.048 CG:2    +
   37    65  1   0.0%   0.266 AU:2    +
   94   104  1   0.0%   0.474 GC:2    +
    3    91  1   0.0%   0.025 CG:2    +
   12   102  1   0.0%   0.439 CG:2    +
    9    78  1   0.0%   0.287 CG:2    +
   90   100  1   0.0%   0.451 CG:2    +
   65   107  1   0.0%   0.329 UA:2    +
    6    94  1   0.0%   0.336 CG:2    +
   72   100  1   0.0%   0.167 CG:2    +
   91   105  1   0.0%   0.647 GC:2    +
   90   106  1   0.0%   0.432 CG:2    +
   22    28  1   0.0%   0.003 GC:2    +
   73    99  1   0.0%   0.599 UA:2    +
    2    91  1   0.0%   0.013 CG:2    +
   98   111  1   0.0%   0.479 GU:2    +
    2    17  1   0.0%   0.002 CG:2    +
   87   102  1   0.0%   0.414 CG:2    +
   90   102  1   0.0%   0.766 CG:2    +
   95   105  1   0.0%   0.423 GC:2    +
   37    67  1   0.0%   0.019 AU:2    +
   67    88  1   0.0%   0.023 UA:2    +
   66    73  1   0.0%   0.022 AU:2    +
   71   100  1   0.0%   0.189 CG:2    +
    9    34  1   0.0%   0.278 CG:2    +
   13   104  1   0.0%   0.943 GC:2    +
   59   111  1   0.0%   0.430 GU:2    +
   33    99  1   0.0%   0.108 UA:2    +
   14   111  1   0.0%   1.035 GU:2    +
    6    91  1   0.0%   0.335 CG:2    +
   32    60  1   0.0%   0.074 CG:2    +
   94   111  1   0.0%   0.211 GU:2    +
   38   108  1   0.0%   0.147 UA:2    +
    4    38  1   0.0%   0.004 AU:2    +
    4    73  1   0.0%   0.004 AU:2    +
   65    74  1   0.0%   0.285 UG:2    +
    3    74  1   0.0%   0.025 CG:2    +
    9    89  1   0.0%   0.286 CG:2    +
   87   106  1   0.0%   0.079 CG:2    +
    9    31  1   0.0%   0.272 CG:2    +
   75   100  1   0.0%   0.333 UG:2    +
   71   102  1   0.0%   0.456 CG:2    +
   38   112  1   0.0%   0.338 UG:2    +
   61   111  1   0.0%   0.100 AU:2    +
   70   111  1   0.0%   0.098 AU:2    +
   87   100  1   0.0%   0.099 CG:2    +
    9    64  1   0.0%   0.278 CG:2    +
   60    90  1   0.0%   0.075 GC:2    +
   31    65  1   0.0%   0.263 GU:2    +
   17   105  1   0.0%   0.057 GC:2    +
   60    72  1   0.0%   0.091 GC:2    +
   38   106  1   0.0%   0.190 UG:2    +
   33   100  1   0.0%   0.172 UG:2    +
   17   111  1   0.0%   0.111 GU:2    +
   47    53  1   0.0%   0.002 CG:2    +
   10    60  1   0.0%   0.030 CG:2    +
   93   111  1   0.0%   0.243 AU:2    +
   69   111  1   0.0%   0.097 AU:2    +
   43    49  1   0.0%   0.000 CG:2    +
.....(((....))).((((((....)))))).....((((((.((...)).))))))((.((.......(((..(((((....)))))...)))......))))...........
