3 sequence; length of alignment 48
alifold output
    4    17  0  99.9%   0.004 GU:1    UA:2   
    5    16  0 100.0%   0.000 CG:3   
    6    15  0 100.0%   0.001 GC:3   
    7    14  0 100.0%   0.003 GC:3   
   36    46  0  99.6%   0.030 GC:3   
   37    45  0  99.6%   0.016 GC:3   
   38    44  0  99.2%   0.044 GC:3   
   35    47  0  98.8%   0.046 UA:3   
    8    13  0  98.7%   0.039 GC:3   
    3    18  1  98.3%   0.051 UA:2   
    2    19  0  97.5%   0.075 CG:3   
   34    48  0  93.9%   0.209 CG:3   
    1    33  0   0.3%   0.077 GC:2    GU:1    +
   33    43  0   0.3%   0.082 CG:2    UG:1    +
   24    32  0   1.2%   0.248 CG:3    +
   28    33  0   0.2%   0.103 GC:2    GU:1    +
   25    31  0   1.2%   0.181 UA:3    +
   24    28  0   1.1%   0.169 CG:3    +
   33    48  0   0.1%   0.067 CG:2    UG:1    +
    4    18  0   0.0%   0.024 GC:1    UA:2    +
    4    20  0   0.0%   0.004 GC:1    UA:2    +
   19    33  0   0.0%   0.048 GC:2    GU:1    +
   23    29  0   0.9%   0.135 UA:3    +
   32    44  0   0.3%   0.136 GC:3    +
    2    32  0   0.3%   0.078 CG:3    +
   34    42  0   0.3%   0.056 CG:3    +
    3    31  0   0.3%   0.067 UA:3    +
    1    24  0   0.3%   0.048 GC:3    +
   36    41  0   0.2%   0.036 GC:3    +
    1    30  0   0.1%   0.035 GC:3    +
   28    46  0   0.1%   0.081 GC:3    +
   27    47  0   0.1%   0.025 UA:3    +
   27    32  0   0.1%   0.097 UG:3    +
   25    32  0   0.0%   0.144 UG:3    +
   28    34  0   0.0%   0.072 GC:3    +
   35    42  0   0.0%   0.029 UG:3    +
   34    43  0   0.0%   0.047 CG:3    +
   19    24  0   0.0%   0.050 GC:3    +
   21    27  0   0.0%   0.012 AU:3    +
   23    32  0   0.0%   0.071 UG:3    +
   37    44  0   0.0%   0.025 GC:3    +
   35    40  0   0.0%   0.005 UA:3    +
    1    23  0   0.0%   0.004 GU:3    +
    3    19  0   0.0%   0.046 UG:3    +
    7    13  0   0.0%   0.004 GC:3    +
   36    45  0   0.0%   0.018 GC:3    +
   21    25  0   0.0%   0.009 AU:3    +
   23    31  0   0.0%   0.066 UA:3    +
   38    45  0   0.0%   0.018 GC:3    +
    1    25  0   0.0%   0.020 GU:3    +
   23    28  0   0.0%   0.005 UG:3    +
   27    31  0   0.0%   0.079 UA:3    +
   37    46  0   0.0%   0.018 GC:3    +
   25    29  0   0.0%   0.054 UA:3    +
   32    45  0   0.0%   0.102 GC:3    +
   30    48  0   0.0%   0.009 CG:3    +
    6    14  0   0.0%   0.002 GC:3    +
   19    30  0   0.0%   0.036 GC:3    +
    1    27  0   0.0%   0.020 GU:3    +
    8    14  0   0.0%   0.015 GC:3    +
    3    21  0   0.0%   0.020 UA:3    +
   26    35  0   0.0%   0.001 AU:3    +
   25    36  0   0.0%   0.065 UG:3    +
   24    37  0   0.0%   0.122 CG:3    +
    2    28  0   0.0%   0.026 CG:3    +
    5    19  0   0.0%   0.027 CG:3    +
    7    15  0   0.0%   0.002 GC:3    +
   24    48  0   0.0%   0.122 CG:3    +
   23    38  0   0.0%   0.050 UG:3    +
   32    46  0   0.0%   0.106 GC:3    +
    1    34  0   0.0%   0.042 GC:3    +
   24    38  0   0.0%   0.122 CG:3    +
   28    45  0   0.0%   0.066 GC:3    +
   25    37  0   0.0%   0.065 UG:3    +
   23    39  0   0.0%   0.050 UA:3    +
   25    47  0   0.0%   0.064 UA:3    +
   19    25  0   0.0%   0.033 GU:3    +
   27    48  0   0.0%   0.017 UG:3    +
   21    35  0   0.0%   0.004 AU:3    +
   35    48  0   0.0%   0.085 UG:3    +
   30    36  0   0.0%   0.007 CG:3    +
   28    35  0   0.0%   0.066 GU:3    +
   31    35  0   0.0%   0.071 AU:3    +
   37    41  0   0.0%   0.013 GC:3    +
    7    45  0   0.0%   0.002 GC:3    +
    6    46  0   0.0%   0.001 GC:3    +
    8    44  0   0.0%   0.013 GC:3    +
   14    37  0   0.0%   0.002 CG:3    +
   15    36  0   0.0%   0.000 CG:3    +
   13    38  0   0.0%   0.014 CG:3    +
   11    41  0   0.0%   0.000 GC:3    +
   10    42  0   0.0%   0.000 CG:3    +
   29    35  0   0.0%   0.046 AU:3    +
    1    46  0   0.0%   0.042 GC:3    +
   16    35  0   0.0%   0.000 GU:3    +
   19    23  0   0.0%   0.028 GU:3    +
   25    48  0   0.0%   0.064 UG:3    +
    3    28  0   0.0%   0.019 UG:3    +
   19    27  0   0.0%   0.030 GU:3    +
   19    34  0   0.0%   0.030 GC:3    +
    5    28  0   0.0%   0.001 CG:3    +
    3    26  0   0.0%   0.019 UA:3    +
    3    29  0   0.0%   0.019 UA:3    +
   30    37  0   0.0%   0.007 CG:3    +
   24    36  0   0.0%   0.122 CG:3    +
   23    48  0   0.0%   0.050 UG:3    +
   20    25  1   0.0%   0.011 AU:2    +
   20    27  1   0.0%   0.010 AU:2    +
   18    25  1   0.0%   0.026 AU:2    +
   22    27  1   0.0%   0.009 AU:2    +
    3    20  1   0.0%   0.019 UA:2    +
   18    27  1   0.0%   0.022 AU:2    +
   18    23  1   0.0%   0.021 AU:2    +
    3    22  1   0.0%   0.019 UA:2    +
    3    17  1   0.0%   0.000 UA:2    +
    4    29  1   0.0%   0.004 UA:2    +
.(((((((....)))))))..............(((((.....)))))
