3 sequence; length of alignment 108
alifold output
   70    81  0  94.4%   0.320 CG:3   
   71    80  0  94.4%   0.329 AU:3   
   72    79  0  94.4%   0.408 GC:3   
   69    82  0  94.0%   0.369 CG:3   
   73    78  0  89.6%   0.417 UA:3   
    8    94  0  78.7%   0.579 AU:3   
    9    93  0  78.7%   0.591 CG:3   
    7    95  0  78.3%   0.593 GC:3   
   64    87  0  77.5%   1.024 CG:3   
   63    88  0  77.3%   1.025 CG:3   
    6    96  0  77.1%   0.618 UG:3   
    5    97  0  76.5%   0.627 GC:3   
   65    86  0  76.5%   0.909 UA:3   
   17    24  0  75.5%   0.637 GC:3   
   18    23  0  75.3%   0.642 CG:3   
   16    25  0  75.1%   0.646 UA:3   
   15    26  0  74.7%   0.656 GC:3   
   12    56  0  66.7%   1.016 GC:3   
   13    55  0  66.6%   1.083 GC:3   
   14    54  0  65.0%   1.218 GC:3   
   36    43  0  63.3%   1.668 GC:3   
   11    57  0  63.2%   0.879 CG:3   
   37    42  0  63.2%   1.621 CG:3   
   35    44  0  55.6%   1.342 AU:3   
    3   101  0  47.2%   1.169 UG:3    +
    2   102  0  46.9%   1.145 CG:3    +
    4   100  0  40.8%   1.167 AU:3    +
   60    91  0  39.3%   2.168 GC:3   
   10    58  0  38.8%   1.113 AU:3   
   10    92  0  33.9%   1.472 AU:3    +
   14    27  0  28.1%   1.073 GU:3    +
   23    37  0  22.2%   1.219 GC:3    +
    5    99  0  22.1%   1.279 GU:3    +
   22    38  0  22.1%   1.007 AU:3    +
   24    36  0  21.9%   1.214 CG:3    +
   21    39  0  21.9%   1.006 AU:3    +
    6    98  0  21.7%   1.237 UA:3    +
    7    97  0  20.8%   1.394 GC:3    +
   18    42  0  20.4%   1.203 CG:3    +
   20    40  0  20.1%   0.981 AU:3    +
   17    43  0  19.7%   1.202 GC:3    +
   11    93  0  16.9%   1.400 CG:3    +
   10    94  0  16.4%   1.813 AU:3    +
   12    92  0  16.1%   1.798 GU:3    +
   15    52  0  15.5%   1.110 GC:3    +
   13    91  0  15.4%   1.596 GC:3    +
   16    51  0  15.2%   1.096 UA:3    +
   55    88  0  12.0%   1.390 CG:3    +
   56    87  0  12.0%   1.440 CG:3    +
   59    84  0  12.0%   1.325 CG:3    +
   54    89  0  11.9%   1.340 CG:3    +
   60    83  0  11.9%   1.175 GC:3    +
   13    28  0  11.2%   0.739 GU:3    +
   58    85  0  10.6%   1.582 UA:3    +
   29    46  0  10.1%   1.020 UA:3    +
   30    45  1  10.2%   0.780 CG:2    +
   28    47  0   9.4%   1.111 UG:3    +
   59    89  0   8.3%   1.546 CG:3    +
   58    90  0   8.2%   1.567 UA:3    +
   57    91  0   8.0%   1.636 GC:3    +
   27    48  0   7.8%   1.125 UA:3    +
   12    29  0   6.7%   0.549 GU:3    +
   41    84  0   5.7%   0.678 CG:3    +
   42    83  0   5.7%   1.279 GC:3    +
   40    85  0   5.6%   0.997 UA:3    +
   43    82  0   5.6%   1.203 CG:3    +
   39    86  0   5.6%   1.016 UA:3    +
   59    66  0   5.6%   0.724 CG:3    +
   38    87  0   5.6%   0.952 UG:3    +
   58    67  0   5.6%   1.027 UA:3    +
   37    88  0   5.5%   1.195 CG:3    +
   49    76  0   5.1%   0.639 UG:3    +
   48    77  0   5.1%   0.914 AU:3    +
   44    81  0   5.0%   1.162 UG:3    +
   50    75  0   5.0%   0.629 UA:3    +
   57    68  0   4.8%   0.943 GU:3    +
    9    96  0   4.8%   0.849 CG:3    +
   64    88  0   4.6%   1.258 CG:3    +
   63    89  0   4.6%   1.110 CG:3    +
   65    87  0   4.6%   1.373 UG:3    +
   51    74  0   4.5%   0.790 AU:3    +
   31    44  0   4.3%   0.525 AU:3    +
   16    53  0   4.1%   0.920 UA:3    +
   15    54  0   4.1%   1.209 GC:3    +
   14    55  0   4.0%   1.315 GC:3    +
   13    56  0   3.9%   1.185 GC:3    +
   60    65  0   3.2%   0.473 GU:3    +
   47    79  0   2.9%   1.194 GC:3    +
   45    52  0   2.8%   1.135 GC:3    +
   46    80  0   2.6%   0.779 AU:3    +
   17    52  0   2.3%   1.175 GC:3    +
   47    59  0   2.3%   1.197 GC:3    +
   48    58  0   2.3%   1.054 AU:3    +
   54    72  0   2.2%   0.769 CG:3    +
   38    46  0   2.2%   0.855 UA:3    +
   37    47  0   2.2%   1.316 CG:3    +
   53    73  0   2.2%   0.455 AU:3    +
   39    45  0   2.2%   0.908 UG:3    +
   41    60  0   2.2%   0.386 CG:3    +
   49    57  0   2.2%   0.721 UG:3    +
   42    59  0   2.1%   0.975 GC:3    +
   40    61  0   2.1%   0.674 UA:3    +
   28    34  0   2.1%   0.571 UA:3    +
   32    47  1   2.6%   0.653 CG:2    +
    2   101  0   2.0%   0.233 CG:3    +
   45    56  0   1.9%   1.191 GC:3    +
   29    48  0   1.9%   0.985 UA:3    +
   17    50  0   1.8%   0.767 GU:3    +
   27    35  0   1.7%   0.637 UA:3    +
   23    43  0   1.7%   1.092 GC:3    +
   24    42  0   1.7%   1.093 CG:3    +
   22    44  0   1.7%   0.578 AU:3    +
   45    80  0   1.6%   0.899 GU:3    +
   30    47  1   2.1%   0.761 CG:2    +
   44    57  0   1.5%   1.151 UG:3    +
   39    62  0   1.5%   0.661 UA:3    +
   12    91  0   1.5%   0.677 GC:3    +
   29    33  0   1.5%   0.448 UA:3    +
   47    52  0   1.5%   1.284 GC:3    +
    4    99  0   1.4%   0.184 AU:3    +
   47    54  0   1.2%   1.251 GC:3    +
   41    47  0   1.1%   0.766 CG:3    +
   45    59  0   1.0%   0.884 GC:3    +
   46    58  0   1.0%   0.899 AU:3    +
   40    48  0   0.9%   0.838 UA:3    +
   26    36  0   0.9%   0.682 CG:3    +
   44    53  0   0.9%   0.855 UA:3    +
   95   102  0   0.8%   0.720 CG:3    +
   94   103  0   0.8%   0.652 UA:3    +
   93   104  0   0.8%   0.649 GC:3    +
   52    72  0   0.8%   0.696 CG:3    +
   40    46  0   0.8%   0.800 UA:3    +
   41    45  0   0.8%   0.531 CG:3    +
   27    34  0   0.8%   0.502 UA:3    +
   39    47  0   0.7%   1.056 UG:3    +
   47    56  0   0.7%   1.331 GC:3    +
   28    33  0   0.7%   0.387 UA:3    +
   38    48  0   0.6%   0.818 UA:3    +
   68    84  0   0.6%   0.669 UG:3    +
   47    55  0   0.6%   1.231 GC:3    +
   18    45  0   0.5%   0.627 CG:3    +
   52    57  0   0.5%   1.106 CG:3    +
   27    33  0   0.5%   0.448 UA:3    +
   19    44  0   0.5%   0.101 AU:3    +
    3    98  0   0.5%   0.080 UA:3    +
   51    58  0   0.5%   0.910 AU:3    +
   19    50  0   0.5%   0.186 AU:3    +
   51    73  0   0.4%   0.422 AU:3    +
   34    50  0   0.4%   0.346 AU:3    +
   43    57  0   0.4%   1.060 CG:3    +
   29    34  0   0.4%   0.444 UA:3    +
   28    35  0   0.4%   0.504 UA:3    +
   20    49  0   0.4%   0.398 AU:3    +
   57    69  0   0.3%   0.708 GC:3    +
   28    51  0   0.3%   1.000 UA:3    +
   35    49  0   0.3%   0.530 AU:3    +
   47    95  0   0.3%   1.228 GC:3    +
   48    94  0   0.3%   1.148 AU:3    +
    9    60  0   0.3%   0.060 CG:3    +
   49    93  0   0.3%   0.873 UG:3    +
   45    55  0   0.2%   1.001 GC:3    +
   89    95  0   0.2%   0.894 GC:3    +
   29    45  0   0.2%   0.376 UG:3    +
   16    42  0   0.2%   0.260 UG:3    +
   28    46  0   0.2%   0.455 UA:3    +
   15    43  0   0.2%   0.264 GC:3    +
   17    41  0   0.2%   0.256 GC:3    +
   36    49  0   0.2%   0.794 GU:3    +
   59    93  0   0.2%   1.411 CG:3    +
    7    59  0   0.2%   0.042 GC:3    +
   29    47  0   0.2%   0.817 UG:3    +
   60    92  0   0.2%   1.586 GU:3    +
   28    48  0   0.2%   0.879 UA:3    +
   90    94  0   0.2%   0.764 AU:3    +
   35    50  0   0.2%   0.613 AU:3    +
   13    29  0   0.2%   0.463 GU:3    +
   36    52  0   0.2%   1.110 GC:3    +
   11    89  0   0.2%   0.330 CG:3    +
   31    49  0   0.2%   0.208 AU:3    +
    8    58  0   0.2%   0.034 AU:3    +
   27    47  0   0.2%   0.557 UG:3    +
   33    44  0   0.1%   0.406 AU:3    +
   34    44  0   0.1%   0.429 AU:3    +
   45    50  0   0.1%   0.617 GU:3    +
   28    45  0   0.1%   0.459 UG:3    +
   27    46  0   0.1%   0.530 UA:3    +
   60    95  0   0.1%   1.125 GC:3    +
   14    28  0   0.1%   0.629 GU:3    +
   66    83  0   0.1%   0.615 GC:3    +
   61    94  0   0.1%   0.627 AU:3    +
    9    57  0   0.1%   0.023 CG:3    +
   59    96  0   0.1%   1.248 CG:3    +
   12    59  0   0.1%   0.509 GC:3    +
   25    38  0   0.1%   0.574 AU:3    +
   51    77  0   0.1%   0.686 AU:3    +
   52    76  0   0.1%   0.794 CG:3    +
   25    40  0   0.1%   0.574 AU:3    +
   11    60  0   0.1%   0.333 CG:3    +
   26    47  0   0.1%   0.291 CG:3    +
   44    60  0   0.1%   0.834 UG:3    +
   27    51  0   0.1%   1.027 UA:3    +
   34    49  0   0.1%   0.221 AU:3    +
   45    54  0   0.1%   0.982 GC:3    +
   55    72  0   0.1%   0.594 CG:3    +
   50    78  0   0.1%   0.346 UA:3    +
   33    50  0   0.1%   0.267 AU:3    +
   18    47  0   0.1%   0.585 CG:3    +
   65    75  0   0.1%   0.286 UA:3    +
   66    74  0   0.1%   0.324 GU:3    +
   19    40  0   0.1%   0.020 AU:3    +
   45    79  0   0.1%   0.708 GC:3    +
   67    73  0   0.1%   0.290 AU:3    +
   64    76  0   0.1%   0.180 CG:3    +
   57    95  0   0.1%   1.098 GC:3    +
   27    36  0   0.1%   0.891 UG:3    +
    6    60  0   0.1%   0.021 UG:3    +
   68    72  0   0.1%   0.299 UG:3    +
   29    51  0   0.1%   0.946 UA:3    +
   24    45  0   0.1%   0.661 CG:3    +
   36    91  0   0.1%   1.082 GC:3    +
   13    54  0   0.1%   0.276 GC:3    +
   16    48  0   0.1%   0.247 UA:3    +
   14    44  0   0.1%   0.384 GU:3    +
   44    51  0   0.1%   0.923 UA:3    +
   29    35  0   0.1%   0.386 UA:3    +
   12    55  0   0.1%   0.214 GC:3    +
   46    50  0   0.1%   0.553 AU:3    +
   48    68  0   0.1%   0.466 AU:3    +
   33    40  0   0.1%   0.476 AU:3    +
   49    67  0   0.1%   0.189 UA:3    +
   47    69  0   0.1%   0.888 GC:3    +
   15    49  0   0.1%   0.251 GU:3    +
   50    66  0   0.1%   0.186 UG:3    +
   52    93  0   0.1%   1.149 CG:3    +
   55    60  0   0.1%   0.589 CG:3    +
   56    96  0   0.1%   1.133 CG:3    +
   20    39  0   0.1%   0.015 AU:3    +
   31    50  0   0.1%   0.269 AU:3    +
   35    92  0   0.1%   1.133 AU:3    +
    5    91  0   0.1%   0.020 GC:3    +
   53    92  0   0.1%   0.952 AU:3    +
   50    60  0   0.0%   0.298 UG:3    +
   21    50  0   0.0%   0.451 AU:3    +
   22    49  0   0.0%   0.446 AU:3    +
   34    39  0   0.0%   0.491 AU:3    +
    6    90  0   0.0%   0.024 UA:3    +
   55    89  0   0.0%   0.996 CG:3    +
    4    92  0   0.0%   0.015 AU:3    +
   56    88  0   0.0%   1.196 CG:3    +
   37    89  0   0.0%   0.897 CG:3    +
   68    85  0   0.0%   0.603 UA:3    +
   51    65  0   0.0%   0.358 AU:3    +
    1   100  0   0.0%   0.012 AU:3    +
   51    94  0   0.0%   1.038 AU:3    +
   49    61  0   0.0%   0.266 UA:3    +
  101   105  0   0.0%   0.452 GC:3    +
   19    49  0   0.0%   0.051 AU:3    +
   36    41  0   0.0%   0.418 GC:3    +
   25    44  0   0.0%   0.347 AU:3    +
   65    85  0   0.0%   0.536 UA:3    +
   15    44  0   0.0%   0.251 GU:3    +
   61    92  0   0.0%   0.792 AU:3    +
   49    53  0   0.0%   0.271 UA:3    +
   11    96  0   0.0%   0.964 CG:3    +
   51    92  0   0.0%   1.201 AU:3    +
   36    50  0   0.0%   0.855 GU:3    +
   12    95  0   0.0%   1.040 GC:3    +
   57    83  0   0.0%   0.836 GC:3    +
   58    82  0   0.0%   0.872 UG:3    +
   59    81  0   0.0%   0.555 CG:3    +
   65    84  0   0.0%   0.549 UG:3    +
   38    88  0   0.0%   0.796 UG:3    +
   27    53  0   0.0%   0.868 UA:3    +
   33    92  0   0.0%   0.819 AU:3    +
   37    45  0   0.0%   0.946 CG:3    +
   45    97  0   0.0%   1.305 GC:3    +
   52    60  0   0.0%   0.710 CG:3    +
   28    36  0   0.0%   0.783 UG:3    +
   42    58  0   0.0%   1.093 GU:3    +
   21    38  0   0.0%   0.011 AU:3    +
   74    78  0   0.0%   0.258 UA:3    +
   27    31  0   0.0%   0.370 UA:3    +
   60    80  0   0.0%   0.417 GU:3    +
    5    43  0   0.0%   0.010 GC:3    +
    6    42  0   0.0%   0.010 UG:3    +
    7    41  0   0.0%   0.009 GC:3    +
   44    98  0   0.0%   1.226 UA:3    +
    4    44  0   0.0%   0.007 AU:3    +
    8    40  0   0.0%   0.008 AU:3    +
   58    86  0   0.0%   1.112 UA:3    +
   54    60  0   0.0%   0.607 CG:3    +
   45    58  0   0.0%   1.030 GU:3    +
   54    88  0   0.0%   0.731 CG:3    +
   39    46  0   0.0%   0.772 UA:3    +
   34    40  0   0.0%   0.492 AU:3    +
   55    87  0   0.0%   0.629 CG:3    +
   31    94  0   0.0%   0.648 AU:3    +
   21    49  0   0.0%   0.373 AU:3    +
   60    64  0   0.0%   0.140 GC:3    +
   41   101  0   0.0%   0.791 CG:3    +
   61    68  0   0.0%   0.246 AU:3    +
   62    92  0   0.0%   0.772 AU:3    +
   20    50  0   0.0%   0.453 AU:3    +
   56    84  0   0.0%   0.678 CG:3    +
   13    27  0   0.0%   0.006 GU:3    +
   42   100  0   0.0%   1.330 GU:3    +
   40   102  0   0.0%   1.034 UG:3    +
   50    57  0   0.0%   0.638 UG:3    +
   60    69  0   0.0%   0.275 GC:3    +
   40    45  0   0.0%   0.749 UG:3    +
   29    36  0   0.0%   0.677 UG:3    +
   91    96  0   0.0%   1.299 CG:3    +
    6    31  0   0.0%   0.005 UA:3    +
    1    99  0   0.0%   0.005 AU:3    +
   14   105  0   0.0%   0.790 GC:3    +
   15   104  0   0.0%   0.668 GC:3    +
   16   103  0   0.0%   0.661 UA:3    +
   12    28  0   0.0%   0.005 GU:3    +
   69    84  0   0.0%   0.540 CG:3    +
    3    45  0   0.0%   0.005 UG:3    +
   44    62  0   0.0%   0.780 UA:3    +
   39   103  0   0.0%   0.700 UA:3    +
   18   101  0   0.0%   1.008 CG:3    +
   38    47  0   0.0%   0.956 UG:3    +
   63    82  0   0.0%   0.173 CG:3    +
   14    26  0   0.0%   0.004 GC:3    +
    8    29  0   0.0%   0.004 AU:3    +
    6    62  0   0.0%   0.016 UA:3    +
   19   100  0   0.0%   0.436 AU:3    +
    5    37  0   0.0%   0.006 GC:3    +
    6    36  0   0.0%   0.006 UG:3    +
   14    91  0   0.0%   1.142 GC:3    +
   16    45  0   0.0%   0.237 UG:3    +
   64    81  0   0.0%   0.167 CG:3    +
   35    39  0   0.0%   0.442 AU:3    +
   39    87  0   0.0%   0.859 UG:3    +
   50    93  0   0.0%   0.846 UG:3    +
   28    53  0   0.0%   0.809 UA:3    +
   56    60  0   0.0%   0.643 CG:3    +
   45    49  0   0.0%   0.525 GU:3    +
    4    38  0   0.0%   0.004 AU:3    +
   35    40  0   0.0%   0.444 AU:3    +
   25    39  0   0.0%   0.563 AU:3    +
   17    49  0   0.0%   0.555 GU:3    +
   37    87  0   0.0%   0.717 CG:3    +
   64    89  0   0.0%   0.977 CG:3    +
   65    88  0   0.0%   1.242 UG:3    +
   45    95  0   0.0%   0.962 GC:3    +
   15    24  0   0.0%   0.003 GC:3    +
   46    94  0   0.0%   1.014 AU:3    +
   21    28  0   0.0%   0.260 AU:3    +
   16    23  0   0.0%   0.003 UG:3    +
   20    99  0   0.0%   0.748 AU:3    +
   38    62  0   0.0%   0.471 UA:3    +
   39    61  0   0.0%   0.470 UA:3    +
    2     7  0   0.0%   0.003 CG:3    +
    5    63  0   0.0%   0.010 GC:3    +
   50    61  0   0.0%   0.261 UA:3    +
   24    96  0   0.0%   0.972 CG:3    +
   23    97  0   0.0%   1.153 GC:3    +
   49    75  0   0.0%   0.183 UA:3    +
   44    82  0   0.0%   1.026 UG:3    +
   24    47  0   0.0%   0.630 CG:3    +
   56    72  0   0.0%   0.641 CG:3    +
   57    70  0   0.0%   0.668 GC:3    +
   20    29  0   0.0%   0.200 AU:3    +
   29    61  0   0.0%   0.629 UA:3    +
   13    92  0   0.0%   1.619 GU:3    +
   65    71  0   0.0%   0.120 UA:3    +
   66    70  0   0.0%   0.171 GC:3    +
   22    27  0   0.0%   0.363 AU:3    +
   49    62  0   0.0%   0.246 UA:3    +
   84    95  0   0.0%   0.681 GC:3    +
    3   102  0   0.0%   0.741 UG:3    +
   49    60  0   0.0%   0.292 UG:3    +
   58    62  0   0.0%   0.611 UA:3    +
   38    86  0   0.0%   0.469 UA:3    +
   29    90  0   0.0%   0.634 UA:3    +
   83    96  0   0.0%   0.792 CG:3    +
   85    94  0   0.0%   0.928 AU:3    +
   61    65  0   0.0%   0.206 AU:3    +
  101   108  0   0.0%   0.454 GU:2    --:1    +
   20    28  0   0.0%   0.258 AU:3    +
   39    48  0   0.0%   0.789 UA:3    +
   15    27  0   0.0%   0.580 GU:3    +
   55    93  0   0.0%   1.236 CG:3    +
   64    72  0   0.0%   0.135 CG:3    +
   91   102  0   0.0%   1.294 CG:3    +
   92   101  0   0.0%   1.135 UG:3    +
   21    27  0   0.0%   0.362 AU:3    +
   53    74  0   0.0%   0.405 AU:3    +
   89   104  0   0.0%   0.643 GC:3    +
   88   105  0   0.0%   0.772 GC:3    +
   97   101  0   0.0%   0.974 CG:3    +
   13    94  0   0.0%   1.440 GU:3    +
   40    86  0   0.0%   0.837 UA:3    +
   50    90  0   0.0%   0.341 UA:3    +
   43    47  0   0.0%   1.304 CG:3    +
   40    47  0   0.0%   0.943 UG:3    +
   33    39  0   0.0%   0.466 AU:3    +
   83    88  0   0.0%   1.194 CG:3    +
   19    29  0   0.0%   0.198 AU:3    +
   48    92  0   0.0%   1.284 AU:3    +
   40    60  0   0.0%   0.459 UG:3    +
   11    36  0   0.0%   0.004 CG:3    +
   29    53  0   0.0%   0.763 UA:3    +
   28    62  0   0.0%   0.675 UA:3    +
   14    52  0   0.0%   0.375 GC:3    +
   42    52  0   0.0%   1.096 GC:3    +
    2    47  0   0.0%   0.003 CG:3    +
   38    51  0   0.0%   0.783 UA:3    +
   11    45  0   0.0%   0.005 CG:3    +
    3    93  0   0.0%   0.005 UG:3    +
   33    49  0   0.0%   0.188 AU:3    +
   16    46  0   0.0%   0.234 UA:3    +
   14    29  0   0.0%   0.562 GU:3    +
   62    73  0   0.0%   0.180 AU:3    +
   34    38  0   0.0%   0.487 AU:3    +
   45    70  0   0.0%   0.692 GC:3    +
   31    38  0   0.0%   0.351 AU:3    +
   16    47  0   0.0%   0.235 UG:3    +
   57    63  0   0.0%   0.501 GC:3    +
   25    50  0   0.0%   0.340 AU:3    +
   49    78  0   0.0%   0.336 UA:3    +
   93   100  0   0.0%   0.903 GU:3    +
   17    44  0   0.0%   0.558 GU:3    +
   12    58  0   0.0%   0.855 GU:3    +
   33    38  0   0.0%   0.472 AU:3    +
   26    42  0   0.0%   0.673 CG:3    +
   83    89  0   0.0%   1.052 CG:3    +
   58    93  0   0.0%   1.667 UG:3    +
   42    56  0   0.0%   1.105 GC:3    +
   13    58  0   0.0%   1.042 GU:3    +
   47    91  0   0.0%   1.347 GC:3    +
  103   108  0   0.0%   0.047 AU:2    --:1    +
   11    47  0   0.0%   0.004 CG:3    +
   41    57  0   0.0%   0.406 CG:3    +
   23    49  0   0.0%   0.655 GU:3    +
    6    51  0   0.0%   0.007 UA:3    +
    5    52  0   0.0%   0.007 GC:3    +
   26    93  0   0.0%   0.761 CG:3    +
   63    72  0   0.0%   0.133 CG:3    +
   44    48  0   0.0%   0.959 UA:3    +
    7    50  0   0.0%   0.006 GU:3    +
   25    94  0   0.0%   0.721 AU:3    +
   13   105  0   0.0%   0.956 GC:3    +
   89   105  0   0.0%   0.645 GC:3    +
   39    85  0   0.0%   0.532 UA:3    +
   49    90  0   0.0%   0.341 UA:3    +
   42    55  0   0.0%   1.112 GC:3    +
   26    45  0   0.0%   0.301 CG:3    +
    5    59  0   0.0%   0.008 GC:3    +
   68    82  0   0.0%   0.327 UG:3    +
   52    89  0   0.0%   0.644 CG:3    +
    3    46  0   0.0%   0.003 UA:3    +
   46    92  0   0.0%   1.196 AU:3    +
   25    49  0   0.0%   0.270 AU:3    +
    8    49  0   0.0%   0.005 AU:3    +
   16    31  0   0.0%   0.219 UA:3    +
   38    45  0   0.0%   0.663 UG:3    +
   99   103  0   0.0%   0.440 UA:3    +
   54    93  0   0.0%   1.332 CG:3    +
   63    81  0   0.0%   0.157 CG:3    +
   13    37  0   0.0%   0.263 GC:3    +
   61    74  0   0.0%   0.231 AU:3    +
   21    40  0   0.0%   0.668 AU:3    +
   12    44  0   0.0%   0.204 GU:3    +
   69    76  0   0.0%   0.193 CG:3    +
   12    38  0   0.0%   0.202 GU:3    +
   53    94  0   0.0%   0.779 AU:3    +
   22    28  0   0.0%   0.259 AU:3    +
   20    27  0   0.0%   0.360 AU:3    +
    7   105  0   0.0%   0.537 GC:3    +
   19    28  0   0.0%   0.256 AU:3    +
   21    44  0   0.0%   0.377 AU:3    +
   22    50  0   0.0%   0.512 AU:3    +
   13    43  0   0.0%   0.264 GC:3    +
   14   104  0   0.0%   0.785 GC:3    +
   66    79  0   0.0%   0.283 GC:3    +
    4    65  0   0.0%   0.004 AU:3    +
   21    29  0   0.0%   0.200 AU:3    +
   50    76  0   0.0%   0.481 UG:3    +
   10    38  0   0.0%   0.003 AU:3    +
   31    58  0   0.0%   0.535 AU:3    +
   62    77  0   0.0%   0.231 AU:3    +
   42    54  0   0.0%   1.123 GC:3    +
   47    64  0   0.0%   0.877 GC:3    +
   46    65  0   0.0%   0.429 AU:3    +
   98   108  0   0.0%   0.361 AU:2    --:1    +
   27    45  0   0.0%   0.542 UG:3    +
    5    64  0   0.0%   0.009 GC:3    +
   12    41  0   0.0%   0.203 GC:3    +
    3    66  0   0.0%   0.004 UG:3    +
   82    97  0   0.0%   0.762 GC:3    +
   69    81  0   0.0%   0.182 CG:3    +
   11    42  0   0.0%   0.004 CG:3    +
   62    80  0   0.0%   0.237 AU:3    +
   91   101  0   0.0%   1.369 CG:3    +
    5   105  0   0.0%   0.552 GC:3    +
   93   105  0   0.0%   0.573 GC:3    +
    2    66  0   0.0%   0.003 CG:3    +
   63    87  0   0.0%   0.425 CG:3    +
   22    39  0   0.0%   0.673 AU:3    +
   56    93  0   0.0%   1.285 CG:3    +
   87    91  0   0.0%   1.691 GC:3    +
   47    77  0   0.0%   0.881 GU:3    +
   15    41  0   0.0%   0.224 GC:3    +
   44    71  0   0.0%   0.711 UA:3    +
   10    29  0   0.0%   0.002 AU:3    +
   86    92  0   0.0%   1.068 AU:3    +
   15    91  0   0.0%   1.019 GC:3    +
   88   104  0   0.0%   0.770 GC:3    +
   16    90  0   0.0%   0.660 UA:3    +
   12    52  0   0.0%   0.202 GC:3    +
   97   102  0   0.0%   0.936 CG:3    +
   87   105  0   0.0%   0.763 GC:3    +
   58    71  0   0.0%   0.702 UA:3    +
    2    36  0   0.0%   0.002 CG:3    +
   38    42  0   0.0%   1.052 UG:3    +
   69   102  0   0.0%   0.445 CG:3    +
   70   101  0   0.0%   0.493 CG:3    +
   55   101  0   0.0%   1.156 CG:3    +
   71   100  0   0.0%   0.429 AU:3    +
   34    92  0   0.0%   0.853 AU:3    +
   25    29  0   0.0%   0.413 AU:3    +
   54   102  0   0.0%   1.176 CG:3    +
   57    64  0   0.0%   0.500 GC:3    +
   58    89  0   0.0%   1.219 UG:3    +
   44    61  0   0.0%   0.793 UA:3    +
    6    53  0   0.0%   0.007 UA:3    +
   72    99  0   0.0%   0.586 GU:3    +
    7    52  0   0.0%   0.007 GC:3    +
    3   103  0   0.0%   0.385 UA:3    +
    5    54  0   0.0%   0.007 GC:3    +
    3    35  0   0.0%   0.001 UA:3    +
   29    89  0   0.0%   0.638 UG:3    +
   70    82  0   0.0%   0.283 CG:3    +
   20    44  0   0.0%   0.368 AU:3    +
   73    98  0   0.0%   0.572 UA:3    +
   13    40  0   0.0%   0.263 GU:3    +
   63    76  0   0.0%   0.163 CG:3    +
   53    58  0   0.0%   0.720 AU:3    +
   68   103  0   0.0%   0.196 UA:3    +
   64    84  0   0.0%   0.430 CG:3    +
  102   108  0   0.0%   0.403 GU:2    --:1    +
   95   101  0   0.0%   0.678 CG:3    +
   48    80  0   0.0%   0.772 AU:3    +
   28    90  0   0.0%   0.677 UA:3    +
   14    56  0   0.0%   1.179 GC:3    +
   23    27  0   0.0%   0.576 GU:3    +
    6    61  0   0.0%   0.012 UA:3    +
   14    92  0   0.0%   1.449 GU:3    +
    5    11  0   0.0%   0.001 GC:3    +
   44    67  0   0.0%   0.711 UA:3    +
    9    47  0   0.0%   0.002 CG:3    +
   62    68  0   0.0%   0.224 AU:3    +
   68    86  0   0.0%   0.562 UA:3    +
   50    62  0   0.0%   0.242 UA:3    +
   56   101  0   0.0%   1.209 CG:3    +
   55   102  0   0.0%   1.079 CG:3    +
   46    77  0   0.0%   0.428 AU:3    +
   39    51  0   0.0%   0.783 UA:3    +
   89    94  0   0.0%   1.143 GU:3    +
   12    37  0   0.0%   0.201 GC:3    +
   56    66  0   0.0%   0.514 CG:3    +
   60    79  0   0.0%   0.357 GC:3    +
   36    40  0   0.0%   0.737 GU:3    +
   59    76  0   0.0%   0.556 CG:3    +
   57    79  0   0.0%   0.775 GC:3    +
    1   108  0   0.0%   0.006 AU:2    --:1    +
   58    78  0   0.0%   0.708 UA:3    +
   31    40  0   0.0%   0.343 AU:3    +
    6    10  0   0.0%   0.000 UA:3    +
   15    50  0   0.0%   0.243 GU:3    +
   58    98  0   0.0%   1.510 UA:3    +
    9    89  0   0.0%   0.024 CG:3    +
   22    29  0   0.0%   0.199 AU:3    +
   43    72  0   0.0%   0.718 CG:3    +
   15    55  0   0.0%   1.066 GC:3    +
   14    50  0   0.0%   0.373 GU:3    +
   64    82  0   0.0%   0.178 CG:3    +
   49    96  0   0.0%   0.701 UG:3    +
   67    77  0   0.0%   0.331 AU:3    +
   42    97  0   0.0%   1.487 GC:3    +
   31    39  0   0.0%   0.344 AU:3    +
   43    96  0   0.0%   1.229 CG:3    +
   57   100  0   0.0%   1.249 GU:3    +
   57    92  0   0.0%   1.550 GU:3    +
   68    76  0   0.0%   0.324 UG:3    +
   37    57  0   0.0%   1.011 CG:3    +
    5   104  0   0.0%   0.551 GC:3    +
   28    61  0   0.0%   0.672 UA:3    +
   29    60  0   0.0%   0.654 UG:3    +
   52    66  0   0.0%   0.587 CG:3    +
   57    99  0   0.0%   1.271 GU:3    +
   13    52  0   0.0%   0.263 GC:3    +
   42    49  0   0.0%   0.789 GU:3    +
   52    96  0   0.0%   0.982 CG:3    +
    2    93  0   0.0%   0.003 CG:3    +
   23    50  0   0.0%   0.723 GU:3    +
   57    65  0   0.0%   0.503 GU:3    +
   42    73  0   0.0%   0.792 GU:3    +
   53    65  0   0.0%   0.185 AU:3    +
   88    95  0   0.0%   0.994 GC:3    +
   76    91  0   0.0%   1.098 GC:3    +
   36    58  0   0.0%   1.090 GU:3    +
   43    60  0   0.0%   0.830 CG:3    +
   75    92  0   0.0%   0.854 AU:3    +
   19    39  0   0.0%   0.002 AU:3    +
   12   105  0   0.0%   0.844 GC:3    +
   23    28  0   0.0%   0.473 GU:3    +
   59   102  0   0.0%   1.238 CG:3    +
    6   103  0   0.0%   0.549 UA:3    +
   56    89  0   0.0%   1.043 CG:3    +
   94   102  0   0.0%   0.889 UG:3    +
    5     9  0   0.0%   0.000 GC:3    +
   58   103  0   0.0%   1.155 UA:3    +
   60    94  0   0.0%   1.392 GU:3    +
   36    54  0   0.0%   1.127 GC:3    +
   84    91  0   0.0%   1.384 GC:3    +
   57   104  0   0.0%   0.878 GC:3    +
   12    54  0   0.0%   0.202 GC:3    +
   62    94  0   0.0%   0.591 AU:3    +
   96   100  0   0.0%   0.739 GU:3    +
   15    28  0   0.0%   0.475 GU:3    +
   73    82  0   0.0%   0.439 UG:3    +
   72    83  0   0.0%   0.617 GC:3    +
   74    81  0   0.0%   0.357 UG:3    +
   74    93  0   0.0%   0.676 UG:3    +
   13   104  0   0.0%   0.954 GC:3    +
   70    76  0   0.0%   0.169 CG:3    +
    3    34  0   0.0%   0.000 UA:3    +
   31    92  0   0.0%   0.821 AU:3    +
   52    88  0   0.0%   0.790 CG:3    +
   59    88  0   0.0%   1.076 CG:3    +
   40    62  0   0.0%   0.577 UA:3    +
   79    88  0   0.0%   0.930 CG:3    +
   61   100  0   0.0%   0.475 AU:3    +
    1    94  0   0.0%   0.000 AU:3    +
   11    88  0   0.0%   0.299 CG:3    +
   21    99  0   0.0%   0.739 AU:3    +
   80    87  0   0.0%   0.978 UG:3    +
   77    90  0   0.0%   0.372 UA:3    +
    9    36  0   0.0%   0.002 CG:3    +
    9    45  0   0.0%   0.002 CG:3    +
   75    80  0   0.0%   0.377 AU:3    +
   62    99  0   0.0%   0.469 AU:3    +
   45    91  0   0.0%   1.126 GC:3    +
   52   101  0   0.0%   1.066 CG:3    +
   18    36  0   0.0%   0.216 CG:3    +
   38    61  0   0.0%   0.467 UA:3    +
   47    80  0   0.0%   1.146 GU:3    +
   39    60  0   0.0%   0.494 UG:3    +
   44    96  0   0.0%   1.212 UG:3    +
   17    37  0   0.0%   0.215 GC:3    +
   96   104  0   0.0%   0.407 GC:3    +
   53   100  0   0.0%   0.642 AU:3    +
   41    89  0   0.0%   0.369 CG:3    +
   92    96  0   0.0%   1.062 UG:3    +
   23    38  0   0.0%   0.887 GU:3    +
   36    44  0   0.0%   1.276 GU:3    +
    5   108  0   0.0%   0.552 GU:2    --:1    +
   50    89  0   0.0%   0.349 UG:3    +
   47    58  0   0.0%   1.216 GU:3    +
    2    45  0   0.0%   0.002 CG:3    +
   63    93  0   0.0%   0.873 CG:3    +
   36    64  0   0.0%   0.712 GC:3    +
   41   102  0   0.0%   0.713 CG:3    +
   55    66  0   0.0%   0.458 CG:3    +
   42    50  0   0.0%   0.858 GU:3    +
   15    29  0   0.0%   0.415 GU:3    +
   13    64  0   0.0%   0.664 GC:3    +
   12    65  0   0.0%   0.484 GU:3    +
   12    94  0   0.0%   1.325 GU:3    +
   40    90  0   0.0%   0.678 UA:3    +
   12    27  0   0.0%   0.000 GU:3    +
   37    76  0   0.0%   0.713 CG:3    +
   11    66  0   0.0%   0.300 CG:3    +
   14    63  0   0.0%   0.783 GC:3    +
   35    65  0   0.0%   0.453 AU:3    +
   47    63  0   0.0%   0.877 GC:3    +
   17    26  0   0.0%   0.431 GC:3    +
   38    75  0   0.0%   0.467 UA:3    +
    7    63  0   0.0%   0.019 GC:3    +
   36    77  0   0.0%   0.711 GU:3    +
   40   103  0   0.0%   0.678 UA:3    +
   10    44  0   0.0%   0.003 AU:3    +
   87    97  0   0.0%   1.294 GC:3    +
   27    42  0   0.0%   0.913 UG:3    +
    9    13  0   0.0%   0.000 CG:3    +
   93    97  0   0.0%   1.063 GC:3    +
   87    92  0   0.0%   1.456 GU:3    +
   28    89  0   0.0%   0.683 UG:3    +
   10    28  0   0.0%   0.000 AU:3    +
   60   105  0   0.0%   0.894 GC:3    +
   66   105  0   0.0%   0.184 GC:3    +
   45    69  0   0.0%   0.691 GC:3    +
   89   108  0   0.0%   0.641 GU:2    --:1    +
   10    39  0   0.0%   0.001 AU:3    +
   63    84  0   0.0%   0.423 CG:3    +
    5    49  0   0.0%   0.006 GU:3    +
   46    68  0   0.0%   0.428 AU:3    +
   43    81  0   0.0%   0.718 CG:3    +
    6    48  0   0.0%   0.006 UA:3    +
    4    50  0   0.0%   0.003 AU:3    +
    9    14  0   0.0%   0.000 CG:3    +
   20   100  0   0.0%   0.723 AU:3    +
   23    41  0   0.0%   0.566 GC:3    +
    3    61  0   0.0%   0.003 UA:3    +
   14    37  0   0.0%   0.370 GC:3    +
   46    99  0   0.0%   0.919 AU:3    +
   45   100  0   0.0%   1.141 GU:3    +
    8    92  0   0.0%   0.018 AU:3    +
   76    83  0   0.0%   0.593 GC:3    +
   23    39  0   0.0%   0.886 GU:3    +
   13    38  0   0.0%   0.263 GU:3    +
   80    86  0   0.0%   0.590 UA:3    +
   79    87  0   0.0%   0.922 CG:3    +
   77    82  0   0.0%   0.386 UG:3    +
   43   102  0   0.0%   1.237 CG:3    +
   13    26  0   0.0%   0.000 GC:3    +
   44   101  0   0.0%   1.299 UG:3    +
   39    53  0   0.0%   0.602 UA:3    +
    3    51  0   0.0%   0.003 UA:3    +
   66    95  0   0.0%   0.407 GC:3    +
   67    94  0   0.0%   0.688 AU:3    +
   96   105  0   0.0%   0.369 GC:3    +
   94    98  0   0.0%   0.889 UA:3    +
    5    79  0   0.0%   0.008 GC:3    +
   22    40  0   0.0%   0.666 AU:3    +
    4    80  0   0.0%   0.004 AU:3    +
   93    99  0   0.0%   0.924 GU:3    +
   69    89  0   0.0%   0.710 CG:3    +
    3    81  0   0.0%   0.003 UG:3    +
   70    88  0   0.0%   0.823 CG:3    +
   50    96  0   0.0%   0.686 UG:3    +
    6    78  0   0.0%   0.013 UA:3    +
   14    39  0   0.0%   0.368 GU:3    +
   89    97  0   0.0%   1.174 GC:3    +
   57    97  0   0.0%   1.411 GC:3    +
   43    87  0   0.0%   1.043 CG:3    +
    2    82  0   0.0%   0.003 CG:3    +
    7    91  0   0.0%   0.022 GC:3    +
   68    93  0   0.0%   0.720 UG:3    +
   16    22  0   0.0%   0.000 UA:3    +
   12    39  0   0.0%   0.200 GU:3    +
   65    81  0   0.0%   0.278 UG:3    +
    2    57  0   0.0%   0.002 CG:3    +
   92    98  0   0.0%   1.057 UA:3    +
   44    86  0   0.0%   1.025 UA:3    +
   84   100  0   0.0%   0.827 GU:3    +
   37    60  0   0.0%   0.741 CG:3    +
   83   101  0   0.0%   0.864 CG:3    +
   85    99  0   0.0%   0.804 AU:3    +
   38    60  0   0.0%   0.494 UG:3    +
   61    80  0   0.0%   0.256 AU:3    +
   58    66  0   0.0%   0.546 UG:3    +
    2    13  0   0.0%   0.001 CG:3    +
    3    12  0   0.0%   0.000 UG:3    +
    9   101  0   0.0%   0.789 CG:3    +
   68    90  0   0.0%   0.404 UA:3    +
   24    93  0   0.0%   1.110 CG:3    +
   20    38  0   0.0%   0.004 AU:3    +
   48    73  0   0.0%   0.458 AU:3    +
   15    56  0   0.0%   1.058 GC:3    +
   36    83  0   0.0%   0.711 GC:3    +
   37    82  0   0.0%   0.713 CG:3    +
   49    72  0   0.0%   0.180 UG:3    +
   36    55  0   0.0%   1.115 GC:3    +
    2    89  0   0.0%   0.003 CG:3    +
   13    59  0   0.0%   0.683 GC:3    +
    4   108  0   0.0%   0.432 AU:2    --:1    +
   38    81  0   0.0%   0.467 UG:3    +
   36    56  0   0.0%   1.107 GC:3    +
   36   105  0   0.0%   0.719 GC:3    +
   29    96  0   0.0%   0.978 UG:3    +
    2    96  0   0.0%   0.003 CG:3    +
   62    74  0   0.0%   0.211 AU:3    +
   27    62  0   0.0%   0.732 UA:3    +
   14    24  0   0.0%   0.000 GC:3    +
    3    33  0   0.0%   0.000 UA:3    +
   14    49  0   0.0%   0.373 GU:3    +
   23    52  0   0.0%   0.997 GC:3    +
   54    87  0   0.0%   0.726 CG:3    +
    1    58  0   0.0%   0.000 AU:3    +
   45    63  0   0.0%   0.692 GC:3    +
   87    95  0   0.0%   0.986 GC:3    +
    7    11  0   0.0%   0.001 GC:3    +
   68    78  0   0.0%   0.165 UA:3    +
   25    92  0   0.0%   0.900 AU:3    +
   23    29  0   0.0%   0.412 GU:3    +
   88    94  0   0.0%   1.285 GU:3    +
    7    77  0   0.0%   0.018 GU:3    +
   47    74  0   0.0%   0.880 GU:3    +
   57    94  0   0.0%   1.380 GU:3    +
   36    63  0   0.0%   0.712 GC:3    +
   45    64  0   0.0%   0.691 GC:3    +
   50    71  0   0.0%   0.177 UA:3    +
   83    87  0   0.0%   1.185 CG:3    +
   11    84  0   0.0%   0.299 CG:3    +
   38    53  0   0.0%   0.602 UA:3    +
   27    90  0   0.0%   0.734 UA:3    +
   23    95  0   0.0%   0.814 GC:3    +
    3    62  0   0.0%   0.003 UA:3    +
   12    83  0   0.0%   0.483 GC:3    +
   90   108  0   0.0%   0.223 AU:2    --:1    +
   47    83  0   0.0%   1.146 GC:3    +
    3     8  0   0.0%   0.000 UA:3    +
   29    42  0   0.0%   0.698 UG:3    +
   23    44  0   0.0%   0.725 GU:3    +
   36    59  0   0.0%   0.731 GC:3    +
    6    33  0   0.0%   0.002 UA:3    +
   55    96  0   0.0%   1.071 CG:3    +
   65    82  0   0.0%   0.290 UG:3    +
   23    94  0   0.0%   1.105 GU:3    +
   29    85  0   0.0%   0.627 UA:3    +
   54    96  0   0.0%   1.168 CG:3    +
   65    96  0   0.0%   0.837 UG:3    +
   10   100  0   0.0%   1.401 AU:3    +
    5   100  0   0.0%   0.920 GU:3    +
   11    15  0   0.0%   0.000 CG:3    +
   60    70  0   0.0%   0.250 GC:3    +
   28    86  0   0.0%   0.673 UA:3    +
   14    59  0   0.0%   0.801 GC:3    +
   67    74  0   0.0%   0.316 AU:3    +
   79    89  0   0.0%   0.787 CG:3    +
   58    96  0   0.0%   1.505 UG:3    +
   38    90  0   0.0%   0.636 UA:3    +
   80    88  0   0.0%   0.986 UG:3    +
   19    27  0   0.0%   0.359 AU:3    +
   45    74  0   0.0%   0.691 GU:3    +
   46    73  0   0.0%   0.428 AU:3    +
   66   104  0   0.0%   0.184 GC:3    +
   40    84  0   0.0%   0.510 UG:3    +
   45    77  0   0.0%   0.691 GU:3    +
   33    80  0   0.0%   0.146 AU:3    +
   59    72  0   0.0%   0.526 CG:3    +
   58    84  0   0.0%   0.868 UG:3    +
   36   104  0   0.0%   0.718 GC:3    +
   40    51  0   0.0%   0.745 UA:3    +
    2    12  0   0.0%   0.001 CG:3    +
   83    93  0   0.0%   0.956 CG:3    +
   54    66  0   0.0%   0.482 CG:3    +
   16    89  0   0.0%   0.666 UG:3    +
    6    35  0   0.0%   0.002 UA:3    +
    2    60  0   0.0%   0.002 CG:3    +
    1     6  0   0.0%   0.000 AU:3    +
   14    41  0   0.0%   0.370 GC:3    +
   38    89  0   0.0%   0.647 UG:3    +
   55    81  0   0.0%   0.610 CG:3    +
   10    16  0   0.0%   0.000 AU:3    +
    9    15  0   0.0%   0.000 CG:3    +
   16    33  0   0.0%   0.217 UA:3    +
   68    75  0   0.0%   0.315 UA:3    +
   54    76  0   0.0%   0.722 CG:3    +
   50   102  0   0.0%   0.693 UG:3    +
    8    16  0   0.0%   0.000 AU:3    +
   40    53  0   0.0%   0.565 UA:3    +
   39    89  0   0.0%   0.709 UG:3    +
   15    92  0   0.0%   1.327 GU:3    +
   66   100  0   0.0%   0.554 GU:3    +
   82    94  0   0.0%   0.744 GU:3    +
   28    60  0   0.0%   0.699 UG:3    +
   67    99  0   0.0%   0.566 AU:3    +
   64   102  0   0.0%   0.711 CG:3    +
   53    77  0   0.0%   0.424 AU:3    +
   65   101  0   0.0%   0.911 UG:3    +
   49   103  0   0.0%   0.354 UA:3    +
   84    92  0   0.0%   1.149 GU:3    +
   61    77  0   0.0%   0.251 AU:3    +
   12    50  0   0.0%   0.201 GU:3    +
   79    93  0   0.0%   0.692 CG:3    +
   61    73  0   0.0%   0.198 AU:3    +
   37   102  0   0.0%   1.234 CG:3    +
   78    94  0   0.0%   0.625 AU:3    +
   13    95  0   0.0%   1.148 GC:3    +
   47    97  0   0.0%   1.535 GC:3    +
   16    21  0   0.0%   0.000 UA:3    +
   36    92  0   0.0%   1.388 GU:3    +
    9    87  0   0.0%   0.024 CG:3    +
   81    95  0   0.0%   0.436 GC:3    +
   38   101  0   0.0%   1.064 UG:3    +
   44    75  0   0.0%   0.711 UA:3    +
   73    85  0   0.0%   0.620 UA:3    +
   65    78  0   0.0%   0.130 UA:3    +
    8    39  0   0.0%   0.002 AU:3    +
   82    91  0   0.0%   1.157 GC:3    +
   68    98  0   0.0%   0.551 UA:3    +
   52    87  0   0.0%   0.790 CG:3    +
   13    50  0   0.0%   0.262 GU:3    +
   33    94  0   0.0%   0.637 AU:3    +
   59    87  0   0.0%   1.072 CG:3    +
   66    77  0   0.0%   0.333 GU:3    +
    8    50  0   0.0%   0.005 AU:3    +
   69    88  0   0.0%   0.852 CG:3    +
   70    87  0   0.0%   0.815 CG:3    +
   11    87  0   0.0%   0.299 CG:3    +
   32    45  1   0.3%   0.362 CG:2    +
   12    30  1   0.2%   0.228 GC:2    +
  101   106  1   0.2%   0.475 GC:2    +
  100   107  1   0.1%   0.390 UA:2    +
   32    42  1   0.1%   0.429 CG:2    +
   30    36  1   0.0%   0.417 CG:2    +
   32    93  1   0.0%   0.621 CG:2    +
   13    30  1   0.0%   0.279 GC:2    +
    7    30  1   0.0%   0.006 GC:2    +
    5    32  1   0.0%   0.005 GC:2    +
   13   106  1   0.0%   0.960 GC:2    +
  102   106  1   0.0%   0.418 GC:2    +
   12    32  1   0.0%   0.204 GC:2    +
   32    36  1   0.0%   0.398 CG:2    +
   30    89  1   0.0%   0.352 CG:2    +
   30    60  1   0.0%   0.368 CG:2    +
   87   106  1   0.0%   0.764 GC:2    +
   14    30  1   0.0%   0.386 GC:2    +
   12   106  1   0.0%   0.845 GC:2    +
   99   107  1   0.0%   0.398 UA:2    +
   13    32  1   0.0%   0.264 GC:2    +
   15    32  1   0.0%   0.225 GC:2    +
   89   106  1   0.0%   0.644 GC:2    +
   17    30  1   0.0%   0.232 GC:2    +
   32    57  1   0.0%   0.422 CG:2    +
   32    89  1   0.0%   0.136 CG:2    +
    7   106  1   0.0%   0.537 GC:2    +
   88   106  1   0.0%   0.771 GC:2    +
   14    32  1   0.0%   0.371 GC:2    +
   23    32  1   0.0%   0.220 GC:2    +
    5   106  1   0.0%   0.552 GC:2    +
    6   107  1   0.0%   0.549 UA:2    +
   23    30  1   0.0%   0.234 GC:2    +
   92   107  1   0.0%   0.698 UA:2    +
   30    42  1   0.0%   0.433 CG:2    +
   15    30  1   0.0%   0.238 GC:2    +
   36   106  1   0.0%   0.719 GC:2    +
   30    96  1   0.0%   0.689 CG:2    +
   30    93  1   0.0%   0.830 CG:2    +
    7    32  1   0.0%   0.004 GC:2    +
    3   107  1   0.0%   0.385 UA:2    +
   30    88  1   0.0%   0.338 CG:2    +
   17    32  1   0.0%   0.217 GC:2    +
   32    60  1   0.0%   0.152 CG:2    +
   30    84  1   0.0%   0.338 CG:2    +
   32    81  1   0.0%   0.124 CG:2    +
   93   106  1   0.0%   0.572 GC:2    +
   30    57  1   0.0%   0.635 CG:2    +
   60   106  1   0.0%   0.893 GC:2    +
....((((((((((((((....))))........(((....))).........))))).(..(((...(((((....)))))...)))..).)))))...........
