3 sequence; length of alignment 116
alifold output
   79    88  0  99.4%   0.048 GC:3   
   78    89  0  99.2%   0.031 UA:3   
   80    87  0  99.1%   0.054 GC:3   
   77    90  0  98.0%   0.100 CG:3   
   20    29  0  97.1%   0.173 CG:3   
   19    30  0  97.0%   0.225 CG:3   
   18    31  0  95.2%   0.248 CG:3   
   21    28  0  94.5%   0.230 GC:2    --:1   
   73    95  0  92.0%   0.449 CG:3   
   72    96  0  91.2%   0.459 CG:3   
   74    94  0  83.2%   0.814 UA:3   
   22    27  1  68.7%   0.785 AU:2   
   81    86  1  67.4%   0.821 UA:2   
   56    66  0  55.1%   2.306 GC:1    GU:2    +
   57    65  0  56.1%   2.135 CG:3    +
   58    64  0  55.4%   2.274 GC:3    +
   13    64  0  36.5%   1.807 GC:3   
   14    63  0  36.3%   2.051 GC:3   
   12    65  0  36.2%   1.701 CG:3   
   44   109  0  33.8%   1.448 CG:1    UG:1    UA:1    +
   17    33  0  34.4%   1.445 GU:1    AU:2    +
   43   110  0  33.9%   1.606 CG:2    GU:1    +
   16    34  0  33.3%   1.420 CG:3    +
   42   111  1  31.2%   1.411 GC:1    GU:1    +
   15    61  0  29.0%   1.620 GC:2    GU:1   
   45   108  0  28.4%   1.115 GC:1    AU:1    --:1    +
   16    60  0  28.9%   1.815 CG:3   
   11    66  1  27.7%   1.079 AU:2   
   53    69  0  21.0%   1.697 CG:3    +
   75    91  0  18.6%   1.094 GC:3    +
   54    68  1  18.5%   1.538 GU:2    +
   52    56  0  15.3%   1.812 CG:3   
   51    57  1  15.6%   1.665 GC:2   
   50    58  0  13.9%   1.609 CG:2    UG:1   
   51   105  1  14.4%   1.978 CG:1    GC:1    +
   52   104  1  14.6%   2.121 CG:2    +
   53   103  1  12.8%   2.067 CG:2    +
    6   105  1  11.8%   0.859 CG:1    UA:1    +
   13    33  0  11.6%   0.942 GU:3    +
   14    32  0  11.5%   0.989 GC:3    +
    7   104  1  12.0%   0.926 CG:2    +
   12    34  0  11.5%   0.817 CG:3    +
   15    52  0  10.9%   1.107 GC:3    +
   16    51  1  11.3%   1.216 CG:2    +
   17    50  1  10.6%   1.161 GC:1    AU:1    +
    8   103  1  11.1%   0.982 CG:2    +
   14    53  0  10.4%   1.522 GC:3    +
    5   106  1   9.8%   0.744 CG:1    AU:1    +
   41    56  0   8.0%   0.959 CG:2    UG:1    +
   50   106  1   8.3%   1.837 CG:1    UG:1    +
  105   114  0   6.3%   1.332 CG:1    GU:1    AU:1    +
   40    57  0   8.0%   0.814 GC:2    --:1    +
   39    58  0   7.1%   0.766 CG:2    --:1    +
  106   113  0   5.7%   1.149 GU:2    UA:1    +
  104   111  0   3.0%   1.484 GC:1    GU:1    AU:1    +
   74    92  0   4.9%   0.607 UG:3    +
   76    92  0   4.9%   0.762 UG:3    +
  104   115  1   4.9%   1.320 GC:1    AU:1    +
   47   107  1   4.1%   0.548 UG:1    UA:1    +
   14    73  0   4.1%   1.723 GC:3    +
   50   104  0   3.1%   1.368 CG:2    UA:1    +
   13    74  0   4.1%   1.471 GU:3    +
   15    72  0   4.1%   1.304 GC:3    +
   12    75  0   4.1%   1.357 CG:3    +
   48    55  0   3.0%   0.631 CG:1    GC:2    +
   38    59  0   3.9%   0.473 UA:2    --:1    +
   48   108  0   1.9%   1.023 CG:1    GC:1    GU:1    +
   44    54  0   2.6%   0.728 CG:1    UG:2    +
   11    76  0   3.5%   0.757 AU:3    +
   12    54  0   3.3%   0.743 CG:3    +
   51    55  0   2.2%   0.899 CG:1    GC:2    +
   48   106  1   3.1%   0.881 CG:1    GU:1    +
   10    36  0   3.1%   0.442 CG:3    +
  103   108  0   1.0%   1.296 CG:1    GC:1    GU:1    +
   50    56  0   2.0%   0.990 CG:2    UG:1    +
   13    53  0   2.9%   0.825 GC:3    +
  105   110  1   2.9%   1.447 CG:1    AU:1    +
  101   111  0   0.8%   0.780 GC:1    GU:1    AU:1    +
   54    66  0   1.8%   1.074 GC:1    GU:2    +
   41    58  0   1.8%   0.950 CG:2    UG:1    +
   43    55  1   2.5%   0.624 CG:1    GC:1    +
   54    61  0   1.5%   1.119 GC:2    GU:1    +
   14    52  0   2.5%   0.895 GC:3    +
   51   108  0   0.4%   1.587 CG:1    GC:1    GU:1    +
   43    54  1   2.7%   0.628 CG:2    +
  106   115  0   0.2%   0.996 GC:1    GU:1    UG:1    +
  110   115  0   0.1%   0.842 GC:1    GU:1    UG:1    +
   15    32  0   2.0%   0.622 GC:3    +
   42   115  0   0.0%   0.706 CG:1    GC:1    GU:1    +
    5    47  0   0.0%   0.013 CG:1    GU:1    AU:1    +
   25    42  0   0.0%   0.147 CG:1    GC:1    UG:1    +
   44   101  0   0.0%   0.362 CG:1    UG:1    UA:1    +
   81   101  0   0.0%   0.548 CG:1    UG:1    UA:1    +
   44   104  0   0.0%   0.554 CG:1    UG:1    UA:1    +
   23    66  0   0.0%   0.459 GC:1    GU:1    AU:1    +
   25   110  0   0.0%   0.151 CG:1    GU:1    UG:1    +
   81   104  0   0.0%   1.002 CG:1    UG:1    UA:1    +
   34    41  0   0.9%   0.860 GC:2    GU:1    +
   31    61  0   0.9%   0.701 GC:2    GU:1    +
   56    64  0   1.8%   1.461 GC:3    +
   36    41  0   0.8%   0.427 GC:2    GU:1    +
   48   105  1   1.8%   0.734 CG:1    GC:1    +
   28    65  0   0.8%   0.591 CG:2    UG:1    +
   14    44  0   0.7%   0.692 GC:1    GU:2    +
   14    33  0   1.7%   0.952 GU:3    +
   12    56  0   1.7%   0.736 CG:3    +
   10    69  0   1.7%   0.570 CG:3    +
    7   103  0   0.7%   0.219 CG:2    GC:1    +
   55   101  1   2.1%   0.959 CG:2    +
   13    41  0   0.6%   0.569 GC:2    GU:1    +
   44   107  0   0.5%   0.331 CG:1    UA:2    +
    2    14  0   0.4%   0.074 CG:2    UG:1    +
   15    50  0   0.4%   0.340 GC:2    GU:1    +
   13    20  0   1.4%   0.299 GC:3    +
   14    19  0   1.4%   0.357 GC:3    +
   53    58  0   1.4%   1.328 CG:3    +
   42    57  1   1.9%   0.721 GC:2    +
   41    54  0   0.4%   0.456 CG:2    UG:1    +
   13    55  1   1.9%   0.844 GC:2    +
   60    66  0   0.4%   1.406 GC:1    GU:2    +
   12    21  0   1.4%   0.178 CG:2    --:1    +
   61    65  0   0.4%   1.464 CG:2    UG:1    +
   36    61  0   0.4%   0.801 GC:2    GU:1    +
   50   109  0   0.4%   1.574 CG:2    UA:1    +
   16    31  0   1.4%   0.189 CG:3    +
   55    65  1   1.9%   1.104 CG:2    +
   52    60  0   1.4%   1.353 CG:3    +
   34    44  0   0.3%   0.812 GC:1    GU:2    +
   40   111  0   0.3%   0.392 GC:1    GU:1    --:1    +
   28    58  0   0.3%   0.232 CG:2    UG:1    +
   10   101  1   1.8%   0.668 CG:2    +
    4   114  0   0.3%   0.074 CG:1    AU:2    +
   36    44  0   0.2%   0.402 GC:1    GU:2    +
   58    63  0   1.2%   1.323 GC:3    +
   30    44  0   0.2%   0.152 GC:1    GU:2    +
   50   101  0   0.2%   0.832 CG:2    UA:1    +
   28    54  0   0.2%   0.240 CG:2    UG:1    +
   33    45  0   0.2%   0.774 UG:1    UA:1    --:1    +
   23    33  0   0.2%   0.805 GU:2    AU:1    +
   68   102  0   0.2%   0.467 AU:1    UA:2    +
   55   103  0   0.2%   1.306 CG:2    GC:1    +
   10    58  0   1.1%   0.397 CG:3    +
   74    93  1   1.6%   0.490 UA:2    +
   66    90  0   0.1%   0.825 CG:1    UG:2    +
    2    15  0   0.1%   0.054 CG:2    UG:1    +
   50    54  0   0.1%   0.747 CG:2    UG:1    +
   36    50  0   0.1%   0.572 GC:2    GU:1    +
   47    51  0   0.1%   0.399 GC:1    UG:2    +
   81    90  0   0.1%   0.368 CG:1    UG:2    +
   43    56  1   1.6%   0.847 CG:2    +
   23    28  0   0.1%   0.152 GC:2    AU:1    +
    2    31  0   0.1%   0.061 CG:2    UG:1    +
   61    95  0   0.1%   0.657 CG:2    UG:1    +
   15    41  0   0.1%   0.271 GC:2    GU:1    +
   50    65  0   0.1%   1.101 CG:2    UG:1    +
   31    41  0   0.1%   0.220 GC:2    GU:1    +
   47   112  0   0.1%   0.283 GU:1    UA:2    +
   41    60  0   0.1%   0.940 CG:2    UG:1    +
   40    61  0   0.1%   0.775 GC:1    GU:1    --:1    +
    2    99  0   0.1%   0.064 CG:2    UG:1    +
   34    50  0   0.0%   1.003 GC:2    GU:1    +
   40    50  0   0.0%   0.373 GC:1    GU:1    --:1    +
   40   115  0   0.0%   0.435 GC:1    GU:1    --:1    +
    2    30  0   0.0%   0.046 CG:2    UG:1    +
    2    96  0   0.0%   0.059 CG:2    UG:1    +
   56    61  0   0.0%   1.385 GC:2    GU:1    +
   34    61  0   0.0%   1.200 GC:2    GU:1    +
   44    56  0   0.0%   0.637 CG:1    UG:2    +
   61    69  0   0.0%   1.122 CG:2    UG:1    +
   17    74  0   0.0%   0.809 GU:1    AU:2    +
   14    41  0   0.0%   0.620 GC:2    GU:1    +
   50    69  0   0.0%   0.834 CG:2    UG:1    +
   44    58  0   0.0%   0.627 CG:1    UG:2    +
   28    56  0   0.0%   0.198 CG:2    UG:1    +
   99   111  0   0.0%   0.578 GC:1    GU:2    +
    2    13  0   0.0%   0.006 CG:2    UG:1    +
    7    48  0   0.0%   0.100 CG:2    GC:1    +
   50    60  0   0.0%   1.119 CG:2    UG:1    +
   56   111  0   0.0%   1.618 GC:1    GU:2    +
   47   103  0   0.0%   0.440 GC:1    UG:2    +
   13    50  0   0.0%   0.518 GC:2    GU:1    +
   24    50  0   0.0%   0.360 GC:2    GU:1    +
   13    28  0   0.0%   0.190 GC:2    GU:1    +
   41    65  0   0.0%   0.920 CG:2    UG:1    +
   61    90  0   0.0%   0.611 CG:2    UG:1    +
   13    44  0   0.0%   0.515 GC:1    GU:2    +
    8    25  1   1.0%   0.240 CG:1    AU:1    +
   15   111  0   0.0%   1.053 GC:1    GU:2    +
   50    99  0   0.0%   0.770 CG:2    UG:1    +
   40    66  0   0.0%   0.692 GC:1    GU:1    --:1    +
    7    51  0   0.0%   0.099 CG:2    GC:1    +
   76   107  0   0.0%   0.489 UG:1    UA:2    +
   81    95  0   0.0%   0.458 CG:1    UG:2    +
   69   111  0   0.0%   0.944 GC:1    GU:2    +
   31    50  0   0.0%   0.417 GC:2    GU:1    +
   74   109  0   0.0%   1.014 UG:2    UA:1    +
   68   112  0   0.0%   0.450 AU:1    UA:2    +
   66    99  0   0.0%   0.942 CG:1    UG:2    +
   93   114  0   0.0%   0.138 UG:1    AU:2    +
   47   102  0   0.0%   0.125 GU:1    UA:2    +
   13   111  0   0.0%   1.222 GC:1    GU:2    +
   66    84  0   0.0%   0.794 CG:1    UG:2    +
   28    36  0   0.0%   0.245 CG:2    UG:1    +
    2    69  0   0.0%   0.050 CG:2    UG:1    +
   44    60  0   0.0%   0.692 CG:1    UG:2    +
   13    66  0   0.0%   1.428 GC:1    GU:2    +
   61   104  0   0.0%   1.306 CG:2    UA:1    +
   14   111  0   0.0%   1.468 GC:1    GU:2    +
   46   115  0   0.0%   0.044 CG:1    GC:1    --:1    +
   14    28  0   0.0%   0.248 GC:2    GU:1    +
   58    66  0   0.0%   1.883 GC:1    GU:2    +
   15    66  0   0.0%   1.265 GC:1    GU:2    +
   17    38  0   0.0%   0.413 GU:1    AU:1    --:1    +
   15    44  0   0.0%   0.303 GC:1    GU:2    +
   29    44  0   0.0%   0.095 GC:1    GU:2    +
   61   109  0   0.0%   1.085 CG:2    UA:1    +
   43   106  0   0.0%   0.661 CG:2    GU:1    +
    2    95  0   0.0%   0.050 CG:2    UG:1    +
   36   111  0   0.0%   0.353 GC:1    GU:2    +
   56    81  0   0.0%   1.213 GC:1    GU:2    +
    2    36  0   0.0%   0.048 CG:2    UG:1    +
   21    66  0   0.0%   0.480 GC:1    GU:1    --:1    +
   50    75  0   0.0%   0.819 CG:2    UG:1    +
   47    67  0   0.0%   0.122 GU:1    UA:2    +
   61    96  0   0.0%   0.645 CG:2    UG:1    +
   41    99  0   0.0%   0.592 CG:2    UG:1    +
   29    41  0   0.0%   0.132 GC:2    GU:1    +
    2    65  0   0.0%   0.048 CG:2    UG:1    +
   61    84  0   0.0%   0.605 CG:2    UG:1    +
   31    66  0   0.0%   0.603 GC:1    GU:2    +
   24    28  0   0.0%   0.150 GC:2    GU:1    +
   44    69  0   0.0%   0.400 CG:1    UG:2    +
   31    44  0   0.0%   0.201 GC:1    GU:2    +
   24    61  0   0.0%   0.483 GC:2    GU:1    +
   96   111  0   0.0%   0.582 GC:1    GU:2    +
   17   111  0   0.0%   0.681 GC:1    AU:2    +
   28    34  0   0.0%   0.697 CG:2    UG:1    +
   95   111  0   0.0%   0.577 GC:1    GU:2    +
   33   109  0   0.0%   0.902 UG:2    UA:1    +
   61    75  0   0.0%   0.738 CG:2    UG:1    +
   45    68  0   0.0%   0.049 GU:1    AU:1    --:1    +
   61    99  0   0.0%   0.747 CG:2    UG:1    +
   50    95  0   0.0%   0.711 CG:2    UG:1    +
   44    99  0   0.0%   0.337 CG:1    UG:2    +
    2    92  0   0.0%   0.049 CG:2    UG:1    +
   29    50  0   0.0%   0.323 GC:2    GU:1    +
   24    41  0   0.0%   0.167 GC:2    GU:1    +
    2    29  0   0.0%   0.036 CG:2    UG:1    +
   50    92  0   0.0%   0.688 CG:2    UG:1    +
   25    40  0   0.0%   0.145 CG:1    UG:1    --:1    +
   21    25  0   0.0%   0.132 GC:1    GU:1    --:1    +
   66    75  0   0.0%   0.927 CG:1    UG:2    +
    2    34  0   0.0%   0.047 CG:2    UG:1    +
   92   111  0   0.0%   0.737 GC:1    GU:2    +
   30    41  0   0.0%   0.149 GC:2    GU:1    +
   28    69  0   0.0%   0.293 CG:2    UG:1    +
   60   111  0   0.0%   1.000 GC:1    GU:2    +
   54   111  0   0.0%   1.277 GC:1    GU:2    +
   34   111  0   0.0%   0.792 GC:1    GU:2    +
   58   111  0   0.0%   1.525 GC:1    GU:2    +
   44    95  0   0.0%   0.281 CG:1    UG:2    +
   90   111  0   0.0%   0.473 GC:1    GU:2    +
   81    96  0   0.0%   0.446 CG:1    UG:2    +
   31   111  0   0.0%   0.254 GC:1    GU:2    +
   14    50  0   0.0%   0.622 GC:2    GU:1    +
   41    69  0   0.0%   0.655 CG:2    UG:1    +
   28    99  0   0.0%   0.227 CG:2    UG:1    +
   24    66  0   0.0%   0.474 GC:1    GU:2    +
   65   111  0   0.0%   1.262 GC:1    GU:2    +
   61   101  0   0.0%   0.851 CG:2    UA:1    +
    2    54  0   0.0%   0.048 CG:2    UG:1    +
   34    66  0   0.0%   1.140 GC:1    GU:2    +
   23    41  0   0.0%   0.162 GC:2    AU:1    +
   28    95  0   0.0%   0.174 CG:2    UG:1    +
   82   101  0   0.0%   0.289 UG:2    UA:1    +
    2    75  0   0.0%   0.049 CG:2    UG:1    +
   81    92  0   0.0%   0.628 CG:1    UG:2    +
   28    96  0   0.0%   0.175 CG:2    UG:1    +
   50    96  0   0.0%   0.711 CG:2    UG:1    +
   27   110  0   0.0%   0.346 UG:2    AU:1    +
   81   107  0   0.0%   0.469 CG:1    UA:2    +
   41    92  0   0.0%   0.514 CG:2    UG:1    +
   44    79  0   0.0%   0.259 CG:1    UG:2    +
   30    50  0   0.0%   0.352 GC:2    GU:1    +
   25    46  0   0.0%   0.085 CG:1    GC:1    --:1    +
   61    92  0   0.0%   0.611 CG:2    UG:1    +
   24   111  0   0.0%   0.125 GC:1    GU:2    +
   66    92  0   0.0%   0.818 CG:1    UG:2    +
   14    61  0   0.0%   0.947 GC:2    GU:1    +
   45    66  0   0.0%   0.371 GU:1    AU:1    --:1    +
   27   106  0   0.0%   0.544 UG:2    AU:1    +
   44    65  0   0.0%   0.663 CG:1    UG:2    +
   38   109  0   0.0%   0.231 UG:1    UA:1    --:1    +
   13    61  0   0.0%   0.703 GC:2    GU:1    +
   41    90  0   0.0%   0.511 CG:2    UG:1    +
   81    99  0   0.0%   0.453 CG:1    UG:2    +
   36    66  0   0.0%   0.700 GC:1    GU:2    +
    2    60  0   0.0%   0.048 CG:2    UG:1    +
   74   101  0   0.0%   0.784 UG:2    UA:1    +
   41    95  0   0.0%   0.537 CG:2    UG:1    +
    2    58  0   0.0%   0.047 CG:2    UG:1    +
   41    96  0   0.0%   0.537 CG:2    UG:1    +
   15    28  0   0.0%   0.139 GC:2    GU:1    +
   29    66  0   0.0%   0.489 GC:1    GU:2    +
   24    44  0   0.0%   0.129 GC:1    GU:2    +
   76   101  0   0.0%   0.565 UG:2    UA:1    +
   44    96  0   0.0%   0.281 CG:1    UG:2    +
   66    96  0   0.0%   0.840 CG:1    UG:2    +
   60    81  0   0.0%   0.597 GC:1    GU:2    +
   38   104  0   0.0%   0.460 UG:1    UA:1    --:1    +
    2    56  0   0.0%   0.047 CG:2    UG:1    +
   55    60  1   1.5%   1.094 CG:2    +
   32    60  0   1.0%   0.970 CG:3    +
   33    59  0   0.9%   0.929 UA:3    +
   13    39  0   0.9%   0.564 GC:2    --:1    +
   29    64  0   0.9%   0.590 GC:3    +
   30    63  0   0.9%   0.617 GC:3    +
   40   113  0   0.9%   0.476 GU:2    --:1    +
   51    61  1   1.3%   1.338 GC:2    +
    6    15  1   0.8%   0.136 CG:1    UG:1    +
   12    40  0   0.8%   0.469 CG:2    --:1    +
   10    99  0   0.8%   0.514 CG:3    +
  102   110  1   0.8%   0.590 UG:1    AU:1    +
   17    41  1   0.8%   0.533 GC:1    AU:1    +
   12    36  0   0.7%   0.540 CG:3    +
   42    48  1   0.7%   0.249 CG:1    GC:1    +
    7    14  1   1.2%   0.210 CG:2    +
    9    24  1   1.1%   0.225 CG:2    +
    3   109  1   1.1%   0.233 CG:2    +
   10    23  1   1.1%   0.186 CG:2    +
    8    13  1   1.1%   0.189 CG:2    +
   41    51  1   0.6%   0.543 CG:1    UG:1    +
   42    50  1   0.6%   0.510 GC:1    GU:1    +
   40    52  0   0.5%   0.573 GC:2    --:1    +
    2   110  1   1.0%   0.226 CG:2    +
   10    14  0   0.5%   0.227 CG:3    +
   12    99  0   0.5%   1.233 CG:3    +
   50   103  1   1.0%   1.147 CG:2    +
   43   108  1   0.5%   0.484 CG:1    GC:1    +
   43    47  1   0.5%   0.202 CG:1    GU:1    +
   73    96  0   0.5%   0.437 CG:3    +
    5   105  1   0.5%   0.098 CG:1    GC:1    +
   74    95  0   0.4%   0.707 UG:3    +
   18    30  0   0.4%   0.102 CG:3    +
    4   106  1   0.4%   0.070 CG:1    AU:1    +
   76    90  0   0.4%   0.203 UG:3    +
   34    53  0   0.4%   1.190 GC:3    +
   47    56  1   0.9%   0.583 UG:2    +
   72    80  0   0.4%   0.201 CG:3    +
   73    79  0   0.4%   0.203 CG:3    +
   32    54  0   0.4%   0.616 CG:3    +
   34    39  0   0.4%   0.741 GC:2    --:1    +
    8    69  1   0.8%   0.296 CG:2    +
   31    52  0   0.3%   0.565 GC:3    +
   19    29  0   0.3%   0.141 CG:3    +
   10    95  0   0.3%   0.429 CG:3    +
   14    38  0   0.3%   0.618 GU:2    --:1    +
   30    53  0   0.3%   0.521 GC:3    +
   70    82  0   0.3%   0.055 AU:3    +
   29    57  0   0.3%   0.153 GC:3    +
   15    43  1   0.8%   0.346 GC:2    +
   52    69  0   0.3%   0.997 CG:3    +
   16    42  1   0.8%   0.572 CG:2    +
   32    56  0   0.3%   0.591 CG:3    +
   91    96  0   0.3%   0.553 CG:3    +
   33    54  0   0.3%   0.963 UG:3    +
   18    24  0   0.3%   0.109 CG:3    +
   32    36  0   0.3%   0.563 CG:3    +
   57    99  0   0.2%   1.168 CG:3    +
   31    57  0   0.2%   0.275 GC:3    +
   17    25  1   0.2%   0.101 GC:1    AU:1    +
   34    57  0   0.2%   0.867 GC:3    +
   44    51  1   0.2%   0.486 CG:1    UG:1    +
    3   115  1   0.2%   0.166 CG:1    AU:1    +
   41    48  1   0.2%   0.228 CG:1    UG:1    +
   18    58  0   0.2%   0.204 CG:3    +
   42    51  1   0.2%   0.510 CG:1    GC:1    +
   36    52  0   0.2%   0.710 GC:3    +
   29    53  0   0.2%   0.450 GC:3    +
   52    99  0   0.2%   0.941 CG:3    +
    2   105  1   0.2%   0.098 CG:1    UA:1    +
   30    52  0   0.2%   0.469 GC:3    +
   68   100  1   0.7%   0.493 UA:2    +
   18    40  0   0.2%   0.172 CG:2    --:1    +
   52    58  0   0.2%   1.422 CG:3    +
   53    99  0   0.2%   1.014 CG:3    +
   24    52  0   0.2%   0.462 GC:3    +
   32    40  0   0.2%   0.457 CG:2    --:1    +
   24    32  0   0.2%   0.447 GC:3    +
   11    68  1   0.7%   0.470 AU:2    +
   77    92  0   0.2%   0.379 CG:3    +
  104   108  1   0.2%   1.283 GC:1    GU:1    +
   82    86  0   0.2%   0.320 UA:3    +
   64    69  0   0.2%   1.385 CG:3    +
   88    95  0   0.2%   0.204 CG:3    +
   87    96  0   0.2%   0.196 CG:3    +
   25    31  1   0.2%   0.222 CG:1    UG:1    +
   36   115  1   0.2%   0.403 GC:1    GU:1    +
   72    95  0   0.2%   0.233 CG:3    +
   34    52  0   0.2%   1.138 GC:3    +
   57    69  0   0.2%   1.525 CG:3    +
   10    24  0   0.2%   0.168 CG:3    +
  107   114  1   0.2%   0.444 GU:1    AU:1    +
   53    60  0   0.2%   1.064 CG:3    +
   36    53  0   0.2%   0.734 GC:3    +
   10    56  0   0.2%   0.259 CG:3    +
    9    25  1   0.2%   0.200 CG:1    AU:1    +
   65    91  0   0.2%   0.883 GC:3    +
   36    43  1   0.7%   0.398 GC:2    +
   64    92  0   0.2%   0.880 CG:3    +
   17    61  1   0.1%   1.047 GC:1    AU:1    +
   13    57  0   0.1%   0.722 GC:3    +
   18    60  0   0.1%   0.508 CG:3    +
   36    57  0   0.1%   0.414 GC:3    +
   12    58  0   0.1%   0.670 CG:3    +
    8    14  1   0.6%   0.241 CG:2    +
   42    61  1   0.1%   0.751 GC:1    GU:1    +
   40    53  0   0.1%   0.559 GC:2    --:1    +
   20    36  0   0.1%   0.282 CG:3    +
   50   107  1   0.1%   1.243 CG:1    UA:1    +
   99   115  1   0.1%   0.243 GC:1    GU:1    +
    6    27  1   0.1%   0.074 AU:1    UA:1    +
    2   109  1   0.1%   0.100 CG:1    UG:1    +
   33    40  0   0.1%   0.808 UG:2    --:1    +
   39    54  0   0.1%   0.273 CG:2    --:1    +
   10    34  0   0.1%   0.124 CG:3    +
   80    91  0   0.1%   0.388 GC:3    +
  101   113  1   0.1%   0.374 GU:1    AU:1    +
   33    58  0   0.1%   0.908 UG:3    +
   10    15  0   0.1%   0.169 CG:3    +
    5    28  1   0.1%   0.024 GC:1    AU:1    +
   24    57  0   0.1%   0.149 GC:3    +
   91    99  0   0.1%   0.541 CG:3    +
    6    14  1   0.1%   0.059 CG:1    UG:1    +
   25    56  1   0.1%   0.202 CG:1    UG:1    +
   20    58  0   0.1%   0.212 CG:3    +
   82    89  0   0.1%   0.062 UA:3    +
   10    40  0   0.1%   0.235 CG:2    --:1    +
   14    39  0   0.1%   0.637 GC:2    --:1    +
   16    54  0   0.1%   0.856 CG:3    +
   11    33  0   0.1%   0.020 AU:3    +
   21    57  0   0.1%   0.148 GC:2    --:1    +
   73    92  0   0.1%   0.195 CG:3    +
   54    64  0   0.1%   0.927 GC:3    +
   33    49  0   0.1%   0.776 UA:3    +
   56    63  0   0.1%   1.242 GC:3    +
   15    39  0   0.1%   0.281 GC:2    --:1    +
  103   110  1   0.1%   1.214 CG:1    GU:1    +
   20    56  0   0.1%   0.208 CG:3    +
   28    48  1   0.1%   0.100 CG:1    UG:1    +
   53    65  0   0.1%   0.977 CG:3    +
   13    32  0   0.1%   0.195 GC:3    +
   52    96  0   0.1%   0.858 CG:3    +
   53    95  0   0.1%   0.920 CG:3    +
   15    63  0   0.1%   1.284 GC:3    +
   48   111  1   0.1%   0.889 GC:1    GU:1    +
   13    73  0   0.1%   1.086 GC:3    +
   14    72  0   0.1%   1.333 GC:3    +
    8   114  1   0.1%   0.498 CG:1    AU:1    +
   15    38  0   0.1%   0.249 GU:2    --:1    +
   44    48  1   0.1%   0.206 CG:1    UG:1    +
  108   115  1   0.1%   0.787 CG:1    GU:1    +
   84    91  0   0.1%   0.357 GC:3    +
   14    64  0   0.1%   1.696 GC:3    +
    7   115  1   0.1%   0.430 CG:1    GU:1    +
   73    99  0   0.1%   0.428 CG:3    +
   35    44  1   0.6%   0.157 AU:2    +
   16    36  0   0.1%   0.599 CG:3    +
   51   106  1   0.1%   1.640 CG:1    GU:1    +
   74    98  0   0.1%   0.550 UA:3    +
    9   114  1   0.0%   0.265 CG:1    AU:1    +
   13    38  0   0.0%   0.448 GU:2    --:1    +
    8   115  1   0.0%   0.501 CG:1    AU:1    +
   77    95  0   0.0%   0.200 CG:3    +
   51   111  1   0.0%   1.488 GC:1    GU:1    +
   16    30  0   0.0%   0.024 CG:3    +
   19    56  0   0.0%   0.222 CG:3    +
   54    63  0   0.0%   0.909 GC:3    +
    6    69  1   0.0%   0.070 CG:1    UG:1    +
   16    75  0   0.0%   1.233 CG:3    +
   15    76  0   0.0%   1.166 GU:3    +
   14    77  0   0.0%   1.465 GC:3    +
   15    57  0   0.0%   0.559 GC:3    +
   13    78  0   0.0%   1.218 GU:3    +
   16    56  0   0.0%   0.817 CG:3    +
   12    79  0   0.0%   1.106 CG:3    +
   77    99  0   0.0%   0.203 CG:3    +
   65   108  1   0.0%   1.352 GC:1    GU:1    +
    2   104  1   0.0%   0.067 CG:1    UG:1    +
   78    94  0   0.0%   0.179 UA:3    +
   76   100  0   0.0%   0.358 UA:3    +
   11    38  0   0.0%   0.015 AU:2    --:1    +
   78    98  0   0.0%   0.040 UA:3    +
   66   107  1   0.0%   0.986 UG:1    UA:1    +
   16    40  0   0.0%   0.487 CG:2    --:1    +
   20    54  0   0.0%   0.231 CG:3    +
   43   114  1   0.0%   0.846 CG:1    GU:1    +
  109   115  1   0.0%   0.705 GC:1    AU:1    +
   69    87  0   0.0%   0.542 GC:3    +
  105   111  1   0.0%   1.309 GU:1    AU:1    +
   52    65  0   0.0%   1.217 CG:3    +
  103   111  1   0.0%   1.166 GC:1    GU:1    +
   32    58  0   0.0%   0.568 CG:3    +
   64    95  0   0.0%   0.902 CG:3    +
   63    96  0   0.0%   0.525 CG:3    +
   33    62  0   0.0%   0.837 UA:3    +
   21    53  0   0.0%   0.461 GC:2    --:1    +
   24    63  0   0.0%   0.494 GC:3    +
  102   108  1   0.0%   0.520 UG:1    AU:1    +
   15    33  0   0.0%   0.542 GU:3    +
   69    88  0   0.0%   0.543 GC:3    +
    6    13  1   0.0%   0.032 CG:1    UG:1    +
   67   106  1   0.0%   0.592 UG:1    AU:1    +
   33    56  0   0.0%   0.900 UG:3    +
   33    37  0   0.0%   0.715 UA:3    +
   19    58  0   0.0%   0.215 CG:3    +
   76    96  0   0.0%   0.461 UG:3    +
  109   114  1   0.0%   0.732 GU:1    AU:1    +
  106   111  1   0.0%   1.153 GC:1    GU:1    +
   54   108  1   0.0%   1.366 GC:1    GU:1    +
   56    91  0   0.0%   1.221 GC:3    +
   10    60  0   0.0%   0.302 CG:3    +
   57    90  0   0.0%   1.009 CG:3    +
  101   108  1   0.0%   0.749 GC:1    GU:1    +
   38    49  0   0.0%   0.049 UA:2    --:1    +
   19    31  0   0.0%   0.245 CG:3    +
   16    69  0   0.0%   1.237 CG:3    +
  101   114  1   0.0%   0.370 GU:1    AU:1    +
    5    41  1   0.0%   0.013 GC:1    AU:1    +
    7    15  1   0.5%   0.193 CG:2    +
   20    30  0   0.0%   0.165 CG:3    +
   39    56  0   0.0%   0.210 CG:2    --:1    +
   67    93  1   0.0%   0.006 AU:1    UA:1    +
    5   110  1   0.0%   0.320 CG:1    AU:1    +
    4   110  1   0.0%   0.076 CG:1    AU:1    +
   69    91  0   0.0%   0.558 GC:3    +
    6   108  1   0.0%   0.323 CG:1    AU:1    +
   12    92  0   0.0%   1.106 CG:3    +
    9    13  1   0.5%   0.170 CG:2    +
   63    69  0   0.0%   1.003 CG:3    +
   12    69  0   0.0%   1.109 CG:3    +
   12    29  0   0.0%   0.068 CG:3    +
   13    91  0   0.0%   1.217 GC:3    +
  108   114  1   0.0%   0.811 GU:1    UG:1    +
  108   112  1   0.0%   0.568 GU:1    UA:1    +
    5   111  1   0.0%   0.273 GC:1    AU:1    +
   17    47  1   0.0%   0.429 GU:1    AU:1    +
  106   112  1   0.0%   0.599 GU:1    UA:1    +
   60    91  0   0.0%   0.607 GC:3    +
   99   108  1   0.0%   0.660 GC:1    GU:1    +
    5   108  1   0.0%   0.268 CG:1    GU:1    +
    6    99  1   0.0%   0.074 CG:1    UG:1    +
   61   107  1   0.0%   0.783 CG:1    UA:1    +
   15    53  0   0.0%   0.874 GC:3    +
   77    96  0   0.0%   0.191 CG:3    +
   10    54  0   0.0%   0.233 CG:3    +
   10    96  0   0.0%   0.412 CG:3    +
   18    69  0   0.0%   0.269 CG:3    +
   60    64  0   0.0%   1.408 GC:3    +
    7   114  1   0.0%   0.423 CG:1    GU:1    +
   38    42  0   0.0%   0.138 UG:2    --:1    +
   40    44  0   0.0%   0.204 GU:2    --:1    +
   75   108  1   0.0%   0.943 GC:1    GU:1    +
   32    99  0   0.0%   0.588 CG:3    +
    7    43  1   0.0%   0.095 CG:1    GC:1    +
   13   108  1   0.0%   1.220 GC:1    GU:1    +
   65    87  0   0.0%   0.850 GC:3    +
   33    98  0   0.0%   0.836 UA:3    +
   82    94  0   0.0%   0.199 UA:3    +
  107   111  1   0.0%   0.736 GU:1    AU:1    +
   65    72  0   0.0%   0.983 GC:3    +
   78    95  0   0.0%   0.179 UG:3    +
   60   108  1   0.0%   1.087 GC:1    GU:1    +
   15    19  0   0.0%   0.191 GC:3    +
   14    20  0   0.0%   0.299 GC:3    +
   17    68  1   0.0%   0.707 GU:1    AU:1    +
   61   106  1   0.0%   1.197 CG:1    UG:1    +
   78   105  1   0.0%   0.666 UG:1    UA:1    +
   10    79  0   0.0%   0.366 CG:3    +
   16    24  0   0.0%   0.064 CG:3    +
   10    92  0   0.0%   0.367 CG:3    +
  101   115  1   0.0%   0.359 GC:1    AU:1    +
    3   114  1   0.0%   0.126 CG:1    AU:1    +
   76    97  0   0.0%   0.317 UA:3    +
   54    72  0   0.0%   1.014 GC:3    +
   15    25  1   0.0%   0.187 GC:1    GU:1    +
   10    30  0   0.0%   0.111 CG:3    +
   96   115  1   0.0%   0.224 GC:1    GU:1    +
   91    95  0   0.0%   0.518 CG:3    +
  102   106  1   0.0%   0.607 UG:1    AU:1    +
   25    55  1   0.0%   0.172 GC:1    UG:1    +
   34    38  0   0.0%   0.658 GU:2    --:1    +
   64    96  0   0.0%   0.895 CG:3    +
   16    99  0   0.0%   1.178 CG:3    +
   42   103  1   0.0%   0.607 CG:1    GC:1    +
   92   115  1   0.0%   0.379 GC:1    GU:1    +
   33    89  0   0.0%   0.834 UA:3    +
   32    90  0   0.0%   0.507 CG:3    +
   34    88  0   0.0%   0.786 GC:3    +
    6   113  1   0.0%   0.321 AU:1    UA:1    +
   10    75  0   0.0%   0.364 CG:3    +
   14   108  1   0.0%   1.466 GC:1    GU:1    +
   11    74  0   0.0%   0.404 AU:3    +
   39    60  0   0.0%   0.698 CG:2    --:1    +
    2   103  1   0.0%   0.059 CG:1    UG:1    +
   31    91  0   0.0%   0.249 GC:3    +
   25    54  1   0.0%   0.210 CG:1    UG:1    +
   74    83  0   0.0%   0.138 UA:3    +
   57    95  0   0.0%   1.037 CG:3    +
   73    84  0   0.0%   0.162 CG:3    +
   13    88  0   0.0%   1.213 GC:3    +
   14    87  0   0.0%   1.461 GC:3    +
   19    36  0   0.0%   0.291 CG:3    +
  104   113  1   0.0%   0.889 GU:1    AU:1    +
   48   110  1   0.0%   0.930 CG:1    GU:1    +
   75    82  0   0.0%   0.156 GU:3    +
   22    33  0   0.0%   0.956 AU:3    +
   74   100  0   0.0%   0.572 UA:3    +
   34   115  1   0.0%   0.809 GC:1    GU:1    +
   41   104  1   0.0%   0.809 CG:1    UG:1    +
   21    27  0   0.0%   0.071 GU:2    --:1    +
   72    99  0   0.0%   0.404 CG:3    +
    9   115  1   0.0%   0.259 CG:1    AU:1    +
   18    29  0   0.0%   0.024 CG:3    +
  109   113  1   0.0%   0.708 GU:1    AU:1    +
   76    94  0   0.0%   0.465 UA:3    +
   72    92  0   0.0%   0.178 CG:3    +
    2   101  1   0.0%   0.058 CG:1    UG:1    +
    5    55  1   0.0%   0.013 CG:1    GC:1    +
   93   102  1   0.0%   0.107 AU:1    UA:1    +
   18    56  0   0.0%   0.184 CG:3    +
   47   114  1   0.0%   0.320 GU:1    UG:1    +
   13   115  1   0.0%   1.240 GC:1    GU:1    +
   69    73  0   0.0%   0.668 GC:3    +
   13    52  0   0.0%   0.516 GC:3    +
   38    54  0   0.0%   0.208 UG:2    --:1    +
   64    99  0   0.0%   0.995 CG:3    +
    6    96  1   0.0%   0.068 CG:1    UG:1    +
   12    95  0   0.0%   1.128 CG:3    +
   16    65  0   0.0%   1.460 CG:3    +
   54    91  0   0.0%   0.881 GC:3    +
   69    77  0   0.0%   0.536 GC:3    +
   70    76  0   0.0%   0.125 AU:3    +
   38   116  0   0.0%   0.165 UA:1    --:2    +
   39   106  0   0.0%   0.531 CG:2    --:1    +
   53    92  0   0.0%   0.882 CG:3    +
   11    78  0   0.0%   0.522 AU:3    +
   12    30  0   0.0%   0.075 CG:3    +
   14    18  0   0.0%   0.175 GC:3    +
   16    84  0   0.0%   1.097 CG:3    +
   64    79  0   0.0%   0.850 CG:3    +
   63    80  0   0.0%   0.487 CG:3    +
   82   100  0   0.0%   0.079 UA:3    +
    6    54  1   0.0%   0.060 CG:1    UG:1    +
   84    88  0   0.0%   0.015 GC:3    +
   51   110  1   0.0%   1.529 CG:1    GU:1    +
   76    98  0   0.0%   0.326 UA:3    +
   13    19  0   0.0%   0.117 GC:3    +
    6    60  1   0.0%   0.060 CG:1    UG:1    +
   20    34  0   0.0%   0.718 CG:3    +
   26    38  0   0.0%   0.031 AU:2    --:1    +
   32    65  0   0.0%   0.912 CG:3    +
   69   115  1   0.0%   0.584 GC:1    GU:1    +
   25    30  1   0.0%   0.145 CG:1    UG:1    +
   60    77  0   0.0%   0.601 GC:3    +
   59    78  0   0.0%   0.206 AU:3    +
   38    58  0   0.0%   0.151 UG:2    --:1    +
   57    80  0   0.0%   1.003 CG:3    +
   76    95  0   0.0%   0.464 UG:3    +
   57    75  0   0.0%   1.136 CG:3    +
    6    93  1   0.0%   0.064 AU:1    UA:1    +
   34    63  0   0.0%   1.200 GC:3    +
   12    96  0   0.0%   1.129 CG:3    +
   56    76  0   0.0%   1.334 GU:3    +
   19    24  0   0.0%   0.155 CG:3    +
   65    78  0   0.0%   0.849 GU:3    +
   39    99  0   0.0%   0.356 CG:2    --:1    +
   57    96  0   0.0%   1.037 CG:3    +
   60    87  0   0.0%   0.599 GC:3    +
   49    76  0   0.0%   0.144 AU:3    +
   74    96  0   0.0%   0.676 UG:3    +
   29    39  0   0.0%   0.110 GC:2    --:1    +
   15    91  0   0.0%   1.045 GC:3    +
   13    18  0   0.0%   0.116 GC:3    +
   53    79  0   0.0%   0.882 CG:3    +
   52    80  0   0.0%   0.817 CG:3    +
   66   105  1   0.0%   1.451 CG:1    UA:1    +
    6    31  1   0.0%   0.066 CG:1    UG:1    +
   16    90  0   0.0%   1.097 CG:3    +
   47   113  1   0.0%   0.320 GU:1    UA:1    +
   51    81  1   0.0%   0.779 GC:1    GU:1    +
   60    88  0   0.0%   0.600 GC:3    +
   54    78  0   0.0%   0.881 GU:3    +
   10    80  0   0.0%   0.365 CG:3    +
   14   115  1   0.0%   1.485 GC:1    GU:1    +
   78    90  0   0.0%   0.069 UG:3    +
   34    64  0   0.0%   1.200 GC:3    +
   20    60  0   0.0%   0.495 CG:3    +
   63    75  0   0.0%   0.619 CG:3    +
   88    99  0   0.0%   0.180 CG:3    +
   62    76  0   0.0%   0.130 AU:3    +
   74    97  0   0.0%   0.534 UA:3    +
   38   107  0   0.0%   0.164 UA:2    --:1    +
   14    88  0   0.0%   1.461 GC:3    +
   15    87  0   0.0%   1.043 GC:3    +
   55   114  1   0.0%   0.699 CG:1    GU:1    +
   28    40  0   0.0%   0.134 CG:2    --:1    +
   60    73  0   0.0%   0.733 GC:3    +
   16    95  0   0.0%   1.124 CG:3    +
   13    63  0   0.0%   0.704 GC:3    +
   50   110  1   0.0%   1.534 CG:1    UG:1    +
   20    65  0   0.0%   0.488 CG:3    +
   58    74  0   0.0%   1.260 GU:3    +
   58   115  1   0.0%   1.169 GC:1    GU:1    +
   38    56  0   0.0%   0.157 UG:2    --:1    +
   21    64  0   0.0%   0.495 GC:2    --:1    +
   12    90  0   0.0%   1.100 CG:3    +
   10    65  0   0.0%   0.294 CG:3    +
   59    74  0   0.0%   0.336 AU:3    +
   24    72  0   0.0%   0.252 GC:3    +
   33   100  0   0.0%   0.834 UA:3    +
   38   100  0   0.0%   0.164 UA:2    --:1    +
   13    72  0   0.0%   1.073 GC:3    +
  104   114  1   0.0%   0.889 GU:1    AU:1    +
    6    30  1   0.0%   0.069 CG:1    UG:1    +
    6    36  1   0.0%   0.059 CG:1    UG:1    +
    5    68  1   0.0%   0.012 GU:1    AU:1    +
   18    34  0   0.0%   0.712 CG:3    +
   42    66  1   0.0%   0.653 GC:1    GU:1    +
   65    73  0   0.0%   0.981 GC:3    +
    6    47  1   0.0%   0.060 CG:1    AU:1    +
   36    63  0   0.0%   0.761 GC:3    +
   19    60  0   0.0%   0.510 CG:3    +
   79    87  0   0.0%   0.031 GC:3    +
    7    25  1   0.0%   0.091 CG:1    GU:1    +
   30    64  0   0.0%   0.576 GC:3    +
   31    63  0   0.0%   0.662 GC:3    +
   62    74  0   0.0%   0.142 AU:3    +
   25    68  1   0.0%   0.131 GU:1    UA:1    +
   27    68  1   0.0%   0.326 AU:1    UA:1    +
   27    47  1   0.0%   0.277 UG:1    AU:1    +
   36    87  0   0.0%   0.344 GC:3    +
   18    36  0   0.0%   0.249 CG:3    +
   54   115  1   0.0%   0.922 GC:1    GU:1    +
   41   109  1   0.0%   0.579 CG:1    UG:1    +
   22    74  0   0.0%   0.394 AU:3    +
   30    38  0   0.0%   0.102 GU:2    --:1    +
   30    39  0   0.0%   0.127 GC:2    --:1    +
   10    29  0   0.0%   0.101 CG:3    +
   15    64  0   0.0%   1.279 GC:3    +
   57    92  0   0.0%   1.009 CG:3    +
   69    74  0   0.0%   0.666 GU:3    +
   33    65  0   0.0%   1.239 UG:3    +
   58    91  0   0.0%   1.130 GC:3    +
   28    51  1   0.0%   0.328 CG:1    UG:1    +
   52    90  0   0.0%   0.817 CG:3    +
   58   108  1   0.0%   1.611 GC:1    GU:1    +
   31    39  0   0.0%   0.183 GC:2    --:1    +
   63    95  0   0.0%   0.524 CG:3    +
   34   108  1   0.0%   0.789 GC:1    GU:1    +
   60    72  0   0.0%   0.733 GC:3    +
   39   110  0   0.0%   0.333 CG:2    --:1    +
   15   108  1   0.0%   1.048 GC:1    GU:1    +
   15   115  1   0.0%   1.068 GC:1    GU:1    +
   33    60  0   0.0%   1.251 UG:3    +
   17    44  1   0.0%   0.457 GU:1    AU:1    +
   39    69  0   0.0%   0.420 CG:2    --:1    +
   95   108  1   0.0%   0.664 GC:1    GU:1    +
   25    60  1   0.0%   0.471 CG:1    UG:1    +
   52    84  0   0.0%   0.816 CG:3    +
   40    63  0   0.0%   0.748 GC:2    --:1    +
   93   112  1   0.0%   0.095 AU:1    UA:1    +
   38    62  0   0.0%   0.166 UA:2    --:1    +
   77    84  0   0.0%   0.008 CG:3    +
   16    58  0   0.0%   0.796 CG:3    +
    5    66  1   0.0%   0.012 GU:1    AU:1    +
    2    48  1   0.0%   0.048 CG:1    UG:1    +
    2    17  1   0.0%   0.036 CG:1    UA:1    +
   73    90  0   0.0%   0.173 CG:3    +
   74    89  0   0.0%   0.140 UA:3    +
   36    64  0   0.0%   0.760 GC:3    +
   44   103  1   0.0%   0.567 CG:1    UG:1    +
   79    91  0   0.0%   0.364 GC:3    +
   41   105  1   0.0%   0.801 CG:1    UA:1    +
   58    88  0   0.0%   1.127 GC:3    +
   78    83  0   0.0%   0.006 UA:3    +
   93   110  1   0.0%   0.544 UG:1    AU:1    +
   68   107  1   0.0%   0.612 UG:1    UA:1    +
    2    40  0   0.0%   0.047 CG:2    --:1    +
   16    96  0   0.0%   1.124 CG:3    +
   69   108  1   0.0%   1.028 GC:1    GU:1    +
   25    69  1   0.0%   0.239 CG:1    UG:1    +
   75    88  0   0.0%   0.141 GC:3    +
   53    96  0   0.0%   0.915 CG:3    +
   23    50  1   0.0%   0.351 GC:1    GU:1    +
   78    86  0   0.0%   0.007 UA:3    +
   10    31  0   0.0%   0.106 CG:3    +
   95   115  1   0.0%   0.217 GC:1    GU:1    +
   69    82  0   0.0%   0.531 GU:3    +
   70    74  0   0.0%   0.137 AU:3    +
   55   115  1   0.0%   0.696 CG:1    GU:1    +
   67   108  1   0.0%   0.494 UG:1    AU:1    +
   12    60  0   0.0%   0.604 CG:3    +
    6    29  1   0.0%   0.061 CG:1    UG:1    +
   38    60  0   0.0%   0.585 UG:2    --:1    +
   31    53  0   0.0%   0.554 GC:3    +
   31    38  0   0.0%   0.158 GU:2    --:1    +
    6    95  1   0.0%   0.067 CG:1    UG:1    +
   38    70  0   0.0%   0.163 UA:2    --:1    +
   61   110  1   0.0%   1.066 CG:1    UG:1    +
   82    95  0   0.0%   0.199 UG:3    +
   66   110  1   0.0%   1.268 CG:1    UG:1    +
   29    33  0   0.0%   0.762 GU:3    +
   24    53  0   0.0%   0.459 GC:3    +
   63    99  0   0.0%   0.622 CG:3    +
   78    92  0   0.0%   0.345 UG:3    +
   20    24  0   0.0%   0.140 CG:3    +
    6    92  1   0.0%   0.063 CG:1    UG:1    +
   92   108  1   0.0%   0.824 GC:1    GU:1    +
   64    75  0   0.0%   0.980 CG:3    +
    6    65  1   0.0%   0.060 CG:1    UG:1    +
   65    74  0   0.0%   0.980 GU:3    +
   14    91  0   0.0%   1.461 GC:3    +
    6    58  1   0.0%   0.059 CG:1    UG:1    +
   16    29  0   0.0%   0.007 CG:3    +
   41   103  1   0.0%   0.821 CG:1    UG:1    +
   52    95  0   0.0%   0.843 CG:3    +
   65    88  0   0.0%   0.849 GC:3    +
   66   106  1   0.0%   1.394 CG:1    UG:1    +
   33   105  1   0.0%   1.124 UG:1    UA:1    +
   54    73  0   0.0%   1.013 GC:3    +
   29    63  0   0.0%   0.466 GC:3    +
   58    72  0   0.0%   1.261 GC:3    +
   17    28  1   0.0%   0.025 GC:1    AU:1    +
    6    34  1   0.0%   0.059 CG:1    UG:1    +
   41   101  1   0.0%   0.616 CG:1    UG:1    +
   88    96  0   0.0%   0.183 CG:3    +
   60    76  0   0.0%   0.718 GU:3    +
   47   115  1   0.0%   0.317 GU:1    UG:1    +
   19    54  0   0.0%   0.249 CG:3    +
   57    84  0   0.0%   1.002 CG:3    +
   58    77  0   0.0%   1.128 GC:3    +
   32    95  0   0.0%   0.532 CG:3    +
   59    76  0   0.0%   0.323 AU:3    +
   32    84  0   0.0%   0.505 CG:3    +
   33    94  0   0.0%   0.833 UA:3    +
   67   110  1   0.0%   0.459 UG:1    AU:1    +
   33    83  0   0.0%   0.832 UA:3    +
   76    86  0   0.0%   0.125 UA:3    +
    2    51  1   0.0%   0.047 CG:1    UG:1    +
   68   115  1   0.0%   0.486 UG:1    AU:1    +
   63    84  0   0.0%   0.485 CG:3    +
   96   108  1   0.0%   0.668 GC:1    GU:1    +
   18    54  0   0.0%   0.220 CG:3    +
   17   115  1   0.0%   0.696 GC:1    AU:1    +
   19    69  0   0.0%   0.278 CG:3    +
   28   109  1   0.0%   0.215 CG:1    UG:1    +
   87    95  0   0.0%   0.174 CG:3    +
   87    92  0   0.0%   0.347 CG:3    +
   65    77  0   0.0%   0.848 GC:3    +
   52    75  0   0.0%   0.950 CG:3    +
   29    88  0   0.0%   0.133 GC:3    +
   30    87  0   0.0%   0.160 GC:3    +
   68   113  1   0.0%   0.491 AU:1    UA:1    +
   32    69  0   0.0%   0.649 CG:3    +
   58    73  0   0.0%   1.261 GC:3    +
   74    99  0   0.0%   0.687 UG:3    +
   64    84  0   0.0%   0.846 CG:3    +
   29    38  0   0.0%   0.085 GU:2    --:1    +
   40    64  0   0.0%   0.748 GC:2    --:1    +
   71    82  0   0.0%   0.039 AU:3    +
   10    90  0   0.0%   0.364 CG:3    +
   74   105  1   0.0%   1.178 UG:1    UA:1    +
   68   114  1   0.0%   0.489 UG:1    AU:1    +
   80   108  1   0.0%   0.531 GC:1    GU:1    +
   75    87  0   0.0%   0.142 GC:3    +
   80    88  0   0.0%   0.042 GC:3    +
   38   110  0   0.0%   0.221 UG:2    --:1    +
   23    68  1   0.0%   0.138 GU:1    AU:1    +
   29    52  0   0.0%   0.403 GC:3    +
   21    39  0   0.0%   0.168 GC:2    --:1    +
   49    74  0   0.0%   0.156 AU:3    +
   58    87  0   0.0%   1.126 GC:3    +
   14    25  1   0.0%   0.293 GC:1    GU:1    +
   12    24  0   0.0%   0.121 CG:3    +
   81   103  1   0.0%   0.953 CG:1    UG:1    +
   69    76  0   0.0%   0.653 GU:3    +
   12    31  0   0.0%   0.070 CG:3    +
   22    38  0   0.0%   0.289 AU:2    --:1    +
   93   106  1   0.0%   0.675 UG:1    AU:1    +
   39    65  0   0.0%   0.682 CG:2    --:1    +
   34    82  0   0.0%   0.783 GU:3    +
    6    80  1   0.0%   0.063 CG:1    UG:1    +
   27    40  0   0.0%   0.331 UG:2    --:1    +
   36   108  1   0.0%   0.348 GC:1    GU:1    +
   63    90  0   0.0%   0.489 CG:3    +
   63    92  0   0.0%   0.490 CG:3    +
   53    84  0   0.0%   0.878 CG:3    +
   71    76  0   0.0%   0.125 AU:3    +
   17   113  1   0.0%   0.674 GU:1    AU:1    +
   20    69  0   0.0%   0.263 CG:3    +
   28   105  1   0.0%   0.437 CG:1    UA:1    +
   20    95  0   0.0%   0.145 CG:3    +
   19    96  0   0.0%   0.161 CG:3    +
   38    97  0   0.0%   0.163 UA:2    --:1    +
   15    73  0   0.0%   1.174 GC:3    +
   24    64  0   0.0%   0.491 GC:3    +
   19    34  0   0.0%   0.752 CG:3    +
   29   108  1   0.0%   0.137 GC:1    GU:1    +
   65    76  0   0.0%   0.967 GU:3    +
   40    91  0   0.0%   0.334 GC:2    --:1    +
   39    96  0   0.0%   0.302 CG:2    --:1    +
   32    96  0   0.0%   0.532 CG:3    +
   36    73  0   0.0%   0.479 GC:3    +
   56    77  0   0.0%   1.215 GC:3    +
   56    72  0   0.0%   1.348 GC:3    +
   30    57  0   0.0%   0.162 GC:3    +
   33    97  0   0.0%   0.833 UA:3    +
   15    20  0   0.0%   0.190 GC:3    +
   78    97  0   0.0%   0.023 UA:3    +
   56    73  0   0.0%   1.348 GC:3    +
   54    88  0   0.0%   0.878 GC:3    +
   35    74  0   0.0%   0.169 AU:3    +
   82    98  0   0.0%   0.054 UA:3    +
   56   108  1   0.0%   1.700 GC:1    GU:1    +
   64    90  0   0.0%   0.850 CG:3    +
   14    74  0   0.0%   1.587 GU:3    +
   76    99  0   0.0%   0.466 UG:3    +
   16    92  0   0.0%   1.100 CG:3    +
   33    95  0   0.0%   0.860 UG:3    +
   39    92  0   0.0%   0.278 CG:2    --:1    +
    6    84  1   0.0%   0.063 CG:1    UG:1    +
   26   115  1   0.0%   0.024 CG:1    AU:1    +
   25    58  1   0.0%   0.181 CG:1    UG:1    +
   38    98  0   0.0%   0.164 UA:2    --:1    +
    5    33  1   0.0%   0.008 GU:1    AU:1    +
   36    91  0   0.0%   0.346 GC:3    +
   20    40  0   0.0%   0.163 CG:2    --:1    +
   54    82  0   0.0%   0.877 GU:3    +
   33    70  0   0.0%   0.832 UA:3    +
   21    52  0   0.0%   0.447 GC:2    --:1    +
   88    92  0   0.0%   0.344 CG:3    +
   12    80  0   0.0%   1.100 CG:3    +
   52    92  0   0.0%   0.819 CG:3    +
   21    33  0   0.0%   0.809 GU:2    --:1    +
   25    47  1   0.0%   0.091 GU:1    UG:1    +
   78   100  0   0.0%   0.061 UA:3    +
   62    82  0   0.0%   0.007 AU:3    +
    5    82  1   0.0%   0.012 GU:1    AU:1    +
   73    80  0   0.0%   0.181 CG:3    +
   30    73  0   0.0%   0.295 GC:3    +
   54    87  0   0.0%   0.878 GC:3    +
   74    86  0   0.0%   0.139 UA:3    +
   31    72  0   0.0%   0.381 GC:3    +
   74    79  0   0.0%   0.161 UG:3    +
   25    65  1   0.0%   0.464 CG:1    UG:1    +
   19    40  0   0.0%   0.189 CG:2    --:1    +
   31    64  0   0.0%   0.662 GC:3    +
   39    84  0   0.0%   0.275 CG:2    --:1    +
   87    99  0   0.0%   0.182 CG:3    +
   29    74  0   0.0%   0.267 GU:3    +
   52   101  1   0.5%   1.028 CG:2    +
    9    15  1   0.5%   0.216 CG:2    +
   48    53  1   0.5%   0.604 GC:2    +
    3    13  1   0.4%   0.074 CG:2    +
   42    53  1   0.4%   0.678 GC:2    +
   32    42  1   0.4%   0.497 CG:2    +
   33    42  1   0.4%   0.863 UG:2    +
    9   101  1   0.4%   0.257 CG:2    +
    9    14  1   0.4%   0.215 CG:2    +
   32    51  1   0.4%   0.709 CG:2    +
   71    81  1   0.3%   0.061 AU:2    +
   41   110  1   0.3%   0.627 CG:2    +
    9    96  1   0.3%   0.225 CG:2    +
   31    55  1   0.3%   0.310 GC:2    +
    8    15  1   0.3%   0.211 CG:2    +
   12    42  1   0.3%   0.442 CG:2    +
    9    69  1   0.3%   0.248 CG:2    +
   76    93  1   0.3%   0.409 UA:2    +
   34    43  1   0.3%   0.795 GC:2    +
   31    43  1   0.2%   0.221 GC:2    +
   10   103  1   0.2%   0.832 CG:2    +
   19    23  1   0.2%   0.155 CG:2    +
   48    57  1   0.2%   0.615 GC:2    +
   53   101  1   0.2%   1.079 CG:2    +
   55    99  1   0.2%   0.693 CG:2    +
    9   104  1   0.2%   0.537 CG:2    +
    3   104  1   0.2%   0.101 CG:2    +
   27    59  1   0.2%   0.314 UA:2    +
   52   103  1   0.2%   1.254 CG:2    +
   47    54  1   0.2%   0.486 UG:2    +
   37   114  1   0.2%   0.080 AU:2    +
   23    53  1   0.2%   0.465 GC:2    +
   68    99  1   0.2%   0.548 UG:2    +
    9   103  1   0.2%   0.523 CG:2    +
    8   104  1   0.2%   0.758 CG:2    +
   55    69  1   0.2%   1.058 CG:2    +
    7    69  1   0.2%   0.133 CG:2    +
   44    59  1   0.2%   0.456 UA:2    +
   43    60  1   0.2%   0.850 CG:2    +
  100   114  1   0.2%   0.127 AU:2    +
    7    13  1   0.1%   0.056 CG:2    +
   47   109  1   0.1%   0.721 UG:2    +
    3    14  1   0.1%   0.076 CG:2    +
   58    68  1   0.1%   1.492 GU:2    +
    3    30  1   0.1%   0.063 CG:2    +
   68   101  1   0.1%   0.686 UG:2    +
   64   103  1   0.1%   1.525 CG:2    +
   15    55  1   0.1%   0.630 GC:2    +
   68    98  1   0.1%   0.391 UA:2    +
    8    36  1   0.1%   0.169 CG:2    +
   63   104  1   0.1%   1.198 CG:2    +
   32    48  1   0.1%   0.428 CG:2    +
   47    59  1   0.1%   0.323 UA:2    +
    9    36  1   0.1%   0.160 CG:2    +
    8   101  1   0.1%   0.227 CG:2    +
   35    47  1   0.1%   0.054 AU:2    +
   36    55  1   0.1%   0.432 GC:2    +
   27    49  1   0.1%   0.286 UA:2    +
   47    58  1   0.1%   0.504 UG:2    +
   51    64  1   0.1%   1.203 GC:2    +
    3   103  1   0.1%   0.070 CG:2    +
   48    52  1   0.1%   0.525 GC:2    +
   10    42  1   0.1%   0.234 CG:2    +
   37    44  1   0.1%   0.130 AU:2    +
   85    90  1   0.1%   0.080 CG:2    +
   44    49  1   0.1%   0.150 UA:2    +
   52   110  1   0.1%   1.612 CG:2    +
   43    58  1   0.1%   0.777 CG:2    +
   53   109  1   0.1%   1.652 CG:2    +
   37    47  1   0.0%   0.034 AU:2    +
   49    66  1   0.0%   0.388 AU:2    +
   34    55  1   0.0%   0.877 GC:2    +
   42    52  1   0.0%   0.622 GC:2    +
   52   106  1   0.0%   1.737 CG:2    +
    3    29  1   0.0%   0.044 CG:2    +
   48    61  1   0.0%   0.686 GC:2    +
   98   113  1   0.0%   0.075 AU:2    +
   12   101  1   0.0%   1.240 CG:2    +
   64   109  1   0.0%   1.349 CG:2    +
   63   110  1   0.0%   0.954 CG:2    +
    3    95  1   0.0%   0.057 CG:2    +
   53   106  1   0.0%   1.760 CG:2    +
   66   102  1   0.0%   0.816 UA:2    +
    8    60  1   0.0%   0.167 CG:2    +
   97   114  1   0.0%   0.061 AU:2    +
   12   110  1   0.0%   1.197 CG:2    +
   10    48  1   0.0%   0.237 CG:2    +
    9    99  1   0.0%   0.201 CG:2    +
   37   113  1   0.0%   0.022 AU:2    +
   73   103  1   0.0%   0.932 CG:2    +
   29    55  1   0.0%   0.163 GC:2    +
   99   113  1   0.0%   0.228 GU:2    +
   98   114  1   0.0%   0.077 AU:2    +
   68    97  1   0.0%   0.375 UA:2    +
   62   111  1   0.0%   0.415 AU:2    +
   74   102  1   0.0%   0.557 UA:2    +
   23    64  1   0.0%   0.479 GC:2    +
   11    47  1   0.0%   0.018 AU:2    +
   78    93  1   0.0%   0.105 UA:2    +
   51    66  1   0.0%   1.143 GU:2    +
    8    58  1   0.0%   0.162 CG:2    +
   11   111  1   0.0%   0.531 AU:2    +
   64   104  1   0.0%   1.572 CG:2    +
   72   104  1   0.0%   0.964 CG:2    +
   12    48  1   0.0%   0.415 CG:2    +
   47   104  1   0.0%   0.429 UG:2    +
    3    99  1   0.0%   0.061 CG:2    +
    9    60  1   0.0%   0.153 CG:2    +
   36    47  1   0.0%   0.293 GU:2    +
    3   101  1   0.0%   0.059 CG:2    +
   57   110  1   0.0%   1.474 CG:2    +
  100   111  1   0.0%   0.454 AU:2    +
   68    89  1   0.0%   0.370 UA:2    +
    8    99  1   0.0%   0.218 CG:2    +
   10   109  1   0.0%   0.581 CG:2    +
   55    92  1   0.0%   0.554 CG:2    +
   62    68  1   0.0%   0.370 AU:2    +
    2   106  1   0.0%   0.078 CG:2    +
  100   113  1   0.0%   0.102 AU:2    +
   10   106  1   0.0%   0.767 CG:2    +
   12   109  1   0.0%   1.204 CG:2    +
    8    96  1   0.0%   0.212 CG:2    +
   55   104  1   0.0%   1.346 CG:2    +
   53   104  1   0.0%   1.864 CG:2    +
   51    68  1   0.0%   0.818 GU:2    +
    7   101  1   0.0%   0.119 CG:2    +
    9    58  1   0.0%   0.149 CG:2    +
    7    99  1   0.0%   0.122 CG:2    +
   68    92  1   0.0%   0.387 UG:2    +
   47    60  1   0.0%   0.561 UG:2    +
    9    95  1   0.0%   0.172 CG:2    +
   13    43  1   0.0%   0.515 GC:2    +
   33    48  1   0.0%   0.778 UG:2    +
   47    62  1   0.0%   0.127 UA:2    +
   16    48  1   0.0%   0.487 CG:2    +
   36   114  1   0.0%   0.377 GU:2    +
    7   109  1   0.0%   0.465 CG:2    +
   10   104  1   0.0%   0.807 CG:2    +
   66    94  1   0.0%   0.806 UA:2    +
    8   109  1   0.0%   0.531 CG:2    +
   35   114  1   0.0%   0.066 AU:2    +
    4   111  1   0.0%   0.029 AU:2    +
   12    51  1   0.0%   0.410 CG:2    +
   10   110  1   0.0%   0.569 CG:2    +
   34    47  1   0.0%   0.735 GU:2    +
   42    64  1   0.0%   0.714 GC:2    +
   33    51  1   0.0%   1.032 UG:2    +
   24    55  1   0.0%   0.191 GC:2    +
   66   101  1   0.0%   1.049 UG:2    +
  107   113  1   0.0%   0.406 AU:2    +
   12   103  1   0.0%   1.444 CG:2    +
   14    43  1   0.0%   0.590 GC:2    +
   16   110  1   0.0%   1.157 CG:2    +
   29    47  1   0.0%   0.066 GU:2    +
   66    71  1   0.0%   0.793 UA:2    +
    9   109  1   0.0%   0.295 CG:2    +
   77   106  1   0.0%   0.632 CG:2    +
    7    96  1   0.0%   0.116 CG:2    +
   66    86  1   0.0%   0.795 UA:2    +
   99   114  1   0.0%   0.227 GU:2    +
    8    95  1   0.0%   0.208 CG:2    +
   24    43  1   0.0%   0.135 GC:2    +
   69    85  1   0.0%   0.536 GC:2    +
   36   113  1   0.0%   0.348 GU:2    +
   68    86  1   0.0%   0.367 UA:2    +
   23    57  1   0.0%   0.120 GC:2    +
   12   104  1   0.0%   1.431 CG:2    +
   23    27  1   0.0%   0.336 GU:2    +
   64   101  1   0.0%   1.100 CG:2    +
   73   110  1   0.0%   0.731 CG:2    +
    9    80  1   0.0%   0.164 CG:2    +
   23    44  1   0.0%   0.125 GU:2    +
   13    47  1   0.0%   0.518 GU:2    +
   65    85  1   0.0%   0.848 GC:2    +
    9    31  1   0.0%   0.144 CG:2    +
   94   113  1   0.0%   0.210 AU:2    +
   48    64  1   0.0%   0.650 GC:2    +
   14    27  1   0.0%   0.247 GU:2    +
    7    36  1   0.0%   0.094 CG:2    +
   13    68  1   0.0%   1.108 GU:2    +
   91   101  1   0.0%   0.621 CG:2    +
   68   103  1   0.0%   1.095 UG:2    +
   59    66  1   0.0%   0.968 AU:2    +
   66   100  1   0.0%   0.807 UA:2    +
   23    32  1   0.0%   0.409 GC:2    +
   12   106  1   0.0%   1.389 CG:2    +
   27    37  1   0.0%   0.272 UA:2    +
   73   101  1   0.0%   0.521 CG:2    +
   66   103  1   0.0%   1.463 UG:2    +
    7    60  1   0.0%   0.099 CG:2    +
    7    95  1   0.0%   0.114 CG:2    +
   59    68  1   0.0%   0.561 AU:2    +
    3    48  1   0.0%   0.047 CG:2    +
   15    27  1   0.0%   0.139 GU:2    +
   70   114  1   0.0%   0.067 AU:2    +
   52   109  1   0.0%   1.621 CG:2    +
   68    84  1   0.0%   0.366 UG:2    +
   64   106  1   0.0%   1.452 CG:2    +
    3    69  1   0.0%   0.048 CG:2    +
   15    85  1   0.0%   1.043 GC:2    +
   71   113  1   0.0%   0.070 AU:2    +
   91   104  1   0.0%   1.075 CG:2    +
   30    43  1   0.0%   0.117 GC:2    +
   98   111  1   0.0%   0.422 AU:2    +
   29    43  1   0.0%   0.100 GC:2    +
    7    92  1   0.0%   0.110 CG:2    +
   55    90  1   0.0%   0.547 CG:2    +
    7    30  1   0.0%   0.103 CG:2    +
    3    34  1   0.0%   0.046 CG:2    +
   81    94  1   0.0%   0.455 UA:2    +
   49   111  1   0.0%   0.417 AU:2    +
   62    81  1   0.0%   0.009 AU:2    +
    9    34  1   0.0%   0.136 CG:2    +
   91   103  1   0.0%   1.026 CG:2    +
   59   114  1   0.0%   0.248 AU:2    +
   97   113  1   0.0%   0.054 AU:2    +
   16   109  1   0.0%   1.166 CG:2    +
   66   104  1   0.0%   1.512 UG:2    +
   57   101  1   0.0%   1.258 CG:2    +
    4    33  1   0.0%   0.001 AU:2    +
    3    15  1   0.0%   0.043 CG:2    +
    9    48  1   0.0%   0.144 CG:2    +
    8    29  1   0.0%   0.152 CG:2    +
   56    68  1   0.0%   1.563 GU:2    +
    8    79  1   0.0%   0.201 CG:2    +
   18    48  1   0.0%   0.110 CG:2    +
    8    48  1   0.0%   0.158 CG:2    +
   14   114  1   0.0%   1.488 GU:2    +
   19    48  1   0.0%   0.139 CG:2    +
   60   113  1   0.0%   0.648 GU:2    +
   51    72  1   0.0%   0.914 GC:2    +
   43    99  1   0.0%   0.486 CG:2    +
   60    85  1   0.0%   0.598 GC:2    +
   35   113  1   0.0%   0.037 AU:2    +
   42   113  1   0.0%   0.705 GU:2    +
    7    29  1   0.0%   0.095 CG:2    +
   72   110  1   0.0%   0.712 CG:2    +
    7    58  1   0.0%   0.097 CG:2    +
   63   106  1   0.0%   1.076 CG:2    +
    3    96  1   0.0%   0.054 CG:2    +
   11   113  1   0.0%   0.525 AU:2    +
   27    56  1   0.0%   0.377 UG:2    +
   73   109  1   0.0%   0.748 CG:2    +
    8    34  1   0.0%   0.149 CG:2    +
   55   109  1   0.0%   1.122 CG:2    +
    7    80  1   0.0%   0.108 CG:2    +
   82    93  1   0.0%   0.125 UA:2    +
   71   111  1   0.0%   0.426 AU:2    +
   47    70  1   0.0%   0.123 UA:2    +
    9    56  1   0.0%   0.142 CG:2    +
    3    65  1   0.0%   0.047 CG:2    +
   72   101  1   0.0%   0.504 CG:2    +
   51    73  1   0.0%   0.915 GC:2    +
   48    77  1   0.0%   0.234 GC:2    +
   63   103  1   0.0%   1.132 CG:2    +
   49    68  1   0.0%   0.058 AU:2    +
    3    36  1   0.0%   0.046 CG:2    +
   55    96  1   0.0%   0.579 CG:2    +
   44    98  1   0.0%   0.256 UA:2    +
   44    62  1   0.0%   0.257 UA:2    +
   44   110  1   0.0%   1.091 UG:2    +
   32   101  1   0.0%   0.612 CG:2    +
   23    73  1   0.0%   0.239 GC:2    +
   11   114  1   0.0%   0.550 AU:2    +
   91   110  1   0.0%   0.827 CG:2    +
   47    65  1   0.0%   0.531 UG:2    +
   16   106  1   0.0%   1.353 CG:2    +
   32   110  1   0.0%   0.564 CG:2    +
   13   114  1   0.0%   1.243 GU:2    +
   43    65  1   0.0%   0.813 CG:2    +
   97   111  1   0.0%   0.410 AU:2    +
   68   104  1   0.0%   1.144 UG:2    +
   51    74  1   0.0%   0.913 GU:2    +
   37   111  1   0.0%   0.020 AU:2    +
   68    83  1   0.0%   0.363 UA:2    +
   49   113  1   0.0%   0.069 AU:2    +
   66    97  1   0.0%   0.804 UA:2    +
   15   114  1   0.0%   1.071 GU:2    +
    8    24  1   0.0%   0.101 CG:2    +
   13   113  1   0.0%   1.217 GU:2    +
   66    70  1   0.0%   0.790 UA:2    +
    9    51  1   0.0%   0.143 CG:2    +
   28    42  1   0.0%   0.134 CG:2    +
   15   113  1   0.0%   1.046 GU:2    +
   57   109  1   0.0%   1.488 CG:2    +
    9    30  1   0.0%   0.146 CG:2    +
   67    74  1   0.0%   0.137 AU:2    +
   51    91  1   0.0%   0.782 GC:2    +
    9    54  1   0.0%   0.142 CG:2    +
   91   106  1   0.0%   0.957 CG:2    +
   48    66  1   0.0%   0.590 GU:2    +
   15    47  1   0.0%   0.270 GU:2    +
   16   103  1   0.0%   1.408 CG:2    +
   11    44  1   0.0%   0.010 AU:2    +
   27    35  1   0.0%   0.270 UA:2    +
   51    63  1   0.0%   1.187 GC:2    +
   18   110  1   0.0%   0.181 CG:2    +
   59   111  1   0.0%   0.602 AU:2    +
   41   106  1   0.0%   0.767 CG:2    +
    8    51  1   0.0%   0.156 CG:2    +
   67    76  1   0.0%   0.124 AU:2    +
    8    31  1   0.0%   0.156 CG:2    +
    7    34  1   0.0%   0.092 CG:2    +
   68    75  1   0.0%   0.498 UG:2    +
   51    85  1   0.0%   0.779 GC:2    +
   94   111  1   0.0%   0.564 AU:2    +
   85    99  1   0.0%   0.164 CG:2    +
    3    92  1   0.0%   0.047 CG:2    +
   23    52  1   0.0%   0.421 GC:2    +
   14   113  1   0.0%   1.462 GU:2    +
    8    92  1   0.0%   0.202 CG:2    +
   91   109  1   0.0%   0.845 CG:2    +
   47   100  1   0.0%   0.123 UA:2    +
   27    70  1   0.0%   0.289 UA:2    +
   16   104  1   0.0%   1.395 CG:2    +
   47   101  1   0.0%   0.229 UG:2    +
    8    56  1   0.0%   0.155 CG:2    +
   19   109  1   0.0%   0.201 CG:2    +
   79    85  1   0.0%   0.029 GC:2    +
   47    71  1   0.0%   0.122 UA:2    +
   48    73  1   0.0%   0.367 GC:2    +
   33   112  1   0.0%   0.835 UA:2    +
   27    54  1   0.0%   0.400 UG:2    +
   43    96  1   0.0%   0.431 CG:2    +
    9    79  1   0.0%   0.162 CG:2    +
   16   101  1   0.0%   1.203 CG:2    +
    9    92  1   0.0%   0.163 CG:2    +
   10    51  1   0.0%   0.230 CG:2    +
   96   114  1   0.0%   0.224 GU:2    +
   47    98  1   0.0%   0.124 UA:2    +
   68    96  1   0.0%   0.404 UG:2    +
   12    23  1   0.0%   0.110 CG:2    +
   66    98  1   0.0%   0.805 UA:2    +
    8    80  1   0.0%   0.201 CG:2    +
    8    54  1   0.0%   0.156 CG:2    +
   32   106  1   0.0%   0.761 CG:2    +
    3    31  1   0.0%   0.052 CG:2    +
   18    23  1   0.0%   0.052 CG:2    +
   23    63  1   0.0%   0.472 GC:2    +
   92   113  1   0.0%   0.381 GU:2    +
   29    68  1   0.0%   0.168 GU:2    +
   47    97  1   0.0%   0.122 UA:2    +
   48    63  1   0.0%   0.647 GC:2    +
   68   109  1   0.0%   0.915 UG:2    +
   70   113  1   0.0%   0.067 AU:2    +
   44    70  1   0.0%   0.254 UA:2    +
   54   113  1   0.0%   0.926 GU:2    +
    3    51  1   0.0%   0.046 CG:2    +
   34   114  1   0.0%   0.811 GU:2    +
   63   101  1   0.0%   0.726 CG:2    +
   68    95  1   0.0%   0.410 UG:2    +
   55    95  1   0.0%   0.578 CG:2    +
   43    69  1   0.0%   0.549 CG:2    +
    7    54  1   0.0%   0.097 CG:2    +
   69   114  1   0.0%   0.586 GU:2    +
   62    66  1   0.0%   0.794 AU:2    +
   32   103  1   0.0%   0.817 CG:2    +
   35   111  1   0.0%   0.043 AU:2    +
   56    85  1   0.0%   1.213 GC:2    +
   48    72  1   0.0%   0.366 GC:2    +
   47    69  1   0.0%   0.267 UG:2    +
   70    81  1   0.0%   0.003 AU:2    +
   71   114  1   0.0%   0.068 AU:2    +
   27    69  1   0.0%   0.434 UG:2    +
   47    99  1   0.0%   0.204 UG:2    +
    9    65  1   0.0%   0.146 CG:2    +
    2    42  1   0.0%   0.047 CG:2    +
   16    23  1   0.0%   0.051 CG:2    +
   27   100  1   0.0%   0.289 UA:2    +
    4    74  1   0.0%   0.000 AU:2    +
   85    92  1   0.0%   0.340 CG:2    +
   73   106  1   0.0%   0.859 CG:2    +
   80    85  1   0.0%   0.026 GC:2    +
   44   100  1   0.0%   0.255 UA:2    +
   48    68  1   0.0%   0.267 GU:2    +
   72   103  1   0.0%   0.908 CG:2    +
   33    67  1   0.0%   0.832 UA:2    +
    7    79  1   0.0%   0.108 CG:2    +
   31    85  1   0.0%   0.246 GC:2    +
   59   113  1   0.0%   0.248 AU:2    +
    3    75  1   0.0%   0.047 CG:2    +
    8    30  1   0.0%   0.159 CG:2    +
   60    68  1   0.0%   0.956 GU:2    +
   44    97  1   0.0%   0.255 UA:2    +
   33   102  1   0.0%   0.834 UA:2    +
    7    31  1   0.0%   0.099 CG:2    +
   61   103  1   0.0%   1.256 CG:2    +
   24    68  1   0.0%   0.153 GU:2    +
   23    43  1   0.0%   0.128 GC:2    +
   22    44  1   0.0%   0.296 AU:2    +
    7    65  1   0.0%   0.098 CG:2    +
   49   114  1   0.0%   0.067 AU:2    +
   53   110  1   0.0%   1.628 CG:2    +
   43    80  1   0.0%   0.405 CG:2    +
   42    91  1   0.0%   0.297 GC:2    +
   57   103  1   0.0%   1.663 CG:2    +
   51    76  1   0.0%   0.900 GU:2    +
   95   113  1   0.0%   0.221 GU:2    +
   82   102  1   0.0%   0.057 UA:2    +
    8    65  1   0.0%   0.161 CG:2    +
   82   106  1   0.0%   0.625 UG:2    +
   69   113  1   0.0%   0.587 GU:2    +
   94   114  1   0.0%   0.208 AU:2    +
   27    97  1   0.0%   0.289 UA:2    +
    3    54  1   0.0%   0.046 CG:2    +
   28   106  1   0.0%   0.402 CG:2    +
   43    90  1   0.0%   0.405 CG:2    +
   66    83  1   0.0%   0.791 UA:2    +
   32   104  1   0.0%   0.803 CG:2    +
   81    89  1   0.0%   0.297 UA:2    +
   42    81  1   0.0%   0.294 GU:2    +
   44   106  1   0.0%   0.512 UG:2    +
   44    71  1   0.0%   0.254 UA:2    +
   14    55  1   0.0%   1.023 GC:2    +
   54    85  1   0.0%   0.877 GC:2    +
   42    63  1   0.0%   0.710 GC:2    +
    7    24  1   0.0%   0.090 CG:2    +
   55    84  1   0.0%   0.545 CG:2    +
    7    84  1   0.0%   0.108 CG:2    +
   73   104  1   0.0%   0.978 CG:2    +
   70   111  1   0.0%   0.423 AU:2    +
   87   110  1   0.0%   0.481 CG:2    +
   88   109  1   0.0%   0.497 CG:2    +
   32   109  1   0.0%   0.574 CG:2    +
    9    29  1   0.0%   0.138 CG:2    +
   20    48  1   0.0%   0.112 CG:2    +
    7    56  1   0.0%   0.096 CG:2    +
   54   114  1   0.0%   0.924 GU:2    +
   17   114  1   0.0%   0.700 AU:2    +
   56   113  1   0.0%   1.263 GU:2    +
   24    47  1   0.0%   0.097 GU:2    +
   22    66  1   0.0%   0.616 AU:2    +
   48    74  1   0.0%   0.365 GU:2    +
   33   103  1   0.0%   1.144 UG:2    +
   77   101  1   0.0%   0.293 CG:2    +
   27   107  1   0.0%   0.289 UA:2    +
   85   101  1   0.0%   0.257 CG:2    +
   63   109  1   0.0%   0.963 CG:2    +
   27    65  1   0.0%   0.658 UG:2    +
   35    68  1   0.0%   0.071 AU:2    +
   87   101  1   0.0%   0.275 CG:2    +
   11    81  1   0.0%   0.521 AU:2    +
   86   111  1   0.0%   0.684 AU:2    +
   34   113  1   0.0%   0.785 GU:2    +
   57   106  1   0.0%   1.600 CG:2    +
   27    71  1   0.0%   0.289 UA:2    +
   75    85  1   0.0%   0.139 GC:2    +
   44    89  1   0.0%   0.255 UA:2    +
   58    85  1   0.0%   1.125 GC:2    +
   95   114  1   0.0%   0.220 GU:2    +
   37    68  1   0.0%   0.047 AU:2    +
   55    75  1   0.0%   0.679 CG:2    +
   74   103  1   0.0%   1.193 UG:2    +
   96   113  1   0.0%   0.225 GU:2    +
   22    68  1   0.0%   0.295 AU:2    +
   68    94  1   0.0%   0.369 UA:2    +
   57   104  1   0.0%   1.711 CG:2    +
   58   114  1   0.0%   1.171 GU:2    +
   37    66  1   0.0%   0.368 AU:2    +
   76   103  1   0.0%   0.971 UG:2    +
   26    44  1   0.0%   0.039 AU:2    +
    8    84  1   0.0%   0.201 CG:2    +
    3    79  1   0.0%   0.047 CG:2    +
..........((((((.(((((....)))))..................(((...))).)).)))).....(((..(((((....)))))...)))....................
