3 sequence; length of alignment 132
alifold output
   42    70  0 100.0%   0.001 GC:3   
   43    69  0  99.9%   0.002 AU:3   
   39    72  0  99.9%   0.004 GC:3   
   44    68  0  99.9%   0.004 UA:3   
   37    74  0  99.9%   0.007 AU:3   
   38    73  0  99.8%   0.006 AU:3   
   36    75  0  99.8%   0.009 GC:3   
   23    81  0  99.7%   0.010 GC:3   
   22    82  0  99.7%   0.011 CG:3   
   45    67  0  99.7%   0.027 CG:3   
   24    80  0  99.7%   0.011 AU:3   
   21    83  0  99.6%   0.013 UA:3   
   20    84  0  99.4%   0.027 CG:3   
   92   110  0  98.6%   0.112 GC:3   
   93   109  0  98.6%   0.135 UA:3   
   91   111  0  98.6%   0.114 UA:3   
   90   112  0  98.5%   0.118 CG:3   
   94   108  0  98.5%   0.126 CG:3   
   25    79  0  98.2%   0.064 CG:3   
   46    66  0  98.0%   0.099 GC:3   
   41    71  0  98.0%   0.061 UG:3   
   51    60  0  97.6%   0.073 CG:3   
   50    61  0  97.4%   0.076 AU:3   
   49    62  0  94.1%   0.171 UA:3   
   96   105  0  92.2%   0.309 CG:3   
   95   106  0  91.8%   0.327 GC:3   
   26    78  0  87.2%   0.371 CG:3   
   48    63  0  85.0%   0.443 AU:3   
   89   113  0  82.8%   0.525 UA:3   
   17    86  0  74.0%   0.970 GC:3   
   16    87  0  73.9%   0.848 GC:3   
    3    14  0  70.2%   0.975 CG:3   
    2    15  0  70.0%   0.980 GC:3   
    4    13  0  68.2%   0.784 UA:3   
   98   104  0  58.3%   1.011 CG:3   
   33    77  0  50.3%   1.704 CG:3   
   34    76  0  50.1%   1.873 CG:3   
  120   128  0  43.1%   2.022 GC:3   
  119   129  0  42.9%   2.434 GC:3   
  121   127  0  39.6%   1.514 UA:3   
  118   130  0  32.1%   2.266 GU:3   
  119   128  0  24.4%   1.999 GC:3    +
  118   129  0  24.4%   1.777 GC:3    +
  118   126  0  22.0%   1.360 GC:3    +
  117   127  0  21.9%   1.462 UA:3    +
  116   128  0  21.6%   1.598 GC:3    +
   31    76  0  20.0%   1.490 CG:3    +
   30    77  0  20.0%   1.501 CG:3    +
  119   125  0  19.6%   1.225 GU:3    +
  116   131  0  15.9%   1.904 GC:3    +
   29    78  0  10.3%   1.151 CG:3    +
   30    76  0  10.0%   0.963 CG:3    +
   29    77  0  10.0%   0.841 CG:3    +
    3    11  0   9.9%   0.687 CG:3    +
    2    12  0   9.9%   0.689 GC:3    +
   88   115  0   7.7%   0.741 AU:3    +
   28    76  0   6.9%   0.586 UG:3    +
   17    87  0   6.7%   1.244 GC:3    +
   87   116  0   5.9%   1.220 CG:3    +
   12   116  0   5.8%   0.771 CG:3    +
   11   117  0   5.8%   1.047 GU:3    +
   10   118  0   5.4%   0.727 CG:3    +
   10    16  0   4.8%   0.445 CG:3    +
    9    17  0   4.7%   0.440 UG:3    +
   13   115  0   4.7%   0.720 AU:3    +
  118   131  0   4.5%   2.221 GC:3    +
    8    18  0   4.5%   0.433 UA:3    +
   11    15  0   4.2%   1.021 GC:3    +
   86   116  0   4.1%   0.851 CG:3    +
   85   117  0   4.1%   0.625 GU:3    +
   89   114  0   4.0%   0.597 UA:3    +
   88   117  0   3.6%   0.869 AU:3    +
   87   118  0   3.5%   1.128 CG:3    +
   86   119  0   3.4%   0.899 CG:3    +
    7    19  0   3.3%   0.357 UA:3    +
    9   119  0   2.6%   0.541 UG:3    +
    6    11  0   2.6%   0.554 UG:3    +
   10    17  0   2.2%   0.545 CG:3    +
    9    18  0   2.1%   0.536 UA:3    +
   29    76  0   2.0%   0.423 CG:3    +
  120   126  0   1.8%   0.716 GC:3    +
  120   129  0   1.7%   1.561 GC:3    +
  119   130  0   1.7%   2.023 GU:3    +
   28    77  0   1.7%   0.419 UG:3    +
   34    77  0   1.6%   1.531 CG:3    +
    8    19  0   1.5%   0.454 UA:3    +
    8   120  0   1.5%   0.429 UG:3    +
   55    64  0   1.2%   0.235 GC:3    +
   53    58  0   1.2%   0.161 UA:3    +
   54    65  0   1.2%   0.216 CG:3    +
   17   131  0   1.1%   0.923 GC:3    +
   89   116  0   1.1%   0.967 UG:3    +
  114   130  0   1.1%   0.396 AU:3    +
   56    63  0   1.0%   0.313 AU:3    +
   18   130  0   0.9%   0.407 AU:3    +
   16   132  0   0.9%   0.629 GU:3    +
    5    11  0   0.8%   0.349 UG:3    +
   98   105  0   0.8%   0.567 CG:3    +
   46    64  0   0.8%   0.115 GC:3    +
   16   129  0   0.8%   0.550 GC:3    +
   31    78  0   0.8%   0.869 CG:3    +
   33    78  0   0.8%   0.908 CG:3    +
   54    60  0   0.7%   0.140 CG:3    +
   17   128  0   0.7%   0.798 GC:3    +
   55    59  0   0.7%   0.106 GC:3    +
   92   106  0   0.7%   0.166 GC:3    +
   91   107  0   0.7%   0.140 UA:3    +
   90   108  0   0.7%   0.140 CG:3    +
   93   105  0   0.7%   0.158 UG:3    +
  116   132  0   0.7%   1.391 GU:3    +
   94   104  0   0.7%   0.140 CG:3    +
   28    79  0   0.6%   0.415 UG:3    +
   89   109  0   0.6%   0.114 UA:3    +
   30    79  0   0.6%   0.730 CG:3    +
   86   118  0   0.5%   0.662 CG:3    +
    3    85  0   0.5%   0.561 CG:3    +
    2    86  0   0.5%   0.563 GC:3    +
   47    63  0   0.5%   0.082 AU:3    +
    3   105  0   0.5%   0.585 CG:3    +
    2   106  0   0.5%   0.587 GC:3    +
    4   104  0   0.5%   0.347 UG:3    +
    3   120  0   0.5%   0.616 CG:3    +
  112   131  0   0.5%   0.202 GC:3    +
    5   103  0   0.5%   0.127 UA:3    +
   27    31  0   0.5%   0.097 GC:3    +
    2   121  0   0.5%   0.615 GU:3    +
  113   130  0   0.5%   0.324 AU:3    +
    6   102  0   0.4%   0.177 UA:3    +
  111   132  0   0.4%   0.150 AU:3    +
   85   121  0   0.3%   0.285 GU:3    +
    4   119  0   0.3%   0.355 UG:3    +
   15    92  0   0.3%   0.487 CG:3    +
   16    91  0   0.3%   0.476 GU:3    +
   17    90  0   0.3%   0.731 GC:3    +
   12    95  0   0.3%   0.319 CG:3    +
   14    93  0   0.3%   0.373 GU:3    +
   11    96  0   0.3%   0.584 GC:3    +
   31    77  0   0.3%   1.028 CG:3    +
   14   131  0   0.3%   0.413 GC:3    +
   86   120  0   0.3%   0.701 CG:3    +
   13    91  0   0.3%   0.324 AU:3    +
   12    92  0   0.3%   0.286 CG:3    +
   14    90  0   0.3%   0.341 GC:3    +
   30    78  0   0.3%   0.980 CG:3    +
   45    65  0   0.3%   0.051 CG:3    +
   15    85  0   0.3%   0.472 CG:3    +
   14    86  0   0.3%   0.341 GC:3    +
   18    89  0   0.3%   0.287 AU:3    +
   13   132  0   0.3%   0.499 AU:3    +
    2   126  0   0.3%   0.611 GC:3    +
   87   119  0   0.2%   0.972 CG:3    +
   27    33  0   0.2%   0.087 GC:3    +
   28    78  0   0.2%   0.447 UG:3    +
    1   122  0   0.2%   0.046 AU:3    +
   29    79  0   0.2%   0.641 CG:3    +
   28    32  0   0.2%   0.057 UA:3    +
   84   121  0   0.2%   0.084 GU:3    +
   33    76  0   0.2%   0.870 CG:3    +
   79   128  0   0.2%   0.178 GC:3    +
   78   129  0   0.2%   0.557 GC:3    +
   80   127  0   0.2%   0.045 UA:3    +
   16   131  0   0.2%   0.532 GC:3    +
   77   130  0   0.2%   1.153 GU:3    +
   76   131  0   0.2%   1.304 GC:3    +
   83   122  0   0.2%   0.061 AU:3    +
  114   132  0   0.2%   0.317 AU:3    +
   82   123  0   0.2%   0.044 GU:3    +
   16    26  0   0.2%   0.186 GC:3    +
   17    25  0   0.2%   0.266 GC:3    +
   15    27  0   0.2%   0.415 CG:3    +
   98   116  0   0.2%   0.915 CG:3    +
   99   115  0   0.2%   0.384 GU:3    +
  100   114  0   0.2%   0.164 UA:3    +
   97   117  0   0.2%   0.466 AU:3    +
  101   113  0   0.2%   0.190 UA:3    +
   10    95  0   0.2%   0.261 CG:3    +
   96   118  0   0.2%   0.447 CG:3    +
   11    94  0   0.2%   0.547 GC:3    +
  104   110  0   0.2%   0.424 GC:3    +
   14    28  0   0.2%   0.282 GU:3    +
  122   127  0   0.1%   0.778 UA:3    +
   14   129  0   0.1%   0.370 GC:3    +
   15   116  0   0.1%   0.631 CG:3    +
   11    93  0   0.1%   0.535 GU:3    +
   13   130  0   0.1%   0.466 AU:3    +
   17   126  0   0.1%   0.720 GC:3    +
   14   117  0   0.1%   0.524 GU:3    +
    5   118  0   0.1%   0.103 UG:3    +
   14    89  0   0.1%   0.305 GU:3    +
   18   125  0   0.1%   0.273 AU:3    +
    1   132  0   0.1%   0.045 AU:3    +
    4   124  0   0.1%   0.338 UA:3    +
  119   126  0   0.1%   0.955 GC:3    +
    2   131  0   0.1%   0.607 GC:3    +
  116   129  0   0.1%   0.974 GC:3    +
   52    61  0   0.1%   0.046 AU:3    +
  116   130  0   0.1%   1.063 GU:3    +
    7    11  0   0.1%   0.382 UG:3    +
   17   130  0   0.1%   0.760 GU:3    +
   20    27  0   0.1%   0.028 CG:3    +
   53    60  0   0.1%   0.094 UG:3    +
   27    34  0   0.1%   0.073 GC:3    +
   94   120  0   0.1%   0.193 CG:3    +
    3   116  0   0.1%   0.549 CG:3    +
    5    13  0   0.1%   0.316 UA:3    +
    2   117  0   0.1%   0.550 GU:3    +
   53    62  0   0.1%   0.130 UA:3    +
  120   125  0   0.1%   0.473 GU:3    +
  110   116  0   0.1%   0.577 CG:3    +
   96   104  0   0.1%   0.094 CG:3    +
   52    63  0   0.1%   0.186 AU:3    +
   19    28  0   0.1%   0.207 AU:3    +
   16    86  0   0.1%   0.229 GC:3    +
  109   117  0   0.1%   0.498 AU:3    +
   17   129  0   0.1%   0.786 GC:3    +
    1   130  0   0.1%   0.031 AU:3    +
   26    79  0   0.1%   0.161 CG:3    +
    2   129  0   0.0%   0.593 GC:3    +
    7    18  0   0.0%   0.025 UA:3    +
   16    31  0   0.0%   0.180 GC:3    +
   16   130  0   0.0%   0.486 GU:3    +
   17    30  0   0.0%   0.261 GC:3    +
    6    19  0   0.0%   0.113 UA:3    +
   17    29  0   0.0%   0.254 GC:3    +
   11   131  0   0.0%   0.730 GC:3    +
   16    30  0   0.0%   0.174 GC:3    +
  111   115  0   0.0%   0.380 AU:3    +
    4    84  0   0.0%   0.275 UG:3    +
    8    17  0   0.0%   0.016 UG:3    +
   20    85  0   0.0%   0.066 CG:3    +
  115   124  0   0.0%   0.379 UA:3    +
  116   123  0   0.0%   0.569 GU:3    +
   82   126  0   0.0%   0.052 GC:3    +
  119   131  0   0.0%   1.928 GC:3    +
   15   120  0   0.0%   0.541 CG:3    +
   14   121  0   0.0%   0.369 GU:3    +
  114   125  0   0.0%   0.162 AU:3    +
   83   125  0   0.0%   0.036 AU:3    +
   18   122  0   0.0%   0.270 AU:3    +
   85   128  0   0.0%   0.262 GC:3    +
   10    99  0   0.0%   0.251 CG:3    +
   84   129  0   0.0%   0.103 GC:3    +
   19   121  0   0.0%   0.222 AU:3    +
   83   130  0   0.0%   0.106 AU:3    +
  118   128  0   0.0%   1.056 GC:3    +
   82   131  0   0.0%   0.131 GC:3    +
   12   118  0   0.0%   0.609 CG:3    +
   17   123  0   0.0%   0.683 GU:3    +
  118   132  0   0.0%   1.656 GU:3    +
   99   106  0   0.0%   0.151 GC:3    +
   18    28  0   0.0%   0.244 AU:3    +
   20   120  0   0.0%   0.116 CG:3    +
  116   126  0   0.0%   0.583 GC:3    +
  100   105  0   0.0%   0.180 UG:3    +
  120   131  0   0.0%   1.208 GC:3    +
    9    97  0   0.0%   0.234 UA:3    +
   16   128  0   0.0%   0.430 GC:3    +
   13   122  0   0.0%   0.454 AU:3    +
   12    16  0   0.0%   0.386 CG:3    +
   12    85  0   0.0%   0.264 CG:3    +
   11    86  0   0.0%   0.539 GC:3    +
   13   117  0   0.0%   0.607 AU:3    +
    9    16  0   0.0%   0.010 UG:3    +
    6    13  0   0.0%   0.366 UA:3    +
   34    78  0   0.0%   0.883 CG:3    +
    5    18  0   0.0%   0.051 UA:3    +
  117   124  0   0.0%   0.466 UA:3    +
    6    17  0   0.0%   0.104 UG:3    +
   84   122  0   0.0%   0.062 GU:3    +
   33    79  0   0.0%   0.513 CG:3    +
   27    81  0   0.0%   0.070 GC:3    +
   21   119  0   0.0%   0.128 UG:3    +
   22   118  0   0.0%   0.179 CG:3    +
   10   120  0   0.0%   0.497 CG:3    +
  115   120  0   0.0%   0.486 UG:3    +
  115   127  0   0.0%   0.381 UA:3    +
    7    16  0   0.0%   0.014 UG:3    +
  118   123  0   0.0%   0.353 GU:3    +
  114   121  0   0.0%   0.209 AU:3    +
   11    98  0   0.0%   0.550 GC:3    +
    9    99  0   0.0%   0.236 UG:3    +
   26    82  0   0.0%   0.143 CG:3    +
    2   128  0   0.0%   0.585 GC:3    +
   32    80  0   0.0%   0.022 AU:3    +
    4    19  0   0.0%   0.268 UA:3    +
  120   130  0   0.0%   1.235 GU:3    +
    6    18  0   0.0%   0.105 UA:3    +
   11    31  0   0.0%   0.508 GC:3    +
    1   115  0   0.0%   0.006 AU:3    +
    4    11  0   0.0%   0.233 UG:3    +
    8    99  0   0.0%   0.214 UG:3    +
   16   115  0   0.0%   0.569 GU:3    +
    7    17  0   0.0%   0.016 UG:3    +
  119   132  0   0.0%   1.499 GU:3    +
    5    19  0   0.0%   0.052 UA:3    +
  116   125  0   0.0%   0.566 GU:3    +
    5    83  0   0.0%   0.052 UA:3    +
    5   124  0   0.0%   0.096 UA:3    +
   36    74  0   0.0%   0.005 GU:3    +
   97   101  0   0.0%   0.006 AU:3    +
   16   126  0   0.0%   0.441 GC:3    +
   14    87  0   0.0%   0.283 GC:3    +
  112   129  0   0.0%   0.092 GC:3    +
    7    13  0   0.0%   0.277 UA:3    +
   83   123  0   0.0%   0.035 AU:3    +
   16    89  0   0.0%   0.411 GU:3    +
    8    16  0   0.0%   0.008 UG:3    +
    1   117  0   0.0%   0.005 AU:3    +
  113   122  0   0.0%   0.204 AU:3    +
   51    65  0   0.0%   0.044 CG:3    +
   59    65  0   0.0%   0.110 CG:3    +
   85   115  0   0.0%   0.200 GU:3    +
   31   118  0   0.0%   0.583 CG:3    +
   30   119  0   0.0%   0.729 CG:3    +
  110   118  0   0.0%   0.359 CG:3    +
  111   117  0   0.0%   0.467 AU:3    +
   29   120  0   0.0%   0.661 CG:3    +
   32   117  0   0.0%   0.199 AU:3    +
  111   130  0   0.0%   0.102 AU:3    +
    2    10  0   0.0%   0.004 GC:3    +
   23   117  0   0.0%   0.187 GU:3    +
    6   124  0   0.0%   0.141 UA:3    +
   60    64  0   0.0%   0.161 GC:3    +
   33   116  0   0.0%   0.596 CG:3    +
    3    17  0   0.0%   0.480 CG:3    +
   15    95  0   0.0%   0.462 CG:3    +
   14    96  0   0.0%   0.347 GC:3    +
   13    89  0   0.0%   0.273 AU:3    +
  100   104  0   0.0%   0.382 UG:3    +
   37    73  0   0.0%   0.003 AU:3    +
   31    79  0   0.0%   0.506 CG:3    +
   16    94  0   0.0%   0.432 GC:3    +
    5   114  0   0.0%   0.079 UA:3    +
    8    13  0   0.0%   0.272 UA:3    +
    4    16  0   0.0%   0.265 UG:3    +
    5    14  0   0.0%   0.296 UG:3    +
   93   108  0   0.0%   0.100 UG:3    +
   86   112  0   0.0%   0.278 CG:3    +
    7   102  0   0.0%   0.154 UA:3    +
   15   112  0   0.0%   0.434 CG:3    +
   21    84  0   0.0%   0.016 UG:3    +
   27    86  0   0.0%   0.338 GC:3    +
    3   119  0   0.0%   0.540 CG:3    +
  113   132  0   0.0%   0.284 AU:3    +
   29    84  0   0.0%   0.574 CG:3    +
   28    85  0   0.0%   0.381 UG:3    +
  123   127  0   0.0%   0.747 UA:3    +
   12    17  0   0.0%   0.465 CG:3    +
   12   120  0   0.0%   0.531 CG:3    +
    7   120  0   0.0%   0.157 UG:3    +
  108   131  0   0.0%   0.158 GC:3    +
    6    14  0   0.0%   0.348 UG:3    +
   49    65  0   0.0%   0.076 UG:3    +
   14    33  0   0.0%   0.265 GC:3    +
   11   121  0   0.0%   0.739 GU:3    +
   14    31  0   0.0%   0.266 GC:3    +
    2     7  0   0.0%   0.002 GU:3    +
   10    14  0   0.0%   0.254 CG:3    +
   17   125  0   0.0%   0.680 GU:3    +
   17    93  0   0.0%   0.705 GU:3    +
   75    82  0   0.0%   0.011 CG:3    +
   72    85  0   0.0%   0.053 CG:3    +
   74    83  0   0.0%   0.011 UA:3    +
   73    84  0   0.0%   0.017 UG:3    +
    7    14  0   0.0%   0.259 UG:3    +
   71    86  0   0.0%   0.295 GC:3    +
    8   119  0   0.0%   0.234 UG:3    +
   76    81  0   0.0%   1.181 GC:3    +
    4   118  0   0.0%   0.297 UG:3    +
   25    85  0   0.0%   0.079 CG:3    +
   26    84  0   0.0%   0.148 CG:3    +
    9   113  0   0.0%   0.234 UA:3    +
    6    82  0   0.0%   0.105 UG:3    +
   10   119  0   0.0%   0.520 CG:3    +
   10   116  0   0.0%   0.251 CG:3    +
    1   123  0   0.0%   0.020 AU:3    +
   27    80  0   0.0%   0.067 GU:3    +
  107   132  0   0.0%   0.103 AU:3    +
   10   112  0   0.0%   0.245 CG:3    +
    6   103  0   0.0%   0.156 UA:3    +
  109   130  0   0.0%   0.130 AU:3    +
  112   123  0   0.0%   0.035 GU:3    +
    8   114  0   0.0%   0.214 UA:3    +
    6   113  0   0.0%   0.131 UA:3    +
    2   125  0   0.0%   0.567 GU:3    +
    1     8  0   0.0%   0.002 AU:3    +
   39    73  0   0.0%   0.006 GU:3    +
   50    63  0   0.0%   0.192 AU:3    +
   14    94  0   0.0%   0.337 GC:3    +
   25    84  0   0.0%   0.040 CG:3    +
    9   120  0   0.0%   0.419 UG:3    +
   11   129  0   0.0%   0.718 GC:3    +
   94   119  0   0.0%   0.312 CG:3    +
   30    82  0   0.0%   0.612 CG:3    +
   26    77  0   0.0%   0.012 CG:3    +
    8    97  0   0.0%   0.211 UA:3    +
   14    29  0   0.0%   0.263 GC:3    +
   44    67  0   0.0%   0.001 UG:3    +
   39    75  0   0.0%   0.006 GC:3    +
   31    82  0   0.0%   0.416 CG:3    +
   79    86  0   0.0%   0.373 GC:3    +
   80   124  0   0.0%   0.017 UA:3    +
   79   125  0   0.0%   0.109 GU:3    +
   78    87  0   0.0%   0.871 GC:3    +
    3   118  0   0.0%   0.539 CG:3    +
    9    13  0   0.0%   0.271 UA:3    +
    2     8  0   0.0%   0.002 GU:3    +
    4    14  0   0.0%   0.512 UG:3    +
   78   126  0   0.0%   0.489 GC:3    +
    7    99  0   0.0%   0.128 UG:3    +
    5   102  0   0.0%   0.051 UA:3    +
   40    74  0   0.0%   0.005 AU:3    +
    9    95  0   0.0%   0.229 UG:3    +
    7   124  0   0.0%   0.140 UA:3    +
    8    14  0   0.0%   0.253 UG:3    +
    3    16  0   0.0%   0.479 CG:3    +
   80    85  0   0.0%   0.057 UG:3    +
   14    20  0   0.0%   0.253 GC:3    +
    4   103  0   0.0%   0.269 UA:3    +
   11    22  0   0.0%   0.505 GC:3    +
   10    23  0   0.0%   0.231 CG:3    +
   77   128  0   0.0%   1.090 GC:3    +
   76   129  0   0.0%   1.232 GC:3    +
   13    21  0   0.0%   0.271 AU:3    +
    2   122  0   0.0%   0.580 GU:3    +
   36    72  0   0.0%   0.002 GC:3    +
   15   118  0   0.0%   0.611 CG:3    +
    4   114  0   0.0%   0.296 UA:3    +
   79   126  0   0.0%   0.125 GC:3    +
    4   127  0   0.0%   0.324 UA:3    +
    2     6  0   0.0%   0.001 GU:3    +
    1     7  0   0.0%   0.001 AU:3    +
   35    73  0   0.0%   0.001 AU:3    +
   29    82  0   0.0%   0.567 CG:3    +
   18   123  0   0.0%   0.252 AU:3    +
    9    24  0   0.0%   0.228 UA:3    +
   14   128  0   0.0%   0.340 GC:3    +
   38    74  0   0.0%   0.006 AU:3    +
    2   132  0   0.0%   0.601 GU:3    +
   28    83  0   0.0%   0.336 UA:3    +
    2     9  0   0.0%   0.002 GU:3    +
  118   125  0   0.0%   0.348 GU:3    +
   85   122  0   0.0%   0.235 GU:3    +
   11   115  0   0.0%   0.550 GU:3    +
   14   115  0   0.0%   0.472 GU:3    +
    3   104  0   0.0%   0.507 CG:3    +
   17   122  0   0.0%   0.693 GU:3    +
   25    78  0   0.0%   0.012 CG:3    +
    2    87  0   0.0%   0.509 GC:3    +
    1   121  0   0.0%   0.005 AU:3    +
    1   125  0   0.0%   0.019 AU:3    +
    2   130  0   0.0%   0.591 GU:3    +
  105   110  0   0.0%   0.200 GC:3    +
   47    53  0   0.0%   0.001 AU:3    +
   19   122  0   0.0%   0.208 AU:3    +
   82   125  0   0.0%   0.028 GU:3    +
    6   120  0   0.0%   0.157 UG:3    +
   78   128  0   0.0%   0.504 GC:3    +
   28    35  0   0.0%   0.031 UA:3    +
    5   104  0   0.0%   0.103 UG:3    +
   77   129  0   0.0%   1.106 GC:3    +
   46    54  0   0.0%   0.001 GC:3    +
    1     9  0   0.0%   0.002 AU:3    +
   25   120  0   0.0%   0.128 CG:3    +
   24   121  0   0.0%   0.036 AU:3    +
    5    17  0   0.0%   0.047 UG:3    +
   32    74  0   0.0%   0.014 AU:3    +
    1     6  0   0.0%   0.001 AU:3    +
   18   121  0   0.0%   0.275 AU:3    +
   26   119  0   0.0%   0.257 CG:3    +
   85   126  0   0.0%   0.231 GC:3    +
    4    18  0   0.0%   0.264 UA:3    +
    9    14  0   0.0%   0.253 UG:3    +
   85   131  0   0.0%   0.311 GC:3    +
   23   122  0   0.0%   0.025 GU:3    +
    7   116  0   0.0%   0.135 UG:3    +
    5   113  0   0.0%   0.077 UA:3    +
   85   123  0   0.0%   0.218 GU:3    +
   14   130  0   0.0%   0.361 GU:3    +
   14   132  0   0.0%   0.390 GU:3    +
   16   123  0   0.0%   0.423 GU:3    +
   30    84  0   0.0%   0.618 CG:3    +
   12   119  0   0.0%   0.555 CG:3    +
   88   132  0   0.0%   0.385 AU:3    +
   29    85  0   0.0%   0.611 CG:3    +
   19   130  0   0.0%   0.255 AU:3    +
   19   125  0   0.0%   0.198 AU:3    +
   76   130  0   0.0%   1.242 GU:3    +
   49    60  0   0.0%   0.001 UG:3    +
    6    16  0   0.0%   0.099 UG:3    +
    7   112  0   0.0%   0.129 UG:3    +
  114   123  0   0.0%   0.159 AU:3    +
  119   123  0   0.0%   0.272 GU:3    +
   31    36  0   0.0%   0.032 CG:3    +
    6   114  0   0.0%   0.131 UA:3    +
   16    22  0   0.0%   0.154 GC:3    +
   45    55  0   0.0%   0.001 CG:3    +
   10    82  0   0.0%   0.231 CG:3    +
  100   109  0   0.0%   0.047 UA:3    +
   99   110  0   0.0%   0.022 GC:3    +
    2   123  0   0.0%   0.566 GU:3    +
    5   119  0   0.0%   0.106 UG:3    +
   11   132  0   0.0%   0.725 GU:3    +
   48    61  0   0.0%   0.001 AU:3    +
  101   108  0   0.0%   0.052 UG:3    +
    9    83  0   0.0%   0.229 UA:3    +
   11    81  0   0.0%   0.506 GC:3    +
   15    23  0   0.0%   0.384 CG:3    +
   25   116  0   0.0%   0.211 CG:3    +
   87   112  0   0.0%   0.410 CG:3    +
   19   123  0   0.0%   0.193 AU:3    +
   11    30  0   0.0%   0.505 GC:3    +
  109   121  0   0.0%   0.113 AU:3    +
   23   126  0   0.0%   0.030 GC:3    +
   16   117  0   0.0%   0.602 GU:3    +
  110   120  0   0.0%   0.152 CG:3    +
    7   119  0   0.0%   0.150 UG:3    +
   88   130  0   0.0%   0.398 AU:3    +
   18   132  0   0.0%   0.366 AU:3    +
  108   122  0   0.0%   0.084 GU:3    +
   17   132  0   0.0%   0.849 GU:3    +
   35    74  0   0.0%   0.001 AU:3    +
   24   125  0   0.0%   0.014 AU:3    +
   29    36  0   0.0%   0.004 CG:3    +
  108   126  0   0.0%   0.079 GC:3    +
  113   117  0   0.0%   0.616 AU:3    +
  109   125  0   0.0%   0.061 AU:3    +
   15   119  0   0.0%   0.559 CG:3    +
    5   120  0   0.0%   0.112 UG:3    +
   44    56  0   0.0%   0.000 UA:3    +
   11    87  0   0.0%   0.508 GC:3    +
   23    86  0   0.0%   0.277 GC:3    +
    7    97  0   0.0%   0.127 UA:3    +
    6   112  0   0.0%   0.130 UG:3    +
   60    66  0   0.0%   0.088 GC:3    +
    4   120  0   0.0%   0.341 UG:3    +
    8   111  0   0.0%   0.212 UA:3    +
   57    65  0   0.0%   0.072 CG:3    +
   24   117  0   0.0%   0.186 AU:3    +
   19    89  0   0.0%   0.212 AU:3    +
  124   130  0   0.0%   0.613 AU:3    +
    8   124  0   0.0%   0.286 UA:3    +
   11    29  0   0.0%   0.504 GC:3    +
  114   122  0   0.0%   0.177 AU:3    +
  107   123  0   0.0%   0.051 AU:3    +
   61    65  0   0.0%   0.106 UG:3    +
    7   114  0   0.0%   0.130 UA:3    +
  107   115  0   0.0%   0.390 AU:3    +
    9   114  0   0.0%   0.234 UA:3    +
   40    73  0   0.0%   0.004 AU:3    +
    9    19  0   0.0%   0.409 UA:3    +
   85   129  0   0.0%   0.276 GC:3    +
   59    67  0   0.0%   0.040 CG:3    +
    7   113  0   0.0%   0.129 UA:3    +
    6   118  0   0.0%   0.139 UG:3    +
  106   116  0   0.0%   0.681 CG:3    +
   19   132  0   0.0%   0.256 AU:3    +
   17    89  0   0.0%   0.666 GU:3    +
   77    86  0   0.0%   1.323 GC:3    +
   76    87  0   0.0%   1.583 GC:3    +
    6   119  0   0.0%   0.151 UG:3    +
   16    90  0   0.0%   0.418 GC:3    +
  127   132  0   0.0%   0.863 AU:3    +
  112   126  0   0.0%   0.047 GC:3    +
  105   117  0   0.0%   0.618 GU:3    +
    7   111  0   0.0%   0.128 UA:3    +
    6   116  0   0.0%   0.136 UG:3    +
   42    69  0   0.0%   0.000 GU:3    +
   11   126  0   0.0%   0.728 GC:3    +
    8    84  0   0.0%   0.213 UG:3    +
   94   105  0   0.0%   0.106 CG:3    +
   28    37  0   0.0%   0.031 UA:3    +
   77   131  0   0.0%   1.166 GC:3    +
   18   115  0   0.0%   0.392 AU:3    +
   17    21  0   0.0%   0.234 GU:3    +
   16    34  0   0.0%   0.171 GC:3    +
   22    27  0   0.0%   0.017 CG:3    +
   17    33  0   0.0%   0.252 GC:3    +
    5    37  0   0.0%   0.049 UA:3    +
    4    38  0   0.0%   0.265 UA:3    +
   10    36  0   0.0%   0.231 CG:3    +
    9    37  0   0.0%   0.228 UA:3    +
    3    39  0   0.0%   0.479 CG:3    +
    6    36  0   0.0%   0.104 UG:3    +
  112   132  0   0.0%   0.133 GU:3    +
   26    85  0   0.0%   0.186 CG:3    +
    8    38  0   0.0%   0.210 UA:3    +
   13   121  0   0.0%   0.460 AU:3    +
    7    35  0   0.0%   0.127 UA:3    +
   11    34  0   0.0%   0.506 GC:3    +
    1     5  0   0.0%   0.000 AU:3    +
    9    88  0   0.0%   0.228 UA:3    +
    8   118  0   0.0%   0.222 UG:3    +
   23    87  0   0.0%   0.411 GC:3    +
    5   127  0   0.0%   0.087 UA:3    +
    7    39  0   0.0%   0.127 UG:3    +
  113   123  0   0.0%   0.186 AU:3    +
   76   132  0   0.0%   1.255 GU:3    +
   85   110  0   0.0%   0.051 GC:3    +
   14    25  0   0.0%   0.252 GC:3    +
   40    69  0   0.0%   0.000 AU:3    +
   12    79  0   0.0%   0.232 CG:3    +
   93   120  0   0.0%   0.194 UG:3    +
   39    74  0   0.0%   0.005 GU:3    +
   10   108  0   0.0%   0.243 CG:3    +
   29    39  0   0.0%   0.004 CG:3    +
    6    99  0   0.0%   0.105 UG:3    +
   28    40  0   0.0%   0.030 UA:3    +
    9   109  0   0.0%   0.232 UA:3    +
   41    68  0   0.0%   0.000 UA:3    +
  113   125  0   0.0%   0.182 AU:3    +
   14   126  0   0.0%   0.353 GC:3    +
    6    40  0   0.0%   0.104 UA:3    +
   27    41  0   0.0%   0.062 GU:3    +
   39    70  0   0.0%   0.001 GC:3    +
   89   118  0   0.0%   0.707 UG:3    +
   34    39  0   0.0%   0.006 CG:3    +
  112   130  0   0.0%   0.101 GU:3    +
  116   122  0   0.0%   0.579 GU:3    +
    8   113  0   0.0%   0.213 UA:3    +
   78    86  0   0.0%   0.736 GC:3    +
   16   110  0   0.0%   0.421 GC:3    +
   77    87  0   0.0%   1.457 GC:3    +
    3   112  0   0.0%   0.533 CG:3    +
   19   117  0   0.0%   0.367 AU:3    +
   30    36  0   0.0%   0.007 CG:3    +
  108   129  0   0.0%   0.122 GC:3    +
   28    82  0   0.0%   0.335 UG:3    +
   18   117  0   0.0%   0.426 AU:3    +
   85   125  0   0.0%   0.214 GU:3    +
    8   112  0   0.0%   0.212 UG:3    +
    7    85  0   0.0%   0.154 UG:3    +
   14    34  0   0.0%   0.264 GC:3    +
   11   110  0   0.0%   0.548 GC:3    +
    7   118  0   0.0%   0.138 UG:3    +
   51    55  0   0.0%   0.000 CG:3    +
    4   111  0   0.0%   0.295 UA:3    +
    3    95  0   0.0%   0.506 CG:3    +
    2    96  0   0.0%   0.509 GC:3    +
   95   101  0   0.0%   0.031 GU:3    +
  124   132  0   0.0%   0.153 AU:3    +
   26    76  0   0.0%   0.011 CG:3    +
  107   130  0   0.0%   0.115 AU:3    +
   11   130  0   0.0%   0.718 GU:3    +
   11    33  0   0.0%   0.506 GC:3    +
    7   127  0   0.0%   0.131 UA:3    +
    5    16  0   0.0%   0.047 UG:3    +
   35   115  0   0.0%   0.148 AU:3    +
    2    20  0   0.0%   0.481 GC:3    +
   53    65  0   0.0%   0.082 UG:3    +
   96   116  0   0.0%   0.628 CG:3    +
    2    72  0   0.0%   0.481 GC:3    +
   92   123  0   0.0%   0.101 GU:3    +
    6   127  0   0.0%   0.132 UA:3    +
   95   117  0   0.0%   0.541 GU:3    +
    3    71  0   0.0%   0.479 CG:3    +
    2   115  0   0.0%   0.536 GU:3    +
   12    27  0   0.0%   0.231 CG:3    +
    4    85  0   0.0%   0.296 UG:3    +
   17   117  0   0.0%   0.856 GU:3    +
   55    61  0   0.0%   0.068 GU:3    +
   90   116  0   0.0%   0.615 CG:3    +
   36    73  0   0.0%   0.001 GU:3    +
   94   118  0   0.0%   0.379 CG:3    +
   13    93  0   0.0%   0.298 AU:3    +
   42    51  0   0.0%   0.000 GC:3    +
   41    52  0   0.0%   0.000 UA:3    +
   40    53  0   0.0%   0.000 AU:3    +
   14   110  0   0.0%   0.327 GC:3    +
   91   124  0   0.0%   0.096 UA:3    +
   56    61  0   0.0%   0.033 AU:3    +
   39    54  0   0.0%   0.000 GC:3    +
   97   115  0   0.0%   0.349 AU:3    +
   11    28  0   0.0%   0.504 GU:3    +
  106   120  0   0.0%   0.263 CG:3    +
   67    75  0   0.0%   0.007 GC:3    +
    9   111  0   0.0%   0.232 UA:3    +
    4   116  0   0.0%   0.301 UG:3    +
   68    74  0   0.0%   0.005 AU:3    +
   11   128  0   0.0%   0.714 GC:3    +
   42    57  0   0.0%   0.000 GC:3    +
   84   123  0   0.0%   0.043 GU:3    +
   25    77  0   0.0%   0.011 CG:3    +
  105   121  0   0.0%   0.240 GU:3    +
   85   130  0   0.0%   0.285 GU:3    +
   16    25  0   0.0%   0.154 GC:3    +
   66    76  0   0.0%   1.195 CG:3    +
    8   102  0   0.0%   0.236 UA:3    +
    5   116  0   0.0%   0.082 UG:3    +
    1    73  0   0.0%   0.001 AU:3    +
  112   122  0   0.0%   0.051 GU:3    +
   26    42  0   0.0%   0.011 CG:3    +
    4    17  0   0.0%   0.264 UG:3    +
  111   123  0   0.0%   0.035 AU:3    +
   23    29  0   0.0%   0.004 GC:3    +
   55    66  0   0.0%   0.109 GC:3    +
   27    75  0   0.0%   0.062 GC:3    +
   88   125  0   0.0%   0.330 AU:3    +
    4   113  0   0.0%   0.295 UA:3    +
  113   121  0   0.0%   0.233 AU:3    +
   46    51  0   0.0%   0.000 GC:3    +
    8   116  0   0.0%   0.218 UG:3    +
   23    45  0   0.0%   0.001 GC:3    +
   22    46  0   0.0%   0.001 CG:3    +
   85   132  0   0.0%   0.271 GU:3    +
    9   118  0   0.0%   0.242 UG:3    +
  104   122  0   0.0%   0.424 GU:3    +
   24    44  0   0.0%   0.000 AU:3    +
   16   122  0   0.0%   0.438 GU:3    +
   27    87  0   0.0%   0.472 GC:3    +
   21   124  0   0.0%   0.017 UA:3    +
   11   123  0   0.0%   0.714 GU:3    +
   41    58  0   0.0%   0.000 UA:3    +
   17   110  0   0.0%   0.676 GC:3    +
   92   121  0   0.0%   0.149 GU:3    +
   34   116  0   0.0%   0.600 CG:3    +
   17    22  0   0.0%   0.234 GC:3    +
   84   131  0   0.0%   0.135 GC:3    +
   46    63  0   0.0%   0.000 GU:3    +
   49    56  0   0.0%   0.000 UA:3    +
  106   112  0   0.0%   0.159 CG:3    +
   21    47  0   0.0%   0.001 UA:3    +
    2   110  0   0.0%   0.535 GC:3    +
   54    67  0   0.0%   0.094 CG:3    +
    9    32  0   0.0%   0.228 UA:3    +
   13   123  0   0.0%   0.436 AU:3    +
  102   123  0   0.0%   0.041 AU:3    +
   22   119  0   0.0%   0.125 CG:3    +
    8    88  0   0.0%   0.210 UA:3    +
   95   100  0   0.0%   0.031 GU:3    +
   89   124  0   0.0%   0.399 UA:3    +
   48    53  0   0.0%   0.000 AU:3    +
    7    88  0   0.0%   0.127 UA:3    +
   13    28  0   0.0%   0.270 AU:3    +
    3    23  0   0.0%   0.479 CG:3    +
  103   122  0   0.0%   0.060 AU:3    +
   17   121  0   0.0%   0.704 GU:3    +
   53    68  0   0.0%   0.065 UA:3    +
    6    85  0   0.0%   0.132 UG:3    +
    5    85  0   0.0%   0.077 UG:3    +
  101   124  0   0.0%   0.022 UA:3    +
    6    88  0   0.0%   0.105 UA:3    +
   19   115  0   0.0%   0.333 AU:3    +
   24    28  0   0.0%   0.017 AU:3    +
   84   126  0   0.0%   0.056 GC:3    +
  104   121  0   0.0%   0.455 GU:3    +
    7   103  0   0.0%   0.154 UA:3    +
  109   115  0   0.0%   0.399 AU:3    +
   10    78  0   0.0%   0.230 CG:3    +
  109   132  0   0.0%   0.116 AU:3    +
    1    89  0   0.0%   0.001 AU:3    +
  103   123  0   0.0%   0.042 AU:3    +
    7    95  0   0.0%   0.127 UG:3    +
   49    58  0   0.0%   0.000 UA:3    +
   47    61  0   0.0%   0.000 AU:3    +
   12    99  0   0.0%   0.276 CG:3    +
    5    88  0   0.0%   0.050 UA:3    +
   11    66  0   0.0%   0.506 GC:3    +
   10    67  0   0.0%   0.230 CG:3    +
   12    65  0   0.0%   0.231 CG:3    +
  106   119  0   0.0%   0.392 CG:3    +
    9    79  0   0.0%   0.228 UG:3    +
   11   100  0   0.0%   0.547 GU:3    +
    4    88  0   0.0%   0.268 UA:3    +
   19    91  0   0.0%   0.223 AU:3    +
   66    71  0   0.0%   0.041 CG:3    +
    9   124  0   0.0%   0.338 UA:3    +
   93   107  0   0.0%   0.097 UA:3    +
    9    68  0   0.0%   0.228 UA:3    +
   65    72  0   0.0%   0.075 GC:3    +
    1    21  0   0.0%   0.001 AU:3    +
   86   105  0   0.0%   0.301 CG:3    +
   98   112  0   0.0%   0.372 CG:3    +
   85   106  0   0.0%   0.077 GC:3    +
   87   104  0   0.0%   0.434 CG:3    +
   14   122  0   0.0%   0.354 GU:3    +
   16   125  0   0.0%   0.423 GU:3    +
   20   116  0   0.0%   0.195 CG:3    +
    3    99  0   0.0%   0.506 CG:3    +
    2   100  0   0.0%   0.509 GU:3    +
   58    63  0   0.0%   0.272 AU:3    +
   14    72  0   0.0%   0.264 GC:3    +
   15    71  0   0.0%   0.394 CG:3    +
    9   112  0   0.0%   0.232 UG:3    +
  118   122  0   0.0%   0.364 GU:3    +
    9    35  0   0.0%   0.228 UA:3    +
   89   112  0   0.0%   0.058 UG:3    +
  100   107  0   0.0%   0.037 UA:3    +
    5   112  0   0.0%   0.076 UG:3    +
   16    20  0   0.0%   0.154 GC:3    +
  110   119  0   0.0%   0.280 CG:3    +
  120   132  0   0.0%   0.775 GU:3    +
    8   127  0   0.0%   0.276 UA:3    +
   52    69  0   0.0%   0.012 AU:3    +
  116   121  0   0.0%   0.610 GU:3    +
   31    84  0   0.0%   0.421 CG:3    +
   36    57  0   0.0%   0.001 GC:3    +
   30    85  0   0.0%   0.656 CG:3    +
   86    95  0   0.0%   0.305 CG:3    +
   13    73  0   0.0%   0.270 AU:3    +
   11    80  0   0.0%   0.506 GU:3    +
   85    96  0   0.0%   0.071 GC:3    +
   99   126  0   0.0%   0.047 GC:3    +
    3   108  0   0.0%   0.533 CG:3    +
  107   117  0   0.0%   0.477 AU:3    +
   92   122  0   0.0%   0.118 GU:3    +
    8    95  0   0.0%   0.210 UG:3    +
    3    84  0   0.0%   0.479 CG:3    +
   22    84  0   0.0%   0.014 CG:3    +
   21   127  0   0.0%   0.007 UA:3    +
   16    70  0   0.0%   0.171 GC:3    +
    4   107  0   0.0%   0.295 UA:3    +
   72    77  0   0.0%   1.051 CG:3    +
    9   116  0   0.0%   0.238 UG:3    +
  101   112  0   0.0%   0.019 UG:3    +
   80    84  0   0.0%   0.018 UG:3    +
   23   131  0   0.0%   0.096 GC:3    +
   91   112  0   0.0%   0.103 UG:3    +
   84   117  0   0.0%   0.195 GU:3    +
   88   121  0   0.0%   0.382 AU:3    +
   35    41  0   0.0%   0.000 AU:3    +
   27   122  0   0.0%   0.084 GU:3    +
    5    23  0   0.0%   0.049 UG:3    +
    1   101  0   0.0%   0.001 AU:3    +
  112   117  0   0.0%   0.465 GU:3    +
    9   102  0   0.0%   0.257 UA:3    +
   96   108  0   0.0%   0.149 CG:3    +
    6   111  0   0.0%   0.129 UA:3    +
  104   129  0   0.0%   0.462 GC:3    +
    4    24  0   0.0%   0.265 UA:3    +
  105   128  0   0.0%   0.231 GC:3    +
   86    92  0   0.0%   0.312 CG:3    +
.(((........)))((..(((((((......((.((((.((((((.((((........))))..))))))))))))))))))).)).((((((((.(.....))).))))))....((((.....))))..
