3 sequence; length of alignment 155
alifold output
   52   107  0 100.0%   0.001 GC:1    AU:2   
  112   131  0 100.0%   0.001 CG:1    UG:2   
   31    42  0  99.8%   0.022 CG:2    GC:1   
   32    41  0  99.7%   0.025 GC:1    GU:2   
  111   132  0 100.0%   0.000 CG:3   
  113   130  0 100.0%   0.001 CG:3   
   51   108  0 100.0%   0.001 GC:3   
   53   106  0 100.0%   0.001 CG:3   
  114   129  0 100.0%   0.001 GC:3   
   57   103  0  99.7%   0.020 GC:3   
   58   102  0  99.5%   0.023 AU:3   
  110   133  0  99.4%   0.040 GC:3   
   30    43  1  99.7%   0.024 CG:2   
   59   101  0  99.0%   0.030 UG:3   
   50   109  0  98.0%   0.065 CG:2    UA:1   
   77    91  0  98.0%   0.062 CG:1    UG:2   
  115   128  0  98.9%   0.034 UA:3   
   29    44  1  99.1%   0.042 GC:2   
   79    89  0  98.0%   0.059 CG:2    --:1   
   78    90  1  98.4%   0.048 GC:2   
   33    40  1  98.0%   0.074 AU:2   
   28    45  0  95.6%   0.160 CG:2    AU:1   
   54   105  0  96.3%   0.108 AU:3   
  118   125  0  95.9%   0.121 CG:3   
   60   100  0  95.2%   0.145 CG:3   
   11   146  0  94.3%   0.271 GC:3   
   13   144  0  94.1%   0.316 AU:3   
   14   143  0  94.0%   0.363 GC:3   
   34    39  0  93.9%   0.178 GC:3   
   12   145  1  94.4%   0.256 GC:2   
   15   142  0  93.7%   0.379 GC:3   
   75    94  0  92.0%   0.329 GC:2    UA:1   
   61    99  0  91.2%   0.320 GC:3   
   74    95  1  91.4%   0.348 GC:2   
   69    98  0  86.6%   0.420 GC:3   
   70    97  0  86.3%   0.467 GC:3   
   76    92  0  84.8%   0.421 GU:1    UA:2   
   10   147  1  85.6%   0.541 UG:2   
   24   135  0  81.5%   0.724 CG:2    UG:1   
   22   137  0  81.3%   0.739 CG:2    UG:1   
   23   136  0  81.6%   0.746 CG:3   
   80    88  0  80.1%   0.566 GU:2    --:1   
   81    87  0  74.5%   0.691 GC:2    --:1   
   25   134  0  73.4%   0.873 UG:1    UA:2   
   73    96  0  70.8%   1.207 GC:1    AU:2   
    9   148  0  55.6%   1.466 CG:1    UG:2    +
   56   104  0  51.1%   1.391 UA:3    +
   55   104  0  47.8%   1.060 UA:3   
    5   149  0  33.8%   1.191 GU:3   
    4   150  0  33.8%   1.197 GC:3   
    6   148  0  32.4%   1.164 CG:3   
   82    86  0  32.3%   1.096 UA:2    --:1    +
    7   151  0  21.2%   1.110 AU:2    UA:1    +
    8   150  1  22.0%   1.794 GC:2    +
   71    96  1  19.7%   1.007 AU:2    +
   20   139  0  17.9%   0.980 UA:3    +
    8   149  0  13.7%   1.240 GU:2    AU:1    +
   76    93  1  13.9%   0.963 UA:2    +
   24   136  0  10.0%   1.246 CG:2    UG:1    +
   22   138  0  10.0%   1.143 CG:2    UG:1    +
   23   137  0  10.0%   1.262 CG:3    +
   25   135  0   8.8%   1.240 UG:3    +
   70    98  0   7.9%   0.932 GC:3    +
   69    99  0   7.5%   0.836 GC:3    +
   14    24  0   5.2%   0.485 GC:2    GU:1    +
   72    96  0   4.9%   0.770 GC:1    AU:2    +
   15    23  0   5.2%   0.487 GC:3    +
   16    22  1   5.2%   0.472 GC:2    +
   68   100  0   4.6%   0.529 CG:3    +
   13    25  0   4.6%   0.441 AU:3    +
   48   135  0   2.8%   0.700 CG:2    UG:1    +
   47   136  0   2.8%   0.717 CG:2    UG:1    +
   74    94  0   2.7%   0.294 GC:2    UA:1    +
    5   150  0   3.6%   1.184 GC:3    +
   49   134  0   2.4%   0.539 UG:1    UA:2    +
   47   137  0   2.1%   0.849 CG:2    UG:1    +
   48   136  0   2.1%   0.857 CG:2    UG:1    +
   46   137  0   2.8%   0.706 CG:3    +
  141   149  0   2.6%   0.954 AU:3    +
  142   148  0   2.6%   1.194 CG:3    +
  140   150  0   2.6%   1.116 GC:3    +
  143   147  0   2.5%   0.731 CG:3    +
   17    22  0   1.2%   0.330 GC:2    AU:1    +
    4   151  1   2.7%   0.757 GU:2    +
    5   153  0   2.1%   0.843 GU:3    +
   46   138  0   2.1%   0.632 CG:3    +
  134   144  0   0.8%   0.500 GU:1    AU:2    +
   49   135  0   1.7%   0.836 UG:3    +
    9   147  0   0.7%   0.217 CG:1    UG:2    +
    4   146  0   1.6%   0.230 GC:3    +
    3   147  0   1.6%   0.238 CG:3    +
    9    27  0   0.6%   0.104 CG:1    UA:2    +
    5   145  0   1.6%   0.220 GC:3    +
   15    24  0   0.5%   0.410 GC:2    GU:1    +
  139   151  1   2.0%   0.982 AU:2    +
    4   154  0   1.4%   0.761 GU:3    +
   17    24  0   0.2%   0.299 GC:2    AU:1    +
   61    68  0   1.2%   0.176 GC:3    +
   15    22  0   0.2%   0.039 GC:2    GU:1    +
   26    49  0   0.2%   0.065 GU:1    AU:2    +
   22   136  0   0.2%   0.256 CG:2    UG:1    +
   63    70  0   1.1%   0.213 CG:3    +
  136   145  0   1.1%   0.966 GC:3    +
  135   146  0   1.1%   0.930 GC:3    +
   27    49  0   0.1%   0.068 GU:1    AU:2    +
    5     9  0   0.1%   0.021 GC:1    GU:2    +
   20   138  0   1.1%   0.155 UG:3    +
    8   153  0   0.1%   0.758 GU:2    AU:1    +
  137   144  0   1.1%   0.930 GU:3    +
   62    67  0   1.1%   0.153 UA:3    +
  138   143  0   1.1%   0.689 GC:3    +
   70    96  0   0.1%   0.087 GC:1    GU:2    +
    4     9  0   0.0%   0.010 GC:1    GU:2    +
   20    27  0   0.0%   0.043 UG:1    UA:2    +
   24   137  0   0.0%   1.017 CG:2    UG:1    +
   19    28  0   0.0%   0.036 GC:2    UA:1    +
   77    93  0   0.0%   0.363 CG:1    UA:2    +
   48   137  0   0.0%   0.775 CG:2    UG:1    +
   47   138  0   0.0%   0.559 CG:2    UG:1    +
   35    43  0   0.0%   0.009 UG:2    UA:1    +
    9    26  0   0.0%   0.016 CG:1    UA:2    +
   48   109  0   0.0%   0.008 CG:2    UA:1    +
   18    25  0   0.0%   0.195 GU:1    AU:2    +
   10   152  0   0.0%   0.198 AU:1    UA:2    +
    8   154  0   0.0%   0.719 GU:2    AU:1    +
   49   109  0   0.0%   0.026 UG:2    UA:1    +
   34    40  0   0.0%   0.084 GC:1    GU:2    +
    4    47  0   0.0%   0.030 GC:2    GU:1    +
   48   110  0   0.0%   0.007 CG:2    UG:1    +
   40   135  0   0.0%   0.419 CG:1    UG:2    +
   30    45  0   0.0%   0.065 CG:2    GU:1    +
   41   134  0   0.0%   0.235 CG:1    UA:2    +
   47   109  0   0.0%   0.006 CG:2    UA:1    +
   50   135  0   0.0%   0.589 CG:2    UG:1    +
   69    96  0   0.0%   0.042 GC:1    GU:2    +
   47   135  0   0.0%   0.401 CG:2    UG:1    +
   47   147  0   0.0%   0.427 CG:2    UG:1    +
   74    87  0   0.0%   0.002 GC:2    UG:1    +
   62    72  0   0.0%   0.121 UG:1    UA:2    +
   20    26  0   0.0%   0.031 UG:1    UA:2    +
   75    87  0   0.0%   0.003 GC:2    UG:1    +
   76    86  0   0.0%   0.002 GU:1    UA:2    +
   73    88  0   0.0%   0.002 GU:1    AU:2    +
    9   140  0   0.0%   0.045 CG:1    UG:2    +
   12    28  0   0.0%   0.050 GC:2    UA:1    +
   40   134  0   0.0%   0.251 CG:1    UA:2    +
   11    48  0   0.0%   0.033 GC:2    GU:1    +
   21    25  0   0.0%   0.193 GU:1    AU:2    +
  107   136  0   0.0%   0.596 CG:1    UG:2    +
    2     8  0   0.0%   0.002 UG:2    UA:1    +
   52    62  0   0.0%   0.002 GU:1    AU:2    +
    9    18  0   0.0%   0.011 CG:1    UA:2    +
   14    48  0   0.0%   0.188 GC:2    GU:1    +
   15    47  0   0.0%   0.196 GC:2    GU:1    +
   22   135  0   0.0%   0.222 CG:2    UG:1    +
   48   147  0   0.0%   0.426 CG:2    UG:1    +
   11    47  0   0.0%   0.033 GC:2    GU:1    +
   14    22  0   0.0%   0.002 GC:2    GU:1    +
   47   148  0   0.0%   0.925 CG:2    UG:1    +
   43    47  0   0.0%   0.009 GC:2    AU:1    +
   75    90  0   0.0%   0.002 GC:2    UA:1    +
    5    22  0   0.0%   0.007 GC:2    GU:1    +
   40   147  0   0.0%   0.262 CG:1    UG:2    +
   77    89  0   0.0%   0.002 CG:1    UG:2    +
   38   149  0   0.0%   0.663 GU:2    AU:1    +
   27   153  0   0.0%   0.150 GU:1    AU:2    +
   26   154  0   0.0%   0.112 GU:1    AU:2    +
   17    25  0   0.0%   0.264 GU:2    AU:1    +
   24   140  0   0.0%   0.623 CG:2    UG:1    +
   47   110  0   0.0%   0.005 CG:2    UG:1    +
   32    40  0   0.0%   0.015 GC:1    GU:2    +
   12   151  0   0.0%   0.517 GU:2    UA:1    +
    9    21  0   0.0%   0.010 CG:1    UA:2    +
   22   140  0   0.0%   0.642 CG:2    UG:1    +
    8    22  0   0.0%   0.005 GC:2    AU:1    +
    8    48  0   0.0%   0.030 GC:2    AU:1    +
    4    24  0   0.0%   0.012 GC:2    GU:1    +
   17   144  0   0.0%   0.139 GU:2    AU:1    +
   40   136  0   0.0%   0.435 CG:1    UG:2    +
    9   138  0   0.0%   0.048 CG:1    UG:2    +
   41   135  0   0.0%   0.399 CG:1    UG:2    +
    8   144  0   0.0%   0.033 GU:2    AU:1    +
   76    85  0   0.0%   0.000 GU:1    UA:2    +
   29    47  0   0.0%   0.028 GC:2    GU:1    +
   40   137  0   0.0%   0.428 CG:1    UG:2    +
    4    48  0   0.0%   0.028 GC:2    GU:1    +
    5    47  0   0.0%   0.024 GC:2    GU:1    +
   41   136  0   0.0%   0.417 CG:1    UG:2    +
   16    31  0   0.0%   0.239 CG:1    GC:2    +
  115   123  0   0.0%   0.000 UG:1    UA:2    +
   27   154  0   0.0%   0.113 GU:1    AU:2    +
   34    41  0   0.0%   0.065 GC:1    GU:2    +
   43    48  0   0.0%   0.008 GC:2    AU:1    +
    9   134  0   0.0%   0.043 CG:1    UA:2    +
   27    40  0   0.0%   0.036 GC:1    AU:2    +
   26    41  0   0.0%   0.029 GC:1    AU:2    +
    9   135  0   0.0%   0.044 CG:1    UG:2    +
   29    48  0   0.0%   0.027 GC:2    GU:1    +
    9    29  0   0.0%   0.057 CG:1    UG:2    +
   11    24  0   0.0%   0.015 GC:2    GU:1    +
  114   124  0   0.0%   0.000 GC:1    GU:2    +
   24    43  0   0.0%   0.212 CG:2    UA:1    +
    4   112  0   0.0%   0.028 GC:1    GU:2    +
   26   153  0   0.0%   0.148 GU:1    AU:2    +
   48   138  0   0.0%   0.557 CG:2    UG:1    +
   74    90  0   0.0%   0.002 GC:2    UA:1    +
   48   140  0   0.0%   0.199 CG:2    UG:1    +
   10    19  0   0.0%   0.009 UG:2    AU:1    +
   69    77  0   0.0%   0.038 GC:1    GU:2    +
    5   107  0   0.0%   0.023 GC:1    GU:2    +
   43   149  0   0.0%   0.668 GU:2    AU:1    +
   50   138  0   0.0%   0.391 CG:2    UG:1    +
   24   138  0   0.0%   0.897 CG:2    UG:1    +
  107   137  0   0.0%   0.587 CG:1    UG:2    +
   50    61  0   0.0%   0.000 CG:2    UG:1    +
   52    59  0   0.0%   0.000 GU:1    AU:2    +
   15    48  0   0.0%   0.194 GC:2    GU:1    +
    8    47  0   0.0%   0.030 GC:2    AU:1    +
    9    14  0   0.0%   0.010 CG:1    UG:2    +
   17    47  0   0.0%   0.077 GC:2    AU:1    +
    9   137  0   0.0%   0.044 CG:1    UG:2    +
   47   131  0   0.0%   0.004 CG:2    UG:1    +
   41   147  0   0.0%   0.243 CG:1    UG:2    +
   18   144  0   0.0%   0.064 GU:1    AU:2    +
   50   136  0   0.0%   0.616 CG:2    UG:1    +
   48   130  0   0.0%   0.005 CG:2    UG:1    +
   70    77  0   0.0%   0.073 GC:1    GU:2    +
    9   136  0   0.0%   0.044 CG:1    UG:2    +
   71    76  0   0.0%   0.042 UG:1    AU:2    +
    9    52  0   0.0%   0.043 CG:1    UA:2    +
   41   138  0   0.0%   0.292 CG:1    UG:2    +
   11    50  0   0.0%   0.032 GC:2    GU:1    +
   22   148  0   0.0%   1.366 CG:2    UG:1    +
    8    25  0   0.0%   0.005 GU:2    AU:1    +
    8    24  0   0.0%   0.005 GC:2    AU:1    +
   40   148  0   0.0%   0.759 CG:1    UG:2    +
    2    18  0   0.0%   0.009 UG:1    UA:2    +
    2    17  0   0.0%   0.009 UG:2    UA:1    +
    2    26  0   0.0%   0.009 UG:1    UA:2    +
   50    57  0   0.0%   0.000 CG:2    UG:1    +
   48   148  0   0.0%   0.924 CG:2    UG:1    +
   72    88  0   0.0%   0.001 GU:1    AU:2    +
   21   149  0   0.0%   0.662 GU:1    AU:2    +
  134   154  0   0.0%   0.429 GU:1    AU:2    +
    8    20  0   0.0%   0.004 GU:2    AU:1    +
    8    55  0   0.0%   0.029 GU:2    AU:1    +
   43   144  0   0.0%   0.068 GU:2    AU:1    +
   77    92  1   1.4%   0.344 UA:2    +
  135   143  0   0.9%   0.767 GC:3    +
  137   142  0   0.9%   0.839 GC:3    +
  136   142  0   0.9%   0.805 GC:3    +
  136   143  0   0.9%   0.881 GC:3    +
    2   148  0   0.9%   0.150 UG:3    +
  135   144  0   0.8%   0.828 GU:3    +
   16    23  1   1.2%   0.480 GC:2    +
   63    69  0   0.6%   0.113 CG:3    +
   80    87  0   0.6%   0.098 GC:2    --:1    +
   66   101  0   0.5%   0.115 CG:3    +
   62    71  1   0.9%   0.203 UA:2    +
   62    70  0   0.4%   0.119 UG:3    +
    4   153  0   0.4%   0.623 GU:3    +
   49   110  0   0.3%   0.080 UG:3    +
   14    25  0   0.3%   0.381 GU:3    +
   65   102  0   0.3%   0.059 AU:3    +
   11    25  0   0.3%   0.061 GU:3    +
    6    29  0   0.2%   0.049 CG:3    +
    3    32  0   0.2%   0.061 CG:3    +
  119   125  0   0.2%   0.088 UG:2    --:1    +
   80    90  0   0.2%   0.267 GC:2    --:1    +
   81    90  0   0.2%   0.300 GC:2    --:1    +
    2    33  0   0.2%   0.047 UA:3    +
   14    23  0   0.2%   0.040 GC:3    +
   61    66  0   0.2%   0.039 GC:3    +
   82    89  0   0.2%   0.421 UG:2    --:1    +
   70    99  0   0.2%   0.717 GC:3    +
   23   135  0   0.2%   0.260 CG:3    +
   81    88  0   0.2%   0.431 GU:2    --:1    +
   20   140  0   0.2%   0.393 UG:3    +
   57    63  0   0.1%   0.029 GC:3    +
  137   143  0   0.1%   0.814 GC:3    +
    3    11  0   0.1%   0.032 CG:3    +
  138   142  0   0.1%   0.565 GC:3    +
   20   141  0   0.1%   0.399 UA:3    +
   56    64  0   0.1%   0.025 UA:3    +
   15   143  0   0.1%   0.338 GC:3    +
   58    62  0   0.1%   0.023 AU:3    +
  136   144  0   0.1%   0.843 GU:3    +
   69    97  0   0.1%   0.061 GC:3    +
  135   145  0   0.1%   0.790 GC:3    +
   60   101  0   0.1%   0.080 CG:3    +
   79    91  0   0.1%   0.058 CG:2    --:1    +
   83    87  0   0.1%   0.269 GC:2    --:1    +
    5   154  0   0.1%   0.737 GU:3    +
  121   127  0   0.1%   0.026 UA:3    +
    6    11  0   0.1%   0.024 CG:3    +
  119   123  0   0.1%   0.015 UA:2    --:1    +
   60    69  0   0.1%   0.014 CG:3    +
  120   125  0   0.1%   0.069 UG:3    +
  119   126  0   0.1%   0.049 UG:2    --:1    +
   83    88  0   0.1%   0.208 GU:2    --:1    +
  120   127  0   0.1%   0.022 UA:3    +
  138   145  0   0.0%   0.618 GC:3    +
    3   138  0   0.0%   0.044 CG:3    +
  137   146  0   0.0%   0.875 GC:3    +
  139   144  0   0.0%   0.518 AU:3    +
    6   147  0   0.0%   0.099 CG:3    +
   23   138  0   0.0%   0.924 CG:3    +
    4   155  0   0.0%   0.650 GU:2    --:1    +
   25   136  0   0.0%   1.049 UG:3    +
    2   139  0   0.0%   0.029 UA:3    +
    2    13  0   0.0%   0.013 UA:3    +
   14   144  0   0.0%   0.309 GU:3    +
   49   136  0   0.0%   0.798 UG:3    +
   36    42  0   0.0%   0.008 CG:2    --:1    +
  115   127  0   0.0%   0.006 UA:3    +
    4   149  0   0.0%   0.100 GU:3    +
   55    65  0   0.0%   0.005 UA:3    +
   66    70  0   0.0%   0.089 CG:3    +
   11   143  0   0.0%   0.038 GC:3    +
  119   127  0   0.0%   0.030 UA:2    --:1    +
  120   128  0   0.0%   0.025 UA:3    +
   29    46  0   0.0%   0.030 GC:3    +
    5    46  0   0.0%   0.025 GC:3    +
    5   155  0   0.0%   0.673 GU:2    --:1    +
   61    98  0   0.0%   0.071 GC:3    +
   39   136  0   0.0%   0.474 CG:3    +
   68   101  0   0.0%   0.245 CG:3    +
   84    88  0   0.0%   0.197 AU:2    --:1    +
    7   155  0   0.0%   0.361 AU:2    --:1    +
  136   146  0   0.0%   0.917 GC:3    +
  137   145  0   0.0%   0.868 GC:3    +
   20   137  0   0.0%   0.008 UG:3    +
   61   103  0   0.0%   0.159 GC:3    +
   70    95  0   0.0%   0.076 GC:3    +
   36   138  0   0.0%   0.290 CG:2    --:1    +
   37   137  0   0.0%   0.406 CG:2    --:1    +
   63   101  0   0.0%   0.111 CG:3    +
   46   136  0   0.0%   0.418 CG:3    +
   67   102  0   0.0%   0.073 AU:3    +
   46   148  0   0.0%   0.922 CG:3    +
    6   138  0   0.0%   0.028 CG:3    +
  121   125  0   0.0%   0.062 UG:3    +
   15   145  0   0.0%   0.386 GC:3    +
   14   146  0   0.0%   0.374 GC:3    +
   83    90  0   0.0%   0.055 GC:2    --:1    +
  138   144  0   0.0%   0.625 GU:3    +
   62    69  0   0.0%   0.063 UG:3    +
   11   145  0   0.0%   0.101 GC:3    +
   13   149  0   0.0%   0.863 AU:3    +
   11   150  0   0.0%   0.912 GC:3    +
  119   128  0   0.0%   0.037 UA:2    --:1    +
   39   135  0   0.0%   0.454 CG:3    +
  103   140  0   0.0%   0.018 CG:3    +
  102   141  0   0.0%   0.035 UA:3    +
   57    66  0   0.0%   0.011 GC:3    +
  101   142  0   0.0%   0.127 GC:3    +
   37   138  0   0.0%   0.290 CG:2    --:1    +
   35   139  0   0.0%   0.315 UA:3    +
   68    91  0   0.0%   0.056 CG:3    +
  108   135  0   0.0%   0.568 CG:3    +
   53    61  0   0.0%   0.002 CG:3    +
   51    63  0   0.0%   0.002 GC:3    +
  105   138  0   0.0%   0.407 UG:3    +
  148   154  0   0.0%   0.904 GU:3    +
  100   143  0   0.0%   0.261 GC:3    +
   56    67  0   0.0%   0.010 UA:3    +
  138   153  0   0.0%   0.541 GU:3    +
    3   148  0   0.0%   0.146 CG:3    +
   66   100  0   0.0%   0.063 CG:3    +
  138   154  0   0.0%   0.505 GU:3    +
  137   153  0   0.0%   0.800 GU:3    +
   46   140  0   0.0%   0.197 CG:3    +
    3   137  0   0.0%   0.034 CG:3    +
  148   153  0   0.0%   0.940 GU:3    +
   61    97  0   0.0%   0.069 GC:3    +
    3   136  0   0.0%   0.033 CG:3    +
   59    70  0   0.0%   0.001 UG:3    +
   13    49  0   0.0%   0.144 AU:3    +
   69    95  0   0.0%   0.039 GC:3    +
   63   100  0   0.0%   0.140 CG:3    +
    3   135  0   0.0%   0.033 CG:3    +
   37    42  0   0.0%   0.005 CG:2    --:1    +
  136   154  0   0.0%   0.811 GU:3    +
  139   153  0   0.0%   0.502 AU:3    +
   39   148  0   0.0%   0.798 CG:3    +
  147   154  0   0.0%   0.404 GU:3    +
    4    23  0   0.0%   0.012 GC:3    +
    5   142  0   0.0%   0.024 GC:3    +
    4   143  0   0.0%   0.028 GC:3    +
   62   101  0   0.0%   0.137 UG:3    +
   46   110  0   0.0%   0.004 CG:3    +
   15   144  0   0.0%   0.323 GU:3    +
    3    14  0   0.0%   0.018 CG:3    +
    2   138  0   0.0%   0.023 UG:3    +
   78    88  0   0.0%   0.002 GU:3    +
   57   102  0   0.0%   0.011 GU:3    +
  143   148  0   0.0%   1.137 CG:3    +
   25   139  0   0.0%   0.947 UA:3    +
  148   155  0   0.0%   0.838 GU:2    --:1    +
    2   137  0   0.0%   0.022 UG:3    +
  135   142  0   0.0%   0.647 GC:3    +
    6   140  0   0.0%   0.023 CG:3    +
   36    43  0   0.0%   0.008 CG:2    --:1    +
    2   136  0   0.0%   0.022 UG:3    +
   14   145  0   0.0%   0.368 GC:3    +
   15    25  0   0.0%   0.369 GU:3    +
   11   154  0   0.0%   0.162 GU:3    +
   37    45  0   0.0%   0.046 CG:2    --:1    +
    6   135  0   0.0%   0.022 CG:3    +
   12   155  0   0.0%   0.088 GU:2    --:1    +
   15   146  0   0.0%   0.390 GC:3    +
    5    23  0   0.0%   0.008 GC:3    +
  115   125  0   0.0%   0.001 UG:3    +
   13   153  0   0.0%   0.308 AU:3    +
   77    84  0   0.0%   0.001 UA:2    --:1    +
  147   153  0   0.0%   0.441 GU:3    +
   39   137  0   0.0%   0.466 CG:3    +
   13   154  0   0.0%   0.271 AU:3    +
   82    91  0   0.0%   0.404 UG:2    --:1    +
   39   138  0   0.0%   0.349 CG:3    +
    2    15  0   0.0%   0.009 UG:3    +
   11   153  0   0.0%   0.199 GU:3    +
   11   155  0   0.0%   0.097 GU:2    --:1    +
    6   137  0   0.0%   0.023 CG:3    +
    8   155  0   0.0%   0.654 GU:2    --:1    +
   11   142  0   0.0%   0.034 GC:3    +
  133   147  0   0.0%   0.245 CG:3    +
    6   136  0   0.0%   0.023 CG:3    +
  147   155  0   0.0%   0.338 GU:2    --:1    +
  135   155  0   0.0%   0.711 GU:2    --:1    +
   32    39  0   0.0%   0.015 GC:3    +
   64   102  0   0.0%   0.015 AU:3    +
   14   142  0   0.0%   0.190 GC:3    +
  133   148  0   0.0%   0.743 CG:3    +
   29    39  0   0.0%   0.015 GC:3    +
    2    11  0   0.0%   0.001 UG:3    +
  132   149  0   0.0%   0.663 GU:3    +
    5   146  0   0.0%   0.156 GC:3    +
    6    14  0   0.0%   0.006 CG:3    +
   46   147  0   0.0%   0.422 CG:3    +
  131   150  0   0.0%   0.823 GC:3    +
  136   153  0   0.0%   0.847 GU:3    +
    6   110  0   0.0%   0.022 CG:3    +
    5   111  0   0.0%   0.023 GC:3    +
  137   154  0   0.0%   0.763 GU:3    +
   11   144  0   0.0%   0.035 GU:3    +
  138   155  0   0.0%   0.439 GU:2    --:1    +
   62   104  0   0.0%   0.816 UA:3    +
   82    93  0   0.0%   0.654 UA:2    --:1    +
  139   154  0   0.0%   0.464 AU:3    +
   81    94  0   0.0%   0.418 GC:2    --:1    +
   79    83  0   0.0%   0.000 CG:2    --:1    +
   69   146  0   0.0%   0.491 GC:3    +
   70   145  0   0.0%   0.540 GC:3    +
    3    15  0   0.0%   0.017 CG:3    +
   68   147  0   0.0%   0.437 CG:3    +
  135   154  0   0.0%   0.775 GU:3    +
   80    95  0   0.0%   0.308 GC:2    --:1    +
   49   137  0   0.0%   0.788 UG:3    +
   26   155  0   0.0%   0.047 AU:2    --:1    +
   11    23  0   0.0%   0.015 GC:3    +
   46   135  0   0.0%   0.398 CG:3    +
   59    64  0   0.0%   0.009 UA:3    +
   62   100  0   0.0%   0.167 UG:3    +
   11    46  0   0.0%   0.032 GC:3    +
   37    43  0   0.0%   0.006 CG:2    --:1    +
  113   125  0   0.0%   0.000 CG:3    +
   49   139  0   0.0%   0.514 UA:3    +
   68    89  0   0.0%   0.055 CG:3    +
   56    65  0   0.0%   0.010 UA:3    +
   51    60  0   0.0%   0.000 GC:3    +
   59   100  0   0.0%   0.001 UG:3    +
   68    78  0   0.0%   0.055 CG:3    +
   69    88  0   0.0%   0.038 GU:3    +
  142   147  0   0.0%   0.415 CG:3    +
    4   108  0   0.0%   0.027 GC:3    +
    6   106  0   0.0%   0.022 CG:3    +
  140   145  0   0.0%   0.196 GC:3    +
  108   136  0   0.0%   0.596 CG:3    +
    6    15  0   0.0%   0.006 CG:3    +
  105   139  0   0.0%   0.348 UA:3    +
    4   145  0   0.0%   0.028 GC:3    +
   61   105  0   0.0%   0.190 GU:3    +
  140   146  0   0.0%   0.194 GC:3    +
   11    49  0   0.0%   0.032 GU:3    +
   34   150  0   0.0%   0.885 GC:3    +
  138   146  0   0.0%   0.613 GC:3    +
   11   133  0   0.0%   0.032 GC:3    +
  111   131  0   0.0%   0.000 CG:3    +
   46   132  0   0.0%   0.004 CG:3    +
   14    49  0   0.0%   0.187 GU:3    +
   66    91  0   0.0%   0.015 CG:3    +
   46    51  0   0.0%   0.003 CG:3    +
   59    65  0   0.0%   0.002 UA:3    +
  121   128  0   0.0%   0.022 UA:3    +
   60    70  0   0.0%   0.005 CG:3    +
   82    92  0   0.0%   0.578 UA:2    --:1    +
   20   136  0   0.0%   0.005 UG:3    +
   36   137  0   0.0%   0.405 CG:2    --:1    +
   23   147  0   0.0%   0.872 CG:3    +
   63    78  0   0.0%   0.092 CG:3    +
   59   104  0   0.0%   0.706 UA:3    +
   58   149  0   0.0%   0.675 AU:3    +
   59   148  0   0.0%   0.747 UG:3    +
  134   155  0   0.0%   0.364 AU:2    --:1    +
   60   147  0   0.0%   0.297 CG:3    +
   57   150  0   0.0%   0.836 GC:3    +
   11    20  0   0.0%   0.015 GU:3    +
    2   147  0   0.0%   0.025 UG:3    +
   61   146  0   0.0%   0.280 GC:3    +
   57    99  0   0.0%   0.010 GC:3    +
   37   136  0   0.0%   0.411 CG:2    --:1    +
   56   100  0   0.0%   0.009 UG:3    +
   15    20  0   0.0%   0.001 GU:3    +
   91    97  0   0.0%   0.162 GC:3    +
  135   153  0   0.0%   0.812 GU:3    +
   64   105  0   0.0%   0.045 AU:3    +
   63   106  0   0.0%   0.094 CG:3    +
   49   147  0   0.0%   0.441 UG:3    +
  136   155  0   0.0%   0.745 GU:2    --:1    +
   14   153  0   0.0%   0.354 GU:3    +
  138   150  0   0.0%   1.254 GC:3    +
   35   141  0   0.0%   0.012 UA:3    +
   13    20  0   0.0%   0.002 AU:3    +
   49    58  0   0.0%   0.019 UA:3    +
   36   140  0   0.0%   0.015 CG:2    --:1    +
   23   140  0   0.0%   0.647 CG:3    +
   34   142  0   0.0%   0.142 GC:3    +
   61   108  0   0.0%   0.154 GC:3    +
   61   102  0   0.0%   0.158 GU:3    +
   25   137  0   0.0%   1.039 UG:3    +
   76    83  0   0.0%   0.000 UG:2    --:1    +
   35   138  0   0.0%   0.288 UG:3    +
   14   150  0   0.0%   1.069 GC:3    +
   13   155  0   0.0%   0.207 AU:2    --:1    +
    3   140  0   0.0%   0.036 CG:3    +
   37   147  0   0.0%   0.239 CG:2    --:1    +
   66   148  0   0.0%   0.779 CG:3    +
   56   101  0   0.0%   0.009 UG:3    +
   36   148  0   0.0%   0.738 CG:2    --:1    +
   77    83  0   0.0%   0.000 UG:2    --:1    +
   59    67  0   0.0%   0.001 UA:3    +
    6    57  0   0.0%   0.022 CG:3    +
  139   149  0   0.0%   0.977 AU:3    +
   76    84  0   0.0%   0.000 UA:2    --:1    +
   14    20  0   0.0%   0.001 GU:3    +
   11   149  0   0.0%   0.751 GU:3    +
  132   145  0   0.0%   0.122 GC:3    +
   60   106  0   0.0%   0.058 CG:3    +
   65   149  0   0.0%   0.681 AU:3    +
  131   146  0   0.0%   0.127 GC:3    +
   27   155  0   0.0%   0.048 AU:2    --:1    +
  135   150  0   0.0%   1.527 GC:3    +
    4    46  0   0.0%   0.026 GC:3    +
   36    45  0   0.0%   0.048 CG:2    --:1    +
   10    26  1   0.5%   0.090 UA:2    +
    8    28  1   0.5%   0.078 GC:2    +
    7   149  1   0.3%   0.429 AU:2    +
    2   152  1   0.3%   0.121 UA:2    +
  118   126  1   0.3%   0.091 CG:2    +
    5    30  1   0.2%   0.051 GC:2    +
    4    31  1   0.2%   0.055 GC:2    +
   16    25  1   0.2%   0.427 GU:2    +
   16   142  1   0.2%   0.326 GC:2    +
   12    24  1   0.2%   0.046 GC:2    +
    4    10  1   0.1%   0.026 GU:2    +
    2    12  1   0.1%   0.017 UG:2    +
  122   126  1   0.1%   0.040 CG:2    +
    5   151  1   0.1%   0.688 GU:2    +
   17    23  1   0.1%   0.288 GC:2    +
   16    24  1   0.1%   0.410 GC:2    +
    3    12  1   0.0%   0.030 CG:2    +
    3     8  1   0.0%   0.012 CG:2    +
  121   126  1   0.0%   0.033 UG:2    +
    7   154  1   0.0%   0.425 AU:2    +
    8   146  1   0.0%   0.107 GC:2    +
    8   151  1   0.0%   1.078 GU:2    +
    9   152  1   0.0%   0.430 UA:2    +
   10    27  1   0.0%   0.072 UA:2    +
   34    44  1   0.0%   0.076 GC:2    +
  117   124  1   0.0%   0.006 AU:2    +
   17   142  1   0.0%   0.156 GC:2    +
    8   142  1   0.0%   0.034 GC:2    +
  120   126  1   0.0%   0.031 UG:2    +
   12   142  1   0.0%   0.030 GC:2    +
    7   144  1   0.0%   0.005 AU:2    +
   19    24  1   0.0%   0.215 GC:2    +
   10   148  1   0.0%   0.909 UG:2    +
   11    28  1   0.0%   0.058 GC:2    +
   11   151  1   0.0%   0.527 GU:2    +
    7   153  1   0.0%   0.455 AU:2    +
    9   141  1   0.0%   0.047 UA:2    +
    6    45  1   0.0%   0.024 CG:2    +
   19   142  1   0.0%   0.086 GC:2    +
    8   143  1   0.0%   0.034 GC:2    +
   12   150  1   0.0%   0.905 GC:2    +
    6    12  1   0.0%   0.017 CG:2    +
   75    95  1   0.0%   0.164 GC:2    +
    5    10  1   0.0%   0.016 GU:2    +
  116   124  1   0.0%   0.002 AU:2    +
   64    96  1   0.0%   0.010 AU:2    +
   16   144  1   0.0%   0.300 GU:2    +
   16   143  1   0.0%   0.307 GC:2    +
   10   140  1   0.0%   0.040 UG:2    +
   17   143  1   0.0%   0.147 GC:2    +
   12    47  1   0.0%   0.026 GC:2    +
   77    85  1   0.0%   0.002 UA:2    +
   69    90  1   0.0%   0.039 GC:2    +
   12    25  1   0.0%   0.039 GU:2    +
   44   138  1   0.0%   0.300 CG:2    +
   74    88  1   0.0%   0.003 GU:2    +
   10   139  1   0.0%   0.041 UA:2    +
   12   149  1   0.0%   0.742 GU:2    +
    2     7  1   0.0%   0.001 UA:2    +
   10    17  1   0.0%   0.009 UG:2    +
   45   149  1   0.0%   0.709 GU:2    +
   16    46  1   0.0%   0.227 GC:2    +
   12    46  1   0.0%   0.025 GC:2    +
   19    23  1   0.0%   0.225 GC:2    +
   70    94  1   0.0%   0.074 GC:2    +
   42    48  1   0.0%   0.007 GC:2    +
   38    44  1   0.0%   0.012 GC:2    +
   74    96  1   0.0%   0.900 GU:2    +
   12   154  1   0.0%   0.153 GU:2    +
  138   151  1   0.0%   0.867 GU:2    +
   76    89  1   0.0%   0.002 UG:2    +
   71    88  1   0.0%   0.043 AU:2    +
   33    41  1   0.0%   0.037 AU:2    +
   39    43  1   0.0%   0.066 CG:2    +
   12    50  1   0.0%   0.024 GC:2    +
    7    20  1   0.0%   0.001 AU:2    +
    8   145  1   0.0%   0.098 GC:2    +
   16   145  1   0.0%   0.361 GC:2    +
   78    87  1   0.0%   0.002 GC:2    +
   42   133  1   0.0%   0.006 GC:2    +
  116   121  1   0.0%   0.000 AU:2    +
   70    90  1   0.0%   0.074 GC:2    +
   19    25  1   0.0%   0.193 GU:2    +
    7    49  1   0.0%   0.001 AU:2    +
   68    74  1   0.0%   0.055 CG:2    +
   12   146  1   0.0%   0.206 GC:2    +
   46   109  1   0.0%   0.004 CG:2    +
   16    20  1   0.0%   0.001 GU:2    +
   17    30  1   0.0%   0.089 GC:2    +
   65    96  1   0.0%   0.003 AU:2    +
   12   144  1   0.0%   0.028 GU:2    +
   12   153  1   0.0%   0.189 GU:2    +
   74    98  1   0.0%   0.508 GC:2    +
   75    97  1   0.0%   0.213 GC:2    +
   45    49  1   0.0%   0.065 GU:2    +
   30    38  1   0.0%   0.015 CG:2    +
   44   140  1   0.0%   0.024 CG:2    +
   68    75  1   0.0%   0.055 CG:2    +
   10   134  1   0.0%   0.038 UA:2    +
   25    42  1   0.0%   0.192 UG:2    +
   10   141  1   0.0%   0.040 UA:2    +
  109   133  1   0.0%   0.025 GC:2    +
   42    49  1   0.0%   0.024 GU:2    +
  115   126  1   0.0%   0.000 UG:2    +
   12   143  1   0.0%   0.029 GC:2    +
   12    22  1   0.0%   0.011 GC:2    +
    8    30  1   0.0%   0.044 GC:2    +
   71   144  1   0.0%   0.424 AU:2    +
   12    48  1   0.0%   0.025 GC:2    +
   66    75  1   0.0%   0.015 CG:2    +
  116   120  1   0.0%   0.000 AU:2    +
   16    28  1   0.0%   0.250 GC:2    +
   12    23  1   0.0%   0.011 GC:2    +
   17    46  1   0.0%   0.076 GC:2    +
   10   138  1   0.0%   0.042 UG:2    +
   16    47  1   0.0%   0.227 GC:2    +
   42   150  1   0.0%   0.827 GC:2    +
   10    29  1   0.0%   0.052 UG:2    +
   44   148  1   0.0%   0.747 CG:2    +
    3   109  1   0.0%   0.032 CG:2    +
    9   139  1   0.0%   0.045 UA:2    +
   70    87  1   0.0%   0.073 GC:2    +
    2    16  1   0.0%   0.009 UG:2    +
   67    96  1   0.0%   0.049 AU:2    +
   42   146  1   0.0%   0.132 GC:2    +
   16    48  1   0.0%   0.226 GC:2    +
   17   145  1   0.0%   0.199 GC:2    +
   39    45  1   0.0%   0.106 CG:2    +
   16   146  1   0.0%   0.365 GC:2    +
   76    91  1   0.0%   0.002 UG:2    +
    7   105  1   0.0%   0.001 AU:2    +
    3    16  1   0.0%   0.017 CG:2    +
   45    50  1   0.0%   0.046 GC:2    +
    3    17  1   0.0%   0.017 CG:2    +
   65    76  1   0.0%   0.002 AU:2    +
   70    76  1   0.0%   0.073 GU:2    +
   19   143  1   0.0%   0.075 GC:2    +
    8    53  1   0.0%   0.029 GC:2    +
   64    77  1   0.0%   0.009 AU:2    +
   43   145  1   0.0%   0.128 GC:2    +
    7    25  1   0.0%   0.001 AU:2    +
   10    51  1   0.0%   0.037 UG:2    +
   45   133  1   0.0%   0.046 GC:2    +
  130   151  1   0.0%   0.435 GU:2    +
   66    74  1   0.0%   0.015 CG:2    +
   77    86  1   0.0%   0.001 UA:2    +
  147   151  1   0.0%   0.844 GU:2    +
   13   151  1   0.0%   0.636 AU:2    +
  112   126  1   0.0%   0.000 UG:2    +
   75    96  1   0.0%   0.797 GU:2    +
   45   150  1   0.0%   0.868 GC:2    +
   10   136  1   0.0%   0.038 UG:2    +
   28   135  1   0.0%   0.465 CG:2    +
   42   145  1   0.0%   0.127 GC:2    +
   40   139  1   0.0%   0.335 UA:2    +
   17    28  1   0.0%   0.101 GC:2    +
   74    97  1   0.0%   0.316 GC:2    +
   60   109  1   0.0%   0.082 CG:2    +
    9    13  1   0.0%   0.012 UA:2    +
   10   135  1   0.0%   0.038 UG:2    +
   10   137  1   0.0%   0.038 UG:2    +
   25    45  1   0.0%   0.193 UG:2    +
    7    56  1   0.0%   0.001 AU:2    +
   42   143  1   0.0%   0.075 GC:2    +
  117   121  1   0.0%   0.000 AU:2    +
   43   142  1   0.0%   0.085 GC:2    +
   92    96  1   0.0%   0.919 AU:2    +
...(((...((((((......((((..(((((((....)))))))....((((((.(((((.......((..(((((((((.....)))))).))))))))))))))))((((((..(......)..))))))))))....))))))))).....
