3 sequence; length of alignment 127
alifold output
   48    70  0  99.9%   0.003 CG:3   
   47    71  0  99.9%   0.004 UA:3   
   45    73  0  99.4%   0.017 GC:3   
   25    85  0  99.4%   0.031 CG:3   
   26    84  0  99.4%   0.038 GC:3   
   27    83  0  99.4%   0.027 AU:3   
   24    86  0  99.4%   0.030 UA:3   
   28    82  0  99.3%   0.039 CG:3   
   23    87  0  99.3%   0.024 CG:3   
   40    79  0  99.2%   0.062 CG:3   
   46    72  1  99.6%   0.012 AU:2   
   41    78  0  99.0%   0.088 AU:3   
   39    80  0  99.0%   0.076 CG:3   
   29    81  0  98.3%   0.095 CG:3   
   42    77  1  97.8%   0.122 AU:2   
   43    76  0  96.0%   0.153 AU:3   
   49    69  0  92.5%   0.290 UG:1    UA:2   
   15    95  0  74.1%   0.673 CG:3   
   16    94  0  74.0%   0.679 AU:3   
   14    96  0  73.7%   0.825 GC:3   
   17    93  0  73.5%   0.713 GC:3   
  102   122  0  72.4%   1.239 CG:2    UG:1   
  101   123  0  72.4%   1.414 UA:3   
  100   124  0  72.2%   1.105 GU:3   
   99   125  0  72.1%   0.842 AU:3   
   98   126  0  71.9%   0.904 GC:3   
  103   121  1  70.4%   1.257 CG:2   
   44    74  0  50.9%   1.031 UA:3    +
   19    90  0  50.0%   1.217 GC:3    +
   20    89  0  50.0%   1.239 GC:3    +
   44    75  0  47.9%   1.402 UA:3   
   54    63  1  47.2%   1.178 CG:2    +
   53    64  1  45.8%   1.073 AU:2    +
   52    65  0  41.2%   1.120 UA:3    +
   20    90  0  39.7%   1.981 GC:3   
   95   113  0  25.2%   1.303 GC:3    +
   93   115  0  25.2%   1.302 CG:3    +
   94   114  0  25.2%   1.297 UA:3    +
   96   112  0  24.9%   1.303 CG:3    +
   92   116  0  24.0%   1.082 UA:3    +
   12   122  0  19.6%   1.315 CG:1    UG:2    +
   13   121  0  19.7%   1.292 CG:3    +
   14   120  0  19.6%   1.343 GU:3    +
   15   119  0  19.6%   1.191 CG:3    +
   91   117  0  19.6%   0.978 AU:3    +
   11   123  0  16.9%   1.104 UA:3    +
  100   109  0  15.5%   0.990 GC:3    +
  101   108  0  14.2%   0.934 UA:3    +
  109   115  0  12.4%   1.462 CG:3    +
  109   119  0   6.0%   1.621 CG:3    +
   30    36  0   5.9%   0.581 GC:3    +
  108   120  0   5.9%   1.319 AU:3    +
   12    20  0   4.8%   0.591 CG:1    UG:2    +
   13    19  0   4.8%   0.592 CG:3    +
   11    21  0   4.6%   0.440 UA:3    +
   56    63  0   3.5%   0.821 UG:2    UA:1    +
    5    13  0   4.4%   0.428 GC:3    +
   14    18  0   4.2%   0.429 GC:3    +
   32    37  0   4.2%   0.425 CG:3    +
    6    12  1   4.1%   0.408 GC:1    GU:1    +
   10    22  0   3.4%   0.355 UA:3    +
  113   119  0   3.3%   1.404 CG:3    +
  112   120  0   3.3%   1.473 GU:3    +
   55    64  1   3.2%   0.687 AU:2    +
    5   102  0   1.5%   0.383 GC:2    GU:1    +
    7   100  0   1.5%   0.216 CG:2    UG:1    +
   90   121  0   2.3%   1.385 CG:3    +
   89   122  0   2.3%   1.105 CG:3    +
   56    61  0   2.2%   0.352 UG:3    +
  111   117  0   1.1%   0.663 GU:2    AU:1    +
   54    61  0   2.0%   0.266 CG:3    +
    3   111  0   0.0%   0.016 CG:1    UG:1    UA:1    +
   89   119  0   1.9%   0.987 CG:3    +
   57    61  0   1.8%   0.408 CG:3    +
   88   120  0   1.8%   0.631 GU:3    +
   91   120  0   1.8%   0.961 AU:3    +
   12    98  0   0.7%   0.450 CG:1    UG:2    +
  107   117  0   1.6%   0.587 AU:3    +
   52    67  0   0.5%   0.472 UG:1    UA:2    +
   57    63  1   2.0%   0.813 CG:2    +
   33    37  0   1.5%   0.346 CG:3    +
   30    34  0   1.5%   0.204 GC:3    +
    4   103  1   1.3%   0.215 CG:1    GC:1    +
   49    68  0   1.3%   0.188 UA:3    +
    8    99  0   1.3%   0.186 UA:3    +
   52    63  0   0.3%   0.072 UG:2    UA:1    +
    7    88  0   0.2%   0.056 CG:2    UG:1    +
    7    17  0   0.2%   0.035 CG:2    UG:1    +
    5    12  0   0.1%   0.033 GC:1    GU:2    +
  111   120  0   0.1%   0.841 GU:2    AU:1    +
    3    20  0   0.1%   0.017 CG:1    UG:2    +
    9    98  0   1.1%   0.154 UG:3    +
  104   111  0   0.1%   0.041 UG:2    UA:1    +
    7    14  0   0.1%   0.025 CG:2    UG:1    +
    7   112  0   0.1%   0.107 CG:2    UG:1    +
    8   111  0   0.1%   0.090 UG:2    UA:1    +
   58    64  0   0.1%   0.561 GC:1    GU:2    +
    3   122  0   0.0%   0.028 CG:1    UG:2    +
  102   115  0   0.0%   0.439 CG:2    UG:1    +
    7   119  0   0.0%   0.106 CG:2    UG:1    +
    7    26  0   0.0%   0.032 CG:2    UG:1    +
    7   122  0   0.0%   0.114 CG:2    UG:1    +
   49    67  0   0.0%   0.019 UG:1    UA:2    +
   52    69  0   0.0%   0.513 UG:1    UA:2    +
   12    19  0   0.0%   0.151 CG:1    UG:2    +
    3   121  0   0.0%   0.018 CG:1    UG:2    +
   64    69  0   0.0%   0.549 CG:1    UA:2    +
  101   111  0   0.0%   0.390 UG:2    UA:1    +
   56    67  0   0.0%   0.236 UG:1    UA:2    +
    2   122  0   0.0%   0.003 CG:1    UG:1    --:1    +
    7   121  0   0.0%   0.106 CG:2    UG:1    +
  111   124  0   0.0%   0.377 GU:2    AU:1    +
   12   121  0   0.0%   0.353 CG:1    UG:2    +
   49    63  0   0.0%   0.014 UG:2    UA:1    +
  102   121  0   0.0%   0.536 CG:2    UG:1    +
    2   112  0   0.0%   0.001 CG:1    UG:1    --:1    +
    2   121  0   0.0%   0.002 CG:1    UG:1    --:1    +
   56    69  0   0.0%   0.285 UG:1    UA:2    +
    7    95  0   0.0%   0.031 CG:2    UG:1    +
   98   102  0   0.0%   0.174 GC:2    GU:1    +
  102   112  0   0.0%   0.459 CG:2    UG:1    +
    3   115  0   0.0%   0.016 CG:1    UG:2    +
   67    78  0   0.0%   0.118 GU:1    AU:2    +
   69    76  0   0.0%   0.149 GU:1    AU:2    +
    2    14  0   0.0%   0.000 CG:1    UG:1    --:1    +
  111   125  0   0.0%   0.388 GU:2    AU:1    +
    7   115  0   0.0%   0.099 CG:2    UG:1    +
    2    17  0   0.0%   0.001 CG:1    UG:1    --:1    +
    3    30  0   0.0%   0.014 CG:1    UG:2    +
   12   100  0   0.0%   0.426 CG:1    UG:2    +
    2   111  0   0.0%   0.001 CG:1    UG:1    --:1    +
    3    17  0   0.0%   0.001 CG:1    UG:2    +
    3    14  0   0.0%   0.000 CG:1    UG:2    +
    7    20  0   0.0%   0.026 CG:2    UG:1    +
    2    20  0   0.0%   0.001 CG:1    UG:1    --:1    +
    3    19  0   0.0%   0.001 CG:1    UG:2    +
   60    82  0   0.0%   0.059 CG:2    UG:1    +
    2    19  0   0.0%   0.000 CG:1    UG:1    --:1    +
   12    17  0   0.0%   0.151 CG:1    UG:2    +
   82   102  0   0.0%   0.109 GC:2    GU:1    +
    9   111  0   0.0%   0.071 UG:2    UA:1    +
    2    30  0   0.0%   0.001 CG:1    UG:1    --:1    +
    3    88  0   0.0%   0.014 CG:1    UG:2    +
   12   112  0   0.0%   0.348 CG:1    UG:2    +
    2   115  0   0.0%   0.001 CG:1    UG:1    --:1    +
    3    26  0   0.0%   0.009 CG:1    UG:2    +
    3   119  0   0.0%   0.016 CG:1    UG:2    +
   12   119  0   0.0%   0.347 CG:1    UG:2    +
   12   115  0   0.0%   0.345 CG:1    UG:2    +
   10   111  0   0.0%   0.148 UG:2    UA:1    +
    2   100  0   0.0%   0.001 CG:1    UG:1    --:1    +
    3   112  0   0.0%   0.015 CG:1    UG:2    +
   60    70  0   0.0%   0.048 CG:2    UG:1    +
    7    19  0   0.0%   0.021 CG:2    UG:1    +
   37    60  0   0.0%   0.221 GC:2    GU:1    +
  102   119  0   0.0%   0.557 CG:2    UG:1    +
    7    82  0   0.0%   0.017 CG:2    UG:1    +
    2   119  0   0.0%   0.001 CG:1    UG:1    --:1    +
   61    66  0   1.0%   0.402 GC:3    +
    6   101  1   1.4%   0.377 GU:2    +
   60    67  1   0.9%   0.159 CG:1    UA:1    +
   98   109  0   0.7%   0.218 GC:3    +
   33    80  0   0.7%   0.171 CG:3    +
   34    79  0   0.7%   0.167 CG:3    +
   35    78  0   0.6%   0.096 AU:3    +
   18    95  0   0.6%   0.481 CG:3    +
   17    96  0   0.6%   0.581 GC:3    +
   19    94  0   0.6%   0.845 GU:3    +
   20    93  0   0.6%   1.208 GC:3    +
   42    76  0   0.6%   0.097 AU:3    +
  110   117  0   0.6%   0.553 AU:3    +
  105   119  1   1.1%   0.646 UG:2    +
  101   107  0   0.6%   0.162 UA:3    +
  117   123  0   0.6%   1.187 UA:3    +
   11    99  0   0.6%   0.306 UA:3    +
  118   122  0   0.6%   0.911 CG:3    +
  108   117  0   0.6%   0.786 AU:3    +
   92   119  0   0.5%   0.920 UG:3    +
   36   119  0   0.5%   0.584 CG:3    +
   35   120  0   0.5%   0.444 AU:3    +
   34   121  0   0.5%   0.517 CG:3    +
   33   122  0   0.5%   0.527 CG:3    +
   37   118  0   0.5%   0.338 GC:3    +
   82    89  0   0.5%   0.470 GC:3    +
   81    90  0   0.5%   0.856 GC:3    +
  116   124  0   0.5%   0.681 AU:3    +
   29    37  0   0.5%   0.097 CG:3    +
   21    92  0   0.5%   0.261 AU:3    +
  112   118  0   0.5%   0.588 GC:3    +
  115   126  0   0.5%   0.999 GC:3    +
  110   120  0   0.5%   0.794 AU:3    +
   83    88  0   0.5%   0.114 UG:3    +
    5   126  0   0.5%   0.340 GC:3    +
  116   125  0   0.4%   0.732 AU:3    +
  109   121  0   0.4%   1.527 CG:3    +
  115   125  0   0.4%   0.948 GU:3    +
   50    58  0   0.4%   0.066 CG:3    +
   17   118  0   0.4%   0.362 GC:3    +
  111   118  1   0.9%   0.272 GC:2    +
   52    68  0   0.4%   0.535 UA:3    +
  112   117  0   0.4%   0.975 GU:3    +
   58    62  1   0.8%   0.163 GC:2    +
   32    81  0   0.3%   0.213 CG:3    +
   13    98  0   0.3%   0.447 CG:3    +
   19    92  0   0.3%   0.572 GU:3    +
   51    58  0   0.3%   0.070 CG:3    +
   38   117  0   0.2%   0.054 AU:3    +
  102   111  1   0.2%   0.116 CG:1    UG:1    +
  114   120  0   0.2%   1.215 AU:3    +
   10   100  0   0.2%   0.235 UG:3    +
  113   121  0   0.2%   1.246 CG:3    +
    5    90  0   0.2%   0.222 GC:3    +
  100   113  0   0.2%   0.767 GC:3    +
  101   112  0   0.2%   0.786 UG:3    +
   49    59  0   0.2%   0.039 UA:3    +
  101   106  0   0.2%   0.100 UA:3    +
    5    29  0   0.2%   0.208 GC:3    +
   51    61  0   0.2%   0.060 CG:3    +
   50    61  0   0.2%   0.054 CG:3    +
    5    25  0   0.2%   0.190 GC:3    +
   18    88  0   0.2%   0.197 CG:3    +
   17    89  0   0.2%   0.057 GC:3    +
   17    92  0   0.1%   0.053 GU:3    +
    8    16  0   0.1%   0.027 UA:3    +
   13    20  0   0.1%   0.475 CG:3    +
   33    81  0   0.1%   0.158 CG:3    +
  106   117  0   0.1%   0.382 AU:3    +
   32    82  0   0.1%   0.185 CG:3    +
   18   119  0   0.1%   0.538 CG:3    +
   19   118  0   0.1%   0.602 GC:3    +
    5    18  0   0.1%   0.171 GC:3    +
   11    22  0   0.1%   0.286 UA:3    +
  104   119  0   0.1%   0.511 UG:3    +
  121   126  0   0.1%   1.066 GC:3    +
   58    66  0   0.1%   0.103 GC:3    +
   90   119  0   0.1%   1.206 CG:3    +
   98   118  0   0.1%   0.224 GC:3    +
   19    29  0   0.1%   0.184 GC:3    +
   20    28  0   0.1%   0.197 GC:3    +
   56    65  0   0.1%   0.582 UA:3    +
   18    30  0   0.1%   0.175 CG:3    +
   10    98  0   0.1%   0.186 UG:3    +
   99   117  0   0.1%   0.463 AU:3    +
   17   120  0   0.1%   0.656 GU:3    +
   52    59  0   0.1%   0.029 UA:3    +
   34    80  0   0.1%   0.149 CG:3    +
   11   100  0   0.1%   0.279 UG:3    +
  104   116  0   0.1%   0.375 UA:3    +
   30    84  0   0.1%   0.269 GC:3    +
    9   110  0   0.1%   0.074 UA:3    +
  106   120  0   0.1%   0.536 AU:3    +
   56    68  0   0.1%   0.296 UA:3    +
  107   120  0   0.1%   0.616 AU:3    +
   10   123  0   0.1%   0.162 UA:3    +
    9    99  0   0.0%   0.124 UA:3    +
   88   124  0   0.0%   0.144 GU:3    +
   29    85  0   0.0%   0.078 CG:3    +
   88   118  0   0.0%   0.121 GC:3    +
   89   121  0   0.0%   0.846 CG:3    +
   32    80  0   0.0%   0.144 CG:3    +
  104   121  0   0.0%   0.734 UG:3    +
  101   116  0   0.0%   0.747 UA:3    +
   17   117  0   0.0%   0.304 GU:3    +
  104   115  0   0.0%   0.373 UG:3    +
    8   123  0   0.0%   0.092 UA:3    +
   30   126  0   0.0%   0.299 GC:3    +
    8    27  0   0.0%   0.026 UA:3    +
    9    26  0   0.0%   0.027 UG:3    +
  120   127  0   0.0%   0.848 UA:3    +
   33    79  0   0.0%   0.071 CG:3    +
   19    89  0   0.0%   0.192 GC:3    +
   52    61  0   0.0%   0.036 UG:3    +
  119   126  0   0.0%   1.125 GC:3    +
   54    58  0   0.0%   0.046 CG:3    +
   16   117  0   0.0%   0.241 AU:3    +
    8    26  0   0.0%   0.029 UG:3    +
   23    88  0   0.0%   0.039 CG:3    +
    9   122  0   0.0%   0.082 UG:3    +
   93   122  0   0.0%   1.063 CG:3    +
   94   121  0   0.0%   1.058 UG:3    +
    9    22  0   0.0%   0.009 UA:3    +
   95   120  0   0.0%   1.110 GU:3    +
   92   123  0   0.0%   0.742 UA:3    +
   10    21  0   0.0%   0.014 UA:3    +
   96   119  0   0.0%   1.079 CG:3    +
    5    10  0   0.0%   0.007 GU:3    +
   38    76  0   0.0%   0.007 AU:3    +
   57    70  0   0.0%   0.161 CG:3    +
   15   121  0   0.0%   0.883 CG:3    +
  100   117  0   0.0%   0.739 GU:3    +
   91   124  0   0.0%   0.403 AU:3    +
   30    39  0   0.0%   0.252 GC:3    +
   56    71  0   0.0%   0.218 UA:3    +
    8   121  0   0.0%   0.090 UG:3    +
   13   122  0   0.0%   0.980 CG:3    +
    5    11  0   0.0%   0.008 GU:3    +
   11    98  0   0.0%   0.215 UG:3    +
   17    32  0   0.0%   0.017 GC:3    +
  109   122  0   0.0%   1.469 CG:3    +
    9   127  0   0.0%   0.076 UA:3    +
   10    99  0   0.0%   0.191 UA:3    +
   15   122  0   0.0%   0.888 CG:3    +
   99   104  0   0.0%   0.109 AU:3    +
  112   126  0   0.0%   0.823 GC:3    +
   34    81  0   0.0%   0.149 CG:3    +
    9   123  0   0.0%   0.077 UA:3    +
    8   100  0   0.0%   0.139 UG:3    +
   37    78  0   0.0%   0.260 GU:3    +
   36    79  0   0.0%   0.208 CG:3    +
    8   127  0   0.0%   0.089 UA:3    +
   11    20  0   0.0%   0.022 UG:3    +
  104   112  0   0.0%   0.394 UG:3    +
   16   120  0   0.0%   0.563 AU:3    +
   88   126  0   0.0%   0.177 GC:3    +
    5   118  0   0.0%   0.267 GC:3    +
  105   111  1   0.0%   0.038 UG:1    UA:1    +
  106   124  0   0.0%   0.273 AU:3    +
    8    87  0   0.0%   0.019 UG:3    +
   37    76  0   0.0%   0.225 GU:3    +
   33    82  0   0.0%   0.124 CG:3    +
   88    96  0   0.0%   0.312 GC:3    +
   19    25  0   0.0%   0.168 GC:3    +
   89    95  0   0.0%   0.658 CG:3    +
   18    26  0   0.0%   0.168 CG:3    +
   20   126  0   0.0%   0.957 GC:3    +
   11   122  0   0.0%   0.208 UG:3    +
   28    87  0   0.0%   0.038 CG:3    +
   17    90  0   0.0%   0.040 GC:3    +
   21   125  0   0.0%   0.201 AU:3    +
   37    84  0   0.0%   0.239 GC:3    +
   38    83  0   0.0%   0.018 AU:3    +
   36    85  0   0.0%   0.183 CG:3    +
  101   110  0   0.0%   0.387 UA:3    +
   10   122  0   0.0%   0.159 UG:3    +
   10   121  0   0.0%   0.153 UG:3    +
   13   119  0   0.0%   0.327 CG:3    +
   14    25  0   0.0%   0.163 GC:3    +
   13    26  0   0.0%   0.321 CG:3    +
   17    23  0   0.0%   0.014 GC:3    +
   16    24  0   0.0%   0.022 AU:3    +
  113   122  0   0.0%   1.184 CG:3    +
   42    78  0   0.0%   0.099 AU:3    +
   14   118  0   0.0%   0.384 GC:3    +
   86   125  0   0.0%   0.030 AU:3    +
  108   124  0   0.0%   0.723 AU:3    +
   39    82  0   0.0%   0.030 CG:3    +
   34    87  0   0.0%   0.115 CG:3    +
   33    88  0   0.0%   0.136 CG:3    +
    5   120  0   0.0%   0.267 GU:3    +
  104   114  0   0.0%   0.361 UA:3    +
  107   125  0   0.0%   0.363 AU:3    +
   10   127  0   0.0%   0.154 UA:3    +
  107   124  0   0.0%   0.349 AU:3    +
   85   126  0   0.0%   0.052 GC:3    +
    5    15  0   0.0%   0.154 GC:3    +
   40    81  0   0.0%   0.057 CG:3    +
    9   100  0   0.0%   0.126 UG:3    +
    5     9  0   0.0%   0.002 GU:3    +
   52    58  0   0.0%   0.040 UG:3    +
   22   124  0   0.0%   0.129 AU:3    +
  104   110  0   0.0%   0.011 UA:3    +
   50    70  0   0.0%   0.048 CG:3    +
  100   104  0   0.0%   0.088 GU:3    +
    8    22  0   0.0%   0.012 UA:3    +
  106   125  0   0.0%   0.286 AU:3    +
   49    71  0   0.0%   0.149 UA:3    +
   51    70  0   0.0%   0.034 CG:3    +
  110   124  0   0.0%   0.315 AU:3    +
    5   125  0   0.0%   0.268 GU:3    +
  115   120  0   0.0%   1.456 GU:3    +
   10    14  0   0.0%   0.020 UG:3    +
   36    81  0   0.0%   0.216 CG:3    +
   36    80  0   0.0%   0.213 CG:3    +
   19   126  0   0.0%   0.601 GC:3    +
  122   126  0   0.0%   1.035 GC:3    +
   24    87  0   0.0%   0.027 UG:3    +
   11   121  0   0.0%   0.202 UG:3    +
   20   125  0   0.0%   0.936 GU:3    +
    9    86  0   0.0%   0.009 UA:3    +
    5   113  0   0.0%   0.264 GC:3    +
   39    81  0   0.0%   0.060 CG:3    +
    9    21  0   0.0%   0.006 UA:3    +
    9    14  0   0.0%   0.017 UG:3    +
   30   125  0   0.0%   0.272 GU:3    +
   20    24  0   0.0%   0.178 GU:3    +
    5   124  0   0.0%   0.267 GU:3    +
   21   124  0   0.0%   0.185 AU:3    +
  110   125  0   0.0%   0.327 AU:3    +
   40    80  0   0.0%   0.063 CG:3    +
  104   108  0   0.0%   0.282 UA:3    +
   13    30  0   0.0%   0.313 CG:3    +
   84    88  0   0.0%   0.065 CG:3    +
   49    65  0   0.0%   0.015 UA:3    +
   14    29  0   0.0%   0.164 GC:3    +
   87   124  0   0.0%   0.016 GU:3    +
   20   118  0   0.0%   0.949 GC:3    +
   10    20  0   0.0%   0.016 UG:3    +
   88   125  0   0.0%   0.155 GU:3    +
   26   126  0   0.0%   0.062 GC:3    +
   41    76  0   0.0%   0.004 AU:3    +
   17    28  0   0.0%   0.025 GC:3    +
   20    92  0   0.0%   0.915 GU:3    +
   28    81  0   0.0%   0.020 CG:3    +
   27   125  0   0.0%   0.033 AU:3    +
   20   117  0   0.0%   0.925 GU:3    +
    5    28  0   0.0%   0.170 GC:3    +
   25    30  0   0.0%   0.030 CG:3    +
   16    92  0   0.0%   0.011 AU:3    +
    5   109  0   0.0%   0.263 GC:3    +
   11    19  0   0.0%   0.013 UG:3    +
   87   126  0   0.0%   0.053 GC:3    +
   10   108  0   0.0%   0.144 UA:3    +
   38    78  0   0.0%   0.037 AU:3    +
   32    79  0   0.0%   0.135 CG:3    +
  116   120  0   0.0%   1.188 AU:3    +
   21   117  0   0.0%   0.189 AU:3    +
   43    78  0   0.0%   0.086 AU:3    +
   39    79  0   0.0%   0.041 CG:3    +
   22    92  0   0.0%   0.178 AU:3    +
   19    93  0   0.0%   0.754 GC:3    +
   29    80  0   0.0%   0.045 CG:3    +
   36    82  0   0.0%   0.185 CG:3    +
   90   122  0   0.0%   1.299 CG:3    +
   15    98  0   0.0%   0.336 CG:3    +
  100   118  0   0.0%   0.458 GC:3    +
  114   125  0   0.0%   0.626 AU:3    +
   29    82  0   0.0%   0.069 CG:3    +
  104   123  0   0.0%   0.577 UA:3    +
    8   122  0   0.0%   0.092 UG:3    +
   11   107  0   0.0%   0.193 UA:3    +
   15    20  0   0.0%   0.173 CG:3    +
    9   121  0   0.0%   0.073 UG:3    +
   10   107  0   0.0%   0.143 UA:3    +
   49    58  0   0.0%   0.001 UG:3    +
    9    16  0   0.0%   0.011 UA:3    +
    7   111  1   0.0%   0.093 CG:1    UG:1    +
   25   122  0   0.0%   0.355 CG:3    +
   15    19  0   0.0%   0.159 CG:3    +
   11   127  0   0.0%   0.498 UA:3    +
   24   123  0   0.0%   0.330 UA:3    +
   27   120  0   0.0%   0.344 AU:3    +
    5   104  0   0.0%   0.263 GU:3    +
   32    88  0   0.0%   0.190 CG:3    +
    9   107  0   0.0%   0.062 UA:3    +
   33    87  0   0.0%   0.119 CG:3    +
   28   119  0   0.0%   0.357 CG:3    +
   66    79  0   0.0%   0.098 CG:3    +
   32   122  0   0.0%   0.501 CG:3    +
  115   124  0   0.0%   0.869 GU:3    +
   11   108  0   0.0%   0.193 UA:3    +
    8   110  0   0.0%   0.075 UA:3    +
   10   106  0   0.0%   0.143 UA:3    +
    9   115  0   0.0%   0.067 UG:3    +
  100   126  0   0.0%   0.904 GC:3    +
    8   116  0   0.0%   0.081 UA:3    +
   25    87  0   0.0%   0.028 CG:3    +
   13    17  0   0.0%   0.157 CG:3    +
   11   106  0   0.0%   0.192 UA:3    +
  112   125  0   0.0%   0.800 GU:3    +
  112   124  0   0.0%   0.789 GU:3    +
    9   108  0   0.0%   0.062 UA:3    +
   98   104  0   0.0%   0.109 GU:3    +
  101   114  0   0.0%   0.743 UA:3    +
   10   116  0   0.0%   0.144 UA:3    +
   37    48  0   0.0%   0.221 GC:3    +
   98   125  0   0.0%   0.173 GU:3    +
   38    47  0   0.0%   0.000 AU:3    +
    9   116  0   0.0%   0.067 UA:3    +
   10   115  0   0.0%   0.145 UG:3    +
   45    57  0   0.0%   0.001 GC:3    +
    8    21  0   0.0%   0.013 UA:3    +
   46    56  0   0.0%   0.000 AU:3    +
   99   124  0   0.0%   0.122 AU:3    +
   10   114  0   0.0%   0.143 UA:3    +
   11   115  0   0.0%   0.193 UG:3    +
   87   125  0   0.0%   0.033 GU:3    +
    9    20  0   0.0%   0.013 UG:3    +
   45    54  0   0.0%   0.001 GC:3    +
    9    27  0   0.0%   0.015 UA:3    +
   81    89  0   0.0%   0.420 GC:3    +
   35    83  0   0.0%   0.044 AU:3    +
    8   114  0   0.0%   0.080 UA:3    +
    8   108  0   0.0%   0.075 UA:3    +
   14    32  0   0.0%   0.151 GC:3    +
   47    55  0   0.0%   0.001 UA:3    +
   10    19  0   0.0%   0.010 UG:3    +
   14   126  0   0.0%   0.735 GC:3    +
  108   125  0   0.0%   0.734 AU:3    +
   98   120  0   0.0%   0.654 GU:3    +
  104   122  0   0.0%   0.716 UG:3    +
   24    88  0   0.0%   0.044 UG:3    +
   44    55  0   0.0%   0.000 UA:3    +
   10    26  0   0.0%   0.139 UG:3    +
  119   125  0   0.0%   1.118 GU:3    +
   49    55  0   0.0%   0.001 UA:3    +
   13   100  0   0.0%   0.404 CG:3    +
    9   106  0   0.0%   0.061 UA:3    +
   33   121  0   0.0%   0.441 CG:3    +
   45    84  0   0.0%   0.018 GC:3    +
   46    83  0   0.0%   0.017 AU:3    +
   98   113  0   0.0%   0.498 GC:3    +
   40    45  0   0.0%   0.000 CG:3    +
   25    88  0   0.0%   0.045 CG:3    +
   23    30  0   0.0%   0.018 CG:3    +
    5    23  0   0.0%   0.159 GC:3    +
   11   114  0   0.0%   0.192 UA:3    +
   83    87  0   0.0%   0.024 UG:3    +
   49    61  0   0.0%   0.014 UG:3    +
   49    70  0   0.0%   0.147 UG:3    +
   18   122  0   0.0%   0.538 CG:3    +
   11    16  0   0.0%   0.016 UA:3    +
   47    82  0   0.0%   0.018 UG:3    +
   48    81  0   0.0%   0.048 CG:3    +
    8    17  0   0.0%   0.019 UG:3    +
   26    89  0   0.0%   0.398 GC:3    +
   48    61  0   0.0%   0.000 CG:3    +
    8   107  0   0.0%   0.075 UA:3    +
   40    87  0   0.0%   0.020 CG:3    +
   39    88  0   0.0%   0.041 CG:3    +
   18   121  0   0.0%   0.533 CG:3    +
   80    90  0   0.0%   0.782 GC:3    +
   44    85  0   0.0%   0.707 UG:3    +
   37    57  0   0.0%   0.221 GC:3    +
   13   115  0   0.0%   0.323 CG:3    +
    8    19  0   0.0%   0.016 UG:3    +
   36    58  0   0.0%   0.168 CG:3    +
   58    84  0   0.0%   0.104 GC:3    +
   59    83  0   0.0%   0.032 AU:3    +
   10    17  0   0.0%   0.014 UG:3    +
   57    85  0   0.0%   0.165 CG:3    +
   51    79  0   0.0%   0.078 CG:3    +
   50    80  0   0.0%   0.100 CG:3    +
   10    16  0   0.0%   0.013 UA:3    +
   43    56  0   0.0%   0.000 AU:3    +
   28    88  0   0.0%   0.052 CG:3    +
  114   124  0   0.0%   0.614 AU:3    +
    8   106  0   0.0%   0.075 UA:3    +
   15    88  0   0.0%   0.019 CG:3    +
   38    56  0   0.0%   0.000 AU:3    +
   49    80  0   0.0%   0.200 UG:3    +
   50    79  0   0.0%   0.092 CG:3    +
   19    28  0   0.0%   0.168 GC:3    +
   14    89  0   0.0%   0.164 GC:3    +
    5    24  0   0.0%   0.159 GU:3    +
   49    53  0   0.0%   0.000 UA:3    +
   48    58  0   0.0%   0.000 CG:3    +
   56    86  0   0.0%   0.219 UA:3    +
  100   125  0   0.0%   0.883 GU:3    +
   15    30  0   0.0%   0.017 CG:3    +
   95   109  0   0.0%   0.256 GC:3    +
   94   110  0   0.0%   0.259 UA:3    +
   93    98  0   0.0%   0.366 CG:3    +
   29    87  0   0.0%   0.075 CG:3    +
  101   115  0   0.0%   0.744 UG:3    +
   84   100  0   0.0%   0.096 CG:3    +
   98   117  0   0.0%   0.486 GU:3    +
  104   127  0   0.0%   0.033 UA:3    +
   85    90  0   0.0%   0.766 GC:3    +
   14   124  0   0.0%   0.703 GU:3    +
   20    25  0   0.0%   0.180 GC:3    +
   47    59  0   0.0%   0.000 UA:3    +
   44    58  0   0.0%   0.000 UG:3    +
   19   117  0   0.0%   0.565 GU:3    +
   30    40  0   0.0%   0.249 GC:3    +
   10   110  0   0.0%   0.148 UA:3    +
   92    99  0   0.0%   0.158 UA:3    +
   87   118  0   0.0%   0.069 GC:3    +
   26    32  0   0.0%   0.021 GC:3    +
    8   115  0   0.0%   0.081 UG:3    +
   15   100  0   0.0%   0.312 CG:3    +
   89   112  0   0.0%   0.406 CG:3    +
   88   113  0   0.0%   0.058 GC:3    +
  119   124  0   0.0%   1.087 GU:3    +
  117   122  0   0.0%   1.243 UG:3    +
    8    14  0   0.0%   0.015 UG:3    +
    5    89  0   0.0%   0.182 GC:3    +
   96   115  0   0.0%   0.954 CG:3    +
   17    94  0   0.0%   0.483 GU:3    +
    9   114  0   0.0%   0.066 UA:3    +
   88   117  0   0.0%   0.074 GU:3    +
    9    17  0   0.0%   0.012 UG:3    +
   82    96  0   0.0%   0.300 GC:3    +
   14   101  0   0.0%   0.442 GU:3    +
   85    93  0   0.0%   0.269 GC:3    +
   86    92  0   0.0%   0.061 AU:3    +
   83    95  0   0.0%   0.292 UG:3    +
   86   120  0   0.0%   0.364 AU:3    +
   96   122  0   0.0%   1.060 CG:3    +
   10    85  0   0.0%   0.121 UG:3    +
   30   124  0   0.0%   0.256 GU:3    +
   13    95  0   0.0%   0.302 CG:3    +
  121   125  0   0.0%   1.047 GU:3    +
   99   120  0   0.0%   0.615 AU:3    +
  117   121  0   0.0%   1.293 UG:3    +
   26   118  0   0.0%   0.056 GC:3    +
   25   119  0   0.0%   0.349 CG:3    +
   94    99  0   0.0%   0.359 UA:3    +
   93   100  0   0.0%   0.342 CG:3    +
  101   122  0   0.0%   0.851 UG:3    +
   84   122  0   0.0%   0.376 CG:3    +
   14    94  0   0.0%   0.151 GU:3    +
   83   123  0   0.0%   0.349 UA:3    +
   11   116  0   0.0%   0.193 UA:3    +
   45    51  0   0.0%   0.000 GC:3    +
   26    90  0   0.0%   0.753 GC:3    +
   82   124  0   0.0%   0.047 GU:3    +
   17   126  0   0.0%   0.356 GC:3    +
   18   115  0   0.0%   0.197 CG:3    +
   35    44  0   0.0%   0.000 AU:3    +
    9   112  0   0.0%   0.071 UG:3    +
   34    45  0   0.0%   0.063 CG:3    +
   90    95  0   0.0%   1.010 CG:3    +
   23   122  0   0.0%   0.347 CG:3    +
   23   121  0   0.0%   0.342 CG:3    +
   28   122  0   0.0%   0.363 CG:3    +
    8   112  0   0.0%   0.085 UG:3    +
   30    90  0   0.0%   0.981 GC:3    +
   17    29  0   0.0%   0.025 GC:3    +
   14   113  0   0.0%   0.385 GC:3    +
   15   112  0   0.0%   0.234 CG:3    +
   29   121  0   0.0%   0.397 CG:3    +
    5   101  0   0.0%   0.197 GU:3    +
   18   112  0   0.0%   0.200 CG:3    +
   17   113  0   0.0%   0.297 GC:3    +
   45    50  0   0.0%   0.000 GC:3    +
   34    85  0   0.0%   0.112 CG:3    +
    8    88  0   0.0%   0.029 UG:3    +
   30    83  0   0.0%   0.255 GU:3    +
   24    91  0   0.0%   0.018 UA:3    +
   36    61  0   0.0%   0.168 CG:3    +
   81   125  0   0.0%   0.095 GU:3    +
   11   110  0   0.0%   0.196 UA:3    +
   92   112  0   0.0%   0.059 UG:3    +
   16   125  0   0.0%   0.253 AU:3    +
   13   112  0   0.0%   0.326 CG:3    +
    5    96  0   0.0%   0.196 GC:3    +
   14    93  0   0.0%   0.151 GC:3    +
   37    73  0   0.0%   0.221 GC:3    +
    8    98  0   0.0%   0.017 UG:3    +
   10   119  0   0.0%   0.147 UG:3    +
   54    70  0   0.0%   0.439 CG:3    +
   24   121  0   0.0%   0.349 UG:3    +
  117   127  0   0.0%   0.586 UA:3    +
   11    17  0   0.0%   0.016 UG:3    +
    9    88  0   0.0%   0.021 UG:3    +
   36    45  0   0.0%   0.167 CG:3    +
   27   117  0   0.0%   0.021 AU:3    +
   35    76  0   0.0%   0.000 AU:3    +
   10   112  0   0.0%   0.148 UG:3    +
    9    30  0   0.0%   0.018 UG:3    +
   80    89  0   0.0%   0.427 GC:3    +
   28    85  0   0.0%   0.032 CG:3    +
   17   124  0   0.0%   0.324 GU:3    +
   79    90  0   0.0%   0.774 GC:3    +
    5    84  0   0.0%   0.182 GC:3    +
   86   124  0   0.0%   0.011 AU:3    +
   53    76  0   0.0%   0.432 AU:3    +
   58    73  0   0.0%   0.097 GC:3    +
   47    70  0   0.0%   0.000 UG:3    +
   93   119  0   0.0%   1.073 CG:3    +
   25   121  0   0.0%   0.350 CG:3    +
   41    77  1   0.4%   0.075 AU:2    +
    6   125  1   0.2%   0.311 GU:2    +
   12    99  1   0.2%   0.461 UA:2    +
   97   112  1   0.2%   0.401 CG:2    +
    6    89  1   0.2%   0.218 GC:2    +
    6    28  1   0.2%   0.204 GC:2    +
   50    63  1   0.2%   0.070 CG:2    +
    4    30  1   0.2%   0.063 CG:2    +
    4    14  1   0.2%   0.030 CG:2    +
    4    26  1   0.1%   0.051 CG:2    +
    6   126  1   0.1%   0.335 GC:2    +
    6    24  1   0.1%   0.185 GU:2    +
    6    13  1   0.1%   0.300 GC:2    +
   12    21  1   0.1%   0.458 UA:2    +
    6    18  1   0.1%   0.177 GC:2    +
    4    19  1   0.1%   0.029 CG:2    +
    4    20  1   0.1%   0.038 CG:2    +
   31    83  1   0.1%   0.023 AU:2    +
   14    97  1   0.1%   0.393 GC:2    +
    3    27  1   0.1%   0.023 UA:2    +
    6    15  1   0.1%   0.159 GC:2    +
    6   113  1   0.1%   0.272 GC:2    +
  105   115  1   0.1%   0.381 UG:2    +
    6    11  1   0.1%   0.015 GU:2    +
    4   121  1   0.0%   0.114 CG:2    +
   51    63  1   0.0%   0.050 CG:2    +
    6   102  1   0.0%   0.327 GC:2    +
   97   119  1   0.0%   0.502 CG:2    +
    5   103  1   0.0%   0.327 GC:2    +
    3    21  1   0.0%   0.016 UA:2    +
    4   122  1   0.0%   0.118 CG:2    +
  105   110  1   0.0%   0.020 UA:2    +
  105   114  1   0.0%   0.367 UA:2    +
   31   125  1   0.0%   0.032 AU:2    +
    6   120  1   0.0%   0.271 GU:2    +
  100   105  1   0.0%   0.094 GU:2    +
  103   112  1   0.0%   0.446 CG:2    +
   37    77  1   0.0%   0.228 GU:2    +
    3   123  1   0.0%   0.024 UA:2    +
   99   105  1   0.0%   0.112 AU:2    +
    6    97  1   0.0%   0.197 GC:2    +
    5    97  1   0.0%   0.199 GC:2    +
   12   123  1   0.0%   0.977 UA:2    +
   98   105  1   0.0%   0.112 GU:2    +
   43    77  1   0.0%   0.091 AU:2    +
    4   119  1   0.0%   0.104 CG:2    +
  105   121  1   0.0%   0.772 UG:2    +
   38    77  1   0.0%   0.007 AU:2    +
   59    64  1   0.0%   0.492 AU:2    +
    6   124  1   0.0%   0.269 GU:2    +
   31   124  1   0.0%   0.011 AU:2    +
   96   111  1   0.0%   0.266 CG:2    +
   55    72  1   0.0%   0.117 AU:2    +
    6    10  1   0.0%   0.004 GU:2    +
   12    27  1   0.0%   0.305 UA:2    +
    4   115  1   0.0%   0.102 CG:2    +
  103   122  1   0.0%   1.000 CG:2    +
  105   116  1   0.0%   0.370 UA:2    +
  103   119  1   0.0%   0.539 CG:2    +
   64    68  1   0.0%   0.555 UA:2    +
  103   115  1   0.0%   0.417 CG:2    +
  105   112  1   0.0%   0.392 UG:2    +
    6   117  1   0.0%   0.264 GU:2    +
   98   103  1   0.0%   0.171 GC:2    +
   12    31  1   0.0%   0.297 UA:2    +
    3   116  1   0.0%   0.016 UA:2    +
   87    97  1   0.0%   0.020 GC:2    +
  111   126  1   0.0%   0.407 GC:2    +
    3   106  1   0.0%   0.015 UA:2    +
    6    23  1   0.0%   0.157 GC:2    +
    6    96  1   0.0%   0.192 GC:2    +
   24    31  1   0.0%   0.012 UA:2    +
   97   115  1   0.0%   0.371 CG:2    +
    6   104  1   0.0%   0.259 GU:2    +
  105   122  1   0.0%   0.756 UG:2    +
    3   107  1   0.0%   0.015 UA:2    +
    3   127  1   0.0%   0.022 UA:2    +
    3    16  1   0.0%   0.001 UA:2    +
  105   123  1   0.0%   0.616 UA:2    +
    5   105  1   0.0%   0.263 GU:2    +
    6   105  1   0.0%   0.259 GU:2    +
   68    77  1   0.0%   0.132 AU:2    +
    4    17  1   0.0%   0.011 CG:2    +
    6    25  1   0.0%   0.177 GC:2    +
   35    77  1   0.0%   0.000 AU:2    +
   97   121  1   0.0%   0.477 CG:2    +
    3   110  1   0.0%   0.015 UA:2    +
    4    98  1   0.0%   0.042 CG:2    +
   12   106  1   0.0%   0.344 UA:2    +
   12   127  1   0.0%   0.668 UA:2    +
    3   108  1   0.0%   0.015 UA:2    +
   12   107  1   0.0%   0.344 UA:2    +
   12   116  1   0.0%   0.344 UA:2    +
    6   118  1   0.0%   0.265 GC:2    +
    3    99  1   0.0%   0.014 UA:2    +
    4    88  1   0.0%   0.042 CG:2    +
   93   111  1   0.0%   0.264 CG:2    +
   81   103  1   0.0%   0.136 GC:2    +
   12   114  1   0.0%   0.344 UA:2    +
   13   111  1   0.0%   0.326 CG:2    +
   62    80  1   0.0%   0.095 CG:2    +
    3   114  1   0.0%   0.015 UA:2    +
   90   111  1   0.0%   0.760 CG:2    +
   97   122  1   0.0%   0.478 CG:2    +
   81    97  1   0.0%   0.082 GC:2    +
  105   127  1   0.0%   0.072 UA:2    +
    6    29  1   0.0%   0.191 GC:2    +
   45    72  1   0.0%   0.000 GU:2    +
   17    97  1   0.0%   0.300 GC:2    +
    6   109  1   0.0%   0.259 GC:2    +
   31    78  1   0.0%   0.001 AU:2    +
    3    91  1   0.0%   0.014 UA:2    +
    3    22  1   0.0%   0.009 UA:2    +
   12    16  1   0.0%   0.150 UA:2    +
   38    72  1   0.0%   0.000 AU:2    +
    6    83  1   0.0%   0.179 GU:2    +
   62    70  1   0.0%   0.045 CG:2    +
.............((((..(..(((((((.........(((((((((((...................))))).)))))))))))))..)..)))).((((((.................)))))).
