3 sequence; length of alignment 115
alifold output
   46    65  0 100.0%   0.001 CG:3   
   20    84  0 100.0%   0.000 CG:3   
   22    82  0 100.0%   0.001 CG:3   
   45    66  0 100.0%   0.001 CG:3   
   21    83  0 100.0%   0.001 UA:3   
   42    70  0 100.0%   0.003 GC:3   
   13    98  0  99.9%   0.006 GC:3   
   23    81  0  99.9%   0.008 GC:3   
   12    99  0  99.9%   0.010 CG:3   
   47    64  0  99.8%   0.010 GC:3   
   40    72  0  99.8%   0.008 AU:3   
   41    71  0  99.8%   0.008 UG:3   
   14    97  0  99.7%   0.014 UA:3   
   19    85  0  99.5%   0.026 AU:3   
   39    73  0  99.4%   0.023 AU:3   
   43    69  0  99.3%   0.022 AU:3   
   24    80  0  98.6%   0.048 AU:3   
   38    74  0  98.4%   0.053 AU:3   
   37    75  0  97.6%   0.120 GC:3   
   15    96  0  97.1%   0.151 CG:3   
   25    79  0  95.6%   0.137 CG:3   
   48    63  1  95.9%   0.224 GC:2   
   18    86  0  93.4%   0.226 AU:3   
   51    58  0  92.7%   0.225 CG:3   
   17    87  0  89.8%   0.353 GC:3   
   50    59  0  88.3%   0.345 UA:3   
   36    76  0  85.1%   0.515 GU:3   
   10   102  0  83.3%   0.776 CG:3   
    9   103  0  83.1%   1.074 UA:3   
    7   105  0  81.8%   1.153 UG:2    UA:1   
    8   104  0  82.5%   1.131 UA:3   
    6   106  0  79.3%   1.205 UG:1    UA:2   
   52    57  0  64.2%   0.854 AU:3   
    5   107  0  63.9%   1.450 UA:3   
   49    62  0  61.7%   1.255 UA:3   
   11   100  0  57.6%   0.960 GU:3    +
   44    67  0  50.0%   1.040 UA:3    +
   44    68  0  49.4%   1.392 UA:3   
   11   101  0  41.2%   1.419 GU:3   
   49    60  0  29.1%   1.079 UA:3    +
    6   105  0  16.1%   0.956 UG:2    UA:1    +
    5   106  0  15.8%   0.941 UG:1    UA:2    +
    7   104  0  16.0%   0.953 UA:3    +
    8   103  0  15.9%   0.945 UA:3    +
    9   102  0  14.8%   0.885 UG:3    +
    4   107  0  12.7%   0.821 UA:3    +
   16    89  0   9.7%   0.722 GU:3    +
   33    78  0   7.2%   0.841 GC:1    GU:2    +
   16    91  0   8.1%   1.075 GU:3    +
   16    90  0   7.5%   0.853 GC:3    +
   17    90  0   6.5%   0.869 GC:3    +
   18    89  0   5.4%   0.798 AU:3    +
   36    77  0   4.5%   0.729 GC:3    +
    3   114  0   3.2%   0.347 CG:3    +
    4   113  0   3.2%   0.716 UG:3    +
   32    79  0   2.9%   0.377 CG:3    +
   48    61  1   2.8%   0.300 GU:1    AU:1    +
   33    77  0   2.7%   0.431 GC:3    +
   36    78  0   1.6%   0.778 GC:1    GU:2    +
    2   111  0   2.1%   0.278 GC:3    +
    2   112  0   2.0%   0.348 GC:3    +
   54    58  0   1.7%   0.282 CG:3    +
    5   105  0   0.6%   0.106 UG:2    UA:1    +
   26    33  0   1.6%   0.204 CG:3    +
    4   106  0   0.6%   0.092 UG:1    UA:2    +
   53    59  0   1.6%   0.312 UA:3    +
   27    33  0   1.5%   0.263 CG:3    +
   16    93  0   1.4%   0.849 GU:3    +
   37    77  0   1.4%   0.488 GC:3    +
   15    92  0   1.4%   0.184 CG:3    +
   27    36  0   1.4%   0.247 CG:3    +
   31    80  0   1.2%   0.205 AU:3    +
    7   106  0   0.2%   1.032 UG:1    UA:2    +
   38    76  0   1.2%   0.341 AU:3    +
    4   109  0   1.2%   0.451 UA:3    +
    8   105  0   0.1%   1.005 UG:2    UA:1    +
    4   105  0   0.0%   0.011 UG:2    UA:1    +
    8   106  0   0.0%   1.011 UG:1    UA:2    +
    9   106  0   0.0%   0.963 UG:1    UA:2    +
    9   105  0   0.0%   0.948 UG:2    UA:1    +
  101   106  0   0.0%   0.884 UG:1    UA:2    +
   48    53  0   0.0%   0.000 GU:2    AU:1    +
   48    57  0   0.0%   0.001 GU:2    AU:1    +
   37    78  0   0.0%   0.425 GC:1    GU:2    +
   48    69  0   0.0%   0.147 GU:2    AU:1    +
   89   106  0   0.0%   0.952 UG:1    UA:2    +
   34    48  0   0.0%   0.017 UG:2    UA:1    +
   65    78  0   0.0%   0.294 GC:1    GU:2    +
   16    87  0   0.9%   0.122 GC:3    +
   26    37  0   0.8%   0.191 CG:3    +
    6   104  0   0.6%   0.106 UA:3    +
    7   103  0   0.6%   0.104 UA:3    +
    8   102  0   0.6%   0.098 UG:3    +
    2   108  0   0.6%   0.097 GU:3    +
   50    60  0   0.6%   0.569 UA:3    +
    4   110  0   0.5%   0.432 UA:3    +
   35    79  0   0.5%   0.250 CG:3    +
   17    89  0   0.4%   0.414 GU:3    +
   17    86  0   0.4%   0.067 GU:3    +
    4   114  0   0.4%   0.658 UG:3    +
    3   115  0   0.3%   0.184 CG:3    +
    5   109  0   0.3%   0.720 UA:3    +
   91    95  0   0.3%   0.272 UA:3    +
   26    79  0   0.2%   0.198 CG:3    +
   50    56  0   0.2%   0.038 UA:3    +
   18    85  0   0.2%   0.038 AU:3    +
   18    93  0   0.2%   0.342 AU:3    +
   51    55  0   0.2%   0.038 CG:3    +
   88    93  0   0.2%   0.118 AU:3    +
   89    95  0   0.2%   0.458 UA:3    +
    6   107  0   0.2%   1.099 UA:3    +
   53    60  0   0.2%   0.493 UA:3    +
   89    94  0   0.2%   0.442 UA:3    +
    3   113  0   0.2%   0.036 CG:3    +
   90    96  0   0.1%   0.435 CG:3    +
    5   113  0   0.1%   0.779 UG:3    +
   25    33  0   0.1%   0.019 CG:3    +
   26    36  0   0.1%   0.085 CG:3    +
    1   108  0   0.1%   0.020 AU:3    +
   24    34  0   0.1%   0.018 AU:3    +
   32    36  0   0.1%   0.083 CG:3    +
    9   104  0   0.1%   0.944 UA:3    +
   53    58  0   0.1%   0.089 UG:3    +
   23    35  0   0.1%   0.016 GC:3    +
   17    93  0   0.1%   0.397 GU:3    +
   36    75  0   0.1%   0.085 GC:3    +
   89    97  0   0.1%   0.449 UA:3    +
   47    63  0   0.1%   0.013 GC:3    +
   30    76  0   0.1%   0.035 AU:3    +
   12    92  0   0.0%   0.011 CG:3    +
   37    76  0   0.0%   0.242 GU:3    +
   11    93  0   0.0%   0.010 GU:3    +
   18    91  0   0.0%   0.449 AU:3    +
   13    91  0   0.0%   0.009 GU:3    +
   50    62  0   0.0%   0.459 UA:3    +
    6   103  0   0.0%   0.013 UA:3    +
    5   104  0   0.0%   0.013 UA:3    +
    7   102  0   0.0%   0.012 UG:3    +
   37    74  0   0.0%   0.050 GU:3    +
    5   110  0   0.0%   0.669 UA:3    +
  111   115  0   0.0%   0.113 CG:3    +
   30    34  0   0.0%   0.021 AU:3    +
   31    76  0   0.0%   0.033 AU:3    +
  108   114  0   0.0%   0.177 UG:3    +
  108   115  0   0.0%   0.067 UG:3    +
   19    86  0   0.0%   0.097 AU:3    +
   38    73  0   0.0%   0.007 AU:3    +
   34    79  0   0.0%   0.186 UG:3    +
   27    79  0   0.0%   0.185 CG:3    +
  108   113  0   0.0%   0.170 UG:3    +
    6   109  0   0.0%   0.602 UA:3    +
   39    74  0   0.0%   0.032 AU:3    +
    3    99  0   0.0%   0.005 CG:3    +
    2   100  0   0.0%   0.005 GU:3    +
   32    71  0   0.0%   0.011 CG:3    +
   31    72  0   0.0%   0.004 AU:3    +
   30    73  0   0.0%   0.007 AU:3    +
    4   104  0   0.0%   0.005 UA:3    +
   33    70  0   0.0%   0.140 GC:3    +
   87    92  0   0.0%   0.205 CG:3    +
   14    96  0   0.0%   0.008 UG:3    +
    5   103  0   0.0%   0.005 UA:3    +
   33    76  0   0.0%   0.167 GU:3    +
    1   101  0   0.0%   0.004 AU:3    +
    6    96  0   0.0%   0.004 UG:3    +
    7    95  0   0.0%   0.004 UA:3    +
    5    97  0   0.0%   0.004 UA:3    +
   49    59  0   0.0%   0.004 UA:3    +
   39    72  0   0.0%   0.005 AU:3    +
    6   102  0   0.0%   0.005 UG:3    +
   50    58  0   0.0%   0.016 UG:3    +
   40    73  0   0.0%   0.014 AU:3    +
    8    94  0   0.0%   0.003 UA:3    +
    7   107  0   0.0%   1.068 UA:3    +
   32    37  0   0.0%   0.048 CG:3    +
   14    94  0   0.0%   0.005 UA:3    +
   15    99  0   0.0%   0.095 CG:3    +
   16    98  0   0.0%   0.729 GC:3    +
    8   107  0   0.0%   1.057 UA:3    +
    8    96  0   0.0%   0.005 UG:3    +
   35    42  0   0.0%   0.007 CG:3    +
    9    95  0   0.0%   0.004 UA:3    +
    8    95  0   0.0%   0.004 UA:3    +
    9    94  0   0.0%   0.003 UA:3    +
    7    96  0   0.0%   0.005 UG:3    +
    7    97  0   0.0%   0.005 UA:3    +
   11    98  0   0.0%   0.005 GC:3    +
   10    99  0   0.0%   0.004 CG:3    +
  100   110  0   0.0%   0.353 UA:3    +
   34    43  0   0.0%   0.018 UA:3    +
  101   109  0   0.0%   0.440 UA:3    +
   12    96  0   0.0%   0.008 CG:3    +
    6    97  0   0.0%   0.004 UA:3    +
   36    41  0   0.0%   0.073 GU:3    +
   30    80  0   0.0%   0.037 AU:3    +
   99   111  0   0.0%   0.088 GC:3    +
    6   110  0   0.0%   0.561 UA:3    +
   50    55  0   0.0%   0.002 UG:3    +
    5   114  0   0.0%   0.776 UG:3    +
  102   108  0   0.0%   0.507 GU:3    +
   17    91  0   0.0%   0.526 GU:3    +
   33    81  0   0.0%   0.427 GC:3    +
   49    58  0   0.0%   0.001 UG:3    +
    4   115  0   0.0%   0.527 UG:3    +
   91    96  0   0.0%   0.270 UG:3    +
   10    92  0   0.0%   0.001 CG:3    +
   11    91  0   0.0%   0.001 GU:3    +
   22    36  0   0.0%   0.001 CG:3    +
   98   113  0   0.0%   0.132 CG:3    +
   49    56  0   0.0%   0.001 UA:3    +
    7   109  0   0.0%   0.578 UA:3    +
    5    96  0   0.0%   0.001 UG:3    +
   19    91  0   0.0%   0.217 AU:3    +
   19    93  0   0.0%   0.088 AU:3    +
    4    97  0   0.0%   0.001 UA:3    +
    6    95  0   0.0%   0.001 UA:3    +
   20    92  0   0.0%   0.065 CG:3    +
    7    94  0   0.0%   0.001 UA:3    +
   10    96  0   0.0%   0.004 CG:3    +
   99   112  0   0.0%   0.084 GC:3    +
    3    11  0   0.0%   0.001 CG:3    +
    2    12  0   0.0%   0.001 GC:3    +
   32    82  0   0.0%   0.112 CG:3    +
   33    80  0   0.0%   0.494 GU:3    +
   13    90  0   0.0%   0.001 GC:3    +
    9    97  0   0.0%   0.004 UA:3    +
   36    64  0   0.0%   0.073 GC:3    +
   37    63  0   0.0%   0.041 GC:3    +
   35    65  0   0.0%   0.007 CG:3    +
   44    56  0   0.0%   0.001 UA:3    +
   43    57  0   0.0%   0.001 AU:3    +
   34    66  0   0.0%   0.017 UG:3    +
   92    98  0   0.0%   0.068 GC:3    +
   47    54  0   0.0%   0.001 GC:3    +
  100   107  0   0.0%   0.882 UA:3    +
   40    74  0   0.0%   0.025 AU:3    +
   14    92  0   0.0%   0.004 UG:3    +
   93    97  0   0.0%   0.104 UA:3    +
   42    69  0   0.0%   0.001 GU:3    +
    6   113  0   0.0%   0.658 UG:3    +
   99   108  0   0.0%   0.041 GU:3    +
   14    95  0   0.0%   0.004 UA:3    +
   14    88  0   0.0%   0.000 UA:3    +
   41    59  0   0.0%   0.001 UA:3    +
  101   110  0   0.0%   0.400 UA:3    +
   10   113  0   0.0%   0.283 CG:3    +
   33    75  0   0.0%   0.138 GC:3    +
   45    55  0   0.0%   0.000 CG:3    +
   16    86  0   0.0%   0.001 GU:3    +
    7   110  0   0.0%   0.538 UA:3    +
   46    66  0   0.0%   0.001 CG:3    +
   13    89  0   0.0%   0.000 GU:3    +
   25    36  0   0.0%   0.007 CG:3    +
   11   112  0   0.0%   0.766 GC:3    +
   46    55  0   0.0%   0.001 CG:3    +
   53    62  0   0.0%   0.383 UA:3    +
    9   114  0   0.0%   0.577 UG:3    +
    3    96  0   0.0%   0.001 CG:3    +
   27    37  0   0.0%   0.162 CG:3    +
    4    95  0   0.0%   0.000 UA:3    +
   82    90  0   0.0%   0.374 GC:3    +
    5    94  0   0.0%   0.000 UA:3    +
   83    89  0   0.0%   0.408 AU:3    +
  102   112  0   0.0%   0.550 GC:3    +
   37    45  0   0.0%   0.041 GC:3    +
   36    46  0   0.0%   0.072 GC:3    +
   35    47  0   0.0%   0.006 CG:3    +
   23    90  0   0.0%   0.380 GC:3    +
   38    44  0   0.0%   0.000 AU:3    +
   30    74  0   0.0%   0.005 AU:3    +
   24    89  0   0.0%   0.428 AU:3    +
   25    84  0   0.0%   0.050 CG:3    +
   17    26  0   0.0%   0.000 GC:3    +
    1     5  0   0.0%   0.000 AU:3    +
   16    27  0   0.0%   0.000 GC:3    +
   25    37  0   0.0%   0.007 CG:3    +
   15   113  0   0.0%   0.218 CG:3    +
   91    99  0   0.0%   0.230 UG:3    +
   16   112  0   0.0%   0.805 GC:3    +
   90   114  0   0.0%   0.515 CG:3    +
   91   113  0   0.0%   0.355 UG:3    +
    5   115  0   0.0%   0.664 UG:3    +
   19    89  0   0.0%   0.414 AU:3    +
   24    85  0   0.0%   0.037 AU:3    +
   92   112  0   0.0%   0.144 GC:3    +
    6   114  0   0.0%   0.662 UG:3    +
   91    97  0   0.0%   0.236 UA:3    +
   94   101  0   0.0%   0.380 AU:3    +
   84    90  0   0.0%   0.373 GC:3    +
    8   109  0   0.0%   0.566 UA:3    +
   95   100  0   0.0%   0.351 AU:3    +
   27    82  0   0.0%   0.125 CG:3    +
   34    68  0   0.0%   0.017 UA:3    +
   13   100  0   0.0%   0.324 GU:3    +
   83    91  0   0.0%   0.210 AU:3    +
   23    86  0   0.0%   0.095 GU:3    +
  101   113  0   0.0%   0.497 UG:3    +
   77    82  0   0.0%   0.298 CG:3    +
   89    96  0   0.0%   0.464 UG:3    +
    2    98  0   0.0%   0.000 GC:3    +
   33    44  0   0.0%   0.136 GU:3    +
   55    64  0   0.0%   0.015 GC:3    +
   40    69  0   0.0%   0.000 AU:3    +
   54    65  0   0.0%   0.069 CG:3    +
    1     6  0   0.0%   0.000 AU:3    +
   13   111  0   0.0%   0.087 GC:3    +
   91   104  0   0.0%   0.720 UA:3    +
   50    67  0   0.0%   0.502 UA:3    +
   49    68  0   0.0%   1.008 UA:3    +
   86    94  0   0.0%   0.091 UA:3    +
   14   114  0   0.0%   0.137 UG:3    +
   51    66  0   0.0%   0.084 CG:3    +
   31    73  0   0.0%   0.003 AU:3    +
   41    68  0   0.0%   0.001 UA:3    +
   76    83  0   0.0%   0.220 UA:3    +
    2     6  0   0.0%   0.000 GU:3    +
   14   110  0   0.0%   0.037 UA:3    +
   16    22  0   0.0%   0.000 GC:3    +
   47    70  0   0.0%   0.008 GC:3    +
   57    62  0   0.0%   0.586 UA:3    +
   15    23  0   0.0%   0.000 CG:3    +
   14    24  0   0.0%   0.000 UA:3    +
   93   102  0   0.0%   0.564 UG:3    +
   13    25  0   0.0%   0.000 GC:3    +
   42    75  0   0.0%   0.030 GC:3    +
   43    74  0   0.0%   0.029 AU:3    +
   46    71  0   0.0%   0.004 CG:3    +
    8   115  0   0.0%   0.515 UG:3    +
   23    87  0   0.0%   0.144 GC:3    +
   86    95  0   0.0%   0.091 UA:3    +
   39    76  0   0.0%   0.229 AU:3    +
   33    98  0   0.0%   0.428 GC:3    +
   32    99  0   0.0%   0.116 CG:3    +
   34    97  0   0.0%   0.025 UA:3    +
    7   113  0   0.0%   0.635 UG:3    +
   89   115  0   0.0%   0.455 UG:3    +
   35    96  0   0.0%   0.066 CG:3    +
   31   100  0   0.0%   0.402 AU:3    +
   24    86  0   0.0%   0.108 AU:3    +
   67    74  0   0.0%   0.368 AU:3    +
   66    75  0   0.0%   0.029 GC:3    +
   87    96  0   0.0%   0.172 CG:3    +
  102   111  0   0.0%   0.554 GC:3    +
   17   111  0   0.0%   0.407 GC:3    +
   68    73  0   0.0%   0.359 AU:3    +
   30   101  0   0.0%   0.388 AU:3    +
   23    32  0   0.0%   0.000 GC:3    +
   42    51  0   0.0%   0.001 GC:3    +
   41    52  0   0.0%   0.001 UA:3    +
   43    50  0   0.0%   0.001 AU:3    +
    2     7  0   0.0%   0.000 GU:3    +
   65    76  0   0.0%   0.220 GU:3    +
    3   102  0   0.0%   0.002 CG:3    +
   12   102  0   0.0%   0.476 CG:3    +
   35    55  0   0.0%   0.006 CG:3    +
   34    56  0   0.0%   0.017 UA:3    +
   36    54  0   0.0%   0.072 GC:3    +
   33    57  0   0.0%   0.136 GU:3    +
   71    77  0   0.0%   0.300 GC:3    +
   32    58  0   0.0%   0.007 CG:3    +
   12   113  0   0.0%   0.134 CG:3    +
   13   101  0   0.0%   0.371 GU:3    +
   13   112  0   0.0%   0.083 GC:3    +
   75    84  0   0.0%   0.029 CG:3    +
    1     7  0   0.0%   0.000 AU:3    +
   11    15  0   0.0%   0.000 GC:3    +
   10    16  0   0.0%   0.000 CG:3    +
   66    77  0   0.0%   0.298 GC:3    +
   17    21  0   0.0%   0.000 GU:3    +
   67    76  0   0.0%   0.567 AU:3    +
   13    93  0   0.0%   0.006 GU:3    +
   98   114  0   0.0%   0.135 CG:3    +
  100   114  0   0.0%   0.452 UG:3    +
   88   101  0   0.0%   0.379 AU:3    +
   87   102  0   0.0%   0.609 CG:3    +
   45    65  0   0.0%   0.000 CG:3    +
   90   102  0   0.0%   0.853 CG:3    +
   21    37  0   0.0%   0.000 UG:3    +
   26    84  0   0.0%   0.126 CG:3    +
   90    99  0   0.0%   0.387 CG:3    +
   17    85  0   0.0%   0.000 GU:3    +
   36    74  0   0.0%   0.073 GU:3    +
   10   115  0   0.0%   0.175 CG:3    +
  103   108  0   0.0%   0.518 AU:3    +
   49    55  0   0.0%   0.000 UG:3    +
   40    53  0   0.0%   0.000 AU:3    +
   31    74  0   0.0%   0.003 AU:3    +
    7   114  0   0.0%   0.639 UG:3    +
   85    95  0   0.0%   0.020 UA:3    +
   89   103  0   0.0%   0.917 UA:3    +
    6   115  0   0.0%   0.550 UG:3    +
    5   102  0   0.0%   0.002 UG:3    +
   86   103  0   0.0%   0.570 UA:3    +
  101   107  0   0.0%   0.929 UA:3    +
   17    25  0   0.0%   0.000 GC:3    +
   16    26  0   0.0%   0.000 GC:3    +
   31    78  1   0.5%   0.092 AU:2    +
   28    76  1   0.3%   0.050 AU:2    +
   30    78  1   0.2%   0.048 AU:2    +
   52    61  1   0.2%   0.415 AU:2    +
   29    34  1   0.1%   0.023 AU:2    +
   29    76  1   0.1%   0.034 AU:2    +
   28    34  1   0.0%   0.016 AU:2    +
    3   105  1   0.0%   0.006 CG:2    +
   29    74  1   0.0%   0.008 AU:2    +
   10   105  1   0.0%   0.659 CG:2    +
  105   112  1   0.0%   0.584 GC:2    +
   56    61  1   0.0%   0.123 AU:2    +
   55    61  1   0.0%   0.123 GU:2    +
  105   111  1   0.0%   0.588 GC:2    +
   29    80  1   0.0%   0.024 AU:2    +
   90   105  1   0.0%   0.887 CG:2    +
   28    80  1   0.0%   0.033 AU:2    +
   48    64  1   0.0%   0.142 GC:2    +
   39    61  1   0.0%   0.000 AU:2    +
   98   105  1   0.0%   0.507 CG:2    +
   38    78  1   0.0%   0.363 AU:2    +
....(((((((((((.(((((((((..........(((((((((((((((((....)))..))))).)))))))))..)))))))))........)))).)))))))........
