3 sequence; length of alignment 115
alifold output
   51    65  0 100.0%   0.002 CG:1    UG:1    UA:1   
    8   103  0 100.0%   0.000 CG:1    GC:2   
    7   104  0 100.0%   0.000 GC:1    AU:2   
   25    86  0 100.0%   0.000 CG:2    UG:1   
   31    80  0 100.0%   0.000 CG:1    UA:2   
   23    88  0 100.0%   0.001 CG:1    UG:2   
   11   100  0  99.9%   0.002 UG:2    UA:1   
   52    64  0  99.5%   0.018 GC:1    GU:2   
    5   106  0  99.4%   0.018 GC:2    AU:1   
   28    83  0 100.0%   0.000 GC:3   
   10   101  0 100.0%   0.000 GC:3   
   29    82  0 100.0%   0.000 CG:3   
   49    67  0 100.0%   0.000 GC:3   
   26    85  0 100.0%   0.000 CG:3   
   30    81  0 100.0%   0.000 GC:3   
    6   105  0 100.0%   0.000 GC:3   
   15    96  0 100.0%   0.000 CG:3   
   50    66  0 100.0%   0.001 AU:3   
    9   102  0 100.0%   0.001 UA:3   
   27    84  0 100.0%   0.001 UA:3   
   22    89  0  99.9%   0.002 UA:3   
   24    87  0  99.9%   0.002 AU:3   
   32    79  0  99.9%   0.008 GC:3   
   48    68  0  99.9%   0.004 UA:3   
   47    69  0  99.7%   0.009 UA:3   
   12    99  0  99.5%   0.016 GC:3   
   46    70  1  99.5%   0.019 CG:1    UA:1   
   16    95  1  99.8%   0.006 AU:2   
   21    90  0  99.3%   0.059 CG:3   
   17    94  0  99.2%   0.060 GC:3   
   33    78  0  99.2%   0.040 GC:3   
   20    91  0  98.3%   0.150 CG:3   
   18    93  0  98.3%   0.151 GC:3   
   14    97  0  97.7%   0.070 GU:3   
   45    71  1  95.7%   0.139 GC:2   
   53    63  0  94.2%   0.215 UA:3   
   40    74  0  71.4%   0.730 CG:1    UA:1    --:1   
   39    75  0  66.9%   1.134 GC:2    --:1   
   41    73  0  63.9%   0.965 GC:2    --:1   
   36    77  0  10.8%   0.992 GC:3    +
   36    75  0  10.2%   0.725 GC:2    --:1    +
    2   109  0   1.4%   0.196 GU:1    AU:1    --:1    +
   53    62  0   1.0%   0.142 UG:1    UA:2    +
    5   109  0   0.0%   0.069 GC:1    GU:1    AU:1    +
    3   108  1   2.3%   0.265 AU:2    +
   56    62  0   0.5%   0.128 UG:1    UA:2    +
   18    92  0   1.5%   0.188 GC:3    +
   19    91  0   1.5%   0.187 CG:3    +
   57    62  0   0.4%   0.144 UG:1    UA:2    +
   39    72  0   1.3%   0.177 GC:2    --:1    +
    2   107  0   0.2%   0.031 GC:1    AU:1    --:1    +
    2   113  0   0.1%   0.099 GU:1    AU:1    --:1    +
   36    40  0   0.1%   0.019 GC:1    GU:1    --:1    +
    2   108  0   0.1%   0.024 GU:1    AU:1    --:1    +
   41    72  0   1.0%   0.222 GC:2    --:1    +
   40    70  0   0.0%   0.012 CG:1    UA:1    --:1    +
    6   106  0   0.0%   0.008 GC:2    GU:1    +
   36    46  0   0.0%   0.012 GC:2    GU:1    +
   33    38  0   0.0%   0.001 GC:2    GU:1    +
    6   109  0   0.0%   0.062 GC:1    GU:2    +
    2   114  0   0.0%   0.084 GU:1    AU:1    --:1    +
    5   108  0   0.0%   0.129 GU:2    AU:1    +
   13    96  0   0.0%   0.000 CG:2    UG:1    +
   33    40  0   0.0%   0.000 GC:1    GU:1    --:1    +
   14    95  0   0.0%   0.000 GC:1    GU:2    +
   41    46  0   0.0%   0.013 GC:1    GU:1    --:1    +
   17    95  0   0.0%   0.047 GC:1    GU:2    +
    7   108  0   0.0%   0.121 GU:1    AU:2    +
    6   107  0   0.0%   0.013 GC:2    GU:1    +
   39    46  0   0.0%   0.003 GC:1    GU:1    --:1    +
   53    65  0   0.0%   0.104 UG:2    UA:1    +
   32    38  0   0.0%   0.000 GC:2    GU:1    +
   46    74  0   0.0%   0.247 CG:1    UA:1    --:1    +
   17    93  0   0.8%   0.111 GC:3    +
   20    90  0   0.7%   0.109 CG:3    +
   39    73  0   0.7%   0.169 GC:2    --:1    +
   41    75  0   0.7%   0.952 GC:2    --:1    +
    4   108  1   0.6%   0.178 GU:1    AU:1    +
    4   111  1   0.5%   0.110 CG:1    GC:1    +
   39    77  0   0.5%   0.694 GC:2    --:1    +
    3   112  1   0.4%   0.148 UG:1    AU:1    +
   36    78  0   0.2%   0.558 GC:3    +
   35    41  0   0.2%   0.040 CG:2    --:1    +
   56    63  0   0.2%   0.114 UA:3    +
   33    77  0   0.2%   0.031 GC:3    +
   42    75  0   0.1%   0.561 GC:1    --:2    +
   41    77  0   0.1%   0.689 GC:2    --:1    +
   41    71  0   0.1%   0.034 GC:2    --:1    +
   32    78  0   0.1%   0.017 GC:3    +
   39    71  0   0.0%   0.013 GC:2    --:1    +
    5   110  1   0.0%   0.016 GC:1    AU:1    +
   35    39  0   0.0%   0.007 CG:2    --:1    +
    5   107  1   0.0%   0.022 GC:1    GU:1    +
   52    61  0   0.0%   0.007 GC:3    +
   45    70  1   0.0%   0.006 GU:1    UG:1    +
   57    63  0   0.0%   0.092 UA:3    +
   52    59  0   0.0%   0.002 GC:3    +
   52    58  0   0.0%   0.002 GC:3    +
   36    71  0   0.0%   0.013 GC:3    +
   52    60  0   0.0%   0.002 GC:3    +
    4   114  1   0.0%   0.057 GU:1    AU:1    +
   33    79  0   0.0%   0.020 GC:3    +
   38    45  1   0.0%   0.002 CG:1    UG:1    +
   51    62  1   0.0%   0.001 UG:1    UA:1    +
   52    57  0   0.0%   0.000 GU:3    +
   39    78  0   0.0%   0.418 GC:2    --:1    +
   47    68  0   0.0%   0.000 UA:3    +
   47    70  1   0.0%   0.011 UG:1    UA:1    +
   48    69  0   0.0%   0.004 UA:3    +
   18    94  0   0.0%   0.087 GC:3    +
   36    79  0   0.0%   0.516 GC:3    +
   33    75  0   0.0%   0.000 GC:2    --:1    +
   21    88  0   0.0%   0.000 CG:3    +
   37    47  0   0.0%   0.000 AU:3    +
   22    88  0   0.0%   0.000 UG:3    +
   36    73  1   0.1%   0.042 GC:2    +
   36    72  1   0.1%   0.029 GC:2    +
   36    44  1   0.1%   0.022 GC:2    +
   35    45  1   0.0%   0.018 CG:2    +
   45    77  1   0.0%   0.332 GC:2    +
   54    64  1   0.0%   0.005 AU:2    +
    3   114  1   0.0%   0.108 AU:2    +
   33    44  1   0.0%   0.001 GC:2    +
    5   105  1   0.0%   0.000 GC:2    +
....((((((((.(((((.((((((((((((((.....(((...(((((((((.........))))))))).)))..)))))))))))))).))))).)))))))).........
