3 sequence; length of alignment 100
alifold output
   10    95  0 100.0%   0.003 GC:2    GU:1   
    6    99  0  99.8%   0.009 CG:2    UG:1   
    9    96  0 100.0%   0.003 GC:3   
    7    98  0 100.0%   0.002 GC:3   
   12    93  0  99.9%   0.005 GC:3   
   11    94  0  99.5%   0.017 UG:3   
   13    92  0  99.5%   0.021 GC:3   
    8    97  1  99.7%   0.010 UA:2   
    5   100  0  95.6%   0.131 CG:3   
   51    63  0  89.5%   0.361 GC:3   
   52    62  0  89.2%   0.308 AU:3   
   50    64  0  88.9%   0.378 GC:3   
   16    77  0  88.8%   0.346 GC:3   
   15    78  0  88.8%   0.324 AU:3   
   17    76  0  88.6%   0.326 AU:3   
   14    79  0  88.5%   0.346 GC:3   
   18    75  0  87.2%   0.640 GC:3   
   40    46  0  84.5%   0.733 GC:3   
   53    60  0  82.7%   0.527 GC:3   
   39    47  0  82.3%   0.598 CG:3   
   41    45  0  81.8%   0.879 GC:3   
   82    90  0  71.8%   1.133 GC:1    GU:2   
   83    89  0  72.5%   0.959 CG:3   
   19    73  0  13.4%   1.318 GC:3    +
   30    36  0  12.5%   0.790 GC:2    --:1    +
   19    42  0  11.3%   0.986 GC:3    +
   20    41  0  11.2%   0.958 CG:2    --:1    +
   31    35  0  11.2%   0.770 CG:2    --:1    +
   18    43  0  10.9%   0.748 GC:3    +
   21    40  0   9.7%   0.837 CG:1    UG:1    --:1    +
   45    82  0  10.2%   0.972 CG:3    +
   46    81  0  10.2%   0.899 CG:3    +
   44    83  0  10.2%   0.789 GC:3    +
   29    37  1   9.2%   0.839 GC:1    UG:1    +
   51    77  0   9.1%   0.954 GC:3    +
   52    76  0   9.1%   0.878 AU:3    +
   53    75  0   9.0%   0.997 GC:3    +
   20    26  0   8.6%   0.643 CG:2    --:1    +
   50    78  0   8.3%   0.942 GU:3    +
   19    27  1   8.4%   0.624 GC:2    +
   37    49  1   7.7%   1.128 GC:2    +
   21    25  1   4.2%   0.405 CG:1    --:1    +
   21    71  0   1.2%   0.546 CG:1    UA:1    --:1    +
   57    68  0   0.2%   0.099 CG:1    AU:1    UA:1    +
   26    38  1   2.6%   0.591 GC:2    +
   27    37  1   2.6%   0.597 CG:2    +
   29    58  0   0.0%   0.240 GC:1    AU:1    UA:1    +
   25    69  0   1.0%   0.340 CG:1    GC:1    --:1    +
   71    90  0   0.0%   0.183 GC:1    GU:1    AU:1    +
   82    86  0   1.8%   0.524 GC:3    +
   25    37  0   0.8%   0.276 CG:1    GC:1    --:1    +
   81    90  0   0.8%   0.516 GC:1    GU:2    +
   31    37  0   1.6%   0.843 CG:2    --:1    +
   30    38  0   1.6%   0.616 GC:2    --:1    +
   81    87  1   1.9%   0.536 GC:2    +
   23    39  0   1.4%   0.234 GC:2    --:1    +
   22    69  0   0.4%   0.081 CG:1    GC:1    --:1    +
   22    37  0   0.3%   0.058 CG:1    GC:1    --:1    +
   21    26  0   0.3%   0.394 CG:1    UG:1    --:1    +
   16    90  0   0.2%   0.211 GC:1    GU:2    +
   14    90  0   0.2%   0.168 GC:1    GU:2    +
   21    29  0   0.1%   0.176 CG:1    UA:1    --:1    +
   24    67  0   0.1%   0.020 GC:1    UG:1    --:1    +
   70    78  0   0.0%   0.354 GU:1    AU:2    +
   30    57  0   0.0%   0.369 GC:1    GU:1    --:1    +
   24    28  0   0.0%   0.011 GU:1    UA:1    --:1    +
   21    81  0   0.0%   0.450 CG:1    UG:1    --:1    +
   21    41  0   0.0%   0.639 CG:1    UG:1    --:1    +
   62    70  0   0.0%   0.115 UG:1    UA:2    +
   24    84  0   0.0%   0.015 GC:1    UA:1    --:1    +
   37    67  0   0.0%   0.723 CG:1    GC:2    +
    8    44  0   0.0%   0.003 CG:1    UG:2    +
   70    76  0   0.0%   0.346 GU:1    AU:2    +
   82    95  0   0.0%   0.567 GC:2    GU:1    +
    6    81  0   0.0%   0.002 CG:2    UG:1    +
   41    90  0   0.0%   0.547 GC:1    GU:2    +
   24    59  0   0.0%   0.008 GC:1    UA:1    --:1    +
   62    71  0   0.0%   0.191 UG:2    UA:1    +
   14    21  0   0.0%   0.002 GC:1    GU:1    --:1    +
    8    47  0   0.0%   0.002 CG:1    UG:2    +
   71    78  0   0.0%   0.474 GU:2    AU:1    +
   21    44  0   0.0%   0.404 CG:1    UG:1    --:1    +
   71    76  0   0.0%   0.468 GU:2    AU:1    +
   16    21  0   0.0%   0.001 GC:1    GU:1    --:1    +
   24    49  0   0.0%   0.007 GC:1    UA:1    --:1    +
    6   100  0   0.0%   0.046 CG:2    UG:1    +
   35    90  0   0.0%   0.384 GC:1    GU:1    --:1    +
    6    50  0   0.0%   0.000 CG:2    UG:1    +
    8    94  0   0.0%   0.002 CG:1    UG:2    +
    4    95  0   0.0%   0.001 GC:2    GU:1    +
    9    90  0   0.0%   0.002 GC:1    GU:2    +
   12    90  0   0.0%   0.003 GC:1    GU:2    +
    7    95  0   0.0%   0.002 GC:2    GU:1    +
   21    47  0   0.0%   0.389 CG:1    UG:1    --:1    +
   23    58  0   0.0%   0.101 GC:1    GU:1    --:1    +
   13    90  0   0.0%   0.006 GC:1    GU:2    +
   24    57  0   0.0%   0.006 GU:1    UA:1    --:1    +
   44    90  0   0.0%   0.367 GC:1    GU:2    +
   35    57  0   0.0%   0.349 GC:1    GU:1    --:1    +
    6    47  0   0.0%   0.000 CG:2    UG:1    +
   19    90  0   0.0%   0.839 GC:1    GU:2    +
   21    82  0   0.0%   0.447 CG:1    UG:1    --:1    +
   40    90  0   0.0%   0.521 GC:1    GU:2    +
    4    90  0   0.0%   0.001 GC:1    GU:2    +
   53    90  0   0.0%   0.481 GC:1    GU:2    +
   18    90  0   0.0%   0.453 GC:1    GU:2    +
   13    95  0   0.0%   0.013 GC:2    GU:1    +
   13    21  0   0.0%   0.000 GC:1    GU:1    --:1    +
   26    68  1   0.8%   0.501 CG:1    GU:1    +
   23    38  0   0.8%   0.135 GC:2    --:1    +
   39    50  0   0.7%   0.366 CG:3    +
   38    51  0   0.6%   0.364 CG:3    +
   38    44  0   0.6%   0.344 CG:3    +
   27    35  0   0.6%   0.295 CG:2    --:1    +
   47    79  0   0.5%   0.400 GC:3    +
   31    41  0   0.4%   0.650 CG:2    --:1    +
   41    86  0   0.4%   0.559 GC:3    +
   32    40  0   0.4%   0.321 CG:2    --:1    +
   30    42  0   0.4%   0.658 GC:2    --:1    +
   35    49  0   0.4%   0.369 GC:2    --:1    +
   36    53  0   0.4%   0.363 CG:2    --:1    +
   35    54  0   0.4%   0.388 GC:2    --:1    +
   66    71  1   0.9%   0.248 CG:2    +
   19    38  0   0.3%   0.283 GC:3    +
   26    37  1   0.3%   0.343 CG:1    GC:1    +
   81    86  0   0.3%   0.343 GC:3    +
   38    89  0   0.3%   0.348 CG:3    +
   49    68  1   0.3%   0.354 CG:1    AU:1    +
   19    45  0   0.2%   0.552 GC:3    +
   20    44  0   0.2%   0.511 CG:2    --:1    +
   37    90  1   0.2%   0.792 GC:1    GU:1    +
   38    47  0   0.2%   0.298 CG:3    +
   16    45  0   0.2%   0.047 GC:3    +
   18    39  0   0.2%   0.048 GC:3    +
   40    45  0   0.2%   0.369 GC:3    +
   36    41  0   0.2%   0.589 CG:2    --:1    +
   32    37  0   0.2%   0.505 CG:2    --:1    +
   35    42  0   0.2%   0.594 GC:2    --:1    +
   40    49  1   0.7%   0.733 GC:2    +
   18    46  0   0.2%   0.309 GC:3    +
   51    66  0   0.2%   0.228 GC:3    +
   59    68  1   0.2%   0.120 CG:1    AU:1    +
   19    86  0   0.2%   0.830 GC:3    +
   50    66  0   0.1%   0.215 GC:3    +
   14    46  0   0.1%   0.035 GC:3    +
   44    54  0   0.1%   0.126 GC:3    +
   45    53  0   0.1%   0.309 CG:3    +
   36    50  0   0.1%   0.317 CG:2    --:1    +
   17    78  0   0.1%   0.241 AU:3    +
   16    79  0   0.1%   0.265 GC:3    +
   18    77  0   0.1%   0.533 GC:3    +
   35    46  0   0.1%   0.347 GC:2    --:1    +
   46    51  0   0.1%   0.252 CG:3    +
   36    44  0   0.1%   0.326 CG:2    --:1    +
   23    73  0   0.1%   0.399 GC:2    --:1    +
   43    50  0   0.1%   0.324 CG:3    +
   35    45  0   0.1%   0.347 GC:2    --:1    +
   42    51  0   0.1%   0.357 CG:3    +
   50    79  0   0.1%   0.563 GC:3    +
   47    66  0   0.1%   0.224 GC:3    +
   57    71  1   0.1%   0.102 CG:1    UA:1    +
   37    45  1   0.6%   0.614 GC:2    +
   42    47  0   0.1%   0.494 CG:3    +
   19    75  0   0.1%   0.922 GC:3    +
   19    31  0   0.1%   0.227 GC:2    --:1    +
   75    81  0   0.1%   0.612 CG:3    +
   51    64  0   0.1%   0.283 GC:3    +
   50    60  0   0.1%   0.073 GC:3    +
   15    76  0   0.1%   0.016 AU:3    +
   14    77  0   0.1%   0.032 GC:3    +
   16    75  0   0.1%   0.035 GC:3    +
   19    76  0   0.1%   0.912 GU:3    +
   19    32  0   0.1%   0.231 GC:2    --:1    +
   76    80  0   0.1%   0.359 UA:3    +
   19    36  0   0.1%   0.232 GC:2    --:1    +
   16    86  0   0.1%   0.152 GC:3    +
   39    44  0   0.0%   0.166 CG:3    +
   20    82  0   0.0%   0.492 CG:2    --:1    +
   36    47  0   0.0%   0.299 CG:2    --:1    +
   19    83  0   0.0%   0.800 GC:3    +
   58    71  1   0.0%   0.088 CG:1    UA:1    +
   27    68  1   0.0%   0.398 CG:1    AU:1    +
   53    63  0   0.0%   0.316 GC:3    +
   51    75  0   0.0%   0.316 GC:3    +
   53    64  0   0.0%   0.329 GC:3    +
   50    76  0   0.0%   0.315 GU:3    +
   41    54  0   0.0%   0.497 GC:3    +
   42    53  0   0.0%   0.341 CG:3    +
   53    73  0   0.0%   0.502 GC:3    +
   38    53  0   0.0%   0.328 CG:3    +
   18    32  0   0.0%   0.010 GC:2    --:1    +
   66    82  0   0.0%   0.332 CG:3    +
   16    46  0   0.0%   0.034 GC:3    +
   81    92  0   0.0%   0.398 GC:3    +
   14    92  0   0.0%   0.156 GC:3    +
   41    46  0   0.0%   0.649 GC:3    +
   23    66  0   0.0%   0.111 GC:2    --:1    +
   44    73  0   0.0%   0.370 GC:3    +
   25    65  0   0.0%   0.185 GC:1    --:2    +
   30    39  0   0.0%   0.427 GC:2    --:1    +
   75    82  0   0.0%   0.608 CG:3    +
   55    62  0   0.0%   0.111 AU:3    +
   18    73  0   0.0%   0.279 GC:3    +
   82    92  0   0.0%   0.578 GC:3    +
   47    77  0   0.0%   0.326 GC:3    +
   62    72  0   0.0%   0.117 UA:2    --:1    +
   23    43  0   0.0%   0.350 GC:2    --:1    +
   81    93  0   0.0%   0.393 GC:3    +
   42    82  0   0.0%   0.322 CG:3    +
   43    81  0   0.0%   0.279 CG:3    +
   41    83  0   0.0%   0.480 GC:3    +
   76    81  0   0.0%   0.603 UG:3    +
   13    78  0   0.0%   0.008 GU:3    +
   14    43  0   0.0%   0.011 GC:3    +
   13    93  0   0.0%   0.016 GC:3    +
   72    76  0   0.0%   0.350 AU:2    --:1    +
   50    77  0   0.0%   0.315 GC:3    +
   12    79  0   0.0%   0.005 GC:3    +
   73    82  0   0.0%   0.536 CG:3    +
   73    81  0   0.0%   0.533 CG:3    +
   53    58  1   0.0%   0.046 GC:1    GU:1    +
   30    66  0   0.0%   0.380 GC:2    --:1    +
   19    39  0   0.0%   0.261 GC:3    +
   43    47  0   0.0%   0.447 CG:3    +
   23    85  0   0.0%   0.117 GC:1    --:2    +
   30    67  0   0.0%   0.375 GC:2    --:1    +
   30    49  0   0.0%   0.362 GC:2    --:1    +
    5    99  0   0.0%   0.005 CG:3    +
   31    44  0   0.0%   0.368 CG:2    --:1    +
   30    45  0   0.0%   0.394 GC:2    --:1    +
   18    76  0   0.0%   0.511 GU:3    +
   19    66  0   0.0%   0.512 GC:3    +
   29    68  1   0.0%   0.281 GU:1    UG:1    +
   46    50  0   0.0%   0.239 CG:3    +
   45    51  0   0.0%   0.300 CG:3    +
   18    86  0   0.0%   0.414 GC:3    +
   14    38  0   0.0%   0.005 GC:3    +
   62    68  1   0.0%   0.194 UG:1    UA:1    +
   30    60  0   0.0%   0.368 GC:2    --:1    +
   13    39  0   0.0%   0.003 GC:3    +
   43    51  0   0.0%   0.310 CG:3    +
   19    43  0   0.0%   0.739 GC:3    +
   31    40  0   0.0%   0.550 CG:2    --:1    +
   45    50  0   0.0%   0.307 CG:3    +
   10    42  0   0.0%   0.003 GC:3    +
    9    43  0   0.0%   0.003 GC:3    +
   11    41  0   0.0%   0.003 UG:3    +
   30    59  0   0.0%   0.366 GC:2    --:1    +
   72    78  0   0.0%   0.351 AU:2    --:1    +
    7    45  0   0.0%   0.003 GC:3    +
   29    69  1   0.0%   0.304 GC:1    UA:1    +
   40    54  0   0.0%   0.470 GC:3    +
   16    42  0   0.0%   0.007 GC:3    +
   11    80  0   0.0%   0.004 UA:3    +
   51    60  0   0.0%   0.068 GC:3    +
   35    39  0   0.0%   0.369 GC:2    --:1    +
   52    78  0   0.0%   0.661 AU:3    +
   14    86  0   0.0%   0.132 GC:3    +
   53    77  0   0.0%   0.772 GC:3    +
   51    79  0   0.0%   0.550 GC:3    +
   41    66  0   0.0%   0.484 GC:3    +
   18    31  0   0.0%   0.004 GC:2    --:1    +
   75    89  0   0.0%   0.379 CG:3    +
   14    42  0   0.0%   0.007 GC:3    +
   62    69  1   0.0%   0.179 UG:1    UA:1    +
   51    76  0   0.0%   0.303 GU:3    +
   83    94  0   0.0%   0.481 CG:3    +
    5    82  0   0.0%   0.003 CG:3    +
    4    83  0   0.0%   0.002 GC:3    +
   81    96  0   0.0%   0.390 GC:3    +
   19    46  0   0.0%   0.532 GC:3    +
   14    45  0   0.0%   0.009 GC:3    +
   93    99  0   0.0%   0.010 CG:3    +
   28    68  1   0.0%   0.049 AU:1    UA:1    +
   42    89  0   0.0%   0.332 CG:3    +
   35    66  0   0.0%   0.360 GC:2    --:1    +
   50    63  0   0.0%   0.064 GC:3    +
   92   100  0   0.0%   0.057 CG:3    +
   20    40  0   0.0%   0.222 CG:2    --:1    +
   23    60  0   0.0%   0.104 GC:2    --:1    +
   32    41  0   0.0%   0.329 CG:2    --:1    +
   39    89  0   0.0%   0.309 CG:3    +
   47    63  0   0.0%   0.191 GC:3    +
   18    36  0   0.0%   0.007 GC:2    --:1    +
   94    98  0   0.0%   0.008 GC:3    +
   23    45  0   0.0%   0.133 GC:2    --:1    +
   13    43  0   0.0%   0.005 GC:3    +
   30    43  0   0.0%   0.605 GC:2    --:1    +
   18    38  0   0.0%   0.008 GC:3    +
   22    61  0   0.0%   0.021 GC:1    --:2    +
   77    81  0   0.0%   0.597 CG:3    +
   23    42  0   0.0%   0.349 GC:2    --:1    +
   13    42  0   0.0%   0.004 GC:3    +
   12    43  0   0.0%   0.003 GC:3    +
   29    48  1   0.0%   0.230 GU:1    UA:1    +
   35    43  0   0.0%   0.538 GC:2    --:1    +
   13    46  0   0.0%   0.004 GC:3    +
   40    73  0   0.0%   0.728 GC:3    +
   10    45  0   0.0%   0.004 GC:3    +
   11    44  0   0.0%   0.004 UG:3    +
    9    46  0   0.0%   0.003 GC:3    +
   53    57  1   0.0%   0.042 GC:1    GU:1    +
   51    58  1   0.0%   0.057 GC:1    GU:1    +
   56    62  0   0.0%   0.109 AU:3    +
   41    73  0   0.0%   0.751 GC:3    +
   30    46  0   0.0%   0.384 GC:2    --:1    +
   40    60  0   0.0%   0.449 GC:3    +
   79    89  0   0.0%   0.174 CG:3    +
   51    62  0   0.0%   0.062 GU:3    +
   35    67  0   0.0%   0.354 GC:2    --:1    +
   32    47  0   0.0%   0.048 CG:2    --:1    +
   53    62  0   0.0%   0.309 GU:3    +
   38    50  0   0.0%   0.276 CG:3    +
   66    81  0   0.0%   0.324 CG:3    +
   28    48  1   0.0%   0.004 AU:1    UA:1    +
   77    82  0   0.0%   0.594 CG:3    +
   22    65  0   0.0%   0.021 GC:1    --:2    +
   39    53  0   0.0%   0.317 CG:3    +
   29    62  1   0.0%   0.235 GU:1    AU:1    +
   38    82  0   0.0%   0.307 CG:3    +
   19    63  0   0.0%   0.509 GC:3    +
   50    62  0   0.0%   0.062 GU:3    +
   39    81  0   0.0%   0.296 CG:3    +
   44    66  0   0.0%   0.097 GC:3    +
   14    20  0   0.0%   0.001 GC:2    --:1    +
   30    63  0   0.0%   0.366 GC:2    --:1    +
   23    46  0   0.0%   0.127 GC:2    --:1    +
   16    36  0   0.0%   0.002 GC:2    --:1    +
   16    43  0   0.0%   0.008 GC:3    +
   18    60  0   0.0%   0.274 GC:3    +
   17    62  0   0.0%   0.001 AU:3    +
   16    63  0   0.0%   0.021 GC:3    +
   40    64  0   0.0%   0.449 GC:3    +
   41    63  0   0.0%   0.470 GC:3    +
   50    73  0   0.0%   0.471 GC:3    +
   31    47  0   0.0%   0.347 CG:2    --:1    +
   28    62  1   0.0%   0.005 GU:1    AU:1    +
   18    42  0   0.0%   0.023 GC:3    +
   36    40  0   0.0%   0.519 CG:2    --:1    +
   14    32  0   0.0%   0.002 GC:2    --:1    +
   18    64  0   0.0%   0.274 GC:3    +
   40    86  0   0.0%   0.465 GC:3    +
   47    73  0   0.0%   0.486 GC:3    +
   30    54  0   0.0%   0.359 GC:2    --:1    +
   14    31  0   0.0%   0.002 GC:2    --:1    +
   16    39  0   0.0%   0.004 GC:3    +
   23    64  0   0.0%   0.104 GC:2    --:1    +
   31    53  0   0.0%   0.346 CG:2    --:1    +
   50    75  0   0.0%   0.319 GC:3    +
   77    89  0   0.0%   0.365 CG:3    +
   23    65  0   0.0%   0.103 GC:1    --:2    +
   16    32  0   0.0%   0.002 GC:2    --:1    +
   53    66  0   0.0%   0.253 GC:3    +
   62    74  0   0.0%   0.115 UA:3    +
   43    53  0   0.0%   0.295 CG:3    +
   16    38  0   0.0%   0.003 GC:3    +
   69    76  1   0.0%   0.411 GU:1    AU:1    +
   16    31  0   0.0%   0.002 GC:2    --:1    +
   19    64  0   0.0%   0.509 GC:3    +
   30    64  0   0.0%   0.368 GC:2    --:1    +
   14    39  0   0.0%   0.005 GC:3    +
   13    86  0   0.0%   0.006 GC:3    +
   76    82  0   0.0%   0.598 UG:3    +
   50    57  1   0.0%   0.057 GC:1    GU:1    +
   25    61  0   0.0%   0.179 GC:1    --:2    +
   36    89  0   0.0%   0.321 CG:2    --:1    +
   32    44  0   0.0%   0.068 CG:2    --:1    +
    5    47  0   0.0%   0.001 CG:3    +
   69    78  1   0.0%   0.410 GU:1    AU:1    +
   23    75  0   0.0%   0.244 GC:2    --:1    +
   30    73  0   0.0%   0.648 GC:2    --:1    +
   14    36  0   0.0%   0.002 GC:2    --:1    +
   14    83  0   0.0%   0.131 GC:3    +
   51    78  0   0.0%   0.736 GU:3    +
   73    89  0   0.0%   0.308 CG:3    +
   35    60  0   0.0%   0.349 GC:2    --:1    +
   14    63  0   0.0%   0.016 GC:3    +
   15    62  0   0.0%   0.000 AU:3    +
   16    60  0   0.0%   0.020 GC:3    +
   13    79  0   0.0%   0.007 GC:3    +
   35    63  0   0.0%   0.348 GC:2    --:1    +
   30    62  0   0.0%   0.366 GU:2    --:1    +
   24    85  0   0.0%   0.014 GC:1    --:2    +
   46    53  0   0.0%   0.230 CG:3    +
   39    51  0   0.0%   0.324 CG:3    +
   50    54  0   0.0%   0.090 GC:3    +
   55    76  0   0.0%   0.343 AU:3    +
    5    51  0   0.0%   0.001 CG:3    +
   12    92  0   0.0%   0.003 GC:3    +
   50    58  1   0.0%   0.057 GC:1    GU:1    +
   68    76  1   0.0%   0.426 GU:1    AU:1    +
   10    92  0   0.0%   0.002 GC:3    +
   18    66  0   0.0%   0.274 GC:3    +
    9    93  0   0.0%   0.002 GC:3    +
   11    91  0   0.0%   0.003 UA:3    +
   14    64  0   0.0%   0.017 GC:3    +
   32    50  0   0.0%   0.046 CG:2    --:1    +
   16    20  0   0.0%   0.001 GC:2    --:1    +
   35    73  0   0.0%   0.628 GC:2    --:1    +
   47    75  0   0.0%   0.334 GC:3    +
   13    64  0   0.0%   0.003 GC:3    +
    5    94  0   0.0%   0.001 CG:3    +
   14    78  0   0.0%   0.023 GU:3    +
   51    57  1   0.0%   0.055 GC:1    GU:1    +
   40    66  0   0.0%   0.459 GC:3    +
   23    79  0   0.0%   0.231 GC:2    --:1    +
    7    92  0   0.0%   0.001 GC:3    +
   20    47  0   0.0%   0.482 CG:2    --:1    +
   31    82  0   0.0%   0.351 CG:2    --:1    +
   51    73  0   0.0%   0.459 GC:3    +
   32    81  0   0.0%   0.050 CG:2    --:1    +
   30    83  0   0.0%   0.373 GC:2    --:1    +
   68    78  1   0.0%   0.424 GU:1    AU:1    +
   53    83  0   0.0%   0.670 GC:3    +
   64    81  0   0.0%   0.358 CG:3    +
   54    82  0   0.0%   0.283 CG:3    +
   19    54  0   0.0%   0.507 GC:3    +
   35    64  0   0.0%   0.349 GC:2    --:1    +
   63    82  0   0.0%   0.350 CG:3    +
   20    53  0   0.0%   0.481 CG:2    --:1    +
   40    58  1   0.0%   0.448 GC:1    GU:1    +
   23    63  0   0.0%   0.103 GC:2    --:1    +
    2   100  0   0.0%   0.000 UG:3    +
   14    66  0   0.0%   0.017 GC:3    +
   44    75  0   0.0%   0.215 GC:3    +
   41    57  1   0.0%   0.471 GC:1    GU:1    +
   26    58  1   0.0%   0.371 GC:1    GU:1    +
   44    79  0   0.0%   0.202 GC:3    +
   41    64  0   0.0%   0.471 GC:3    +
   13    83  0   0.0%   0.006 GC:3    +
   31    51  0   0.0%   0.346 CG:2    --:1    +
   47    54  0   0.0%   0.224 GC:3    +
   23    83  0   0.0%   0.118 GC:2    --:1    +
   74    78  0   0.0%   0.346 AU:3    +
   47    78  0   0.0%   0.320 GU:3    +
   78    99  0   0.0%   0.349 UG:3    +
   77   100  0   0.0%   0.390 CG:3    +
   45    89  0   0.0%   0.516 CG:3    +
   40    75  0   0.0%   0.578 GC:3    +
   41    75  0   0.0%   0.601 GC:3    +
   47    64  0   0.0%   0.192 GC:3    +
   35    59  0   0.0%   0.348 GC:2    --:1    +
   12    66  0   0.0%   0.001 GC:3    +
   40    76  0   0.0%   0.565 GU:3    +
   46    82  0   0.0%   0.668 CG:3    +
   20    89  0   0.0%   0.485 CG:2    --:1    +
   64    82  0   0.0%   0.359 CG:3    +
   41    58  1   0.0%   0.471 GC:1    GU:1    +
   12    83  0   0.0%   0.003 GC:3    +
   18    83  0   0.0%   0.407 GC:3    +
   33    62  0   0.0%   0.002 AU:2    --:1    +
   40    79  0   0.0%   0.565 GC:3    +
   78    91  0   0.0%   0.346 UA:3    +
   20    81  0   0.0%   0.482 CG:2    --:1    +
   23    86  0   0.0%   0.131 GC:2    --:1    +
   66    89  0   0.0%   0.104 CG:3    +
   41    77  0   0.0%   0.588 GC:3    +
   32    53  0   0.0%   0.047 CG:2    --:1    +
   44    86  0   0.0%   0.357 GC:3    +
   36    51  0   0.0%   0.300 CG:2    --:1    +
   51    86  0   0.0%   0.438 GC:3    +
   13    66  0   0.0%   0.003 GC:3    +
   35    62  0   0.0%   0.347 GU:2    --:1    +
    7    46  0   0.0%   0.001 GC:3    +
   37    57  1   0.0%   0.716 GC:1    GU:1    +
   60    81  0   0.0%   0.408 CG:3    +
   31    50  0   0.0%   0.345 CG:2    --:1    +
   40    57  1   0.0%   0.448 GC:1    GU:1    +
   41    78  0   0.0%   0.586 GU:3    +
   16    66  0   0.0%   0.020 GC:3    +
   47    83  0   0.0%   0.470 GC:3    +
   11    82  0   0.0%   0.003 UG:3    +
   40    78  0   0.0%   0.563 GU:3    +
   45    81  0   0.0%   0.272 CG:3    +
   76    91  0   0.0%   0.352 UA:3    +
   32    51  0   0.0%   0.046 CG:2    --:1    +
   19    60  0   0.0%   0.508 GC:3    +
   13    32  0   0.0%   0.000 GC:2    --:1    +
   68    90  1   0.0%   0.135 GC:1    AU:1    +
   43    89  0   0.0%   0.288 CG:3    +
   10    86  0   0.0%   0.002 GC:3    +
   48    57  1   0.0%   0.005 AU:1    UA:1    +
   47    76  0   0.0%   0.320 GU:3    +
   46    99  0   0.0%   0.431 CG:3    +
    1   100  0   0.0%   0.000 UG:2    --:1    +
   47    98  0   0.0%   0.230 GC:3    +
   79    99  0   0.0%   0.158 CG:3    +
    4    98  0   0.0%   0.001 GC:3    +
   23    77  0   0.0%   0.232 GC:2    --:1    +
   10    83  0   0.0%   0.002 GC:3    +
    5    89  0   0.0%   0.001 CG:3    +
   62    80  0   0.0%   0.115 UA:3    +
   30    75  0   0.0%   0.499 GC:2    --:1    +
   40    63  0   0.0%   0.447 GC:3    +
   40    77  0   0.0%   0.566 GC:3    +
   41    79  0   0.0%   0.588 GC:3    +
   19    62  0   0.0%   0.508 GU:3    +
   16    92  0   0.0%   0.169 GC:3    +
   23    61  0   0.0%   0.102 GC:1    --:2    +
   54    89  0   0.0%   0.060 CG:3    +
   13    38  0   0.0%   0.000 GC:3    +
   12    39  0   0.0%   0.000 GC:3    +
   47    60  0   0.0%   0.191 GC:3    +
   89    98  0   0.0%   0.252 GC:3    +
   41    62  0   0.0%   0.469 GU:3    +
   42    50  0   0.0%   0.344 CG:3    +
   13    20  0   0.0%   0.000 GC:2    --:1    +
   12    96  0   0.0%   0.004 GC:3    +
   11    97  0   0.0%   0.010 UA:3    +
   30    79  0   0.0%   0.486 GC:2    --:1    +
   77    99  0   0.0%   0.350 CG:3    +
   10    98  0   0.0%   0.003 GC:3    +
   40    87  1   0.4%   0.533 GC:2    +
   48    78  1   0.3%   0.170 AU:2    +
   26    39  1   0.2%   0.461 GC:2    +
   50    67  1   0.2%   0.224 GC:2    +
   18    87  1   0.2%   0.442 GC:2    +
   27    41  1   0.1%   0.611 CG:2    +
   26    42  1   0.1%   0.634 GC:2    +
   15    90  1   0.1%   0.149 AU:2    +
   53    59  1   0.1%   0.069 GC:2    +
   26    66  1   0.1%   0.399 GC:2    +
   44    49  1   0.1%   0.342 GC:2    +
   37    43  1   0.1%   0.741 GC:2    +
   47    67  1   0.1%   0.223 GC:2    +
   54    71  1   0.1%   0.114 CG:2    +
   51    59  1   0.1%   0.070 GC:2    +
   20    25  1   0.1%   0.019 CG:1    --:1    +
   80    90  1   0.1%   0.072 AU:2    +
   27    44  1   0.1%   0.373 CG:2    +
   26    45  1   0.1%   0.410 GC:2    +
   16    87  1   0.1%   0.157 GC:2    +
   30    34  1   0.1%   0.012 GC:1    --:1    +
   71    77  1   0.1%   0.478 GC:2    +
   82    87  1   0.1%   0.447 GC:2    +
   37    46  1   0.0%   0.554 GC:2    +
   63    71  1   0.0%   0.193 CG:2    +
   20    24  1   0.0%   0.009 CG:1    --:1    +
   60    71  1   0.0%   0.250 CG:2    +
   37    54  1   0.0%   0.738 GC:2    +
   67    81  1   0.0%   0.274 CG:2    +
   43    71  1   0.0%   0.326 CG:2    +
   46    71  1   0.0%   0.256 CG:2    +
   27    40  1   0.0%   0.564 CG:2    +
   26    64  1   0.0%   0.378 GC:2    +
   71    79  1   0.0%   0.287 GC:2    +
   45    71  1   0.0%   0.325 CG:2    +
   64    71  1   0.0%   0.203 CG:2    +
   48    76  1   0.0%   0.125 AU:2    +
   26    73  1   0.0%   0.703 GC:2    +
   18    27  1   0.0%   0.003 GC:2    +
   40    67  1   0.0%   0.456 GC:2    +
   71    75  1   0.0%   0.478 GC:2    +
   41    49  1   0.0%   0.721 GC:2    +
   71    83  1   0.0%   0.373 GC:2    +
   26    83  1   0.0%   0.429 GC:2    +
   27    82  1   0.0%   0.358 CG:2    +
   26    46  1   0.0%   0.398 GC:2    +
   76    88  1   0.0%   0.353 UA:2    +
   74    90  1   0.0%   0.053 AU:2    +
   48    62  1   0.0%   0.005 AU:2    +
   14    87  1   0.0%   0.133 GC:2    +
   50    59  1   0.0%   0.058 GC:2    +
   37    42  1   0.0%   0.767 GC:2    +
   26    43  1   0.0%   0.615 GC:2    +
   17    90  1   0.0%   0.153 AU:2    +
   18    67  1   0.0%   0.275 GC:2    +
   41    59  1   0.0%   0.471 GC:2    +
   37    83  1   0.0%   0.720 GC:2    +
   37    66  1   0.0%   0.727 GC:2    +
   14    49  1   0.0%   0.017 GC:2    +
   19    67  1   0.0%   0.511 GC:2    +
   19    59  1   0.0%   0.508 GC:2    +
   38    71  1   0.0%   0.355 CG:2    +
   14    27  1   0.0%   0.002 GC:2    +
   78    88  1   0.0%   0.347 UA:2    +
   19    49  1   0.0%   0.508 GC:2    +
   26    63  1   0.0%   0.373 GC:2    +
   26    60  1   0.0%   0.373 GC:2    +
   42    71  1   0.0%   0.365 CG:2    +
   27    47  1   0.0%   0.349 CG:2    +
   16    27  1   0.0%   0.001 GC:2    +
   12    87  1   0.0%   0.003 GC:2    +
   13    87  1   0.0%   0.006 GC:2    +
   26    54  1   0.0%   0.371 GC:2    +
   27    53  1   0.0%   0.348 CG:2    +
    7    49  1   0.0%   0.001 GC:2    +
   37    73  1   0.0%   0.995 GC:2    +
   11    88  1   0.0%   0.003 UA:2    +
   44    67  1   0.0%   0.091 GC:2    +
   41    87  1   0.0%   0.534 GC:2    +
   19    87  1   0.0%   0.818 GC:2    +
    8    91  1   0.0%   0.002 UA:2    +
   16    49  1   0.0%   0.020 GC:2    +
   37    63  1   0.0%   0.714 GC:2    +
   53    67  1   0.0%   0.237 GC:2    +
   37    59  1   0.0%   0.714 GC:2    +
   40    59  1   0.0%   0.447 GC:2    +
   37    64  1   0.0%   0.715 GC:2    +
   26    75  1   0.0%   0.553 GC:2    +
   26    62  1   0.0%   0.372 GU:2    +
   71    86  1   0.0%   0.173 GC:2    +
   71    87  1   0.0%   0.171 GC:2    +
   39    71  1   0.0%   0.345 CG:2    +
   51    67  1   0.0%   0.202 GC:2    +
   49    81  1   0.0%   0.517 CG:2    +
   37    60  1   0.0%   0.715 GC:2    +
   11    84  1   0.0%   0.003 UA:2    +
   50    87  1   0.0%   0.443 GC:2    +
   59    82  1   0.0%   0.267 CG:2    +
   27    81  1   0.0%   0.355 CG:2    +
   37    62  1   0.0%   0.714 GU:2    +
   13    49  1   0.0%   0.003 GC:2    +
   12    67  1   0.0%   0.001 GC:2    +
   26    77  1   0.0%   0.541 GC:2    +
   67    89  1   0.0%   0.047 CG:2    +
    9    87  1   0.0%   0.002 GC:2    +
    4    49  1   0.0%   0.000 GC:2    +
   67    82  1   0.0%   0.272 CG:2    +
   49    53  1   0.0%   0.300 CG:2    +
   76    84  1   0.0%   0.353 UA:2    +
    8    88  1   0.0%   0.001 UA:2    +
   78    84  1   0.0%   0.347 UA:2    +
   26    79  1   0.0%   0.540 GC:2    +
....((((((((((((((....................(((...)))..((((......).)))..........)))))..((.....)).)))))))))
