3 sequence; length of alignment 36
alifold output
   19    33  0  69.3%   1.593 GC:3   
   18    34  0  69.3%   1.218 CG:3   
   17    35  0  69.3%   1.256 CG:3   
   16    36  0  68.3%   1.361 GC:3   
   20    32  0  67.9%   1.095 AU:3   
   23    29  0  63.1%   1.346 UA:3   
   22    30  0  58.5%   1.069 UA:3   
   24    28  1  58.1%   1.830 CG:2   
   17    26  0  28.8%   1.224 CG:3    +
   18    25  0  28.8%   1.160 CG:3    +
   16    27  0  28.7%   1.213 GU:3    +
   19    24  0  28.0%   1.150 GC:3    +
   15    28  1  28.3%   1.719 CG:2    +
   14    29  0  25.7%   1.562 UA:3    +
    7    15  0   9.6%   0.974 GC:3    +
    8    14  0   9.3%   0.944 AU:3    +
    5    15  0   8.0%   0.745 GC:3    +
    6    14  0   7.8%   0.672 AU:3    +
   10    33  0   7.5%   1.122 GC:3    +
    7    33  0   4.2%   0.749 GC:3    +
    8    32  0   4.1%   0.674 AU:3    +
    9    33  0   2.5%   0.597 GC:3    +
   10    32  0   1.9%   0.601 GU:3    +
   10    17  0   1.8%   0.347 GC:3    +
    9    18  0   1.8%   0.294 GC:3    +
    2    27  0   1.7%   0.251 AU:3    +
    4    15  0   1.7%   0.232 GC:3    +
    3    26  0   1.7%   0.303 UG:3    +
    5    24  0   1.6%   0.501 GC:3    +
   11    16  0   1.6%   0.285 UG:3    +
    6    23  0   1.6%   0.424 AU:3    +
    5    14  0   1.5%   0.201 GU:3    +
   23    28  0   0.4%   0.573 UG:2    UA:1    +
    7    36  0   1.4%   0.659 GC:3    +
   13    31  1   1.2%   0.200 GU:1    UG:1    +
    7    22  0   1.1%   0.414 GU:3    +
    1    28  1   1.6%   0.272 CG:2    +
   12    32  0   1.1%   0.424 AU:3    +
   22    28  0   0.1%   0.498 UG:2    UA:1    +
   14    28  0   0.0%   0.580 UG:2    UA:1    +
   11    28  0   0.0%   0.215 UG:2    UA:1    +
   10    15  0   1.0%   0.747 GC:3    +
    3    10  0   0.9%   0.162 UG:3    +
    2    11  0   0.9%   0.125 AU:3    +
    9    15  0   0.9%   0.647 GC:3    +
    5    33  0   0.8%   0.487 GC:3    +
    6    32  0   0.8%   0.404 AU:3    +
    4    36  0   0.7%   0.220 GC:3    +
   11    31  1   0.7%   0.258 UG:1    UA:1    +
   11    35  0   0.6%   0.322 UG:3    +
   10    36  0   0.6%   0.679 GC:3    +
   14    30  0   0.6%   0.966 UA:3    +
    4    11  0   0.5%   0.121 GU:3    +
    1     7  0   0.5%   0.079 CG:3    +
   22    29  0   0.5%   0.489 UA:3    +
    3    12  0   0.4%   0.131 UA:3    +
    1     9  0   0.4%   0.100 CG:3    +
    3    35  0   0.4%   0.235 UG:3    +
   10    14  0   0.4%   0.611 GU:3    +
   23    30  0   0.3%   0.802 UA:3    +
   22    31  1   0.3%   0.542 UG:1    UA:1    +
    9    36  0   0.3%   0.385 GC:3    +
    1    10  0   0.2%   0.095 CG:3    +
    3     8  0   0.2%   0.042 UA:3    +
   11    34  0   0.2%   0.231 UG:3    +
    5    36  0   0.2%   0.466 GC:3    +
    6    22  0   0.1%   0.233 AU:3    +
    5    17  0   0.1%   0.298 GC:3    +
    4    18  0   0.1%   0.121 GC:3    +
   11    30  0   0.1%   0.174 UA:3    +
    5    23  0   0.1%   0.306 GU:3    +
    6    11  0   0.1%   0.094 AU:3    +
    4    24  0   0.1%   0.128 GC:3    +
   25    33  0   0.1%   1.110 GC:3    +
   24    34  0   0.1%   1.042 CG:3    +
    4    33  0   0.1%   0.132 GC:3    +
   26    32  0   0.1%   1.015 GU:3    +
    5    32  0   0.1%   0.375 GU:3    +
    1     5  0   0.1%   0.017 CG:3    +
    3    19  0   0.1%   0.104 UG:3    +
   23    35  0   0.1%   0.733 UG:3    +
    3    25  0   0.1%   0.108 UG:3    +
    3    34  0   0.1%   0.180 UG:3    +
    9    32  0   0.0%   0.329 GU:3    +
    9    14  0   0.0%   0.524 GU:3    +
    1    21  0   0.0%   0.079 CG:3    +
    2    14  0   0.0%   0.051 AU:3    +
    3     9  0   0.0%   0.047 UG:3    +
    5    11  0   0.0%   0.080 GU:3    +
    3    16  0   0.0%   0.094 UG:3    +
   11    29  0   0.0%   0.154 UA:3    +
    7    14  0   0.0%   0.300 GU:3    +
    7    11  0   0.0%   0.110 GU:3    +
    3     7  0   0.0%   0.029 UG:3    +
    1    34  0   0.0%   0.143 CG:3    +
   27    31  1   0.0%   0.536 UG:1    UA:1    +
   21    32  0   0.0%   0.575 GU:3    +
   21    36  0   0.0%   0.419 GC:3    +
    1    35  0   0.0%   0.144 CG:3    +
   15    34  0   0.0%   0.957 CG:3    +
   14    35  0   0.0%   0.951 UG:3    +
    4    14  0   0.0%   0.031 GU:3    +
    1    26  0   0.0%   0.074 CG:3    +
   16    33  0   0.0%   0.899 GC:3    +
   22    35  0   0.0%   0.730 UG:3    +
   23    31  1   0.0%   0.515 UG:1    UA:1    +
   26    33  0   0.0%   1.166 GC:3    +
   21    27  0   0.0%   0.431 GU:3    +
   14    31  1   0.0%   0.982 UG:1    UA:1    +
    7    32  0   0.0%   0.350 GU:3    +
   27    34  0   0.0%   0.708 UG:3    +
   25    36  0   0.0%   0.784 GC:3    +
    8    22  0   0.0%   0.294 AU:3    +
   27    35  0   0.0%   0.744 UG:3    +
   26    36  0   0.0%   0.847 GC:3    +
    5    22  0   0.0%   0.282 GU:3    +
   24    35  0   0.0%   1.070 CG:3    +
    2    32  0   0.0%   0.114 AU:3    +
    4    23  0   0.0%   0.104 GU:3    +
    3    31  1   0.0%   0.167 UG:1    UA:1    +
    8    23  0   0.0%   0.310 AU:3    +
    2    22  0   0.0%   0.045 AU:3    +
    7    24  0   0.0%   0.381 GC:3    +
   19    23  0   0.0%   0.080 GU:3    +
    7    23  0   0.0%   0.380 GU:3    +
    3    30  0   0.0%   0.167 UA:3    +
   20    27  0   0.0%   0.427 AU:3    +
    3    21  0   0.0%   0.098 UG:3    +
    3    20  0   0.0%   0.095 UA:3    +
    4    32  0   0.0%   0.112 GU:3    +
    1    16  0   0.0%   0.070 CG:3    +
   25    32  0   0.0%   0.933 GU:3    +
   12    27  0   0.0%   0.092 AU:3    +
   10    18  0   0.0%   0.275 GC:3    +
   22    26  0   0.0%   0.486 UG:3    +
   23    34  0   0.0%   0.681 UG:3    +
    1    25  0   0.0%   0.073 CG:3    +
   11    20  0   0.0%   0.148 UA:3    +
    9    22  0   0.0%   0.201 GU:3    +
    9    17  0   0.0%   0.079 GC:3    +
    1    19  0   0.0%   0.070 CG:3    +
   14    34  0   0.0%   0.911 UG:3    +
    4    17  0   0.0%   0.095 GC:3    +
    7    18  0   0.0%   0.263 GC:3    +
    4    22  0   0.0%   0.104 GU:3    +
    7    17  0   0.0%   0.263 GC:3    +
   15    25  0   0.0%   0.585 CG:3    +
   16    24  0   0.0%   0.146 GC:3    +
   21    33  0   0.0%   0.728 GC:3    +
   14    26  0   0.0%   0.581 UG:3    +
    5    18  0   0.0%   0.290 GC:3    +
   13    33  1   0.1%   0.540 GC:2    +
    3    13  1   0.0%   0.096 UG:2    +
    1    13  1   0.0%   0.074 CG:2    +
   13    32  1   0.0%   0.369 GU:2    +
   13    36  1   0.0%   0.219 GC:2    +
   28    33  1   0.0%   1.500 GC:2    +
   13    18  1   0.0%   0.086 GC:2    +
...............(((((.(((...))).)))))
