3 sequence; length of alignment 34
alifold output
   24    32  0  93.2%   0.212 GC:3   
   23    33  0  92.7%   0.317 CG:3   
   25    31  0  90.4%   0.358 UA:3   
    7    15  0  73.7%   0.675 GC:3   
    6    16  1  73.6%   0.677 GC:2   
    8    14  0  73.0%   1.038 UG:3   
    9    13  0  68.0%   1.137 CG:3   
    5    17  0  67.6%   1.143 UA:3   
   22    34  0  67.2%   0.919 UA:3   
    4    18  1  48.9%   1.400 AU:2   
   26    30  1  42.8%   1.207 UA:2    +
    3    13  0  25.9%   1.050 CG:3    +
    4    12  0  25.8%   1.049 AU:3    +
    2    14  0  25.7%   1.048 CG:3    +
    5    11  0  25.2%   1.045 UG:3    +
   22    28  0   2.3%   0.313 UA:3    +
   23    27  0   2.3%   0.317 CG:3    +
   21    29  0   2.2%   0.320 UA:3    +
   19    31  0   1.5%   0.240 UA:3    +
   20    30  1   2.0%   0.283 UA:2    +
   18    24  0   0.0%   0.369 CG:1    UG:2    +
   18    33  0   0.0%   0.379 CG:1    UG:2    +
   11    18  0   0.0%   0.703 GC:1    GU:2    +
    7    18  0   0.0%   0.578 GC:1    GU:2    +
    6    19  0   0.0%   0.247 GU:2    AU:1    +
   18    27  0   0.0%   0.379 CG:1    UG:2    +
    6    12  0   0.0%   0.351 GU:2    AU:1    +
   13    18  0   0.0%   0.966 GC:1    GU:2    +
   14    18  0   0.0%   0.952 GC:1    GU:2    +
    6    21  0   0.0%   0.246 GU:2    AU:1    +
    6    20  0   0.0%   0.235 GU:2    AU:1    +
    9    14  0   0.4%   0.904 CG:3    +
   26    31  0   0.4%   0.606 UA:3    +
    1    21  0   0.3%   0.064 AU:3    +
    4    19  0   0.2%   0.748 AU:3    +
   20    28  0   0.2%   0.066 UA:3    +
   21    27  0   0.2%   0.088 UG:3    +
   27    32  0   0.2%   0.239 GC:3    +
   19    29  0   0.2%   0.064 UA:3    +
   16    27  0   0.2%   0.273 CG:3    +
   17    26  0   0.2%   0.313 AU:3    +
   26    33  0   0.2%   0.520 UG:3    +
   21    28  0   0.1%   0.088 UA:3    +
   21    34  0   0.1%   0.159 UA:3    +
   20    29  0   0.1%   0.070 UA:3    +
    9    27  0   0.1%   0.313 CG:3    +
   10    26  0   0.1%   0.032 AU:3    +
   13    23  0   0.1%   0.640 GC:3    +
    8    28  0   0.1%   0.256 UA:3    +
   11    25  0   0.1%   0.375 GU:3    +
   12    24  0   0.1%   0.377 UG:3    +
   22    27  0   0.1%   0.076 UG:3    +
   25    34  0   0.1%   0.408 UA:3    +
   14    22  0   0.1%   0.622 GU:3    +
   20    27  0   0.1%   0.050 UG:3    +
   19    28  0   0.1%   0.046 UA:3    +
    1    19  0   0.1%   0.017 AU:3    +
    1    20  0   0.1%   0.021 AU:3    +
   16    33  0   0.1%   0.255 CG:3    +
    4    20  0   0.0%   0.729 AU:3    +
    3    33  0   0.0%   0.361 CG:3    +
   15    33  0   0.0%   0.237 CG:3    +
    3    27  0   0.0%   0.357 CG:3    +
    4    21  0   0.0%   0.740 AU:3    +
    5    10  0   0.0%   0.005 UA:3    +
    4    26  0   0.0%   0.725 AU:3    +
   22    29  0   0.0%   0.216 UA:3    +
   20    31  0   0.0%   0.186 UA:3    +
   15    24  0   0.0%   0.239 CG:3    +
   17    25  0   0.0%   0.281 AU:3    +
    1    22  0   0.0%   0.033 AU:3    +
    2    24  0   0.0%   0.354 CG:3    +
    5    31  0   0.0%   0.618 UA:3    +
   14    25  0   0.0%   0.619 GU:3    +
    1    25  0   0.0%   0.033 AU:3    +
    8    13  0   0.0%   0.353 UG:3    +
   12    17  0   0.0%   0.618 UA:3    +
   20    34  0   0.0%   0.119 UA:3    +
    7    32  0   0.0%   0.229 GC:3    +
    2    11  0   0.0%   0.003 CG:3    +
    8    17  0   0.0%   0.497 UA:3    +
   22    33  0   0.0%   0.119 UG:3    +
   10    19  0   0.0%   0.024 AU:3    +
   13    26  0   0.0%   0.635 GU:3    +
    1    12  0   0.0%   0.002 AU:3    +
   17    22  0   0.0%   0.277 AU:3    +
    8    31  0   0.0%   0.243 UA:3    +
   15    27  0   0.0%   0.240 CG:3    +
    3    24  0   0.0%   0.353 CG:3    +
    2    33  0   0.0%   0.353 CG:3    +
   19    34  0   0.0%   0.111 UA:3    +
   19    24  0   0.0%   0.036 UG:3    +
   12    27  0   0.0%   0.372 UG:3    +
    4    22  0   0.0%   0.721 AU:3    +
    2     7  0   0.0%   0.001 CG:3    +
   16    24  0   0.0%   0.239 CG:3    +
    7    16  0   0.0%   0.452 GC:3    +
   11    32  0   0.0%   0.360 GC:3    +
   12    31  0   0.0%   0.362 UA:3    +
   19    33  0   0.0%   0.121 UG:3    +
   17    21  0   0.0%   0.286 AU:3    +
   25    29  0   0.0%   0.122 UA:3    +
   19    27  0   0.0%   0.046 UG:3    +
   20    33  0   0.0%   0.128 UG:3    +
    1     8  0   0.0%   0.001 AU:3    +
   21    33  0   0.0%   0.141 UG:3    +
    2    13  0   0.0%   0.002 CG:3    +
    3    11  0   0.0%   0.001 CG:3    +
   11    16  0   0.0%   0.575 GC:3    +
   26    34  0   0.0%   0.703 UA:3    +
   21    31  0   0.0%   0.198 UA:3    +
    5    24  0   0.0%   0.616 UG:3    +
    5    34  0   0.0%   0.616 UA:3    +
   14    23  0   0.0%   0.616 GC:3    +
    4    25  0   0.0%   0.721 AU:3    +
    9    33  0   0.0%   0.296 CG:3    +
    2    27  0   0.0%   0.352 CG:3    +
   22    31  0   0.0%   0.175 UA:3    +
   11    20  0   0.0%   0.358 GU:3    +
    7    23  0   0.0%   0.227 GC:3    +
    7    22  0   0.0%   0.228 GU:3    +
   14    21  0   0.0%   0.619 GU:3    +
    8    34  0   0.0%   0.241 UA:3    +
   10    21  0   0.0%   0.022 AU:3    +
    5    33  0   0.0%   0.619 UG:3    +
    1     5  0   0.0%   0.000 AU:3    +
   25    33  0   0.0%   0.188 UG:3    +
   20    24  0   0.0%   0.023 UG:3    +
    3    14  0   0.0%   0.699 CG:3    +
   11    19  0   0.0%   0.370 GU:3    +
   10    20  0   0.0%   0.011 AU:3    +
    1    26  0   0.0%   0.031 AU:3    +
   13    32  0   0.0%   0.624 GC:3    +
    5    13  0   0.0%   0.699 UG:3    +
   14    20  0   0.0%   0.608 GU:3    +
    3     7  0   0.0%   0.000 CG:3    +
   13    19  0   0.0%   0.634 GU:3    +
   13    22  0   0.0%   0.615 GU:3    +
   14    19  0   0.0%   0.621 GU:3    +
   11    15  0   0.0%   0.573 GC:3    +
   14    32  0   0.0%   0.609 GC:3    +
   13    21  0   0.0%   0.633 GU:3    +
    8    29  0   0.0%   0.240 UA:3    +
    5    29  0   0.0%   0.614 UA:3    +
   13    20  0   0.0%   0.622 GU:3    +
   12    33  0   0.0%   0.363 UG:3    +
    7    20  0   0.0%   0.235 GU:3    +
    5    14  0   0.0%   0.698 UG:3    +
    7    21  0   0.0%   0.246 GU:3    +
    7    12  0   0.0%   0.351 GU:3    +
   11    21  0   0.0%   0.369 GU:3    +
   11    23  0   0.0%   0.350 GC:3    +
   19    30  1   0.1%   0.066 UA:2    +
   18    30  1   0.1%   0.373 UA:2    +
   18    29  1   0.0%   0.362 UA:2    +
   18    31  1   0.0%   0.372 UA:2    +
   25    30  1   0.0%   0.112 UA:2    +
   21    30  1   0.0%   0.222 UA:2    +
    1    18  1   0.0%   0.003 AU:2    +
    6    32  1   0.0%   0.227 GC:2    +
   18    34  1   0.0%   0.367 UA:2    +
   22    30  1   0.0%   0.198 UA:2    +
    6    23  1   0.0%   0.227 GC:2    +
    6    15  1   0.0%   0.001 GC:2    +
   18    28  1   0.0%   0.363 UA:2    +
    5    30  1   0.0%   0.614 UA:2    +
    2     6  1   0.0%   0.000 CG:2    +
...((((((...))))))...((((.....))))
