3 sequence; length of alignment 35
alifold output
    3    16  0  93.3%   0.240 CG:3   
    2    17  0  93.3%   0.242 GC:3   
    4    15  0  90.5%   0.272 AU:3   
    7    12  0  86.0%   0.437 GC:3   
    6    13  0  85.6%   0.416 UA:3   
   24    31  0  79.9%   0.803 CG:3   
   23    32  0  79.9%   0.881 AU:3   
    1    18  0  78.7%   0.566 CG:3   
   22    33  0  77.6%   1.030 CG:3   
   20    32  0   8.8%   0.798 AU:3    +
   19    33  0   8.8%   0.925 CG:3    +
   21    31  0   8.6%   0.652 CG:3    +
   18    34  0   5.0%   0.992 GU:3    +
   18    27  0   3.3%   0.631 GC:1    GU:2    +
   11    34  0   3.1%   0.349 GU:1    AU:2    +
   27    33  0   3.0%   1.084 CG:1    UG:2    +
   16    29  0   3.4%   0.509 GC:3    +
   12    33  0   3.3%   0.479 CG:3    +
   13    32  0   3.1%   0.464 AU:3    +
   26    34  0   3.0%   0.718 AU:3    +
   25    35  0   3.0%   0.445 GC:3    +
   17    28  1   3.4%   0.499 CG:2    +
   20    34  0   2.8%   0.814 AU:3    +
   15    30  1   3.1%   0.475 UA:2    +
   28    32  0   1.3%   0.876 GU:2    AU:1    +
    8    16  0   2.2%   0.362 CG:3    +
    7    17  0   2.2%   0.492 GC:3    +
    6    14  0   1.7%   0.357 UA:3    +
   21    33  0   1.7%   0.760 CG:3    +
   19    25  0   1.5%   0.267 CG:3    +
    6    11  0   0.3%   0.053 UG:1    UA:2    +
   27    31  0   0.0%   0.557 CG:1    UG:2    +
   28    34  0   0.0%   0.734 GU:2    AU:1    +
    2     8  0   1.0%   0.141 GC:3    +
   11    32  0   0.0%   0.030 GU:1    AU:2    +
    3     7  0   1.0%   0.140 CG:3    +
   11    15  0   0.0%   0.165 GU:1    AU:2    +
   16    27  0   0.0%   0.161 GC:1    GU:2    +
   15    28  0   0.0%   0.150 UG:2    UA:1    +
   11    27  0   0.0%   0.019 GC:1    AU:2    +
    9    28  0   0.0%   0.017 UG:2    UA:1    +
    2    27  0   0.0%   0.161 GC:1    GU:2    +
    5    15  0   0.9%   0.221 AU:3    +
    2    19  0   0.9%   0.236 GC:3    +
    3    18  0   0.9%   0.421 CG:3    +
   24    33  0   0.6%   0.907 CG:3    +
    6    18  0   0.6%   0.540 UG:3    +
   23    34  0   0.6%   0.641 AU:3    +
    7    19  0   0.6%   0.389 GC:3    +
    8    18  0   0.6%   0.477 CG:3    +
   25    29  0   0.5%   0.285 GC:3    +
    6    20  0   0.4%   0.321 UA:3    +
   25    32  0   0.4%   0.680 GU:3    +
   22    31  0   0.3%   0.289 CG:3    +
   18    29  0   0.3%   0.572 GC:3    +
   18    35  0   0.2%   0.609 GC:3    +
   10    15  0   0.2%   0.164 AU:3    +
    9    16  0   0.1%   0.181 UG:3    +
   19    31  0   0.1%   0.174 CG:3    +
   18    32  0   0.1%   0.554 GU:3    +
    2    24  0   0.1%   0.170 GC:3    +
   17    33  0   0.1%   0.402 CG:3    +
    1    25  0   0.1%   0.202 CG:3    +
   16    34  0   0.1%   0.403 GU:3    +
    3    33  0   0.0%   0.165 CG:3    +
    7    29  0   0.0%   0.300 GC:3    +
   26    32  0   0.0%   0.549 AU:3    +
   29    33  0   0.0%   0.915 CG:3    +
    2    34  0   0.0%   0.172 GU:3    +
    4    32  0   0.0%   0.102 AU:3    +
    9    14  0   0.0%   0.078 UA:3    +
   17    31  0   0.0%   0.277 CG:3    +
   16    32  0   0.0%   0.397 GU:3    +
   18    24  0   0.0%   0.300 GC:3    +
   12    31  0   0.0%   0.139 CG:3    +
   15    33  0   0.0%   0.380 UG:3    +
   21    25  0   0.0%   0.077 CG:3    +
   14    34  0   0.0%   0.190 AU:3    +
    2    21  0   0.0%   0.159 GC:3    +
   17    25  0   0.0%   0.158 CG:3    +
    3    31  0   0.0%   0.156 CG:3    +
    2    32  0   0.0%   0.165 GU:3    +
    1    33  0   0.0%   0.198 CG:3    +
    8    31  0   0.0%   0.167 CG:3    +
    7    32  0   0.0%   0.301 GU:3    +
    2    22  0   0.0%   0.158 GC:3    +
    6    33  0   0.0%   0.284 UG:3    +
    1     7  0   0.0%   0.003 CG:3    +
    5    34  0   0.0%   0.049 AU:3    +
   15    31  0   0.0%   0.261 UG:3    +
   14    32  0   0.0%   0.189 AU:3    +
    8    33  0   0.0%   0.171 CG:3    +
   12    16  0   0.0%   0.289 CG:3    +
    7    34  0   0.0%   0.300 GU:3    +
   16    22  0   0.0%   0.161 GC:3    +
    7    35  0   0.0%   0.296 GC:3    +
   15    23  0   0.0%   0.146 UA:3    +
    2     6  0   0.0%   0.001 GU:3    +
   10    34  0   0.0%   0.016 AU:3    +
   15    26  0   0.0%   0.146 UA:3    +
    9    13  0   0.0%   0.134 UA:3    +
   18    22  0   0.0%   0.291 GC:3    +
    5     9  0   0.0%   0.001 AU:3    +
   16    35  0   0.0%   0.282 GC:3    +
    2    29  0   0.0%   0.161 GC:3    +
   12    25  0   0.0%   0.136 CG:3    +
    6    10  0   0.0%   0.001 UA:3    +
   16    21  0   0.0%   0.161 GC:3    +
    4     9  0   0.0%   0.001 AU:3    +
    2    35  0   0.0%   0.166 GC:3    +
   16    24  0   0.0%   0.164 GC:3    +
   12    18  0   0.0%   0.419 CG:3    +
    2     9  0   0.0%   0.048 GU:3    +
   25    34  0   0.0%   0.517 GU:3    +
   15    25  0   0.0%   0.150 UG:3    +
   31    35  0   0.0%   0.540 GC:3    +
    7    15  0   0.0%   0.311 GU:3    +
    2    12  0   0.0%   0.048 GC:3    +
   10    32  0   0.0%   0.016 AU:3    +
    9    26  0   0.0%   0.013 UA:3    +
    9    33  0   0.0%   0.020 UG:3    +
    6    31  0   0.0%   0.278 UG:3    +
    1    16  0   0.0%   0.001 CG:3    +
    3    25  0   0.0%   0.156 CG:3    +
    2    15  0   0.0%   0.048 GU:3    +
    5    32  0   0.0%   0.048 AU:3    +
    6    25  0   0.0%   0.278 UG:3    +
    6    16  0   0.0%   0.284 UG:3    +
    1    31  0   0.0%   0.194 CG:3    +
    7    24  0   0.0%   0.294 GC:3    +
    9    18  0   0.0%   0.302 UG:3    +
   13    34  0   0.0%   0.354 AU:3    +
   15    20  0   0.0%   0.169 UA:3    +
    4    34  0   0.0%   0.097 AU:3    +
   24    28  1   0.3%   0.207 CG:2    +
   19    28  1   0.3%   0.303 CG:2    +
   22    28  1   0.2%   0.174 CG:2    +
   20    27  1   0.1%   0.161 AU:2    +
   23    27  1   0.1%   0.136 AU:2    +
    8    28  1   0.0%   0.170 CG:2    +
    6    30  1   0.0%   0.283 UA:2    +
    9    30  1   0.0%   0.018 UA:2    +
   21    28  1   0.0%   0.141 CG:2    +
   14    27  1   0.0%   0.073 AU:2    +
    3    28  1   0.0%   0.152 CG:2    +
    4    27  1   0.0%   0.091 AU:2    +
   10    27  1   0.0%   0.011 AU:2    +
   28    35  1   0.0%   0.341 GC:2    +
   13    27  1   0.0%   0.133 AU:2    +
   12    28  1   0.0%   0.134 CG:2    +
   30    34  1   0.0%   0.619 AU:2    +
    5    27  1   0.0%   0.044 AU:2    +
((((.((....)).))))...(((......)))..
