3 sequence; length of alignment 34
alifold output
   10    16  0  47.1%   1.885 GC:3   
    9    17  0  46.9%   1.670 GC:3   
    5    20  0  46.3%   1.086 UA:3   
    6    19  0  46.2%   1.090 GC:3   
   11    15  0  45.6%   1.678 GC:3   
    2    29  0  45.0%   1.710 CG:3   
    1    30  0  45.0%   1.736 GC:3   
    4    21  0  44.6%   1.484 CG:3   
    3    28  1  44.4%   1.489 CG:2   
    2    11  0  34.1%   1.106 CG:3    +
    4     9  0  33.8%   1.105 CG:3    +
    3    10  1  34.2%   1.110 CG:2    +
   17    28  0  29.4%   1.946 CG:3    +
   19    26  0  29.3%   1.903 CG:3    +
   16    29  0  29.1%   2.140 CG:3    +
   18    27  1  29.3%   1.176 GU:2    +
    1    12  0  28.3%   1.072 GU:3    +
    6    25  0  12.7%   1.282 GC:3    +
    5    26  0  12.0%   1.250 UG:3    +
    7    24  0  11.3%   0.925 AU:3    +
   15    31  0   9.9%   1.470 CG:3    +
    2    23  0   9.4%   1.070 CG:3    +
   23    30  0   8.8%   1.470 GC:3    +
    9    16  0   8.7%   1.029 GC:3    +
   10    15  0   8.6%   1.042 GC:3    +
   22    31  0   8.6%   1.585 CG:3    +
   24    29  0   7.9%   1.992 UG:3    +
    1    24  0   6.4%   0.929 GU:3    +
   14    31  0   6.0%   0.548 CG:3    +
   21    32  0   4.9%   1.174 GU:3    +
   22    29  0   3.9%   1.487 CG:3    +
   21    30  0   3.8%   1.314 GC:3    +
   12    21  0   2.6%   1.105 UG:3    +
   11    22  0   2.6%   1.364 GC:3    +
   10    17  0   2.6%   1.603 GC:3    +
   11    16  0   2.5%   1.589 GC:3    +
   13    20  0   1.9%   0.615 UA:3    +
    1    25  0   1.9%   0.803 GC:3    +
    9    22  0   1.7%   1.261 GC:3    +
   11    19  0   1.5%   1.447 GC:3    +
   13    33  0   0.4%   0.171 UG:2    UA:1    +
    4    26  0   1.4%   0.938 CG:3    +
   19    31  0   1.2%   1.510 CG:3    +
    6    22  0   1.2%   0.542 GC:3    +
   12    33  0   0.1%   0.556 UG:2    UA:1    +
    3    18  0   0.0%   0.398 CG:2    AU:1    +
   27    33  0   0.0%   0.506 UG:2    UA:1    +
   24    33  0   0.0%   0.767 UG:2    UA:1    +
    5    33  0   0.0%   0.675 UG:2    UA:1    +
   19    29  0   0.9%   1.730 CG:3    +
   17    31  0   0.9%   1.372 CG:3    +
    5    23  0   0.8%   0.747 UG:3    +
   22    26  0   0.8%   1.083 CG:3    +
   10    22  0   0.8%   1.342 GC:3    +
   12    18  1   1.2%   0.534 UG:2    +
   21    27  0   0.7%   0.976 GU:3    +
   18    32  1   1.1%   0.651 GU:2    +
   10    19  0   0.6%   1.541 GC:3    +
   18    30  1   1.0%   0.944 GC:2    +
    9    19  0   0.4%   1.394 GC:3    +
    1    22  0   0.4%   0.443 GC:3    +
   12    20  0   0.4%   0.830 UA:3    +
    2    21  0   0.3%   0.441 CG:3    +
    9    24  0   0.3%   1.548 GU:3    +
    8    24  0   0.3%   0.482 AU:3    +
   21    25  0   0.3%   0.884 GC:3    +
   15    29  0   0.3%   1.004 CG:3    +
   25    31  0   0.3%   1.140 CG:3    +
   26    30  0   0.2%   1.522 GC:3    +
   17    26  0   0.2%   0.823 CG:3    +
    4    10  0   0.2%   0.779 CG:3    +
   16    28  0   0.2%   1.083 CG:3    +
   20    32  0   0.2%   0.562 AU:3    +
    1    19  0   0.2%   0.405 GC:3    +
    4    28  0   0.2%   1.208 CG:3    +
    5     9  0   0.2%   0.406 UG:3    +
    9    15  0   0.1%   0.409 GC:3    +
   10    14  0   0.1%   0.422 GC:3    +
   20    27  0   0.1%   0.848 AU:3    +
    4    23  0   0.1%   1.011 CG:3    +
    2    31  0   0.1%   1.012 CG:3    +
    1    32  0   0.1%   1.036 GU:3    +
   15    28  0   0.1%   0.973 CG:3    +
   19    28  0   0.1%   1.619 CG:3    +
   14    29  0   0.1%   0.407 CG:3    +
    5    21  0   0.1%   0.770 UG:3    +
    2    26  0   0.1%   0.643 CG:3    +
   11    17  0   0.1%   1.302 GC:3    +
    1    27  0   0.1%   0.668 GU:3    +
   25    29  0   0.1%   1.503 CG:3    +
   20    24  0   0.1%   0.935 AU:3    +
    2    10  0   0.1%   0.015 CG:3    +
    6    14  0   0.1%   0.018 GC:3    +
    7    13  0   0.1%   0.019 AU:3    +
    1    13  0   0.1%   0.371 GU:3    +
   22    28  0   0.1%   1.086 CG:3    +
    4    11  0   0.1%   0.772 CG:3    +
    5    10  0   0.1%   0.410 UG:3    +
   19    23  0   0.1%   0.787 CG:3    +
    6    24  0   0.0%   0.603 GU:3    +
   13    31  0   0.0%   0.106 UG:3    +
    9    25  0   0.0%   1.416 GC:3    +
    1    14  0   0.0%   0.371 GC:3    +
   10    24  0   0.0%   1.597 GU:3    +
    8    12  0   0.0%   0.366 AU:3    +
   23    27  0   0.0%   0.712 GU:3    +
    4    29  0   0.0%   1.194 CG:3    +
    5    28  0   0.0%   1.052 UG:3    +
    6    27  0   0.0%   0.693 GU:3    +
   17    23  0   0.0%   0.750 CG:3    +
    1    15  0   0.0%   0.368 GC:3    +
   16    31  0   0.0%   1.448 CG:3    +
   24    28  0   0.0%   1.240 UG:3    +
   14    21  0   0.0%   0.505 CG:3    +
   12    31  0   0.0%   0.539 UG:3    +
    6    17  0   0.0%   0.008 GC:3    +
   23    32  0   0.0%   0.733 GU:3    +
   17    29  0   0.0%   1.581 CG:3    +
   11    30  0   0.0%   1.358 GC:3    +
   16    26  0   0.0%   0.985 CG:3    +
    2     9  0   0.0%   0.002 CG:3    +
    9    14  0   0.0%   0.393 GC:3    +
   26    32  0   0.0%   0.969 GU:3    +
    2     6  0   0.0%   0.001 CG:3    +
    2    28  0   0.0%   0.633 CG:3    +
   15    21  0   0.0%   1.062 CG:3    +
   14    23  0   0.0%   0.313 CG:3    +
   16    21  0   0.0%   1.143 CG:3    +
   10    30  0   0.0%   1.489 GC:3    +
    8    27  0   0.0%   0.029 AU:3    +
   10    25  0   0.0%   1.471 GC:3    +
    9    32  0   0.0%   1.079 GU:3    +
    7    27  0   0.0%   0.260 AU:3    +
    8    32  0   0.0%   0.028 AU:3    +
    1    17  0   0.0%   0.367 GC:3    +
   28    32  0   0.0%   0.987 GU:3    +
    6    15  0   0.0%   0.007 GC:3    +
   16    23  0   0.0%   0.952 CG:3    +
    4    31  0   0.0%   0.834 CG:3    +
    1    16  0   0.0%   0.367 GC:3    +
   11    24  0   0.0%   1.462 GU:3    +
    6    30  0   0.0%   1.043 GC:3    +
   13    21  0   0.0%   0.568 UG:3    +
   15    23  0   0.0%   0.870 CG:3    +
   27    31  0   0.0%   1.146 UG:3    +
   12    29  0   0.0%   0.895 UG:3    +
   12    23  0   0.0%   0.819 UG:3    +
   14    28  0   0.0%   0.398 CG:3    +
    6    13  0   0.0%   0.005 GU:3    +
    7    12  0   0.0%   0.358 AU:3    +
   17    21  0   0.0%   0.939 CG:3    +
    5    31  0   0.0%   0.683 UG:3    +
   11    32  0   0.0%   1.005 GU:3    +
   24    31  0   0.0%   1.393 UG:3    +
    6    16  0   0.0%   0.006 GC:3    +
   13    29  0   0.0%   0.453 UG:3    +
   11    25  0   0.0%   1.338 GC:3    +
    9    27  0   0.0%   1.080 GU:3    +
   10    32  0   0.0%   1.136 GU:3    +
   13    28  0   0.0%   0.462 UG:3    +
    9    30  0   0.0%   1.431 GC:3    +
    5    11  0   0.0%   0.399 UG:3    +
    8    13  0   0.0%   0.012 AU:3    +
   15    26  0   0.0%   0.901 CG:3    +
    1     5  0   0.0%   0.000 GU:3    +
   13    23  0   0.0%   0.377 UG:3    +
   14    26  0   0.0%   0.344 CG:3    +
    7    32  0   0.0%   0.258 AU:3    +
    6    32  0   0.0%   0.690 GU:3    +
   12    28  0   0.0%   0.904 UG:3    +
    5    29  0   0.0%   1.041 UG:3    +
   17    33  1   0.5%   1.003 CG:2    +
    3    23  1   0.4%   0.669 CG:2    +
   14    33  1   0.2%   0.276 CG:2    +
   19    33  1   0.2%   1.068 CG:2    +
    2    18  1   0.2%   0.410 CG:2    +
    3    11  1   0.2%   0.774 CG:2    +
   18    25  1   0.2%   0.454 GC:2    +
   14    18  1   0.1%   0.101 CG:2    +
    3    29  1   0.1%   1.140 CG:2    +
    3     9  1   0.1%   0.014 CG:2    +
   15    33  1   0.1%   0.891 CG:2    +
   16    33  1   0.0%   1.094 CG:2    +
   18    24  1   0.0%   0.546 GU:2    +
   13    18  1   0.0%   0.081 UG:2    +
   18    22  1   0.0%   0.352 GC:2    +
    3    26  1   0.0%   0.415 CG:2    +
    5    18  1   0.0%   0.031 UG:2    +
   22    33  1   0.0%   0.748 CG:2    +
   25    33  1   0.0%   0.485 CG:2    +
    3    21  1   0.0%   0.404 CG:2    +
    4    18  1   0.0%   0.399 CG:2    +
    3    31  1   0.0%   0.779 CG:2    +
    3    33  1   0.0%   0.772 CG:2    +
    2    33  1   0.0%   0.998 CG:2    +
    4    33  1   0.0%   0.826 CG:2    +
((((((..(((...))).)))......)))....
