3 sequence; length of alignment 51
alifold output
   23    40  0  94.0%   0.185 CG:1    UG:2   
    2     9  0  94.3%   0.166 CG:3   
    1    10  0  94.2%   0.170 GC:3   
   27    36  0  94.1%   0.311 CG:3   
   22    41  0  93.6%   0.195 GC:3   
   26    37  0  93.6%   0.329 GU:3   
   28    35  0  93.5%   0.324 UG:3   
   24    39  0  91.8%   0.246 GC:1    GU:2   
   29    34  0  92.1%   0.368 CG:3   
    3     8  0  87.7%   0.344 AU:3   
   20    43  0  71.7%   1.013 CG:3   
   19    44  0  69.3%   0.984 UG:1    UA:2   
   16    50  0  58.1%   1.631 GC:3   
   17    49  0  57.8%   1.950 GC:3   
   18    48  0  57.3%   1.989 GC:3   
   15    51  0  47.3%   1.280 AU:3   
   18    47  0  34.5%   1.439 GC:3    +
   17    48  0  34.3%   1.453 GC:3    +
   16    49  0  33.8%   1.366 GC:3    +
    1    13  0   4.5%   0.477 GC:3    +
    2    12  0   4.5%   0.475 CG:3    +
   18    27  0   4.3%   0.407 GC:3    +
   16    29  0   4.3%   0.405 GC:3    +
   17    28  0   4.3%   0.404 GU:3    +
   19    26  0   4.2%   0.403 UG:3    +
   15    30  0   4.1%   0.395 AU:3    +
   12    33  0   4.0%   0.531 GC:3    +
   39    44  0   2.9%   0.747 CG:1    UA:2    +
   13    32  1   4.0%   0.533 CG:2    +
   20    25  1   3.7%   0.368 CG:2    +
   36    47  0   3.1%   0.965 GC:3    +
   35    48  0   3.1%   1.255 GC:3    +
   34    49  0   3.1%   1.150 GC:3    +
   19    45  0   2.1%   0.717 UG:2    UA:1    +
    4    10  0   2.8%   0.357 GC:3    +
   17    47  0   2.3%   0.479 GC:3    +
   20    42  0   2.3%   0.389 CG:3    +
   16    48  0   2.3%   0.439 GC:3    +
   26    39  0   1.3%   0.450 GC:1    GU:2    +
   23    42  0   1.2%   0.314 CG:1    UG:2    +
   19    43  0   2.2%   0.390 UG:3    +
   20    45  1   2.5%   0.808 CG:2    +
   18    46  0   1.8%   0.392 GU:3    +
   28    44  0   0.3%   0.519 UG:1    UA:2    +
   34    39  0   0.3%   0.298 GC:1    GU:2    +
   24    41  0   1.3%   0.317 GC:3    +
   27    38  0   1.3%   0.361 CG:3    +
   12    50  0   1.2%   0.438 GC:3    +
   37    45  0   0.1%   0.280 UG:2    UA:1    +
   29    36  0   1.1%   0.448 CG:3    +
   19    25  0   0.0%   0.007 UG:2    UA:1    +
   12    23  0   0.0%   0.146 GC:1    GU:2    +
   37    44  0   0.0%   0.348 UG:1    UA:2    +
   31    51  0   0.0%   0.460 GU:1    AU:2    +
   39    43  0   0.0%   0.507 CG:1    UG:2    +
   25    46  0   0.0%   0.241 GU:2    AU:1    +
   12    39  0   0.0%   0.282 GC:1    GU:2    +
   23    43  0   0.0%   0.441 CG:1    UG:2    +
   25    37  0   0.0%   0.132 GU:2    AU:1    +
   32    51  0   0.0%   0.609 GU:2    AU:1    +
    9    39  0   0.0%   0.065 GC:1    GU:2    +
   16    23  0   0.0%   0.003 GC:1    GU:2    +
   23    44  0   0.0%   0.371 CG:1    UA:2    +
    8    44  0   0.0%   0.123 UG:1    UA:2    +
   19    32  0   0.0%   0.266 UG:2    UA:1    +
    4    39  0   0.0%   0.110 GC:1    GU:2    +
    8    45  0   0.0%   0.123 UG:2    UA:1    +
    1    39  0   0.0%   0.197 GC:1    GU:2    +
    1    23  0   0.0%   0.197 GC:1    GU:2    +
    5    39  0   0.0%   0.038 GC:1    GU:2    +
    9    23  0   0.0%   0.057 GC:1    GU:2    +
   17    23  0   0.0%   0.002 GC:1    GU:2    +
   30    44  0   0.0%   0.486 UG:1    UA:2    +
   31    37  0   0.0%   0.070 GU:1    AU:2    +
   23    31  0   0.0%   0.002 CG:1    UA:2    +
   28    45  0   0.0%   0.418 UG:2    UA:1    +
   31    39  0   0.0%   0.142 GC:1    AU:2    +
   22    39  0   0.0%   0.010 GC:1    GU:2    +
   30    35  0   1.0%   0.376 UG:3    +
   11    51  0   1.0%   0.140 AU:3    +
   34    50  0   1.0%   0.756 GC:3    +
   35    49  0   1.0%   1.190 GC:3    +
   36    48  0   1.0%   1.264 GC:3    +
   16    47  0   0.8%   0.257 GC:3    +
   17    46  0   0.8%   0.256 GU:3    +
   14    51  0   0.8%   0.162 AU:3    +
   38    47  0   0.6%   0.787 GC:3    +
    5    10  0   0.6%   0.243 GC:3    +
   29    35  0   0.4%   0.345 CG:3    +
   30    34  0   0.4%   0.273 UG:3    +
   33    40  0   0.3%   0.255 CG:3    +
   29    43  0   0.3%   0.664 CG:3    +
   26    46  0   0.3%   0.416 GU:3    +
   30    42  0   0.2%   0.385 UG:3    +
   24    48  0   0.2%   0.952 GC:3    +
   17    50  0   0.2%   1.352 GC:3    +
   18    49  0   0.2%   1.617 GC:3    +
   16    51  0   0.2%   1.415 GU:3    +
   28    36  0   0.1%   0.285 UG:3    +
   22    50  0   0.1%   0.470 GC:3    +
   21    51  0   0.1%   0.470 AU:3    +
    2    40  0   0.1%   0.213 CG:3    +
    1    41  0   0.1%   0.214 GC:3    +
   42    50  0   0.1%   0.618 GC:3    +
   43    49  0   0.1%   1.228 GC:3    +
   26    47  0   0.1%   0.795 GC:3    +
   38    46  0   0.1%   0.203 GU:3    +
   24    49  0   0.1%   0.863 GC:3    +
   43    48  0   0.1%   1.307 GC:3    +
   42    49  0   0.1%   1.032 GC:3    +
    4    13  0   0.0%   0.252 GC:3    +
   10    34  0   0.0%   0.197 CG:3    +
   12    51  0   0.0%   0.386 GU:3    +
    8    36  0   0.0%   0.126 UG:3    +
    5    37  0   0.0%   0.038 GU:3    +
   20    24  0   0.0%   0.008 CG:3    +
   12    49  0   0.0%   0.282 GC:3    +
    7    37  0   0.0%   0.010 AU:3    +
    5    47  0   0.0%   0.038 GC:3    +
    4    48  0   0.0%   0.111 GC:3    +
    6    46  0   0.0%   0.006 AU:3    +
   35    47  0   0.0%   0.656 GC:3    +
   34    48  0   0.0%   0.918 GC:3    +
   20    26  0   0.0%   0.263 CG:3    +
    9    41  0   0.0%   0.069 GC:3    +
   10    40  0   0.0%   0.202 CG:3    +
   36    46  0   0.0%   0.254 GU:3    +
   13    18  0   0.0%   0.150 CG:3    +
   13    22  0   0.0%   0.151 CG:3    +
   40    46  0   0.0%   0.228 GU:3    +
   12    19  0   0.0%   0.145 GU:3    +
    8    42  0   0.0%   0.125 UG:3    +
   22    49  0   0.0%   0.767 GC:3    +
   35    50  0   0.0%   0.728 GC:3    +
   36    49  0   0.0%   1.134 GC:3    +
   21    46  0   0.0%   0.117 AU:3    +
   43    47  0   0.0%   1.009 GC:3    +
    4    50  0   0.0%   0.110 GC:3    +
   42    48  0   0.0%   1.111 GC:3    +
    5    49  0   0.0%   0.038 GC:3    +
   34    51  0   0.0%   0.736 GU:3    +
   42    47  0   0.0%   0.822 GC:3    +
   24    47  0   0.0%   0.636 GC:3    +
   13    38  0   0.0%   0.280 CG:3    +
    3    51  0   0.0%   0.123 AU:3    +
   14    37  0   0.0%   0.010 AU:3    +
    9    13  0   0.0%   0.202 GC:3    +
    9    33  0   0.0%   0.059 GC:3    +
    8    14  0   0.0%   0.117 UA:3    +
    4     8  0   0.0%   0.117 GU:3    +
   28    34  0   0.0%   0.141 UG:3    +
    8    34  0   0.0%   0.118 UG:3    +
   33    38  0   0.0%   0.189 CG:3    +
   10    36  0   0.0%   0.195 CG:3    +
   27    35  0   0.0%   0.138 CG:3    +
    9    37  0   0.0%   0.064 GU:3    +
   27    40  0   0.0%   0.316 CG:3    +
   26    41  0   0.0%   0.379 GC:3    +
   10    35  0   0.0%   0.191 CG:3    +
    8    38  0   0.0%   0.122 UG:3    +
   19    42  0   0.0%   0.140 UG:3    +
   29    38  0   0.0%   0.341 CG:3    +
   12    48  0   0.0%   0.277 GC:3    +
   40    47  0   0.0%   0.749 GC:3    +
    5    13  0   0.0%   0.174 GC:3    +
   40    50  0   0.0%   0.527 GC:3    +
   10    38  0   0.0%   0.192 CG:3    +
   11    37  0   0.0%   0.007 AU:3    +
   13    26  0   0.0%   0.149 CG:3    +
   12    27  0   0.0%   0.144 GC:3    +
   38    48  0   0.0%   1.043 GC:3    +
   14    30  0   0.0%   0.002 AU:3    +
   13    40  0   0.0%   0.286 CG:3    +
   12    41  0   0.0%   0.282 GC:3    +
   11    28  0   0.0%   0.001 AU:3    +
   17    27  0   0.0%   0.002 GC:3    +
   34    41  0   0.0%   0.265 GC:3    +
   10    42  0   0.0%   0.195 CG:3    +
   24    50  0   0.0%   0.545 GC:3    +
   37    43  0   0.0%   0.414 UG:3    +
   26    48  0   0.0%   1.067 GC:3    +
   18    33  0   0.0%   0.267 GC:3    +
   22    29  0   0.0%   0.137 GC:3    +
   21    30  0   0.0%   0.133 AU:3    +
   10    16  0   0.0%   0.186 CG:3    +
   12    20  0   0.0%   0.142 GC:3    +
    4    49  0   0.0%   0.107 GC:3    +
    5    48  0   0.0%   0.037 GC:3    +
   33    42  0   0.0%   0.309 CG:3    +
    8    18  0   0.0%   0.117 UG:3    +
   43    50  0   0.0%   0.798 GC:3    +
    8    15  0   0.0%   0.117 UA:3    +
   13    35  0   0.0%   0.277 CG:3    +
    6    37  0   0.0%   0.003 AU:3    +
    5    20  0   0.0%   0.030 GC:3    +
   42    51  0   0.0%   0.630 GU:3    +
   18    50  0   0.0%   1.289 GC:3    +
    1    33  0   0.0%   0.197 GC:3    +
    8    40  0   0.0%   0.127 UG:3    +
    1    50  0   0.0%   0.203 GC:3    +
   17    51  0   0.0%   1.409 GU:3    +
    7    19  0   0.0%   0.000 AU:3    +
    5    29  0   0.0%   0.030 GC:3    +
   35    41  0   0.0%   0.278 GC:3    +
    2    38  0   0.0%   0.196 CG:3    +
    7    46  0   0.0%   0.005 AU:3    +
    2    22  0   0.0%   0.196 CG:3    +
    4    30  0   0.0%   0.105 GU:3    +
   10    26  0   0.0%   0.186 CG:3    +
    9    27  0   0.0%   0.057 GC:3    +
    5    50  0   0.0%   0.037 GC:3    +
   17    29  0   0.0%   0.270 GC:3    +
   22    47  0   0.0%   0.561 GC:3    +
    6    28  0   0.0%   0.000 AU:3    +
   16    30  0   0.0%   0.268 GU:3    +
    3    37  0   0.0%   0.115 AU:3    +
    4    41  0   0.0%   0.111 GC:3    +
    6    19  0   0.0%   0.000 AU:3    +
   13    17  0   0.0%   0.145 CG:3    +
    5    41  0   0.0%   0.038 GC:3    +
   30    36  0   0.0%   0.316 UG:3    +
    4    51  0   0.0%   0.109 GU:3    +
    8    35  0   0.0%   0.117 UG:3    +
   16    46  0   0.0%   0.138 GU:3    +
   13    36  0   0.0%   0.280 CG:3    +
   16    28  0   0.0%   0.001 GU:3    +
   10    43  0   0.0%   0.193 CG:3    +
   12    37  0   0.0%   0.279 GU:3    +
   11    19  0   0.0%   0.000 AU:3    +
   40    49  0   0.0%   0.947 GC:3    +
   34    47  0   0.0%   0.637 GC:3    +
   16    20  0   0.0%   0.001 GC:3    +
   35    46  0   0.0%   0.264 GU:3    +
   37    42  0   0.0%   0.229 UG:3    +
   10    22  0   0.0%   0.186 CG:3    +
    9    50  0   0.0%   0.061 GC:3    +
   22    51  0   0.0%   0.529 GU:3    +
   22    46  0   0.0%   0.178 GU:3    +
   27    34  0   0.0%   0.140 CG:3    +
   42    46  0   0.0%   0.297 GU:3    +
   30    43  0   0.0%   0.555 UG:3    +
    1     8  0   0.0%   0.000 GU:3    +
   38    50  0   0.0%   0.533 GC:3    +
    1    49  0   0.0%   0.203 GC:3    +
   22    48  0   0.0%   0.840 GC:3    +
   36    41  0   0.0%   0.263 GC:3    +
   10    18  0   0.0%   0.186 CG:3    +
   12    47  0   0.0%   0.276 GC:3    +
   13    34  0   0.0%   0.280 CG:3    +
   20    34  0   0.0%   0.130 CG:3    +
   19    35  0   0.0%   0.138 UG:3    +
   11    30  0   0.0%   0.001 AU:3    +
   15    46  0   0.0%   0.134 AU:3    +
    4    20  0   0.0%   0.104 GC:3    +
   40    51  0   0.0%   0.548 GU:3    +
   40    48  0   0.0%   1.036 GC:3    +
   12    29  0   0.0%   0.144 GC:3    +
    4    29  0   0.0%   0.104 GC:3    +
    3    30  0   0.0%   0.115 AU:3    +
   36    50  0   0.0%   0.711 GC:3    +
    9    20  0   0.0%   0.057 GC:3    +
   24    30  0   0.0%   0.135 GU:3    +
   17    37  0   0.0%   0.142 GU:3    +
    2    43  0   0.0%   0.202 CG:3    +
    9    19  0   0.0%   0.057 GU:3    +
   10    17  0   0.0%   0.185 CG:3    +
    4    47  0   0.0%   0.105 GC:3    +
    8    43  0   0.0%   0.122 UG:3    +
   26    33  0   0.0%   0.265 GC:3    +
    8    17  0   0.0%   0.116 UG:3    +
   27    45  1   0.3%   0.479 CG:2    +
   32    41  1   0.3%   0.312 GC:2    +
   25    47  1   0.3%   0.670 GC:2    +
    3    39  1   0.1%   0.130 AU:2    +
   25    48  1   0.1%   0.942 GC:2    +
   39    45  1   0.0%   0.471 UG:2    +
   32    50  1   0.0%   0.543 GC:2    +
   41    45  1   0.0%   0.350 CG:2    +
   11    39  1   0.0%   0.010 AU:2    +
   10    32  1   0.0%   0.188 CG:2    +
   32    39  1   0.0%   0.273 GU:2    +
   25    41  1   0.0%   0.250 GC:2    +
   14    39  1   0.0%   0.011 AU:2    +
   25    49  1   0.0%   0.850 GC:2    +
    7    39  1   0.0%   0.008 AU:2    +
    2    32  1   0.0%   0.196 CG:2    +
    6    39  1   0.0%   0.006 AU:2    +
   25    39  1   0.0%   0.211 GU:2    +
   29    45  1   0.0%   0.494 CG:2    +
   27    32  1   0.0%   0.264 CG:2    +
(((....)))....((((((.(((.((((....)))).))).))...))))
