3 sequence; length of alignment 34
alifold output
    6    12  0  75.4%   0.644 CG:1    UG:2   
    5    13  0  75.8%   0.634 CG:3   
    4    14  0  73.2%   0.686 AU:3   
    3    15  0  68.8%   0.790 GU:3   
    2    16  0  56.9%   0.994 GC:3   
   18    31  0  42.3%   2.309 CG:3   
   17    32  0  41.9%   1.852 CG:3   
   19    30  1  41.3%   2.414 CG:2   
   12    19  0  21.8%   1.223 GC:3    +
   11    20  0  21.6%   0.997 UA:3    +
   13    18  0  21.5%   1.218 GC:3    +
   10    21  0  19.8%   0.965 AU:3    +
    9    22  0  17.1%   0.934 GU:3    +
   21    28  0  15.3%   1.662 UG:3    +
    2    29  0  14.0%   1.336 GC:3    +
    1    30  1  12.4%   0.820 CG:2    +
   18    32  0  11.5%   2.571 CG:3    +
   19    31  0  11.5%   2.631 CG:3    +
    6    24  0   9.5%   0.894 CG:1    UG:2    +
    4    27  1  10.9%   1.056 AU:2    +
   17    33  1  10.1%   1.833 CG:2    +
    5    25  0   9.5%   0.892 CG:3    +
   19    28  0   9.2%   1.283 CG:3    +
   17    31  0   8.9%   1.094 CG:3    +
   19    24  0   8.7%   1.609 CG:3    +
   18    25  0   8.6%   1.711 CG:3    +
   18    30  1   8.8%   1.593 CG:2    +
   20    27  1   8.5%   1.221 AU:2    +
   16    32  0   6.9%   1.162 CG:3    +
   21    26  0   6.9%   1.077 UA:3    +
   16    33  1   6.9%   1.363 CG:2    +
    6    25  0   4.6%   1.088 CG:1    UG:2    +
    8    24  0   4.8%   0.839 CG:3    +
   24    29  0   4.7%   1.724 GC:3    +
    3    16  0   4.6%   1.016 GC:3    +
    2    17  0   4.5%   0.768 GC:3    +
    7    24  0   4.4%   0.659 UG:3    +
    7    25  0   4.4%   0.930 UG:3    +
    9    23  0   3.3%   0.666 GU:3    +
    3    29  0   3.0%   1.015 GC:3    +
    1    31  0   2.5%   0.578 CG:3    +
    6    26  1   2.9%   0.887 UA:2    +
   23    30  1   2.8%   1.366 UG:2    +
    4    15  0   2.3%   0.750 AU:3    +
    6    32  0   1.1%   0.877 CG:1    UG:2    +
   10    22  0   1.7%   0.832 AU:3    +
   17    25  0   1.6%   1.005 CG:3    +
   18    24  0   1.6%   1.108 CG:3    +
   17    24  0   1.2%   0.824 CG:3    +
    6    31  0   0.2%   0.824 CG:1    UG:2    +
   16    25  0   1.2%   1.179 CG:3    +
   15    26  0   1.1%   0.654 UA:3    +
    7    31  0   1.1%   0.600 UG:3    +
    9    29  0   1.1%   0.968 GC:3    +
    6    13  0   0.0%   0.434 CG:1    UG:2    +
   27    33  0   0.0%   1.006 GC:1    UG:2    +
    8    25  0   1.0%   0.822 CG:3    +
    6    28  0   0.0%   0.742 CG:1    UG:2    +
    7    26  0   1.0%   0.531 UA:3    +
    2     6  0   0.0%   0.000 GC:1    GU:2    +
    5    28  0   1.0%   0.590 CG:3    +
    8    30  1   1.1%   0.646 CG:2    +
   22    28  0   0.5%   1.044 UG:3    +
    5    33  1   1.0%   0.650 CG:2    +
   22    31  0   0.5%   1.491 UG:3    +
    2     8  0   0.5%   0.076 GC:3    +
    1     9  0   0.5%   0.073 CG:3    +
   15    33  1   0.9%   0.588 UG:2    +
   23    28  0   0.3%   0.784 UG:3    +
   21    32  0   0.3%   1.741 UG:3    +
    5    32  0   0.2%   0.547 CG:3    +
    1    28  0   0.2%   0.068 CG:3    +
    3     7  0   0.2%   0.037 GU:3    +
    1    32  0   0.2%   0.430 CG:3    +
   19    32  0   0.2%   2.294 CG:3    +
   16    31  0   0.1%   0.709 CG:3    +
   12    29  0   0.1%   1.016 GC:3    +
    5    24  0   0.1%   0.236 CG:3    +
   22    26  0   0.1%   0.779 UA:3    +
   13    29  0   0.1%   1.014 GC:3    +
   14    28  0   0.1%   0.317 UG:3    +
   10    23  0   0.1%   0.521 AU:3    +
   11    28  0   0.1%   0.411 UG:3    +
    5    31  0   0.1%   0.593 CG:3    +
   25    29  0   0.0%   1.488 GC:3    +
   14    26  0   0.0%   0.389 UA:3    +
   15    32  0   0.0%   0.490 UG:3    +
   19    25  0   0.0%   1.442 CG:3    +
    1    12  0   0.0%   0.034 CG:3    +
    2    11  0   0.0%   0.035 GU:3    +
   13    17  0   0.0%   0.368 GC:3    +
    7    12  0   0.0%   0.240 UG:3    +
    2    18  0   0.0%   0.499 GC:3    +
    5    12  0   0.0%   0.012 CG:3    +
    8    13  0   0.0%   0.251 CG:3    +
    3    17  0   0.0%   0.560 GC:3    +
    2    15  0   0.0%   0.036 GU:3    +
    2    19  0   0.0%   0.501 GC:3    +
   15    25  0   0.0%   0.906 UG:3    +
   16    24  0   0.0%   0.985 CG:3    +
    3    18  0   0.0%   0.426 GC:3    +
   12    18  0   0.0%   0.234 GC:3    +
    8    32  0   0.0%   0.360 CG:3    +
    8    28  0   0.0%   0.288 CG:3    +
    3     8  0   0.0%   0.043 GC:3    +
   17    28  0   0.0%   0.341 CG:3    +
    3    14  0   0.0%   0.019 GU:3    +
   11    31  0   0.0%   0.511 UG:3    +
   13    19  0   0.0%   0.889 GC:3    +
   23    31  0   0.0%   1.270 UG:3    +
   13    34  0   0.0%   0.568 GC:2    --:1    +
    8    31  0   0.0%   0.440 CG:3    +
   28    34  0   0.0%   0.634 GC:2    --:1    +
   10    15  0   0.0%   0.351 AU:3    +
    9    16  0   0.0%   0.490 GC:3    +
   22    32  0   0.0%   1.344 UG:3    +
    1    25  0   0.0%   0.032 CG:3    +
    3    34  0   0.0%   0.532 GC:2    --:1    +
    8    12  0   0.0%   0.252 CG:3    +
   21    25  0   0.0%   1.213 UG:3    +
    3    23  0   0.0%   0.422 GU:3    +
    1    24  0   0.0%   0.030 CG:3    +
    2    34  0   0.0%   0.787 GC:2    --:1    +
    9    21  0   0.0%   0.028 GU:3    +
    7    32  0   0.0%   0.469 UG:3    +
    7    13  0   0.0%   0.231 UG:3    +
    2    23  0   0.0%   0.498 GU:3    +
   23    32  0   0.0%   1.147 UG:3    +
   21    31  0   0.0%   1.806 UG:3    +
    4    22  0   0.0%   0.317 AU:3    +
   11    26  0   0.0%   0.484 UA:3    +
    3    22  0   0.0%   0.420 GU:3    +
    1    13  0   0.0%   0.028 CG:3    +
   18    28  0   0.0%   0.689 CG:3    +
    4    21  0   0.0%   0.316 AU:3    +
   30    34  0   0.0%   1.032 GC:2    --:1    +
    5     9  0   0.0%   0.025 CG:3    +
   12    34  0   0.0%   0.570 GC:2    --:1    +
   25    34  0   0.0%   0.896 GC:2    --:1    +
   16    28  0   0.0%   0.591 CG:3    +
    3    11  0   0.0%   0.018 GU:3    +
   12    21  0   0.0%   0.879 GU:3    +
   14    25  0   0.0%   0.781 UG:3    +
   14    24  0   0.0%   0.745 UG:3    +
   24    34  0   0.0%   0.996 GC:2    --:1    +
   13    21  0   0.0%   0.874 GU:3    +
   15    24  0   0.0%   0.864 UG:3    +
   14    20  0   0.0%   0.561 UA:3    +
   15    28  0   0.0%   0.473 UG:3    +
    9    34  0   0.0%   0.492 GC:2    --:1    +
    4    23  0   0.0%   0.318 AU:3    +
    4    11  0   0.0%   0.003 AU:3    +
    9    15  0   0.0%   0.372 GU:3    +
   10    14  0   0.0%   0.230 AU:3    +
    2     7  0   0.0%   0.000 GU:3    +
    2    14  0   0.0%   0.029 GU:3    +
   11    32  0   0.0%   0.425 UG:3    +
   12    22  0   0.0%   0.929 GU:3    +
    7    28  0   0.0%   0.394 UG:3    +
   12    17  0   0.0%   0.364 GC:3    +
   13    22  0   0.0%   0.924 GU:3    +
   13    23  0   0.0%   0.671 GU:3    +
   12    23  0   0.0%   0.676 GU:3    +
   11    25  0   0.0%   0.885 UG:3    +
    9    14  0   0.0%   0.254 GU:3    +
   15    31  0   0.0%   0.563 UG:3    +
    2    27  1   0.2%   0.534 GU:2    +
   21    30  1   0.2%   1.741 UG:2    +
   17    30  1   0.2%   0.622 CG:2    +
   18    33  1   0.1%   1.984 CG:2    +
   11    30  1   0.1%   0.674 UG:2    +
    7    30  1   0.1%   0.613 UG:2    +
   13    27  1   0.0%   0.822 GU:2    +
    6    30  1   0.0%   0.954 UG:2    +
    3    27  1   0.0%   0.440 GU:2    +
   12    27  1   0.0%   0.820 GU:2    +
   22    30  1   0.0%   1.337 UG:2    +
   14    33  1   0.0%   0.293 UG:2    +
   29    33  1   0.0%   1.122 CG:2    +
    7    33  1   0.0%   0.443 UG:2    +
    1    33  1   0.0%   0.408 CG:2    +
   10    27  1   0.0%   0.656 AU:2    +
   27    32  1   0.0%   1.381 UG:2    +
    9    27  1   0.0%   0.699 GU:2    +
   19    33  1   0.0%   1.917 CG:2    +
    5    30  1   0.0%   0.749 CG:2    +
   21    33  1   0.0%   1.344 UG:2    +
    8    33  1   0.0%   0.330 CG:2    +
    6    33  1   0.0%   0.800 UG:2    +
   22    33  1   0.0%   0.961 UG:2    +
   27    31  1   0.0%   1.501 UG:2    +
   23    33  1   0.0%   0.763 UG:2    +
   16    30  1   0.0%   0.842 CG:2    +
    6    10  1   0.0%   0.000 UA:2    +
.(((((.....)))))(((..........)))..
