3 sequence; length of alignment 33
alifold output
    2    18  0  75.1%   0.650 CG:3   
    3    17  0  74.7%   1.009 GC:3   
    4    16  0  73.9%   1.060 GC:3   
    1    19  0  61.0%   0.929 UA:3   
    5    14  0  55.9%   0.980 CG:3   
   17    26  0  21.0%   1.214 CG:3    +
   16    27  0  21.0%   1.284 CG:3    +
   26    32  0  19.4%   1.543 GC:3    +
   27    31  0  18.9%   1.608 GC:3    +
   15    28  0  18.2%   1.402 UA:3    +
    8    14  0  15.1%   1.219 CG:3    +
    7    15  0  12.7%   0.951 AU:3    +
    3    11  0  11.1%   0.784 GC:3    +
    4    10  0  11.0%   0.755 GC:3    +
   20    26  0   2.6%   0.633 CG:3    +
    4    22  0   2.4%   0.820 GC:3    +
    5    21  0   2.4%   0.593 CG:3    +
   20    27  0   2.2%   0.702 CG:3    +
    4    15  0   2.2%   0.497 GU:3    +
    6    15  0   2.1%   0.326 AU:3    +
   22    27  0   2.0%   0.767 CG:3    +
    3    23  1   2.3%   0.836 GC:2    +
   26    31  0   1.7%   0.732 GC:3    +
    3    16  0   1.4%   0.473 GC:3    +
    3    32  0   1.2%   0.826 GC:3    +
    4    31  0   1.2%   0.806 GC:3    +
    8    18  0   1.1%   0.677 CG:3    +
   27    32  0   0.7%   1.320 GC:3    +
   10    14  0   0.6%   0.981 CG:3    +
    9    15  0   0.6%   0.522 AU:3    +
    3     8  0   0.6%   0.090 GC:3    +
   14    31  0   0.5%   0.785 GC:3    +
    3    10  0   0.4%   0.101 GC:3    +
   14    32  0   0.3%   0.787 GC:3    +
    1    13  0   0.2%   0.049 UA:3    +
   15    30  0   0.2%   0.813 UA:3    +
    1    12  0   0.1%   0.024 UA:3    +
    2    27  0   0.1%   0.250 CG:3    +
   22    26  0   0.1%   0.550 CG:3    +
    1    28  0   0.1%   0.355 UA:3    +
   11    26  0   0.1%   0.274 CG:3    +
   10    27  0   0.1%   0.331 CG:3    +
   14    22  0   0.1%   0.754 GC:3    +
    2    26  0   0.1%   0.236 CG:3    +
   21    32  0   0.1%   0.187 GC:3    +
   21    31  0   0.1%   0.190 GC:3    +
   15    21  0   0.1%   0.565 UG:3    +
    1    25  0   0.1%   0.341 UA:3    +
    2    14  0   0.1%   0.013 CG:3    +
   15    29  0   0.0%   0.786 UA:3    +
    1    27  0   0.0%   0.342 UG:3    +
    4    11  0   0.0%   0.497 GC:3    +
   14    20  0   0.0%   0.659 GC:3    +
   15    19  0   0.0%   0.767 UA:3    +
   11    18  0   0.0%   0.519 CG:3    +
    3    20  0   0.0%   0.580 GC:3    +
    2    21  0   0.0%   0.225 CG:3    +
    1    24  0   0.0%   0.331 UA:3    +
    4     8  0   0.0%   0.034 GC:3    +
   10    18  0   0.0%   0.568 CG:3    +
    3    31  0   0.0%   0.666 GC:3    +
    1    18  0   0.0%   0.026 UG:3    +
   17    27  0   0.0%   0.894 CG:3    +
    1    14  0   0.0%   0.025 UG:3    +
   16    21  0   0.0%   0.380 CG:3    +
    8    27  0   0.0%   0.378 CG:3    +
   10    26  0   0.0%   0.308 CG:3    +
    1    21  0   0.0%   0.327 UG:3    +
    8    26  0   0.0%   0.372 CG:3    +
   18    31  0   0.0%   0.351 GC:3    +
   18    22  0   0.0%   0.363 GC:3    +
    4    32  0   0.0%   0.752 GC:3    +
    5    18  0   0.0%   0.542 CG:3    +
   18    32  0   0.0%   0.343 GC:3    +
    1     9  0   0.0%   0.001 UA:3    +
    1    33  0   0.0%   0.343 UA:3    +
    1    26  0   0.0%   0.333 UG:3    +
    1     6  0   0.0%   0.001 UA:3    +
    8    21  0   0.0%   0.456 CG:3    +
    1    29  0   0.0%   0.343 UA:3    +
    1     7  0   0.0%   0.001 UA:3    +
    4    17  0   0.0%   0.772 GC:3    +
   16    26  0   0.0%   0.296 CG:3    +
    4    20  0   0.0%   0.557 GC:3    +
   17    21  0   0.0%   0.314 CG:3    +
    3    22  0   0.0%   0.576 GC:3    +
   15    27  0   0.0%   0.483 UG:3    +
    1    30  0   0.0%   0.343 UA:3    +
   11    27  0   0.0%   0.273 CG:3    +
    3    15  0   0.0%   0.297 GU:3    +
   15    24  0   0.0%   0.467 UA:3    +
    5    27  0   0.0%   0.424 CG:3    +
   11    21  0   0.0%   0.340 CG:3    +
   10    21  0   0.0%   0.392 CG:3    +
    5    26  0   0.0%   0.419 CG:3    +
   23    27  1   0.0%   0.603 CG:2    +
   18    23  1   0.0%   0.360 GC:2    +
   14    23  1   0.0%   0.745 GC:2    +
(((((........).))))..............
