3 sequence; length of alignment 34
alifold output
   20    29  0  74.1%   1.026 CG:3   
   19    30  0  73.7%   1.060 GU:3   
   17    32  0  73.6%   0.901 GC:3   
   18    31  0  73.4%   0.970 UG:3   
   21    28  0  71.4%   1.322 UG:3   
   22    27  0  47.0%   1.623 UG:3   
    7    14  0  21.3%   1.029 UG:1    UA:2    +
    8    13  0  22.0%   1.238 CG:3    +
    6    15  0  17.2%   1.089 GU:3    +
    8    23  0  12.0%   1.128 CG:3    +
    9    22  0  11.8%   0.785 AU:3    +
   19    32  0  10.4%   1.495 GC:3    +
   20    31  0  10.4%   1.339 CG:3    +
   18    33  0   9.9%   1.223 UA:3    +
    7    24  0   8.9%   0.995 UA:3    +
    2    28  0   8.6%   1.029 CG:3    +
    1    29  0   8.5%   0.710 CG:3    +
   10    21  1   8.9%   0.735 AU:2    +
   17    34  0   8.4%   1.159 GU:3    +
    2    13  0   8.0%   0.614 CG:3    +
    3    12  0   7.6%   0.588 AU:3    +
    5    26  0   7.2%   0.851 GC:3    +
    4    27  0   5.4%   0.699 UG:3    +
   11    19  0   5.3%   0.869 CG:3    +
    5    11  0   5.0%   0.456 GC:3    +
   14    34  0   2.5%   0.674 GU:1    AU:2    +
   15    33  0   2.9%   0.703 UA:3    +
    6    11  0   2.6%   0.442 GC:3    +
    5    12  0   2.4%   0.617 GU:3    +
   11    17  0   1.8%   0.532 CG:3    +
    4    14  0   0.8%   0.157 UG:1    UA:2    +
   22    29  0   1.5%   1.427 UG:3    +
   12    16  0   1.5%   0.517 UA:3    +
    4    17  0   1.4%   0.283 UG:3    +
    3    18  0   1.4%   0.418 AU:3    +
    1    28  0   1.4%   0.202 CG:3    +
    2    27  0   1.4%   0.455 CG:3    +
    3    30  0   1.4%   0.485 AU:3    +
    2    31  0   1.4%   0.743 CG:3    +
    2    19  0   1.3%   0.379 CG:3    +
    6    26  0   1.2%   0.803 GC:3    +
    4    29  0   1.2%   0.722 UG:3    +
   12    19  0   1.1%   0.775 UG:3    +
   22    28  0   1.1%   1.376 UG:3    +
   14    18  0   0.0%   0.543 GU:1    AU:2    +
   14    21  0   0.0%   0.615 GU:1    AU:2    +
   14    30  0   0.0%   0.468 GU:1    AU:2    +
   14    22  0   0.0%   0.641 GU:1    AU:2    +
   13    20  0   1.0%   0.765 GC:3    +
   12    27  0   1.0%   0.787 UG:3    +
   11    28  0   1.0%   0.902 CG:3    +
   13    26  0   0.9%   1.026 GC:3    +
   21    29  0   0.9%   1.120 UG:3    +
   10    18  1   1.3%   0.250 AU:2    +
    3    15  0   0.8%   0.310 AU:3    +
   13    18  0   0.7%   0.802 GU:3    +
    7    25  0   0.6%   0.660 UA:3    +
    8    31  0   0.6%   0.773 CG:3    +
    4    13  0   0.6%   0.305 UG:3    +
    9    30  0   0.5%   0.411 AU:3    +
    6    12  0   0.4%   0.460 GU:3    +
    6    32  0   0.4%   0.596 GC:3    +
    6    20  0   0.4%   0.497 GC:3    +
    4    28  0   0.4%   0.656 UG:3    +
    5    21  0   0.4%   0.322 GU:3    +
    4    16  0   0.3%   0.135 UA:3    +
    4    33  0   0.3%   0.443 UA:3    +
    5    32  0   0.3%   0.519 GC:3    +
   16    34  0   0.3%   0.248 AU:3    +
    5    15  0   0.2%   0.327 GU:3    +
    2    29  0   0.2%   0.798 CG:3    +
   18    25  0   0.2%   0.246 UA:3    +
   17    26  0   0.2%   0.492 GC:3    +
    3    34  0   0.2%   0.404 AU:3    +
    7    19  0   0.2%   0.429 UG:3    +
    8    19  0   0.2%   0.446 CG:3    +
    9    18  0   0.2%   0.098 AU:3    +
   12    17  0   0.2%   0.545 UG:3    +
   17    22  0   0.2%   0.460 GU:3    +
    2    23  0   0.2%   0.296 CG:3    +
    7    31  0   0.1%   0.686 UG:3    +
    3    22  0   0.1%   0.324 AU:3    +
   15    24  0   0.1%   0.604 UA:3    +
   21    27  0   0.1%   0.535 UG:3    +
    1     5  0   0.1%   0.020 CG:3    +
   20    28  0   0.1%   0.433 CG:3    +
   27    32  0   0.1%   1.161 GC:3    +
   23    32  0   0.1%   0.799 GC:3    +
    1    13  0   0.1%   0.031 CG:3    +
    1     6  0   0.1%   0.025 CG:3    +
   16    22  0   0.1%   0.367 AU:3    +
    8    17  0   0.1%   0.413 CG:3    +
    4    25  0   0.1%   0.177 UA:3    +
   15    23  0   0.1%   0.642 UG:3    +
   22    33  0   0.1%   1.122 UA:3    +
    7    33  0   0.1%   0.633 UA:3    +
    6    34  0   0.1%   0.559 GU:3    +
   13    32  0   0.1%   0.749 GC:3    +
   11    29  0   0.1%   0.809 CG:3    +
   12    33  0   0.1%   0.515 UA:3    +
    1    31  0   0.1%   0.303 CG:3    +
   12    28  0   0.0%   0.827 UG:3    +
    2     6  0   0.0%   0.016 CG:3    +
   17    21  0   0.0%   0.403 GU:3    +
    8    29  0   0.0%   0.889 CG:3    +
   20    27  0   0.0%   0.341 CG:3    +
    6    22  0   0.0%   0.470 GU:3    +
    5    20  0   0.0%   0.265 GC:3    +
    9    21  0   0.0%   0.041 AU:3    +
   13    34  0   0.0%   0.724 GU:3    +
    4     9  0   0.0%   0.006 UA:3    +
    4    24  0   0.0%   0.164 UA:3    +
   15    25  0   0.0%   0.412 UA:3    +
    2    17  0   0.0%   0.210 CG:3    +
    7    13  0   0.0%   0.242 UG:3    +
   19    26  0   0.0%   0.595 GC:3    +
    1    23  0   0.0%   0.023 CG:3    +
   26    31  0   0.0%   0.873 CG:3    +
   18    27  0   0.0%   0.449 UG:3    +
   23    30  0   0.0%   0.595 GU:3    +
    9    15  0   0.0%   0.361 AU:3    +
    7    16  0   0.0%   0.353 UA:3    +
    5    22  0   0.0%   0.294 GU:3    +
    6    21  0   0.0%   0.475 GU:3    +
   15    31  0   0.0%   0.480 UG:3    +
    1    17  0   0.0%   0.021 CG:3    +
   16    30  0   0.0%   0.183 AU:3    +
    4    23  0   0.0%   0.172 UG:3    +
   15    29  0   0.0%   0.657 UG:3    +
   16    21  0   0.0%   0.325 AU:3    +
    1    27  0   0.0%   0.023 CG:3    +
   13    22  0   0.0%   0.918 GU:3    +
   18    23  0   0.0%   0.442 UG:3    +
   24    30  0   0.0%   0.547 AU:3    +
   18    29  0   0.0%   0.467 UG:3    +
   11    23  0   0.0%   0.742 CG:3    +
   15    19  0   0.0%   0.650 UG:3    +
   18    24  0   0.0%   0.394 UA:3    +
   13    30  0   0.0%   0.788 GU:3    +
    8    28  0   0.0%   0.900 CG:3    +
    5    34  0   0.0%   0.502 GU:3    +
    3     7  0   0.0%   0.001 AU:3    +
   13    21  0   0.0%   0.891 GU:3    +
    7    29  0   0.0%   0.869 UG:3    +
   11    31  0   0.0%   0.628 CG:3    +
   18    28  0   0.0%   0.525 UG:3    +
   25    30  0   0.0%   0.372 AU:3    +
    8    27  0   0.0%   0.825 CG:3    +
   28    32  0   0.0%   1.158 GC:3    +
    7    28  0   0.0%   0.886 UG:3    +
   11    27  0   0.0%   0.693 CG:3    +
   12    24  0   0.0%   0.651 UA:3    +
   15    28  0   0.0%   0.715 UG:3    +
    1    19  0   0.0%   0.020 CG:3    +
    7    23  0   0.0%   0.358 UG:3    +
    5    30  0   0.0%   0.533 GU:3    +
   12    31  0   0.0%   0.587 UG:3    +
   21    25  0   0.0%   0.296 UA:3    +
   12    23  0   0.0%   0.701 UG:3    +
   15    27  0   0.0%   0.637 UG:3    +
    5    18  0   0.0%   0.321 GU:3    +
   27    34  0   0.0%   0.973 GU:3    +
   21    31  0   0.0%   1.102 UG:3    +
   28    34  0   0.0%   0.976 GU:3    +
   12    29  0   0.0%   0.764 UG:3    +
   25    34  0   0.0%   0.389 AU:3    +
   22    31  0   0.0%   1.320 UG:3    +
    4    31  0   0.0%   0.459 UG:3    +
   12    25  0   0.0%   0.470 UA:3    +
    6    30  0   0.0%   0.568 GU:3    +
   17    30  0   0.0%   0.273 GU:3    +
    6    18  0   0.0%   0.492 GU:3    +
   29    34  0   0.0%   0.947 GU:3    +
    9    34  0   0.0%   0.314 AU:3    +
   21    33  0   0.0%   0.889 UA:3    +
    4    19  0   0.0%   0.216 UG:3    +
    3    21  0   0.0%   0.296 AU:3    +
    7    17  0   0.0%   0.396 UG:3    +
    7    27  0   0.0%   0.811 UG:3    +
   24    34  0   0.0%   0.563 AU:3    +
    4    10  1   0.1%   0.025 UA:2    +
   10    30  1   0.0%   0.378 AU:2    +
   10    15  1   0.0%   0.366 AU:2    +
   10    22  1   0.0%   0.547 AU:2    +
   10    34  1   0.0%   0.302 AU:2    +
................((((((....))))))..
