3 sequence; length of alignment 40
alifold output
   18    26  0  98.6%   0.074 CG:3   
    8    37  0  98.6%   0.054 GC:3   
   19    25  0  98.5%   0.063 CG:3   
    7    38  0  98.4%   0.068 CG:3   
    9    36  0  98.2%   0.065 CG:3   
   17    27  0  97.9%   0.097 UA:3   
    6    39  0  97.4%   0.112 CG:3   
   16    28  0  87.6%   0.391 UG:1    UA:2   
   13    30  0  84.3%   0.504 CG:3   
   12    31  1  82.5%   0.483 GC:2   
   14    29  0  67.4%   0.882 UG:3   
   14    28  0   0.2%   0.049 UG:1    UA:2    +
   20    28  0   0.2%   0.169 UG:1    UA:2    +
   28    35  0   0.1%   0.205 GU:1    AU:2    +
   17    28  0   0.0%   0.174 UG:1    UA:2    +
   12    35  0   0.0%   0.220 GU:2    AU:1    +
   12    24  0   0.0%   0.002 GU:2    AU:1    +
    3    28  0   0.0%   0.000 UG:1    UA:2    +
    3    12  0   0.0%   0.000 UG:2    UA:1    +
   12    17  0   0.0%   0.000 GU:2    AU:1    +
   12    16  0   0.0%   0.000 GU:2    AU:1    +
   12    20  0   0.0%   0.000 GU:2    AU:1    +
   22    36  0   0.9%   0.181 CG:3    +
   21    37  0   0.9%   0.165 GC:3    +
   25    32  0   0.9%   0.210 GC:3    +
   26    31  0   0.9%   0.329 GC:3    +
   23    35  0   0.9%   0.140 AU:3    +
   24    33  0   0.9%   0.136 UA:3    +
   10    30  0   0.8%   0.134 CG:3    +
   11    29  0   0.8%   0.128 CG:3    +
   20    38  0   0.8%   0.186 UG:3    +
   19    39  0   0.8%   0.225 CG:3    +
   12    32  1   1.0%   0.296 GC:2    +
   16    27  0   0.4%   0.073 UA:3    +
    5    39  0   0.3%   0.061 CG:3    +
   11    38  0   0.3%   0.131 CG:3    +
   13    36  0   0.3%   0.254 CG:3    +
   10    39  0   0.3%   0.158 CG:3    +
   13    29  0   0.3%   0.105 CG:3    +
   14    30  0   0.3%   0.527 UG:3    +
    6    38  0   0.2%   0.042 CG:3    +
   17    26  0   0.2%   0.044 UG:3    +
   18    25  0   0.2%   0.043 CG:3    +
   19    29  0   0.2%   0.385 CG:3    +
   18    30  0   0.2%   0.269 CG:3    +
   18    39  0   0.1%   0.134 CG:3    +
   19    38  0   0.1%   0.106 CG:3    +
   17    40  0   0.1%   0.059 UA:2    --:1    +
   14    25  0   0.1%   0.020 UG:3    +
   10    29  0   0.1%   0.020 CG:3    +
   13    26  0   0.1%   0.021 CG:3    +
   15    24  0   0.1%   0.019 AU:3    +
    9    30  0   0.1%   0.019 CG:3    +
    8    31  0   0.1%   0.020 GC:3    +
   10    36  0   0.1%   0.089 CG:3    +
   16    23  0   0.1%   0.017 UA:3    +
   16    29  0   0.1%   0.490 UG:3    +
    7    36  0   0.1%   0.015 CG:3    +
   29    34  0   0.1%   0.368 GC:3    +
    8    35  0   0.0%   0.019 GU:3    +
    2    38  0   0.0%   0.009 CG:3    +
    1    39  0   0.0%   0.009 CG:3    +
    3    40  0   0.0%   0.008 UA:2    --:1    +
   11    30  0   0.0%   0.092 CG:3    +
   16    33  0   0.0%   0.154 UA:3    +
   22    26  0   0.0%   0.037 CG:3    +
   13    21  0   0.0%   0.003 CG:3    +
    3    36  0   0.0%   0.002 UG:3    +
   20    25  0   0.0%   0.035 UG:3    +
   11    36  0   0.0%   0.073 CG:3    +
   25    34  0   0.0%   0.086 GC:3    +
    8    13  0   0.0%   0.002 GC:3    +
   19    26  0   0.0%   0.049 CG:3    +
   11    25  0   0.0%   0.002 CG:3    +
   10    26  0   0.0%   0.002 CG:3    +
    2    39  0   0.0%   0.007 CG:3    +
    9    39  0   0.0%   0.073 CG:3    +
    2     8  0   0.0%   0.001 CG:3    +
   10    38  0   0.0%   0.086 CG:3    +
   15    35  0   0.0%   0.013 AU:3    +
    3    38  0   0.0%   0.005 UG:3    +
   30    34  0   0.0%   0.233 GC:3    +
    1     8  0   0.0%   0.001 CG:3    +
   14    33  0   0.0%   0.303 UA:3    +
   32    38  0   0.0%   0.188 CG:3    +
   29    35  0   0.0%   0.404 GU:3    +
    5    36  0   0.0%   0.002 CG:3    +
   34    39  0   0.0%   0.127 CG:3    +
   16    30  0   0.0%   0.358 UG:3    +
   26    32  0   0.0%   0.167 GC:3    +
   31    39  0   0.0%   0.322 CG:3    +
   19    30  0   0.0%   0.247 CG:3    +
   20    29  0   0.0%   0.359 UG:3    +
    5    38  0   0.0%   0.004 CG:3    +
    8    34  0   0.0%   0.008 GC:3    +
    1    38  0   0.0%   0.001 CG:3    +
    8    32  0   0.0%   0.008 GC:3    +
    7    39  0   0.0%   0.069 CG:3    +
    2    29  0   0.0%   0.001 CG:3    +
   20    27  0   0.0%   0.044 UA:3    +
    1    30  0   0.0%   0.001 CG:3    +
    2    36  0   0.0%   0.001 CG:3    +
   31    36  0   0.0%   0.300 CG:3    +
   30    37  0   0.0%   0.297 GC:3    +
    6    36  0   0.0%   0.002 CG:3    +
    5    26  0   0.0%   0.000 CG:3    +
   22    30  0   0.0%   0.222 CG:3    +
    6    25  0   0.0%   0.000 CG:3    +
   21    31  0   0.0%   0.166 GC:3    +
   16    40  0   0.0%   0.154 UA:2    --:1    +
   17    21  0   0.0%   0.001 UG:3    +
    8    22  0   0.0%   0.002 GC:3    +
    9    21  0   0.0%   0.000 CG:3    +
    3    15  0   0.0%   0.000 UA:3    +
   32    39  0   0.0%   0.204 CG:3    +
   17    33  0   0.0%   0.038 UA:3    +
    7    25  0   0.0%   0.000 CG:3    +
   10    25  0   0.0%   0.000 CG:3    +
    7    29  0   0.0%   0.000 CG:3    +
    6    26  0   0.0%   0.000 CG:3    +
    6    30  0   0.0%   0.001 CG:3    +
   25    31  0   0.0%   0.199 GC:3    +
    9    26  0   0.0%   0.000 CG:3    +
    6    29  0   0.0%   0.000 CG:3    +
   16    25  0   0.0%   0.013 UG:3    +
    8    24  0   0.0%   0.002 GU:3    +
    5    30  0   0.0%   0.000 CG:3    +
    8    18  0   0.0%   0.001 GC:3    +
   14    27  0   0.0%   0.007 UA:3    +
    3     8  0   0.0%   0.001 UG:3    +
    3    39  0   0.0%   0.005 UG:3    +
   15    20  0   0.0%   0.000 AU:3    +
   17    29  0   0.0%   0.372 UG:3    +
   14    23  0   0.0%   0.000 UA:3    +
    8    14  0   0.0%   0.001 GU:3    +
   14    21  0   0.0%   0.001 UG:3    +
    8    17  0   0.0%   0.001 GU:3    +
   18    38  0   0.0%   0.088 CG:3    +
   16    21  0   0.0%   0.001 UG:3    +
   17    23  0   0.0%   0.006 UA:3    +
   17    39  0   0.0%   0.104 UG:3    +
   11    21  0   0.0%   0.000 CG:3    +
   13    25  0   0.0%   0.002 CG:3    +
   34    38  0   0.0%   0.111 CG:3    +
   16    26  0   0.0%   0.013 UG:3    +
   30    35  0   0.0%   0.273 GU:3    +
   12    37  1   0.3%   0.284 GC:2    +
   12    34  1   0.1%   0.225 GC:2    +
   12    22  1   0.0%   0.003 GC:2    +
    4    35  1   0.0%   0.002 AU:2    +
    5    12  1   0.0%   0.000 CG:2    +
    7    12  1   0.0%   0.001 CG:2    +
    6    12  1   0.0%   0.000 CG:2    +
    4    14  1   0.0%   0.000 AU:2    +
   12    18  1   0.0%   0.001 GC:2    +
    2    12  1   0.0%   0.000 CG:2    +
.....((((..(((.((((.....)))))))....)))).
