3 sequence; length of alignment 33
alifold output
   10    20  0  99.3%   0.046 CG:3   
    9    21  0  99.3%   0.038 GC:3   
    8    22  0  97.5%   0.103 CG:3   
   11    19  0  97.2%   0.097 AU:3   
    3    27  0  69.1%   0.851 CG:3   
    4    26  0  68.7%   0.774 AU:3   
   13    17  0  36.9%   1.104 UA:3    +
    6    23  0  23.9%   1.076 GC:2    GU:1    +
    7    24  0   3.3%   0.355 UA:3    +
    5    26  0   1.6%   0.492 GU:3    +
    5    23  0   0.5%   0.094 GC:2    GU:1    +
    3    25  0   1.4%   0.185 CG:3    +
   26    32  0   1.4%   0.530 UA:3    +
   25    33  0   1.3%   0.274 GC:3    +
   25    30  0   0.3%   0.142 GC:2    GU:1    +
    5    30  0   0.2%   0.148 GC:2    GU:1    +
    9    23  0   0.2%   0.419 GC:2    GU:1    +
   12    23  0   0.0%   0.417 GC:2    GU:1    +
    6    30  0   0.0%   0.405 GC:2    GU:1    +
   23    27  0   0.0%   0.681 CG:2    UG:1    +
   18    30  0   0.0%   0.059 GC:2    GU:1    +
   22    30  0   0.0%   0.069 GC:2    GU:1    +
   20    30  0   0.0%   0.053 GC:2    GU:1    +
   12    30  0   0.0%   0.046 GC:2    GU:1    +
   18    23  0   0.0%   0.426 GC:2    GU:1    +
   13    18  0   0.5%   0.467 UG:3    +
   12    21  0   0.3%   0.077 GC:3    +
   13    20  0   0.3%   0.469 UG:3    +
    1     6  0   0.3%   0.063 CG:2    --:1    +
    7    22  0   0.3%   0.046 UG:3    +
    6    26  0   0.2%   0.729 GU:3    +
   10    18  0   0.2%   0.040 CG:3    +
    9    19  0   0.2%   0.040 GU:3    +
    4    28  0   0.2%   0.297 AU:3    +
    8    20  0   0.2%   0.039 CG:3    +
    1     5  0   0.2%   0.037 CG:2    --:1    +
    9    26  0   0.2%   0.403 GU:3    +
    8    27  0   0.2%   0.357 CG:3    +
   10    25  0   0.2%   0.136 CG:3    +
   12    16  0   0.2%   0.031 GC:3    +
   10    22  0   0.2%   0.091 CG:3    +
    6    29  0   0.1%   0.412 GU:3    +
    1    27  0   0.1%   0.052 CG:2    --:1    +
    5    28  0   0.1%   0.137 GU:3    +
   27    33  0   0.1%   0.377 GC:3    +
   28    32  0   0.1%   0.102 UA:3    +
    6    21  0   0.1%   0.033 GC:3    +
    4    29  0   0.1%   0.287 AU:3    +
    7    25  0   0.1%   0.205 UG:3    +
    7    32  0   0.0%   0.142 UA:3    +
   13    22  0   0.0%   0.472 UG:3    +
    6    33  0   0.0%   0.398 GC:3    +
   14    18  0   0.0%   0.049 UG:3    +
   10    27  0   0.0%   0.342 CG:3    +
   11    26  0   0.0%   0.383 AU:3    +
    9    28  0   0.0%   0.069 GU:3    +
   12    19  0   0.0%   0.057 GU:3    +
    6    28  0   0.0%   0.403 GU:3    +
    5    29  0   0.0%   0.120 GU:3    +
   13    24  0   0.0%   0.533 UA:3    +
    8    25  0   0.0%   0.110 CG:3    +
    7    27  0   0.0%   0.416 UG:3    +
   21    27  0   0.0%   0.328 CG:3    +
   26    31  0   0.0%   0.354 UA:3    +
   20    28  0   0.0%   0.063 GU:3    +
   24    29  0   0.0%   0.132 AU:3    +
    5    33  0   0.0%   0.126 GC:3    +
   16    22  0   0.0%   0.065 CG:3    +
    1    25  0   0.0%   0.031 CG:2    --:1    +
   17    26  0   0.0%   0.720 AU:3    +
   16    27  0   0.0%   0.308 CG:3    +
   22    26  0   0.0%   0.406 GU:3    +
    5    16  0   0.0%   0.013 GC:3    +
    6    15  0   0.0%   0.018 GU:3    +
   13    32  0   0.0%   0.421 UA:3    +
   12    33  0   0.0%   0.036 GC:3    +
   25    29  0   0.0%   0.098 GU:3    +
   14    31  0   0.0%   0.004 UA:3    +
   15    22  0   0.0%   0.054 UG:3    +
    7    20  0   0.0%   0.001 UG:3    +
    5    10  0   0.0%   0.013 GC:3    +
   19    24  0   0.0%   0.159 UA:3    +
   24    28  0   0.0%   0.140 AU:3    +
   22    28  0   0.0%   0.078 GU:3    +
    7    31  0   0.0%   0.134 UA:3    +
    5    21  0   0.0%   0.013 GC:3    +
   14    20  0   0.0%   0.040 UG:3    +
   15    20  0   0.0%   0.038 UG:3    +
    8    18  0   0.0%   0.000 CG:3    +
   14    24  0   0.0%   0.117 UA:3    +
   21    25  0   0.0%   0.112 CG:3    +
   20    26  0   0.0%   0.389 GU:3    +
   16    20  0   0.0%   0.048 CG:3    +
   13    25  0   0.0%   0.500 UG:3    +
    3    22  0   0.0%   0.000 CG:3    +
   22    33  0   0.0%   0.058 GC:3    +
   11    15  0   0.0%   0.001 AU:3    +
   14    22  0   0.0%   0.055 UG:3    +
   22    29  0   0.0%   0.069 GU:3    +
   18    33  0   0.0%   0.048 GC:3    +
    3    20  0   0.0%   0.000 CG:3    +
   19    32  0   0.0%   0.046 UA:3    +
    4    19  0   0.0%   0.000 AU:3    +
    3    12  0   0.0%   0.000 CG:3    +
   19    27  0   0.0%   0.340 UG:3    +
   16    25  0   0.0%   0.093 CG:3    +
    3    18  0   0.0%   0.000 CG:3    +
   15    24  0   0.0%   0.116 UA:3    +
   19    31  0   0.0%   0.044 UA:3    +
    9    16  0   0.0%   0.000 GC:3    +
   18    28  0   0.0%   0.068 GU:3    +
   17    29  0   0.0%   0.383 AU:3    +
    3     9  0   0.0%   0.000 CG:3    +
    6    16  0   0.0%   0.018 GC:3    +
    1     9  0   0.0%   0.029 CG:2    --:1    +
   14    25  0   0.0%   0.084 UG:3    +
   15    31  0   0.0%   0.001 UA:3    +
    5    14  0   0.0%   0.013 GU:3    +
    2    27  1   0.3%   0.063 CG:2    +
    2    25  1   0.0%   0.011 CG:2    +
    2     6  1   0.0%   0.018 CG:2    +
..((...((((.......))))...))......
