3 sequence; length of alignment 104
alifold output
   64    73  0 100.0%   0.000 CG:3   
   63    74  0  99.9%   0.004 AU:3   
   62    75  0  99.8%   0.005 AU:3   
   61    76  0  99.8%   0.005 GC:3   
   65    72  0  99.4%   0.017 GC:3   
    7    20  0  93.9%   0.177 CG:3   
    8    19  0  93.9%   0.181 GC:3   
    6    21  0  93.7%   0.184 GC:3   
    9    18  0  90.5%   0.273 AU:3   
   60    77  0  85.4%   0.407 AU:3   
   66    71  0  83.0%   0.463 UA:3   
   56    84  0  78.0%   0.982 GC:3    +
   55    85  0  77.9%   0.976 GC:3    +
   57    83  1  77.2%   0.935 AU:2    +
   52    89  0  75.8%   0.982 CG:3    +
   58    82  0  72.8%   1.199 GC:2    GU:1    +
   53    88  0  72.3%   1.028 AU:3    +
   54    86  1  72.4%   0.748 UA:2    +
   51    90  0  71.5%   1.062 UA:3    +
   59    80  0  60.1%   1.240 CG:3    +
   48    93  0  51.6%   1.744 GC:3    +
   47    94  0  50.6%   1.732 GC:1    GU:2    +
   49    92  0  51.5%   1.747 CG:3    +
   41   101  0  45.7%   1.951 UA:3    +
   40   102  0  45.6%   2.146 GC:3    +
   42   100  0  45.3%   2.021 CG:3    +
   39   103  1  32.4%   1.812 AU:2    +
   29    46  0  29.7%   1.362 GC:3    +
   30    45  0  29.0%   1.289 UA:3    +
   28    47  0  28.7%   1.436 CG:3    +
   26    49  0  28.6%   2.008 GC:3    +
   27    48  0  28.6%   1.408 UG:3    +
   25    50  0  28.5%   1.874 GC:3    +
   82    89  0  21.8%   1.460 CG:2    UG:1   
   27   101  0  22.8%   1.707 UA:3   
   26   102  0  22.8%   2.308 GC:3   
   28   100  0  22.7%   1.784 CG:3   
   25   103  0  21.7%   2.158 GC:1    GU:2   
   25    34  0  22.1%   1.531 GU:3    +
   26    33  0  22.1%   1.594 GC:3    +
   81    90  0  21.9%   1.365 UA:3   
   80    91  0  21.9%   1.327 GC:3   
   24    35  0  21.8%   1.121 CG:3    +
   33    40  0  21.1%   1.404 CG:3    +
   34    39  0  20.7%   1.520 UA:3    +
   29    59  0  19.6%   1.599 GC:3   
   30    58  0  19.6%   1.534 UG:3   
   31    57  0  19.5%   1.027 UA:3   
   32    56  0  19.5%   1.099 UG:3   
   33    55  0  19.5%   1.726 CG:3   
   35    52  0  19.5%   1.744 GC:3   
   36    51  0  19.4%   1.306 AU:3   
   79    92  0  19.0%   1.442 CG:3   
   34    53  0  18.6%   1.777 UA:3   
   40    49  0  18.3%   1.706 GC:3   
   41    48  0  18.1%   1.507 UG:3   
   42    47  0  17.7%   1.495 CG:3   
   37    50  1  17.4%   1.460 GC:2   
    2    25  0   8.8%   0.647 CG:3    +
    1    26  0   8.6%   0.639 CG:3    +
   35    42  0   6.8%   1.171 GC:3    +
    3    25  0   6.4%   0.744 CG:3    +
   36    41  0   6.3%   0.674 AU:3    +
    2    26  0   6.3%   0.948 CG:3    +
    8    28  0   5.5%   0.541 GC:3    +
    9    27  0   5.5%   0.575 AU:3    +
    7    29  0   5.5%   0.544 CG:3    +
   10    26  0   5.4%   0.872 CG:3    +
    6    30  0   5.2%   0.525 GU:3    +
   28    35  0   4.4%   1.018 CG:3    +
   27    36  0   3.8%   0.547 UA:3    +
   44    98  0   3.6%   0.431 UA:3    +
   58    81  0   3.4%   0.735 GU:3    +
    3    35  0   2.2%   0.449 CG:3    +
   29    34  0   2.2%   0.854 GU:3    +
    4    34  0   2.2%   0.266 AU:3    +
   60    78  0   1.8%   0.365 AU:3    +
   37    43  0   0.7%   0.285 GC:2    AU:1    +
   43    47  0   0.5%   0.804 CG:2    UG:1    +
   25    43  0   0.4%   0.844 GC:2    GU:1    +
   43   100  0   0.3%   0.895 CG:2    UG:1    +
   32    37  0   0.3%   0.190 UG:2    UA:1    +
   31    37  0   0.2%   0.147 UG:2    UA:1    +
   58    79  0   1.2%   0.500 GC:3    +
   55    94  0   0.1%   0.956 GC:1    GU:2    +
   94   100  0   0.1%   1.322 CG:1    UG:2    +
   25    94  0   0.0%   1.170 GC:1    GU:2    +
   30    37  0   0.0%   0.273 UG:2    UA:1    +
   89    94  0   0.0%   0.959 GC:1    GU:2    +
   82   100  0   0.0%   1.372 CG:2    UG:1    +
   29    43  0   0.0%   0.304 GC:2    GU:1    +
   35    43  0   0.0%   0.806 GC:2    GU:1    +
   56    82  0   0.0%   0.402 GC:2    GU:1    +
   37    44  0   0.0%   0.228 GU:2    AU:1    +
   55    82  0   0.0%   0.393 GC:2    GU:1    +
   58    94  0   0.0%   1.155 GC:1    GU:2    +
   48    94  0   0.0%   1.387 GC:1    GU:2    +
   43    48  0   0.0%   0.783 CG:2    UG:1    +
   27    37  0   0.0%   0.344 UG:2    UA:1    +
   40   103  0   0.0%   1.807 GC:1    GU:2    +
   55   103  0   0.0%   1.338 GC:1    GU:2    +
    6    43  0   0.0%   0.223 GC:2    GU:1    +
   37    41  0   0.0%   0.334 GU:2    AU:1    +
   35    94  0   0.0%   1.120 GC:1    GU:2    +
   92   103  0   0.0%   1.503 GC:1    GU:2    +
   37    51  0   0.0%   0.814 GU:2    AU:1    +
   26   103  0   0.0%   1.966 GC:1    GU:2    +
   56    94  0   0.0%   0.956 GC:1    GU:2    +
   35   103  0   0.0%   1.450 GC:1    GU:2    +
   26    43  0   0.0%   0.955 GC:2    GU:1    +
   43    55  0   0.0%   0.477 CG:2    UG:1    +
   37    82  0   0.0%   0.508 GC:2    AU:1    +
   56   103  0   0.0%   1.318 GC:1    GU:2    +
   29   103  0   0.0%   1.328 GC:1    GU:2    +
   89   103  0   0.0%   1.291 GC:1    GU:2    +
   67   100  0   0.0%   0.801 CG:1    UG:2    +
   26    94  0   0.0%   1.300 GC:1    GU:2    +
    6    94  0   0.0%   0.245 GC:1    GU:2    +
   82    92  0   0.0%   1.313 CG:2    UG:1    +
   43    56  0   0.0%   0.476 CG:2    UG:1    +
    8    82  0   0.0%   0.227 GC:2    GU:1    +
   67    73  0   0.0%   0.003 CG:1    UG:2    +
    3    55  0   1.0%   0.403 CG:3    +
    2    56  0   1.0%   0.546 CG:3    +
   40    46  0   0.9%   0.873 GC:3    +
   93   100  0   0.9%   1.375 CG:3    +
   44    99  0   0.9%   0.316 UA:3    +
   27    38  0   0.8%   0.408 UA:3    +
   91   100  0   0.8%   1.270 CG:3    +
   41    45  0   0.7%   0.659 UA:3    +
    4    54  0   0.7%   0.209 AU:3    +
   36    44  0   0.7%   0.424 AU:3    +
   58    93  0   0.7%   1.206 GC:3    +
   59    92  0   0.6%   1.122 CG:3    +
   29    97  0   0.6%   1.056 GC:3    +
   30    96  0   0.6%   0.987 UA:3    +
   31    95  0   0.5%   0.478 UA:3    +
   37   104  0   0.5%   0.595 GC:2    --:1    +
   32    38  0   0.5%   0.197 UA:3    +
   55    97  0   0.5%   0.708 GC:3    +
   42    48  0   0.5%   1.265 CG:3    +
   54    98  0   0.5%   0.489 UA:3    +
   13    20  0   0.4%   0.130 CG:3    +
   52   100  0   0.4%   1.387 CG:3    +
   31    39  0   0.4%   0.122 UA:3    +
   28    37  1   0.9%   0.476 CG:2    +
   26    42  0   0.4%   0.979 GC:3    +
    7    92  0   0.4%   0.304 CG:3    +
   51   101  0   0.4%   1.343 UA:3    +
    6    93  0   0.4%   0.286 GC:3    +
    3   100  0   0.4%   0.398 CG:3    +
   92   102  0   0.3%   1.527 GC:3    +
    8    91  0   0.3%   0.286 GC:3    +
   28    40  0   0.3%   0.406 CG:3    +
   16    20  0   0.3%   0.144 CG:3    +
   44    96  0   0.3%   0.139 UA:3    +
   31    38  0   0.3%   0.125 UA:3    +
   92    97  0   0.3%   0.863 GC:3    +
   25    33  0   0.3%   0.477 GC:3    +
   26    32  0   0.2%   0.616 GU:3    +
   38    51  0   0.2%   0.454 AU:3    +
   30    38  0   0.2%   0.250 UA:3    +
   30    39  0   0.2%   0.223 UA:3    +
   24    55  0   0.2%   0.430 CG:3    +
   30    40  0   0.2%   0.259 UG:3    +
   23    56  0   0.2%   0.126 CG:3    +
   94    99  1   0.7%   0.549 UA:2    +
    5    92  0   0.2%   0.060 CG:3    +
    4    32  0   0.2%   0.038 AU:3    +
    2   100  0   0.2%   0.494 CG:3    +
    5   100  0   0.2%   0.094 CG:3    +
   19    25  0   0.2%   0.506 CG:3    +
   32    36  0   0.1%   0.188 UA:3    +
   35    46  0   0.1%   1.170 GC:3    +
   20    24  0   0.1%   0.133 GC:3    +
   33    56  0   0.1%   1.434 CG:3    +
    1    35  0   0.1%   0.244 CG:3    +
   34    55  0   0.1%   1.556 UG:3    +
    2    35  0   0.1%   0.424 CG:3    +
   78    95  0   0.1%   0.159 UA:3    +
   35    54  0   0.1%   1.168 GU:3    +
   13    25  0   0.1%   0.450 CG:3    +
   32    57  0   0.1%   0.743 UA:3    +
   15    22  0   0.1%   0.037 UA:3    +
   29    42  0   0.1%   0.313 GC:3    +
   11    15  0   0.1%   0.022 AU:3    +
    3    89  0   0.1%   0.330 CG:3    +
   23    29  0   0.1%   0.190 CG:3    +
    1   100  0   0.1%   0.264 CG:3    +
   56    93  0   0.1%   0.978 GC:3    +
   30    35  0   0.1%   0.764 UG:3    +
   16    25  0   0.1%   0.449 CG:3    +
    3    92  0   0.1%   0.340 CG:3    +
   61    79  0   0.1%   0.080 GC:3    +
   22    30  0   0.1%   0.186 AU:3    +
   60    81  0   0.1%   0.343 AU:3    +
   23    35  0   0.1%   0.130 CG:3    +
    5    26  0   0.1%   0.410 CG:3    +
   54    95  0   0.1%   0.332 UA:3    +
    4    88  0   0.1%   0.153 AU:3    +
   30    99  0   0.1%   0.940 UA:3    +
    4    27  0   0.1%   0.015 AU:3    +
   62    78  0   0.1%   0.100 AU:3    +
   24   100  0   0.1%   0.424 CG:3    +
   31    98  0   0.1%   0.442 UA:3    +
   34    40  0   0.1%   1.212 UG:3    +
   50    92  0   0.1%   1.071 CG:3    +
   29   102  0   0.1%   1.342 GC:3    +
   30   101  0   0.1%   1.280 UA:3    +
   12    25  0   0.1%   0.424 UG:3    +
   57    78  0   0.1%   0.343 AU:3    +
   56    79  0   0.1%   0.405 GC:3    +
   31   100  0   0.1%   0.834 UG:3    +
   31    58  0   0.1%   0.727 UG:3    +
   12    22  0   0.1%   0.020 UA:3    +
    5    25  0   0.1%   0.406 CG:3    +
   32    95  0   0.1%   0.449 UA:3    +
   89    97  0   0.1%   0.644 GC:3    +
   58    78  0   0.1%   0.349 GU:3    +
    1    25  0   0.1%   0.012 CG:3    +
    1    58  0   0.1%   0.251 CG:3    +
   31    96  0   0.1%   0.466 UA:3    +
   29    33  0   0.1%   0.542 GC:3    +
   57    94  1   0.5%   0.977 AU:2    +
    3    26  0   0.0%   0.572 CG:3    +
   10    89  0   0.0%   0.184 CG:3    +
   23    40  0   0.0%   0.054 CG:3    +
   32    99  0   0.0%   0.431 UA:3    +
   88    98  0   0.0%   0.414 UA:3    +
    2    92  0   0.0%   0.467 CG:3    +
   77    95  0   0.0%   0.192 UA:3    +
   77    96  0   0.0%   0.213 UA:3    +
   26    93  0   0.0%   1.324 GC:3    +
   22    41  0   0.0%   0.029 AU:3    +
    1    56  0   0.0%   0.245 CG:3    +
   15    20  0   0.0%   0.101 UG:3    +
    2    55  0   0.0%   0.415 CG:3    +
   11    88  0   0.0%   0.027 AU:3    +
   11    18  0   0.0%   0.106 AU:3    +
   40    97  0   0.0%   0.771 GC:3    +
   23    37  1   0.5%   0.116 CG:2    +
   31    36  0   0.0%   0.147 UA:3    +
   51    89  0   0.0%   0.360 UG:3    +
   33   100  0   0.0%   1.440 CG:3    +
   44    95  0   0.0%   0.082 UA:3    +
   41    96  0   0.0%   0.576 UA:3    +
    5    35  0   0.0%   0.120 CG:3    +
   81   101  0   0.0%   1.189 UA:3    +
   80   102  0   0.0%   1.351 GC:3    +
   30    98  0   0.0%   0.930 UA:3    +
   88    95  0   0.0%   0.306 UA:3    +
   34    99  0   0.0%   1.179 UA:3    +
   57    81  0   0.0%   0.342 AU:3    +
   31    45  0   0.0%   0.434 UA:3    +
   61    77  0   0.0%   0.145 GU:3    +
   30    36  0   0.0%   0.305 UA:3    +
   32   101  0   0.0%   0.767 UA:3    +
   40    50  0   0.0%   1.394 GC:3    +
   78    96  0   0.0%   0.168 UA:3    +
   35    44  0   0.0%   0.785 GU:3    +
   31    35  0   0.0%   0.600 UG:3    +
    1    29  0   0.0%   0.222 CG:3    +
    1    92  0   0.0%   0.250 CG:3    +
   10    29  0   0.0%   0.332 CG:3    +
    9    30  0   0.0%   0.413 AU:3    +
   35    97  0   0.0%   1.155 GC:3    +
   32    45  0   0.0%   0.449 UA:3    +
   32    39  0   0.0%   0.119 UA:3    +
    8    31  0   0.0%   0.230 GU:3    +
   31    40  0   0.0%   0.108 UG:3    +
   12    26  0   0.0%   0.576 UG:3    +
   25   104  0   0.0%   1.501 GC:2    --:1    +
    9    41  0   0.0%   0.261 AU:3    +
    8    42  0   0.0%   0.230 GC:3    +
   10    40  0   0.0%   0.169 CG:3    +
    2    29  0   0.0%   0.397 CG:3    +
   15    26  0   0.0%   0.580 UG:3    +
   24    92  0   0.0%   0.410 CG:3    +
   35    41  0   0.0%   0.603 GU:3    +
   34    98  0   0.0%   1.174 UA:3    +
   24    29  0   0.0%   0.193 CG:3    +
   21    58  0   0.0%   0.074 CG:3    +
   20    59  0   0.0%   0.123 GC:3    +
    9    15  0   0.0%   0.005 AU:3    +
   23   100  0   0.0%   0.110 CG:3    +
   78    98  0   0.0%   0.260 UA:3    +
    6    33  0   0.0%   0.224 GC:3    +
   13    89  0   0.0%   0.052 CG:3    +
   12    90  0   0.0%   0.028 UA:3    +
   19    29  0   0.0%   0.244 CG:3    +
   34    45  0   0.0%   1.206 UA:3    +
   13    35  0   0.0%   0.141 CG:3    +
    8    16  0   0.0%   0.006 GC:3    +
   20    28  0   0.0%   0.279 GC:3    +
   26    46  0   0.0%   0.938 GC:3    +
   12    36  0   0.0%   0.024 UA:3    +
   23    92  0   0.0%   0.105 CG:3    +
   14    34  0   0.0%   0.091 AU:3    +
   14    27  0   0.0%   0.171 AU:3    +
   27    45  0   0.0%   0.337 UA:3    +
   21    26  0   0.0%   0.625 CG:3    +
   11    27  0   0.0%   0.179 AU:3    +
   27    92  0   0.0%   0.745 UG:3    +
    4    31  0   0.0%   0.011 AU:3    +
   84    89  0   0.0%   0.762 CG:3    +
   14    88  0   0.0%   0.016 AU:3    +
   39    51  0   0.0%   0.700 AU:3    +
   32    96  0   0.0%   0.454 UA:3    +
   80    93  0   0.0%   1.050 GC:3    +
   88    99  0   0.0%   0.312 UA:3    +
   63    77  0   0.0%   0.145 AU:3    +
   81    92  0   0.0%   1.206 UG:3    +
   21    92  0   0.0%   0.113 CG:3    +
   20    93  0   0.0%   0.143 GC:3    +
   35   104  0   0.0%   1.124 GC:2    --:1    +
   89   102  0   0.0%   1.279 GC:3    +
    5    29  0   0.0%   0.019 CG:3    +
   29    41  0   0.0%   0.276 GU:3    +
   18    26  0   0.0%   0.655 UG:3    +
    6    34  0   0.0%   0.307 GU:3    +
   55    84  0   0.0%   0.395 GC:3    +
   52    56  0   0.0%   0.724 CG:3    +
    4    30  0   0.0%   0.008 AU:3    +
   10    25  0   0.0%   0.401 CG:3    +
   51    57  0   0.0%   0.664 UA:3    +
   56    78  0   0.0%   0.393 GU:3    +
   29    44  0   0.0%   0.280 GU:3    +
   55    79  0   0.0%   0.392 GC:3    +
   34    95  0   0.0%   1.195 UA:3    +
    6    31  0   0.0%   0.222 GU:3    +
   56    81  0   0.0%   0.399 GU:3    +
   26    97  0   0.0%   1.299 GC:3    +
    5    89  0   0.0%   0.026 CG:3    +
    6    24  0   0.0%   0.065 GC:3    +
   16    35  0   0.0%   0.135 CG:3    +
   25    46  0   0.0%   0.803 GC:3    +
    6    91  0   0.0%   0.226 GC:3    +
   15    36  0   0.0%   0.025 UA:3    +
   34    47  0   0.0%   1.199 UG:3    +
    3    29  0   0.0%   0.186 CG:3    +
   27    96  0   0.0%   0.697 UA:3    +
   79    89  0   0.0%   0.296 CG:3    +
   28    92  0   0.0%   0.771 CG:3    +
   58    77  0   0.0%   0.334 GU:3    +
   26    31  0   0.0%   0.568 GU:3    +
   77    99  0   0.0%   0.203 UA:3    +
   12    38  0   0.0%   0.023 UA:3    +
   32    55  0   0.0%   0.144 UG:3    +
   29    91  0   0.0%   0.982 GC:3    +
   78    90  0   0.0%   0.334 UA:3    +
   24    47  0   0.0%   0.349 CG:3    +
   30    90  0   0.0%   0.894 UA:3    +
   58   102  0   0.0%   1.471 GC:3    +
    8    33  0   0.0%   0.228 GC:3    +
    9    32  0   0.0%   0.267 AU:3    +
    7    58  0   0.0%   0.225 CG:3    +
    6    59  0   0.0%   0.224 GC:3    +
   10    55  0   0.0%   0.214 CG:3    +
   11    54  0   0.0%   0.050 AU:3    +
    5    40  0   0.0%   0.017 CG:3    +
   61    78  0   0.0%   0.089 GU:3    +
   31    89  0   0.0%   0.410 UG:3    +
   78    99  0   0.0%   0.158 UA:3    +
   34    38  0   0.0%   0.599 UA:3    +
    2    89  0   0.0%   0.456 CG:3    +
   11    30  0   0.0%   0.170 AU:3    +
   25    32  0   0.0%   0.441 GU:3    +
   47    97  0   0.0%   1.077 GC:3    +
   80    88  0   0.0%   0.553 GU:3    +
   12    29  0   0.0%   0.188 UG:3    +
   59   100  0   0.0%   1.460 CG:3    +
   12    53  0   0.0%   0.024 UA:3    +
   31    56  0   0.0%   0.130 UG:3    +
   57    77  0   0.0%   0.330 AU:3    +
   32    98  0   0.0%   0.423 UA:3    +
    4    41  0   0.0%   0.102 AU:3    +
    6    28  0   0.0%   0.065 GC:3    +
   24    40  0   0.0%   0.354 CG:3    +
   25   102  0   0.0%   1.165 GC:3    +
   31    99  0   0.0%   0.437 UA:3    +
   28    89  0   0.0%   0.735 CG:3    +
   27    90  0   0.0%   0.696 UA:3    +
   23    48  0   0.0%   0.045 CG:3    +
   26    91  0   0.0%   1.314 GC:3    +
   50    55  0   0.0%   1.054 CG:3    +
   24    89  0   0.0%   0.374 CG:3    +
   49    56  0   0.0%   1.060 CG:3    +
   39    44  0   0.0%   0.404 AU:3    +
   38    44  0   0.0%   0.135 AU:3    +
   33    48  0   0.0%   1.069 CG:3    +
   41    47  0   0.0%   0.582 UG:3    +
   30    57  0   0.0%   0.571 UA:3    +
   78    92  0   0.0%   0.520 UG:3    +
   21    29  0   0.0%   0.235 CG:3    +
   62    77  0   0.0%   0.142 AU:3    +
   50    89  0   0.0%   0.683 CG:3    +
   20    30  0   0.0%   0.275 GU:3    +
   56   102  0   0.0%   1.301 GC:3    +
    6    19  0   0.0%   0.002 GC:3    +
   22    51  0   0.0%   0.022 AU:3    +
    5    20  0   0.0%   0.001 CG:3    +
   25    42  0   0.0%   0.780 GC:3    +
    6    32  0   0.0%   0.230 GU:3    +
   41   100  0   0.0%   0.931 UG:3    +
   10    20  0   0.0%   0.061 CG:3    +
   25    54  0   0.0%   1.197 GU:3    +
   26    41  0   0.0%   0.916 GU:3    +
    1    89  0   0.0%   0.244 CG:3    +
   54    80  0   0.0%   0.047 UG:3    +
   46   100  0   0.0%   1.190 CG:3    +
   25    91  0   0.0%   1.181 GC:3    +
   89    93  0   0.0%   0.972 GC:3    +
    6    23  0   0.0%   0.063 GC:3    +
   53    81  0   0.0%   0.314 AU:3    +
   13   100  0   0.0%   0.083 CG:3    +
   14    18  0   0.0%   0.094 AU:3    +
   56   104  0   0.0%   0.632 GC:2    --:1    +
    5    55  0   0.0%   0.064 CG:3    +
    8    13  0   0.0%   0.001 GC:3    +
   20    27  0   0.0%   0.283 GU:3    +
   65    70  0   0.0%   0.001 GC:3    +
    7    26  0   0.0%   0.455 CG:3    +
   25    30  0   0.0%   0.591 GU:3    +
   50    58  0   0.0%   0.996 CG:3    +
    8    24  0   0.0%   0.064 GC:3    +
   58    76  0   0.0%   0.331 GC:3    +
   56    97  0   0.0%   0.664 GC:3    +
   25    97  0   0.0%   1.164 GC:3    +
   12   101  0   0.0%   0.025 UA:3    +
   34    96  0   0.0%   1.199 UA:3    +
   51    92  0   0.0%   0.975 UG:3    +
   36    54  0   0.0%   0.715 AU:3    +
   54    99  0   0.0%   0.363 UA:3    +
   13    26  0   0.0%   0.588 CG:3    +
   33    47  0   0.0%   1.068 CG:3    +
    7    25  0   0.0%   0.457 CG:3    +
   56    85  0   0.0%   0.787 GC:3    +
  100   104  0   0.0%   0.920 GC:2    --:1    +
   22    54  0   0.0%   0.058 AU:3    +
   19    26  0   0.0%   0.629 CG:3    +
   41    99  0   0.0%   0.545 UA:3    +
   76   100  0   0.0%   0.800 CG:3    +
   88    96  0   0.0%   0.314 UA:3    +
   25    93  0   0.0%   1.182 GC:3    +
   27    39  0   0.0%   0.333 UA:3    +
   21    25  0   0.0%   0.489 CG:3    +
   25    44  0   0.0%   0.800 GU:3    +
   48    59  0   0.0%   1.016 GC:3    +
   27    35  0   0.0%   0.613 UG:3    +
   89   104  0   0.0%   0.604 GC:2    --:1    +
   41    95  0   0.0%   0.564 UA:3    +
   29   104  0   0.0%   0.998 GC:2    --:1    +
   58    97  0   0.0%   0.833 GC:3    +
   47    93  0   0.0%   0.718 GC:3    +
   32    40  0   0.0%   0.119 UG:3    +
    3    56  0   0.0%   0.358 CG:3    +
   15    25  0   0.0%   0.430 UG:3    +
    3     8  0   0.0%   0.001 CG:3    +
   22    31  0   0.0%   0.022 AU:3    +
   18    25  0   0.0%   0.511 UG:3    +
   49    58  0   0.0%   1.001 CG:3    +
   25    31  0   0.0%   0.433 GU:3    +
   14    51  0   0.0%   0.004 AU:3    +
   80    97  0   0.0%   0.706 GC:3    +
   16    89  0   0.0%   0.042 CG:3    +
   23    55  0   0.0%   0.094 CG:3    +
    6    46  0   0.0%   0.223 GC:3    +
   15    90  0   0.0%   0.024 UA:3    +
   40    44  0   0.0%   0.413 GU:3    +
   81    96  0   0.0%   0.523 UA:3    +
   29    88  0   0.0%   0.968 GU:3    +
   51    98  0   0.0%   0.709 UA:3    +
   55    59  0   0.0%   0.711 GC:3    +
   19   100  0   0.0%   0.119 CG:3    +
   18    22  0   0.0%   0.105 UA:3    +
   75   101  0   0.0%   0.725 UA:3    +
   19    56  0   0.0%   0.120 CG:3    +
   16   100  0   0.0%   0.075 CG:3    +
   85    92  0   0.0%   0.942 CG:3    +
    8    21  0   0.0%   0.123 GC:3    +
   18    57  0   0.0%   0.096 UA:3    +
   18   101  0   0.0%   0.096 UA:3    +
   52    58  0   0.0%   0.664 CG:3    +
   51    99  0   0.0%   0.632 UA:3    +
   22    27  0   0.0%   0.180 AU:3    +
   26    30  0   0.0%   0.725 GU:3    +
   15   101  0   0.0%   0.023 UA:3    +
   47    91  0   0.0%   0.715 GC:3    +
    2    58  0   0.0%   0.458 CG:3    +
   73    97  0   0.0%   0.065 GC:3    +
   74    96  0   0.0%   0.061 UA:3    +
   46    92  0   0.0%   0.466 CG:3    +
   21    55  0   0.0%   0.113 CG:3    +
   42    56  0   0.0%   0.935 CG:3    +
   54    96  0   0.0%   0.345 UA:3    +
   92   104  0   0.0%   0.815 GC:2    --:1    +
   50    56  0   0.0%   1.054 CG:3    +
   28    61  0   0.0%   0.719 CG:3    +
    3    40  0   0.0%   0.265 CG:3    +
    5    47  0   0.0%   0.015 CG:3    +
   24    56  0   0.0%   0.418 CG:3    +
   51    55  0   0.0%   0.723 UG:3    +
   23    89  0   0.0%   0.070 CG:3    +
   75    95  0   0.0%   0.044 UA:3    +
   33    89  0   0.0%   1.053 CG:3    +
   78   101  0   0.0%   0.826 UA:3    +
   12    39  0   0.0%   0.022 UA:3    +
   27    40  0   0.0%   0.340 UG:3    +
   80    85  0   0.0%   0.501 GC:3    +
   32    90  0   0.0%   0.412 UA:3    +
   41    57  0   0.0%   0.857 UA:3    +
   41    98  0   0.0%   0.543 UA:3    +
   29    93  0   0.0%   0.984 GC:3    +
   12    20  0   0.0%   0.068 UG:3    +
   19    89  0   0.0%   0.086 CG:3    +
   52    92  0   0.0%   0.940 CG:3    +
    5    56  0   0.0%   0.063 CG:3    +
   26    34  0   0.0%   1.330 GU:3    +
   18    90  0   0.0%   0.098 UA:3    +
    1     6  0   0.0%   0.000 CG:3    +
   51   100  0   0.0%   1.352 UG:3    +
    6   102  0   0.0%   0.245 GC:3    +
    7    35  0   0.0%   0.323 CG:3    +
   79   100  0   0.0%   1.179 CG:3    +
   16    29  0   0.0%   0.195 CG:3    +
    6    97  0   0.0%   0.245 GC:3    +
    2     8  0   0.0%   0.000 CG:3    +
   22    34  0   0.0%   0.104 AU:3    +
   19    35  0   0.0%   0.178 CG:3    +
   77    98  0   0.0%   0.302 UA:3    +
   55   102  0   0.0%   1.319 GC:3    +
   35    84  0   0.0%   1.115 GC:3    +
   30    92  0   0.0%   0.940 UG:3    +
   18    36  0   0.0%   0.098 UA:3    +
    1     8  0   0.0%   0.000 CG:3    +
   25    51  0   0.0%   1.159 GU:3    +
    6    44  0   0.0%   0.222 GU:3    +
   27    62  0   0.0%   0.692 UA:3    +
   78   100  0   0.0%   0.901 UG:3    +
   35    93  0   0.0%   1.141 GC:3    +
   27    60  0   0.0%   0.692 UA:3    +
   88   101  0   0.0%   0.979 UA:3    +
   20    91  0   0.0%   0.139 GC:3    +
   15    29  0   0.0%   0.190 UG:3    +
   22    44  0   0.0%   0.021 AU:3    +
    7    40  0   0.0%   0.220 CG:3    +
   38    81  0   0.0%   0.108 AU:3    +
   35    91  0   0.0%   1.137 GC:3    +
    5    58  0   0.0%   0.020 CG:3    +
   13    29  0   0.0%   0.200 CG:3    +
   51    95  0   0.0%   0.615 UA:3    +
   18    95  0   0.0%   0.096 UA:3    +
   19    92  0   0.0%   0.115 CG:3    +
   26    50  0   0.0%   1.650 GC:3    +
   65    76  0   0.0%   0.008 GC:3    +
   30    95  0   0.0%   0.890 UA:3    +
   54    60  0   0.0%   0.046 UA:3    +
   55   104  0   0.0%   0.650 GC:2    --:1    +
   20    34  0   0.0%   0.203 GU:3    +
   44   100  0   0.0%   0.996 UG:3    +
   40    91  0   0.0%   0.750 GC:3    +
   34    92  0   0.0%   1.210 UG:3    +
    2    40  0   0.0%   0.406 CG:3    +
    6    41  0   0.0%   0.222 GU:3    +
    6    52  0   0.0%   0.222 GC:3    +
   41    90  0   0.0%   0.533 UA:3    +
   27    99  0   0.0%   0.695 UA:3    +
   42    89  0   0.0%   0.563 CG:3    +
   14    30  0   0.0%   0.160 AU:3    +
   32   100  0   0.0%   0.813 UG:3    +
   63    75  0   0.0%   0.003 AU:3    +
    3    58  0   0.0%   0.314 CG:3    +
   31   101  0   0.0%   0.777 UA:3    +
   20    52  0   0.0%   0.117 GC:3    +
   55    93  0   0.0%   0.954 GC:3    +
   10    35  0   0.0%   0.266 CG:3    +
   50   100  0   0.0%   1.444 CG:3    +
   85    89  0   0.0%   0.758 CG:3    +
    7   100  0   0.0%   0.287 CG:3    +
   27   100  0   0.0%   0.749 UG:3    +
   25    64  0   0.0%   1.159 GC:3    +
   11    34  0   0.0%   0.096 AU:3    +
    6    13  0   0.0%   0.000 GC:3    +
   40    59  0   0.0%   1.049 GC:3    +
   23    47  0   0.0%   0.044 CG:3    +
    4    51  0   0.0%   0.101 AU:3    +
   20    88  0   0.0%   0.128 GU:3    +
   18    29  0   0.0%   0.264 UG:3    +
   24    65  0   0.0%   0.358 CG:3    +
   21    35  0   0.0%   0.170 CG:3    +
   88   100  0   0.0%   1.055 UG:3    +
   66   101  0   0.0%   0.877 UA:3    +
   33    92  0   0.0%   1.087 CG:3    +
   65   102  0   0.0%   0.708 GC:3    +
   30   100  0   0.0%   1.320 UG:3    +
   47    59  0   0.0%   1.014 GC:3    +
   51    96  0   0.0%   0.638 UA:3    +
    8    79  0   0.0%   0.227 GC:3    +
    2     6  0   0.0%   0.000 CG:3    +
    8    23  0   0.0%   0.062 GC:3    +
   20    31  0   0.0%   0.121 GU:3    +
    5    80  0   0.0%   0.016 CG:3    +
    7    80  0   0.0%   0.220 CG:3    +
   48    91  0   0.0%   0.717 GC:3    +
   25    52  0   0.0%   1.159 GC:3    +
   40   104  0   0.0%   1.120 GC:2    --:1    +
   56    76  0   0.0%   0.390 GC:3    +
    9    78  0   0.0%   0.257 AU:3    +
   44   101  0   0.0%   0.925 UA:3    +
   57    75  0   0.0%   0.328 AU:3    +
    1    55  0   0.0%   0.236 CG:3    +
   68    99  0   0.0%   0.053 UA:3    +
    1    40  0   0.0%   0.236 CG:3    +
   58    91  0   0.0%   0.757 GC:3    +
   35   102  0   0.0%   1.460 GC:3    +
    6    27  0   0.0%   0.068 GU:3    +
   29    49  0   0.0%   0.997 GC:3    +
    6    81  0   0.0%   0.223 GU:3    +
   58    74  0   0.0%   0.331 GU:3    +
   27    98  0   0.0%   0.695 UA:3    +
   59    73  0   0.0%   0.322 CG:3    +
    4    81  0   0.0%   0.137 AU:3    +
   84    92  0   0.0%   0.944 CG:3    +
   28    56  0   0.0%   0.778 CG:3    +
   62    74  0   0.0%   0.000 AU:3    +
   27    57  0   0.0%   0.692 UA:3    +
   55    77  0   0.0%   0.389 GU:3    +
   77   101  0   0.0%   0.871 UA:3    +
   61    75  0   0.0%   0.000 GU:3    +
   30    48  0   0.0%   0.928 UG:3    +
   25    59  0   0.0%   1.162 GC:3    +
    6    18  0   0.0%   0.000 GU:3    +
   22    32  0   0.0%   0.029 AU:3    +
   10    92  0   0.0%   0.211 CG:3    +
   22    88  0   0.0%   0.031 AU:3    +
   21   100  0   0.0%   0.114 CG:3    +
   25    49  0   0.0%   0.801 GC:3    +
   31    47  0   0.0%   0.428 UG:3    +
   41    58  0   0.0%   0.860 UG:3    +
   45    54  0   0.0%   0.448 AU:3    +
    7    89  0   0.0%   0.228 CG:3    +
   64    80  0   0.0%   0.307 CG:3    +
   51    56  0   0.0%   0.723 UG:3    +
    8    93  0   0.0%   0.267 GC:3    +
   18    38  0   0.0%   0.096 UA:3    +
   65    79  0   0.0%   0.070 GC:3    +
   59    89  0   0.0%   0.857 CG:3    +
    8    32  0   0.0%   0.235 GU:3    +
   63    81  0   0.0%   0.126 AU:3    +
   65    75  0   0.0%   0.008 GU:3    +
    8   102  0   0.0%   0.246 GC:3    +
    6    10  0   0.0%   0.000 GC:3    +
   47    52  0   0.0%   1.024 GC:3    +
    9    81  0   0.0%   0.257 AU:3    +
   10    80  0   0.0%   0.165 CG:3    +
   44    55  0   0.0%   0.429 UG:3    +
   21    89  0   0.0%   0.080 CG:3    +
    3    47  0   0.0%   0.265 CG:3    +
   88    92  0   0.0%   0.993 UG:3    +
   77   100  0   0.0%   0.946 UG:3    +
   73   102  0   0.0%   0.702 GC:3    +
    9    31  0   0.0%   0.258 AU:3    +
    8    18  0   0.0%   0.002 GU:3    +
   10   100  0   0.0%   0.215 CG:3    +
   15    98  0   0.0%   0.022 UA:3    +
   26   104  0   0.0%   1.636 GC:2    --:1    +
   23    58  0   0.0%   0.062 CG:3    +
    8    34  0   0.0%   0.308 GU:3    +
   16    26  0   0.0%   0.584 CG:3    +
   54    89  0   0.0%   0.509 UG:3    +
   55    78  0   0.0%   0.389 GU:3    +
   84   100  0   0.0%   0.998 CG:3    +
   25    41  0   0.0%   0.783 GU:3    +
   54    90  0   0.0%   0.523 UA:3    +
   20    32  0   0.0%   0.128 GU:3    +
   20    33  0   0.0%   0.119 GC:3    +
   77    92  0   0.0%   0.570 UG:3    +
   27    95  0   0.0%   0.694 UA:3    +
   25    79  0   0.0%   1.159 GC:3    +
   15    38  0   0.0%   0.023 UA:3    +
   80    84  0   0.0%   0.502 GC:3    +
    8    97  0   0.0%   0.246 GC:3    +
   31    55  0   0.0%   0.129 UG:3    +
   72    80  0   0.0%   0.312 CG:3    +
   73    79  0   0.0%   0.064 GC:3    +
   29    50  0   0.0%   0.996 GC:3    +
   71    81  0   0.0%   0.281 AU:3    +
   51    58  0   0.0%   0.666 UG:3    +
   20    54  0   0.0%   0.153 GU:3    +
   46    58  0   0.0%   0.746 CG:3    +
    4    44  0   0.0%   0.101 AU:3    +
   19    55  0   0.0%   0.121 CG:3    +
   81    89  0   0.0%   0.354 UG:3    +
   26    44  0   0.0%   0.933 GU:3    +
   19    80  0   0.0%   0.072 CG:3    +
   60    88  0   0.0%   0.459 AU:3    +
   47    85  0   0.0%   0.692 GC:3    +
   48    84  0   0.0%   0.694 GC:3    +
   15    35  0   0.0%   0.126 UG:3    +
    8    88  0   0.0%   0.232 GU:3    +
   26    59  0   0.0%   1.295 GC:3    +
   40    93  0   0.0%   0.753 GC:3    +
   74   101  0   0.0%   0.724 UA:3    +
   33    37  1   0.5%   0.555 CG:2    +
   38   103  1   0.3%   0.497 AU:2    +
   37    52  1   0.2%   0.853 GC:2    +
    1    37  1   0.1%   0.255 CG:2    +
   12    17  1   0.1%   0.024 UA:2    +
    2    37  1   0.1%   0.430 CG:2    +
   67    71  1   0.0%   0.163 UA:2    +
   83    99  1   0.0%   0.262 UA:2    +
   37    49  1   0.0%   0.552 GC:2    +
   37    42  1   0.0%   0.368 GC:2    +
   87   100  1   0.0%   0.805 CG:2    +
   83    90  1   0.0%   0.781 UA:2    +
   24    37  1   0.0%   0.396 CG:2    +
    3    37  1   0.0%   0.284 CG:2    +
   94    98  1   0.0%   0.552 UA:2    +
   94   101  1   0.0%   1.157 UA:2    +
   13    37  1   0.0%   0.054 CG:2    +
   17    34  1   0.0%   0.096 AU:2    +
   36   103  1   0.0%   1.004 AU:2    +
   37   103  1   0.0%   0.843 GU:2    +
   55    83  1   0.0%   0.393 GU:2    +
   37    46  1   0.0%   0.562 GC:2    +
    4    94  1   0.0%   0.144 AU:2    +
   57   103  1   0.0%   1.283 AU:2    +
   56    83  1   0.0%   0.400 GU:2    +
    5    37  1   0.0%   0.033 CG:2    +
   96   103  1   0.0%   0.786 AU:2    +
   98   103  1   0.0%   0.882 AU:2    +
   45    94  1   0.0%   0.408 AU:2    +
    4   103  1   0.0%   0.144 AU:2    +
   90   103  1   0.0%   1.298 AU:2    +
   17    27  1   0.0%   0.176 AU:2    +
   87    92  1   0.0%   0.748 CG:2    +
   22    94  1   0.0%   0.022 AU:2    +
   95   103  1   0.0%   0.776 AU:2    +
   37   102  1   0.0%   0.850 GC:2    +
   17    31  1   0.0%   0.013 AU:2    +
   99   103  1   0.0%   0.812 AU:2    +
   17    88  1   0.0%   0.019 AU:2    +
   22   103  1   0.0%   0.022 AU:2    +
   55    87  1   0.0%   0.587 GC:2    +
   36    83  1   0.0%   0.670 AU:2    +
   80    87  1   0.0%   0.307 GC:2    +
   90    94  1   0.0%   0.967 AU:2    +
   37    97  1   0.0%   0.544 GC:2    +
   81    86  1   0.0%   0.358 UA:2    +
   21    37  1   0.0%   0.083 CG:2    +
   83    89  1   0.0%   0.763 UG:2    +
   10    37  1   0.0%   0.181 CG:2    +
   58    83  1   0.0%   0.935 GU:2    +
   17    30  1   0.0%   0.166 AU:2    +
   51    86  1   0.0%   0.335 UA:2    +
   19    37  1   0.0%   0.091 CG:2    +
   36    94  1   0.0%   0.674 AU:2    +
   16    37  1   0.0%   0.047 CG:2    +
   53    94  1   0.0%   0.899 AU:2    +
   37    93  1   0.0%   0.534 GC:2    +
   83   101  1   0.0%   0.930 UA:2    +
.....((((........))))...(((((((((((((..(((....))))))).)))))(((((((....))))))).((((......)))).......)))).
