3 sequence; length of alignment 34
alifold output
    9    31  0  45.7%   1.416 GC:3   
   10    30  0  45.6%   1.185 GC:3   
   15    31  0  44.7%   2.053 GC:3    +
   16    30  0  44.6%   2.002 GC:3    +
    8    32  0  44.4%   1.332 AU:3   
   14    32  0  43.4%   1.942 AU:3    +
   19    27  0  43.1%   1.607 GC:3    +
   20    26  0  42.0%   1.696 AU:3    +
    7    33  0  38.2%   1.358 GU:3   
   17    26  0  35.1%   1.414 AU:3   
   16    27  0  35.0%   1.395 GC:3   
   13    33  0  33.1%   1.721 AU:3    +
   18    25  0  32.7%   1.334 AU:3   
   21    25  0  24.4%   1.633 AU:3    +
   15    22  0  11.6%   0.788 GC:3    +
   14    23  0  11.2%   0.778 AU:3    +
    1     9  0   8.4%   0.639 CG:3    +
    2     8  0   8.4%   0.625 UA:3    +
    3     7  0   7.2%   0.584 CG:3    +
    7    34  0   7.1%   1.183 GC:3    +
    8    33  0   6.5%   1.511 AU:3    +
    9    32  0   5.7%   1.552 GU:3    +
   10    31  0   5.6%   1.309 GC:3    +
   16    22  0   1.7%   0.495 GC:3    +
   15    23  0   1.7%   0.756 GU:3    +
   15    27  0   1.7%   0.624 GC:3    +
   16    26  0   1.6%   0.462 GU:3    +
   17    25  0   1.5%   0.384 AU:3    +
   12    24  0   0.2%   0.118 CG:1    UG:2    +
   12    19  0   0.2%   0.066 CG:1    UG:2    +
    3     9  0   1.1%   0.572 CG:3    +
   12    28  1   1.6%   0.241 UA:2    +
    7    12  0   0.1%   0.226 GC:1    GU:2    +
   12    16  0   0.0%   0.015 CG:1    UG:2    +
   15    25  0   0.9%   0.570 GU:3    +
   14    25  0   0.9%   0.440 AU:3    +
   13    26  0   0.9%   0.205 AU:3    +
   12    29  1   1.3%   0.280 UA:2    +
   17    23  0   0.8%   0.512 AU:3    +
   14    26  0   0.8%   0.504 AU:3    +
   16    23  0   0.7%   0.543 GU:3    +
   18    32  0   0.7%   1.385 AU:3    +
   17    33  0   0.7%   1.500 AU:3    +
   19    31  0   0.7%   1.395 GC:3    +
   16    34  0   0.7%   1.231 GC:3    +
    2    10  0   0.6%   0.357 UG:3    +
    1    10  0   0.5%   0.306 CG:3    +
    6    24  0   0.5%   0.095 CG:3    +
    5    25  0   0.5%   0.081 AU:3    +
    9    22  0   0.5%   0.359 GC:3    +
    2     9  0   0.5%   0.493 UG:3    +
   11    24  0   0.4%   0.119 CG:3    +
    4    26  0   0.4%   0.067 AU:3    +
    8    23  0   0.4%   0.282 AU:3    +
    7    27  0   0.3%   0.285 GC:3    +
    8    26  0   0.3%   0.307 AU:3    +
   10    25  0   0.3%   0.158 GU:3    +
   13    25  0   0.3%   0.108 AU:3    +
    1     7  0   0.2%   0.043 CG:3    +
    9    34  0   0.2%   1.089 GC:3    +
   10    34  0   0.2%   0.872 GC:3    +
    7    23  0   0.2%   0.249 GU:3    +
    9    25  0   0.2%   0.369 GU:3    +
    9    27  0   0.2%   0.380 GC:3    +
   11    19  0   0.2%   0.046 CG:3    +
   20    25  0   0.1%   0.622 AU:3    +
   10    26  0   0.1%   0.165 GU:3    +
    6    15  0   0.1%   0.032 CG:3    +
   10    33  0   0.1%   1.200 GU:3    +
   19    26  0   0.1%   0.644 GU:3    +
    3    10  0   0.1%   0.324 CG:3    +
   13    23  0   0.1%   0.058 AU:3    +
    9    26  0   0.1%   0.385 GU:3    +
   10    27  0   0.1%   0.149 GC:3    +
   18    23  0   0.1%   0.463 AU:3    +
   19    23  0   0.1%   0.482 GU:3    +
   16    25  0   0.1%   0.283 GU:3    +
   18    26  0   0.1%   0.975 AU:3    +
   19    25  0   0.1%   0.632 GU:3    +
   15    26  0   0.1%   0.527 GU:3    +
   11    16  0   0.1%   0.021 CG:3    +
    7    30  0   0.1%   0.257 GC:3    +
    7    11  0   0.0%   0.216 GC:3    +
   14    33  0   0.0%   1.623 AU:3    +
   15    30  0   0.0%   0.822 GC:3    +
   24    30  0   0.0%   0.801 GC:3    +
    2    28  0   0.0%   0.281 UA:3    +
   21    26  0   0.0%   1.308 AU:3    +
    6    10  0   0.0%   0.076 CG:3    +
   25    29  0   0.0%   1.012 UA:3    +
   23    29  0   0.0%   0.510 UA:3    +
   16    31  0   0.0%   1.803 GC:3    +
   15    32  0   0.0%   1.709 GU:3    +
    3    19  0   0.0%   0.258 CG:3    +
    9    30  0   0.0%   0.350 GC:3    +
    2    20  0   0.0%   0.277 UA:3    +
    7    31  0   0.0%   0.256 GC:3    +
   13    32  0   0.0%   0.596 AU:3    +
    4    33  0   0.0%   0.028 AU:3    +
    1    15  0   0.0%   0.255 CG:3    +
    3    16  0   0.0%   0.253 CG:3    +
    2     7  0   0.0%   0.018 UG:3    +
    2    14  0   0.0%   0.270 UA:3    +
    5    33  0   0.0%   0.035 AU:3    +
    1    19  0   0.0%   0.256 CG:3    +
    5    32  0   0.0%   0.032 AU:3    +
   11    15  0   0.0%   0.019 CG:3    +
    2    17  0   0.0%   0.272 UA:3    +
    2    18  0   0.0%   0.273 UA:3    +
    7    32  0   0.0%   0.256 GU:3    +
    6    16  0   0.0%   0.017 CG:3    +
   20    33  0   0.0%   1.341 AU:3    +
   19    34  0   0.0%   0.692 GC:3    +
   21    32  0   0.0%   1.277 AU:3    +
    9    33  0   0.0%   1.412 GU:3    +
   10    22  0   0.0%   0.098 GC:3    +
    3    15  0   0.0%   0.251 CG:3    +
   15    34  0   0.0%   1.029 GC:3    +
    5    26  0   0.0%   0.051 AU:3    +
    9    23  0   0.0%   0.342 GU:3    +
   16    33  0   0.0%   1.845 GU:3    +
   24    31  0   0.0%   0.987 GC:3    +
   17    32  0   0.0%   1.364 AU:3    +
   10    32  0   0.0%   1.152 GU:3    +
   23    28  0   0.0%   0.514 UA:3    +
   19    30  0   0.0%   1.137 GC:3    +
    1    16  0   0.0%   0.253 CG:3    +
    2    16  0   0.0%   0.269 UG:3    +
    3    24  0   0.0%   0.253 CG:3    +
    4    23  0   0.0%   0.001 AU:3    +
    2    15  0   0.0%   0.270 UG:3    +
    6    19  0   0.0%   0.017 CG:3    +
    2    29  0   0.0%   0.276 UA:3    +
    7    22  0   0.0%   0.215 GC:3    +
    8    25  0   0.0%   0.256 AU:3    +
    7    26  0   0.0%   0.249 GU:3    +
    2    13  0   0.0%   0.266 UA:3    +
   28    33  0   0.0%   1.032 AU:3    +
   10    23  0   0.0%   0.105 GU:3    +
    4    32  0   0.0%   0.023 AU:3    +
   24    33  0   0.0%   1.030 GU:3    +
   20    32  0   0.0%   1.304 AU:3    +
    7    25  0   0.0%   0.253 GU:3    +
   19    33  0   0.0%   1.404 GU:3    +
    1    24  0   0.0%   0.254 CG:3    +
   24    34  0   0.0%   0.316 GC:3    +
   29    33  0   0.0%   1.025 AU:3    +
    4    25  0   0.0%   0.001 AU:3    +
   28    32  0   0.0%   0.998 AU:3    +
    2    19  0   0.0%   0.272 UG:3    +
   15    33  0   0.0%   1.740 GU:3    +
   21    33  0   0.0%   1.311 AU:3    +
   16    32  0   0.0%   1.809 GU:3    +
   18    33  0   0.0%   1.384 AU:3    +
   19    32  0   0.0%   1.370 GU:3    +
   12    18  1   0.1%   0.037 UA:2    +
    5    12  1   0.0%   0.003 AU:2    +
    4    12  1   0.0%   0.002 AU:2    +
    8    12  1   0.0%   0.216 AU:2    +
   12    20  1   0.0%   0.031 UA:2    +
   12    17  1   0.0%   0.009 UA:2    +
   12    21  1   0.0%   0.029 UA:2    +
......((((.....(((......)))..)))).
