3 sequence; length of alignment 34
alifold output
    4    26  0  90.8%   0.263 GC:3   
    5    25  0  90.7%   0.265 AU:3   
    3    27  0  90.5%   0.271 GC:3   
    6    24  0  90.3%   0.291 GC:3   
   11    18  0  78.6%   1.079 CG:3   
   10    19  0  78.2%   0.849 GU:3   
   12    17  0  74.6%   0.928 GC:3   
    9    20  1  64.8%   1.100 UA:2   
    8    21  0  46.6%   1.086 UG:3   
   10    17  0  13.6%   0.815 GC:3    +
   11    16  0  13.6%   0.816 CG:3    +
    9    18  1  10.8%   0.721 UG:2    +
    6    27  0   5.5%   0.685 GC:3    +
    7    26  0   5.5%   0.725 GC:3    +
    5    28  0   5.5%   0.570 AU:3    +
    4    29  0   5.4%   0.577 GC:3    +
    7    22  0   3.5%   0.373 GU:3    +
   15    28  0   2.5%   0.492 GU:1    AU:2    +
   11    21  0   2.8%   1.139 CG:3    +
   10    22  0   2.7%   0.877 GU:3    +
   14    29  0   2.5%   0.548 GC:3    +
   10    33  0   2.5%   0.966 GC:3    +
   11    32  0   2.5%   0.893 CG:3    +
   16    27  0   2.5%   0.898 GC:3    +
   15    25  0   1.1%   0.246 GU:1    AU:2    +
    9    30  0   1.1%   0.822 GC:1    UG:2    +
   13    30  1   2.4%   0.486 CG:2    +
   13    18  0   1.9%   0.654 CG:3    +
   12    19  0   1.7%   0.618 GU:3    +
    9    23  1   2.0%   0.813 UA:2    +
   18    26  0   1.4%   1.028 GC:3    +
   14    26  0   1.1%   0.398 GC:3    +
   10    29  0   1.1%   0.907 GC:3    +
   16    24  0   1.1%   0.561 GC:3    +
    8    31  0   1.1%   0.554 UA:3    +
    6    33  0   1.1%   0.421 GC:3    +
   12    27  0   1.1%   0.724 GC:3    +
   15    19  0   0.0%   0.265 GU:1    AU:2    +
   15    22  0   0.0%   0.259 GU:1    AU:2    +
    8    15  0   0.0%   0.000 UG:1    UA:2    +
   13    21  0   0.9%   0.680 CG:3    +
   12    22  0   0.9%   0.627 GU:3    +
    1    32  0   0.8%   0.147 CG:3    +
    8    23  0   0.6%   0.471 UA:3    +
   18    24  0   0.6%   0.787 GC:3    +
   10    24  0   0.5%   0.755 GC:3    +
   19    23  0   0.5%   0.450 UA:3    +
    9    34  1   1.0%   0.808 UA:2    +
    7    24  0   0.4%   0.295 GC:3    +
    2    32  0   0.3%   0.140 CG:3    +
    8    20  0   0.3%   0.052 UA:3    +
    3    29  0   0.2%   0.132 GC:3    +
    2     6  0   0.2%   0.038 CG:3    +
    1     7  0   0.2%   0.038 CG:3    +
   18    25  0   0.1%   0.710 GU:3    +
    6    25  0   0.1%   0.215 GU:3    +
    2    30  1   0.6%   0.125 CG:2    +
    2     7  0   0.1%   0.039 CG:3    +
   20    25  0   0.1%   0.464 AU:3    +
    4    28  0   0.0%   0.101 GU:3    +
   18    22  0   0.0%   0.770 GU:3    +
    4    27  0   0.0%   0.185 GC:3    +
    3    33  0   0.0%   0.112 GC:3    +
   16    26  0   0.0%   0.626 GC:3    +
   21    26  0   0.0%   0.888 GC:3    +
    3    28  0   0.0%   0.095 GU:3    +
   14    19  0   0.0%   0.266 GU:3    +
    7    33  0   0.0%   0.372 GC:3    +
    1     6  0   0.0%   0.003 CG:3    +
    6    26  0   0.0%   0.204 GC:3    +
   17    21  0   0.0%   1.015 CG:3    +
    6    22  0   0.0%   0.016 GU:3    +
    7    17  0   0.0%   0.020 GC:3    +
    8    16  0   0.0%   0.003 UG:3    +
   28    32  0   0.0%   0.409 UG:3    +
   12    28  0   0.0%   0.542 GU:3    +
    8    32  0   0.0%   0.513 UG:3    +
    8    34  0   0.0%   0.458 UA:3    +
    7    19  0   0.0%   0.020 GU:3    +
   28    34  0   0.0%   0.304 UA:3    +
    7    25  0   0.0%   0.255 GU:3    +
   16    22  0   0.0%   0.531 GU:3    +
    8    18  0   0.0%   0.002 UG:3    +
   12    33  0   0.0%   0.522 GC:3    +
   13    32  0   0.0%   0.357 CG:3    +
    3    11  0   0.0%   0.001 GC:3    +
    2    12  0   0.0%   0.018 CG:3    +
    3     8  0   0.0%   0.001 GU:3    +
   25    31  0   0.0%   0.208 UA:3    +
   24    32  0   0.0%   0.370 CG:3    +
    3    26  0   0.0%   0.001 GC:3    +
    4    33  0   0.0%   0.253 GC:3    +
   18    27  0   0.0%   0.998 GC:3    +
   16    33  0   0.0%   0.560 GC:3    +
   17    32  0   0.0%   0.641 CG:3    +
   21    25  0   0.0%   0.681 GU:3    +
   14    24  0   0.0%   0.142 GC:3    +
   21    27  0   0.0%   0.916 GC:3    +
    4    24  0   0.0%   0.000 GC:3    +
    7    13  0   0.0%   0.017 GC:3    +
   20    28  0   0.0%   0.558 AU:3    +
    8    12  0   0.0%   0.001 UG:3    +
   18    29  0   0.0%   0.919 GC:3    +
    3    25  0   0.0%   0.001 GU:3    +
    6    11  0   0.0%   0.014 GC:3    +
    3    24  0   0.0%   0.001 GC:3    +
   10    25  0   0.0%   0.684 GU:3    +
    3    13  0   0.0%   0.001 GC:3    +
    2    14  0   0.0%   0.018 CG:3    +
    5    22  0   0.0%   0.000 AU:3    +
   14    27  0   0.0%   0.351 GC:3    +
   27    32  0   0.0%   0.541 CG:3    +
   12    29  0   0.0%   0.597 GC:3    +
    4     8  0   0.0%   0.000 GU:3    +
   16    29  0   0.0%   0.728 GC:3    +
    4    25  0   0.0%   0.000 GU:3    +
    4    11  0   0.0%   0.000 GC:3    +
   12    26  0   0.0%   0.576 GC:3    +
   12    24  0   0.0%   0.469 GC:3    +
   21    33  0   0.0%   0.669 GC:3    +
   21    29  0   0.0%   0.836 GC:3    +
   16    25  0   0.0%   0.467 GU:3    +
    5    19  0   0.0%   0.000 AU:3    +
   22    32  0   0.0%   0.410 UG:3    +
    3    17  0   0.0%   0.001 GC:3    +
    2    18  0   0.0%   0.018 CG:3    +
    7    27  0   0.0%   0.570 GC:3    +
    1    14  0   0.0%   0.013 CG:3    +
   14    25  0   0.0%   0.097 GU:3    +
   14    33  0   0.0%   0.288 GC:3    +
    2    10  0   0.0%   0.017 CG:3    +
    6    13  0   0.0%   0.014 GC:3    +
    9    21  1   0.5%   0.952 UG:2    +
    1    30  1   0.3%   0.071 CG:2    +
    9    15  1   0.0%   0.002 UA:2    +
    9    31  1   0.0%   0.724 UA:2    +
   26    30  1   0.0%   0.551 CG:2    +
    5     9  1   0.0%   0.000 AU:2    +
    3     9  1   0.0%   0.000 GU:2    +
   17    30  1   0.0%   0.680 CG:2    +
   11    30  1   0.0%   0.658 CG:2    +
    4     9  1   0.0%   0.000 GU:2    +
..((((.(((((....)))))..)))).......
