3 sequence; length of alignment 33
alifold output
   10    26  0  65.3%   1.191 GC:3   
   11    25  0  65.2%   1.248 CG:3   
    9    27  0  65.2%   1.202 GC:3   
   16    24  0  29.7%   1.162 GC:3    +
   17    23  0  29.2%   1.514 AU:3    +
   11    18  0  25.3%   1.044 CG:3    +
   10    19  0  25.2%   1.057 GC:3    +
    9    20  0  21.9%   1.024 GU:3    +
   12    17  0  21.6%   0.997 UA:3    +
    9    30  0   6.8%   1.193 GC:3    +
   10    29  0   6.7%   1.181 GC:3    +
    8    31  0   6.1%   0.534 AU:3    +
   15    23  0   1.0%   0.225 GU:1    AU:2    +
   19    25  0   1.9%   0.923 CG:3    +
   18    26  0   1.8%   0.858 GC:3    +
   15    20  0   0.6%   0.444 GU:1    AU:2    +
   15    31  0   0.2%   0.291 GU:1    AU:2    +
    2    15  0   0.0%   0.006 UG:1    UA:2    +
   16    27  0   0.9%   0.846 GC:3    +
   16    21  1   1.3%   0.207 GC:2    +
    5    25  0   0.8%   0.133 CG:3    +
   12    28  0   0.7%   0.452 UA:3    +
   14    23  0   0.7%   0.135 AU:3    +
   16    32  0   0.7%   0.600 GC:3    +
   17    31  0   0.7%   0.987 AU:3    +
   18    30  0   0.6%   0.724 GC:3    +
   15    33  0   0.5%   0.172 AU:2    --:1    +
   16    20  0   0.2%   0.428 GU:3    +
    6    25  0   0.2%   0.088 CG:3    +
    7    23  0   0.2%   0.039 AU:3    +
    3    25  0   0.2%   0.043 CG:3    +
   16    30  0   0.2%   0.703 GC:3    +
    8    20  0   0.2%   0.032 AU:3    +
   14    20  0   0.1%   0.365 AU:3    +
    3     9  0   0.1%   0.021 CG:3    +
    9    19  0   0.1%   0.029 GC:3    +
   13    18  0   0.1%   0.367 CG:3    +
   25    30  0   0.1%   0.671 GC:3    +
   20    28  0   0.1%   0.451 UA:3    +
   10    30  0   0.1%   1.016 GC:3    +
    8    23  0   0.1%   0.042 AU:3    +
    5    10  0   0.1%   0.019 CG:3    +
    9    31  0   0.1%   1.019 GU:3    +
    7    31  0   0.1%   0.030 AU:3    +
   12    22  0   0.1%   0.349 UA:3    +
   13    25  0   0.1%   0.361 CG:3    +
   18    24  0   0.0%   0.729 GC:3    +
    9    32  0   0.0%   0.843 GC:3    +
   25    32  0   0.0%   0.479 GC:3    +
    8    33  0   0.0%   0.198 AU:2    --:1    +
    2    10  0   0.0%   0.012 UG:3    +
   10    31  0   0.0%   1.011 GU:3    +
    4    31  0   0.0%   0.009 AU:3    +
    2    28  0   0.0%   0.015 UA:3    +
   12    16  0   0.0%   0.010 UG:3    +
   25    29  0   0.0%   0.612 GC:3    +
    4    23  0   0.0%   0.006 AU:3    +
    2     7  0   0.0%   0.005 UA:3    +
   16    23  0   0.0%   0.184 GU:3    +
    2     8  0   0.0%   0.007 UA:3    +
   12    25  0   0.0%   0.686 UG:3    +
    9    24  0   0.0%   0.368 GC:3    +
   11    16  0   0.0%   0.007 CG:3    +
    3    16  0   0.0%   0.012 CG:3    +
    7    33  0   0.0%   0.024 AU:2    --:1    +
    2    17  0   0.0%   0.010 UA:3    +
   16    29  0   0.0%   0.669 GC:3    +
   12    18  0   0.0%   0.684 UG:3    +
    5     9  0   0.0%   0.010 CG:3    +
   10    32  0   0.0%   0.831 GC:3    +
    2    25  0   0.0%   0.011 UG:3    +
    9    29  0   0.0%   0.647 GC:3    +
    4    33  0   0.0%   0.007 AU:2    --:1    +
    3    10  0   0.0%   0.012 CG:3    +
    9    33  0   0.0%   0.844 GU:2    --:1    +
   18    27  0   0.0%   0.756 GC:3    +
   22    31  0   0.0%   0.235 AU:3    +
   16    26  0   0.0%   0.719 GC:3    +
   18    23  0   0.0%   0.819 GU:3    +
   28    33  0   0.0%   0.079 AU:2    --:1    +
   18    29  0   0.0%   0.619 GC:3    +
    9    13  0   0.0%   0.009 GC:3    +
   23    28  0   0.0%   0.509 UA:3    +
   10    20  0   0.0%   0.700 GU:3    +
    6    16  0   0.0%   0.003 CG:3    +
   25    31  0   0.0%   0.659 GU:3    +
    7    20  0   0.0%   0.003 AU:3    +
    9    26  0   0.0%   0.366 GC:3    +
   10    27  0   0.0%   0.914 GC:3    +
    2    22  0   0.0%   0.008 UA:3    +
    9    23  0   0.0%   0.384 GU:3    +
    1    23  0   0.0%   0.001 AU:3    +
   20    25  0   0.0%   0.817 UG:3    +
   14    31  0   0.0%   0.228 AU:3    +
   10    23  0   0.0%   0.376 GU:3    +
    4    12  0   0.0%   0.001 AU:3    +
    2     9  0   0.0%   0.004 UG:3    +
    6    10  0   0.0%   0.009 CG:3    +
   14    33  0   0.0%   0.050 AU:2    --:1    +
    1    31  0   0.0%   0.001 AU:3    +
    7    12  0   0.0%   0.002 AU:3    +
    1    33  0   0.0%   0.001 AU:2    --:1    +
    5    16  0   0.0%   0.008 CG:3    +
   25    33  0   0.0%   0.466 GU:2    --:1    +
    1    12  0   0.0%   0.000 AU:3    +
    5    18  0   0.0%   0.006 CG:3    +
    4    20  0   0.0%   0.000 AU:3    +
   22    33  0   0.0%   0.038 AU:2    --:1    +
   10    24  0   0.0%   0.358 GC:3    +
    6    18  0   0.0%   0.001 CG:3    +
    2    14  0   0.0%   0.007 UA:3    +
    8    12  0   0.0%   0.002 AU:3    +
   10    33  0   0.0%   0.832 GU:2    --:1    +
   18    32  0   0.0%   0.502 GC:3    +
    3    18  0   0.0%   0.009 CG:3    +
   17    33  0   0.0%   0.758 AU:2    --:1    +
   16    31  0   0.0%   0.688 GU:3    +
    1    20  0   0.0%   0.000 AU:3    +
    9    21  1   0.3%   0.395 GC:2    +
   21    25  1   0.0%   0.496 CG:2    +
   10    21  1   0.0%   0.372 GC:2    +
........(((.............)))......
