3 sequence; length of alignment 34
alifold output
    7    20  0  97.6%   0.071 CG:3   
    4    23  0  97.5%   0.073 CG:3   
    6    21  0  97.5%   0.073 AU:3   
    5    22  0  97.5%   0.074 AU:3   
    8    19  0  96.6%   0.142 GC:3   
    3    24  0  84.3%   0.443 UA:3   
    9    18  0  67.8%   1.190 AU:3   
   10    16  0  55.7%   0.978 CG:3    +
    9    17  0  28.3%   1.072 AU:3    +
   25    32  0  11.6%   0.767 CG:2    UG:1    +
   26    31  0  11.5%   1.011 GC:3    +
    1    26  0   4.9%   0.443 CG:2    --:1    +
   13    23  0   2.4%   0.291 CG:3    +
    9    27  0   2.4%   0.886 AU:3    +
   14    22  0   2.3%   0.289 AU:3    +
   10    26  0   2.3%   0.761 CG:3    +
    8    28  0   2.3%   0.341 GC:3    +
   12    24  0   2.3%   0.440 UA:3    +
   15    21  0   2.2%   0.279 AU:3    +
   25    33  0   1.0%   0.405 CG:2    UG:1    +
   11    17  0   0.7%   0.456 GU:1    AU:2    +
   11    18  0   0.0%   0.347 GU:1    AU:2    +
    8    25  0   0.0%   0.077 GC:2    GU:1    +
   11    22  0   0.0%   0.061 GU:1    AU:2    +
   16    25  0   0.0%   0.350 GC:2    GU:1    +
    8    18  0   0.9%   0.128 GU:3    +
   24    34  0   0.5%   0.317 AU:3    +
   12    16  0   0.4%   0.395 UG:3    +
    2    26  0   0.4%   0.223 UG:3    +
   28    32  0   0.3%   0.415 CG:3    +
   28    33  0   0.3%   0.232 CG:3    +
   27    33  0   0.2%   0.189 UG:3    +
    4    32  0   0.2%   0.062 CG:3    +
    2    24  0   0.2%   0.030 UA:3    +
    3    33  0   0.1%   0.170 UG:3    +
   26    30  0   0.1%   0.274 GC:3    +
    2    32  0   0.0%   0.044 UG:3    +
    2    29  0   0.0%   0.040 UA:3    +
    4    33  0   0.0%   0.052 CG:3    +
    1    33  0   0.0%   0.155 CG:2    --:1    +
   26    34  0   0.0%   0.545 GU:3    +
   27    32  0   0.0%   0.361 UG:3    +
    7    32  0   0.0%   0.045 CG:3    +
    7    33  0   0.0%   0.043 CG:3    +
    6    34  0   0.0%   0.029 AU:3    +
    2    33  0   0.0%   0.043 UG:3    +
   29    34  0   0.0%   0.034 AU:3    +
    8    31  0   0.0%   0.166 GC:3    +
    1    32  0   0.0%   0.150 CG:2    --:1    +
    3    23  0   0.0%   0.002 UG:3    +
    3    26  0   0.0%   0.316 UG:3    +
    3    32  0   0.0%   0.150 UG:3    +
   23    28  0   0.0%   0.203 GC:3    +
    7    26  0   0.0%   0.195 CG:3    +
    6    27  0   0.0%   0.026 AU:3    +
   22    29  0   0.0%   0.117 UA:3    +
   20    31  0   0.0%   0.025 GC:3    +
   19    32  0   0.0%   0.051 CG:3    +
   10    20  0   0.0%   0.350 CG:3    +
    9    21  0   0.0%   0.646 AU:3    +
    8    22  0   0.0%   0.101 GU:3    +
    7    23  0   0.0%   0.049 CG:3    +
    7    16  0   0.0%   0.001 CG:3    +
    6    17  0   0.0%   0.001 AU:3    +
   15    22  0   0.0%   0.198 AU:3    +
   16    21  0   0.0%   0.459 GU:3    +
    3    29  0   0.0%   0.148 UA:3    +
   10    23  0   0.0%   0.352 CG:3    +
   18    33  0   0.0%   0.323 UG:3    +
    5    18  0   0.0%   0.000 AU:3    +
   13    20  0   0.0%   0.024 CG:3    +
   23    31  0   0.0%   0.115 GC:3    +
   14    21  0   0.0%   0.025 AU:3    +
    5    34  0   0.0%   0.025 AU:3    +
    4    26  0   0.0%   0.194 CG:3    +
   17    24  0   0.0%   0.632 UA:3    +
    1     8  0   0.0%   0.000 CG:2    --:1    +
   18    23  0   0.0%   0.423 UG:3    +
   23    30  0   0.0%   0.114 GC:3    +
   14    18  0   0.0%   0.309 AU:3    +
   22    32  0   0.0%   0.131 UG:3    +
    2    23  0   0.0%   0.000 UG:3    +
    1    23  0   0.0%   0.000 CG:2    --:1    +
    2     6  0   0.0%   0.000 UA:3    +
    8    17  0   0.0%   0.000 GU:3    +
    8    30  0   0.0%   0.165 GC:3    +
    6    22  0   0.0%   0.049 AU:3    +
    5    21  0   0.0%   0.000 AU:3    +
    8    13  0   0.0%   0.000 GC:3    +
..(((((((........)))))))..........
