3 sequence; length of alignment 58
alifold output
    6    52  0 100.0%   0.000 CG:3   
    8    50  0 100.0%   0.000 CG:3   
    4    54  0 100.0%   0.001 CG:3   
    7    51  0 100.0%   0.001 UA:3   
    5    53  0  99.9%   0.002 AU:3   
    9    49  0  99.9%   0.005 AU:3   
    3    55  0  98.7%   0.062 AU:3   
   10    48  0  98.7%   0.053 CG:3   
    1    57  0  93.4%   0.247 CG:3   
   18    40  1  76.6%   0.807 GC:2   
   17    41  0  72.3%   0.968 UA:3   
   19    39  0  68.4%   0.995 CG:3   
   20    38  0  59.7%   1.112 CG:3   
   16    43  0  32.6%   1.881 CG:3   
   22    37  0  30.2%   1.932 GC:3    +
   28    33  0  30.1%   2.028 CG:3    +
   27    34  0  29.9%   2.180 GC:3    +
   15    44  1  27.3%   1.712 UG:2   
   21    38  0  22.3%   1.837 CG:3    +
   21    33  0  21.4%   1.059 CG:3   
   26    32  0  20.7%   1.753 GC:3    +
   27    31  0  20.1%   1.871 GC:3    +
   22    32  0  17.7%   1.349 GC:3   
   24    33  0  16.5%   1.580 CG:1    UG:2    +
   24    29  0  16.3%   0.982 CG:1    UG:2    +
   23    34  0  16.4%   1.780 GC:3    +
   13    44  0  15.8%   1.203 CG:3    +
   14    43  0  14.5%   1.102 UG:3    +
   20    39  0  13.9%   1.577 CG:3    +
   23    31  0  13.7%   1.548 GC:3   
   23    30  0  12.7%   1.067 GC:3    +
   22    31  0   8.6%   0.852 GC:3    +
   13    26  0   8.4%   0.627 CG:3    +
   12    27  0   8.4%   0.634 UG:3    +
   11    28  0   8.4%   0.644 GC:3    +
   14    25  0   7.7%   0.595 UA:3    +
   16    23  0   6.9%   0.637 CG:3    +
   17    22  0   6.1%   0.553 UG:3    +
   29    40  0   5.8%   1.285 GC:3    +
   30    39  0   5.7%   1.503 CG:3    +
   31    38  0   5.6%   2.078 CG:3    +
   24    39  0   4.2%   1.768 CG:1    UG:2    +
   34    39  0   4.6%   2.188 CG:3    +
   33    40  0   4.6%   1.978 GC:3    +
   23    40  0   4.2%   1.831 GC:3    +
   30    44  0   4.0%   1.960 CG:3    +
   31    43  0   4.0%   2.586 CG:3    +
   16    44  0   3.8%   1.863 CG:3    +
   15    43  1   4.2%   0.794 UG:2    +
   14    44  0   3.7%   1.185 UG:3    +
   29    45  0   3.6%   1.047 GU:3    +
   22    42  0   3.6%   1.637 GC:3    +
   17    43  0   3.5%   1.682 UG:3    +
   23    37  0   3.5%   1.848 GC:3    +
   21    43  0   3.4%   2.178 CG:3    +
   20    44  0   3.2%   2.114 CG:3    +
   24    36  1   3.5%   1.032 UA:2    +
   21    35  0   3.0%   0.741 CG:3    +
   18    45  0   1.8%   0.715 GU:2    AU:1    +
   18    46  0   1.7%   0.792 GU:2    AU:1    +
   26    31  0   2.4%   1.120 GC:3    +
   18    42  1   2.8%   0.697 GC:2    +
   28    35  0   2.0%   1.083 CG:3    +
   19    27  0   1.9%   0.498 CG:3    +
   29    34  0   1.9%   1.370 GC:3    +
   20    26  0   1.9%   0.473 CG:3    +
   22    34  0   1.9%   0.972 GC:3    +
   17    47  0   1.8%   0.865 UA:3    +
   32    43  0   1.8%   2.150 CG:3    +
   24    35  0   0.8%   0.901 CG:1    UG:2    +
   31    44  0   1.7%   2.649 CG:3    +
   33    42  0   1.6%   1.631 GC:3    +
   19    44  0   1.6%   1.566 CG:3    +
   18    28  1   1.9%   0.486 GC:2    +
   20    43  0   1.3%   1.854 CG:3    +
    1    56  0   1.3%   0.168 CG:3    +
   13    43  0   1.3%   0.397 CG:3    +
   12    18  0   0.1%   0.025 UG:2    UA:1    +
   35    40  0   1.1%   1.087 GC:3    +
   26    34  0   1.1%   1.309 GC:3    +
   24    38  0   0.0%   1.477 CG:1    UG:2    +
   11    24  0   0.0%   0.020 GC:1    GU:2    +
   24    44  0   0.0%   2.035 CG:1    UG:2    +
   14    18  0   0.0%   0.009 UG:2    UA:1    +
   24    43  0   0.0%   2.050 CG:1    UG:2    +
   18    49  0   0.0%   0.634 GU:2    AU:1    +
   18    55  0   0.0%   0.670 GU:2    AU:1    +
   12    44  0   1.0%   0.374 UG:3    +
   16    22  0   0.9%   0.131 CG:3    +
   16    48  0   0.8%   0.938 CG:3    +
   19    23  0   0.8%   0.344 CG:3    +
   17    25  0   0.8%   0.486 UA:3    +
   16    26  0   0.8%   0.557 CG:3    +
   21    26  0   0.7%   0.432 CG:3    +
   26    37  0   0.7%   1.449 GC:3    +
   12    47  0   0.7%   0.381 UA:3    +
   20    27  0   0.6%   0.470 CG:3    +
   16    39  0   0.6%   0.389 CG:3    +
   17    38  0   0.6%   0.335 UG:3    +
   27    42  0   0.5%   1.344 GC:3    +
    2    55  0   0.4%   0.073 GU:3    +
   33    37  0   0.4%   1.651 GC:3    +
   20    35  0   0.4%   0.217 CG:3    +
   19    29  0   0.4%   0.214 CG:3    +
   32    38  0   0.3%   1.575 CG:3    +
   11    46  0   0.3%   0.313 GU:3    +
   18    24  1   0.8%   0.128 GU:2    +
   19    35  0   0.3%   0.221 CG:3    +
   31    39  0   0.2%   1.979 CG:3    +
   27    37  0   0.2%   1.617 GC:3    +
   27    32  0   0.2%   1.338 GC:3    +
   20    33  0   0.2%   0.158 CG:3    +
   17    29  0   0.2%   0.262 UG:3    +
   23    32  0   0.2%   1.135 GC:3    +
   10    29  0   0.2%   0.033 CG:3    +
   11    45  0   0.1%   0.277 GU:3    +
   19    33  0   0.1%   0.175 CG:3    +
   11    19  0   0.1%   0.036 GC:3    +
   11    40  0   0.1%   0.262 GC:3    +
   12    39  0   0.1%   0.252 UG:3    +
   15    23  1   0.6%   0.097 UG:2    +
   13    38  0   0.1%   0.247 CG:3    +
   11    16  0   0.1%   0.026 GC:3    +
   28    38  0   0.1%   1.447 CG:3    +
   29    37  0   0.1%   1.014 GC:3    +
   22    28  0   0.1%   0.521 GC:3    +
   16    35  0   0.1%   0.302 CG:3    +
   21    29  0   0.1%   0.108 CG:3    +
   26    30  0   0.1%   0.665 GC:3    +
   26    40  0   0.1%   1.233 GC:3    +
   18    37  1   0.6%   0.251 GC:2    +
   37    44  0   0.1%   1.923 CG:3    +
   21    39  0   0.1%   1.409 CG:3    +
   36    45  0   0.1%   0.351 AU:3    +
   12    36  0   0.1%   0.236 UA:3    +
   11    37  0   0.1%   0.247 GC:3    +
   13    35  0   0.1%   0.229 CG:3    +
   35    46  0   0.1%   0.439 GU:3    +
   14    47  0   0.1%   0.652 UA:3    +
   29    46  0   0.1%   0.828 GU:3    +
   30    35  0   0.1%   0.578 CG:3    +
   11    42  0   0.0%   0.255 GC:3    +
   12    41  0   0.0%   0.244 UA:3    +
   23    42  0   0.0%   1.583 GC:3    +
   11    30  0   0.0%   0.235 GC:3    +
   29    42  0   0.0%   0.861 GC:3    +
   13    48  0   0.0%   0.596 CG:3    +
   10    38  0   0.0%   0.018 CG:3    +
   17    35  0   0.0%   0.244 UG:3    +
   28    43  0   0.0%   1.876 CG:3    +
   14    41  0   0.0%   0.211 UA:3    +
   12    29  0   0.0%   0.234 UG:3    +
   42    48  0   0.0%   0.385 CG:3    +
   13    39  0   0.0%   0.241 CG:3    +
   14    38  0   0.0%   0.216 UG:3    +
   26    42  0   0.0%   1.104 GC:3    +
   13    29  0   0.0%   0.229 CG:3    +
   10    43  0   0.0%   0.018 CG:3    +
   17    23  0   0.0%   0.393 UG:3    +
   41    49  0   0.0%   0.252 AU:3    +
   40    44  0   0.0%   2.031 CG:3    +
   39    45  0   0.0%   1.250 GU:3    +
   16    38  0   0.0%   0.297 CG:3    +
   31    35  0   0.0%   1.176 CG:3    +
   26    45  0   0.0%   0.958 GU:3    +
   35    42  0   0.0%   0.652 GC:3    +
   38    46  0   0.0%   0.982 GU:3    +
   25    46  0   0.0%   0.329 AU:3    +
   22    40  0   0.0%   1.389 GC:3    +
   30    43  0   0.0%   1.592 CG:3    +
   13    22  0   0.0%   0.003 CG:3    +
   34    43  0   0.0%   2.342 CG:3    +
   28    44  0   0.0%   1.858 CG:3    +
   13    27  0   0.0%   0.421 CG:3    +
   21    27  0   0.0%   0.369 CG:3    +
   23    28  0   0.0%   0.553 GC:3    +
   16    29  0   0.0%   0.289 CG:3    +
   27    45  0   0.0%   1.150 GU:3    +
   32    39  0   0.0%   1.573 CG:3    +
   12    23  0   0.0%   0.010 UG:3    +
   14    26  0   0.0%   0.409 UG:3    +
   10    54  0   0.0%   0.030 CG:3    +
    9    55  0   0.0%   0.040 AU:3    +
    8    56  0   0.0%   0.058 CG:3    +
   41    46  0   0.0%   0.348 AU:3    +
   11    53  0   0.0%   0.279 GU:3    +
   27    40  0   0.0%   1.396 GC:3    +
   19    38  0   0.0%   0.219 CG:3    +
   28    39  0   0.0%   1.458 CG:3    +
   13    52  0   0.0%   0.580 CG:3    +
   14    51  0   0.0%   0.612 UA:3    +
   11    34  0   0.0%   0.231 GC:3    +
   38    42  0   0.0%   1.203 GC:3    +
   40    50  0   0.0%   0.713 CG:3    +
   37    43  0   0.0%   1.925 CG:3    +
    7    57  0   0.0%   0.065 UG:3    +
   12    33  0   0.0%   0.221 UG:3    +
   19    43  0   0.0%   1.387 CG:3    +
   17    36  0   0.0%   0.239 UA:3    +
   11    17  0   0.0%   0.010 GU:3    +
   16    27  0   0.0%   0.494 CG:3    +
   17    33  0   0.0%   0.225 UG:3    +
   17    26  0   0.0%   0.458 UG:3    +
   16    33  0   0.0%   0.275 CG:3    +
   14    36  0   0.0%   0.206 UA:3    +
   11    20  0   0.0%   0.019 GC:3    +
   32    44  0   0.0%   2.061 CG:3    +
   41    45  0   0.0%   0.456 AU:3    +
   17    44  0   0.0%   1.546 UG:3    +
   33    55  0   0.0%   1.281 GU:3    +
   32    56  0   0.0%   0.807 CG:3    +
   34    54  0   0.0%   1.012 CG:3    +
   31    57  0   0.0%   1.333 CG:3    +
   34    44  0   0.0%   2.322 CG:3    +
   34    48  0   0.0%   1.066 CG:3    +
   34    38  0   0.0%   1.746 CG:3    +
   33    45  0   0.0%   1.447 GU:3    +
   13    50  0   0.0%   0.579 CG:3    +
   40    48  0   0.0%   0.767 CG:3    +
   12    51  0   0.0%   0.317 UA:3    +
   14    27  0   0.0%   0.409 UG:3    +
   19    26  0   0.0%   0.295 CG:3    +
   33    49  0   0.0%   1.245 GU:3    +
   14    33  0   0.0%   0.200 UG:3    +
   21    44  0   0.0%   2.047 CG:3    +
   11    31  0   0.0%   0.230 GC:3    +
   37    52  0   0.0%   0.600 CG:3    +
   39    49  0   0.0%   1.040 GU:3    +
   22    30  0   0.0%   0.243 GC:3    +
   26    46  0   0.0%   0.965 GU:3    +
   13    23  0   0.0%   0.003 CG:3    +
   14    22  0   0.0%   0.001 UG:3    +
   10    44  0   0.0%   0.015 CG:3    +
   30    48  0   0.0%   0.645 CG:3    +
   27    46  0   0.0%   1.157 GU:3    +
   11    49  0   0.0%   0.278 GU:3    +
   35    53  0   0.0%   0.335 GU:3    +
   36    53  0   0.0%   0.137 AU:3    +
    3    12  0   0.0%   0.000 AU:3    +
    4    11  0   0.0%   0.000 CG:3    +
    2    13  0   0.0%   0.000 GC:3    +
   14    48  0   0.0%   0.625 UG:3    +
    9    45  0   0.0%   0.000 AU:3    +
   30    38  0   0.0%   0.994 CG:3    +
   12    48  0   0.0%   0.329 UG:3    +
   11    21  0   0.0%   0.018 GC:3    +
   14    23  0   0.0%   0.001 UG:3    +
   12    43  0   0.0%   0.239 UG:3    +
   23    45  0   0.0%   1.435 GU:3    +
   32    48  0   0.0%   0.805 CG:3    +
    6    57  0   0.0%   0.064 CG:3    +
   14    39  0   0.0%   0.212 UG:3    +
   13    33  0   0.0%   0.213 CG:3    +
    4    56  0   0.0%   0.056 CG:3    +
   11    32  0   0.0%   0.230 GC:3    +
   38    45  0   0.0%   1.089 GU:3    +
   17    39  0   0.0%   0.301 UG:3    +
   10    52  0   0.0%   0.028 CG:3    +
    9    53  0   0.0%   0.002 AU:3    +
   22    46  0   0.0%   1.383 GU:3    +
    5    55  0   0.0%   0.037 AU:3    +
    8    54  0   0.0%   0.000 CG:3    +
   14    29  0   0.0%   0.214 UG:3    +
   19    48  0   0.0%   0.553 CG:3    +
   22    45  0   0.0%   1.375 GU:3    +
   32    50  0   0.0%   0.750 CG:3    +
   39    46  0   0.0%   1.139 GU:3    +
   10    50  0   0.0%   0.028 CG:3    +
   22    49  0   0.0%   1.295 GU:3    +
   21    50  0   0.0%   0.936 CG:3    +
    6    54  0   0.0%   0.000 CG:3    +
    6    56  0   0.0%   0.056 CG:3    +
   25    45  0   0.0%   0.319 AU:3    +
   19    54  0   0.0%   0.499 CG:3    +
   16    57  0   0.0%   0.907 CG:3    +
   17    56  0   0.0%   0.739 UG:3    +
   29    49  0   0.0%   0.730 GU:3    +
   10    35  0   0.0%   0.011 CG:3    +
   17    48  0   0.0%   0.737 UG:3    +
   20    52  0   0.0%   0.893 CG:3    +
   28    48  0   0.0%   0.799 CG:3    +
   23    46  0   0.0%   1.443 GU:3    +
    8    39  0   0.0%   0.000 CG:3    +
   20    29  0   0.0%   0.156 CG:3    +
   14    50  0   0.0%   0.610 UG:3    +
   18    30  1   0.4%   0.187 GC:2    +
   15    27  1   0.2%   0.278 UG:2    +
   18    34  1   0.1%   0.174 GC:2    +
   15    36  1   0.1%   0.074 UA:2    +
   24    41  1   0.0%   1.171 UA:2    +
   15    41  1   0.0%   0.067 UA:2    +
   15    47  1   0.0%   0.587 UA:2    +
   15    39  1   0.0%   0.067 UG:2    +
   13    18  1   0.0%   0.011 CG:2    +
   24    47  1   0.0%   1.036 UA:2    +
   15    25  1   0.0%   0.232 UA:2    +
   15    33  1   0.0%   0.047 UG:2    +
   15    50  1   0.0%   0.548 UG:2    +
   15    22  1   0.0%   0.002 UG:2    +
   18    32  1   0.0%   0.145 GC:2    +
   15    35  1   0.0%   0.051 UG:2    +
   11    15  1   0.0%   0.000 GU:2    +
   18    31  1   0.0%   0.145 GC:2    +
   15    48  1   0.0%   0.562 UG:2    +
   15    38  1   0.0%   0.066 UG:2    +
   15    29  1   0.0%   0.059 UG:2    +
(.((((((((....(((((((((.......)))....)))).))...)))))))).).
