3 sequence; length of alignment 34
alifold output
    8    14  0  89.2%   0.344 GC:3   
    7    15  0  89.1%   0.311 UA:3   
    6    16  0  88.3%   0.376 CG:3   
    9    13  0  78.1%   0.620 UG:3   
    5    17  0  52.3%   1.386 UG:3   
   20    29  0  45.1%   1.631 CG:3    +
   22    27  0  44.6%   1.760 GC:3    +
   21    28  1  45.0%   1.541 AU:2    +
    3    18  0  41.7%   1.132 GC:3    +
   19    30  1  27.8%   1.909 GU:2    +
    2    19  1  23.0%   1.043 CG:2    +
    2    22  0  21.1%   1.370 CG:3   
    1    23  0  21.0%   1.030 CG:3   
    4    17  0  20.9%   1.035 UG:3    +
    3    20  0   8.3%   1.020 GC:3    +
    4    19  1   7.1%   1.264 UG:2    +
    2    23  0   6.2%   1.537 CG:3    +
    1    24  0   6.1%   0.888 CG:3    +
   23    32  0   5.9%   1.547 GC:3    +
   22    33  0   5.3%   1.627 GU:3    +
   24    31  0   5.1%   0.975 GU:3    +
   11    22  0   3.9%   0.892 CG:1    UG:2    +
   17    32  0   4.5%   1.341 GC:3    +
    4    21  0   4.3%   0.957 UA:3    +
   13    20  0   4.0%   0.918 GC:3    +
   12    21  0   4.0%   0.659 UA:3    +
   14    19  1   4.0%   1.142 CG:2    +
   10    23  0   3.2%   0.936 UG:3    +
    7    21  0   2.3%   0.529 UA:3    +
    8    20  0   2.3%   0.588 GC:3    +
    6    22  0   2.3%   0.751 CG:3    +
   11    17  0   1.2%   0.895 CG:1    UG:2    +
   14    29  0   2.0%   0.543 CG:3    +
   16    27  0   2.0%   0.491 GC:3    +
   21    34  0   1.9%   1.033 AU:2    --:1    +
    9    24  0   1.9%   0.751 UG:3    +
    5    23  0   1.9%   1.090 UG:3    +
   13    30  0   1.8%   0.589 GU:3    +
   22    32  0   1.7%   1.342 GC:3    +
   23    31  0   1.6%   0.955 GU:3    +
    9    19  1   2.1%   0.991 UG:2    +
   18    24  0   1.6%   0.903 CG:3    +
   15    28  1   2.0%   0.368 AU:2    +
   21    33  0   1.5%   0.979 AU:3    +
   22    28  0   0.4%   1.457 GC:1    GU:2    +
    3    28  0   0.3%   0.685 GC:1    GU:2    +
   17    26  0   1.2%   0.987 GU:3    +
   16    33  0   1.2%   0.483 GU:3    +
   11    16  0   0.1%   0.205 CG:1    UG:2    +
    4    24  0   1.1%   1.015 UG:3    +
   24    30  0   1.1%   0.979 GU:3    +
   23    28  0   0.1%   1.226 GC:1    GU:2    +
   24    28  0   0.0%   0.881 GC:1    GU:2    +
    8    28  0   0.0%   0.259 GC:1    GU:2    +
   11    23  0   0.0%   0.891 CG:1    UG:2    +
    3    11  0   0.0%   0.004 GC:1    GU:2    +
   16    28  0   0.0%   0.406 GC:1    GU:2    +
   13    28  0   0.0%   0.386 GC:1    GU:2    +
   11    24  0   0.0%   0.507 CG:1    UG:2    +
   17    28  0   0.0%   0.975 GC:1    GU:2    +
   11    29  0   0.0%   0.234 CG:1    UG:2    +
   17    25  0   0.8%   0.925 GU:3    +
   12    16  0   0.8%   0.301 UG:3    +
    3    14  0   0.7%   0.103 GC:3    +
    4    13  0   0.7%   0.100 UG:3    +
   24    32  0   0.6%   1.086 GC:3    +
   23    33  0   0.4%   1.328 GU:3    +
    1    22  0   0.4%   0.092 CG:3    +
    5    16  0   0.4%   0.087 UG:3    +
   15    34  0   0.4%   0.262 AU:2    --:1    +
   23    27  0   0.4%   1.237 GC:3    +
    6    17  0   0.3%   0.857 CG:3    +
    2    29  0   0.3%   0.928 CG:3    +
    2    16  0   0.3%   0.062 CG:3    +
    3    32  0   0.3%   0.704 GC:3    +
    1    17  0   0.3%   0.056 CG:3    +
    6    29  0   0.3%   0.310 CG:3    +
    8    25  0   0.2%   0.262 GU:3    +
    3    27  0   0.2%   0.661 GC:3    +
    8    18  0   0.2%   0.516 GC:3    +
    9    17  0   0.2%   0.943 UG:3    +
    7    16  0   0.2%   0.299 UG:3    +
   10    16  0   0.2%   0.208 UG:3    +
    6    24  0   0.2%   0.487 CG:3    +
    8    27  0   0.2%   0.276 GC:3    +
   18    23  0   0.2%   1.115 CG:3    +
   16    32  0   0.2%   0.358 GC:3    +
    7    23  0   0.2%   0.824 UG:3    +
   22    34  0   0.1%   1.309 GU:2    --:1    +
   15    33  0   0.1%   0.217 AU:3    +
   17    31  0   0.1%   0.910 GU:3    +
    3    25  0   0.1%   0.632 GU:3    +
   18    29  0   0.1%   0.602 CG:3    +
   17    33  0   0.1%   1.112 GU:3    +
   25    29  0   0.1%   0.574 UG:3    +
   17    30  0   0.1%   0.969 GU:3    +
    4    22  0   0.1%   1.053 UG:3    +
   10    17  0   0.1%   0.749 UG:3    +
    6    13  0   0.1%   0.050 CG:3    +
    2    24  0   0.1%   1.050 CG:3    +
    2     8  0   0.1%   0.013 CG:3    +
    5    21  0   0.1%   0.512 UA:3    +
   23    30  0   0.1%   1.188 GU:3    +
   13    18  0   0.0%   0.624 GC:3    +
   20    24  0   0.0%   0.812 CG:3    +
   21    30  0   0.0%   1.164 AU:3    +
   22    30  0   0.0%   1.403 GU:3    +
    1    29  0   0.0%   0.555 CG:3    +
   12    17  0   0.0%   0.826 UG:3    +
   22    31  0   0.0%   0.981 GU:3    +
   21    31  0   0.0%   0.743 AU:3    +
    1    16  0   0.0%   0.008 CG:3    +
    6    23  0   0.0%   0.802 CG:3    +
   16    26  0   0.0%   0.233 GU:3    +
    3     7  0   0.0%   0.005 GU:3    +
    3    12  0   0.0%   0.008 GU:3    +
    2    13  0   0.0%   0.009 CG:3    +
    5    24  0   0.0%   0.672 UG:3    +
    2    17  0   0.0%   0.046 CG:3    +
    4    29  0   0.0%   0.766 UG:3    +
    7    22  0   0.0%   0.662 UG:3    +
    8    32  0   0.0%   0.259 GC:3    +
   24    33  0   0.0%   0.929 GU:3    +
   16    25  0   0.0%   0.250 GU:3    +
    1     8  0   0.0%   0.003 CG:3    +
   21    26  0   0.0%   0.417 AU:3    +
    7    29  0   0.0%   0.270 UG:3    +
   29    34  0   0.0%   0.603 GU:2    --:1    +
    8    26  0   0.0%   0.226 GU:3    +
   16    31  0   0.0%   0.310 GU:3    +
    4    15  0   0.0%   0.035 UA:3    +
   17    27  0   0.0%   0.983 GC:3    +
   10    15  0   0.0%   0.106 UA:3    +
   10    24  0   0.0%   0.445 UG:3    +
    3    30  0   0.0%   0.651 GU:3    +
   15    26  0   0.0%   0.113 AU:3    +
    3    31  0   0.0%   0.652 GU:3    +
    3    26  0   0.0%   0.618 GU:3    +
    8    34  0   0.0%   0.241 GU:2    --:1    +
    9    21  0   0.0%   0.518 UA:3    +
   17    34  0   0.0%   1.060 GU:2    --:1    +
    9    16  0   0.0%   0.361 UG:3    +
    7    24  0   0.0%   0.467 UG:3    +
    5    29  0   0.0%   0.468 UG:3    +
   18    22  0   0.0%   0.957 CG:3    +
   19    34  0   0.0%   1.146 GU:2    --:1    +
   13    31  0   0.0%   0.442 GU:3    +
    9    23  0   0.0%   0.878 UG:3    +
    3    10  0   0.0%   0.003 GU:3    +
   13    32  0   0.0%   0.461 GC:3    +
    5    15  0   0.0%   0.002 UA:3    +
   29    33  0   0.0%   0.806 GU:3    +
    8    33  0   0.0%   0.240 GU:3    +
   16    34  0   0.0%   0.392 GU:2    --:1    +
    4    23  0   0.0%   1.192 UG:3    +
   24    34  0   0.0%   0.724 GU:2    --:1    +
    9    15  0   0.0%   0.298 UA:3    +
   13    27  0   0.0%   0.394 GC:3    +
   23    34  0   0.0%   1.101 GU:2    --:1    +
    4    16  0   0.0%   0.055 UG:3    +
   22    26  0   0.0%   0.632 GU:3    +
    7    17  0   0.0%   0.824 UG:3    +
   12    22  0   0.0%   0.745 UG:3    +
    8    31  0   0.0%   0.239 GU:3    +
   10    22  0   0.0%   0.465 UG:3    +
   21    25  0   0.0%   0.424 AU:3    +
    3    33  0   0.0%   0.669 GU:3    +
    8    12  0   0.0%   0.007 GU:3    +
    9    22  0   0.0%   0.734 UG:3    +
    7    13  0   0.0%   0.042 UG:3    +
   13    34  0   0.0%   0.442 GU:2    --:1    +
    3     9  0   0.0%   0.002 GU:3    +
    4     8  0   0.0%   0.005 UG:3    +
    5    22  0   0.0%   0.725 UG:3    +
   12    29  0   0.0%   0.214 UG:3    +
    1    13  0   0.0%   0.001 CG:3    +
    5    13  0   0.0%   0.035 UG:3    +
    3    34  0   0.0%   0.669 GU:2    --:1    +
    8    30  0   0.0%   0.239 GU:3    +
   15    31  0   0.0%   0.191 AU:3    +
   10    21  0   0.0%   0.248 UA:3    +
   14    22  0   0.0%   0.835 CG:3    +
   14    24  0   0.0%   0.577 CG:3    +
   12    23  0   0.0%   0.870 UG:3    +
   13    25  0   0.0%   0.390 GU:3    +
   14    23  0   0.0%   0.960 CG:3    +
    9    29  0   0.0%   0.405 UG:3    +
   12    24  0   0.0%   0.487 UG:3    +
   16    30  0   0.0%   0.381 GU:3    +
   13    33  0   0.0%   0.442 GU:3    +
   16    20  0   0.0%   0.646 GC:3    +
   15    30  0   0.0%   0.265 AU:3    +
    7    19  1   0.1%   0.680 UG:2    +
   19    28  1   0.1%   0.871 GU:2    +
   11    15  1   0.1%   0.121 UA:2    +
   19    31  1   0.1%   1.139 GU:2    +
   19    25  1   0.0%   0.824 GU:2    +
    1    19  1   0.0%   0.030 CG:2    +
   19    32  1   0.0%   1.298 GC:2    +
    5    19  1   0.0%   0.897 UG:2    +
    6    19  1   0.0%   0.668 CG:2    +
   12    19  1   0.0%   0.669 UG:2    +
   10    19  1   0.0%   0.644 UG:2    +
   19    33  1   0.0%   1.191 GU:2    +
   19    27  1   0.0%   0.862 GC:2    +
   19    26  1   0.0%   0.813 GU:2    +
   11    19  1   0.0%   0.688 UG:2    +
   11    21  1   0.0%   0.293 UA:2    +
((..(((((...)))))....))...........
