3 sequence; length of alignment 34
alifold output
   18    24  0  93.3%   0.241 GC:3   
   17    25  0  93.3%   0.239 UA:3   
   16    26  0  93.3%   0.277 AU:3   
   15    27  0  93.0%   0.297 GC:3   
    8    13  0  39.7%   1.117 GC:1    UG:2    +
    7    14  0  40.3%   1.145 GC:3    +
   14    19  0   5.8%   0.870 CG:3    +
   12    21  0   5.6%   0.513 UA:3    +
   13    20  1   5.8%   0.871 GC:2    +
   11    22  1   4.2%   0.444 UA:2    +
    1     6  0   2.9%   0.305 CG:2    --:1    +
    6    33  0   1.1%   0.406 GU:2    AU:1    +
    5    31  0   0.6%   0.148 GU:1    AU:2    +
    5    33  0   0.5%   0.197 GU:1    AU:2    +
    5    26  0   0.5%   0.104 GU:1    AU:2    +
    2    11  0   0.4%   0.075 CG:1    AU:2    +
   10    23  1   1.8%   0.284 UA:2    +
   14    30  0   1.3%   0.783 CG:3    +
    7    32  0   1.2%   0.746 GC:3    +
    7    26  0   1.1%   0.628 GU:3    +
    5    12  0   0.1%   0.048 GU:1    AU:2    +
    4    12  0   0.1%   0.040 GU:2    AU:1    +
    2     8  0   0.1%   0.013 CG:1    AU:2    +
    6    12  0   0.0%   0.139 GU:2    AU:1    +
    6    26  0   0.0%   0.156 GU:2    AU:1    +
    4    17  0   0.0%   0.024 GU:2    AU:1    +
    6    31  0   0.0%   0.207 GU:2    AU:1    +
    4    31  0   0.0%   0.055 GU:2    AU:1    +
    4    26  0   0.0%   0.023 GU:2    AU:1    +
    4    33  0   0.0%   0.120 GU:2    AU:1    +
    5    17  0   0.0%   0.021 GU:1    AU:2    +
    6    17  0   0.0%   0.119 GU:2    AU:1    +
    7    24  0   1.0%   0.541 GC:3    +
    3    33  0   0.6%   0.132 AU:3    +
    1     7  0   0.6%   0.195 CG:2    --:1    +
   12    29  0   0.6%   0.356 UA:3    +
    6    27  1   1.0%   0.293 GC:2    +
   12    28  0   0.5%   0.289 UA:3    +
   12    30  0   0.5%   0.384 UG:3    +
   13    31  1   1.0%   0.758 GU:2    +
   20    30  0   0.5%   0.379 CG:3    +
   19    31  0   0.5%   0.373 GU:3    +
   18    32  0   0.5%   0.272 GC:3    +
    8    25  1   0.9%   0.539 UA:2    +
    7    31  0   0.3%   0.594 GU:3    +
    8    23  1   0.8%   0.486 UA:2    +
    4    32  1   0.7%   0.158 GC:2    +
   15    34  0   0.2%   0.144 GC:3    +
   16    33  0   0.2%   0.222 AU:3    +
    7    27  0   0.2%   0.608 GC:3    +
    3    12  0   0.2%   0.061 AU:3    +
    1    13  0   0.2%   0.164 CG:2    --:1    +
   24    30  0   0.2%   0.307 CG:3    +
   23    31  0   0.1%   0.288 AU:3    +
   11    29  1   0.6%   0.296 UA:2    +
   15    32  0   0.1%   0.210 GC:3    +
   16    31  0   0.1%   0.207 AU:3    +
   17    30  0   0.1%   0.221 UG:3    +
   18    27  0   0.1%   0.244 GC:3    +
    7    34  0   0.1%   0.621 GC:3    +
   17    28  0   0.1%   0.120 UA:3    +
    4    27  1   0.6%   0.109 GC:2    +
    7    12  0   0.0%   0.070 GU:3    +
   19    26  0   0.0%   0.325 GU:3    +
    6    32  1   0.5%   0.289 GC:2    +
   19    24  0   0.0%   0.283 GC:3    +
   28    33  0   0.0%   0.178 AU:3    +
    7    33  0   0.0%   0.694 GU:3    +
   30    34  0   0.0%   0.223 GC:3    +
    3    31  0   0.0%   0.041 AU:3    +
    1    30  0   0.0%   0.147 CG:2    --:1    +
   29    33  0   0.0%   0.205 AU:3    +
   12    22  0   0.0%   0.326 UA:3    +
   19    27  0   0.0%   0.340 GC:3    +
   21    26  0   0.0%   0.313 AU:3    +
   25    31  0   0.0%   0.270 AU:3    +
   26    30  0   0.0%   0.326 UG:3    +
    1    15  0   0.0%   0.144 CG:2    --:1    +
   15    24  0   0.0%   0.048 GC:3    +
    3    17  0   0.0%   0.037 AU:3    +
   19    32  0   0.0%   0.348 GC:3    +
   15    20  0   0.0%   0.166 GC:3    +
   18    33  0   0.0%   0.222 GU:3    +
   15    26  0   0.0%   0.083 GU:3    +
    1    18  0   0.0%   0.144 CG:2    --:1    +
    7    20  0   0.0%   0.403 GC:3    +
   22    26  0   0.0%   0.286 AU:3    +
   17    22  0   0.0%   0.136 UA:3    +
    3    26  0   0.0%   0.037 AU:3    +
   17    23  0   0.0%   0.112 UA:3    +
   21    33  0   0.0%   0.288 AU:3    +
   17    29  0   0.0%   0.145 UA:3    +
   22    33  0   0.0%   0.261 AU:3    +
   14    18  0   0.0%   0.377 CG:3    +
    1    19  0   0.0%   0.144 CG:2    --:1    +
   22    31  0   0.0%   0.286 AU:3    +
   12    25  0   0.0%   0.236 UA:3    +
   25    33  0   0.0%   0.235 AU:3    +
   18    26  0   0.0%   0.212 GU:3    +
   18    34  0   0.0%   0.140 GC:3    +
   23    33  0   0.0%   0.245 AU:3    +
   19    33  0   0.0%   0.323 GU:3    +
   15    33  0   0.0%   0.190 GU:3    +
   12    23  0   0.0%   0.301 UA:3    +
   15    31  0   0.0%   0.188 GU:3    +
   12    19  0   0.0%   0.031 UG:3    +
   18    31  0   0.0%   0.197 GU:3    +
   10    30  1   0.5%   0.200 UG:2    +
    4    34  1   0.5%   0.164 GC:2    +
    3    10  1   0.4%   0.066 AU:2    +
    9    31  1   0.4%   0.117 AU:2    +
   11    30  1   0.3%   0.309 UG:2    +
    4    11  1   0.2%   0.062 GU:2    +
   10    29  1   0.2%   0.141 UA:2    +
   11    28  1   0.1%   0.210 UA:2    +
    5    10  1   0.1%   0.048 AU:2    +
    6    14  1   0.1%   0.136 GC:2    +
   13    27  1   0.1%   0.648 GC:2    +
    5    11  1   0.1%   0.058 AU:2    +
    6    11  1   0.0%   0.154 GU:2    +
   13    32  1   0.0%   0.717 GC:2    +
    4    14  1   0.0%   0.025 GC:2    +
    6    34  1   0.0%   0.279 GC:2    +
    3     8  1   0.0%   0.010 AU:2    +
    2    12  1   0.0%   0.034 AU:2    +
    9    33  1   0.0%   0.139 AU:2    +
    8    30  1   0.0%   0.461 UG:2    +
    3    11  1   0.0%   0.052 AU:2    +
   10    28  1   0.0%   0.111 UA:2    +
    6    10  1   0.0%   0.137 GU:2    +
    7    11  1   0.0%   0.079 GU:2    +
    9    26  1   0.0%   0.084 AU:2    +
    6    24  1   0.0%   0.120 GC:2    +
    4    10  1   0.0%   0.025 GU:2    +
    2    31  1   0.0%   0.033 AU:2    +
   10    25  1   0.0%   0.150 UA:2    +
    8    28  1   0.0%   0.456 UA:2    +
   11    23  1   0.0%   0.289 UA:2    +
   10    22  1   0.0%   0.034 UA:2    +
    8    29  1   0.0%   0.456 UA:2    +
    4     8  1   0.0%   0.007 GU:2    +
    2    10  1   0.0%   0.005 AU:2    +
   13    34  1   0.0%   0.629 GC:2    +
    2    33  1   0.0%   0.032 AU:2    +
   11    25  1   0.0%   0.223 UA:2    +
    4    24  1   0.0%   0.022 GC:2    +
    8    19  1   0.0%   0.374 UG:2    +
   10    21  1   0.0%   0.033 UA:2    +
   13    33  1   0.0%   0.710 GU:2    +
    8    22  1   0.0%   0.374 UA:2    +
   11    21  1   0.0%   0.046 UA:2    +
    2    17  1   0.0%   0.030 AU:2    +
    6    20  1   0.0%   0.117 GC:2    +
   10    16  1   0.0%   0.033 UA:2    +
    8    18  1   0.0%   0.374 UG:2    +
    9    17  1   0.0%   0.002 AU:2    +
    4    20  1   0.0%   0.021 GC:2    +
   13    24  1   0.0%   0.589 GC:2    +
   11    15  1   0.0%   0.046 UG:2    +
   11    18  1   0.0%   0.046 UG:2    +
..............((((.....)))).......
