3 sequence; length of alignment 35
alifold output
    3    25  0 100.0%   0.000 CG:3   
    7    21  0 100.0%   0.000 CG:3   
    2    26  0 100.0%   0.000 CG:3   
    5    23  0 100.0%   0.000 CG:3   
    9    19  0 100.0%   0.000 GC:3   
    6    22  0 100.0%   0.001 UA:3   
    4    24  0 100.0%   0.001 AU:3   
   10    18  0 100.0%   0.001 UA:3   
    8    20  0 100.0%   0.001 AU:3   
   11    17  0  99.9%   0.003 GC:3   
    1    27  0  99.7%   0.010 GC:3   
   12    16  0  75.6%   0.634 AU:3   
    1    28  0   0.0%   0.005 GU:3    +
    1    30  0   0.0%   0.005 GC:3    +
   11    16  0   0.0%   0.001 GU:3    +
    1    29  0   0.0%   0.004 GU:3    +
   11    15  0   0.0%   0.000 GU:3    +
((((((((((((...))))))))))))........
