3 sequence; length of alignment 34
alifold output
   18    25  0  54.8%   1.701 GC:3   
   19    24  0  54.6%   1.554 CG:3   
   17    26  0  54.3%   1.505 CG:3   
   11    30  0  49.1%   2.120 CG:3   
   10    31  0  48.8%   1.328 UA:3   
   12    29  0  48.1%   2.155 GC:3   
    9    32  0  46.6%   1.675 GU:2    AU:1   
    4    26  0  32.0%   1.462 CG:3    +
    3    27  0  31.8%   1.487 GC:3    +
   12    19  0  31.5%   1.522 GC:3    +
   11    20  0  31.2%   1.536 CG:3    +
   13    18  1  29.9%   1.261 CG:2    +
    6    23  0  27.1%   1.182 GC:3    +
    7    22  0  26.4%   1.090 AU:3    +
    2    29  0  24.8%   1.538 GC:3    +
    1    30  0  24.5%   1.357 CG:3    +
   15    27  1  17.9%   1.373 GC:2    +
    8    33  0  16.5%   1.032 UG:3    +
    2    11  0   9.6%   0.680 GC:3    +
    3    10  0   9.2%   0.661 GU:3    +
    1    12  0   9.0%   0.712 CG:3    +
   16    28  0   8.8%   1.019 AU:3    +
    9    21  1   8.8%   0.964 GC:2    +
    4     9  1   8.7%   0.640 CG:2    +
   19    26  0   7.2%   2.034 CG:3    +
   18    27  0   7.2%   2.094 GC:3    +
   15    29  1   7.6%   1.789 GC:2    +
    2    28  0   7.0%   0.872 GU:3    +
   20    25  0   6.9%   1.559 GC:3    +
   15    28  0   4.3%   0.994 GU:2    AU:1    +
    6    25  0   3.7%   0.926 GC:3    +
   11    33  0   3.1%   1.726 CG:3    +
   14    30  1   3.5%   1.096 UG:2    +
   11    18  0   2.9%   0.586 CG:3    +
   12    17  0   2.9%   0.596 GC:3    +
   12    32  0   2.8%   1.780 GU:3    +
   20    27  0   2.6%   1.823 GC:3    +
   21    26  0   2.6%   1.447 CG:3    +
   18    29  0   2.5%   2.188 GC:3    +
   17    30  0   2.4%   1.552 CG:3    +
   10    34  0   2.3%   0.895 UA:3    +
    4    24  0   2.2%   0.533 CG:3    +
    3    25  0   2.2%   0.541 GC:3    +
    9    22  0   1.0%   1.027 GU:2    AU:1    +
    1     6  0   1.5%   0.186 CG:3    +
    8    20  0   1.1%   0.180 UG:3    +
    4    12  0   1.1%   0.581 CG:3    +
   15    32  0   0.1%   1.194 GU:2    AU:1    +
   15    22  0   0.0%   0.487 GU:2    AU:1    +
    9    28  0   0.0%   0.810 GU:2    AU:1    +
    8    15  0   0.0%   0.038 UG:2    UA:1    +
   10    15  0   0.0%   0.259 UG:2    UA:1    +
    8    24  0   0.8%   0.268 UG:3    +
    9    19  1   1.2%   0.397 GC:2    +
    3    28  0   0.6%   1.013 GU:3    +
    3    13  1   1.1%   0.373 GC:2    +
    6    21  0   0.6%   0.181 GC:3    +
    5    22  0   0.6%   0.099 AU:3    +
    2    27  0   0.5%   0.369 GC:3    +
   10    20  0   0.5%   0.388 UG:3    +
    4    33  0   0.4%   0.807 CG:3    +
    2    14  1   0.8%   0.351 GU:2    +
   10    16  0   0.3%   0.278 UA:3    +
    9    23  1   0.8%   1.018 GC:2    +
    5    32  0   0.3%   0.089 AU:3    +
    8    18  0   0.2%   0.047 UG:3    +
    6    11  0   0.2%   0.327 GC:3    +
    8    34  0   0.2%   0.440 UA:3    +
   23    30  0   0.1%   1.343 CG:3    +
    4    20  0   0.1%   0.295 CG:3    +
    3    21  0   0.1%   0.301 GC:3    +
    1    33  0   0.1%   0.693 CG:3    +
   24    29  0   0.1%   1.487 GC:3    +
   22    31  0   0.1%   0.814 UA:3    +
   12    21  0   0.1%   1.011 GC:3    +
   17    24  0   0.1%   0.278 CG:3    +
    1    26  0   0.1%   0.337 CG:3    +
   27    33  0   0.1%   1.462 CG:3    +
   18    23  0   0.1%   0.904 GC:3    +
    2    25  0   0.1%   0.302 GC:3    +
   16    32  0   0.1%   0.736 AU:3    +
    1    15  1   0.6%   0.370 CG:2    +
    6    19  0   0.1%   0.097 GC:3    +
    2    23  0   0.1%   0.291 GC:3    +
    5    10  0   0.1%   0.234 AU:3    +
    1    24  0   0.1%   0.324 CG:3    +
   10    18  0   0.1%   0.273 UG:3    +
   29    33  0   0.1%   1.473 CG:3    +
    2    22  0   0.1%   0.285 GU:3    +
   12    25  0   0.1%   0.970 GC:3    +
    2    32  0   0.1%   0.859 GU:3    +
   11    26  0   0.1%   1.108 CG:3    +
    6    29  0   0.0%   0.951 GC:3    +
    7    28  0   0.0%   0.582 AU:3    +
    2     8  0   0.0%   0.009 GU:3    +
   19    33  0   0.0%   1.399 CG:3    +
   20    32  0   0.0%   1.239 GU:3    +
   28    34  0   0.0%   0.681 UA:3    +
    6    27  0   0.0%   0.990 GC:3    +
    5    28  0   0.0%   0.261 AU:3    +
    2    17  0   0.0%   0.275 GC:3    +
   10    24  0   0.0%   0.405 UG:3    +
    4    18  0   0.0%   0.272 CG:3    +
    3    19  0   0.0%   0.277 GC:3    +
   21    33  0   0.0%   0.809 CG:3    +
    7    32  0   0.0%   0.379 AU:3    +
    8    26  0   0.0%   0.482 UG:3    +
   12    27  0   0.0%   1.145 GC:3    +
    6    22  0   0.0%   0.151 GU:3    +
    6    10  0   0.0%   0.290 GU:3    +
    4    30  0   0.0%   1.073 CG:3    +
    3     8  0   0.0%   0.006 GU:3    +
   16    22  0   0.0%   0.455 AU:3    +
    3    29  0   0.0%   1.112 GC:3    +
   19    30  0   0.0%   1.855 CG:3    +
    1    18  0   0.0%   0.312 CG:3    +
    3    23  0   0.0%   0.291 GC:3    +
   17    33  0   0.0%   1.000 CG:3    +
   23    33  0   0.0%   0.867 CG:3    +
   20    29  0   0.0%   1.731 GC:3    +
    3    11  0   0.0%   0.448 GC:3    +
   25    30  0   0.0%   1.654 CG:3    +
    6    17  0   0.0%   0.083 GC:3    +
   24    32  0   0.0%   0.975 GU:3    +
    8    31  0   0.0%   0.109 UA:3    +
   18    32  0   0.0%   1.597 GU:3    +
    3    17  0   0.0%   0.275 GC:3    +
   18    28  0   0.0%   1.586 GU:3    +
   22    34  0   0.0%   0.543 UA:3    +
    3    22  0   0.0%   0.289 GU:3    +
   25    33  0   0.0%   1.186 CG:3    +
   12    28  0   0.0%   0.972 GU:3    +
    2    21  0   0.0%   0.272 GC:3    +
    8    16  0   0.0%   0.005 UA:3    +
   26    32  0   0.0%   1.492 GU:3    +
   28    33  0   0.0%   1.033 UG:3    +
   11    24  0   0.0%   0.850 CG:3    +
    6    32  0   0.0%   0.617 GU:3    +
    8    30  0   0.0%   0.453 UG:3    +
   12    23  0   0.0%   1.140 GC:3    +
    2    19  0   0.0%   0.272 GC:3    +
   10    33  0   0.0%   0.957 UG:3    +
    1    20  0   0.0%   0.311 CG:3    +
   10    26  0   0.0%   0.650 UG:3    +
    2    10  0   0.0%   0.004 GU:3    +
    3    32  0   0.0%   0.769 GU:3    +
   21    30  0   0.0%   1.266 CG:3    +
    8    12  0   0.0%   0.271 UG:3    +
   10    30  0   0.0%   0.622 UG:3    +
    6    28  0   0.0%   0.813 GU:3    +
   22    26  0   0.0%   1.432 UG:3    +
    9    17  1   0.3%   0.269 GC:2    +
   11    15  1   0.3%   0.321 CG:2    +
   13    20  1   0.1%   0.889 CG:2    +
   13    30  1   0.1%   1.142 CG:2    +
   14    33  1   0.1%   0.617 UG:2    +
   13    24  1   0.1%   0.563 CG:2    +
   13    33  1   0.0%   0.882 CG:2    +
    5    14  1   0.0%   0.055 AU:2    +
    6    13  1   0.0%   0.135 GC:2    +
    4    15  1   0.0%   0.302 CG:2    +
   14    31  1   0.0%   0.518 UA:2    +
    9    25  1   0.0%   0.802 GC:2    +
    1     9  1   0.0%   0.066 CG:2    +
   15    25  1   0.0%   0.274 GC:2    +
    9    27  1   0.0%   0.982 GC:2    +
   15    23  1   0.0%   0.451 GC:2    +
   13    26  1   0.0%   0.807 CG:2    +
   14    34  1   0.0%   0.267 UA:2    +
   14    26  1   0.0%   0.425 UG:2    +
    2    13  1   0.0%   0.230 GC:2    +
    9    29  1   0.0%   0.938 GC:2    +
   14    18  1   0.0%   0.530 UG:2    +
   15    21  1   0.0%   0.311 GC:2    +
   14    24  1   0.0%   0.176 UG:2    +
    9    14  1   0.0%   0.258 GU:2    +
    9    13  1   0.0%   0.268 GC:2    +
    7    14  1   0.0%   0.044 AU:2    +
   15    19  1   0.0%   0.473 GC:2    +
    6    14  1   0.0%   0.123 GU:2    +
    3    14  1   0.0%   0.312 GU:2    +
   14    20  1   0.0%   0.503 UG:2    +
........((((....(((....)))..))))..
