3 sequence; length of alignment 34
alifold output
   14    25  0  48.4%   1.405 GC:3   
   15    24  0  48.1%   1.354 UA:3   
   13    26  0  37.5%   1.181 CG:1    UG:2   
   20    26  0  14.6%   1.559 CG:3    +
   19    27  0  14.4%   1.211 UA:3    +
   18    28  0  11.8%   1.162 UA:3    +
    2    20  0   8.9%   0.695 GC:3    +
    3    19  0   8.8%   0.659 AU:3    +
    4    18  0   7.7%   0.619 GU:1    AU:2    +
    6    14  0   7.8%   0.604 CG:3    +
    5    15  0   7.3%   0.577 AU:3    +
   16    30  0   4.4%   0.817 GC:3    +
    6    16  0   3.4%   0.549 CG:3    +
   17    23  0   3.3%   0.487 CG:3    +
   11    28  0   2.6%   0.374 UA:3    +
   10    14  0   2.0%   0.453 CG:3    +
    9    15  0   2.0%   0.438 AU:3    +
   14    32  0   1.9%   1.105 GC:3    +
   16    29  0   1.9%   0.563 GC:3    +
   11    27  0   1.8%   0.240 UA:3    +
   13    23  0   0.7%   0.164 CG:1    UG:2    +
    2    22  0   1.6%   0.461 GC:3    +
    8    31  0   1.5%   0.399 GC:3    +
    3    21  0   1.5%   0.413 AU:3    +
   14    31  0   1.4%   1.030 GC:3    +
   14    29  0   1.4%   0.889 GC:3    +
    8    13  0   0.2%   0.052 GC:1    GU:2    +
   15    28  0   1.2%   0.926 UA:3    +
   10    16  0   1.2%   0.367 CG:3    +
    4    19  0   0.2%   0.465 GU:1    AU:2    +
    4    13  0   0.1%   0.034 GC:1    AU:2    +
    4    11  0   0.1%   0.024 GU:1    AU:2    +
   23    34  0   1.0%   0.444 GC:3    +
   24    33  0   1.0%   0.554 AU:3    +
    8    17  0   1.0%   0.181 GC:3    +
    4    33  0   0.0%   0.244 GU:1    AU:2    +
    4    15  0   0.0%   0.021 GU:1    AU:2    +
    8    22  0   1.0%   0.303 GC:3    +
    2    13  0   0.0%   0.025 GC:1    GU:2    +
    4    21  0   0.0%   0.290 GU:1    AU:2    +
    9    21  0   0.9%   0.305 AU:3    +
   14    22  0   0.9%   0.537 GC:3    +
   17    26  0   0.8%   0.699 CG:3    +
    8    30  0   0.8%   0.287 GC:3    +
   26    31  0   0.8%   1.024 GC:3    +
   26    34  0   0.8%   1.033 GC:3    +
   16    22  0   0.7%   0.447 GC:3    +
   27    33  0   0.7%   0.598 AU:3    +
   16    25  0   0.7%   0.685 GC:3    +
   26    32  0   0.6%   1.042 GC:3    +
    8    32  0   0.6%   0.364 GC:3    +
   14    30  0   0.6%   0.883 GC:3    +
   22    26  0   0.5%   1.008 CG:3    +
   21    27  0   0.5%   0.559 UA:3    +
   23    32  0   0.4%   0.432 GC:3    +
    8    20  0   0.4%   0.358 GC:3    +
   15    26  0   0.4%   1.093 UG:3    +
    8    34  0   0.4%   0.379 GC:3    +
    9    19  0   0.4%   0.395 AU:3    +
    9    33  0   0.4%   0.235 AU:3    +
    2    17  0   0.3%   0.081 GC:3    +
    8    29  0   0.3%   0.207 GC:3    +
   23    30  0   0.3%   0.474 GC:3    +
   15    23  0   0.3%   0.397 UG:3    +
   16    32  0   0.3%   0.638 GC:3    +
   14    20  0   0.2%   0.567 GC:3    +
   16    31  0   0.2%   0.638 GC:3    +
    2    34  0   0.2%   0.380 GC:3    +
    3    33  0   0.2%   0.327 AU:3    +
   16    20  0   0.2%   0.461 GC:3    +
   12    18  0   0.2%   0.265 AU:3    +
    2    10  0   0.2%   0.041 GC:3    +
    5    18  0   0.2%   0.430 AU:3    +
   18    27  0   0.1%   0.352 UA:3    +
   23    31  0   0.1%   0.393 GC:3    +
    5    19  0   0.1%   0.457 AU:3    +
   10    26  0   0.1%   0.176 CG:3    +
   19    26  0   0.1%   0.745 UG:3    +
    3    18  0   0.1%   0.028 AU:3    +
    2     6  0   0.1%   0.021 GC:3    +
   23    29  0   0.1%   0.380 GC:3    +
    9    18  0   0.1%   0.322 AU:3    +
   18    24  0   0.1%   0.616 UA:3    +
    8    15  0   0.1%   0.226 GU:3    +
   19    23  0   0.1%   0.487 UG:3    +
    8    19  0   0.1%   0.325 GU:3    +
    2    19  0   0.1%   0.063 GU:3    +
    8    25  0   0.1%   0.165 GC:3    +
   12    33  0   0.1%   0.077 AU:3    +
   14    34  0   0.1%   0.971 GC:3    +
    6    23  0   0.1%   0.334 CG:3    +
   10    23  0   0.1%   0.185 CG:3    +
   12    19  0   0.0%   0.290 AU:3    +
   26    30  0   0.0%   0.998 GC:3    +
    5    33  0   0.0%   0.236 AU:3    +
    2    25  0   0.0%   0.340 GC:3    +
    2    11  0   0.0%   0.028 GU:3    +
    2    18  0   0.0%   0.051 GU:3    +
    6    26  0   0.0%   0.332 CG:3    +
    3    11  0   0.0%   0.010 AU:3    +
   11    24  0   0.0%   0.022 UA:3    +
   19    24  0   0.0%   0.644 UA:3    +
   18    23  0   0.0%   0.441 UG:3    +
    5    11  0   0.0%   0.018 AU:3    +
    2    32  0   0.0%   0.344 GC:3    +
   15    27  0   0.0%   0.751 UA:3    +
    8    18  0   0.0%   0.290 GU:3    +
   28    33  0   0.0%   0.541 AU:3    +
   14    19  0   0.0%   0.558 GU:3    +
   16    21  0   0.0%   0.299 GU:3    +
   26    33  0   0.0%   0.933 GU:3    +
   14    33  0   0.0%   0.970 GU:3    +
   12    21  0   0.0%   0.131 AU:3    +
   11    26  0   0.0%   0.035 UG:3    +
    2    29  0   0.0%   0.338 GC:3    +
    2    30  0   0.0%   0.339 GC:3    +
    2    31  0   0.0%   0.341 GC:3    +
   19    28  0   0.0%   0.970 UA:3    +
   11    16  0   0.0%   0.188 UG:3    +
    8    33  0   0.0%   0.323 GU:3    +
   21    26  0   0.0%   0.846 UG:3    +
   21    28  0   0.0%   0.544 UA:3    +
    3    15  0   0.0%   0.006 AU:3    +
   11    23  0   0.0%   0.050 UG:3    +
   14    21  0   0.0%   0.412 GU:3    +
   18    26  0   0.0%   0.692 UG:3    +
    2    15  0   0.0%   0.024 GU:3    +
   14    18  0   0.0%   0.524 GU:3    +
   23    33  0   0.0%   0.309 GU:3    +
    5    21  0   0.0%   0.276 AU:3    +
    2    21  0   0.0%   0.267 GU:3    +
    8    21  0   0.0%   0.162 GU:3    +
   16    34  0   0.0%   0.540 GC:3    +
   16    33  0   0.0%   0.547 GU:3    +
    2    33  0   0.0%   0.340 GU:3    +
    7    23  1   0.5%   0.096 UG:2    +
    7    14  1   0.1%   0.226 UG:2    +
    9    13  1   0.1%   0.037 AU:2    +
    7    16  1   0.0%   0.137 UG:2    +
    7    12  1   0.0%   0.012 UA:2    +
    7    26  1   0.0%   0.053 UG:2    +
   13    27  1   0.0%   0.514 UA:2    +
    7    27  1   0.0%   0.048 UA:2    +
   13    28  1   0.0%   0.532 UA:2    +
    2     7  1   0.0%   0.011 GU:2    +
    3     7  1   0.0%   0.004 AU:2    +
    7    28  1   0.0%   0.048 UA:2    +
    5    13  1   0.0%   0.014 AU:2    +
    3    13  1   0.0%   0.006 AU:2    +
   13    24  1   0.0%   0.066 UA:2    +
    7    24  1   0.0%   0.042 UA:2    +
............(((........)))........
