3 sequence; length of alignment 99
alifold output
   30    40  0  96.5%   0.130 CG:2    UG:1   
   28    42  0  95.9%   0.160 GC:2    GU:1   
   31    39  0  96.4%   0.133 CG:3   
   29    41  0  96.3%   0.133 UA:3   
   32    38  0  94.2%   0.198 UA:3   
   15    83  0  82.4%   1.139 GC:3   
   14    84  0  82.4%   0.967 AU:3   
   13    85  0  82.0%   1.230 GC:3   
   16    82  0  79.0%   1.246 GC:3   
   17    81  0  78.6%   1.242 GU:3   
   18    80  0  78.3%   1.189 CG:3   
   48    63  0  69.9%   1.370 CG:2    UA:1   
   49    62  0  69.7%   1.695 GC:3   
   50    61  0  68.7%   1.617 GC:3   
   23    71  0  64.5%   1.324 UA:3   
   22    72  0  64.4%   1.232 GC:3   
   24    70  0  64.3%   1.422 CG:3   
   21    73  0  59.3%   1.286 UA:3   
   27    43  0  58.2%   0.962 CG:3   
   47    64  0  53.7%   1.823 GU:3   
   46    65  0  36.9%   1.930 GU:3   
   33    37  1  37.1%   1.117 UA:2    +
    7    90  0  35.6%   1.577 GC:3   
   45    66  1  36.1%   1.943 GC:2   
    8    89  0  35.5%   1.576 AU:3   
   45    67  0  32.0%   2.681 GU:2    AU:1    +
   44    68  0  32.1%   2.043 AU:3    +
   46    66  0  31.8%   2.772 GC:3    +
   44    67  0  31.0%   1.480 AU:3   
   43    69  0  30.7%   1.915 GC:3    +
    9    88  0  29.9%   1.770 GU:3   
   11    86  0  27.6%   1.228 UA:3   
    9    90  0  26.5%   2.298 GC:3    +
    8    91  0  25.2%   1.872 AU:3    +
   12    87  0  25.1%   2.033 CG:3    +
   10    87  0  25.0%   1.419 UG:3   
   25    45  0  21.0%   1.070 UG:2    UA:1    +
   22    48  0  21.0%   1.014 GC:2    GU:1    +
   24    46  0  21.5%   1.037 CG:3    +
   23    47  0  21.0%   1.003 UG:3    +
   21    49  0  19.2%   1.006 UG:3    +
   20    50  0  18.9%   1.022 CG:3    +
   47    65  0  15.8%   2.398 GU:3    +
   18    53  0  14.8%   0.937 CG:3    +
   17    54  0  14.7%   0.951 GC:3    +
   16    55  0  13.4%   0.922 GC:3    +
    8    84  0   9.1%   0.874 AU:3    +
    7    85  0   9.1%   0.895 GC:3    +
    9    83  0   9.0%   0.942 GC:3    +
    9    93  0   8.5%   2.036 GC:3    +
   10    92  0   8.1%   1.150 UA:3    +
    8    94  0   7.8%   1.773 AU:3    +
   53    59  0   7.0%   1.305 GC:3    +
    7    93  0   6.7%   1.386 GC:3    +
   72    80  0   6.3%   1.426 CG:3    +
   71    81  0   6.3%   1.493 AU:3    +
   70    82  0   6.2%   1.773 GC:3    +
    7    95  0   6.0%   1.545 GU:3    +
   43    68  0   5.5%   1.278 GU:3    +
    5    87  0   5.4%   0.558 CG:3    +
   12    80  0   5.2%   0.782 CG:3    +
   13    79  0   5.0%   0.760 GC:3    +
    4    88  0   4.8%   0.505 AU:3    +
   42    63  0   3.5%   0.483 CG:2    UA:1    +
   62    70  0   4.2%   1.649 CG:3    +
   46    60  0   4.1%   0.917 GC:3    +
   47    59  0   4.1%   0.894 GC:3    +
   19    77  0   4.0%   0.543 UA:3    +
   13    69  0   3.9%   0.596 GC:3    +
   12    70  0   3.9%   0.551 CG:3    +
   14    68  0   3.7%   0.486 AU:3    +
   63    69  1   4.2%   1.508 GC:2    +
   53    60  0   3.7%   1.346 GC:3    +
   45    61  1   4.0%   0.820 GC:2    +
   43    62  0   3.5%   0.756 GC:3    +
   41    64  0   3.5%   0.401 AU:3    +
   39    66  0   3.5%   0.534 GC:3    +
   40    65  0   3.5%   0.412 GU:3    +
   38    67  0   3.4%   0.593 AU:3    +
   49    57  0   3.3%   0.857 GC:3    +
   48    53  0   2.1%   0.860 CG:2    UG:1    +
   11    71  0   3.1%   0.349 UA:3    +
   37    68  0   3.0%   0.923 AU:3    +
   15    67  0   2.9%   0.632 GU:3    +
    9    75  0   2.9%   0.486 GC:3    +
    8    76  0   2.7%   0.416 AU:3    +
   10    74  0   2.6%   0.359 UA:3    +
   87    93  0   2.4%   1.713 GC:3    +
   13    82  0   2.4%   0.702 GC:3    +
   14    81  0   2.4%   0.505 AU:3    +
   50    59  0   2.3%   0.924 GC:3    +
   49    60  0   2.3%   1.040 GC:3    +
   17    78  0   2.2%   0.829 GC:3    +
   16    79  0   2.2%   0.971 GC:3    +
   47    54  0   2.2%   0.876 GC:3    +
   46    55  0   2.1%   0.875 GC:3    +
   22    75  0   2.1%   1.036 GC:3    +
   19    74  0   2.1%   0.406 UA:3    +
   86    94  0   2.1%   0.908 AU:3    +
   15    57  0   2.1%   0.307 GC:3    +
   13    62  0   2.1%   0.306 GC:3    +
   30    70  0   1.0%   0.694 CG:2    UG:1    +
   88    92  0   1.9%   1.063 UA:3    +
   23    74  0   1.9%   1.059 UA:3    +
   22    78  0   1.8%   1.191 GC:3    +
    9    66  0   1.8%   0.302 GC:3    +
   11    87  0   1.8%   1.250 UG:3    +
   64    71  0   1.8%   1.267 UA:3    +
   53    57  0   1.7%   0.822 GC:3    +
   47    61  0   1.7%   0.994 GC:3    +
   46    62  0   1.7%   1.025 GC:3    +
   23    77  0   1.7%   1.106 UA:3    +
    7    96  0   1.6%   1.391 GC:3    +
    6    98  0   1.6%   0.387 CG:3    +
   12    63  1   2.0%   0.275 CG:2    +
    7    97  0   1.5%   1.451 GC:3    +
    7    69  0   1.5%   0.289 GC:3    +
   65    70  0   1.5%   1.828 UG:3    +
   35    70  0   1.4%   0.739 CG:3    +
   16    30  0   0.4%   0.086 GC:2    GU:1    +
   45    64  0   0.4%   0.742 GU:2    AU:1    +
    6    70  0   1.4%   0.201 CG:3    +
   21    77  0   1.3%   0.969 UA:3    +
   34    71  0   1.3%   0.631 UA:3    +
   42    70  0   0.3%   0.825 CG:2    UG:1    +
   63    72  1   1.8%   1.225 GC:2    +
    8    67  0   1.2%   0.187 AU:3    +
   15    78  0   1.2%   0.583 GC:3    +
   48    80  0   0.2%   1.142 CG:2    UG:1    +
   63    68  0   0.1%   1.401 GU:2    AU:1    +
   28    72  0   1.1%   0.545 GC:3    +
   10    63  0   0.1%   0.068 UG:2    UA:1    +
   17    51  0   1.1%   0.186 GC:3    +
   42    87  0   0.0%   1.164 CG:2    UG:1    +
   18    50  0   1.0%   0.182 CG:3    +
   19    63  0   0.0%   0.154 UG:2    UA:1    +
   29    71  0   1.0%   0.610 UA:3    +
   25    44  0   1.0%   0.149 UA:3    +
   45    68  0   0.0%   2.153 GU:2    AU:1    +
   22    30  0   0.0%   0.054 GC:2    GU:1    +
   63    67  0   0.0%   1.551 GU:2    AU:1    +
   22    42  0   0.0%   0.033 GC:2    GU:1    +
   11    63  0   0.0%   0.019 UG:2    UA:1    +
   16    52  0   1.0%   0.179 GC:3    +
   45    65  0   0.0%   0.723 GU:2    AU:1    +
   17    48  0   0.0%   0.042 GC:2    GU:1    +
   63    76  0   0.0%   0.919 GU:2    AU:1    +
   42    80  0   0.0%   0.624 CG:2    UG:1    +
   23    45  0   0.0%   0.017 UG:2    UA:1    +
   63    89  0   0.0%   1.201 GU:2    AU:1    +
   21    63  0   0.0%   0.421 UG:2    UA:1    +
   21    45  0   0.0%   0.009 UG:2    UA:1    +
   63    88  0   0.0%   1.337 GU:2    AU:1    +
   30    46  0   0.0%   0.397 CG:2    UG:1    +
   28    48  0   0.0%   0.407 GC:2    GU:1    +
   17    30  0   0.0%   0.065 GC:2    GU:1    +
   48    70  0   0.0%   1.293 CG:2    UG:1    +
   45    84  0   0.0%   1.689 GU:2    AU:1    +
   45    76  0   0.0%   1.457 GU:2    AU:1    +
   48    98  0   0.0%   0.812 CG:2    UG:1    +
   63    91  0   0.0%   1.139 GU:2    AU:1    +
   25    63  0   0.0%   0.476 UG:2    UA:1    +
   30    39  0   0.0%   0.026 CG:2    UG:1    +
   13    30  0   0.0%   0.020 GC:2    GU:1    +
   63    81  0   0.0%   1.115 GU:2    AU:1    +
    9    42  0   0.0%   0.052 GC:2    GU:1    +
   63    84  0   0.0%   1.145 GU:2    AU:1    +
   49    55  0   1.0%   0.875 GC:3    +
   70    79  0   1.0%   1.378 GC:3    +
    8    95  0   1.0%   1.685 AU:3    +
    7    78  0   1.0%   0.300 GC:3    +
   50    54  0   1.0%   0.881 GC:3    +
    8    68  0   0.9%   0.237 AU:3    +
    5    80  0   0.9%   0.164 CG:3    +
   16    66  0   0.9%   0.659 GC:3    +
   15    61  0   0.9%   0.302 GC:3    +
    4    81  0   0.8%   0.144 AU:3    +
    5    98  0   0.7%   0.365 CG:3    +
   15    60  0   0.7%   0.250 GC:3    +
   16    60  0   0.7%   0.534 GC:3    +
   19    49  0   0.7%   0.115 UG:3    +
   75    87  0   0.7%   1.412 CG:3    +
   74    88  0   0.6%   1.034 AU:3    +
   26    68  0   0.6%   0.302 AU:3    +
   76    86  0   0.6%   0.675 UA:3    +
    7    79  0   0.6%   0.304 GC:3    +
    3     9  0   0.6%   0.098 CG:3    +
    6    80  0   0.6%   0.232 CG:3    +
   17    59  0   0.6%   0.501 GC:3    +
    7    68  0   0.6%   0.159 GU:3    +
    2    10  0   0.5%   0.084 AU:3    +
   93    98  0   0.5%   0.733 CG:3    +
   75    80  0   0.5%   1.024 CG:3    +
   13    90  0   0.5%   1.492 GC:3    +
   73    89  0   0.5%   0.908 AU:3    +
   14    89  0   0.5%   0.907 AU:3    +
   74    81  0   0.5%   0.938 AU:3    +
   22    76  0   0.5%   0.939 GU:3    +
    7    12  0   0.5%   0.090 GC:3    +
   46    61  0   0.5%   0.818 GC:3    +
   47    60  0   0.5%   0.850 GC:3    +
   11    73  0   0.4%   0.195 UA:3    +
   17    29  0   0.4%   0.088 GU:3    +
   18    28  0   0.4%   0.090 CG:3    +
   15    31  0   0.4%   0.086 GC:3    +
   66    70  0   0.4%   1.962 CG:3    +
   50    60  0   0.4%   0.932 GC:3    +
   16    78  0   0.4%   0.668 GC:3    +
   56    64  0   0.4%   0.579 AU:3    +
   21    74  0   0.4%   0.884 UA:3    +
   15    79  0   0.4%   0.669 GC:3    +
   44    65  0   0.4%   0.279 AU:3    +
   50    57  0   0.4%   0.710 GC:3    +
   14    32  0   0.4%   0.069 AU:3    +
   43    66  0   0.4%   0.766 GC:3    +
   64    74  0   0.4%   0.973 UA:3    +
   70    75  0   0.4%   1.226 GC:3    +
   16    59  0   0.4%   0.444 GC:3    +
   17    75  0   0.4%   0.607 GC:3    +
    3    98  0   0.4%   0.149 CG:3    +
   15    75  0   0.4%   0.510 GC:3    +
   65    71  0   0.4%   1.543 UA:3    +
   27    70  0   0.4%   0.873 CG:3    +
    3    87  0   0.3%   0.113 CG:3    +
   15    90  0   0.3%   1.423 GC:3    +
   16    76  0   0.3%   0.646 GU:3    +
   15    66  0   0.3%   0.366 GC:3    +
    9    72  0   0.3%   0.217 GC:3    +
   14    91  0   0.3%   0.871 AU:3    +
   65    73  0   0.3%   1.330 UA:3    +
   14    76  0   0.3%   0.317 AU:3    +
   28    75  0   0.3%   0.425 GC:3    +
    2    88  0   0.3%   0.099 AU:3    +
   16    89  0   0.3%   1.260 GU:3    +
   53    62  0   0.3%   1.357 GC:3    +
   17    88  0   0.3%   1.328 GU:3    +
   18    87  0   0.3%   1.569 CG:3    +
    6    13  0   0.3%   0.053 CG:3    +
   29    74  0   0.3%   0.435 UA:3    +
   28    69  0   0.3%   0.321 GC:3    +
    8    88  0   0.3%   0.651 AU:3    +
   69    80  0   0.3%   1.231 CG:3    +
   10    86  0   0.3%   0.226 UA:3    +
   44    64  0   0.3%   0.228 AU:3    +
    3    80  0   0.3%   0.086 CG:3    +
   19    86  0   0.3%   0.696 UA:3    +
   49    61  0   0.3%   0.944 GC:3    +
   15    88  0   0.3%   1.193 GU:3    +
   52    70  0   0.2%   0.740 CG:3    +
   61    70  0   0.2%   1.255 CG:3    +
    2    81  0   0.2%   0.074 AU:3    +
   53    69  0   0.2%   1.385 GC:3    +
    7    89  0   0.2%   0.507 GU:3    +
    1    98  0   0.2%   0.058 CG:3    +
    9    67  0   0.2%   0.241 GU:3    +
   22    27  0   0.2%   0.057 GC:3    +
    1     7  0   0.2%   0.039 CG:3    +
   71    84  0   0.2%   1.215 AU:3    +
   70    85  0   0.2%   1.581 GC:3    +
    9    94  0   0.2%   1.683 GU:3    +
   20    49  0   0.2%   0.086 CG:3    +
   49    59  0   0.2%   0.771 GC:3    +
   14    67  0   0.2%   0.133 AU:3    +
   10    71  0   0.2%   0.091 UA:3    +
   49    79  0   0.2%   1.229 GC:3    +
   50    78  0   0.2%   1.150 GC:3    +
   13    57  0   0.2%   0.073 GC:3    +
   27    80  0   0.2%   0.822 CG:3    +
   87    96  0   0.2%   1.246 GC:3    +
   46    59  0   0.2%   0.522 GC:3    +
   46    82  0   0.2%   1.702 GC:3    +
   47    81  0   0.2%   1.660 GU:3    +
    9    18  0   0.2%   0.072 GC:3    +
    8    19  0   0.2%   0.032 AU:3    +
   80    85  0   0.2%   1.125 GC:3    +
   44    84  0   0.2%   1.227 AU:3    +
    7    20  0   0.2%   0.073 GC:3    +
   26    81  0   0.2%   0.413 AU:3    +
   10    17  0   0.2%   0.065 UG:3    +
   13    55  0   0.2%   0.059 GC:3    +
   29    77  0   0.2%   0.422 UA:3    +
   43    85  0   0.2%   1.402 GC:3    +
   50    55  0   0.2%   0.859 GC:3    +
   17    65  0   0.2%   0.455 GU:3    +
   28    79  0   0.2%   0.495 GC:3    +
    7    66  0   0.2%   0.089 GC:3    +
    8    65  0   0.1%   0.043 AU:3    +
   15    55  0   0.1%   0.082 GC:3    +
   78    87  0   0.1%   1.383 CG:3    +
    6    87  0   0.1%   0.318 CG:3    +
    9    78  0   0.1%   0.353 GC:3    +
   10    77  0   0.1%   0.194 UA:3    +
   47    57  0   0.1%   0.543 GC:3    +
   28    78  0   0.1%   0.482 GC:3    +
    4    95  0   0.1%   0.236 AU:3    +
   58    64  0   0.1%   0.567 AU:3    +
   16    54  0   0.1%   0.119 GC:3    +
   24    45  1   0.6%   0.106 CG:2    +
   77    88  0   0.1%   0.929 AU:3    +
   32    73  0   0.1%   0.456 UA:3    +
    9    64  0   0.1%   0.090 GU:3    +
   22    85  0   0.1%   1.241 GC:3    +
   66    87  0   0.1%   2.051 CG:3    +
   21    86  0   0.1%   1.128 UA:3    +
   70    78  0   0.1%   1.258 GC:3    +
   67    86  0   0.1%   1.461 UA:3    +
   20    87  0   0.1%   1.341 CG:3    +
   11    16  0   0.1%   0.023 UG:3    +
   13    59  0   0.1%   0.075 GC:3    +
   22    83  0   0.1%   1.226 GC:3    +
    9    96  0   0.1%   1.535 GC:3    +
   32    74  0   0.1%   0.409 UA:3    +
   64    77  0   0.1%   0.926 UA:3    +
    5     9  0   0.1%   0.052 CG:3    +
   26    76  0   0.1%   0.219 AU:3    +
    9    89  0   0.1%   1.273 GU:3    +
   18    22  0   0.1%   0.036 CG:3    +
   17    23  0   0.1%   0.036 GU:3    +
   16    24  0   0.1%   0.028 GC:3    +
    4    10  0   0.1%   0.045 AU:3    +
   13    81  0   0.1%   0.500 GU:3    +
   20    70  0   0.1%   0.550 CG:3    +
   19    71  0   0.1%   0.197 UA:3    +
   47    62  0   0.1%   0.963 GC:3    +
    9    59  0   0.1%   0.070 GC:3    +
   14    95  0   0.1%   0.727 AU:3    +
    5    22  0   0.1%   0.030 CG:3    +
   13    96  0   0.1%   0.810 GC:3    +
   10    58  0   0.1%   0.061 UA:3    +
   15    25  0   0.1%   0.024 GU:3    +
   15    54  0   0.1%   0.053 GC:3    +
   67    74  0   0.1%   1.374 UA:3    +
   32    37  0   0.1%   0.039 UA:3    +
   15    94  0   0.1%   0.880 GU:3    +
   15    62  0   0.1%   0.312 GC:3    +
    4    23  0   0.1%   0.024 AU:3    +
   68    73  0   0.1%   1.264 UA:3    +
   28    35  0   0.1%   0.046 GC:3    +
   36    70  0   0.1%   0.626 CG:3    +
   19    58  0   0.1%   0.072 UA:3    +
    5    15  0   0.1%   0.020 CG:3    +
   16    61  0   0.1%   0.482 GC:3    +
   16    93  0   0.1%   1.212 GC:3    +
    4    94  0   0.1%   0.216 AU:3    +
   13    89  0   0.1%   1.092 GU:3    +
   87    99  0   0.1%   1.166 GC:3    +
   23    46  0   0.1%   0.029 UG:3    +
   88    98  0   0.1%   0.863 UG:3    +
   21    28  0   0.1%   0.042 UG:3    +
   60    70  0   0.1%   1.146 CG:3    +
   17    60  0   0.1%   0.493 GC:3    +
   15    59  0   0.1%   0.157 GC:3    +
   43    65  0   0.1%   0.588 GU:3    +
   25    77  0   0.1%   0.664 UA:3    +
   22    79  0   0.0%   1.126 GC:3    +
   13    66  0   0.0%   0.238 GC:3    +
   13    68  0   0.0%   0.231 GU:3    +
   14    65  0   0.0%   0.046 AU:3    +
   15    93  0   0.0%   1.040 GC:3    +
    2    95  0   0.0%   0.082 AU:3    +
    2    89  0   0.0%   0.074 AU:3    +
   41    88  0   0.0%   0.742 AU:3    +
   40    89  0   0.0%   0.605 GU:3    +
   39    90  0   0.0%   0.933 GC:3    +
   14    94  0   0.0%   0.708 AU:3    +
   14    88  0   0.0%   0.980 AU:3    +
   13    60  0   0.0%   0.069 GC:3    +
   80    97  0   0.0%   0.771 GC:3    +
   38    91  0   0.0%   0.562 AU:3    +
   11    70  0   0.0%   0.081 UG:3    +
   77    84  0   0.0%   0.698 AU:3    +
   13    61  0   0.0%   0.073 GC:3    +
   71    91  0   0.0%   1.192 AU:3    +
   79    98  0   0.0%   0.517 CG:3    +
    7    91  0   0.0%   0.856 GU:3    +
   25    73  0   0.0%   0.734 UA:3    +
   71    76  0   0.0%   0.790 AU:3    +
    7    62  0   0.0%   0.065 GC:3    +
   13    95  0   0.0%   0.956 GU:3    +
   79    87  0   0.0%   1.408 CG:3    +
   53    75  0   0.0%   1.040 GC:3    +
   11    92  0   0.0%   0.785 UA:3    +
   15    64  0   0.0%   0.238 GU:3    +
   19    50  0   0.0%   0.103 UG:3    +
   90    98  0   0.0%   0.941 CG:3    +
   80    99  0   0.0%   0.709 GC:3    +
    5    70  0   0.0%   0.027 CG:3    +
   17    90  0   0.0%   1.509 GC:3    +
   26    67  0   0.0%   0.196 AU:3    +
   57    70  0   0.0%   1.000 CG:3    +
    3     7  0   0.0%   0.021 CG:3    +
    4    91  0   0.0%   0.209 AU:3    +
   10    73  0   0.0%   0.075 UA:3    +
   53    64  0   0.0%   1.276 GU:3    +
   81    98  0   0.0%   0.713 UG:3    +
   53    61  0   0.0%   1.302 GC:3    +
    2    91  0   0.0%   0.074 AU:3    +
   87    97  0   0.0%   1.222 GC:3    +
    9    99  0   0.0%   1.465 GC:3    +
   10    98  0   0.0%   0.885 UG:3    +
   86    95  0   0.0%   0.761 AU:3    +
    7    61  0   0.0%   0.060 GC:3    +
   13    27  0   0.0%   0.024 GC:3    +
   59    70  0   0.0%   1.165 CG:3    +
    2    94  0   0.0%   0.076 AU:3    +
   22    31  0   0.0%   0.060 GC:3    +
   55    70  0   0.0%   1.084 CG:3    +
   22    57  0   0.0%   0.460 GC:3    +
    3    22  0   0.0%   0.041 CG:3    +
   80    93  0   0.0%   1.098 GC:3    +
    6    15  0   0.0%   0.028 CG:3    +
   12    28  0   0.0%   0.031 CG:3    +
   21    58  0   0.0%   0.342 UA:3    +
   58    65  0   0.0%   0.859 AU:3    +
    7    94  0   0.0%   1.037 GU:3    +
    1     9  0   0.0%   0.019 CG:3    +
   87    94  0   0.0%   1.446 GU:3    +
   19    56  0   0.0%   0.058 UA:3    +
   81    92  0   0.0%   0.772 UA:3    +
   91    98  0   0.0%   0.550 UG:3    +
   13    78  0   0.0%   0.338 GC:3    +
   19    26  0   0.0%   0.016 UA:3    +
   72    87  0   0.0%   1.598 CG:3    +
   32    71  0   0.0%   0.548 UA:3    +
   23    56  0   0.0%   0.356 UA:3    +
    2    23  0   0.0%   0.034 AU:3    +
   16    91  0   0.0%   1.183 GU:3    +
    4    21  0   0.0%   0.011 AU:3    +
   12    98  0   0.0%   0.876 CG:3    +
   25    46  0   0.0%   0.723 UG:3    +
    9    31  0   0.0%   0.055 GC:3    +
   20    80  0   0.0%   0.787 CG:3    +
   19    73  0   0.0%   0.097 UA:3    +
   53    72  0   0.0%   1.142 GC:3    +
   70    76  0   0.0%   1.090 GU:3    +
    8    32  0   0.0%   0.016 AU:3    +
   56    65  0   0.0%   0.864 AU:3    +
   67    71  0   0.0%   1.647 UA:3    +
   71    88  0   0.0%   1.384 AU:3    +
   70    90  0   0.0%   1.936 GC:3    +
   13    97  0   0.0%   0.797 GC:3    +
    7    75  0   0.0%   0.168 GC:3    +
   49    54  0   0.0%   0.749 GC:3    +
   13    93  0   0.0%   1.113 GC:3    +
   24    47  0   0.0%   0.704 CG:3    +
   28    36  0   0.0%   0.041 GC:3    +
   49    66  0   0.0%   1.912 GC:3    +
    4    89  0   0.0%   0.205 AU:3    +
    9    61  0   0.0%   0.067 GC:3    +
    9    57  0   0.0%   0.056 GC:3    +
   46    67  0   0.0%   2.424 GU:3    +
   50    65  0   0.0%   1.644 GU:3    +
   71    89  0   0.0%   1.249 AU:3    +
   25    71  0   0.0%   0.797 UA:3    +
   10    56  0   0.0%   0.048 UA:3    +
   53    79  0   0.0%   1.108 GC:3    +
   19    53  0   0.0%   0.337 UG:3    +
   85    98  0   0.0%   0.577 CG:3    +
    9    60  0   0.0%   0.064 GC:3    +
    9    62  0   0.0%   0.068 GC:3    +
   16    65  0   0.0%   0.444 GU:3    +
   82    98  0   0.0%   0.612 CG:3    +
   47    66  0   0.0%   2.300 GC:3    +
   68    86  0   0.0%   1.286 UA:3    +
   58    67  0   0.0%   1.060 AU:3    +
   80    90  0   0.0%   1.471 GC:3    +
   17    52  0   0.0%   0.140 GC:3    +
    5    16  0   0.0%   0.015 CG:3    +
   25    74  0   0.0%   0.667 UA:3    +
   15    76  0   0.0%   0.486 GU:3    +
    7    60  0   0.0%   0.056 GC:3    +
   31    70  0   0.0%   0.613 CG:3    +
   68    77  0   0.0%   1.166 UA:3    +
   54    70  0   0.0%   1.081 CG:3    +
   21    26  0   0.0%   0.007 UA:3    +
   13    54  0   0.0%   0.029 GC:3    +
   86    91  0   0.0%   0.824 AU:3    +
   53    66  0   0.0%   1.792 GC:3    +
   83    98  0   0.0%   0.548 CG:3    +
   64    73  0   0.0%   0.969 UA:3    +
   82    87  0   0.0%   1.503 CG:3    +
   20    28  0   0.0%   0.040 CG:3    +
   70    89  0   0.0%   1.602 GU:3    +
   74    91  0   0.0%   0.773 AU:3    +
   16    75  0   0.0%   0.596 GC:3    +
    7    82  0   0.0%   0.244 GC:3    +
   70    83  0   0.0%   1.539 GC:3    +
   15    24  0   0.0%   0.010 GC:3    +
    4    64  0   0.0%   0.015 AU:3    +
   17    64  0   0.0%   0.424 GU:3    +
   14    25  0   0.0%   0.003 AU:3    +
   24    40  0   0.0%   0.010 CG:3    +
   23    41  0   0.0%   0.016 UA:3    +
   67    87  0   0.0%   2.043 UG:3    +
   83    87  0   0.0%   1.440 CG:3    +
   23    73  0   0.0%   0.973 UA:3    +
   67    73  0   0.0%   1.416 UA:3    +
   69    87  0   0.0%   1.731 CG:3    +
   25    39  0   0.0%   0.009 UG:3    +
   65    74  0   0.0%   1.258 UA:3    +
   17    79  0   0.0%   0.816 GC:3    +
   94    98  0   0.0%   0.500 UG:3    +
    8    81  0   0.0%   0.274 AU:3    +
   16    23  0   0.0%   0.018 GU:3    +
   68    74  0   0.0%   1.207 UA:3    +
   87    95  0   0.0%   1.374 GU:3    +
    9    95  0   0.0%   1.678 GU:3    +
   25    70  0   0.0%   0.867 UG:3    +
    9    97  0   0.0%   1.523 GC:3    +
    7    99  0   0.0%   1.326 GC:3    +
    9    91  0   0.0%   1.584 GU:3    +
   46    69  0   0.0%   1.964 GC:3    +
   21    44  0   0.0%   0.009 UA:3    +
   50    62  0   0.0%   1.368 GC:3    +
   17    55  0   0.0%   0.663 GC:3    +
    8    64  0   0.0%   0.016 AU:3    +
   62    87  0   0.0%   1.692 CG:3    +
   15    52  0   0.0%   0.039 GC:3    +
   23    44  0   0.0%   0.017 UA:3    +
   32    39  0   0.0%   0.123 UG:3    +
   51    70  0   0.0%   0.684 CG:3    +
   67    77  0   0.0%   1.327 UA:3    +
   24    43  0   0.0%   0.010 CG:3    +
   35    40  0   0.0%   0.043 CG:3    +
   16    90  0   0.0%   1.570 GC:3    +
   17    57  0   0.0%   0.469 GC:3    +
   71    95  0   0.0%   1.042 AU:3    +
   70    96  0   0.0%   1.238 GC:3    +
   89    98  0   0.0%   0.630 UG:3    +
   16    51  0   0.0%   0.041 GC:3    +
   15    91  0   0.0%   1.014 GU:3    +
   50    72  0   0.0%   1.167 GC:3    +
   15    85  0   0.0%   0.985 GC:3    +
   17    76  0   0.0%   0.579 GU:3    +
   17    89  0   0.0%   1.176 GU:3    +
   62    80  0   0.0%   1.170 CG:3    +
   31    40  0   0.0%   0.100 CG:3    +
    1    87  0   0.0%   0.017 CG:3    +
   24    28  0   0.0%   0.039 CG:3    +
   34    41  0   0.0%   0.039 UA:3    +
   11    58  0   0.0%   0.015 UA:3    +
   20    47  0   0.0%   0.015 CG:3    +
    7    65  0   0.0%   0.061 GU:3    +
   57    80  0   0.0%   0.805 CG:3    +
   53    78  0   0.0%   1.103 GC:3    +
   28    76  0   0.0%   0.333 GU:3    +
   21    46  0   0.0%   0.010 UG:3    +
   59    80  0   0.0%   0.968 CG:3    +
   46    51  0   0.0%   0.388 GC:3    +
   43    57  0   0.0%   0.414 GC:3    +
    7    72  0   0.0%   0.164 GC:3    +
   70    93  0   0.0%   1.559 GC:3    +
   65    86  0   0.0%   1.332 UA:3    +
   56    67  0   0.0%   1.064 AU:3    +
   56    81  0   0.0%   0.391 AU:3    +
    9    85  0   0.0%   0.726 GC:3    +
   14    64  0   0.0%   0.035 AU:3    +
   29    73  0   0.0%   0.450 UA:3    +
    3    70  0   0.0%   0.038 CG:3    +
    2    11  0   0.0%   0.029 AU:3    +
   80    96  0   0.0%   0.773 GC:3    +
   58    81  0   0.0%   0.385 AU:3    +
    2    84  0   0.0%   0.047 AU:3    +
   19    46  0   0.0%   0.014 UG:3    +
   46    68  0   0.0%   2.257 GU:3    +
   13    65  0   0.0%   0.155 GU:3    +
   18    47  0   0.0%   0.042 CG:3    +
   46    64  0   0.0%   0.826 GU:3    +
   64    70  0   0.0%   1.346 UG:3    +
    3    15  0   0.0%   0.035 CG:3    +
   87    91  0   0.0%   1.429 GU:3    +
   13    64  0   0.0%   0.154 GU:3    +
   64    87  0   0.0%   1.621 UG:3    +
   56    68  0   0.0%   0.897 AU:3    +
   56    76  0   0.0%   0.202 AU:3    +
    2    25  0   0.0%   0.031 AU:3    +
    3    16  0   0.0%   0.035 CG:3    +
   54    98  0   0.0%   0.572 CG:3    +
   53    99  0   0.0%   0.794 GC:3    +
   64    92  0   0.0%   0.845 UA:3    +
   58    68  0   0.0%   0.891 AU:3    +
   15    96  0   0.0%   0.725 GC:3    +
   17    82  0   0.0%   0.993 GC:3    +
   16    83  0   0.0%   1.162 GC:3    +
   24    80  0   0.0%   1.094 CG:3    +
    9    82  0   0.0%   0.291 GC:3    +
    7    88  0   0.0%   0.624 GU:3    +
    4    11  0   0.0%   0.007 AU:3    +
   15    84  0   0.0%   0.981 GU:3    +
   46    52  0   0.0%   0.387 GC:3    +
    7    83  0   0.0%   0.243 GC:3    +
   11    56  0   0.0%   0.010 UA:3    +
   40    82  0   0.0%   0.431 GC:3    +
   47    51  0   0.0%   0.381 GC:3    +
   39    83  0   0.0%   0.538 GC:3    +
   38    68  0   0.0%   0.513 AU:3    +
   41    81  0   0.0%   0.503 AU:3    +
   69    98  0   0.0%   0.879 CG:3    +
   40    66  0   0.0%   0.419 GC:3    +
   70    97  0   0.0%   1.226 GC:3    +
    7    35  0   0.0%   0.053 GC:3    +
   46    54  0   0.0%   0.636 GC:3    +
   13    72  0   0.0%   0.298 GC:3    +
   39    67  0   0.0%   0.457 GU:3    +
    8    34  0   0.0%   0.013 AU:3    +
   10    80  0   0.0%   0.266 UG:3    +
    7    76  0   0.0%   0.166 GU:3    +
   38    84  0   0.0%   0.555 AU:3    +
   15    65  0   0.0%   0.237 GU:3    +
   58    76  0   0.0%   0.196 AU:3    +
   22    69  0   0.0%   0.553 GC:3    +
   34    38  0   0.0%   0.060 UA:3    +
   15    97  0   0.0%   0.713 GC:3    +
   47    68  0   0.0%   2.145 GU:3    +
   11    80  0   0.0%   0.235 UG:3    +
   80    84  0   0.0%   1.086 GU:3    +
   12    16  0   0.0%   0.034 CG:3    +
   34    70  0   0.0%   0.551 UG:3    +
   52    80  0   0.0%   0.537 CG:3    +
   20    46  0   0.0%   0.014 CG:3    +
   80    89  0   0.0%   1.164 GU:3    +
   22    82  0   0.0%   1.106 GC:3    +
   78    98  0   0.0%   0.479 CG:3    +
   22    62  0   0.0%   0.451 GC:3    +
   28    34  0   0.0%   0.033 GU:3    +
   49    69  0   0.0%   1.462 GC:3    +
    1    80  0   0.0%   0.016 CG:3    +
   49    72  0   0.0%   1.243 GC:3    +
   43    79  0   0.0%   1.285 GC:3    +
    6    22  0   0.0%   0.027 CG:3    +
   13    83  0   0.0%   0.742 GC:3    +
   21    47  0   0.0%   0.010 UG:3    +
   84    98  0   0.0%   0.557 UG:3    +
   68    87  0   0.0%   1.873 UG:3    +
   21    80  0   0.0%   1.154 UG:3    +
   34    73  0   0.0%   0.416 UA:3    +
   28    68  0   0.0%   0.311 GU:3    +
   61    80  0   0.0%   1.028 CG:3    +
   50    66  0   0.0%   1.834 GC:3    +
   16    57  0   0.0%   0.458 GC:3    +
   25    43  0   0.0%   0.009 UG:3    +
   43    64  0   0.0%   0.565 GU:3    +
    7    59  0   0.0%   0.053 GC:3    +
   65    87  0   0.0%   1.919 UG:3    +
    4    84  0   0.0%   0.053 AU:3    +
   13    84  0   0.0%   0.743 GU:3    +
   50    64  0   0.0%   1.313 GU:3    +
   22    59  0   0.0%   0.429 GC:3    +
   18    49  0   0.0%   0.041 CG:3    +
   41    65  0   0.0%   0.297 AU:3    +
   13    91  0   0.0%   1.074 GU:3    +
   16    96  0   0.0%   0.886 GC:3    +
   22    51  0   0.0%   0.408 GC:3    +
   77    91  0   0.0%   0.682 AU:3    +
   76    92  0   0.0%   0.415 UA:3    +
   26    32  0   0.0%   0.027 AU:3    +
   65    77  0   0.0%   1.219 UA:3    +
   15    20  0   0.0%   0.018 GC:3    +
   13    35  0   0.0%   0.027 GC:3    +
   15    69  0   0.0%   0.535 GC:3    +
   23    50  0   0.0%   0.713 UG:3    +
   19    28  0   0.0%   0.039 UG:3    +
   50    68  0   0.0%   1.678 GU:3    +
   13    24  0   0.0%   0.018 GC:3    +
   14    23  0   0.0%   0.007 AU:3    +
    9    65  0   0.0%   0.082 GU:3    +
    2    64  0   0.0%   0.031 AU:3    +
   59    87  0   0.0%   1.489 CG:3    +
   23    58  0   0.0%   0.362 UA:3    +
   49    67  0   0.0%   1.922 GU:3    +
   16    62  0   0.0%   0.515 GC:3    +
   43    72  0   0.0%   1.334 GC:3    +
   50    75  0   0.0%   1.059 GC:3    +
   17    61  0   0.0%   0.460 GC:3    +
   46    79  0   0.0%   1.695 GC:3    +
    4    65  0   0.0%   0.014 AU:3    +
   15    82  0   0.0%   0.533 GC:3    +
   14    21  0   0.0%   0.002 AU:3    +
   62    98  0   0.0%   0.850 CG:3    +
   27    87  0   0.0%   1.341 CG:3    +
   32    44  0   0.0%   0.134 UA:3    +
   77    89  0   0.0%   0.770 AU:3    +
   22    36  0   0.0%   0.031 GC:3    +
   47    78  0   0.0%   1.581 GC:3    +
   29    47  0   0.0%   0.391 UG:3    +
   11    98  0   0.0%   0.713 UG:3    +
   11    17  0   0.0%   0.019 UG:3    +
   37    67  0   0.0%   0.560 AU:3    +
   27    49  0   0.0%   0.695 CG:3    +
   58    88  0   0.0%   0.606 AU:3    +
    5    13  0   0.0%   0.007 CG:3    +
   16    31  0   0.0%   0.065 GC:3    +
    7    64  0   0.0%   0.061 GU:3    +
   13    88  0   0.0%   1.227 GU:3    +
   17    24  0   0.0%   0.024 GC:3    +
   61    87  0   0.0%   1.549 CG:3    +
   49    76  0   0.0%   1.060 GU:3    +
   21    50  0   0.0%   0.691 UG:3    +
    1    13  0   0.0%   0.015 CG:3    +
   26    88  0   0.0%   0.632 AU:3    +
   73    81  0   0.0%   0.916 AU:3    +
   81    86  0   0.0%   0.996 UA:3    +
   20    53  0   0.0%   0.626 CG:3    +
   71    94  0   0.0%   1.033 AU:3    +
   24    49  0   0.0%   0.737 CG:3    +
   40    72  0   0.0%   0.506 GC:3    +
   43    59  0   0.0%   0.385 GC:3    +
   14    34  0   0.0%   0.024 AU:3    +
   53    65  0   0.0%   1.599 GU:3    +
   15    32  0   0.0%   0.061 GU:3    +
    7    11  0   0.0%   0.017 GU:3    +
    9    35  0   0.0%   0.053 GC:3    +
   72    98  0   0.0%   0.744 CG:3    +
   24    87  0   0.0%   1.635 CG:3    +
   23    28  0   0.0%   0.044 UG:3    +
   77    81  0   0.0%   0.844 AU:3    +
   16    84  0   0.0%   1.163 GU:3    +
   22    29  0   0.0%   0.051 GU:3    +
   25    86  0   0.0%   0.789 UA:3    +
   46    57  0   0.0%   0.523 GC:3    +
   17    83  0   0.0%   1.094 GC:3    +
   53    67  0   0.0%   1.802 GU:3    +
   28    32  0   0.0%   0.056 GU:3    +
    3    17  0   0.0%   0.035 CG:3    +
    9    36  0   0.0%   0.052 GC:3    +
    3    13  0   0.0%   0.034 CG:3    +
   46    83  0   0.0%   1.799 GC:3    +
   47    82  0   0.0%   1.579 GC:3    +
   19    44  0   0.0%   0.013 UA:3    +
   23    70  0   0.0%   0.546 UG:3    +
   20    43  0   0.0%   0.012 CG:3    +
   22    54  0   0.0%   0.656 GC:3    +
   75    98  0   0.0%   0.493 CG:3    +
   49    75  0   0.0%   1.136 GC:3    +
   20    39  0   0.0%   0.012 CG:3    +
   21    37  0   0.0%   0.007 UA:3    +
   23    53  0   0.0%   0.632 UG:3    +
   73    91  0   0.0%   0.793 AU:3    +
   10    15  0   0.0%   0.041 UG:3    +
   53    76  0   0.0%   0.958 GU:3    +
   15    72  0   0.0%   0.365 GC:3    +
   21    38  0   0.0%   0.007 UA:3    +
   16    25  0   0.0%   0.022 GU:3    +
   76    80  0   0.0%   0.855 UG:3    +
   66    80  0   0.0%   1.507 CG:3    +
   43    61  0   0.0%   0.370 GC:3    +
   16    21  0   0.0%   0.011 GU:3    +
   11    15  0   0.0%   0.008 UG:3    +
   22    68  0   0.0%   0.562 GU:3    +
   21    70  0   0.0%   0.525 UG:3    +
   74    94  0   0.0%   0.616 AU:3    +
   21    56  0   0.0%   0.330 UA:3    +
   43    67  0   0.0%   0.762 GU:3    +
   25    38  0   0.0%   0.007 UA:3    +
   81    87  0   0.0%   1.600 UG:3    +
   84    92  0   0.0%   0.616 UA:3    +
   49    65  0   0.0%   1.717 GU:3    +
    6    16  0   0.0%   0.021 CG:3    +
   73    95  0   0.0%   0.645 AU:3    +
   22    35  0   0.0%   0.031 GC:3    +
    5    17  0   0.0%   0.012 CG:3    +
    1    15  0   0.0%   0.015 CG:3    +
   47    55  0   0.0%   0.786 GC:3    +
   24    39  0   0.0%   0.008 CG:3    +
    7    36  0   0.0%   0.053 GC:3    +
   53    68  0   0.0%   1.635 GU:3    +
    9    69  0   0.0%   0.222 GC:3    +
   47    67  0   0.0%   2.312 GU:3    +
   70    95  0   0.0%   1.394 GU:3    +
   50    82  0   0.0%   1.113 GC:3    +
   49    83  0   0.0%   1.298 GC:3    +
   17    95  0   0.0%   0.973 GU:3    +
   74    89  0   0.0%   0.859 AU:3    +
   46    78  0   0.0%   1.693 GC:3    +
   27    98  0   0.0%   0.503 CG:3    +
   57    87  0   0.0%   1.326 CG:3    +
   22    93  0   0.0%   1.243 GC:3    +
   80    88  0   0.0%   1.314 GU:3    +
   20    40  0   0.0%   0.012 CG:3    +
   22    55  0   0.0%   0.649 GC:3    +
    1    70  0   0.0%   0.015 CG:3    +
   46    75  0   0.0%   1.637 GC:3    +
   10    14  0   0.0%   0.034 UA:3    +
   49    97  0   0.0%   0.969 GC:3    +
   64    86  0   0.0%   1.033 UA:3    +
   21    39  0   0.0%   0.008 UG:3    +
   50    96  0   0.0%   0.903 GC:3    +
   26    34  0   0.0%   0.004 AU:3    +
   15    95  0   0.0%   0.882 GU:3    +
   23    92  0   0.0%   0.983 UA:3    +
   47    99  0   0.0%   1.294 GC:3    +
   54    80  0   0.0%   0.890 CG:3    +
   19    41  0   0.0%   0.013 UA:3    +
   60    80  0   0.0%   0.943 CG:3    +
   56    88  0   0.0%   0.612 AU:3    +
   43    60  0   0.0%   0.398 GC:3    +
   22    84  0   0.0%   1.215 GU:3    +
   47    69  0   0.0%   1.852 GC:3    +
   19    40  0   0.0%   0.013 UG:3    +
   21    43  0   0.0%   0.008 UG:3    +
   13    20  0   0.0%   0.029 GC:3    +
   39    75  0   0.0%   0.399 GC:3    +
   44    76  0   0.0%   0.985 AU:3    +
   73    88  0   0.0%   0.965 AU:3    +
    9    79  0   0.0%   0.321 GC:3    +
   17    31  0   0.0%   0.066 GC:3    +
   73    84  0   0.0%   0.786 AU:3    +
   53    81  0   0.0%   1.149 GU:3    +
   35    87  0   0.0%   1.045 CG:3    +
   50    69  0   0.0%   1.385 GC:3    +
   38    76  0   0.0%   0.344 AU:3    +
   47    52  0   0.0%   0.380 GC:3    +
    1    22  0   0.0%   0.015 CG:3    +
    2    21  0   0.0%   0.029 AU:3    +
   12    17  0   0.0%   0.036 CG:3    +
   40    69  0   0.0%   0.362 GC:3    +
   14    19  0   0.0%   0.011 AU:3    +
   16    32  0   0.0%   0.063 GU:3    +
   15    68  0   0.0%   0.544 GU:3    +
    9    54  0   0.0%   0.052 GC:3    +
   10    53  0   0.0%   0.044 UG:3    +
   17    93  0   0.0%   1.136 GC:3    +
   41    68  0   0.0%   0.493 AU:3    +
   13    99  0   0.0%   0.732 GC:3    +
    4    68  0   0.0%   0.014 AU:3    +
   13    34  0   0.0%   0.027 GU:3    +
   67    92  0   0.0%   1.258 UA:3    +
   22    60  0   0.0%   0.443 GC:3    +
   13    36  0   0.0%   0.027 GC:3    +
    3    28  0   0.0%   0.037 CG:3    +
   16    94  0   0.0%   1.037 GU:3    +
   26    65  0   0.0%   0.030 AU:3    +
   32    70  0   0.0%   0.633 UG:3    +
   16    27  0   0.0%   0.018 GC:3    +
   19    47  0   0.0%   0.014 UG:3    +
   18    98  0   0.0%   0.721 CG:3    +
   47    72  0   0.0%   1.632 GC:3    +
   19    70  0   0.0%   0.251 UG:3    +
   17    99  0   0.0%   0.740 GC:3    +
   60    87  0   0.0%   1.464 CG:3    +
    2    29  0   0.0%   0.031 AU:3    +
   26    64  0   0.0%   0.018 AU:3    +
   22    61  0   0.0%   0.414 GC:3    +
   68    92  0   0.0%   1.088 UA:3    +
   13    75  0   0.0%   0.382 GC:3    +
   39    72  0   0.0%   0.505 GC:3    +
    9    84  0   0.0%   0.726 GU:3    +
    4    67  0   0.0%   0.014 AU:3    +
    4    76  0   0.0%   0.014 AU:3    +
   17    62  0   0.0%   0.497 GC:3    +
   73    94  0   0.0%   0.637 AU:3    +
   57    98  0   0.0%   0.485 CG:3    +
   28    97  0   0.0%   0.248 GC:3    +
   80    95  0   0.0%   0.930 GU:3    +
    6    39  0   0.0%   0.020 CG:3    +
    7    81  0   0.0%   0.294 GU:3    +
   25    80  0   0.0%   0.830 UG:3    +
    5    40  0   0.0%   0.018 CG:3    +
   28    93  0   0.0%   0.581 GC:3    +
   55    80  0   0.0%   0.891 CG:3    +
   49    78  0   0.0%   1.192 GC:3    +
   15    89  0   0.0%   1.041 GU:3    +
   19    80  0   0.0%   0.711 UG:3    +
   47    75  0   0.0%   1.525 GC:3    +
   29    92  0   0.0%   0.341 UA:3    +
   27    39  0   0.0%   0.017 CG:3    +
   23    40  0   0.0%   0.014 UG:3    +
    9    76  0   0.0%   0.379 GU:3    +
   39    69  0   0.0%   0.361 GC:3    +
   17    91  0   0.0%   1.114 GU:3    +
    2    67  0   0.0%   0.031 AU:3    +
   70    91  0   0.0%   1.539 GU:3    +
   40    68  0   0.0%   0.492 GU:3    +
   11    74  0   0.0%   0.241 UA:3    +
   22    32  0   0.0%   0.054 GU:3    +
   41    67  0   0.0%   0.457 AU:3    +
   28    66  0   0.0%   0.227 GC:3    +
   76    87  0   0.0%   1.235 UG:3    +
   29    70  0   0.0%   0.562 UG:3    +
   25    47  0   0.0%   0.714 UG:3    +
   10    26  0   0.0%   0.044 UA:3    +
   40    90  0   0.0%   0.930 GC:3    +
   17    27  0   0.0%   0.019 GC:3    +
    2    65  0   0.0%   0.031 AU:3    +
   22    97  0   0.0%   0.910 GC:3    +
    9    27  0   0.0%   0.050 GC:3    +
   46    72  0   0.0%   1.744 GC:3    +
   46    76  0   0.0%   1.561 GU:3    +
    2    76  0   0.0%   0.031 AU:3    +
   49    64  0   0.0%   1.390 GU:3    +
   80    91  0   0.0%   1.077 GU:3    +
   39    62  0   0.0%   0.126 GC:3    +
   40    61  0   0.0%   0.089 GC:3    +
    7    67  0   0.0%   0.070 GU:3    +
   16    97  0   0.0%   0.875 GC:3    +
   39    91  0   0.0%   0.538 GU:3    +
   11    37  0   0.0%   0.008 UA:3    +
   17    96  0   0.0%   0.815 GC:3    +
   10    16  0   0.0%   0.035 UG:3    +
   29    38  0   0.0%   0.024 UA:3    +
    7    55  0   0.0%   0.053 GC:3    +
   70    81  0   0.0%   1.329 GU:3    +
   21    71  0   0.0%   0.454 UA:3    +
   74    84  0   0.0%   0.757 AU:3    +
   17    72  0   0.0%   0.439 GC:3    +
   35    39  0   0.0%   0.042 CG:3    +
    2    19  0   0.0%   0.028 AU:3    +
   32    77  0   0.0%   0.379 UA:3    +
   58    94  0   0.0%   0.254 AU:3    +
   27    40  0   0.0%   0.017 CG:3    +
   29    37  0   0.0%   0.024 UA:3    +
   43    75  0   0.0%   1.227 GC:3    +
   27    46  0   0.0%   0.669 CG:3    +
   59    98  0   0.0%   0.648 CG:3    +
   58    95  0   0.0%   0.261 AU:3    +
   50    79  0   0.0%   1.140 GC:3    +
   41    89  0   0.0%   0.602 AU:3    +
   14    29  0   0.0%   0.001 AU:3    +
   22    66  0   0.0%   0.510 GC:3    +
    2    68  0   0.0%   0.031 AU:3    +
   25    37  0   0.0%   0.006 UA:3    +
   34    74  0   0.0%   0.359 UA:3    +
   16    20  0   0.0%   0.020 GC:3    +
   24    98  0   0.0%   0.797 CG:3    +
   22    99  0   0.0%   0.847 GC:3    +
   17    66  0   0.0%   0.567 GC:3    +
    9    68  0   0.0%   0.232 GU:3    +
    7    84  0   0.0%   0.243 GU:3    +
   24    53  0   0.0%   0.657 CG:3    +
   40    60  0   0.0%   0.118 GC:3    +
   39    61  0   0.0%   0.089 GC:3    +
   12    53  0   0.0%   0.027 CG:3    +
   16    85  0   0.0%   1.165 GC:3    +
   64    98  0   0.0%   0.779 UG:3    +
   43    55  0   0.0%   0.606 GC:3    +
   21    53  0   0.0%   0.611 UG:3    +
   23    98  0   0.0%   0.916 UG:3    +
   15    99  0   0.0%   0.650 GC:3    +
   12    39  0   0.0%   0.027 CG:3    +
   22    90  0   0.0%   1.613 GC:3    +
   11    40  0   0.0%   0.008 UG:3    +
   10    41  0   0.0%   0.044 UA:3    +
   21    98  0   0.0%   0.865 UG:3    +
   68    80  0   0.0%   1.341 UG:3    +
   22    52  0   0.0%   0.407 GC:3    +
   16    35  0   0.0%   0.040 GC:3    +
   15    36  0   0.0%   0.037 GC:3    +
   40    96  0   0.0%   0.235 GC:3    +
   39    97  0   0.0%   0.223 GC:3    +
   61    98  0   0.0%   0.707 CG:3    +
   13    94  0   0.0%   0.939 GU:3    +
   66    98  0   0.0%   1.194 CG:3    +
   15    27  0   0.0%   0.015 GC:3    +
   16    95  0   0.0%   1.044 GU:3    +
   34    40  0   0.0%   0.037 UG:3    +
   57    63  1   0.5%   0.872 CG:2    +
   45    62  1   0.4%   0.785 GC:2    +
   63    75  1   0.4%   1.039 GC:2    +
   52    63  1   0.2%   0.551 CG:2    +
   45    60  1   0.2%   0.482 GC:2    +
   45    83  1   0.2%   1.705 GC:2    +
   59    63  1   0.1%   1.028 CG:2    +
   63    78  1   0.1%   1.080 GC:2    +
   33    73  1   0.1%   0.749 UA:2    +
   13    33  1   0.1%   0.040 GU:2    +
   45    57  1   0.1%   0.473 GC:2    +
   54    63  1   0.0%   0.910 CG:2    +
    6    63  1   0.0%   0.028 CG:2    +
   63    90  1   0.0%   1.536 GC:2    +
   33    38  1   0.0%   0.439 UA:2    +
   33    70  1   0.0%   0.930 UG:2    +
    7    33  1   0.0%   0.055 GU:2    +
   55    63  1   0.0%   0.908 CG:2    +
   18    63  1   0.0%   0.463 CG:2    +
    5    63  1   0.0%   0.021 CG:2    +
   45    69  1   0.0%   1.860 GC:2    +
   63    79  1   0.0%   1.073 GC:2    +
   20    45  1   0.0%   0.014 CG:2    +
   45    52  1   0.0%   0.410 GC:2    +
   51    63  1   0.0%   0.510 CG:2    +
   33    74  1   0.0%   0.687 UA:2    +
   63    93  1   0.0%   1.159 GC:2    +
   28    33  1   0.0%   0.040 GU:2    +
   45    55  1   0.0%   0.652 GC:2    +
   63    85  1   0.0%   1.156 GC:2    +
   33    71  1   0.0%   0.839 UA:2    +
   45    59  1   0.0%   0.435 GC:2    +
    3    63  1   0.0%   0.037 CG:2    +
   20    63  1   0.0%   0.434 CG:2    +
   31    45  1   0.0%   0.424 CG:2    +
   63    97  1   0.0%   0.825 GC:2    +
   26    33  1   0.0%   0.011 AU:2    +
    9    33  1   0.0%   0.053 GU:2    +
   33    43  1   0.0%   0.695 UG:2    +
   14    33  1   0.0%   0.031 AU:2    +
   45    79  1   0.0%   1.591 GC:2    +
   63    83  1   0.0%   1.151 GC:2    +
   27    45  1   0.0%   0.692 CG:2    +
   45    75  1   0.0%   1.533 GC:2    +
   15    33  1   0.0%   0.044 GU:2    +
   18    45  1   0.0%   0.040 CG:2    +
   22    33  1   0.0%   0.038 GU:2    +
   63    82  1   0.0%   1.043 GC:2    +
   27    63  1   0.0%   0.424 CG:2    +
   45    54  1   0.0%   0.658 GC:2    +
   63    96  1   0.0%   0.836 GC:2    +
   63    99  1   0.0%   0.762 GC:2    +
   33    77  1   0.0%   0.663 UA:2    +
......(((((.((((((..((((..((((((.....))))))(((((((..........)))))))..))))......))))))))))).........
