3 sequence; length of alignment 34
alifold output
   10    26  0  76.2%   1.395 CG:3   
   11    25  0  75.3%   1.204 GC:3   
    6    30  0  73.3%   1.118 CG:3   
    5    31  0  73.0%   1.304 GC:3   
    9    27  1  71.3%   1.274 GU:2   
   14    22  0  56.2%   1.311 AU:3   
   13    23  0  50.0%   1.150 AU:3   
   16    20  1  15.2%   1.295 UA:2    +
    5    18  0   6.4%   0.574 GC:1    GU:2    +
    4    19  0   6.5%   0.552 CG:3    +
    8    15  0   6.0%   0.550 CG:3    +
   21    31  0   5.2%   1.341 GC:3    +
   22    30  0   5.1%   1.680 UG:3    +
    7    16  1   5.6%   0.516 GU:2    +
    3    20  0   4.7%   0.473 UA:3    +
   11    18  0   3.6%   0.697 GC:1    GU:2    +
   20    32  0   4.5%   0.961 AU:3    +
    8    30  0   4.3%   1.151 CG:3    +
    7    31  0   4.3%   1.327 GC:3    +
    6    26  0   4.3%   0.744 CG:3    +
   23    29  0   4.2%   0.840 UA:3    +
    7    25  0   4.1%   0.976 GC:3    +
   10    19  0   4.1%   0.863 CG:3    +
    5    27  0   4.1%   0.780 GU:3    +
   10    21  0   3.9%   0.895 CG:3    +
   10    15  0   3.9%   0.615 CG:3    +
    8    21  0   3.8%   0.682 CG:3    +
    7    22  0   3.5%   0.675 GU:3    +
    7    18  0   2.5%   0.640 GC:1    GU:2    +
    9    22  1   3.7%   0.721 GU:2    +
    5    25  0   3.0%   0.660 GC:3    +
    4    33  0   3.0%   0.768 CG:3    +
    4    26  0   2.9%   0.593 CG:3    +
    2    31  0   2.9%   0.453 GC:3    +
    3    30  0   2.7%   0.510 UG:3    +
    9    16  1   3.1%   0.538 GU:2    +
    6    19  0   2.5%   0.498 CG:3    +
   12    19  0   1.7%   0.662 UG:3    +
   15    24  0   1.6%   0.669 GC:3    +
    2    25  0   1.6%   0.269 GC:3    +
    9    17  0   0.6%   0.239 CG:1    GC:2    +
    1    33  0   1.5%   0.339 CG:3    +
    1    26  0   1.5%   0.258 CG:3    +
    6    33  0   1.4%   0.940 CG:3    +
    3    33  0   1.3%   0.531 UG:3    +
    5    34  0   1.2%   0.954 GU:3    +
   18    26  0   0.2%   1.056 CG:1    UG:2    +
   14    23  0   1.1%   0.841 AU:3    +
    8    26  0   1.1%   0.793 CG:3    +
    2    18  0   0.1%   0.068 GC:1    GU:2    +
    7    27  0   1.1%   0.824 GU:3    +
   13    22  0   1.1%   0.481 AU:3    +
   18    33  0   0.1%   0.775 CG:1    UG:2    +
    2    32  0   1.0%   0.389 GU:3    +
   18    30  0   0.0%   0.990 CG:1    UG:2    +
   15    22  0   1.0%   1.118 GU:3    +
    6    21  0   0.9%   0.311 CG:3    +
    5    22  0   0.9%   0.348 GU:3    +
   11    24  0   0.7%   0.333 GC:3    +
    5    32  0   0.6%   0.887 GU:3    +
    8    19  0   0.6%   0.552 CG:3    +
    4    21  0   0.6%   0.299 CG:3    +
    9    25  1   1.0%   0.763 GC:2    +
   13    18  1   1.0%   0.551 AU:2    +
    2    10  0   0.5%   0.100 GC:3    +
    1    11  0   0.5%   0.090 CG:3    +
    6    15  0   0.4%   0.088 CG:3    +
    1    21  0   0.4%   0.113 CG:3    +
    7    24  0   0.3%   0.475 GC:3    +
   15    23  0   0.3%   0.832 GU:3    +
    5    24  0   0.3%   0.318 GC:3    +
    2    34  0   0.3%   0.343 GU:3    +
    1    30  0   0.3%   0.178 CG:3    +
    2     8  0   0.2%   0.048 GC:3    +
    4    30  0   0.2%   0.478 CG:3    +
   19    25  0   0.2%   1.127 GC:3    +
    3     7  0   0.2%   0.043 UG:3    +
    6    11  0   0.2%   0.079 CG:3    +
   15    31  0   0.2%   0.977 GC:3    +
    5    12  0   0.2%   0.049 GU:3    +
   14    32  0   0.2%   0.507 AU:3    +
   10    30  0   0.2%   1.154 CG:3    +
    4    11  0   0.2%   0.058 CG:3    +
    5    10  0   0.2%   0.059 GC:3    +
    3    29  0   0.2%   0.224 UA:3    +
    2    24  0   0.1%   0.089 GC:3    +
    7    32  0   0.1%   0.833 GU:3    +
   12    21  0   0.1%   0.463 UG:3    +
   19    24  0   0.1%   0.686 GC:3    +
    3    28  0   0.1%   0.213 UA:3    +
    2    27  0   0.1%   0.160 GU:3    +
   25    30  0   0.1%   1.278 CG:3    +
    1    19  0   0.1%   0.064 CG:3    +
   11    23  0   0.1%   0.197 GU:3    +
   12    20  0   0.1%   0.245 UA:3    +
   25    33  0   0.1%   0.906 CG:3    +
    8    33  0   0.1%   0.825 CG:3    +
   15    25  0   0.1%   1.031 GC:3    +
    7    34  0   0.1%   0.819 GU:3    +
    2    22  0   0.1%   0.068 GU:3    +
   26    31  0   0.1%   1.232 GC:3    +
   26    32  0   0.1%   0.833 GU:3    +
   13    27  0   0.0%   0.881 AU:3    +
   21    25  0   0.0%   0.977 GC:3    +
   12    28  0   0.0%   0.118 UA:3    +
    2     6  0   0.0%   0.010 GC:3    +
    1     7  0   0.0%   0.009 CG:3    +
    1    15  0   0.0%   0.047 CG:3    +
   11    31  0   0.0%   0.914 GC:3    +
   19    27  0   0.0%   0.970 GU:3    +
   12    30  0   0.0%   0.611 UG:3    +
    2    23  0   0.0%   0.065 GU:3    +
    4    15  0   0.0%   0.020 CG:3    +
   23    28  0   0.0%   0.451 UA:3    +
    7    23  0   0.0%   0.399 GU:3    +
   22    29  0   0.0%   0.722 UA:3    +
   24    33  0   0.0%   0.459 CG:3    +
   20    27  0   0.0%   0.875 AU:3    +
   11    22  0   0.0%   0.461 GU:3    +
    3    13  0   0.0%   0.040 UA:3    +
   10    33  0   0.0%   0.933 CG:3    +
    3    14  0   0.0%   0.041 UA:3    +
   19    32  0   0.0%   0.641 GU:3    +
   11    27  0   0.0%   0.856 GU:3    +
   24    30  0   0.0%   0.831 CG:3    +
    2    12  0   0.0%   0.048 GU:3    +
   23    30  0   0.0%   1.234 UG:3    +
   19    34  0   0.0%   0.613 GU:3    +
   22    28  0   0.0%   0.722 UA:3    +
   27    33  0   0.0%   0.739 UG:3    +
   29    34  0   0.0%   0.224 AU:3    +
   28    32  0   0.0%   0.268 AU:3    +
    3    26  0   0.0%   0.249 UG:3    +
   11    32  0   0.0%   0.523 GU:3    +
   12    26  0   0.0%   0.659 UG:3    +
   19    31  0   0.0%   1.028 GC:3    +
    5    23  0   0.0%   0.262 GU:3    +
   15    27  0   0.0%   0.889 GU:3    +
   14    27  0   0.0%   0.810 AU:3    +
    3    21  0   0.0%   0.206 UG:3    +
   22    33  0   0.0%   1.155 UG:3    +
    1     5  0   0.0%   0.001 CG:3    +
   12    33  0   0.0%   0.396 UG:3    +
   12    29  0   0.0%   0.113 UA:3    +
    3    19  0   0.0%   0.047 UG:3    +
   21    27  0   0.0%   0.823 GU:3    +
   13    32  0   0.0%   0.539 AU:3    +
   19    23  0   0.0%   0.937 GU:3    +
   28    34  0   0.0%   0.096 AU:3    +
    7    12  0   0.0%   0.030 GU:3    +
   22    26  0   0.0%   1.278 UG:3    +
    3    15  0   0.0%   0.042 UG:3    +
   26    34  0   0.0%   0.658 GU:3    +
   30    34  0   0.0%   0.755 GU:3    +
   11    34  0   0.0%   0.507 GU:3    +
   20    34  0   0.0%   0.654 AU:3    +
   23    33  0   0.0%   0.859 UG:3    +
   21    34  0   0.0%   0.618 GU:3    +
   21    32  0   0.0%   0.785 GU:3    +
   13    34  0   0.0%   0.523 AU:3    +
   15    34  0   0.0%   0.547 GU:3    +
    3    11  0   0.0%   0.063 UG:3    +
   14    34  0   0.0%   0.467 AU:3    +
    3     9  1   0.4%   0.095 UG:2    +
   16    21  1   0.4%   0.992 UG:2    +
    5    16  1   0.3%   0.074 GU:2    +
    9    18  1   0.2%   0.493 GU:2    +
   16    30  1   0.2%   1.134 UG:2    +
    9    31  1   0.2%   1.107 GC:2    +
    1     9  1   0.2%   0.033 CG:2    +
   17    21  1   0.1%   0.436 CG:2    +
    9    23  1   0.1%   0.328 GU:2    +
    7    17  1   0.0%   0.190 GC:2    +
    9    24  1   0.0%   0.367 GC:2    +
   18    28  1   0.0%   0.490 UA:2    +
   14    18  1   0.0%   0.463 AU:2    +
   11    17  1   0.0%   0.092 GC:2    +
    9    32  1   0.0%   0.713 GU:2    +
    4     9  1   0.0%   0.038 CG:2    +
    5    17  1   0.0%   0.044 GC:2    +
    2    17  1   0.0%   0.049 GC:2    +
    9    34  1   0.0%   0.697 GU:2    +
   17    30  1   0.0%   0.563 CG:2    +
   17    26  1   0.0%   0.606 CG:2    +
   18    29  1   0.0%   0.485 UA:2    +
   11    16  1   0.0%   0.337 GU:2    +
   16    28  1   0.0%   0.608 UA:2    +
   17    33  1   0.0%   0.337 CG:2    +
   16    29  1   0.0%   0.605 UA:2    +
   16    33  1   0.0%   0.897 UG:2    +
    2    16  1   0.0%   0.046 GU:2    +
   16    26  1   0.0%   1.153 UG:2    +
....((..(((.((.......)).)))..))...
